using /opt/riscv-arch-test/riscof-plugins/rv64/riscof_work/I/src/sw-align-01.S/ref/Reference-sail_c_simulator.signature for test-signature output.
setting signature-granularity to 8 bytes
HTIF located at 0x80002000
begin_signature: 0x80004110
end_signature: 0x80004540
Entry point: 0x80000000
CSR mstatus (0x300) <- 0x0000000A00000000
CSR misa (0x301) <- 0x800000000034112F
CSR mcause (0x342) <- 0x0000000000000000
x10 <- 0x0000000000000000
x11 <- 0x0000000000001000
mem[X,0x0000000080000000] -> 0x0837
mem[X,0x0000000080000002] -> 0x7D5C
[0] [M]: 0x0000000080000000 (0x7D5C0837) lui x16, 0x7d5c0                           rvtest_init+0
x16 <- 0x000000007D5C0000

mem[X,0x0000000080000004] -> 0x0813
mem[X,0x0000000080000006] -> 0xDDB8
[1] [M]: 0x0000000080000004 (0xDDB80813) addi x16, x16, -0x225                      rvtest_init+4
x16 <- 0x000000007D5BFDDB

clint mtime 0x0000000000000001 (mip.MTI <- 0b1, mip.STI <- 0b0)
mem[X,0x0000000080000008] -> 0x1813
mem[X,0x000000008000000A] -> 0x00B8
[2] [M]: 0x0000000080000008 (0x00B81813) slli x16, x16, 0xb                         rvtest_init+8
x16 <- 0x000003EADFEED800

mem[X,0x000000008000000C] -> 0x0813
mem[X,0x000000008000000E] -> 0x3EA8
[3] [M]: 0x000000008000000C (0x3EA80813) addi x16, x16, 0x3ea                       rvtest_init+12
x16 <- 0x000003EADFEEDBEA

clint mtime 0x0000000000000002 (mip.MTI <- 0b1, mip.STI <- 0b0)
mem[X,0x0000000080000010] -> 0x1813
mem[X,0x0000000080000012] -> 0x00B8
[4] [M]: 0x0000000080000010 (0x00B81813) slli x16, x16, 0xb                         rvtest_init+16
x16 <- 0x001F56FF76DF5000

mem[X,0x0000000080000014] -> 0x0813
mem[X,0x0000000080000016] -> 0x6FF8
[5] [M]: 0x0000000080000014 (0x6FF80813) addi x16, x16, 0x6ff                       rvtest_init+20
x16 <- 0x001F56FF76DF56FF

clint mtime 0x0000000000000003 (mip.MTI <- 0b1, mip.STI <- 0b0)
mem[X,0x0000000080000018] -> 0x1813
mem[X,0x000000008000001A] -> 0x00A8
[6] [M]: 0x0000000080000018 (0x00A81813) slli x16, x16, 0xa                         rvtest_init+24
x16 <- 0x7D5BFDDB7D5BFC00

mem[X,0x000000008000001C] -> 0x0813
mem[X,0x000000008000001E] -> 0x1DB8
[7] [M]: 0x000000008000001C (0x1DB80813) addi x16, x16, 0x1db                       rvtest_init+28
x16 <- 0x7D5BFDDB7D5BFDDB

clint mtime 0x0000000000000004 (mip.MTI <- 0b1, mip.STI <- 0b0)
mem[X,0x0000000080000020] -> 0x5893
mem[X,0x0000000080000022] -> 0x0078
[8] [M]: 0x0000000080000020 (0x00785893) srli x17, x16, 0x7                         rvtest_init+32
x17 <- 0x00FAB7FBB6FAB7FB

mem[X,0x0000000080000024] -> 0x5793
mem[X,0x0000000080000026] -> 0x0398
[9] [M]: 0x0000000080000024 (0x03985793) srli x15, x16, 0x39                        rvtest_init+36
x15 <- 0x000000000000003E

clint mtime 0x0000000000000005 (mip.MTI <- 0b1, mip.STI <- 0b0)
mem[X,0x0000000080000028] -> 0xE8B3
mem[X,0x000000008000002A] -> 0x00F8
[10] [M]: 0x0000000080000028 (0x00F8E8B3) or x17, x17, x15                          rvtest_init+40
x17 <- 0x00FAB7FBB6FAB7FF

mem[X,0x000000008000002C] -> 0xD913
mem[X,0x000000008000002E] -> 0x0078
[11] [M]: 0x000000008000002C (0x0078D913) srli x18, x17, 0x7                        rvtest_init+44
x18 <- 0x0001F56FF76DF56F

clint mtime 0x0000000000000006 (mip.MTI <- 0b1, mip.STI <- 0b0)
mem[X,0x0000000080000030] -> 0xD793
mem[X,0x0000000080000032] -> 0x0398
[12] [M]: 0x0000000080000030 (0x0398D793) srli x15, x17, 0x39                       rvtest_init+48
x15 <- 0x0000000000000000

mem[X,0x0000000080000034] -> 0x6933
mem[X,0x0000000080000036] -> 0x00F9
[13] [M]: 0x0000000080000034 (0x00F96933) or x18, x18, x15                          rvtest_init+52
x18 <- 0x0001F56FF76DF56F

clint mtime 0x0000000000000007 (mip.MTI <- 0b1, mip.STI <- 0b0)
mem[X,0x0000000080000038] -> 0x5993
mem[X,0x000000008000003A] -> 0x0079
[14] [M]: 0x0000000080000038 (0x00795993) srli x19, x18, 0x7                        rvtest_init+56
x19 <- 0x000003EADFEEDBEA

mem[X,0x000000008000003C] -> 0x5793
mem[X,0x000000008000003E] -> 0x0399
[15] [M]: 0x000000008000003C (0x03995793) srli x15, x18, 0x39                       rvtest_init+60
x15 <- 0x0000000000000000

clint mtime 0x0000000000000008 (mip.MTI <- 0b1, mip.STI <- 0b0)
mem[X,0x0000000080000040] -> 0xE9B3
mem[X,0x0000000080000042] -> 0x00F9
[16] [M]: 0x0000000080000040 (0x00F9E9B3) or x19, x19, x15                          rvtest_init+64
x19 <- 0x000003EADFEEDBEA

mem[X,0x0000000080000044] -> 0xDA13
mem[X,0x0000000080000046] -> 0x0079
[17] [M]: 0x0000000080000044 (0x0079DA13) srli x20, x19, 0x7                        rvtest_init+68
x20 <- 0x00000007D5BFDDB7

clint mtime 0x0000000000000009 (mip.MTI <- 0b1, mip.STI <- 0b0)
mem[X,0x0000000080000048] -> 0xD793
mem[X,0x000000008000004A] -> 0x0399
[18] [M]: 0x0000000080000048 (0x0399D793) srli x15, x19, 0x39                       rvtest_init+72
x15 <- 0x0000000000000000

mem[X,0x000000008000004C] -> 0x6A33
mem[X,0x000000008000004E] -> 0x00FA
[19] [M]: 0x000000008000004C (0x00FA6A33) or x20, x20, x15                          rvtest_init+76
x20 <- 0x00000007D5BFDDB7

clint mtime 0x000000000000000A (mip.MTI <- 0b1, mip.STI <- 0b0)
mem[X,0x0000000080000050] -> 0x5A93
mem[X,0x0000000080000052] -> 0x007A
[20] [M]: 0x0000000080000050 (0x007A5A93) srli x21, x20, 0x7                        rvtest_init+80
x21 <- 0x000000000FAB7FBB

mem[X,0x0000000080000054] -> 0x5793
mem[X,0x0000000080000056] -> 0x039A
[21] [M]: 0x0000000080000054 (0x039A5793) srli x15, x20, 0x39                       rvtest_init+84
x15 <- 0x0000000000000000

clint mtime 0x000000000000000B (mip.MTI <- 0b1, mip.STI <- 0b0)
mem[X,0x0000000080000058] -> 0xEAB3
mem[X,0x000000008000005A] -> 0x00FA
[22] [M]: 0x0000000080000058 (0x00FAEAB3) or x21, x21, x15                          rvtest_init+88
x21 <- 0x000000000FAB7FBB

mem[X,0x000000008000005C] -> 0xDB13
mem[X,0x000000008000005E] -> 0x007A
[23] [M]: 0x000000008000005C (0x007ADB13) srli x22, x21, 0x7                        rvtest_init+92
x22 <- 0x00000000001F56FF

clint mtime 0x000000000000000C (mip.MTI <- 0b1, mip.STI <- 0b0)
mem[X,0x0000000080000060] -> 0xD793
mem[X,0x0000000080000062] -> 0x039A
[24] [M]: 0x0000000080000060 (0x039AD793) srli x15, x21, 0x39                       rvtest_init+96
x15 <- 0x0000000000000000

mem[X,0x0000000080000064] -> 0x6B33
mem[X,0x0000000080000066] -> 0x00FB
[25] [M]: 0x0000000080000064 (0x00FB6B33) or x22, x22, x15                          rvtest_init+100
x22 <- 0x00000000001F56FF

clint mtime 0x000000000000000D (mip.MTI <- 0b1, mip.STI <- 0b0)
mem[X,0x0000000080000068] -> 0x5B93
mem[X,0x000000008000006A] -> 0x007B
[26] [M]: 0x0000000080000068 (0x007B5B93) srli x23, x22, 0x7                        rvtest_init+104
x23 <- 0x0000000000003EAD

mem[X,0x000000008000006C] -> 0x5793
mem[X,0x000000008000006E] -> 0x039B
[27] [M]: 0x000000008000006C (0x039B5793) srli x15, x22, 0x39                       rvtest_init+108
x15 <- 0x0000000000000000

clint mtime 0x000000000000000E (mip.MTI <- 0b1, mip.STI <- 0b0)
mem[X,0x0000000080000070] -> 0xEBB3
mem[X,0x0000000080000072] -> 0x00FB
[28] [M]: 0x0000000080000070 (0x00FBEBB3) or x23, x23, x15                          rvtest_init+112
x23 <- 0x0000000000003EAD

mem[X,0x0000000080000074] -> 0xDC13
mem[X,0x0000000080000076] -> 0x007B
[29] [M]: 0x0000000080000074 (0x007BDC13) srli x24, x23, 0x7                        rvtest_init+116
x24 <- 0x000000000000007D

clint mtime 0x000000000000000F (mip.MTI <- 0b1, mip.STI <- 0b0)
mem[X,0x0000000080000078] -> 0xD793
mem[X,0x000000008000007A] -> 0x039B
[30] [M]: 0x0000000080000078 (0x039BD793) srli x15, x23, 0x39                       rvtest_init+120
x15 <- 0x0000000000000000

mem[X,0x000000008000007C] -> 0x6C33
mem[X,0x000000008000007E] -> 0x00FC
[31] [M]: 0x000000008000007C (0x00FC6C33) or x24, x24, x15                          rvtest_init+124
x24 <- 0x000000000000007D

clint mtime 0x0000000000000010 (mip.MTI <- 0b1, mip.STI <- 0b0)
mem[X,0x0000000080000080] -> 0x5C93
mem[X,0x0000000080000082] -> 0x007C
[32] [M]: 0x0000000080000080 (0x007C5C93) srli x25, x24, 0x7                        rvtest_init+128
x25 <- 0x0000000000000000

mem[X,0x0000000080000084] -> 0x5793
mem[X,0x0000000080000086] -> 0x039C
[33] [M]: 0x0000000080000084 (0x039C5793) srli x15, x24, 0x39                       rvtest_init+132
x15 <- 0x0000000000000000

clint mtime 0x0000000000000011 (mip.MTI <- 0b1, mip.STI <- 0b0)
mem[X,0x0000000080000088] -> 0xECB3
mem[X,0x000000008000008A] -> 0x00FC
[34] [M]: 0x0000000080000088 (0x00FCECB3) or x25, x25, x15                          rvtest_init+136
x25 <- 0x0000000000000000

mem[X,0x000000008000008C] -> 0xDD13
mem[X,0x000000008000008E] -> 0x007C
[35] [M]: 0x000000008000008C (0x007CDD13) srli x26, x25, 0x7                        rvtest_init+140
x26 <- 0x0000000000000000

clint mtime 0x0000000000000012 (mip.MTI <- 0b1, mip.STI <- 0b0)
mem[X,0x0000000080000090] -> 0xD793
mem[X,0x0000000080000092] -> 0x039C
[36] [M]: 0x0000000080000090 (0x039CD793) srli x15, x25, 0x39                       rvtest_init+144
x15 <- 0x0000000000000000

mem[X,0x0000000080000094] -> 0x6D33
mem[X,0x0000000080000096] -> 0x00FD
[37] [M]: 0x0000000080000094 (0x00FD6D33) or x26, x26, x15                          rvtest_init+148
x26 <- 0x0000000000000000

clint mtime 0x0000000000000013 (mip.MTI <- 0b1, mip.STI <- 0b0)
mem[X,0x0000000080000098] -> 0x5D93
mem[X,0x000000008000009A] -> 0x007D
[38] [M]: 0x0000000080000098 (0x007D5D93) srli x27, x26, 0x7                        rvtest_init+152
x27 <- 0x0000000000000000

mem[X,0x000000008000009C] -> 0x5793
mem[X,0x000000008000009E] -> 0x039D
[39] [M]: 0x000000008000009C (0x039D5793) srli x15, x26, 0x39                       rvtest_init+156
x15 <- 0x0000000000000000

clint mtime 0x0000000000000014 (mip.MTI <- 0b1, mip.STI <- 0b0)
mem[X,0x00000000800000A0] -> 0xEDB3
mem[X,0x00000000800000A2] -> 0x00FD
[40] [M]: 0x00000000800000A0 (0x00FDEDB3) or x27, x27, x15                          rvtest_init+160
x27 <- 0x0000000000000000

mem[X,0x00000000800000A4] -> 0xDE13
mem[X,0x00000000800000A6] -> 0x007D
[41] [M]: 0x00000000800000A4 (0x007DDE13) srli x28, x27, 0x7                        rvtest_init+164
x28 <- 0x0000000000000000

clint mtime 0x0000000000000015 (mip.MTI <- 0b1, mip.STI <- 0b0)
mem[X,0x00000000800000A8] -> 0xD793
mem[X,0x00000000800000AA] -> 0x039D
[42] [M]: 0x00000000800000A8 (0x039DD793) srli x15, x27, 0x39                       rvtest_init+168
x15 <- 0x0000000000000000

mem[X,0x00000000800000AC] -> 0x6E33
mem[X,0x00000000800000AE] -> 0x00FE
[43] [M]: 0x00000000800000AC (0x00FE6E33) or x28, x28, x15                          rvtest_init+172
x28 <- 0x0000000000000000

clint mtime 0x0000000000000016 (mip.MTI <- 0b1, mip.STI <- 0b0)
mem[X,0x00000000800000B0] -> 0x5E93
mem[X,0x00000000800000B2] -> 0x007E
[44] [M]: 0x00000000800000B0 (0x007E5E93) srli x29, x28, 0x7                        rvtest_init+176
x29 <- 0x0000000000000000

mem[X,0x00000000800000B4] -> 0x5793
mem[X,0x00000000800000B6] -> 0x039E
[45] [M]: 0x00000000800000B4 (0x039E5793) srli x15, x28, 0x39                       rvtest_init+180
x15 <- 0x0000000000000000

clint mtime 0x0000000000000017 (mip.MTI <- 0b1, mip.STI <- 0b0)
mem[X,0x00000000800000B8] -> 0xEEB3
mem[X,0x00000000800000BA] -> 0x00FE
[46] [M]: 0x00000000800000B8 (0x00FEEEB3) or x29, x29, x15                          rvtest_init+184
x29 <- 0x0000000000000000

mem[X,0x00000000800000BC] -> 0xDF13
mem[X,0x00000000800000BE] -> 0x007E
[47] [M]: 0x00000000800000BC (0x007EDF13) srli x30, x29, 0x7                        rvtest_init+188
x30 <- 0x0000000000000000

clint mtime 0x0000000000000018 (mip.MTI <- 0b1, mip.STI <- 0b0)
mem[X,0x00000000800000C0] -> 0xD793
mem[X,0x00000000800000C2] -> 0x039E
[48] [M]: 0x00000000800000C0 (0x039ED793) srli x15, x29, 0x39                       rvtest_init+192
x15 <- 0x0000000000000000

mem[X,0x00000000800000C4] -> 0x6F33
mem[X,0x00000000800000C6] -> 0x00FF
[49] [M]: 0x00000000800000C4 (0x00FF6F33) or x30, x30, x15                          rvtest_init+196
x30 <- 0x0000000000000000

clint mtime 0x0000000000000019 (mip.MTI <- 0b1, mip.STI <- 0b0)
mem[X,0x00000000800000C8] -> 0xC0B7
mem[X,0x00000000800000CA] -> 0xFEED
[50] [M]: 0x00000000800000C8 (0xFEEDC0B7) lui x1, -0x1124                           rvtest_init+200
x1 <- 0xFFFFFFFFFEEDC000

mem[X,0x00000000800000CC] -> 0x8093
mem[X,0x00000000800000CE] -> 0xEAD0
[51] [M]: 0x00000000800000CC (0xEAD08093) addi x1, x1, -0x153                       rvtest_init+204
x1 <- 0xFFFFFFFFFEEDBEAD

clint mtime 0x000000000000001A (mip.MTI <- 0b1, mip.STI <- 0b0)
mem[X,0x00000000800000D0] -> 0x9093
mem[X,0x00000000800000D2] -> 0x00B0
[52] [M]: 0x00000000800000D0 (0x00B09093) slli x1, x1, 0xb                          rvtest_init+208
x1 <- 0xFFFFFFF76DF56800

mem[X,0x00000000800000D4] -> 0x8093
mem[X,0x00000000800000D6] -> 0x7F70
[53] [M]: 0x00000000800000D4 (0x7F708093) addi x1, x1, 0x7f7                        rvtest_init+212
x1 <- 0xFFFFFFF76DF56FF7

clint mtime 0x000000000000001B (mip.MTI <- 0b1, mip.STI <- 0b0)
mem[X,0x00000000800000D8] -> 0x9093
mem[X,0x00000000800000DA] -> 0x00B0
[54] [M]: 0x00000000800000D8 (0x00B09093) slli x1, x1, 0xb                          rvtest_init+216
x1 <- 0xFFFFBB6FAB7FB800

mem[X,0x00000000800000DC] -> 0x8093
mem[X,0x00000000800000DE] -> 0x36F0
[55] [M]: 0x00000000800000DC (0x36F08093) addi x1, x1, 0x36f                        rvtest_init+220
x1 <- 0xFFFFBB6FAB7FBB6F

clint mtime 0x000000000000001C (mip.MTI <- 0b1, mip.STI <- 0b0)
mem[X,0x00000000800000E0] -> 0x9093
mem[X,0x00000000800000E2] -> 0x00A0
[56] [M]: 0x00000000800000E0 (0x00A09093) slli x1, x1, 0xa                          rvtest_init+224
x1 <- 0xFEEDBEADFEEDBC00

mem[X,0x00000000800000E4] -> 0x8093
mem[X,0x00000000800000E6] -> 0x2AD0
[57] [M]: 0x00000000800000E4 (0x2AD08093) addi x1, x1, 0x2ad                        rvtest_init+228
x1 <- 0xFEEDBEADFEEDBEAD

clint mtime 0x000000000000001D (mip.MTI <- 0b1, mip.STI <- 0b0)
mem[X,0x00000000800000E8] -> 0xD113
mem[X,0x00000000800000EA] -> 0x0070
[58] [M]: 0x00000000800000E8 (0x0070D113) srli x2, x1, 0x7                          rvtest_init+232
x2 <- 0x01FDDB7D5BFDDB7D

mem[X,0x00000000800000EC] -> 0xD793
mem[X,0x00000000800000EE] -> 0x0390
[59] [M]: 0x00000000800000EC (0x0390D793) srli x15, x1, 0x39                        rvtest_init+236
x15 <- 0x000000000000007F

clint mtime 0x000000000000001E (mip.MTI <- 0b1, mip.STI <- 0b0)
mem[X,0x00000000800000F0] -> 0x6133
mem[X,0x00000000800000F2] -> 0x00F1
[60] [M]: 0x00000000800000F0 (0x00F16133) or x2, x2, x15                            rvtest_init+240
x2 <- 0x01FDDB7D5BFDDB7F

mem[X,0x00000000800000F4] -> 0x5193
mem[X,0x00000000800000F6] -> 0x0071
[61] [M]: 0x00000000800000F4 (0x00715193) srli x3, x2, 0x7                          rvtest_init+244
x3 <- 0x0003FBB6FAB7FBB6

clint mtime 0x000000000000001F (mip.MTI <- 0b1, mip.STI <- 0b0)
mem[X,0x00000000800000F8] -> 0x5793
mem[X,0x00000000800000FA] -> 0x0391
[62] [M]: 0x00000000800000F8 (0x03915793) srli x15, x2, 0x39                        rvtest_init+248
x15 <- 0x0000000000000000

mem[X,0x00000000800000FC] -> 0xE1B3
mem[X,0x00000000800000FE] -> 0x00F1
[63] [M]: 0x00000000800000FC (0x00F1E1B3) or x3, x3, x15                            rvtest_init+252
x3 <- 0x0003FBB6FAB7FBB6

clint mtime 0x0000000000000020 (mip.MTI <- 0b1, mip.STI <- 0b0)
mem[X,0x0000000080000100] -> 0xD213
mem[X,0x0000000080000102] -> 0x0071
[64] [M]: 0x0000000080000100 (0x0071D213) srli x4, x3, 0x7                          rvtest_init+256
x4 <- 0x000007F76DF56FF7

mem[X,0x0000000080000104] -> 0xD793
mem[X,0x0000000080000106] -> 0x0391
[65] [M]: 0x0000000080000104 (0x0391D793) srli x15, x3, 0x39                        rvtest_init+260
x15 <- 0x0000000000000000

clint mtime 0x0000000000000021 (mip.MTI <- 0b1, mip.STI <- 0b0)
mem[X,0x0000000080000108] -> 0x6233
mem[X,0x000000008000010A] -> 0x00F2
[66] [M]: 0x0000000080000108 (0x00F26233) or x4, x4, x15                            rvtest_init+264
x4 <- 0x000007F76DF56FF7

mem[X,0x000000008000010C] -> 0x5293
mem[X,0x000000008000010E] -> 0x0072
[67] [M]: 0x000000008000010C (0x00725293) srli x5, x4, 0x7                          rvtest_init+268
x5 <- 0x0000000FEEDBEADF

clint mtime 0x0000000000000022 (mip.MTI <- 0b1, mip.STI <- 0b0)
mem[X,0x0000000080000110] -> 0x5793
mem[X,0x0000000080000112] -> 0x0392
[68] [M]: 0x0000000080000110 (0x03925793) srli x15, x4, 0x39                        rvtest_init+272
x15 <- 0x0000000000000000

mem[X,0x0000000080000114] -> 0xE2B3
mem[X,0x0000000080000116] -> 0x00F2
[69] [M]: 0x0000000080000114 (0x00F2E2B3) or x5, x5, x15                            rvtest_init+276
x5 <- 0x0000000FEEDBEADF

clint mtime 0x0000000000000023 (mip.MTI <- 0b1, mip.STI <- 0b0)
mem[X,0x0000000080000118] -> 0xD313
mem[X,0x000000008000011A] -> 0x0072
[70] [M]: 0x0000000080000118 (0x0072D313) srli x6, x5, 0x7                          rvtest_init+280
x6 <- 0x000000001FDDB7D5

mem[X,0x000000008000011C] -> 0xD793
mem[X,0x000000008000011E] -> 0x0392
[71] [M]: 0x000000008000011C (0x0392D793) srli x15, x5, 0x39                        rvtest_init+284
x15 <- 0x0000000000000000

clint mtime 0x0000000000000024 (mip.MTI <- 0b1, mip.STI <- 0b0)
mem[X,0x0000000080000120] -> 0x6333
mem[X,0x0000000080000122] -> 0x00F3
[72] [M]: 0x0000000080000120 (0x00F36333) or x6, x6, x15                            rvtest_init+288
x6 <- 0x000000001FDDB7D5

mem[X,0x0000000080000124] -> 0x5393
mem[X,0x0000000080000126] -> 0x0073
[73] [M]: 0x0000000080000124 (0x00735393) srli x7, x6, 0x7                          rvtest_init+292
x7 <- 0x00000000003FBB6F

clint mtime 0x0000000000000025 (mip.MTI <- 0b1, mip.STI <- 0b0)
mem[X,0x0000000080000128] -> 0x5793
mem[X,0x000000008000012A] -> 0x0393
[74] [M]: 0x0000000080000128 (0x03935793) srli x15, x6, 0x39                        rvtest_init+296
x15 <- 0x0000000000000000

mem[X,0x000000008000012C] -> 0xE3B3
mem[X,0x000000008000012E] -> 0x00F3
[75] [M]: 0x000000008000012C (0x00F3E3B3) or x7, x7, x15                            rvtest_init+300
x7 <- 0x00000000003FBB6F

clint mtime 0x0000000000000026 (mip.MTI <- 0b1, mip.STI <- 0b0)
mem[X,0x0000000080000130] -> 0xD413
mem[X,0x0000000080000132] -> 0x0073
[76] [M]: 0x0000000080000130 (0x0073D413) srli x8, x7, 0x7                          rvtest_init+304
x8 <- 0x0000000000007F76

mem[X,0x0000000080000134] -> 0xD793
mem[X,0x0000000080000136] -> 0x0393
[77] [M]: 0x0000000080000134 (0x0393D793) srli x15, x7, 0x39                        rvtest_init+308
x15 <- 0x0000000000000000

clint mtime 0x0000000000000027 (mip.MTI <- 0b1, mip.STI <- 0b0)
mem[X,0x0000000080000138] -> 0x6433
mem[X,0x000000008000013A] -> 0x00F4
[78] [M]: 0x0000000080000138 (0x00F46433) or x8, x8, x15                            rvtest_init+312
x8 <- 0x0000000000007F76

mem[X,0x000000008000013C] -> 0x5493
mem[X,0x000000008000013E] -> 0x0074
[79] [M]: 0x000000008000013C (0x00745493) srli x9, x8, 0x7                          rvtest_init+316
x9 <- 0x00000000000000FE

clint mtime 0x0000000000000028 (mip.MTI <- 0b1, mip.STI <- 0b0)
mem[X,0x0000000080000140] -> 0x5793
mem[X,0x0000000080000142] -> 0x0394
[80] [M]: 0x0000000080000140 (0x03945793) srli x15, x8, 0x39                        rvtest_init+320
x15 <- 0x0000000000000000

mem[X,0x0000000080000144] -> 0xE4B3
mem[X,0x0000000080000146] -> 0x00F4
[81] [M]: 0x0000000080000144 (0x00F4E4B3) or x9, x9, x15                            rvtest_init+324
x9 <- 0x00000000000000FE

clint mtime 0x0000000000000029 (mip.MTI <- 0b1, mip.STI <- 0b0)
mem[X,0x0000000080000148] -> 0xD513
mem[X,0x000000008000014A] -> 0x0074
[82] [M]: 0x0000000080000148 (0x0074D513) srli x10, x9, 0x7                         rvtest_init+328
x10 <- 0x0000000000000001

mem[X,0x000000008000014C] -> 0xD793
mem[X,0x000000008000014E] -> 0x0394
[83] [M]: 0x000000008000014C (0x0394D793) srli x15, x9, 0x39                        rvtest_init+332
x15 <- 0x0000000000000000

clint mtime 0x000000000000002A (mip.MTI <- 0b1, mip.STI <- 0b0)
mem[X,0x0000000080000150] -> 0x6533
mem[X,0x0000000080000152] -> 0x00F5
[84] [M]: 0x0000000080000150 (0x00F56533) or x10, x10, x15                          rvtest_init+336
x10 <- 0x0000000000000001

mem[X,0x0000000080000154] -> 0x5593
mem[X,0x0000000080000156] -> 0x0075
[85] [M]: 0x0000000080000154 (0x00755593) srli x11, x10, 0x7                        rvtest_init+340
x11 <- 0x0000000000000000

clint mtime 0x000000000000002B (mip.MTI <- 0b1, mip.STI <- 0b0)
mem[X,0x0000000080000158] -> 0x5793
mem[X,0x000000008000015A] -> 0x0395
[86] [M]: 0x0000000080000158 (0x03955793) srli x15, x10, 0x39                       rvtest_init+344
x15 <- 0x0000000000000000

mem[X,0x000000008000015C] -> 0xE5B3
mem[X,0x000000008000015E] -> 0x00F5
[87] [M]: 0x000000008000015C (0x00F5E5B3) or x11, x11, x15                          rvtest_init+348
x11 <- 0x0000000000000000

clint mtime 0x000000000000002C (mip.MTI <- 0b1, mip.STI <- 0b0)
mem[X,0x0000000080000160] -> 0xD613
mem[X,0x0000000080000162] -> 0x0075
[88] [M]: 0x0000000080000160 (0x0075D613) srli x12, x11, 0x7                        rvtest_init+352
x12 <- 0x0000000000000000

mem[X,0x0000000080000164] -> 0xD793
mem[X,0x0000000080000166] -> 0x0395
[89] [M]: 0x0000000080000164 (0x0395D793) srli x15, x11, 0x39                       rvtest_init+356
x15 <- 0x0000000000000000

clint mtime 0x000000000000002D (mip.MTI <- 0b1, mip.STI <- 0b0)
mem[X,0x0000000080000168] -> 0x6633
mem[X,0x000000008000016A] -> 0x00F6
[90] [M]: 0x0000000080000168 (0x00F66633) or x12, x12, x15                          rvtest_init+360
x12 <- 0x0000000000000000

mem[X,0x000000008000016C] -> 0x5693
mem[X,0x000000008000016E] -> 0x0076
[91] [M]: 0x000000008000016C (0x00765693) srli x13, x12, 0x7                        rvtest_init+364
x13 <- 0x0000000000000000

clint mtime 0x000000000000002E (mip.MTI <- 0b1, mip.STI <- 0b0)
mem[X,0x0000000080000170] -> 0x5793
mem[X,0x0000000080000172] -> 0x0396
[92] [M]: 0x0000000080000170 (0x03965793) srli x15, x12, 0x39                       rvtest_init+368
x15 <- 0x0000000000000000

mem[X,0x0000000080000174] -> 0xE6B3
mem[X,0x0000000080000176] -> 0x00F6
[93] [M]: 0x0000000080000174 (0x00F6E6B3) or x13, x13, x15                          rvtest_init+372
x13 <- 0x0000000000000000

clint mtime 0x000000000000002F (mip.MTI <- 0b1, mip.STI <- 0b0)
mem[X,0x0000000080000178] -> 0x0013
mem[X,0x000000008000017A] -> 0x0000
[94] [M]: 0x0000000080000178 (0x00000013) addi x0, x0, 0x0                          rvtest_code_begin+0

mem[X,0x000000008000017C] -> 0x0013
mem[X,0x000000008000017E] -> 0x0000
[95] [M]: 0x000000008000017C (0x00000013) addi x0, x0, 0x0                          rvtest_code_begin+4

clint mtime 0x0000000000000030 (mip.MTI <- 0b1, mip.STI <- 0b0)
mem[X,0x0000000080000180] -> 0x4297
mem[X,0x0000000080000182] -> 0x0000
[96] [M]: 0x0000000080000180 (0x00004297) auipc x5, 0x4                             rvtest_code_begin+8
x5 <- 0x0000000080004180

mem[X,0x0000000080000184] -> 0x8293
mem[X,0x0000000080000186] -> 0xF982
[97] [M]: 0x0000000080000184 (0xF9828293) addi x5, x5, -0x68                        rvtest_code_begin+12
x5 <- 0x0000000080004118

clint mtime 0x0000000000000031 (mip.MTI <- 0b1, mip.STI <- 0b0)
mem[X,0x0000000080000188] -> 0x0013
mem[X,0x000000008000018A] -> 0x0000
[98] [M]: 0x0000000080000188 (0x00000013) addi x0, x0, 0x0                          rvtest_code_begin+16

mem[X,0x000000008000018C] -> 0x0013
mem[X,0x000000008000018E] -> 0x0000
[99] [M]: 0x000000008000018C (0x00000013) addi x0, x0, 0x0                          rvtest_code_begin+20

clint mtime 0x0000000000000032 (mip.MTI <- 0b1, mip.STI <- 0b0)
mem[X,0x0000000080000190] -> 0x0013
mem[X,0x0000000080000192] -> 0x0000
[100] [M]: 0x0000000080000190 (0x00000013) addi x0, x0, 0x0                         rvtest_code_begin+24

mem[X,0x0000000080000194] -> 0x0013
mem[X,0x0000000080000196] -> 0x0000
[101] [M]: 0x0000000080000194 (0x00000013) addi x0, x0, 0x0                         rvtest_code_begin+28

clint mtime 0x0000000000000033 (mip.MTI <- 0b1, mip.STI <- 0b0)
mem[X,0x0000000080000198] -> 0x0013
mem[X,0x000000008000019A] -> 0x0000
[102] [M]: 0x0000000080000198 (0x00000013) addi x0, x0, 0x0                         rvtest_code_begin+32

mem[X,0x000000008000019C] -> 0x0013
mem[X,0x000000008000019E] -> 0x0000
[103] [M]: 0x000000008000019C (0x00000013) addi x0, x0, 0x0                         rvtest_code_begin+36

clint mtime 0x0000000000000034 (mip.MTI <- 0b1, mip.STI <- 0b0)
mem[X,0x00000000800001A0] -> 0x0D13
mem[X,0x00000000800001A2] -> 0xFFF0
[104] [M]: 0x00000000800001A0 (0xFFF00D13) addi x26, x0, -0x1                       inst_0+0
x26 <- 0xFFFFFFFFFFFFFFFF

mem[X,0x00000000800001A4] -> 0x1D13
mem[X,0x00000000800001A6] -> 0x03FD
[105] [M]: 0x00000000800001A4 (0x03FD1D13) slli x26, x26, 0x3f                      inst_0+4
x26 <- 0x8000000000000000

clint mtime 0x0000000000000035 (mip.MTI <- 0b1, mip.STI <- 0b0)
mem[X,0x00000000800001A8] -> 0x8593
mem[X,0x00000000800001AA] -> 0x0002
[106] [M]: 0x00000000800001A8 (0x00028593) addi x11, x5, 0x0                        inst_0+8
x11 <- 0x0000000080004118

mem[X,0x00000000800001AC] -> 0x0613
mem[X,0x00000000800001AE] -> 0xFF80
[107] [M]: 0x00000000800001AC (0xFF800613) addi x12, x0, -0x8                       inst_0+12
x12 <- 0xFFFFFFFFFFFFFFF8

clint mtime 0x0000000000000036 (mip.MTI <- 0b1, mip.STI <- 0b0)
mem[X,0x00000000800001B0] -> 0x85B3
mem[X,0x00000000800001B2] -> 0x40C5
[108] [M]: 0x00000000800001B0 (0x40C585B3) sub x11, x11, x12                        inst_0+16
x11 <- 0x0000000080004120

mem[X,0x00000000800001B4] -> 0xAC23
mem[X,0x00000000800001B6] -> 0xFFA5
[109] [M]: 0x00000000800001B4 (0xFFA5AC23) sw x26, -0x8(x11)                        inst_0+20
mem[W,0x0000000080004118] <- 0x00000000

clint mtime 0x0000000000000037 (mip.MTI <- 0b1, mip.STI <- 0b0)
mem[X,0x00000000800001B8] -> 0x0013
mem[X,0x00000000800001BA] -> 0x0000
[110] [M]: 0x00000000800001B8 (0x00000013) addi x0, x0, 0x0                         inst_0+24

mem[X,0x00000000800001BC] -> 0x0013
mem[X,0x00000000800001BE] -> 0x0000
[111] [M]: 0x00000000800001BC (0x00000013) addi x0, x0, 0x0                         inst_0+28

clint mtime 0x0000000000000038 (mip.MTI <- 0b1, mip.STI <- 0b0)
mem[X,0x00000000800001C0] -> 0x0893
mem[X,0x00000000800001C2] -> 0x0000
[112] [M]: 0x00000000800001C0 (0x00000893) addi x17, x0, 0x0                        inst_1+0
x17 <- 0x0000000000000000

mem[X,0x00000000800001C4] -> 0x8393
mem[X,0x00000000800001C6] -> 0x0082
[113] [M]: 0x00000000800001C4 (0x00828393) addi x7, x5, 0x8                         inst_1+4
x7 <- 0x0000000080004120

clint mtime 0x0000000000000039 (mip.MTI <- 0b1, mip.STI <- 0b0)
mem[X,0x00000000800001C8] -> 0x0613
mem[X,0x00000000800001CA] -> 0x2000
[114] [M]: 0x00000000800001C8 (0x20000613) addi x12, x0, 0x200                      inst_1+8
x12 <- 0x0000000000000200

mem[X,0x00000000800001CC] -> 0x83B3
mem[X,0x00000000800001CE] -> 0x40C3
[115] [M]: 0x00000000800001CC (0x40C383B3) sub x7, x7, x12                          inst_1+12
x7 <- 0x0000000080003F20

clint mtime 0x000000000000003A (mip.MTI <- 0b1, mip.STI <- 0b0)
mem[X,0x00000000800001D0] -> 0xA023
mem[X,0x00000000800001D2] -> 0x2113
[116] [M]: 0x00000000800001D0 (0x2113A023) sw x17, 0x200(x7)                        inst_1+16
mem[W,0x0000000080004120] <- 0x00000000

mem[X,0x00000000800001D4] -> 0x0013
mem[X,0x00000000800001D6] -> 0x0000
[117] [M]: 0x00000000800001D4 (0x00000013) addi x0, x0, 0x0                         inst_1+20

clint mtime 0x000000000000003B (mip.MTI <- 0b1, mip.STI <- 0b0)
mem[X,0x00000000800001D8] -> 0x0013
mem[X,0x00000000800001DA] -> 0x0000
[118] [M]: 0x00000000800001D8 (0x00000013) addi x0, x0, 0x0                         inst_1+24

mem[X,0x00000000800001DC] -> 0x0313
mem[X,0x00000000800001DE] -> 0xFFF0
[119] [M]: 0x00000000800001DC (0xFFF00313) addi x6, x0, -0x1                        inst_2+0
x6 <- 0xFFFFFFFFFFFFFFFF

clint mtime 0x000000000000003C (mip.MTI <- 0b1, mip.STI <- 0b0)
mem[X,0x00000000800001E0] -> 0x5313
mem[X,0x00000000800001E2] -> 0x0013
[120] [M]: 0x00000000800001E0 (0x00135313) srli x6, x6, 0x1                         inst_2+4
x6 <- 0x7FFFFFFFFFFFFFFF

mem[X,0x00000000800001E4] -> 0x8113
mem[X,0x00000000800001E6] -> 0x0102
[121] [M]: 0x00000000800001E4 (0x01028113) addi x2, x5, 0x10                        inst_2+8
x2 <- 0x0000000080004128

clint mtime 0x000000000000003D (mip.MTI <- 0b1, mip.STI <- 0b0)
mem[X,0x00000000800001E8] -> 0x0613
mem[X,0x00000000800001EA] -> 0xFF80
[122] [M]: 0x00000000800001E8 (0xFF800613) addi x12, x0, -0x8                       inst_2+12
x12 <- 0xFFFFFFFFFFFFFFF8

mem[X,0x00000000800001EC] -> 0x0133
mem[X,0x00000000800001EE] -> 0x40C1
[123] [M]: 0x00000000800001EC (0x40C10133) sub x2, x2, x12                          inst_2+16
x2 <- 0x0000000080004130

clint mtime 0x000000000000003E (mip.MTI <- 0b1, mip.STI <- 0b0)
mem[X,0x00000000800001F0] -> 0x2C23
mem[X,0x00000000800001F2] -> 0xFE61
[124] [M]: 0x00000000800001F0 (0xFE612C23) sw x6, -0x8(x2)                          inst_2+20
mem[W,0x0000000080004128] <- 0xFFFFFFFF

mem[X,0x00000000800001F4] -> 0x0013
mem[X,0x00000000800001F6] -> 0x0000
[125] [M]: 0x00000000800001F4 (0x00000013) addi x0, x0, 0x0                         inst_2+24

clint mtime 0x000000000000003F (mip.MTI <- 0b1, mip.STI <- 0b0)
mem[X,0x00000000800001F8] -> 0x0013
mem[X,0x00000000800001FA] -> 0x0000
[126] [M]: 0x00000000800001F8 (0x00000013) addi x0, x0, 0x0                         inst_2+28

mem[X,0x00000000800001FC] -> 0x0493
mem[X,0x00000000800001FE] -> 0x0010
[127] [M]: 0x00000000800001FC (0x00100493) addi x9, x0, 0x1                         inst_3+0
x9 <- 0x0000000000000001

clint mtime 0x0000000000000040 (mip.MTI <- 0b1, mip.STI <- 0b0)
mem[X,0x0000000080000200] -> 0x8793
mem[X,0x0000000080000202] -> 0x0182
[128] [M]: 0x0000000080000200 (0x01828793) addi x15, x5, 0x18                       inst_3+4
x15 <- 0x0000000080004130

mem[X,0x0000000080000204] -> 0x0613
mem[X,0x0000000080000206] -> 0x5550
[129] [M]: 0x0000000080000204 (0x55500613) addi x12, x0, 0x555                      inst_3+8
x12 <- 0x0000000000000555

clint mtime 0x0000000000000041 (mip.MTI <- 0b1, mip.STI <- 0b0)
mem[X,0x0000000080000208] -> 0x87B3
mem[X,0x000000008000020A] -> 0x40C7
[130] [M]: 0x0000000080000208 (0x40C787B3) sub x15, x15, x12                        inst_3+12
x15 <- 0x0000000080003BDB

mem[X,0x000000008000020C] -> 0xAAA3
mem[X,0x000000008000020E] -> 0x5497
[131] [M]: 0x000000008000020C (0x5497AAA3) sw x9, 0x555(x15)                        inst_3+16
mem[W,0x0000000080004130] <- 0x00000001

clint mtime 0x0000000000000042 (mip.MTI <- 0b1, mip.STI <- 0b0)
mem[X,0x0000000080000210] -> 0x0013
mem[X,0x0000000080000212] -> 0x0000
[132] [M]: 0x0000000080000210 (0x00000013) addi x0, x0, 0x0                         inst_3+20

mem[X,0x0000000080000214] -> 0x0013
mem[X,0x0000000080000216] -> 0x0000
[133] [M]: 0x0000000080000214 (0x00000013) addi x0, x0, 0x0                         inst_3+24

clint mtime 0x0000000000000043 (mip.MTI <- 0b1, mip.STI <- 0b0)
mem[X,0x0000000080000218] -> 0x0713
mem[X,0x000000008000021A] -> 0xFDF0
[134] [M]: 0x0000000080000218 (0xFDF00713) addi x14, x0, -0x21                      inst_4+0
x14 <- 0xFFFFFFFFFFFFFFDF

mem[X,0x000000008000021C] -> 0x8893
mem[X,0x000000008000021E] -> 0x0202
[135] [M]: 0x000000008000021C (0x02028893) addi x17, x5, 0x20                       inst_4+4
x17 <- 0x0000000080004138

clint mtime 0x0000000000000044 (mip.MTI <- 0b1, mip.STI <- 0b0)
mem[X,0x0000000080000220] -> 0x0613
mem[X,0x0000000080000222] -> 0xFFA0
[136] [M]: 0x0000000080000220 (0xFFA00613) addi x12, x0, -0x6                       inst_4+8
x12 <- 0xFFFFFFFFFFFFFFFA

mem[X,0x0000000080000224] -> 0x88B3
mem[X,0x0000000080000226] -> 0x40C8
[137] [M]: 0x0000000080000224 (0x40C888B3) sub x17, x17, x12                        inst_4+12
x17 <- 0x000000008000413E

clint mtime 0x0000000000000045 (mip.MTI <- 0b1, mip.STI <- 0b0)
mem[X,0x0000000080000228] -> 0xAD23
mem[X,0x000000008000022A] -> 0xFEE8
[138] [M]: 0x0000000080000228 (0xFEE8AD23) sw x14, -0x6(x17)                        inst_4+16
mem[W,0x0000000080004138] <- 0xFFFFFFDF

mem[X,0x000000008000022C] -> 0x0013
mem[X,0x000000008000022E] -> 0x0000
[139] [M]: 0x000000008000022C (0x00000013) addi x0, x0, 0x0                         inst_4+20

clint mtime 0x0000000000000046 (mip.MTI <- 0b1, mip.STI <- 0b0)
mem[X,0x0000000080000230] -> 0x0013
mem[X,0x0000000080000232] -> 0x0000
[140] [M]: 0x0000000080000230 (0x00000013) addi x0, x0, 0x0                         inst_4+24

mem[X,0x0000000080000234] -> 0x0D93
mem[X,0x0000000080000236] -> 0x0010
[141] [M]: 0x0000000080000234 (0x00100D93) addi x27, x0, 0x1                        inst_5+0
x27 <- 0x0000000000000001

clint mtime 0x0000000000000047 (mip.MTI <- 0b1, mip.STI <- 0b0)
mem[X,0x0000000080000238] -> 0x9D93
mem[X,0x000000008000023A] -> 0x039D
[142] [M]: 0x0000000080000238 (0x039D9D93) slli x27, x27, 0x39                      inst_5+4
x27 <- 0x0200000000000000

mem[X,0x000000008000023C] -> 0x8E93
mem[X,0x000000008000023E] -> 0x0282
[143] [M]: 0x000000008000023C (0x02828E93) addi x29, x5, 0x28                       inst_5+8
x29 <- 0x0000000080004140

clint mtime 0x0000000000000048 (mip.MTI <- 0b1, mip.STI <- 0b0)
mem[X,0x0000000080000240] -> 0x0613
mem[X,0x0000000080000242] -> 0xFF70
[144] [M]: 0x0000000080000240 (0xFF700613) addi x12, x0, -0x9                       inst_5+12
x12 <- 0xFFFFFFFFFFFFFFF7

mem[X,0x0000000080000244] -> 0x8EB3
mem[X,0x0000000080000246] -> 0x40CE
[145] [M]: 0x0000000080000244 (0x40CE8EB3) sub x29, x29, x12                        inst_5+16
x29 <- 0x0000000080004149

clint mtime 0x0000000000000049 (mip.MTI <- 0b1, mip.STI <- 0b0)
mem[X,0x0000000080000248] -> 0xABA3
mem[X,0x000000008000024A] -> 0xFFBE
[146] [M]: 0x0000000080000248 (0xFFBEABA3) sw x27, -0x9(x29)                        inst_5+20
mem[W,0x0000000080004140] <- 0x00000000

mem[X,0x000000008000024C] -> 0x0013
mem[X,0x000000008000024E] -> 0x0000
[147] [M]: 0x000000008000024C (0x00000013) addi x0, x0, 0x0                         inst_5+24

clint mtime 0x000000000000004A (mip.MTI <- 0b1, mip.STI <- 0b0)
mem[X,0x0000000080000250] -> 0x0013
mem[X,0x0000000080000252] -> 0x0000
[148] [M]: 0x0000000080000250 (0x00000013) addi x0, x0, 0x0                         inst_5+28

mem[X,0x0000000080000254] -> 0x0C93
mem[X,0x0000000080000256] -> 0x0020
[149] [M]: 0x0000000080000254 (0x00200C93) addi x25, x0, 0x2                        inst_6+0
x25 <- 0x0000000000000002

clint mtime 0x000000000000004B (mip.MTI <- 0b1, mip.STI <- 0b0)
mem[X,0x0000000080000258] -> 0x8F93
mem[X,0x000000008000025A] -> 0x0302
[150] [M]: 0x0000000080000258 (0x03028F93) addi x31, x5, 0x30                       inst_6+4
x31 <- 0x0000000080004148

mem[X,0x000000008000025C] -> 0x0613
mem[X,0x000000008000025E] -> 0x0000
[151] [M]: 0x000000008000025C (0x00000613) addi x12, x0, 0x0                        inst_6+8
x12 <- 0x0000000000000000

clint mtime 0x000000000000004C (mip.MTI <- 0b1, mip.STI <- 0b0)
mem[X,0x0000000080000260] -> 0x8FB3
mem[X,0x0000000080000262] -> 0x40CF
[152] [M]: 0x0000000080000260 (0x40CF8FB3) sub x31, x31, x12                        inst_6+12
x31 <- 0x0000000080004148

mem[X,0x0000000080000264] -> 0xA023
mem[X,0x0000000080000266] -> 0x019F
[153] [M]: 0x0000000080000264 (0x019FA023) sw x25, 0x0(x31)                         inst_6+16
mem[W,0x0000000080004148] <- 0x00000002

clint mtime 0x000000000000004D (mip.MTI <- 0b1, mip.STI <- 0b0)
mem[X,0x0000000080000268] -> 0x0013
mem[X,0x000000008000026A] -> 0x0000
[154] [M]: 0x0000000080000268 (0x00000013) addi x0, x0, 0x0                         inst_6+20

mem[X,0x000000008000026C] -> 0x0013
mem[X,0x000000008000026E] -> 0x0000
[155] [M]: 0x000000008000026C (0x00000013) addi x0, x0, 0x0                         inst_6+24

clint mtime 0x000000000000004E (mip.MTI <- 0b1, mip.STI <- 0b0)
mem[X,0x0000000080000270] -> 0x0993
mem[X,0x0000000080000272] -> 0x0040
[156] [M]: 0x0000000080000270 (0x00400993) addi x19, x0, 0x4                        inst_7+0
x19 <- 0x0000000000000004

mem[X,0x0000000080000274] -> 0x8D13
mem[X,0x0000000080000276] -> 0x0382
[157] [M]: 0x0000000080000274 (0x03828D13) addi x26, x5, 0x38                       inst_7+4
x26 <- 0x0000000080004150

clint mtime 0x000000000000004F (mip.MTI <- 0b1, mip.STI <- 0b0)
mem[X,0x0000000080000278] -> 0x0613
mem[X,0x000000008000027A] -> 0x7FF0
[158] [M]: 0x0000000080000278 (0x7FF00613) addi x12, x0, 0x7ff                      inst_7+8
x12 <- 0x00000000000007FF

mem[X,0x000000008000027C] -> 0x0D33
mem[X,0x000000008000027E] -> 0x40CD
[159] [M]: 0x000000008000027C (0x40CD0D33) sub x26, x26, x12                        inst_7+12
x26 <- 0x0000000080003951

clint mtime 0x0000000000000050 (mip.MTI <- 0b1, mip.STI <- 0b0)
mem[X,0x0000000080000280] -> 0x2FA3
mem[X,0x0000000080000282] -> 0x7F3D
[160] [M]: 0x0000000080000280 (0x7F3D2FA3) sw x19, 0x7ff(x26)                       inst_7+16
mem[W,0x0000000080004150] <- 0x00000004

mem[X,0x0000000080000284] -> 0x0013
mem[X,0x0000000080000286] -> 0x0000
[161] [M]: 0x0000000080000284 (0x00000013) addi x0, x0, 0x0                         inst_7+20

clint mtime 0x0000000000000051 (mip.MTI <- 0b1, mip.STI <- 0b0)
mem[X,0x0000000080000288] -> 0x0013
mem[X,0x000000008000028A] -> 0x0000
[162] [M]: 0x0000000080000288 (0x00000013) addi x0, x0, 0x0                         inst_7+24

mem[X,0x000000008000028C] -> 0x0E93
mem[X,0x000000008000028E] -> 0x0080
[163] [M]: 0x000000008000028C (0x00800E93) addi x29, x0, 0x8                        inst_8+0
x29 <- 0x0000000000000008

clint mtime 0x0000000000000052 (mip.MTI <- 0b1, mip.STI <- 0b0)
mem[X,0x0000000080000290] -> 0x8C13
mem[X,0x0000000080000292] -> 0x0402
[164] [M]: 0x0000000080000290 (0x04028C13) addi x24, x5, 0x40                       inst_8+4
x24 <- 0x0000000080004158

mem[X,0x0000000080000294] -> 0x0613
mem[X,0x0000000080000296] -> 0xFEF0
[165] [M]: 0x0000000080000294 (0xFEF00613) addi x12, x0, -0x11                      inst_8+8
x12 <- 0xFFFFFFFFFFFFFFEF

clint mtime 0x0000000000000053 (mip.MTI <- 0b1, mip.STI <- 0b0)
mem[X,0x0000000080000298] -> 0x0C33
mem[X,0x000000008000029A] -> 0x40CC
[166] [M]: 0x0000000080000298 (0x40CC0C33) sub x24, x24, x12                        inst_8+12
x24 <- 0x0000000080004169

mem[X,0x000000008000029C] -> 0x27A3
mem[X,0x000000008000029E] -> 0xFFDC
[167] [M]: 0x000000008000029C (0xFFDC27A3) sw x29, -0x11(x24)                       inst_8+16
mem[W,0x0000000080004158] <- 0x00000008

clint mtime 0x0000000000000054 (mip.MTI <- 0b1, mip.STI <- 0b0)
mem[X,0x00000000800002A0] -> 0x0013
mem[X,0x00000000800002A2] -> 0x0000
[168] [M]: 0x00000000800002A0 (0x00000013) addi x0, x0, 0x0                         inst_8+20

mem[X,0x00000000800002A4] -> 0x0013
mem[X,0x00000000800002A6] -> 0x0000
[169] [M]: 0x00000000800002A4 (0x00000013) addi x0, x0, 0x0                         inst_8+24

clint mtime 0x0000000000000055 (mip.MTI <- 0b1, mip.STI <- 0b0)
mem[X,0x00000000800002A8] -> 0x0093
mem[X,0x00000000800002AA] -> 0x0100
[170] [M]: 0x00000000800002A8 (0x01000093) addi x1, x0, 0x10                        inst_9+0
x1 <- 0x0000000000000010

mem[X,0x00000000800002AC] -> 0x8A93
mem[X,0x00000000800002AE] -> 0x0482
[171] [M]: 0x00000000800002AC (0x04828A93) addi x21, x5, 0x48                       inst_9+4
x21 <- 0x0000000080004160

clint mtime 0x0000000000000056 (mip.MTI <- 0b1, mip.STI <- 0b0)
mem[X,0x00000000800002B0] -> 0x0613
mem[X,0x00000000800002B2] -> 0xDFF0
[172] [M]: 0x00000000800002B0 (0xDFF00613) addi x12, x0, -0x201                     inst_9+8
x12 <- 0xFFFFFFFFFFFFFDFF

mem[X,0x00000000800002B4] -> 0x8AB3
mem[X,0x00000000800002B6] -> 0x40CA
[173] [M]: 0x00000000800002B4 (0x40CA8AB3) sub x21, x21, x12                        inst_9+12
x21 <- 0x0000000080004361

clint mtime 0x0000000000000057 (mip.MTI <- 0b1, mip.STI <- 0b0)
mem[X,0x00000000800002B8] -> 0xAFA3
mem[X,0x00000000800002BA] -> 0xDE1A
[174] [M]: 0x00000000800002B8 (0xDE1AAFA3) sw x1, -0x201(x21)                       inst_9+16
mem[W,0x0000000080004160] <- 0x00000010

mem[X,0x00000000800002BC] -> 0x0013
mem[X,0x00000000800002BE] -> 0x0000
[175] [M]: 0x00000000800002BC (0x00000013) addi x0, x0, 0x0                         inst_9+20

clint mtime 0x0000000000000058 (mip.MTI <- 0b1, mip.STI <- 0b0)
mem[X,0x00000000800002C0] -> 0x0013
mem[X,0x00000000800002C2] -> 0x0000
[176] [M]: 0x00000000800002C0 (0x00000013) addi x0, x0, 0x0                         inst_9+24

mem[X,0x00000000800002C4] -> 0x0213
mem[X,0x00000000800002C6] -> 0x0200
[177] [M]: 0x00000000800002C4 (0x02000213) addi x4, x0, 0x20                        inst_10+0
x4 <- 0x0000000000000020

clint mtime 0x0000000000000059 (mip.MTI <- 0b1, mip.STI <- 0b0)
mem[X,0x00000000800002C8] -> 0x8B93
mem[X,0x00000000800002CA] -> 0x0502
[178] [M]: 0x00000000800002C8 (0x05028B93) addi x23, x5, 0x50                       inst_10+4
x23 <- 0x0000000080004168

mem[X,0x00000000800002CC] -> 0x0613
mem[X,0x00000000800002CE] -> 0x0000
[179] [M]: 0x00000000800002CC (0x00000613) addi x12, x0, 0x0                        inst_10+8
x12 <- 0x0000000000000000

clint mtime 0x000000000000005A (mip.MTI <- 0b1, mip.STI <- 0b0)
mem[X,0x00000000800002D0] -> 0x8BB3
mem[X,0x00000000800002D2] -> 0x40CB
[180] [M]: 0x00000000800002D0 (0x40CB8BB3) sub x23, x23, x12                        inst_10+12
x23 <- 0x0000000080004168

mem[X,0x00000000800002D4] -> 0xA023
mem[X,0x00000000800002D6] -> 0x004B
[181] [M]: 0x00000000800002D4 (0x004BA023) sw x4, 0x0(x23)                          inst_10+16
mem[W,0x0000000080004168] <- 0x00000020

clint mtime 0x000000000000005B (mip.MTI <- 0b1, mip.STI <- 0b0)
mem[X,0x00000000800002D8] -> 0x0013
mem[X,0x00000000800002DA] -> 0x0000
[182] [M]: 0x00000000800002D8 (0x00000013) addi x0, x0, 0x0                         inst_10+20

mem[X,0x00000000800002DC] -> 0x0013
mem[X,0x00000000800002DE] -> 0x0000
[183] [M]: 0x00000000800002DC (0x00000013) addi x0, x0, 0x0                         inst_10+24

clint mtime 0x000000000000005C (mip.MTI <- 0b1, mip.STI <- 0b0)
mem[X,0x00000000800002E0] -> 0x0113
mem[X,0x00000000800002E2] -> 0x0400
[184] [M]: 0x00000000800002E0 (0x04000113) addi x2, x0, 0x40                        inst_11+0
x2 <- 0x0000000000000040

mem[X,0x00000000800002E4] -> 0x8E13
mem[X,0x00000000800002E6] -> 0x0582
[185] [M]: 0x00000000800002E4 (0x05828E13) addi x28, x5, 0x58                       inst_11+4
x28 <- 0x0000000080004170

clint mtime 0x000000000000005D (mip.MTI <- 0b1, mip.STI <- 0b0)
mem[X,0x00000000800002E8] -> 0x0613
mem[X,0x00000000800002EA] -> 0x8000
[186] [M]: 0x00000000800002E8 (0x80000613) addi x12, x0, -0x800                     inst_11+8
x12 <- 0xFFFFFFFFFFFFF800

mem[X,0x00000000800002EC] -> 0x0E33
mem[X,0x00000000800002EE] -> 0x40CE
[187] [M]: 0x00000000800002EC (0x40CE0E33) sub x28, x28, x12                        inst_11+12
x28 <- 0x0000000080004970

clint mtime 0x000000000000005E (mip.MTI <- 0b1, mip.STI <- 0b0)
mem[X,0x00000000800002F0] -> 0x2023
mem[X,0x00000000800002F2] -> 0x802E
[188] [M]: 0x00000000800002F0 (0x802E2023) sw x2, -0x800(x28)                       inst_11+16
mem[W,0x0000000080004170] <- 0x00000040

mem[X,0x00000000800002F4] -> 0x0013
mem[X,0x00000000800002F6] -> 0x0000
[189] [M]: 0x00000000800002F4 (0x00000013) addi x0, x0, 0x0                         inst_11+20

clint mtime 0x000000000000005F (mip.MTI <- 0b1, mip.STI <- 0b0)
mem[X,0x00000000800002F8] -> 0x0013
mem[X,0x00000000800002FA] -> 0x0000
[190] [M]: 0x00000000800002F8 (0x00000013) addi x0, x0, 0x0                         inst_11+24

mem[X,0x00000000800002FC] -> 0x0813
mem[X,0x00000000800002FE] -> 0x0800
[191] [M]: 0x00000000800002FC (0x08000813) addi x16, x0, 0x80                       inst_12+0
x16 <- 0x0000000000000080

clint mtime 0x0000000000000060 (mip.MTI <- 0b1, mip.STI <- 0b0)
mem[X,0x0000000080000300] -> 0x8193
mem[X,0x0000000080000302] -> 0x0602
[192] [M]: 0x0000000080000300 (0x06028193) addi x3, x5, 0x60                        inst_12+4
x3 <- 0x0000000080004178

mem[X,0x0000000080000304] -> 0x0613
mem[X,0x0000000080000306] -> 0x0060
[193] [M]: 0x0000000080000304 (0x00600613) addi x12, x0, 0x6                        inst_12+8
x12 <- 0x0000000000000006

clint mtime 0x0000000000000061 (mip.MTI <- 0b1, mip.STI <- 0b0)
mem[X,0x0000000080000308] -> 0x81B3
mem[X,0x000000008000030A] -> 0x40C1
[194] [M]: 0x0000000080000308 (0x40C181B3) sub x3, x3, x12                          inst_12+12
x3 <- 0x0000000080004172

mem[X,0x000000008000030C] -> 0xA323
mem[X,0x000000008000030E] -> 0x0101
[195] [M]: 0x000000008000030C (0x0101A323) sw x16, 0x6(x3)                          inst_12+16
mem[W,0x0000000080004178] <- 0x00000080

clint mtime 0x0000000000000062 (mip.MTI <- 0b1, mip.STI <- 0b0)
mem[X,0x0000000080000310] -> 0x0013
mem[X,0x0000000080000312] -> 0x0000
[196] [M]: 0x0000000080000310 (0x00000013) addi x0, x0, 0x0                         inst_12+20

mem[X,0x0000000080000314] -> 0x0013
mem[X,0x0000000080000316] -> 0x0000
[197] [M]: 0x0000000080000314 (0x00000013) addi x0, x0, 0x0                         inst_12+24

clint mtime 0x0000000000000063 (mip.MTI <- 0b1, mip.STI <- 0b0)
mem[X,0x0000000080000318] -> 0x0A93
mem[X,0x000000008000031A] -> 0x1000
[198] [M]: 0x0000000080000318 (0x10000A93) addi x21, x0, 0x100                      inst_13+0
x21 <- 0x0000000000000100

mem[X,0x000000008000031C] -> 0x8713
mem[X,0x000000008000031E] -> 0x0682
[199] [M]: 0x000000008000031C (0x06828713) addi x14, x5, 0x68                       inst_13+4
x14 <- 0x0000000080004180

clint mtime 0x0000000000000064 (mip.MTI <- 0b1, mip.STI <- 0b0)
mem[X,0x0000000080000320] -> 0x0613
mem[X,0x0000000080000322] -> 0xEFF0
[200] [M]: 0x0000000080000320 (0xEFF00613) addi x12, x0, -0x101                     inst_13+8
x12 <- 0xFFFFFFFFFFFFFEFF

mem[X,0x0000000080000324] -> 0x0733
mem[X,0x0000000080000326] -> 0x40C7
[201] [M]: 0x0000000080000324 (0x40C70733) sub x14, x14, x12                        inst_13+12
x14 <- 0x0000000080004281

clint mtime 0x0000000000000065 (mip.MTI <- 0b1, mip.STI <- 0b0)
mem[X,0x0000000080000328] -> 0x2FA3
mem[X,0x000000008000032A] -> 0xEF57
[202] [M]: 0x0000000080000328 (0xEF572FA3) sw x21, -0x101(x14)                      inst_13+16
mem[W,0x0000000080004180] <- 0x00000100

mem[X,0x000000008000032C] -> 0x0013
mem[X,0x000000008000032E] -> 0x0000
[203] [M]: 0x000000008000032C (0x00000013) addi x0, x0, 0x0                         inst_13+20

clint mtime 0x0000000000000066 (mip.MTI <- 0b1, mip.STI <- 0b0)
mem[X,0x0000000080000330] -> 0x0013
mem[X,0x0000000080000332] -> 0x0000
[204] [M]: 0x0000000080000330 (0x00000013) addi x0, x0, 0x0                         inst_13+24

mem[X,0x0000000080000334] -> 0x0513
mem[X,0x0000000080000336] -> 0x2000
[205] [M]: 0x0000000080000334 (0x20000513) addi x10, x0, 0x200                      inst_14+0
x10 <- 0x0000000000000200

clint mtime 0x0000000000000067 (mip.MTI <- 0b1, mip.STI <- 0b0)
mem[X,0x0000000080000338] -> 0x8813
mem[X,0x000000008000033A] -> 0x0702
[206] [M]: 0x0000000080000338 (0x07028813) addi x16, x5, 0x70                       inst_14+4
x16 <- 0x0000000080004188

mem[X,0x000000008000033C] -> 0x0613
mem[X,0x000000008000033E] -> 0x8000
[207] [M]: 0x000000008000033C (0x80000613) addi x12, x0, -0x800                     inst_14+8
x12 <- 0xFFFFFFFFFFFFF800

clint mtime 0x0000000000000068 (mip.MTI <- 0b1, mip.STI <- 0b0)
mem[X,0x0000000080000340] -> 0x0833
mem[X,0x0000000080000342] -> 0x40C8
[208] [M]: 0x0000000080000340 (0x40C80833) sub x16, x16, x12                        inst_14+12
x16 <- 0x0000000080004988

mem[X,0x0000000080000344] -> 0x2023
mem[X,0x0000000080000346] -> 0x80A8
[209] [M]: 0x0000000080000344 (0x80A82023) sw x10, -0x800(x16)                      inst_14+16
mem[W,0x0000000080004188] <- 0x00000200

clint mtime 0x0000000000000069 (mip.MTI <- 0b1, mip.STI <- 0b0)
mem[X,0x0000000080000348] -> 0x0013
mem[X,0x000000008000034A] -> 0x0000
[210] [M]: 0x0000000080000348 (0x00000013) addi x0, x0, 0x0                         inst_14+20

mem[X,0x000000008000034C] -> 0x0013
mem[X,0x000000008000034E] -> 0x0000
[211] [M]: 0x000000008000034C (0x00000013) addi x0, x0, 0x0                         inst_14+24

clint mtime 0x000000000000006A (mip.MTI <- 0b1, mip.STI <- 0b0)
mem[X,0x0000000080000350] -> 0x0F93
mem[X,0x0000000080000352] -> 0x4000
[212] [M]: 0x0000000080000350 (0x40000F93) addi x31, x0, 0x400                      inst_15+0
x31 <- 0x0000000000000400

mem[X,0x0000000080000354] -> 0x8693
mem[X,0x0000000080000356] -> 0x0782
[213] [M]: 0x0000000080000354 (0x07828693) addi x13, x5, 0x78                       inst_15+4
x13 <- 0x0000000080004190

clint mtime 0x000000000000006B (mip.MTI <- 0b1, mip.STI <- 0b0)
mem[X,0x0000000080000358] -> 0x0613
mem[X,0x000000008000035A] -> 0x0000
[214] [M]: 0x0000000080000358 (0x00000613) addi x12, x0, 0x0                        inst_15+8
x12 <- 0x0000000000000000

mem[X,0x000000008000035C] -> 0x86B3
mem[X,0x000000008000035E] -> 0x40C6
[215] [M]: 0x000000008000035C (0x40C686B3) sub x13, x13, x12                        inst_15+12
x13 <- 0x0000000080004190

clint mtime 0x000000000000006C (mip.MTI <- 0b1, mip.STI <- 0b0)
mem[X,0x0000000080000360] -> 0xA023
mem[X,0x0000000080000362] -> 0x01F6
[216] [M]: 0x0000000080000360 (0x01F6A023) sw x31, 0x0(x13)                         inst_15+16
mem[W,0x0000000080004190] <- 0x00000400

mem[X,0x0000000080000364] -> 0x0013
mem[X,0x0000000080000366] -> 0x0000
[217] [M]: 0x0000000080000364 (0x00000013) addi x0, x0, 0x0                         inst_15+20

clint mtime 0x000000000000006D (mip.MTI <- 0b1, mip.STI <- 0b0)
mem[X,0x0000000080000368] -> 0x0013
mem[X,0x000000008000036A] -> 0x0000
[218] [M]: 0x0000000080000368 (0x00000013) addi x0, x0, 0x0                         inst_15+24

mem[X,0x000000008000036C] -> 0x0413
mem[X,0x000000008000036E] -> 0x0010
[219] [M]: 0x000000008000036C (0x00100413) addi x8, x0, 0x1                         inst_16+0
x8 <- 0x0000000000000001

clint mtime 0x000000000000006E (mip.MTI <- 0b1, mip.STI <- 0b0)
mem[X,0x0000000080000370] -> 0x1413
mem[X,0x0000000080000372] -> 0x00B4
[220] [M]: 0x0000000080000370 (0x00B41413) slli x8, x8, 0xb                         inst_16+4
x8 <- 0x0000000000000800

mem[X,0x0000000080000374] -> 0x8513
mem[X,0x0000000080000376] -> 0x0802
[221] [M]: 0x0000000080000374 (0x08028513) addi x10, x5, 0x80                       inst_16+8
x10 <- 0x0000000080004198

clint mtime 0x000000000000006F (mip.MTI <- 0b1, mip.STI <- 0b0)
mem[X,0x0000000080000378] -> 0x0613
mem[X,0x000000008000037A] -> 0xFFF0
[222] [M]: 0x0000000080000378 (0xFFF00613) addi x12, x0, -0x1                       inst_16+12
x12 <- 0xFFFFFFFFFFFFFFFF

mem[X,0x000000008000037C] -> 0x0533
mem[X,0x000000008000037E] -> 0x40C5
[223] [M]: 0x000000008000037C (0x40C50533) sub x10, x10, x12                        inst_16+16
x10 <- 0x0000000080004199

clint mtime 0x0000000000000070 (mip.MTI <- 0b1, mip.STI <- 0b0)
mem[X,0x0000000080000380] -> 0x2FA3
mem[X,0x0000000080000382] -> 0xFE85
[224] [M]: 0x0000000080000380 (0xFE852FA3) sw x8, -0x1(x10)                         inst_16+20
mem[W,0x0000000080004198] <- 0x00000800

mem[X,0x0000000080000384] -> 0x0013
mem[X,0x0000000080000386] -> 0x0000
[225] [M]: 0x0000000080000384 (0x00000013) addi x0, x0, 0x0                         inst_16+24

clint mtime 0x0000000000000071 (mip.MTI <- 0b1, mip.STI <- 0b0)
mem[X,0x0000000080000388] -> 0x0013
mem[X,0x000000008000038A] -> 0x0000
[226] [M]: 0x0000000080000388 (0x00000013) addi x0, x0, 0x0                         inst_16+28

mem[X,0x000000008000038C] -> 0x0E13
mem[X,0x000000008000038E] -> 0x0010
[227] [M]: 0x000000008000038C (0x00100E13) addi x28, x0, 0x1                        inst_17+0
x28 <- 0x0000000000000001

clint mtime 0x0000000000000072 (mip.MTI <- 0b1, mip.STI <- 0b0)
mem[X,0x0000000080000390] -> 0x1E13
mem[X,0x0000000080000392] -> 0x00CE
[228] [M]: 0x0000000080000390 (0x00CE1E13) slli x28, x28, 0xc                       inst_17+4
x28 <- 0x0000000000001000

mem[X,0x0000000080000394] -> 0x8F13
mem[X,0x0000000080000396] -> 0x0882
[229] [M]: 0x0000000080000394 (0x08828F13) addi x30, x5, 0x88                       inst_17+8
x30 <- 0x00000000800041A0

clint mtime 0x0000000000000073 (mip.MTI <- 0b1, mip.STI <- 0b0)
mem[X,0x0000000080000398] -> 0x0613
mem[X,0x000000008000039A] -> 0x5550
[230] [M]: 0x0000000080000398 (0x55500613) addi x12, x0, 0x555                      inst_17+12
x12 <- 0x0000000000000555

mem[X,0x000000008000039C] -> 0x0F33
mem[X,0x000000008000039E] -> 0x40CF
[231] [M]: 0x000000008000039C (0x40CF0F33) sub x30, x30, x12                        inst_17+16
x30 <- 0x0000000080003C4B

clint mtime 0x0000000000000074 (mip.MTI <- 0b1, mip.STI <- 0b0)
mem[X,0x00000000800003A0] -> 0x2AA3
mem[X,0x00000000800003A2] -> 0x55CF
[232] [M]: 0x00000000800003A0 (0x55CF2AA3) sw x28, 0x555(x30)                       inst_17+20
mem[W,0x00000000800041A0] <- 0x00001000

mem[X,0x00000000800003A4] -> 0x0013
mem[X,0x00000000800003A6] -> 0x0000
[233] [M]: 0x00000000800003A4 (0x00000013) addi x0, x0, 0x0                         inst_17+24

clint mtime 0x0000000000000075 (mip.MTI <- 0b1, mip.STI <- 0b0)
mem[X,0x00000000800003A8] -> 0x0013
mem[X,0x00000000800003AA] -> 0x0000
[234] [M]: 0x00000000800003A8 (0x00000013) addi x0, x0, 0x0                         inst_17+28

mem[X,0x00000000800003AC] -> 0x0A13
mem[X,0x00000000800003AE] -> 0x0010
[235] [M]: 0x00000000800003AC (0x00100A13) addi x20, x0, 0x1                        inst_18+0
x20 <- 0x0000000000000001

clint mtime 0x0000000000000076 (mip.MTI <- 0b1, mip.STI <- 0b0)
mem[X,0x00000000800003B0] -> 0x1A13
mem[X,0x00000000800003B2] -> 0x00DA
[236] [M]: 0x00000000800003B0 (0x00DA1A13) slli x20, x20, 0xd                       inst_18+4
x20 <- 0x0000000000002000

mem[X,0x00000000800003B4] -> 0x8493
mem[X,0x00000000800003B6] -> 0x0902
[237] [M]: 0x00000000800003B4 (0x09028493) addi x9, x5, 0x90                        inst_18+8
x9 <- 0x00000000800041A8

clint mtime 0x0000000000000077 (mip.MTI <- 0b1, mip.STI <- 0b0)
mem[X,0x00000000800003B8] -> 0x0613
mem[X,0x00000000800003BA] -> 0x0800
[238] [M]: 0x00000000800003B8 (0x08000613) addi x12, x0, 0x80                       inst_18+12
x12 <- 0x0000000000000080

mem[X,0x00000000800003BC] -> 0x84B3
mem[X,0x00000000800003BE] -> 0x40C4
[239] [M]: 0x00000000800003BC (0x40C484B3) sub x9, x9, x12                          inst_18+16
x9 <- 0x0000000080004128

clint mtime 0x0000000000000078 (mip.MTI <- 0b1, mip.STI <- 0b0)
mem[X,0x00000000800003C0] -> 0xA023
mem[X,0x00000000800003C2] -> 0x0944
[240] [M]: 0x00000000800003C0 (0x0944A023) sw x20, 0x80(x9)                         inst_18+20
mem[W,0x00000000800041A8] <- 0x00002000

mem[X,0x00000000800003C4] -> 0x0013
mem[X,0x00000000800003C6] -> 0x0000
[241] [M]: 0x00000000800003C4 (0x00000013) addi x0, x0, 0x0                         inst_18+24

clint mtime 0x0000000000000079 (mip.MTI <- 0b1, mip.STI <- 0b0)
mem[X,0x00000000800003C8] -> 0x0013
mem[X,0x00000000800003CA] -> 0x0000
[242] [M]: 0x00000000800003C8 (0x00000013) addi x0, x0, 0x0                         inst_18+28

mem[X,0x00000000800003CC] -> 0x0B93
mem[X,0x00000000800003CE] -> 0x0010
[243] [M]: 0x00000000800003CC (0x00100B93) addi x23, x0, 0x1                        inst_19+0
x23 <- 0x0000000000000001

clint mtime 0x000000000000007A (mip.MTI <- 0b1, mip.STI <- 0b0)
mem[X,0x00000000800003D0] -> 0x9B93
mem[X,0x00000000800003D2] -> 0x00EB
[244] [M]: 0x00000000800003D0 (0x00EB9B93) slli x23, x23, 0xe                       inst_19+4
x23 <- 0x0000000000004000

mem[X,0x00000000800003D4] -> 0x8913
mem[X,0x00000000800003D6] -> 0x0982
[245] [M]: 0x00000000800003D4 (0x09828913) addi x18, x5, 0x98                       inst_19+8
x18 <- 0x00000000800041B0

clint mtime 0x000000000000007B (mip.MTI <- 0b1, mip.STI <- 0b0)
mem[X,0x00000000800003D8] -> 0x0493
mem[X,0x00000000800003DA] -> 0x8000
[246] [M]: 0x00000000800003D8 (0x80000493) addi x9, x0, -0x800                      inst_19+12
x9 <- 0xFFFFFFFFFFFFF800

mem[X,0x00000000800003DC] -> 0x0933
mem[X,0x00000000800003DE] -> 0x4099
[247] [M]: 0x00000000800003DC (0x40990933) sub x18, x18, x9                         inst_19+16
x18 <- 0x00000000800049B0

clint mtime 0x000000000000007C (mip.MTI <- 0b1, mip.STI <- 0b0)
mem[X,0x00000000800003E0] -> 0x2023
mem[X,0x00000000800003E2] -> 0x8179
[248] [M]: 0x00000000800003E0 (0x81792023) sw x23, -0x800(x18)                      inst_19+20
mem[W,0x00000000800041B0] <- 0x00004000

mem[X,0x00000000800003E4] -> 0x0013
mem[X,0x00000000800003E6] -> 0x0000
[249] [M]: 0x00000000800003E4 (0x00000013) addi x0, x0, 0x0                         inst_19+24

clint mtime 0x000000000000007D (mip.MTI <- 0b1, mip.STI <- 0b0)
mem[X,0x00000000800003E8] -> 0x0013
mem[X,0x00000000800003EA] -> 0x0000
[250] [M]: 0x00000000800003E8 (0x00000013) addi x0, x0, 0x0                         inst_19+28

mem[X,0x00000000800003EC] -> 0x0013
mem[X,0x00000000800003EE] -> 0x0000
[251] [M]: 0x00000000800003EC (0x00000013) addi x0, x0, 0x0                         inst_19+32

clint mtime 0x000000000000007E (mip.MTI <- 0b1, mip.STI <- 0b0)
mem[X,0x00000000800003F0] -> 0x0013
mem[X,0x00000000800003F2] -> 0x0000
[252] [M]: 0x00000000800003F0 (0x00000013) addi x0, x0, 0x0                         inst_19+36

mem[X,0x00000000800003F4] -> 0x0013
mem[X,0x00000000800003F6] -> 0x0000
[253] [M]: 0x00000000800003F4 (0x00000013) addi x0, x0, 0x0                         inst_19+40

clint mtime 0x000000000000007F (mip.MTI <- 0b1, mip.STI <- 0b0)
mem[X,0x00000000800003F8] -> 0x0013
mem[X,0x00000000800003FA] -> 0x0000
[254] [M]: 0x00000000800003F8 (0x00000013) addi x0, x0, 0x0                         inst_19+44

mem[X,0x00000000800003FC] -> 0x0013
mem[X,0x00000000800003FE] -> 0x0000
[255] [M]: 0x00000000800003FC (0x00000013) addi x0, x0, 0x0                         inst_19+48

clint mtime 0x0000000000000080 (mip.MTI <- 0b1, mip.STI <- 0b0)
mem[X,0x0000000080000400] -> 0x4117
mem[X,0x0000000080000402] -> 0x0000
[256] [M]: 0x0000000080000400 (0x00004117) auipc x2, 0x4                            inst_19+52
x2 <- 0x0000000080004400

mem[X,0x0000000080000404] -> 0x0113
mem[X,0x0000000080000406] -> 0xDB81
[257] [M]: 0x0000000080000404 (0xDB810113) addi x2, x2, -0x248                      inst_19+56
x2 <- 0x00000000800041B8

clint mtime 0x0000000000000081 (mip.MTI <- 0b1, mip.STI <- 0b0)
mem[X,0x0000000080000408] -> 0x0001
[258] [M]: 0x0000000080000408 (0x0001) c.nop                                        inst_19+60

mem[X,0x000000008000040A] -> 0x0013
mem[X,0x000000008000040C] -> 0x0000
[259] [M]: 0x000000008000040A (0x00000013) addi x0, x0, 0x0                         inst_19+62

clint mtime 0x0000000000000082 (mip.MTI <- 0b1, mip.STI <- 0b0)
mem[X,0x000000008000040E] -> 0x0013
mem[X,0x0000000080000410] -> 0x0000
[260] [M]: 0x000000008000040E (0x00000013) addi x0, x0, 0x0                         inst_19+66

mem[X,0x0000000080000412] -> 0x0013
mem[X,0x0000000080000414] -> 0x0000
[261] [M]: 0x0000000080000412 (0x00000013) addi x0, x0, 0x0                         inst_19+70

clint mtime 0x0000000000000083 (mip.MTI <- 0b1, mip.STI <- 0b0)
mem[X,0x0000000080000416] -> 0x0013
mem[X,0x0000000080000418] -> 0x0000
[262] [M]: 0x0000000080000416 (0x00000013) addi x0, x0, 0x0                         inst_19+74

mem[X,0x000000008000041A] -> 0x0013
mem[X,0x000000008000041C] -> 0x0000
[263] [M]: 0x000000008000041A (0x00000013) addi x0, x0, 0x0                         inst_19+78

clint mtime 0x0000000000000084 (mip.MTI <- 0b1, mip.STI <- 0b0)
mem[X,0x000000008000041E] -> 0x0001
[264] [M]: 0x000000008000041E (0x0001) c.nop                                        inst_19+82

mem[X,0x0000000080000420] -> 0x0193
mem[X,0x0000000080000422] -> 0x0010
[265] [M]: 0x0000000080000420 (0x00100193) addi x3, x0, 0x1                         inst_20+0
x3 <- 0x0000000000000001

clint mtime 0x0000000000000085 (mip.MTI <- 0b1, mip.STI <- 0b0)
mem[X,0x0000000080000424] -> 0x9193
mem[X,0x0000000080000426] -> 0x00F1
[266] [M]: 0x0000000080000424 (0x00F19193) slli x3, x3, 0xf                         inst_20+4
x3 <- 0x0000000000008000

mem[X,0x0000000080000428] -> 0x0213
mem[X,0x000000008000042A] -> 0x0001
[267] [M]: 0x0000000080000428 (0x00010213) addi x4, x2, 0x0                         inst_20+8
x4 <- 0x00000000800041B8

clint mtime 0x0000000000000086 (mip.MTI <- 0b1, mip.STI <- 0b0)
mem[X,0x000000008000042C] -> 0x0493
mem[X,0x000000008000042E] -> 0x0050
[268] [M]: 0x000000008000042C (0x00500493) addi x9, x0, 0x5                         inst_20+12
x9 <- 0x0000000000000005

mem[X,0x0000000080000430] -> 0x0233
mem[X,0x0000000080000432] -> 0x4092
[269] [M]: 0x0000000080000430 (0x40920233) sub x4, x4, x9                           inst_20+16
x4 <- 0x00000000800041B3

clint mtime 0x0000000000000087 (mip.MTI <- 0b1, mip.STI <- 0b0)
mem[X,0x0000000080000434] -> 0x22A3
mem[X,0x0000000080000436] -> 0x0032
[270] [M]: 0x0000000080000434 (0x003222A3) sw x3, 0x5(x4)                           inst_20+20
mem[W,0x00000000800041B8] <- 0x00008000

mem[X,0x0000000080000438] -> 0x0013
mem[X,0x000000008000043A] -> 0x0000
[271] [M]: 0x0000000080000438 (0x00000013) addi x0, x0, 0x0                         inst_20+24

clint mtime 0x0000000000000088 (mip.MTI <- 0b1, mip.STI <- 0b0)
mem[X,0x000000008000043C] -> 0x0013
mem[X,0x000000008000043E] -> 0x0000
[272] [M]: 0x000000008000043C (0x00000013) addi x0, x0, 0x0                         inst_20+28

mem[X,0x0000000080000440] -> 0x0613
mem[X,0x0000000080000442] -> 0x0010
[273] [M]: 0x0000000080000440 (0x00100613) addi x12, x0, 0x1                        inst_21+0
x12 <- 0x0000000000000001

clint mtime 0x0000000000000089 (mip.MTI <- 0b1, mip.STI <- 0b0)
mem[X,0x0000000080000444] -> 0x1613
mem[X,0x0000000080000446] -> 0x0106
[274] [M]: 0x0000000080000444 (0x01061613) slli x12, x12, 0x10                      inst_21+4
x12 <- 0x0000000000010000

mem[X,0x0000000080000448] -> 0x0413
mem[X,0x000000008000044A] -> 0x0081
[275] [M]: 0x0000000080000448 (0x00810413) addi x8, x2, 0x8                         inst_21+8
x8 <- 0x00000000800041C0

clint mtime 0x000000000000008A (mip.MTI <- 0b1, mip.STI <- 0b0)
mem[X,0x000000008000044C] -> 0x0493
mem[X,0x000000008000044E] -> 0xFFD0
[276] [M]: 0x000000008000044C (0xFFD00493) addi x9, x0, -0x3                        inst_21+12
x9 <- 0xFFFFFFFFFFFFFFFD

mem[X,0x0000000080000450] -> 0x0433
mem[X,0x0000000080000452] -> 0x4094
[277] [M]: 0x0000000080000450 (0x40940433) sub x8, x8, x9                           inst_21+16
x8 <- 0x00000000800041C3

clint mtime 0x000000000000008B (mip.MTI <- 0b1, mip.STI <- 0b0)
mem[X,0x0000000080000454] -> 0x2EA3
mem[X,0x0000000080000456] -> 0xFEC4
[278] [M]: 0x0000000080000454 (0xFEC42EA3) sw x12, -0x3(x8)                         inst_21+20
mem[W,0x00000000800041C0] <- 0x00010000

mem[X,0x0000000080000458] -> 0x0013
mem[X,0x000000008000045A] -> 0x0000
[279] [M]: 0x0000000080000458 (0x00000013) addi x0, x0, 0x0                         inst_21+24

clint mtime 0x000000000000008C (mip.MTI <- 0b1, mip.STI <- 0b0)
mem[X,0x000000008000045C] -> 0x0013
mem[X,0x000000008000045E] -> 0x0000
[280] [M]: 0x000000008000045C (0x00000013) addi x0, x0, 0x0                         inst_21+28

mem[X,0x0000000080000460] -> 0x0293
mem[X,0x0000000080000462] -> 0x0010
[281] [M]: 0x0000000080000460 (0x00100293) addi x5, x0, 0x1                         inst_22+0
x5 <- 0x0000000000000001

clint mtime 0x000000000000008D (mip.MTI <- 0b1, mip.STI <- 0b0)
mem[X,0x0000000080000464] -> 0x9293
mem[X,0x0000000080000466] -> 0x0112
[282] [M]: 0x0000000080000464 (0x01129293) slli x5, x5, 0x11                        inst_22+4
x5 <- 0x0000000000020000

mem[X,0x0000000080000468] -> 0x0C93
mem[X,0x000000008000046A] -> 0x0101
[283] [M]: 0x0000000080000468 (0x01010C93) addi x25, x2, 0x10                       inst_22+8
x25 <- 0x00000000800041C8

clint mtime 0x000000000000008E (mip.MTI <- 0b1, mip.STI <- 0b0)
mem[X,0x000000008000046C] -> 0x0493
mem[X,0x000000008000046E] -> 0x0060
[284] [M]: 0x000000008000046C (0x00600493) addi x9, x0, 0x6                         inst_22+12
x9 <- 0x0000000000000006

mem[X,0x0000000080000470] -> 0x8CB3
mem[X,0x0000000080000472] -> 0x409C
[285] [M]: 0x0000000080000470 (0x409C8CB3) sub x25, x25, x9                         inst_22+16
x25 <- 0x00000000800041C2

clint mtime 0x000000000000008F (mip.MTI <- 0b1, mip.STI <- 0b0)
mem[X,0x0000000080000474] -> 0xA323
mem[X,0x0000000080000476] -> 0x005C
[286] [M]: 0x0000000080000474 (0x005CA323) sw x5, 0x6(x25)                          inst_22+20
mem[W,0x00000000800041C8] <- 0x00020000

mem[X,0x0000000080000478] -> 0x0013
mem[X,0x000000008000047A] -> 0x0000
[287] [M]: 0x0000000080000478 (0x00000013) addi x0, x0, 0x0                         inst_22+24

clint mtime 0x0000000000000090 (mip.MTI <- 0b1, mip.STI <- 0b0)
mem[X,0x000000008000047C] -> 0x0013
mem[X,0x000000008000047E] -> 0x0000
[288] [M]: 0x000000008000047C (0x00000013) addi x0, x0, 0x0                         inst_22+28

mem[X,0x0000000080000480] -> 0x0393
mem[X,0x0000000080000482] -> 0x0010
[289] [M]: 0x0000000080000480 (0x00100393) addi x7, x0, 0x1                         inst_23+0
x7 <- 0x0000000000000001

clint mtime 0x0000000000000091 (mip.MTI <- 0b1, mip.STI <- 0b0)
mem[X,0x0000000080000484] -> 0x9393
mem[X,0x0000000080000486] -> 0x0123
[290] [M]: 0x0000000080000484 (0x01239393) slli x7, x7, 0x12                        inst_23+4
x7 <- 0x0000000000040000

mem[X,0x0000000080000488] -> 0x0D93
mem[X,0x000000008000048A] -> 0x0181
[291] [M]: 0x0000000080000488 (0x01810D93) addi x27, x2, 0x18                       inst_23+8
x27 <- 0x00000000800041D0

clint mtime 0x0000000000000092 (mip.MTI <- 0b1, mip.STI <- 0b0)
mem[X,0x000000008000048C] -> 0x0493
mem[X,0x000000008000048E] -> 0xFFA0
[292] [M]: 0x000000008000048C (0xFFA00493) addi x9, x0, -0x6                        inst_23+12
x9 <- 0xFFFFFFFFFFFFFFFA

mem[X,0x0000000080000490] -> 0x8DB3
mem[X,0x0000000080000492] -> 0x409D
[293] [M]: 0x0000000080000490 (0x409D8DB3) sub x27, x27, x9                         inst_23+16
x27 <- 0x00000000800041D6

clint mtime 0x0000000000000093 (mip.MTI <- 0b1, mip.STI <- 0b0)
mem[X,0x0000000080000494] -> 0xAD23
mem[X,0x0000000080000496] -> 0xFE7D
[294] [M]: 0x0000000080000494 (0xFE7DAD23) sw x7, -0x6(x27)                         inst_23+20
mem[W,0x00000000800041D0] <- 0x00040000

mem[X,0x0000000080000498] -> 0x0013
mem[X,0x000000008000049A] -> 0x0000
[295] [M]: 0x0000000080000498 (0x00000013) addi x0, x0, 0x0                         inst_23+24

clint mtime 0x0000000000000094 (mip.MTI <- 0b1, mip.STI <- 0b0)
mem[X,0x000000008000049C] -> 0x0013
mem[X,0x000000008000049E] -> 0x0000
[296] [M]: 0x000000008000049C (0x00000013) addi x0, x0, 0x0                         inst_23+28

mem[X,0x00000000800004A0] -> 0x0013
mem[X,0x00000000800004A2] -> 0x0000
[297] [M]: 0x00000000800004A0 (0x00000013) addi x0, x0, 0x0                         inst_24+0

clint mtime 0x0000000000000095 (mip.MTI <- 0b1, mip.STI <- 0b0)
mem[X,0x00000000800004A4] -> 0x0B13
mem[X,0x00000000800004A6] -> 0x0201
[298] [M]: 0x00000000800004A4 (0x02010B13) addi x22, x2, 0x20                       inst_24+4
x22 <- 0x00000000800041D8

mem[X,0x00000000800004A8] -> 0x0493
mem[X,0x00000000800004AA] -> 0x0040
[299] [M]: 0x00000000800004A8 (0x00400493) addi x9, x0, 0x4                         inst_24+8
x9 <- 0x0000000000000004

clint mtime 0x0000000000000096 (mip.MTI <- 0b1, mip.STI <- 0b0)
mem[X,0x00000000800004AC] -> 0x0B33
mem[X,0x00000000800004AE] -> 0x409B
[300] [M]: 0x00000000800004AC (0x409B0B33) sub x22, x22, x9                         inst_24+12
x22 <- 0x00000000800041D4

mem[X,0x00000000800004B0] -> 0x2223
mem[X,0x00000000800004B2] -> 0x000B
[301] [M]: 0x00000000800004B0 (0x000B2223) sw x0, 0x4(x22)                          inst_24+16
mem[W,0x00000000800041D8] <- 0x00000000

clint mtime 0x0000000000000097 (mip.MTI <- 0b1, mip.STI <- 0b0)
mem[X,0x00000000800004B4] -> 0x0013
mem[X,0x00000000800004B6] -> 0x0000
[302] [M]: 0x00000000800004B4 (0x00000013) addi x0, x0, 0x0                         inst_24+20

mem[X,0x00000000800004B8] -> 0x0013
mem[X,0x00000000800004BA] -> 0x0000
[303] [M]: 0x00000000800004B8 (0x00000013) addi x0, x0, 0x0                         inst_24+24

clint mtime 0x0000000000000098 (mip.MTI <- 0b1, mip.STI <- 0b0)
mem[X,0x00000000800004BC] -> 0x0793
mem[X,0x00000000800004BE] -> 0x0010
[304] [M]: 0x00000000800004BC (0x00100793) addi x15, x0, 0x1                        inst_25+0
x15 <- 0x0000000000000001

mem[X,0x00000000800004C0] -> 0x9793
mem[X,0x00000000800004C2] -> 0x0147
[305] [M]: 0x00000000800004C0 (0x01479793) slli x15, x15, 0x14                      inst_25+4
x15 <- 0x0000000000100000

clint mtime 0x0000000000000099 (mip.MTI <- 0b1, mip.STI <- 0b0)
mem[X,0x00000000800004C4] -> 0x0093
mem[X,0x00000000800004C6] -> 0x0281
[306] [M]: 0x00000000800004C4 (0x02810093) addi x1, x2, 0x28                        inst_25+8
x1 <- 0x00000000800041E0

mem[X,0x00000000800004C8] -> 0x0493
mem[X,0x00000000800004CA] -> 0xFFC0
[307] [M]: 0x00000000800004C8 (0xFFC00493) addi x9, x0, -0x4                        inst_25+12
x9 <- 0xFFFFFFFFFFFFFFFC

clint mtime 0x000000000000009A (mip.MTI <- 0b1, mip.STI <- 0b0)
mem[X,0x00000000800004CC] -> 0x80B3
mem[X,0x00000000800004CE] -> 0x4090
[308] [M]: 0x00000000800004CC (0x409080B3) sub x1, x1, x9                           inst_25+16
x1 <- 0x00000000800041E4

mem[X,0x00000000800004D0] -> 0xAE23
mem[X,0x00000000800004D2] -> 0xFEF0
[309] [M]: 0x00000000800004D0 (0xFEF0AE23) sw x15, -0x4(x1)                         inst_25+20
mem[W,0x00000000800041E0] <- 0x00100000

clint mtime 0x000000000000009B (mip.MTI <- 0b1, mip.STI <- 0b0)
mem[X,0x00000000800004D4] -> 0x0013
mem[X,0x00000000800004D6] -> 0x0000
[310] [M]: 0x00000000800004D4 (0x00000013) addi x0, x0, 0x0                         inst_25+24

mem[X,0x00000000800004D8] -> 0x0013
mem[X,0x00000000800004DA] -> 0x0000
[311] [M]: 0x00000000800004D8 (0x00000013) addi x0, x0, 0x0                         inst_25+28

clint mtime 0x000000000000009C (mip.MTI <- 0b1, mip.STI <- 0b0)
mem[X,0x00000000800004DC] -> 0x0B13
mem[X,0x00000000800004DE] -> 0x0010
[312] [M]: 0x00000000800004DC (0x00100B13) addi x22, x0, 0x1                        inst_26+0
x22 <- 0x0000000000000001

mem[X,0x00000000800004E0] -> 0x1B13
mem[X,0x00000000800004E2] -> 0x015B
[313] [M]: 0x00000000800004E0 (0x015B1B13) slli x22, x22, 0x15                      inst_26+4
x22 <- 0x0000000000200000

clint mtime 0x000000000000009D (mip.MTI <- 0b1, mip.STI <- 0b0)
mem[X,0x00000000800004E4] -> 0x0293
mem[X,0x00000000800004E6] -> 0x0301
[314] [M]: 0x00000000800004E4 (0x03010293) addi x5, x2, 0x30                        inst_26+8
x5 <- 0x00000000800041E8

mem[X,0x00000000800004E8] -> 0x0493
mem[X,0x00000000800004EA] -> 0x0040
[315] [M]: 0x00000000800004E8 (0x00400493) addi x9, x0, 0x4                         inst_26+12
x9 <- 0x0000000000000004

clint mtime 0x000000000000009E (mip.MTI <- 0b1, mip.STI <- 0b0)
mem[X,0x00000000800004EC] -> 0x82B3
mem[X,0x00000000800004EE] -> 0x4092
[316] [M]: 0x00000000800004EC (0x409282B3) sub x5, x5, x9                           inst_26+16
x5 <- 0x00000000800041E4

mem[X,0x00000000800004F0] -> 0xA223
mem[X,0x00000000800004F2] -> 0x0162
[317] [M]: 0x00000000800004F0 (0x0162A223) sw x22, 0x4(x5)                          inst_26+20
mem[W,0x00000000800041E8] <- 0x00200000

clint mtime 0x000000000000009F (mip.MTI <- 0b1, mip.STI <- 0b0)
mem[X,0x00000000800004F4] -> 0x0013
mem[X,0x00000000800004F6] -> 0x0000
[318] [M]: 0x00000000800004F4 (0x00000013) addi x0, x0, 0x0                         inst_26+24

mem[X,0x00000000800004F8] -> 0x0013
mem[X,0x00000000800004FA] -> 0x0000
[319] [M]: 0x00000000800004F8 (0x00000013) addi x0, x0, 0x0                         inst_26+28

clint mtime 0x00000000000000A0 (mip.MTI <- 0b1, mip.STI <- 0b0)
mem[X,0x00000000800004FC] -> 0x0C13
mem[X,0x00000000800004FE] -> 0x0010
[320] [M]: 0x00000000800004FC (0x00100C13) addi x24, x0, 0x1                        inst_27+0
x24 <- 0x0000000000000001

mem[X,0x0000000080000500] -> 0x1C13
mem[X,0x0000000080000502] -> 0x016C
[321] [M]: 0x0000000080000500 (0x016C1C13) slli x24, x24, 0x16                      inst_27+4
x24 <- 0x0000000000400000

clint mtime 0x00000000000000A1 (mip.MTI <- 0b1, mip.STI <- 0b0)
mem[X,0x0000000080000504] -> 0x0313
mem[X,0x0000000080000506] -> 0x0381
[322] [M]: 0x0000000080000504 (0x03810313) addi x6, x2, 0x38                        inst_27+8
x6 <- 0x00000000800041F0

mem[X,0x0000000080000508] -> 0x0493
mem[X,0x000000008000050A] -> 0x0040
[323] [M]: 0x0000000080000508 (0x00400493) addi x9, x0, 0x4                         inst_27+12
x9 <- 0x0000000000000004

clint mtime 0x00000000000000A2 (mip.MTI <- 0b1, mip.STI <- 0b0)
mem[X,0x000000008000050C] -> 0x0333
mem[X,0x000000008000050E] -> 0x4093
[324] [M]: 0x000000008000050C (0x40930333) sub x6, x6, x9                           inst_27+16
x6 <- 0x00000000800041EC

mem[X,0x0000000080000510] -> 0x2223
mem[X,0x0000000080000512] -> 0x0183
[325] [M]: 0x0000000080000510 (0x01832223) sw x24, 0x4(x6)                          inst_27+20
mem[W,0x00000000800041F0] <- 0x00400000

clint mtime 0x00000000000000A3 (mip.MTI <- 0b1, mip.STI <- 0b0)
mem[X,0x0000000080000514] -> 0x0013
mem[X,0x0000000080000516] -> 0x0000
[326] [M]: 0x0000000080000514 (0x00000013) addi x0, x0, 0x0                         inst_27+24

mem[X,0x0000000080000518] -> 0x0013
mem[X,0x000000008000051A] -> 0x0000
[327] [M]: 0x0000000080000518 (0x00000013) addi x0, x0, 0x0                         inst_27+28

clint mtime 0x00000000000000A4 (mip.MTI <- 0b1, mip.STI <- 0b0)
mem[X,0x000000008000051C] -> 0x0593
mem[X,0x000000008000051E] -> 0x0010
[328] [M]: 0x000000008000051C (0x00100593) addi x11, x0, 0x1                        inst_28+0
x11 <- 0x0000000000000001

mem[X,0x0000000080000520] -> 0x9593
mem[X,0x0000000080000522] -> 0x0175
[329] [M]: 0x0000000080000520 (0x01759593) slli x11, x11, 0x17                      inst_28+4
x11 <- 0x0000000000800000

clint mtime 0x00000000000000A5 (mip.MTI <- 0b1, mip.STI <- 0b0)
mem[X,0x0000000080000524] -> 0x0613
mem[X,0x0000000080000526] -> 0x0401
[330] [M]: 0x0000000080000524 (0x04010613) addi x12, x2, 0x40                       inst_28+8
x12 <- 0x00000000800041F8

mem[X,0x0000000080000528] -> 0x0493
mem[X,0x000000008000052A] -> 0xBFF0
[331] [M]: 0x0000000080000528 (0xBFF00493) addi x9, x0, -0x401                      inst_28+12
x9 <- 0xFFFFFFFFFFFFFBFF

clint mtime 0x00000000000000A6 (mip.MTI <- 0b1, mip.STI <- 0b0)
mem[X,0x000000008000052C] -> 0x0633
mem[X,0x000000008000052E] -> 0x4096
[332] [M]: 0x000000008000052C (0x40960633) sub x12, x12, x9                         inst_28+16
x12 <- 0x00000000800045F9

mem[X,0x0000000080000530] -> 0x2FA3
mem[X,0x0000000080000532] -> 0xBEB6
[333] [M]: 0x0000000080000530 (0xBEB62FA3) sw x11, -0x401(x12)                      inst_28+20
mem[W,0x00000000800041F8] <- 0x00800000

clint mtime 0x00000000000000A7 (mip.MTI <- 0b1, mip.STI <- 0b0)
mem[X,0x0000000080000534] -> 0x0013
mem[X,0x0000000080000536] -> 0x0000
[334] [M]: 0x0000000080000534 (0x00000013) addi x0, x0, 0x0                         inst_28+24

mem[X,0x0000000080000538] -> 0x0013
mem[X,0x000000008000053A] -> 0x0000
[335] [M]: 0x0000000080000538 (0x00000013) addi x0, x0, 0x0                         inst_28+28

clint mtime 0x00000000000000A8 (mip.MTI <- 0b1, mip.STI <- 0b0)
mem[X,0x000000008000053C] -> 0x0F13
mem[X,0x000000008000053E] -> 0x0010
[336] [M]: 0x000000008000053C (0x00100F13) addi x30, x0, 0x1                        inst_29+0
x30 <- 0x0000000000000001

mem[X,0x0000000080000540] -> 0x1F13
mem[X,0x0000000080000542] -> 0x018F
[337] [M]: 0x0000000080000540 (0x018F1F13) slli x30, x30, 0x18                      inst_29+4
x30 <- 0x0000000001000000

clint mtime 0x00000000000000A9 (mip.MTI <- 0b1, mip.STI <- 0b0)
mem[X,0x0000000080000544] -> 0x0A13
mem[X,0x0000000080000546] -> 0x0481
[338] [M]: 0x0000000080000544 (0x04810A13) addi x20, x2, 0x48                       inst_29+8
x20 <- 0x0000000080004200

mem[X,0x0000000080000548] -> 0x0493
mem[X,0x000000008000054A] -> 0x0090
[339] [M]: 0x0000000080000548 (0x00900493) addi x9, x0, 0x9                         inst_29+12
x9 <- 0x0000000000000009

clint mtime 0x00000000000000AA (mip.MTI <- 0b1, mip.STI <- 0b0)
mem[X,0x000000008000054C] -> 0x0A33
mem[X,0x000000008000054E] -> 0x409A
[340] [M]: 0x000000008000054C (0x409A0A33) sub x20, x20, x9                         inst_29+16
x20 <- 0x00000000800041F7

mem[X,0x0000000080000550] -> 0x24A3
mem[X,0x0000000080000552] -> 0x01EA
[341] [M]: 0x0000000080000550 (0x01EA24A3) sw x30, 0x9(x20)                         inst_29+20
mem[W,0x0000000080004200] <- 0x01000000

clint mtime 0x00000000000000AB (mip.MTI <- 0b1, mip.STI <- 0b0)
mem[X,0x0000000080000554] -> 0x0013
mem[X,0x0000000080000556] -> 0x0000
[342] [M]: 0x0000000080000554 (0x00000013) addi x0, x0, 0x0                         inst_29+24

mem[X,0x0000000080000558] -> 0x0013
mem[X,0x000000008000055A] -> 0x0000
[343] [M]: 0x0000000080000558 (0x00000013) addi x0, x0, 0x0                         inst_29+28

clint mtime 0x00000000000000AC (mip.MTI <- 0b1, mip.STI <- 0b0)
mem[X,0x000000008000055C] -> 0x0913
mem[X,0x000000008000055E] -> 0x0010
[344] [M]: 0x000000008000055C (0x00100913) addi x18, x0, 0x1                        inst_30+0
x18 <- 0x0000000000000001

mem[X,0x0000000080000560] -> 0x1913
mem[X,0x0000000080000562] -> 0x0199
[345] [M]: 0x0000000080000560 (0x01991913) slli x18, x18, 0x19                      inst_30+4
x18 <- 0x0000000002000000

clint mtime 0x00000000000000AD (mip.MTI <- 0b1, mip.STI <- 0b0)
mem[X,0x0000000080000564] -> 0x0993
mem[X,0x0000000080000566] -> 0x0501
[346] [M]: 0x0000000080000564 (0x05010993) addi x19, x2, 0x50                       inst_30+8
x19 <- 0x0000000080004208

mem[X,0x0000000080000568] -> 0x0493
mem[X,0x000000008000056A] -> 0x0200
[347] [M]: 0x0000000080000568 (0x02000493) addi x9, x0, 0x20                        inst_30+12
x9 <- 0x0000000000000020

clint mtime 0x00000000000000AE (mip.MTI <- 0b1, mip.STI <- 0b0)
mem[X,0x000000008000056C] -> 0x89B3
mem[X,0x000000008000056E] -> 0x4099
[348] [M]: 0x000000008000056C (0x409989B3) sub x19, x19, x9                         inst_30+16
x19 <- 0x00000000800041E8

mem[X,0x0000000080000570] -> 0xA023
mem[X,0x0000000080000572] -> 0x0329
[349] [M]: 0x0000000080000570 (0x0329A023) sw x18, 0x20(x19)                        inst_30+20
mem[W,0x0000000080004208] <- 0x02000000

clint mtime 0x00000000000000AF (mip.MTI <- 0b1, mip.STI <- 0b0)
mem[X,0x0000000080000574] -> 0x0013
mem[X,0x0000000080000576] -> 0x0000
[350] [M]: 0x0000000080000574 (0x00000013) addi x0, x0, 0x0                         inst_30+24

mem[X,0x0000000080000578] -> 0x0013
mem[X,0x000000008000057A] -> 0x0000
[351] [M]: 0x0000000080000578 (0x00000013) addi x0, x0, 0x0                         inst_30+28

clint mtime 0x00000000000000B0 (mip.MTI <- 0b1, mip.STI <- 0b0)
mem[X,0x000000008000057C] -> 0x0693
mem[X,0x000000008000057E] -> 0x0010
[352] [M]: 0x000000008000057C (0x00100693) addi x13, x0, 0x1                        inst_31+0
x13 <- 0x0000000000000001

mem[X,0x0000000080000580] -> 0x9693
mem[X,0x0000000080000582] -> 0x01A6
[353] [M]: 0x0000000080000580 (0x01A69693) slli x13, x13, 0x1a                      inst_31+4
x13 <- 0x0000000004000000

clint mtime 0x00000000000000B1 (mip.MTI <- 0b1, mip.STI <- 0b0)
mem[X,0x0000000080000584] -> 0x0393
mem[X,0x0000000080000586] -> 0x0581
[354] [M]: 0x0000000080000584 (0x05810393) addi x7, x2, 0x58                        inst_31+8
x7 <- 0x0000000080004210

mem[X,0x0000000080000588] -> 0x0493
mem[X,0x000000008000058A] -> 0x0060
[355] [M]: 0x0000000080000588 (0x00600493) addi x9, x0, 0x6                         inst_31+12
x9 <- 0x0000000000000006

clint mtime 0x00000000000000B2 (mip.MTI <- 0b1, mip.STI <- 0b0)
mem[X,0x000000008000058C] -> 0x83B3
mem[X,0x000000008000058E] -> 0x4093
[356] [M]: 0x000000008000058C (0x409383B3) sub x7, x7, x9                           inst_31+16
x7 <- 0x000000008000420A

mem[X,0x0000000080000590] -> 0xA323
mem[X,0x0000000080000592] -> 0x00D3
[357] [M]: 0x0000000080000590 (0x00D3A323) sw x13, 0x6(x7)                          inst_31+20
mem[W,0x0000000080004210] <- 0x04000000

clint mtime 0x00000000000000B3 (mip.MTI <- 0b1, mip.STI <- 0b0)
mem[X,0x0000000080000594] -> 0x0013
mem[X,0x0000000080000596] -> 0x0000
[358] [M]: 0x0000000080000594 (0x00000013) addi x0, x0, 0x0                         inst_31+24

mem[X,0x0000000080000598] -> 0x0013
mem[X,0x000000008000059A] -> 0x0000
[359] [M]: 0x0000000080000598 (0x00000013) addi x0, x0, 0x0                         inst_31+28

clint mtime 0x00000000000000B4 (mip.MTI <- 0b1, mip.STI <- 0b0)
mem[X,0x000000008000059C] -> 0x0593
mem[X,0x000000008000059E] -> 0x0010
[360] [M]: 0x000000008000059C (0x00100593) addi x11, x0, 0x1                        inst_32+0
x11 <- 0x0000000000000001

mem[X,0x00000000800005A0] -> 0x9593
mem[X,0x00000000800005A2] -> 0x01B5
[361] [M]: 0x00000000800005A0 (0x01B59593) slli x11, x11, 0x1b                      inst_32+4
x11 <- 0x0000000008000000

clint mtime 0x00000000000000B5 (mip.MTI <- 0b1, mip.STI <- 0b0)
mem[X,0x00000000800005A4] -> 0x0513
mem[X,0x00000000800005A6] -> 0x0601
[362] [M]: 0x00000000800005A4 (0x06010513) addi x10, x2, 0x60                       inst_32+8
x10 <- 0x0000000080004218

mem[X,0x00000000800005A8] -> 0x0493
mem[X,0x00000000800005AA] -> 0x7FF0
[363] [M]: 0x00000000800005A8 (0x7FF00493) addi x9, x0, 0x7ff                       inst_32+12
x9 <- 0x00000000000007FF

clint mtime 0x00000000000000B6 (mip.MTI <- 0b1, mip.STI <- 0b0)
mem[X,0x00000000800005AC] -> 0x0533
mem[X,0x00000000800005AE] -> 0x4095
[364] [M]: 0x00000000800005AC (0x40950533) sub x10, x10, x9                         inst_32+16
x10 <- 0x0000000080003A19

mem[X,0x00000000800005B0] -> 0x2FA3
mem[X,0x00000000800005B2] -> 0x7EB5
[365] [M]: 0x00000000800005B0 (0x7EB52FA3) sw x11, 0x7ff(x10)                       inst_32+20
mem[W,0x0000000080004218] <- 0x08000000

clint mtime 0x00000000000000B7 (mip.MTI <- 0b1, mip.STI <- 0b0)
mem[X,0x00000000800005B4] -> 0x0013
mem[X,0x00000000800005B6] -> 0x0000
[366] [M]: 0x00000000800005B4 (0x00000013) addi x0, x0, 0x0                         inst_32+24

mem[X,0x00000000800005B8] -> 0x0013
mem[X,0x00000000800005BA] -> 0x0000
[367] [M]: 0x00000000800005B8 (0x00000013) addi x0, x0, 0x0                         inst_32+28

clint mtime 0x00000000000000B8 (mip.MTI <- 0b1, mip.STI <- 0b0)
mem[X,0x00000000800005BC] -> 0x0593
mem[X,0x00000000800005BE] -> 0x0010
[368] [M]: 0x00000000800005BC (0x00100593) addi x11, x0, 0x1                        inst_33+0
x11 <- 0x0000000000000001

mem[X,0x00000000800005C0] -> 0x9593
mem[X,0x00000000800005C2] -> 0x01C5
[369] [M]: 0x00000000800005C0 (0x01C59593) slli x11, x11, 0x1c                      inst_33+4
x11 <- 0x0000000010000000

clint mtime 0x00000000000000B9 (mip.MTI <- 0b1, mip.STI <- 0b0)
mem[X,0x00000000800005C4] -> 0x0513
mem[X,0x00000000800005C6] -> 0x0681
[370] [M]: 0x00000000800005C4 (0x06810513) addi x10, x2, 0x68                       inst_33+8
x10 <- 0x0000000080004220

mem[X,0x00000000800005C8] -> 0x0493
mem[X,0x00000000800005CA] -> 0x0100
[371] [M]: 0x00000000800005C8 (0x01000493) addi x9, x0, 0x10                        inst_33+12
x9 <- 0x0000000000000010

clint mtime 0x00000000000000BA (mip.MTI <- 0b1, mip.STI <- 0b0)
mem[X,0x00000000800005CC] -> 0x0533
mem[X,0x00000000800005CE] -> 0x4095
[372] [M]: 0x00000000800005CC (0x40950533) sub x10, x10, x9                         inst_33+16
x10 <- 0x0000000080004210

mem[X,0x00000000800005D0] -> 0x2823
mem[X,0x00000000800005D2] -> 0x00B5
[373] [M]: 0x00000000800005D0 (0x00B52823) sw x11, 0x10(x10)                        inst_33+20
mem[W,0x0000000080004220] <- 0x10000000

clint mtime 0x00000000000000BB (mip.MTI <- 0b1, mip.STI <- 0b0)
mem[X,0x00000000800005D4] -> 0x0013
mem[X,0x00000000800005D6] -> 0x0000
[374] [M]: 0x00000000800005D4 (0x00000013) addi x0, x0, 0x0                         inst_33+24

mem[X,0x00000000800005D8] -> 0x0013
mem[X,0x00000000800005DA] -> 0x0000
[375] [M]: 0x00000000800005D8 (0x00000013) addi x0, x0, 0x0                         inst_33+28

clint mtime 0x00000000000000BC (mip.MTI <- 0b1, mip.STI <- 0b0)
mem[X,0x00000000800005DC] -> 0x0593
mem[X,0x00000000800005DE] -> 0x0010
[376] [M]: 0x00000000800005DC (0x00100593) addi x11, x0, 0x1                        inst_34+0
x11 <- 0x0000000000000001

mem[X,0x00000000800005E0] -> 0x9593
mem[X,0x00000000800005E2] -> 0x01D5
[377] [M]: 0x00000000800005E0 (0x01D59593) slli x11, x11, 0x1d                      inst_34+4
x11 <- 0x0000000020000000

clint mtime 0x00000000000000BD (mip.MTI <- 0b1, mip.STI <- 0b0)
mem[X,0x00000000800005E4] -> 0x0513
mem[X,0x00000000800005E6] -> 0x0701
[378] [M]: 0x00000000800005E4 (0x07010513) addi x10, x2, 0x70                       inst_34+8
x10 <- 0x0000000080004228

mem[X,0x00000000800005E8] -> 0x0493
mem[X,0x00000000800005EA] -> 0x0020
[379] [M]: 0x00000000800005E8 (0x00200493) addi x9, x0, 0x2                         inst_34+12
x9 <- 0x0000000000000002

clint mtime 0x00000000000000BE (mip.MTI <- 0b1, mip.STI <- 0b0)
mem[X,0x00000000800005EC] -> 0x0533
mem[X,0x00000000800005EE] -> 0x4095
[380] [M]: 0x00000000800005EC (0x40950533) sub x10, x10, x9                         inst_34+16
x10 <- 0x0000000080004226

mem[X,0x00000000800005F0] -> 0x2123
mem[X,0x00000000800005F2] -> 0x00B5
[381] [M]: 0x00000000800005F0 (0x00B52123) sw x11, 0x2(x10)                         inst_34+20
mem[W,0x0000000080004228] <- 0x20000000

clint mtime 0x00000000000000BF (mip.MTI <- 0b1, mip.STI <- 0b0)
mem[X,0x00000000800005F4] -> 0x0013
mem[X,0x00000000800005F6] -> 0x0000
[382] [M]: 0x00000000800005F4 (0x00000013) addi x0, x0, 0x0                         inst_34+24

mem[X,0x00000000800005F8] -> 0x0013
mem[X,0x00000000800005FA] -> 0x0000
[383] [M]: 0x00000000800005F8 (0x00000013) addi x0, x0, 0x0                         inst_34+28

clint mtime 0x00000000000000C0 (mip.MTI <- 0b1, mip.STI <- 0b0)
mem[X,0x00000000800005FC] -> 0x0593
mem[X,0x00000000800005FE] -> 0x0010
[384] [M]: 0x00000000800005FC (0x00100593) addi x11, x0, 0x1                        inst_35+0
x11 <- 0x0000000000000001

mem[X,0x0000000080000600] -> 0x9593
mem[X,0x0000000080000602] -> 0x01E5
[385] [M]: 0x0000000080000600 (0x01E59593) slli x11, x11, 0x1e                      inst_35+4
x11 <- 0x0000000040000000

clint mtime 0x00000000000000C1 (mip.MTI <- 0b1, mip.STI <- 0b0)
mem[X,0x0000000080000604] -> 0x0513
mem[X,0x0000000080000606] -> 0x0781
[386] [M]: 0x0000000080000604 (0x07810513) addi x10, x2, 0x78                       inst_35+8
x10 <- 0x0000000080004230

mem[X,0x0000000080000608] -> 0x0493
mem[X,0x000000008000060A] -> 0x8000
[387] [M]: 0x0000000080000608 (0x80000493) addi x9, x0, -0x800                      inst_35+12
x9 <- 0xFFFFFFFFFFFFF800

clint mtime 0x00000000000000C2 (mip.MTI <- 0b1, mip.STI <- 0b0)
mem[X,0x000000008000060C] -> 0x0533
mem[X,0x000000008000060E] -> 0x4095
[388] [M]: 0x000000008000060C (0x40950533) sub x10, x10, x9                         inst_35+16
x10 <- 0x0000000080004A30

mem[X,0x0000000080000610] -> 0x2023
mem[X,0x0000000080000612] -> 0x80B5
[389] [M]: 0x0000000080000610 (0x80B52023) sw x11, -0x800(x10)                      inst_35+20
mem[W,0x0000000080004230] <- 0x40000000

clint mtime 0x00000000000000C3 (mip.MTI <- 0b1, mip.STI <- 0b0)
mem[X,0x0000000080000614] -> 0x0013
mem[X,0x0000000080000616] -> 0x0000
[390] [M]: 0x0000000080000614 (0x00000013) addi x0, x0, 0x0                         inst_35+24

mem[X,0x0000000080000618] -> 0x0013
mem[X,0x000000008000061A] -> 0x0000
[391] [M]: 0x0000000080000618 (0x00000013) addi x0, x0, 0x0                         inst_35+28

clint mtime 0x00000000000000C4 (mip.MTI <- 0b1, mip.STI <- 0b0)
mem[X,0x000000008000061C] -> 0x0593
mem[X,0x000000008000061E] -> 0x0010
[392] [M]: 0x000000008000061C (0x00100593) addi x11, x0, 0x1                        inst_36+0
x11 <- 0x0000000000000001

mem[X,0x0000000080000620] -> 0x9593
mem[X,0x0000000080000622] -> 0x01F5
[393] [M]: 0x0000000080000620 (0x01F59593) slli x11, x11, 0x1f                      inst_36+4
x11 <- 0x0000000080000000

clint mtime 0x00000000000000C5 (mip.MTI <- 0b1, mip.STI <- 0b0)
mem[X,0x0000000080000624] -> 0x0513
mem[X,0x0000000080000626] -> 0x0801
[394] [M]: 0x0000000080000624 (0x08010513) addi x10, x2, 0x80                       inst_36+8
x10 <- 0x0000000080004238

mem[X,0x0000000080000628] -> 0x0493
mem[X,0x000000008000062A] -> 0x0200
[395] [M]: 0x0000000080000628 (0x02000493) addi x9, x0, 0x20                        inst_36+12
x9 <- 0x0000000000000020

clint mtime 0x00000000000000C6 (mip.MTI <- 0b1, mip.STI <- 0b0)
mem[X,0x000000008000062C] -> 0x0533
mem[X,0x000000008000062E] -> 0x4095
[396] [M]: 0x000000008000062C (0x40950533) sub x10, x10, x9                         inst_36+16
x10 <- 0x0000000080004218

mem[X,0x0000000080000630] -> 0x2023
mem[X,0x0000000080000632] -> 0x02B5
[397] [M]: 0x0000000080000630 (0x02B52023) sw x11, 0x20(x10)                        inst_36+20
mem[W,0x0000000080004238] <- 0x80000000

clint mtime 0x00000000000000C7 (mip.MTI <- 0b1, mip.STI <- 0b0)
mem[X,0x0000000080000634] -> 0x0013
mem[X,0x0000000080000636] -> 0x0000
[398] [M]: 0x0000000080000634 (0x00000013) addi x0, x0, 0x0                         inst_36+24

mem[X,0x0000000080000638] -> 0x0013
mem[X,0x000000008000063A] -> 0x0000
[399] [M]: 0x0000000080000638 (0x00000013) addi x0, x0, 0x0                         inst_36+28

clint mtime 0x00000000000000C8 (mip.MTI <- 0b1, mip.STI <- 0b0)
mem[X,0x000000008000063C] -> 0x0593
mem[X,0x000000008000063E] -> 0x0010
[400] [M]: 0x000000008000063C (0x00100593) addi x11, x0, 0x1                        inst_37+0
x11 <- 0x0000000000000001

mem[X,0x0000000080000640] -> 0x9593
mem[X,0x0000000080000642] -> 0x0205
[401] [M]: 0x0000000080000640 (0x02059593) slli x11, x11, 0x20                      inst_37+4
x11 <- 0x0000000100000000

clint mtime 0x00000000000000C9 (mip.MTI <- 0b1, mip.STI <- 0b0)
mem[X,0x0000000080000644] -> 0x0513
mem[X,0x0000000080000646] -> 0x0881
[402] [M]: 0x0000000080000644 (0x08810513) addi x10, x2, 0x88                       inst_37+8
x10 <- 0x0000000080004240

mem[X,0x0000000080000648] -> 0x0493
mem[X,0x000000008000064A] -> 0xC000
[403] [M]: 0x0000000080000648 (0xC0000493) addi x9, x0, -0x400                      inst_37+12
x9 <- 0xFFFFFFFFFFFFFC00

clint mtime 0x00000000000000CA (mip.MTI <- 0b1, mip.STI <- 0b0)
mem[X,0x000000008000064C] -> 0x0533
mem[X,0x000000008000064E] -> 0x4095
[404] [M]: 0x000000008000064C (0x40950533) sub x10, x10, x9                         inst_37+16
x10 <- 0x0000000080004640

mem[X,0x0000000080000650] -> 0x2023
mem[X,0x0000000080000652] -> 0xC0B5
[405] [M]: 0x0000000080000650 (0xC0B52023) sw x11, -0x400(x10)                      inst_37+20
mem[W,0x0000000080004240] <- 0x00000000

clint mtime 0x00000000000000CB (mip.MTI <- 0b1, mip.STI <- 0b0)
mem[X,0x0000000080000654] -> 0x0013
mem[X,0x0000000080000656] -> 0x0000
[406] [M]: 0x0000000080000654 (0x00000013) addi x0, x0, 0x0                         inst_37+24

mem[X,0x0000000080000658] -> 0x0013
mem[X,0x000000008000065A] -> 0x0000
[407] [M]: 0x0000000080000658 (0x00000013) addi x0, x0, 0x0                         inst_37+28

clint mtime 0x00000000000000CC (mip.MTI <- 0b1, mip.STI <- 0b0)
mem[X,0x000000008000065C] -> 0x0593
mem[X,0x000000008000065E] -> 0x0010
[408] [M]: 0x000000008000065C (0x00100593) addi x11, x0, 0x1                        inst_38+0
x11 <- 0x0000000000000001

mem[X,0x0000000080000660] -> 0x9593
mem[X,0x0000000080000662] -> 0x0215
[409] [M]: 0x0000000080000660 (0x02159593) slli x11, x11, 0x21                      inst_38+4
x11 <- 0x0000000200000000

clint mtime 0x00000000000000CD (mip.MTI <- 0b1, mip.STI <- 0b0)
mem[X,0x0000000080000664] -> 0x0513
mem[X,0x0000000080000666] -> 0x0901
[410] [M]: 0x0000000080000664 (0x09010513) addi x10, x2, 0x90                       inst_38+8
x10 <- 0x0000000080004248

mem[X,0x0000000080000668] -> 0x0493
mem[X,0x000000008000066A] -> 0xFDF0
[411] [M]: 0x0000000080000668 (0xFDF00493) addi x9, x0, -0x21                       inst_38+12
x9 <- 0xFFFFFFFFFFFFFFDF

clint mtime 0x00000000000000CE (mip.MTI <- 0b1, mip.STI <- 0b0)
mem[X,0x000000008000066C] -> 0x0533
mem[X,0x000000008000066E] -> 0x4095
[412] [M]: 0x000000008000066C (0x40950533) sub x10, x10, x9                         inst_38+16
x10 <- 0x0000000080004269

mem[X,0x0000000080000670] -> 0x2FA3
mem[X,0x0000000080000672] -> 0xFCB5
[413] [M]: 0x0000000080000670 (0xFCB52FA3) sw x11, -0x21(x10)                       inst_38+20
mem[W,0x0000000080004248] <- 0x00000000

clint mtime 0x00000000000000CF (mip.MTI <- 0b1, mip.STI <- 0b0)
mem[X,0x0000000080000674] -> 0x0013
mem[X,0x0000000080000676] -> 0x0000
[414] [M]: 0x0000000080000674 (0x00000013) addi x0, x0, 0x0                         inst_38+24

mem[X,0x0000000080000678] -> 0x0013
mem[X,0x000000008000067A] -> 0x0000
[415] [M]: 0x0000000080000678 (0x00000013) addi x0, x0, 0x0                         inst_38+28

clint mtime 0x00000000000000D0 (mip.MTI <- 0b1, mip.STI <- 0b0)
mem[X,0x000000008000067C] -> 0x0593
mem[X,0x000000008000067E] -> 0x0010
[416] [M]: 0x000000008000067C (0x00100593) addi x11, x0, 0x1                        inst_39+0
x11 <- 0x0000000000000001

mem[X,0x0000000080000680] -> 0x9593
mem[X,0x0000000080000682] -> 0x0225
[417] [M]: 0x0000000080000680 (0x02259593) slli x11, x11, 0x22                      inst_39+4
x11 <- 0x0000000400000000

clint mtime 0x00000000000000D1 (mip.MTI <- 0b1, mip.STI <- 0b0)
mem[X,0x0000000080000684] -> 0x0513
mem[X,0x0000000080000686] -> 0x0981
[418] [M]: 0x0000000080000684 (0x09810513) addi x10, x2, 0x98                       inst_39+8
x10 <- 0x0000000080004250

mem[X,0x0000000080000688] -> 0x0493
mem[X,0x000000008000068A] -> 0x0030
[419] [M]: 0x0000000080000688 (0x00300493) addi x9, x0, 0x3                         inst_39+12
x9 <- 0x0000000000000003

clint mtime 0x00000000000000D2 (mip.MTI <- 0b1, mip.STI <- 0b0)
mem[X,0x000000008000068C] -> 0x0533
mem[X,0x000000008000068E] -> 0x4095
[420] [M]: 0x000000008000068C (0x40950533) sub x10, x10, x9                         inst_39+16
x10 <- 0x000000008000424D

mem[X,0x0000000080000690] -> 0x21A3
mem[X,0x0000000080000692] -> 0x00B5
[421] [M]: 0x0000000080000690 (0x00B521A3) sw x11, 0x3(x10)                         inst_39+20
mem[W,0x0000000080004250] <- 0x00000000

clint mtime 0x00000000000000D3 (mip.MTI <- 0b1, mip.STI <- 0b0)
mem[X,0x0000000080000694] -> 0x0013
mem[X,0x0000000080000696] -> 0x0000
[422] [M]: 0x0000000080000694 (0x00000013) addi x0, x0, 0x0                         inst_39+24

mem[X,0x0000000080000698] -> 0x0013
mem[X,0x000000008000069A] -> 0x0000
[423] [M]: 0x0000000080000698 (0x00000013) addi x0, x0, 0x0                         inst_39+28

clint mtime 0x00000000000000D4 (mip.MTI <- 0b1, mip.STI <- 0b0)
mem[X,0x000000008000069C] -> 0x0593
mem[X,0x000000008000069E] -> 0x0010
[424] [M]: 0x000000008000069C (0x00100593) addi x11, x0, 0x1                        inst_40+0
x11 <- 0x0000000000000001

mem[X,0x00000000800006A0] -> 0x9593
mem[X,0x00000000800006A2] -> 0x0235
[425] [M]: 0x00000000800006A0 (0x02359593) slli x11, x11, 0x23                      inst_40+4
x11 <- 0x0000000800000000

clint mtime 0x00000000000000D5 (mip.MTI <- 0b1, mip.STI <- 0b0)
mem[X,0x00000000800006A4] -> 0x0513
mem[X,0x00000000800006A6] -> 0x0A01
[426] [M]: 0x00000000800006A4 (0x0A010513) addi x10, x2, 0xa0                       inst_40+8
x10 <- 0x0000000080004258

mem[X,0x00000000800006A8] -> 0x0493
mem[X,0x00000000800006AA] -> 0xFFE0
[427] [M]: 0x00000000800006A8 (0xFFE00493) addi x9, x0, -0x2                        inst_40+12
x9 <- 0xFFFFFFFFFFFFFFFE

clint mtime 0x00000000000000D6 (mip.MTI <- 0b1, mip.STI <- 0b0)
mem[X,0x00000000800006AC] -> 0x0533
mem[X,0x00000000800006AE] -> 0x4095
[428] [M]: 0x00000000800006AC (0x40950533) sub x10, x10, x9                         inst_40+16
x10 <- 0x000000008000425A

mem[X,0x00000000800006B0] -> 0x2F23
mem[X,0x00000000800006B2] -> 0xFEB5
[429] [M]: 0x00000000800006B0 (0xFEB52F23) sw x11, -0x2(x10)                        inst_40+20
mem[W,0x0000000080004258] <- 0x00000000

clint mtime 0x00000000000000D7 (mip.MTI <- 0b1, mip.STI <- 0b0)
mem[X,0x00000000800006B4] -> 0x0013
mem[X,0x00000000800006B6] -> 0x0000
[430] [M]: 0x00000000800006B4 (0x00000013) addi x0, x0, 0x0                         inst_40+24

mem[X,0x00000000800006B8] -> 0x0013
mem[X,0x00000000800006BA] -> 0x0000
[431] [M]: 0x00000000800006B8 (0x00000013) addi x0, x0, 0x0                         inst_40+28

clint mtime 0x00000000000000D8 (mip.MTI <- 0b1, mip.STI <- 0b0)
mem[X,0x00000000800006BC] -> 0x0593
mem[X,0x00000000800006BE] -> 0x0010
[432] [M]: 0x00000000800006BC (0x00100593) addi x11, x0, 0x1                        inst_41+0
x11 <- 0x0000000000000001

mem[X,0x00000000800006C0] -> 0x9593
mem[X,0x00000000800006C2] -> 0x0245
[433] [M]: 0x00000000800006C0 (0x02459593) slli x11, x11, 0x24                      inst_41+4
x11 <- 0x0000001000000000

clint mtime 0x00000000000000D9 (mip.MTI <- 0b1, mip.STI <- 0b0)
mem[X,0x00000000800006C4] -> 0x0513
mem[X,0x00000000800006C6] -> 0x0A81
[434] [M]: 0x00000000800006C4 (0x0A810513) addi x10, x2, 0xa8                       inst_41+8
x10 <- 0x0000000080004260

mem[X,0x00000000800006C8] -> 0x0493
mem[X,0x00000000800006CA] -> 0xFBF0
[435] [M]: 0x00000000800006C8 (0xFBF00493) addi x9, x0, -0x41                       inst_41+12
x9 <- 0xFFFFFFFFFFFFFFBF

clint mtime 0x00000000000000DA (mip.MTI <- 0b1, mip.STI <- 0b0)
mem[X,0x00000000800006CC] -> 0x0533
mem[X,0x00000000800006CE] -> 0x4095
[436] [M]: 0x00000000800006CC (0x40950533) sub x10, x10, x9                         inst_41+16
x10 <- 0x00000000800042A1

mem[X,0x00000000800006D0] -> 0x2FA3
mem[X,0x00000000800006D2] -> 0xFAB5
[437] [M]: 0x00000000800006D0 (0xFAB52FA3) sw x11, -0x41(x10)                       inst_41+20
mem[W,0x0000000080004260] <- 0x00000000

clint mtime 0x00000000000000DB (mip.MTI <- 0b1, mip.STI <- 0b0)
mem[X,0x00000000800006D4] -> 0x0013
mem[X,0x00000000800006D6] -> 0x0000
[438] [M]: 0x00000000800006D4 (0x00000013) addi x0, x0, 0x0                         inst_41+24

mem[X,0x00000000800006D8] -> 0x0013
mem[X,0x00000000800006DA] -> 0x0000
[439] [M]: 0x00000000800006D8 (0x00000013) addi x0, x0, 0x0                         inst_41+28

clint mtime 0x00000000000000DC (mip.MTI <- 0b1, mip.STI <- 0b0)
mem[X,0x00000000800006DC] -> 0x0593
mem[X,0x00000000800006DE] -> 0x0010
[440] [M]: 0x00000000800006DC (0x00100593) addi x11, x0, 0x1                        inst_42+0
x11 <- 0x0000000000000001

mem[X,0x00000000800006E0] -> 0x9593
mem[X,0x00000000800006E2] -> 0x0255
[441] [M]: 0x00000000800006E0 (0x02559593) slli x11, x11, 0x25                      inst_42+4
x11 <- 0x0000002000000000

clint mtime 0x00000000000000DD (mip.MTI <- 0b1, mip.STI <- 0b0)
mem[X,0x00000000800006E4] -> 0x0513
mem[X,0x00000000800006E6] -> 0x0B01
[442] [M]: 0x00000000800006E4 (0x0B010513) addi x10, x2, 0xb0                       inst_42+8
x10 <- 0x0000000080004268

mem[X,0x00000000800006E8] -> 0x0493
mem[X,0x00000000800006EA] -> 0xFF60
[443] [M]: 0x00000000800006E8 (0xFF600493) addi x9, x0, -0xa                        inst_42+12
x9 <- 0xFFFFFFFFFFFFFFF6

clint mtime 0x00000000000000DE (mip.MTI <- 0b1, mip.STI <- 0b0)
mem[X,0x00000000800006EC] -> 0x0533
mem[X,0x00000000800006EE] -> 0x4095
[444] [M]: 0x00000000800006EC (0x40950533) sub x10, x10, x9                         inst_42+16
x10 <- 0x0000000080004272

mem[X,0x00000000800006F0] -> 0x2B23
mem[X,0x00000000800006F2] -> 0xFEB5
[445] [M]: 0x00000000800006F0 (0xFEB52B23) sw x11, -0xa(x10)                        inst_42+20
mem[W,0x0000000080004268] <- 0x00000000

clint mtime 0x00000000000000DF (mip.MTI <- 0b1, mip.STI <- 0b0)
mem[X,0x00000000800006F4] -> 0x0013
mem[X,0x00000000800006F6] -> 0x0000
[446] [M]: 0x00000000800006F4 (0x00000013) addi x0, x0, 0x0                         inst_42+24

mem[X,0x00000000800006F8] -> 0x0013
mem[X,0x00000000800006FA] -> 0x0000
[447] [M]: 0x00000000800006F8 (0x00000013) addi x0, x0, 0x0                         inst_42+28

clint mtime 0x00000000000000E0 (mip.MTI <- 0b1, mip.STI <- 0b0)
mem[X,0x00000000800006FC] -> 0x0593
mem[X,0x00000000800006FE] -> 0x0010
[448] [M]: 0x00000000800006FC (0x00100593) addi x11, x0, 0x1                        inst_43+0
x11 <- 0x0000000000000001

mem[X,0x0000000080000700] -> 0x9593
mem[X,0x0000000080000702] -> 0x0265
[449] [M]: 0x0000000080000700 (0x02659593) slli x11, x11, 0x26                      inst_43+4
x11 <- 0x0000004000000000

clint mtime 0x00000000000000E1 (mip.MTI <- 0b1, mip.STI <- 0b0)
mem[X,0x0000000080000704] -> 0x0513
mem[X,0x0000000080000706] -> 0x0B81
[450] [M]: 0x0000000080000704 (0x0B810513) addi x10, x2, 0xb8                       inst_43+8
x10 <- 0x0000000080004270

mem[X,0x0000000080000708] -> 0x0493
mem[X,0x000000008000070A] -> 0x0080
[451] [M]: 0x0000000080000708 (0x00800493) addi x9, x0, 0x8                         inst_43+12
x9 <- 0x0000000000000008

clint mtime 0x00000000000000E2 (mip.MTI <- 0b1, mip.STI <- 0b0)
mem[X,0x000000008000070C] -> 0x0533
mem[X,0x000000008000070E] -> 0x4095
[452] [M]: 0x000000008000070C (0x40950533) sub x10, x10, x9                         inst_43+16
x10 <- 0x0000000080004268

mem[X,0x0000000080000710] -> 0x2423
mem[X,0x0000000080000712] -> 0x00B5
[453] [M]: 0x0000000080000710 (0x00B52423) sw x11, 0x8(x10)                         inst_43+20
mem[W,0x0000000080004270] <- 0x00000000

clint mtime 0x00000000000000E3 (mip.MTI <- 0b1, mip.STI <- 0b0)
mem[X,0x0000000080000714] -> 0x0013
mem[X,0x0000000080000716] -> 0x0000
[454] [M]: 0x0000000080000714 (0x00000013) addi x0, x0, 0x0                         inst_43+24

mem[X,0x0000000080000718] -> 0x0013
mem[X,0x000000008000071A] -> 0x0000
[455] [M]: 0x0000000080000718 (0x00000013) addi x0, x0, 0x0                         inst_43+28

clint mtime 0x00000000000000E4 (mip.MTI <- 0b1, mip.STI <- 0b0)
mem[X,0x000000008000071C] -> 0x0593
mem[X,0x000000008000071E] -> 0x0010
[456] [M]: 0x000000008000071C (0x00100593) addi x11, x0, 0x1                        inst_44+0
x11 <- 0x0000000000000001

mem[X,0x0000000080000720] -> 0x9593
mem[X,0x0000000080000722] -> 0x0275
[457] [M]: 0x0000000080000720 (0x02759593) slli x11, x11, 0x27                      inst_44+4
x11 <- 0x0000008000000000

clint mtime 0x00000000000000E5 (mip.MTI <- 0b1, mip.STI <- 0b0)
mem[X,0x0000000080000724] -> 0x0513
mem[X,0x0000000080000726] -> 0x0C01
[458] [M]: 0x0000000080000724 (0x0C010513) addi x10, x2, 0xc0                       inst_44+8
x10 <- 0x0000000080004278

mem[X,0x0000000080000728] -> 0x0493
mem[X,0x000000008000072A] -> 0xEFF0
[459] [M]: 0x0000000080000728 (0xEFF00493) addi x9, x0, -0x101                      inst_44+12
x9 <- 0xFFFFFFFFFFFFFEFF

clint mtime 0x00000000000000E6 (mip.MTI <- 0b1, mip.STI <- 0b0)
mem[X,0x000000008000072C] -> 0x0533
mem[X,0x000000008000072E] -> 0x4095
[460] [M]: 0x000000008000072C (0x40950533) sub x10, x10, x9                         inst_44+16
x10 <- 0x0000000080004379

mem[X,0x0000000080000730] -> 0x2FA3
mem[X,0x0000000080000732] -> 0xEEB5
[461] [M]: 0x0000000080000730 (0xEEB52FA3) sw x11, -0x101(x10)                      inst_44+20
mem[W,0x0000000080004278] <- 0x00000000

clint mtime 0x00000000000000E7 (mip.MTI <- 0b1, mip.STI <- 0b0)
mem[X,0x0000000080000734] -> 0x0013
mem[X,0x0000000080000736] -> 0x0000
[462] [M]: 0x0000000080000734 (0x00000013) addi x0, x0, 0x0                         inst_44+24

mem[X,0x0000000080000738] -> 0x0013
mem[X,0x000000008000073A] -> 0x0000
[463] [M]: 0x0000000080000738 (0x00000013) addi x0, x0, 0x0                         inst_44+28

clint mtime 0x00000000000000E8 (mip.MTI <- 0b1, mip.STI <- 0b0)
mem[X,0x000000008000073C] -> 0x0593
mem[X,0x000000008000073E] -> 0x0010
[464] [M]: 0x000000008000073C (0x00100593) addi x11, x0, 0x1                        inst_45+0
x11 <- 0x0000000000000001

mem[X,0x0000000080000740] -> 0x9593
mem[X,0x0000000080000742] -> 0x0285
[465] [M]: 0x0000000080000740 (0x02859593) slli x11, x11, 0x28                      inst_45+4
x11 <- 0x0000010000000000

clint mtime 0x00000000000000E9 (mip.MTI <- 0b1, mip.STI <- 0b0)
mem[X,0x0000000080000744] -> 0x0513
mem[X,0x0000000080000746] -> 0x0C81
[466] [M]: 0x0000000080000744 (0x0C810513) addi x10, x2, 0xc8                       inst_45+8
x10 <- 0x0000000080004280

mem[X,0x0000000080000748] -> 0x0493
mem[X,0x000000008000074A] -> 0xFF80
[467] [M]: 0x0000000080000748 (0xFF800493) addi x9, x0, -0x8                        inst_45+12
x9 <- 0xFFFFFFFFFFFFFFF8

clint mtime 0x00000000000000EA (mip.MTI <- 0b1, mip.STI <- 0b0)
mem[X,0x000000008000074C] -> 0x0533
mem[X,0x000000008000074E] -> 0x4095
[468] [M]: 0x000000008000074C (0x40950533) sub x10, x10, x9                         inst_45+16
x10 <- 0x0000000080004288

mem[X,0x0000000080000750] -> 0x2C23
mem[X,0x0000000080000752] -> 0xFEB5
[469] [M]: 0x0000000080000750 (0xFEB52C23) sw x11, -0x8(x10)                        inst_45+20
mem[W,0x0000000080004280] <- 0x00000000

clint mtime 0x00000000000000EB (mip.MTI <- 0b1, mip.STI <- 0b0)
mem[X,0x0000000080000754] -> 0x0013
mem[X,0x0000000080000756] -> 0x0000
[470] [M]: 0x0000000080000754 (0x00000013) addi x0, x0, 0x0                         inst_45+24

mem[X,0x0000000080000758] -> 0x0013
mem[X,0x000000008000075A] -> 0x0000
[471] [M]: 0x0000000080000758 (0x00000013) addi x0, x0, 0x0                         inst_45+28

clint mtime 0x00000000000000EC (mip.MTI <- 0b1, mip.STI <- 0b0)
mem[X,0x000000008000075C] -> 0x0593
mem[X,0x000000008000075E] -> 0x0010
[472] [M]: 0x000000008000075C (0x00100593) addi x11, x0, 0x1                        inst_46+0
x11 <- 0x0000000000000001

mem[X,0x0000000080000760] -> 0x9593
mem[X,0x0000000080000762] -> 0x0295
[473] [M]: 0x0000000080000760 (0x02959593) slli x11, x11, 0x29                      inst_46+4
x11 <- 0x0000020000000000

clint mtime 0x00000000000000ED (mip.MTI <- 0b1, mip.STI <- 0b0)
mem[X,0x0000000080000764] -> 0x0513
mem[X,0x0000000080000766] -> 0x0D01
[474] [M]: 0x0000000080000764 (0x0D010513) addi x10, x2, 0xd0                       inst_46+8
x10 <- 0x0000000080004288

mem[X,0x0000000080000768] -> 0x0493
mem[X,0x000000008000076A] -> 0xFEF0
[475] [M]: 0x0000000080000768 (0xFEF00493) addi x9, x0, -0x11                       inst_46+12
x9 <- 0xFFFFFFFFFFFFFFEF

clint mtime 0x00000000000000EE (mip.MTI <- 0b1, mip.STI <- 0b0)
mem[X,0x000000008000076C] -> 0x0533
mem[X,0x000000008000076E] -> 0x4095
[476] [M]: 0x000000008000076C (0x40950533) sub x10, x10, x9                         inst_46+16
x10 <- 0x0000000080004299

mem[X,0x0000000080000770] -> 0x27A3
mem[X,0x0000000080000772] -> 0xFEB5
[477] [M]: 0x0000000080000770 (0xFEB527A3) sw x11, -0x11(x10)                       inst_46+20
mem[W,0x0000000080004288] <- 0x00000000

clint mtime 0x00000000000000EF (mip.MTI <- 0b1, mip.STI <- 0b0)
mem[X,0x0000000080000774] -> 0x0013
mem[X,0x0000000080000776] -> 0x0000
[478] [M]: 0x0000000080000774 (0x00000013) addi x0, x0, 0x0                         inst_46+24

mem[X,0x0000000080000778] -> 0x0013
mem[X,0x000000008000077A] -> 0x0000
[479] [M]: 0x0000000080000778 (0x00000013) addi x0, x0, 0x0                         inst_46+28

clint mtime 0x00000000000000F0 (mip.MTI <- 0b1, mip.STI <- 0b0)
mem[X,0x000000008000077C] -> 0x0593
mem[X,0x000000008000077E] -> 0x0010
[480] [M]: 0x000000008000077C (0x00100593) addi x11, x0, 0x1                        inst_47+0
x11 <- 0x0000000000000001

mem[X,0x0000000080000780] -> 0x9593
mem[X,0x0000000080000782] -> 0x02A5
[481] [M]: 0x0000000080000780 (0x02A59593) slli x11, x11, 0x2a                      inst_47+4
x11 <- 0x0000040000000000

clint mtime 0x00000000000000F1 (mip.MTI <- 0b1, mip.STI <- 0b0)
mem[X,0x0000000080000784] -> 0x0513
mem[X,0x0000000080000786] -> 0x0D81
[482] [M]: 0x0000000080000784 (0x0D810513) addi x10, x2, 0xd8                       inst_47+8
x10 <- 0x0000000080004290

mem[X,0x0000000080000788] -> 0x0493
mem[X,0x000000008000078A] -> 0x0060
[483] [M]: 0x0000000080000788 (0x00600493) addi x9, x0, 0x6                         inst_47+12
x9 <- 0x0000000000000006

clint mtime 0x00000000000000F2 (mip.MTI <- 0b1, mip.STI <- 0b0)
mem[X,0x000000008000078C] -> 0x0533
mem[X,0x000000008000078E] -> 0x4095
[484] [M]: 0x000000008000078C (0x40950533) sub x10, x10, x9                         inst_47+16
x10 <- 0x000000008000428A

mem[X,0x0000000080000790] -> 0x2323
mem[X,0x0000000080000792] -> 0x00B5
[485] [M]: 0x0000000080000790 (0x00B52323) sw x11, 0x6(x10)                         inst_47+20
mem[W,0x0000000080004290] <- 0x00000000

clint mtime 0x00000000000000F3 (mip.MTI <- 0b1, mip.STI <- 0b0)
mem[X,0x0000000080000794] -> 0x0013
mem[X,0x0000000080000796] -> 0x0000
[486] [M]: 0x0000000080000794 (0x00000013) addi x0, x0, 0x0                         inst_47+24

mem[X,0x0000000080000798] -> 0x0013
mem[X,0x000000008000079A] -> 0x0000
[487] [M]: 0x0000000080000798 (0x00000013) addi x0, x0, 0x0                         inst_47+28

clint mtime 0x00000000000000F4 (mip.MTI <- 0b1, mip.STI <- 0b0)
mem[X,0x000000008000079C] -> 0x0593
mem[X,0x000000008000079E] -> 0x0010
[488] [M]: 0x000000008000079C (0x00100593) addi x11, x0, 0x1                        inst_48+0
x11 <- 0x0000000000000001

mem[X,0x00000000800007A0] -> 0x9593
mem[X,0x00000000800007A2] -> 0x02B5
[489] [M]: 0x00000000800007A0 (0x02B59593) slli x11, x11, 0x2b                      inst_48+4
x11 <- 0x0000080000000000

clint mtime 0x00000000000000F5 (mip.MTI <- 0b1, mip.STI <- 0b0)
mem[X,0x00000000800007A4] -> 0x0513
mem[X,0x00000000800007A6] -> 0x0E01
[490] [M]: 0x00000000800007A4 (0x0E010513) addi x10, x2, 0xe0                       inst_48+8
x10 <- 0x0000000080004298

mem[X,0x00000000800007A8] -> 0x0493
mem[X,0x00000000800007AA] -> 0xFFC0
[491] [M]: 0x00000000800007A8 (0xFFC00493) addi x9, x0, -0x4                        inst_48+12
x9 <- 0xFFFFFFFFFFFFFFFC

clint mtime 0x00000000000000F6 (mip.MTI <- 0b1, mip.STI <- 0b0)
mem[X,0x00000000800007AC] -> 0x0533
mem[X,0x00000000800007AE] -> 0x4095
[492] [M]: 0x00000000800007AC (0x40950533) sub x10, x10, x9                         inst_48+16
x10 <- 0x000000008000429C

mem[X,0x00000000800007B0] -> 0x2E23
mem[X,0x00000000800007B2] -> 0xFEB5
[493] [M]: 0x00000000800007B0 (0xFEB52E23) sw x11, -0x4(x10)                        inst_48+20
mem[W,0x0000000080004298] <- 0x00000000

clint mtime 0x00000000000000F7 (mip.MTI <- 0b1, mip.STI <- 0b0)
mem[X,0x00000000800007B4] -> 0x0013
mem[X,0x00000000800007B6] -> 0x0000
[494] [M]: 0x00000000800007B4 (0x00000013) addi x0, x0, 0x0                         inst_48+24

mem[X,0x00000000800007B8] -> 0x0013
mem[X,0x00000000800007BA] -> 0x0000
[495] [M]: 0x00000000800007B8 (0x00000013) addi x0, x0, 0x0                         inst_48+28

clint mtime 0x00000000000000F8 (mip.MTI <- 0b1, mip.STI <- 0b0)
mem[X,0x00000000800007BC] -> 0x0593
mem[X,0x00000000800007BE] -> 0x0010
[496] [M]: 0x00000000800007BC (0x00100593) addi x11, x0, 0x1                        inst_49+0
x11 <- 0x0000000000000001

mem[X,0x00000000800007C0] -> 0x9593
mem[X,0x00000000800007C2] -> 0x02C5
[497] [M]: 0x00000000800007C0 (0x02C59593) slli x11, x11, 0x2c                      inst_49+4
x11 <- 0x0000100000000000

clint mtime 0x00000000000000F9 (mip.MTI <- 0b1, mip.STI <- 0b0)
mem[X,0x00000000800007C4] -> 0x0513
mem[X,0x00000000800007C6] -> 0x0E81
[498] [M]: 0x00000000800007C4 (0x0E810513) addi x10, x2, 0xe8                       inst_49+8
x10 <- 0x00000000800042A0

mem[X,0x00000000800007C8] -> 0x0493
mem[X,0x00000000800007CA] -> 0xFBF0
[499] [M]: 0x00000000800007C8 (0xFBF00493) addi x9, x0, -0x41                       inst_49+12
x9 <- 0xFFFFFFFFFFFFFFBF

clint mtime 0x00000000000000FA (mip.MTI <- 0b1, mip.STI <- 0b0)
mem[X,0x00000000800007CC] -> 0x0533
mem[X,0x00000000800007CE] -> 0x4095
[500] [M]: 0x00000000800007CC (0x40950533) sub x10, x10, x9                         inst_49+16
x10 <- 0x00000000800042E1

mem[X,0x00000000800007D0] -> 0x2FA3
mem[X,0x00000000800007D2] -> 0xFAB5
[501] [M]: 0x00000000800007D0 (0xFAB52FA3) sw x11, -0x41(x10)                       inst_49+20
mem[W,0x00000000800042A0] <- 0x00000000

clint mtime 0x00000000000000FB (mip.MTI <- 0b1, mip.STI <- 0b0)
mem[X,0x00000000800007D4] -> 0x0013
mem[X,0x00000000800007D6] -> 0x0000
[502] [M]: 0x00000000800007D4 (0x00000013) addi x0, x0, 0x0                         inst_49+24

mem[X,0x00000000800007D8] -> 0x0013
mem[X,0x00000000800007DA] -> 0x0000
[503] [M]: 0x00000000800007D8 (0x00000013) addi x0, x0, 0x0                         inst_49+28

clint mtime 0x00000000000000FC (mip.MTI <- 0b1, mip.STI <- 0b0)
mem[X,0x00000000800007DC] -> 0x0593
mem[X,0x00000000800007DE] -> 0x0010
[504] [M]: 0x00000000800007DC (0x00100593) addi x11, x0, 0x1                        inst_50+0
x11 <- 0x0000000000000001

mem[X,0x00000000800007E0] -> 0x9593
mem[X,0x00000000800007E2] -> 0x02D5
[505] [M]: 0x00000000800007E0 (0x02D59593) slli x11, x11, 0x2d                      inst_50+4
x11 <- 0x0000200000000000

clint mtime 0x00000000000000FD (mip.MTI <- 0b1, mip.STI <- 0b0)
mem[X,0x00000000800007E4] -> 0x0513
mem[X,0x00000000800007E6] -> 0x0F01
[506] [M]: 0x00000000800007E4 (0x0F010513) addi x10, x2, 0xf0                       inst_50+8
x10 <- 0x00000000800042A8

mem[X,0x00000000800007E8] -> 0x0493
mem[X,0x00000000800007EA] -> 0xBFF0
[507] [M]: 0x00000000800007E8 (0xBFF00493) addi x9, x0, -0x401                      inst_50+12
x9 <- 0xFFFFFFFFFFFFFBFF

clint mtime 0x00000000000000FE (mip.MTI <- 0b1, mip.STI <- 0b0)
mem[X,0x00000000800007EC] -> 0x0533
mem[X,0x00000000800007EE] -> 0x4095
[508] [M]: 0x00000000800007EC (0x40950533) sub x10, x10, x9                         inst_50+16
x10 <- 0x00000000800046A9

mem[X,0x00000000800007F0] -> 0x2FA3
mem[X,0x00000000800007F2] -> 0xBEB5
[509] [M]: 0x00000000800007F0 (0xBEB52FA3) sw x11, -0x401(x10)                      inst_50+20
mem[W,0x00000000800042A8] <- 0x00000000

clint mtime 0x00000000000000FF (mip.MTI <- 0b1, mip.STI <- 0b0)
mem[X,0x00000000800007F4] -> 0x0013
mem[X,0x00000000800007F6] -> 0x0000
[510] [M]: 0x00000000800007F4 (0x00000013) addi x0, x0, 0x0                         inst_50+24

mem[X,0x00000000800007F8] -> 0x0013
mem[X,0x00000000800007FA] -> 0x0000
[511] [M]: 0x00000000800007F8 (0x00000013) addi x0, x0, 0x0                         inst_50+28

clint mtime 0x0000000000000100 (mip.MTI <- 0b1, mip.STI <- 0b0)
mem[X,0x00000000800007FC] -> 0x0593
mem[X,0x00000000800007FE] -> 0x0010
[512] [M]: 0x00000000800007FC (0x00100593) addi x11, x0, 0x1                        inst_51+0
x11 <- 0x0000000000000001

mem[X,0x0000000080000800] -> 0x9593
mem[X,0x0000000080000802] -> 0x02E5
[513] [M]: 0x0000000080000800 (0x02E59593) slli x11, x11, 0x2e                      inst_51+4
x11 <- 0x0000400000000000

clint mtime 0x0000000000000101 (mip.MTI <- 0b1, mip.STI <- 0b0)
mem[X,0x0000000080000804] -> 0x0513
mem[X,0x0000000080000806] -> 0x0F81
[514] [M]: 0x0000000080000804 (0x0F810513) addi x10, x2, 0xf8                       inst_51+8
x10 <- 0x00000000800042B0

mem[X,0x0000000080000808] -> 0x0493
mem[X,0x000000008000080A] -> 0xBFF0
[515] [M]: 0x0000000080000808 (0xBFF00493) addi x9, x0, -0x401                      inst_51+12
x9 <- 0xFFFFFFFFFFFFFBFF

clint mtime 0x0000000000000102 (mip.MTI <- 0b1, mip.STI <- 0b0)
mem[X,0x000000008000080C] -> 0x0533
mem[X,0x000000008000080E] -> 0x4095
[516] [M]: 0x000000008000080C (0x40950533) sub x10, x10, x9                         inst_51+16
x10 <- 0x00000000800046B1

mem[X,0x0000000080000810] -> 0x2FA3
mem[X,0x0000000080000812] -> 0xBEB5
[517] [M]: 0x0000000080000810 (0xBEB52FA3) sw x11, -0x401(x10)                      inst_51+20
mem[W,0x00000000800042B0] <- 0x00000000

clint mtime 0x0000000000000103 (mip.MTI <- 0b1, mip.STI <- 0b0)
mem[X,0x0000000080000814] -> 0x0013
mem[X,0x0000000080000816] -> 0x0000
[518] [M]: 0x0000000080000814 (0x00000013) addi x0, x0, 0x0                         inst_51+24

mem[X,0x0000000080000818] -> 0x0013
mem[X,0x000000008000081A] -> 0x0000
[519] [M]: 0x0000000080000818 (0x00000013) addi x0, x0, 0x0                         inst_51+28

clint mtime 0x0000000000000104 (mip.MTI <- 0b1, mip.STI <- 0b0)
mem[X,0x000000008000081C] -> 0x0593
mem[X,0x000000008000081E] -> 0x0010
[520] [M]: 0x000000008000081C (0x00100593) addi x11, x0, 0x1                        inst_52+0
x11 <- 0x0000000000000001

mem[X,0x0000000080000820] -> 0x9593
mem[X,0x0000000080000822] -> 0x02F5
[521] [M]: 0x0000000080000820 (0x02F59593) slli x11, x11, 0x2f                      inst_52+4
x11 <- 0x0000800000000000

clint mtime 0x0000000000000105 (mip.MTI <- 0b1, mip.STI <- 0b0)
mem[X,0x0000000080000824] -> 0x0513
mem[X,0x0000000080000826] -> 0x1001
[522] [M]: 0x0000000080000824 (0x10010513) addi x10, x2, 0x100                      inst_52+8
x10 <- 0x00000000800042B8

mem[X,0x0000000080000828] -> 0x0493
mem[X,0x000000008000082A] -> 0xC000
[523] [M]: 0x0000000080000828 (0xC0000493) addi x9, x0, -0x400                      inst_52+12
x9 <- 0xFFFFFFFFFFFFFC00

clint mtime 0x0000000000000106 (mip.MTI <- 0b1, mip.STI <- 0b0)
mem[X,0x000000008000082C] -> 0x0533
mem[X,0x000000008000082E] -> 0x4095
[524] [M]: 0x000000008000082C (0x40950533) sub x10, x10, x9                         inst_52+16
x10 <- 0x00000000800046B8

mem[X,0x0000000080000830] -> 0x2023
mem[X,0x0000000080000832] -> 0xC0B5
[525] [M]: 0x0000000080000830 (0xC0B52023) sw x11, -0x400(x10)                      inst_52+20
mem[W,0x00000000800042B8] <- 0x00000000

clint mtime 0x0000000000000107 (mip.MTI <- 0b1, mip.STI <- 0b0)
mem[X,0x0000000080000834] -> 0x0013
mem[X,0x0000000080000836] -> 0x0000
[526] [M]: 0x0000000080000834 (0x00000013) addi x0, x0, 0x0                         inst_52+24

mem[X,0x0000000080000838] -> 0x0013
mem[X,0x000000008000083A] -> 0x0000
[527] [M]: 0x0000000080000838 (0x00000013) addi x0, x0, 0x0                         inst_52+28

clint mtime 0x0000000000000108 (mip.MTI <- 0b1, mip.STI <- 0b0)
mem[X,0x000000008000083C] -> 0x0593
mem[X,0x000000008000083E] -> 0x0010
[528] [M]: 0x000000008000083C (0x00100593) addi x11, x0, 0x1                        inst_53+0
x11 <- 0x0000000000000001

mem[X,0x0000000080000840] -> 0x9593
mem[X,0x0000000080000842] -> 0x0305
[529] [M]: 0x0000000080000840 (0x03059593) slli x11, x11, 0x30                      inst_53+4
x11 <- 0x0001000000000000

clint mtime 0x0000000000000109 (mip.MTI <- 0b1, mip.STI <- 0b0)
mem[X,0x0000000080000844] -> 0x0513
mem[X,0x0000000080000846] -> 0x1081
[530] [M]: 0x0000000080000844 (0x10810513) addi x10, x2, 0x108                      inst_53+8
x10 <- 0x00000000800042C0

mem[X,0x0000000080000848] -> 0x0493
mem[X,0x000000008000084A] -> 0x1000
[531] [M]: 0x0000000080000848 (0x10000493) addi x9, x0, 0x100                       inst_53+12
x9 <- 0x0000000000000100

clint mtime 0x000000000000010A (mip.MTI <- 0b1, mip.STI <- 0b0)
mem[X,0x000000008000084C] -> 0x0533
mem[X,0x000000008000084E] -> 0x4095
[532] [M]: 0x000000008000084C (0x40950533) sub x10, x10, x9                         inst_53+16
x10 <- 0x00000000800041C0

mem[X,0x0000000080000850] -> 0x2023
mem[X,0x0000000080000852] -> 0x10B5
[533] [M]: 0x0000000080000850 (0x10B52023) sw x11, 0x100(x10)                       inst_53+20
mem[W,0x00000000800042C0] <- 0x00000000

clint mtime 0x000000000000010B (mip.MTI <- 0b1, mip.STI <- 0b0)
mem[X,0x0000000080000854] -> 0x0013
mem[X,0x0000000080000856] -> 0x0000
[534] [M]: 0x0000000080000854 (0x00000013) addi x0, x0, 0x0                         inst_53+24

mem[X,0x0000000080000858] -> 0x0013
mem[X,0x000000008000085A] -> 0x0000
[535] [M]: 0x0000000080000858 (0x00000013) addi x0, x0, 0x0                         inst_53+28

clint mtime 0x000000000000010C (mip.MTI <- 0b1, mip.STI <- 0b0)
mem[X,0x000000008000085C] -> 0x0593
mem[X,0x000000008000085E] -> 0x0010
[536] [M]: 0x000000008000085C (0x00100593) addi x11, x0, 0x1                        inst_54+0
x11 <- 0x0000000000000001

mem[X,0x0000000080000860] -> 0x9593
mem[X,0x0000000080000862] -> 0x0315
[537] [M]: 0x0000000080000860 (0x03159593) slli x11, x11, 0x31                      inst_54+4
x11 <- 0x0002000000000000

clint mtime 0x000000000000010D (mip.MTI <- 0b1, mip.STI <- 0b0)
mem[X,0x0000000080000864] -> 0x0513
mem[X,0x0000000080000866] -> 0x1101
[538] [M]: 0x0000000080000864 (0x11010513) addi x10, x2, 0x110                      inst_54+8
x10 <- 0x00000000800042C8

mem[X,0x0000000080000868] -> 0x0493
mem[X,0x000000008000086A] -> 0xEFF0
[539] [M]: 0x0000000080000868 (0xEFF00493) addi x9, x0, -0x101                      inst_54+12
x9 <- 0xFFFFFFFFFFFFFEFF

clint mtime 0x000000000000010E (mip.MTI <- 0b1, mip.STI <- 0b0)
mem[X,0x000000008000086C] -> 0x0533
mem[X,0x000000008000086E] -> 0x4095
[540] [M]: 0x000000008000086C (0x40950533) sub x10, x10, x9                         inst_54+16
x10 <- 0x00000000800043C9

mem[X,0x0000000080000870] -> 0x2FA3
mem[X,0x0000000080000872] -> 0xEEB5
[541] [M]: 0x0000000080000870 (0xEEB52FA3) sw x11, -0x101(x10)                      inst_54+20
mem[W,0x00000000800042C8] <- 0x00000000

clint mtime 0x000000000000010F (mip.MTI <- 0b1, mip.STI <- 0b0)
mem[X,0x0000000080000874] -> 0x0013
mem[X,0x0000000080000876] -> 0x0000
[542] [M]: 0x0000000080000874 (0x00000013) addi x0, x0, 0x0                         inst_54+24

mem[X,0x0000000080000878] -> 0x0013
mem[X,0x000000008000087A] -> 0x0000
[543] [M]: 0x0000000080000878 (0x00000013) addi x0, x0, 0x0                         inst_54+28

clint mtime 0x0000000000000110 (mip.MTI <- 0b1, mip.STI <- 0b0)
mem[X,0x000000008000087C] -> 0x0593
mem[X,0x000000008000087E] -> 0x0010
[544] [M]: 0x000000008000087C (0x00100593) addi x11, x0, 0x1                        inst_55+0
x11 <- 0x0000000000000001

mem[X,0x0000000080000880] -> 0x9593
mem[X,0x0000000080000882] -> 0x0325
[545] [M]: 0x0000000080000880 (0x03259593) slli x11, x11, 0x32                      inst_55+4
x11 <- 0x0004000000000000

clint mtime 0x0000000000000111 (mip.MTI <- 0b1, mip.STI <- 0b0)
mem[X,0x0000000080000884] -> 0x0513
mem[X,0x0000000080000886] -> 0x1181
[546] [M]: 0x0000000080000884 (0x11810513) addi x10, x2, 0x118                      inst_55+8
x10 <- 0x00000000800042D0

mem[X,0x0000000080000888] -> 0x0493
mem[X,0x000000008000088A] -> 0xFF80
[547] [M]: 0x0000000080000888 (0xFF800493) addi x9, x0, -0x8                        inst_55+12
x9 <- 0xFFFFFFFFFFFFFFF8

clint mtime 0x0000000000000112 (mip.MTI <- 0b1, mip.STI <- 0b0)
mem[X,0x000000008000088C] -> 0x0533
mem[X,0x000000008000088E] -> 0x4095
[548] [M]: 0x000000008000088C (0x40950533) sub x10, x10, x9                         inst_55+16
x10 <- 0x00000000800042D8

mem[X,0x0000000080000890] -> 0x2C23
mem[X,0x0000000080000892] -> 0xFEB5
[549] [M]: 0x0000000080000890 (0xFEB52C23) sw x11, -0x8(x10)                        inst_55+20
mem[W,0x00000000800042D0] <- 0x00000000

clint mtime 0x0000000000000113 (mip.MTI <- 0b1, mip.STI <- 0b0)
mem[X,0x0000000080000894] -> 0x0013
mem[X,0x0000000080000896] -> 0x0000
[550] [M]: 0x0000000080000894 (0x00000013) addi x0, x0, 0x0                         inst_55+24

mem[X,0x0000000080000898] -> 0x0013
mem[X,0x000000008000089A] -> 0x0000
[551] [M]: 0x0000000080000898 (0x00000013) addi x0, x0, 0x0                         inst_55+28

clint mtime 0x0000000000000114 (mip.MTI <- 0b1, mip.STI <- 0b0)
mem[X,0x000000008000089C] -> 0x0593
mem[X,0x000000008000089E] -> 0x0010
[552] [M]: 0x000000008000089C (0x00100593) addi x11, x0, 0x1                        inst_56+0
x11 <- 0x0000000000000001

mem[X,0x00000000800008A0] -> 0x9593
mem[X,0x00000000800008A2] -> 0x0335
[553] [M]: 0x00000000800008A0 (0x03359593) slli x11, x11, 0x33                      inst_56+4
x11 <- 0x0008000000000000

clint mtime 0x0000000000000115 (mip.MTI <- 0b1, mip.STI <- 0b0)
mem[X,0x00000000800008A4] -> 0x0513
mem[X,0x00000000800008A6] -> 0x1201
[554] [M]: 0x00000000800008A4 (0x12010513) addi x10, x2, 0x120                      inst_56+8
x10 <- 0x00000000800042D8

mem[X,0x00000000800008A8] -> 0x0493
mem[X,0x00000000800008AA] -> 0x0020
[555] [M]: 0x00000000800008A8 (0x00200493) addi x9, x0, 0x2                         inst_56+12
x9 <- 0x0000000000000002

clint mtime 0x0000000000000116 (mip.MTI <- 0b1, mip.STI <- 0b0)
mem[X,0x00000000800008AC] -> 0x0533
mem[X,0x00000000800008AE] -> 0x4095
[556] [M]: 0x00000000800008AC (0x40950533) sub x10, x10, x9                         inst_56+16
x10 <- 0x00000000800042D6

mem[X,0x00000000800008B0] -> 0x2123
mem[X,0x00000000800008B2] -> 0x00B5
[557] [M]: 0x00000000800008B0 (0x00B52123) sw x11, 0x2(x10)                         inst_56+20
mem[W,0x00000000800042D8] <- 0x00000000

clint mtime 0x0000000000000117 (mip.MTI <- 0b1, mip.STI <- 0b0)
mem[X,0x00000000800008B4] -> 0x0013
mem[X,0x00000000800008B6] -> 0x0000
[558] [M]: 0x00000000800008B4 (0x00000013) addi x0, x0, 0x0                         inst_56+24

mem[X,0x00000000800008B8] -> 0x0013
mem[X,0x00000000800008BA] -> 0x0000
[559] [M]: 0x00000000800008B8 (0x00000013) addi x0, x0, 0x0                         inst_56+28

clint mtime 0x0000000000000118 (mip.MTI <- 0b1, mip.STI <- 0b0)
mem[X,0x00000000800008BC] -> 0x0593
mem[X,0x00000000800008BE] -> 0x0010
[560] [M]: 0x00000000800008BC (0x00100593) addi x11, x0, 0x1                        inst_57+0
x11 <- 0x0000000000000001

mem[X,0x00000000800008C0] -> 0x9593
mem[X,0x00000000800008C2] -> 0x0345
[561] [M]: 0x00000000800008C0 (0x03459593) slli x11, x11, 0x34                      inst_57+4
x11 <- 0x0010000000000000

clint mtime 0x0000000000000119 (mip.MTI <- 0b1, mip.STI <- 0b0)
mem[X,0x00000000800008C4] -> 0x0513
mem[X,0x00000000800008C6] -> 0x1281
[562] [M]: 0x00000000800008C4 (0x12810513) addi x10, x2, 0x128                      inst_57+8
x10 <- 0x00000000800042E0

mem[X,0x00000000800008C8] -> 0x0493
mem[X,0x00000000800008CA] -> 0x0080
[563] [M]: 0x00000000800008C8 (0x00800493) addi x9, x0, 0x8                         inst_57+12
x9 <- 0x0000000000000008

clint mtime 0x000000000000011A (mip.MTI <- 0b1, mip.STI <- 0b0)
mem[X,0x00000000800008CC] -> 0x0533
mem[X,0x00000000800008CE] -> 0x4095
[564] [M]: 0x00000000800008CC (0x40950533) sub x10, x10, x9                         inst_57+16
x10 <- 0x00000000800042D8

mem[X,0x00000000800008D0] -> 0x2423
mem[X,0x00000000800008D2] -> 0x00B5
[565] [M]: 0x00000000800008D0 (0x00B52423) sw x11, 0x8(x10)                         inst_57+20
mem[W,0x00000000800042E0] <- 0x00000000

clint mtime 0x000000000000011B (mip.MTI <- 0b1, mip.STI <- 0b0)
mem[X,0x00000000800008D4] -> 0x0013
mem[X,0x00000000800008D6] -> 0x0000
[566] [M]: 0x00000000800008D4 (0x00000013) addi x0, x0, 0x0                         inst_57+24

mem[X,0x00000000800008D8] -> 0x0013
mem[X,0x00000000800008DA] -> 0x0000
[567] [M]: 0x00000000800008D8 (0x00000013) addi x0, x0, 0x0                         inst_57+28

clint mtime 0x000000000000011C (mip.MTI <- 0b1, mip.STI <- 0b0)
mem[X,0x00000000800008DC] -> 0x0593
mem[X,0x00000000800008DE] -> 0x0010
[568] [M]: 0x00000000800008DC (0x00100593) addi x11, x0, 0x1                        inst_58+0
x11 <- 0x0000000000000001

mem[X,0x00000000800008E0] -> 0x9593
mem[X,0x00000000800008E2] -> 0x0355
[569] [M]: 0x00000000800008E0 (0x03559593) slli x11, x11, 0x35                      inst_58+4
x11 <- 0x0020000000000000

clint mtime 0x000000000000011D (mip.MTI <- 0b1, mip.STI <- 0b0)
mem[X,0x00000000800008E4] -> 0x0513
mem[X,0x00000000800008E6] -> 0x1301
[570] [M]: 0x00000000800008E4 (0x13010513) addi x10, x2, 0x130                      inst_58+8
x10 <- 0x00000000800042E8

mem[X,0x00000000800008E8] -> 0x0493
mem[X,0x00000000800008EA] -> 0x0100
[571] [M]: 0x00000000800008E8 (0x01000493) addi x9, x0, 0x10                        inst_58+12
x9 <- 0x0000000000000010

clint mtime 0x000000000000011E (mip.MTI <- 0b1, mip.STI <- 0b0)
mem[X,0x00000000800008EC] -> 0x0533
mem[X,0x00000000800008EE] -> 0x4095
[572] [M]: 0x00000000800008EC (0x40950533) sub x10, x10, x9                         inst_58+16
x10 <- 0x00000000800042D8

mem[X,0x00000000800008F0] -> 0x2823
mem[X,0x00000000800008F2] -> 0x00B5
[573] [M]: 0x00000000800008F0 (0x00B52823) sw x11, 0x10(x10)                        inst_58+20
mem[W,0x00000000800042E8] <- 0x00000000

clint mtime 0x000000000000011F (mip.MTI <- 0b1, mip.STI <- 0b0)
mem[X,0x00000000800008F4] -> 0x0013
mem[X,0x00000000800008F6] -> 0x0000
[574] [M]: 0x00000000800008F4 (0x00000013) addi x0, x0, 0x0                         inst_58+24

mem[X,0x00000000800008F8] -> 0x0013
mem[X,0x00000000800008FA] -> 0x0000
[575] [M]: 0x00000000800008F8 (0x00000013) addi x0, x0, 0x0                         inst_58+28

clint mtime 0x0000000000000120 (mip.MTI <- 0b1, mip.STI <- 0b0)
mem[X,0x00000000800008FC] -> 0x0593
mem[X,0x00000000800008FE] -> 0x0010
[576] [M]: 0x00000000800008FC (0x00100593) addi x11, x0, 0x1                        inst_59+0
x11 <- 0x0000000000000001

mem[X,0x0000000080000900] -> 0x9593
mem[X,0x0000000080000902] -> 0x0365
[577] [M]: 0x0000000080000900 (0x03659593) slli x11, x11, 0x36                      inst_59+4
x11 <- 0x0040000000000000

clint mtime 0x0000000000000121 (mip.MTI <- 0b1, mip.STI <- 0b0)
mem[X,0x0000000080000904] -> 0x0513
mem[X,0x0000000080000906] -> 0x1381
[578] [M]: 0x0000000080000904 (0x13810513) addi x10, x2, 0x138                      inst_59+8
x10 <- 0x00000000800042F0

mem[X,0x0000000080000908] -> 0x0493
mem[X,0x000000008000090A] -> 0x0040
[579] [M]: 0x0000000080000908 (0x00400493) addi x9, x0, 0x4                         inst_59+12
x9 <- 0x0000000000000004

clint mtime 0x0000000000000122 (mip.MTI <- 0b1, mip.STI <- 0b0)
mem[X,0x000000008000090C] -> 0x0533
mem[X,0x000000008000090E] -> 0x4095
[580] [M]: 0x000000008000090C (0x40950533) sub x10, x10, x9                         inst_59+16
x10 <- 0x00000000800042EC

mem[X,0x0000000080000910] -> 0x2223
mem[X,0x0000000080000912] -> 0x00B5
[581] [M]: 0x0000000080000910 (0x00B52223) sw x11, 0x4(x10)                         inst_59+20
mem[W,0x00000000800042F0] <- 0x00000000

clint mtime 0x0000000000000123 (mip.MTI <- 0b1, mip.STI <- 0b0)
mem[X,0x0000000080000914] -> 0x0013
mem[X,0x0000000080000916] -> 0x0000
[582] [M]: 0x0000000080000914 (0x00000013) addi x0, x0, 0x0                         inst_59+24

mem[X,0x0000000080000918] -> 0x0013
mem[X,0x000000008000091A] -> 0x0000
[583] [M]: 0x0000000080000918 (0x00000013) addi x0, x0, 0x0                         inst_59+28

clint mtime 0x0000000000000124 (mip.MTI <- 0b1, mip.STI <- 0b0)
mem[X,0x000000008000091C] -> 0x0593
mem[X,0x000000008000091E] -> 0x0010
[584] [M]: 0x000000008000091C (0x00100593) addi x11, x0, 0x1                        inst_60+0
x11 <- 0x0000000000000001

mem[X,0x0000000080000920] -> 0x9593
mem[X,0x0000000080000922] -> 0x0375
[585] [M]: 0x0000000080000920 (0x03759593) slli x11, x11, 0x37                      inst_60+4
x11 <- 0x0080000000000000

clint mtime 0x0000000000000125 (mip.MTI <- 0b1, mip.STI <- 0b0)
mem[X,0x0000000080000924] -> 0x0513
mem[X,0x0000000080000926] -> 0x1401
[586] [M]: 0x0000000080000924 (0x14010513) addi x10, x2, 0x140                      inst_60+8
x10 <- 0x00000000800042F8

mem[X,0x0000000080000928] -> 0x0493
mem[X,0x000000008000092A] -> 0x0050
[587] [M]: 0x0000000080000928 (0x00500493) addi x9, x0, 0x5                         inst_60+12
x9 <- 0x0000000000000005

clint mtime 0x0000000000000126 (mip.MTI <- 0b1, mip.STI <- 0b0)
mem[X,0x000000008000092C] -> 0x0533
mem[X,0x000000008000092E] -> 0x4095
[588] [M]: 0x000000008000092C (0x40950533) sub x10, x10, x9                         inst_60+16
x10 <- 0x00000000800042F3

mem[X,0x0000000080000930] -> 0x22A3
mem[X,0x0000000080000932] -> 0x00B5
[589] [M]: 0x0000000080000930 (0x00B522A3) sw x11, 0x5(x10)                         inst_60+20
mem[W,0x00000000800042F8] <- 0x00000000

clint mtime 0x0000000000000127 (mip.MTI <- 0b1, mip.STI <- 0b0)
mem[X,0x0000000080000934] -> 0x0013
mem[X,0x0000000080000936] -> 0x0000
[590] [M]: 0x0000000080000934 (0x00000013) addi x0, x0, 0x0                         inst_60+24

mem[X,0x0000000080000938] -> 0x0013
mem[X,0x000000008000093A] -> 0x0000
[591] [M]: 0x0000000080000938 (0x00000013) addi x0, x0, 0x0                         inst_60+28

clint mtime 0x0000000000000128 (mip.MTI <- 0b1, mip.STI <- 0b0)
mem[X,0x000000008000093C] -> 0x0593
mem[X,0x000000008000093E] -> 0x0010
[592] [M]: 0x000000008000093C (0x00100593) addi x11, x0, 0x1                        inst_61+0
x11 <- 0x0000000000000001

mem[X,0x0000000080000940] -> 0x9593
mem[X,0x0000000080000942] -> 0x0385
[593] [M]: 0x0000000080000940 (0x03859593) slli x11, x11, 0x38                      inst_61+4
x11 <- 0x0100000000000000

clint mtime 0x0000000000000129 (mip.MTI <- 0b1, mip.STI <- 0b0)
mem[X,0x0000000080000944] -> 0x0513
mem[X,0x0000000080000946] -> 0x1481
[594] [M]: 0x0000000080000944 (0x14810513) addi x10, x2, 0x148                      inst_61+8
x10 <- 0x0000000080004300

mem[X,0x0000000080000948] -> 0x0493
mem[X,0x000000008000094A] -> 0x0000
[595] [M]: 0x0000000080000948 (0x00000493) addi x9, x0, 0x0                         inst_61+12
x9 <- 0x0000000000000000

clint mtime 0x000000000000012A (mip.MTI <- 0b1, mip.STI <- 0b0)
mem[X,0x000000008000094C] -> 0x0533
mem[X,0x000000008000094E] -> 0x4095
[596] [M]: 0x000000008000094C (0x40950533) sub x10, x10, x9                         inst_61+16
x10 <- 0x0000000080004300

mem[X,0x0000000080000950] -> 0x2023
mem[X,0x0000000080000952] -> 0x00B5
[597] [M]: 0x0000000080000950 (0x00B52023) sw x11, 0x0(x10)                         inst_61+20
mem[W,0x0000000080004300] <- 0x00000000

clint mtime 0x000000000000012B (mip.MTI <- 0b1, mip.STI <- 0b0)
mem[X,0x0000000080000954] -> 0x0013
mem[X,0x0000000080000956] -> 0x0000
[598] [M]: 0x0000000080000954 (0x00000013) addi x0, x0, 0x0                         inst_61+24

mem[X,0x0000000080000958] -> 0x0013
mem[X,0x000000008000095A] -> 0x0000
[599] [M]: 0x0000000080000958 (0x00000013) addi x0, x0, 0x0                         inst_61+28

clint mtime 0x000000000000012C (mip.MTI <- 0b1, mip.STI <- 0b0)
mem[X,0x000000008000095C] -> 0x0593
mem[X,0x000000008000095E] -> 0x0010
[600] [M]: 0x000000008000095C (0x00100593) addi x11, x0, 0x1                        inst_62+0
x11 <- 0x0000000000000001

mem[X,0x0000000080000960] -> 0x9593
mem[X,0x0000000080000962] -> 0x03A5
[601] [M]: 0x0000000080000960 (0x03A59593) slli x11, x11, 0x3a                      inst_62+4
x11 <- 0x0400000000000000

clint mtime 0x000000000000012D (mip.MTI <- 0b1, mip.STI <- 0b0)
mem[X,0x0000000080000964] -> 0x0513
mem[X,0x0000000080000966] -> 0x1501
[602] [M]: 0x0000000080000964 (0x15010513) addi x10, x2, 0x150                      inst_62+8
x10 <- 0x0000000080004308

mem[X,0x0000000080000968] -> 0x0493
mem[X,0x000000008000096A] -> 0xFFC0
[603] [M]: 0x0000000080000968 (0xFFC00493) addi x9, x0, -0x4                        inst_62+12
x9 <- 0xFFFFFFFFFFFFFFFC

clint mtime 0x000000000000012E (mip.MTI <- 0b1, mip.STI <- 0b0)
mem[X,0x000000008000096C] -> 0x0533
mem[X,0x000000008000096E] -> 0x4095
[604] [M]: 0x000000008000096C (0x40950533) sub x10, x10, x9                         inst_62+16
x10 <- 0x000000008000430C

mem[X,0x0000000080000970] -> 0x2E23
mem[X,0x0000000080000972] -> 0xFEB5
[605] [M]: 0x0000000080000970 (0xFEB52E23) sw x11, -0x4(x10)                        inst_62+20
mem[W,0x0000000080004308] <- 0x00000000

clint mtime 0x000000000000012F (mip.MTI <- 0b1, mip.STI <- 0b0)
mem[X,0x0000000080000974] -> 0x0013
mem[X,0x0000000080000976] -> 0x0000
[606] [M]: 0x0000000080000974 (0x00000013) addi x0, x0, 0x0                         inst_62+24

mem[X,0x0000000080000978] -> 0x0013
mem[X,0x000000008000097A] -> 0x0000
[607] [M]: 0x0000000080000978 (0x00000013) addi x0, x0, 0x0                         inst_62+28

clint mtime 0x0000000000000130 (mip.MTI <- 0b1, mip.STI <- 0b0)
mem[X,0x000000008000097C] -> 0x0593
mem[X,0x000000008000097E] -> 0x0010
[608] [M]: 0x000000008000097C (0x00100593) addi x11, x0, 0x1                        inst_63+0
x11 <- 0x0000000000000001

mem[X,0x0000000080000980] -> 0x9593
mem[X,0x0000000080000982] -> 0x03B5
[609] [M]: 0x0000000080000980 (0x03B59593) slli x11, x11, 0x3b                      inst_63+4
x11 <- 0x0800000000000000

clint mtime 0x0000000000000131 (mip.MTI <- 0b1, mip.STI <- 0b0)
mem[X,0x0000000080000984] -> 0x0513
mem[X,0x0000000080000986] -> 0x1581
[610] [M]: 0x0000000080000984 (0x15810513) addi x10, x2, 0x158                      inst_63+8
x10 <- 0x0000000080004310

mem[X,0x0000000080000988] -> 0x0493
mem[X,0x000000008000098A] -> 0xBFF0
[611] [M]: 0x0000000080000988 (0xBFF00493) addi x9, x0, -0x401                      inst_63+12
x9 <- 0xFFFFFFFFFFFFFBFF

clint mtime 0x0000000000000132 (mip.MTI <- 0b1, mip.STI <- 0b0)
mem[X,0x000000008000098C] -> 0x0533
mem[X,0x000000008000098E] -> 0x4095
[612] [M]: 0x000000008000098C (0x40950533) sub x10, x10, x9                         inst_63+16
x10 <- 0x0000000080004711

mem[X,0x0000000080000990] -> 0x2FA3
mem[X,0x0000000080000992] -> 0xBEB5
[613] [M]: 0x0000000080000990 (0xBEB52FA3) sw x11, -0x401(x10)                      inst_63+20
mem[W,0x0000000080004310] <- 0x00000000

clint mtime 0x0000000000000133 (mip.MTI <- 0b1, mip.STI <- 0b0)
mem[X,0x0000000080000994] -> 0x0013
mem[X,0x0000000080000996] -> 0x0000
[614] [M]: 0x0000000080000994 (0x00000013) addi x0, x0, 0x0                         inst_63+24

mem[X,0x0000000080000998] -> 0x0013
mem[X,0x000000008000099A] -> 0x0000
[615] [M]: 0x0000000080000998 (0x00000013) addi x0, x0, 0x0                         inst_63+28

clint mtime 0x0000000000000134 (mip.MTI <- 0b1, mip.STI <- 0b0)
mem[X,0x000000008000099C] -> 0x0593
mem[X,0x000000008000099E] -> 0x0010
[616] [M]: 0x000000008000099C (0x00100593) addi x11, x0, 0x1                        inst_64+0
x11 <- 0x0000000000000001

mem[X,0x00000000800009A0] -> 0x9593
mem[X,0x00000000800009A2] -> 0x03C5
[617] [M]: 0x00000000800009A0 (0x03C59593) slli x11, x11, 0x3c                      inst_64+4
x11 <- 0x1000000000000000

clint mtime 0x0000000000000135 (mip.MTI <- 0b1, mip.STI <- 0b0)
mem[X,0x00000000800009A4] -> 0x0513
mem[X,0x00000000800009A6] -> 0x1601
[618] [M]: 0x00000000800009A4 (0x16010513) addi x10, x2, 0x160                      inst_64+8
x10 <- 0x0000000080004318

mem[X,0x00000000800009A8] -> 0x0493
mem[X,0x00000000800009AA] -> 0xFFD0
[619] [M]: 0x00000000800009A8 (0xFFD00493) addi x9, x0, -0x3                        inst_64+12
x9 <- 0xFFFFFFFFFFFFFFFD

clint mtime 0x0000000000000136 (mip.MTI <- 0b1, mip.STI <- 0b0)
mem[X,0x00000000800009AC] -> 0x0533
mem[X,0x00000000800009AE] -> 0x4095
[620] [M]: 0x00000000800009AC (0x40950533) sub x10, x10, x9                         inst_64+16
x10 <- 0x000000008000431B

mem[X,0x00000000800009B0] -> 0x2EA3
mem[X,0x00000000800009B2] -> 0xFEB5
[621] [M]: 0x00000000800009B0 (0xFEB52EA3) sw x11, -0x3(x10)                        inst_64+20
mem[W,0x0000000080004318] <- 0x00000000

clint mtime 0x0000000000000137 (mip.MTI <- 0b1, mip.STI <- 0b0)
mem[X,0x00000000800009B4] -> 0x0013
mem[X,0x00000000800009B6] -> 0x0000
[622] [M]: 0x00000000800009B4 (0x00000013) addi x0, x0, 0x0                         inst_64+24

mem[X,0x00000000800009B8] -> 0x0013
mem[X,0x00000000800009BA] -> 0x0000
[623] [M]: 0x00000000800009B8 (0x00000013) addi x0, x0, 0x0                         inst_64+28

clint mtime 0x0000000000000138 (mip.MTI <- 0b1, mip.STI <- 0b0)
mem[X,0x00000000800009BC] -> 0x0593
mem[X,0x00000000800009BE] -> 0x0010
[624] [M]: 0x00000000800009BC (0x00100593) addi x11, x0, 0x1                        inst_65+0
x11 <- 0x0000000000000001

mem[X,0x00000000800009C0] -> 0x9593
mem[X,0x00000000800009C2] -> 0x03D5
[625] [M]: 0x00000000800009C0 (0x03D59593) slli x11, x11, 0x3d                      inst_65+4
x11 <- 0x2000000000000000

clint mtime 0x0000000000000139 (mip.MTI <- 0b1, mip.STI <- 0b0)
mem[X,0x00000000800009C4] -> 0x0513
mem[X,0x00000000800009C6] -> 0x1681
[626] [M]: 0x00000000800009C4 (0x16810513) addi x10, x2, 0x168                      inst_65+8
x10 <- 0x0000000080004320

mem[X,0x00000000800009C8] -> 0x0493
mem[X,0x00000000800009CA] -> 0xDFF0
[627] [M]: 0x00000000800009C8 (0xDFF00493) addi x9, x0, -0x201                      inst_65+12
x9 <- 0xFFFFFFFFFFFFFDFF

clint mtime 0x000000000000013A (mip.MTI <- 0b1, mip.STI <- 0b0)
mem[X,0x00000000800009CC] -> 0x0533
mem[X,0x00000000800009CE] -> 0x4095
[628] [M]: 0x00000000800009CC (0x40950533) sub x10, x10, x9                         inst_65+16
x10 <- 0x0000000080004521

mem[X,0x00000000800009D0] -> 0x2FA3
mem[X,0x00000000800009D2] -> 0xDEB5
[629] [M]: 0x00000000800009D0 (0xDEB52FA3) sw x11, -0x201(x10)                      inst_65+20
mem[W,0x0000000080004320] <- 0x00000000

clint mtime 0x000000000000013B (mip.MTI <- 0b1, mip.STI <- 0b0)
mem[X,0x00000000800009D4] -> 0x0013
mem[X,0x00000000800009D6] -> 0x0000
[630] [M]: 0x00000000800009D4 (0x00000013) addi x0, x0, 0x0                         inst_65+24

mem[X,0x00000000800009D8] -> 0x0013
mem[X,0x00000000800009DA] -> 0x0000
[631] [M]: 0x00000000800009D8 (0x00000013) addi x0, x0, 0x0                         inst_65+28

clint mtime 0x000000000000013C (mip.MTI <- 0b1, mip.STI <- 0b0)
mem[X,0x00000000800009DC] -> 0x0593
mem[X,0x00000000800009DE] -> 0x0010
[632] [M]: 0x00000000800009DC (0x00100593) addi x11, x0, 0x1                        inst_66+0
x11 <- 0x0000000000000001

mem[X,0x00000000800009E0] -> 0x9593
mem[X,0x00000000800009E2] -> 0x03E5
[633] [M]: 0x00000000800009E0 (0x03E59593) slli x11, x11, 0x3e                      inst_66+4
x11 <- 0x4000000000000000

clint mtime 0x000000000000013D (mip.MTI <- 0b1, mip.STI <- 0b0)
mem[X,0x00000000800009E4] -> 0x0513
mem[X,0x00000000800009E6] -> 0x1701
[634] [M]: 0x00000000800009E4 (0x17010513) addi x10, x2, 0x170                      inst_66+8
x10 <- 0x0000000080004328

mem[X,0x00000000800009E8] -> 0x0493
mem[X,0x00000000800009EA] -> 0x0200
[635] [M]: 0x00000000800009E8 (0x02000493) addi x9, x0, 0x20                        inst_66+12
x9 <- 0x0000000000000020

clint mtime 0x000000000000013E (mip.MTI <- 0b1, mip.STI <- 0b0)
mem[X,0x00000000800009EC] -> 0x0533
mem[X,0x00000000800009EE] -> 0x4095
[636] [M]: 0x00000000800009EC (0x40950533) sub x10, x10, x9                         inst_66+16
x10 <- 0x0000000080004308

mem[X,0x00000000800009F0] -> 0x2023
mem[X,0x00000000800009F2] -> 0x02B5
[637] [M]: 0x00000000800009F0 (0x02B52023) sw x11, 0x20(x10)                        inst_66+20
mem[W,0x0000000080004328] <- 0x00000000

clint mtime 0x000000000000013F (mip.MTI <- 0b1, mip.STI <- 0b0)
mem[X,0x00000000800009F4] -> 0x0013
mem[X,0x00000000800009F6] -> 0x0000
[638] [M]: 0x00000000800009F4 (0x00000013) addi x0, x0, 0x0                         inst_66+24

mem[X,0x00000000800009F8] -> 0x0013
mem[X,0x00000000800009FA] -> 0x0000
[639] [M]: 0x00000000800009F8 (0x00000013) addi x0, x0, 0x0                         inst_66+28

clint mtime 0x0000000000000140 (mip.MTI <- 0b1, mip.STI <- 0b0)
mem[X,0x00000000800009FC] -> 0x0593
mem[X,0x00000000800009FE] -> 0xFFE0
[640] [M]: 0x00000000800009FC (0xFFE00593) addi x11, x0, -0x2                       inst_67+0
x11 <- 0xFFFFFFFFFFFFFFFE

mem[X,0x0000000080000A00] -> 0x0513
mem[X,0x0000000080000A02] -> 0x1781
[641] [M]: 0x0000000080000A00 (0x17810513) addi x10, x2, 0x178                      inst_67+4
x10 <- 0x0000000080004330

clint mtime 0x0000000000000141 (mip.MTI <- 0b1, mip.STI <- 0b0)
mem[X,0x0000000080000A04] -> 0x0493
mem[X,0x0000000080000A06] -> 0xFF70
[642] [M]: 0x0000000080000A04 (0xFF700493) addi x9, x0, -0x9                        inst_67+8
x9 <- 0xFFFFFFFFFFFFFFF7

mem[X,0x0000000080000A08] -> 0x0533
mem[X,0x0000000080000A0A] -> 0x4095
[643] [M]: 0x0000000080000A08 (0x40950533) sub x10, x10, x9                         inst_67+12
x10 <- 0x0000000080004339

clint mtime 0x0000000000000142 (mip.MTI <- 0b1, mip.STI <- 0b0)
mem[X,0x0000000080000A0C] -> 0x2BA3
mem[X,0x0000000080000A0E] -> 0xFEB5
[644] [M]: 0x0000000080000A0C (0xFEB52BA3) sw x11, -0x9(x10)                        inst_67+16
mem[W,0x0000000080004330] <- 0xFFFFFFFE

mem[X,0x0000000080000A10] -> 0x0013
mem[X,0x0000000080000A12] -> 0x0000
[645] [M]: 0x0000000080000A10 (0x00000013) addi x0, x0, 0x0                         inst_67+20

clint mtime 0x0000000000000143 (mip.MTI <- 0b1, mip.STI <- 0b0)
mem[X,0x0000000080000A14] -> 0x0013
mem[X,0x0000000080000A16] -> 0x0000
[646] [M]: 0x0000000080000A14 (0x00000013) addi x0, x0, 0x0                         inst_67+24

mem[X,0x0000000080000A18] -> 0x0593
mem[X,0x0000000080000A1A] -> 0x0010
[647] [M]: 0x0000000080000A18 (0x00100593) addi x11, x0, 0x1                        inst_68+0
x11 <- 0x0000000000000001

clint mtime 0x0000000000000144 (mip.MTI <- 0b1, mip.STI <- 0b0)
mem[X,0x0000000080000A1C] -> 0x9593
mem[X,0x0000000080000A1E] -> 0x0365
[648] [M]: 0x0000000080000A1C (0x03659593) slli x11, x11, 0x36                      inst_68+4
x11 <- 0x0040000000000000

mem[X,0x0000000080000A20] -> 0xC593
mem[X,0x0000000080000A22] -> 0xFFF5
[649] [M]: 0x0000000080000A20 (0xFFF5C593) xori x11, x11, -0x1                      inst_68+8
x11 <- 0xFFBFFFFFFFFFFFFF

clint mtime 0x0000000000000145 (mip.MTI <- 0b1, mip.STI <- 0b0)
mem[X,0x0000000080000A24] -> 0x0513
mem[X,0x0000000080000A26] -> 0x1801
[650] [M]: 0x0000000080000A24 (0x18010513) addi x10, x2, 0x180                      inst_68+12
x10 <- 0x0000000080004338

mem[X,0x0000000080000A28] -> 0x0493
mem[X,0x0000000080000A2A] -> 0xFF90
[651] [M]: 0x0000000080000A28 (0xFF900493) addi x9, x0, -0x7                        inst_68+16
x9 <- 0xFFFFFFFFFFFFFFF9

clint mtime 0x0000000000000146 (mip.MTI <- 0b1, mip.STI <- 0b0)
mem[X,0x0000000080000A2C] -> 0x0533
mem[X,0x0000000080000A2E] -> 0x4095
[652] [M]: 0x0000000080000A2C (0x40950533) sub x10, x10, x9                         inst_68+20
x10 <- 0x000000008000433F

mem[X,0x0000000080000A30] -> 0x2CA3
mem[X,0x0000000080000A32] -> 0xFEB5
[653] [M]: 0x0000000080000A30 (0xFEB52CA3) sw x11, -0x7(x10)                        inst_68+24
mem[W,0x0000000080004338] <- 0xFFFFFFFF

clint mtime 0x0000000000000147 (mip.MTI <- 0b1, mip.STI <- 0b0)
mem[X,0x0000000080000A34] -> 0x0013
mem[X,0x0000000080000A36] -> 0x0000
[654] [M]: 0x0000000080000A34 (0x00000013) addi x0, x0, 0x0                         inst_68+28

mem[X,0x0000000080000A38] -> 0x0013
mem[X,0x0000000080000A3A] -> 0x0000
[655] [M]: 0x0000000080000A38 (0x00000013) addi x0, x0, 0x0                         inst_68+32

clint mtime 0x0000000000000148 (mip.MTI <- 0b1, mip.STI <- 0b0)
mem[X,0x0000000080000A3C] -> 0x0593
mem[X,0x0000000080000A3E] -> 0x0010
[656] [M]: 0x0000000080000A3C (0x00100593) addi x11, x0, 0x1                        inst_69+0
x11 <- 0x0000000000000001

mem[X,0x0000000080000A40] -> 0x9593
mem[X,0x0000000080000A42] -> 0x0375
[657] [M]: 0x0000000080000A40 (0x03759593) slli x11, x11, 0x37                      inst_69+4
x11 <- 0x0080000000000000

clint mtime 0x0000000000000149 (mip.MTI <- 0b1, mip.STI <- 0b0)
mem[X,0x0000000080000A44] -> 0xC593
mem[X,0x0000000080000A46] -> 0xFFF5
[658] [M]: 0x0000000080000A44 (0xFFF5C593) xori x11, x11, -0x1                      inst_69+8
x11 <- 0xFF7FFFFFFFFFFFFF

mem[X,0x0000000080000A48] -> 0x0513
mem[X,0x0000000080000A4A] -> 0x1881
[659] [M]: 0x0000000080000A48 (0x18810513) addi x10, x2, 0x188                      inst_69+12
x10 <- 0x0000000080004340

clint mtime 0x000000000000014A (mip.MTI <- 0b1, mip.STI <- 0b0)
mem[X,0x0000000080000A4C] -> 0x0493
mem[X,0x0000000080000A4E] -> 0x7FF0
[660] [M]: 0x0000000080000A4C (0x7FF00493) addi x9, x0, 0x7ff                       inst_69+16
x9 <- 0x00000000000007FF

mem[X,0x0000000080000A50] -> 0x0533
mem[X,0x0000000080000A52] -> 0x4095
[661] [M]: 0x0000000080000A50 (0x40950533) sub x10, x10, x9                         inst_69+20
x10 <- 0x0000000080003B41

clint mtime 0x000000000000014B (mip.MTI <- 0b1, mip.STI <- 0b0)
mem[X,0x0000000080000A54] -> 0x2FA3
mem[X,0x0000000080000A56] -> 0x7EB5
[662] [M]: 0x0000000080000A54 (0x7EB52FA3) sw x11, 0x7ff(x10)                       inst_69+24
mem[W,0x0000000080004340] <- 0xFFFFFFFF

mem[X,0x0000000080000A58] -> 0x0013
mem[X,0x0000000080000A5A] -> 0x0000
[663] [M]: 0x0000000080000A58 (0x00000013) addi x0, x0, 0x0                         inst_69+28

clint mtime 0x000000000000014C (mip.MTI <- 0b1, mip.STI <- 0b0)
mem[X,0x0000000080000A5C] -> 0x0013
mem[X,0x0000000080000A5E] -> 0x0000
[664] [M]: 0x0000000080000A5C (0x00000013) addi x0, x0, 0x0                         inst_69+32

mem[X,0x0000000080000A60] -> 0x0593
mem[X,0x0000000080000A62] -> 0x0010
[665] [M]: 0x0000000080000A60 (0x00100593) addi x11, x0, 0x1                        inst_70+0
x11 <- 0x0000000000000001

clint mtime 0x000000000000014D (mip.MTI <- 0b1, mip.STI <- 0b0)
mem[X,0x0000000080000A64] -> 0x9593
mem[X,0x0000000080000A66] -> 0x0385
[666] [M]: 0x0000000080000A64 (0x03859593) slli x11, x11, 0x38                      inst_70+4
x11 <- 0x0100000000000000

mem[X,0x0000000080000A68] -> 0xC593
mem[X,0x0000000080000A6A] -> 0xFFF5
[667] [M]: 0x0000000080000A68 (0xFFF5C593) xori x11, x11, -0x1                      inst_70+8
x11 <- 0xFEFFFFFFFFFFFFFF

clint mtime 0x000000000000014E (mip.MTI <- 0b1, mip.STI <- 0b0)
mem[X,0x0000000080000A6C] -> 0x0513
mem[X,0x0000000080000A6E] -> 0x1901
[668] [M]: 0x0000000080000A6C (0x19010513) addi x10, x2, 0x190                      inst_70+12
x10 <- 0x0000000080004348

mem[X,0x0000000080000A70] -> 0x0493
mem[X,0x0000000080000A72] -> 0x0050
[669] [M]: 0x0000000080000A70 (0x00500493) addi x9, x0, 0x5                         inst_70+16
x9 <- 0x0000000000000005

clint mtime 0x000000000000014F (mip.MTI <- 0b1, mip.STI <- 0b0)
mem[X,0x0000000080000A74] -> 0x0533
mem[X,0x0000000080000A76] -> 0x4095
[670] [M]: 0x0000000080000A74 (0x40950533) sub x10, x10, x9                         inst_70+20
x10 <- 0x0000000080004343

mem[X,0x0000000080000A78] -> 0x22A3
mem[X,0x0000000080000A7A] -> 0x00B5
[671] [M]: 0x0000000080000A78 (0x00B522A3) sw x11, 0x5(x10)                         inst_70+24
mem[W,0x0000000080004348] <- 0xFFFFFFFF

clint mtime 0x0000000000000150 (mip.MTI <- 0b1, mip.STI <- 0b0)
mem[X,0x0000000080000A7C] -> 0x0013
mem[X,0x0000000080000A7E] -> 0x0000
[672] [M]: 0x0000000080000A7C (0x00000013) addi x0, x0, 0x0                         inst_70+28

mem[X,0x0000000080000A80] -> 0x0013
mem[X,0x0000000080000A82] -> 0x0000
[673] [M]: 0x0000000080000A80 (0x00000013) addi x0, x0, 0x0                         inst_70+32

clint mtime 0x0000000000000151 (mip.MTI <- 0b1, mip.STI <- 0b0)
mem[X,0x0000000080000A84] -> 0x0593
mem[X,0x0000000080000A86] -> 0x0010
[674] [M]: 0x0000000080000A84 (0x00100593) addi x11, x0, 0x1                        inst_71+0
x11 <- 0x0000000000000001

mem[X,0x0000000080000A88] -> 0x9593
mem[X,0x0000000080000A8A] -> 0x0395
[675] [M]: 0x0000000080000A88 (0x03959593) slli x11, x11, 0x39                      inst_71+4
x11 <- 0x0200000000000000

clint mtime 0x0000000000000152 (mip.MTI <- 0b1, mip.STI <- 0b0)
mem[X,0x0000000080000A8C] -> 0xC593
mem[X,0x0000000080000A8E] -> 0xFFF5
[676] [M]: 0x0000000080000A8C (0xFFF5C593) xori x11, x11, -0x1                      inst_71+8
x11 <- 0xFDFFFFFFFFFFFFFF

mem[X,0x0000000080000A90] -> 0x0513
mem[X,0x0000000080000A92] -> 0x1981
[677] [M]: 0x0000000080000A90 (0x19810513) addi x10, x2, 0x198                      inst_71+12
x10 <- 0x0000000080004350

clint mtime 0x0000000000000153 (mip.MTI <- 0b1, mip.STI <- 0b0)
mem[X,0x0000000080000A94] -> 0x0493
mem[X,0x0000000080000A96] -> 0x0800
[678] [M]: 0x0000000080000A94 (0x08000493) addi x9, x0, 0x80                        inst_71+16
x9 <- 0x0000000000000080

mem[X,0x0000000080000A98] -> 0x0533
mem[X,0x0000000080000A9A] -> 0x4095
[679] [M]: 0x0000000080000A98 (0x40950533) sub x10, x10, x9                         inst_71+20
x10 <- 0x00000000800042D0

clint mtime 0x0000000000000154 (mip.MTI <- 0b1, mip.STI <- 0b0)
mem[X,0x0000000080000A9C] -> 0x2023
mem[X,0x0000000080000A9E] -> 0x08B5
[680] [M]: 0x0000000080000A9C (0x08B52023) sw x11, 0x80(x10)                        inst_71+24
mem[W,0x0000000080004350] <- 0xFFFFFFFF

mem[X,0x0000000080000AA0] -> 0x0013
mem[X,0x0000000080000AA2] -> 0x0000
[681] [M]: 0x0000000080000AA0 (0x00000013) addi x0, x0, 0x0                         inst_71+28

clint mtime 0x0000000000000155 (mip.MTI <- 0b1, mip.STI <- 0b0)
mem[X,0x0000000080000AA4] -> 0x0013
mem[X,0x0000000080000AA6] -> 0x0000
[682] [M]: 0x0000000080000AA4 (0x00000013) addi x0, x0, 0x0                         inst_71+32

mem[X,0x0000000080000AA8] -> 0x0593
mem[X,0x0000000080000AAA] -> 0x0010
[683] [M]: 0x0000000080000AA8 (0x00100593) addi x11, x0, 0x1                        inst_72+0
x11 <- 0x0000000000000001

clint mtime 0x0000000000000156 (mip.MTI <- 0b1, mip.STI <- 0b0)
mem[X,0x0000000080000AAC] -> 0x9593
mem[X,0x0000000080000AAE] -> 0x03A5
[684] [M]: 0x0000000080000AAC (0x03A59593) slli x11, x11, 0x3a                      inst_72+4
x11 <- 0x0400000000000000

mem[X,0x0000000080000AB0] -> 0xC593
mem[X,0x0000000080000AB2] -> 0xFFF5
[685] [M]: 0x0000000080000AB0 (0xFFF5C593) xori x11, x11, -0x1                      inst_72+8
x11 <- 0xFBFFFFFFFFFFFFFF

clint mtime 0x0000000000000157 (mip.MTI <- 0b1, mip.STI <- 0b0)
mem[X,0x0000000080000AB4] -> 0x0513
mem[X,0x0000000080000AB6] -> 0x1A01
[686] [M]: 0x0000000080000AB4 (0x1A010513) addi x10, x2, 0x1a0                      inst_72+12
x10 <- 0x0000000080004358

mem[X,0x0000000080000AB8] -> 0x0493
mem[X,0x0000000080000ABA] -> 0x5550
[687] [M]: 0x0000000080000AB8 (0x55500493) addi x9, x0, 0x555                       inst_72+16
x9 <- 0x0000000000000555

clint mtime 0x0000000000000158 (mip.MTI <- 0b1, mip.STI <- 0b0)
mem[X,0x0000000080000ABC] -> 0x0533
mem[X,0x0000000080000ABE] -> 0x4095
[688] [M]: 0x0000000080000ABC (0x40950533) sub x10, x10, x9                         inst_72+20
x10 <- 0x0000000080003E03

mem[X,0x0000000080000AC0] -> 0x2AA3
mem[X,0x0000000080000AC2] -> 0x54B5
[689] [M]: 0x0000000080000AC0 (0x54B52AA3) sw x11, 0x555(x10)                       inst_72+24
mem[W,0x0000000080004358] <- 0xFFFFFFFF

clint mtime 0x0000000000000159 (mip.MTI <- 0b1, mip.STI <- 0b0)
mem[X,0x0000000080000AC4] -> 0x0013
mem[X,0x0000000080000AC6] -> 0x0000
[690] [M]: 0x0000000080000AC4 (0x00000013) addi x0, x0, 0x0                         inst_72+28

mem[X,0x0000000080000AC8] -> 0x0013
mem[X,0x0000000080000ACA] -> 0x0000
[691] [M]: 0x0000000080000AC8 (0x00000013) addi x0, x0, 0x0                         inst_72+32

clint mtime 0x000000000000015A (mip.MTI <- 0b1, mip.STI <- 0b0)
mem[X,0x0000000080000ACC] -> 0x0593
mem[X,0x0000000080000ACE] -> 0x0010
[692] [M]: 0x0000000080000ACC (0x00100593) addi x11, x0, 0x1                        inst_73+0
x11 <- 0x0000000000000001

mem[X,0x0000000080000AD0] -> 0x9593
mem[X,0x0000000080000AD2] -> 0x03B5
[693] [M]: 0x0000000080000AD0 (0x03B59593) slli x11, x11, 0x3b                      inst_73+4
x11 <- 0x0800000000000000

clint mtime 0x000000000000015B (mip.MTI <- 0b1, mip.STI <- 0b0)
mem[X,0x0000000080000AD4] -> 0xC593
mem[X,0x0000000080000AD6] -> 0xFFF5
[694] [M]: 0x0000000080000AD4 (0xFFF5C593) xori x11, x11, -0x1                      inst_73+8
x11 <- 0xF7FFFFFFFFFFFFFF

mem[X,0x0000000080000AD8] -> 0x0513
mem[X,0x0000000080000ADA] -> 0x1A81
[695] [M]: 0x0000000080000AD8 (0x1A810513) addi x10, x2, 0x1a8                      inst_73+12
x10 <- 0x0000000080004360

clint mtime 0x000000000000015C (mip.MTI <- 0b1, mip.STI <- 0b0)
mem[X,0x0000000080000ADC] -> 0x0493
mem[X,0x0000000080000ADE] -> 0x4000
[696] [M]: 0x0000000080000ADC (0x40000493) addi x9, x0, 0x400                       inst_73+16
x9 <- 0x0000000000000400

mem[X,0x0000000080000AE0] -> 0x0533
mem[X,0x0000000080000AE2] -> 0x4095
[697] [M]: 0x0000000080000AE0 (0x40950533) sub x10, x10, x9                         inst_73+20
x10 <- 0x0000000080003F60

clint mtime 0x000000000000015D (mip.MTI <- 0b1, mip.STI <- 0b0)
mem[X,0x0000000080000AE4] -> 0x2023
mem[X,0x0000000080000AE6] -> 0x40B5
[698] [M]: 0x0000000080000AE4 (0x40B52023) sw x11, 0x400(x10)                       inst_73+24
mem[W,0x0000000080004360] <- 0xFFFFFFFF

mem[X,0x0000000080000AE8] -> 0x0013
mem[X,0x0000000080000AEA] -> 0x0000
[699] [M]: 0x0000000080000AE8 (0x00000013) addi x0, x0, 0x0                         inst_73+28

clint mtime 0x000000000000015E (mip.MTI <- 0b1, mip.STI <- 0b0)
mem[X,0x0000000080000AEC] -> 0x0013
mem[X,0x0000000080000AEE] -> 0x0000
[700] [M]: 0x0000000080000AEC (0x00000013) addi x0, x0, 0x0                         inst_73+32

mem[X,0x0000000080000AF0] -> 0x0593
mem[X,0x0000000080000AF2] -> 0x0010
[701] [M]: 0x0000000080000AF0 (0x00100593) addi x11, x0, 0x1                        inst_74+0
x11 <- 0x0000000000000001

clint mtime 0x000000000000015F (mip.MTI <- 0b1, mip.STI <- 0b0)
mem[X,0x0000000080000AF4] -> 0x9593
mem[X,0x0000000080000AF6] -> 0x03C5
[702] [M]: 0x0000000080000AF4 (0x03C59593) slli x11, x11, 0x3c                      inst_74+4
x11 <- 0x1000000000000000

mem[X,0x0000000080000AF8] -> 0xC593
mem[X,0x0000000080000AFA] -> 0xFFF5
[703] [M]: 0x0000000080000AF8 (0xFFF5C593) xori x11, x11, -0x1                      inst_74+8
x11 <- 0xEFFFFFFFFFFFFFFF

clint mtime 0x0000000000000160 (mip.MTI <- 0b1, mip.STI <- 0b0)
mem[X,0x0000000080000AFC] -> 0x0513
mem[X,0x0000000080000AFE] -> 0x1B01
[704] [M]: 0x0000000080000AFC (0x1B010513) addi x10, x2, 0x1b0                      inst_74+12
x10 <- 0x0000000080004368

mem[X,0x0000000080000B00] -> 0x0493
mem[X,0x0000000080000B02] -> 0xFEF0
[705] [M]: 0x0000000080000B00 (0xFEF00493) addi x9, x0, -0x11                       inst_74+16
x9 <- 0xFFFFFFFFFFFFFFEF

clint mtime 0x0000000000000161 (mip.MTI <- 0b1, mip.STI <- 0b0)
mem[X,0x0000000080000B04] -> 0x0533
mem[X,0x0000000080000B06] -> 0x4095
[706] [M]: 0x0000000080000B04 (0x40950533) sub x10, x10, x9                         inst_74+20
x10 <- 0x0000000080004379

mem[X,0x0000000080000B08] -> 0x27A3
mem[X,0x0000000080000B0A] -> 0xFEB5
[707] [M]: 0x0000000080000B08 (0xFEB527A3) sw x11, -0x11(x10)                       inst_74+24
mem[W,0x0000000080004368] <- 0xFFFFFFFF

clint mtime 0x0000000000000162 (mip.MTI <- 0b1, mip.STI <- 0b0)
mem[X,0x0000000080000B0C] -> 0x0013
mem[X,0x0000000080000B0E] -> 0x0000
[708] [M]: 0x0000000080000B0C (0x00000013) addi x0, x0, 0x0                         inst_74+28

mem[X,0x0000000080000B10] -> 0x0013
mem[X,0x0000000080000B12] -> 0x0000
[709] [M]: 0x0000000080000B10 (0x00000013) addi x0, x0, 0x0                         inst_74+32

clint mtime 0x0000000000000163 (mip.MTI <- 0b1, mip.STI <- 0b0)
mem[X,0x0000000080000B14] -> 0x0593
mem[X,0x0000000080000B16] -> 0x0010
[710] [M]: 0x0000000080000B14 (0x00100593) addi x11, x0, 0x1                        inst_75+0
x11 <- 0x0000000000000001

mem[X,0x0000000080000B18] -> 0x9593
mem[X,0x0000000080000B1A] -> 0x03D5
[711] [M]: 0x0000000080000B18 (0x03D59593) slli x11, x11, 0x3d                      inst_75+4
x11 <- 0x2000000000000000

clint mtime 0x0000000000000164 (mip.MTI <- 0b1, mip.STI <- 0b0)
mem[X,0x0000000080000B1C] -> 0xC593
mem[X,0x0000000080000B1E] -> 0xFFF5
[712] [M]: 0x0000000080000B1C (0xFFF5C593) xori x11, x11, -0x1                      inst_75+8
x11 <- 0xDFFFFFFFFFFFFFFF

mem[X,0x0000000080000B20] -> 0x0513
mem[X,0x0000000080000B22] -> 0x1B81
[713] [M]: 0x0000000080000B20 (0x1B810513) addi x10, x2, 0x1b8                      inst_75+12
x10 <- 0x0000000080004370

clint mtime 0x0000000000000165 (mip.MTI <- 0b1, mip.STI <- 0b0)
mem[X,0x0000000080000B24] -> 0x0493
mem[X,0x0000000080000B26] -> 0xF7F0
[714] [M]: 0x0000000080000B24 (0xF7F00493) addi x9, x0, -0x81                       inst_75+16
x9 <- 0xFFFFFFFFFFFFFF7F

mem[X,0x0000000080000B28] -> 0x0533
mem[X,0x0000000080000B2A] -> 0x4095
[715] [M]: 0x0000000080000B28 (0x40950533) sub x10, x10, x9                         inst_75+20
x10 <- 0x00000000800043F1

clint mtime 0x0000000000000166 (mip.MTI <- 0b1, mip.STI <- 0b0)
mem[X,0x0000000080000B2C] -> 0x2FA3
mem[X,0x0000000080000B2E] -> 0xF6B5
[716] [M]: 0x0000000080000B2C (0xF6B52FA3) sw x11, -0x81(x10)                       inst_75+24
mem[W,0x0000000080004370] <- 0xFFFFFFFF

mem[X,0x0000000080000B30] -> 0x0013
mem[X,0x0000000080000B32] -> 0x0000
[717] [M]: 0x0000000080000B30 (0x00000013) addi x0, x0, 0x0                         inst_75+28

clint mtime 0x0000000000000167 (mip.MTI <- 0b1, mip.STI <- 0b0)
mem[X,0x0000000080000B34] -> 0x0013
mem[X,0x0000000080000B36] -> 0x0000
[718] [M]: 0x0000000080000B34 (0x00000013) addi x0, x0, 0x0                         inst_75+32

mem[X,0x0000000080000B38] -> 0x0593
mem[X,0x0000000080000B3A] -> 0x0010
[719] [M]: 0x0000000080000B38 (0x00100593) addi x11, x0, 0x1                        inst_76+0
x11 <- 0x0000000000000001

clint mtime 0x0000000000000168 (mip.MTI <- 0b1, mip.STI <- 0b0)
mem[X,0x0000000080000B3C] -> 0x9593
mem[X,0x0000000080000B3E] -> 0x03E5
[720] [M]: 0x0000000080000B3C (0x03E59593) slli x11, x11, 0x3e                      inst_76+4
x11 <- 0x4000000000000000

mem[X,0x0000000080000B40] -> 0xC593
mem[X,0x0000000080000B42] -> 0xFFF5
[721] [M]: 0x0000000080000B40 (0xFFF5C593) xori x11, x11, -0x1                      inst_76+8
x11 <- 0xBFFFFFFFFFFFFFFF

clint mtime 0x0000000000000169 (mip.MTI <- 0b1, mip.STI <- 0b0)
mem[X,0x0000000080000B44] -> 0x0513
mem[X,0x0000000080000B46] -> 0x1C01
[722] [M]: 0x0000000080000B44 (0x1C010513) addi x10, x2, 0x1c0                      inst_76+12
x10 <- 0x0000000080004378

mem[X,0x0000000080000B48] -> 0x0493
mem[X,0x0000000080000B4A] -> 0xFFC0
[723] [M]: 0x0000000080000B48 (0xFFC00493) addi x9, x0, -0x4                        inst_76+16
x9 <- 0xFFFFFFFFFFFFFFFC

clint mtime 0x000000000000016A (mip.MTI <- 0b1, mip.STI <- 0b0)
mem[X,0x0000000080000B4C] -> 0x0533
mem[X,0x0000000080000B4E] -> 0x4095
[724] [M]: 0x0000000080000B4C (0x40950533) sub x10, x10, x9                         inst_76+20
x10 <- 0x000000008000437C

mem[X,0x0000000080000B50] -> 0x2E23
mem[X,0x0000000080000B52] -> 0xFEB5
[725] [M]: 0x0000000080000B50 (0xFEB52E23) sw x11, -0x4(x10)                        inst_76+24
mem[W,0x0000000080004378] <- 0xFFFFFFFF

clint mtime 0x000000000000016B (mip.MTI <- 0b1, mip.STI <- 0b0)
mem[X,0x0000000080000B54] -> 0x0013
mem[X,0x0000000080000B56] -> 0x0000
[726] [M]: 0x0000000080000B54 (0x00000013) addi x0, x0, 0x0                         inst_76+28

mem[X,0x0000000080000B58] -> 0x0013
mem[X,0x0000000080000B5A] -> 0x0000
[727] [M]: 0x0000000080000B58 (0x00000013) addi x0, x0, 0x0                         inst_76+32

clint mtime 0x000000000000016C (mip.MTI <- 0b1, mip.STI <- 0b0)
mem[X,0x0000000080000B5C] -> 0x55B7
mem[X,0x0000000080000B5E] -> 0x5555
[728] [M]: 0x0000000080000B5C (0x555555B7) lui x11, 0x55555                         inst_77+0
x11 <- 0x0000000055555000

mem[X,0x0000000080000B60] -> 0x8593
mem[X,0x0000000080000B62] -> 0x5555
[729] [M]: 0x0000000080000B60 (0x55558593) addi x11, x11, 0x555                     inst_77+4
x11 <- 0x0000000055555555

clint mtime 0x000000000000016D (mip.MTI <- 0b1, mip.STI <- 0b0)
mem[X,0x0000000080000B64] -> 0x9593
mem[X,0x0000000080000B66] -> 0x00B5
[730] [M]: 0x0000000080000B64 (0x00B59593) slli x11, x11, 0xb                       inst_77+8
x11 <- 0x000002AAAAAAA800

mem[X,0x0000000080000B68] -> 0x8593
mem[X,0x0000000080000B6A] -> 0x2AA5
[731] [M]: 0x0000000080000B68 (0x2AA58593) addi x11, x11, 0x2aa                     inst_77+12
x11 <- 0x000002AAAAAAAAAA

clint mtime 0x000000000000016E (mip.MTI <- 0b1, mip.STI <- 0b0)
mem[X,0x0000000080000B6C] -> 0x9593
mem[X,0x0000000080000B6E] -> 0x00B5
[732] [M]: 0x0000000080000B6C (0x00B59593) slli x11, x11, 0xb                       inst_77+16
x11 <- 0x0015555555555000

mem[X,0x0000000080000B70] -> 0x8593
mem[X,0x0000000080000B72] -> 0x5555
[733] [M]: 0x0000000080000B70 (0x55558593) addi x11, x11, 0x555                     inst_77+20
x11 <- 0x0015555555555555

clint mtime 0x000000000000016F (mip.MTI <- 0b1, mip.STI <- 0b0)
mem[X,0x0000000080000B74] -> 0x9593
mem[X,0x0000000080000B76] -> 0x00A5
[734] [M]: 0x0000000080000B74 (0x00A59593) slli x11, x11, 0xa                       inst_77+24
x11 <- 0x5555555555555400

mem[X,0x0000000080000B78] -> 0x8593
mem[X,0x0000000080000B7A] -> 0x1555
[735] [M]: 0x0000000080000B78 (0x15558593) addi x11, x11, 0x155                     inst_77+28
x11 <- 0x5555555555555555

clint mtime 0x0000000000000170 (mip.MTI <- 0b1, mip.STI <- 0b0)
mem[X,0x0000000080000B7C] -> 0x0513
mem[X,0x0000000080000B7E] -> 0x1C81
[736] [M]: 0x0000000080000B7C (0x1C810513) addi x10, x2, 0x1c8                      inst_77+32
x10 <- 0x0000000080004380

mem[X,0x0000000080000B80] -> 0x0493
mem[X,0x0000000080000B82] -> 0xF7F0
[737] [M]: 0x0000000080000B80 (0xF7F00493) addi x9, x0, -0x81                       inst_77+36
x9 <- 0xFFFFFFFFFFFFFF7F

clint mtime 0x0000000000000171 (mip.MTI <- 0b1, mip.STI <- 0b0)
mem[X,0x0000000080000B84] -> 0x0533
mem[X,0x0000000080000B86] -> 0x4095
[738] [M]: 0x0000000080000B84 (0x40950533) sub x10, x10, x9                         inst_77+40
x10 <- 0x0000000080004401

mem[X,0x0000000080000B88] -> 0x2FA3
mem[X,0x0000000080000B8A] -> 0xF6B5
[739] [M]: 0x0000000080000B88 (0xF6B52FA3) sw x11, -0x81(x10)                       inst_77+44
mem[W,0x0000000080004380] <- 0x55555555

clint mtime 0x0000000000000172 (mip.MTI <- 0b1, mip.STI <- 0b0)
mem[X,0x0000000080000B8C] -> 0x0013
mem[X,0x0000000080000B8E] -> 0x0000
[740] [M]: 0x0000000080000B8C (0x00000013) addi x0, x0, 0x0                         inst_77+48

mem[X,0x0000000080000B90] -> 0x0013
mem[X,0x0000000080000B92] -> 0x0000
[741] [M]: 0x0000000080000B90 (0x00000013) addi x0, x0, 0x0                         inst_77+52

clint mtime 0x0000000000000173 (mip.MTI <- 0b1, mip.STI <- 0b0)
mem[X,0x0000000080000B94] -> 0xB5B7
mem[X,0x0000000080000B96] -> 0xAAAA
[742] [M]: 0x0000000080000B94 (0xAAAAB5B7) lui x11, -0x55555                        inst_78+0
x11 <- 0xFFFFFFFFAAAAB000

mem[X,0x0000000080000B98] -> 0x8593
mem[X,0x0000000080000B9A] -> 0xAAA5
[743] [M]: 0x0000000080000B98 (0xAAA58593) addi x11, x11, -0x556                    inst_78+4
x11 <- 0xFFFFFFFFAAAAAAAA

clint mtime 0x0000000000000174 (mip.MTI <- 0b1, mip.STI <- 0b0)
mem[X,0x0000000080000B9C] -> 0x9593
mem[X,0x0000000080000B9E] -> 0x00B5
[744] [M]: 0x0000000080000B9C (0x00B59593) slli x11, x11, 0xb                       inst_78+8
x11 <- 0xFFFFFD5555555000

mem[X,0x0000000080000BA0] -> 0x8593
mem[X,0x0000000080000BA2] -> 0x5555
[745] [M]: 0x0000000080000BA0 (0x55558593) addi x11, x11, 0x555                     inst_78+12
x11 <- 0xFFFFFD5555555555

clint mtime 0x0000000000000175 (mip.MTI <- 0b1, mip.STI <- 0b0)
mem[X,0x0000000080000BA4] -> 0x9593
mem[X,0x0000000080000BA6] -> 0x00B5
[746] [M]: 0x0000000080000BA4 (0x00B59593) slli x11, x11, 0xb                       inst_78+16
x11 <- 0xFFEAAAAAAAAAA800

mem[X,0x0000000080000BA8] -> 0x8593
mem[X,0x0000000080000BAA] -> 0x2AA5
[747] [M]: 0x0000000080000BA8 (0x2AA58593) addi x11, x11, 0x2aa                     inst_78+20
x11 <- 0xFFEAAAAAAAAAAAAA

clint mtime 0x0000000000000176 (mip.MTI <- 0b1, mip.STI <- 0b0)
mem[X,0x0000000080000BAC] -> 0x9593
mem[X,0x0000000080000BAE] -> 0x00A5
[748] [M]: 0x0000000080000BAC (0x00A59593) slli x11, x11, 0xa                       inst_78+24
x11 <- 0xAAAAAAAAAAAAA800

mem[X,0x0000000080000BB0] -> 0x8593
mem[X,0x0000000080000BB2] -> 0x2AA5
[749] [M]: 0x0000000080000BB0 (0x2AA58593) addi x11, x11, 0x2aa                     inst_78+28
x11 <- 0xAAAAAAAAAAAAAAAA

clint mtime 0x0000000000000177 (mip.MTI <- 0b1, mip.STI <- 0b0)
mem[X,0x0000000080000BB4] -> 0x0513
mem[X,0x0000000080000BB6] -> 0x1D01
[750] [M]: 0x0000000080000BB4 (0x1D010513) addi x10, x2, 0x1d0                      inst_78+32
x10 <- 0x0000000080004388

mem[X,0x0000000080000BB8] -> 0x0493
mem[X,0x0000000080000BBA] -> 0x5550
[751] [M]: 0x0000000080000BB8 (0x55500493) addi x9, x0, 0x555                       inst_78+36
x9 <- 0x0000000000000555

clint mtime 0x0000000000000178 (mip.MTI <- 0b1, mip.STI <- 0b0)
mem[X,0x0000000080000BBC] -> 0x0533
mem[X,0x0000000080000BBE] -> 0x4095
[752] [M]: 0x0000000080000BBC (0x40950533) sub x10, x10, x9                         inst_78+40
x10 <- 0x0000000080003E33

mem[X,0x0000000080000BC0] -> 0x2AA3
mem[X,0x0000000080000BC2] -> 0x54B5
[753] [M]: 0x0000000080000BC0 (0x54B52AA3) sw x11, 0x555(x10)                       inst_78+44
mem[W,0x0000000080004388] <- 0xAAAAAAAA

clint mtime 0x0000000000000179 (mip.MTI <- 0b1, mip.STI <- 0b0)
mem[X,0x0000000080000BC4] -> 0x0013
mem[X,0x0000000080000BC6] -> 0x0000
[754] [M]: 0x0000000080000BC4 (0x00000013) addi x0, x0, 0x0                         inst_78+48

mem[X,0x0000000080000BC8] -> 0x0013
mem[X,0x0000000080000BCA] -> 0x0000
[755] [M]: 0x0000000080000BC8 (0x00000013) addi x0, x0, 0x0                         inst_78+52

clint mtime 0x000000000000017A (mip.MTI <- 0b1, mip.STI <- 0b0)
mem[X,0x0000000080000BCC] -> 0x0593
mem[X,0x0000000080000BCE] -> 0xFFD0
[756] [M]: 0x0000000080000BCC (0xFFD00593) addi x11, x0, -0x3                       inst_79+0
x11 <- 0xFFFFFFFFFFFFFFFD

mem[X,0x0000000080000BD0] -> 0x0513
mem[X,0x0000000080000BD2] -> 0x1D81
[757] [M]: 0x0000000080000BD0 (0x1D810513) addi x10, x2, 0x1d8                      inst_79+4
x10 <- 0x0000000080004390

clint mtime 0x000000000000017B (mip.MTI <- 0b1, mip.STI <- 0b0)
mem[X,0x0000000080000BD4] -> 0x0493
mem[X,0x0000000080000BD6] -> 0x5550
[758] [M]: 0x0000000080000BD4 (0x55500493) addi x9, x0, 0x555                       inst_79+8
x9 <- 0x0000000000000555

mem[X,0x0000000080000BD8] -> 0x0533
mem[X,0x0000000080000BDA] -> 0x4095
[759] [M]: 0x0000000080000BD8 (0x40950533) sub x10, x10, x9                         inst_79+12
x10 <- 0x0000000080003E3B

clint mtime 0x000000000000017C (mip.MTI <- 0b1, mip.STI <- 0b0)
mem[X,0x0000000080000BDC] -> 0x2AA3
mem[X,0x0000000080000BDE] -> 0x54B5
[760] [M]: 0x0000000080000BDC (0x54B52AA3) sw x11, 0x555(x10)                       inst_79+16
mem[W,0x0000000080004390] <- 0xFFFFFFFD

mem[X,0x0000000080000BE0] -> 0x0013
mem[X,0x0000000080000BE2] -> 0x0000
[761] [M]: 0x0000000080000BE0 (0x00000013) addi x0, x0, 0x0                         inst_79+20

clint mtime 0x000000000000017D (mip.MTI <- 0b1, mip.STI <- 0b0)
mem[X,0x0000000080000BE4] -> 0x0013
mem[X,0x0000000080000BE6] -> 0x0000
[762] [M]: 0x0000000080000BE4 (0x00000013) addi x0, x0, 0x0                         inst_79+24

mem[X,0x0000000080000BE8] -> 0x0593
mem[X,0x0000000080000BEA] -> 0xFFB0
[763] [M]: 0x0000000080000BE8 (0xFFB00593) addi x11, x0, -0x5                       inst_80+0
x11 <- 0xFFFFFFFFFFFFFFFB

clint mtime 0x000000000000017E (mip.MTI <- 0b1, mip.STI <- 0b0)
mem[X,0x0000000080000BEC] -> 0x0513
mem[X,0x0000000080000BEE] -> 0x1E01
[764] [M]: 0x0000000080000BEC (0x1E010513) addi x10, x2, 0x1e0                      inst_80+4
x10 <- 0x0000000080004398

mem[X,0x0000000080000BF0] -> 0x0493
mem[X,0x0000000080000BF2] -> 0x0050
[765] [M]: 0x0000000080000BF0 (0x00500493) addi x9, x0, 0x5                         inst_80+8
x9 <- 0x0000000000000005

clint mtime 0x000000000000017F (mip.MTI <- 0b1, mip.STI <- 0b0)
mem[X,0x0000000080000BF4] -> 0x0533
mem[X,0x0000000080000BF6] -> 0x4095
[766] [M]: 0x0000000080000BF4 (0x40950533) sub x10, x10, x9                         inst_80+12
x10 <- 0x0000000080004393

mem[X,0x0000000080000BF8] -> 0x22A3
mem[X,0x0000000080000BFA] -> 0x00B5
[767] [M]: 0x0000000080000BF8 (0x00B522A3) sw x11, 0x5(x10)                         inst_80+16
mem[W,0x0000000080004398] <- 0xFFFFFFFB

clint mtime 0x0000000000000180 (mip.MTI <- 0b1, mip.STI <- 0b0)
mem[X,0x0000000080000BFC] -> 0x0013
mem[X,0x0000000080000BFE] -> 0x0000
[768] [M]: 0x0000000080000BFC (0x00000013) addi x0, x0, 0x0                         inst_80+20

mem[X,0x0000000080000C00] -> 0x0013
mem[X,0x0000000080000C02] -> 0x0000
[769] [M]: 0x0000000080000C00 (0x00000013) addi x0, x0, 0x0                         inst_80+24

clint mtime 0x0000000000000181 (mip.MTI <- 0b1, mip.STI <- 0b0)
mem[X,0x0000000080000C04] -> 0x0593
mem[X,0x0000000080000C06] -> 0xFF70
[770] [M]: 0x0000000080000C04 (0xFF700593) addi x11, x0, -0x9                       inst_81+0
x11 <- 0xFFFFFFFFFFFFFFF7

mem[X,0x0000000080000C08] -> 0x0513
mem[X,0x0000000080000C0A] -> 0x1E81
[771] [M]: 0x0000000080000C08 (0x1E810513) addi x10, x2, 0x1e8                      inst_81+4
x10 <- 0x00000000800043A0

clint mtime 0x0000000000000182 (mip.MTI <- 0b1, mip.STI <- 0b0)
mem[X,0x0000000080000C0C] -> 0x0493
mem[X,0x0000000080000C0E] -> 0xDFF0
[772] [M]: 0x0000000080000C0C (0xDFF00493) addi x9, x0, -0x201                      inst_81+8
x9 <- 0xFFFFFFFFFFFFFDFF

mem[X,0x0000000080000C10] -> 0x0533
mem[X,0x0000000080000C12] -> 0x4095
[773] [M]: 0x0000000080000C10 (0x40950533) sub x10, x10, x9                         inst_81+12
x10 <- 0x00000000800045A1

clint mtime 0x0000000000000183 (mip.MTI <- 0b1, mip.STI <- 0b0)
mem[X,0x0000000080000C14] -> 0x2FA3
mem[X,0x0000000080000C16] -> 0xDEB5
[774] [M]: 0x0000000080000C14 (0xDEB52FA3) sw x11, -0x201(x10)                      inst_81+16
mem[W,0x00000000800043A0] <- 0xFFFFFFF7

mem[X,0x0000000080000C18] -> 0x0013
mem[X,0x0000000080000C1A] -> 0x0000
[775] [M]: 0x0000000080000C18 (0x00000013) addi x0, x0, 0x0                         inst_81+20

clint mtime 0x0000000000000184 (mip.MTI <- 0b1, mip.STI <- 0b0)
mem[X,0x0000000080000C1C] -> 0x0013
mem[X,0x0000000080000C1E] -> 0x0000
[776] [M]: 0x0000000080000C1C (0x00000013) addi x0, x0, 0x0                         inst_81+24

mem[X,0x0000000080000C20] -> 0x0593
mem[X,0x0000000080000C22] -> 0xFEF0
[777] [M]: 0x0000000080000C20 (0xFEF00593) addi x11, x0, -0x11                      inst_82+0
x11 <- 0xFFFFFFFFFFFFFFEF

clint mtime 0x0000000000000185 (mip.MTI <- 0b1, mip.STI <- 0b0)
mem[X,0x0000000080000C24] -> 0x0513
mem[X,0x0000000080000C26] -> 0x1F01
[778] [M]: 0x0000000080000C24 (0x1F010513) addi x10, x2, 0x1f0                      inst_82+4
x10 <- 0x00000000800043A8

mem[X,0x0000000080000C28] -> 0x0493
mem[X,0x0000000080000C2A] -> 0xAAA0
[779] [M]: 0x0000000080000C28 (0xAAA00493) addi x9, x0, -0x556                      inst_82+8
x9 <- 0xFFFFFFFFFFFFFAAA

clint mtime 0x0000000000000186 (mip.MTI <- 0b1, mip.STI <- 0b0)
mem[X,0x0000000080000C2C] -> 0x0533
mem[X,0x0000000080000C2E] -> 0x4095
[780] [M]: 0x0000000080000C2C (0x40950533) sub x10, x10, x9                         inst_82+12
x10 <- 0x00000000800048FE

mem[X,0x0000000080000C30] -> 0x2523
mem[X,0x0000000080000C32] -> 0xAAB5
[781] [M]: 0x0000000080000C30 (0xAAB52523) sw x11, -0x556(x10)                      inst_82+16
mem[W,0x00000000800043A8] <- 0xFFFFFFEF

clint mtime 0x0000000000000187 (mip.MTI <- 0b1, mip.STI <- 0b0)
mem[X,0x0000000080000C34] -> 0x0013
mem[X,0x0000000080000C36] -> 0x0000
[782] [M]: 0x0000000080000C34 (0x00000013) addi x0, x0, 0x0                         inst_82+20

mem[X,0x0000000080000C38] -> 0x0013
mem[X,0x0000000080000C3A] -> 0x0000
[783] [M]: 0x0000000080000C38 (0x00000013) addi x0, x0, 0x0                         inst_82+24

clint mtime 0x0000000000000188 (mip.MTI <- 0b1, mip.STI <- 0b0)
mem[X,0x0000000080000C3C] -> 0x0593
mem[X,0x0000000080000C3E] -> 0xFBF0
[784] [M]: 0x0000000080000C3C (0xFBF00593) addi x11, x0, -0x41                      inst_83+0
x11 <- 0xFFFFFFFFFFFFFFBF

mem[X,0x0000000080000C40] -> 0x0513
mem[X,0x0000000080000C42] -> 0x1F81
[785] [M]: 0x0000000080000C40 (0x1F810513) addi x10, x2, 0x1f8                      inst_83+4
x10 <- 0x00000000800043B0

clint mtime 0x0000000000000189 (mip.MTI <- 0b1, mip.STI <- 0b0)
mem[X,0x0000000080000C44] -> 0x0493
mem[X,0x0000000080000C46] -> 0x0050
[786] [M]: 0x0000000080000C44 (0x00500493) addi x9, x0, 0x5                         inst_83+8
x9 <- 0x0000000000000005

mem[X,0x0000000080000C48] -> 0x0533
mem[X,0x0000000080000C4A] -> 0x4095
[787] [M]: 0x0000000080000C48 (0x40950533) sub x10, x10, x9                         inst_83+12
x10 <- 0x00000000800043AB

clint mtime 0x000000000000018A (mip.MTI <- 0b1, mip.STI <- 0b0)
mem[X,0x0000000080000C4C] -> 0x22A3
mem[X,0x0000000080000C4E] -> 0x00B5
[788] [M]: 0x0000000080000C4C (0x00B522A3) sw x11, 0x5(x10)                         inst_83+16
mem[W,0x00000000800043B0] <- 0xFFFFFFBF

mem[X,0x0000000080000C50] -> 0x0013
mem[X,0x0000000080000C52] -> 0x0000
[789] [M]: 0x0000000080000C50 (0x00000013) addi x0, x0, 0x0                         inst_83+20

clint mtime 0x000000000000018B (mip.MTI <- 0b1, mip.STI <- 0b0)
mem[X,0x0000000080000C54] -> 0x0013
mem[X,0x0000000080000C56] -> 0x0000
[790] [M]: 0x0000000080000C54 (0x00000013) addi x0, x0, 0x0                         inst_83+24

mem[X,0x0000000080000C58] -> 0x0593
mem[X,0x0000000080000C5A] -> 0xF7F0
[791] [M]: 0x0000000080000C58 (0xF7F00593) addi x11, x0, -0x81                      inst_84+0
x11 <- 0xFFFFFFFFFFFFFF7F

clint mtime 0x000000000000018C (mip.MTI <- 0b1, mip.STI <- 0b0)
mem[X,0x0000000080000C5C] -> 0x0513
mem[X,0x0000000080000C5E] -> 0x2001
[792] [M]: 0x0000000080000C5C (0x20010513) addi x10, x2, 0x200                      inst_84+4
x10 <- 0x00000000800043B8

mem[X,0x0000000080000C60] -> 0x0493
mem[X,0x0000000080000C62] -> 0xFFE0
[793] [M]: 0x0000000080000C60 (0xFFE00493) addi x9, x0, -0x2                        inst_84+8
x9 <- 0xFFFFFFFFFFFFFFFE

clint mtime 0x000000000000018D (mip.MTI <- 0b1, mip.STI <- 0b0)
mem[X,0x0000000080000C64] -> 0x0533
mem[X,0x0000000080000C66] -> 0x4095
[794] [M]: 0x0000000080000C64 (0x40950533) sub x10, x10, x9                         inst_84+12
x10 <- 0x00000000800043BA

mem[X,0x0000000080000C68] -> 0x2F23
mem[X,0x0000000080000C6A] -> 0xFEB5
[795] [M]: 0x0000000080000C68 (0xFEB52F23) sw x11, -0x2(x10)                        inst_84+16
mem[W,0x00000000800043B8] <- 0xFFFFFF7F

clint mtime 0x000000000000018E (mip.MTI <- 0b1, mip.STI <- 0b0)
mem[X,0x0000000080000C6C] -> 0x0013
mem[X,0x0000000080000C6E] -> 0x0000
[796] [M]: 0x0000000080000C6C (0x00000013) addi x0, x0, 0x0                         inst_84+20

mem[X,0x0000000080000C70] -> 0x0013
mem[X,0x0000000080000C72] -> 0x0000
[797] [M]: 0x0000000080000C70 (0x00000013) addi x0, x0, 0x0                         inst_84+24

clint mtime 0x000000000000018F (mip.MTI <- 0b1, mip.STI <- 0b0)
mem[X,0x0000000080000C74] -> 0x0593
mem[X,0x0000000080000C76] -> 0xEFF0
[798] [M]: 0x0000000080000C74 (0xEFF00593) addi x11, x0, -0x101                     inst_85+0
x11 <- 0xFFFFFFFFFFFFFEFF

mem[X,0x0000000080000C78] -> 0x0513
mem[X,0x0000000080000C7A] -> 0x2081
[799] [M]: 0x0000000080000C78 (0x20810513) addi x10, x2, 0x208                      inst_85+4
x10 <- 0x00000000800043C0

clint mtime 0x0000000000000190 (mip.MTI <- 0b1, mip.STI <- 0b0)
mem[X,0x0000000080000C7C] -> 0x0493
mem[X,0x0000000080000C7E] -> 0xAAA0
[800] [M]: 0x0000000080000C7C (0xAAA00493) addi x9, x0, -0x556                      inst_85+8
x9 <- 0xFFFFFFFFFFFFFAAA

mem[X,0x0000000080000C80] -> 0x0533
mem[X,0x0000000080000C82] -> 0x4095
[801] [M]: 0x0000000080000C80 (0x40950533) sub x10, x10, x9                         inst_85+12
x10 <- 0x0000000080004916

clint mtime 0x0000000000000191 (mip.MTI <- 0b1, mip.STI <- 0b0)
mem[X,0x0000000080000C84] -> 0x2523
mem[X,0x0000000080000C86] -> 0xAAB5
[802] [M]: 0x0000000080000C84 (0xAAB52523) sw x11, -0x556(x10)                      inst_85+16
mem[W,0x00000000800043C0] <- 0xFFFFFEFF

mem[X,0x0000000080000C88] -> 0x0013
mem[X,0x0000000080000C8A] -> 0x0000
[803] [M]: 0x0000000080000C88 (0x00000013) addi x0, x0, 0x0                         inst_85+20

clint mtime 0x0000000000000192 (mip.MTI <- 0b1, mip.STI <- 0b0)
mem[X,0x0000000080000C8C] -> 0x0013
mem[X,0x0000000080000C8E] -> 0x0000
[804] [M]: 0x0000000080000C8C (0x00000013) addi x0, x0, 0x0                         inst_85+24

mem[X,0x0000000080000C90] -> 0x0593
mem[X,0x0000000080000C92] -> 0xDFF0
[805] [M]: 0x0000000080000C90 (0xDFF00593) addi x11, x0, -0x201                     inst_86+0
x11 <- 0xFFFFFFFFFFFFFDFF

clint mtime 0x0000000000000193 (mip.MTI <- 0b1, mip.STI <- 0b0)
mem[X,0x0000000080000C94] -> 0x0513
mem[X,0x0000000080000C96] -> 0x2101
[806] [M]: 0x0000000080000C94 (0x21010513) addi x10, x2, 0x210                      inst_86+4
x10 <- 0x00000000800043C8

mem[X,0x0000000080000C98] -> 0x0493
mem[X,0x0000000080000C9A] -> 0x0040
[807] [M]: 0x0000000080000C98 (0x00400493) addi x9, x0, 0x4                         inst_86+8
x9 <- 0x0000000000000004

clint mtime 0x0000000000000194 (mip.MTI <- 0b1, mip.STI <- 0b0)
mem[X,0x0000000080000C9C] -> 0x0533
mem[X,0x0000000080000C9E] -> 0x4095
[808] [M]: 0x0000000080000C9C (0x40950533) sub x10, x10, x9                         inst_86+12
x10 <- 0x00000000800043C4

mem[X,0x0000000080000CA0] -> 0x2223
mem[X,0x0000000080000CA2] -> 0x00B5
[809] [M]: 0x0000000080000CA0 (0x00B52223) sw x11, 0x4(x10)                         inst_86+16
mem[W,0x00000000800043C8] <- 0xFFFFFDFF

clint mtime 0x0000000000000195 (mip.MTI <- 0b1, mip.STI <- 0b0)
mem[X,0x0000000080000CA4] -> 0x0013
mem[X,0x0000000080000CA6] -> 0x0000
[810] [M]: 0x0000000080000CA4 (0x00000013) addi x0, x0, 0x0                         inst_86+20

mem[X,0x0000000080000CA8] -> 0x0013
mem[X,0x0000000080000CAA] -> 0x0000
[811] [M]: 0x0000000080000CA8 (0x00000013) addi x0, x0, 0x0                         inst_86+24

clint mtime 0x0000000000000196 (mip.MTI <- 0b1, mip.STI <- 0b0)
mem[X,0x0000000080000CAC] -> 0x0593
mem[X,0x0000000080000CAE] -> 0xBFF0
[812] [M]: 0x0000000080000CAC (0xBFF00593) addi x11, x0, -0x401                     inst_87+0
x11 <- 0xFFFFFFFFFFFFFBFF

mem[X,0x0000000080000CB0] -> 0x0513
mem[X,0x0000000080000CB2] -> 0x2181
[813] [M]: 0x0000000080000CB0 (0x21810513) addi x10, x2, 0x218                      inst_87+4
x10 <- 0x00000000800043D0

clint mtime 0x0000000000000197 (mip.MTI <- 0b1, mip.STI <- 0b0)
mem[X,0x0000000080000CB4] -> 0x0493
mem[X,0x0000000080000CB6] -> 0xFF60
[814] [M]: 0x0000000080000CB4 (0xFF600493) addi x9, x0, -0xa                        inst_87+8
x9 <- 0xFFFFFFFFFFFFFFF6

mem[X,0x0000000080000CB8] -> 0x0533
mem[X,0x0000000080000CBA] -> 0x4095
[815] [M]: 0x0000000080000CB8 (0x40950533) sub x10, x10, x9                         inst_87+12
x10 <- 0x00000000800043DA

clint mtime 0x0000000000000198 (mip.MTI <- 0b1, mip.STI <- 0b0)
mem[X,0x0000000080000CBC] -> 0x2B23
mem[X,0x0000000080000CBE] -> 0xFEB5
[816] [M]: 0x0000000080000CBC (0xFEB52B23) sw x11, -0xa(x10)                        inst_87+16
mem[W,0x00000000800043D0] <- 0xFFFFFBFF

mem[X,0x0000000080000CC0] -> 0x0013
mem[X,0x0000000080000CC2] -> 0x0000
[817] [M]: 0x0000000080000CC0 (0x00000013) addi x0, x0, 0x0                         inst_87+20

clint mtime 0x0000000000000199 (mip.MTI <- 0b1, mip.STI <- 0b0)
mem[X,0x0000000080000CC4] -> 0x0013
mem[X,0x0000000080000CC6] -> 0x0000
[818] [M]: 0x0000000080000CC4 (0x00000013) addi x0, x0, 0x0                         inst_87+24

mem[X,0x0000000080000CC8] -> 0x0593
mem[X,0x0000000080000CCA] -> 0x0010
[819] [M]: 0x0000000080000CC8 (0x00100593) addi x11, x0, 0x1                        inst_88+0
x11 <- 0x0000000000000001

clint mtime 0x000000000000019A (mip.MTI <- 0b1, mip.STI <- 0b0)
mem[X,0x0000000080000CCC] -> 0x9593
mem[X,0x0000000080000CCE] -> 0x00B5
[820] [M]: 0x0000000080000CCC (0x00B59593) slli x11, x11, 0xb                       inst_88+4
x11 <- 0x0000000000000800

mem[X,0x0000000080000CD0] -> 0xC593
mem[X,0x0000000080000CD2] -> 0xFFF5
[821] [M]: 0x0000000080000CD0 (0xFFF5C593) xori x11, x11, -0x1                      inst_88+8
x11 <- 0xFFFFFFFFFFFFF7FF

clint mtime 0x000000000000019B (mip.MTI <- 0b1, mip.STI <- 0b0)
mem[X,0x0000000080000CD4] -> 0x0513
mem[X,0x0000000080000CD6] -> 0x2201
[822] [M]: 0x0000000080000CD4 (0x22010513) addi x10, x2, 0x220                      inst_88+12
x10 <- 0x00000000800043D8

mem[X,0x0000000080000CD8] -> 0x0493
mem[X,0x0000000080000CDA] -> 0x0020
[823] [M]: 0x0000000080000CD8 (0x00200493) addi x9, x0, 0x2                         inst_88+16
x9 <- 0x0000000000000002

clint mtime 0x000000000000019C (mip.MTI <- 0b1, mip.STI <- 0b0)
mem[X,0x0000000080000CDC] -> 0x0533
mem[X,0x0000000080000CDE] -> 0x4095
[824] [M]: 0x0000000080000CDC (0x40950533) sub x10, x10, x9                         inst_88+20
x10 <- 0x00000000800043D6

mem[X,0x0000000080000CE0] -> 0x2123
mem[X,0x0000000080000CE2] -> 0x00B5
[825] [M]: 0x0000000080000CE0 (0x00B52123) sw x11, 0x2(x10)                         inst_88+24
mem[W,0x00000000800043D8] <- 0xFFFFF7FF

clint mtime 0x000000000000019D (mip.MTI <- 0b1, mip.STI <- 0b0)
mem[X,0x0000000080000CE4] -> 0x0013
mem[X,0x0000000080000CE6] -> 0x0000
[826] [M]: 0x0000000080000CE4 (0x00000013) addi x0, x0, 0x0                         inst_88+28

mem[X,0x0000000080000CE8] -> 0x0013
mem[X,0x0000000080000CEA] -> 0x0000
[827] [M]: 0x0000000080000CE8 (0x00000013) addi x0, x0, 0x0                         inst_88+32

clint mtime 0x000000000000019E (mip.MTI <- 0b1, mip.STI <- 0b0)
mem[X,0x0000000080000CEC] -> 0x0593
mem[X,0x0000000080000CEE] -> 0x0010
[828] [M]: 0x0000000080000CEC (0x00100593) addi x11, x0, 0x1                        inst_89+0
x11 <- 0x0000000000000001

mem[X,0x0000000080000CF0] -> 0x9593
mem[X,0x0000000080000CF2] -> 0x00C5
[829] [M]: 0x0000000080000CF0 (0x00C59593) slli x11, x11, 0xc                       inst_89+4
x11 <- 0x0000000000001000

clint mtime 0x000000000000019F (mip.MTI <- 0b1, mip.STI <- 0b0)
mem[X,0x0000000080000CF4] -> 0xC593
mem[X,0x0000000080000CF6] -> 0xFFF5
[830] [M]: 0x0000000080000CF4 (0xFFF5C593) xori x11, x11, -0x1                      inst_89+8
x11 <- 0xFFFFFFFFFFFFEFFF

mem[X,0x0000000080000CF8] -> 0x0513
mem[X,0x0000000080000CFA] -> 0x2281
[831] [M]: 0x0000000080000CF8 (0x22810513) addi x10, x2, 0x228                      inst_89+12
x10 <- 0x00000000800043E0

clint mtime 0x00000000000001A0 (mip.MTI <- 0b1, mip.STI <- 0b0)
mem[X,0x0000000080000CFC] -> 0x0493
mem[X,0x0000000080000CFE] -> 0xAAA0
[832] [M]: 0x0000000080000CFC (0xAAA00493) addi x9, x0, -0x556                      inst_89+16
x9 <- 0xFFFFFFFFFFFFFAAA

mem[X,0x0000000080000D00] -> 0x0533
mem[X,0x0000000080000D02] -> 0x4095
[833] [M]: 0x0000000080000D00 (0x40950533) sub x10, x10, x9                         inst_89+20
x10 <- 0x0000000080004936

clint mtime 0x00000000000001A1 (mip.MTI <- 0b1, mip.STI <- 0b0)
mem[X,0x0000000080000D04] -> 0x2523
mem[X,0x0000000080000D06] -> 0xAAB5
[834] [M]: 0x0000000080000D04 (0xAAB52523) sw x11, -0x556(x10)                      inst_89+24
mem[W,0x00000000800043E0] <- 0xFFFFEFFF

mem[X,0x0000000080000D08] -> 0x0013
mem[X,0x0000000080000D0A] -> 0x0000
[835] [M]: 0x0000000080000D08 (0x00000013) addi x0, x0, 0x0                         inst_89+28

clint mtime 0x00000000000001A2 (mip.MTI <- 0b1, mip.STI <- 0b0)
mem[X,0x0000000080000D0C] -> 0x0013
mem[X,0x0000000080000D0E] -> 0x0000
[836] [M]: 0x0000000080000D0C (0x00000013) addi x0, x0, 0x0                         inst_89+32

mem[X,0x0000000080000D10] -> 0x0593
mem[X,0x0000000080000D12] -> 0x0010
[837] [M]: 0x0000000080000D10 (0x00100593) addi x11, x0, 0x1                        inst_90+0
x11 <- 0x0000000000000001

clint mtime 0x00000000000001A3 (mip.MTI <- 0b1, mip.STI <- 0b0)
mem[X,0x0000000080000D14] -> 0x9593
mem[X,0x0000000080000D16] -> 0x00D5
[838] [M]: 0x0000000080000D14 (0x00D59593) slli x11, x11, 0xd                       inst_90+4
x11 <- 0x0000000000002000

mem[X,0x0000000080000D18] -> 0xC593
mem[X,0x0000000080000D1A] -> 0xFFF5
[839] [M]: 0x0000000080000D18 (0xFFF5C593) xori x11, x11, -0x1                      inst_90+8
x11 <- 0xFFFFFFFFFFFFDFFF

clint mtime 0x00000000000001A4 (mip.MTI <- 0b1, mip.STI <- 0b0)
mem[X,0x0000000080000D1C] -> 0x0513
mem[X,0x0000000080000D1E] -> 0x2301
[840] [M]: 0x0000000080000D1C (0x23010513) addi x10, x2, 0x230                      inst_90+12
x10 <- 0x00000000800043E8

mem[X,0x0000000080000D20] -> 0x0493
mem[X,0x0000000080000D22] -> 0x0400
[841] [M]: 0x0000000080000D20 (0x04000493) addi x9, x0, 0x40                        inst_90+16
x9 <- 0x0000000000000040

clint mtime 0x00000000000001A5 (mip.MTI <- 0b1, mip.STI <- 0b0)
mem[X,0x0000000080000D24] -> 0x0533
mem[X,0x0000000080000D26] -> 0x4095
[842] [M]: 0x0000000080000D24 (0x40950533) sub x10, x10, x9                         inst_90+20
x10 <- 0x00000000800043A8

mem[X,0x0000000080000D28] -> 0x2023
mem[X,0x0000000080000D2A] -> 0x04B5
[843] [M]: 0x0000000080000D28 (0x04B52023) sw x11, 0x40(x10)                        inst_90+24
mem[W,0x00000000800043E8] <- 0xFFFFDFFF

clint mtime 0x00000000000001A6 (mip.MTI <- 0b1, mip.STI <- 0b0)
mem[X,0x0000000080000D2C] -> 0x0013
mem[X,0x0000000080000D2E] -> 0x0000
[844] [M]: 0x0000000080000D2C (0x00000013) addi x0, x0, 0x0                         inst_90+28

mem[X,0x0000000080000D30] -> 0x0013
mem[X,0x0000000080000D32] -> 0x0000
[845] [M]: 0x0000000080000D30 (0x00000013) addi x0, x0, 0x0                         inst_90+32

clint mtime 0x00000000000001A7 (mip.MTI <- 0b1, mip.STI <- 0b0)
mem[X,0x0000000080000D34] -> 0x0593
mem[X,0x0000000080000D36] -> 0x0010
[846] [M]: 0x0000000080000D34 (0x00100593) addi x11, x0, 0x1                        inst_91+0
x11 <- 0x0000000000000001

mem[X,0x0000000080000D38] -> 0x9593
mem[X,0x0000000080000D3A] -> 0x00E5
[847] [M]: 0x0000000080000D38 (0x00E59593) slli x11, x11, 0xe                       inst_91+4
x11 <- 0x0000000000004000

clint mtime 0x00000000000001A8 (mip.MTI <- 0b1, mip.STI <- 0b0)
mem[X,0x0000000080000D3C] -> 0xC593
mem[X,0x0000000080000D3E] -> 0xFFF5
[848] [M]: 0x0000000080000D3C (0xFFF5C593) xori x11, x11, -0x1                      inst_91+8
x11 <- 0xFFFFFFFFFFFFBFFF

mem[X,0x0000000080000D40] -> 0x0513
mem[X,0x0000000080000D42] -> 0x2381
[849] [M]: 0x0000000080000D40 (0x23810513) addi x10, x2, 0x238                      inst_91+12
x10 <- 0x00000000800043F0

clint mtime 0x00000000000001A9 (mip.MTI <- 0b1, mip.STI <- 0b0)
mem[X,0x0000000080000D44] -> 0x0493
mem[X,0x0000000080000D46] -> 0xFF90
[850] [M]: 0x0000000080000D44 (0xFF900493) addi x9, x0, -0x7                        inst_91+16
x9 <- 0xFFFFFFFFFFFFFFF9

mem[X,0x0000000080000D48] -> 0x0533
mem[X,0x0000000080000D4A] -> 0x4095
[851] [M]: 0x0000000080000D48 (0x40950533) sub x10, x10, x9                         inst_91+20
x10 <- 0x00000000800043F7

clint mtime 0x00000000000001AA (mip.MTI <- 0b1, mip.STI <- 0b0)
mem[X,0x0000000080000D4C] -> 0x2CA3
mem[X,0x0000000080000D4E] -> 0xFEB5
[852] [M]: 0x0000000080000D4C (0xFEB52CA3) sw x11, -0x7(x10)                        inst_91+24
mem[W,0x00000000800043F0] <- 0xFFFFBFFF

mem[X,0x0000000080000D50] -> 0x0013
mem[X,0x0000000080000D52] -> 0x0000
[853] [M]: 0x0000000080000D50 (0x00000013) addi x0, x0, 0x0                         inst_91+28

clint mtime 0x00000000000001AB (mip.MTI <- 0b1, mip.STI <- 0b0)
mem[X,0x0000000080000D54] -> 0x0013
mem[X,0x0000000080000D56] -> 0x0000
[854] [M]: 0x0000000080000D54 (0x00000013) addi x0, x0, 0x0                         inst_91+32

mem[X,0x0000000080000D58] -> 0x0593
mem[X,0x0000000080000D5A] -> 0x0010
[855] [M]: 0x0000000080000D58 (0x00100593) addi x11, x0, 0x1                        inst_92+0
x11 <- 0x0000000000000001

clint mtime 0x00000000000001AC (mip.MTI <- 0b1, mip.STI <- 0b0)
mem[X,0x0000000080000D5C] -> 0x9593
mem[X,0x0000000080000D5E] -> 0x00F5
[856] [M]: 0x0000000080000D5C (0x00F59593) slli x11, x11, 0xf                       inst_92+4
x11 <- 0x0000000000008000

mem[X,0x0000000080000D60] -> 0xC593
mem[X,0x0000000080000D62] -> 0xFFF5
[857] [M]: 0x0000000080000D60 (0xFFF5C593) xori x11, x11, -0x1                      inst_92+8
x11 <- 0xFFFFFFFFFFFF7FFF

clint mtime 0x00000000000001AD (mip.MTI <- 0b1, mip.STI <- 0b0)
mem[X,0x0000000080000D64] -> 0x0513
mem[X,0x0000000080000D66] -> 0x2401
[858] [M]: 0x0000000080000D64 (0x24010513) addi x10, x2, 0x240                      inst_92+12
x10 <- 0x00000000800043F8

mem[X,0x0000000080000D68] -> 0x0493
mem[X,0x0000000080000D6A] -> 0xFBF0
[859] [M]: 0x0000000080000D68 (0xFBF00493) addi x9, x0, -0x41                       inst_92+16
x9 <- 0xFFFFFFFFFFFFFFBF

clint mtime 0x00000000000001AE (mip.MTI <- 0b1, mip.STI <- 0b0)
mem[X,0x0000000080000D6C] -> 0x0533
mem[X,0x0000000080000D6E] -> 0x4095
[860] [M]: 0x0000000080000D6C (0x40950533) sub x10, x10, x9                         inst_92+20
x10 <- 0x0000000080004439

mem[X,0x0000000080000D70] -> 0x2FA3
mem[X,0x0000000080000D72] -> 0xFAB5
[861] [M]: 0x0000000080000D70 (0xFAB52FA3) sw x11, -0x41(x10)                       inst_92+24
mem[W,0x00000000800043F8] <- 0xFFFF7FFF

clint mtime 0x00000000000001AF (mip.MTI <- 0b1, mip.STI <- 0b0)
mem[X,0x0000000080000D74] -> 0x0013
mem[X,0x0000000080000D76] -> 0x0000
[862] [M]: 0x0000000080000D74 (0x00000013) addi x0, x0, 0x0                         inst_92+28

mem[X,0x0000000080000D78] -> 0x0013
mem[X,0x0000000080000D7A] -> 0x0000
[863] [M]: 0x0000000080000D78 (0x00000013) addi x0, x0, 0x0                         inst_92+32

clint mtime 0x00000000000001B0 (mip.MTI <- 0b1, mip.STI <- 0b0)
mem[X,0x0000000080000D7C] -> 0x0593
mem[X,0x0000000080000D7E] -> 0x0010
[864] [M]: 0x0000000080000D7C (0x00100593) addi x11, x0, 0x1                        inst_93+0
x11 <- 0x0000000000000001

mem[X,0x0000000080000D80] -> 0x9593
mem[X,0x0000000080000D82] -> 0x0105
[865] [M]: 0x0000000080000D80 (0x01059593) slli x11, x11, 0x10                      inst_93+4
x11 <- 0x0000000000010000

clint mtime 0x00000000000001B1 (mip.MTI <- 0b1, mip.STI <- 0b0)
mem[X,0x0000000080000D84] -> 0xC593
mem[X,0x0000000080000D86] -> 0xFFF5
[866] [M]: 0x0000000080000D84 (0xFFF5C593) xori x11, x11, -0x1                      inst_93+8
x11 <- 0xFFFFFFFFFFFEFFFF

mem[X,0x0000000080000D88] -> 0x0513
mem[X,0x0000000080000D8A] -> 0x2481
[867] [M]: 0x0000000080000D88 (0x24810513) addi x10, x2, 0x248                      inst_93+12
x10 <- 0x0000000080004400

clint mtime 0x00000000000001B2 (mip.MTI <- 0b1, mip.STI <- 0b0)
mem[X,0x0000000080000D8C] -> 0x0493
mem[X,0x0000000080000D8E] -> 0xC000
[868] [M]: 0x0000000080000D8C (0xC0000493) addi x9, x0, -0x400                      inst_93+16
x9 <- 0xFFFFFFFFFFFFFC00

mem[X,0x0000000080000D90] -> 0x0533
mem[X,0x0000000080000D92] -> 0x4095
[869] [M]: 0x0000000080000D90 (0x40950533) sub x10, x10, x9                         inst_93+20
x10 <- 0x0000000080004800

clint mtime 0x00000000000001B3 (mip.MTI <- 0b1, mip.STI <- 0b0)
mem[X,0x0000000080000D94] -> 0x2023
mem[X,0x0000000080000D96] -> 0xC0B5
[870] [M]: 0x0000000080000D94 (0xC0B52023) sw x11, -0x400(x10)                      inst_93+24
mem[W,0x0000000080004400] <- 0xFFFEFFFF

mem[X,0x0000000080000D98] -> 0x0013
mem[X,0x0000000080000D9A] -> 0x0000
[871] [M]: 0x0000000080000D98 (0x00000013) addi x0, x0, 0x0                         inst_93+28

clint mtime 0x00000000000001B4 (mip.MTI <- 0b1, mip.STI <- 0b0)
mem[X,0x0000000080000D9C] -> 0x0013
mem[X,0x0000000080000D9E] -> 0x0000
[872] [M]: 0x0000000080000D9C (0x00000013) addi x0, x0, 0x0                         inst_93+32

mem[X,0x0000000080000DA0] -> 0x0593
mem[X,0x0000000080000DA2] -> 0x0010
[873] [M]: 0x0000000080000DA0 (0x00100593) addi x11, x0, 0x1                        inst_94+0
x11 <- 0x0000000000000001

clint mtime 0x00000000000001B5 (mip.MTI <- 0b1, mip.STI <- 0b0)
mem[X,0x0000000080000DA4] -> 0x9593
mem[X,0x0000000080000DA6] -> 0x0115
[874] [M]: 0x0000000080000DA4 (0x01159593) slli x11, x11, 0x11                      inst_94+4
x11 <- 0x0000000000020000

mem[X,0x0000000080000DA8] -> 0xC593
mem[X,0x0000000080000DAA] -> 0xFFF5
[875] [M]: 0x0000000080000DA8 (0xFFF5C593) xori x11, x11, -0x1                      inst_94+8
x11 <- 0xFFFFFFFFFFFDFFFF

clint mtime 0x00000000000001B6 (mip.MTI <- 0b1, mip.STI <- 0b0)
mem[X,0x0000000080000DAC] -> 0x0513
mem[X,0x0000000080000DAE] -> 0x2501
[876] [M]: 0x0000000080000DAC (0x25010513) addi x10, x2, 0x250                      inst_94+12
x10 <- 0x0000000080004408

mem[X,0x0000000080000DB0] -> 0x0493
mem[X,0x0000000080000DB2] -> 0x0050
[877] [M]: 0x0000000080000DB0 (0x00500493) addi x9, x0, 0x5                         inst_94+16
x9 <- 0x0000000000000005

clint mtime 0x00000000000001B7 (mip.MTI <- 0b1, mip.STI <- 0b0)
mem[X,0x0000000080000DB4] -> 0x0533
mem[X,0x0000000080000DB6] -> 0x4095
[878] [M]: 0x0000000080000DB4 (0x40950533) sub x10, x10, x9                         inst_94+20
x10 <- 0x0000000080004403

mem[X,0x0000000080000DB8] -> 0x22A3
mem[X,0x0000000080000DBA] -> 0x00B5
[879] [M]: 0x0000000080000DB8 (0x00B522A3) sw x11, 0x5(x10)                         inst_94+24
mem[W,0x0000000080004408] <- 0xFFFDFFFF

clint mtime 0x00000000000001B8 (mip.MTI <- 0b1, mip.STI <- 0b0)
mem[X,0x0000000080000DBC] -> 0x0013
mem[X,0x0000000080000DBE] -> 0x0000
[880] [M]: 0x0000000080000DBC (0x00000013) addi x0, x0, 0x0                         inst_94+28

mem[X,0x0000000080000DC0] -> 0x0013
mem[X,0x0000000080000DC2] -> 0x0000
[881] [M]: 0x0000000080000DC0 (0x00000013) addi x0, x0, 0x0                         inst_94+32

clint mtime 0x00000000000001B9 (mip.MTI <- 0b1, mip.STI <- 0b0)
mem[X,0x0000000080000DC4] -> 0x0593
mem[X,0x0000000080000DC6] -> 0x0010
[882] [M]: 0x0000000080000DC4 (0x00100593) addi x11, x0, 0x1                        inst_95+0
x11 <- 0x0000000000000001

mem[X,0x0000000080000DC8] -> 0x9593
mem[X,0x0000000080000DCA] -> 0x0125
[883] [M]: 0x0000000080000DC8 (0x01259593) slli x11, x11, 0x12                      inst_95+4
x11 <- 0x0000000000040000

clint mtime 0x00000000000001BA (mip.MTI <- 0b1, mip.STI <- 0b0)
mem[X,0x0000000080000DCC] -> 0xC593
mem[X,0x0000000080000DCE] -> 0xFFF5
[884] [M]: 0x0000000080000DCC (0xFFF5C593) xori x11, x11, -0x1                      inst_95+8
x11 <- 0xFFFFFFFFFFFBFFFF

mem[X,0x0000000080000DD0] -> 0x0513
mem[X,0x0000000080000DD2] -> 0x2581
[885] [M]: 0x0000000080000DD0 (0x25810513) addi x10, x2, 0x258                      inst_95+12
x10 <- 0x0000000080004410

clint mtime 0x00000000000001BB (mip.MTI <- 0b1, mip.STI <- 0b0)
mem[X,0x0000000080000DD4] -> 0x0493
mem[X,0x0000000080000DD6] -> 0x0010
[886] [M]: 0x0000000080000DD4 (0x00100493) addi x9, x0, 0x1                         inst_95+16
x9 <- 0x0000000000000001

mem[X,0x0000000080000DD8] -> 0x0533
mem[X,0x0000000080000DDA] -> 0x4095
[887] [M]: 0x0000000080000DD8 (0x40950533) sub x10, x10, x9                         inst_95+20
x10 <- 0x000000008000440F

clint mtime 0x00000000000001BC (mip.MTI <- 0b1, mip.STI <- 0b0)
mem[X,0x0000000080000DDC] -> 0x20A3
mem[X,0x0000000080000DDE] -> 0x00B5
[888] [M]: 0x0000000080000DDC (0x00B520A3) sw x11, 0x1(x10)                         inst_95+24
mem[W,0x0000000080004410] <- 0xFFFBFFFF

mem[X,0x0000000080000DE0] -> 0x0013
mem[X,0x0000000080000DE2] -> 0x0000
[889] [M]: 0x0000000080000DE0 (0x00000013) addi x0, x0, 0x0                         inst_95+28

clint mtime 0x00000000000001BD (mip.MTI <- 0b1, mip.STI <- 0b0)
mem[X,0x0000000080000DE4] -> 0x0013
mem[X,0x0000000080000DE6] -> 0x0000
[890] [M]: 0x0000000080000DE4 (0x00000013) addi x0, x0, 0x0                         inst_95+32

mem[X,0x0000000080000DE8] -> 0x0593
mem[X,0x0000000080000DEA] -> 0x0010
[891] [M]: 0x0000000080000DE8 (0x00100593) addi x11, x0, 0x1                        inst_96+0
x11 <- 0x0000000000000001

clint mtime 0x00000000000001BE (mip.MTI <- 0b1, mip.STI <- 0b0)
mem[X,0x0000000080000DEC] -> 0x9593
mem[X,0x0000000080000DEE] -> 0x0135
[892] [M]: 0x0000000080000DEC (0x01359593) slli x11, x11, 0x13                      inst_96+4
x11 <- 0x0000000000080000

mem[X,0x0000000080000DF0] -> 0xC593
mem[X,0x0000000080000DF2] -> 0xFFF5
[893] [M]: 0x0000000080000DF0 (0xFFF5C593) xori x11, x11, -0x1                      inst_96+8
x11 <- 0xFFFFFFFFFFF7FFFF

clint mtime 0x00000000000001BF (mip.MTI <- 0b1, mip.STI <- 0b0)
mem[X,0x0000000080000DF4] -> 0x0513
mem[X,0x0000000080000DF6] -> 0x2601
[894] [M]: 0x0000000080000DF4 (0x26010513) addi x10, x2, 0x260                      inst_96+12
x10 <- 0x0000000080004418

mem[X,0x0000000080000DF8] -> 0x0493
mem[X,0x0000000080000DFA] -> 0xAAA0
[895] [M]: 0x0000000080000DF8 (0xAAA00493) addi x9, x0, -0x556                      inst_96+16
x9 <- 0xFFFFFFFFFFFFFAAA

clint mtime 0x00000000000001C0 (mip.MTI <- 0b1, mip.STI <- 0b0)
mem[X,0x0000000080000DFC] -> 0x0533
mem[X,0x0000000080000DFE] -> 0x4095
[896] [M]: 0x0000000080000DFC (0x40950533) sub x10, x10, x9                         inst_96+20
x10 <- 0x000000008000496E

mem[X,0x0000000080000E00] -> 0x2523
mem[X,0x0000000080000E02] -> 0xAAB5
[897] [M]: 0x0000000080000E00 (0xAAB52523) sw x11, -0x556(x10)                      inst_96+24
mem[W,0x0000000080004418] <- 0xFFF7FFFF

clint mtime 0x00000000000001C1 (mip.MTI <- 0b1, mip.STI <- 0b0)
mem[X,0x0000000080000E04] -> 0x0013
mem[X,0x0000000080000E06] -> 0x0000
[898] [M]: 0x0000000080000E04 (0x00000013) addi x0, x0, 0x0                         inst_96+28

mem[X,0x0000000080000E08] -> 0x0013
mem[X,0x0000000080000E0A] -> 0x0000
[899] [M]: 0x0000000080000E08 (0x00000013) addi x0, x0, 0x0                         inst_96+32

clint mtime 0x00000000000001C2 (mip.MTI <- 0b1, mip.STI <- 0b0)
mem[X,0x0000000080000E0C] -> 0x0593
mem[X,0x0000000080000E0E] -> 0x0010
[900] [M]: 0x0000000080000E0C (0x00100593) addi x11, x0, 0x1                        inst_97+0
x11 <- 0x0000000000000001

mem[X,0x0000000080000E10] -> 0x9593
mem[X,0x0000000080000E12] -> 0x0145
[901] [M]: 0x0000000080000E10 (0x01459593) slli x11, x11, 0x14                      inst_97+4
x11 <- 0x0000000000100000

clint mtime 0x00000000000001C3 (mip.MTI <- 0b1, mip.STI <- 0b0)
mem[X,0x0000000080000E14] -> 0xC593
mem[X,0x0000000080000E16] -> 0xFFF5
[902] [M]: 0x0000000080000E14 (0xFFF5C593) xori x11, x11, -0x1                      inst_97+8
x11 <- 0xFFFFFFFFFFEFFFFF

mem[X,0x0000000080000E18] -> 0x0513
mem[X,0x0000000080000E1A] -> 0x2681
[903] [M]: 0x0000000080000E18 (0x26810513) addi x10, x2, 0x268                      inst_97+12
x10 <- 0x0000000080004420

clint mtime 0x00000000000001C4 (mip.MTI <- 0b1, mip.STI <- 0b0)
mem[X,0x0000000080000E1C] -> 0x0493
mem[X,0x0000000080000E1E] -> 0x2000
[904] [M]: 0x0000000080000E1C (0x20000493) addi x9, x0, 0x200                       inst_97+16
x9 <- 0x0000000000000200

mem[X,0x0000000080000E20] -> 0x0533
mem[X,0x0000000080000E22] -> 0x4095
[905] [M]: 0x0000000080000E20 (0x40950533) sub x10, x10, x9                         inst_97+20
x10 <- 0x0000000080004220

clint mtime 0x00000000000001C5 (mip.MTI <- 0b1, mip.STI <- 0b0)
mem[X,0x0000000080000E24] -> 0x2023
mem[X,0x0000000080000E26] -> 0x20B5
[906] [M]: 0x0000000080000E24 (0x20B52023) sw x11, 0x200(x10)                       inst_97+24
mem[W,0x0000000080004420] <- 0xFFEFFFFF

mem[X,0x0000000080000E28] -> 0x0013
mem[X,0x0000000080000E2A] -> 0x0000
[907] [M]: 0x0000000080000E28 (0x00000013) addi x0, x0, 0x0                         inst_97+28

clint mtime 0x00000000000001C6 (mip.MTI <- 0b1, mip.STI <- 0b0)
mem[X,0x0000000080000E2C] -> 0x0013
mem[X,0x0000000080000E2E] -> 0x0000
[908] [M]: 0x0000000080000E2C (0x00000013) addi x0, x0, 0x0                         inst_97+32

mem[X,0x0000000080000E30] -> 0x0593
mem[X,0x0000000080000E32] -> 0x0010
[909] [M]: 0x0000000080000E30 (0x00100593) addi x11, x0, 0x1                        inst_98+0
x11 <- 0x0000000000000001

clint mtime 0x00000000000001C7 (mip.MTI <- 0b1, mip.STI <- 0b0)
mem[X,0x0000000080000E34] -> 0x9593
mem[X,0x0000000080000E36] -> 0x0155
[910] [M]: 0x0000000080000E34 (0x01559593) slli x11, x11, 0x15                      inst_98+4
x11 <- 0x0000000000200000

mem[X,0x0000000080000E38] -> 0xC593
mem[X,0x0000000080000E3A] -> 0xFFF5
[911] [M]: 0x0000000080000E38 (0xFFF5C593) xori x11, x11, -0x1                      inst_98+8
x11 <- 0xFFFFFFFFFFDFFFFF

clint mtime 0x00000000000001C8 (mip.MTI <- 0b1, mip.STI <- 0b0)
mem[X,0x0000000080000E3C] -> 0x0513
mem[X,0x0000000080000E3E] -> 0x2701
[912] [M]: 0x0000000080000E3C (0x27010513) addi x10, x2, 0x270                      inst_98+12
x10 <- 0x0000000080004428

mem[X,0x0000000080000E40] -> 0x0493
mem[X,0x0000000080000E42] -> 0xFFD0
[913] [M]: 0x0000000080000E40 (0xFFD00493) addi x9, x0, -0x3                        inst_98+16
x9 <- 0xFFFFFFFFFFFFFFFD

clint mtime 0x00000000000001C9 (mip.MTI <- 0b1, mip.STI <- 0b0)
mem[X,0x0000000080000E44] -> 0x0533
mem[X,0x0000000080000E46] -> 0x4095
[914] [M]: 0x0000000080000E44 (0x40950533) sub x10, x10, x9                         inst_98+20
x10 <- 0x000000008000442B

mem[X,0x0000000080000E48] -> 0x2EA3
mem[X,0x0000000080000E4A] -> 0xFEB5
[915] [M]: 0x0000000080000E48 (0xFEB52EA3) sw x11, -0x3(x10)                        inst_98+24
mem[W,0x0000000080004428] <- 0xFFDFFFFF

clint mtime 0x00000000000001CA (mip.MTI <- 0b1, mip.STI <- 0b0)
mem[X,0x0000000080000E4C] -> 0x0013
mem[X,0x0000000080000E4E] -> 0x0000
[916] [M]: 0x0000000080000E4C (0x00000013) addi x0, x0, 0x0                         inst_98+28

mem[X,0x0000000080000E50] -> 0x0013
mem[X,0x0000000080000E52] -> 0x0000
[917] [M]: 0x0000000080000E50 (0x00000013) addi x0, x0, 0x0                         inst_98+32

clint mtime 0x00000000000001CB (mip.MTI <- 0b1, mip.STI <- 0b0)
mem[X,0x0000000080000E54] -> 0x0593
mem[X,0x0000000080000E56] -> 0x0010
[918] [M]: 0x0000000080000E54 (0x00100593) addi x11, x0, 0x1                        inst_99+0
x11 <- 0x0000000000000001

mem[X,0x0000000080000E58] -> 0x9593
mem[X,0x0000000080000E5A] -> 0x0165
[919] [M]: 0x0000000080000E58 (0x01659593) slli x11, x11, 0x16                      inst_99+4
x11 <- 0x0000000000400000

clint mtime 0x00000000000001CC (mip.MTI <- 0b1, mip.STI <- 0b0)
mem[X,0x0000000080000E5C] -> 0xC593
mem[X,0x0000000080000E5E] -> 0xFFF5
[920] [M]: 0x0000000080000E5C (0xFFF5C593) xori x11, x11, -0x1                      inst_99+8
x11 <- 0xFFFFFFFFFFBFFFFF

mem[X,0x0000000080000E60] -> 0x0513
mem[X,0x0000000080000E62] -> 0x2781
[921] [M]: 0x0000000080000E60 (0x27810513) addi x10, x2, 0x278                      inst_99+12
x10 <- 0x0000000080004430

clint mtime 0x00000000000001CD (mip.MTI <- 0b1, mip.STI <- 0b0)
mem[X,0x0000000080000E64] -> 0x0493
mem[X,0x0000000080000E66] -> 0x0040
[922] [M]: 0x0000000080000E64 (0x00400493) addi x9, x0, 0x4                         inst_99+16
x9 <- 0x0000000000000004

mem[X,0x0000000080000E68] -> 0x0533
mem[X,0x0000000080000E6A] -> 0x4095
[923] [M]: 0x0000000080000E68 (0x40950533) sub x10, x10, x9                         inst_99+20
x10 <- 0x000000008000442C

clint mtime 0x00000000000001CE (mip.MTI <- 0b1, mip.STI <- 0b0)
mem[X,0x0000000080000E6C] -> 0x2223
mem[X,0x0000000080000E6E] -> 0x00B5
[924] [M]: 0x0000000080000E6C (0x00B52223) sw x11, 0x4(x10)                         inst_99+24
mem[W,0x0000000080004430] <- 0xFFBFFFFF

mem[X,0x0000000080000E70] -> 0x0013
mem[X,0x0000000080000E72] -> 0x0000
[925] [M]: 0x0000000080000E70 (0x00000013) addi x0, x0, 0x0                         inst_99+28

clint mtime 0x00000000000001CF (mip.MTI <- 0b1, mip.STI <- 0b0)
mem[X,0x0000000080000E74] -> 0x0013
mem[X,0x0000000080000E76] -> 0x0000
[926] [M]: 0x0000000080000E74 (0x00000013) addi x0, x0, 0x0                         inst_99+32

mem[X,0x0000000080000E78] -> 0x0593
mem[X,0x0000000080000E7A] -> 0x0010
[927] [M]: 0x0000000080000E78 (0x00100593) addi x11, x0, 0x1                        inst_100+0
x11 <- 0x0000000000000001

clint mtime 0x00000000000001D0 (mip.MTI <- 0b1, mip.STI <- 0b0)
mem[X,0x0000000080000E7C] -> 0x9593
mem[X,0x0000000080000E7E] -> 0x0175
[928] [M]: 0x0000000080000E7C (0x01759593) slli x11, x11, 0x17                      inst_100+4
x11 <- 0x0000000000800000

mem[X,0x0000000080000E80] -> 0xC593
mem[X,0x0000000080000E82] -> 0xFFF5
[929] [M]: 0x0000000080000E80 (0xFFF5C593) xori x11, x11, -0x1                      inst_100+8
x11 <- 0xFFFFFFFFFF7FFFFF

clint mtime 0x00000000000001D1 (mip.MTI <- 0b1, mip.STI <- 0b0)
mem[X,0x0000000080000E84] -> 0x0513
mem[X,0x0000000080000E86] -> 0x2801
[930] [M]: 0x0000000080000E84 (0x28010513) addi x10, x2, 0x280                      inst_100+12
x10 <- 0x0000000080004438

mem[X,0x0000000080000E88] -> 0x0493
mem[X,0x0000000080000E8A] -> 0xFFC0
[931] [M]: 0x0000000080000E88 (0xFFC00493) addi x9, x0, -0x4                        inst_100+16
x9 <- 0xFFFFFFFFFFFFFFFC

clint mtime 0x00000000000001D2 (mip.MTI <- 0b1, mip.STI <- 0b0)
mem[X,0x0000000080000E8C] -> 0x0533
mem[X,0x0000000080000E8E] -> 0x4095
[932] [M]: 0x0000000080000E8C (0x40950533) sub x10, x10, x9                         inst_100+20
x10 <- 0x000000008000443C

mem[X,0x0000000080000E90] -> 0x2E23
mem[X,0x0000000080000E92] -> 0xFEB5
[933] [M]: 0x0000000080000E90 (0xFEB52E23) sw x11, -0x4(x10)                        inst_100+24
mem[W,0x0000000080004438] <- 0xFF7FFFFF

clint mtime 0x00000000000001D3 (mip.MTI <- 0b1, mip.STI <- 0b0)
mem[X,0x0000000080000E94] -> 0x0013
mem[X,0x0000000080000E96] -> 0x0000
[934] [M]: 0x0000000080000E94 (0x00000013) addi x0, x0, 0x0                         inst_100+28

mem[X,0x0000000080000E98] -> 0x0013
mem[X,0x0000000080000E9A] -> 0x0000
[935] [M]: 0x0000000080000E98 (0x00000013) addi x0, x0, 0x0                         inst_100+32

clint mtime 0x00000000000001D4 (mip.MTI <- 0b1, mip.STI <- 0b0)
mem[X,0x0000000080000E9C] -> 0x0593
mem[X,0x0000000080000E9E] -> 0x0010
[936] [M]: 0x0000000080000E9C (0x00100593) addi x11, x0, 0x1                        inst_101+0
x11 <- 0x0000000000000001

mem[X,0x0000000080000EA0] -> 0x9593
mem[X,0x0000000080000EA2] -> 0x0185
[937] [M]: 0x0000000080000EA0 (0x01859593) slli x11, x11, 0x18                      inst_101+4
x11 <- 0x0000000001000000

clint mtime 0x00000000000001D5 (mip.MTI <- 0b1, mip.STI <- 0b0)
mem[X,0x0000000080000EA4] -> 0xC593
mem[X,0x0000000080000EA6] -> 0xFFF5
[938] [M]: 0x0000000080000EA4 (0xFFF5C593) xori x11, x11, -0x1                      inst_101+8
x11 <- 0xFFFFFFFFFEFFFFFF

mem[X,0x0000000080000EA8] -> 0x0513
mem[X,0x0000000080000EAA] -> 0x2881
[939] [M]: 0x0000000080000EA8 (0x28810513) addi x10, x2, 0x288                      inst_101+12
x10 <- 0x0000000080004440

clint mtime 0x00000000000001D6 (mip.MTI <- 0b1, mip.STI <- 0b0)
mem[X,0x0000000080000EAC] -> 0x0493
mem[X,0x0000000080000EAE] -> 0x0070
[940] [M]: 0x0000000080000EAC (0x00700493) addi x9, x0, 0x7                         inst_101+16
x9 <- 0x0000000000000007

mem[X,0x0000000080000EB0] -> 0x0533
mem[X,0x0000000080000EB2] -> 0x4095
[941] [M]: 0x0000000080000EB0 (0x40950533) sub x10, x10, x9                         inst_101+20
x10 <- 0x0000000080004439

clint mtime 0x00000000000001D7 (mip.MTI <- 0b1, mip.STI <- 0b0)
mem[X,0x0000000080000EB4] -> 0x23A3
mem[X,0x0000000080000EB6] -> 0x00B5
[942] [M]: 0x0000000080000EB4 (0x00B523A3) sw x11, 0x7(x10)                         inst_101+24
mem[W,0x0000000080004440] <- 0xFEFFFFFF

mem[X,0x0000000080000EB8] -> 0x0013
mem[X,0x0000000080000EBA] -> 0x0000
[943] [M]: 0x0000000080000EB8 (0x00000013) addi x0, x0, 0x0                         inst_101+28

clint mtime 0x00000000000001D8 (mip.MTI <- 0b1, mip.STI <- 0b0)
mem[X,0x0000000080000EBC] -> 0x0013
mem[X,0x0000000080000EBE] -> 0x0000
[944] [M]: 0x0000000080000EBC (0x00000013) addi x0, x0, 0x0                         inst_101+32

mem[X,0x0000000080000EC0] -> 0x0593
mem[X,0x0000000080000EC2] -> 0x0010
[945] [M]: 0x0000000080000EC0 (0x00100593) addi x11, x0, 0x1                        inst_102+0
x11 <- 0x0000000000000001

clint mtime 0x00000000000001D9 (mip.MTI <- 0b1, mip.STI <- 0b0)
mem[X,0x0000000080000EC4] -> 0x9593
mem[X,0x0000000080000EC6] -> 0x0195
[946] [M]: 0x0000000080000EC4 (0x01959593) slli x11, x11, 0x19                      inst_102+4
x11 <- 0x0000000002000000

mem[X,0x0000000080000EC8] -> 0xC593
mem[X,0x0000000080000ECA] -> 0xFFF5
[947] [M]: 0x0000000080000EC8 (0xFFF5C593) xori x11, x11, -0x1                      inst_102+8
x11 <- 0xFFFFFFFFFDFFFFFF

clint mtime 0x00000000000001DA (mip.MTI <- 0b1, mip.STI <- 0b0)
mem[X,0x0000000080000ECC] -> 0x0513
mem[X,0x0000000080000ECE] -> 0x2901
[948] [M]: 0x0000000080000ECC (0x29010513) addi x10, x2, 0x290                      inst_102+12
x10 <- 0x0000000080004448

mem[X,0x0000000080000ED0] -> 0x0493
mem[X,0x0000000080000ED2] -> 0xFFD0
[949] [M]: 0x0000000080000ED0 (0xFFD00493) addi x9, x0, -0x3                        inst_102+16
x9 <- 0xFFFFFFFFFFFFFFFD

clint mtime 0x00000000000001DB (mip.MTI <- 0b1, mip.STI <- 0b0)
mem[X,0x0000000080000ED4] -> 0x0533
mem[X,0x0000000080000ED6] -> 0x4095
[950] [M]: 0x0000000080000ED4 (0x40950533) sub x10, x10, x9                         inst_102+20
x10 <- 0x000000008000444B

mem[X,0x0000000080000ED8] -> 0x2EA3
mem[X,0x0000000080000EDA] -> 0xFEB5
[951] [M]: 0x0000000080000ED8 (0xFEB52EA3) sw x11, -0x3(x10)                        inst_102+24
mem[W,0x0000000080004448] <- 0xFDFFFFFF

clint mtime 0x00000000000001DC (mip.MTI <- 0b1, mip.STI <- 0b0)
mem[X,0x0000000080000EDC] -> 0x0013
mem[X,0x0000000080000EDE] -> 0x0000
[952] [M]: 0x0000000080000EDC (0x00000013) addi x0, x0, 0x0                         inst_102+28

mem[X,0x0000000080000EE0] -> 0x0013
mem[X,0x0000000080000EE2] -> 0x0000
[953] [M]: 0x0000000080000EE0 (0x00000013) addi x0, x0, 0x0                         inst_102+32

clint mtime 0x00000000000001DD (mip.MTI <- 0b1, mip.STI <- 0b0)
mem[X,0x0000000080000EE4] -> 0x0593
mem[X,0x0000000080000EE6] -> 0x0010
[954] [M]: 0x0000000080000EE4 (0x00100593) addi x11, x0, 0x1                        inst_103+0
x11 <- 0x0000000000000001

mem[X,0x0000000080000EE8] -> 0x9593
mem[X,0x0000000080000EEA] -> 0x01A5
[955] [M]: 0x0000000080000EE8 (0x01A59593) slli x11, x11, 0x1a                      inst_103+4
x11 <- 0x0000000004000000

clint mtime 0x00000000000001DE (mip.MTI <- 0b1, mip.STI <- 0b0)
mem[X,0x0000000080000EEC] -> 0xC593
mem[X,0x0000000080000EEE] -> 0xFFF5
[956] [M]: 0x0000000080000EEC (0xFFF5C593) xori x11, x11, -0x1                      inst_103+8
x11 <- 0xFFFFFFFFFBFFFFFF

mem[X,0x0000000080000EF0] -> 0x0513
mem[X,0x0000000080000EF2] -> 0x2981
[957] [M]: 0x0000000080000EF0 (0x29810513) addi x10, x2, 0x298                      inst_103+12
x10 <- 0x0000000080004450

clint mtime 0x00000000000001DF (mip.MTI <- 0b1, mip.STI <- 0b0)
mem[X,0x0000000080000EF4] -> 0x0493
mem[X,0x0000000080000EF6] -> 0xFFB0
[958] [M]: 0x0000000080000EF4 (0xFFB00493) addi x9, x0, -0x5                        inst_103+16
x9 <- 0xFFFFFFFFFFFFFFFB

mem[X,0x0000000080000EF8] -> 0x0533
mem[X,0x0000000080000EFA] -> 0x4095
[959] [M]: 0x0000000080000EF8 (0x40950533) sub x10, x10, x9                         inst_103+20
x10 <- 0x0000000080004455

clint mtime 0x00000000000001E0 (mip.MTI <- 0b1, mip.STI <- 0b0)
mem[X,0x0000000080000EFC] -> 0x2DA3
mem[X,0x0000000080000EFE] -> 0xFEB5
[960] [M]: 0x0000000080000EFC (0xFEB52DA3) sw x11, -0x5(x10)                        inst_103+24
mem[W,0x0000000080004450] <- 0xFBFFFFFF

mem[X,0x0000000080000F00] -> 0x0013
mem[X,0x0000000080000F02] -> 0x0000
[961] [M]: 0x0000000080000F00 (0x00000013) addi x0, x0, 0x0                         inst_103+28

clint mtime 0x00000000000001E1 (mip.MTI <- 0b1, mip.STI <- 0b0)
mem[X,0x0000000080000F04] -> 0x0013
mem[X,0x0000000080000F06] -> 0x0000
[962] [M]: 0x0000000080000F04 (0x00000013) addi x0, x0, 0x0                         inst_103+32

mem[X,0x0000000080000F08] -> 0x0593
mem[X,0x0000000080000F0A] -> 0x0010
[963] [M]: 0x0000000080000F08 (0x00100593) addi x11, x0, 0x1                        inst_104+0
x11 <- 0x0000000000000001

clint mtime 0x00000000000001E2 (mip.MTI <- 0b1, mip.STI <- 0b0)
mem[X,0x0000000080000F0C] -> 0x9593
mem[X,0x0000000080000F0E] -> 0x01B5
[964] [M]: 0x0000000080000F0C (0x01B59593) slli x11, x11, 0x1b                      inst_104+4
x11 <- 0x0000000008000000

mem[X,0x0000000080000F10] -> 0xC593
mem[X,0x0000000080000F12] -> 0xFFF5
[965] [M]: 0x0000000080000F10 (0xFFF5C593) xori x11, x11, -0x1                      inst_104+8
x11 <- 0xFFFFFFFFF7FFFFFF

clint mtime 0x00000000000001E3 (mip.MTI <- 0b1, mip.STI <- 0b0)
mem[X,0x0000000080000F14] -> 0x0513
mem[X,0x0000000080000F16] -> 0x2A01
[966] [M]: 0x0000000080000F14 (0x2A010513) addi x10, x2, 0x2a0                      inst_104+12
x10 <- 0x0000000080004458

mem[X,0x0000000080000F18] -> 0x0493
mem[X,0x0000000080000F1A] -> 0xDFF0
[967] [M]: 0x0000000080000F18 (0xDFF00493) addi x9, x0, -0x201                      inst_104+16
x9 <- 0xFFFFFFFFFFFFFDFF

clint mtime 0x00000000000001E4 (mip.MTI <- 0b1, mip.STI <- 0b0)
mem[X,0x0000000080000F1C] -> 0x0533
mem[X,0x0000000080000F1E] -> 0x4095
[968] [M]: 0x0000000080000F1C (0x40950533) sub x10, x10, x9                         inst_104+20
x10 <- 0x0000000080004659

mem[X,0x0000000080000F20] -> 0x2FA3
mem[X,0x0000000080000F22] -> 0xDEB5
[969] [M]: 0x0000000080000F20 (0xDEB52FA3) sw x11, -0x201(x10)                      inst_104+24
mem[W,0x0000000080004458] <- 0xF7FFFFFF

clint mtime 0x00000000000001E5 (mip.MTI <- 0b1, mip.STI <- 0b0)
mem[X,0x0000000080000F24] -> 0x0013
mem[X,0x0000000080000F26] -> 0x0000
[970] [M]: 0x0000000080000F24 (0x00000013) addi x0, x0, 0x0                         inst_104+28

mem[X,0x0000000080000F28] -> 0x0013
mem[X,0x0000000080000F2A] -> 0x0000
[971] [M]: 0x0000000080000F28 (0x00000013) addi x0, x0, 0x0                         inst_104+32

clint mtime 0x00000000000001E6 (mip.MTI <- 0b1, mip.STI <- 0b0)
mem[X,0x0000000080000F2C] -> 0x0593
mem[X,0x0000000080000F2E] -> 0x0010
[972] [M]: 0x0000000080000F2C (0x00100593) addi x11, x0, 0x1                        inst_105+0
x11 <- 0x0000000000000001

mem[X,0x0000000080000F30] -> 0x9593
mem[X,0x0000000080000F32] -> 0x01C5
[973] [M]: 0x0000000080000F30 (0x01C59593) slli x11, x11, 0x1c                      inst_105+4
x11 <- 0x0000000010000000

clint mtime 0x00000000000001E7 (mip.MTI <- 0b1, mip.STI <- 0b0)
mem[X,0x0000000080000F34] -> 0xC593
mem[X,0x0000000080000F36] -> 0xFFF5
[974] [M]: 0x0000000080000F34 (0xFFF5C593) xori x11, x11, -0x1                      inst_105+8
x11 <- 0xFFFFFFFFEFFFFFFF

mem[X,0x0000000080000F38] -> 0x0513
mem[X,0x0000000080000F3A] -> 0x2A81
[975] [M]: 0x0000000080000F38 (0x2A810513) addi x10, x2, 0x2a8                      inst_105+12
x10 <- 0x0000000080004460

clint mtime 0x00000000000001E8 (mip.MTI <- 0b1, mip.STI <- 0b0)
mem[X,0x0000000080000F3C] -> 0x0493
mem[X,0x0000000080000F3E] -> 0xFBF0
[976] [M]: 0x0000000080000F3C (0xFBF00493) addi x9, x0, -0x41                       inst_105+16
x9 <- 0xFFFFFFFFFFFFFFBF

mem[X,0x0000000080000F40] -> 0x0533
mem[X,0x0000000080000F42] -> 0x4095
[977] [M]: 0x0000000080000F40 (0x40950533) sub x10, x10, x9                         inst_105+20
x10 <- 0x00000000800044A1

clint mtime 0x00000000000001E9 (mip.MTI <- 0b1, mip.STI <- 0b0)
mem[X,0x0000000080000F44] -> 0x2FA3
mem[X,0x0000000080000F46] -> 0xFAB5
[978] [M]: 0x0000000080000F44 (0xFAB52FA3) sw x11, -0x41(x10)                       inst_105+24
mem[W,0x0000000080004460] <- 0xEFFFFFFF

mem[X,0x0000000080000F48] -> 0x0013
mem[X,0x0000000080000F4A] -> 0x0000
[979] [M]: 0x0000000080000F48 (0x00000013) addi x0, x0, 0x0                         inst_105+28

clint mtime 0x00000000000001EA (mip.MTI <- 0b1, mip.STI <- 0b0)
mem[X,0x0000000080000F4C] -> 0x0013
mem[X,0x0000000080000F4E] -> 0x0000
[980] [M]: 0x0000000080000F4C (0x00000013) addi x0, x0, 0x0                         inst_105+32

mem[X,0x0000000080000F50] -> 0x0593
mem[X,0x0000000080000F52] -> 0x0010
[981] [M]: 0x0000000080000F50 (0x00100593) addi x11, x0, 0x1                        inst_106+0
x11 <- 0x0000000000000001

clint mtime 0x00000000000001EB (mip.MTI <- 0b1, mip.STI <- 0b0)
mem[X,0x0000000080000F54] -> 0x9593
mem[X,0x0000000080000F56] -> 0x01D5
[982] [M]: 0x0000000080000F54 (0x01D59593) slli x11, x11, 0x1d                      inst_106+4
x11 <- 0x0000000020000000

mem[X,0x0000000080000F58] -> 0xC593
mem[X,0x0000000080000F5A] -> 0xFFF5
[983] [M]: 0x0000000080000F58 (0xFFF5C593) xori x11, x11, -0x1                      inst_106+8
x11 <- 0xFFFFFFFFDFFFFFFF

clint mtime 0x00000000000001EC (mip.MTI <- 0b1, mip.STI <- 0b0)
mem[X,0x0000000080000F5C] -> 0x0513
mem[X,0x0000000080000F5E] -> 0x2B01
[984] [M]: 0x0000000080000F5C (0x2B010513) addi x10, x2, 0x2b0                      inst_106+12
x10 <- 0x0000000080004468

mem[X,0x0000000080000F60] -> 0x0493
mem[X,0x0000000080000F62] -> 0xAAA0
[985] [M]: 0x0000000080000F60 (0xAAA00493) addi x9, x0, -0x556                      inst_106+16
x9 <- 0xFFFFFFFFFFFFFAAA

clint mtime 0x00000000000001ED (mip.MTI <- 0b1, mip.STI <- 0b0)
mem[X,0x0000000080000F64] -> 0x0533
mem[X,0x0000000080000F66] -> 0x4095
[986] [M]: 0x0000000080000F64 (0x40950533) sub x10, x10, x9                         inst_106+20
x10 <- 0x00000000800049BE

mem[X,0x0000000080000F68] -> 0x2523
mem[X,0x0000000080000F6A] -> 0xAAB5
[987] [M]: 0x0000000080000F68 (0xAAB52523) sw x11, -0x556(x10)                      inst_106+24
mem[W,0x0000000080004468] <- 0xDFFFFFFF

clint mtime 0x00000000000001EE (mip.MTI <- 0b1, mip.STI <- 0b0)
mem[X,0x0000000080000F6C] -> 0x0013
mem[X,0x0000000080000F6E] -> 0x0000
[988] [M]: 0x0000000080000F6C (0x00000013) addi x0, x0, 0x0                         inst_106+28

mem[X,0x0000000080000F70] -> 0x0013
mem[X,0x0000000080000F72] -> 0x0000
[989] [M]: 0x0000000080000F70 (0x00000013) addi x0, x0, 0x0                         inst_106+32

clint mtime 0x00000000000001EF (mip.MTI <- 0b1, mip.STI <- 0b0)
mem[X,0x0000000080000F74] -> 0x0593
mem[X,0x0000000080000F76] -> 0x0010
[990] [M]: 0x0000000080000F74 (0x00100593) addi x11, x0, 0x1                        inst_107+0
x11 <- 0x0000000000000001

mem[X,0x0000000080000F78] -> 0x9593
mem[X,0x0000000080000F7A] -> 0x01E5
[991] [M]: 0x0000000080000F78 (0x01E59593) slli x11, x11, 0x1e                      inst_107+4
x11 <- 0x0000000040000000

clint mtime 0x00000000000001F0 (mip.MTI <- 0b1, mip.STI <- 0b0)
mem[X,0x0000000080000F7C] -> 0xC593
mem[X,0x0000000080000F7E] -> 0xFFF5
[992] [M]: 0x0000000080000F7C (0xFFF5C593) xori x11, x11, -0x1                      inst_107+8
x11 <- 0xFFFFFFFFBFFFFFFF

mem[X,0x0000000080000F80] -> 0x0513
mem[X,0x0000000080000F82] -> 0x2B81
[993] [M]: 0x0000000080000F80 (0x2B810513) addi x10, x2, 0x2b8                      inst_107+12
x10 <- 0x0000000080004470

clint mtime 0x00000000000001F1 (mip.MTI <- 0b1, mip.STI <- 0b0)
mem[X,0x0000000080000F84] -> 0x0493
mem[X,0x0000000080000F86] -> 0x2000
[994] [M]: 0x0000000080000F84 (0x20000493) addi x9, x0, 0x200                       inst_107+16
x9 <- 0x0000000000000200

mem[X,0x0000000080000F88] -> 0x0533
mem[X,0x0000000080000F8A] -> 0x4095
[995] [M]: 0x0000000080000F88 (0x40950533) sub x10, x10, x9                         inst_107+20
x10 <- 0x0000000080004270

clint mtime 0x00000000000001F2 (mip.MTI <- 0b1, mip.STI <- 0b0)
mem[X,0x0000000080000F8C] -> 0x2023
mem[X,0x0000000080000F8E] -> 0x20B5
[996] [M]: 0x0000000080000F8C (0x20B52023) sw x11, 0x200(x10)                       inst_107+24
mem[W,0x0000000080004470] <- 0xBFFFFFFF

mem[X,0x0000000080000F90] -> 0x0013
mem[X,0x0000000080000F92] -> 0x0000
[997] [M]: 0x0000000080000F90 (0x00000013) addi x0, x0, 0x0                         inst_107+28

clint mtime 0x00000000000001F3 (mip.MTI <- 0b1, mip.STI <- 0b0)
mem[X,0x0000000080000F94] -> 0x0013
mem[X,0x0000000080000F96] -> 0x0000
[998] [M]: 0x0000000080000F94 (0x00000013) addi x0, x0, 0x0                         inst_107+32

mem[X,0x0000000080000F98] -> 0x0593
mem[X,0x0000000080000F9A] -> 0x0010
[999] [M]: 0x0000000080000F98 (0x00100593) addi x11, x0, 0x1                        inst_108+0
x11 <- 0x0000000000000001

clint mtime 0x00000000000001F4 (mip.MTI <- 0b1, mip.STI <- 0b0)
mem[X,0x0000000080000F9C] -> 0x9593
mem[X,0x0000000080000F9E] -> 0x01F5
[1000] [M]: 0x0000000080000F9C (0x01F59593) slli x11, x11, 0x1f                     inst_108+4
x11 <- 0x0000000080000000

mem[X,0x0000000080000FA0] -> 0xC593
mem[X,0x0000000080000FA2] -> 0xFFF5
[1001] [M]: 0x0000000080000FA0 (0xFFF5C593) xori x11, x11, -0x1                     inst_108+8
x11 <- 0xFFFFFFFF7FFFFFFF

clint mtime 0x00000000000001F5 (mip.MTI <- 0b1, mip.STI <- 0b0)
mem[X,0x0000000080000FA4] -> 0x0513
mem[X,0x0000000080000FA6] -> 0x2C01
[1002] [M]: 0x0000000080000FA4 (0x2C010513) addi x10, x2, 0x2c0                     inst_108+12
x10 <- 0x0000000080004478

mem[X,0x0000000080000FA8] -> 0x0493
mem[X,0x0000000080000FAA] -> 0x3FF0
[1003] [M]: 0x0000000080000FA8 (0x3FF00493) addi x9, x0, 0x3ff                      inst_108+16
x9 <- 0x00000000000003FF

clint mtime 0x00000000000001F6 (mip.MTI <- 0b1, mip.STI <- 0b0)
mem[X,0x0000000080000FAC] -> 0x0533
mem[X,0x0000000080000FAE] -> 0x4095
[1004] [M]: 0x0000000080000FAC (0x40950533) sub x10, x10, x9                        inst_108+20
x10 <- 0x0000000080004079

mem[X,0x0000000080000FB0] -> 0x2FA3
mem[X,0x0000000080000FB2] -> 0x3EB5
[1005] [M]: 0x0000000080000FB0 (0x3EB52FA3) sw x11, 0x3ff(x10)                      inst_108+24
mem[W,0x0000000080004478] <- 0x7FFFFFFF

clint mtime 0x00000000000001F7 (mip.MTI <- 0b1, mip.STI <- 0b0)
mem[X,0x0000000080000FB4] -> 0x0013
mem[X,0x0000000080000FB6] -> 0x0000
[1006] [M]: 0x0000000080000FB4 (0x00000013) addi x0, x0, 0x0                        inst_108+28

mem[X,0x0000000080000FB8] -> 0x0013
mem[X,0x0000000080000FBA] -> 0x0000
[1007] [M]: 0x0000000080000FB8 (0x00000013) addi x0, x0, 0x0                        inst_108+32

clint mtime 0x00000000000001F8 (mip.MTI <- 0b1, mip.STI <- 0b0)
mem[X,0x0000000080000FBC] -> 0x0593
mem[X,0x0000000080000FBE] -> 0x0010
[1008] [M]: 0x0000000080000FBC (0x00100593) addi x11, x0, 0x1                       inst_109+0
x11 <- 0x0000000000000001

mem[X,0x0000000080000FC0] -> 0x9593
mem[X,0x0000000080000FC2] -> 0x0205
[1009] [M]: 0x0000000080000FC0 (0x02059593) slli x11, x11, 0x20                     inst_109+4
x11 <- 0x0000000100000000

clint mtime 0x00000000000001F9 (mip.MTI <- 0b1, mip.STI <- 0b0)
mem[X,0x0000000080000FC4] -> 0xC593
mem[X,0x0000000080000FC6] -> 0xFFF5
[1010] [M]: 0x0000000080000FC4 (0xFFF5C593) xori x11, x11, -0x1                     inst_109+8
x11 <- 0xFFFFFFFEFFFFFFFF

mem[X,0x0000000080000FC8] -> 0x0513
mem[X,0x0000000080000FCA] -> 0x2C81
[1011] [M]: 0x0000000080000FC8 (0x2C810513) addi x10, x2, 0x2c8                     inst_109+12
x10 <- 0x0000000080004480

clint mtime 0x00000000000001FA (mip.MTI <- 0b1, mip.STI <- 0b0)
mem[X,0x0000000080000FCC] -> 0x0493
mem[X,0x0000000080000FCE] -> 0xDFF0
[1012] [M]: 0x0000000080000FCC (0xDFF00493) addi x9, x0, -0x201                     inst_109+16
x9 <- 0xFFFFFFFFFFFFFDFF

mem[X,0x0000000080000FD0] -> 0x0533
mem[X,0x0000000080000FD2] -> 0x4095
[1013] [M]: 0x0000000080000FD0 (0x40950533) sub x10, x10, x9                        inst_109+20
x10 <- 0x0000000080004681

clint mtime 0x00000000000001FB (mip.MTI <- 0b1, mip.STI <- 0b0)
mem[X,0x0000000080000FD4] -> 0x2FA3
mem[X,0x0000000080000FD6] -> 0xDEB5
[1014] [M]: 0x0000000080000FD4 (0xDEB52FA3) sw x11, -0x201(x10)                     inst_109+24
mem[W,0x0000000080004480] <- 0xFFFFFFFF

mem[X,0x0000000080000FD8] -> 0x0013
mem[X,0x0000000080000FDA] -> 0x0000
[1015] [M]: 0x0000000080000FD8 (0x00000013) addi x0, x0, 0x0                        inst_109+28

clint mtime 0x00000000000001FC (mip.MTI <- 0b1, mip.STI <- 0b0)
mem[X,0x0000000080000FDC] -> 0x0013
mem[X,0x0000000080000FDE] -> 0x0000
[1016] [M]: 0x0000000080000FDC (0x00000013) addi x0, x0, 0x0                        inst_109+32

mem[X,0x0000000080000FE0] -> 0x0593
mem[X,0x0000000080000FE2] -> 0x0010
[1017] [M]: 0x0000000080000FE0 (0x00100593) addi x11, x0, 0x1                       inst_110+0
x11 <- 0x0000000000000001

clint mtime 0x00000000000001FD (mip.MTI <- 0b1, mip.STI <- 0b0)
mem[X,0x0000000080000FE4] -> 0x9593
mem[X,0x0000000080000FE6] -> 0x0215
[1018] [M]: 0x0000000080000FE4 (0x02159593) slli x11, x11, 0x21                     inst_110+4
x11 <- 0x0000000200000000

mem[X,0x0000000080000FE8] -> 0xC593
mem[X,0x0000000080000FEA] -> 0xFFF5
[1019] [M]: 0x0000000080000FE8 (0xFFF5C593) xori x11, x11, -0x1                     inst_110+8
x11 <- 0xFFFFFFFDFFFFFFFF

clint mtime 0x00000000000001FE (mip.MTI <- 0b1, mip.STI <- 0b0)
mem[X,0x0000000080000FEC] -> 0x0513
mem[X,0x0000000080000FEE] -> 0x2D01
[1020] [M]: 0x0000000080000FEC (0x2D010513) addi x10, x2, 0x2d0                     inst_110+12
x10 <- 0x0000000080004488

mem[X,0x0000000080000FF0] -> 0x0493
mem[X,0x0000000080000FF2] -> 0x7FF0
[1021] [M]: 0x0000000080000FF0 (0x7FF00493) addi x9, x0, 0x7ff                      inst_110+16
x9 <- 0x00000000000007FF

clint mtime 0x00000000000001FF (mip.MTI <- 0b1, mip.STI <- 0b0)
mem[X,0x0000000080000FF4] -> 0x0533
mem[X,0x0000000080000FF6] -> 0x4095
[1022] [M]: 0x0000000080000FF4 (0x40950533) sub x10, x10, x9                        inst_110+20
x10 <- 0x0000000080003C89

mem[X,0x0000000080000FF8] -> 0x2FA3
mem[X,0x0000000080000FFA] -> 0x7EB5
[1023] [M]: 0x0000000080000FF8 (0x7EB52FA3) sw x11, 0x7ff(x10)                      inst_110+24
mem[W,0x0000000080004488] <- 0xFFFFFFFF

clint mtime 0x0000000000000200 (mip.MTI <- 0b1, mip.STI <- 0b0)
mem[X,0x0000000080000FFC] -> 0x0013
mem[X,0x0000000080000FFE] -> 0x0000
[1024] [M]: 0x0000000080000FFC (0x00000013) addi x0, x0, 0x0                        inst_110+28

mem[X,0x0000000080001000] -> 0x0013
mem[X,0x0000000080001002] -> 0x0000
[1025] [M]: 0x0000000080001000 (0x00000013) addi x0, x0, 0x0                        inst_110+32

clint mtime 0x0000000000000201 (mip.MTI <- 0b1, mip.STI <- 0b0)
mem[X,0x0000000080001004] -> 0x0593
mem[X,0x0000000080001006] -> 0x0010
[1026] [M]: 0x0000000080001004 (0x00100593) addi x11, x0, 0x1                       inst_111+0
x11 <- 0x0000000000000001

mem[X,0x0000000080001008] -> 0x9593
mem[X,0x000000008000100A] -> 0x0225
[1027] [M]: 0x0000000080001008 (0x02259593) slli x11, x11, 0x22                     inst_111+4
x11 <- 0x0000000400000000

clint mtime 0x0000000000000202 (mip.MTI <- 0b1, mip.STI <- 0b0)
mem[X,0x000000008000100C] -> 0xC593
mem[X,0x000000008000100E] -> 0xFFF5
[1028] [M]: 0x000000008000100C (0xFFF5C593) xori x11, x11, -0x1                     inst_111+8
x11 <- 0xFFFFFFFBFFFFFFFF

mem[X,0x0000000080001010] -> 0x0513
mem[X,0x0000000080001012] -> 0x2D81
[1029] [M]: 0x0000000080001010 (0x2D810513) addi x10, x2, 0x2d8                     inst_111+12
x10 <- 0x0000000080004490

clint mtime 0x0000000000000203 (mip.MTI <- 0b1, mip.STI <- 0b0)
mem[X,0x0000000080001014] -> 0x0493
mem[X,0x0000000080001016] -> 0x0080
[1030] [M]: 0x0000000080001014 (0x00800493) addi x9, x0, 0x8                        inst_111+16
x9 <- 0x0000000000000008

mem[X,0x0000000080001018] -> 0x0533
mem[X,0x000000008000101A] -> 0x4095
[1031] [M]: 0x0000000080001018 (0x40950533) sub x10, x10, x9                        inst_111+20
x10 <- 0x0000000080004488

clint mtime 0x0000000000000204 (mip.MTI <- 0b1, mip.STI <- 0b0)
mem[X,0x000000008000101C] -> 0x2423
mem[X,0x000000008000101E] -> 0x00B5
[1032] [M]: 0x000000008000101C (0x00B52423) sw x11, 0x8(x10)                        inst_111+24
mem[W,0x0000000080004490] <- 0xFFFFFFFF

mem[X,0x0000000080001020] -> 0x0013
mem[X,0x0000000080001022] -> 0x0000
[1033] [M]: 0x0000000080001020 (0x00000013) addi x0, x0, 0x0                        inst_111+28

clint mtime 0x0000000000000205 (mip.MTI <- 0b1, mip.STI <- 0b0)
mem[X,0x0000000080001024] -> 0x0013
mem[X,0x0000000080001026] -> 0x0000
[1034] [M]: 0x0000000080001024 (0x00000013) addi x0, x0, 0x0                        inst_111+32

mem[X,0x0000000080001028] -> 0x0593
mem[X,0x000000008000102A] -> 0x0010
[1035] [M]: 0x0000000080001028 (0x00100593) addi x11, x0, 0x1                       inst_112+0
x11 <- 0x0000000000000001

clint mtime 0x0000000000000206 (mip.MTI <- 0b1, mip.STI <- 0b0)
mem[X,0x000000008000102C] -> 0x9593
mem[X,0x000000008000102E] -> 0x0235
[1036] [M]: 0x000000008000102C (0x02359593) slli x11, x11, 0x23                     inst_112+4
x11 <- 0x0000000800000000

mem[X,0x0000000080001030] -> 0xC593
mem[X,0x0000000080001032] -> 0xFFF5
[1037] [M]: 0x0000000080001030 (0xFFF5C593) xori x11, x11, -0x1                     inst_112+8
x11 <- 0xFFFFFFF7FFFFFFFF

clint mtime 0x0000000000000207 (mip.MTI <- 0b1, mip.STI <- 0b0)
mem[X,0x0000000080001034] -> 0x0513
mem[X,0x0000000080001036] -> 0x2E01
[1038] [M]: 0x0000000080001034 (0x2E010513) addi x10, x2, 0x2e0                     inst_112+12
x10 <- 0x0000000080004498

mem[X,0x0000000080001038] -> 0x0493
mem[X,0x000000008000103A] -> 0xFF90
[1039] [M]: 0x0000000080001038 (0xFF900493) addi x9, x0, -0x7                       inst_112+16
x9 <- 0xFFFFFFFFFFFFFFF9

clint mtime 0x0000000000000208 (mip.MTI <- 0b1, mip.STI <- 0b0)
mem[X,0x000000008000103C] -> 0x0533
mem[X,0x000000008000103E] -> 0x4095
[1040] [M]: 0x000000008000103C (0x40950533) sub x10, x10, x9                        inst_112+20
x10 <- 0x000000008000449F

mem[X,0x0000000080001040] -> 0x2CA3
mem[X,0x0000000080001042] -> 0xFEB5
[1041] [M]: 0x0000000080001040 (0xFEB52CA3) sw x11, -0x7(x10)                       inst_112+24
mem[W,0x0000000080004498] <- 0xFFFFFFFF

clint mtime 0x0000000000000209 (mip.MTI <- 0b1, mip.STI <- 0b0)
mem[X,0x0000000080001044] -> 0x0013
mem[X,0x0000000080001046] -> 0x0000
[1042] [M]: 0x0000000080001044 (0x00000013) addi x0, x0, 0x0                        inst_112+28

mem[X,0x0000000080001048] -> 0x0013
mem[X,0x000000008000104A] -> 0x0000
[1043] [M]: 0x0000000080001048 (0x00000013) addi x0, x0, 0x0                        inst_112+32

clint mtime 0x000000000000020A (mip.MTI <- 0b1, mip.STI <- 0b0)
mem[X,0x000000008000104C] -> 0x0593
mem[X,0x000000008000104E] -> 0x0010
[1044] [M]: 0x000000008000104C (0x00100593) addi x11, x0, 0x1                       inst_113+0
x11 <- 0x0000000000000001

mem[X,0x0000000080001050] -> 0x9593
mem[X,0x0000000080001052] -> 0x0245
[1045] [M]: 0x0000000080001050 (0x02459593) slli x11, x11, 0x24                     inst_113+4
x11 <- 0x0000001000000000

clint mtime 0x000000000000020B (mip.MTI <- 0b1, mip.STI <- 0b0)
mem[X,0x0000000080001054] -> 0xC593
mem[X,0x0000000080001056] -> 0xFFF5
[1046] [M]: 0x0000000080001054 (0xFFF5C593) xori x11, x11, -0x1                     inst_113+8
x11 <- 0xFFFFFFEFFFFFFFFF

mem[X,0x0000000080001058] -> 0x0513
mem[X,0x000000008000105A] -> 0x2E81
[1047] [M]: 0x0000000080001058 (0x2E810513) addi x10, x2, 0x2e8                     inst_113+12
x10 <- 0x00000000800044A0

clint mtime 0x000000000000020C (mip.MTI <- 0b1, mip.STI <- 0b0)
mem[X,0x000000008000105C] -> 0x0493
mem[X,0x000000008000105E] -> 0x0100
[1048] [M]: 0x000000008000105C (0x01000493) addi x9, x0, 0x10                       inst_113+16
x9 <- 0x0000000000000010

mem[X,0x0000000080001060] -> 0x0533
mem[X,0x0000000080001062] -> 0x4095
[1049] [M]: 0x0000000080001060 (0x40950533) sub x10, x10, x9                        inst_113+20
x10 <- 0x0000000080004490

clint mtime 0x000000000000020D (mip.MTI <- 0b1, mip.STI <- 0b0)
mem[X,0x0000000080001064] -> 0x2823
mem[X,0x0000000080001066] -> 0x00B5
[1050] [M]: 0x0000000080001064 (0x00B52823) sw x11, 0x10(x10)                       inst_113+24
mem[W,0x00000000800044A0] <- 0xFFFFFFFF

mem[X,0x0000000080001068] -> 0x0013
mem[X,0x000000008000106A] -> 0x0000
[1051] [M]: 0x0000000080001068 (0x00000013) addi x0, x0, 0x0                        inst_113+28

clint mtime 0x000000000000020E (mip.MTI <- 0b1, mip.STI <- 0b0)
mem[X,0x000000008000106C] -> 0x0013
mem[X,0x000000008000106E] -> 0x0000
[1052] [M]: 0x000000008000106C (0x00000013) addi x0, x0, 0x0                        inst_113+32

mem[X,0x0000000080001070] -> 0x0593
mem[X,0x0000000080001072] -> 0x0010
[1053] [M]: 0x0000000080001070 (0x00100593) addi x11, x0, 0x1                       inst_114+0
x11 <- 0x0000000000000001

clint mtime 0x000000000000020F (mip.MTI <- 0b1, mip.STI <- 0b0)
mem[X,0x0000000080001074] -> 0x9593
mem[X,0x0000000080001076] -> 0x0255
[1054] [M]: 0x0000000080001074 (0x02559593) slli x11, x11, 0x25                     inst_114+4
x11 <- 0x0000002000000000

mem[X,0x0000000080001078] -> 0xC593
mem[X,0x000000008000107A] -> 0xFFF5
[1055] [M]: 0x0000000080001078 (0xFFF5C593) xori x11, x11, -0x1                     inst_114+8
x11 <- 0xFFFFFFDFFFFFFFFF

clint mtime 0x0000000000000210 (mip.MTI <- 0b1, mip.STI <- 0b0)
mem[X,0x000000008000107C] -> 0x0513
mem[X,0x000000008000107E] -> 0x2F01
[1056] [M]: 0x000000008000107C (0x2F010513) addi x10, x2, 0x2f0                     inst_114+12
x10 <- 0x00000000800044A8

mem[X,0x0000000080001080] -> 0x0493
mem[X,0x0000000080001082] -> 0x1000
[1057] [M]: 0x0000000080001080 (0x10000493) addi x9, x0, 0x100                      inst_114+16
x9 <- 0x0000000000000100

clint mtime 0x0000000000000211 (mip.MTI <- 0b1, mip.STI <- 0b0)
mem[X,0x0000000080001084] -> 0x0533
mem[X,0x0000000080001086] -> 0x4095
[1058] [M]: 0x0000000080001084 (0x40950533) sub x10, x10, x9                        inst_114+20
x10 <- 0x00000000800043A8

mem[X,0x0000000080001088] -> 0x2023
mem[X,0x000000008000108A] -> 0x10B5
[1059] [M]: 0x0000000080001088 (0x10B52023) sw x11, 0x100(x10)                      inst_114+24
mem[W,0x00000000800044A8] <- 0xFFFFFFFF

clint mtime 0x0000000000000212 (mip.MTI <- 0b1, mip.STI <- 0b0)
mem[X,0x000000008000108C] -> 0x0013
mem[X,0x000000008000108E] -> 0x0000
[1060] [M]: 0x000000008000108C (0x00000013) addi x0, x0, 0x0                        inst_114+28

mem[X,0x0000000080001090] -> 0x0013
mem[X,0x0000000080001092] -> 0x0000
[1061] [M]: 0x0000000080001090 (0x00000013) addi x0, x0, 0x0                        inst_114+32

clint mtime 0x0000000000000213 (mip.MTI <- 0b1, mip.STI <- 0b0)
mem[X,0x0000000080001094] -> 0x0593
mem[X,0x0000000080001096] -> 0x0010
[1062] [M]: 0x0000000080001094 (0x00100593) addi x11, x0, 0x1                       inst_115+0
x11 <- 0x0000000000000001

mem[X,0x0000000080001098] -> 0x9593
mem[X,0x000000008000109A] -> 0x0265
[1063] [M]: 0x0000000080001098 (0x02659593) slli x11, x11, 0x26                     inst_115+4
x11 <- 0x0000004000000000

clint mtime 0x0000000000000214 (mip.MTI <- 0b1, mip.STI <- 0b0)
mem[X,0x000000008000109C] -> 0xC593
mem[X,0x000000008000109E] -> 0xFFF5
[1064] [M]: 0x000000008000109C (0xFFF5C593) xori x11, x11, -0x1                     inst_115+8
x11 <- 0xFFFFFFBFFFFFFFFF

mem[X,0x00000000800010A0] -> 0x0513
mem[X,0x00000000800010A2] -> 0x2F81
[1065] [M]: 0x00000000800010A0 (0x2F810513) addi x10, x2, 0x2f8                     inst_115+12
x10 <- 0x00000000800044B0

clint mtime 0x0000000000000215 (mip.MTI <- 0b1, mip.STI <- 0b0)
mem[X,0x00000000800010A4] -> 0x0493
mem[X,0x00000000800010A6] -> 0xFFB0
[1066] [M]: 0x00000000800010A4 (0xFFB00493) addi x9, x0, -0x5                       inst_115+16
x9 <- 0xFFFFFFFFFFFFFFFB

mem[X,0x00000000800010A8] -> 0x0533
mem[X,0x00000000800010AA] -> 0x4095
[1067] [M]: 0x00000000800010A8 (0x40950533) sub x10, x10, x9                        inst_115+20
x10 <- 0x00000000800044B5

clint mtime 0x0000000000000216 (mip.MTI <- 0b1, mip.STI <- 0b0)
mem[X,0x00000000800010AC] -> 0x2DA3
mem[X,0x00000000800010AE] -> 0xFEB5
[1068] [M]: 0x00000000800010AC (0xFEB52DA3) sw x11, -0x5(x10)                       inst_115+24
mem[W,0x00000000800044B0] <- 0xFFFFFFFF

mem[X,0x00000000800010B0] -> 0x0013
mem[X,0x00000000800010B2] -> 0x0000
[1069] [M]: 0x00000000800010B0 (0x00000013) addi x0, x0, 0x0                        inst_115+28

clint mtime 0x0000000000000217 (mip.MTI <- 0b1, mip.STI <- 0b0)
mem[X,0x00000000800010B4] -> 0x0013
mem[X,0x00000000800010B6] -> 0x0000
[1070] [M]: 0x00000000800010B4 (0x00000013) addi x0, x0, 0x0                        inst_115+32

mem[X,0x00000000800010B8] -> 0x0593
mem[X,0x00000000800010BA] -> 0x0010
[1071] [M]: 0x00000000800010B8 (0x00100593) addi x11, x0, 0x1                       inst_116+0
x11 <- 0x0000000000000001

clint mtime 0x0000000000000218 (mip.MTI <- 0b1, mip.STI <- 0b0)
mem[X,0x00000000800010BC] -> 0x9593
mem[X,0x00000000800010BE] -> 0x0275
[1072] [M]: 0x00000000800010BC (0x02759593) slli x11, x11, 0x27                     inst_116+4
x11 <- 0x0000008000000000

mem[X,0x00000000800010C0] -> 0xC593
mem[X,0x00000000800010C2] -> 0xFFF5
[1073] [M]: 0x00000000800010C0 (0xFFF5C593) xori x11, x11, -0x1                     inst_116+8
x11 <- 0xFFFFFF7FFFFFFFFF

clint mtime 0x0000000000000219 (mip.MTI <- 0b1, mip.STI <- 0b0)
mem[X,0x00000000800010C4] -> 0x0513
mem[X,0x00000000800010C6] -> 0x3001
[1074] [M]: 0x00000000800010C4 (0x30010513) addi x10, x2, 0x300                     inst_116+12
x10 <- 0x00000000800044B8

mem[X,0x00000000800010C8] -> 0x0493
mem[X,0x00000000800010CA] -> 0x4000
[1075] [M]: 0x00000000800010C8 (0x40000493) addi x9, x0, 0x400                      inst_116+16
x9 <- 0x0000000000000400

clint mtime 0x000000000000021A (mip.MTI <- 0b1, mip.STI <- 0b0)
mem[X,0x00000000800010CC] -> 0x0533
mem[X,0x00000000800010CE] -> 0x4095
[1076] [M]: 0x00000000800010CC (0x40950533) sub x10, x10, x9                        inst_116+20
x10 <- 0x00000000800040B8

mem[X,0x00000000800010D0] -> 0x2023
mem[X,0x00000000800010D2] -> 0x40B5
[1077] [M]: 0x00000000800010D0 (0x40B52023) sw x11, 0x400(x10)                      inst_116+24
mem[W,0x00000000800044B8] <- 0xFFFFFFFF

clint mtime 0x000000000000021B (mip.MTI <- 0b1, mip.STI <- 0b0)
mem[X,0x00000000800010D4] -> 0x0013
mem[X,0x00000000800010D6] -> 0x0000
[1078] [M]: 0x00000000800010D4 (0x00000013) addi x0, x0, 0x0                        inst_116+28

mem[X,0x00000000800010D8] -> 0x0013
mem[X,0x00000000800010DA] -> 0x0000
[1079] [M]: 0x00000000800010D8 (0x00000013) addi x0, x0, 0x0                        inst_116+32

clint mtime 0x000000000000021C (mip.MTI <- 0b1, mip.STI <- 0b0)
mem[X,0x00000000800010DC] -> 0x0593
mem[X,0x00000000800010DE] -> 0x0010
[1080] [M]: 0x00000000800010DC (0x00100593) addi x11, x0, 0x1                       inst_117+0
x11 <- 0x0000000000000001

mem[X,0x00000000800010E0] -> 0x9593
mem[X,0x00000000800010E2] -> 0x0285
[1081] [M]: 0x00000000800010E0 (0x02859593) slli x11, x11, 0x28                     inst_117+4
x11 <- 0x0000010000000000

clint mtime 0x000000000000021D (mip.MTI <- 0b1, mip.STI <- 0b0)
mem[X,0x00000000800010E4] -> 0xC593
mem[X,0x00000000800010E6] -> 0xFFF5
[1082] [M]: 0x00000000800010E4 (0xFFF5C593) xori x11, x11, -0x1                     inst_117+8
x11 <- 0xFFFFFEFFFFFFFFFF

mem[X,0x00000000800010E8] -> 0x0513
mem[X,0x00000000800010EA] -> 0x3081
[1083] [M]: 0x00000000800010E8 (0x30810513) addi x10, x2, 0x308                     inst_117+12
x10 <- 0x00000000800044C0

clint mtime 0x000000000000021E (mip.MTI <- 0b1, mip.STI <- 0b0)
mem[X,0x00000000800010EC] -> 0x0493
mem[X,0x00000000800010EE] -> 0xFFC0
[1084] [M]: 0x00000000800010EC (0xFFC00493) addi x9, x0, -0x4                       inst_117+16
x9 <- 0xFFFFFFFFFFFFFFFC

mem[X,0x00000000800010F0] -> 0x0533
mem[X,0x00000000800010F2] -> 0x4095
[1085] [M]: 0x00000000800010F0 (0x40950533) sub x10, x10, x9                        inst_117+20
x10 <- 0x00000000800044C4

clint mtime 0x000000000000021F (mip.MTI <- 0b1, mip.STI <- 0b0)
mem[X,0x00000000800010F4] -> 0x2E23
mem[X,0x00000000800010F6] -> 0xFEB5
[1086] [M]: 0x00000000800010F4 (0xFEB52E23) sw x11, -0x4(x10)                       inst_117+24
mem[W,0x00000000800044C0] <- 0xFFFFFFFF

mem[X,0x00000000800010F8] -> 0x0013
mem[X,0x00000000800010FA] -> 0x0000
[1087] [M]: 0x00000000800010F8 (0x00000013) addi x0, x0, 0x0                        inst_117+28

clint mtime 0x0000000000000220 (mip.MTI <- 0b1, mip.STI <- 0b0)
mem[X,0x00000000800010FC] -> 0x0013
mem[X,0x00000000800010FE] -> 0x0000
[1088] [M]: 0x00000000800010FC (0x00000013) addi x0, x0, 0x0                        inst_117+32

mem[X,0x0000000080001100] -> 0x0593
mem[X,0x0000000080001102] -> 0x0010
[1089] [M]: 0x0000000080001100 (0x00100593) addi x11, x0, 0x1                       inst_118+0
x11 <- 0x0000000000000001

clint mtime 0x0000000000000221 (mip.MTI <- 0b1, mip.STI <- 0b0)
mem[X,0x0000000080001104] -> 0x9593
mem[X,0x0000000080001106] -> 0x0295
[1090] [M]: 0x0000000080001104 (0x02959593) slli x11, x11, 0x29                     inst_118+4
x11 <- 0x0000020000000000

mem[X,0x0000000080001108] -> 0xC593
mem[X,0x000000008000110A] -> 0xFFF5
[1091] [M]: 0x0000000080001108 (0xFFF5C593) xori x11, x11, -0x1                     inst_118+8
x11 <- 0xFFFFFDFFFFFFFFFF

clint mtime 0x0000000000000222 (mip.MTI <- 0b1, mip.STI <- 0b0)
mem[X,0x000000008000110C] -> 0x0513
mem[X,0x000000008000110E] -> 0x3101
[1092] [M]: 0x000000008000110C (0x31010513) addi x10, x2, 0x310                     inst_118+12
x10 <- 0x00000000800044C8

mem[X,0x0000000080001110] -> 0x0493
mem[X,0x0000000080001112] -> 0x0020
[1093] [M]: 0x0000000080001110 (0x00200493) addi x9, x0, 0x2                        inst_118+16
x9 <- 0x0000000000000002

clint mtime 0x0000000000000223 (mip.MTI <- 0b1, mip.STI <- 0b0)
mem[X,0x0000000080001114] -> 0x0533
mem[X,0x0000000080001116] -> 0x4095
[1094] [M]: 0x0000000080001114 (0x40950533) sub x10, x10, x9                        inst_118+20
x10 <- 0x00000000800044C6

mem[X,0x0000000080001118] -> 0x2123
mem[X,0x000000008000111A] -> 0x00B5
[1095] [M]: 0x0000000080001118 (0x00B52123) sw x11, 0x2(x10)                        inst_118+24
mem[W,0x00000000800044C8] <- 0xFFFFFFFF

clint mtime 0x0000000000000224 (mip.MTI <- 0b1, mip.STI <- 0b0)
mem[X,0x000000008000111C] -> 0x0013
mem[X,0x000000008000111E] -> 0x0000
[1096] [M]: 0x000000008000111C (0x00000013) addi x0, x0, 0x0                        inst_118+28

mem[X,0x0000000080001120] -> 0x0013
mem[X,0x0000000080001122] -> 0x0000
[1097] [M]: 0x0000000080001120 (0x00000013) addi x0, x0, 0x0                        inst_118+32

clint mtime 0x0000000000000225 (mip.MTI <- 0b1, mip.STI <- 0b0)
mem[X,0x0000000080001124] -> 0x0593
mem[X,0x0000000080001126] -> 0x0010
[1098] [M]: 0x0000000080001124 (0x00100593) addi x11, x0, 0x1                       inst_119+0
x11 <- 0x0000000000000001

mem[X,0x0000000080001128] -> 0x9593
mem[X,0x000000008000112A] -> 0x02A5
[1099] [M]: 0x0000000080001128 (0x02A59593) slli x11, x11, 0x2a                     inst_119+4
x11 <- 0x0000040000000000

clint mtime 0x0000000000000226 (mip.MTI <- 0b1, mip.STI <- 0b0)
mem[X,0x000000008000112C] -> 0xC593
mem[X,0x000000008000112E] -> 0xFFF5
[1100] [M]: 0x000000008000112C (0xFFF5C593) xori x11, x11, -0x1                     inst_119+8
x11 <- 0xFFFFFBFFFFFFFFFF

mem[X,0x0000000080001130] -> 0x0513
mem[X,0x0000000080001132] -> 0x3181
[1101] [M]: 0x0000000080001130 (0x31810513) addi x10, x2, 0x318                     inst_119+12
x10 <- 0x00000000800044D0

clint mtime 0x0000000000000227 (mip.MTI <- 0b1, mip.STI <- 0b0)
mem[X,0x0000000080001134] -> 0x0493
mem[X,0x0000000080001136] -> 0x0800
[1102] [M]: 0x0000000080001134 (0x08000493) addi x9, x0, 0x80                       inst_119+16
x9 <- 0x0000000000000080

mem[X,0x0000000080001138] -> 0x0533
mem[X,0x000000008000113A] -> 0x4095
[1103] [M]: 0x0000000080001138 (0x40950533) sub x10, x10, x9                        inst_119+20
x10 <- 0x0000000080004450

clint mtime 0x0000000000000228 (mip.MTI <- 0b1, mip.STI <- 0b0)
mem[X,0x000000008000113C] -> 0x2023
mem[X,0x000000008000113E] -> 0x08B5
[1104] [M]: 0x000000008000113C (0x08B52023) sw x11, 0x80(x10)                       inst_119+24
mem[W,0x00000000800044D0] <- 0xFFFFFFFF

mem[X,0x0000000080001140] -> 0x0013
mem[X,0x0000000080001142] -> 0x0000
[1105] [M]: 0x0000000080001140 (0x00000013) addi x0, x0, 0x0                        inst_119+28

clint mtime 0x0000000000000229 (mip.MTI <- 0b1, mip.STI <- 0b0)
mem[X,0x0000000080001144] -> 0x0013
mem[X,0x0000000080001146] -> 0x0000
[1106] [M]: 0x0000000080001144 (0x00000013) addi x0, x0, 0x0                        inst_119+32

mem[X,0x0000000080001148] -> 0x0593
mem[X,0x000000008000114A] -> 0x0010
[1107] [M]: 0x0000000080001148 (0x00100593) addi x11, x0, 0x1                       inst_120+0
x11 <- 0x0000000000000001

clint mtime 0x000000000000022A (mip.MTI <- 0b1, mip.STI <- 0b0)
mem[X,0x000000008000114C] -> 0x9593
mem[X,0x000000008000114E] -> 0x02B5
[1108] [M]: 0x000000008000114C (0x02B59593) slli x11, x11, 0x2b                     inst_120+4
x11 <- 0x0000080000000000

mem[X,0x0000000080001150] -> 0xC593
mem[X,0x0000000080001152] -> 0xFFF5
[1109] [M]: 0x0000000080001150 (0xFFF5C593) xori x11, x11, -0x1                     inst_120+8
x11 <- 0xFFFFF7FFFFFFFFFF

clint mtime 0x000000000000022B (mip.MTI <- 0b1, mip.STI <- 0b0)
mem[X,0x0000000080001154] -> 0x0513
mem[X,0x0000000080001156] -> 0x3201
[1110] [M]: 0x0000000080001154 (0x32010513) addi x10, x2, 0x320                     inst_120+12
x10 <- 0x00000000800044D8

mem[X,0x0000000080001158] -> 0x0493
mem[X,0x000000008000115A] -> 0xC000
[1111] [M]: 0x0000000080001158 (0xC0000493) addi x9, x0, -0x400                     inst_120+16
x9 <- 0xFFFFFFFFFFFFFC00

clint mtime 0x000000000000022C (mip.MTI <- 0b1, mip.STI <- 0b0)
mem[X,0x000000008000115C] -> 0x0533
mem[X,0x000000008000115E] -> 0x4095
[1112] [M]: 0x000000008000115C (0x40950533) sub x10, x10, x9                        inst_120+20
x10 <- 0x00000000800048D8

mem[X,0x0000000080001160] -> 0x2023
mem[X,0x0000000080001162] -> 0xC0B5
[1113] [M]: 0x0000000080001160 (0xC0B52023) sw x11, -0x400(x10)                     inst_120+24
mem[W,0x00000000800044D8] <- 0xFFFFFFFF

clint mtime 0x000000000000022D (mip.MTI <- 0b1, mip.STI <- 0b0)
mem[X,0x0000000080001164] -> 0x0013
mem[X,0x0000000080001166] -> 0x0000
[1114] [M]: 0x0000000080001164 (0x00000013) addi x0, x0, 0x0                        inst_120+28

mem[X,0x0000000080001168] -> 0x0013
mem[X,0x000000008000116A] -> 0x0000
[1115] [M]: 0x0000000080001168 (0x00000013) addi x0, x0, 0x0                        inst_120+32

clint mtime 0x000000000000022E (mip.MTI <- 0b1, mip.STI <- 0b0)
mem[X,0x000000008000116C] -> 0x0593
mem[X,0x000000008000116E] -> 0x0010
[1116] [M]: 0x000000008000116C (0x00100593) addi x11, x0, 0x1                       inst_121+0
x11 <- 0x0000000000000001

mem[X,0x0000000080001170] -> 0x9593
mem[X,0x0000000080001172] -> 0x02C5
[1117] [M]: 0x0000000080001170 (0x02C59593) slli x11, x11, 0x2c                     inst_121+4
x11 <- 0x0000100000000000

clint mtime 0x000000000000022F (mip.MTI <- 0b1, mip.STI <- 0b0)
mem[X,0x0000000080001174] -> 0xC593
mem[X,0x0000000080001176] -> 0xFFF5
[1118] [M]: 0x0000000080001174 (0xFFF5C593) xori x11, x11, -0x1                     inst_121+8
x11 <- 0xFFFFEFFFFFFFFFFF

mem[X,0x0000000080001178] -> 0x0513
mem[X,0x000000008000117A] -> 0x3281
[1119] [M]: 0x0000000080001178 (0x32810513) addi x10, x2, 0x328                     inst_121+12
x10 <- 0x00000000800044E0

clint mtime 0x0000000000000230 (mip.MTI <- 0b1, mip.STI <- 0b0)
mem[X,0x000000008000117C] -> 0x0493
mem[X,0x000000008000117E] -> 0x0010
[1120] [M]: 0x000000008000117C (0x00100493) addi x9, x0, 0x1                        inst_121+16
x9 <- 0x0000000000000001

mem[X,0x0000000080001180] -> 0x0533
mem[X,0x0000000080001182] -> 0x4095
[1121] [M]: 0x0000000080001180 (0x40950533) sub x10, x10, x9                        inst_121+20
x10 <- 0x00000000800044DF

clint mtime 0x0000000000000231 (mip.MTI <- 0b1, mip.STI <- 0b0)
mem[X,0x0000000080001184] -> 0x20A3
mem[X,0x0000000080001186] -> 0x00B5
[1122] [M]: 0x0000000080001184 (0x00B520A3) sw x11, 0x1(x10)                        inst_121+24
mem[W,0x00000000800044E0] <- 0xFFFFFFFF

mem[X,0x0000000080001188] -> 0x0013
mem[X,0x000000008000118A] -> 0x0000
[1123] [M]: 0x0000000080001188 (0x00000013) addi x0, x0, 0x0                        inst_121+28

clint mtime 0x0000000000000232 (mip.MTI <- 0b1, mip.STI <- 0b0)
mem[X,0x000000008000118C] -> 0x0013
mem[X,0x000000008000118E] -> 0x0000
[1124] [M]: 0x000000008000118C (0x00000013) addi x0, x0, 0x0                        inst_121+32

mem[X,0x0000000080001190] -> 0x0593
mem[X,0x0000000080001192] -> 0x0010
[1125] [M]: 0x0000000080001190 (0x00100593) addi x11, x0, 0x1                       inst_122+0
x11 <- 0x0000000000000001

clint mtime 0x0000000000000233 (mip.MTI <- 0b1, mip.STI <- 0b0)
mem[X,0x0000000080001194] -> 0x9593
mem[X,0x0000000080001196] -> 0x02D5
[1126] [M]: 0x0000000080001194 (0x02D59593) slli x11, x11, 0x2d                     inst_122+4
x11 <- 0x0000200000000000

mem[X,0x0000000080001198] -> 0xC593
mem[X,0x000000008000119A] -> 0xFFF5
[1127] [M]: 0x0000000080001198 (0xFFF5C593) xori x11, x11, -0x1                     inst_122+8
x11 <- 0xFFFFDFFFFFFFFFFF

clint mtime 0x0000000000000234 (mip.MTI <- 0b1, mip.STI <- 0b0)
mem[X,0x000000008000119C] -> 0x0513
mem[X,0x000000008000119E] -> 0x3301
[1128] [M]: 0x000000008000119C (0x33010513) addi x10, x2, 0x330                     inst_122+12
x10 <- 0x00000000800044E8

mem[X,0x00000000800011A0] -> 0x0493
mem[X,0x00000000800011A2] -> 0xFFF0
[1129] [M]: 0x00000000800011A0 (0xFFF00493) addi x9, x0, -0x1                       inst_122+16
x9 <- 0xFFFFFFFFFFFFFFFF

clint mtime 0x0000000000000235 (mip.MTI <- 0b1, mip.STI <- 0b0)
mem[X,0x00000000800011A4] -> 0x0533
mem[X,0x00000000800011A6] -> 0x4095
[1130] [M]: 0x00000000800011A4 (0x40950533) sub x10, x10, x9                        inst_122+20
x10 <- 0x00000000800044E9

mem[X,0x00000000800011A8] -> 0x2FA3
mem[X,0x00000000800011AA] -> 0xFEB5
[1131] [M]: 0x00000000800011A8 (0xFEB52FA3) sw x11, -0x1(x10)                       inst_122+24
mem[W,0x00000000800044E8] <- 0xFFFFFFFF

clint mtime 0x0000000000000236 (mip.MTI <- 0b1, mip.STI <- 0b0)
mem[X,0x00000000800011AC] -> 0x0013
mem[X,0x00000000800011AE] -> 0x0000
[1132] [M]: 0x00000000800011AC (0x00000013) addi x0, x0, 0x0                        inst_122+28

mem[X,0x00000000800011B0] -> 0x0013
mem[X,0x00000000800011B2] -> 0x0000
[1133] [M]: 0x00000000800011B0 (0x00000013) addi x0, x0, 0x0                        inst_122+32

clint mtime 0x0000000000000237 (mip.MTI <- 0b1, mip.STI <- 0b0)
mem[X,0x00000000800011B4] -> 0x0593
mem[X,0x00000000800011B6] -> 0x0010
[1134] [M]: 0x00000000800011B4 (0x00100593) addi x11, x0, 0x1                       inst_123+0
x11 <- 0x0000000000000001

mem[X,0x00000000800011B8] -> 0x9593
mem[X,0x00000000800011BA] -> 0x02E5
[1135] [M]: 0x00000000800011B8 (0x02E59593) slli x11, x11, 0x2e                     inst_123+4
x11 <- 0x0000400000000000

clint mtime 0x0000000000000238 (mip.MTI <- 0b1, mip.STI <- 0b0)
mem[X,0x00000000800011BC] -> 0xC593
mem[X,0x00000000800011BE] -> 0xFFF5
[1136] [M]: 0x00000000800011BC (0xFFF5C593) xori x11, x11, -0x1                     inst_123+8
x11 <- 0xFFFFBFFFFFFFFFFF

mem[X,0x00000000800011C0] -> 0x0513
mem[X,0x00000000800011C2] -> 0x3381
[1137] [M]: 0x00000000800011C0 (0x33810513) addi x10, x2, 0x338                     inst_123+12
x10 <- 0x00000000800044F0

clint mtime 0x0000000000000239 (mip.MTI <- 0b1, mip.STI <- 0b0)
mem[X,0x00000000800011C4] -> 0x0493
mem[X,0x00000000800011C6] -> 0xFFD0
[1138] [M]: 0x00000000800011C4 (0xFFD00493) addi x9, x0, -0x3                       inst_123+16
x9 <- 0xFFFFFFFFFFFFFFFD

mem[X,0x00000000800011C8] -> 0x0533
mem[X,0x00000000800011CA] -> 0x4095
[1139] [M]: 0x00000000800011C8 (0x40950533) sub x10, x10, x9                        inst_123+20
x10 <- 0x00000000800044F3

clint mtime 0x000000000000023A (mip.MTI <- 0b1, mip.STI <- 0b0)
mem[X,0x00000000800011CC] -> 0x2EA3
mem[X,0x00000000800011CE] -> 0xFEB5
[1140] [M]: 0x00000000800011CC (0xFEB52EA3) sw x11, -0x3(x10)                       inst_123+24
mem[W,0x00000000800044F0] <- 0xFFFFFFFF

mem[X,0x00000000800011D0] -> 0x0013
mem[X,0x00000000800011D2] -> 0x0000
[1141] [M]: 0x00000000800011D0 (0x00000013) addi x0, x0, 0x0                        inst_123+28

clint mtime 0x000000000000023B (mip.MTI <- 0b1, mip.STI <- 0b0)
mem[X,0x00000000800011D4] -> 0x0013
mem[X,0x00000000800011D6] -> 0x0000
[1142] [M]: 0x00000000800011D4 (0x00000013) addi x0, x0, 0x0                        inst_123+32

mem[X,0x00000000800011D8] -> 0x0593
mem[X,0x00000000800011DA] -> 0x0010
[1143] [M]: 0x00000000800011D8 (0x00100593) addi x11, x0, 0x1                       inst_124+0
x11 <- 0x0000000000000001

clint mtime 0x000000000000023C (mip.MTI <- 0b1, mip.STI <- 0b0)
mem[X,0x00000000800011DC] -> 0x9593
mem[X,0x00000000800011DE] -> 0x02F5
[1144] [M]: 0x00000000800011DC (0x02F59593) slli x11, x11, 0x2f                     inst_124+4
x11 <- 0x0000800000000000

mem[X,0x00000000800011E0] -> 0xC593
mem[X,0x00000000800011E2] -> 0xFFF5
[1145] [M]: 0x00000000800011E0 (0xFFF5C593) xori x11, x11, -0x1                     inst_124+8
x11 <- 0xFFFF7FFFFFFFFFFF

clint mtime 0x000000000000023D (mip.MTI <- 0b1, mip.STI <- 0b0)
mem[X,0x00000000800011E4] -> 0x0513
mem[X,0x00000000800011E6] -> 0x3401
[1146] [M]: 0x00000000800011E4 (0x34010513) addi x10, x2, 0x340                     inst_124+12
x10 <- 0x00000000800044F8

mem[X,0x00000000800011E8] -> 0x0493
mem[X,0x00000000800011EA] -> 0x0090
[1147] [M]: 0x00000000800011E8 (0x00900493) addi x9, x0, 0x9                        inst_124+16
x9 <- 0x0000000000000009

clint mtime 0x000000000000023E (mip.MTI <- 0b1, mip.STI <- 0b0)
mem[X,0x00000000800011EC] -> 0x0533
mem[X,0x00000000800011EE] -> 0x4095
[1148] [M]: 0x00000000800011EC (0x40950533) sub x10, x10, x9                        inst_124+20
x10 <- 0x00000000800044EF

mem[X,0x00000000800011F0] -> 0x24A3
mem[X,0x00000000800011F2] -> 0x00B5
[1149] [M]: 0x00000000800011F0 (0x00B524A3) sw x11, 0x9(x10)                        inst_124+24
mem[W,0x00000000800044F8] <- 0xFFFFFFFF

clint mtime 0x000000000000023F (mip.MTI <- 0b1, mip.STI <- 0b0)
mem[X,0x00000000800011F4] -> 0x0013
mem[X,0x00000000800011F6] -> 0x0000
[1150] [M]: 0x00000000800011F4 (0x00000013) addi x0, x0, 0x0                        inst_124+28

mem[X,0x00000000800011F8] -> 0x0013
mem[X,0x00000000800011FA] -> 0x0000
[1151] [M]: 0x00000000800011F8 (0x00000013) addi x0, x0, 0x0                        inst_124+32

clint mtime 0x0000000000000240 (mip.MTI <- 0b1, mip.STI <- 0b0)
mem[X,0x00000000800011FC] -> 0x0593
mem[X,0x00000000800011FE] -> 0x0010
[1152] [M]: 0x00000000800011FC (0x00100593) addi x11, x0, 0x1                       inst_125+0
x11 <- 0x0000000000000001

mem[X,0x0000000080001200] -> 0x9593
mem[X,0x0000000080001202] -> 0x0305
[1153] [M]: 0x0000000080001200 (0x03059593) slli x11, x11, 0x30                     inst_125+4
x11 <- 0x0001000000000000

clint mtime 0x0000000000000241 (mip.MTI <- 0b1, mip.STI <- 0b0)
mem[X,0x0000000080001204] -> 0xC593
mem[X,0x0000000080001206] -> 0xFFF5
[1154] [M]: 0x0000000080001204 (0xFFF5C593) xori x11, x11, -0x1                     inst_125+8
x11 <- 0xFFFEFFFFFFFFFFFF

mem[X,0x0000000080001208] -> 0x0513
mem[X,0x000000008000120A] -> 0x3481
[1155] [M]: 0x0000000080001208 (0x34810513) addi x10, x2, 0x348                     inst_125+12
x10 <- 0x0000000080004500

clint mtime 0x0000000000000242 (mip.MTI <- 0b1, mip.STI <- 0b0)
mem[X,0x000000008000120C] -> 0x0493
mem[X,0x000000008000120E] -> 0xFFD0
[1156] [M]: 0x000000008000120C (0xFFD00493) addi x9, x0, -0x3                       inst_125+16
x9 <- 0xFFFFFFFFFFFFFFFD

mem[X,0x0000000080001210] -> 0x0533
mem[X,0x0000000080001212] -> 0x4095
[1157] [M]: 0x0000000080001210 (0x40950533) sub x10, x10, x9                        inst_125+20
x10 <- 0x0000000080004503

clint mtime 0x0000000000000243 (mip.MTI <- 0b1, mip.STI <- 0b0)
mem[X,0x0000000080001214] -> 0x2EA3
mem[X,0x0000000080001216] -> 0xFEB5
[1158] [M]: 0x0000000080001214 (0xFEB52EA3) sw x11, -0x3(x10)                       inst_125+24
mem[W,0x0000000080004500] <- 0xFFFFFFFF

mem[X,0x0000000080001218] -> 0x0013
mem[X,0x000000008000121A] -> 0x0000
[1159] [M]: 0x0000000080001218 (0x00000013) addi x0, x0, 0x0                        inst_125+28

clint mtime 0x0000000000000244 (mip.MTI <- 0b1, mip.STI <- 0b0)
mem[X,0x000000008000121C] -> 0x0013
mem[X,0x000000008000121E] -> 0x0000
[1160] [M]: 0x000000008000121C (0x00000013) addi x0, x0, 0x0                        inst_125+32

mem[X,0x0000000080001220] -> 0x0593
mem[X,0x0000000080001222] -> 0x0010
[1161] [M]: 0x0000000080001220 (0x00100593) addi x11, x0, 0x1                       inst_126+0
x11 <- 0x0000000000000001

clint mtime 0x0000000000000245 (mip.MTI <- 0b1, mip.STI <- 0b0)
mem[X,0x0000000080001224] -> 0x9593
mem[X,0x0000000080001226] -> 0x0315
[1162] [M]: 0x0000000080001224 (0x03159593) slli x11, x11, 0x31                     inst_126+4
x11 <- 0x0002000000000000

mem[X,0x0000000080001228] -> 0xC593
mem[X,0x000000008000122A] -> 0xFFF5
[1163] [M]: 0x0000000080001228 (0xFFF5C593) xori x11, x11, -0x1                     inst_126+8
x11 <- 0xFFFDFFFFFFFFFFFF

clint mtime 0x0000000000000246 (mip.MTI <- 0b1, mip.STI <- 0b0)
mem[X,0x000000008000122C] -> 0x0513
mem[X,0x000000008000122E] -> 0x3501
[1164] [M]: 0x000000008000122C (0x35010513) addi x10, x2, 0x350                     inst_126+12
x10 <- 0x0000000080004508

mem[X,0x0000000080001230] -> 0x0493
mem[X,0x0000000080001232] -> 0x0100
[1165] [M]: 0x0000000080001230 (0x01000493) addi x9, x0, 0x10                       inst_126+16
x9 <- 0x0000000000000010

clint mtime 0x0000000000000247 (mip.MTI <- 0b1, mip.STI <- 0b0)
mem[X,0x0000000080001234] -> 0x0533
mem[X,0x0000000080001236] -> 0x4095
[1166] [M]: 0x0000000080001234 (0x40950533) sub x10, x10, x9                        inst_126+20
x10 <- 0x00000000800044F8

mem[X,0x0000000080001238] -> 0x2823
mem[X,0x000000008000123A] -> 0x00B5
[1167] [M]: 0x0000000080001238 (0x00B52823) sw x11, 0x10(x10)                       inst_126+24
mem[W,0x0000000080004508] <- 0xFFFFFFFF

clint mtime 0x0000000000000248 (mip.MTI <- 0b1, mip.STI <- 0b0)
mem[X,0x000000008000123C] -> 0x0013
mem[X,0x000000008000123E] -> 0x0000
[1168] [M]: 0x000000008000123C (0x00000013) addi x0, x0, 0x0                        inst_126+28

mem[X,0x0000000080001240] -> 0x0013
mem[X,0x0000000080001242] -> 0x0000
[1169] [M]: 0x0000000080001240 (0x00000013) addi x0, x0, 0x0                        inst_126+32

clint mtime 0x0000000000000249 (mip.MTI <- 0b1, mip.STI <- 0b0)
mem[X,0x0000000080001244] -> 0x0593
mem[X,0x0000000080001246] -> 0x0010
[1170] [M]: 0x0000000080001244 (0x00100593) addi x11, x0, 0x1                       inst_127+0
x11 <- 0x0000000000000001

mem[X,0x0000000080001248] -> 0x9593
mem[X,0x000000008000124A] -> 0x0325
[1171] [M]: 0x0000000080001248 (0x03259593) slli x11, x11, 0x32                     inst_127+4
x11 <- 0x0004000000000000

clint mtime 0x000000000000024A (mip.MTI <- 0b1, mip.STI <- 0b0)
mem[X,0x000000008000124C] -> 0xC593
mem[X,0x000000008000124E] -> 0xFFF5
[1172] [M]: 0x000000008000124C (0xFFF5C593) xori x11, x11, -0x1                     inst_127+8
x11 <- 0xFFFBFFFFFFFFFFFF

mem[X,0x0000000080001250] -> 0x0513
mem[X,0x0000000080001252] -> 0x3581
[1173] [M]: 0x0000000080001250 (0x35810513) addi x10, x2, 0x358                     inst_127+12
x10 <- 0x0000000080004510

clint mtime 0x000000000000024B (mip.MTI <- 0b1, mip.STI <- 0b0)
mem[X,0x0000000080001254] -> 0x0493
mem[X,0x0000000080001256] -> 0x0030
[1174] [M]: 0x0000000080001254 (0x00300493) addi x9, x0, 0x3                        inst_127+16
x9 <- 0x0000000000000003

mem[X,0x0000000080001258] -> 0x0533
mem[X,0x000000008000125A] -> 0x4095
[1175] [M]: 0x0000000080001258 (0x40950533) sub x10, x10, x9                        inst_127+20
x10 <- 0x000000008000450D

clint mtime 0x000000000000024C (mip.MTI <- 0b1, mip.STI <- 0b0)
mem[X,0x000000008000125C] -> 0x21A3
mem[X,0x000000008000125E] -> 0x00B5
[1176] [M]: 0x000000008000125C (0x00B521A3) sw x11, 0x3(x10)                        inst_127+24
mem[W,0x0000000080004510] <- 0xFFFFFFFF

mem[X,0x0000000080001260] -> 0x0013
mem[X,0x0000000080001262] -> 0x0000
[1177] [M]: 0x0000000080001260 (0x00000013) addi x0, x0, 0x0                        inst_127+28

clint mtime 0x000000000000024D (mip.MTI <- 0b1, mip.STI <- 0b0)
mem[X,0x0000000080001264] -> 0x0013
mem[X,0x0000000080001266] -> 0x0000
[1178] [M]: 0x0000000080001264 (0x00000013) addi x0, x0, 0x0                        inst_127+32

mem[X,0x0000000080001268] -> 0x0593
mem[X,0x000000008000126A] -> 0x0010
[1179] [M]: 0x0000000080001268 (0x00100593) addi x11, x0, 0x1                       inst_128+0
x11 <- 0x0000000000000001

clint mtime 0x000000000000024E (mip.MTI <- 0b1, mip.STI <- 0b0)
mem[X,0x000000008000126C] -> 0x9593
mem[X,0x000000008000126E] -> 0x0335
[1180] [M]: 0x000000008000126C (0x03359593) slli x11, x11, 0x33                     inst_128+4
x11 <- 0x0008000000000000

mem[X,0x0000000080001270] -> 0xC593
mem[X,0x0000000080001272] -> 0xFFF5
[1181] [M]: 0x0000000080001270 (0xFFF5C593) xori x11, x11, -0x1                     inst_128+8
x11 <- 0xFFF7FFFFFFFFFFFF

clint mtime 0x000000000000024F (mip.MTI <- 0b1, mip.STI <- 0b0)
mem[X,0x0000000080001274] -> 0x0513
mem[X,0x0000000080001276] -> 0x3601
[1182] [M]: 0x0000000080001274 (0x36010513) addi x10, x2, 0x360                     inst_128+12
x10 <- 0x0000000080004518

mem[X,0x0000000080001278] -> 0x0493
mem[X,0x000000008000127A] -> 0x0070
[1183] [M]: 0x0000000080001278 (0x00700493) addi x9, x0, 0x7                        inst_128+16
x9 <- 0x0000000000000007

clint mtime 0x0000000000000250 (mip.MTI <- 0b1, mip.STI <- 0b0)
mem[X,0x000000008000127C] -> 0x0533
mem[X,0x000000008000127E] -> 0x4095
[1184] [M]: 0x000000008000127C (0x40950533) sub x10, x10, x9                        inst_128+20
x10 <- 0x0000000080004511

mem[X,0x0000000080001280] -> 0x23A3
mem[X,0x0000000080001282] -> 0x00B5
[1185] [M]: 0x0000000080001280 (0x00B523A3) sw x11, 0x7(x10)                        inst_128+24
mem[W,0x0000000080004518] <- 0xFFFFFFFF

clint mtime 0x0000000000000251 (mip.MTI <- 0b1, mip.STI <- 0b0)
mem[X,0x0000000080001284] -> 0x0013
mem[X,0x0000000080001286] -> 0x0000
[1186] [M]: 0x0000000080001284 (0x00000013) addi x0, x0, 0x0                        inst_128+28

mem[X,0x0000000080001288] -> 0x0013
mem[X,0x000000008000128A] -> 0x0000
[1187] [M]: 0x0000000080001288 (0x00000013) addi x0, x0, 0x0                        inst_128+32

clint mtime 0x0000000000000252 (mip.MTI <- 0b1, mip.STI <- 0b0)
mem[X,0x000000008000128C] -> 0x0593
mem[X,0x000000008000128E] -> 0x0010
[1188] [M]: 0x000000008000128C (0x00100593) addi x11, x0, 0x1                       inst_129+0
x11 <- 0x0000000000000001

mem[X,0x0000000080001290] -> 0x9593
mem[X,0x0000000080001292] -> 0x0345
[1189] [M]: 0x0000000080001290 (0x03459593) slli x11, x11, 0x34                     inst_129+4
x11 <- 0x0010000000000000

clint mtime 0x0000000000000253 (mip.MTI <- 0b1, mip.STI <- 0b0)
mem[X,0x0000000080001294] -> 0xC593
mem[X,0x0000000080001296] -> 0xFFF5
[1190] [M]: 0x0000000080001294 (0xFFF5C593) xori x11, x11, -0x1                     inst_129+8
x11 <- 0xFFEFFFFFFFFFFFFF

mem[X,0x0000000080001298] -> 0x0513
mem[X,0x000000008000129A] -> 0x3681
[1191] [M]: 0x0000000080001298 (0x36810513) addi x10, x2, 0x368                     inst_129+12
x10 <- 0x0000000080004520

clint mtime 0x0000000000000254 (mip.MTI <- 0b1, mip.STI <- 0b0)
mem[X,0x000000008000129C] -> 0x0493
mem[X,0x000000008000129E] -> 0xF7F0
[1192] [M]: 0x000000008000129C (0xF7F00493) addi x9, x0, -0x81                      inst_129+16
x9 <- 0xFFFFFFFFFFFFFF7F

mem[X,0x00000000800012A0] -> 0x0533
mem[X,0x00000000800012A2] -> 0x4095
[1193] [M]: 0x00000000800012A0 (0x40950533) sub x10, x10, x9                        inst_129+20
x10 <- 0x00000000800045A1

clint mtime 0x0000000000000255 (mip.MTI <- 0b1, mip.STI <- 0b0)
mem[X,0x00000000800012A4] -> 0x2FA3
mem[X,0x00000000800012A6] -> 0xF6B5
[1194] [M]: 0x00000000800012A4 (0xF6B52FA3) sw x11, -0x81(x10)                      inst_129+24
mem[W,0x0000000080004520] <- 0xFFFFFFFF

mem[X,0x00000000800012A8] -> 0x0013
mem[X,0x00000000800012AA] -> 0x0000
[1195] [M]: 0x00000000800012A8 (0x00000013) addi x0, x0, 0x0                        inst_129+28

clint mtime 0x0000000000000256 (mip.MTI <- 0b1, mip.STI <- 0b0)
mem[X,0x00000000800012AC] -> 0x0013
mem[X,0x00000000800012AE] -> 0x0000
[1196] [M]: 0x00000000800012AC (0x00000013) addi x0, x0, 0x0                        inst_129+32

mem[X,0x00000000800012B0] -> 0x0593
mem[X,0x00000000800012B2] -> 0x0010
[1197] [M]: 0x00000000800012B0 (0x00100593) addi x11, x0, 0x1                       inst_130+0
x11 <- 0x0000000000000001

clint mtime 0x0000000000000257 (mip.MTI <- 0b1, mip.STI <- 0b0)
mem[X,0x00000000800012B4] -> 0x9593
mem[X,0x00000000800012B6] -> 0x0355
[1198] [M]: 0x00000000800012B4 (0x03559593) slli x11, x11, 0x35                     inst_130+4
x11 <- 0x0020000000000000

mem[X,0x00000000800012B8] -> 0xC593
mem[X,0x00000000800012BA] -> 0xFFF5
[1199] [M]: 0x00000000800012B8 (0xFFF5C593) xori x11, x11, -0x1                     inst_130+8
x11 <- 0xFFDFFFFFFFFFFFFF

clint mtime 0x0000000000000258 (mip.MTI <- 0b1, mip.STI <- 0b0)
mem[X,0x00000000800012BC] -> 0x0513
mem[X,0x00000000800012BE] -> 0x3701
[1200] [M]: 0x00000000800012BC (0x37010513) addi x10, x2, 0x370                     inst_130+12
x10 <- 0x0000000080004528

mem[X,0x00000000800012C0] -> 0x0493
mem[X,0x00000000800012C2] -> 0x0020
[1201] [M]: 0x00000000800012C0 (0x00200493) addi x9, x0, 0x2                        inst_130+16
x9 <- 0x0000000000000002

clint mtime 0x0000000000000259 (mip.MTI <- 0b1, mip.STI <- 0b0)
mem[X,0x00000000800012C4] -> 0x0533
mem[X,0x00000000800012C6] -> 0x4095
[1202] [M]: 0x00000000800012C4 (0x40950533) sub x10, x10, x9                        inst_130+20
x10 <- 0x0000000080004526

mem[X,0x00000000800012C8] -> 0x2123
mem[X,0x00000000800012CA] -> 0x00B5
[1203] [M]: 0x00000000800012C8 (0x00B52123) sw x11, 0x2(x10)                        inst_130+24
mem[W,0x0000000080004528] <- 0xFFFFFFFF

clint mtime 0x000000000000025A (mip.MTI <- 0b1, mip.STI <- 0b0)
mem[X,0x00000000800012CC] -> 0x0013
mem[X,0x00000000800012CE] -> 0x0000
[1204] [M]: 0x00000000800012CC (0x00000013) addi x0, x0, 0x0                        inst_130+28

mem[X,0x00000000800012D0] -> 0x0013
mem[X,0x00000000800012D2] -> 0x0000
[1205] [M]: 0x00000000800012D0 (0x00000013) addi x0, x0, 0x0                        inst_130+32

clint mtime 0x000000000000025B (mip.MTI <- 0b1, mip.STI <- 0b0)
mem[X,0x00000000800012D4] -> 0x0593
mem[X,0x00000000800012D6] -> 0x0010
[1206] [M]: 0x00000000800012D4 (0x00100593) addi x11, x0, 0x1                       inst_131+0
x11 <- 0x0000000000000001

mem[X,0x00000000800012D8] -> 0x9593
mem[X,0x00000000800012DA] -> 0x0135
[1207] [M]: 0x00000000800012D8 (0x01359593) slli x11, x11, 0x13                     inst_131+4
x11 <- 0x0000000000080000

clint mtime 0x000000000000025C (mip.MTI <- 0b1, mip.STI <- 0b0)
mem[X,0x00000000800012DC] -> 0x0513
mem[X,0x00000000800012DE] -> 0x3781
[1208] [M]: 0x00000000800012DC (0x37810513) addi x10, x2, 0x378                     inst_131+8
x10 <- 0x0000000080004530

mem[X,0x00000000800012E0] -> 0x0493
mem[X,0x00000000800012E2] -> 0x0040
[1209] [M]: 0x00000000800012E0 (0x00400493) addi x9, x0, 0x4                        inst_131+12
x9 <- 0x0000000000000004

clint mtime 0x000000000000025D (mip.MTI <- 0b1, mip.STI <- 0b0)
mem[X,0x00000000800012E4] -> 0x0533
mem[X,0x00000000800012E6] -> 0x4095
[1210] [M]: 0x00000000800012E4 (0x40950533) sub x10, x10, x9                        inst_131+16
x10 <- 0x000000008000452C

mem[X,0x00000000800012E8] -> 0x2223
mem[X,0x00000000800012EA] -> 0x00B5
[1211] [M]: 0x00000000800012E8 (0x00B52223) sw x11, 0x4(x10)                        inst_131+20
mem[W,0x0000000080004530] <- 0x00080000

clint mtime 0x000000000000025E (mip.MTI <- 0b1, mip.STI <- 0b0)
mem[X,0x00000000800012EC] -> 0x0013
mem[X,0x00000000800012EE] -> 0x0000
[1212] [M]: 0x00000000800012EC (0x00000013) addi x0, x0, 0x0                        inst_131+24

mem[X,0x00000000800012F0] -> 0x0013
mem[X,0x00000000800012F2] -> 0x0000
[1213] [M]: 0x00000000800012F0 (0x00000013) addi x0, x0, 0x0                        inst_131+28

clint mtime 0x000000000000025F (mip.MTI <- 0b1, mip.STI <- 0b0)
mem[X,0x00000000800012F4] -> 0x006F
mem[X,0x00000000800012F6] -> 0x0380
[1214] [M]: 0x00000000800012F4 (0x0380006F) jal x0, 0x38                            rvtest_code_end+0

mem[X,0x000000008000132C] -> 0x0093
mem[X,0x000000008000132E] -> 0x0010
[1215] [M]: 0x000000008000132C (0x00100093) addi x1, x0, 0x1                        exit_cleanup+0
x1 <- 0x0000000000000001

clint mtime 0x0000000000000260 (mip.MTI <- 0b1, mip.STI <- 0b0)
mem[X,0x0000000080001330] -> 0x1397
mem[X,0x0000000080001332] -> 0x0000
[1216] [M]: 0x0000000080001330 (0x00001397) auipc x7, 0x1                           exit_cleanup+4
x7 <- 0x0000000080002330

mem[X,0x0000000080001334] -> 0xA823
mem[X,0x0000000080001336] -> 0xCC13
[1217] [M]: 0x0000000080001334 (0xCC13A823) sw x1, -0x330(x7)                       exit_cleanup+8
htif[0x0000000080002000] <- 0x00000001
mem[W,0x0000000080002000] <- 0x00000001

clint mtime 0x0000000000000261 (mip.MTI <- 0b1, mip.STI <- 0b0)
mem[X,0x0000000080001338] -> 0xF06F
mem[X,0x000000008000133A] -> 0xFF9F
[1218] [M]: 0x0000000080001338 (0xFF9FF06F) jal x0, -0x8                            exit_cleanup+12

mem[X,0x0000000080001330] -> 0x1397
mem[X,0x0000000080001332] -> 0x0000
[1219] [M]: 0x0000000080001330 (0x00001397) auipc x7, 0x1                           exit_cleanup+4
x7 <- 0x0000000080002330

clint mtime 0x0000000000000262 (mip.MTI <- 0b1, mip.STI <- 0b0)
mem[X,0x0000000080001334] -> 0xA823
mem[X,0x0000000080001336] -> 0xCC13
[1220] [M]: 0x0000000080001334 (0xCC13A823) sw x1, -0x330(x7)                       exit_cleanup+8
htif[0x0000000080002000] <- 0x00000001
mem[W,0x0000000080002000] <- 0x00000001

mem[X,0x0000000080001338] -> 0xF06F
mem[X,0x000000008000133A] -> 0xFF9F
[1221] [M]: 0x0000000080001338 (0xFF9FF06F) jal x0, -0x8                            exit_cleanup+12

clint mtime 0x0000000000000263 (mip.MTI <- 0b1, mip.STI <- 0b0)
mem[X,0x0000000080001330] -> 0x1397
mem[X,0x0000000080001332] -> 0x0000
[1222] [M]: 0x0000000080001330 (0x00001397) auipc x7, 0x1                           exit_cleanup+4
x7 <- 0x0000000080002330

mem[X,0x0000000080001334] -> 0xA823
mem[X,0x0000000080001336] -> 0xCC13
[1223] [M]: 0x0000000080001334 (0xCC13A823) sw x1, -0x330(x7)                       exit_cleanup+8
htif[0x0000000080002000] <- 0x00000001
htif-syscall-proxy cmd: 0x000000000001
mem[W,0x0000000080002000] <- 0x00000001

SUCCESS
clint mtime 0x0000000000000264 (mip.MTI <- 0b1, mip.STI <- 0b0)
