using /opt/riscv-arch-test/riscof-plugins/rv64/riscof_work/vm_sv48/src/sv48_invalid_pte_U_mode.S/ref/Reference-sail_c_simulator.signature for test-signature output.
setting signature-granularity to 8 bytes
HTIF located at 0x80003000
begin_signature: 0x80009110
end_signature: 0x80009520
Entry point: 0x80000000
CSR mstatus (0x300) <- 0x0000000A00000000
CSR misa (0x301) <- 0x800000000034112F
CSR mcause (0x342) <- 0x0000000000000000
x10 <- 0x0000000000000000
x11 <- 0x0000000000001000
mem[X,0x0000000080000000] -> 0x006F
mem[X,0x0000000080000002] -> 0x4200
[0] [M]: 0x0000000080000000 (0x4200006F) jal x0, 0x420                              rvtest_entry_point+0

mem[X,0x0000000080000420] -> 0x4317
mem[X,0x0000000080000422] -> 0x0000
[1] [M]: 0x0000000080000420 (0x00004317) auipc x6, 0x4                              starting_point+0
x6 <- 0x0000000080004420

clint mtime 0x0000000000000001 (mip.MTI <- 0b1, mip.STI <- 0b0)
mem[X,0x0000000080000424] -> 0x0313
mem[X,0x0000000080000426] -> 0xBE03
[2] [M]: 0x0000000080000424 (0xBE030313) addi x6, x6, -0x420                        starting_point+4
x6 <- 0x0000000080004000

mem[X,0x0000000080000428] -> 0x0013
mem[X,0x000000008000042A] -> 0x0000
[3] [M]: 0x0000000080000428 (0x00000013) addi x0, x0, 0x0                           starting_point+8

clint mtime 0x0000000000000002 (mip.MTI <- 0b1, mip.STI <- 0b0)
mem[X,0x000000008000042C] -> 0x0013
mem[X,0x000000008000042E] -> 0x0000
[4] [M]: 0x000000008000042C (0x00000013) addi x0, x0, 0x0                           starting_point+12

mem[X,0x0000000080000430] -> 0x0013
mem[X,0x0000000080000432] -> 0x0000
[5] [M]: 0x0000000080000430 (0x00000013) addi x0, x0, 0x0                           starting_point+16

clint mtime 0x0000000000000003 (mip.MTI <- 0b1, mip.STI <- 0b0)
mem[X,0x0000000080000434] -> 0x0013
mem[X,0x0000000080000436] -> 0x0000
[6] [M]: 0x0000000080000434 (0x00000013) addi x0, x0, 0x0                           starting_point+20

mem[X,0x0000000080000438] -> 0x0013
mem[X,0x000000008000043A] -> 0x0000
[7] [M]: 0x0000000080000438 (0x00000013) addi x0, x0, 0x0                           starting_point+24

clint mtime 0x0000000000000004 (mip.MTI <- 0b1, mip.STI <- 0b0)
mem[X,0x000000008000043C] -> 0x0013
mem[X,0x000000008000043E] -> 0x0000
[8] [M]: 0x000000008000043C (0x00000013) addi x0, x0, 0x0                           starting_point+28

mem[X,0x0000000080000440] -> 0x1473
mem[X,0x0000000080000442] -> 0x3403
[9] [M]: 0x0000000080000440 (0x34031473) csrrw x8, mscratch, x6                     init_Mscratch+0
CSR mscratch (0x340) <- 0x0000000080004000
x8 <- 0x0000000000000000

clint mtime 0x0000000000000005 (mip.MTI <- 0b1, mip.STI <- 0b0)
mem[X,0x0000000080000444] -> 0x3823
mem[X,0x0000000080000446] -> 0x2483
[10] [M]: 0x0000000080000444 (0x24833823) sd x8, 0x250(x6)                          init_Mscratch+4
mem[W,0x0000000080004250] <- 0x0000000000000000

mem[X,0x0000000080000448] -> 0x0393
mem[X,0x000000008000044A] -> 0x0000
[11] [M]: 0x0000000080000448 (0x00000393) addi x7, x0, 0x0                          init_Medeleg+0
x7 <- 0x0000000000000000

clint mtime 0x0000000000000006 (mip.MTI <- 0b1, mip.STI <- 0b0)
mem[X,0x000000008000044C] -> 0x93F3
mem[X,0x000000008000044E] -> 0x3023
[12] [M]: 0x000000008000044C (0x302393F3) csrrw x7, medeleg, x7                     init_Medeleg+4
CSR medeleg (0x302) <- 0x0000000000000000
x7 <- 0x0000000000000000

mem[X,0x0000000080000450] -> 0x3C23
mem[X,0x0000000080000452] -> 0x2273
[13] [M]: 0x0000000080000450 (0x22733C23) sd x7, 0x238(x6)                          init_Medeleg+8
mem[W,0x0000000080004238] <- 0x0000000000000000

clint mtime 0x0000000000000007 (mip.MTI <- 0b1, mip.STI <- 0b0)
mem[X,0x0000000080000454] -> 0x2473
mem[X,0x0000000080000456] -> 0x3050
[14] [M]: 0x0000000080000454 (0x30502473) csrrs x8, mtvec, x0                       init_Mtvec+0
CSR mtvec (0x305) -> 0x0000000000000000
x8 <- 0x0000000000000000

mem[X,0x0000000080000458] -> 0x3423
mem[X,0x000000008000045A] -> 0x2483
[15] [M]: 0x0000000080000458 (0x24833423) sd x8, 0x248(x6)                          init_Mtvec+4
mem[W,0x0000000080004248] <- 0x0000000000000000

clint mtime 0x0000000000000008 (mip.MTI <- 0b1, mip.STI <- 0b0)
mem[X,0x000000008000045C] -> 0x7393
mem[X,0x000000008000045E] -> 0x0034
[16] [M]: 0x000000008000045C (0x00347393) andi x7, x8, 0x3                          init_Mtvec+8
x7 <- 0x0000000000000000

mem[X,0x0000000080000460] -> 0x3483
mem[X,0x0000000080000462] -> 0x2303
[17] [M]: 0x0000000080000460 (0x23033483) ld x9, 0x230(x6)                          init_Mtvec+12
mem[R,0x0000000080004230] -> 0x0000000080001554
x9 <- 0x0000000080001554

clint mtime 0x0000000000000009 (mip.MTI <- 0b1, mip.STI <- 0b0)
mem[X,0x0000000080000464] -> 0x8493
mem[X,0x0000000080000466] -> 0xE2C4
[18] [M]: 0x0000000080000464 (0xE2C48493) addi x9, x9, -0x1d4                       init_Mtvec+16
x9 <- 0x0000000080001380

mem[X,0x0000000080000468] -> 0xE3B3
mem[X,0x000000008000046A] -> 0x0074
[19] [M]: 0x0000000080000468 (0x0074E3B3) or x7, x9, x7                             init_Mtvec+20
x7 <- 0x0000000080001380

clint mtime 0x000000000000000A (mip.MTI <- 0b1, mip.STI <- 0b0)
mem[X,0x000000008000046C] -> 0x3023
mem[X,0x000000008000046E] -> 0x2473
[20] [M]: 0x000000008000046C (0x24733023) sd x7, 0x240(x6)                          init_Mtvec+24
mem[W,0x0000000080004240] <- 0x0000000080001380

mem[X,0x0000000080000470] -> 0x9073
mem[X,0x0000000080000472] -> 0x3053
[21] [M]: 0x0000000080000470 (0x30539073) csrrw x0, mtvec, x7                       init_Mtvec+28
CSR mtvec (0x305) <- 0x0000000080001380

clint mtime 0x000000000000000B (mip.MTI <- 0b1, mip.STI <- 0b0)
mem[X,0x0000000080000474] -> 0x2573
mem[X,0x0000000080000476] -> 0x3050
[22] [M]: 0x0000000080000474 (0x30502573) csrrs x10, mtvec, x0                      init_Mtvec+32
CSR mtvec (0x305) -> 0x0000000080001380
x10 <- 0x0000000080001380

mem[X,0x0000000080000478] -> 0x0663
mem[X,0x000000008000047A] -> 0x0875
[23] [M]: 0x0000000080000478 (0x08750663) beq x10, x7, 0x8c                         init_Mtvec+36

clint mtime 0x000000000000000C (mip.MTI <- 0b1, mip.STI <- 0b0)
mem[X,0x0000000080000504] -> 0x0013
mem[X,0x0000000080000506] -> 0x0000
[24] [M]: 0x0000000080000504 (0x00000013) addi x0, x0, 0x0                          rvtest_Mprolog_done+0

mem[X,0x0000000080000508] -> 0x0013
mem[X,0x000000008000050A] -> 0x0000
[25] [M]: 0x0000000080000508 (0x00000013) addi x0, x0, 0x0                          rvtest_Mprolog_done+4

clint mtime 0x000000000000000D (mip.MTI <- 0b1, mip.STI <- 0b0)
mem[X,0x000000008000050C] -> 0x0013
mem[X,0x000000008000050E] -> 0x0000
[26] [M]: 0x000000008000050C (0x00000013) addi x0, x0, 0x0                          rvtest_Mprolog_done+8

mem[X,0x0000000080000510] -> 0x0013
mem[X,0x0000000080000512] -> 0x0000
[27] [M]: 0x0000000080000510 (0x00000013) addi x0, x0, 0x0                          rvtest_Mprolog_done+12

clint mtime 0x000000000000000E (mip.MTI <- 0b1, mip.STI <- 0b0)
mem[X,0x0000000080000514] -> 0x0013
mem[X,0x0000000080000516] -> 0x0000
[28] [M]: 0x0000000080000514 (0x00000013) addi x0, x0, 0x0                          rvtest_Mprolog_done+16

mem[X,0x0000000080000518] -> 0x0013
mem[X,0x000000008000051A] -> 0x0000
[29] [M]: 0x0000000080000518 (0x00000013) addi x0, x0, 0x0                          rvtest_Mprolog_done+20

clint mtime 0x000000000000000F (mip.MTI <- 0b1, mip.STI <- 0b0)
mem[X,0x000000008000051C] -> 0x0013
mem[X,0x000000008000051E] -> 0x0000
[30] [M]: 0x000000008000051C (0x00000013) addi x0, x0, 0x0                          rvtest_Mprolog_done+24

mem[X,0x0000000080000520] -> 0x4317
mem[X,0x0000000080000522] -> 0x0000
[31] [M]: 0x0000000080000520 (0x00004317) auipc x6, 0x4                             rvtest_Mprolog_done+28
x6 <- 0x0000000080004520

clint mtime 0x0000000000000010 (mip.MTI <- 0b1, mip.STI <- 0b0)
mem[X,0x0000000080000524] -> 0x0313
mem[X,0x0000000080000526] -> 0xD783
[32] [M]: 0x0000000080000524 (0xD7830313) addi x6, x6, -0x288                       rvtest_Mprolog_done+32
x6 <- 0x0000000080004298

mem[X,0x0000000080000528] -> 0x0001
[33] [M]: 0x0000000080000528 (0x0001) c.nop                                         rvtest_Mprolog_done+36

clint mtime 0x0000000000000011 (mip.MTI <- 0b1, mip.STI <- 0b0)
mem[X,0x000000008000052A] -> 0x0013
mem[X,0x000000008000052C] -> 0x0000
[34] [M]: 0x000000008000052A (0x00000013) addi x0, x0, 0x0                          rvtest_Mprolog_done+38

mem[X,0x000000008000052E] -> 0x0013
mem[X,0x0000000080000530] -> 0x0000
[35] [M]: 0x000000008000052E (0x00000013) addi x0, x0, 0x0                          rvtest_Mprolog_done+42

clint mtime 0x0000000000000012 (mip.MTI <- 0b1, mip.STI <- 0b0)
mem[X,0x0000000080000532] -> 0x0013
mem[X,0x0000000080000534] -> 0x0000
[36] [M]: 0x0000000080000532 (0x00000013) addi x0, x0, 0x0                          rvtest_Mprolog_done+46

mem[X,0x0000000080000536] -> 0x0013
mem[X,0x0000000080000538] -> 0x0000
[37] [M]: 0x0000000080000536 (0x00000013) addi x0, x0, 0x0                          rvtest_Mprolog_done+50

clint mtime 0x0000000000000013 (mip.MTI <- 0b1, mip.STI <- 0b0)
mem[X,0x000000008000053A] -> 0x0013
mem[X,0x000000008000053C] -> 0x0000
[38] [M]: 0x000000008000053A (0x00000013) addi x0, x0, 0x0                          rvtest_Mprolog_done+54

mem[X,0x000000008000053E] -> 0x0001
[39] [M]: 0x000000008000053E (0x0001) c.nop                                         rvtest_Mprolog_done+58

clint mtime 0x0000000000000014 (mip.MTI <- 0b1, mip.STI <- 0b0)
mem[X,0x0000000080000540] -> 0x1473
mem[X,0x0000000080000542] -> 0x1403
[40] [M]: 0x0000000080000540 (0x14031473) csrrw x8, sscratch, x6                    init_Sscratch+0
CSR sscratch (0x140) <- 0x0000000080004298
x8 <- 0x0000000000000000

mem[X,0x0000000080000544] -> 0x3823
mem[X,0x0000000080000546] -> 0x2483
[41] [M]: 0x0000000080000544 (0x24833823) sd x8, 0x250(x6)                          init_Sscratch+4
mem[W,0x00000000800044E8] <- 0x0000000000000000

clint mtime 0x0000000000000015 (mip.MTI <- 0b1, mip.STI <- 0b0)
mem[X,0x0000000080000548] -> 0x0393
mem[X,0x000000008000054A] -> 0x0000
[42] [M]: 0x0000000080000548 (0x00000393) addi x7, x0, 0x0                          init_Sedeleg+0
x7 <- 0x0000000000000000

mem[X,0x000000008000054C] -> 0x3C23
mem[X,0x000000008000054E] -> 0x2273
[43] [M]: 0x000000008000054C (0x22733C23) sd x7, 0x238(x6)                          init_Sedeleg+4
mem[W,0x00000000800044D0] <- 0x0000000000000000

clint mtime 0x0000000000000016 (mip.MTI <- 0b1, mip.STI <- 0b0)
mem[X,0x0000000080000550] -> 0x0013
mem[X,0x0000000080000552] -> 0x0000
[44] [M]: 0x0000000080000550 (0x00000013) addi x0, x0, 0x0                          init_Ssatp+0

mem[X,0x0000000080000554] -> 0x0013
mem[X,0x0000000080000556] -> 0x0000
[45] [M]: 0x0000000080000554 (0x00000013) addi x0, x0, 0x0                          init_Ssatp+4

clint mtime 0x0000000000000017 (mip.MTI <- 0b1, mip.STI <- 0b0)
mem[X,0x0000000080000558] -> 0x0013
mem[X,0x000000008000055A] -> 0x0000
[46] [M]: 0x0000000080000558 (0x00000013) addi x0, x0, 0x0                          init_Ssatp+8

mem[X,0x000000008000055C] -> 0x0013
mem[X,0x000000008000055E] -> 0x0000
[47] [M]: 0x000000008000055C (0x00000013) addi x0, x0, 0x0                          init_Ssatp+12

clint mtime 0x0000000000000018 (mip.MTI <- 0b1, mip.STI <- 0b0)
mem[X,0x0000000080000560] -> 0x8497
mem[X,0x0000000080000562] -> 0x0000
[48] [M]: 0x0000000080000560 (0x00008497) auipc x9, 0x8                             init_Ssatp+16
x9 <- 0x0000000080008560

mem[X,0x0000000080000564] -> 0x8493
mem[X,0x0000000080000566] -> 0xAA04
[49] [M]: 0x0000000080000564 (0xAA048493) addi x9, x9, -0x560                       init_Ssatp+20
x9 <- 0x0000000080008000

clint mtime 0x0000000000000019 (mip.MTI <- 0b1, mip.STI <- 0b0)
mem[X,0x0000000080000568] -> 0x0001
[50] [M]: 0x0000000080000568 (0x0001) c.nop                                         init_Ssatp+24

mem[X,0x000000008000056A] -> 0x0013
mem[X,0x000000008000056C] -> 0x0000
[51] [M]: 0x000000008000056A (0x00000013) addi x0, x0, 0x0                          init_Ssatp+26

clint mtime 0x000000000000001A (mip.MTI <- 0b1, mip.STI <- 0b0)
mem[X,0x000000008000056E] -> 0x0013
mem[X,0x0000000080000570] -> 0x0000
[52] [M]: 0x000000008000056E (0x00000013) addi x0, x0, 0x0                          init_Ssatp+30

mem[X,0x0000000080000572] -> 0x0013
mem[X,0x0000000080000574] -> 0x0000
[53] [M]: 0x0000000080000572 (0x00000013) addi x0, x0, 0x0                          init_Ssatp+34

clint mtime 0x000000000000001B (mip.MTI <- 0b1, mip.STI <- 0b0)
mem[X,0x0000000080000576] -> 0x0013
mem[X,0x0000000080000578] -> 0x0000
[54] [M]: 0x0000000080000576 (0x00000013) addi x0, x0, 0x0                          init_Ssatp+38

mem[X,0x000000008000057A] -> 0x0013
mem[X,0x000000008000057C] -> 0x0000
[55] [M]: 0x000000008000057A (0x00000013) addi x0, x0, 0x0                          init_Ssatp+42

clint mtime 0x000000000000001C (mip.MTI <- 0b1, mip.STI <- 0b0)
mem[X,0x000000008000057E] -> 0x0001
[56] [M]: 0x000000008000057E (0x0001) c.nop                                         init_Ssatp+46

mem[X,0x0000000080000580] -> 0xD493
mem[X,0x0000000080000582] -> 0x00C4
[57] [M]: 0x0000000080000580 (0x00C4D493) srli x9, x9, 0xc                          init_Ssatp+48
x9 <- 0x0000000000080008

clint mtime 0x000000000000001D (mip.MTI <- 0b1, mip.STI <- 0b0)
mem[X,0x0000000080000584] -> 0x0413
mem[X,0x0000000080000586] -> 0xFFF0
[58] [M]: 0x0000000080000584 (0xFFF00413) addi x8, x0, -0x1                         init_Ssatp+52
x8 <- 0xFFFFFFFFFFFFFFFF

mem[X,0x0000000080000588] -> 0x1413
mem[X,0x000000008000058A] -> 0x03F4
[59] [M]: 0x0000000080000588 (0x03F41413) slli x8, x8, 0x3f                         init_Ssatp+56
x8 <- 0x8000000000000000

clint mtime 0x000000000000001E (mip.MTI <- 0b1, mip.STI <- 0b0)
mem[X,0x000000008000058C] -> 0xE4B3
mem[X,0x000000008000058E] -> 0x0084
[60] [M]: 0x000000008000058C (0x0084E4B3) or x9, x9, x8                             init_Ssatp+60
x9 <- 0x8000000000080008

mem[X,0x0000000080000590] -> 0x94F3
mem[X,0x0000000080000592] -> 0x1804
[61] [M]: 0x0000000080000590 (0x180494F3) csrrw x9, satp, x9                        init_Ssatp+64
CSR satp (0x180) <- 0x8000000000080008
x9 <- 0x0000000000000000

clint mtime 0x000000000000001F (mip.MTI <- 0b1, mip.STI <- 0b0)
mem[X,0x0000000080000594] -> 0x3023
mem[X,0x0000000080000596] -> 0x2293
[62] [M]: 0x0000000080000594 (0x22933023) sd x9, 0x220(x6)                          init_Ssatp+68
mem[W,0x00000000800044B8] <- 0x0000000000000000

mem[X,0x0000000080000598] -> 0x2473
mem[X,0x000000008000059A] -> 0x1050
[63] [M]: 0x0000000080000598 (0x10502473) csrrs x8, stvec, x0                       init_Stvec+0
CSR stvec (0x105) -> 0x0000000000000000
x8 <- 0x0000000000000000

clint mtime 0x0000000000000020 (mip.MTI <- 0b1, mip.STI <- 0b0)
mem[X,0x000000008000059C] -> 0x3423
mem[X,0x000000008000059E] -> 0x2483
[64] [M]: 0x000000008000059C (0x24833423) sd x8, 0x248(x6)                          init_Stvec+4
mem[W,0x00000000800044E0] <- 0x0000000000000000

mem[X,0x00000000800005A0] -> 0x7393
mem[X,0x00000000800005A2] -> 0x0034
[65] [M]: 0x00000000800005A0 (0x00347393) andi x7, x8, 0x3                          init_Stvec+8
x7 <- 0x0000000000000000

clint mtime 0x0000000000000021 (mip.MTI <- 0b1, mip.STI <- 0b0)
mem[X,0x00000000800005A4] -> 0x3483
mem[X,0x00000000800005A6] -> 0x2303
[66] [M]: 0x00000000800005A4 (0x23033483) ld x9, 0x230(x6)                          init_Stvec+12
mem[R,0x00000000800044C8] -> 0x0000000080001ED4
x9 <- 0x0000000080001ED4

mem[X,0x00000000800005A8] -> 0x8493
mem[X,0x00000000800005AA] -> 0xE2C4
[67] [M]: 0x00000000800005A8 (0xE2C48493) addi x9, x9, -0x1d4                       init_Stvec+16
x9 <- 0x0000000080001D00

clint mtime 0x0000000000000022 (mip.MTI <- 0b1, mip.STI <- 0b0)
mem[X,0x00000000800005AC] -> 0xE3B3
mem[X,0x00000000800005AE] -> 0x0074
[68] [M]: 0x00000000800005AC (0x0074E3B3) or x7, x9, x7                             init_Stvec+20
x7 <- 0x0000000080001D00

mem[X,0x00000000800005B0] -> 0x3023
mem[X,0x00000000800005B2] -> 0x2473
[69] [M]: 0x00000000800005B0 (0x24733023) sd x7, 0x240(x6)                          init_Stvec+24
mem[W,0x00000000800044D8] <- 0x0000000080001D00

clint mtime 0x0000000000000023 (mip.MTI <- 0b1, mip.STI <- 0b0)
mem[X,0x00000000800005B4] -> 0x9073
mem[X,0x00000000800005B6] -> 0x1053
[70] [M]: 0x00000000800005B4 (0x10539073) csrrw x0, stvec, x7                       init_Stvec+28
CSR stvec (0x105) <- 0x0000000080001D00

mem[X,0x00000000800005B8] -> 0x2573
mem[X,0x00000000800005BA] -> 0x1050
[71] [M]: 0x00000000800005B8 (0x10502573) csrrs x10, stvec, x0                      init_Stvec+32
CSR stvec (0x105) -> 0x0000000080001D00
x10 <- 0x0000000080001D00

clint mtime 0x0000000000000024 (mip.MTI <- 0b1, mip.STI <- 0b0)
mem[X,0x00000000800005BC] -> 0x0463
mem[X,0x00000000800005BE] -> 0x0875
[72] [M]: 0x00000000800005BC (0x08750463) beq x10, x7, 0x88                         init_Stvec+36

mem[X,0x0000000080000644] -> 0x0093
mem[X,0x0000000080000646] -> 0x0000
[73] [M]: 0x0000000080000644 (0x00000093) addi x1, x0, 0x0                          rvtest_entrypoint+0
x1 <- 0x0000000000000000

clint mtime 0x0000000000000025 (mip.MTI <- 0b1, mip.STI <- 0b0)
mem[X,0x0000000080000648] -> 0x9073
mem[X,0x000000008000064A] -> 0x3000
[74] [M]: 0x0000000080000648 (0x30009073) csrrw x0, mstatus, x1                     rvtest_entrypoint+4
CSR mstatus (0x300) <- 0x0000000A00000000

mem[X,0x000000008000064C] -> 0x9073
mem[X,0x000000008000064E] -> 0x3410
[75] [M]: 0x000000008000064C (0x34109073) csrrw x0, mepc, x1                        rvtest_entrypoint+8
CSR mepc (0x341) <- 0x0000000000000000

clint mtime 0x0000000000000026 (mip.MTI <- 0b1, mip.STI <- 0b0)
mem[X,0x0000000080000650] -> 0x9073
mem[X,0x0000000080000652] -> 0x3440
[76] [M]: 0x0000000080000650 (0x34409073) csrrw x0, mip, x1                         rvtest_entrypoint+12
CSR mip (0x344) <- 0x0000000000000080

mem[X,0x0000000080000654] -> 0x9073
mem[X,0x0000000080000656] -> 0x3430
[77] [M]: 0x0000000080000654 (0x34309073) csrrw x0, mtval, x1                       rvtest_entrypoint+16
CSR mtval (0x343) <- 0x0000000000000000

clint mtime 0x0000000000000027 (mip.MTI <- 0b1, mip.STI <- 0b0)
mem[X,0x0000000080000658] -> 0x9073
mem[X,0x000000008000065A] -> 0x3420
[78] [M]: 0x0000000080000658 (0x34209073) csrrw x0, mcause, x1                      rvtest_entrypoint+20
CSR mcause (0x342) <- 0x0000000000000000

mem[X,0x000000008000065C] -> 0x0837
mem[X,0x000000008000065E] -> 0x7D5C
[79] [M]: 0x000000008000065C (0x7D5C0837) lui x16, 0x7d5c0                          rvtest_entrypoint+24
x16 <- 0x000000007D5C0000

clint mtime 0x0000000000000028 (mip.MTI <- 0b1, mip.STI <- 0b0)
mem[X,0x0000000080000660] -> 0x0813
mem[X,0x0000000080000662] -> 0xDDB8
[80] [M]: 0x0000000080000660 (0xDDB80813) addi x16, x16, -0x225                     rvtest_entrypoint+28
x16 <- 0x000000007D5BFDDB

mem[X,0x0000000080000664] -> 0x1813
mem[X,0x0000000080000666] -> 0x00B8
[81] [M]: 0x0000000080000664 (0x00B81813) slli x16, x16, 0xb                        rvtest_entrypoint+32
x16 <- 0x000003EADFEED800

clint mtime 0x0000000000000029 (mip.MTI <- 0b1, mip.STI <- 0b0)
mem[X,0x0000000080000668] -> 0x0813
mem[X,0x000000008000066A] -> 0x3EA8
[82] [M]: 0x0000000080000668 (0x3EA80813) addi x16, x16, 0x3ea                      rvtest_entrypoint+36
x16 <- 0x000003EADFEEDBEA

mem[X,0x000000008000066C] -> 0x1813
mem[X,0x000000008000066E] -> 0x00B8
[83] [M]: 0x000000008000066C (0x00B81813) slli x16, x16, 0xb                        rvtest_entrypoint+40
x16 <- 0x001F56FF76DF5000

clint mtime 0x000000000000002A (mip.MTI <- 0b1, mip.STI <- 0b0)
mem[X,0x0000000080000670] -> 0x0813
mem[X,0x0000000080000672] -> 0x6FF8
[84] [M]: 0x0000000080000670 (0x6FF80813) addi x16, x16, 0x6ff                      rvtest_entrypoint+44
x16 <- 0x001F56FF76DF56FF

mem[X,0x0000000080000674] -> 0x1813
mem[X,0x0000000080000676] -> 0x00A8
[85] [M]: 0x0000000080000674 (0x00A81813) slli x16, x16, 0xa                        rvtest_entrypoint+48
x16 <- 0x7D5BFDDB7D5BFC00

clint mtime 0x000000000000002B (mip.MTI <- 0b1, mip.STI <- 0b0)
mem[X,0x0000000080000678] -> 0x0813
mem[X,0x000000008000067A] -> 0x1DB8
[86] [M]: 0x0000000080000678 (0x1DB80813) addi x16, x16, 0x1db                      rvtest_entrypoint+52
x16 <- 0x7D5BFDDB7D5BFDDB

mem[X,0x000000008000067C] -> 0x5893
mem[X,0x000000008000067E] -> 0x0078
[87] [M]: 0x000000008000067C (0x00785893) srli x17, x16, 0x7                        rvtest_entrypoint+56
x17 <- 0x00FAB7FBB6FAB7FB

clint mtime 0x000000000000002C (mip.MTI <- 0b1, mip.STI <- 0b0)
mem[X,0x0000000080000680] -> 0x5793
mem[X,0x0000000080000682] -> 0x0398
[88] [M]: 0x0000000080000680 (0x03985793) srli x15, x16, 0x39                       rvtest_entrypoint+60
x15 <- 0x000000000000003E

mem[X,0x0000000080000684] -> 0xE8B3
mem[X,0x0000000080000686] -> 0x00F8
[89] [M]: 0x0000000080000684 (0x00F8E8B3) or x17, x17, x15                          rvtest_entrypoint+64
x17 <- 0x00FAB7FBB6FAB7FF

clint mtime 0x000000000000002D (mip.MTI <- 0b1, mip.STI <- 0b0)
mem[X,0x0000000080000688] -> 0xD913
mem[X,0x000000008000068A] -> 0x0078
[90] [M]: 0x0000000080000688 (0x0078D913) srli x18, x17, 0x7                        rvtest_entrypoint+68
x18 <- 0x0001F56FF76DF56F

mem[X,0x000000008000068C] -> 0xD793
mem[X,0x000000008000068E] -> 0x0398
[91] [M]: 0x000000008000068C (0x0398D793) srli x15, x17, 0x39                       rvtest_entrypoint+72
x15 <- 0x0000000000000000

clint mtime 0x000000000000002E (mip.MTI <- 0b1, mip.STI <- 0b0)
mem[X,0x0000000080000690] -> 0x6933
mem[X,0x0000000080000692] -> 0x00F9
[92] [M]: 0x0000000080000690 (0x00F96933) or x18, x18, x15                          rvtest_entrypoint+76
x18 <- 0x0001F56FF76DF56F

mem[X,0x0000000080000694] -> 0x5993
mem[X,0x0000000080000696] -> 0x0079
[93] [M]: 0x0000000080000694 (0x00795993) srli x19, x18, 0x7                        rvtest_entrypoint+80
x19 <- 0x000003EADFEEDBEA

clint mtime 0x000000000000002F (mip.MTI <- 0b1, mip.STI <- 0b0)
mem[X,0x0000000080000698] -> 0x5793
mem[X,0x000000008000069A] -> 0x0399
[94] [M]: 0x0000000080000698 (0x03995793) srli x15, x18, 0x39                       rvtest_entrypoint+84
x15 <- 0x0000000000000000

mem[X,0x000000008000069C] -> 0xE9B3
mem[X,0x000000008000069E] -> 0x00F9
[95] [M]: 0x000000008000069C (0x00F9E9B3) or x19, x19, x15                          rvtest_entrypoint+88
x19 <- 0x000003EADFEEDBEA

clint mtime 0x0000000000000030 (mip.MTI <- 0b1, mip.STI <- 0b0)
mem[X,0x00000000800006A0] -> 0xDA13
mem[X,0x00000000800006A2] -> 0x0079
[96] [M]: 0x00000000800006A0 (0x0079DA13) srli x20, x19, 0x7                        rvtest_entrypoint+92
x20 <- 0x00000007D5BFDDB7

mem[X,0x00000000800006A4] -> 0xD793
mem[X,0x00000000800006A6] -> 0x0399
[97] [M]: 0x00000000800006A4 (0x0399D793) srli x15, x19, 0x39                       rvtest_entrypoint+96
x15 <- 0x0000000000000000

clint mtime 0x0000000000000031 (mip.MTI <- 0b1, mip.STI <- 0b0)
mem[X,0x00000000800006A8] -> 0x6A33
mem[X,0x00000000800006AA] -> 0x00FA
[98] [M]: 0x00000000800006A8 (0x00FA6A33) or x20, x20, x15                          rvtest_entrypoint+100
x20 <- 0x00000007D5BFDDB7

mem[X,0x00000000800006AC] -> 0x5A93
mem[X,0x00000000800006AE] -> 0x007A
[99] [M]: 0x00000000800006AC (0x007A5A93) srli x21, x20, 0x7                        rvtest_entrypoint+104
x21 <- 0x000000000FAB7FBB

clint mtime 0x0000000000000032 (mip.MTI <- 0b1, mip.STI <- 0b0)
mem[X,0x00000000800006B0] -> 0x5793
mem[X,0x00000000800006B2] -> 0x039A
[100] [M]: 0x00000000800006B0 (0x039A5793) srli x15, x20, 0x39                      rvtest_entrypoint+108
x15 <- 0x0000000000000000

mem[X,0x00000000800006B4] -> 0xEAB3
mem[X,0x00000000800006B6] -> 0x00FA
[101] [M]: 0x00000000800006B4 (0x00FAEAB3) or x21, x21, x15                         rvtest_entrypoint+112
x21 <- 0x000000000FAB7FBB

clint mtime 0x0000000000000033 (mip.MTI <- 0b1, mip.STI <- 0b0)
mem[X,0x00000000800006B8] -> 0xDB13
mem[X,0x00000000800006BA] -> 0x007A
[102] [M]: 0x00000000800006B8 (0x007ADB13) srli x22, x21, 0x7                       rvtest_entrypoint+116
x22 <- 0x00000000001F56FF

mem[X,0x00000000800006BC] -> 0xD793
mem[X,0x00000000800006BE] -> 0x039A
[103] [M]: 0x00000000800006BC (0x039AD793) srli x15, x21, 0x39                      rvtest_entrypoint+120
x15 <- 0x0000000000000000

clint mtime 0x0000000000000034 (mip.MTI <- 0b1, mip.STI <- 0b0)
mem[X,0x00000000800006C0] -> 0x6B33
mem[X,0x00000000800006C2] -> 0x00FB
[104] [M]: 0x00000000800006C0 (0x00FB6B33) or x22, x22, x15                         rvtest_entrypoint+124
x22 <- 0x00000000001F56FF

mem[X,0x00000000800006C4] -> 0x5B93
mem[X,0x00000000800006C6] -> 0x007B
[105] [M]: 0x00000000800006C4 (0x007B5B93) srli x23, x22, 0x7                       rvtest_entrypoint+128
x23 <- 0x0000000000003EAD

clint mtime 0x0000000000000035 (mip.MTI <- 0b1, mip.STI <- 0b0)
mem[X,0x00000000800006C8] -> 0x5793
mem[X,0x00000000800006CA] -> 0x039B
[106] [M]: 0x00000000800006C8 (0x039B5793) srli x15, x22, 0x39                      rvtest_entrypoint+132
x15 <- 0x0000000000000000

mem[X,0x00000000800006CC] -> 0xEBB3
mem[X,0x00000000800006CE] -> 0x00FB
[107] [M]: 0x00000000800006CC (0x00FBEBB3) or x23, x23, x15                         rvtest_entrypoint+136
x23 <- 0x0000000000003EAD

clint mtime 0x0000000000000036 (mip.MTI <- 0b1, mip.STI <- 0b0)
mem[X,0x00000000800006D0] -> 0xDC13
mem[X,0x00000000800006D2] -> 0x007B
[108] [M]: 0x00000000800006D0 (0x007BDC13) srli x24, x23, 0x7                       rvtest_entrypoint+140
x24 <- 0x000000000000007D

mem[X,0x00000000800006D4] -> 0xD793
mem[X,0x00000000800006D6] -> 0x039B
[109] [M]: 0x00000000800006D4 (0x039BD793) srli x15, x23, 0x39                      rvtest_entrypoint+144
x15 <- 0x0000000000000000

clint mtime 0x0000000000000037 (mip.MTI <- 0b1, mip.STI <- 0b0)
mem[X,0x00000000800006D8] -> 0x6C33
mem[X,0x00000000800006DA] -> 0x00FC
[110] [M]: 0x00000000800006D8 (0x00FC6C33) or x24, x24, x15                         rvtest_entrypoint+148
x24 <- 0x000000000000007D

mem[X,0x00000000800006DC] -> 0x5C93
mem[X,0x00000000800006DE] -> 0x007C
[111] [M]: 0x00000000800006DC (0x007C5C93) srli x25, x24, 0x7                       rvtest_entrypoint+152
x25 <- 0x0000000000000000

clint mtime 0x0000000000000038 (mip.MTI <- 0b1, mip.STI <- 0b0)
mem[X,0x00000000800006E0] -> 0x5793
mem[X,0x00000000800006E2] -> 0x039C
[112] [M]: 0x00000000800006E0 (0x039C5793) srli x15, x24, 0x39                      rvtest_entrypoint+156
x15 <- 0x0000000000000000

mem[X,0x00000000800006E4] -> 0xECB3
mem[X,0x00000000800006E6] -> 0x00FC
[113] [M]: 0x00000000800006E4 (0x00FCECB3) or x25, x25, x15                         rvtest_entrypoint+160
x25 <- 0x0000000000000000

clint mtime 0x0000000000000039 (mip.MTI <- 0b1, mip.STI <- 0b0)
mem[X,0x00000000800006E8] -> 0xDD13
mem[X,0x00000000800006EA] -> 0x007C
[114] [M]: 0x00000000800006E8 (0x007CDD13) srli x26, x25, 0x7                       rvtest_entrypoint+164
x26 <- 0x0000000000000000

mem[X,0x00000000800006EC] -> 0xD793
mem[X,0x00000000800006EE] -> 0x039C
[115] [M]: 0x00000000800006EC (0x039CD793) srli x15, x25, 0x39                      rvtest_entrypoint+168
x15 <- 0x0000000000000000

clint mtime 0x000000000000003A (mip.MTI <- 0b1, mip.STI <- 0b0)
mem[X,0x00000000800006F0] -> 0x6D33
mem[X,0x00000000800006F2] -> 0x00FD
[116] [M]: 0x00000000800006F0 (0x00FD6D33) or x26, x26, x15                         rvtest_entrypoint+172
x26 <- 0x0000000000000000

mem[X,0x00000000800006F4] -> 0x5D93
mem[X,0x00000000800006F6] -> 0x007D
[117] [M]: 0x00000000800006F4 (0x007D5D93) srli x27, x26, 0x7                       rvtest_entrypoint+176
x27 <- 0x0000000000000000

clint mtime 0x000000000000003B (mip.MTI <- 0b1, mip.STI <- 0b0)
mem[X,0x00000000800006F8] -> 0x5793
mem[X,0x00000000800006FA] -> 0x039D
[118] [M]: 0x00000000800006F8 (0x039D5793) srli x15, x26, 0x39                      rvtest_entrypoint+180
x15 <- 0x0000000000000000

mem[X,0x00000000800006FC] -> 0xEDB3
mem[X,0x00000000800006FE] -> 0x00FD
[119] [M]: 0x00000000800006FC (0x00FDEDB3) or x27, x27, x15                         rvtest_entrypoint+184
x27 <- 0x0000000000000000

clint mtime 0x000000000000003C (mip.MTI <- 0b1, mip.STI <- 0b0)
mem[X,0x0000000080000700] -> 0xDE13
mem[X,0x0000000080000702] -> 0x007D
[120] [M]: 0x0000000080000700 (0x007DDE13) srli x28, x27, 0x7                       rvtest_entrypoint+188
x28 <- 0x0000000000000000

mem[X,0x0000000080000704] -> 0xD793
mem[X,0x0000000080000706] -> 0x039D
[121] [M]: 0x0000000080000704 (0x039DD793) srli x15, x27, 0x39                      rvtest_entrypoint+192
x15 <- 0x0000000000000000

clint mtime 0x000000000000003D (mip.MTI <- 0b1, mip.STI <- 0b0)
mem[X,0x0000000080000708] -> 0x6E33
mem[X,0x000000008000070A] -> 0x00FE
[122] [M]: 0x0000000080000708 (0x00FE6E33) or x28, x28, x15                         rvtest_entrypoint+196
x28 <- 0x0000000000000000

mem[X,0x000000008000070C] -> 0x5E93
mem[X,0x000000008000070E] -> 0x007E
[123] [M]: 0x000000008000070C (0x007E5E93) srli x29, x28, 0x7                       rvtest_entrypoint+200
x29 <- 0x0000000000000000

clint mtime 0x000000000000003E (mip.MTI <- 0b1, mip.STI <- 0b0)
mem[X,0x0000000080000710] -> 0x5793
mem[X,0x0000000080000712] -> 0x039E
[124] [M]: 0x0000000080000710 (0x039E5793) srli x15, x28, 0x39                      rvtest_entrypoint+204
x15 <- 0x0000000000000000

mem[X,0x0000000080000714] -> 0xEEB3
mem[X,0x0000000080000716] -> 0x00FE
[125] [M]: 0x0000000080000714 (0x00FEEEB3) or x29, x29, x15                         rvtest_entrypoint+208
x29 <- 0x0000000000000000

clint mtime 0x000000000000003F (mip.MTI <- 0b1, mip.STI <- 0b0)
mem[X,0x0000000080000718] -> 0xDF13
mem[X,0x000000008000071A] -> 0x007E
[126] [M]: 0x0000000080000718 (0x007EDF13) srli x30, x29, 0x7                       rvtest_entrypoint+212
x30 <- 0x0000000000000000

mem[X,0x000000008000071C] -> 0xD793
mem[X,0x000000008000071E] -> 0x039E
[127] [M]: 0x000000008000071C (0x039ED793) srli x15, x29, 0x39                      rvtest_entrypoint+216
x15 <- 0x0000000000000000

clint mtime 0x0000000000000040 (mip.MTI <- 0b1, mip.STI <- 0b0)
mem[X,0x0000000080000720] -> 0x6F33
mem[X,0x0000000080000722] -> 0x00FF
[128] [M]: 0x0000000080000720 (0x00FF6F33) or x30, x30, x15                         rvtest_entrypoint+220
x30 <- 0x0000000000000000

mem[X,0x0000000080000724] -> 0xC0B7
mem[X,0x0000000080000726] -> 0xFEED
[129] [M]: 0x0000000080000724 (0xFEEDC0B7) lui x1, -0x1124                          rvtest_entrypoint+224
x1 <- 0xFFFFFFFFFEEDC000

clint mtime 0x0000000000000041 (mip.MTI <- 0b1, mip.STI <- 0b0)
mem[X,0x0000000080000728] -> 0x8093
mem[X,0x000000008000072A] -> 0xEAD0
[130] [M]: 0x0000000080000728 (0xEAD08093) addi x1, x1, -0x153                      rvtest_entrypoint+228
x1 <- 0xFFFFFFFFFEEDBEAD

mem[X,0x000000008000072C] -> 0x9093
mem[X,0x000000008000072E] -> 0x00B0
[131] [M]: 0x000000008000072C (0x00B09093) slli x1, x1, 0xb                         rvtest_entrypoint+232
x1 <- 0xFFFFFFF76DF56800

clint mtime 0x0000000000000042 (mip.MTI <- 0b1, mip.STI <- 0b0)
mem[X,0x0000000080000730] -> 0x8093
mem[X,0x0000000080000732] -> 0x7F70
[132] [M]: 0x0000000080000730 (0x7F708093) addi x1, x1, 0x7f7                       rvtest_entrypoint+236
x1 <- 0xFFFFFFF76DF56FF7

mem[X,0x0000000080000734] -> 0x9093
mem[X,0x0000000080000736] -> 0x00B0
[133] [M]: 0x0000000080000734 (0x00B09093) slli x1, x1, 0xb                         rvtest_entrypoint+240
x1 <- 0xFFFFBB6FAB7FB800

clint mtime 0x0000000000000043 (mip.MTI <- 0b1, mip.STI <- 0b0)
mem[X,0x0000000080000738] -> 0x8093
mem[X,0x000000008000073A] -> 0x36F0
[134] [M]: 0x0000000080000738 (0x36F08093) addi x1, x1, 0x36f                       rvtest_entrypoint+244
x1 <- 0xFFFFBB6FAB7FBB6F

mem[X,0x000000008000073C] -> 0x9093
mem[X,0x000000008000073E] -> 0x00A0
[135] [M]: 0x000000008000073C (0x00A09093) slli x1, x1, 0xa                         rvtest_entrypoint+248
x1 <- 0xFEEDBEADFEEDBC00

clint mtime 0x0000000000000044 (mip.MTI <- 0b1, mip.STI <- 0b0)
mem[X,0x0000000080000740] -> 0x8093
mem[X,0x0000000080000742] -> 0x2AD0
[136] [M]: 0x0000000080000740 (0x2AD08093) addi x1, x1, 0x2ad                       rvtest_entrypoint+252
x1 <- 0xFEEDBEADFEEDBEAD

mem[X,0x0000000080000744] -> 0xD113
mem[X,0x0000000080000746] -> 0x0070
[137] [M]: 0x0000000080000744 (0x0070D113) srli x2, x1, 0x7                         rvtest_entrypoint+256
x2 <- 0x01FDDB7D5BFDDB7D

clint mtime 0x0000000000000045 (mip.MTI <- 0b1, mip.STI <- 0b0)
mem[X,0x0000000080000748] -> 0xD793
mem[X,0x000000008000074A] -> 0x0390
[138] [M]: 0x0000000080000748 (0x0390D793) srli x15, x1, 0x39                       rvtest_entrypoint+260
x15 <- 0x000000000000007F

mem[X,0x000000008000074C] -> 0x6133
mem[X,0x000000008000074E] -> 0x00F1
[139] [M]: 0x000000008000074C (0x00F16133) or x2, x2, x15                           rvtest_entrypoint+264
x2 <- 0x01FDDB7D5BFDDB7F

clint mtime 0x0000000000000046 (mip.MTI <- 0b1, mip.STI <- 0b0)
mem[X,0x0000000080000750] -> 0x5193
mem[X,0x0000000080000752] -> 0x0071
[140] [M]: 0x0000000080000750 (0x00715193) srli x3, x2, 0x7                         rvtest_entrypoint+268
x3 <- 0x0003FBB6FAB7FBB6

mem[X,0x0000000080000754] -> 0x5793
mem[X,0x0000000080000756] -> 0x0391
[141] [M]: 0x0000000080000754 (0x03915793) srli x15, x2, 0x39                       rvtest_entrypoint+272
x15 <- 0x0000000000000000

clint mtime 0x0000000000000047 (mip.MTI <- 0b1, mip.STI <- 0b0)
mem[X,0x0000000080000758] -> 0xE1B3
mem[X,0x000000008000075A] -> 0x00F1
[142] [M]: 0x0000000080000758 (0x00F1E1B3) or x3, x3, x15                           rvtest_entrypoint+276
x3 <- 0x0003FBB6FAB7FBB6

mem[X,0x000000008000075C] -> 0xD213
mem[X,0x000000008000075E] -> 0x0071
[143] [M]: 0x000000008000075C (0x0071D213) srli x4, x3, 0x7                         rvtest_entrypoint+280
x4 <- 0x000007F76DF56FF7

clint mtime 0x0000000000000048 (mip.MTI <- 0b1, mip.STI <- 0b0)
mem[X,0x0000000080000760] -> 0xD793
mem[X,0x0000000080000762] -> 0x0391
[144] [M]: 0x0000000080000760 (0x0391D793) srli x15, x3, 0x39                       rvtest_entrypoint+284
x15 <- 0x0000000000000000

mem[X,0x0000000080000764] -> 0x6233
mem[X,0x0000000080000766] -> 0x00F2
[145] [M]: 0x0000000080000764 (0x00F26233) or x4, x4, x15                           rvtest_entrypoint+288
x4 <- 0x000007F76DF56FF7

clint mtime 0x0000000000000049 (mip.MTI <- 0b1, mip.STI <- 0b0)
mem[X,0x0000000080000768] -> 0x5293
mem[X,0x000000008000076A] -> 0x0072
[146] [M]: 0x0000000080000768 (0x00725293) srli x5, x4, 0x7                         rvtest_entrypoint+292
x5 <- 0x0000000FEEDBEADF

mem[X,0x000000008000076C] -> 0x5793
mem[X,0x000000008000076E] -> 0x0392
[147] [M]: 0x000000008000076C (0x03925793) srli x15, x4, 0x39                       rvtest_entrypoint+296
x15 <- 0x0000000000000000

clint mtime 0x000000000000004A (mip.MTI <- 0b1, mip.STI <- 0b0)
mem[X,0x0000000080000770] -> 0xE2B3
mem[X,0x0000000080000772] -> 0x00F2
[148] [M]: 0x0000000080000770 (0x00F2E2B3) or x5, x5, x15                           rvtest_entrypoint+300
x5 <- 0x0000000FEEDBEADF

mem[X,0x0000000080000774] -> 0xD313
mem[X,0x0000000080000776] -> 0x0072
[149] [M]: 0x0000000080000774 (0x0072D313) srli x6, x5, 0x7                         rvtest_entrypoint+304
x6 <- 0x000000001FDDB7D5

clint mtime 0x000000000000004B (mip.MTI <- 0b1, mip.STI <- 0b0)
mem[X,0x0000000080000778] -> 0xD793
mem[X,0x000000008000077A] -> 0x0392
[150] [M]: 0x0000000080000778 (0x0392D793) srli x15, x5, 0x39                       rvtest_entrypoint+308
x15 <- 0x0000000000000000

mem[X,0x000000008000077C] -> 0x6333
mem[X,0x000000008000077E] -> 0x00F3
[151] [M]: 0x000000008000077C (0x00F36333) or x6, x6, x15                           rvtest_entrypoint+312
x6 <- 0x000000001FDDB7D5

clint mtime 0x000000000000004C (mip.MTI <- 0b1, mip.STI <- 0b0)
mem[X,0x0000000080000780] -> 0x5393
mem[X,0x0000000080000782] -> 0x0073
[152] [M]: 0x0000000080000780 (0x00735393) srli x7, x6, 0x7                         rvtest_entrypoint+316
x7 <- 0x00000000003FBB6F

mem[X,0x0000000080000784] -> 0x5793
mem[X,0x0000000080000786] -> 0x0393
[153] [M]: 0x0000000080000784 (0x03935793) srli x15, x6, 0x39                       rvtest_entrypoint+320
x15 <- 0x0000000000000000

clint mtime 0x000000000000004D (mip.MTI <- 0b1, mip.STI <- 0b0)
mem[X,0x0000000080000788] -> 0xE3B3
mem[X,0x000000008000078A] -> 0x00F3
[154] [M]: 0x0000000080000788 (0x00F3E3B3) or x7, x7, x15                           rvtest_entrypoint+324
x7 <- 0x00000000003FBB6F

mem[X,0x000000008000078C] -> 0xD413
mem[X,0x000000008000078E] -> 0x0073
[155] [M]: 0x000000008000078C (0x0073D413) srli x8, x7, 0x7                         rvtest_entrypoint+328
x8 <- 0x0000000000007F76

clint mtime 0x000000000000004E (mip.MTI <- 0b1, mip.STI <- 0b0)
mem[X,0x0000000080000790] -> 0xD793
mem[X,0x0000000080000792] -> 0x0393
[156] [M]: 0x0000000080000790 (0x0393D793) srli x15, x7, 0x39                       rvtest_entrypoint+332
x15 <- 0x0000000000000000

mem[X,0x0000000080000794] -> 0x6433
mem[X,0x0000000080000796] -> 0x00F4
[157] [M]: 0x0000000080000794 (0x00F46433) or x8, x8, x15                           rvtest_entrypoint+336
x8 <- 0x0000000000007F76

clint mtime 0x000000000000004F (mip.MTI <- 0b1, mip.STI <- 0b0)
mem[X,0x0000000080000798] -> 0x5493
mem[X,0x000000008000079A] -> 0x0074
[158] [M]: 0x0000000080000798 (0x00745493) srli x9, x8, 0x7                         rvtest_entrypoint+340
x9 <- 0x00000000000000FE

mem[X,0x000000008000079C] -> 0x5793
mem[X,0x000000008000079E] -> 0x0394
[159] [M]: 0x000000008000079C (0x03945793) srli x15, x8, 0x39                       rvtest_entrypoint+344
x15 <- 0x0000000000000000

clint mtime 0x0000000000000050 (mip.MTI <- 0b1, mip.STI <- 0b0)
mem[X,0x00000000800007A0] -> 0xE4B3
mem[X,0x00000000800007A2] -> 0x00F4
[160] [M]: 0x00000000800007A0 (0x00F4E4B3) or x9, x9, x15                           rvtest_entrypoint+348
x9 <- 0x00000000000000FE

mem[X,0x00000000800007A4] -> 0xD513
mem[X,0x00000000800007A6] -> 0x0074
[161] [M]: 0x00000000800007A4 (0x0074D513) srli x10, x9, 0x7                        rvtest_entrypoint+352
x10 <- 0x0000000000000001

clint mtime 0x0000000000000051 (mip.MTI <- 0b1, mip.STI <- 0b0)
mem[X,0x00000000800007A8] -> 0xD793
mem[X,0x00000000800007AA] -> 0x0394
[162] [M]: 0x00000000800007A8 (0x0394D793) srli x15, x9, 0x39                       rvtest_entrypoint+356
x15 <- 0x0000000000000000

mem[X,0x00000000800007AC] -> 0x6533
mem[X,0x00000000800007AE] -> 0x00F5
[163] [M]: 0x00000000800007AC (0x00F56533) or x10, x10, x15                         rvtest_entrypoint+360
x10 <- 0x0000000000000001

clint mtime 0x0000000000000052 (mip.MTI <- 0b1, mip.STI <- 0b0)
mem[X,0x00000000800007B0] -> 0x5593
mem[X,0x00000000800007B2] -> 0x0075
[164] [M]: 0x00000000800007B0 (0x00755593) srli x11, x10, 0x7                       rvtest_entrypoint+364
x11 <- 0x0000000000000000

mem[X,0x00000000800007B4] -> 0x5793
mem[X,0x00000000800007B6] -> 0x0395
[165] [M]: 0x00000000800007B4 (0x03955793) srli x15, x10, 0x39                      rvtest_entrypoint+368
x15 <- 0x0000000000000000

clint mtime 0x0000000000000053 (mip.MTI <- 0b1, mip.STI <- 0b0)
mem[X,0x00000000800007B8] -> 0xE5B3
mem[X,0x00000000800007BA] -> 0x00F5
[166] [M]: 0x00000000800007B8 (0x00F5E5B3) or x11, x11, x15                         rvtest_entrypoint+372
x11 <- 0x0000000000000000

mem[X,0x00000000800007BC] -> 0xD613
mem[X,0x00000000800007BE] -> 0x0075
[167] [M]: 0x00000000800007BC (0x0075D613) srli x12, x11, 0x7                       rvtest_entrypoint+376
x12 <- 0x0000000000000000

clint mtime 0x0000000000000054 (mip.MTI <- 0b1, mip.STI <- 0b0)
mem[X,0x00000000800007C0] -> 0xD793
mem[X,0x00000000800007C2] -> 0x0395
[168] [M]: 0x00000000800007C0 (0x0395D793) srli x15, x11, 0x39                      rvtest_entrypoint+380
x15 <- 0x0000000000000000

mem[X,0x00000000800007C4] -> 0x6633
mem[X,0x00000000800007C6] -> 0x00F6
[169] [M]: 0x00000000800007C4 (0x00F66633) or x12, x12, x15                         rvtest_entrypoint+384
x12 <- 0x0000000000000000

clint mtime 0x0000000000000055 (mip.MTI <- 0b1, mip.STI <- 0b0)
mem[X,0x00000000800007C8] -> 0x5693
mem[X,0x00000000800007CA] -> 0x0076
[170] [M]: 0x00000000800007C8 (0x00765693) srli x13, x12, 0x7                       rvtest_entrypoint+388
x13 <- 0x0000000000000000

mem[X,0x00000000800007CC] -> 0x5793
mem[X,0x00000000800007CE] -> 0x0396
[171] [M]: 0x00000000800007CC (0x03965793) srli x15, x12, 0x39                      rvtest_entrypoint+392
x15 <- 0x0000000000000000

clint mtime 0x0000000000000056 (mip.MTI <- 0b1, mip.STI <- 0b0)
mem[X,0x00000000800007D0] -> 0xE6B3
mem[X,0x00000000800007D2] -> 0x00F6
[172] [M]: 0x00000000800007D0 (0x00F6E6B3) or x13, x13, x15                         rvtest_entrypoint+396
x13 <- 0x0000000000000000

mem[X,0x00000000800007D4] -> 0x0013
mem[X,0x00000000800007D6] -> 0x0000
[173] [M]: 0x00000000800007D4 (0x00000013) addi x0, x0, 0x0                         rvtest_code_begin+0

clint mtime 0x0000000000000057 (mip.MTI <- 0b1, mip.STI <- 0b0)
mem[X,0x00000000800007D8] -> 0x0013
mem[X,0x00000000800007DA] -> 0x0000
[174] [M]: 0x00000000800007D8 (0x00000013) addi x0, x0, 0x0                         rvtest_code_begin+4

mem[X,0x00000000800007DC] -> 0x0013
mem[X,0x00000000800007DE] -> 0x0000
[175] [M]: 0x00000000800007DC (0x00000013) addi x0, x0, 0x0                         rvtest_code_begin+8

clint mtime 0x0000000000000058 (mip.MTI <- 0b1, mip.STI <- 0b0)
mem[X,0x00000000800007E0] -> 0x9697
mem[X,0x00000000800007E2] -> 0x0000
[176] [M]: 0x00000000800007E0 (0x00009697) auipc x13, 0x9                           rvtest_code_begin+12
x13 <- 0x00000000800097E0

mem[X,0x00000000800007E4] -> 0x8693
mem[X,0x00000000800007E6] -> 0x9386
[177] [M]: 0x00000000800007E4 (0x93868693) addi x13, x13, -0x6c8                    rvtest_code_begin+16
x13 <- 0x0000000080009118

clint mtime 0x0000000000000059 (mip.MTI <- 0b1, mip.STI <- 0b0)
mem[X,0x00000000800007E8] -> 0x0001
[178] [M]: 0x00000000800007E8 (0x0001) c.nop                                        rvtest_code_begin+20

mem[X,0x00000000800007EA] -> 0x0013
mem[X,0x00000000800007EC] -> 0x0000
[179] [M]: 0x00000000800007EA (0x00000013) addi x0, x0, 0x0                         rvtest_code_begin+22

clint mtime 0x000000000000005A (mip.MTI <- 0b1, mip.STI <- 0b0)
mem[X,0x00000000800007EE] -> 0x0013
mem[X,0x00000000800007F0] -> 0x0000
[180] [M]: 0x00000000800007EE (0x00000013) addi x0, x0, 0x0                         rvtest_code_begin+26

mem[X,0x00000000800007F2] -> 0x0013
mem[X,0x00000000800007F4] -> 0x0000
[181] [M]: 0x00000000800007F2 (0x00000013) addi x0, x0, 0x0                         rvtest_code_begin+30

clint mtime 0x000000000000005B (mip.MTI <- 0b1, mip.STI <- 0b0)
mem[X,0x00000000800007F6] -> 0x0013
mem[X,0x00000000800007F8] -> 0x0000
[182] [M]: 0x00000000800007F6 (0x00000013) addi x0, x0, 0x0                         rvtest_code_begin+34

mem[X,0x00000000800007FA] -> 0x0013
mem[X,0x00000000800007FC] -> 0x0000
[183] [M]: 0x00000000800007FA (0x00000013) addi x0, x0, 0x0                         rvtest_code_begin+38

clint mtime 0x000000000000005C (mip.MTI <- 0b1, mip.STI <- 0b0)
mem[X,0x00000000800007FE] -> 0x0001
[184] [M]: 0x00000000800007FE (0x0001) c.nop                                        rvtest_code_begin+42

mem[X,0x0000000080000800] -> 0xD737
mem[X,0x0000000080000802] -> 0x0000
[185] [M]: 0x0000000080000800 (0x0000D737) lui x14, 0xd                             main+0
x14 <- 0x000000000000D000

clint mtime 0x000000000000005D (mip.MTI <- 0b1, mip.STI <- 0b0)
mem[X,0x0000000080000804] -> 0x071B
mem[X,0x0000000080000806] -> 0xEED7
[186] [M]: 0x0000000080000804 (0xEED7071B) addiw x14, x14, -0x113                   main+4
x14 <- 0x000000000000CEED

mem[X,0x0000000080000808] -> 0xB023
mem[X,0x000000008000080A] -> 0x00E6
[187] [M]: 0x0000000080000808 (0x00E6B023) sd x14, 0x0(x13)                         main+8
mem[W,0x0000000080009118] <- 0x000000000000CEED

clint mtime 0x000000000000005E (mip.MTI <- 0b1, mip.STI <- 0b0)
mem[X,0x000000008000080C] -> 0xC737
mem[X,0x000000008000080E] -> 0x0000
[188] [M]: 0x000000008000080C (0x0000C737) lui x14, 0xc                             main+12
x14 <- 0x000000000000C000

mem[X,0x0000000080000810] -> 0x071B
mem[X,0x0000000080000812] -> 0xEED7
[189] [M]: 0x0000000080000810 (0xEED7071B) addiw x14, x14, -0x113                   main+16
x14 <- 0x000000000000BEED

clint mtime 0x000000000000005F (mip.MTI <- 0b1, mip.STI <- 0b0)
mem[X,0x0000000080000814] -> 0xB423
mem[X,0x0000000080000816] -> 0x00E6
[190] [M]: 0x0000000080000814 (0x00E6B423) sd x14, 0x8(x13)                         main+20
mem[W,0x0000000080009120] <- 0x000000000000BEED

mem[X,0x0000000080000818] -> 0x0393
mem[X,0x000000008000081A] -> 0xFFF0
[191] [M]: 0x0000000080000818 (0xFFF00393) addi x7, x0, -0x1                        main+24
x7 <- 0xFFFFFFFFFFFFFFFF

clint mtime 0x0000000000000060 (mip.MTI <- 0b1, mip.STI <- 0b0)
mem[X,0x000000008000081C] -> 0x9073
mem[X,0x000000008000081E] -> 0x3B03
[192] [M]: 0x000000008000081C (0x3B039073) csrrw x0, pmpaddr0, x7                   main+28
CSR pmpaddr0 (0x3B0) <- 0x003FFFFFFFFFFFFF

mem[X,0x0000000080000820] -> 0x0393
mem[X,0x0000000080000822] -> 0x00F0
[193] [M]: 0x0000000080000820 (0x00F00393) addi x7, x0, 0xf                         main+32
x7 <- 0x000000000000000F

clint mtime 0x0000000000000061 (mip.MTI <- 0b1, mip.STI <- 0b0)
mem[X,0x0000000080000824] -> 0x9073
mem[X,0x0000000080000826] -> 0x3A03
[194] [M]: 0x0000000080000824 (0x3A039073) csrrw x0, pmpcfg0, x7                    main+36
CSR pmpcfg0 (0x3A0) <- 0x000000000000000F

mem[X,0x0000000080000828] -> 0x0073
mem[X,0x000000008000082A] -> 0x1200
[195] [M]: 0x0000000080000828 (0x12000073) sfence.vma x0, x0                        main+40

clint mtime 0x0000000000000062 (mip.MTI <- 0b1, mip.STI <- 0b0)
mem[X,0x000000008000082C] -> 0x1073
mem[X,0x000000008000082E] -> 0x1800
[196] [M]: 0x000000008000082C (0x18001073) csrrw x0, satp, x0                       main+44
CSR satp (0x180) <- 0x0000000000000000

mem[X,0x0000000080000830] -> 0x0013
mem[X,0x0000000080000832] -> 0x0000
[197] [M]: 0x0000000080000830 (0x00000013) addi x0, x0, 0x0                         main+48

clint mtime 0x0000000000000063 (mip.MTI <- 0b1, mip.STI <- 0b0)
mem[X,0x0000000080000834] -> 0x0013
mem[X,0x0000000080000836] -> 0x0000
[198] [M]: 0x0000000080000834 (0x00000013) addi x0, x0, 0x0                         main+52

mem[X,0x0000000080000838] -> 0x0013
mem[X,0x000000008000083A] -> 0x0000
[199] [M]: 0x0000000080000838 (0x00000013) addi x0, x0, 0x0                         main+56

clint mtime 0x0000000000000064 (mip.MTI <- 0b1, mip.STI <- 0b0)
mem[X,0x000000008000083C] -> 0x0013
mem[X,0x000000008000083E] -> 0x0000
[200] [M]: 0x000000008000083C (0x00000013) addi x0, x0, 0x0                         main+60

mem[X,0x0000000080000840] -> 0x051B
mem[X,0x0000000080000842] -> 0x0000
[201] [M]: 0x0000000080000840 (0x0000051B) addiw x10, x0, 0x0                       main+64
x10 <- 0x0000000000000000

clint mtime 0x0000000000000065 (mip.MTI <- 0b1, mip.STI <- 0b0)
mem[X,0x0000000080000844] -> 0x0001
[202] [M]: 0x0000000080000844 (0x0001) c.nop                                        main+68

mem[X,0x0000000080000846] -> 0x0013
mem[X,0x0000000080000848] -> 0x0000
[203] [M]: 0x0000000080000846 (0x00000013) addi x0, x0, 0x0                         main+70

clint mtime 0x0000000000000066 (mip.MTI <- 0b1, mip.STI <- 0b0)
mem[X,0x000000008000084A] -> 0x0013
mem[X,0x000000008000084C] -> 0x0000
[204] [M]: 0x000000008000084A (0x00000013) addi x0, x0, 0x0                         main+74

mem[X,0x000000008000084E] -> 0x0013
mem[X,0x0000000080000850] -> 0x0000
[205] [M]: 0x000000008000084E (0x00000013) addi x0, x0, 0x0                         main+78

clint mtime 0x0000000000000067 (mip.MTI <- 0b1, mip.STI <- 0b0)
mem[X,0x0000000080000852] -> 0x0013
mem[X,0x0000000080000854] -> 0x0000
[206] [M]: 0x0000000080000852 (0x00000013) addi x0, x0, 0x0                         main+82

mem[X,0x0000000080000856] -> 0x0013
mem[X,0x0000000080000858] -> 0x0000
[207] [M]: 0x0000000080000856 (0x00000013) addi x0, x0, 0x0                         main+86

clint mtime 0x0000000000000068 (mip.MTI <- 0b1, mip.STI <- 0b0)
mem[X,0x000000008000085A] -> 0x0013
mem[X,0x000000008000085C] -> 0x0000
[208] [M]: 0x000000008000085A (0x00000013) addi x0, x0, 0x0                         main+90

mem[X,0x000000008000085E] -> 0x0001
[209] [M]: 0x000000008000085E (0x0001) c.nop                                        main+94

clint mtime 0x0000000000000069 (mip.MTI <- 0b1, mip.STI <- 0b0)
mem[X,0x0000000080000860] -> 0x0593
mem[X,0x0000000080000862] -> 0x0DB0
[210] [M]: 0x0000000080000860 (0x0DB00593) addi x11, x0, 0xdb                       main+96
x11 <- 0x00000000000000DB

mem[X,0x0000000080000864] -> 0x5513
mem[X,0x0000000080000866] -> 0x00C5
[211] [M]: 0x0000000080000864 (0x00C55513) srli x10, x10, 0xc                       main+100
x10 <- 0x0000000000000000

clint mtime 0x000000000000006A (mip.MTI <- 0b1, mip.STI <- 0b0)
mem[X,0x0000000080000868] -> 0x1513
mem[X,0x000000008000086A] -> 0x00A5
[212] [M]: 0x0000000080000868 (0x00A51513) slli x10, x10, 0xa                       main+104
x10 <- 0x0000000000000000

mem[X,0x000000008000086C] -> 0x6533
mem[X,0x000000008000086E] -> 0x00B5
[213] [M]: 0x000000008000086C (0x00B56533) or x10, x10, x11                         main+108
x10 <- 0x00000000000000DB

clint mtime 0x000000000000006B (mip.MTI <- 0b1, mip.STI <- 0b0)
mem[X,0x0000000080000870] -> 0x0013
mem[X,0x0000000080000872] -> 0x0000
[214] [M]: 0x0000000080000870 (0x00000013) addi x0, x0, 0x0                         main+112

mem[X,0x0000000080000874] -> 0x0013
mem[X,0x0000000080000876] -> 0x0000
[215] [M]: 0x0000000080000874 (0x00000013) addi x0, x0, 0x0                         main+116

clint mtime 0x000000000000006C (mip.MTI <- 0b1, mip.STI <- 0b0)
mem[X,0x0000000080000878] -> 0x0013
mem[X,0x000000008000087A] -> 0x0000
[216] [M]: 0x0000000080000878 (0x00000013) addi x0, x0, 0x0                         main+120

mem[X,0x000000008000087C] -> 0x0013
mem[X,0x000000008000087E] -> 0x0000
[217] [M]: 0x000000008000087C (0x00000013) addi x0, x0, 0x0                         main+124

clint mtime 0x000000000000006D (mip.MTI <- 0b1, mip.STI <- 0b0)
mem[X,0x0000000080000880] -> 0x7317
mem[X,0x0000000080000882] -> 0x0000
[218] [M]: 0x0000000080000880 (0x00007317) auipc x6, 0x7                            main+128
x6 <- 0x0000000080007880

mem[X,0x0000000080000884] -> 0x0313
mem[X,0x0000000080000886] -> 0x7803
[219] [M]: 0x0000000080000884 (0x78030313) addi x6, x6, 0x780                       main+132
x6 <- 0x0000000080008000

clint mtime 0x000000000000006E (mip.MTI <- 0b1, mip.STI <- 0b0)
mem[X,0x0000000080000888] -> 0x0001
[220] [M]: 0x0000000080000888 (0x0001) c.nop                                        main+136

mem[X,0x000000008000088A] -> 0x0013
mem[X,0x000000008000088C] -> 0x0000
[221] [M]: 0x000000008000088A (0x00000013) addi x0, x0, 0x0                         main+138

clint mtime 0x000000000000006F (mip.MTI <- 0b1, mip.STI <- 0b0)
mem[X,0x000000008000088E] -> 0x0013
mem[X,0x0000000080000890] -> 0x0000
[222] [M]: 0x000000008000088E (0x00000013) addi x0, x0, 0x0                         main+142

mem[X,0x0000000080000892] -> 0x0013
mem[X,0x0000000080000894] -> 0x0000
[223] [M]: 0x0000000080000892 (0x00000013) addi x0, x0, 0x0                         main+146

clint mtime 0x0000000000000070 (mip.MTI <- 0b1, mip.STI <- 0b0)
mem[X,0x0000000080000896] -> 0x0013
mem[X,0x0000000080000898] -> 0x0000
[224] [M]: 0x0000000080000896 (0x00000013) addi x0, x0, 0x0                         main+150

mem[X,0x000000008000089A] -> 0x0013
mem[X,0x000000008000089C] -> 0x0000
[225] [M]: 0x000000008000089A (0x00000013) addi x0, x0, 0x0                         main+154

clint mtime 0x0000000000000071 (mip.MTI <- 0b1, mip.STI <- 0b0)
mem[X,0x000000008000089E] -> 0x0001
[226] [M]: 0x000000008000089E (0x0001) c.nop                                        main+158

mem[X,0x00000000800008A0] -> 0x0293
mem[X,0x00000000800008A2] -> 0x0300
[227] [M]: 0x00000000800008A0 (0x03000293) addi x5, x0, 0x30                        main+160
x5 <- 0x0000000000000030

clint mtime 0x0000000000000072 (mip.MTI <- 0b1, mip.STI <- 0b0)
mem[X,0x00000000800008A4] -> 0x0333
mem[X,0x00000000800008A6] -> 0x0053
[228] [M]: 0x00000000800008A4 (0x00530333) add x6, x6, x5                           main+164
x6 <- 0x0000000080008030

mem[X,0x00000000800008A8] -> 0x3023
mem[X,0x00000000800008AA] -> 0x00A3
[229] [M]: 0x00000000800008A8 (0x00A33023) sd x10, 0x0(x6)                          main+168
mem[W,0x0000000080008030] <- 0x00000000000000DB

clint mtime 0x0000000000000073 (mip.MTI <- 0b1, mip.STI <- 0b0)
mem[X,0x00000000800008AC] -> 0x0073
mem[X,0x00000000800008AE] -> 0x1200
[230] [M]: 0x00000000800008AC (0x12000073) sfence.vma x0, x0                        main+172

mem[X,0x00000000800008B0] -> 0x0013
mem[X,0x00000000800008B2] -> 0x0000
[231] [M]: 0x00000000800008B0 (0x00000013) addi x0, x0, 0x0                         main+176

clint mtime 0x0000000000000074 (mip.MTI <- 0b1, mip.STI <- 0b0)
mem[X,0x00000000800008B4] -> 0x0013
mem[X,0x00000000800008B6] -> 0x0000
[232] [M]: 0x00000000800008B4 (0x00000013) addi x0, x0, 0x0                         main+180

mem[X,0x00000000800008B8] -> 0x0013
mem[X,0x00000000800008BA] -> 0x0000
[233] [M]: 0x00000000800008B8 (0x00000013) addi x0, x0, 0x0                         main+184

clint mtime 0x0000000000000075 (mip.MTI <- 0b1, mip.STI <- 0b0)
mem[X,0x00000000800008BC] -> 0x0013
mem[X,0x00000000800008BE] -> 0x0000
[234] [M]: 0x00000000800008BC (0x00000013) addi x0, x0, 0x0                         main+188

mem[X,0x00000000800008C0] -> 0x051B
mem[X,0x00000000800008C2] -> 0x0000
[235] [M]: 0x00000000800008C0 (0x0000051B) addiw x10, x0, 0x0                       main+192
x10 <- 0x0000000000000000

clint mtime 0x0000000000000076 (mip.MTI <- 0b1, mip.STI <- 0b0)
mem[X,0x00000000800008C4] -> 0x0001
[236] [M]: 0x00000000800008C4 (0x0001) c.nop                                        main+196

mem[X,0x00000000800008C6] -> 0x0013
mem[X,0x00000000800008C8] -> 0x0000
[237] [M]: 0x00000000800008C6 (0x00000013) addi x0, x0, 0x0                         main+198

clint mtime 0x0000000000000077 (mip.MTI <- 0b1, mip.STI <- 0b0)
mem[X,0x00000000800008CA] -> 0x0013
mem[X,0x00000000800008CC] -> 0x0000
[238] [M]: 0x00000000800008CA (0x00000013) addi x0, x0, 0x0                         main+202

mem[X,0x00000000800008CE] -> 0x0013
mem[X,0x00000000800008D0] -> 0x0000
[239] [M]: 0x00000000800008CE (0x00000013) addi x0, x0, 0x0                         main+206

clint mtime 0x0000000000000078 (mip.MTI <- 0b1, mip.STI <- 0b0)
mem[X,0x00000000800008D2] -> 0x0013
mem[X,0x00000000800008D4] -> 0x0000
[240] [M]: 0x00000000800008D2 (0x00000013) addi x0, x0, 0x0                         main+210

mem[X,0x00000000800008D6] -> 0x0013
mem[X,0x00000000800008D8] -> 0x0000
[241] [M]: 0x00000000800008D6 (0x00000013) addi x0, x0, 0x0                         main+214

clint mtime 0x0000000000000079 (mip.MTI <- 0b1, mip.STI <- 0b0)
mem[X,0x00000000800008DA] -> 0x0013
mem[X,0x00000000800008DC] -> 0x0000
[242] [M]: 0x00000000800008DA (0x00000013) addi x0, x0, 0x0                         main+218

mem[X,0x00000000800008DE] -> 0x0001
[243] [M]: 0x00000000800008DE (0x0001) c.nop                                        main+222

clint mtime 0x000000000000007A (mip.MTI <- 0b1, mip.STI <- 0b0)
mem[X,0x00000000800008E0] -> 0x0593
mem[X,0x00000000800008E2] -> 0x0DF0
[244] [M]: 0x00000000800008E0 (0x0DF00593) addi x11, x0, 0xdf                       main+224
x11 <- 0x00000000000000DF

mem[X,0x00000000800008E4] -> 0x5513
mem[X,0x00000000800008E6] -> 0x00C5
[245] [M]: 0x00000000800008E4 (0x00C55513) srli x10, x10, 0xc                       main+228
x10 <- 0x0000000000000000

clint mtime 0x000000000000007B (mip.MTI <- 0b1, mip.STI <- 0b0)
mem[X,0x00000000800008E8] -> 0x1513
mem[X,0x00000000800008EA] -> 0x00A5
[246] [M]: 0x00000000800008E8 (0x00A51513) slli x10, x10, 0xa                       main+232
x10 <- 0x0000000000000000

mem[X,0x00000000800008EC] -> 0x6533
mem[X,0x00000000800008EE] -> 0x00B5
[247] [M]: 0x00000000800008EC (0x00B56533) or x10, x10, x11                         main+236
x10 <- 0x00000000000000DF

clint mtime 0x000000000000007C (mip.MTI <- 0b1, mip.STI <- 0b0)
mem[X,0x00000000800008F0] -> 0x0013
mem[X,0x00000000800008F2] -> 0x0000
[248] [M]: 0x00000000800008F0 (0x00000013) addi x0, x0, 0x0                         main+240

mem[X,0x00000000800008F4] -> 0x0013
mem[X,0x00000000800008F6] -> 0x0000
[249] [M]: 0x00000000800008F4 (0x00000013) addi x0, x0, 0x0                         main+244

clint mtime 0x000000000000007D (mip.MTI <- 0b1, mip.STI <- 0b0)
mem[X,0x00000000800008F8] -> 0x0013
mem[X,0x00000000800008FA] -> 0x0000
[250] [M]: 0x00000000800008F8 (0x00000013) addi x0, x0, 0x0                         main+248

mem[X,0x00000000800008FC] -> 0x0013
mem[X,0x00000000800008FE] -> 0x0000
[251] [M]: 0x00000000800008FC (0x00000013) addi x0, x0, 0x0                         main+252

clint mtime 0x000000000000007E (mip.MTI <- 0b1, mip.STI <- 0b0)
mem[X,0x0000000080000900] -> 0x7317
mem[X,0x0000000080000902] -> 0x0000
[252] [M]: 0x0000000080000900 (0x00007317) auipc x6, 0x7                            main+256
x6 <- 0x0000000080007900

mem[X,0x0000000080000904] -> 0x0313
mem[X,0x0000000080000906] -> 0x7003
[253] [M]: 0x0000000080000904 (0x70030313) addi x6, x6, 0x700                       main+260
x6 <- 0x0000000080008000

clint mtime 0x000000000000007F (mip.MTI <- 0b1, mip.STI <- 0b0)
mem[X,0x0000000080000908] -> 0x0001
[254] [M]: 0x0000000080000908 (0x0001) c.nop                                        main+264

mem[X,0x000000008000090A] -> 0x0013
mem[X,0x000000008000090C] -> 0x0000
[255] [M]: 0x000000008000090A (0x00000013) addi x0, x0, 0x0                         main+266

clint mtime 0x0000000000000080 (mip.MTI <- 0b1, mip.STI <- 0b0)
mem[X,0x000000008000090E] -> 0x0013
mem[X,0x0000000080000910] -> 0x0000
[256] [M]: 0x000000008000090E (0x00000013) addi x0, x0, 0x0                         main+270

mem[X,0x0000000080000912] -> 0x0013
mem[X,0x0000000080000914] -> 0x0000
[257] [M]: 0x0000000080000912 (0x00000013) addi x0, x0, 0x0                         main+274

clint mtime 0x0000000000000081 (mip.MTI <- 0b1, mip.STI <- 0b0)
mem[X,0x0000000080000916] -> 0x0013
mem[X,0x0000000080000918] -> 0x0000
[258] [M]: 0x0000000080000916 (0x00000013) addi x0, x0, 0x0                         main+278

mem[X,0x000000008000091A] -> 0x0013
mem[X,0x000000008000091C] -> 0x0000
[259] [M]: 0x000000008000091A (0x00000013) addi x0, x0, 0x0                         main+282

clint mtime 0x0000000000000082 (mip.MTI <- 0b1, mip.STI <- 0b0)
mem[X,0x000000008000091E] -> 0x0001
[260] [M]: 0x000000008000091E (0x0001) c.nop                                        main+286

mem[X,0x0000000080000920] -> 0x0293
mem[X,0x0000000080000922] -> 0x0380
[261] [M]: 0x0000000080000920 (0x03800293) addi x5, x0, 0x38                        main+288
x5 <- 0x0000000000000038

clint mtime 0x0000000000000083 (mip.MTI <- 0b1, mip.STI <- 0b0)
mem[X,0x0000000080000924] -> 0x0333
mem[X,0x0000000080000926] -> 0x0053
[262] [M]: 0x0000000080000924 (0x00530333) add x6, x6, x5                           main+292
x6 <- 0x0000000080008038

mem[X,0x0000000080000928] -> 0x3023
mem[X,0x000000008000092A] -> 0x00A3
[263] [M]: 0x0000000080000928 (0x00A33023) sd x10, 0x0(x6)                          main+296
mem[W,0x0000000080008038] <- 0x00000000000000DF

clint mtime 0x0000000000000084 (mip.MTI <- 0b1, mip.STI <- 0b0)
mem[X,0x000000008000092C] -> 0x0073
mem[X,0x000000008000092E] -> 0x1200
[264] [M]: 0x000000008000092C (0x12000073) sfence.vma x0, x0                        main+300

mem[X,0x0000000080000930] -> 0x02B7
mem[X,0x0000000080000932] -> 0x0000
[265] [M]: 0x0000000080000930 (0x000002B7) lui x5, 0x0                              main+304
x5 <- 0x0000000000000000

clint mtime 0x0000000000000085 (mip.MTI <- 0b1, mip.STI <- 0b0)
mem[X,0x0000000080000934] -> 0x8293
mem[X,0x0000000080000936] -> 0x3802
[266] [M]: 0x0000000080000934 (0x38028293) addi x5, x5, 0x380                       main+308
x5 <- 0x0000000000000380

mem[X,0x0000000080000938] -> 0x9293
mem[X,0x000000008000093A] -> 0x00B2
[267] [M]: 0x0000000080000938 (0x00B29293) slli x5, x5, 0xb                         main+312
x5 <- 0x00000000001C0000

clint mtime 0x0000000000000086 (mip.MTI <- 0b1, mip.STI <- 0b0)
mem[X,0x000000008000093C] -> 0x8293
mem[X,0x000000008000093E] -> 0x4002
[268] [M]: 0x000000008000093C (0x40028293) addi x5, x5, 0x400                       main+316
x5 <- 0x00000000001C0400

mem[X,0x0000000080000940] -> 0x9293
mem[X,0x0000000080000942] -> 0x00B2
[269] [M]: 0x0000000080000940 (0x00B29293) slli x5, x5, 0xb                         main+320
x5 <- 0x00000000E0200000

clint mtime 0x0000000000000087 (mip.MTI <- 0b1, mip.STI <- 0b0)
mem[X,0x0000000080000944] -> 0x8293
mem[X,0x0000000080000946] -> 0x0112
[270] [M]: 0x0000000080000944 (0x01128293) addi x5, x5, 0x11                        main+324
x5 <- 0x00000000E0200011

mem[X,0x0000000080000948] -> 0x9293
mem[X,0x000000008000094A] -> 0x00A2
[271] [M]: 0x0000000080000948 (0x00A29293) slli x5, x5, 0xa                         main+328
x5 <- 0x0000038080004400

clint mtime 0x0000000000000088 (mip.MTI <- 0b1, mip.STI <- 0b0)
mem[X,0x000000008000094C] -> 0x8293
mem[X,0x000000008000094E] -> 0x1302
[272] [M]: 0x000000008000094C (0x13028293) addi x5, x5, 0x130                       main+332
x5 <- 0x0000038080004530

mem[X,0x0000000080000950] -> 0x0013
mem[X,0x0000000080000952] -> 0x0000
[273] [M]: 0x0000000080000950 (0x00000013) addi x0, x0, 0x0                         main+336

clint mtime 0x0000000000000089 (mip.MTI <- 0b1, mip.STI <- 0b0)
mem[X,0x0000000080000954] -> 0x0013
mem[X,0x0000000080000956] -> 0x0000
[274] [M]: 0x0000000080000954 (0x00000013) addi x0, x0, 0x0                         main+340

mem[X,0x0000000080000958] -> 0x0013
mem[X,0x000000008000095A] -> 0x0000
[275] [M]: 0x0000000080000958 (0x00000013) addi x0, x0, 0x0                         main+344

clint mtime 0x000000000000008A (mip.MTI <- 0b1, mip.STI <- 0b0)
mem[X,0x000000008000095C] -> 0x0013
mem[X,0x000000008000095E] -> 0x0000
[276] [M]: 0x000000008000095C (0x00000013) addi x0, x0, 0x0                         main+348

mem[X,0x0000000080000960] -> 0x4317
mem[X,0x0000000080000962] -> 0x0000
[277] [M]: 0x0000000080000960 (0x00004317) auipc x6, 0x4                            main+352
x6 <- 0x0000000080004960

clint mtime 0x000000000000008B (mip.MTI <- 0b1, mip.STI <- 0b0)
mem[X,0x0000000080000964] -> 0x0313
mem[X,0x0000000080000966] -> 0xBD03
[278] [M]: 0x0000000080000964 (0xBD030313) addi x6, x6, -0x430                      main+356
x6 <- 0x0000000080004530

mem[X,0x0000000080000968] -> 0x0001
[279] [M]: 0x0000000080000968 (0x0001) c.nop                                        main+360

clint mtime 0x000000000000008C (mip.MTI <- 0b1, mip.STI <- 0b0)
mem[X,0x000000008000096A] -> 0x0013
mem[X,0x000000008000096C] -> 0x0000
[280] [M]: 0x000000008000096A (0x00000013) addi x0, x0, 0x0                         main+362

mem[X,0x000000008000096E] -> 0x0013
mem[X,0x0000000080000970] -> 0x0000
[281] [M]: 0x000000008000096E (0x00000013) addi x0, x0, 0x0                         main+366

clint mtime 0x000000000000008D (mip.MTI <- 0b1, mip.STI <- 0b0)
mem[X,0x0000000080000972] -> 0x0013
mem[X,0x0000000080000974] -> 0x0000
[282] [M]: 0x0000000080000972 (0x00000013) addi x0, x0, 0x0                         main+370

mem[X,0x0000000080000976] -> 0x0013
mem[X,0x0000000080000978] -> 0x0000
[283] [M]: 0x0000000080000976 (0x00000013) addi x0, x0, 0x0                         main+374

clint mtime 0x000000000000008E (mip.MTI <- 0b1, mip.STI <- 0b0)
mem[X,0x000000008000097A] -> 0x0013
mem[X,0x000000008000097C] -> 0x0000
[284] [M]: 0x000000008000097A (0x00000013) addi x0, x0, 0x0                         main+378

mem[X,0x000000008000097E] -> 0x0001
[285] [M]: 0x000000008000097E (0x0001) c.nop                                        main+382

clint mtime 0x000000000000008F (mip.MTI <- 0b1, mip.STI <- 0b0)
mem[X,0x0000000080000980] -> 0x82B3
mem[X,0x0000000080000982] -> 0x4062
[286] [M]: 0x0000000080000980 (0x406282B3) sub x5, x5, x6                           main+384
x5 <- 0x0000038000000000

mem[X,0x0000000080000984] -> 0x8E13
mem[X,0x0000000080000986] -> 0x2982
[287] [M]: 0x0000000080000984 (0x29828E13) addi x28, x5, 0x298                      main+388
x28 <- 0x0000038000000298

clint mtime 0x0000000000000090 (mip.MTI <- 0b1, mip.STI <- 0b0)
mem[X,0x0000000080000988] -> 0x2173
mem[X,0x000000008000098A] -> 0x3400
[288] [M]: 0x0000000080000988 (0x34002173) csrrs x2, mscratch, x0                   main+392
CSR mscratch (0x340) -> 0x0000000080004000
x2 <- 0x0000000080004000

mem[X,0x000000008000098C] -> 0x0333
mem[X,0x000000008000098E] -> 0x01C1
[289] [M]: 0x000000008000098C (0x01C10333) add x6, x2, x28                          main+396
x6 <- 0x0000038080004298

clint mtime 0x0000000000000091 (mip.MTI <- 0b1, mip.STI <- 0b0)
mem[X,0x0000000080000990] -> 0x1073
mem[X,0x0000000080000992] -> 0x1403
[290] [M]: 0x0000000080000990 (0x14031073) csrrw x0, sscratch, x6                   main+400
CSR sscratch (0x140) <- 0x0000038080004298

mem[X,0x0000000080000994] -> 0x2173
mem[X,0x0000000080000996] -> 0x3400
[291] [M]: 0x0000000080000994 (0x34002173) csrrs x2, mscratch, x0                   main+404
CSR mscratch (0x340) -> 0x0000000080004000
x2 <- 0x0000000080004000

clint mtime 0x0000000000000092 (mip.MTI <- 0b1, mip.STI <- 0b0)
mem[X,0x0000000080000998] -> 0x02B7
mem[X,0x000000008000099A] -> 0x0000
[292] [M]: 0x0000000080000998 (0x000002B7) lui x5, 0x0                              main+408
x5 <- 0x0000000000000000

mem[X,0x000000008000099C] -> 0x8293
mem[X,0x000000008000099E] -> 0x3002
[293] [M]: 0x000000008000099C (0x30028293) addi x5, x5, 0x300                       main+412
x5 <- 0x0000000000000300

clint mtime 0x0000000000000093 (mip.MTI <- 0b1, mip.STI <- 0b0)
mem[X,0x00000000800009A0] -> 0x9293
mem[X,0x00000000800009A2] -> 0x00B2
[294] [M]: 0x00000000800009A0 (0x00B29293) slli x5, x5, 0xb                         main+416
x5 <- 0x0000000000180000

mem[X,0x00000000800009A4] -> 0x8293
mem[X,0x00000000800009A6] -> 0x4002
[295] [M]: 0x00000000800009A4 (0x40028293) addi x5, x5, 0x400                       main+420
x5 <- 0x0000000000180400

clint mtime 0x0000000000000094 (mip.MTI <- 0b1, mip.STI <- 0b0)
mem[X,0x00000000800009A8] -> 0x9293
mem[X,0x00000000800009AA] -> 0x00B2
[296] [M]: 0x00000000800009A8 (0x00B29293) slli x5, x5, 0xb                         main+424
x5 <- 0x00000000C0200000

mem[X,0x00000000800009AC] -> 0x8293
mem[X,0x00000000800009AE] -> 0x0012
[297] [M]: 0x00000000800009AC (0x00128293) addi x5, x5, 0x1                         main+428
x5 <- 0x00000000C0200001

clint mtime 0x0000000000000095 (mip.MTI <- 0b1, mip.STI <- 0b0)
mem[X,0x00000000800009B0] -> 0x9293
mem[X,0x00000000800009B2] -> 0x00A2
[298] [M]: 0x00000000800009B0 (0x00A29293) slli x5, x5, 0xa                         main+432
x5 <- 0x0000030080000400

mem[X,0x00000000800009B4] -> 0x8293
mem[X,0x00000000800009B6] -> 0x3BC2
[299] [M]: 0x00000000800009B4 (0x3BC28293) addi x5, x5, 0x3bc                       main+436
x5 <- 0x00000300800007BC

clint mtime 0x0000000000000096 (mip.MTI <- 0b1, mip.STI <- 0b0)
mem[X,0x00000000800009B8] -> 0x0013
mem[X,0x00000000800009BA] -> 0x0000
[300] [M]: 0x00000000800009B8 (0x00000013) addi x0, x0, 0x0                         main+440

mem[X,0x00000000800009BC] -> 0x0013
mem[X,0x00000000800009BE] -> 0x0000
[301] [M]: 0x00000000800009BC (0x00000013) addi x0, x0, 0x0                         main+444

clint mtime 0x0000000000000097 (mip.MTI <- 0b1, mip.STI <- 0b0)
mem[X,0x00000000800009C0] -> 0x0317
mem[X,0x00000000800009C2] -> 0x0000
[302] [M]: 0x00000000800009C0 (0x00000317) auipc x6, 0x0                            main+448
x6 <- 0x00000000800009C0

mem[X,0x00000000800009C4] -> 0x0313
mem[X,0x00000000800009C6] -> 0xE143
[303] [M]: 0x00000000800009C4 (0xE1430313) addi x6, x6, -0x1ec                      main+452
x6 <- 0x00000000800007D4

clint mtime 0x0000000000000098 (mip.MTI <- 0b1, mip.STI <- 0b0)
mem[X,0x00000000800009C8] -> 0x0001
[304] [M]: 0x00000000800009C8 (0x0001) c.nop                                        main+456

mem[X,0x00000000800009CA] -> 0x0013
mem[X,0x00000000800009CC] -> 0x0000
[305] [M]: 0x00000000800009CA (0x00000013) addi x0, x0, 0x0                         main+458

clint mtime 0x0000000000000099 (mip.MTI <- 0b1, mip.STI <- 0b0)
mem[X,0x00000000800009CE] -> 0x0013
mem[X,0x00000000800009D0] -> 0x0000
[306] [M]: 0x00000000800009CE (0x00000013) addi x0, x0, 0x0                         main+462

mem[X,0x00000000800009D2] -> 0x0013
mem[X,0x00000000800009D4] -> 0x0000
[307] [M]: 0x00000000800009D2 (0x00000013) addi x0, x0, 0x0                         main+466

clint mtime 0x000000000000009A (mip.MTI <- 0b1, mip.STI <- 0b0)
mem[X,0x00000000800009D6] -> 0x0013
mem[X,0x00000000800009D8] -> 0x0000
[308] [M]: 0x00000000800009D6 (0x00000013) addi x0, x0, 0x0                         main+470

mem[X,0x00000000800009DA] -> 0x0013
mem[X,0x00000000800009DC] -> 0x0000
[309] [M]: 0x00000000800009DA (0x00000013) addi x0, x0, 0x0                         main+474

clint mtime 0x000000000000009B (mip.MTI <- 0b1, mip.STI <- 0b0)
mem[X,0x00000000800009DE] -> 0x0001
[310] [M]: 0x00000000800009DE (0x0001) c.nop                                        main+478

mem[X,0x00000000800009E0] -> 0x82B3
mem[X,0x00000000800009E2] -> 0x4062
[311] [M]: 0x00000000800009E0 (0x406282B3) sub x5, x5, x6                           main+480
x5 <- 0x000002FFFFFFFFE8

clint mtime 0x000000000000009C (mip.MTI <- 0b1, mip.STI <- 0b0)
mem[X,0x00000000800009E4] -> 0x3303
mem[X,0x00000000800009E6] -> 0x1D81
[312] [M]: 0x00000000800009E4 (0x1D813303) ld x6, 0x1d8(x2)                         main+484
mem[R,0x00000000800041D8] -> 0x00000000800007D4
x6 <- 0x00000000800007D4

mem[X,0x00000000800009E8] -> 0x03B3
mem[X,0x00000000800009EA] -> 0x0053
[313] [M]: 0x00000000800009E8 (0x005303B3) add x7, x6, x5                           main+488
x7 <- 0x00000300800007BC

clint mtime 0x000000000000009D (mip.MTI <- 0b1, mip.STI <- 0b0)
mem[X,0x00000000800009EC] -> 0x3823
mem[X,0x00000000800009EE] -> 0x4671
[314] [M]: 0x00000000800009EC (0x46713823) sd x7, 0x470(x2)                         main+492
mem[W,0x0000000080004470] <- 0x00000300800007BC

mem[X,0x00000000800009F0] -> 0x02B7
mem[X,0x00000000800009F2] -> 0x0000
[315] [M]: 0x00000000800009F0 (0x000002B7) lui x5, 0x0                              main+496
x5 <- 0x0000000000000000

clint mtime 0x000000000000009E (mip.MTI <- 0b1, mip.STI <- 0b0)
mem[X,0x00000000800009F4] -> 0x8293
mem[X,0x00000000800009F6] -> 0x3802
[316] [M]: 0x00000000800009F4 (0x38028293) addi x5, x5, 0x380                       main+500
x5 <- 0x0000000000000380

mem[X,0x00000000800009F8] -> 0x9293
mem[X,0x00000000800009FA] -> 0x00B2
[317] [M]: 0x00000000800009F8 (0x00B29293) slli x5, x5, 0xb                         main+504
x5 <- 0x00000000001C0000

clint mtime 0x000000000000009F (mip.MTI <- 0b1, mip.STI <- 0b0)
mem[X,0x00000000800009FC] -> 0x8293
mem[X,0x00000000800009FE] -> 0x4002
[318] [M]: 0x00000000800009FC (0x40028293) addi x5, x5, 0x400                       main+508
x5 <- 0x00000000001C0400

mem[X,0x0000000080000A00] -> 0x9293
mem[X,0x0000000080000A02] -> 0x00B2
[319] [M]: 0x0000000080000A00 (0x00B29293) slli x5, x5, 0xb                         main+512
x5 <- 0x00000000E0200000

clint mtime 0x00000000000000A0 (mip.MTI <- 0b1, mip.STI <- 0b0)
mem[X,0x0000000080000A04] -> 0x8293
mem[X,0x0000000080000A06] -> 0x0112
[320] [M]: 0x0000000080000A04 (0x01128293) addi x5, x5, 0x11                        main+516
x5 <- 0x00000000E0200011

mem[X,0x0000000080000A08] -> 0x9293
mem[X,0x0000000080000A0A] -> 0x00A2
[321] [M]: 0x0000000080000A08 (0x00A29293) slli x5, x5, 0xa                         main+520
x5 <- 0x0000038080004400

clint mtime 0x00000000000000A1 (mip.MTI <- 0b1, mip.STI <- 0b0)
mem[X,0x0000000080000A0C] -> 0x8293
mem[X,0x0000000080000A0E] -> 0x1302
[322] [M]: 0x0000000080000A0C (0x13028293) addi x5, x5, 0x130                       main+524
x5 <- 0x0000038080004530

mem[X,0x0000000080000A10] -> 0x0013
mem[X,0x0000000080000A12] -> 0x0000
[323] [M]: 0x0000000080000A10 (0x00000013) addi x0, x0, 0x0                         main+528

clint mtime 0x00000000000000A2 (mip.MTI <- 0b1, mip.STI <- 0b0)
mem[X,0x0000000080000A14] -> 0x0013
mem[X,0x0000000080000A16] -> 0x0000
[324] [M]: 0x0000000080000A14 (0x00000013) addi x0, x0, 0x0                         main+532

mem[X,0x0000000080000A18] -> 0x0013
mem[X,0x0000000080000A1A] -> 0x0000
[325] [M]: 0x0000000080000A18 (0x00000013) addi x0, x0, 0x0                         main+536

clint mtime 0x00000000000000A3 (mip.MTI <- 0b1, mip.STI <- 0b0)
mem[X,0x0000000080000A1C] -> 0x0013
mem[X,0x0000000080000A1E] -> 0x0000
[326] [M]: 0x0000000080000A1C (0x00000013) addi x0, x0, 0x0                         main+540

mem[X,0x0000000080000A20] -> 0x4317
mem[X,0x0000000080000A22] -> 0x0000
[327] [M]: 0x0000000080000A20 (0x00004317) auipc x6, 0x4                            main+544
x6 <- 0x0000000080004A20

clint mtime 0x00000000000000A4 (mip.MTI <- 0b1, mip.STI <- 0b0)
mem[X,0x0000000080000A24] -> 0x0313
mem[X,0x0000000080000A26] -> 0xB103
[328] [M]: 0x0000000080000A24 (0xB1030313) addi x6, x6, -0x4f0                      main+548
x6 <- 0x0000000080004530

mem[X,0x0000000080000A28] -> 0x0001
[329] [M]: 0x0000000080000A28 (0x0001) c.nop                                        main+552

clint mtime 0x00000000000000A5 (mip.MTI <- 0b1, mip.STI <- 0b0)
mem[X,0x0000000080000A2A] -> 0x0013
mem[X,0x0000000080000A2C] -> 0x0000
[330] [M]: 0x0000000080000A2A (0x00000013) addi x0, x0, 0x0                         main+554

mem[X,0x0000000080000A2E] -> 0x0013
mem[X,0x0000000080000A30] -> 0x0000
[331] [M]: 0x0000000080000A2E (0x00000013) addi x0, x0, 0x0                         main+558

clint mtime 0x00000000000000A6 (mip.MTI <- 0b1, mip.STI <- 0b0)
mem[X,0x0000000080000A32] -> 0x0013
mem[X,0x0000000080000A34] -> 0x0000
[332] [M]: 0x0000000080000A32 (0x00000013) addi x0, x0, 0x0                         main+562

mem[X,0x0000000080000A36] -> 0x0013
mem[X,0x0000000080000A38] -> 0x0000
[333] [M]: 0x0000000080000A36 (0x00000013) addi x0, x0, 0x0                         main+566

clint mtime 0x00000000000000A7 (mip.MTI <- 0b1, mip.STI <- 0b0)
mem[X,0x0000000080000A3A] -> 0x0013
mem[X,0x0000000080000A3C] -> 0x0000
[334] [M]: 0x0000000080000A3A (0x00000013) addi x0, x0, 0x0                         main+570

mem[X,0x0000000080000A3E] -> 0x0001
[335] [M]: 0x0000000080000A3E (0x0001) c.nop                                        main+574

clint mtime 0x00000000000000A8 (mip.MTI <- 0b1, mip.STI <- 0b0)
mem[X,0x0000000080000A40] -> 0x82B3
mem[X,0x0000000080000A42] -> 0x4062
[336] [M]: 0x0000000080000A40 (0x406282B3) sub x5, x5, x6                           main+576
x5 <- 0x0000038000000000

mem[X,0x0000000080000A44] -> 0x3303
mem[X,0x0000000080000A46] -> 0x1E81
[337] [M]: 0x0000000080000A44 (0x1E813303) ld x6, 0x1e8(x2)                         main+580
mem[R,0x00000000800041E8] -> 0x0000000080004530
x6 <- 0x0000000080004530

clint mtime 0x00000000000000A9 (mip.MTI <- 0b1, mip.STI <- 0b0)
mem[X,0x0000000080000A48] -> 0x03B3
mem[X,0x0000000080000A4A] -> 0x0053
[338] [M]: 0x0000000080000A48 (0x005303B3) add x7, x6, x5                           main+584
x7 <- 0x0000038080004530

mem[X,0x0000000080000A4C] -> 0x3023
mem[X,0x0000000080000A4E] -> 0x4871
[339] [M]: 0x0000000080000A4C (0x48713023) sd x7, 0x480(x2)                         main+588
mem[W,0x0000000080004480] <- 0x0000038080004530

clint mtime 0x00000000000000AA (mip.MTI <- 0b1, mip.STI <- 0b0)
mem[X,0x0000000080000A50] -> 0x0013
mem[X,0x0000000080000A52] -> 0x0000
[340] [M]: 0x0000000080000A50 (0x00000013) addi x0, x0, 0x0                         main+592

mem[X,0x0000000080000A54] -> 0x0013
mem[X,0x0000000080000A56] -> 0x0000
[341] [M]: 0x0000000080000A54 (0x00000013) addi x0, x0, 0x0                         main+596

clint mtime 0x00000000000000AB (mip.MTI <- 0b1, mip.STI <- 0b0)
mem[X,0x0000000080000A58] -> 0x0013
mem[X,0x0000000080000A5A] -> 0x0000
[342] [M]: 0x0000000080000A58 (0x00000013) addi x0, x0, 0x0                         main+600

mem[X,0x0000000080000A5C] -> 0x0013
mem[X,0x0000000080000A5E] -> 0x0000
[343] [M]: 0x0000000080000A5C (0x00000013) addi x0, x0, 0x0                         main+604

clint mtime 0x00000000000000AC (mip.MTI <- 0b1, mip.STI <- 0b0)
mem[X,0x0000000080000A60] -> 0x7F97
mem[X,0x0000000080000A62] -> 0x0000
[344] [M]: 0x0000000080000A60 (0x00007F97) auipc x31, 0x7                           main+608
x31 <- 0x0000000080007A60

mem[X,0x0000000080000A64] -> 0x8F93
mem[X,0x0000000080000A66] -> 0x5A0F
[345] [M]: 0x0000000080000A64 (0x5A0F8F93) addi x31, x31, 0x5a0                     main+612
x31 <- 0x0000000080008000

clint mtime 0x00000000000000AD (mip.MTI <- 0b1, mip.STI <- 0b0)
mem[X,0x0000000080000A68] -> 0x0001
[346] [M]: 0x0000000080000A68 (0x0001) c.nop                                        main+616

mem[X,0x0000000080000A6A] -> 0x0013
mem[X,0x0000000080000A6C] -> 0x0000
[347] [M]: 0x0000000080000A6A (0x00000013) addi x0, x0, 0x0                         main+618

clint mtime 0x00000000000000AE (mip.MTI <- 0b1, mip.STI <- 0b0)
mem[X,0x0000000080000A6E] -> 0x0013
mem[X,0x0000000080000A70] -> 0x0000
[348] [M]: 0x0000000080000A6E (0x00000013) addi x0, x0, 0x0                         main+622

mem[X,0x0000000080000A72] -> 0x0013
mem[X,0x0000000080000A74] -> 0x0000
[349] [M]: 0x0000000080000A72 (0x00000013) addi x0, x0, 0x0                         main+626

clint mtime 0x00000000000000AF (mip.MTI <- 0b1, mip.STI <- 0b0)
mem[X,0x0000000080000A76] -> 0x0013
mem[X,0x0000000080000A78] -> 0x0000
[350] [M]: 0x0000000080000A76 (0x00000013) addi x0, x0, 0x0                         main+630

mem[X,0x0000000080000A7A] -> 0x0013
mem[X,0x0000000080000A7C] -> 0x0000
[351] [M]: 0x0000000080000A7A (0x00000013) addi x0, x0, 0x0                         main+634

clint mtime 0x00000000000000B0 (mip.MTI <- 0b1, mip.STI <- 0b0)
mem[X,0x0000000080000A7E] -> 0x0001
[352] [M]: 0x0000000080000A7E (0x0001) c.nop                                        main+638

mem[X,0x0000000080000A80] -> 0x0F13
mem[X,0x0000000080000A82] -> 0x0090
[353] [M]: 0x0000000080000A80 (0x00900F13) addi x30, x0, 0x9                        main+640
x30 <- 0x0000000000000009

clint mtime 0x00000000000000B1 (mip.MTI <- 0b1, mip.STI <- 0b0)
mem[X,0x0000000080000A84] -> 0x1F13
mem[X,0x0000000080000A86] -> 0x03CF
[354] [M]: 0x0000000080000A84 (0x03CF1F13) slli x30, x30, 0x3c                      main+644
x30 <- 0x9000000000000000

mem[X,0x0000000080000A88] -> 0xDF93
mem[X,0x0000000080000A8A] -> 0x00CF
[355] [M]: 0x0000000080000A88 (0x00CFDF93) srli x31, x31, 0xc                       main+648
x31 <- 0x0000000000080008

clint mtime 0x00000000000000B2 (mip.MTI <- 0b1, mip.STI <- 0b0)
mem[X,0x0000000080000A8C] -> 0xEFB3
mem[X,0x0000000080000A8E] -> 0x01EF
[356] [M]: 0x0000000080000A8C (0x01EFEFB3) or x31, x31, x30                         main+652
x31 <- 0x9000000000080008

mem[X,0x0000000080000A90] -> 0x9073
mem[X,0x0000000080000A92] -> 0x180F
[357] [M]: 0x0000000080000A90 (0x180F9073) csrrw x0, satp, x31                      main+656
CSR satp (0x180) <- 0x9000000000080008

clint mtime 0x00000000000000B3 (mip.MTI <- 0b1, mip.STI <- 0b0)
mem[X,0x0000000080000A94] -> 0x0073
mem[X,0x0000000080000A96] -> 0x1200
[358] [M]: 0x0000000080000A94 (0x12000073) sfence.vma x0, x0                        main+660

mem[X,0x0000000080000A98] -> 0x0013
mem[X,0x0000000080000A9A] -> 0x0000
[359] [M]: 0x0000000080000A98 (0x00000013) addi x0, x0, 0x0                         main+664

clint mtime 0x00000000000000B4 (mip.MTI <- 0b1, mip.STI <- 0b0)
mem[X,0x0000000080000A9C] -> 0x0013
mem[X,0x0000000080000A9E] -> 0x0000
[360] [M]: 0x0000000080000A9C (0x00000013) addi x0, x0, 0x0                         main+668

mem[X,0x0000000080000AA0] -> 0x051B
mem[X,0x0000000080000AA2] -> 0x0000
[361] [M]: 0x0000000080000AA0 (0x0000051B) addiw x10, x0, 0x0                       main+672
x10 <- 0x0000000000000000

clint mtime 0x00000000000000B5 (mip.MTI <- 0b1, mip.STI <- 0b0)
mem[X,0x0000000080000AA4] -> 0x0001
[362] [M]: 0x0000000080000AA4 (0x0001) c.nop                                        main+676

mem[X,0x0000000080000AA6] -> 0x0013
mem[X,0x0000000080000AA8] -> 0x0000
[363] [M]: 0x0000000080000AA6 (0x00000013) addi x0, x0, 0x0                         main+678

clint mtime 0x00000000000000B6 (mip.MTI <- 0b1, mip.STI <- 0b0)
mem[X,0x0000000080000AAA] -> 0x0013
mem[X,0x0000000080000AAC] -> 0x0000
[364] [M]: 0x0000000080000AAA (0x00000013) addi x0, x0, 0x0                         main+682

mem[X,0x0000000080000AAE] -> 0x0013
mem[X,0x0000000080000AB0] -> 0x0000
[365] [M]: 0x0000000080000AAE (0x00000013) addi x0, x0, 0x0                         main+686

clint mtime 0x00000000000000B7 (mip.MTI <- 0b1, mip.STI <- 0b0)
mem[X,0x0000000080000AB2] -> 0x0013
mem[X,0x0000000080000AB4] -> 0x0000
[366] [M]: 0x0000000080000AB2 (0x00000013) addi x0, x0, 0x0                         main+690

mem[X,0x0000000080000AB6] -> 0x0013
mem[X,0x0000000080000AB8] -> 0x0000
[367] [M]: 0x0000000080000AB6 (0x00000013) addi x0, x0, 0x0                         main+694

clint mtime 0x00000000000000B8 (mip.MTI <- 0b1, mip.STI <- 0b0)
mem[X,0x0000000080000ABA] -> 0x0013
mem[X,0x0000000080000ABC] -> 0x0000
[368] [M]: 0x0000000080000ABA (0x00000013) addi x0, x0, 0x0                         main+698

mem[X,0x0000000080000ABE] -> 0x0001
[369] [M]: 0x0000000080000ABE (0x0001) c.nop                                        main+702

clint mtime 0x00000000000000B9 (mip.MTI <- 0b1, mip.STI <- 0b0)
mem[X,0x0000000080000AC0] -> 0x0593
mem[X,0x0000000080000AC2] -> 0x0DE0
[370] [M]: 0x0000000080000AC0 (0x0DE00593) addi x11, x0, 0xde                       main+704
x11 <- 0x00000000000000DE

mem[X,0x0000000080000AC4] -> 0x5513
mem[X,0x0000000080000AC6] -> 0x00C5
[371] [M]: 0x0000000080000AC4 (0x00C55513) srli x10, x10, 0xc                       main+708
x10 <- 0x0000000000000000

clint mtime 0x00000000000000BA (mip.MTI <- 0b1, mip.STI <- 0b0)
mem[X,0x0000000080000AC8] -> 0x1513
mem[X,0x0000000080000ACA] -> 0x00A5
[372] [M]: 0x0000000080000AC8 (0x00A51513) slli x10, x10, 0xa                       main+712
x10 <- 0x0000000000000000

mem[X,0x0000000080000ACC] -> 0x6533
mem[X,0x0000000080000ACE] -> 0x00B5
[373] [M]: 0x0000000080000ACC (0x00B56533) or x10, x10, x11                         main+716
x10 <- 0x00000000000000DE

clint mtime 0x00000000000000BB (mip.MTI <- 0b1, mip.STI <- 0b0)
mem[X,0x0000000080000AD0] -> 0x0013
mem[X,0x0000000080000AD2] -> 0x0000
[374] [M]: 0x0000000080000AD0 (0x00000013) addi x0, x0, 0x0                         main+720

mem[X,0x0000000080000AD4] -> 0x0013
mem[X,0x0000000080000AD6] -> 0x0000
[375] [M]: 0x0000000080000AD4 (0x00000013) addi x0, x0, 0x0                         main+724

clint mtime 0x00000000000000BC (mip.MTI <- 0b1, mip.STI <- 0b0)
mem[X,0x0000000080000AD8] -> 0x0013
mem[X,0x0000000080000ADA] -> 0x0000
[376] [M]: 0x0000000080000AD8 (0x00000013) addi x0, x0, 0x0                         main+728

mem[X,0x0000000080000ADC] -> 0x0013
mem[X,0x0000000080000ADE] -> 0x0000
[377] [M]: 0x0000000080000ADC (0x00000013) addi x0, x0, 0x0                         main+732

clint mtime 0x00000000000000BD (mip.MTI <- 0b1, mip.STI <- 0b0)
mem[X,0x0000000080000AE0] -> 0x7317
mem[X,0x0000000080000AE2] -> 0x0000
[378] [M]: 0x0000000080000AE0 (0x00007317) auipc x6, 0x7                            main+736
x6 <- 0x0000000080007AE0

mem[X,0x0000000080000AE4] -> 0x0313
mem[X,0x0000000080000AE6] -> 0x5203
[379] [M]: 0x0000000080000AE4 (0x52030313) addi x6, x6, 0x520                       main+740
x6 <- 0x0000000080008000

clint mtime 0x00000000000000BE (mip.MTI <- 0b1, mip.STI <- 0b0)
mem[X,0x0000000080000AE8] -> 0x0001
[380] [M]: 0x0000000080000AE8 (0x0001) c.nop                                        main+744

mem[X,0x0000000080000AEA] -> 0x0013
mem[X,0x0000000080000AEC] -> 0x0000
[381] [M]: 0x0000000080000AEA (0x00000013) addi x0, x0, 0x0                         main+746

clint mtime 0x00000000000000BF (mip.MTI <- 0b1, mip.STI <- 0b0)
mem[X,0x0000000080000AEE] -> 0x0013
mem[X,0x0000000080000AF0] -> 0x0000
[382] [M]: 0x0000000080000AEE (0x00000013) addi x0, x0, 0x0                         main+750

mem[X,0x0000000080000AF2] -> 0x0013
mem[X,0x0000000080000AF4] -> 0x0000
[383] [M]: 0x0000000080000AF2 (0x00000013) addi x0, x0, 0x0                         main+754

clint mtime 0x00000000000000C0 (mip.MTI <- 0b1, mip.STI <- 0b0)
mem[X,0x0000000080000AF6] -> 0x0013
mem[X,0x0000000080000AF8] -> 0x0000
[384] [M]: 0x0000000080000AF6 (0x00000013) addi x0, x0, 0x0                         main+758

mem[X,0x0000000080000AFA] -> 0x0013
mem[X,0x0000000080000AFC] -> 0x0000
[385] [M]: 0x0000000080000AFA (0x00000013) addi x0, x0, 0x0                         main+762

clint mtime 0x00000000000000C1 (mip.MTI <- 0b1, mip.STI <- 0b0)
mem[X,0x0000000080000AFE] -> 0x0001
[386] [M]: 0x0000000080000AFE (0x0001) c.nop                                        main+766

mem[X,0x0000000080000B00] -> 0x0293
mem[X,0x0000000080000B02] -> 0x0280
[387] [M]: 0x0000000080000B00 (0x02800293) addi x5, x0, 0x28                        main+768
x5 <- 0x0000000000000028

clint mtime 0x00000000000000C2 (mip.MTI <- 0b1, mip.STI <- 0b0)
mem[X,0x0000000080000B04] -> 0x0333
mem[X,0x0000000080000B06] -> 0x0053
[388] [M]: 0x0000000080000B04 (0x00530333) add x6, x6, x5                           main+772
x6 <- 0x0000000080008028

mem[X,0x0000000080000B08] -> 0x3023
mem[X,0x0000000080000B0A] -> 0x00A3
[389] [M]: 0x0000000080000B08 (0x00A33023) sd x10, 0x0(x6)                          main+776
mem[W,0x0000000080008028] <- 0x00000000000000DE

clint mtime 0x00000000000000C3 (mip.MTI <- 0b1, mip.STI <- 0b0)
mem[X,0x0000000080000B0C] -> 0x0073
mem[X,0x0000000080000B0E] -> 0x1200
[390] [M]: 0x0000000080000B0C (0x12000073) sfence.vma x0, x0                        main+780

mem[X,0x0000000080000B10] -> 0x0493
mem[X,0x0000000080000B12] -> 0x0010
[391] [M]: 0x0000000080000B10 (0x00100493) addi x9, x0, 0x1                         main+784
x9 <- 0x0000000000000001

clint mtime 0x00000000000000C4 (mip.MTI <- 0b1, mip.STI <- 0b0)
mem[X,0x0000000080000B14] -> 0x9493
mem[X,0x0000000080000B16] -> 0x00B4
[392] [M]: 0x0000000080000B14 (0x00B49493) slli x9, x9, 0xb                         main+788
x9 <- 0x0000000000000800

mem[X,0x0000000080000B18] -> 0xB073
mem[X,0x0000000080000B1A] -> 0x3004
[393] [M]: 0x0000000080000B18 (0x3004B073) csrrc x0, mstatus, x9                    main+792
CSR mstatus (0x300) <- 0x0000000A00000000

clint mtime 0x00000000000000C5 (mip.MTI <- 0b1, mip.STI <- 0b0)
mem[X,0x0000000080000B1C] -> 0x23F3
mem[X,0x0000000080000B1E] -> 0x3400
[394] [M]: 0x0000000080000B1C (0x340023F3) csrrs x7, mscratch, x0                   main+796
CSR mscratch (0x340) -> 0x0000000080004000
x7 <- 0x0000000080004000

mem[X,0x0000000080000B20] -> 0xB303
mem[X,0x0000000080000B22] -> 0x4703
[395] [M]: 0x0000000080000B20 (0x4703B303) ld x6, 0x470(x7)                         main+800
mem[R,0x0000000080004470] -> 0x00000300800007BC
x6 <- 0x00000300800007BC

clint mtime 0x00000000000000C6 (mip.MTI <- 0b1, mip.STI <- 0b0)
mem[X,0x0000000080000B24] -> 0xB483
mem[X,0x0000000080000B26] -> 0x1D83
[396] [M]: 0x0000000080000B24 (0x1D83B483) ld x9, 0x1d8(x7)                         main+804
mem[R,0x00000000800041D8] -> 0x00000000800007D4
x9 <- 0x00000000800007D4

mem[X,0x0000000080000B28] -> 0x0333
mem[X,0x0000000080000B2A] -> 0x4093
[397] [M]: 0x0000000080000B28 (0x40930333) sub x6, x6, x9                           main+808
x6 <- 0x000002FFFFFFFFE8

clint mtime 0x00000000000000C7 (mip.MTI <- 0b1, mip.STI <- 0b0)
mem[X,0x0000000080000B2C] -> 0x0313
mem[X,0x0000000080000B2E] -> 0x0103
[398] [M]: 0x0000000080000B2C (0x01030313) addi x6, x6, 0x10                        main+812
x6 <- 0x000002FFFFFFFFF8

mem[X,0x0000000080000B30] -> 0x0497
mem[X,0x0000000080000B32] -> 0x0000
[399] [M]: 0x0000000080000B30 (0x00000497) auipc x9, 0x0                            main+816
x9 <- 0x0000000080000B30

clint mtime 0x00000000000000C8 (mip.MTI <- 0b1, mip.STI <- 0b0)
mem[X,0x0000000080000B34] -> 0x84B3
mem[X,0x0000000080000B36] -> 0x0064
[400] [M]: 0x0000000080000B34 (0x006484B3) add x9, x9, x6                           main+820
x9 <- 0x0000030080000B28

mem[X,0x0000000080000B38] -> 0x94F3
mem[X,0x0000000080000B3A] -> 0x3414
[401] [M]: 0x0000000080000B38 (0x341494F3) csrrw x9, mepc, x9                       main+824
CSR mepc (0x341) <- 0x0000030080000B28
x9 <- 0x0000000000000000

clint mtime 0x00000000000000C9 (mip.MTI <- 0b1, mip.STI <- 0b0)
mem[X,0x0000000080000B3C] -> 0x0073
mem[X,0x0000000080000B3E] -> 0x3020
[402] [M]: 0x0000000080000B3C (0x30200073) mret                                     main+828
CSR mstatus (0x300) <- 0x0000000A00000080
ret-ing from M to U

PTW: Start, vpn=0x30080000, access_type=X, privilege=Umem[R,0x0000000080008030] -> 0x00000000000000DB
PTW: Step, level=3, pte=0xDB, pte_addr=0x80008030
PTW: Success, final_ppn=0x80000, level=3mem[X,0x0000000080000B28] -> 0x0333
mem[X,0x0000000080000B2A] -> 0x4093
[403] [U]: 0x0000030080000B28 (0x40930333) sub x6, x6, x9                           va_rvtest_code_begin+876
x6 <- 0x000002FFFFFFFFF8

clint mtime 0x00000000000000CA (mip.MTI <- 0b1, mip.STI <- 0b0)
mem[X,0x0000000080000B2C] -> 0x0313
mem[X,0x0000000080000B2E] -> 0x0103
[404] [U]: 0x0000030080000B2C (0x01030313) addi x6, x6, 0x10                        va_rvtest_code_begin+880
x6 <- 0x0000030000000008

mem[X,0x0000000080000B30] -> 0x0497
mem[X,0x0000000080000B32] -> 0x0000
[405] [U]: 0x0000030080000B30 (0x00000497) auipc x9, 0x0                            va_rvtest_code_begin+884
x9 <- 0x0000030080000B30

clint mtime 0x00000000000000CB (mip.MTI <- 0b1, mip.STI <- 0b0)
mem[X,0x0000000080000B34] -> 0x84B3
mem[X,0x0000000080000B36] -> 0x0064
[406] [U]: 0x0000030080000B34 (0x006484B3) add x9, x9, x6                           va_rvtest_code_begin+888
x9 <- 0x0000060080000B38

mem[X,0x0000000080000B38] -> 0x94F3
mem[X,0x0000000080000B3A] -> 0x3414
[407] [U]: 0x0000030080000B38 (0x341494F3) csrrw x9, mepc, x9                       va_rvtest_code_begin+892
trapping from U to M to handle illegal-instruction
handling exc#illegal-instruction at priv M with tval 0x00000000341494F3
CSR mstatus (0x300) <- 0x0000000A00000000
CSR mcause (0x342) <- 0x0000000000000002
CSR mtval (0x343) <- 0x00000000341494F3
CSR mepc (0x341) <- 0x0000030080000B38

clint mtime 0x00000000000000CC (mip.MTI <- 0b1, mip.STI <- 0b0)
mem[X,0x0000000080001380] -> 0x006F
mem[X,0x0000000080001382] -> 0x1000
[408] [M]: 0x0000000080001380 (0x1000006F) jal x0, 0x100                            Mtrampoline+0

mem[X,0x0000000080001480] -> 0x1173
mem[X,0x0000000080001482] -> 0x3401
[409] [M]: 0x0000000080001480 (0x34011173) csrrw x2, mscratch, x2                   trap_Mhandler+0
CSR mscratch (0x340) <- 0x0000000080004000
x2 <- 0x0000000080004000

clint mtime 0x00000000000000CD (mip.MTI <- 0b1, mip.STI <- 0b0)
mem[X,0x0000000080001484] -> 0x3423
mem[X,0x0000000080001486] -> 0x28B1
[410] [M]: 0x0000000080001484 (0x28B13423) sd x11, 0x288(x2)                        trap_Mhandler+4
mem[W,0x0000000080004288] <- 0x00000000000000DE

mem[X,0x0000000080001488] -> 0x05EF
mem[X,0x000000008000148A] -> 0x0B80
[411] [M]: 0x0000000080001488 (0x0B8005EF) jal x11, 0xb8                            trap_Mhandler+8
x11 <- 0x000000008000148C

clint mtime 0x00000000000000CE (mip.MTI <- 0b1, mip.STI <- 0b0)
mem[X,0x0000000080001540] -> 0x3023
mem[X,0x0000000080001542] -> 0x28A1
[412] [M]: 0x0000000080001540 (0x28A13023) sd x10, 0x280(x2)                        common_Mhandler+0
mem[W,0x0000000080004280] <- 0x00000000000000DE

mem[X,0x0000000080001544] -> 0x1573
mem[X,0x0000000080001546] -> 0x3401
[413] [M]: 0x0000000080001544 (0x34011573) csrrw x10, mscratch, x2                  common_Mhandler+4
CSR mscratch (0x340) <- 0x0000000080004000
x10 <- 0x0000000080004000

clint mtime 0x00000000000000CF (mip.MTI <- 0b1, mip.STI <- 0b0)
mem[X,0x0000000080001548] -> 0x3823
mem[X,0x000000008000154A] -> 0x28A1
[414] [M]: 0x0000000080001548 (0x28A13823) sd x10, 0x290(x2)                        common_Mhandler+8
mem[W,0x0000000080004290] <- 0x0000000080004000

mem[X,0x000000008000154C] -> 0x3503
mem[X,0x000000008000154E] -> 0x2301
[415] [M]: 0x000000008000154C (0x23013503) ld x10, 0x230(x2)                        common_Mhandler+12
mem[R,0x0000000080004230] -> 0x0000000080001554
x10 <- 0x0000000080001554

clint mtime 0x00000000000000D0 (mip.MTI <- 0b1, mip.STI <- 0b0)
mem[X,0x0000000080001550] -> 0x0067
mem[X,0x0000000080001552] -> 0x0005
[416] [M]: 0x0000000080001550 (0x00050067) jalr x0, 0x0(x10)                        common_Mhandler+16

mem[X,0x0000000080001554] -> 0x3C23
mem[X,0x0000000080001556] -> 0x2691
[417] [M]: 0x0000000080001554 (0x26913C23) sd x9, 0x278(x2)                         common_Mentry+0
mem[W,0x0000000080004278] <- 0x0000060080000B38

clint mtime 0x00000000000000D1 (mip.MTI <- 0b1, mip.STI <- 0b0)
mem[X,0x0000000080001558] -> 0x3823
mem[X,0x000000008000155A] -> 0x2681
[418] [M]: 0x0000000080001558 (0x26813823) sd x8, 0x270(x2)                         common_Mentry+4
mem[W,0x0000000080004270] <- 0x0000000000007F76

mem[X,0x000000008000155C] -> 0x3423
mem[X,0x000000008000155E] -> 0x2671
[419] [M]: 0x000000008000155C (0x26713423) sd x7, 0x268(x2)                         common_Mentry+8
mem[W,0x0000000080004268] <- 0x0000000080004000

clint mtime 0x00000000000000D2 (mip.MTI <- 0b1, mip.STI <- 0b0)
mem[X,0x0000000080001560] -> 0x3023
mem[X,0x0000000080001562] -> 0x2661
[420] [M]: 0x0000000080001560 (0x26613023) sd x6, 0x260(x2)                         common_Mentry+12
mem[W,0x0000000080004260] <- 0x0000030000000008

mem[X,0x0000000080001564] -> 0x2573
mem[X,0x0000000080001566] -> 0x3420
[421] [M]: 0x0000000080001564 (0x34202573) csrrs x10, mcause, x0                    spcl_M2mmode_test+0
CSR mcause (0x342) -> 0x0000000000000002
x10 <- 0x0000000000000002

clint mtime 0x00000000000000D3 (mip.MTI <- 0b1, mip.STI <- 0b0)
mem[X,0x0000000080001568] -> 0x04B7
mem[X,0x000000008000156A] -> 0x8000
[422] [M]: 0x0000000080001568 (0x800004B7) lui x9, -0x80000                         spcl_M2mmode_test+4
x9 <- 0xFFFFFFFF80000000

mem[X,0x000000008000156C] -> 0x8493
mem[X,0x000000008000156E] -> 0x0004
[423] [M]: 0x000000008000156C (0x00048493) addi x9, x9, 0x0                         spcl_M2mmode_test+8
x9 <- 0xFFFFFFFF80000000

clint mtime 0x00000000000000D4 (mip.MTI <- 0b1, mip.STI <- 0b0)
mem[X,0x0000000080001570] -> 0x9493
mem[X,0x0000000080001572] -> 0x00B4
[424] [M]: 0x0000000080001570 (0x00B49493) slli x9, x9, 0xb                         spcl_M2mmode_test+12
x9 <- 0xFFFFFC0000000000

mem[X,0x0000000080001574] -> 0x8493
mem[X,0x0000000080001576] -> 0x0004
[425] [M]: 0x0000000080001574 (0x00048493) addi x9, x9, 0x0                         spcl_M2mmode_test+16
x9 <- 0xFFFFFC0000000000

clint mtime 0x00000000000000D5 (mip.MTI <- 0b1, mip.STI <- 0b0)
mem[X,0x0000000080001578] -> 0x9493
mem[X,0x000000008000157A] -> 0x00B4
[426] [M]: 0x0000000080001578 (0x00B49493) slli x9, x9, 0xb                         spcl_M2mmode_test+20
x9 <- 0xFFE0000000000000

mem[X,0x000000008000157C] -> 0x8493
mem[X,0x000000008000157E] -> 0x0034
[427] [M]: 0x000000008000157C (0x00348493) addi x9, x9, 0x3                         spcl_M2mmode_test+24
x9 <- 0xFFE0000000000003

clint mtime 0x00000000000000D6 (mip.MTI <- 0b1, mip.STI <- 0b0)
mem[X,0x0000000080001580] -> 0x9493
mem[X,0x0000000080001582] -> 0x00A4
[428] [M]: 0x0000000080001580 (0x00A49493) slli x9, x9, 0xa                         spcl_M2mmode_test+28
x9 <- 0x8000000000000C00

mem[X,0x0000000080001584] -> 0x8493
mem[X,0x0000000080001586] -> 0x3FC4
[429] [M]: 0x0000000080001584 (0x3FC48493) addi x9, x9, 0x3fc                       spcl_M2mmode_test+32
x9 <- 0x8000000000000FFC

clint mtime 0x00000000000000D7 (mip.MTI <- 0b1, mip.STI <- 0b0)
mem[X,0x0000000080001588] -> 0xF4B3
mem[X,0x000000008000158A] -> 0x00A4
[430] [M]: 0x0000000080001588 (0x00A4F4B3) and x9, x9, x10                          spcl_M2mmode_test+36
x9 <- 0x0000000000000000

mem[X,0x000000008000158C] -> 0x8493
mem[X,0x000000008000158E] -> 0xFF84
[431] [M]: 0x000000008000158C (0xFF848493) addi x9, x9, -0x8                        spcl_M2mmode_test+40
x9 <- 0xFFFFFFFFFFFFFFF8

clint mtime 0x00000000000000D8 (mip.MTI <- 0b1, mip.STI <- 0b0)
mem[X,0x0000000080001590] -> 0x9663
mem[X,0x0000000080001592] -> 0x0004
[432] [M]: 0x0000000080001590 (0x00049663) bne x9, x0, 0xc                          spcl_M2mmode_test+44

mem[X,0x000000008000159C] -> 0x0393
mem[X,0x000000008000159E] -> 0x0200
[433] [M]: 0x000000008000159C (0x02000393) addi x7, x0, 0x20                        Mtrapsig_ptr_upd+0
x7 <- 0x0000000000000020

clint mtime 0x00000000000000D9 (mip.MTI <- 0b1, mip.STI <- 0b0)
mem[X,0x00000000800015A0] -> 0x5263
mem[X,0x00000000800015A2] -> 0x0405
[434] [M]: 0x00000000800015A0 (0x04055263) bge x10, x0, 0x44                        Mtrapsig_ptr_upd+4

mem[X,0x00000000800015E4] -> 0x2373
mem[X,0x00000000800015E6] -> 0x3010
[435] [M]: 0x00000000800015E4 (0x30102373) csrrs x6, misa, x0                       Mxcpt_sig_sv+0
CSR misa (0x301) -> 0x800000000034112F
x6 <- 0x800000000034112F

clint mtime 0x00000000000000DA (mip.MTI <- 0b1, mip.STI <- 0b0)
mem[X,0x00000000800015E8] -> 0x1313
mem[X,0x00000000800015EA] -> 0x0383
[436] [M]: 0x00000000800015E8 (0x03831313) slli x6, x6, 0x38                        Mxcpt_sig_sv+4
x6 <- 0x2F00000000000000

mem[X,0x00000000800015EC] -> 0x5463
mem[X,0x00000000800015EE] -> 0x0003
[437] [M]: 0x00000000800015EC (0x00035463) bge x6, x0, 0x8                          Mxcpt_sig_sv+8

clint mtime 0x00000000000000DB (mip.MTI <- 0b1, mip.STI <- 0b0)
mem[X,0x00000000800015F4] -> 0x3303
mem[X,0x00000000800015F6] -> 0x2181
[438] [M]: 0x00000000800015F4 (0x21813303) ld x6, 0x218(x2)                         Mtrap_sig_sv+0
mem[R,0x0000000080004218] -> 0x0000000080009318
x6 <- 0x0000000080009318

mem[X,0x00000000800015F8] -> 0x04B3
mem[X,0x00000000800015FA] -> 0x0073
[439] [M]: 0x00000000800015F8 (0x007304B3) add x9, x6, x7                           Mtrap_sig_sv+4
x9 <- 0x0000000080009338

clint mtime 0x00000000000000DC (mip.MTI <- 0b1, mip.STI <- 0b0)
mem[X,0x00000000800015FC] -> 0x3C23
mem[X,0x00000000800015FE] -> 0x2091
[440] [M]: 0x00000000800015FC (0x20913C23) sd x9, 0x218(x2)                         Mtrap_sig_sv+8
mem[W,0x0000000080004218] <- 0x0000000080009338

mem[X,0x0000000080001600] -> 0x3403
mem[X,0x0000000080001602] -> 0x1F81
[441] [M]: 0x0000000080001600 (0x1F813403) ld x8, 0x1f8(x2)                         Mtrap_sig_sv+12
mem[R,0x00000000800041F8] -> 0x0000000080009110
x8 <- 0x0000000080009110

clint mtime 0x00000000000000DD (mip.MTI <- 0b1, mip.STI <- 0b0)
mem[X,0x0000000080001604] -> 0x0333
mem[X,0x0000000080001606] -> 0x4083
[442] [M]: 0x0000000080001604 (0x40830333) sub x6, x6, x8                           Mtrap_sig_sv+16
x6 <- 0x0000000000000208

mem[X,0x0000000080001608] -> 0x3403
mem[X,0x000000008000160A] -> 0x1F81
[443] [M]: 0x0000000080001608 (0x1F813403) ld x8, 0x1f8(x2)                         Mtrap_sig_sv+20
mem[R,0x00000000800041F8] -> 0x0000000080009110
x8 <- 0x0000000080009110

clint mtime 0x00000000000000DE (mip.MTI <- 0b1, mip.STI <- 0b0)
mem[X,0x000000008000160C] -> 0x0333
mem[X,0x000000008000160E] -> 0x0083
[444] [M]: 0x000000008000160C (0x00830333) add x6, x6, x8                           Mtrap_sig_sv+24
x6 <- 0x0000000080009318

mem[X,0x0000000080001610] -> 0x3403
mem[X,0x0000000080001612] -> 0x2401
[445] [M]: 0x0000000080001610 (0x24013403) ld x8, 0x240(x2)                         Mtrap_sig_sv+28
mem[R,0x0000000080004240] -> 0x0000000080001380
x8 <- 0x0000000080001380

clint mtime 0x00000000000000DF (mip.MTI <- 0b1, mip.STI <- 0b0)
mem[X,0x0000000080001614] -> 0x85B3
mem[X,0x0000000080001616] -> 0x4085
[446] [M]: 0x0000000080001614 (0x408585B3) sub x11, x11, x8                         sv_Mvect+0
x11 <- 0x000000000000010C

mem[X,0x0000000080001618] -> 0x9593
mem[X,0x000000008000161A] -> 0x0045
[447] [M]: 0x0000000080001618 (0x00459593) slli x11, x11, 0x4                       sv_Mvect+4
x11 <- 0x00000000000010C0

clint mtime 0x00000000000000E0 (mip.MTI <- 0b1, mip.STI <- 0b0)
mem[X,0x000000008000161C] -> 0xE5B3
mem[X,0x000000008000161E] -> 0x0075
[448] [M]: 0x000000008000161C (0x0075E5B3) or x11, x11, x7                          sv_Mvect+8
x11 <- 0x00000000000010E0

mem[X,0x0000000080001620] -> 0x8593
mem[X,0x0000000080001622] -> 0x0035
[449] [M]: 0x0000000080001620 (0x00358593) addi x11, x11, 0x3                       sv_Mvect+12
x11 <- 0x00000000000010E3

clint mtime 0x00000000000000E1 (mip.MTI <- 0b1, mip.STI <- 0b0)
mem[X,0x0000000080001624] -> 0x3023
mem[X,0x0000000080001626] -> 0x00B3
[450] [M]: 0x0000000080001624 (0x00B33023) sd x11, 0x0(x6)                          sv_Mvect+16
mem[W,0x0000000080009318] <- 0x00000000000010E3

mem[X,0x0000000080001628] -> 0x3423
mem[X,0x000000008000162A] -> 0x00A3
[451] [M]: 0x0000000080001628 (0x00A33423) sd x10, 0x8(x6)                          sv_Mcause+0
mem[W,0x0000000080009320] <- 0x0000000000000002

clint mtime 0x00000000000000E2 (mip.MTI <- 0b1, mip.STI <- 0b0)
mem[X,0x000000008000162C] -> 0x4663
mem[X,0x000000008000162E] -> 0x1A05
[452] [M]: 0x000000008000162C (0x1A054663) blt x10, x0, 0x1ac                       sv_Mcause+4

mem[X,0x0000000080001630] -> 0x25F3
mem[X,0x0000000080001632] -> 0x3000
[453] [M]: 0x0000000080001630 (0x300025F3) csrrs x11, mstatus, x0                   common_Mexcpt_handler+0
CSR mstatus (0x300) -> 0x0000000A00000000
x11 <- 0x0000000A00000000

clint mtime 0x00000000000000E3 (mip.MTI <- 0b1, mip.STI <- 0b0)
mem[X,0x0000000080001634] -> 0x9413
mem[X,0x0000000080001636] -> 0x02E5
[454] [M]: 0x0000000080001634 (0x02E59413) slli x8, x11, 0x2e                       common_Mexcpt_handler+4
x8 <- 0x0000000000000000

mem[X,0x0000000080001638] -> 0x5463
mem[X,0x000000008000163A] -> 0x0004
[455] [M]: 0x0000000080001638 (0x00045463) bge x8, x0, 0x8                          common_Mexcpt_handler+8

clint mtime 0x00000000000000E4 (mip.MTI <- 0b1, mip.STI <- 0b0)
mem[X,0x0000000080001640] -> 0xD493
mem[X,0x0000000080001642] -> 0x00B5
[456] [M]: 0x0000000080001640 (0x00B5D493) srli x9, x11, 0xb                        common_Mexcpt_handler+16
x9 <- 0x0000000001400000

mem[X,0x0000000080001644] -> 0xF493
mem[X,0x0000000080001646] -> 0x0034
[457] [M]: 0x0000000080001644 (0x0034F493) andi x9, x9, 0x3                         common_Mexcpt_handler+20
x9 <- 0x0000000000000000

clint mtime 0x00000000000000E5 (mip.MTI <- 0b1, mip.STI <- 0b0)
mem[X,0x0000000080001648] -> 0x8493
mem[X,0x000000008000164A] -> 0x0014
[458] [M]: 0x0000000080001648 (0x00148493) addi x9, x9, 0x1                         common_Mexcpt_handler+24
x9 <- 0x0000000000000001

mem[X,0x000000008000164C] -> 0xF493
mem[X,0x000000008000164E] -> 0x0044
[459] [M]: 0x000000008000164C (0x0044F493) andi x9, x9, 0x4                         common_Mexcpt_handler+28
x9 <- 0x0000000000000000

clint mtime 0x00000000000000E6 (mip.MTI <- 0b1, mip.STI <- 0b0)
mem[X,0x0000000080001650] -> 0x0593
mem[X,0x0000000080001652] -> 0x05D0
[460] [M]: 0x0000000080001650 (0x05D00593) addi x11, x0, 0x5d                       common_Mexcpt_handler+32
x11 <- 0x000000000000005D

mem[X,0x0000000080001654] -> 0xD5B3
mem[X,0x0000000080001656] -> 0x0095
[461] [M]: 0x0000000080001654 (0x0095D5B3) srl x11, x11, x9                         common_Mexcpt_handler+36
x11 <- 0x000000000000005D

clint mtime 0x00000000000000E7 (mip.MTI <- 0b1, mip.STI <- 0b0)
mem[X,0x0000000080001658] -> 0xF593
mem[X,0x000000008000165A] -> 0x0015
[462] [M]: 0x0000000080001658 (0x0015F593) andi x11, x11, 0x1                       common_Mexcpt_handler+40
x11 <- 0x0000000000000001

mem[X,0x000000008000165C] -> 0x8EE3
mem[X,0x000000008000165E] -> 0xF405
[463] [M]: 0x000000008000165C (0xF4058EE3) beq x11, x0, -0xa4                       common_Mexcpt_handler+44

clint mtime 0x00000000000000E8 (mip.MTI <- 0b1, mip.STI <- 0b0)
mem[X,0x0000000080001660] -> 0x0593
mem[X,0x0000000080001662] -> 0x2980
[464] [M]: 0x0000000080001660 (0x29800593) addi x11, x0, 0x298                      common_Mexcpt_handler+48
x11 <- 0x0000000000000298

mem[X,0x0000000080001664] -> 0xF413
mem[X,0x0000000080001666] -> 0x0014
[465] [M]: 0x0000000080001664 (0x0014F413) andi x8, x9, 0x1                         common_Mexcpt_handler+52
x8 <- 0x0000000000000000

clint mtime 0x00000000000000E9 (mip.MTI <- 0b1, mip.STI <- 0b0)
mem[X,0x0000000080001668] -> 0x95B3
mem[X,0x000000008000166A] -> 0x0085
[466] [M]: 0x0000000080001668 (0x008595B3) sll x11, x11, x8                         common_Mexcpt_handler+56
x11 <- 0x0000000000000298

mem[X,0x000000008000166C] -> 0x9413
mem[X,0x000000008000166E] -> 0x03D4
[467] [M]: 0x000000008000166C (0x03D49413) slli x8, x9, 0x3d                        common_Mexcpt_handler+60
x8 <- 0x0000000000000000

clint mtime 0x00000000000000EA (mip.MTI <- 0b1, mip.STI <- 0b0)
mem[X,0x0000000080001670] -> 0x5413
mem[X,0x0000000080001672] -> 0x43F4
[468] [M]: 0x0000000080001670 (0x43F45413) srai x8, x8, 0x3f                        common_Mexcpt_handler+64
x8 <- 0x0000000000000000

mem[X,0x0000000080001674] -> 0x4413
mem[X,0x0000000080001676] -> 0xFFF4
[469] [M]: 0x0000000080001674 (0xFFF44413) xori x8, x8, -0x1                        common_Mexcpt_handler+68
x8 <- 0xFFFFFFFFFFFFFFFF

clint mtime 0x00000000000000EB (mip.MTI <- 0b1, mip.STI <- 0b0)
mem[X,0x0000000080001678] -> 0xF4B3
mem[X,0x000000008000167A] -> 0x0085
[470] [M]: 0x0000000080001678 (0x0085F4B3) and x9, x11, x8                          common_Mexcpt_handler+72
x9 <- 0x0000000000000298

mem[X,0x000000008000167C] -> 0x84B3
mem[X,0x000000008000167E] -> 0x0024
[471] [M]: 0x000000008000167C (0x002484B3) add x9, x9, x2                           vmem_adj_Mepc+0
x9 <- 0x0000000080004298

clint mtime 0x00000000000000EC (mip.MTI <- 0b1, mip.STI <- 0b0)
mem[X,0x0000000080001680] -> 0x23F3
mem[X,0x0000000080001682] -> 0x3410
[472] [M]: 0x0000000080001680 (0x341023F3) csrrs x7, mepc, x0                       vmem_adj_Mepc+4
CSR mepc (0x341) -> 0x0000030080000B38
x7 <- 0x0000030080000B38

mem[X,0x0000000080001684] -> 0x0413
mem[X,0x0000000080001686] -> 0x0004
[473] [M]: 0x0000000080001684 (0x00040413) addi x8, x8, 0x0                         vmem_adj_Mepc+8
x8 <- 0xFFFFFFFFFFFFFFFF

clint mtime 0x00000000000000ED (mip.MTI <- 0b1, mip.STI <- 0b0)
mem[X,0x0000000080001688] -> 0x006F
mem[X,0x000000008000168A] -> 0x0400
[474] [M]: 0x0000000080001688 (0x0400006F) jal x0, 0x40                             vmem_adj_Mepc+12

mem[X,0x00000000800016C8] -> 0x8433
mem[X,0x00000000800016CA] -> 0x4083
[475] [M]: 0x00000000800016C8 (0x40838433) sub x8, x7, x8                           adj_Mepc+0
x8 <- 0x0000030080000B39

clint mtime 0x00000000000000EE (mip.MTI <- 0b1, mip.STI <- 0b0)
mem[X,0x00000000800016CC] -> 0x3823
mem[X,0x00000000800016CE] -> 0x0083
[476] [M]: 0x00000000800016CC (0x00833823) sd x8, 0x10(x6)                          sv_Mepc+0
mem[W,0x0000000080009328] <- 0x0000030080000B39

mem[X,0x00000000800016D0] -> 0x55B7
mem[X,0x00000000800016D2] -> 0x0000
[477] [M]: 0x00000000800016D0 (0x000055B7) lui x11, 0x5                             sv_Mepc+4
x11 <- 0x0000000000005000

clint mtime 0x00000000000000EF (mip.MTI <- 0b1, mip.STI <- 0b0)
mem[X,0x00000000800016D4] -> 0x8593
mem[X,0x00000000800016D6] -> 0x6675
[478] [M]: 0x00000000800016D4 (0x66758593) addi x11, x11, 0x667                     sv_Mepc+8
x11 <- 0x0000000000005667

mem[X,0x00000000800016D8] -> 0x9593
mem[X,0x00000000800016DA] -> 0x0015
[479] [M]: 0x00000000800016D8 (0x00159593) slli x11, x11, 0x1                       sv_Mepc+12
x11 <- 0x000000000000ACCE

clint mtime 0x00000000000000F0 (mip.MTI <- 0b1, mip.STI <- 0b0)
mem[X,0x00000000800016DC] -> 0x9063
mem[X,0x00000000800016DE] -> 0x02B1
[480] [M]: 0x00000000800016DC (0x02B19063) bne x3, x11, 0x20                        sv_Mepc+16

mem[X,0x00000000800016FC] -> 0xF593
mem[X,0x00000000800016FE] -> 0xFFC3
[481] [M]: 0x00000000800016FC (0xFFC3F593) andi x11, x7, -0x4                       adj_Mepc_rtn+0
x11 <- 0x0000030080000B38

clint mtime 0x00000000000000F1 (mip.MTI <- 0b1, mip.STI <- 0b0)
mem[X,0x0000000080001700] -> 0x8593
mem[X,0x0000000080001702] -> 0x0085
[482] [M]: 0x0000000080001700 (0x00858593) addi x11, x11, 0x8                       adj_Mepc_rtn+4
x11 <- 0x0000030080000B40

mem[X,0x0000000080001704] -> 0x9073
mem[X,0x0000000080001706] -> 0x3415
[483] [M]: 0x0000000080001704 (0x34159073) csrrw x0, mepc, x11                      adj_Mepc_rtn+8
CSR mepc (0x341) <- 0x0000030080000B40

clint mtime 0x00000000000000F2 (mip.MTI <- 0b1, mip.STI <- 0b0)
mem[X,0x0000000080001708] -> 0x23F3
mem[X,0x000000008000170A] -> 0x3430
[484] [M]: 0x0000000080001708 (0x343023F3) csrrs x7, mtval, x0                      skp_adj_Mepc+0
CSR mtval (0x343) -> 0x00000000341494F3
x7 <- 0x00000000341494F3

mem[X,0x000000008000170C] -> 0x0413
mem[X,0x000000008000170E] -> 0x0004
[485] [M]: 0x000000008000170C (0x00040413) addi x8, x8, 0x0                         skp_adj_Mepc+4
x8 <- 0x0000030080000B39

clint mtime 0x00000000000000F3 (mip.MTI <- 0b1, mip.STI <- 0b0)
mem[X,0x0000000080001710] -> 0x006F
mem[X,0x0000000080001712] -> 0x0840
[486] [M]: 0x0000000080001710 (0x0840006F) jal x0, 0x84                             skp_adj_Mepc+8

mem[X,0x0000000080001794] -> 0x8433
mem[X,0x0000000080001796] -> 0x4083
[487] [M]: 0x0000000080001794 (0x40838433) sub x8, x7, x8                           adj_Mtval+0
x8 <- 0xFFFFFCFFB41489BA

clint mtime 0x00000000000000F4 (mip.MTI <- 0b1, mip.STI <- 0b0)
mem[X,0x0000000080001798] -> 0x3C23
mem[X,0x000000008000179A] -> 0x0083
[488] [M]: 0x0000000080001798 (0x00833C23) sd x8, 0x18(x6)                          sv_Mtval+0
mem[W,0x0000000080009330] <- 0xFFFFFCFFB41489BA

mem[X,0x000000008000179C] -> 0x3483
mem[X,0x000000008000179E] -> 0x2181
[489] [M]: 0x000000008000179C (0x21813483) ld x9, 0x218(x2)                         skp_Mtval+0
mem[R,0x0000000080004218] -> 0x0000000080009338
x9 <- 0x0000000080009338

clint mtime 0x00000000000000F5 (mip.MTI <- 0b1, mip.STI <- 0b0)
mem[X,0x00000000800017A0] -> 0x3383
mem[X,0x00000000800017A2] -> 0x1F81
[490] [M]: 0x00000000800017A0 (0x1F813383) ld x7, 0x1f8(x2)                         skp_Mtval+4
mem[R,0x00000000800041F8] -> 0x0000000080009110
x7 <- 0x0000000080009110

mem[X,0x00000000800017A4] -> 0x3303
mem[X,0x00000000800017A6] -> 0x2001
[491] [M]: 0x00000000800017A4 (0x20013303) ld x6, 0x200(x2)                         skp_Mtval+8
mem[R,0x0000000080004200] -> 0x0000000000000410
x6 <- 0x0000000000000410

clint mtime 0x00000000000000F6 (mip.MTI <- 0b1, mip.STI <- 0b0)
mem[X,0x00000000800017A8] -> 0x0333
mem[X,0x00000000800017AA] -> 0x0073
[492] [M]: 0x00000000800017A8 (0x00730333) add x6, x6, x7                           skp_Mtval+12
x6 <- 0x0000000080009520

mem[X,0x00000000800017AC] -> 0x6AE3
mem[X,0x00000000800017AE] -> 0xAE93
[493] [M]: 0x00000000800017AC (0xAE936AE3) bltu x6, x9, -0x50c                      skp_Mtval+16

clint mtime 0x00000000000000F7 (mip.MTI <- 0b1, mip.STI <- 0b0)
mem[X,0x00000000800017B0] -> 0x0393
mem[X,0x00000000800017B2] -> 0x2000
[494] [M]: 0x00000000800017B0 (0x20000393) addi x7, x0, 0x200                       skp_Mtval+20
x7 <- 0x0000000000000200

mem[X,0x00000000800017B4] -> 0x006F
mem[X,0x00000000800017B6] -> 0x0400
[495] [M]: 0x00000000800017B4 (0x0400006F) jal x0, 0x40                             skp_Mtval+24

clint mtime 0x00000000000000F8 (mip.MTI <- 0b1, mip.STI <- 0b0)
mem[X,0x00000000800017F4] -> 0x0417
mem[X,0x00000000800017F6] -> 0x0000
[496] [M]: 0x00000000800017F4 (0x00000417) auipc x8, 0x0                            spcl_Mhandler+0
x8 <- 0x00000000800017F4

mem[X,0x00000000800017F8] -> 0x0413
mem[X,0x00000000800017FA] -> 0x03C4
[497] [M]: 0x00000000800017F8 (0x03C40413) addi x8, x8, 0x3c                        spcl_Mhandler+4
x8 <- 0x0000000080001830

clint mtime 0x00000000000000F9 (mip.MTI <- 0b1, mip.STI <- 0b0)
mem[X,0x00000000800017FC] -> 0x0433
mem[X,0x00000000800017FE] -> 0x0074
[498] [M]: 0x00000000800017FC (0x00740433) add x8, x8, x7                           spcl_Mhandler+8
x8 <- 0x0000000080001A30

mem[X,0x0000000080001800] -> 0x1393
mem[X,0x0000000080001802] -> 0x0035
[499] [M]: 0x0000000080001800 (0x00351393) slli x7, x10, 0x3                        spcl_Mhandler+12
x7 <- 0x0000000000000010

clint mtime 0x00000000000000FA (mip.MTI <- 0b1, mip.STI <- 0b0)
mem[X,0x0000000080001804] -> 0x0433
mem[X,0x0000000080001806] -> 0x0074
[500] [M]: 0x0000000080001804 (0x00740433) add x8, x8, x7                           spcl_Mhandler+16
x8 <- 0x0000000080001A40

mem[X,0x0000000080001808] -> 0x7413
mem[X,0x000000008000180A] -> 0xFF84
[501] [M]: 0x0000000080001808 (0xFF847413) andi x8, x8, -0x8                        spcl_Mhandler+20
x8 <- 0x0000000080001A40

clint mtime 0x00000000000000FB (mip.MTI <- 0b1, mip.STI <- 0b0)
mem[X,0x000000008000180C] -> 0x3403
mem[X,0x000000008000180E] -> 0x0004
[502] [M]: 0x000000008000180C (0x00043403) ld x8, 0x0(x8)                           spcl_Mhandler+24
mem[R,0x0000000080001A40] -> 0x0000000000000005
x8 <- 0x0000000000000005

mem[X,0x0000000080001810] -> 0x02E3
mem[X,0x0000000080001812] -> 0xB204
[503] [M]: 0x0000000080001810 (0xB20402E3) beq x8, x0, -0x4dc                       spcl_Mdispatch_hndling+0

clint mtime 0x00000000000000FC (mip.MTI <- 0b1, mip.STI <- 0b0)
mem[X,0x0000000080001814] -> 0x1393
mem[X,0x0000000080001816] -> 0x03F4
[504] [M]: 0x0000000080001814 (0x03F41393) slli x7, x8, 0x3f                        spcl_Mdispatch_hndling+4
x7 <- 0x8000000000000000

mem[X,0x0000000080001818] -> 0xD863
mem[X,0x000000008000181A] -> 0x0003
[505] [M]: 0x0000000080001818 (0x0003D863) bge x7, x0, 0x10                         spcl_Mdispatch_hndling+8

clint mtime 0x00000000000000FD (mip.MTI <- 0b1, mip.STI <- 0b0)
mem[X,0x000000008000181C] -> 0x5413
mem[X,0x000000008000181E] -> 0x0014
[506] [M]: 0x000000008000181C (0x00145413) srli x8, x8, 0x1                         spcl_Mdispatch_hndling+12
x8 <- 0x0000000000000002

mem[X,0x0000000080001820] -> 0x0CE3
mem[X,0x0000000080001822] -> 0xF885
[507] [M]: 0x0000000080001820 (0xF8850CE3) beq x10, x8, -0x68                       spcl_Mdispatch_hndling+16

clint mtime 0x00000000000000FE (mip.MTI <- 0b1, mip.STI <- 0b0)
mem[X,0x00000000800017B8] -> 0x3303
mem[X,0x00000000800017BA] -> 0x2601
[508] [M]: 0x00000000800017B8 (0x26013303) ld x6, 0x260(x2)                         resto_Mrtn+0
mem[R,0x0000000080004260] -> 0x0000030000000008
x6 <- 0x0000030000000008

mem[X,0x00000000800017BC] -> 0x3383
mem[X,0x00000000800017BE] -> 0x2681
[509] [M]: 0x00000000800017BC (0x26813383) ld x7, 0x268(x2)                         resto_Mrtn+4
mem[R,0x0000000080004268] -> 0x0000000080004000
x7 <- 0x0000000080004000

clint mtime 0x00000000000000FF (mip.MTI <- 0b1, mip.STI <- 0b0)
mem[X,0x00000000800017C0] -> 0x3403
mem[X,0x00000000800017C2] -> 0x2701
[510] [M]: 0x00000000800017C0 (0x27013403) ld x8, 0x270(x2)                         resto_Mrtn+8
mem[R,0x0000000080004270] -> 0x0000000000007F76
x8 <- 0x0000000000007F76

mem[X,0x00000000800017C4] -> 0x3483
mem[X,0x00000000800017C6] -> 0x2781
[511] [M]: 0x00000000800017C4 (0x27813483) ld x9, 0x278(x2)                         resto_Mrtn+12
mem[R,0x0000000080004278] -> 0x0000060080000B38
x9 <- 0x0000060080000B38

clint mtime 0x0000000000000100 (mip.MTI <- 0b1, mip.STI <- 0b0)
mem[X,0x00000000800017C8] -> 0x3503
mem[X,0x00000000800017CA] -> 0x2801
[512] [M]: 0x00000000800017C8 (0x28013503) ld x10, 0x280(x2)                        resto_Mrtn+16
mem[R,0x0000000080004280] -> 0x00000000000000DE
x10 <- 0x00000000000000DE

mem[X,0x00000000800017CC] -> 0x3583
mem[X,0x00000000800017CE] -> 0x2881
[513] [M]: 0x00000000800017CC (0x28813583) ld x11, 0x288(x2)                        resto_Mrtn+20
mem[R,0x0000000080004288] -> 0x00000000000000DE
x11 <- 0x00000000000000DE

clint mtime 0x0000000000000101 (mip.MTI <- 0b1, mip.STI <- 0b0)
mem[X,0x00000000800017D0] -> 0x3103
mem[X,0x00000000800017D2] -> 0x2901
[514] [M]: 0x00000000800017D0 (0x29013103) ld x2, 0x290(x2)                         resto_Mrtn+24
mem[R,0x0000000080004290] -> 0x0000000080004000
x2 <- 0x0000000080004000

mem[X,0x00000000800017D4] -> 0x0073
mem[X,0x00000000800017D6] -> 0x3020
[515] [M]: 0x00000000800017D4 (0x30200073) mret                                     resto_Mrtn+28
CSR mstatus (0x300) <- 0x0000000A00000080
ret-ing from M to U

clint mtime 0x0000000000000102 (mip.MTI <- 0b1, mip.STI <- 0b0)
mem[X,0x0000000080000B40] -> 0x07B7
mem[X,0x0000000080000B42] -> 0x0000
[516] [U]: 0x0000030080000B40 (0x000007B7) lui x15, 0x0                             va_rvtest_code_begin+900
x15 <- 0x0000000000000000

mem[X,0x0000000080000B44] -> 0x8793
mem[X,0x0000000080000B46] -> 0x2807
[517] [U]: 0x0000030080000B44 (0x28078793) addi x15, x15, 0x280                     va_rvtest_code_begin+904
x15 <- 0x0000000000000280

clint mtime 0x0000000000000103 (mip.MTI <- 0b1, mip.STI <- 0b0)
mem[X,0x0000000080000B48] -> 0x9793
mem[X,0x0000000080000B4A] -> 0x00B7
[518] [U]: 0x0000030080000B48 (0x00B79793) slli x15, x15, 0xb                       va_rvtest_code_begin+908
x15 <- 0x0000000000140000

mem[X,0x0000000080000B4C] -> 0x8793
mem[X,0x0000000080000B4E] -> 0x4007
[519] [U]: 0x0000030080000B4C (0x40078793) addi x15, x15, 0x400                     va_rvtest_code_begin+912
x15 <- 0x0000000000140400

clint mtime 0x0000000000000104 (mip.MTI <- 0b1, mip.STI <- 0b0)
mem[X,0x0000000080000B50] -> 0x9793
mem[X,0x0000000080000B52] -> 0x00B7
[520] [U]: 0x0000030080000B50 (0x00B79793) slli x15, x15, 0xb                       va_rvtest_code_begin+916
x15 <- 0x00000000A0200000

mem[X,0x0000000080000B54] -> 0x8793
mem[X,0x0000000080000B56] -> 0x0017
[521] [U]: 0x0000030080000B54 (0x00178793) addi x15, x15, 0x1                       va_rvtest_code_begin+920
x15 <- 0x00000000A0200001

clint mtime 0x0000000000000105 (mip.MTI <- 0b1, mip.STI <- 0b0)
mem[X,0x0000000080000B58] -> 0x9793
mem[X,0x0000000080000B5A] -> 0x00A7
[522] [U]: 0x0000030080000B58 (0x00A79793) slli x15, x15, 0xa                       va_rvtest_code_begin+924
x15 <- 0x0000028080000400

mem[X,0x0000000080000B5C] -> 0x0613
mem[X,0x0000000080000B5E] -> 0x0106
[523] [U]: 0x0000030080000B5C (0x01060613) addi x12, x12, 0x10                      va_rvtest_code_begin+928
x12 <- 0x0000000000000010

clint mtime 0x0000000000000106 (mip.MTI <- 0b1, mip.STI <- 0b0)
mem[X,0x0000000080000B60] -> 0xAA23
mem[X,0x0000000080000B62] -> 0x00C7
[524] [U]: 0x0000030080000B60 (0x00C7AA23) sw x12, 0x14(x15)                        va_rvtest_code_begin+932
PTW: Start, vpn=0x28080000, access_type=W, privilege=Umem[R,0x0000000080008028] -> 0x00000000000000DE
PTW: Step, level=3, pte=0xDE, pte_addr=0x80008028
PTW: failed, error=invalid-pte, level=3, pte_addr=0x80008028
trapping from U to M to handle store/amo-page-fault
handling exc#store/amo-page-fault at priv M with tval 0x0000028080000414
CSR mstatus (0x300) <- 0x0000000A00000000
CSR mcause (0x342) <- 0x000000000000000F
CSR mtval (0x343) <- 0x0000028080000414
CSR mepc (0x341) <- 0x0000030080000B60

mem[X,0x0000000080001380] -> 0x006F
mem[X,0x0000000080001382] -> 0x1000
[525] [M]: 0x0000000080001380 (0x1000006F) jal x0, 0x100                            Mtrampoline+0

clint mtime 0x0000000000000107 (mip.MTI <- 0b1, mip.STI <- 0b0)
mem[X,0x0000000080001480] -> 0x1173
mem[X,0x0000000080001482] -> 0x3401
[526] [M]: 0x0000000080001480 (0x34011173) csrrw x2, mscratch, x2                   trap_Mhandler+0
CSR mscratch (0x340) <- 0x0000000080004000
x2 <- 0x0000000080004000

mem[X,0x0000000080001484] -> 0x3423
mem[X,0x0000000080001486] -> 0x28B1
[527] [M]: 0x0000000080001484 (0x28B13423) sd x11, 0x288(x2)                        trap_Mhandler+4
mem[W,0x0000000080004288] <- 0x00000000000000DE

clint mtime 0x0000000000000108 (mip.MTI <- 0b1, mip.STI <- 0b0)
mem[X,0x0000000080001488] -> 0x05EF
mem[X,0x000000008000148A] -> 0x0B80
[528] [M]: 0x0000000080001488 (0x0B8005EF) jal x11, 0xb8                            trap_Mhandler+8
x11 <- 0x000000008000148C

mem[X,0x0000000080001540] -> 0x3023
mem[X,0x0000000080001542] -> 0x28A1
[529] [M]: 0x0000000080001540 (0x28A13023) sd x10, 0x280(x2)                        common_Mhandler+0
mem[W,0x0000000080004280] <- 0x00000000000000DE

clint mtime 0x0000000000000109 (mip.MTI <- 0b1, mip.STI <- 0b0)
mem[X,0x0000000080001544] -> 0x1573
mem[X,0x0000000080001546] -> 0x3401
[530] [M]: 0x0000000080001544 (0x34011573) csrrw x10, mscratch, x2                  common_Mhandler+4
CSR mscratch (0x340) <- 0x0000000080004000
x10 <- 0x0000000080004000

mem[X,0x0000000080001548] -> 0x3823
mem[X,0x000000008000154A] -> 0x28A1
[531] [M]: 0x0000000080001548 (0x28A13823) sd x10, 0x290(x2)                        common_Mhandler+8
mem[W,0x0000000080004290] <- 0x0000000080004000

clint mtime 0x000000000000010A (mip.MTI <- 0b1, mip.STI <- 0b0)
mem[X,0x000000008000154C] -> 0x3503
mem[X,0x000000008000154E] -> 0x2301
[532] [M]: 0x000000008000154C (0x23013503) ld x10, 0x230(x2)                        common_Mhandler+12
mem[R,0x0000000080004230] -> 0x0000000080001554
x10 <- 0x0000000080001554

mem[X,0x0000000080001550] -> 0x0067
mem[X,0x0000000080001552] -> 0x0005
[533] [M]: 0x0000000080001550 (0x00050067) jalr x0, 0x0(x10)                        common_Mhandler+16

clint mtime 0x000000000000010B (mip.MTI <- 0b1, mip.STI <- 0b0)
mem[X,0x0000000080001554] -> 0x3C23
mem[X,0x0000000080001556] -> 0x2691
[534] [M]: 0x0000000080001554 (0x26913C23) sd x9, 0x278(x2)                         common_Mentry+0
mem[W,0x0000000080004278] <- 0x0000060080000B38

mem[X,0x0000000080001558] -> 0x3823
mem[X,0x000000008000155A] -> 0x2681
[535] [M]: 0x0000000080001558 (0x26813823) sd x8, 0x270(x2)                         common_Mentry+4
mem[W,0x0000000080004270] <- 0x0000000000007F76

clint mtime 0x000000000000010C (mip.MTI <- 0b1, mip.STI <- 0b0)
mem[X,0x000000008000155C] -> 0x3423
mem[X,0x000000008000155E] -> 0x2671
[536] [M]: 0x000000008000155C (0x26713423) sd x7, 0x268(x2)                         common_Mentry+8
mem[W,0x0000000080004268] <- 0x0000000080004000

mem[X,0x0000000080001560] -> 0x3023
mem[X,0x0000000080001562] -> 0x2661
[537] [M]: 0x0000000080001560 (0x26613023) sd x6, 0x260(x2)                         common_Mentry+12
mem[W,0x0000000080004260] <- 0x0000030000000008

clint mtime 0x000000000000010D (mip.MTI <- 0b1, mip.STI <- 0b0)
mem[X,0x0000000080001564] -> 0x2573
mem[X,0x0000000080001566] -> 0x3420
[538] [M]: 0x0000000080001564 (0x34202573) csrrs x10, mcause, x0                    spcl_M2mmode_test+0
CSR mcause (0x342) -> 0x000000000000000F
x10 <- 0x000000000000000F

mem[X,0x0000000080001568] -> 0x04B7
mem[X,0x000000008000156A] -> 0x8000
[539] [M]: 0x0000000080001568 (0x800004B7) lui x9, -0x80000                         spcl_M2mmode_test+4
x9 <- 0xFFFFFFFF80000000

clint mtime 0x000000000000010E (mip.MTI <- 0b1, mip.STI <- 0b0)
mem[X,0x000000008000156C] -> 0x8493
mem[X,0x000000008000156E] -> 0x0004
[540] [M]: 0x000000008000156C (0x00048493) addi x9, x9, 0x0                         spcl_M2mmode_test+8
x9 <- 0xFFFFFFFF80000000

mem[X,0x0000000080001570] -> 0x9493
mem[X,0x0000000080001572] -> 0x00B4
[541] [M]: 0x0000000080001570 (0x00B49493) slli x9, x9, 0xb                         spcl_M2mmode_test+12
x9 <- 0xFFFFFC0000000000

clint mtime 0x000000000000010F (mip.MTI <- 0b1, mip.STI <- 0b0)
mem[X,0x0000000080001574] -> 0x8493
mem[X,0x0000000080001576] -> 0x0004
[542] [M]: 0x0000000080001574 (0x00048493) addi x9, x9, 0x0                         spcl_M2mmode_test+16
x9 <- 0xFFFFFC0000000000

mem[X,0x0000000080001578] -> 0x9493
mem[X,0x000000008000157A] -> 0x00B4
[543] [M]: 0x0000000080001578 (0x00B49493) slli x9, x9, 0xb                         spcl_M2mmode_test+20
x9 <- 0xFFE0000000000000

clint mtime 0x0000000000000110 (mip.MTI <- 0b1, mip.STI <- 0b0)
mem[X,0x000000008000157C] -> 0x8493
mem[X,0x000000008000157E] -> 0x0034
[544] [M]: 0x000000008000157C (0x00348493) addi x9, x9, 0x3                         spcl_M2mmode_test+24
x9 <- 0xFFE0000000000003

mem[X,0x0000000080001580] -> 0x9493
mem[X,0x0000000080001582] -> 0x00A4
[545] [M]: 0x0000000080001580 (0x00A49493) slli x9, x9, 0xa                         spcl_M2mmode_test+28
x9 <- 0x8000000000000C00

clint mtime 0x0000000000000111 (mip.MTI <- 0b1, mip.STI <- 0b0)
mem[X,0x0000000080001584] -> 0x8493
mem[X,0x0000000080001586] -> 0x3FC4
[546] [M]: 0x0000000080001584 (0x3FC48493) addi x9, x9, 0x3fc                       spcl_M2mmode_test+32
x9 <- 0x8000000000000FFC

mem[X,0x0000000080001588] -> 0xF4B3
mem[X,0x000000008000158A] -> 0x00A4
[547] [M]: 0x0000000080001588 (0x00A4F4B3) and x9, x9, x10                          spcl_M2mmode_test+36
x9 <- 0x000000000000000C

clint mtime 0x0000000000000112 (mip.MTI <- 0b1, mip.STI <- 0b0)
mem[X,0x000000008000158C] -> 0x8493
mem[X,0x000000008000158E] -> 0xFF84
[548] [M]: 0x000000008000158C (0xFF848493) addi x9, x9, -0x8                        spcl_M2mmode_test+40
x9 <- 0x0000000000000004

mem[X,0x0000000080001590] -> 0x9663
mem[X,0x0000000080001592] -> 0x0004
[549] [M]: 0x0000000080001590 (0x00049663) bne x9, x0, 0xc                          spcl_M2mmode_test+44

clint mtime 0x0000000000000113 (mip.MTI <- 0b1, mip.STI <- 0b0)
mem[X,0x000000008000159C] -> 0x0393
mem[X,0x000000008000159E] -> 0x0200
[550] [M]: 0x000000008000159C (0x02000393) addi x7, x0, 0x20                        Mtrapsig_ptr_upd+0
x7 <- 0x0000000000000020

mem[X,0x00000000800015A0] -> 0x5263
mem[X,0x00000000800015A2] -> 0x0405
[551] [M]: 0x00000000800015A0 (0x04055263) bge x10, x0, 0x44                        Mtrapsig_ptr_upd+4

clint mtime 0x0000000000000114 (mip.MTI <- 0b1, mip.STI <- 0b0)
mem[X,0x00000000800015E4] -> 0x2373
mem[X,0x00000000800015E6] -> 0x3010
[552] [M]: 0x00000000800015E4 (0x30102373) csrrs x6, misa, x0                       Mxcpt_sig_sv+0
CSR misa (0x301) -> 0x800000000034112F
x6 <- 0x800000000034112F

mem[X,0x00000000800015E8] -> 0x1313
mem[X,0x00000000800015EA] -> 0x0383
[553] [M]: 0x00000000800015E8 (0x03831313) slli x6, x6, 0x38                        Mxcpt_sig_sv+4
x6 <- 0x2F00000000000000

clint mtime 0x0000000000000115 (mip.MTI <- 0b1, mip.STI <- 0b0)
mem[X,0x00000000800015EC] -> 0x5463
mem[X,0x00000000800015EE] -> 0x0003
[554] [M]: 0x00000000800015EC (0x00035463) bge x6, x0, 0x8                          Mxcpt_sig_sv+8

mem[X,0x00000000800015F4] -> 0x3303
mem[X,0x00000000800015F6] -> 0x2181
[555] [M]: 0x00000000800015F4 (0x21813303) ld x6, 0x218(x2)                         Mtrap_sig_sv+0
mem[R,0x0000000080004218] -> 0x0000000080009338
x6 <- 0x0000000080009338

clint mtime 0x0000000000000116 (mip.MTI <- 0b1, mip.STI <- 0b0)
mem[X,0x00000000800015F8] -> 0x04B3
mem[X,0x00000000800015FA] -> 0x0073
[556] [M]: 0x00000000800015F8 (0x007304B3) add x9, x6, x7                           Mtrap_sig_sv+4
x9 <- 0x0000000080009358

mem[X,0x00000000800015FC] -> 0x3C23
mem[X,0x00000000800015FE] -> 0x2091
[557] [M]: 0x00000000800015FC (0x20913C23) sd x9, 0x218(x2)                         Mtrap_sig_sv+8
mem[W,0x0000000080004218] <- 0x0000000080009358

clint mtime 0x0000000000000117 (mip.MTI <- 0b1, mip.STI <- 0b0)
mem[X,0x0000000080001600] -> 0x3403
mem[X,0x0000000080001602] -> 0x1F81
[558] [M]: 0x0000000080001600 (0x1F813403) ld x8, 0x1f8(x2)                         Mtrap_sig_sv+12
mem[R,0x00000000800041F8] -> 0x0000000080009110
x8 <- 0x0000000080009110

mem[X,0x0000000080001604] -> 0x0333
mem[X,0x0000000080001606] -> 0x4083
[559] [M]: 0x0000000080001604 (0x40830333) sub x6, x6, x8                           Mtrap_sig_sv+16
x6 <- 0x0000000000000228

clint mtime 0x0000000000000118 (mip.MTI <- 0b1, mip.STI <- 0b0)
mem[X,0x0000000080001608] -> 0x3403
mem[X,0x000000008000160A] -> 0x1F81
[560] [M]: 0x0000000080001608 (0x1F813403) ld x8, 0x1f8(x2)                         Mtrap_sig_sv+20
mem[R,0x00000000800041F8] -> 0x0000000080009110
x8 <- 0x0000000080009110

mem[X,0x000000008000160C] -> 0x0333
mem[X,0x000000008000160E] -> 0x0083
[561] [M]: 0x000000008000160C (0x00830333) add x6, x6, x8                           Mtrap_sig_sv+24
x6 <- 0x0000000080009338

clint mtime 0x0000000000000119 (mip.MTI <- 0b1, mip.STI <- 0b0)
mem[X,0x0000000080001610] -> 0x3403
mem[X,0x0000000080001612] -> 0x2401
[562] [M]: 0x0000000080001610 (0x24013403) ld x8, 0x240(x2)                         Mtrap_sig_sv+28
mem[R,0x0000000080004240] -> 0x0000000080001380
x8 <- 0x0000000080001380

mem[X,0x0000000080001614] -> 0x85B3
mem[X,0x0000000080001616] -> 0x4085
[563] [M]: 0x0000000080001614 (0x408585B3) sub x11, x11, x8                         sv_Mvect+0
x11 <- 0x000000000000010C

clint mtime 0x000000000000011A (mip.MTI <- 0b1, mip.STI <- 0b0)
mem[X,0x0000000080001618] -> 0x9593
mem[X,0x000000008000161A] -> 0x0045
[564] [M]: 0x0000000080001618 (0x00459593) slli x11, x11, 0x4                       sv_Mvect+4
x11 <- 0x00000000000010C0

mem[X,0x000000008000161C] -> 0xE5B3
mem[X,0x000000008000161E] -> 0x0075
[565] [M]: 0x000000008000161C (0x0075E5B3) or x11, x11, x7                          sv_Mvect+8
x11 <- 0x00000000000010E0

clint mtime 0x000000000000011B (mip.MTI <- 0b1, mip.STI <- 0b0)
mem[X,0x0000000080001620] -> 0x8593
mem[X,0x0000000080001622] -> 0x0035
[566] [M]: 0x0000000080001620 (0x00358593) addi x11, x11, 0x3                       sv_Mvect+12
x11 <- 0x00000000000010E3

mem[X,0x0000000080001624] -> 0x3023
mem[X,0x0000000080001626] -> 0x00B3
[567] [M]: 0x0000000080001624 (0x00B33023) sd x11, 0x0(x6)                          sv_Mvect+16
mem[W,0x0000000080009338] <- 0x00000000000010E3

clint mtime 0x000000000000011C (mip.MTI <- 0b1, mip.STI <- 0b0)
mem[X,0x0000000080001628] -> 0x3423
mem[X,0x000000008000162A] -> 0x00A3
[568] [M]: 0x0000000080001628 (0x00A33423) sd x10, 0x8(x6)                          sv_Mcause+0
mem[W,0x0000000080009340] <- 0x000000000000000F

mem[X,0x000000008000162C] -> 0x4663
mem[X,0x000000008000162E] -> 0x1A05
[569] [M]: 0x000000008000162C (0x1A054663) blt x10, x0, 0x1ac                       sv_Mcause+4

clint mtime 0x000000000000011D (mip.MTI <- 0b1, mip.STI <- 0b0)
mem[X,0x0000000080001630] -> 0x25F3
mem[X,0x0000000080001632] -> 0x3000
[570] [M]: 0x0000000080001630 (0x300025F3) csrrs x11, mstatus, x0                   common_Mexcpt_handler+0
CSR mstatus (0x300) -> 0x0000000A00000000
x11 <- 0x0000000A00000000

mem[X,0x0000000080001634] -> 0x9413
mem[X,0x0000000080001636] -> 0x02E5
[571] [M]: 0x0000000080001634 (0x02E59413) slli x8, x11, 0x2e                       common_Mexcpt_handler+4
x8 <- 0x0000000000000000

clint mtime 0x000000000000011E (mip.MTI <- 0b1, mip.STI <- 0b0)
mem[X,0x0000000080001638] -> 0x5463
mem[X,0x000000008000163A] -> 0x0004
[572] [M]: 0x0000000080001638 (0x00045463) bge x8, x0, 0x8                          common_Mexcpt_handler+8

mem[X,0x0000000080001640] -> 0xD493
mem[X,0x0000000080001642] -> 0x00B5
[573] [M]: 0x0000000080001640 (0x00B5D493) srli x9, x11, 0xb                        common_Mexcpt_handler+16
x9 <- 0x0000000001400000

clint mtime 0x000000000000011F (mip.MTI <- 0b1, mip.STI <- 0b0)
mem[X,0x0000000080001644] -> 0xF493
mem[X,0x0000000080001646] -> 0x0034
[574] [M]: 0x0000000080001644 (0x0034F493) andi x9, x9, 0x3                         common_Mexcpt_handler+20
x9 <- 0x0000000000000000

mem[X,0x0000000080001648] -> 0x8493
mem[X,0x000000008000164A] -> 0x0014
[575] [M]: 0x0000000080001648 (0x00148493) addi x9, x9, 0x1                         common_Mexcpt_handler+24
x9 <- 0x0000000000000001

clint mtime 0x0000000000000120 (mip.MTI <- 0b1, mip.STI <- 0b0)
mem[X,0x000000008000164C] -> 0xF493
mem[X,0x000000008000164E] -> 0x0044
[576] [M]: 0x000000008000164C (0x0044F493) andi x9, x9, 0x4                         common_Mexcpt_handler+28
x9 <- 0x0000000000000000

mem[X,0x0000000080001650] -> 0x0593
mem[X,0x0000000080001652] -> 0x05D0
[577] [M]: 0x0000000080001650 (0x05D00593) addi x11, x0, 0x5d                       common_Mexcpt_handler+32
x11 <- 0x000000000000005D

clint mtime 0x0000000000000121 (mip.MTI <- 0b1, mip.STI <- 0b0)
mem[X,0x0000000080001654] -> 0xD5B3
mem[X,0x0000000080001656] -> 0x0095
[578] [M]: 0x0000000080001654 (0x0095D5B3) srl x11, x11, x9                         common_Mexcpt_handler+36
x11 <- 0x000000000000005D

mem[X,0x0000000080001658] -> 0xF593
mem[X,0x000000008000165A] -> 0x0015
[579] [M]: 0x0000000080001658 (0x0015F593) andi x11, x11, 0x1                       common_Mexcpt_handler+40
x11 <- 0x0000000000000001

clint mtime 0x0000000000000122 (mip.MTI <- 0b1, mip.STI <- 0b0)
mem[X,0x000000008000165C] -> 0x8EE3
mem[X,0x000000008000165E] -> 0xF405
[580] [M]: 0x000000008000165C (0xF4058EE3) beq x11, x0, -0xa4                       common_Mexcpt_handler+44

mem[X,0x0000000080001660] -> 0x0593
mem[X,0x0000000080001662] -> 0x2980
[581] [M]: 0x0000000080001660 (0x29800593) addi x11, x0, 0x298                      common_Mexcpt_handler+48
x11 <- 0x0000000000000298

clint mtime 0x0000000000000123 (mip.MTI <- 0b1, mip.STI <- 0b0)
mem[X,0x0000000080001664] -> 0xF413
mem[X,0x0000000080001666] -> 0x0014
[582] [M]: 0x0000000080001664 (0x0014F413) andi x8, x9, 0x1                         common_Mexcpt_handler+52
x8 <- 0x0000000000000000

mem[X,0x0000000080001668] -> 0x95B3
mem[X,0x000000008000166A] -> 0x0085
[583] [M]: 0x0000000080001668 (0x008595B3) sll x11, x11, x8                         common_Mexcpt_handler+56
x11 <- 0x0000000000000298

clint mtime 0x0000000000000124 (mip.MTI <- 0b1, mip.STI <- 0b0)
mem[X,0x000000008000166C] -> 0x9413
mem[X,0x000000008000166E] -> 0x03D4
[584] [M]: 0x000000008000166C (0x03D49413) slli x8, x9, 0x3d                        common_Mexcpt_handler+60
x8 <- 0x0000000000000000

mem[X,0x0000000080001670] -> 0x5413
mem[X,0x0000000080001672] -> 0x43F4
[585] [M]: 0x0000000080001670 (0x43F45413) srai x8, x8, 0x3f                        common_Mexcpt_handler+64
x8 <- 0x0000000000000000

clint mtime 0x0000000000000125 (mip.MTI <- 0b1, mip.STI <- 0b0)
mem[X,0x0000000080001674] -> 0x4413
mem[X,0x0000000080001676] -> 0xFFF4
[586] [M]: 0x0000000080001674 (0xFFF44413) xori x8, x8, -0x1                        common_Mexcpt_handler+68
x8 <- 0xFFFFFFFFFFFFFFFF

mem[X,0x0000000080001678] -> 0xF4B3
mem[X,0x000000008000167A] -> 0x0085
[587] [M]: 0x0000000080001678 (0x0085F4B3) and x9, x11, x8                          common_Mexcpt_handler+72
x9 <- 0x0000000000000298

clint mtime 0x0000000000000126 (mip.MTI <- 0b1, mip.STI <- 0b0)
mem[X,0x000000008000167C] -> 0x84B3
mem[X,0x000000008000167E] -> 0x0024
[588] [M]: 0x000000008000167C (0x002484B3) add x9, x9, x2                           vmem_adj_Mepc+0
x9 <- 0x0000000080004298

mem[X,0x0000000080001680] -> 0x23F3
mem[X,0x0000000080001682] -> 0x3410
[589] [M]: 0x0000000080001680 (0x341023F3) csrrs x7, mepc, x0                       vmem_adj_Mepc+4
CSR mepc (0x341) -> 0x0000030080000B60
x7 <- 0x0000030080000B60

clint mtime 0x0000000000000127 (mip.MTI <- 0b1, mip.STI <- 0b0)
mem[X,0x0000000080001684] -> 0x0413
mem[X,0x0000000080001686] -> 0x0004
[590] [M]: 0x0000000080001684 (0x00040413) addi x8, x8, 0x0                         vmem_adj_Mepc+8
x8 <- 0xFFFFFFFFFFFFFFFF

mem[X,0x0000000080001688] -> 0x006F
mem[X,0x000000008000168A] -> 0x0400
[591] [M]: 0x0000000080001688 (0x0400006F) jal x0, 0x40                             vmem_adj_Mepc+12

clint mtime 0x0000000000000128 (mip.MTI <- 0b1, mip.STI <- 0b0)
mem[X,0x00000000800016C8] -> 0x8433
mem[X,0x00000000800016CA] -> 0x4083
[592] [M]: 0x00000000800016C8 (0x40838433) sub x8, x7, x8                           adj_Mepc+0
x8 <- 0x0000030080000B61

mem[X,0x00000000800016CC] -> 0x3823
mem[X,0x00000000800016CE] -> 0x0083
[593] [M]: 0x00000000800016CC (0x00833823) sd x8, 0x10(x6)                          sv_Mepc+0
mem[W,0x0000000080009348] <- 0x0000030080000B61

clint mtime 0x0000000000000129 (mip.MTI <- 0b1, mip.STI <- 0b0)
mem[X,0x00000000800016D0] -> 0x55B7
mem[X,0x00000000800016D2] -> 0x0000
[594] [M]: 0x00000000800016D0 (0x000055B7) lui x11, 0x5                             sv_Mepc+4
x11 <- 0x0000000000005000

mem[X,0x00000000800016D4] -> 0x8593
mem[X,0x00000000800016D6] -> 0x6675
[595] [M]: 0x00000000800016D4 (0x66758593) addi x11, x11, 0x667                     sv_Mepc+8
x11 <- 0x0000000000005667

clint mtime 0x000000000000012A (mip.MTI <- 0b1, mip.STI <- 0b0)
mem[X,0x00000000800016D8] -> 0x9593
mem[X,0x00000000800016DA] -> 0x0015
[596] [M]: 0x00000000800016D8 (0x00159593) slli x11, x11, 0x1                       sv_Mepc+12
x11 <- 0x000000000000ACCE

mem[X,0x00000000800016DC] -> 0x9063
mem[X,0x00000000800016DE] -> 0x02B1
[597] [M]: 0x00000000800016DC (0x02B19063) bne x3, x11, 0x20                        sv_Mepc+16

clint mtime 0x000000000000012B (mip.MTI <- 0b1, mip.STI <- 0b0)
mem[X,0x00000000800016FC] -> 0xF593
mem[X,0x00000000800016FE] -> 0xFFC3
[598] [M]: 0x00000000800016FC (0xFFC3F593) andi x11, x7, -0x4                       adj_Mepc_rtn+0
x11 <- 0x0000030080000B60

mem[X,0x0000000080001700] -> 0x8593
mem[X,0x0000000080001702] -> 0x0085
[599] [M]: 0x0000000080001700 (0x00858593) addi x11, x11, 0x8                       adj_Mepc_rtn+4
x11 <- 0x0000030080000B68

clint mtime 0x000000000000012C (mip.MTI <- 0b1, mip.STI <- 0b0)
mem[X,0x0000000080001704] -> 0x9073
mem[X,0x0000000080001706] -> 0x3415
[600] [M]: 0x0000000080001704 (0x34159073) csrrw x0, mepc, x11                      adj_Mepc_rtn+8
CSR mepc (0x341) <- 0x0000030080000B68

mem[X,0x0000000080001708] -> 0x23F3
mem[X,0x000000008000170A] -> 0x3430
[601] [M]: 0x0000000080001708 (0x343023F3) csrrs x7, mtval, x0                      skp_adj_Mepc+0
CSR mtval (0x343) -> 0x0000028080000414
x7 <- 0x0000028080000414

clint mtime 0x000000000000012D (mip.MTI <- 0b1, mip.STI <- 0b0)
mem[X,0x000000008000170C] -> 0x0413
mem[X,0x000000008000170E] -> 0x0004
[602] [M]: 0x000000008000170C (0x00040413) addi x8, x8, 0x0                         skp_adj_Mepc+4
x8 <- 0x0000030080000B61

mem[X,0x0000000080001710] -> 0x006F
mem[X,0x0000000080001712] -> 0x0840
[603] [M]: 0x0000000080001710 (0x0840006F) jal x0, 0x84                             skp_adj_Mepc+8

clint mtime 0x000000000000012E (mip.MTI <- 0b1, mip.STI <- 0b0)
mem[X,0x0000000080001794] -> 0x8433
mem[X,0x0000000080001796] -> 0x4083
[604] [M]: 0x0000000080001794 (0x40838433) sub x8, x7, x8                           adj_Mtval+0
x8 <- 0xFFFFFF7FFFFFF8B3

mem[X,0x0000000080001798] -> 0x3C23
mem[X,0x000000008000179A] -> 0x0083
[605] [M]: 0x0000000080001798 (0x00833C23) sd x8, 0x18(x6)                          sv_Mtval+0
mem[W,0x0000000080009350] <- 0xFFFFFF7FFFFFF8B3

clint mtime 0x000000000000012F (mip.MTI <- 0b1, mip.STI <- 0b0)
mem[X,0x000000008000179C] -> 0x3483
mem[X,0x000000008000179E] -> 0x2181
[606] [M]: 0x000000008000179C (0x21813483) ld x9, 0x218(x2)                         skp_Mtval+0
mem[R,0x0000000080004218] -> 0x0000000080009358
x9 <- 0x0000000080009358

mem[X,0x00000000800017A0] -> 0x3383
mem[X,0x00000000800017A2] -> 0x1F81
[607] [M]: 0x00000000800017A0 (0x1F813383) ld x7, 0x1f8(x2)                         skp_Mtval+4
mem[R,0x00000000800041F8] -> 0x0000000080009110
x7 <- 0x0000000080009110

clint mtime 0x0000000000000130 (mip.MTI <- 0b1, mip.STI <- 0b0)
mem[X,0x00000000800017A4] -> 0x3303
mem[X,0x00000000800017A6] -> 0x2001
[608] [M]: 0x00000000800017A4 (0x20013303) ld x6, 0x200(x2)                         skp_Mtval+8
mem[R,0x0000000080004200] -> 0x0000000000000410
x6 <- 0x0000000000000410

mem[X,0x00000000800017A8] -> 0x0333
mem[X,0x00000000800017AA] -> 0x0073
[609] [M]: 0x00000000800017A8 (0x00730333) add x6, x6, x7                           skp_Mtval+12
x6 <- 0x0000000080009520

clint mtime 0x0000000000000131 (mip.MTI <- 0b1, mip.STI <- 0b0)
mem[X,0x00000000800017AC] -> 0x6AE3
mem[X,0x00000000800017AE] -> 0xAE93
[610] [M]: 0x00000000800017AC (0xAE936AE3) bltu x6, x9, -0x50c                      skp_Mtval+16

mem[X,0x00000000800017B0] -> 0x0393
mem[X,0x00000000800017B2] -> 0x2000
[611] [M]: 0x00000000800017B0 (0x20000393) addi x7, x0, 0x200                       skp_Mtval+20
x7 <- 0x0000000000000200

clint mtime 0x0000000000000132 (mip.MTI <- 0b1, mip.STI <- 0b0)
mem[X,0x00000000800017B4] -> 0x006F
mem[X,0x00000000800017B6] -> 0x0400
[612] [M]: 0x00000000800017B4 (0x0400006F) jal x0, 0x40                             skp_Mtval+24

mem[X,0x00000000800017F4] -> 0x0417
mem[X,0x00000000800017F6] -> 0x0000
[613] [M]: 0x00000000800017F4 (0x00000417) auipc x8, 0x0                            spcl_Mhandler+0
x8 <- 0x00000000800017F4

clint mtime 0x0000000000000133 (mip.MTI <- 0b1, mip.STI <- 0b0)
mem[X,0x00000000800017F8] -> 0x0413
mem[X,0x00000000800017FA] -> 0x03C4
[614] [M]: 0x00000000800017F8 (0x03C40413) addi x8, x8, 0x3c                        spcl_Mhandler+4
x8 <- 0x0000000080001830

mem[X,0x00000000800017FC] -> 0x0433
mem[X,0x00000000800017FE] -> 0x0074
[615] [M]: 0x00000000800017FC (0x00740433) add x8, x8, x7                           spcl_Mhandler+8
x8 <- 0x0000000080001A30

clint mtime 0x0000000000000134 (mip.MTI <- 0b1, mip.STI <- 0b0)
mem[X,0x0000000080001800] -> 0x1393
mem[X,0x0000000080001802] -> 0x0035
[616] [M]: 0x0000000080001800 (0x00351393) slli x7, x10, 0x3                        spcl_Mhandler+12
x7 <- 0x0000000000000078

mem[X,0x0000000080001804] -> 0x0433
mem[X,0x0000000080001806] -> 0x0074
[617] [M]: 0x0000000080001804 (0x00740433) add x8, x8, x7                           spcl_Mhandler+16
x8 <- 0x0000000080001AA8

clint mtime 0x0000000000000135 (mip.MTI <- 0b1, mip.STI <- 0b0)
mem[X,0x0000000080001808] -> 0x7413
mem[X,0x000000008000180A] -> 0xFF84
[618] [M]: 0x0000000080001808 (0xFF847413) andi x8, x8, -0x8                        spcl_Mhandler+20
x8 <- 0x0000000080001AA8

mem[X,0x000000008000180C] -> 0x3403
mem[X,0x000000008000180E] -> 0x0004
[619] [M]: 0x000000008000180C (0x00043403) ld x8, 0x0(x8)                           spcl_Mhandler+24
mem[R,0x0000000080001AA8] -> 0x000000000000001F
x8 <- 0x000000000000001F

clint mtime 0x0000000000000136 (mip.MTI <- 0b1, mip.STI <- 0b0)
mem[X,0x0000000080001810] -> 0x02E3
mem[X,0x0000000080001812] -> 0xB204
[620] [M]: 0x0000000080001810 (0xB20402E3) beq x8, x0, -0x4dc                       spcl_Mdispatch_hndling+0

mem[X,0x0000000080001814] -> 0x1393
mem[X,0x0000000080001816] -> 0x03F4
[621] [M]: 0x0000000080001814 (0x03F41393) slli x7, x8, 0x3f                        spcl_Mdispatch_hndling+4
x7 <- 0x8000000000000000

clint mtime 0x0000000000000137 (mip.MTI <- 0b1, mip.STI <- 0b0)
mem[X,0x0000000080001818] -> 0xD863
mem[X,0x000000008000181A] -> 0x0003
[622] [M]: 0x0000000080001818 (0x0003D863) bge x7, x0, 0x10                         spcl_Mdispatch_hndling+8

mem[X,0x000000008000181C] -> 0x5413
mem[X,0x000000008000181E] -> 0x0014
[623] [M]: 0x000000008000181C (0x00145413) srli x8, x8, 0x1                         spcl_Mdispatch_hndling+12
x8 <- 0x000000000000000F

clint mtime 0x0000000000000138 (mip.MTI <- 0b1, mip.STI <- 0b0)
mem[X,0x0000000080001820] -> 0x0CE3
mem[X,0x0000000080001822] -> 0xF885
[624] [M]: 0x0000000080001820 (0xF8850CE3) beq x10, x8, -0x68                       spcl_Mdispatch_hndling+16

mem[X,0x00000000800017B8] -> 0x3303
mem[X,0x00000000800017BA] -> 0x2601
[625] [M]: 0x00000000800017B8 (0x26013303) ld x6, 0x260(x2)                         resto_Mrtn+0
mem[R,0x0000000080004260] -> 0x0000030000000008
x6 <- 0x0000030000000008

clint mtime 0x0000000000000139 (mip.MTI <- 0b1, mip.STI <- 0b0)
mem[X,0x00000000800017BC] -> 0x3383
mem[X,0x00000000800017BE] -> 0x2681
[626] [M]: 0x00000000800017BC (0x26813383) ld x7, 0x268(x2)                         resto_Mrtn+4
mem[R,0x0000000080004268] -> 0x0000000080004000
x7 <- 0x0000000080004000

mem[X,0x00000000800017C0] -> 0x3403
mem[X,0x00000000800017C2] -> 0x2701
[627] [M]: 0x00000000800017C0 (0x27013403) ld x8, 0x270(x2)                         resto_Mrtn+8
mem[R,0x0000000080004270] -> 0x0000000000007F76
x8 <- 0x0000000000007F76

clint mtime 0x000000000000013A (mip.MTI <- 0b1, mip.STI <- 0b0)
mem[X,0x00000000800017C4] -> 0x3483
mem[X,0x00000000800017C6] -> 0x2781
[628] [M]: 0x00000000800017C4 (0x27813483) ld x9, 0x278(x2)                         resto_Mrtn+12
mem[R,0x0000000080004278] -> 0x0000060080000B38
x9 <- 0x0000060080000B38

mem[X,0x00000000800017C8] -> 0x3503
mem[X,0x00000000800017CA] -> 0x2801
[629] [M]: 0x00000000800017C8 (0x28013503) ld x10, 0x280(x2)                        resto_Mrtn+16
mem[R,0x0000000080004280] -> 0x00000000000000DE
x10 <- 0x00000000000000DE

clint mtime 0x000000000000013B (mip.MTI <- 0b1, mip.STI <- 0b0)
mem[X,0x00000000800017CC] -> 0x3583
mem[X,0x00000000800017CE] -> 0x2881
[630] [M]: 0x00000000800017CC (0x28813583) ld x11, 0x288(x2)                        resto_Mrtn+20
mem[R,0x0000000080004288] -> 0x00000000000000DE
x11 <- 0x00000000000000DE

mem[X,0x00000000800017D0] -> 0x3103
mem[X,0x00000000800017D2] -> 0x2901
[631] [M]: 0x00000000800017D0 (0x29013103) ld x2, 0x290(x2)                         resto_Mrtn+24
mem[R,0x0000000080004290] -> 0x0000000080004000
x2 <- 0x0000000080004000

clint mtime 0x000000000000013C (mip.MTI <- 0b1, mip.STI <- 0b0)
mem[X,0x00000000800017D4] -> 0x0073
mem[X,0x00000000800017D6] -> 0x3020
[632] [M]: 0x00000000800017D4 (0x30200073) mret                                     resto_Mrtn+28
CSR mstatus (0x300) <- 0x0000000A00000080
ret-ing from M to U

mem[X,0x0000000080000B68] -> 0xA703
mem[X,0x0000000080000B6A] -> 0x0147
[633] [U]: 0x0000030080000B68 (0x0147A703) lw x14, 0x14(x15)                        va_rvtest_code_begin+940
PTW: Start, vpn=0x28080000, access_type=R, privilege=Umem[R,0x0000000080008028] -> 0x00000000000000DE
PTW: Step, level=3, pte=0xDE, pte_addr=0x80008028
PTW: failed, error=invalid-pte, level=3, pte_addr=0x80008028
trapping from U to M to handle load-page-fault
handling exc#load-page-fault at priv M with tval 0x0000028080000414
CSR mstatus (0x300) <- 0x0000000A00000000
CSR mcause (0x342) <- 0x000000000000000D
CSR mtval (0x343) <- 0x0000028080000414
CSR mepc (0x341) <- 0x0000030080000B68

clint mtime 0x000000000000013D (mip.MTI <- 0b1, mip.STI <- 0b0)
mem[X,0x0000000080001380] -> 0x006F
mem[X,0x0000000080001382] -> 0x1000
[634] [M]: 0x0000000080001380 (0x1000006F) jal x0, 0x100                            Mtrampoline+0

mem[X,0x0000000080001480] -> 0x1173
mem[X,0x0000000080001482] -> 0x3401
[635] [M]: 0x0000000080001480 (0x34011173) csrrw x2, mscratch, x2                   trap_Mhandler+0
CSR mscratch (0x340) <- 0x0000000080004000
x2 <- 0x0000000080004000

clint mtime 0x000000000000013E (mip.MTI <- 0b1, mip.STI <- 0b0)
mem[X,0x0000000080001484] -> 0x3423
mem[X,0x0000000080001486] -> 0x28B1
[636] [M]: 0x0000000080001484 (0x28B13423) sd x11, 0x288(x2)                        trap_Mhandler+4
mem[W,0x0000000080004288] <- 0x00000000000000DE

mem[X,0x0000000080001488] -> 0x05EF
mem[X,0x000000008000148A] -> 0x0B80
[637] [M]: 0x0000000080001488 (0x0B8005EF) jal x11, 0xb8                            trap_Mhandler+8
x11 <- 0x000000008000148C

clint mtime 0x000000000000013F (mip.MTI <- 0b1, mip.STI <- 0b0)
mem[X,0x0000000080001540] -> 0x3023
mem[X,0x0000000080001542] -> 0x28A1
[638] [M]: 0x0000000080001540 (0x28A13023) sd x10, 0x280(x2)                        common_Mhandler+0
mem[W,0x0000000080004280] <- 0x00000000000000DE

mem[X,0x0000000080001544] -> 0x1573
mem[X,0x0000000080001546] -> 0x3401
[639] [M]: 0x0000000080001544 (0x34011573) csrrw x10, mscratch, x2                  common_Mhandler+4
CSR mscratch (0x340) <- 0x0000000080004000
x10 <- 0x0000000080004000

clint mtime 0x0000000000000140 (mip.MTI <- 0b1, mip.STI <- 0b0)
mem[X,0x0000000080001548] -> 0x3823
mem[X,0x000000008000154A] -> 0x28A1
[640] [M]: 0x0000000080001548 (0x28A13823) sd x10, 0x290(x2)                        common_Mhandler+8
mem[W,0x0000000080004290] <- 0x0000000080004000

mem[X,0x000000008000154C] -> 0x3503
mem[X,0x000000008000154E] -> 0x2301
[641] [M]: 0x000000008000154C (0x23013503) ld x10, 0x230(x2)                        common_Mhandler+12
mem[R,0x0000000080004230] -> 0x0000000080001554
x10 <- 0x0000000080001554

clint mtime 0x0000000000000141 (mip.MTI <- 0b1, mip.STI <- 0b0)
mem[X,0x0000000080001550] -> 0x0067
mem[X,0x0000000080001552] -> 0x0005
[642] [M]: 0x0000000080001550 (0x00050067) jalr x0, 0x0(x10)                        common_Mhandler+16

mem[X,0x0000000080001554] -> 0x3C23
mem[X,0x0000000080001556] -> 0x2691
[643] [M]: 0x0000000080001554 (0x26913C23) sd x9, 0x278(x2)                         common_Mentry+0
mem[W,0x0000000080004278] <- 0x0000060080000B38

clint mtime 0x0000000000000142 (mip.MTI <- 0b1, mip.STI <- 0b0)
mem[X,0x0000000080001558] -> 0x3823
mem[X,0x000000008000155A] -> 0x2681
[644] [M]: 0x0000000080001558 (0x26813823) sd x8, 0x270(x2)                         common_Mentry+4
mem[W,0x0000000080004270] <- 0x0000000000007F76

mem[X,0x000000008000155C] -> 0x3423
mem[X,0x000000008000155E] -> 0x2671
[645] [M]: 0x000000008000155C (0x26713423) sd x7, 0x268(x2)                         common_Mentry+8
mem[W,0x0000000080004268] <- 0x0000000080004000

clint mtime 0x0000000000000143 (mip.MTI <- 0b1, mip.STI <- 0b0)
mem[X,0x0000000080001560] -> 0x3023
mem[X,0x0000000080001562] -> 0x2661
[646] [M]: 0x0000000080001560 (0x26613023) sd x6, 0x260(x2)                         common_Mentry+12
mem[W,0x0000000080004260] <- 0x0000030000000008

mem[X,0x0000000080001564] -> 0x2573
mem[X,0x0000000080001566] -> 0x3420
[647] [M]: 0x0000000080001564 (0x34202573) csrrs x10, mcause, x0                    spcl_M2mmode_test+0
CSR mcause (0x342) -> 0x000000000000000D
x10 <- 0x000000000000000D

clint mtime 0x0000000000000144 (mip.MTI <- 0b1, mip.STI <- 0b0)
mem[X,0x0000000080001568] -> 0x04B7
mem[X,0x000000008000156A] -> 0x8000
[648] [M]: 0x0000000080001568 (0x800004B7) lui x9, -0x80000                         spcl_M2mmode_test+4
x9 <- 0xFFFFFFFF80000000

mem[X,0x000000008000156C] -> 0x8493
mem[X,0x000000008000156E] -> 0x0004
[649] [M]: 0x000000008000156C (0x00048493) addi x9, x9, 0x0                         spcl_M2mmode_test+8
x9 <- 0xFFFFFFFF80000000

clint mtime 0x0000000000000145 (mip.MTI <- 0b1, mip.STI <- 0b0)
mem[X,0x0000000080001570] -> 0x9493
mem[X,0x0000000080001572] -> 0x00B4
[650] [M]: 0x0000000080001570 (0x00B49493) slli x9, x9, 0xb                         spcl_M2mmode_test+12
x9 <- 0xFFFFFC0000000000

mem[X,0x0000000080001574] -> 0x8493
mem[X,0x0000000080001576] -> 0x0004
[651] [M]: 0x0000000080001574 (0x00048493) addi x9, x9, 0x0                         spcl_M2mmode_test+16
x9 <- 0xFFFFFC0000000000

clint mtime 0x0000000000000146 (mip.MTI <- 0b1, mip.STI <- 0b0)
mem[X,0x0000000080001578] -> 0x9493
mem[X,0x000000008000157A] -> 0x00B4
[652] [M]: 0x0000000080001578 (0x00B49493) slli x9, x9, 0xb                         spcl_M2mmode_test+20
x9 <- 0xFFE0000000000000

mem[X,0x000000008000157C] -> 0x8493
mem[X,0x000000008000157E] -> 0x0034
[653] [M]: 0x000000008000157C (0x00348493) addi x9, x9, 0x3                         spcl_M2mmode_test+24
x9 <- 0xFFE0000000000003

clint mtime 0x0000000000000147 (mip.MTI <- 0b1, mip.STI <- 0b0)
mem[X,0x0000000080001580] -> 0x9493
mem[X,0x0000000080001582] -> 0x00A4
[654] [M]: 0x0000000080001580 (0x00A49493) slli x9, x9, 0xa                         spcl_M2mmode_test+28
x9 <- 0x8000000000000C00

mem[X,0x0000000080001584] -> 0x8493
mem[X,0x0000000080001586] -> 0x3FC4
[655] [M]: 0x0000000080001584 (0x3FC48493) addi x9, x9, 0x3fc                       spcl_M2mmode_test+32
x9 <- 0x8000000000000FFC

clint mtime 0x0000000000000148 (mip.MTI <- 0b1, mip.STI <- 0b0)
mem[X,0x0000000080001588] -> 0xF4B3
mem[X,0x000000008000158A] -> 0x00A4
[656] [M]: 0x0000000080001588 (0x00A4F4B3) and x9, x9, x10                          spcl_M2mmode_test+36
x9 <- 0x000000000000000C

mem[X,0x000000008000158C] -> 0x8493
mem[X,0x000000008000158E] -> 0xFF84
[657] [M]: 0x000000008000158C (0xFF848493) addi x9, x9, -0x8                        spcl_M2mmode_test+40
x9 <- 0x0000000000000004

clint mtime 0x0000000000000149 (mip.MTI <- 0b1, mip.STI <- 0b0)
mem[X,0x0000000080001590] -> 0x9663
mem[X,0x0000000080001592] -> 0x0004
[658] [M]: 0x0000000080001590 (0x00049663) bne x9, x0, 0xc                          spcl_M2mmode_test+44

mem[X,0x000000008000159C] -> 0x0393
mem[X,0x000000008000159E] -> 0x0200
[659] [M]: 0x000000008000159C (0x02000393) addi x7, x0, 0x20                        Mtrapsig_ptr_upd+0
x7 <- 0x0000000000000020

clint mtime 0x000000000000014A (mip.MTI <- 0b1, mip.STI <- 0b0)
mem[X,0x00000000800015A0] -> 0x5263
mem[X,0x00000000800015A2] -> 0x0405
[660] [M]: 0x00000000800015A0 (0x04055263) bge x10, x0, 0x44                        Mtrapsig_ptr_upd+4

mem[X,0x00000000800015E4] -> 0x2373
mem[X,0x00000000800015E6] -> 0x3010
[661] [M]: 0x00000000800015E4 (0x30102373) csrrs x6, misa, x0                       Mxcpt_sig_sv+0
CSR misa (0x301) -> 0x800000000034112F
x6 <- 0x800000000034112F

clint mtime 0x000000000000014B (mip.MTI <- 0b1, mip.STI <- 0b0)
mem[X,0x00000000800015E8] -> 0x1313
mem[X,0x00000000800015EA] -> 0x0383
[662] [M]: 0x00000000800015E8 (0x03831313) slli x6, x6, 0x38                        Mxcpt_sig_sv+4
x6 <- 0x2F00000000000000

mem[X,0x00000000800015EC] -> 0x5463
mem[X,0x00000000800015EE] -> 0x0003
[663] [M]: 0x00000000800015EC (0x00035463) bge x6, x0, 0x8                          Mxcpt_sig_sv+8

clint mtime 0x000000000000014C (mip.MTI <- 0b1, mip.STI <- 0b0)
mem[X,0x00000000800015F4] -> 0x3303
mem[X,0x00000000800015F6] -> 0x2181
[664] [M]: 0x00000000800015F4 (0x21813303) ld x6, 0x218(x2)                         Mtrap_sig_sv+0
mem[R,0x0000000080004218] -> 0x0000000080009358
x6 <- 0x0000000080009358

mem[X,0x00000000800015F8] -> 0x04B3
mem[X,0x00000000800015FA] -> 0x0073
[665] [M]: 0x00000000800015F8 (0x007304B3) add x9, x6, x7                           Mtrap_sig_sv+4
x9 <- 0x0000000080009378

clint mtime 0x000000000000014D (mip.MTI <- 0b1, mip.STI <- 0b0)
mem[X,0x00000000800015FC] -> 0x3C23
mem[X,0x00000000800015FE] -> 0x2091
[666] [M]: 0x00000000800015FC (0x20913C23) sd x9, 0x218(x2)                         Mtrap_sig_sv+8
mem[W,0x0000000080004218] <- 0x0000000080009378

mem[X,0x0000000080001600] -> 0x3403
mem[X,0x0000000080001602] -> 0x1F81
[667] [M]: 0x0000000080001600 (0x1F813403) ld x8, 0x1f8(x2)                         Mtrap_sig_sv+12
mem[R,0x00000000800041F8] -> 0x0000000080009110
x8 <- 0x0000000080009110

clint mtime 0x000000000000014E (mip.MTI <- 0b1, mip.STI <- 0b0)
mem[X,0x0000000080001604] -> 0x0333
mem[X,0x0000000080001606] -> 0x4083
[668] [M]: 0x0000000080001604 (0x40830333) sub x6, x6, x8                           Mtrap_sig_sv+16
x6 <- 0x0000000000000248

mem[X,0x0000000080001608] -> 0x3403
mem[X,0x000000008000160A] -> 0x1F81
[669] [M]: 0x0000000080001608 (0x1F813403) ld x8, 0x1f8(x2)                         Mtrap_sig_sv+20
mem[R,0x00000000800041F8] -> 0x0000000080009110
x8 <- 0x0000000080009110

clint mtime 0x000000000000014F (mip.MTI <- 0b1, mip.STI <- 0b0)
mem[X,0x000000008000160C] -> 0x0333
mem[X,0x000000008000160E] -> 0x0083
[670] [M]: 0x000000008000160C (0x00830333) add x6, x6, x8                           Mtrap_sig_sv+24
x6 <- 0x0000000080009358

mem[X,0x0000000080001610] -> 0x3403
mem[X,0x0000000080001612] -> 0x2401
[671] [M]: 0x0000000080001610 (0x24013403) ld x8, 0x240(x2)                         Mtrap_sig_sv+28
mem[R,0x0000000080004240] -> 0x0000000080001380
x8 <- 0x0000000080001380

clint mtime 0x0000000000000150 (mip.MTI <- 0b1, mip.STI <- 0b0)
mem[X,0x0000000080001614] -> 0x85B3
mem[X,0x0000000080001616] -> 0x4085
[672] [M]: 0x0000000080001614 (0x408585B3) sub x11, x11, x8                         sv_Mvect+0
x11 <- 0x000000000000010C

mem[X,0x0000000080001618] -> 0x9593
mem[X,0x000000008000161A] -> 0x0045
[673] [M]: 0x0000000080001618 (0x00459593) slli x11, x11, 0x4                       sv_Mvect+4
x11 <- 0x00000000000010C0

clint mtime 0x0000000000000151 (mip.MTI <- 0b1, mip.STI <- 0b0)
mem[X,0x000000008000161C] -> 0xE5B3
mem[X,0x000000008000161E] -> 0x0075
[674] [M]: 0x000000008000161C (0x0075E5B3) or x11, x11, x7                          sv_Mvect+8
x11 <- 0x00000000000010E0

mem[X,0x0000000080001620] -> 0x8593
mem[X,0x0000000080001622] -> 0x0035
[675] [M]: 0x0000000080001620 (0x00358593) addi x11, x11, 0x3                       sv_Mvect+12
x11 <- 0x00000000000010E3

clint mtime 0x0000000000000152 (mip.MTI <- 0b1, mip.STI <- 0b0)
mem[X,0x0000000080001624] -> 0x3023
mem[X,0x0000000080001626] -> 0x00B3
[676] [M]: 0x0000000080001624 (0x00B33023) sd x11, 0x0(x6)                          sv_Mvect+16
mem[W,0x0000000080009358] <- 0x00000000000010E3

mem[X,0x0000000080001628] -> 0x3423
mem[X,0x000000008000162A] -> 0x00A3
[677] [M]: 0x0000000080001628 (0x00A33423) sd x10, 0x8(x6)                          sv_Mcause+0
mem[W,0x0000000080009360] <- 0x000000000000000D

clint mtime 0x0000000000000153 (mip.MTI <- 0b1, mip.STI <- 0b0)
mem[X,0x000000008000162C] -> 0x4663
mem[X,0x000000008000162E] -> 0x1A05
[678] [M]: 0x000000008000162C (0x1A054663) blt x10, x0, 0x1ac                       sv_Mcause+4

mem[X,0x0000000080001630] -> 0x25F3
mem[X,0x0000000080001632] -> 0x3000
[679] [M]: 0x0000000080001630 (0x300025F3) csrrs x11, mstatus, x0                   common_Mexcpt_handler+0
CSR mstatus (0x300) -> 0x0000000A00000000
x11 <- 0x0000000A00000000

clint mtime 0x0000000000000154 (mip.MTI <- 0b1, mip.STI <- 0b0)
mem[X,0x0000000080001634] -> 0x9413
mem[X,0x0000000080001636] -> 0x02E5
[680] [M]: 0x0000000080001634 (0x02E59413) slli x8, x11, 0x2e                       common_Mexcpt_handler+4
x8 <- 0x0000000000000000

mem[X,0x0000000080001638] -> 0x5463
mem[X,0x000000008000163A] -> 0x0004
[681] [M]: 0x0000000080001638 (0x00045463) bge x8, x0, 0x8                          common_Mexcpt_handler+8

clint mtime 0x0000000000000155 (mip.MTI <- 0b1, mip.STI <- 0b0)
mem[X,0x0000000080001640] -> 0xD493
mem[X,0x0000000080001642] -> 0x00B5
[682] [M]: 0x0000000080001640 (0x00B5D493) srli x9, x11, 0xb                        common_Mexcpt_handler+16
x9 <- 0x0000000001400000

mem[X,0x0000000080001644] -> 0xF493
mem[X,0x0000000080001646] -> 0x0034
[683] [M]: 0x0000000080001644 (0x0034F493) andi x9, x9, 0x3                         common_Mexcpt_handler+20
x9 <- 0x0000000000000000

clint mtime 0x0000000000000156 (mip.MTI <- 0b1, mip.STI <- 0b0)
mem[X,0x0000000080001648] -> 0x8493
mem[X,0x000000008000164A] -> 0x0014
[684] [M]: 0x0000000080001648 (0x00148493) addi x9, x9, 0x1                         common_Mexcpt_handler+24
x9 <- 0x0000000000000001

mem[X,0x000000008000164C] -> 0xF493
mem[X,0x000000008000164E] -> 0x0044
[685] [M]: 0x000000008000164C (0x0044F493) andi x9, x9, 0x4                         common_Mexcpt_handler+28
x9 <- 0x0000000000000000

clint mtime 0x0000000000000157 (mip.MTI <- 0b1, mip.STI <- 0b0)
mem[X,0x0000000080001650] -> 0x0593
mem[X,0x0000000080001652] -> 0x05D0
[686] [M]: 0x0000000080001650 (0x05D00593) addi x11, x0, 0x5d                       common_Mexcpt_handler+32
x11 <- 0x000000000000005D

mem[X,0x0000000080001654] -> 0xD5B3
mem[X,0x0000000080001656] -> 0x0095
[687] [M]: 0x0000000080001654 (0x0095D5B3) srl x11, x11, x9                         common_Mexcpt_handler+36
x11 <- 0x000000000000005D

clint mtime 0x0000000000000158 (mip.MTI <- 0b1, mip.STI <- 0b0)
mem[X,0x0000000080001658] -> 0xF593
mem[X,0x000000008000165A] -> 0x0015
[688] [M]: 0x0000000080001658 (0x0015F593) andi x11, x11, 0x1                       common_Mexcpt_handler+40
x11 <- 0x0000000000000001

mem[X,0x000000008000165C] -> 0x8EE3
mem[X,0x000000008000165E] -> 0xF405
[689] [M]: 0x000000008000165C (0xF4058EE3) beq x11, x0, -0xa4                       common_Mexcpt_handler+44

clint mtime 0x0000000000000159 (mip.MTI <- 0b1, mip.STI <- 0b0)
mem[X,0x0000000080001660] -> 0x0593
mem[X,0x0000000080001662] -> 0x2980
[690] [M]: 0x0000000080001660 (0x29800593) addi x11, x0, 0x298                      common_Mexcpt_handler+48
x11 <- 0x0000000000000298

mem[X,0x0000000080001664] -> 0xF413
mem[X,0x0000000080001666] -> 0x0014
[691] [M]: 0x0000000080001664 (0x0014F413) andi x8, x9, 0x1                         common_Mexcpt_handler+52
x8 <- 0x0000000000000000

clint mtime 0x000000000000015A (mip.MTI <- 0b1, mip.STI <- 0b0)
mem[X,0x0000000080001668] -> 0x95B3
mem[X,0x000000008000166A] -> 0x0085
[692] [M]: 0x0000000080001668 (0x008595B3) sll x11, x11, x8                         common_Mexcpt_handler+56
x11 <- 0x0000000000000298

mem[X,0x000000008000166C] -> 0x9413
mem[X,0x000000008000166E] -> 0x03D4
[693] [M]: 0x000000008000166C (0x03D49413) slli x8, x9, 0x3d                        common_Mexcpt_handler+60
x8 <- 0x0000000000000000

clint mtime 0x000000000000015B (mip.MTI <- 0b1, mip.STI <- 0b0)
mem[X,0x0000000080001670] -> 0x5413
mem[X,0x0000000080001672] -> 0x43F4
[694] [M]: 0x0000000080001670 (0x43F45413) srai x8, x8, 0x3f                        common_Mexcpt_handler+64
x8 <- 0x0000000000000000

mem[X,0x0000000080001674] -> 0x4413
mem[X,0x0000000080001676] -> 0xFFF4
[695] [M]: 0x0000000080001674 (0xFFF44413) xori x8, x8, -0x1                        common_Mexcpt_handler+68
x8 <- 0xFFFFFFFFFFFFFFFF

clint mtime 0x000000000000015C (mip.MTI <- 0b1, mip.STI <- 0b0)
mem[X,0x0000000080001678] -> 0xF4B3
mem[X,0x000000008000167A] -> 0x0085
[696] [M]: 0x0000000080001678 (0x0085F4B3) and x9, x11, x8                          common_Mexcpt_handler+72
x9 <- 0x0000000000000298

mem[X,0x000000008000167C] -> 0x84B3
mem[X,0x000000008000167E] -> 0x0024
[697] [M]: 0x000000008000167C (0x002484B3) add x9, x9, x2                           vmem_adj_Mepc+0
x9 <- 0x0000000080004298

clint mtime 0x000000000000015D (mip.MTI <- 0b1, mip.STI <- 0b0)
mem[X,0x0000000080001680] -> 0x23F3
mem[X,0x0000000080001682] -> 0x3410
[698] [M]: 0x0000000080001680 (0x341023F3) csrrs x7, mepc, x0                       vmem_adj_Mepc+4
CSR mepc (0x341) -> 0x0000030080000B68
x7 <- 0x0000030080000B68

mem[X,0x0000000080001684] -> 0x0413
mem[X,0x0000000080001686] -> 0x0004
[699] [M]: 0x0000000080001684 (0x00040413) addi x8, x8, 0x0                         vmem_adj_Mepc+8
x8 <- 0xFFFFFFFFFFFFFFFF

clint mtime 0x000000000000015E (mip.MTI <- 0b1, mip.STI <- 0b0)
mem[X,0x0000000080001688] -> 0x006F
mem[X,0x000000008000168A] -> 0x0400
[700] [M]: 0x0000000080001688 (0x0400006F) jal x0, 0x40                             vmem_adj_Mepc+12

mem[X,0x00000000800016C8] -> 0x8433
mem[X,0x00000000800016CA] -> 0x4083
[701] [M]: 0x00000000800016C8 (0x40838433) sub x8, x7, x8                           adj_Mepc+0
x8 <- 0x0000030080000B69

clint mtime 0x000000000000015F (mip.MTI <- 0b1, mip.STI <- 0b0)
mem[X,0x00000000800016CC] -> 0x3823
mem[X,0x00000000800016CE] -> 0x0083
[702] [M]: 0x00000000800016CC (0x00833823) sd x8, 0x10(x6)                          sv_Mepc+0
mem[W,0x0000000080009368] <- 0x0000030080000B69

mem[X,0x00000000800016D0] -> 0x55B7
mem[X,0x00000000800016D2] -> 0x0000
[703] [M]: 0x00000000800016D0 (0x000055B7) lui x11, 0x5                             sv_Mepc+4
x11 <- 0x0000000000005000

clint mtime 0x0000000000000160 (mip.MTI <- 0b1, mip.STI <- 0b0)
mem[X,0x00000000800016D4] -> 0x8593
mem[X,0x00000000800016D6] -> 0x6675
[704] [M]: 0x00000000800016D4 (0x66758593) addi x11, x11, 0x667                     sv_Mepc+8
x11 <- 0x0000000000005667

mem[X,0x00000000800016D8] -> 0x9593
mem[X,0x00000000800016DA] -> 0x0015
[705] [M]: 0x00000000800016D8 (0x00159593) slli x11, x11, 0x1                       sv_Mepc+12
x11 <- 0x000000000000ACCE

clint mtime 0x0000000000000161 (mip.MTI <- 0b1, mip.STI <- 0b0)
mem[X,0x00000000800016DC] -> 0x9063
mem[X,0x00000000800016DE] -> 0x02B1
[706] [M]: 0x00000000800016DC (0x02B19063) bne x3, x11, 0x20                        sv_Mepc+16

mem[X,0x00000000800016FC] -> 0xF593
mem[X,0x00000000800016FE] -> 0xFFC3
[707] [M]: 0x00000000800016FC (0xFFC3F593) andi x11, x7, -0x4                       adj_Mepc_rtn+0
x11 <- 0x0000030080000B68

clint mtime 0x0000000000000162 (mip.MTI <- 0b1, mip.STI <- 0b0)
mem[X,0x0000000080001700] -> 0x8593
mem[X,0x0000000080001702] -> 0x0085
[708] [M]: 0x0000000080001700 (0x00858593) addi x11, x11, 0x8                       adj_Mepc_rtn+4
x11 <- 0x0000030080000B70

mem[X,0x0000000080001704] -> 0x9073
mem[X,0x0000000080001706] -> 0x3415
[709] [M]: 0x0000000080001704 (0x34159073) csrrw x0, mepc, x11                      adj_Mepc_rtn+8
CSR mepc (0x341) <- 0x0000030080000B70

clint mtime 0x0000000000000163 (mip.MTI <- 0b1, mip.STI <- 0b0)
mem[X,0x0000000080001708] -> 0x23F3
mem[X,0x000000008000170A] -> 0x3430
[710] [M]: 0x0000000080001708 (0x343023F3) csrrs x7, mtval, x0                      skp_adj_Mepc+0
CSR mtval (0x343) -> 0x0000028080000414
x7 <- 0x0000028080000414

mem[X,0x000000008000170C] -> 0x0413
mem[X,0x000000008000170E] -> 0x0004
[711] [M]: 0x000000008000170C (0x00040413) addi x8, x8, 0x0                         skp_adj_Mepc+4
x8 <- 0x0000030080000B69

clint mtime 0x0000000000000164 (mip.MTI <- 0b1, mip.STI <- 0b0)
mem[X,0x0000000080001710] -> 0x006F
mem[X,0x0000000080001712] -> 0x0840
[712] [M]: 0x0000000080001710 (0x0840006F) jal x0, 0x84                             skp_adj_Mepc+8

mem[X,0x0000000080001794] -> 0x8433
mem[X,0x0000000080001796] -> 0x4083
[713] [M]: 0x0000000080001794 (0x40838433) sub x8, x7, x8                           adj_Mtval+0
x8 <- 0xFFFFFF7FFFFFF8AB

clint mtime 0x0000000000000165 (mip.MTI <- 0b1, mip.STI <- 0b0)
mem[X,0x0000000080001798] -> 0x3C23
mem[X,0x000000008000179A] -> 0x0083
[714] [M]: 0x0000000080001798 (0x00833C23) sd x8, 0x18(x6)                          sv_Mtval+0
mem[W,0x0000000080009370] <- 0xFFFFFF7FFFFFF8AB

mem[X,0x000000008000179C] -> 0x3483
mem[X,0x000000008000179E] -> 0x2181
[715] [M]: 0x000000008000179C (0x21813483) ld x9, 0x218(x2)                         skp_Mtval+0
mem[R,0x0000000080004218] -> 0x0000000080009378
x9 <- 0x0000000080009378

clint mtime 0x0000000000000166 (mip.MTI <- 0b1, mip.STI <- 0b0)
mem[X,0x00000000800017A0] -> 0x3383
mem[X,0x00000000800017A2] -> 0x1F81
[716] [M]: 0x00000000800017A0 (0x1F813383) ld x7, 0x1f8(x2)                         skp_Mtval+4
mem[R,0x00000000800041F8] -> 0x0000000080009110
x7 <- 0x0000000080009110

mem[X,0x00000000800017A4] -> 0x3303
mem[X,0x00000000800017A6] -> 0x2001
[717] [M]: 0x00000000800017A4 (0x20013303) ld x6, 0x200(x2)                         skp_Mtval+8
mem[R,0x0000000080004200] -> 0x0000000000000410
x6 <- 0x0000000000000410

clint mtime 0x0000000000000167 (mip.MTI <- 0b1, mip.STI <- 0b0)
mem[X,0x00000000800017A8] -> 0x0333
mem[X,0x00000000800017AA] -> 0x0073
[718] [M]: 0x00000000800017A8 (0x00730333) add x6, x6, x7                           skp_Mtval+12
x6 <- 0x0000000080009520

mem[X,0x00000000800017AC] -> 0x6AE3
mem[X,0x00000000800017AE] -> 0xAE93
[719] [M]: 0x00000000800017AC (0xAE936AE3) bltu x6, x9, -0x50c                      skp_Mtval+16

clint mtime 0x0000000000000168 (mip.MTI <- 0b1, mip.STI <- 0b0)
mem[X,0x00000000800017B0] -> 0x0393
mem[X,0x00000000800017B2] -> 0x2000
[720] [M]: 0x00000000800017B0 (0x20000393) addi x7, x0, 0x200                       skp_Mtval+20
x7 <- 0x0000000000000200

mem[X,0x00000000800017B4] -> 0x006F
mem[X,0x00000000800017B6] -> 0x0400
[721] [M]: 0x00000000800017B4 (0x0400006F) jal x0, 0x40                             skp_Mtval+24

clint mtime 0x0000000000000169 (mip.MTI <- 0b1, mip.STI <- 0b0)
mem[X,0x00000000800017F4] -> 0x0417
mem[X,0x00000000800017F6] -> 0x0000
[722] [M]: 0x00000000800017F4 (0x00000417) auipc x8, 0x0                            spcl_Mhandler+0
x8 <- 0x00000000800017F4

mem[X,0x00000000800017F8] -> 0x0413
mem[X,0x00000000800017FA] -> 0x03C4
[723] [M]: 0x00000000800017F8 (0x03C40413) addi x8, x8, 0x3c                        spcl_Mhandler+4
x8 <- 0x0000000080001830

clint mtime 0x000000000000016A (mip.MTI <- 0b1, mip.STI <- 0b0)
mem[X,0x00000000800017FC] -> 0x0433
mem[X,0x00000000800017FE] -> 0x0074
[724] [M]: 0x00000000800017FC (0x00740433) add x8, x8, x7                           spcl_Mhandler+8
x8 <- 0x0000000080001A30

mem[X,0x0000000080001800] -> 0x1393
mem[X,0x0000000080001802] -> 0x0035
[725] [M]: 0x0000000080001800 (0x00351393) slli x7, x10, 0x3                        spcl_Mhandler+12
x7 <- 0x0000000000000068

clint mtime 0x000000000000016B (mip.MTI <- 0b1, mip.STI <- 0b0)
mem[X,0x0000000080001804] -> 0x0433
mem[X,0x0000000080001806] -> 0x0074
[726] [M]: 0x0000000080001804 (0x00740433) add x8, x8, x7                           spcl_Mhandler+16
x8 <- 0x0000000080001A98

mem[X,0x0000000080001808] -> 0x7413
mem[X,0x000000008000180A] -> 0xFF84
[727] [M]: 0x0000000080001808 (0xFF847413) andi x8, x8, -0x8                        spcl_Mhandler+20
x8 <- 0x0000000080001A98

clint mtime 0x000000000000016C (mip.MTI <- 0b1, mip.STI <- 0b0)
mem[X,0x000000008000180C] -> 0x3403
mem[X,0x000000008000180E] -> 0x0004
[728] [M]: 0x000000008000180C (0x00043403) ld x8, 0x0(x8)                           spcl_Mhandler+24
mem[R,0x0000000080001A98] -> 0x000000000000001B
x8 <- 0x000000000000001B

mem[X,0x0000000080001810] -> 0x02E3
mem[X,0x0000000080001812] -> 0xB204
[729] [M]: 0x0000000080001810 (0xB20402E3) beq x8, x0, -0x4dc                       spcl_Mdispatch_hndling+0

clint mtime 0x000000000000016D (mip.MTI <- 0b1, mip.STI <- 0b0)
mem[X,0x0000000080001814] -> 0x1393
mem[X,0x0000000080001816] -> 0x03F4
[730] [M]: 0x0000000080001814 (0x03F41393) slli x7, x8, 0x3f                        spcl_Mdispatch_hndling+4
x7 <- 0x8000000000000000

mem[X,0x0000000080001818] -> 0xD863
mem[X,0x000000008000181A] -> 0x0003
[731] [M]: 0x0000000080001818 (0x0003D863) bge x7, x0, 0x10                         spcl_Mdispatch_hndling+8

clint mtime 0x000000000000016E (mip.MTI <- 0b1, mip.STI <- 0b0)
mem[X,0x000000008000181C] -> 0x5413
mem[X,0x000000008000181E] -> 0x0014
[732] [M]: 0x000000008000181C (0x00145413) srli x8, x8, 0x1                         spcl_Mdispatch_hndling+12
x8 <- 0x000000000000000D

mem[X,0x0000000080001820] -> 0x0CE3
mem[X,0x0000000080001822] -> 0xF885
[733] [M]: 0x0000000080001820 (0xF8850CE3) beq x10, x8, -0x68                       spcl_Mdispatch_hndling+16

clint mtime 0x000000000000016F (mip.MTI <- 0b1, mip.STI <- 0b0)
mem[X,0x00000000800017B8] -> 0x3303
mem[X,0x00000000800017BA] -> 0x2601
[734] [M]: 0x00000000800017B8 (0x26013303) ld x6, 0x260(x2)                         resto_Mrtn+0
mem[R,0x0000000080004260] -> 0x0000030000000008
x6 <- 0x0000030000000008

mem[X,0x00000000800017BC] -> 0x3383
mem[X,0x00000000800017BE] -> 0x2681
[735] [M]: 0x00000000800017BC (0x26813383) ld x7, 0x268(x2)                         resto_Mrtn+4
mem[R,0x0000000080004268] -> 0x0000000080004000
x7 <- 0x0000000080004000

clint mtime 0x0000000000000170 (mip.MTI <- 0b1, mip.STI <- 0b0)
mem[X,0x00000000800017C0] -> 0x3403
mem[X,0x00000000800017C2] -> 0x2701
[736] [M]: 0x00000000800017C0 (0x27013403) ld x8, 0x270(x2)                         resto_Mrtn+8
mem[R,0x0000000080004270] -> 0x0000000000007F76
x8 <- 0x0000000000007F76

mem[X,0x00000000800017C4] -> 0x3483
mem[X,0x00000000800017C6] -> 0x2781
[737] [M]: 0x00000000800017C4 (0x27813483) ld x9, 0x278(x2)                         resto_Mrtn+12
mem[R,0x0000000080004278] -> 0x0000060080000B38
x9 <- 0x0000060080000B38

clint mtime 0x0000000000000171 (mip.MTI <- 0b1, mip.STI <- 0b0)
mem[X,0x00000000800017C8] -> 0x3503
mem[X,0x00000000800017CA] -> 0x2801
[738] [M]: 0x00000000800017C8 (0x28013503) ld x10, 0x280(x2)                        resto_Mrtn+16
mem[R,0x0000000080004280] -> 0x00000000000000DE
x10 <- 0x00000000000000DE

mem[X,0x00000000800017CC] -> 0x3583
mem[X,0x00000000800017CE] -> 0x2881
[739] [M]: 0x00000000800017CC (0x28813583) ld x11, 0x288(x2)                        resto_Mrtn+20
mem[R,0x0000000080004288] -> 0x00000000000000DE
x11 <- 0x00000000000000DE

clint mtime 0x0000000000000172 (mip.MTI <- 0b1, mip.STI <- 0b0)
mem[X,0x00000000800017D0] -> 0x3103
mem[X,0x00000000800017D2] -> 0x2901
[740] [M]: 0x00000000800017D0 (0x29013103) ld x2, 0x290(x2)                         resto_Mrtn+24
mem[R,0x0000000080004290] -> 0x0000000080004000
x2 <- 0x0000000080004000

mem[X,0x00000000800017D4] -> 0x0073
mem[X,0x00000000800017D6] -> 0x3020
[741] [M]: 0x00000000800017D4 (0x30200073) mret                                     resto_Mrtn+28
CSR mstatus (0x300) <- 0x0000000A00000080
ret-ing from M to U

clint mtime 0x0000000000000173 (mip.MTI <- 0b1, mip.STI <- 0b0)
mem[X,0x0000000080000B70] -> 0x51B7
mem[X,0x0000000080000B72] -> 0x0000
[742] [U]: 0x0000030080000B70 (0x000051B7) lui x3, 0x5                              va_rvtest_code_begin+948
x3 <- 0x0000000000005000

mem[X,0x0000000080000B74] -> 0x8193
mem[X,0x0000000080000B76] -> 0x6671
[743] [U]: 0x0000030080000B74 (0x66718193) addi x3, x3, 0x667                       va_rvtest_code_begin+952
x3 <- 0x0000000000005667

clint mtime 0x0000000000000174 (mip.MTI <- 0b1, mip.STI <- 0b0)
mem[X,0x0000000080000B78] -> 0x9193
mem[X,0x0000000080000B7A] -> 0x0011
[744] [U]: 0x0000030080000B78 (0x00119193) slli x3, x3, 0x1                         va_rvtest_code_begin+956
x3 <- 0x000000000000ACCE

mem[X,0x0000000080000B7C] -> 0x0013
mem[X,0x0000000080000B7E] -> 0x0000
[745] [U]: 0x0000030080000B7C (0x00000013) addi x0, x0, 0x0                         va_rvtest_code_begin+960

clint mtime 0x0000000000000175 (mip.MTI <- 0b1, mip.STI <- 0b0)
mem[X,0x0000000080000B80] -> 0x0217
mem[X,0x0000000080000B82] -> 0x0000
[746] [U]: 0x0000030080000B80 (0x00000217) auipc x4, 0x0                            va_rvtest_code_begin+964
x4 <- 0x0000030080000B80

mem[X,0x0000000080000B84] -> 0x0213
mem[X,0x0000000080000B86] -> 0x02C2
[747] [U]: 0x0000030080000B84 (0x02C20213) addi x4, x4, 0x2c                        va_rvtest_code_begin+968
x4 <- 0x0000030080000BAC

clint mtime 0x0000000000000176 (mip.MTI <- 0b1, mip.STI <- 0b0)
mem[X,0x0000000080000B88] -> 0x0001
[748] [U]: 0x0000030080000B88 (0x0001) c.nop                                        va_rvtest_code_begin+972

mem[X,0x0000000080000B8A] -> 0x0013
mem[X,0x0000000080000B8C] -> 0x0000
[749] [U]: 0x0000030080000B8A (0x00000013) addi x0, x0, 0x0                         va_rvtest_code_begin+974

clint mtime 0x0000000000000177 (mip.MTI <- 0b1, mip.STI <- 0b0)
mem[X,0x0000000080000B8E] -> 0x0013
mem[X,0x0000000080000B90] -> 0x0000
[750] [U]: 0x0000030080000B8E (0x00000013) addi x0, x0, 0x0                         va_rvtest_code_begin+978

mem[X,0x0000000080000B92] -> 0x0013
mem[X,0x0000000080000B94] -> 0x0000
[751] [U]: 0x0000030080000B92 (0x00000013) addi x0, x0, 0x0                         va_rvtest_code_begin+982

clint mtime 0x0000000000000178 (mip.MTI <- 0b1, mip.STI <- 0b0)
mem[X,0x0000000080000B96] -> 0x0013
mem[X,0x0000000080000B98] -> 0x0000
[752] [U]: 0x0000030080000B96 (0x00000013) addi x0, x0, 0x0                         va_rvtest_code_begin+986

mem[X,0x0000000080000B9A] -> 0x0013
mem[X,0x0000000080000B9C] -> 0x0000
[753] [U]: 0x0000030080000B9A (0x00000013) addi x0, x0, 0x0                         va_rvtest_code_begin+990

clint mtime 0x0000000000000179 (mip.MTI <- 0b1, mip.STI <- 0b0)
mem[X,0x0000000080000B9E] -> 0x0001
[754] [U]: 0x0000030080000B9E (0x0001) c.nop                                        va_rvtest_code_begin+994

mem[X,0x0000000080000BA0] -> 0x80E7
mem[X,0x0000000080000BA2] -> 0x0007
[755] [U]: 0x0000030080000BA0 (0x000780E7) jalr x1, 0x0(x15)                        va_rvtest_code_begin+996
x1 <- 0x0000030080000BA4

clint mtime 0x000000000000017A (mip.MTI <- 0b1, mip.STI <- 0b0)
PTW: Start, vpn=0x28080000, access_type=X, privilege=Umem[R,0x0000000080008028] -> 0x00000000000000DE
PTW: Step, level=3, pte=0xDE, pte_addr=0x80008028
PTW: failed, error=invalid-pte, level=3, pte_addr=0x80008028
trapping from U to M to handle fetch-page-fault
handling exc#fetch-page-fault at priv M with tval 0x0000028080000400
CSR mstatus (0x300) <- 0x0000000A00000000
CSR mcause (0x342) <- 0x000000000000000C
CSR mtval (0x343) <- 0x0000028080000400
CSR mepc (0x341) <- 0x0000028080000400

mem[X,0x0000000080001380] -> 0x006F
mem[X,0x0000000080001382] -> 0x1000
[757] [M]: 0x0000000080001380 (0x1000006F) jal x0, 0x100                            Mtrampoline+0

clint mtime 0x000000000000017B (mip.MTI <- 0b1, mip.STI <- 0b0)
mem[X,0x0000000080001480] -> 0x1173
mem[X,0x0000000080001482] -> 0x3401
[758] [M]: 0x0000000080001480 (0x34011173) csrrw x2, mscratch, x2                   trap_Mhandler+0
CSR mscratch (0x340) <- 0x0000000080004000
x2 <- 0x0000000080004000

mem[X,0x0000000080001484] -> 0x3423
mem[X,0x0000000080001486] -> 0x28B1
[759] [M]: 0x0000000080001484 (0x28B13423) sd x11, 0x288(x2)                        trap_Mhandler+4
mem[W,0x0000000080004288] <- 0x00000000000000DE

clint mtime 0x000000000000017C (mip.MTI <- 0b1, mip.STI <- 0b0)
mem[X,0x0000000080001488] -> 0x05EF
mem[X,0x000000008000148A] -> 0x0B80
[760] [M]: 0x0000000080001488 (0x0B8005EF) jal x11, 0xb8                            trap_Mhandler+8
x11 <- 0x000000008000148C

mem[X,0x0000000080001540] -> 0x3023
mem[X,0x0000000080001542] -> 0x28A1
[761] [M]: 0x0000000080001540 (0x28A13023) sd x10, 0x280(x2)                        common_Mhandler+0
mem[W,0x0000000080004280] <- 0x00000000000000DE

clint mtime 0x000000000000017D (mip.MTI <- 0b1, mip.STI <- 0b0)
mem[X,0x0000000080001544] -> 0x1573
mem[X,0x0000000080001546] -> 0x3401
[762] [M]: 0x0000000080001544 (0x34011573) csrrw x10, mscratch, x2                  common_Mhandler+4
CSR mscratch (0x340) <- 0x0000000080004000
x10 <- 0x0000000080004000

mem[X,0x0000000080001548] -> 0x3823
mem[X,0x000000008000154A] -> 0x28A1
[763] [M]: 0x0000000080001548 (0x28A13823) sd x10, 0x290(x2)                        common_Mhandler+8
mem[W,0x0000000080004290] <- 0x0000000080004000

clint mtime 0x000000000000017E (mip.MTI <- 0b1, mip.STI <- 0b0)
mem[X,0x000000008000154C] -> 0x3503
mem[X,0x000000008000154E] -> 0x2301
[764] [M]: 0x000000008000154C (0x23013503) ld x10, 0x230(x2)                        common_Mhandler+12
mem[R,0x0000000080004230] -> 0x0000000080001554
x10 <- 0x0000000080001554

mem[X,0x0000000080001550] -> 0x0067
mem[X,0x0000000080001552] -> 0x0005
[765] [M]: 0x0000000080001550 (0x00050067) jalr x0, 0x0(x10)                        common_Mhandler+16

clint mtime 0x000000000000017F (mip.MTI <- 0b1, mip.STI <- 0b0)
mem[X,0x0000000080001554] -> 0x3C23
mem[X,0x0000000080001556] -> 0x2691
[766] [M]: 0x0000000080001554 (0x26913C23) sd x9, 0x278(x2)                         common_Mentry+0
mem[W,0x0000000080004278] <- 0x0000060080000B38

mem[X,0x0000000080001558] -> 0x3823
mem[X,0x000000008000155A] -> 0x2681
[767] [M]: 0x0000000080001558 (0x26813823) sd x8, 0x270(x2)                         common_Mentry+4
mem[W,0x0000000080004270] <- 0x0000000000007F76

clint mtime 0x0000000000000180 (mip.MTI <- 0b1, mip.STI <- 0b0)
mem[X,0x000000008000155C] -> 0x3423
mem[X,0x000000008000155E] -> 0x2671
[768] [M]: 0x000000008000155C (0x26713423) sd x7, 0x268(x2)                         common_Mentry+8
mem[W,0x0000000080004268] <- 0x0000000080004000

mem[X,0x0000000080001560] -> 0x3023
mem[X,0x0000000080001562] -> 0x2661
[769] [M]: 0x0000000080001560 (0x26613023) sd x6, 0x260(x2)                         common_Mentry+12
mem[W,0x0000000080004260] <- 0x0000030000000008

clint mtime 0x0000000000000181 (mip.MTI <- 0b1, mip.STI <- 0b0)
mem[X,0x0000000080001564] -> 0x2573
mem[X,0x0000000080001566] -> 0x3420
[770] [M]: 0x0000000080001564 (0x34202573) csrrs x10, mcause, x0                    spcl_M2mmode_test+0
CSR mcause (0x342) -> 0x000000000000000C
x10 <- 0x000000000000000C

mem[X,0x0000000080001568] -> 0x04B7
mem[X,0x000000008000156A] -> 0x8000
[771] [M]: 0x0000000080001568 (0x800004B7) lui x9, -0x80000                         spcl_M2mmode_test+4
x9 <- 0xFFFFFFFF80000000

clint mtime 0x0000000000000182 (mip.MTI <- 0b1, mip.STI <- 0b0)
mem[X,0x000000008000156C] -> 0x8493
mem[X,0x000000008000156E] -> 0x0004
[772] [M]: 0x000000008000156C (0x00048493) addi x9, x9, 0x0                         spcl_M2mmode_test+8
x9 <- 0xFFFFFFFF80000000

mem[X,0x0000000080001570] -> 0x9493
mem[X,0x0000000080001572] -> 0x00B4
[773] [M]: 0x0000000080001570 (0x00B49493) slli x9, x9, 0xb                         spcl_M2mmode_test+12
x9 <- 0xFFFFFC0000000000

clint mtime 0x0000000000000183 (mip.MTI <- 0b1, mip.STI <- 0b0)
mem[X,0x0000000080001574] -> 0x8493
mem[X,0x0000000080001576] -> 0x0004
[774] [M]: 0x0000000080001574 (0x00048493) addi x9, x9, 0x0                         spcl_M2mmode_test+16
x9 <- 0xFFFFFC0000000000

mem[X,0x0000000080001578] -> 0x9493
mem[X,0x000000008000157A] -> 0x00B4
[775] [M]: 0x0000000080001578 (0x00B49493) slli x9, x9, 0xb                         spcl_M2mmode_test+20
x9 <- 0xFFE0000000000000

clint mtime 0x0000000000000184 (mip.MTI <- 0b1, mip.STI <- 0b0)
mem[X,0x000000008000157C] -> 0x8493
mem[X,0x000000008000157E] -> 0x0034
[776] [M]: 0x000000008000157C (0x00348493) addi x9, x9, 0x3                         spcl_M2mmode_test+24
x9 <- 0xFFE0000000000003

mem[X,0x0000000080001580] -> 0x9493
mem[X,0x0000000080001582] -> 0x00A4
[777] [M]: 0x0000000080001580 (0x00A49493) slli x9, x9, 0xa                         spcl_M2mmode_test+28
x9 <- 0x8000000000000C00

clint mtime 0x0000000000000185 (mip.MTI <- 0b1, mip.STI <- 0b0)
mem[X,0x0000000080001584] -> 0x8493
mem[X,0x0000000080001586] -> 0x3FC4
[778] [M]: 0x0000000080001584 (0x3FC48493) addi x9, x9, 0x3fc                       spcl_M2mmode_test+32
x9 <- 0x8000000000000FFC

mem[X,0x0000000080001588] -> 0xF4B3
mem[X,0x000000008000158A] -> 0x00A4
[779] [M]: 0x0000000080001588 (0x00A4F4B3) and x9, x9, x10                          spcl_M2mmode_test+36
x9 <- 0x000000000000000C

clint mtime 0x0000000000000186 (mip.MTI <- 0b1, mip.STI <- 0b0)
mem[X,0x000000008000158C] -> 0x8493
mem[X,0x000000008000158E] -> 0xFF84
[780] [M]: 0x000000008000158C (0xFF848493) addi x9, x9, -0x8                        spcl_M2mmode_test+40
x9 <- 0x0000000000000004

mem[X,0x0000000080001590] -> 0x9663
mem[X,0x0000000080001592] -> 0x0004
[781] [M]: 0x0000000080001590 (0x00049663) bne x9, x0, 0xc                          spcl_M2mmode_test+44

clint mtime 0x0000000000000187 (mip.MTI <- 0b1, mip.STI <- 0b0)
mem[X,0x000000008000159C] -> 0x0393
mem[X,0x000000008000159E] -> 0x0200
[782] [M]: 0x000000008000159C (0x02000393) addi x7, x0, 0x20                        Mtrapsig_ptr_upd+0
x7 <- 0x0000000000000020

mem[X,0x00000000800015A0] -> 0x5263
mem[X,0x00000000800015A2] -> 0x0405
[783] [M]: 0x00000000800015A0 (0x04055263) bge x10, x0, 0x44                        Mtrapsig_ptr_upd+4

clint mtime 0x0000000000000188 (mip.MTI <- 0b1, mip.STI <- 0b0)
mem[X,0x00000000800015E4] -> 0x2373
mem[X,0x00000000800015E6] -> 0x3010
[784] [M]: 0x00000000800015E4 (0x30102373) csrrs x6, misa, x0                       Mxcpt_sig_sv+0
CSR misa (0x301) -> 0x800000000034112F
x6 <- 0x800000000034112F

mem[X,0x00000000800015E8] -> 0x1313
mem[X,0x00000000800015EA] -> 0x0383
[785] [M]: 0x00000000800015E8 (0x03831313) slli x6, x6, 0x38                        Mxcpt_sig_sv+4
x6 <- 0x2F00000000000000

clint mtime 0x0000000000000189 (mip.MTI <- 0b1, mip.STI <- 0b0)
mem[X,0x00000000800015EC] -> 0x5463
mem[X,0x00000000800015EE] -> 0x0003
[786] [M]: 0x00000000800015EC (0x00035463) bge x6, x0, 0x8                          Mxcpt_sig_sv+8

mem[X,0x00000000800015F4] -> 0x3303
mem[X,0x00000000800015F6] -> 0x2181
[787] [M]: 0x00000000800015F4 (0x21813303) ld x6, 0x218(x2)                         Mtrap_sig_sv+0
mem[R,0x0000000080004218] -> 0x0000000080009378
x6 <- 0x0000000080009378

clint mtime 0x000000000000018A (mip.MTI <- 0b1, mip.STI <- 0b0)
mem[X,0x00000000800015F8] -> 0x04B3
mem[X,0x00000000800015FA] -> 0x0073
[788] [M]: 0x00000000800015F8 (0x007304B3) add x9, x6, x7                           Mtrap_sig_sv+4
x9 <- 0x0000000080009398

mem[X,0x00000000800015FC] -> 0x3C23
mem[X,0x00000000800015FE] -> 0x2091
[789] [M]: 0x00000000800015FC (0x20913C23) sd x9, 0x218(x2)                         Mtrap_sig_sv+8
mem[W,0x0000000080004218] <- 0x0000000080009398

clint mtime 0x000000000000018B (mip.MTI <- 0b1, mip.STI <- 0b0)
mem[X,0x0000000080001600] -> 0x3403
mem[X,0x0000000080001602] -> 0x1F81
[790] [M]: 0x0000000080001600 (0x1F813403) ld x8, 0x1f8(x2)                         Mtrap_sig_sv+12
mem[R,0x00000000800041F8] -> 0x0000000080009110
x8 <- 0x0000000080009110

mem[X,0x0000000080001604] -> 0x0333
mem[X,0x0000000080001606] -> 0x4083
[791] [M]: 0x0000000080001604 (0x40830333) sub x6, x6, x8                           Mtrap_sig_sv+16
x6 <- 0x0000000000000268

clint mtime 0x000000000000018C (mip.MTI <- 0b1, mip.STI <- 0b0)
mem[X,0x0000000080001608] -> 0x3403
mem[X,0x000000008000160A] -> 0x1F81
[792] [M]: 0x0000000080001608 (0x1F813403) ld x8, 0x1f8(x2)                         Mtrap_sig_sv+20
mem[R,0x00000000800041F8] -> 0x0000000080009110
x8 <- 0x0000000080009110

mem[X,0x000000008000160C] -> 0x0333
mem[X,0x000000008000160E] -> 0x0083
[793] [M]: 0x000000008000160C (0x00830333) add x6, x6, x8                           Mtrap_sig_sv+24
x6 <- 0x0000000080009378

clint mtime 0x000000000000018D (mip.MTI <- 0b1, mip.STI <- 0b0)
mem[X,0x0000000080001610] -> 0x3403
mem[X,0x0000000080001612] -> 0x2401
[794] [M]: 0x0000000080001610 (0x24013403) ld x8, 0x240(x2)                         Mtrap_sig_sv+28
mem[R,0x0000000080004240] -> 0x0000000080001380
x8 <- 0x0000000080001380

mem[X,0x0000000080001614] -> 0x85B3
mem[X,0x0000000080001616] -> 0x4085
[795] [M]: 0x0000000080001614 (0x408585B3) sub x11, x11, x8                         sv_Mvect+0
x11 <- 0x000000000000010C

clint mtime 0x000000000000018E (mip.MTI <- 0b1, mip.STI <- 0b0)
mem[X,0x0000000080001618] -> 0x9593
mem[X,0x000000008000161A] -> 0x0045
[796] [M]: 0x0000000080001618 (0x00459593) slli x11, x11, 0x4                       sv_Mvect+4
x11 <- 0x00000000000010C0

mem[X,0x000000008000161C] -> 0xE5B3
mem[X,0x000000008000161E] -> 0x0075
[797] [M]: 0x000000008000161C (0x0075E5B3) or x11, x11, x7                          sv_Mvect+8
x11 <- 0x00000000000010E0

clint mtime 0x000000000000018F (mip.MTI <- 0b1, mip.STI <- 0b0)
mem[X,0x0000000080001620] -> 0x8593
mem[X,0x0000000080001622] -> 0x0035
[798] [M]: 0x0000000080001620 (0x00358593) addi x11, x11, 0x3                       sv_Mvect+12
x11 <- 0x00000000000010E3

mem[X,0x0000000080001624] -> 0x3023
mem[X,0x0000000080001626] -> 0x00B3
[799] [M]: 0x0000000080001624 (0x00B33023) sd x11, 0x0(x6)                          sv_Mvect+16
mem[W,0x0000000080009378] <- 0x00000000000010E3

clint mtime 0x0000000000000190 (mip.MTI <- 0b1, mip.STI <- 0b0)
mem[X,0x0000000080001628] -> 0x3423
mem[X,0x000000008000162A] -> 0x00A3
[800] [M]: 0x0000000080001628 (0x00A33423) sd x10, 0x8(x6)                          sv_Mcause+0
mem[W,0x0000000080009380] <- 0x000000000000000C

mem[X,0x000000008000162C] -> 0x4663
mem[X,0x000000008000162E] -> 0x1A05
[801] [M]: 0x000000008000162C (0x1A054663) blt x10, x0, 0x1ac                       sv_Mcause+4

clint mtime 0x0000000000000191 (mip.MTI <- 0b1, mip.STI <- 0b0)
mem[X,0x0000000080001630] -> 0x25F3
mem[X,0x0000000080001632] -> 0x3000
[802] [M]: 0x0000000080001630 (0x300025F3) csrrs x11, mstatus, x0                   common_Mexcpt_handler+0
CSR mstatus (0x300) -> 0x0000000A00000000
x11 <- 0x0000000A00000000

mem[X,0x0000000080001634] -> 0x9413
mem[X,0x0000000080001636] -> 0x02E5
[803] [M]: 0x0000000080001634 (0x02E59413) slli x8, x11, 0x2e                       common_Mexcpt_handler+4
x8 <- 0x0000000000000000

clint mtime 0x0000000000000192 (mip.MTI <- 0b1, mip.STI <- 0b0)
mem[X,0x0000000080001638] -> 0x5463
mem[X,0x000000008000163A] -> 0x0004
[804] [M]: 0x0000000080001638 (0x00045463) bge x8, x0, 0x8                          common_Mexcpt_handler+8

mem[X,0x0000000080001640] -> 0xD493
mem[X,0x0000000080001642] -> 0x00B5
[805] [M]: 0x0000000080001640 (0x00B5D493) srli x9, x11, 0xb                        common_Mexcpt_handler+16
x9 <- 0x0000000001400000

clint mtime 0x0000000000000193 (mip.MTI <- 0b1, mip.STI <- 0b0)
mem[X,0x0000000080001644] -> 0xF493
mem[X,0x0000000080001646] -> 0x0034
[806] [M]: 0x0000000080001644 (0x0034F493) andi x9, x9, 0x3                         common_Mexcpt_handler+20
x9 <- 0x0000000000000000

mem[X,0x0000000080001648] -> 0x8493
mem[X,0x000000008000164A] -> 0x0014
[807] [M]: 0x0000000080001648 (0x00148493) addi x9, x9, 0x1                         common_Mexcpt_handler+24
x9 <- 0x0000000000000001

clint mtime 0x0000000000000194 (mip.MTI <- 0b1, mip.STI <- 0b0)
mem[X,0x000000008000164C] -> 0xF493
mem[X,0x000000008000164E] -> 0x0044
[808] [M]: 0x000000008000164C (0x0044F493) andi x9, x9, 0x4                         common_Mexcpt_handler+28
x9 <- 0x0000000000000000

mem[X,0x0000000080001650] -> 0x0593
mem[X,0x0000000080001652] -> 0x05D0
[809] [M]: 0x0000000080001650 (0x05D00593) addi x11, x0, 0x5d                       common_Mexcpt_handler+32
x11 <- 0x000000000000005D

clint mtime 0x0000000000000195 (mip.MTI <- 0b1, mip.STI <- 0b0)
mem[X,0x0000000080001654] -> 0xD5B3
mem[X,0x0000000080001656] -> 0x0095
[810] [M]: 0x0000000080001654 (0x0095D5B3) srl x11, x11, x9                         common_Mexcpt_handler+36
x11 <- 0x000000000000005D

mem[X,0x0000000080001658] -> 0xF593
mem[X,0x000000008000165A] -> 0x0015
[811] [M]: 0x0000000080001658 (0x0015F593) andi x11, x11, 0x1                       common_Mexcpt_handler+40
x11 <- 0x0000000000000001

clint mtime 0x0000000000000196 (mip.MTI <- 0b1, mip.STI <- 0b0)
mem[X,0x000000008000165C] -> 0x8EE3
mem[X,0x000000008000165E] -> 0xF405
[812] [M]: 0x000000008000165C (0xF4058EE3) beq x11, x0, -0xa4                       common_Mexcpt_handler+44

mem[X,0x0000000080001660] -> 0x0593
mem[X,0x0000000080001662] -> 0x2980
[813] [M]: 0x0000000080001660 (0x29800593) addi x11, x0, 0x298                      common_Mexcpt_handler+48
x11 <- 0x0000000000000298

clint mtime 0x0000000000000197 (mip.MTI <- 0b1, mip.STI <- 0b0)
mem[X,0x0000000080001664] -> 0xF413
mem[X,0x0000000080001666] -> 0x0014
[814] [M]: 0x0000000080001664 (0x0014F413) andi x8, x9, 0x1                         common_Mexcpt_handler+52
x8 <- 0x0000000000000000

mem[X,0x0000000080001668] -> 0x95B3
mem[X,0x000000008000166A] -> 0x0085
[815] [M]: 0x0000000080001668 (0x008595B3) sll x11, x11, x8                         common_Mexcpt_handler+56
x11 <- 0x0000000000000298

clint mtime 0x0000000000000198 (mip.MTI <- 0b1, mip.STI <- 0b0)
mem[X,0x000000008000166C] -> 0x9413
mem[X,0x000000008000166E] -> 0x03D4
[816] [M]: 0x000000008000166C (0x03D49413) slli x8, x9, 0x3d                        common_Mexcpt_handler+60
x8 <- 0x0000000000000000

mem[X,0x0000000080001670] -> 0x5413
mem[X,0x0000000080001672] -> 0x43F4
[817] [M]: 0x0000000080001670 (0x43F45413) srai x8, x8, 0x3f                        common_Mexcpt_handler+64
x8 <- 0x0000000000000000

clint mtime 0x0000000000000199 (mip.MTI <- 0b1, mip.STI <- 0b0)
mem[X,0x0000000080001674] -> 0x4413
mem[X,0x0000000080001676] -> 0xFFF4
[818] [M]: 0x0000000080001674 (0xFFF44413) xori x8, x8, -0x1                        common_Mexcpt_handler+68
x8 <- 0xFFFFFFFFFFFFFFFF

mem[X,0x0000000080001678] -> 0xF4B3
mem[X,0x000000008000167A] -> 0x0085
[819] [M]: 0x0000000080001678 (0x0085F4B3) and x9, x11, x8                          common_Mexcpt_handler+72
x9 <- 0x0000000000000298

clint mtime 0x000000000000019A (mip.MTI <- 0b1, mip.STI <- 0b0)
mem[X,0x000000008000167C] -> 0x84B3
mem[X,0x000000008000167E] -> 0x0024
[820] [M]: 0x000000008000167C (0x002484B3) add x9, x9, x2                           vmem_adj_Mepc+0
x9 <- 0x0000000080004298

mem[X,0x0000000080001680] -> 0x23F3
mem[X,0x0000000080001682] -> 0x3410
[821] [M]: 0x0000000080001680 (0x341023F3) csrrs x7, mepc, x0                       vmem_adj_Mepc+4
CSR mepc (0x341) -> 0x0000028080000400
x7 <- 0x0000028080000400

clint mtime 0x000000000000019B (mip.MTI <- 0b1, mip.STI <- 0b0)
mem[X,0x0000000080001684] -> 0x0413
mem[X,0x0000000080001686] -> 0x0004
[822] [M]: 0x0000000080001684 (0x00040413) addi x8, x8, 0x0                         vmem_adj_Mepc+8
x8 <- 0xFFFFFFFFFFFFFFFF

mem[X,0x0000000080001688] -> 0x006F
mem[X,0x000000008000168A] -> 0x0400
[823] [M]: 0x0000000080001688 (0x0400006F) jal x0, 0x40                             vmem_adj_Mepc+12

clint mtime 0x000000000000019C (mip.MTI <- 0b1, mip.STI <- 0b0)
mem[X,0x00000000800016C8] -> 0x8433
mem[X,0x00000000800016CA] -> 0x4083
[824] [M]: 0x00000000800016C8 (0x40838433) sub x8, x7, x8                           adj_Mepc+0
x8 <- 0x0000028080000401

mem[X,0x00000000800016CC] -> 0x3823
mem[X,0x00000000800016CE] -> 0x0083
[825] [M]: 0x00000000800016CC (0x00833823) sd x8, 0x10(x6)                          sv_Mepc+0
mem[W,0x0000000080009388] <- 0x0000028080000401

clint mtime 0x000000000000019D (mip.MTI <- 0b1, mip.STI <- 0b0)
mem[X,0x00000000800016D0] -> 0x55B7
mem[X,0x00000000800016D2] -> 0x0000
[826] [M]: 0x00000000800016D0 (0x000055B7) lui x11, 0x5                             sv_Mepc+4
x11 <- 0x0000000000005000

mem[X,0x00000000800016D4] -> 0x8593
mem[X,0x00000000800016D6] -> 0x6675
[827] [M]: 0x00000000800016D4 (0x66758593) addi x11, x11, 0x667                     sv_Mepc+8
x11 <- 0x0000000000005667

clint mtime 0x000000000000019E (mip.MTI <- 0b1, mip.STI <- 0b0)
mem[X,0x00000000800016D8] -> 0x9593
mem[X,0x00000000800016DA] -> 0x0015
[828] [M]: 0x00000000800016D8 (0x00159593) slli x11, x11, 0x1                       sv_Mepc+12
x11 <- 0x000000000000ACCE

mem[X,0x00000000800016DC] -> 0x9063
mem[X,0x00000000800016DE] -> 0x02B1
[829] [M]: 0x00000000800016DC (0x02B19063) bne x3, x11, 0x20                        sv_Mepc+16

clint mtime 0x000000000000019F (mip.MTI <- 0b1, mip.STI <- 0b0)
mem[X,0x00000000800016E0] -> 0x2473
mem[X,0x00000000800016E2] -> 0x3420
[830] [M]: 0x00000000800016E0 (0x34202473) csrrs x8, mcause, x0                     sv_Mepc+20
CSR mcause (0x342) -> 0x000000000000000C
x8 <- 0x000000000000000C

mem[X,0x00000000800016E4] -> 0x0593
mem[X,0x00000000800016E6] -> 0x00C0
[831] [M]: 0x00000000800016E4 (0x00C00593) addi x11, x0, 0xc                        sv_Mepc+24
x11 <- 0x000000000000000C

clint mtime 0x00000000000001A0 (mip.MTI <- 0b1, mip.STI <- 0b0)
mem[X,0x00000000800016E8] -> 0x0663
mem[X,0x00000000800016EA] -> 0x00B4
[832] [M]: 0x00000000800016E8 (0x00B40663) beq x8, x11, 0xc                         sv_Mepc+28

mem[X,0x00000000800016F4] -> 0x1073
mem[X,0x00000000800016F6] -> 0x3412
[833] [M]: 0x00000000800016F4 (0x34121073) csrrw x0, mepc, x4                       sv_Mepc+40
CSR mepc (0x341) <- 0x0000030080000BAC

clint mtime 0x00000000000001A1 (mip.MTI <- 0b1, mip.STI <- 0b0)
mem[X,0x00000000800016F8] -> 0x006F
mem[X,0x00000000800016FA] -> 0x0100
[834] [M]: 0x00000000800016F8 (0x0100006F) jal x0, 0x10                             sv_Mepc+44

mem[X,0x0000000080001708] -> 0x23F3
mem[X,0x000000008000170A] -> 0x3430
[835] [M]: 0x0000000080001708 (0x343023F3) csrrs x7, mtval, x0                      skp_adj_Mepc+0
CSR mtval (0x343) -> 0x0000028080000400
x7 <- 0x0000028080000400

clint mtime 0x00000000000001A2 (mip.MTI <- 0b1, mip.STI <- 0b0)
mem[X,0x000000008000170C] -> 0x0413
mem[X,0x000000008000170E] -> 0x0004
[836] [M]: 0x000000008000170C (0x00040413) addi x8, x8, 0x0                         skp_adj_Mepc+4
x8 <- 0x000000000000000C

mem[X,0x0000000080001710] -> 0x006F
mem[X,0x0000000080001712] -> 0x0840
[837] [M]: 0x0000000080001710 (0x0840006F) jal x0, 0x84                             skp_adj_Mepc+8

clint mtime 0x00000000000001A3 (mip.MTI <- 0b1, mip.STI <- 0b0)
mem[X,0x0000000080001794] -> 0x8433
mem[X,0x0000000080001796] -> 0x4083
[838] [M]: 0x0000000080001794 (0x40838433) sub x8, x7, x8                           adj_Mtval+0
x8 <- 0x00000280800003F4

mem[X,0x0000000080001798] -> 0x3C23
mem[X,0x000000008000179A] -> 0x0083
[839] [M]: 0x0000000080001798 (0x00833C23) sd x8, 0x18(x6)                          sv_Mtval+0
mem[W,0x0000000080009390] <- 0x00000280800003F4

clint mtime 0x00000000000001A4 (mip.MTI <- 0b1, mip.STI <- 0b0)
mem[X,0x000000008000179C] -> 0x3483
mem[X,0x000000008000179E] -> 0x2181
[840] [M]: 0x000000008000179C (0x21813483) ld x9, 0x218(x2)                         skp_Mtval+0
mem[R,0x0000000080004218] -> 0x0000000080009398
x9 <- 0x0000000080009398

mem[X,0x00000000800017A0] -> 0x3383
mem[X,0x00000000800017A2] -> 0x1F81
[841] [M]: 0x00000000800017A0 (0x1F813383) ld x7, 0x1f8(x2)                         skp_Mtval+4
mem[R,0x00000000800041F8] -> 0x0000000080009110
x7 <- 0x0000000080009110

clint mtime 0x00000000000001A5 (mip.MTI <- 0b1, mip.STI <- 0b0)
mem[X,0x00000000800017A4] -> 0x3303
mem[X,0x00000000800017A6] -> 0x2001
[842] [M]: 0x00000000800017A4 (0x20013303) ld x6, 0x200(x2)                         skp_Mtval+8
mem[R,0x0000000080004200] -> 0x0000000000000410
x6 <- 0x0000000000000410

mem[X,0x00000000800017A8] -> 0x0333
mem[X,0x00000000800017AA] -> 0x0073
[843] [M]: 0x00000000800017A8 (0x00730333) add x6, x6, x7                           skp_Mtval+12
x6 <- 0x0000000080009520

clint mtime 0x00000000000001A6 (mip.MTI <- 0b1, mip.STI <- 0b0)
mem[X,0x00000000800017AC] -> 0x6AE3
mem[X,0x00000000800017AE] -> 0xAE93
[844] [M]: 0x00000000800017AC (0xAE936AE3) bltu x6, x9, -0x50c                      skp_Mtval+16

mem[X,0x00000000800017B0] -> 0x0393
mem[X,0x00000000800017B2] -> 0x2000
[845] [M]: 0x00000000800017B0 (0x20000393) addi x7, x0, 0x200                       skp_Mtval+20
x7 <- 0x0000000000000200

clint mtime 0x00000000000001A7 (mip.MTI <- 0b1, mip.STI <- 0b0)
mem[X,0x00000000800017B4] -> 0x006F
mem[X,0x00000000800017B6] -> 0x0400
[846] [M]: 0x00000000800017B4 (0x0400006F) jal x0, 0x40                             skp_Mtval+24

mem[X,0x00000000800017F4] -> 0x0417
mem[X,0x00000000800017F6] -> 0x0000
[847] [M]: 0x00000000800017F4 (0x00000417) auipc x8, 0x0                            spcl_Mhandler+0
x8 <- 0x00000000800017F4

clint mtime 0x00000000000001A8 (mip.MTI <- 0b1, mip.STI <- 0b0)
mem[X,0x00000000800017F8] -> 0x0413
mem[X,0x00000000800017FA] -> 0x03C4
[848] [M]: 0x00000000800017F8 (0x03C40413) addi x8, x8, 0x3c                        spcl_Mhandler+4
x8 <- 0x0000000080001830

mem[X,0x00000000800017FC] -> 0x0433
mem[X,0x00000000800017FE] -> 0x0074
[849] [M]: 0x00000000800017FC (0x00740433) add x8, x8, x7                           spcl_Mhandler+8
x8 <- 0x0000000080001A30

clint mtime 0x00000000000001A9 (mip.MTI <- 0b1, mip.STI <- 0b0)
mem[X,0x0000000080001800] -> 0x1393
mem[X,0x0000000080001802] -> 0x0035
[850] [M]: 0x0000000080001800 (0x00351393) slli x7, x10, 0x3                        spcl_Mhandler+12
x7 <- 0x0000000000000060

mem[X,0x0000000080001804] -> 0x0433
mem[X,0x0000000080001806] -> 0x0074
[851] [M]: 0x0000000080001804 (0x00740433) add x8, x8, x7                           spcl_Mhandler+16
x8 <- 0x0000000080001A90

clint mtime 0x00000000000001AA (mip.MTI <- 0b1, mip.STI <- 0b0)
mem[X,0x0000000080001808] -> 0x7413
mem[X,0x000000008000180A] -> 0xFF84
[852] [M]: 0x0000000080001808 (0xFF847413) andi x8, x8, -0x8                        spcl_Mhandler+20
x8 <- 0x0000000080001A90

mem[X,0x000000008000180C] -> 0x3403
mem[X,0x000000008000180E] -> 0x0004
[853] [M]: 0x000000008000180C (0x00043403) ld x8, 0x0(x8)                           spcl_Mhandler+24
mem[R,0x0000000080001A90] -> 0x0000000000000019
x8 <- 0x0000000000000019

clint mtime 0x00000000000001AB (mip.MTI <- 0b1, mip.STI <- 0b0)
mem[X,0x0000000080001810] -> 0x02E3
mem[X,0x0000000080001812] -> 0xB204
[854] [M]: 0x0000000080001810 (0xB20402E3) beq x8, x0, -0x4dc                       spcl_Mdispatch_hndling+0

mem[X,0x0000000080001814] -> 0x1393
mem[X,0x0000000080001816] -> 0x03F4
[855] [M]: 0x0000000080001814 (0x03F41393) slli x7, x8, 0x3f                        spcl_Mdispatch_hndling+4
x7 <- 0x8000000000000000

clint mtime 0x00000000000001AC (mip.MTI <- 0b1, mip.STI <- 0b0)
mem[X,0x0000000080001818] -> 0xD863
mem[X,0x000000008000181A] -> 0x0003
[856] [M]: 0x0000000080001818 (0x0003D863) bge x7, x0, 0x10                         spcl_Mdispatch_hndling+8

mem[X,0x000000008000181C] -> 0x5413
mem[X,0x000000008000181E] -> 0x0014
[857] [M]: 0x000000008000181C (0x00145413) srli x8, x8, 0x1                         spcl_Mdispatch_hndling+12
x8 <- 0x000000000000000C

clint mtime 0x00000000000001AD (mip.MTI <- 0b1, mip.STI <- 0b0)
mem[X,0x0000000080001820] -> 0x0CE3
mem[X,0x0000000080001822] -> 0xF885
[858] [M]: 0x0000000080001820 (0xF8850CE3) beq x10, x8, -0x68                       spcl_Mdispatch_hndling+16

mem[X,0x00000000800017B8] -> 0x3303
mem[X,0x00000000800017BA] -> 0x2601
[859] [M]: 0x00000000800017B8 (0x26013303) ld x6, 0x260(x2)                         resto_Mrtn+0
mem[R,0x0000000080004260] -> 0x0000030000000008
x6 <- 0x0000030000000008

clint mtime 0x00000000000001AE (mip.MTI <- 0b1, mip.STI <- 0b0)
mem[X,0x00000000800017BC] -> 0x3383
mem[X,0x00000000800017BE] -> 0x2681
[860] [M]: 0x00000000800017BC (0x26813383) ld x7, 0x268(x2)                         resto_Mrtn+4
mem[R,0x0000000080004268] -> 0x0000000080004000
x7 <- 0x0000000080004000

mem[X,0x00000000800017C0] -> 0x3403
mem[X,0x00000000800017C2] -> 0x2701
[861] [M]: 0x00000000800017C0 (0x27013403) ld x8, 0x270(x2)                         resto_Mrtn+8
mem[R,0x0000000080004270] -> 0x0000000000007F76
x8 <- 0x0000000000007F76

clint mtime 0x00000000000001AF (mip.MTI <- 0b1, mip.STI <- 0b0)
mem[X,0x00000000800017C4] -> 0x3483
mem[X,0x00000000800017C6] -> 0x2781
[862] [M]: 0x00000000800017C4 (0x27813483) ld x9, 0x278(x2)                         resto_Mrtn+12
mem[R,0x0000000080004278] -> 0x0000060080000B38
x9 <- 0x0000060080000B38

mem[X,0x00000000800017C8] -> 0x3503
mem[X,0x00000000800017CA] -> 0x2801
[863] [M]: 0x00000000800017C8 (0x28013503) ld x10, 0x280(x2)                        resto_Mrtn+16
mem[R,0x0000000080004280] -> 0x00000000000000DE
x10 <- 0x00000000000000DE

clint mtime 0x00000000000001B0 (mip.MTI <- 0b1, mip.STI <- 0b0)
mem[X,0x00000000800017CC] -> 0x3583
mem[X,0x00000000800017CE] -> 0x2881
[864] [M]: 0x00000000800017CC (0x28813583) ld x11, 0x288(x2)                        resto_Mrtn+20
mem[R,0x0000000080004288] -> 0x00000000000000DE
x11 <- 0x00000000000000DE

mem[X,0x00000000800017D0] -> 0x3103
mem[X,0x00000000800017D2] -> 0x2901
[865] [M]: 0x00000000800017D0 (0x29013103) ld x2, 0x290(x2)                         resto_Mrtn+24
mem[R,0x0000000080004290] -> 0x0000000080004000
x2 <- 0x0000000080004000

clint mtime 0x00000000000001B1 (mip.MTI <- 0b1, mip.STI <- 0b0)
mem[X,0x00000000800017D4] -> 0x0073
mem[X,0x00000000800017D6] -> 0x3020
[866] [M]: 0x00000000800017D4 (0x30200073) mret                                     resto_Mrtn+28
CSR mstatus (0x300) <- 0x0000000A00000080
ret-ing from M to U

mem[X,0x0000000080000BAC] -> 0x0013
mem[X,0x0000000080000BAE] -> 0x0000
[867] [U]: 0x0000030080000BAC (0x00000013) addi x0, x0, 0x0                         va_rvtest_code_begin+1008

clint mtime 0x00000000000001B2 (mip.MTI <- 0b1, mip.STI <- 0b0)
mem[X,0x0000000080000BB0] -> 0x0013
mem[X,0x0000000080000BB2] -> 0x0000
[868] [U]: 0x0000030080000BB0 (0x00000013) addi x0, x0, 0x0                         va_rvtest_code_begin+1012

mem[X,0x0000000080000BB4] -> 0x0013
mem[X,0x0000000080000BB6] -> 0x0000
[869] [U]: 0x0000030080000BB4 (0x00000013) addi x0, x0, 0x0                         va_rvtest_code_begin+1016

clint mtime 0x00000000000001B3 (mip.MTI <- 0b1, mip.STI <- 0b0)
mem[X,0x0000000080000BB8] -> 0x0113
mem[X,0x0000000080000BBA] -> 0x0000
[870] [U]: 0x0000030080000BB8 (0x00000113) addi x2, x0, 0x0                         va_rvtest_code_begin+1020
x2 <- 0x0000000000000000

mem[X,0x0000000080000BBC] -> 0x0073
mem[X,0x0000000080000BBE] -> 0x0000
[871] [U]: 0x0000030080000BBC (0x00000073) ecall                                    va_rvtest_code_begin+1024
trapping from U to M to handle u-call
handling exc#u-call at priv M with tval 0x0000000000000000
CSR mstatus (0x300) <- 0x0000000A00000000
CSR mcause (0x342) <- 0x0000000000000008
CSR mtval (0x343) <- 0x0000000000000000
CSR mepc (0x341) <- 0x0000030080000BBC

clint mtime 0x00000000000001B4 (mip.MTI <- 0b1, mip.STI <- 0b0)
mem[X,0x0000000080001380] -> 0x006F
mem[X,0x0000000080001382] -> 0x1000
[872] [M]: 0x0000000080001380 (0x1000006F) jal x0, 0x100                            Mtrampoline+0

mem[X,0x0000000080001480] -> 0x1173
mem[X,0x0000000080001482] -> 0x3401
[873] [M]: 0x0000000080001480 (0x34011173) csrrw x2, mscratch, x2                   trap_Mhandler+0
CSR mscratch (0x340) <- 0x0000000000000000
x2 <- 0x0000000080004000

clint mtime 0x00000000000001B5 (mip.MTI <- 0b1, mip.STI <- 0b0)
mem[X,0x0000000080001484] -> 0x3423
mem[X,0x0000000080001486] -> 0x28B1
[874] [M]: 0x0000000080001484 (0x28B13423) sd x11, 0x288(x2)                        trap_Mhandler+4
mem[W,0x0000000080004288] <- 0x00000000000000DE

mem[X,0x0000000080001488] -> 0x05EF
mem[X,0x000000008000148A] -> 0x0B80
[875] [M]: 0x0000000080001488 (0x0B8005EF) jal x11, 0xb8                            trap_Mhandler+8
x11 <- 0x000000008000148C

clint mtime 0x00000000000001B6 (mip.MTI <- 0b1, mip.STI <- 0b0)
mem[X,0x0000000080001540] -> 0x3023
mem[X,0x0000000080001542] -> 0x28A1
[876] [M]: 0x0000000080001540 (0x28A13023) sd x10, 0x280(x2)                        common_Mhandler+0
mem[W,0x0000000080004280] <- 0x00000000000000DE

mem[X,0x0000000080001544] -> 0x1573
mem[X,0x0000000080001546] -> 0x3401
[877] [M]: 0x0000000080001544 (0x34011573) csrrw x10, mscratch, x2                  common_Mhandler+4
CSR mscratch (0x340) <- 0x0000000080004000
x10 <- 0x0000000000000000

clint mtime 0x00000000000001B7 (mip.MTI <- 0b1, mip.STI <- 0b0)
mem[X,0x0000000080001548] -> 0x3823
mem[X,0x000000008000154A] -> 0x28A1
[878] [M]: 0x0000000080001548 (0x28A13823) sd x10, 0x290(x2)                        common_Mhandler+8
mem[W,0x0000000080004290] <- 0x0000000000000000

mem[X,0x000000008000154C] -> 0x3503
mem[X,0x000000008000154E] -> 0x2301
[879] [M]: 0x000000008000154C (0x23013503) ld x10, 0x230(x2)                        common_Mhandler+12
mem[R,0x0000000080004230] -> 0x0000000080001554
x10 <- 0x0000000080001554

clint mtime 0x00000000000001B8 (mip.MTI <- 0b1, mip.STI <- 0b0)
mem[X,0x0000000080001550] -> 0x0067
mem[X,0x0000000080001552] -> 0x0005
[880] [M]: 0x0000000080001550 (0x00050067) jalr x0, 0x0(x10)                        common_Mhandler+16

mem[X,0x0000000080001554] -> 0x3C23
mem[X,0x0000000080001556] -> 0x2691
[881] [M]: 0x0000000080001554 (0x26913C23) sd x9, 0x278(x2)                         common_Mentry+0
mem[W,0x0000000080004278] <- 0x0000060080000B38

clint mtime 0x00000000000001B9 (mip.MTI <- 0b1, mip.STI <- 0b0)
mem[X,0x0000000080001558] -> 0x3823
mem[X,0x000000008000155A] -> 0x2681
[882] [M]: 0x0000000080001558 (0x26813823) sd x8, 0x270(x2)                         common_Mentry+4
mem[W,0x0000000080004270] <- 0x0000000000007F76

mem[X,0x000000008000155C] -> 0x3423
mem[X,0x000000008000155E] -> 0x2671
[883] [M]: 0x000000008000155C (0x26713423) sd x7, 0x268(x2)                         common_Mentry+8
mem[W,0x0000000080004268] <- 0x0000000080004000

clint mtime 0x00000000000001BA (mip.MTI <- 0b1, mip.STI <- 0b0)
mem[X,0x0000000080001560] -> 0x3023
mem[X,0x0000000080001562] -> 0x2661
[884] [M]: 0x0000000080001560 (0x26613023) sd x6, 0x260(x2)                         common_Mentry+12
mem[W,0x0000000080004260] <- 0x0000030000000008

mem[X,0x0000000080001564] -> 0x2573
mem[X,0x0000000080001566] -> 0x3420
[885] [M]: 0x0000000080001564 (0x34202573) csrrs x10, mcause, x0                    spcl_M2mmode_test+0
CSR mcause (0x342) -> 0x0000000000000008
x10 <- 0x0000000000000008

clint mtime 0x00000000000001BB (mip.MTI <- 0b1, mip.STI <- 0b0)
mem[X,0x0000000080001568] -> 0x04B7
mem[X,0x000000008000156A] -> 0x8000
[886] [M]: 0x0000000080001568 (0x800004B7) lui x9, -0x80000                         spcl_M2mmode_test+4
x9 <- 0xFFFFFFFF80000000

mem[X,0x000000008000156C] -> 0x8493
mem[X,0x000000008000156E] -> 0x0004
[887] [M]: 0x000000008000156C (0x00048493) addi x9, x9, 0x0                         spcl_M2mmode_test+8
x9 <- 0xFFFFFFFF80000000

clint mtime 0x00000000000001BC (mip.MTI <- 0b1, mip.STI <- 0b0)
mem[X,0x0000000080001570] -> 0x9493
mem[X,0x0000000080001572] -> 0x00B4
[888] [M]: 0x0000000080001570 (0x00B49493) slli x9, x9, 0xb                         spcl_M2mmode_test+12
x9 <- 0xFFFFFC0000000000

mem[X,0x0000000080001574] -> 0x8493
mem[X,0x0000000080001576] -> 0x0004
[889] [M]: 0x0000000080001574 (0x00048493) addi x9, x9, 0x0                         spcl_M2mmode_test+16
x9 <- 0xFFFFFC0000000000

clint mtime 0x00000000000001BD (mip.MTI <- 0b1, mip.STI <- 0b0)
mem[X,0x0000000080001578] -> 0x9493
mem[X,0x000000008000157A] -> 0x00B4
[890] [M]: 0x0000000080001578 (0x00B49493) slli x9, x9, 0xb                         spcl_M2mmode_test+20
x9 <- 0xFFE0000000000000

mem[X,0x000000008000157C] -> 0x8493
mem[X,0x000000008000157E] -> 0x0034
[891] [M]: 0x000000008000157C (0x00348493) addi x9, x9, 0x3                         spcl_M2mmode_test+24
x9 <- 0xFFE0000000000003

clint mtime 0x00000000000001BE (mip.MTI <- 0b1, mip.STI <- 0b0)
mem[X,0x0000000080001580] -> 0x9493
mem[X,0x0000000080001582] -> 0x00A4
[892] [M]: 0x0000000080001580 (0x00A49493) slli x9, x9, 0xa                         spcl_M2mmode_test+28
x9 <- 0x8000000000000C00

mem[X,0x0000000080001584] -> 0x8493
mem[X,0x0000000080001586] -> 0x3FC4
[893] [M]: 0x0000000080001584 (0x3FC48493) addi x9, x9, 0x3fc                       spcl_M2mmode_test+32
x9 <- 0x8000000000000FFC

clint mtime 0x00000000000001BF (mip.MTI <- 0b1, mip.STI <- 0b0)
mem[X,0x0000000080001588] -> 0xF4B3
mem[X,0x000000008000158A] -> 0x00A4
[894] [M]: 0x0000000080001588 (0x00A4F4B3) and x9, x9, x10                          spcl_M2mmode_test+36
x9 <- 0x0000000000000008

mem[X,0x000000008000158C] -> 0x8493
mem[X,0x000000008000158E] -> 0xFF84
[895] [M]: 0x000000008000158C (0xFF848493) addi x9, x9, -0x8                        spcl_M2mmode_test+40
x9 <- 0x0000000000000000

clint mtime 0x00000000000001C0 (mip.MTI <- 0b1, mip.STI <- 0b0)
mem[X,0x0000000080001590] -> 0x9663
mem[X,0x0000000080001592] -> 0x0004
[896] [M]: 0x0000000080001590 (0x00049663) bne x9, x0, 0xc                          spcl_M2mmode_test+44

mem[X,0x0000000080001594] -> 0x3383
mem[X,0x0000000080001596] -> 0x2901
[897] [M]: 0x0000000080001594 (0x29013383) ld x7, 0x290(x2)                         spcl_M2mmode_test+48
mem[R,0x0000000080004290] -> 0x0000000000000000
x7 <- 0x0000000000000000

clint mtime 0x00000000000001C1 (mip.MTI <- 0b1, mip.STI <- 0b0)
mem[X,0x0000000080001598] -> 0x8663
mem[X,0x000000008000159A] -> 0x6E03
[898] [M]: 0x0000000080001598 (0x6E038663) beq x7, x0, 0x6ec                        spcl_M2mmode_test+52

mem[X,0x0000000080001C84] -> 0x0493
mem[X,0x0000000080001C86] -> 0xFF55
[899] [M]: 0x0000000080001C84 (0xFF550493) addi x9, x10, -0xb                       rtn2mmode+0
x9 <- 0xFFFFFFFFFFFFFFFD

clint mtime 0x00000000000001C2 (mip.MTI <- 0b1, mip.STI <- 0b0)
mem[X,0x0000000080001C88] -> 0x8C63
mem[X,0x0000000080001C8A] -> 0x0004
[900] [M]: 0x0000000080001C88 (0x00048C63) beq x9, x0, 0x18                         rtn2mmode+4

mem[X,0x0000000080001C8C] -> 0x3583
mem[X,0x0000000080001C8E] -> 0x4701
[901] [M]: 0x0000000080001C8C (0x47013583) ld x11, 0x470(x2)                        rtn2mmode+8
mem[R,0x0000000080004470] -> 0x00000300800007BC
x11 <- 0x00000300800007BC

clint mtime 0x00000000000001C3 (mip.MTI <- 0b1, mip.STI <- 0b0)
mem[X,0x0000000080001C90] -> 0xD463
mem[X,0x0000000080001C92] -> 0x0003
[902] [M]: 0x0000000080001C90 (0x0003D463) bge x7, x0, 0x8                          rtn2mmode+12

mem[X,0x0000000080001C98] -> 0x3483
mem[X,0x0000000080001C9A] -> 0x1D81
[903] [M]: 0x0000000080001C98 (0x1D813483) ld x9, 0x1d8(x2)                         from_u_s+0
mem[R,0x00000000800041D8] -> 0x00000000800007D4
x9 <- 0x00000000800007D4

clint mtime 0x00000000000001C4 (mip.MTI <- 0b1, mip.STI <- 0b0)
mem[X,0x0000000080001C9C] -> 0x84B3
mem[X,0x0000000080001C9E] -> 0x40B4
[904] [M]: 0x0000000080001C9C (0x40B484B3) sub x9, x9, x11                          from_u_s+4
x9 <- 0xFFFFFD0000000018

mem[X,0x0000000080001CA0] -> 0x23F3
mem[X,0x0000000080001CA2] -> 0x3410
[905] [M]: 0x0000000080001CA0 (0x341023F3) csrrs x7, mepc, x0                       rtn_fm_mmode+0
CSR mepc (0x341) -> 0x0000030080000BBC
x7 <- 0x0000030080000BBC

clint mtime 0x00000000000001C5 (mip.MTI <- 0b1, mip.STI <- 0b0)
mem[X,0x0000000080001CA4] -> 0x83B3
mem[X,0x0000000080001CA6] -> 0x0093
[906] [M]: 0x0000000080001CA4 (0x009383B3) add x7, x7, x9                           rtn_fm_mmode+4
x7 <- 0x0000000080000BD4

mem[X,0x0000000080001CA8] -> 0x3303
mem[X,0x0000000080001CAA] -> 0x2601
[907] [M]: 0x0000000080001CA8 (0x26013303) ld x6, 0x260(x2)                         rtn_fm_mmode+8
mem[R,0x0000000080004260] -> 0x0000030000000008
x6 <- 0x0000030000000008

clint mtime 0x00000000000001C6 (mip.MTI <- 0b1, mip.STI <- 0b0)
mem[X,0x0000000080001CAC] -> 0x3403
mem[X,0x0000000080001CAE] -> 0x2701
[908] [M]: 0x0000000080001CAC (0x27013403) ld x8, 0x270(x2)                         rtn_fm_mmode+12
mem[R,0x0000000080004270] -> 0x0000000000007F76
x8 <- 0x0000000000007F76

mem[X,0x0000000080001CB0] -> 0x3483
mem[X,0x0000000080001CB2] -> 0x2781
[909] [M]: 0x0000000080001CB0 (0x27813483) ld x9, 0x278(x2)                         rtn_fm_mmode+16
mem[R,0x0000000080004278] -> 0x0000060080000B38
x9 <- 0x0000060080000B38

clint mtime 0x00000000000001C7 (mip.MTI <- 0b1, mip.STI <- 0b0)
mem[X,0x0000000080001CB4] -> 0x3503
mem[X,0x0000000080001CB6] -> 0x2801
[910] [M]: 0x0000000080001CB4 (0x28013503) ld x10, 0x280(x2)                        rtn_fm_mmode+20
mem[R,0x0000000080004280] -> 0x00000000000000DE
x10 <- 0x00000000000000DE

mem[X,0x0000000080001CB8] -> 0x3583
mem[X,0x0000000080001CBA] -> 0x2881
[911] [M]: 0x0000000080001CB8 (0x28813583) ld x11, 0x288(x2)                        rtn_fm_mmode+24
mem[R,0x0000000080004288] -> 0x00000000000000DE
x11 <- 0x00000000000000DE

clint mtime 0x00000000000001C8 (mip.MTI <- 0b1, mip.STI <- 0b0)
mem[X,0x0000000080001CBC] -> 0x3103
mem[X,0x0000000080001CBE] -> 0x2901
[912] [M]: 0x0000000080001CBC (0x29013103) ld x2, 0x290(x2)                         rtn_fm_mmode+28
mem[R,0x0000000080004290] -> 0x0000000000000000
x2 <- 0x0000000000000000

mem[X,0x0000000080001CC0] -> 0x8067
mem[X,0x0000000080001CC2] -> 0x0043
[913] [M]: 0x0000000080001CC0 (0x00438067) jalr x0, 0x4(x7)                         rtn_fm_mmode+32

clint mtime 0x00000000000001C9 (mip.MTI <- 0b1, mip.STI <- 0b0)
mem[X,0x0000000080000BD8] -> 0x0013
mem[X,0x0000000080000BDA] -> 0x0000
[914] [M]: 0x0000000080000BD8 (0x00000013) addi x0, x0, 0x0                         main+984

mem[X,0x0000000080000BDC] -> 0x0013
mem[X,0x0000000080000BDE] -> 0x0000
[915] [M]: 0x0000000080000BDC (0x00000013) addi x0, x0, 0x0                         main+988

clint mtime 0x00000000000001CA (mip.MTI <- 0b1, mip.STI <- 0b0)
mem[X,0x0000000080000BE0] -> 0x6517
mem[X,0x0000000080000BE2] -> 0x0000
[916] [M]: 0x0000000080000BE0 (0x00006517) auipc x10, 0x6                           main+992
x10 <- 0x0000000080006BE0

mem[X,0x0000000080000BE4] -> 0x0513
mem[X,0x0000000080000BE6] -> 0x4205
[917] [M]: 0x0000000080000BE4 (0x42050513) addi x10, x10, 0x420                     main+996
x10 <- 0x0000000080007000

clint mtime 0x00000000000001CB (mip.MTI <- 0b1, mip.STI <- 0b0)
mem[X,0x0000000080000BE8] -> 0x0001
[918] [M]: 0x0000000080000BE8 (0x0001) c.nop                                        main+1000

mem[X,0x0000000080000BEA] -> 0x0013
mem[X,0x0000000080000BEC] -> 0x0000
[919] [M]: 0x0000000080000BEA (0x00000013) addi x0, x0, 0x0                         main+1002

clint mtime 0x00000000000001CC (mip.MTI <- 0b1, mip.STI <- 0b0)
mem[X,0x0000000080000BEE] -> 0x0013
mem[X,0x0000000080000BF0] -> 0x0000
[920] [M]: 0x0000000080000BEE (0x00000013) addi x0, x0, 0x0                         main+1006

mem[X,0x0000000080000BF2] -> 0x0013
mem[X,0x0000000080000BF4] -> 0x0000
[921] [M]: 0x0000000080000BF2 (0x00000013) addi x0, x0, 0x0                         main+1010

clint mtime 0x00000000000001CD (mip.MTI <- 0b1, mip.STI <- 0b0)
mem[X,0x0000000080000BF6] -> 0x0013
mem[X,0x0000000080000BF8] -> 0x0000
[922] [M]: 0x0000000080000BF6 (0x00000013) addi x0, x0, 0x0                         main+1014

mem[X,0x0000000080000BFA] -> 0x0013
mem[X,0x0000000080000BFC] -> 0x0000
[923] [M]: 0x0000000080000BFA (0x00000013) addi x0, x0, 0x0                         main+1018

clint mtime 0x00000000000001CE (mip.MTI <- 0b1, mip.STI <- 0b0)
mem[X,0x0000000080000BFE] -> 0x0001
[924] [M]: 0x0000000080000BFE (0x0001) c.nop                                        main+1022

mem[X,0x0000000080000C00] -> 0x0593
mem[X,0x0000000080000C02] -> 0x0010
[925] [M]: 0x0000000080000C00 (0x00100593) addi x11, x0, 0x1                        main+1024
x11 <- 0x0000000000000001

clint mtime 0x00000000000001CF (mip.MTI <- 0b1, mip.STI <- 0b0)
mem[X,0x0000000080000C04] -> 0x5513
mem[X,0x0000000080000C06] -> 0x00C5
[926] [M]: 0x0000000080000C04 (0x00C55513) srli x10, x10, 0xc                       main+1028
x10 <- 0x0000000000080007

mem[X,0x0000000080000C08] -> 0x1513
mem[X,0x0000000080000C0A] -> 0x00A5
[927] [M]: 0x0000000080000C08 (0x00A51513) slli x10, x10, 0xa                       main+1032
x10 <- 0x0000000020001C00

clint mtime 0x00000000000001D0 (mip.MTI <- 0b1, mip.STI <- 0b0)
mem[X,0x0000000080000C0C] -> 0x6533
mem[X,0x0000000080000C0E] -> 0x00B5
[928] [M]: 0x0000000080000C0C (0x00B56533) or x10, x10, x11                         main+1036
x10 <- 0x0000000020001C01

mem[X,0x0000000080000C10] -> 0x0013
mem[X,0x0000000080000C12] -> 0x0000
[929] [M]: 0x0000000080000C10 (0x00000013) addi x0, x0, 0x0                         main+1040

clint mtime 0x00000000000001D1 (mip.MTI <- 0b1, mip.STI <- 0b0)
mem[X,0x0000000080000C14] -> 0x0013
mem[X,0x0000000080000C16] -> 0x0000
[930] [M]: 0x0000000080000C14 (0x00000013) addi x0, x0, 0x0                         main+1044

mem[X,0x0000000080000C18] -> 0x0013
mem[X,0x0000000080000C1A] -> 0x0000
[931] [M]: 0x0000000080000C18 (0x00000013) addi x0, x0, 0x0                         main+1048

clint mtime 0x00000000000001D2 (mip.MTI <- 0b1, mip.STI <- 0b0)
mem[X,0x0000000080000C1C] -> 0x0013
mem[X,0x0000000080000C1E] -> 0x0000
[932] [M]: 0x0000000080000C1C (0x00000013) addi x0, x0, 0x0                         main+1052

mem[X,0x0000000080000C20] -> 0x7317
mem[X,0x0000000080000C22] -> 0x0000
[933] [M]: 0x0000000080000C20 (0x00007317) auipc x6, 0x7                            main+1056
x6 <- 0x0000000080007C20

clint mtime 0x00000000000001D3 (mip.MTI <- 0b1, mip.STI <- 0b0)
mem[X,0x0000000080000C24] -> 0x0313
mem[X,0x0000000080000C26] -> 0x3E03
[934] [M]: 0x0000000080000C24 (0x3E030313) addi x6, x6, 0x3e0                       main+1060
x6 <- 0x0000000080008000

mem[X,0x0000000080000C28] -> 0x0001
[935] [M]: 0x0000000080000C28 (0x0001) c.nop                                        main+1064

clint mtime 0x00000000000001D4 (mip.MTI <- 0b1, mip.STI <- 0b0)
mem[X,0x0000000080000C2A] -> 0x0013
mem[X,0x0000000080000C2C] -> 0x0000
[936] [M]: 0x0000000080000C2A (0x00000013) addi x0, x0, 0x0                         main+1066

mem[X,0x0000000080000C2E] -> 0x0013
mem[X,0x0000000080000C30] -> 0x0000
[937] [M]: 0x0000000080000C2E (0x00000013) addi x0, x0, 0x0                         main+1070

clint mtime 0x00000000000001D5 (mip.MTI <- 0b1, mip.STI <- 0b0)
mem[X,0x0000000080000C32] -> 0x0013
mem[X,0x0000000080000C34] -> 0x0000
[938] [M]: 0x0000000080000C32 (0x00000013) addi x0, x0, 0x0                         main+1074

mem[X,0x0000000080000C36] -> 0x0013
mem[X,0x0000000080000C38] -> 0x0000
[939] [M]: 0x0000000080000C36 (0x00000013) addi x0, x0, 0x0                         main+1078

clint mtime 0x00000000000001D6 (mip.MTI <- 0b1, mip.STI <- 0b0)
mem[X,0x0000000080000C3A] -> 0x0013
mem[X,0x0000000080000C3C] -> 0x0000
[940] [M]: 0x0000000080000C3A (0x00000013) addi x0, x0, 0x0                         main+1082

mem[X,0x0000000080000C3E] -> 0x0001
[941] [M]: 0x0000000080000C3E (0x0001) c.nop                                        main+1086

clint mtime 0x00000000000001D7 (mip.MTI <- 0b1, mip.STI <- 0b0)
mem[X,0x0000000080000C40] -> 0x0293
mem[X,0x0000000080000C42] -> 0x0280
[942] [M]: 0x0000000080000C40 (0x02800293) addi x5, x0, 0x28                        main+1088
x5 <- 0x0000000000000028

mem[X,0x0000000080000C44] -> 0x0333
mem[X,0x0000000080000C46] -> 0x0053
[943] [M]: 0x0000000080000C44 (0x00530333) add x6, x6, x5                           main+1092
x6 <- 0x0000000080008028

clint mtime 0x00000000000001D8 (mip.MTI <- 0b1, mip.STI <- 0b0)
mem[X,0x0000000080000C48] -> 0x3023
mem[X,0x0000000080000C4A] -> 0x00A3
[944] [M]: 0x0000000080000C48 (0x00A33023) sd x10, 0x0(x6)                          main+1096
mem[W,0x0000000080008028] <- 0x0000000020001C01

mem[X,0x0000000080000C4C] -> 0x0013
mem[X,0x0000000080000C4E] -> 0x0000
[945] [M]: 0x0000000080000C4C (0x00000013) addi x0, x0, 0x0                         main+1100

clint mtime 0x00000000000001D9 (mip.MTI <- 0b1, mip.STI <- 0b0)
mem[X,0x0000000080000C50] -> 0x0013
mem[X,0x0000000080000C52] -> 0x0000
[946] [M]: 0x0000000080000C50 (0x00000013) addi x0, x0, 0x0                         main+1104

mem[X,0x0000000080000C54] -> 0x0013
mem[X,0x0000000080000C56] -> 0x0000
[947] [M]: 0x0000000080000C54 (0x00000013) addi x0, x0, 0x0                         main+1108

clint mtime 0x00000000000001DA (mip.MTI <- 0b1, mip.STI <- 0b0)
mem[X,0x0000000080000C58] -> 0x0013
mem[X,0x0000000080000C5A] -> 0x0000
[948] [M]: 0x0000000080000C58 (0x00000013) addi x0, x0, 0x0                         main+1112

mem[X,0x0000000080000C5C] -> 0x0013
mem[X,0x0000000080000C5E] -> 0x0000
[949] [M]: 0x0000000080000C5C (0x00000013) addi x0, x0, 0x0                         main+1116

clint mtime 0x00000000000001DB (mip.MTI <- 0b1, mip.STI <- 0b0)
mem[X,0x0000000080000C60] -> 0xF517
mem[X,0x0000000080000C62] -> 0xFFFF
[950] [M]: 0x0000000080000C60 (0xFFFFF517) auipc x10, -0x1                          main+1120
x10 <- 0x000000007FFFFC60

mem[X,0x0000000080000C64] -> 0x0513
mem[X,0x0000000080000C66] -> 0x7A05
[951] [M]: 0x0000000080000C64 (0x7A050513) addi x10, x10, 0x7a0                     main+1124
x10 <- 0x0000000080000400

clint mtime 0x00000000000001DC (mip.MTI <- 0b1, mip.STI <- 0b0)
mem[X,0x0000000080000C68] -> 0x0001
[952] [M]: 0x0000000080000C68 (0x0001) c.nop                                        main+1128

mem[X,0x0000000080000C6A] -> 0x0013
mem[X,0x0000000080000C6C] -> 0x0000
[953] [M]: 0x0000000080000C6A (0x00000013) addi x0, x0, 0x0                         main+1130

clint mtime 0x00000000000001DD (mip.MTI <- 0b1, mip.STI <- 0b0)
mem[X,0x0000000080000C6E] -> 0x0013
mem[X,0x0000000080000C70] -> 0x0000
[954] [M]: 0x0000000080000C6E (0x00000013) addi x0, x0, 0x0                         main+1134

mem[X,0x0000000080000C72] -> 0x0013
mem[X,0x0000000080000C74] -> 0x0000
[955] [M]: 0x0000000080000C72 (0x00000013) addi x0, x0, 0x0                         main+1138

clint mtime 0x00000000000001DE (mip.MTI <- 0b1, mip.STI <- 0b0)
mem[X,0x0000000080000C76] -> 0x0013
mem[X,0x0000000080000C78] -> 0x0000
[956] [M]: 0x0000000080000C76 (0x00000013) addi x0, x0, 0x0                         main+1142

mem[X,0x0000000080000C7A] -> 0x0013
mem[X,0x0000000080000C7C] -> 0x0000
[957] [M]: 0x0000000080000C7A (0x00000013) addi x0, x0, 0x0                         main+1146

clint mtime 0x00000000000001DF (mip.MTI <- 0b1, mip.STI <- 0b0)
mem[X,0x0000000080000C7E] -> 0x0001
[958] [M]: 0x0000000080000C7E (0x0001) c.nop                                        main+1150

mem[X,0x0000000080000C80] -> 0x0593
mem[X,0x0000000080000C82] -> 0x0DE0
[959] [M]: 0x0000000080000C80 (0x0DE00593) addi x11, x0, 0xde                       main+1152
x11 <- 0x00000000000000DE

clint mtime 0x00000000000001E0 (mip.MTI <- 0b1, mip.STI <- 0b0)
mem[X,0x0000000080000C84] -> 0x5513
mem[X,0x0000000080000C86] -> 0x00C5
[960] [M]: 0x0000000080000C84 (0x00C55513) srli x10, x10, 0xc                       main+1156
x10 <- 0x0000000000080000

mem[X,0x0000000080000C88] -> 0x1513
mem[X,0x0000000080000C8A] -> 0x00A5
[961] [M]: 0x0000000080000C88 (0x00A51513) slli x10, x10, 0xa                       main+1160
x10 <- 0x0000000020000000

clint mtime 0x00000000000001E1 (mip.MTI <- 0b1, mip.STI <- 0b0)
mem[X,0x0000000080000C8C] -> 0x6533
mem[X,0x0000000080000C8E] -> 0x00B5
[962] [M]: 0x0000000080000C8C (0x00B56533) or x10, x10, x11                         main+1164
x10 <- 0x00000000200000DE

mem[X,0x0000000080000C90] -> 0x0013
mem[X,0x0000000080000C92] -> 0x0000
[963] [M]: 0x0000000080000C90 (0x00000013) addi x0, x0, 0x0                         main+1168

clint mtime 0x00000000000001E2 (mip.MTI <- 0b1, mip.STI <- 0b0)
mem[X,0x0000000080000C94] -> 0x0013
mem[X,0x0000000080000C96] -> 0x0000
[964] [M]: 0x0000000080000C94 (0x00000013) addi x0, x0, 0x0                         main+1172

mem[X,0x0000000080000C98] -> 0x0013
mem[X,0x0000000080000C9A] -> 0x0000
[965] [M]: 0x0000000080000C98 (0x00000013) addi x0, x0, 0x0                         main+1176

clint mtime 0x00000000000001E3 (mip.MTI <- 0b1, mip.STI <- 0b0)
mem[X,0x0000000080000C9C] -> 0x0013
mem[X,0x0000000080000C9E] -> 0x0000
[966] [M]: 0x0000000080000C9C (0x00000013) addi x0, x0, 0x0                         main+1180

mem[X,0x0000000080000CA0] -> 0x6317
mem[X,0x0000000080000CA2] -> 0x0000
[967] [M]: 0x0000000080000CA0 (0x00006317) auipc x6, 0x6                            main+1184
x6 <- 0x0000000080006CA0

clint mtime 0x00000000000001E4 (mip.MTI <- 0b1, mip.STI <- 0b0)
mem[X,0x0000000080000CA4] -> 0x0313
mem[X,0x0000000080000CA6] -> 0x3603
[968] [M]: 0x0000000080000CA4 (0x36030313) addi x6, x6, 0x360                       main+1188
x6 <- 0x0000000080007000

mem[X,0x0000000080000CA8] -> 0x0001
[969] [M]: 0x0000000080000CA8 (0x0001) c.nop                                        main+1192

clint mtime 0x00000000000001E5 (mip.MTI <- 0b1, mip.STI <- 0b0)
mem[X,0x0000000080000CAA] -> 0x0013
mem[X,0x0000000080000CAC] -> 0x0000
[970] [M]: 0x0000000080000CAA (0x00000013) addi x0, x0, 0x0                         main+1194

mem[X,0x0000000080000CAE] -> 0x0013
mem[X,0x0000000080000CB0] -> 0x0000
[971] [M]: 0x0000000080000CAE (0x00000013) addi x0, x0, 0x0                         main+1198

clint mtime 0x00000000000001E6 (mip.MTI <- 0b1, mip.STI <- 0b0)
mem[X,0x0000000080000CB2] -> 0x0013
mem[X,0x0000000080000CB4] -> 0x0000
[972] [M]: 0x0000000080000CB2 (0x00000013) addi x0, x0, 0x0                         main+1202

mem[X,0x0000000080000CB6] -> 0x0013
mem[X,0x0000000080000CB8] -> 0x0000
[973] [M]: 0x0000000080000CB6 (0x00000013) addi x0, x0, 0x0                         main+1206

clint mtime 0x00000000000001E7 (mip.MTI <- 0b1, mip.STI <- 0b0)
mem[X,0x0000000080000CBA] -> 0x0013
mem[X,0x0000000080000CBC] -> 0x0000
[974] [M]: 0x0000000080000CBA (0x00000013) addi x0, x0, 0x0                         main+1210

mem[X,0x0000000080000CBE] -> 0x0001
[975] [M]: 0x0000000080000CBE (0x0001) c.nop                                        main+1214

clint mtime 0x00000000000001E8 (mip.MTI <- 0b1, mip.STI <- 0b0)
mem[X,0x0000000080000CC0] -> 0x0293
mem[X,0x0000000080000CC2] -> 0x0000
[976] [M]: 0x0000000080000CC0 (0x00000293) addi x5, x0, 0x0                         main+1216
x5 <- 0x0000000000000000

mem[X,0x0000000080000CC4] -> 0x0333
mem[X,0x0000000080000CC6] -> 0x0053
[977] [M]: 0x0000000080000CC4 (0x00530333) add x6, x6, x5                           main+1220
x6 <- 0x0000000080007000

clint mtime 0x00000000000001E9 (mip.MTI <- 0b1, mip.STI <- 0b0)
mem[X,0x0000000080000CC8] -> 0x3023
mem[X,0x0000000080000CCA] -> 0x00A3
[978] [M]: 0x0000000080000CC8 (0x00A33023) sd x10, 0x0(x6)                          main+1224
mem[W,0x0000000080007000] <- 0x00000000200000DE

mem[X,0x0000000080000CCC] -> 0x0073
mem[X,0x0000000080000CCE] -> 0x1200
[979] [M]: 0x0000000080000CCC (0x12000073) sfence.vma x0, x0                        main+1228

clint mtime 0x00000000000001EA (mip.MTI <- 0b1, mip.STI <- 0b0)
mem[X,0x0000000080000CD0] -> 0x0493
mem[X,0x0000000080000CD2] -> 0x0010
[980] [M]: 0x0000000080000CD0 (0x00100493) addi x9, x0, 0x1                         main+1232
x9 <- 0x0000000000000001

mem[X,0x0000000080000CD4] -> 0x9493
mem[X,0x0000000080000CD6] -> 0x00B4
[981] [M]: 0x0000000080000CD4 (0x00B49493) slli x9, x9, 0xb                         main+1236
x9 <- 0x0000000000000800

clint mtime 0x00000000000001EB (mip.MTI <- 0b1, mip.STI <- 0b0)
mem[X,0x0000000080000CD8] -> 0xB073
mem[X,0x0000000080000CDA] -> 0x3004
[982] [M]: 0x0000000080000CD8 (0x3004B073) csrrc x0, mstatus, x9                    main+1240
CSR mstatus (0x300) <- 0x0000000A00000000

mem[X,0x0000000080000CDC] -> 0x23F3
mem[X,0x0000000080000CDE] -> 0x3400
[983] [M]: 0x0000000080000CDC (0x340023F3) csrrs x7, mscratch, x0                   main+1244
CSR mscratch (0x340) -> 0x0000000080004000
x7 <- 0x0000000080004000

clint mtime 0x00000000000001EC (mip.MTI <- 0b1, mip.STI <- 0b0)
mem[X,0x0000000080000CE0] -> 0xB303
mem[X,0x0000000080000CE2] -> 0x4703
[984] [M]: 0x0000000080000CE0 (0x4703B303) ld x6, 0x470(x7)                         main+1248
mem[R,0x0000000080004470] -> 0x00000300800007BC
x6 <- 0x00000300800007BC

mem[X,0x0000000080000CE4] -> 0xB483
mem[X,0x0000000080000CE6] -> 0x1D83
[985] [M]: 0x0000000080000CE4 (0x1D83B483) ld x9, 0x1d8(x7)                         main+1252
mem[R,0x00000000800041D8] -> 0x00000000800007D4
x9 <- 0x00000000800007D4

clint mtime 0x00000000000001ED (mip.MTI <- 0b1, mip.STI <- 0b0)
mem[X,0x0000000080000CE8] -> 0x0333
mem[X,0x0000000080000CEA] -> 0x4093
[986] [M]: 0x0000000080000CE8 (0x40930333) sub x6, x6, x9                           main+1256
x6 <- 0x000002FFFFFFFFE8

mem[X,0x0000000080000CEC] -> 0x0313
mem[X,0x0000000080000CEE] -> 0x0103
[987] [M]: 0x0000000080000CEC (0x01030313) addi x6, x6, 0x10                        main+1260
x6 <- 0x000002FFFFFFFFF8

clint mtime 0x00000000000001EE (mip.MTI <- 0b1, mip.STI <- 0b0)
mem[X,0x0000000080000CF0] -> 0x0497
mem[X,0x0000000080000CF2] -> 0x0000
[988] [M]: 0x0000000080000CF0 (0x00000497) auipc x9, 0x0                            main+1264
x9 <- 0x0000000080000CF0

mem[X,0x0000000080000CF4] -> 0x84B3
mem[X,0x0000000080000CF6] -> 0x0064
[989] [M]: 0x0000000080000CF4 (0x006484B3) add x9, x9, x6                           main+1268
x9 <- 0x0000030080000CE8

clint mtime 0x00000000000001EF (mip.MTI <- 0b1, mip.STI <- 0b0)
mem[X,0x0000000080000CF8] -> 0x94F3
mem[X,0x0000000080000CFA] -> 0x3414
[990] [M]: 0x0000000080000CF8 (0x341494F3) csrrw x9, mepc, x9                       main+1272
CSR mepc (0x341) <- 0x0000030080000CE8
x9 <- 0x0000030080000BBC

mem[X,0x0000000080000CFC] -> 0x0073
mem[X,0x0000000080000CFE] -> 0x3020
[991] [M]: 0x0000000080000CFC (0x30200073) mret                                     main+1276
CSR mstatus (0x300) <- 0x0000000A00000080
ret-ing from M to U

clint mtime 0x00000000000001F0 (mip.MTI <- 0b1, mip.STI <- 0b0)
PTW: Start, vpn=0x30080000, access_type=X, privilege=Umem[R,0x0000000080008030] -> 0x00000000000000DB
PTW: Step, level=3, pte=0xDB, pte_addr=0x80008030
PTW: Success, final_ppn=0x80000, level=3mem[X,0x0000000080000CE8] -> 0x0333
mem[X,0x0000000080000CEA] -> 0x4093
[992] [U]: 0x0000030080000CE8 (0x40930333) sub x6, x6, x9                           va_rvtest_code_begin+1324
x6 <- 0xFFFFFFFF7FFFF43C

mem[X,0x0000000080000CEC] -> 0x0313
mem[X,0x0000000080000CEE] -> 0x0103
[993] [U]: 0x0000030080000CEC (0x01030313) addi x6, x6, 0x10                        va_rvtest_code_begin+1328
x6 <- 0xFFFFFFFF7FFFF44C

clint mtime 0x00000000000001F1 (mip.MTI <- 0b1, mip.STI <- 0b0)
mem[X,0x0000000080000CF0] -> 0x0497
mem[X,0x0000000080000CF2] -> 0x0000
[994] [U]: 0x0000030080000CF0 (0x00000497) auipc x9, 0x0                            va_rvtest_code_begin+1332
x9 <- 0x0000030080000CF0

mem[X,0x0000000080000CF4] -> 0x84B3
mem[X,0x0000000080000CF6] -> 0x0064
[995] [U]: 0x0000030080000CF4 (0x006484B3) add x9, x9, x6                           va_rvtest_code_begin+1336
x9 <- 0x000003000000013C

clint mtime 0x00000000000001F2 (mip.MTI <- 0b1, mip.STI <- 0b0)
mem[X,0x0000000080000CF8] -> 0x94F3
mem[X,0x0000000080000CFA] -> 0x3414
[996] [U]: 0x0000030080000CF8 (0x341494F3) csrrw x9, mepc, x9                       va_rvtest_code_begin+1340
trapping from U to M to handle illegal-instruction
handling exc#illegal-instruction at priv M with tval 0x00000000341494F3
CSR mstatus (0x300) <- 0x0000000A00000000
CSR mcause (0x342) <- 0x0000000000000002
CSR mtval (0x343) <- 0x00000000341494F3
CSR mepc (0x341) <- 0x0000030080000CF8

mem[X,0x0000000080001380] -> 0x006F
mem[X,0x0000000080001382] -> 0x1000
[997] [M]: 0x0000000080001380 (0x1000006F) jal x0, 0x100                            Mtrampoline+0

clint mtime 0x00000000000001F3 (mip.MTI <- 0b1, mip.STI <- 0b0)
mem[X,0x0000000080001480] -> 0x1173
mem[X,0x0000000080001482] -> 0x3401
[998] [M]: 0x0000000080001480 (0x34011173) csrrw x2, mscratch, x2                   trap_Mhandler+0
CSR mscratch (0x340) <- 0x0000000000000000
x2 <- 0x0000000080004000

mem[X,0x0000000080001484] -> 0x3423
mem[X,0x0000000080001486] -> 0x28B1
[999] [M]: 0x0000000080001484 (0x28B13423) sd x11, 0x288(x2)                        trap_Mhandler+4
mem[W,0x0000000080004288] <- 0x00000000000000DE

clint mtime 0x00000000000001F4 (mip.MTI <- 0b1, mip.STI <- 0b0)
mem[X,0x0000000080001488] -> 0x05EF
mem[X,0x000000008000148A] -> 0x0B80
[1000] [M]: 0x0000000080001488 (0x0B8005EF) jal x11, 0xb8                           trap_Mhandler+8
x11 <- 0x000000008000148C

mem[X,0x0000000080001540] -> 0x3023
mem[X,0x0000000080001542] -> 0x28A1
[1001] [M]: 0x0000000080001540 (0x28A13023) sd x10, 0x280(x2)                       common_Mhandler+0
mem[W,0x0000000080004280] <- 0x00000000200000DE

clint mtime 0x00000000000001F5 (mip.MTI <- 0b1, mip.STI <- 0b0)
mem[X,0x0000000080001544] -> 0x1573
mem[X,0x0000000080001546] -> 0x3401
[1002] [M]: 0x0000000080001544 (0x34011573) csrrw x10, mscratch, x2                 common_Mhandler+4
CSR mscratch (0x340) <- 0x0000000080004000
x10 <- 0x0000000000000000

mem[X,0x0000000080001548] -> 0x3823
mem[X,0x000000008000154A] -> 0x28A1
[1003] [M]: 0x0000000080001548 (0x28A13823) sd x10, 0x290(x2)                       common_Mhandler+8
mem[W,0x0000000080004290] <- 0x0000000000000000

clint mtime 0x00000000000001F6 (mip.MTI <- 0b1, mip.STI <- 0b0)
mem[X,0x000000008000154C] -> 0x3503
mem[X,0x000000008000154E] -> 0x2301
[1004] [M]: 0x000000008000154C (0x23013503) ld x10, 0x230(x2)                       common_Mhandler+12
mem[R,0x0000000080004230] -> 0x0000000080001554
x10 <- 0x0000000080001554

mem[X,0x0000000080001550] -> 0x0067
mem[X,0x0000000080001552] -> 0x0005
[1005] [M]: 0x0000000080001550 (0x00050067) jalr x0, 0x0(x10)                       common_Mhandler+16

clint mtime 0x00000000000001F7 (mip.MTI <- 0b1, mip.STI <- 0b0)
mem[X,0x0000000080001554] -> 0x3C23
mem[X,0x0000000080001556] -> 0x2691
[1006] [M]: 0x0000000080001554 (0x26913C23) sd x9, 0x278(x2)                        common_Mentry+0
mem[W,0x0000000080004278] <- 0x000003000000013C

mem[X,0x0000000080001558] -> 0x3823
mem[X,0x000000008000155A] -> 0x2681
[1007] [M]: 0x0000000080001558 (0x26813823) sd x8, 0x270(x2)                        common_Mentry+4
mem[W,0x0000000080004270] <- 0x0000000000007F76

clint mtime 0x00000000000001F8 (mip.MTI <- 0b1, mip.STI <- 0b0)
mem[X,0x000000008000155C] -> 0x3423
mem[X,0x000000008000155E] -> 0x2671
[1008] [M]: 0x000000008000155C (0x26713423) sd x7, 0x268(x2)                        common_Mentry+8
mem[W,0x0000000080004268] <- 0x0000000080004000

mem[X,0x0000000080001560] -> 0x3023
mem[X,0x0000000080001562] -> 0x2661
[1009] [M]: 0x0000000080001560 (0x26613023) sd x6, 0x260(x2)                        common_Mentry+12
mem[W,0x0000000080004260] <- 0xFFFFFFFF7FFFF44C

clint mtime 0x00000000000001F9 (mip.MTI <- 0b1, mip.STI <- 0b0)
mem[X,0x0000000080001564] -> 0x2573
mem[X,0x0000000080001566] -> 0x3420
[1010] [M]: 0x0000000080001564 (0x34202573) csrrs x10, mcause, x0                   spcl_M2mmode_test+0
CSR mcause (0x342) -> 0x0000000000000002
x10 <- 0x0000000000000002

mem[X,0x0000000080001568] -> 0x04B7
mem[X,0x000000008000156A] -> 0x8000
[1011] [M]: 0x0000000080001568 (0x800004B7) lui x9, -0x80000                        spcl_M2mmode_test+4
x9 <- 0xFFFFFFFF80000000

clint mtime 0x00000000000001FA (mip.MTI <- 0b1, mip.STI <- 0b0)
mem[X,0x000000008000156C] -> 0x8493
mem[X,0x000000008000156E] -> 0x0004
[1012] [M]: 0x000000008000156C (0x00048493) addi x9, x9, 0x0                        spcl_M2mmode_test+8
x9 <- 0xFFFFFFFF80000000

mem[X,0x0000000080001570] -> 0x9493
mem[X,0x0000000080001572] -> 0x00B4
[1013] [M]: 0x0000000080001570 (0x00B49493) slli x9, x9, 0xb                        spcl_M2mmode_test+12
x9 <- 0xFFFFFC0000000000

clint mtime 0x00000000000001FB (mip.MTI <- 0b1, mip.STI <- 0b0)
mem[X,0x0000000080001574] -> 0x8493
mem[X,0x0000000080001576] -> 0x0004
[1014] [M]: 0x0000000080001574 (0x00048493) addi x9, x9, 0x0                        spcl_M2mmode_test+16
x9 <- 0xFFFFFC0000000000

mem[X,0x0000000080001578] -> 0x9493
mem[X,0x000000008000157A] -> 0x00B4
[1015] [M]: 0x0000000080001578 (0x00B49493) slli x9, x9, 0xb                        spcl_M2mmode_test+20
x9 <- 0xFFE0000000000000

clint mtime 0x00000000000001FC (mip.MTI <- 0b1, mip.STI <- 0b0)
mem[X,0x000000008000157C] -> 0x8493
mem[X,0x000000008000157E] -> 0x0034
[1016] [M]: 0x000000008000157C (0x00348493) addi x9, x9, 0x3                        spcl_M2mmode_test+24
x9 <- 0xFFE0000000000003

mem[X,0x0000000080001580] -> 0x9493
mem[X,0x0000000080001582] -> 0x00A4
[1017] [M]: 0x0000000080001580 (0x00A49493) slli x9, x9, 0xa                        spcl_M2mmode_test+28
x9 <- 0x8000000000000C00

clint mtime 0x00000000000001FD (mip.MTI <- 0b1, mip.STI <- 0b0)
mem[X,0x0000000080001584] -> 0x8493
mem[X,0x0000000080001586] -> 0x3FC4
[1018] [M]: 0x0000000080001584 (0x3FC48493) addi x9, x9, 0x3fc                      spcl_M2mmode_test+32
x9 <- 0x8000000000000FFC

mem[X,0x0000000080001588] -> 0xF4B3
mem[X,0x000000008000158A] -> 0x00A4
[1019] [M]: 0x0000000080001588 (0x00A4F4B3) and x9, x9, x10                         spcl_M2mmode_test+36
x9 <- 0x0000000000000000

clint mtime 0x00000000000001FE (mip.MTI <- 0b1, mip.STI <- 0b0)
mem[X,0x000000008000158C] -> 0x8493
mem[X,0x000000008000158E] -> 0xFF84
[1020] [M]: 0x000000008000158C (0xFF848493) addi x9, x9, -0x8                       spcl_M2mmode_test+40
x9 <- 0xFFFFFFFFFFFFFFF8

mem[X,0x0000000080001590] -> 0x9663
mem[X,0x0000000080001592] -> 0x0004
[1021] [M]: 0x0000000080001590 (0x00049663) bne x9, x0, 0xc                         spcl_M2mmode_test+44

clint mtime 0x00000000000001FF (mip.MTI <- 0b1, mip.STI <- 0b0)
mem[X,0x000000008000159C] -> 0x0393
mem[X,0x000000008000159E] -> 0x0200
[1022] [M]: 0x000000008000159C (0x02000393) addi x7, x0, 0x20                       Mtrapsig_ptr_upd+0
x7 <- 0x0000000000000020

mem[X,0x00000000800015A0] -> 0x5263
mem[X,0x00000000800015A2] -> 0x0405
[1023] [M]: 0x00000000800015A0 (0x04055263) bge x10, x0, 0x44                       Mtrapsig_ptr_upd+4

clint mtime 0x0000000000000200 (mip.MTI <- 0b1, mip.STI <- 0b0)
mem[X,0x00000000800015E4] -> 0x2373
mem[X,0x00000000800015E6] -> 0x3010
[1024] [M]: 0x00000000800015E4 (0x30102373) csrrs x6, misa, x0                      Mxcpt_sig_sv+0
CSR misa (0x301) -> 0x800000000034112F
x6 <- 0x800000000034112F

mem[X,0x00000000800015E8] -> 0x1313
mem[X,0x00000000800015EA] -> 0x0383
[1025] [M]: 0x00000000800015E8 (0x03831313) slli x6, x6, 0x38                       Mxcpt_sig_sv+4
x6 <- 0x2F00000000000000

clint mtime 0x0000000000000201 (mip.MTI <- 0b1, mip.STI <- 0b0)
mem[X,0x00000000800015EC] -> 0x5463
mem[X,0x00000000800015EE] -> 0x0003
[1026] [M]: 0x00000000800015EC (0x00035463) bge x6, x0, 0x8                         Mxcpt_sig_sv+8

mem[X,0x00000000800015F4] -> 0x3303
mem[X,0x00000000800015F6] -> 0x2181
[1027] [M]: 0x00000000800015F4 (0x21813303) ld x6, 0x218(x2)                        Mtrap_sig_sv+0
mem[R,0x0000000080004218] -> 0x0000000080009398
x6 <- 0x0000000080009398

clint mtime 0x0000000000000202 (mip.MTI <- 0b1, mip.STI <- 0b0)
mem[X,0x00000000800015F8] -> 0x04B3
mem[X,0x00000000800015FA] -> 0x0073
[1028] [M]: 0x00000000800015F8 (0x007304B3) add x9, x6, x7                          Mtrap_sig_sv+4
x9 <- 0x00000000800093B8

mem[X,0x00000000800015FC] -> 0x3C23
mem[X,0x00000000800015FE] -> 0x2091
[1029] [M]: 0x00000000800015FC (0x20913C23) sd x9, 0x218(x2)                        Mtrap_sig_sv+8
mem[W,0x0000000080004218] <- 0x00000000800093B8

clint mtime 0x0000000000000203 (mip.MTI <- 0b1, mip.STI <- 0b0)
mem[X,0x0000000080001600] -> 0x3403
mem[X,0x0000000080001602] -> 0x1F81
[1030] [M]: 0x0000000080001600 (0x1F813403) ld x8, 0x1f8(x2)                        Mtrap_sig_sv+12
mem[R,0x00000000800041F8] -> 0x0000000080009110
x8 <- 0x0000000080009110

mem[X,0x0000000080001604] -> 0x0333
mem[X,0x0000000080001606] -> 0x4083
[1031] [M]: 0x0000000080001604 (0x40830333) sub x6, x6, x8                          Mtrap_sig_sv+16
x6 <- 0x0000000000000288

clint mtime 0x0000000000000204 (mip.MTI <- 0b1, mip.STI <- 0b0)
mem[X,0x0000000080001608] -> 0x3403
mem[X,0x000000008000160A] -> 0x1F81
[1032] [M]: 0x0000000080001608 (0x1F813403) ld x8, 0x1f8(x2)                        Mtrap_sig_sv+20
mem[R,0x00000000800041F8] -> 0x0000000080009110
x8 <- 0x0000000080009110

mem[X,0x000000008000160C] -> 0x0333
mem[X,0x000000008000160E] -> 0x0083
[1033] [M]: 0x000000008000160C (0x00830333) add x6, x6, x8                          Mtrap_sig_sv+24
x6 <- 0x0000000080009398

clint mtime 0x0000000000000205 (mip.MTI <- 0b1, mip.STI <- 0b0)
mem[X,0x0000000080001610] -> 0x3403
mem[X,0x0000000080001612] -> 0x2401
[1034] [M]: 0x0000000080001610 (0x24013403) ld x8, 0x240(x2)                        Mtrap_sig_sv+28
mem[R,0x0000000080004240] -> 0x0000000080001380
x8 <- 0x0000000080001380

mem[X,0x0000000080001614] -> 0x85B3
mem[X,0x0000000080001616] -> 0x4085
[1035] [M]: 0x0000000080001614 (0x408585B3) sub x11, x11, x8                        sv_Mvect+0
x11 <- 0x000000000000010C

clint mtime 0x0000000000000206 (mip.MTI <- 0b1, mip.STI <- 0b0)
mem[X,0x0000000080001618] -> 0x9593
mem[X,0x000000008000161A] -> 0x0045
[1036] [M]: 0x0000000080001618 (0x00459593) slli x11, x11, 0x4                      sv_Mvect+4
x11 <- 0x00000000000010C0

mem[X,0x000000008000161C] -> 0xE5B3
mem[X,0x000000008000161E] -> 0x0075
[1037] [M]: 0x000000008000161C (0x0075E5B3) or x11, x11, x7                         sv_Mvect+8
x11 <- 0x00000000000010E0

clint mtime 0x0000000000000207 (mip.MTI <- 0b1, mip.STI <- 0b0)
mem[X,0x0000000080001620] -> 0x8593
mem[X,0x0000000080001622] -> 0x0035
[1038] [M]: 0x0000000080001620 (0x00358593) addi x11, x11, 0x3                      sv_Mvect+12
x11 <- 0x00000000000010E3

mem[X,0x0000000080001624] -> 0x3023
mem[X,0x0000000080001626] -> 0x00B3
[1039] [M]: 0x0000000080001624 (0x00B33023) sd x11, 0x0(x6)                         sv_Mvect+16
mem[W,0x0000000080009398] <- 0x00000000000010E3

clint mtime 0x0000000000000208 (mip.MTI <- 0b1, mip.STI <- 0b0)
mem[X,0x0000000080001628] -> 0x3423
mem[X,0x000000008000162A] -> 0x00A3
[1040] [M]: 0x0000000080001628 (0x00A33423) sd x10, 0x8(x6)                         sv_Mcause+0
mem[W,0x00000000800093A0] <- 0x0000000000000002

mem[X,0x000000008000162C] -> 0x4663
mem[X,0x000000008000162E] -> 0x1A05
[1041] [M]: 0x000000008000162C (0x1A054663) blt x10, x0, 0x1ac                      sv_Mcause+4

clint mtime 0x0000000000000209 (mip.MTI <- 0b1, mip.STI <- 0b0)
mem[X,0x0000000080001630] -> 0x25F3
mem[X,0x0000000080001632] -> 0x3000
[1042] [M]: 0x0000000080001630 (0x300025F3) csrrs x11, mstatus, x0                  common_Mexcpt_handler+0
CSR mstatus (0x300) -> 0x0000000A00000000
x11 <- 0x0000000A00000000

mem[X,0x0000000080001634] -> 0x9413
mem[X,0x0000000080001636] -> 0x02E5
[1043] [M]: 0x0000000080001634 (0x02E59413) slli x8, x11, 0x2e                      common_Mexcpt_handler+4
x8 <- 0x0000000000000000

clint mtime 0x000000000000020A (mip.MTI <- 0b1, mip.STI <- 0b0)
mem[X,0x0000000080001638] -> 0x5463
mem[X,0x000000008000163A] -> 0x0004
[1044] [M]: 0x0000000080001638 (0x00045463) bge x8, x0, 0x8                         common_Mexcpt_handler+8

mem[X,0x0000000080001640] -> 0xD493
mem[X,0x0000000080001642] -> 0x00B5
[1045] [M]: 0x0000000080001640 (0x00B5D493) srli x9, x11, 0xb                       common_Mexcpt_handler+16
x9 <- 0x0000000001400000

clint mtime 0x000000000000020B (mip.MTI <- 0b1, mip.STI <- 0b0)
mem[X,0x0000000080001644] -> 0xF493
mem[X,0x0000000080001646] -> 0x0034
[1046] [M]: 0x0000000080001644 (0x0034F493) andi x9, x9, 0x3                        common_Mexcpt_handler+20
x9 <- 0x0000000000000000

mem[X,0x0000000080001648] -> 0x8493
mem[X,0x000000008000164A] -> 0x0014
[1047] [M]: 0x0000000080001648 (0x00148493) addi x9, x9, 0x1                        common_Mexcpt_handler+24
x9 <- 0x0000000000000001

clint mtime 0x000000000000020C (mip.MTI <- 0b1, mip.STI <- 0b0)
mem[X,0x000000008000164C] -> 0xF493
mem[X,0x000000008000164E] -> 0x0044
[1048] [M]: 0x000000008000164C (0x0044F493) andi x9, x9, 0x4                        common_Mexcpt_handler+28
x9 <- 0x0000000000000000

mem[X,0x0000000080001650] -> 0x0593
mem[X,0x0000000080001652] -> 0x05D0
[1049] [M]: 0x0000000080001650 (0x05D00593) addi x11, x0, 0x5d                      common_Mexcpt_handler+32
x11 <- 0x000000000000005D

clint mtime 0x000000000000020D (mip.MTI <- 0b1, mip.STI <- 0b0)
mem[X,0x0000000080001654] -> 0xD5B3
mem[X,0x0000000080001656] -> 0x0095
[1050] [M]: 0x0000000080001654 (0x0095D5B3) srl x11, x11, x9                        common_Mexcpt_handler+36
x11 <- 0x000000000000005D

mem[X,0x0000000080001658] -> 0xF593
mem[X,0x000000008000165A] -> 0x0015
[1051] [M]: 0x0000000080001658 (0x0015F593) andi x11, x11, 0x1                      common_Mexcpt_handler+40
x11 <- 0x0000000000000001

clint mtime 0x000000000000020E (mip.MTI <- 0b1, mip.STI <- 0b0)
mem[X,0x000000008000165C] -> 0x8EE3
mem[X,0x000000008000165E] -> 0xF405
[1052] [M]: 0x000000008000165C (0xF4058EE3) beq x11, x0, -0xa4                      common_Mexcpt_handler+44

mem[X,0x0000000080001660] -> 0x0593
mem[X,0x0000000080001662] -> 0x2980
[1053] [M]: 0x0000000080001660 (0x29800593) addi x11, x0, 0x298                     common_Mexcpt_handler+48
x11 <- 0x0000000000000298

clint mtime 0x000000000000020F (mip.MTI <- 0b1, mip.STI <- 0b0)
mem[X,0x0000000080001664] -> 0xF413
mem[X,0x0000000080001666] -> 0x0014
[1054] [M]: 0x0000000080001664 (0x0014F413) andi x8, x9, 0x1                        common_Mexcpt_handler+52
x8 <- 0x0000000000000000

mem[X,0x0000000080001668] -> 0x95B3
mem[X,0x000000008000166A] -> 0x0085
[1055] [M]: 0x0000000080001668 (0x008595B3) sll x11, x11, x8                        common_Mexcpt_handler+56
x11 <- 0x0000000000000298

clint mtime 0x0000000000000210 (mip.MTI <- 0b1, mip.STI <- 0b0)
mem[X,0x000000008000166C] -> 0x9413
mem[X,0x000000008000166E] -> 0x03D4
[1056] [M]: 0x000000008000166C (0x03D49413) slli x8, x9, 0x3d                       common_Mexcpt_handler+60
x8 <- 0x0000000000000000

mem[X,0x0000000080001670] -> 0x5413
mem[X,0x0000000080001672] -> 0x43F4
[1057] [M]: 0x0000000080001670 (0x43F45413) srai x8, x8, 0x3f                       common_Mexcpt_handler+64
x8 <- 0x0000000000000000

clint mtime 0x0000000000000211 (mip.MTI <- 0b1, mip.STI <- 0b0)
mem[X,0x0000000080001674] -> 0x4413
mem[X,0x0000000080001676] -> 0xFFF4
[1058] [M]: 0x0000000080001674 (0xFFF44413) xori x8, x8, -0x1                       common_Mexcpt_handler+68
x8 <- 0xFFFFFFFFFFFFFFFF

mem[X,0x0000000080001678] -> 0xF4B3
mem[X,0x000000008000167A] -> 0x0085
[1059] [M]: 0x0000000080001678 (0x0085F4B3) and x9, x11, x8                         common_Mexcpt_handler+72
x9 <- 0x0000000000000298

clint mtime 0x0000000000000212 (mip.MTI <- 0b1, mip.STI <- 0b0)
mem[X,0x000000008000167C] -> 0x84B3
mem[X,0x000000008000167E] -> 0x0024
[1060] [M]: 0x000000008000167C (0x002484B3) add x9, x9, x2                          vmem_adj_Mepc+0
x9 <- 0x0000000080004298

mem[X,0x0000000080001680] -> 0x23F3
mem[X,0x0000000080001682] -> 0x3410
[1061] [M]: 0x0000000080001680 (0x341023F3) csrrs x7, mepc, x0                      vmem_adj_Mepc+4
CSR mepc (0x341) -> 0x0000030080000CF8
x7 <- 0x0000030080000CF8

clint mtime 0x0000000000000213 (mip.MTI <- 0b1, mip.STI <- 0b0)
mem[X,0x0000000080001684] -> 0x0413
mem[X,0x0000000080001686] -> 0x0004
[1062] [M]: 0x0000000080001684 (0x00040413) addi x8, x8, 0x0                        vmem_adj_Mepc+8
x8 <- 0xFFFFFFFFFFFFFFFF

mem[X,0x0000000080001688] -> 0x006F
mem[X,0x000000008000168A] -> 0x0400
[1063] [M]: 0x0000000080001688 (0x0400006F) jal x0, 0x40                            vmem_adj_Mepc+12

clint mtime 0x0000000000000214 (mip.MTI <- 0b1, mip.STI <- 0b0)
mem[X,0x00000000800016C8] -> 0x8433
mem[X,0x00000000800016CA] -> 0x4083
[1064] [M]: 0x00000000800016C8 (0x40838433) sub x8, x7, x8                          adj_Mepc+0
x8 <- 0x0000030080000CF9

mem[X,0x00000000800016CC] -> 0x3823
mem[X,0x00000000800016CE] -> 0x0083
[1065] [M]: 0x00000000800016CC (0x00833823) sd x8, 0x10(x6)                         sv_Mepc+0
mem[W,0x00000000800093A8] <- 0x0000030080000CF9

clint mtime 0x0000000000000215 (mip.MTI <- 0b1, mip.STI <- 0b0)
mem[X,0x00000000800016D0] -> 0x55B7
mem[X,0x00000000800016D2] -> 0x0000
[1066] [M]: 0x00000000800016D0 (0x000055B7) lui x11, 0x5                            sv_Mepc+4
x11 <- 0x0000000000005000

mem[X,0x00000000800016D4] -> 0x8593
mem[X,0x00000000800016D6] -> 0x6675
[1067] [M]: 0x00000000800016D4 (0x66758593) addi x11, x11, 0x667                    sv_Mepc+8
x11 <- 0x0000000000005667

clint mtime 0x0000000000000216 (mip.MTI <- 0b1, mip.STI <- 0b0)
mem[X,0x00000000800016D8] -> 0x9593
mem[X,0x00000000800016DA] -> 0x0015
[1068] [M]: 0x00000000800016D8 (0x00159593) slli x11, x11, 0x1                      sv_Mepc+12
x11 <- 0x000000000000ACCE

mem[X,0x00000000800016DC] -> 0x9063
mem[X,0x00000000800016DE] -> 0x02B1
[1069] [M]: 0x00000000800016DC (0x02B19063) bne x3, x11, 0x20                       sv_Mepc+16

clint mtime 0x0000000000000217 (mip.MTI <- 0b1, mip.STI <- 0b0)
mem[X,0x00000000800016E0] -> 0x2473
mem[X,0x00000000800016E2] -> 0x3420
[1070] [M]: 0x00000000800016E0 (0x34202473) csrrs x8, mcause, x0                    sv_Mepc+20
CSR mcause (0x342) -> 0x0000000000000002
x8 <- 0x0000000000000002

mem[X,0x00000000800016E4] -> 0x0593
mem[X,0x00000000800016E6] -> 0x00C0
[1071] [M]: 0x00000000800016E4 (0x00C00593) addi x11, x0, 0xc                       sv_Mepc+24
x11 <- 0x000000000000000C

clint mtime 0x0000000000000218 (mip.MTI <- 0b1, mip.STI <- 0b0)
mem[X,0x00000000800016E8] -> 0x0663
mem[X,0x00000000800016EA] -> 0x00B4
[1072] [M]: 0x00000000800016E8 (0x00B40663) beq x8, x11, 0xc                        sv_Mepc+28

mem[X,0x00000000800016EC] -> 0x0593
mem[X,0x00000000800016EE] -> 0x0010
[1073] [M]: 0x00000000800016EC (0x00100593) addi x11, x0, 0x1                       sv_Mepc+32
x11 <- 0x0000000000000001

clint mtime 0x0000000000000219 (mip.MTI <- 0b1, mip.STI <- 0b0)
mem[X,0x00000000800016F0] -> 0x1663
mem[X,0x00000000800016F2] -> 0x00B4
[1074] [M]: 0x00000000800016F0 (0x00B41663) bne x8, x11, 0xc                        sv_Mepc+36

mem[X,0x00000000800016FC] -> 0xF593
mem[X,0x00000000800016FE] -> 0xFFC3
[1075] [M]: 0x00000000800016FC (0xFFC3F593) andi x11, x7, -0x4                      adj_Mepc_rtn+0
x11 <- 0x0000030080000CF8

clint mtime 0x000000000000021A (mip.MTI <- 0b1, mip.STI <- 0b0)
mem[X,0x0000000080001700] -> 0x8593
mem[X,0x0000000080001702] -> 0x0085
[1076] [M]: 0x0000000080001700 (0x00858593) addi x11, x11, 0x8                      adj_Mepc_rtn+4
x11 <- 0x0000030080000D00

mem[X,0x0000000080001704] -> 0x9073
mem[X,0x0000000080001706] -> 0x3415
[1077] [M]: 0x0000000080001704 (0x34159073) csrrw x0, mepc, x11                     adj_Mepc_rtn+8
CSR mepc (0x341) <- 0x0000030080000D00

clint mtime 0x000000000000021B (mip.MTI <- 0b1, mip.STI <- 0b0)
mem[X,0x0000000080001708] -> 0x23F3
mem[X,0x000000008000170A] -> 0x3430
[1078] [M]: 0x0000000080001708 (0x343023F3) csrrs x7, mtval, x0                     skp_adj_Mepc+0
CSR mtval (0x343) -> 0x00000000341494F3
x7 <- 0x00000000341494F3

mem[X,0x000000008000170C] -> 0x0413
mem[X,0x000000008000170E] -> 0x0004
[1079] [M]: 0x000000008000170C (0x00040413) addi x8, x8, 0x0                        skp_adj_Mepc+4
x8 <- 0x0000000000000002

clint mtime 0x000000000000021C (mip.MTI <- 0b1, mip.STI <- 0b0)
mem[X,0x0000000080001710] -> 0x006F
mem[X,0x0000000080001712] -> 0x0840
[1080] [M]: 0x0000000080001710 (0x0840006F) jal x0, 0x84                            skp_adj_Mepc+8

mem[X,0x0000000080001794] -> 0x8433
mem[X,0x0000000080001796] -> 0x4083
[1081] [M]: 0x0000000080001794 (0x40838433) sub x8, x7, x8                          adj_Mtval+0
x8 <- 0x00000000341494F1

clint mtime 0x000000000000021D (mip.MTI <- 0b1, mip.STI <- 0b0)
mem[X,0x0000000080001798] -> 0x3C23
mem[X,0x000000008000179A] -> 0x0083
[1082] [M]: 0x0000000080001798 (0x00833C23) sd x8, 0x18(x6)                         sv_Mtval+0
mem[W,0x00000000800093B0] <- 0x00000000341494F1

mem[X,0x000000008000179C] -> 0x3483
mem[X,0x000000008000179E] -> 0x2181
[1083] [M]: 0x000000008000179C (0x21813483) ld x9, 0x218(x2)                        skp_Mtval+0
mem[R,0x0000000080004218] -> 0x00000000800093B8
x9 <- 0x00000000800093B8

clint mtime 0x000000000000021E (mip.MTI <- 0b1, mip.STI <- 0b0)
mem[X,0x00000000800017A0] -> 0x3383
mem[X,0x00000000800017A2] -> 0x1F81
[1084] [M]: 0x00000000800017A0 (0x1F813383) ld x7, 0x1f8(x2)                        skp_Mtval+4
mem[R,0x00000000800041F8] -> 0x0000000080009110
x7 <- 0x0000000080009110

mem[X,0x00000000800017A4] -> 0x3303
mem[X,0x00000000800017A6] -> 0x2001
[1085] [M]: 0x00000000800017A4 (0x20013303) ld x6, 0x200(x2)                        skp_Mtval+8
mem[R,0x0000000080004200] -> 0x0000000000000410
x6 <- 0x0000000000000410

clint mtime 0x000000000000021F (mip.MTI <- 0b1, mip.STI <- 0b0)
mem[X,0x00000000800017A8] -> 0x0333
mem[X,0x00000000800017AA] -> 0x0073
[1086] [M]: 0x00000000800017A8 (0x00730333) add x6, x6, x7                          skp_Mtval+12
x6 <- 0x0000000080009520

mem[X,0x00000000800017AC] -> 0x6AE3
mem[X,0x00000000800017AE] -> 0xAE93
[1087] [M]: 0x00000000800017AC (0xAE936AE3) bltu x6, x9, -0x50c                     skp_Mtval+16

clint mtime 0x0000000000000220 (mip.MTI <- 0b1, mip.STI <- 0b0)
mem[X,0x00000000800017B0] -> 0x0393
mem[X,0x00000000800017B2] -> 0x2000
[1088] [M]: 0x00000000800017B0 (0x20000393) addi x7, x0, 0x200                      skp_Mtval+20
x7 <- 0x0000000000000200

mem[X,0x00000000800017B4] -> 0x006F
mem[X,0x00000000800017B6] -> 0x0400
[1089] [M]: 0x00000000800017B4 (0x0400006F) jal x0, 0x40                            skp_Mtval+24

clint mtime 0x0000000000000221 (mip.MTI <- 0b1, mip.STI <- 0b0)
mem[X,0x00000000800017F4] -> 0x0417
mem[X,0x00000000800017F6] -> 0x0000
[1090] [M]: 0x00000000800017F4 (0x00000417) auipc x8, 0x0                           spcl_Mhandler+0
x8 <- 0x00000000800017F4

mem[X,0x00000000800017F8] -> 0x0413
mem[X,0x00000000800017FA] -> 0x03C4
[1091] [M]: 0x00000000800017F8 (0x03C40413) addi x8, x8, 0x3c                       spcl_Mhandler+4
x8 <- 0x0000000080001830

clint mtime 0x0000000000000222 (mip.MTI <- 0b1, mip.STI <- 0b0)
mem[X,0x00000000800017FC] -> 0x0433
mem[X,0x00000000800017FE] -> 0x0074
[1092] [M]: 0x00000000800017FC (0x00740433) add x8, x8, x7                          spcl_Mhandler+8
x8 <- 0x0000000080001A30

mem[X,0x0000000080001800] -> 0x1393
mem[X,0x0000000080001802] -> 0x0035
[1093] [M]: 0x0000000080001800 (0x00351393) slli x7, x10, 0x3                       spcl_Mhandler+12
x7 <- 0x0000000000000010

clint mtime 0x0000000000000223 (mip.MTI <- 0b1, mip.STI <- 0b0)
mem[X,0x0000000080001804] -> 0x0433
mem[X,0x0000000080001806] -> 0x0074
[1094] [M]: 0x0000000080001804 (0x00740433) add x8, x8, x7                          spcl_Mhandler+16
x8 <- 0x0000000080001A40

mem[X,0x0000000080001808] -> 0x7413
mem[X,0x000000008000180A] -> 0xFF84
[1095] [M]: 0x0000000080001808 (0xFF847413) andi x8, x8, -0x8                       spcl_Mhandler+20
x8 <- 0x0000000080001A40

clint mtime 0x0000000000000224 (mip.MTI <- 0b1, mip.STI <- 0b0)
mem[X,0x000000008000180C] -> 0x3403
mem[X,0x000000008000180E] -> 0x0004
[1096] [M]: 0x000000008000180C (0x00043403) ld x8, 0x0(x8)                          spcl_Mhandler+24
mem[R,0x0000000080001A40] -> 0x0000000000000005
x8 <- 0x0000000000000005

mem[X,0x0000000080001810] -> 0x02E3
mem[X,0x0000000080001812] -> 0xB204
[1097] [M]: 0x0000000080001810 (0xB20402E3) beq x8, x0, -0x4dc                      spcl_Mdispatch_hndling+0

clint mtime 0x0000000000000225 (mip.MTI <- 0b1, mip.STI <- 0b0)
mem[X,0x0000000080001814] -> 0x1393
mem[X,0x0000000080001816] -> 0x03F4
[1098] [M]: 0x0000000080001814 (0x03F41393) slli x7, x8, 0x3f                       spcl_Mdispatch_hndling+4
x7 <- 0x8000000000000000

mem[X,0x0000000080001818] -> 0xD863
mem[X,0x000000008000181A] -> 0x0003
[1099] [M]: 0x0000000080001818 (0x0003D863) bge x7, x0, 0x10                        spcl_Mdispatch_hndling+8

clint mtime 0x0000000000000226 (mip.MTI <- 0b1, mip.STI <- 0b0)
mem[X,0x000000008000181C] -> 0x5413
mem[X,0x000000008000181E] -> 0x0014
[1100] [M]: 0x000000008000181C (0x00145413) srli x8, x8, 0x1                        spcl_Mdispatch_hndling+12
x8 <- 0x0000000000000002

mem[X,0x0000000080001820] -> 0x0CE3
mem[X,0x0000000080001822] -> 0xF885
[1101] [M]: 0x0000000080001820 (0xF8850CE3) beq x10, x8, -0x68                      spcl_Mdispatch_hndling+16

clint mtime 0x0000000000000227 (mip.MTI <- 0b1, mip.STI <- 0b0)
mem[X,0x00000000800017B8] -> 0x3303
mem[X,0x00000000800017BA] -> 0x2601
[1102] [M]: 0x00000000800017B8 (0x26013303) ld x6, 0x260(x2)                        resto_Mrtn+0
mem[R,0x0000000080004260] -> 0xFFFFFFFF7FFFF44C
x6 <- 0xFFFFFFFF7FFFF44C

mem[X,0x00000000800017BC] -> 0x3383
mem[X,0x00000000800017BE] -> 0x2681
[1103] [M]: 0x00000000800017BC (0x26813383) ld x7, 0x268(x2)                        resto_Mrtn+4
mem[R,0x0000000080004268] -> 0x0000000080004000
x7 <- 0x0000000080004000

clint mtime 0x0000000000000228 (mip.MTI <- 0b1, mip.STI <- 0b0)
mem[X,0x00000000800017C0] -> 0x3403
mem[X,0x00000000800017C2] -> 0x2701
[1104] [M]: 0x00000000800017C0 (0x27013403) ld x8, 0x270(x2)                        resto_Mrtn+8
mem[R,0x0000000080004270] -> 0x0000000000007F76
x8 <- 0x0000000000007F76

mem[X,0x00000000800017C4] -> 0x3483
mem[X,0x00000000800017C6] -> 0x2781
[1105] [M]: 0x00000000800017C4 (0x27813483) ld x9, 0x278(x2)                        resto_Mrtn+12
mem[R,0x0000000080004278] -> 0x000003000000013C
x9 <- 0x000003000000013C

clint mtime 0x0000000000000229 (mip.MTI <- 0b1, mip.STI <- 0b0)
mem[X,0x00000000800017C8] -> 0x3503
mem[X,0x00000000800017CA] -> 0x2801
[1106] [M]: 0x00000000800017C8 (0x28013503) ld x10, 0x280(x2)                       resto_Mrtn+16
mem[R,0x0000000080004280] -> 0x00000000200000DE
x10 <- 0x00000000200000DE

mem[X,0x00000000800017CC] -> 0x3583
mem[X,0x00000000800017CE] -> 0x2881
[1107] [M]: 0x00000000800017CC (0x28813583) ld x11, 0x288(x2)                       resto_Mrtn+20
mem[R,0x0000000080004288] -> 0x00000000000000DE
x11 <- 0x00000000000000DE

clint mtime 0x000000000000022A (mip.MTI <- 0b1, mip.STI <- 0b0)
mem[X,0x00000000800017D0] -> 0x3103
mem[X,0x00000000800017D2] -> 0x2901
[1108] [M]: 0x00000000800017D0 (0x29013103) ld x2, 0x290(x2)                        resto_Mrtn+24
mem[R,0x0000000080004290] -> 0x0000000000000000
x2 <- 0x0000000000000000

mem[X,0x00000000800017D4] -> 0x0073
mem[X,0x00000000800017D6] -> 0x3020
[1109] [M]: 0x00000000800017D4 (0x30200073) mret                                    resto_Mrtn+28
CSR mstatus (0x300) <- 0x0000000A00000080
ret-ing from M to U

clint mtime 0x000000000000022B (mip.MTI <- 0b1, mip.STI <- 0b0)
mem[X,0x0000000080000D00] -> 0x07B7
mem[X,0x0000000080000D02] -> 0x0000
[1110] [U]: 0x0000030080000D00 (0x000007B7) lui x15, 0x0                            va_rvtest_code_begin+1348
x15 <- 0x0000000000000000

mem[X,0x0000000080000D04] -> 0x8793
mem[X,0x0000000080000D06] -> 0x2807
[1111] [U]: 0x0000030080000D04 (0x28078793) addi x15, x15, 0x280                    va_rvtest_code_begin+1352
x15 <- 0x0000000000000280

clint mtime 0x000000000000022C (mip.MTI <- 0b1, mip.STI <- 0b0)
mem[X,0x0000000080000D08] -> 0x9793
mem[X,0x0000000080000D0A] -> 0x00B7
[1112] [U]: 0x0000030080000D08 (0x00B79793) slli x15, x15, 0xb                      va_rvtest_code_begin+1356
x15 <- 0x0000000000140000

mem[X,0x0000000080000D0C] -> 0x8793
mem[X,0x0000000080000D0E] -> 0x0007
[1113] [U]: 0x0000030080000D0C (0x00078793) addi x15, x15, 0x0                      va_rvtest_code_begin+1360
x15 <- 0x0000000000140000

clint mtime 0x000000000000022D (mip.MTI <- 0b1, mip.STI <- 0b0)
mem[X,0x0000000080000D10] -> 0x9793
mem[X,0x0000000080000D12] -> 0x00B7
[1114] [U]: 0x0000030080000D10 (0x00B79793) slli x15, x15, 0xb                      va_rvtest_code_begin+1364
x15 <- 0x00000000A0000000

mem[X,0x0000000080000D14] -> 0x8793
mem[X,0x0000000080000D16] -> 0x0017
[1115] [U]: 0x0000030080000D14 (0x00178793) addi x15, x15, 0x1                      va_rvtest_code_begin+1368
x15 <- 0x00000000A0000001

clint mtime 0x000000000000022E (mip.MTI <- 0b1, mip.STI <- 0b0)
mem[X,0x0000000080000D18] -> 0x9793
mem[X,0x0000000080000D1A] -> 0x00A7
[1116] [U]: 0x0000030080000D18 (0x00A79793) slli x15, x15, 0xa                      va_rvtest_code_begin+1372
x15 <- 0x0000028000000400

mem[X,0x0000000080000D1C] -> 0x0613
mem[X,0x0000000080000D1E] -> 0x0106
[1117] [U]: 0x0000030080000D1C (0x01060613) addi x12, x12, 0x10                     va_rvtest_code_begin+1376
x12 <- 0x0000000000000020

clint mtime 0x000000000000022F (mip.MTI <- 0b1, mip.STI <- 0b0)
mem[X,0x0000000080000D20] -> 0xAA23
mem[X,0x0000000080000D22] -> 0x00C7
[1118] [U]: 0x0000030080000D20 (0x00C7AA23) sw x12, 0x14(x15)                       va_rvtest_code_begin+1380
PTW: Start, vpn=0x28000000, access_type=W, privilege=Umem[R,0x0000000080008028] -> 0x0000000020001C01
PTW: Step, level=3, pte=0x20001C01, pte_addr=0x80008028
PTW: Start, vpn=0x28000000, access_type=W, privilege=Umem[R,0x0000000080007000] -> 0x00000000200000DE
PTW: Step, level=2, pte=0x200000DE, pte_addr=0x80007000
PTW: failed, error=invalid-pte, level=2, pte_addr=0x80007000
trapping from U to M to handle store/amo-page-fault
handling exc#store/amo-page-fault at priv M with tval 0x0000028000000414
CSR mstatus (0x300) <- 0x0000000A00000000
CSR mcause (0x342) <- 0x000000000000000F
CSR mtval (0x343) <- 0x0000028000000414
CSR mepc (0x341) <- 0x0000030080000D20

mem[X,0x0000000080001380] -> 0x006F
mem[X,0x0000000080001382] -> 0x1000
[1119] [M]: 0x0000000080001380 (0x1000006F) jal x0, 0x100                           Mtrampoline+0

clint mtime 0x0000000000000230 (mip.MTI <- 0b1, mip.STI <- 0b0)
mem[X,0x0000000080001480] -> 0x1173
mem[X,0x0000000080001482] -> 0x3401
[1120] [M]: 0x0000000080001480 (0x34011173) csrrw x2, mscratch, x2                  trap_Mhandler+0
CSR mscratch (0x340) <- 0x0000000000000000
x2 <- 0x0000000080004000

mem[X,0x0000000080001484] -> 0x3423
mem[X,0x0000000080001486] -> 0x28B1
[1121] [M]: 0x0000000080001484 (0x28B13423) sd x11, 0x288(x2)                       trap_Mhandler+4
mem[W,0x0000000080004288] <- 0x00000000000000DE

clint mtime 0x0000000000000231 (mip.MTI <- 0b1, mip.STI <- 0b0)
mem[X,0x0000000080001488] -> 0x05EF
mem[X,0x000000008000148A] -> 0x0B80
[1122] [M]: 0x0000000080001488 (0x0B8005EF) jal x11, 0xb8                           trap_Mhandler+8
x11 <- 0x000000008000148C

mem[X,0x0000000080001540] -> 0x3023
mem[X,0x0000000080001542] -> 0x28A1
[1123] [M]: 0x0000000080001540 (0x28A13023) sd x10, 0x280(x2)                       common_Mhandler+0
mem[W,0x0000000080004280] <- 0x00000000200000DE

clint mtime 0x0000000000000232 (mip.MTI <- 0b1, mip.STI <- 0b0)
mem[X,0x0000000080001544] -> 0x1573
mem[X,0x0000000080001546] -> 0x3401
[1124] [M]: 0x0000000080001544 (0x34011573) csrrw x10, mscratch, x2                 common_Mhandler+4
CSR mscratch (0x340) <- 0x0000000080004000
x10 <- 0x0000000000000000

mem[X,0x0000000080001548] -> 0x3823
mem[X,0x000000008000154A] -> 0x28A1
[1125] [M]: 0x0000000080001548 (0x28A13823) sd x10, 0x290(x2)                       common_Mhandler+8
mem[W,0x0000000080004290] <- 0x0000000000000000

clint mtime 0x0000000000000233 (mip.MTI <- 0b1, mip.STI <- 0b0)
mem[X,0x000000008000154C] -> 0x3503
mem[X,0x000000008000154E] -> 0x2301
[1126] [M]: 0x000000008000154C (0x23013503) ld x10, 0x230(x2)                       common_Mhandler+12
mem[R,0x0000000080004230] -> 0x0000000080001554
x10 <- 0x0000000080001554

mem[X,0x0000000080001550] -> 0x0067
mem[X,0x0000000080001552] -> 0x0005
[1127] [M]: 0x0000000080001550 (0x00050067) jalr x0, 0x0(x10)                       common_Mhandler+16

clint mtime 0x0000000000000234 (mip.MTI <- 0b1, mip.STI <- 0b0)
mem[X,0x0000000080001554] -> 0x3C23
mem[X,0x0000000080001556] -> 0x2691
[1128] [M]: 0x0000000080001554 (0x26913C23) sd x9, 0x278(x2)                        common_Mentry+0
mem[W,0x0000000080004278] <- 0x000003000000013C

mem[X,0x0000000080001558] -> 0x3823
mem[X,0x000000008000155A] -> 0x2681
[1129] [M]: 0x0000000080001558 (0x26813823) sd x8, 0x270(x2)                        common_Mentry+4
mem[W,0x0000000080004270] <- 0x0000000000007F76

clint mtime 0x0000000000000235 (mip.MTI <- 0b1, mip.STI <- 0b0)
mem[X,0x000000008000155C] -> 0x3423
mem[X,0x000000008000155E] -> 0x2671
[1130] [M]: 0x000000008000155C (0x26713423) sd x7, 0x268(x2)                        common_Mentry+8
mem[W,0x0000000080004268] <- 0x0000000080004000

mem[X,0x0000000080001560] -> 0x3023
mem[X,0x0000000080001562] -> 0x2661
[1131] [M]: 0x0000000080001560 (0x26613023) sd x6, 0x260(x2)                        common_Mentry+12
mem[W,0x0000000080004260] <- 0xFFFFFFFF7FFFF44C

clint mtime 0x0000000000000236 (mip.MTI <- 0b1, mip.STI <- 0b0)
mem[X,0x0000000080001564] -> 0x2573
mem[X,0x0000000080001566] -> 0x3420
[1132] [M]: 0x0000000080001564 (0x34202573) csrrs x10, mcause, x0                   spcl_M2mmode_test+0
CSR mcause (0x342) -> 0x000000000000000F
x10 <- 0x000000000000000F

mem[X,0x0000000080001568] -> 0x04B7
mem[X,0x000000008000156A] -> 0x8000
[1133] [M]: 0x0000000080001568 (0x800004B7) lui x9, -0x80000                        spcl_M2mmode_test+4
x9 <- 0xFFFFFFFF80000000

clint mtime 0x0000000000000237 (mip.MTI <- 0b1, mip.STI <- 0b0)
mem[X,0x000000008000156C] -> 0x8493
mem[X,0x000000008000156E] -> 0x0004
[1134] [M]: 0x000000008000156C (0x00048493) addi x9, x9, 0x0                        spcl_M2mmode_test+8
x9 <- 0xFFFFFFFF80000000

mem[X,0x0000000080001570] -> 0x9493
mem[X,0x0000000080001572] -> 0x00B4
[1135] [M]: 0x0000000080001570 (0x00B49493) slli x9, x9, 0xb                        spcl_M2mmode_test+12
x9 <- 0xFFFFFC0000000000

clint mtime 0x0000000000000238 (mip.MTI <- 0b1, mip.STI <- 0b0)
mem[X,0x0000000080001574] -> 0x8493
mem[X,0x0000000080001576] -> 0x0004
[1136] [M]: 0x0000000080001574 (0x00048493) addi x9, x9, 0x0                        spcl_M2mmode_test+16
x9 <- 0xFFFFFC0000000000

mem[X,0x0000000080001578] -> 0x9493
mem[X,0x000000008000157A] -> 0x00B4
[1137] [M]: 0x0000000080001578 (0x00B49493) slli x9, x9, 0xb                        spcl_M2mmode_test+20
x9 <- 0xFFE0000000000000

clint mtime 0x0000000000000239 (mip.MTI <- 0b1, mip.STI <- 0b0)
mem[X,0x000000008000157C] -> 0x8493
mem[X,0x000000008000157E] -> 0x0034
[1138] [M]: 0x000000008000157C (0x00348493) addi x9, x9, 0x3                        spcl_M2mmode_test+24
x9 <- 0xFFE0000000000003

mem[X,0x0000000080001580] -> 0x9493
mem[X,0x0000000080001582] -> 0x00A4
[1139] [M]: 0x0000000080001580 (0x00A49493) slli x9, x9, 0xa                        spcl_M2mmode_test+28
x9 <- 0x8000000000000C00

clint mtime 0x000000000000023A (mip.MTI <- 0b1, mip.STI <- 0b0)
mem[X,0x0000000080001584] -> 0x8493
mem[X,0x0000000080001586] -> 0x3FC4
[1140] [M]: 0x0000000080001584 (0x3FC48493) addi x9, x9, 0x3fc                      spcl_M2mmode_test+32
x9 <- 0x8000000000000FFC

mem[X,0x0000000080001588] -> 0xF4B3
mem[X,0x000000008000158A] -> 0x00A4
[1141] [M]: 0x0000000080001588 (0x00A4F4B3) and x9, x9, x10                         spcl_M2mmode_test+36
x9 <- 0x000000000000000C

clint mtime 0x000000000000023B (mip.MTI <- 0b1, mip.STI <- 0b0)
mem[X,0x000000008000158C] -> 0x8493
mem[X,0x000000008000158E] -> 0xFF84
[1142] [M]: 0x000000008000158C (0xFF848493) addi x9, x9, -0x8                       spcl_M2mmode_test+40
x9 <- 0x0000000000000004

mem[X,0x0000000080001590] -> 0x9663
mem[X,0x0000000080001592] -> 0x0004
[1143] [M]: 0x0000000080001590 (0x00049663) bne x9, x0, 0xc                         spcl_M2mmode_test+44

clint mtime 0x000000000000023C (mip.MTI <- 0b1, mip.STI <- 0b0)
mem[X,0x000000008000159C] -> 0x0393
mem[X,0x000000008000159E] -> 0x0200
[1144] [M]: 0x000000008000159C (0x02000393) addi x7, x0, 0x20                       Mtrapsig_ptr_upd+0
x7 <- 0x0000000000000020

mem[X,0x00000000800015A0] -> 0x5263
mem[X,0x00000000800015A2] -> 0x0405
[1145] [M]: 0x00000000800015A0 (0x04055263) bge x10, x0, 0x44                       Mtrapsig_ptr_upd+4

clint mtime 0x000000000000023D (mip.MTI <- 0b1, mip.STI <- 0b0)
mem[X,0x00000000800015E4] -> 0x2373
mem[X,0x00000000800015E6] -> 0x3010
[1146] [M]: 0x00000000800015E4 (0x30102373) csrrs x6, misa, x0                      Mxcpt_sig_sv+0
CSR misa (0x301) -> 0x800000000034112F
x6 <- 0x800000000034112F

mem[X,0x00000000800015E8] -> 0x1313
mem[X,0x00000000800015EA] -> 0x0383
[1147] [M]: 0x00000000800015E8 (0x03831313) slli x6, x6, 0x38                       Mxcpt_sig_sv+4
x6 <- 0x2F00000000000000

clint mtime 0x000000000000023E (mip.MTI <- 0b1, mip.STI <- 0b0)
mem[X,0x00000000800015EC] -> 0x5463
mem[X,0x00000000800015EE] -> 0x0003
[1148] [M]: 0x00000000800015EC (0x00035463) bge x6, x0, 0x8                         Mxcpt_sig_sv+8

mem[X,0x00000000800015F4] -> 0x3303
mem[X,0x00000000800015F6] -> 0x2181
[1149] [M]: 0x00000000800015F4 (0x21813303) ld x6, 0x218(x2)                        Mtrap_sig_sv+0
mem[R,0x0000000080004218] -> 0x00000000800093B8
x6 <- 0x00000000800093B8

clint mtime 0x000000000000023F (mip.MTI <- 0b1, mip.STI <- 0b0)
mem[X,0x00000000800015F8] -> 0x04B3
mem[X,0x00000000800015FA] -> 0x0073
[1150] [M]: 0x00000000800015F8 (0x007304B3) add x9, x6, x7                          Mtrap_sig_sv+4
x9 <- 0x00000000800093D8

mem[X,0x00000000800015FC] -> 0x3C23
mem[X,0x00000000800015FE] -> 0x2091
[1151] [M]: 0x00000000800015FC (0x20913C23) sd x9, 0x218(x2)                        Mtrap_sig_sv+8
mem[W,0x0000000080004218] <- 0x00000000800093D8

clint mtime 0x0000000000000240 (mip.MTI <- 0b1, mip.STI <- 0b0)
mem[X,0x0000000080001600] -> 0x3403
mem[X,0x0000000080001602] -> 0x1F81
[1152] [M]: 0x0000000080001600 (0x1F813403) ld x8, 0x1f8(x2)                        Mtrap_sig_sv+12
mem[R,0x00000000800041F8] -> 0x0000000080009110
x8 <- 0x0000000080009110

mem[X,0x0000000080001604] -> 0x0333
mem[X,0x0000000080001606] -> 0x4083
[1153] [M]: 0x0000000080001604 (0x40830333) sub x6, x6, x8                          Mtrap_sig_sv+16
x6 <- 0x00000000000002A8

clint mtime 0x0000000000000241 (mip.MTI <- 0b1, mip.STI <- 0b0)
mem[X,0x0000000080001608] -> 0x3403
mem[X,0x000000008000160A] -> 0x1F81
[1154] [M]: 0x0000000080001608 (0x1F813403) ld x8, 0x1f8(x2)                        Mtrap_sig_sv+20
mem[R,0x00000000800041F8] -> 0x0000000080009110
x8 <- 0x0000000080009110

mem[X,0x000000008000160C] -> 0x0333
mem[X,0x000000008000160E] -> 0x0083
[1155] [M]: 0x000000008000160C (0x00830333) add x6, x6, x8                          Mtrap_sig_sv+24
x6 <- 0x00000000800093B8

clint mtime 0x0000000000000242 (mip.MTI <- 0b1, mip.STI <- 0b0)
mem[X,0x0000000080001610] -> 0x3403
mem[X,0x0000000080001612] -> 0x2401
[1156] [M]: 0x0000000080001610 (0x24013403) ld x8, 0x240(x2)                        Mtrap_sig_sv+28
mem[R,0x0000000080004240] -> 0x0000000080001380
x8 <- 0x0000000080001380

mem[X,0x0000000080001614] -> 0x85B3
mem[X,0x0000000080001616] -> 0x4085
[1157] [M]: 0x0000000080001614 (0x408585B3) sub x11, x11, x8                        sv_Mvect+0
x11 <- 0x000000000000010C

clint mtime 0x0000000000000243 (mip.MTI <- 0b1, mip.STI <- 0b0)
mem[X,0x0000000080001618] -> 0x9593
mem[X,0x000000008000161A] -> 0x0045
[1158] [M]: 0x0000000080001618 (0x00459593) slli x11, x11, 0x4                      sv_Mvect+4
x11 <- 0x00000000000010C0

mem[X,0x000000008000161C] -> 0xE5B3
mem[X,0x000000008000161E] -> 0x0075
[1159] [M]: 0x000000008000161C (0x0075E5B3) or x11, x11, x7                         sv_Mvect+8
x11 <- 0x00000000000010E0

clint mtime 0x0000000000000244 (mip.MTI <- 0b1, mip.STI <- 0b0)
mem[X,0x0000000080001620] -> 0x8593
mem[X,0x0000000080001622] -> 0x0035
[1160] [M]: 0x0000000080001620 (0x00358593) addi x11, x11, 0x3                      sv_Mvect+12
x11 <- 0x00000000000010E3

mem[X,0x0000000080001624] -> 0x3023
mem[X,0x0000000080001626] -> 0x00B3
[1161] [M]: 0x0000000080001624 (0x00B33023) sd x11, 0x0(x6)                         sv_Mvect+16
mem[W,0x00000000800093B8] <- 0x00000000000010E3

clint mtime 0x0000000000000245 (mip.MTI <- 0b1, mip.STI <- 0b0)
mem[X,0x0000000080001628] -> 0x3423
mem[X,0x000000008000162A] -> 0x00A3
[1162] [M]: 0x0000000080001628 (0x00A33423) sd x10, 0x8(x6)                         sv_Mcause+0
mem[W,0x00000000800093C0] <- 0x000000000000000F

mem[X,0x000000008000162C] -> 0x4663
mem[X,0x000000008000162E] -> 0x1A05
[1163] [M]: 0x000000008000162C (0x1A054663) blt x10, x0, 0x1ac                      sv_Mcause+4

clint mtime 0x0000000000000246 (mip.MTI <- 0b1, mip.STI <- 0b0)
mem[X,0x0000000080001630] -> 0x25F3
mem[X,0x0000000080001632] -> 0x3000
[1164] [M]: 0x0000000080001630 (0x300025F3) csrrs x11, mstatus, x0                  common_Mexcpt_handler+0
CSR mstatus (0x300) -> 0x0000000A00000000
x11 <- 0x0000000A00000000

mem[X,0x0000000080001634] -> 0x9413
mem[X,0x0000000080001636] -> 0x02E5
[1165] [M]: 0x0000000080001634 (0x02E59413) slli x8, x11, 0x2e                      common_Mexcpt_handler+4
x8 <- 0x0000000000000000

clint mtime 0x0000000000000247 (mip.MTI <- 0b1, mip.STI <- 0b0)
mem[X,0x0000000080001638] -> 0x5463
mem[X,0x000000008000163A] -> 0x0004
[1166] [M]: 0x0000000080001638 (0x00045463) bge x8, x0, 0x8                         common_Mexcpt_handler+8

mem[X,0x0000000080001640] -> 0xD493
mem[X,0x0000000080001642] -> 0x00B5
[1167] [M]: 0x0000000080001640 (0x00B5D493) srli x9, x11, 0xb                       common_Mexcpt_handler+16
x9 <- 0x0000000001400000

clint mtime 0x0000000000000248 (mip.MTI <- 0b1, mip.STI <- 0b0)
mem[X,0x0000000080001644] -> 0xF493
mem[X,0x0000000080001646] -> 0x0034
[1168] [M]: 0x0000000080001644 (0x0034F493) andi x9, x9, 0x3                        common_Mexcpt_handler+20
x9 <- 0x0000000000000000

mem[X,0x0000000080001648] -> 0x8493
mem[X,0x000000008000164A] -> 0x0014
[1169] [M]: 0x0000000080001648 (0x00148493) addi x9, x9, 0x1                        common_Mexcpt_handler+24
x9 <- 0x0000000000000001

clint mtime 0x0000000000000249 (mip.MTI <- 0b1, mip.STI <- 0b0)
mem[X,0x000000008000164C] -> 0xF493
mem[X,0x000000008000164E] -> 0x0044
[1170] [M]: 0x000000008000164C (0x0044F493) andi x9, x9, 0x4                        common_Mexcpt_handler+28
x9 <- 0x0000000000000000

mem[X,0x0000000080001650] -> 0x0593
mem[X,0x0000000080001652] -> 0x05D0
[1171] [M]: 0x0000000080001650 (0x05D00593) addi x11, x0, 0x5d                      common_Mexcpt_handler+32
x11 <- 0x000000000000005D

clint mtime 0x000000000000024A (mip.MTI <- 0b1, mip.STI <- 0b0)
mem[X,0x0000000080001654] -> 0xD5B3
mem[X,0x0000000080001656] -> 0x0095
[1172] [M]: 0x0000000080001654 (0x0095D5B3) srl x11, x11, x9                        common_Mexcpt_handler+36
x11 <- 0x000000000000005D

mem[X,0x0000000080001658] -> 0xF593
mem[X,0x000000008000165A] -> 0x0015
[1173] [M]: 0x0000000080001658 (0x0015F593) andi x11, x11, 0x1                      common_Mexcpt_handler+40
x11 <- 0x0000000000000001

clint mtime 0x000000000000024B (mip.MTI <- 0b1, mip.STI <- 0b0)
mem[X,0x000000008000165C] -> 0x8EE3
mem[X,0x000000008000165E] -> 0xF405
[1174] [M]: 0x000000008000165C (0xF4058EE3) beq x11, x0, -0xa4                      common_Mexcpt_handler+44

mem[X,0x0000000080001660] -> 0x0593
mem[X,0x0000000080001662] -> 0x2980
[1175] [M]: 0x0000000080001660 (0x29800593) addi x11, x0, 0x298                     common_Mexcpt_handler+48
x11 <- 0x0000000000000298

clint mtime 0x000000000000024C (mip.MTI <- 0b1, mip.STI <- 0b0)
mem[X,0x0000000080001664] -> 0xF413
mem[X,0x0000000080001666] -> 0x0014
[1176] [M]: 0x0000000080001664 (0x0014F413) andi x8, x9, 0x1                        common_Mexcpt_handler+52
x8 <- 0x0000000000000000

mem[X,0x0000000080001668] -> 0x95B3
mem[X,0x000000008000166A] -> 0x0085
[1177] [M]: 0x0000000080001668 (0x008595B3) sll x11, x11, x8                        common_Mexcpt_handler+56
x11 <- 0x0000000000000298

clint mtime 0x000000000000024D (mip.MTI <- 0b1, mip.STI <- 0b0)
mem[X,0x000000008000166C] -> 0x9413
mem[X,0x000000008000166E] -> 0x03D4
[1178] [M]: 0x000000008000166C (0x03D49413) slli x8, x9, 0x3d                       common_Mexcpt_handler+60
x8 <- 0x0000000000000000

mem[X,0x0000000080001670] -> 0x5413
mem[X,0x0000000080001672] -> 0x43F4
[1179] [M]: 0x0000000080001670 (0x43F45413) srai x8, x8, 0x3f                       common_Mexcpt_handler+64
x8 <- 0x0000000000000000

clint mtime 0x000000000000024E (mip.MTI <- 0b1, mip.STI <- 0b0)
mem[X,0x0000000080001674] -> 0x4413
mem[X,0x0000000080001676] -> 0xFFF4
[1180] [M]: 0x0000000080001674 (0xFFF44413) xori x8, x8, -0x1                       common_Mexcpt_handler+68
x8 <- 0xFFFFFFFFFFFFFFFF

mem[X,0x0000000080001678] -> 0xF4B3
mem[X,0x000000008000167A] -> 0x0085
[1181] [M]: 0x0000000080001678 (0x0085F4B3) and x9, x11, x8                         common_Mexcpt_handler+72
x9 <- 0x0000000000000298

clint mtime 0x000000000000024F (mip.MTI <- 0b1, mip.STI <- 0b0)
mem[X,0x000000008000167C] -> 0x84B3
mem[X,0x000000008000167E] -> 0x0024
[1182] [M]: 0x000000008000167C (0x002484B3) add x9, x9, x2                          vmem_adj_Mepc+0
x9 <- 0x0000000080004298

mem[X,0x0000000080001680] -> 0x23F3
mem[X,0x0000000080001682] -> 0x3410
[1183] [M]: 0x0000000080001680 (0x341023F3) csrrs x7, mepc, x0                      vmem_adj_Mepc+4
CSR mepc (0x341) -> 0x0000030080000D20
x7 <- 0x0000030080000D20

clint mtime 0x0000000000000250 (mip.MTI <- 0b1, mip.STI <- 0b0)
mem[X,0x0000000080001684] -> 0x0413
mem[X,0x0000000080001686] -> 0x0004
[1184] [M]: 0x0000000080001684 (0x00040413) addi x8, x8, 0x0                        vmem_adj_Mepc+8
x8 <- 0xFFFFFFFFFFFFFFFF

mem[X,0x0000000080001688] -> 0x006F
mem[X,0x000000008000168A] -> 0x0400
[1185] [M]: 0x0000000080001688 (0x0400006F) jal x0, 0x40                            vmem_adj_Mepc+12

clint mtime 0x0000000000000251 (mip.MTI <- 0b1, mip.STI <- 0b0)
mem[X,0x00000000800016C8] -> 0x8433
mem[X,0x00000000800016CA] -> 0x4083
[1186] [M]: 0x00000000800016C8 (0x40838433) sub x8, x7, x8                          adj_Mepc+0
x8 <- 0x0000030080000D21

mem[X,0x00000000800016CC] -> 0x3823
mem[X,0x00000000800016CE] -> 0x0083
[1187] [M]: 0x00000000800016CC (0x00833823) sd x8, 0x10(x6)                         sv_Mepc+0
mem[W,0x00000000800093C8] <- 0x0000030080000D21

clint mtime 0x0000000000000252 (mip.MTI <- 0b1, mip.STI <- 0b0)
mem[X,0x00000000800016D0] -> 0x55B7
mem[X,0x00000000800016D2] -> 0x0000
[1188] [M]: 0x00000000800016D0 (0x000055B7) lui x11, 0x5                            sv_Mepc+4
x11 <- 0x0000000000005000

mem[X,0x00000000800016D4] -> 0x8593
mem[X,0x00000000800016D6] -> 0x6675
[1189] [M]: 0x00000000800016D4 (0x66758593) addi x11, x11, 0x667                    sv_Mepc+8
x11 <- 0x0000000000005667

clint mtime 0x0000000000000253 (mip.MTI <- 0b1, mip.STI <- 0b0)
mem[X,0x00000000800016D8] -> 0x9593
mem[X,0x00000000800016DA] -> 0x0015
[1190] [M]: 0x00000000800016D8 (0x00159593) slli x11, x11, 0x1                      sv_Mepc+12
x11 <- 0x000000000000ACCE

mem[X,0x00000000800016DC] -> 0x9063
mem[X,0x00000000800016DE] -> 0x02B1
[1191] [M]: 0x00000000800016DC (0x02B19063) bne x3, x11, 0x20                       sv_Mepc+16

clint mtime 0x0000000000000254 (mip.MTI <- 0b1, mip.STI <- 0b0)
mem[X,0x00000000800016E0] -> 0x2473
mem[X,0x00000000800016E2] -> 0x3420
[1192] [M]: 0x00000000800016E0 (0x34202473) csrrs x8, mcause, x0                    sv_Mepc+20
CSR mcause (0x342) -> 0x000000000000000F
x8 <- 0x000000000000000F

mem[X,0x00000000800016E4] -> 0x0593
mem[X,0x00000000800016E6] -> 0x00C0
[1193] [M]: 0x00000000800016E4 (0x00C00593) addi x11, x0, 0xc                       sv_Mepc+24
x11 <- 0x000000000000000C

clint mtime 0x0000000000000255 (mip.MTI <- 0b1, mip.STI <- 0b0)
mem[X,0x00000000800016E8] -> 0x0663
mem[X,0x00000000800016EA] -> 0x00B4
[1194] [M]: 0x00000000800016E8 (0x00B40663) beq x8, x11, 0xc                        sv_Mepc+28

mem[X,0x00000000800016EC] -> 0x0593
mem[X,0x00000000800016EE] -> 0x0010
[1195] [M]: 0x00000000800016EC (0x00100593) addi x11, x0, 0x1                       sv_Mepc+32
x11 <- 0x0000000000000001

clint mtime 0x0000000000000256 (mip.MTI <- 0b1, mip.STI <- 0b0)
mem[X,0x00000000800016F0] -> 0x1663
mem[X,0x00000000800016F2] -> 0x00B4
[1196] [M]: 0x00000000800016F0 (0x00B41663) bne x8, x11, 0xc                        sv_Mepc+36

mem[X,0x00000000800016FC] -> 0xF593
mem[X,0x00000000800016FE] -> 0xFFC3
[1197] [M]: 0x00000000800016FC (0xFFC3F593) andi x11, x7, -0x4                      adj_Mepc_rtn+0
x11 <- 0x0000030080000D20

clint mtime 0x0000000000000257 (mip.MTI <- 0b1, mip.STI <- 0b0)
mem[X,0x0000000080001700] -> 0x8593
mem[X,0x0000000080001702] -> 0x0085
[1198] [M]: 0x0000000080001700 (0x00858593) addi x11, x11, 0x8                      adj_Mepc_rtn+4
x11 <- 0x0000030080000D28

mem[X,0x0000000080001704] -> 0x9073
mem[X,0x0000000080001706] -> 0x3415
[1199] [M]: 0x0000000080001704 (0x34159073) csrrw x0, mepc, x11                     adj_Mepc_rtn+8
CSR mepc (0x341) <- 0x0000030080000D28

clint mtime 0x0000000000000258 (mip.MTI <- 0b1, mip.STI <- 0b0)
mem[X,0x0000000080001708] -> 0x23F3
mem[X,0x000000008000170A] -> 0x3430
[1200] [M]: 0x0000000080001708 (0x343023F3) csrrs x7, mtval, x0                     skp_adj_Mepc+0
CSR mtval (0x343) -> 0x0000028000000414
x7 <- 0x0000028000000414

mem[X,0x000000008000170C] -> 0x0413
mem[X,0x000000008000170E] -> 0x0004
[1201] [M]: 0x000000008000170C (0x00040413) addi x8, x8, 0x0                        skp_adj_Mepc+4
x8 <- 0x000000000000000F

clint mtime 0x0000000000000259 (mip.MTI <- 0b1, mip.STI <- 0b0)
mem[X,0x0000000080001710] -> 0x006F
mem[X,0x0000000080001712] -> 0x0840
[1202] [M]: 0x0000000080001710 (0x0840006F) jal x0, 0x84                            skp_adj_Mepc+8

mem[X,0x0000000080001794] -> 0x8433
mem[X,0x0000000080001796] -> 0x4083
[1203] [M]: 0x0000000080001794 (0x40838433) sub x8, x7, x8                          adj_Mtval+0
x8 <- 0x0000028000000405

clint mtime 0x000000000000025A (mip.MTI <- 0b1, mip.STI <- 0b0)
mem[X,0x0000000080001798] -> 0x3C23
mem[X,0x000000008000179A] -> 0x0083
[1204] [M]: 0x0000000080001798 (0x00833C23) sd x8, 0x18(x6)                         sv_Mtval+0
mem[W,0x00000000800093D0] <- 0x0000028000000405

mem[X,0x000000008000179C] -> 0x3483
mem[X,0x000000008000179E] -> 0x2181
[1205] [M]: 0x000000008000179C (0x21813483) ld x9, 0x218(x2)                        skp_Mtval+0
mem[R,0x0000000080004218] -> 0x00000000800093D8
x9 <- 0x00000000800093D8

clint mtime 0x000000000000025B (mip.MTI <- 0b1, mip.STI <- 0b0)
mem[X,0x00000000800017A0] -> 0x3383
mem[X,0x00000000800017A2] -> 0x1F81
[1206] [M]: 0x00000000800017A0 (0x1F813383) ld x7, 0x1f8(x2)                        skp_Mtval+4
mem[R,0x00000000800041F8] -> 0x0000000080009110
x7 <- 0x0000000080009110

mem[X,0x00000000800017A4] -> 0x3303
mem[X,0x00000000800017A6] -> 0x2001
[1207] [M]: 0x00000000800017A4 (0x20013303) ld x6, 0x200(x2)                        skp_Mtval+8
mem[R,0x0000000080004200] -> 0x0000000000000410
x6 <- 0x0000000000000410

clint mtime 0x000000000000025C (mip.MTI <- 0b1, mip.STI <- 0b0)
mem[X,0x00000000800017A8] -> 0x0333
mem[X,0x00000000800017AA] -> 0x0073
[1208] [M]: 0x00000000800017A8 (0x00730333) add x6, x6, x7                          skp_Mtval+12
x6 <- 0x0000000080009520

mem[X,0x00000000800017AC] -> 0x6AE3
mem[X,0x00000000800017AE] -> 0xAE93
[1209] [M]: 0x00000000800017AC (0xAE936AE3) bltu x6, x9, -0x50c                     skp_Mtval+16

clint mtime 0x000000000000025D (mip.MTI <- 0b1, mip.STI <- 0b0)
mem[X,0x00000000800017B0] -> 0x0393
mem[X,0x00000000800017B2] -> 0x2000
[1210] [M]: 0x00000000800017B0 (0x20000393) addi x7, x0, 0x200                      skp_Mtval+20
x7 <- 0x0000000000000200

mem[X,0x00000000800017B4] -> 0x006F
mem[X,0x00000000800017B6] -> 0x0400
[1211] [M]: 0x00000000800017B4 (0x0400006F) jal x0, 0x40                            skp_Mtval+24

clint mtime 0x000000000000025E (mip.MTI <- 0b1, mip.STI <- 0b0)
mem[X,0x00000000800017F4] -> 0x0417
mem[X,0x00000000800017F6] -> 0x0000
[1212] [M]: 0x00000000800017F4 (0x00000417) auipc x8, 0x0                           spcl_Mhandler+0
x8 <- 0x00000000800017F4

mem[X,0x00000000800017F8] -> 0x0413
mem[X,0x00000000800017FA] -> 0x03C4
[1213] [M]: 0x00000000800017F8 (0x03C40413) addi x8, x8, 0x3c                       spcl_Mhandler+4
x8 <- 0x0000000080001830

clint mtime 0x000000000000025F (mip.MTI <- 0b1, mip.STI <- 0b0)
mem[X,0x00000000800017FC] -> 0x0433
mem[X,0x00000000800017FE] -> 0x0074
[1214] [M]: 0x00000000800017FC (0x00740433) add x8, x8, x7                          spcl_Mhandler+8
x8 <- 0x0000000080001A30

mem[X,0x0000000080001800] -> 0x1393
mem[X,0x0000000080001802] -> 0x0035
[1215] [M]: 0x0000000080001800 (0x00351393) slli x7, x10, 0x3                       spcl_Mhandler+12
x7 <- 0x0000000000000078

clint mtime 0x0000000000000260 (mip.MTI <- 0b1, mip.STI <- 0b0)
mem[X,0x0000000080001804] -> 0x0433
mem[X,0x0000000080001806] -> 0x0074
[1216] [M]: 0x0000000080001804 (0x00740433) add x8, x8, x7                          spcl_Mhandler+16
x8 <- 0x0000000080001AA8

mem[X,0x0000000080001808] -> 0x7413
mem[X,0x000000008000180A] -> 0xFF84
[1217] [M]: 0x0000000080001808 (0xFF847413) andi x8, x8, -0x8                       spcl_Mhandler+20
x8 <- 0x0000000080001AA8

clint mtime 0x0000000000000261 (mip.MTI <- 0b1, mip.STI <- 0b0)
mem[X,0x000000008000180C] -> 0x3403
mem[X,0x000000008000180E] -> 0x0004
[1218] [M]: 0x000000008000180C (0x00043403) ld x8, 0x0(x8)                          spcl_Mhandler+24
mem[R,0x0000000080001AA8] -> 0x000000000000001F
x8 <- 0x000000000000001F

mem[X,0x0000000080001810] -> 0x02E3
mem[X,0x0000000080001812] -> 0xB204
[1219] [M]: 0x0000000080001810 (0xB20402E3) beq x8, x0, -0x4dc                      spcl_Mdispatch_hndling+0

clint mtime 0x0000000000000262 (mip.MTI <- 0b1, mip.STI <- 0b0)
mem[X,0x0000000080001814] -> 0x1393
mem[X,0x0000000080001816] -> 0x03F4
[1220] [M]: 0x0000000080001814 (0x03F41393) slli x7, x8, 0x3f                       spcl_Mdispatch_hndling+4
x7 <- 0x8000000000000000

mem[X,0x0000000080001818] -> 0xD863
mem[X,0x000000008000181A] -> 0x0003
[1221] [M]: 0x0000000080001818 (0x0003D863) bge x7, x0, 0x10                        spcl_Mdispatch_hndling+8

clint mtime 0x0000000000000263 (mip.MTI <- 0b1, mip.STI <- 0b0)
mem[X,0x000000008000181C] -> 0x5413
mem[X,0x000000008000181E] -> 0x0014
[1222] [M]: 0x000000008000181C (0x00145413) srli x8, x8, 0x1                        spcl_Mdispatch_hndling+12
x8 <- 0x000000000000000F

mem[X,0x0000000080001820] -> 0x0CE3
mem[X,0x0000000080001822] -> 0xF885
[1223] [M]: 0x0000000080001820 (0xF8850CE3) beq x10, x8, -0x68                      spcl_Mdispatch_hndling+16

clint mtime 0x0000000000000264 (mip.MTI <- 0b1, mip.STI <- 0b0)
mem[X,0x00000000800017B8] -> 0x3303
mem[X,0x00000000800017BA] -> 0x2601
[1224] [M]: 0x00000000800017B8 (0x26013303) ld x6, 0x260(x2)                        resto_Mrtn+0
mem[R,0x0000000080004260] -> 0xFFFFFFFF7FFFF44C
x6 <- 0xFFFFFFFF7FFFF44C

mem[X,0x00000000800017BC] -> 0x3383
mem[X,0x00000000800017BE] -> 0x2681
[1225] [M]: 0x00000000800017BC (0x26813383) ld x7, 0x268(x2)                        resto_Mrtn+4
mem[R,0x0000000080004268] -> 0x0000000080004000
x7 <- 0x0000000080004000

clint mtime 0x0000000000000265 (mip.MTI <- 0b1, mip.STI <- 0b0)
mem[X,0x00000000800017C0] -> 0x3403
mem[X,0x00000000800017C2] -> 0x2701
[1226] [M]: 0x00000000800017C0 (0x27013403) ld x8, 0x270(x2)                        resto_Mrtn+8
mem[R,0x0000000080004270] -> 0x0000000000007F76
x8 <- 0x0000000000007F76

mem[X,0x00000000800017C4] -> 0x3483
mem[X,0x00000000800017C6] -> 0x2781
[1227] [M]: 0x00000000800017C4 (0x27813483) ld x9, 0x278(x2)                        resto_Mrtn+12
mem[R,0x0000000080004278] -> 0x000003000000013C
x9 <- 0x000003000000013C

clint mtime 0x0000000000000266 (mip.MTI <- 0b1, mip.STI <- 0b0)
mem[X,0x00000000800017C8] -> 0x3503
mem[X,0x00000000800017CA] -> 0x2801
[1228] [M]: 0x00000000800017C8 (0x28013503) ld x10, 0x280(x2)                       resto_Mrtn+16
mem[R,0x0000000080004280] -> 0x00000000200000DE
x10 <- 0x00000000200000DE

mem[X,0x00000000800017CC] -> 0x3583
mem[X,0x00000000800017CE] -> 0x2881
[1229] [M]: 0x00000000800017CC (0x28813583) ld x11, 0x288(x2)                       resto_Mrtn+20
mem[R,0x0000000080004288] -> 0x00000000000000DE
x11 <- 0x00000000000000DE

clint mtime 0x0000000000000267 (mip.MTI <- 0b1, mip.STI <- 0b0)
mem[X,0x00000000800017D0] -> 0x3103
mem[X,0x00000000800017D2] -> 0x2901
[1230] [M]: 0x00000000800017D0 (0x29013103) ld x2, 0x290(x2)                        resto_Mrtn+24
mem[R,0x0000000080004290] -> 0x0000000000000000
x2 <- 0x0000000000000000

mem[X,0x00000000800017D4] -> 0x0073
mem[X,0x00000000800017D6] -> 0x3020
[1231] [M]: 0x00000000800017D4 (0x30200073) mret                                    resto_Mrtn+28
CSR mstatus (0x300) <- 0x0000000A00000080
ret-ing from M to U

clint mtime 0x0000000000000268 (mip.MTI <- 0b1, mip.STI <- 0b0)
mem[X,0x0000000080000D28] -> 0xA703
mem[X,0x0000000080000D2A] -> 0x0147
[1232] [U]: 0x0000030080000D28 (0x0147A703) lw x14, 0x14(x15)                       va_rvtest_code_begin+1388
PTW: Start, vpn=0x28000000, access_type=R, privilege=Umem[R,0x0000000080008028] -> 0x0000000020001C01
PTW: Step, level=3, pte=0x20001C01, pte_addr=0x80008028
PTW: Start, vpn=0x28000000, access_type=R, privilege=Umem[R,0x0000000080007000] -> 0x00000000200000DE
PTW: Step, level=2, pte=0x200000DE, pte_addr=0x80007000
PTW: failed, error=invalid-pte, level=2, pte_addr=0x80007000
trapping from U to M to handle load-page-fault
handling exc#load-page-fault at priv M with tval 0x0000028000000414
CSR mstatus (0x300) <- 0x0000000A00000000
CSR mcause (0x342) <- 0x000000000000000D
CSR mtval (0x343) <- 0x0000028000000414
CSR mepc (0x341) <- 0x0000030080000D28

mem[X,0x0000000080001380] -> 0x006F
mem[X,0x0000000080001382] -> 0x1000
[1233] [M]: 0x0000000080001380 (0x1000006F) jal x0, 0x100                           Mtrampoline+0

clint mtime 0x0000000000000269 (mip.MTI <- 0b1, mip.STI <- 0b0)
mem[X,0x0000000080001480] -> 0x1173
mem[X,0x0000000080001482] -> 0x3401
[1234] [M]: 0x0000000080001480 (0x34011173) csrrw x2, mscratch, x2                  trap_Mhandler+0
CSR mscratch (0x340) <- 0x0000000000000000
x2 <- 0x0000000080004000

mem[X,0x0000000080001484] -> 0x3423
mem[X,0x0000000080001486] -> 0x28B1
[1235] [M]: 0x0000000080001484 (0x28B13423) sd x11, 0x288(x2)                       trap_Mhandler+4
mem[W,0x0000000080004288] <- 0x00000000000000DE

clint mtime 0x000000000000026A (mip.MTI <- 0b1, mip.STI <- 0b0)
mem[X,0x0000000080001488] -> 0x05EF
mem[X,0x000000008000148A] -> 0x0B80
[1236] [M]: 0x0000000080001488 (0x0B8005EF) jal x11, 0xb8                           trap_Mhandler+8
x11 <- 0x000000008000148C

mem[X,0x0000000080001540] -> 0x3023
mem[X,0x0000000080001542] -> 0x28A1
[1237] [M]: 0x0000000080001540 (0x28A13023) sd x10, 0x280(x2)                       common_Mhandler+0
mem[W,0x0000000080004280] <- 0x00000000200000DE

clint mtime 0x000000000000026B (mip.MTI <- 0b1, mip.STI <- 0b0)
mem[X,0x0000000080001544] -> 0x1573
mem[X,0x0000000080001546] -> 0x3401
[1238] [M]: 0x0000000080001544 (0x34011573) csrrw x10, mscratch, x2                 common_Mhandler+4
CSR mscratch (0x340) <- 0x0000000080004000
x10 <- 0x0000000000000000

mem[X,0x0000000080001548] -> 0x3823
mem[X,0x000000008000154A] -> 0x28A1
[1239] [M]: 0x0000000080001548 (0x28A13823) sd x10, 0x290(x2)                       common_Mhandler+8
mem[W,0x0000000080004290] <- 0x0000000000000000

clint mtime 0x000000000000026C (mip.MTI <- 0b1, mip.STI <- 0b0)
mem[X,0x000000008000154C] -> 0x3503
mem[X,0x000000008000154E] -> 0x2301
[1240] [M]: 0x000000008000154C (0x23013503) ld x10, 0x230(x2)                       common_Mhandler+12
mem[R,0x0000000080004230] -> 0x0000000080001554
x10 <- 0x0000000080001554

mem[X,0x0000000080001550] -> 0x0067
mem[X,0x0000000080001552] -> 0x0005
[1241] [M]: 0x0000000080001550 (0x00050067) jalr x0, 0x0(x10)                       common_Mhandler+16

clint mtime 0x000000000000026D (mip.MTI <- 0b1, mip.STI <- 0b0)
mem[X,0x0000000080001554] -> 0x3C23
mem[X,0x0000000080001556] -> 0x2691
[1242] [M]: 0x0000000080001554 (0x26913C23) sd x9, 0x278(x2)                        common_Mentry+0
mem[W,0x0000000080004278] <- 0x000003000000013C

mem[X,0x0000000080001558] -> 0x3823
mem[X,0x000000008000155A] -> 0x2681
[1243] [M]: 0x0000000080001558 (0x26813823) sd x8, 0x270(x2)                        common_Mentry+4
mem[W,0x0000000080004270] <- 0x0000000000007F76

clint mtime 0x000000000000026E (mip.MTI <- 0b1, mip.STI <- 0b0)
mem[X,0x000000008000155C] -> 0x3423
mem[X,0x000000008000155E] -> 0x2671
[1244] [M]: 0x000000008000155C (0x26713423) sd x7, 0x268(x2)                        common_Mentry+8
mem[W,0x0000000080004268] <- 0x0000000080004000

mem[X,0x0000000080001560] -> 0x3023
mem[X,0x0000000080001562] -> 0x2661
[1245] [M]: 0x0000000080001560 (0x26613023) sd x6, 0x260(x2)                        common_Mentry+12
mem[W,0x0000000080004260] <- 0xFFFFFFFF7FFFF44C

clint mtime 0x000000000000026F (mip.MTI <- 0b1, mip.STI <- 0b0)
mem[X,0x0000000080001564] -> 0x2573
mem[X,0x0000000080001566] -> 0x3420
[1246] [M]: 0x0000000080001564 (0x34202573) csrrs x10, mcause, x0                   spcl_M2mmode_test+0
CSR mcause (0x342) -> 0x000000000000000D
x10 <- 0x000000000000000D

mem[X,0x0000000080001568] -> 0x04B7
mem[X,0x000000008000156A] -> 0x8000
[1247] [M]: 0x0000000080001568 (0x800004B7) lui x9, -0x80000                        spcl_M2mmode_test+4
x9 <- 0xFFFFFFFF80000000

clint mtime 0x0000000000000270 (mip.MTI <- 0b1, mip.STI <- 0b0)
mem[X,0x000000008000156C] -> 0x8493
mem[X,0x000000008000156E] -> 0x0004
[1248] [M]: 0x000000008000156C (0x00048493) addi x9, x9, 0x0                        spcl_M2mmode_test+8
x9 <- 0xFFFFFFFF80000000

mem[X,0x0000000080001570] -> 0x9493
mem[X,0x0000000080001572] -> 0x00B4
[1249] [M]: 0x0000000080001570 (0x00B49493) slli x9, x9, 0xb                        spcl_M2mmode_test+12
x9 <- 0xFFFFFC0000000000

clint mtime 0x0000000000000271 (mip.MTI <- 0b1, mip.STI <- 0b0)
mem[X,0x0000000080001574] -> 0x8493
mem[X,0x0000000080001576] -> 0x0004
[1250] [M]: 0x0000000080001574 (0x00048493) addi x9, x9, 0x0                        spcl_M2mmode_test+16
x9 <- 0xFFFFFC0000000000

mem[X,0x0000000080001578] -> 0x9493
mem[X,0x000000008000157A] -> 0x00B4
[1251] [M]: 0x0000000080001578 (0x00B49493) slli x9, x9, 0xb                        spcl_M2mmode_test+20
x9 <- 0xFFE0000000000000

clint mtime 0x0000000000000272 (mip.MTI <- 0b1, mip.STI <- 0b0)
mem[X,0x000000008000157C] -> 0x8493
mem[X,0x000000008000157E] -> 0x0034
[1252] [M]: 0x000000008000157C (0x00348493) addi x9, x9, 0x3                        spcl_M2mmode_test+24
x9 <- 0xFFE0000000000003

mem[X,0x0000000080001580] -> 0x9493
mem[X,0x0000000080001582] -> 0x00A4
[1253] [M]: 0x0000000080001580 (0x00A49493) slli x9, x9, 0xa                        spcl_M2mmode_test+28
x9 <- 0x8000000000000C00

clint mtime 0x0000000000000273 (mip.MTI <- 0b1, mip.STI <- 0b0)
mem[X,0x0000000080001584] -> 0x8493
mem[X,0x0000000080001586] -> 0x3FC4
[1254] [M]: 0x0000000080001584 (0x3FC48493) addi x9, x9, 0x3fc                      spcl_M2mmode_test+32
x9 <- 0x8000000000000FFC

mem[X,0x0000000080001588] -> 0xF4B3
mem[X,0x000000008000158A] -> 0x00A4
[1255] [M]: 0x0000000080001588 (0x00A4F4B3) and x9, x9, x10                         spcl_M2mmode_test+36
x9 <- 0x000000000000000C

clint mtime 0x0000000000000274 (mip.MTI <- 0b1, mip.STI <- 0b0)
mem[X,0x000000008000158C] -> 0x8493
mem[X,0x000000008000158E] -> 0xFF84
[1256] [M]: 0x000000008000158C (0xFF848493) addi x9, x9, -0x8                       spcl_M2mmode_test+40
x9 <- 0x0000000000000004

mem[X,0x0000000080001590] -> 0x9663
mem[X,0x0000000080001592] -> 0x0004
[1257] [M]: 0x0000000080001590 (0x00049663) bne x9, x0, 0xc                         spcl_M2mmode_test+44

clint mtime 0x0000000000000275 (mip.MTI <- 0b1, mip.STI <- 0b0)
mem[X,0x000000008000159C] -> 0x0393
mem[X,0x000000008000159E] -> 0x0200
[1258] [M]: 0x000000008000159C (0x02000393) addi x7, x0, 0x20                       Mtrapsig_ptr_upd+0
x7 <- 0x0000000000000020

mem[X,0x00000000800015A0] -> 0x5263
mem[X,0x00000000800015A2] -> 0x0405
[1259] [M]: 0x00000000800015A0 (0x04055263) bge x10, x0, 0x44                       Mtrapsig_ptr_upd+4

clint mtime 0x0000000000000276 (mip.MTI <- 0b1, mip.STI <- 0b0)
mem[X,0x00000000800015E4] -> 0x2373
mem[X,0x00000000800015E6] -> 0x3010
[1260] [M]: 0x00000000800015E4 (0x30102373) csrrs x6, misa, x0                      Mxcpt_sig_sv+0
CSR misa (0x301) -> 0x800000000034112F
x6 <- 0x800000000034112F

mem[X,0x00000000800015E8] -> 0x1313
mem[X,0x00000000800015EA] -> 0x0383
[1261] [M]: 0x00000000800015E8 (0x03831313) slli x6, x6, 0x38                       Mxcpt_sig_sv+4
x6 <- 0x2F00000000000000

clint mtime 0x0000000000000277 (mip.MTI <- 0b1, mip.STI <- 0b0)
mem[X,0x00000000800015EC] -> 0x5463
mem[X,0x00000000800015EE] -> 0x0003
[1262] [M]: 0x00000000800015EC (0x00035463) bge x6, x0, 0x8                         Mxcpt_sig_sv+8

mem[X,0x00000000800015F4] -> 0x3303
mem[X,0x00000000800015F6] -> 0x2181
[1263] [M]: 0x00000000800015F4 (0x21813303) ld x6, 0x218(x2)                        Mtrap_sig_sv+0
mem[R,0x0000000080004218] -> 0x00000000800093D8
x6 <- 0x00000000800093D8

clint mtime 0x0000000000000278 (mip.MTI <- 0b1, mip.STI <- 0b0)
mem[X,0x00000000800015F8] -> 0x04B3
mem[X,0x00000000800015FA] -> 0x0073
[1264] [M]: 0x00000000800015F8 (0x007304B3) add x9, x6, x7                          Mtrap_sig_sv+4
x9 <- 0x00000000800093F8

mem[X,0x00000000800015FC] -> 0x3C23
mem[X,0x00000000800015FE] -> 0x2091
[1265] [M]: 0x00000000800015FC (0x20913C23) sd x9, 0x218(x2)                        Mtrap_sig_sv+8
mem[W,0x0000000080004218] <- 0x00000000800093F8

clint mtime 0x0000000000000279 (mip.MTI <- 0b1, mip.STI <- 0b0)
mem[X,0x0000000080001600] -> 0x3403
mem[X,0x0000000080001602] -> 0x1F81
[1266] [M]: 0x0000000080001600 (0x1F813403) ld x8, 0x1f8(x2)                        Mtrap_sig_sv+12
mem[R,0x00000000800041F8] -> 0x0000000080009110
x8 <- 0x0000000080009110

mem[X,0x0000000080001604] -> 0x0333
mem[X,0x0000000080001606] -> 0x4083
[1267] [M]: 0x0000000080001604 (0x40830333) sub x6, x6, x8                          Mtrap_sig_sv+16
x6 <- 0x00000000000002C8

clint mtime 0x000000000000027A (mip.MTI <- 0b1, mip.STI <- 0b0)
mem[X,0x0000000080001608] -> 0x3403
mem[X,0x000000008000160A] -> 0x1F81
[1268] [M]: 0x0000000080001608 (0x1F813403) ld x8, 0x1f8(x2)                        Mtrap_sig_sv+20
mem[R,0x00000000800041F8] -> 0x0000000080009110
x8 <- 0x0000000080009110

mem[X,0x000000008000160C] -> 0x0333
mem[X,0x000000008000160E] -> 0x0083
[1269] [M]: 0x000000008000160C (0x00830333) add x6, x6, x8                          Mtrap_sig_sv+24
x6 <- 0x00000000800093D8

clint mtime 0x000000000000027B (mip.MTI <- 0b1, mip.STI <- 0b0)
mem[X,0x0000000080001610] -> 0x3403
mem[X,0x0000000080001612] -> 0x2401
[1270] [M]: 0x0000000080001610 (0x24013403) ld x8, 0x240(x2)                        Mtrap_sig_sv+28
mem[R,0x0000000080004240] -> 0x0000000080001380
x8 <- 0x0000000080001380

mem[X,0x0000000080001614] -> 0x85B3
mem[X,0x0000000080001616] -> 0x4085
[1271] [M]: 0x0000000080001614 (0x408585B3) sub x11, x11, x8                        sv_Mvect+0
x11 <- 0x000000000000010C

clint mtime 0x000000000000027C (mip.MTI <- 0b1, mip.STI <- 0b0)
mem[X,0x0000000080001618] -> 0x9593
mem[X,0x000000008000161A] -> 0x0045
[1272] [M]: 0x0000000080001618 (0x00459593) slli x11, x11, 0x4                      sv_Mvect+4
x11 <- 0x00000000000010C0

mem[X,0x000000008000161C] -> 0xE5B3
mem[X,0x000000008000161E] -> 0x0075
[1273] [M]: 0x000000008000161C (0x0075E5B3) or x11, x11, x7                         sv_Mvect+8
x11 <- 0x00000000000010E0

clint mtime 0x000000000000027D (mip.MTI <- 0b1, mip.STI <- 0b0)
mem[X,0x0000000080001620] -> 0x8593
mem[X,0x0000000080001622] -> 0x0035
[1274] [M]: 0x0000000080001620 (0x00358593) addi x11, x11, 0x3                      sv_Mvect+12
x11 <- 0x00000000000010E3

mem[X,0x0000000080001624] -> 0x3023
mem[X,0x0000000080001626] -> 0x00B3
[1275] [M]: 0x0000000080001624 (0x00B33023) sd x11, 0x0(x6)                         sv_Mvect+16
mem[W,0x00000000800093D8] <- 0x00000000000010E3

clint mtime 0x000000000000027E (mip.MTI <- 0b1, mip.STI <- 0b0)
mem[X,0x0000000080001628] -> 0x3423
mem[X,0x000000008000162A] -> 0x00A3
[1276] [M]: 0x0000000080001628 (0x00A33423) sd x10, 0x8(x6)                         sv_Mcause+0
mem[W,0x00000000800093E0] <- 0x000000000000000D

mem[X,0x000000008000162C] -> 0x4663
mem[X,0x000000008000162E] -> 0x1A05
[1277] [M]: 0x000000008000162C (0x1A054663) blt x10, x0, 0x1ac                      sv_Mcause+4

clint mtime 0x000000000000027F (mip.MTI <- 0b1, mip.STI <- 0b0)
mem[X,0x0000000080001630] -> 0x25F3
mem[X,0x0000000080001632] -> 0x3000
[1278] [M]: 0x0000000080001630 (0x300025F3) csrrs x11, mstatus, x0                  common_Mexcpt_handler+0
CSR mstatus (0x300) -> 0x0000000A00000000
x11 <- 0x0000000A00000000

mem[X,0x0000000080001634] -> 0x9413
mem[X,0x0000000080001636] -> 0x02E5
[1279] [M]: 0x0000000080001634 (0x02E59413) slli x8, x11, 0x2e                      common_Mexcpt_handler+4
x8 <- 0x0000000000000000

clint mtime 0x0000000000000280 (mip.MTI <- 0b1, mip.STI <- 0b0)
mem[X,0x0000000080001638] -> 0x5463
mem[X,0x000000008000163A] -> 0x0004
[1280] [M]: 0x0000000080001638 (0x00045463) bge x8, x0, 0x8                         common_Mexcpt_handler+8

mem[X,0x0000000080001640] -> 0xD493
mem[X,0x0000000080001642] -> 0x00B5
[1281] [M]: 0x0000000080001640 (0x00B5D493) srli x9, x11, 0xb                       common_Mexcpt_handler+16
x9 <- 0x0000000001400000

clint mtime 0x0000000000000281 (mip.MTI <- 0b1, mip.STI <- 0b0)
mem[X,0x0000000080001644] -> 0xF493
mem[X,0x0000000080001646] -> 0x0034
[1282] [M]: 0x0000000080001644 (0x0034F493) andi x9, x9, 0x3                        common_Mexcpt_handler+20
x9 <- 0x0000000000000000

mem[X,0x0000000080001648] -> 0x8493
mem[X,0x000000008000164A] -> 0x0014
[1283] [M]: 0x0000000080001648 (0x00148493) addi x9, x9, 0x1                        common_Mexcpt_handler+24
x9 <- 0x0000000000000001

clint mtime 0x0000000000000282 (mip.MTI <- 0b1, mip.STI <- 0b0)
mem[X,0x000000008000164C] -> 0xF493
mem[X,0x000000008000164E] -> 0x0044
[1284] [M]: 0x000000008000164C (0x0044F493) andi x9, x9, 0x4                        common_Mexcpt_handler+28
x9 <- 0x0000000000000000

mem[X,0x0000000080001650] -> 0x0593
mem[X,0x0000000080001652] -> 0x05D0
[1285] [M]: 0x0000000080001650 (0x05D00593) addi x11, x0, 0x5d                      common_Mexcpt_handler+32
x11 <- 0x000000000000005D

clint mtime 0x0000000000000283 (mip.MTI <- 0b1, mip.STI <- 0b0)
mem[X,0x0000000080001654] -> 0xD5B3
mem[X,0x0000000080001656] -> 0x0095
[1286] [M]: 0x0000000080001654 (0x0095D5B3) srl x11, x11, x9                        common_Mexcpt_handler+36
x11 <- 0x000000000000005D

mem[X,0x0000000080001658] -> 0xF593
mem[X,0x000000008000165A] -> 0x0015
[1287] [M]: 0x0000000080001658 (0x0015F593) andi x11, x11, 0x1                      common_Mexcpt_handler+40
x11 <- 0x0000000000000001

clint mtime 0x0000000000000284 (mip.MTI <- 0b1, mip.STI <- 0b0)
mem[X,0x000000008000165C] -> 0x8EE3
mem[X,0x000000008000165E] -> 0xF405
[1288] [M]: 0x000000008000165C (0xF4058EE3) beq x11, x0, -0xa4                      common_Mexcpt_handler+44

mem[X,0x0000000080001660] -> 0x0593
mem[X,0x0000000080001662] -> 0x2980
[1289] [M]: 0x0000000080001660 (0x29800593) addi x11, x0, 0x298                     common_Mexcpt_handler+48
x11 <- 0x0000000000000298

clint mtime 0x0000000000000285 (mip.MTI <- 0b1, mip.STI <- 0b0)
mem[X,0x0000000080001664] -> 0xF413
mem[X,0x0000000080001666] -> 0x0014
[1290] [M]: 0x0000000080001664 (0x0014F413) andi x8, x9, 0x1                        common_Mexcpt_handler+52
x8 <- 0x0000000000000000

mem[X,0x0000000080001668] -> 0x95B3
mem[X,0x000000008000166A] -> 0x0085
[1291] [M]: 0x0000000080001668 (0x008595B3) sll x11, x11, x8                        common_Mexcpt_handler+56
x11 <- 0x0000000000000298

clint mtime 0x0000000000000286 (mip.MTI <- 0b1, mip.STI <- 0b0)
mem[X,0x000000008000166C] -> 0x9413
mem[X,0x000000008000166E] -> 0x03D4
[1292] [M]: 0x000000008000166C (0x03D49413) slli x8, x9, 0x3d                       common_Mexcpt_handler+60
x8 <- 0x0000000000000000

mem[X,0x0000000080001670] -> 0x5413
mem[X,0x0000000080001672] -> 0x43F4
[1293] [M]: 0x0000000080001670 (0x43F45413) srai x8, x8, 0x3f                       common_Mexcpt_handler+64
x8 <- 0x0000000000000000

clint mtime 0x0000000000000287 (mip.MTI <- 0b1, mip.STI <- 0b0)
mem[X,0x0000000080001674] -> 0x4413
mem[X,0x0000000080001676] -> 0xFFF4
[1294] [M]: 0x0000000080001674 (0xFFF44413) xori x8, x8, -0x1                       common_Mexcpt_handler+68
x8 <- 0xFFFFFFFFFFFFFFFF

mem[X,0x0000000080001678] -> 0xF4B3
mem[X,0x000000008000167A] -> 0x0085
[1295] [M]: 0x0000000080001678 (0x0085F4B3) and x9, x11, x8                         common_Mexcpt_handler+72
x9 <- 0x0000000000000298

clint mtime 0x0000000000000288 (mip.MTI <- 0b1, mip.STI <- 0b0)
mem[X,0x000000008000167C] -> 0x84B3
mem[X,0x000000008000167E] -> 0x0024
[1296] [M]: 0x000000008000167C (0x002484B3) add x9, x9, x2                          vmem_adj_Mepc+0
x9 <- 0x0000000080004298

mem[X,0x0000000080001680] -> 0x23F3
mem[X,0x0000000080001682] -> 0x3410
[1297] [M]: 0x0000000080001680 (0x341023F3) csrrs x7, mepc, x0                      vmem_adj_Mepc+4
CSR mepc (0x341) -> 0x0000030080000D28
x7 <- 0x0000030080000D28

clint mtime 0x0000000000000289 (mip.MTI <- 0b1, mip.STI <- 0b0)
mem[X,0x0000000080001684] -> 0x0413
mem[X,0x0000000080001686] -> 0x0004
[1298] [M]: 0x0000000080001684 (0x00040413) addi x8, x8, 0x0                        vmem_adj_Mepc+8
x8 <- 0xFFFFFFFFFFFFFFFF

mem[X,0x0000000080001688] -> 0x006F
mem[X,0x000000008000168A] -> 0x0400
[1299] [M]: 0x0000000080001688 (0x0400006F) jal x0, 0x40                            vmem_adj_Mepc+12

clint mtime 0x000000000000028A (mip.MTI <- 0b1, mip.STI <- 0b0)
mem[X,0x00000000800016C8] -> 0x8433
mem[X,0x00000000800016CA] -> 0x4083
[1300] [M]: 0x00000000800016C8 (0x40838433) sub x8, x7, x8                          adj_Mepc+0
x8 <- 0x0000030080000D29

mem[X,0x00000000800016CC] -> 0x3823
mem[X,0x00000000800016CE] -> 0x0083
[1301] [M]: 0x00000000800016CC (0x00833823) sd x8, 0x10(x6)                         sv_Mepc+0
mem[W,0x00000000800093E8] <- 0x0000030080000D29

clint mtime 0x000000000000028B (mip.MTI <- 0b1, mip.STI <- 0b0)
mem[X,0x00000000800016D0] -> 0x55B7
mem[X,0x00000000800016D2] -> 0x0000
[1302] [M]: 0x00000000800016D0 (0x000055B7) lui x11, 0x5                            sv_Mepc+4
x11 <- 0x0000000000005000

mem[X,0x00000000800016D4] -> 0x8593
mem[X,0x00000000800016D6] -> 0x6675
[1303] [M]: 0x00000000800016D4 (0x66758593) addi x11, x11, 0x667                    sv_Mepc+8
x11 <- 0x0000000000005667

clint mtime 0x000000000000028C (mip.MTI <- 0b1, mip.STI <- 0b0)
mem[X,0x00000000800016D8] -> 0x9593
mem[X,0x00000000800016DA] -> 0x0015
[1304] [M]: 0x00000000800016D8 (0x00159593) slli x11, x11, 0x1                      sv_Mepc+12
x11 <- 0x000000000000ACCE

mem[X,0x00000000800016DC] -> 0x9063
mem[X,0x00000000800016DE] -> 0x02B1
[1305] [M]: 0x00000000800016DC (0x02B19063) bne x3, x11, 0x20                       sv_Mepc+16

clint mtime 0x000000000000028D (mip.MTI <- 0b1, mip.STI <- 0b0)
mem[X,0x00000000800016E0] -> 0x2473
mem[X,0x00000000800016E2] -> 0x3420
[1306] [M]: 0x00000000800016E0 (0x34202473) csrrs x8, mcause, x0                    sv_Mepc+20
CSR mcause (0x342) -> 0x000000000000000D
x8 <- 0x000000000000000D

mem[X,0x00000000800016E4] -> 0x0593
mem[X,0x00000000800016E6] -> 0x00C0
[1307] [M]: 0x00000000800016E4 (0x00C00593) addi x11, x0, 0xc                       sv_Mepc+24
x11 <- 0x000000000000000C

clint mtime 0x000000000000028E (mip.MTI <- 0b1, mip.STI <- 0b0)
mem[X,0x00000000800016E8] -> 0x0663
mem[X,0x00000000800016EA] -> 0x00B4
[1308] [M]: 0x00000000800016E8 (0x00B40663) beq x8, x11, 0xc                        sv_Mepc+28

mem[X,0x00000000800016EC] -> 0x0593
mem[X,0x00000000800016EE] -> 0x0010
[1309] [M]: 0x00000000800016EC (0x00100593) addi x11, x0, 0x1                       sv_Mepc+32
x11 <- 0x0000000000000001

clint mtime 0x000000000000028F (mip.MTI <- 0b1, mip.STI <- 0b0)
mem[X,0x00000000800016F0] -> 0x1663
mem[X,0x00000000800016F2] -> 0x00B4
[1310] [M]: 0x00000000800016F0 (0x00B41663) bne x8, x11, 0xc                        sv_Mepc+36

mem[X,0x00000000800016FC] -> 0xF593
mem[X,0x00000000800016FE] -> 0xFFC3
[1311] [M]: 0x00000000800016FC (0xFFC3F593) andi x11, x7, -0x4                      adj_Mepc_rtn+0
x11 <- 0x0000030080000D28

clint mtime 0x0000000000000290 (mip.MTI <- 0b1, mip.STI <- 0b0)
mem[X,0x0000000080001700] -> 0x8593
mem[X,0x0000000080001702] -> 0x0085
[1312] [M]: 0x0000000080001700 (0x00858593) addi x11, x11, 0x8                      adj_Mepc_rtn+4
x11 <- 0x0000030080000D30

mem[X,0x0000000080001704] -> 0x9073
mem[X,0x0000000080001706] -> 0x3415
[1313] [M]: 0x0000000080001704 (0x34159073) csrrw x0, mepc, x11                     adj_Mepc_rtn+8
CSR mepc (0x341) <- 0x0000030080000D30

clint mtime 0x0000000000000291 (mip.MTI <- 0b1, mip.STI <- 0b0)
mem[X,0x0000000080001708] -> 0x23F3
mem[X,0x000000008000170A] -> 0x3430
[1314] [M]: 0x0000000080001708 (0x343023F3) csrrs x7, mtval, x0                     skp_adj_Mepc+0
CSR mtval (0x343) -> 0x0000028000000414
x7 <- 0x0000028000000414

mem[X,0x000000008000170C] -> 0x0413
mem[X,0x000000008000170E] -> 0x0004
[1315] [M]: 0x000000008000170C (0x00040413) addi x8, x8, 0x0                        skp_adj_Mepc+4
x8 <- 0x000000000000000D

clint mtime 0x0000000000000292 (mip.MTI <- 0b1, mip.STI <- 0b0)
mem[X,0x0000000080001710] -> 0x006F
mem[X,0x0000000080001712] -> 0x0840
[1316] [M]: 0x0000000080001710 (0x0840006F) jal x0, 0x84                            skp_adj_Mepc+8

mem[X,0x0000000080001794] -> 0x8433
mem[X,0x0000000080001796] -> 0x4083
[1317] [M]: 0x0000000080001794 (0x40838433) sub x8, x7, x8                          adj_Mtval+0
x8 <- 0x0000028000000407

clint mtime 0x0000000000000293 (mip.MTI <- 0b1, mip.STI <- 0b0)
mem[X,0x0000000080001798] -> 0x3C23
mem[X,0x000000008000179A] -> 0x0083
[1318] [M]: 0x0000000080001798 (0x00833C23) sd x8, 0x18(x6)                         sv_Mtval+0
mem[W,0x00000000800093F0] <- 0x0000028000000407

mem[X,0x000000008000179C] -> 0x3483
mem[X,0x000000008000179E] -> 0x2181
[1319] [M]: 0x000000008000179C (0x21813483) ld x9, 0x218(x2)                        skp_Mtval+0
mem[R,0x0000000080004218] -> 0x00000000800093F8
x9 <- 0x00000000800093F8

clint mtime 0x0000000000000294 (mip.MTI <- 0b1, mip.STI <- 0b0)
mem[X,0x00000000800017A0] -> 0x3383
mem[X,0x00000000800017A2] -> 0x1F81
[1320] [M]: 0x00000000800017A0 (0x1F813383) ld x7, 0x1f8(x2)                        skp_Mtval+4
mem[R,0x00000000800041F8] -> 0x0000000080009110
x7 <- 0x0000000080009110

mem[X,0x00000000800017A4] -> 0x3303
mem[X,0x00000000800017A6] -> 0x2001
[1321] [M]: 0x00000000800017A4 (0x20013303) ld x6, 0x200(x2)                        skp_Mtval+8
mem[R,0x0000000080004200] -> 0x0000000000000410
x6 <- 0x0000000000000410

clint mtime 0x0000000000000295 (mip.MTI <- 0b1, mip.STI <- 0b0)
mem[X,0x00000000800017A8] -> 0x0333
mem[X,0x00000000800017AA] -> 0x0073
[1322] [M]: 0x00000000800017A8 (0x00730333) add x6, x6, x7                          skp_Mtval+12
x6 <- 0x0000000080009520

mem[X,0x00000000800017AC] -> 0x6AE3
mem[X,0x00000000800017AE] -> 0xAE93
[1323] [M]: 0x00000000800017AC (0xAE936AE3) bltu x6, x9, -0x50c                     skp_Mtval+16

clint mtime 0x0000000000000296 (mip.MTI <- 0b1, mip.STI <- 0b0)
mem[X,0x00000000800017B0] -> 0x0393
mem[X,0x00000000800017B2] -> 0x2000
[1324] [M]: 0x00000000800017B0 (0x20000393) addi x7, x0, 0x200                      skp_Mtval+20
x7 <- 0x0000000000000200

mem[X,0x00000000800017B4] -> 0x006F
mem[X,0x00000000800017B6] -> 0x0400
[1325] [M]: 0x00000000800017B4 (0x0400006F) jal x0, 0x40                            skp_Mtval+24

clint mtime 0x0000000000000297 (mip.MTI <- 0b1, mip.STI <- 0b0)
mem[X,0x00000000800017F4] -> 0x0417
mem[X,0x00000000800017F6] -> 0x0000
[1326] [M]: 0x00000000800017F4 (0x00000417) auipc x8, 0x0                           spcl_Mhandler+0
x8 <- 0x00000000800017F4

mem[X,0x00000000800017F8] -> 0x0413
mem[X,0x00000000800017FA] -> 0x03C4
[1327] [M]: 0x00000000800017F8 (0x03C40413) addi x8, x8, 0x3c                       spcl_Mhandler+4
x8 <- 0x0000000080001830

clint mtime 0x0000000000000298 (mip.MTI <- 0b1, mip.STI <- 0b0)
mem[X,0x00000000800017FC] -> 0x0433
mem[X,0x00000000800017FE] -> 0x0074
[1328] [M]: 0x00000000800017FC (0x00740433) add x8, x8, x7                          spcl_Mhandler+8
x8 <- 0x0000000080001A30

mem[X,0x0000000080001800] -> 0x1393
mem[X,0x0000000080001802] -> 0x0035
[1329] [M]: 0x0000000080001800 (0x00351393) slli x7, x10, 0x3                       spcl_Mhandler+12
x7 <- 0x0000000000000068

clint mtime 0x0000000000000299 (mip.MTI <- 0b1, mip.STI <- 0b0)
mem[X,0x0000000080001804] -> 0x0433
mem[X,0x0000000080001806] -> 0x0074
[1330] [M]: 0x0000000080001804 (0x00740433) add x8, x8, x7                          spcl_Mhandler+16
x8 <- 0x0000000080001A98

mem[X,0x0000000080001808] -> 0x7413
mem[X,0x000000008000180A] -> 0xFF84
[1331] [M]: 0x0000000080001808 (0xFF847413) andi x8, x8, -0x8                       spcl_Mhandler+20
x8 <- 0x0000000080001A98

clint mtime 0x000000000000029A (mip.MTI <- 0b1, mip.STI <- 0b0)
mem[X,0x000000008000180C] -> 0x3403
mem[X,0x000000008000180E] -> 0x0004
[1332] [M]: 0x000000008000180C (0x00043403) ld x8, 0x0(x8)                          spcl_Mhandler+24
mem[R,0x0000000080001A98] -> 0x000000000000001B
x8 <- 0x000000000000001B

mem[X,0x0000000080001810] -> 0x02E3
mem[X,0x0000000080001812] -> 0xB204
[1333] [M]: 0x0000000080001810 (0xB20402E3) beq x8, x0, -0x4dc                      spcl_Mdispatch_hndling+0

clint mtime 0x000000000000029B (mip.MTI <- 0b1, mip.STI <- 0b0)
mem[X,0x0000000080001814] -> 0x1393
mem[X,0x0000000080001816] -> 0x03F4
[1334] [M]: 0x0000000080001814 (0x03F41393) slli x7, x8, 0x3f                       spcl_Mdispatch_hndling+4
x7 <- 0x8000000000000000

mem[X,0x0000000080001818] -> 0xD863
mem[X,0x000000008000181A] -> 0x0003
[1335] [M]: 0x0000000080001818 (0x0003D863) bge x7, x0, 0x10                        spcl_Mdispatch_hndling+8

clint mtime 0x000000000000029C (mip.MTI <- 0b1, mip.STI <- 0b0)
mem[X,0x000000008000181C] -> 0x5413
mem[X,0x000000008000181E] -> 0x0014
[1336] [M]: 0x000000008000181C (0x00145413) srli x8, x8, 0x1                        spcl_Mdispatch_hndling+12
x8 <- 0x000000000000000D

mem[X,0x0000000080001820] -> 0x0CE3
mem[X,0x0000000080001822] -> 0xF885
[1337] [M]: 0x0000000080001820 (0xF8850CE3) beq x10, x8, -0x68                      spcl_Mdispatch_hndling+16

clint mtime 0x000000000000029D (mip.MTI <- 0b1, mip.STI <- 0b0)
mem[X,0x00000000800017B8] -> 0x3303
mem[X,0x00000000800017BA] -> 0x2601
[1338] [M]: 0x00000000800017B8 (0x26013303) ld x6, 0x260(x2)                        resto_Mrtn+0
mem[R,0x0000000080004260] -> 0xFFFFFFFF7FFFF44C
x6 <- 0xFFFFFFFF7FFFF44C

mem[X,0x00000000800017BC] -> 0x3383
mem[X,0x00000000800017BE] -> 0x2681
[1339] [M]: 0x00000000800017BC (0x26813383) ld x7, 0x268(x2)                        resto_Mrtn+4
mem[R,0x0000000080004268] -> 0x0000000080004000
x7 <- 0x0000000080004000

clint mtime 0x000000000000029E (mip.MTI <- 0b1, mip.STI <- 0b0)
mem[X,0x00000000800017C0] -> 0x3403
mem[X,0x00000000800017C2] -> 0x2701
[1340] [M]: 0x00000000800017C0 (0x27013403) ld x8, 0x270(x2)                        resto_Mrtn+8
mem[R,0x0000000080004270] -> 0x0000000000007F76
x8 <- 0x0000000000007F76

mem[X,0x00000000800017C4] -> 0x3483
mem[X,0x00000000800017C6] -> 0x2781
[1341] [M]: 0x00000000800017C4 (0x27813483) ld x9, 0x278(x2)                        resto_Mrtn+12
mem[R,0x0000000080004278] -> 0x000003000000013C
x9 <- 0x000003000000013C

clint mtime 0x000000000000029F (mip.MTI <- 0b1, mip.STI <- 0b0)
mem[X,0x00000000800017C8] -> 0x3503
mem[X,0x00000000800017CA] -> 0x2801
[1342] [M]: 0x00000000800017C8 (0x28013503) ld x10, 0x280(x2)                       resto_Mrtn+16
mem[R,0x0000000080004280] -> 0x00000000200000DE
x10 <- 0x00000000200000DE

mem[X,0x00000000800017CC] -> 0x3583
mem[X,0x00000000800017CE] -> 0x2881
[1343] [M]: 0x00000000800017CC (0x28813583) ld x11, 0x288(x2)                       resto_Mrtn+20
mem[R,0x0000000080004288] -> 0x00000000000000DE
x11 <- 0x00000000000000DE

clint mtime 0x00000000000002A0 (mip.MTI <- 0b1, mip.STI <- 0b0)
mem[X,0x00000000800017D0] -> 0x3103
mem[X,0x00000000800017D2] -> 0x2901
[1344] [M]: 0x00000000800017D0 (0x29013103) ld x2, 0x290(x2)                        resto_Mrtn+24
mem[R,0x0000000080004290] -> 0x0000000000000000
x2 <- 0x0000000000000000

mem[X,0x00000000800017D4] -> 0x0073
mem[X,0x00000000800017D6] -> 0x3020
[1345] [M]: 0x00000000800017D4 (0x30200073) mret                                    resto_Mrtn+28
CSR mstatus (0x300) <- 0x0000000A00000080
ret-ing from M to U

clint mtime 0x00000000000002A1 (mip.MTI <- 0b1, mip.STI <- 0b0)
mem[X,0x0000000080000D30] -> 0x51B7
mem[X,0x0000000080000D32] -> 0x0000
[1346] [U]: 0x0000030080000D30 (0x000051B7) lui x3, 0x5                             va_rvtest_code_begin+1396
x3 <- 0x0000000000005000

mem[X,0x0000000080000D34] -> 0x8193
mem[X,0x0000000080000D36] -> 0x6671
[1347] [U]: 0x0000030080000D34 (0x66718193) addi x3, x3, 0x667                      va_rvtest_code_begin+1400
x3 <- 0x0000000000005667

clint mtime 0x00000000000002A2 (mip.MTI <- 0b1, mip.STI <- 0b0)
mem[X,0x0000000080000D38] -> 0x9193
mem[X,0x0000000080000D3A] -> 0x0011
[1348] [U]: 0x0000030080000D38 (0x00119193) slli x3, x3, 0x1                        va_rvtest_code_begin+1404
x3 <- 0x000000000000ACCE

mem[X,0x0000000080000D3C] -> 0x0013
mem[X,0x0000000080000D3E] -> 0x0000
[1349] [U]: 0x0000030080000D3C (0x00000013) addi x0, x0, 0x0                        va_rvtest_code_begin+1408

clint mtime 0x00000000000002A3 (mip.MTI <- 0b1, mip.STI <- 0b0)
mem[X,0x0000000080000D40] -> 0x0217
mem[X,0x0000000080000D42] -> 0x0000
[1350] [U]: 0x0000030080000D40 (0x00000217) auipc x4, 0x0                           va_rvtest_code_begin+1412
x4 <- 0x0000030080000D40

mem[X,0x0000000080000D44] -> 0x0213
mem[X,0x0000000080000D46] -> 0x02C2
[1351] [U]: 0x0000030080000D44 (0x02C20213) addi x4, x4, 0x2c                       va_rvtest_code_begin+1416
x4 <- 0x0000030080000D6C

clint mtime 0x00000000000002A4 (mip.MTI <- 0b1, mip.STI <- 0b0)
mem[X,0x0000000080000D48] -> 0x0001
[1352] [U]: 0x0000030080000D48 (0x0001) c.nop                                       va_rvtest_code_begin+1420

mem[X,0x0000000080000D4A] -> 0x0013
mem[X,0x0000000080000D4C] -> 0x0000
[1353] [U]: 0x0000030080000D4A (0x00000013) addi x0, x0, 0x0                        va_rvtest_code_begin+1422

clint mtime 0x00000000000002A5 (mip.MTI <- 0b1, mip.STI <- 0b0)
mem[X,0x0000000080000D4E] -> 0x0013
mem[X,0x0000000080000D50] -> 0x0000
[1354] [U]: 0x0000030080000D4E (0x00000013) addi x0, x0, 0x0                        va_rvtest_code_begin+1426

mem[X,0x0000000080000D52] -> 0x0013
mem[X,0x0000000080000D54] -> 0x0000
[1355] [U]: 0x0000030080000D52 (0x00000013) addi x0, x0, 0x0                        va_rvtest_code_begin+1430

clint mtime 0x00000000000002A6 (mip.MTI <- 0b1, mip.STI <- 0b0)
mem[X,0x0000000080000D56] -> 0x0013
mem[X,0x0000000080000D58] -> 0x0000
[1356] [U]: 0x0000030080000D56 (0x00000013) addi x0, x0, 0x0                        va_rvtest_code_begin+1434

mem[X,0x0000000080000D5A] -> 0x0013
mem[X,0x0000000080000D5C] -> 0x0000
[1357] [U]: 0x0000030080000D5A (0x00000013) addi x0, x0, 0x0                        va_rvtest_code_begin+1438

clint mtime 0x00000000000002A7 (mip.MTI <- 0b1, mip.STI <- 0b0)
mem[X,0x0000000080000D5E] -> 0x0001
[1358] [U]: 0x0000030080000D5E (0x0001) c.nop                                       va_rvtest_code_begin+1442

mem[X,0x0000000080000D60] -> 0x80E7
mem[X,0x0000000080000D62] -> 0x0007
[1359] [U]: 0x0000030080000D60 (0x000780E7) jalr x1, 0x0(x15)                       va_rvtest_code_begin+1444
x1 <- 0x0000030080000D64

clint mtime 0x00000000000002A8 (mip.MTI <- 0b1, mip.STI <- 0b0)
PTW: Start, vpn=0x28000000, access_type=X, privilege=Umem[R,0x0000000080008028] -> 0x0000000020001C01
PTW: Step, level=3, pte=0x20001C01, pte_addr=0x80008028
PTW: Start, vpn=0x28000000, access_type=X, privilege=Umem[R,0x0000000080007000] -> 0x00000000200000DE
PTW: Step, level=2, pte=0x200000DE, pte_addr=0x80007000
PTW: failed, error=invalid-pte, level=2, pte_addr=0x80007000
trapping from U to M to handle fetch-page-fault
handling exc#fetch-page-fault at priv M with tval 0x0000028000000400
CSR mstatus (0x300) <- 0x0000000A00000000
CSR mcause (0x342) <- 0x000000000000000C
CSR mtval (0x343) <- 0x0000028000000400
CSR mepc (0x341) <- 0x0000028000000400

mem[X,0x0000000080001380] -> 0x006F
mem[X,0x0000000080001382] -> 0x1000
[1361] [M]: 0x0000000080001380 (0x1000006F) jal x0, 0x100                           Mtrampoline+0

clint mtime 0x00000000000002A9 (mip.MTI <- 0b1, mip.STI <- 0b0)
mem[X,0x0000000080001480] -> 0x1173
mem[X,0x0000000080001482] -> 0x3401
[1362] [M]: 0x0000000080001480 (0x34011173) csrrw x2, mscratch, x2                  trap_Mhandler+0
CSR mscratch (0x340) <- 0x0000000000000000
x2 <- 0x0000000080004000

mem[X,0x0000000080001484] -> 0x3423
mem[X,0x0000000080001486] -> 0x28B1
[1363] [M]: 0x0000000080001484 (0x28B13423) sd x11, 0x288(x2)                       trap_Mhandler+4
mem[W,0x0000000080004288] <- 0x00000000000000DE

clint mtime 0x00000000000002AA (mip.MTI <- 0b1, mip.STI <- 0b0)
mem[X,0x0000000080001488] -> 0x05EF
mem[X,0x000000008000148A] -> 0x0B80
[1364] [M]: 0x0000000080001488 (0x0B8005EF) jal x11, 0xb8                           trap_Mhandler+8
x11 <- 0x000000008000148C

mem[X,0x0000000080001540] -> 0x3023
mem[X,0x0000000080001542] -> 0x28A1
[1365] [M]: 0x0000000080001540 (0x28A13023) sd x10, 0x280(x2)                       common_Mhandler+0
mem[W,0x0000000080004280] <- 0x00000000200000DE

clint mtime 0x00000000000002AB (mip.MTI <- 0b1, mip.STI <- 0b0)
mem[X,0x0000000080001544] -> 0x1573
mem[X,0x0000000080001546] -> 0x3401
[1366] [M]: 0x0000000080001544 (0x34011573) csrrw x10, mscratch, x2                 common_Mhandler+4
CSR mscratch (0x340) <- 0x0000000080004000
x10 <- 0x0000000000000000

mem[X,0x0000000080001548] -> 0x3823
mem[X,0x000000008000154A] -> 0x28A1
[1367] [M]: 0x0000000080001548 (0x28A13823) sd x10, 0x290(x2)                       common_Mhandler+8
mem[W,0x0000000080004290] <- 0x0000000000000000

clint mtime 0x00000000000002AC (mip.MTI <- 0b1, mip.STI <- 0b0)
mem[X,0x000000008000154C] -> 0x3503
mem[X,0x000000008000154E] -> 0x2301
[1368] [M]: 0x000000008000154C (0x23013503) ld x10, 0x230(x2)                       common_Mhandler+12
mem[R,0x0000000080004230] -> 0x0000000080001554
x10 <- 0x0000000080001554

mem[X,0x0000000080001550] -> 0x0067
mem[X,0x0000000080001552] -> 0x0005
[1369] [M]: 0x0000000080001550 (0x00050067) jalr x0, 0x0(x10)                       common_Mhandler+16

clint mtime 0x00000000000002AD (mip.MTI <- 0b1, mip.STI <- 0b0)
mem[X,0x0000000080001554] -> 0x3C23
mem[X,0x0000000080001556] -> 0x2691
[1370] [M]: 0x0000000080001554 (0x26913C23) sd x9, 0x278(x2)                        common_Mentry+0
mem[W,0x0000000080004278] <- 0x000003000000013C

mem[X,0x0000000080001558] -> 0x3823
mem[X,0x000000008000155A] -> 0x2681
[1371] [M]: 0x0000000080001558 (0x26813823) sd x8, 0x270(x2)                        common_Mentry+4
mem[W,0x0000000080004270] <- 0x0000000000007F76

clint mtime 0x00000000000002AE (mip.MTI <- 0b1, mip.STI <- 0b0)
mem[X,0x000000008000155C] -> 0x3423
mem[X,0x000000008000155E] -> 0x2671
[1372] [M]: 0x000000008000155C (0x26713423) sd x7, 0x268(x2)                        common_Mentry+8
mem[W,0x0000000080004268] <- 0x0000000080004000

mem[X,0x0000000080001560] -> 0x3023
mem[X,0x0000000080001562] -> 0x2661
[1373] [M]: 0x0000000080001560 (0x26613023) sd x6, 0x260(x2)                        common_Mentry+12
mem[W,0x0000000080004260] <- 0xFFFFFFFF7FFFF44C

clint mtime 0x00000000000002AF (mip.MTI <- 0b1, mip.STI <- 0b0)
mem[X,0x0000000080001564] -> 0x2573
mem[X,0x0000000080001566] -> 0x3420
[1374] [M]: 0x0000000080001564 (0x34202573) csrrs x10, mcause, x0                   spcl_M2mmode_test+0
CSR mcause (0x342) -> 0x000000000000000C
x10 <- 0x000000000000000C

mem[X,0x0000000080001568] -> 0x04B7
mem[X,0x000000008000156A] -> 0x8000
[1375] [M]: 0x0000000080001568 (0x800004B7) lui x9, -0x80000                        spcl_M2mmode_test+4
x9 <- 0xFFFFFFFF80000000

clint mtime 0x00000000000002B0 (mip.MTI <- 0b1, mip.STI <- 0b0)
mem[X,0x000000008000156C] -> 0x8493
mem[X,0x000000008000156E] -> 0x0004
[1376] [M]: 0x000000008000156C (0x00048493) addi x9, x9, 0x0                        spcl_M2mmode_test+8
x9 <- 0xFFFFFFFF80000000

mem[X,0x0000000080001570] -> 0x9493
mem[X,0x0000000080001572] -> 0x00B4
[1377] [M]: 0x0000000080001570 (0x00B49493) slli x9, x9, 0xb                        spcl_M2mmode_test+12
x9 <- 0xFFFFFC0000000000

clint mtime 0x00000000000002B1 (mip.MTI <- 0b1, mip.STI <- 0b0)
mem[X,0x0000000080001574] -> 0x8493
mem[X,0x0000000080001576] -> 0x0004
[1378] [M]: 0x0000000080001574 (0x00048493) addi x9, x9, 0x0                        spcl_M2mmode_test+16
x9 <- 0xFFFFFC0000000000

mem[X,0x0000000080001578] -> 0x9493
mem[X,0x000000008000157A] -> 0x00B4
[1379] [M]: 0x0000000080001578 (0x00B49493) slli x9, x9, 0xb                        spcl_M2mmode_test+20
x9 <- 0xFFE0000000000000

clint mtime 0x00000000000002B2 (mip.MTI <- 0b1, mip.STI <- 0b0)
mem[X,0x000000008000157C] -> 0x8493
mem[X,0x000000008000157E] -> 0x0034
[1380] [M]: 0x000000008000157C (0x00348493) addi x9, x9, 0x3                        spcl_M2mmode_test+24
x9 <- 0xFFE0000000000003

mem[X,0x0000000080001580] -> 0x9493
mem[X,0x0000000080001582] -> 0x00A4
[1381] [M]: 0x0000000080001580 (0x00A49493) slli x9, x9, 0xa                        spcl_M2mmode_test+28
x9 <- 0x8000000000000C00

clint mtime 0x00000000000002B3 (mip.MTI <- 0b1, mip.STI <- 0b0)
mem[X,0x0000000080001584] -> 0x8493
mem[X,0x0000000080001586] -> 0x3FC4
[1382] [M]: 0x0000000080001584 (0x3FC48493) addi x9, x9, 0x3fc                      spcl_M2mmode_test+32
x9 <- 0x8000000000000FFC

mem[X,0x0000000080001588] -> 0xF4B3
mem[X,0x000000008000158A] -> 0x00A4
[1383] [M]: 0x0000000080001588 (0x00A4F4B3) and x9, x9, x10                         spcl_M2mmode_test+36
x9 <- 0x000000000000000C

clint mtime 0x00000000000002B4 (mip.MTI <- 0b1, mip.STI <- 0b0)
mem[X,0x000000008000158C] -> 0x8493
mem[X,0x000000008000158E] -> 0xFF84
[1384] [M]: 0x000000008000158C (0xFF848493) addi x9, x9, -0x8                       spcl_M2mmode_test+40
x9 <- 0x0000000000000004

mem[X,0x0000000080001590] -> 0x9663
mem[X,0x0000000080001592] -> 0x0004
[1385] [M]: 0x0000000080001590 (0x00049663) bne x9, x0, 0xc                         spcl_M2mmode_test+44

clint mtime 0x00000000000002B5 (mip.MTI <- 0b1, mip.STI <- 0b0)
mem[X,0x000000008000159C] -> 0x0393
mem[X,0x000000008000159E] -> 0x0200
[1386] [M]: 0x000000008000159C (0x02000393) addi x7, x0, 0x20                       Mtrapsig_ptr_upd+0
x7 <- 0x0000000000000020

mem[X,0x00000000800015A0] -> 0x5263
mem[X,0x00000000800015A2] -> 0x0405
[1387] [M]: 0x00000000800015A0 (0x04055263) bge x10, x0, 0x44                       Mtrapsig_ptr_upd+4

clint mtime 0x00000000000002B6 (mip.MTI <- 0b1, mip.STI <- 0b0)
mem[X,0x00000000800015E4] -> 0x2373
mem[X,0x00000000800015E6] -> 0x3010
[1388] [M]: 0x00000000800015E4 (0x30102373) csrrs x6, misa, x0                      Mxcpt_sig_sv+0
CSR misa (0x301) -> 0x800000000034112F
x6 <- 0x800000000034112F

mem[X,0x00000000800015E8] -> 0x1313
mem[X,0x00000000800015EA] -> 0x0383
[1389] [M]: 0x00000000800015E8 (0x03831313) slli x6, x6, 0x38                       Mxcpt_sig_sv+4
x6 <- 0x2F00000000000000

clint mtime 0x00000000000002B7 (mip.MTI <- 0b1, mip.STI <- 0b0)
mem[X,0x00000000800015EC] -> 0x5463
mem[X,0x00000000800015EE] -> 0x0003
[1390] [M]: 0x00000000800015EC (0x00035463) bge x6, x0, 0x8                         Mxcpt_sig_sv+8

mem[X,0x00000000800015F4] -> 0x3303
mem[X,0x00000000800015F6] -> 0x2181
[1391] [M]: 0x00000000800015F4 (0x21813303) ld x6, 0x218(x2)                        Mtrap_sig_sv+0
mem[R,0x0000000080004218] -> 0x00000000800093F8
x6 <- 0x00000000800093F8

clint mtime 0x00000000000002B8 (mip.MTI <- 0b1, mip.STI <- 0b0)
mem[X,0x00000000800015F8] -> 0x04B3
mem[X,0x00000000800015FA] -> 0x0073
[1392] [M]: 0x00000000800015F8 (0x007304B3) add x9, x6, x7                          Mtrap_sig_sv+4
x9 <- 0x0000000080009418

mem[X,0x00000000800015FC] -> 0x3C23
mem[X,0x00000000800015FE] -> 0x2091
[1393] [M]: 0x00000000800015FC (0x20913C23) sd x9, 0x218(x2)                        Mtrap_sig_sv+8
mem[W,0x0000000080004218] <- 0x0000000080009418

clint mtime 0x00000000000002B9 (mip.MTI <- 0b1, mip.STI <- 0b0)
mem[X,0x0000000080001600] -> 0x3403
mem[X,0x0000000080001602] -> 0x1F81
[1394] [M]: 0x0000000080001600 (0x1F813403) ld x8, 0x1f8(x2)                        Mtrap_sig_sv+12
mem[R,0x00000000800041F8] -> 0x0000000080009110
x8 <- 0x0000000080009110

mem[X,0x0000000080001604] -> 0x0333
mem[X,0x0000000080001606] -> 0x4083
[1395] [M]: 0x0000000080001604 (0x40830333) sub x6, x6, x8                          Mtrap_sig_sv+16
x6 <- 0x00000000000002E8

clint mtime 0x00000000000002BA (mip.MTI <- 0b1, mip.STI <- 0b0)
mem[X,0x0000000080001608] -> 0x3403
mem[X,0x000000008000160A] -> 0x1F81
[1396] [M]: 0x0000000080001608 (0x1F813403) ld x8, 0x1f8(x2)                        Mtrap_sig_sv+20
mem[R,0x00000000800041F8] -> 0x0000000080009110
x8 <- 0x0000000080009110

mem[X,0x000000008000160C] -> 0x0333
mem[X,0x000000008000160E] -> 0x0083
[1397] [M]: 0x000000008000160C (0x00830333) add x6, x6, x8                          Mtrap_sig_sv+24
x6 <- 0x00000000800093F8

clint mtime 0x00000000000002BB (mip.MTI <- 0b1, mip.STI <- 0b0)
mem[X,0x0000000080001610] -> 0x3403
mem[X,0x0000000080001612] -> 0x2401
[1398] [M]: 0x0000000080001610 (0x24013403) ld x8, 0x240(x2)                        Mtrap_sig_sv+28
mem[R,0x0000000080004240] -> 0x0000000080001380
x8 <- 0x0000000080001380

mem[X,0x0000000080001614] -> 0x85B3
mem[X,0x0000000080001616] -> 0x4085
[1399] [M]: 0x0000000080001614 (0x408585B3) sub x11, x11, x8                        sv_Mvect+0
x11 <- 0x000000000000010C

clint mtime 0x00000000000002BC (mip.MTI <- 0b1, mip.STI <- 0b0)
mem[X,0x0000000080001618] -> 0x9593
mem[X,0x000000008000161A] -> 0x0045
[1400] [M]: 0x0000000080001618 (0x00459593) slli x11, x11, 0x4                      sv_Mvect+4
x11 <- 0x00000000000010C0

mem[X,0x000000008000161C] -> 0xE5B3
mem[X,0x000000008000161E] -> 0x0075
[1401] [M]: 0x000000008000161C (0x0075E5B3) or x11, x11, x7                         sv_Mvect+8
x11 <- 0x00000000000010E0

clint mtime 0x00000000000002BD (mip.MTI <- 0b1, mip.STI <- 0b0)
mem[X,0x0000000080001620] -> 0x8593
mem[X,0x0000000080001622] -> 0x0035
[1402] [M]: 0x0000000080001620 (0x00358593) addi x11, x11, 0x3                      sv_Mvect+12
x11 <- 0x00000000000010E3

mem[X,0x0000000080001624] -> 0x3023
mem[X,0x0000000080001626] -> 0x00B3
[1403] [M]: 0x0000000080001624 (0x00B33023) sd x11, 0x0(x6)                         sv_Mvect+16
mem[W,0x00000000800093F8] <- 0x00000000000010E3

clint mtime 0x00000000000002BE (mip.MTI <- 0b1, mip.STI <- 0b0)
mem[X,0x0000000080001628] -> 0x3423
mem[X,0x000000008000162A] -> 0x00A3
[1404] [M]: 0x0000000080001628 (0x00A33423) sd x10, 0x8(x6)                         sv_Mcause+0
mem[W,0x0000000080009400] <- 0x000000000000000C

mem[X,0x000000008000162C] -> 0x4663
mem[X,0x000000008000162E] -> 0x1A05
[1405] [M]: 0x000000008000162C (0x1A054663) blt x10, x0, 0x1ac                      sv_Mcause+4

clint mtime 0x00000000000002BF (mip.MTI <- 0b1, mip.STI <- 0b0)
mem[X,0x0000000080001630] -> 0x25F3
mem[X,0x0000000080001632] -> 0x3000
[1406] [M]: 0x0000000080001630 (0x300025F3) csrrs x11, mstatus, x0                  common_Mexcpt_handler+0
CSR mstatus (0x300) -> 0x0000000A00000000
x11 <- 0x0000000A00000000

mem[X,0x0000000080001634] -> 0x9413
mem[X,0x0000000080001636] -> 0x02E5
[1407] [M]: 0x0000000080001634 (0x02E59413) slli x8, x11, 0x2e                      common_Mexcpt_handler+4
x8 <- 0x0000000000000000

clint mtime 0x00000000000002C0 (mip.MTI <- 0b1, mip.STI <- 0b0)
mem[X,0x0000000080001638] -> 0x5463
mem[X,0x000000008000163A] -> 0x0004
[1408] [M]: 0x0000000080001638 (0x00045463) bge x8, x0, 0x8                         common_Mexcpt_handler+8

mem[X,0x0000000080001640] -> 0xD493
mem[X,0x0000000080001642] -> 0x00B5
[1409] [M]: 0x0000000080001640 (0x00B5D493) srli x9, x11, 0xb                       common_Mexcpt_handler+16
x9 <- 0x0000000001400000

clint mtime 0x00000000000002C1 (mip.MTI <- 0b1, mip.STI <- 0b0)
mem[X,0x0000000080001644] -> 0xF493
mem[X,0x0000000080001646] -> 0x0034
[1410] [M]: 0x0000000080001644 (0x0034F493) andi x9, x9, 0x3                        common_Mexcpt_handler+20
x9 <- 0x0000000000000000

mem[X,0x0000000080001648] -> 0x8493
mem[X,0x000000008000164A] -> 0x0014
[1411] [M]: 0x0000000080001648 (0x00148493) addi x9, x9, 0x1                        common_Mexcpt_handler+24
x9 <- 0x0000000000000001

clint mtime 0x00000000000002C2 (mip.MTI <- 0b1, mip.STI <- 0b0)
mem[X,0x000000008000164C] -> 0xF493
mem[X,0x000000008000164E] -> 0x0044
[1412] [M]: 0x000000008000164C (0x0044F493) andi x9, x9, 0x4                        common_Mexcpt_handler+28
x9 <- 0x0000000000000000

mem[X,0x0000000080001650] -> 0x0593
mem[X,0x0000000080001652] -> 0x05D0
[1413] [M]: 0x0000000080001650 (0x05D00593) addi x11, x0, 0x5d                      common_Mexcpt_handler+32
x11 <- 0x000000000000005D

clint mtime 0x00000000000002C3 (mip.MTI <- 0b1, mip.STI <- 0b0)
mem[X,0x0000000080001654] -> 0xD5B3
mem[X,0x0000000080001656] -> 0x0095
[1414] [M]: 0x0000000080001654 (0x0095D5B3) srl x11, x11, x9                        common_Mexcpt_handler+36
x11 <- 0x000000000000005D

mem[X,0x0000000080001658] -> 0xF593
mem[X,0x000000008000165A] -> 0x0015
[1415] [M]: 0x0000000080001658 (0x0015F593) andi x11, x11, 0x1                      common_Mexcpt_handler+40
x11 <- 0x0000000000000001

clint mtime 0x00000000000002C4 (mip.MTI <- 0b1, mip.STI <- 0b0)
mem[X,0x000000008000165C] -> 0x8EE3
mem[X,0x000000008000165E] -> 0xF405
[1416] [M]: 0x000000008000165C (0xF4058EE3) beq x11, x0, -0xa4                      common_Mexcpt_handler+44

mem[X,0x0000000080001660] -> 0x0593
mem[X,0x0000000080001662] -> 0x2980
[1417] [M]: 0x0000000080001660 (0x29800593) addi x11, x0, 0x298                     common_Mexcpt_handler+48
x11 <- 0x0000000000000298

clint mtime 0x00000000000002C5 (mip.MTI <- 0b1, mip.STI <- 0b0)
mem[X,0x0000000080001664] -> 0xF413
mem[X,0x0000000080001666] -> 0x0014
[1418] [M]: 0x0000000080001664 (0x0014F413) andi x8, x9, 0x1                        common_Mexcpt_handler+52
x8 <- 0x0000000000000000

mem[X,0x0000000080001668] -> 0x95B3
mem[X,0x000000008000166A] -> 0x0085
[1419] [M]: 0x0000000080001668 (0x008595B3) sll x11, x11, x8                        common_Mexcpt_handler+56
x11 <- 0x0000000000000298

clint mtime 0x00000000000002C6 (mip.MTI <- 0b1, mip.STI <- 0b0)
mem[X,0x000000008000166C] -> 0x9413
mem[X,0x000000008000166E] -> 0x03D4
[1420] [M]: 0x000000008000166C (0x03D49413) slli x8, x9, 0x3d                       common_Mexcpt_handler+60
x8 <- 0x0000000000000000

mem[X,0x0000000080001670] -> 0x5413
mem[X,0x0000000080001672] -> 0x43F4
[1421] [M]: 0x0000000080001670 (0x43F45413) srai x8, x8, 0x3f                       common_Mexcpt_handler+64
x8 <- 0x0000000000000000

clint mtime 0x00000000000002C7 (mip.MTI <- 0b1, mip.STI <- 0b0)
mem[X,0x0000000080001674] -> 0x4413
mem[X,0x0000000080001676] -> 0xFFF4
[1422] [M]: 0x0000000080001674 (0xFFF44413) xori x8, x8, -0x1                       common_Mexcpt_handler+68
x8 <- 0xFFFFFFFFFFFFFFFF

mem[X,0x0000000080001678] -> 0xF4B3
mem[X,0x000000008000167A] -> 0x0085
[1423] [M]: 0x0000000080001678 (0x0085F4B3) and x9, x11, x8                         common_Mexcpt_handler+72
x9 <- 0x0000000000000298

clint mtime 0x00000000000002C8 (mip.MTI <- 0b1, mip.STI <- 0b0)
mem[X,0x000000008000167C] -> 0x84B3
mem[X,0x000000008000167E] -> 0x0024
[1424] [M]: 0x000000008000167C (0x002484B3) add x9, x9, x2                          vmem_adj_Mepc+0
x9 <- 0x0000000080004298

mem[X,0x0000000080001680] -> 0x23F3
mem[X,0x0000000080001682] -> 0x3410
[1425] [M]: 0x0000000080001680 (0x341023F3) csrrs x7, mepc, x0                      vmem_adj_Mepc+4
CSR mepc (0x341) -> 0x0000028000000400
x7 <- 0x0000028000000400

clint mtime 0x00000000000002C9 (mip.MTI <- 0b1, mip.STI <- 0b0)
mem[X,0x0000000080001684] -> 0x0413
mem[X,0x0000000080001686] -> 0x0004
[1426] [M]: 0x0000000080001684 (0x00040413) addi x8, x8, 0x0                        vmem_adj_Mepc+8
x8 <- 0xFFFFFFFFFFFFFFFF

mem[X,0x0000000080001688] -> 0x006F
mem[X,0x000000008000168A] -> 0x0400
[1427] [M]: 0x0000000080001688 (0x0400006F) jal x0, 0x40                            vmem_adj_Mepc+12

clint mtime 0x00000000000002CA (mip.MTI <- 0b1, mip.STI <- 0b0)
mem[X,0x00000000800016C8] -> 0x8433
mem[X,0x00000000800016CA] -> 0x4083
[1428] [M]: 0x00000000800016C8 (0x40838433) sub x8, x7, x8                          adj_Mepc+0
x8 <- 0x0000028000000401

mem[X,0x00000000800016CC] -> 0x3823
mem[X,0x00000000800016CE] -> 0x0083
[1429] [M]: 0x00000000800016CC (0x00833823) sd x8, 0x10(x6)                         sv_Mepc+0
mem[W,0x0000000080009408] <- 0x0000028000000401

clint mtime 0x00000000000002CB (mip.MTI <- 0b1, mip.STI <- 0b0)
mem[X,0x00000000800016D0] -> 0x55B7
mem[X,0x00000000800016D2] -> 0x0000
[1430] [M]: 0x00000000800016D0 (0x000055B7) lui x11, 0x5                            sv_Mepc+4
x11 <- 0x0000000000005000

mem[X,0x00000000800016D4] -> 0x8593
mem[X,0x00000000800016D6] -> 0x6675
[1431] [M]: 0x00000000800016D4 (0x66758593) addi x11, x11, 0x667                    sv_Mepc+8
x11 <- 0x0000000000005667

clint mtime 0x00000000000002CC (mip.MTI <- 0b1, mip.STI <- 0b0)
mem[X,0x00000000800016D8] -> 0x9593
mem[X,0x00000000800016DA] -> 0x0015
[1432] [M]: 0x00000000800016D8 (0x00159593) slli x11, x11, 0x1                      sv_Mepc+12
x11 <- 0x000000000000ACCE

mem[X,0x00000000800016DC] -> 0x9063
mem[X,0x00000000800016DE] -> 0x02B1
[1433] [M]: 0x00000000800016DC (0x02B19063) bne x3, x11, 0x20                       sv_Mepc+16

clint mtime 0x00000000000002CD (mip.MTI <- 0b1, mip.STI <- 0b0)
mem[X,0x00000000800016E0] -> 0x2473
mem[X,0x00000000800016E2] -> 0x3420
[1434] [M]: 0x00000000800016E0 (0x34202473) csrrs x8, mcause, x0                    sv_Mepc+20
CSR mcause (0x342) -> 0x000000000000000C
x8 <- 0x000000000000000C

mem[X,0x00000000800016E4] -> 0x0593
mem[X,0x00000000800016E6] -> 0x00C0
[1435] [M]: 0x00000000800016E4 (0x00C00593) addi x11, x0, 0xc                       sv_Mepc+24
x11 <- 0x000000000000000C

clint mtime 0x00000000000002CE (mip.MTI <- 0b1, mip.STI <- 0b0)
mem[X,0x00000000800016E8] -> 0x0663
mem[X,0x00000000800016EA] -> 0x00B4
[1436] [M]: 0x00000000800016E8 (0x00B40663) beq x8, x11, 0xc                        sv_Mepc+28

mem[X,0x00000000800016F4] -> 0x1073
mem[X,0x00000000800016F6] -> 0x3412
[1437] [M]: 0x00000000800016F4 (0x34121073) csrrw x0, mepc, x4                      sv_Mepc+40
CSR mepc (0x341) <- 0x0000030080000D6C

clint mtime 0x00000000000002CF (mip.MTI <- 0b1, mip.STI <- 0b0)
mem[X,0x00000000800016F8] -> 0x006F
mem[X,0x00000000800016FA] -> 0x0100
[1438] [M]: 0x00000000800016F8 (0x0100006F) jal x0, 0x10                            sv_Mepc+44

mem[X,0x0000000080001708] -> 0x23F3
mem[X,0x000000008000170A] -> 0x3430
[1439] [M]: 0x0000000080001708 (0x343023F3) csrrs x7, mtval, x0                     skp_adj_Mepc+0
CSR mtval (0x343) -> 0x0000028000000400
x7 <- 0x0000028000000400

clint mtime 0x00000000000002D0 (mip.MTI <- 0b1, mip.STI <- 0b0)
mem[X,0x000000008000170C] -> 0x0413
mem[X,0x000000008000170E] -> 0x0004
[1440] [M]: 0x000000008000170C (0x00040413) addi x8, x8, 0x0                        skp_adj_Mepc+4
x8 <- 0x000000000000000C

mem[X,0x0000000080001710] -> 0x006F
mem[X,0x0000000080001712] -> 0x0840
[1441] [M]: 0x0000000080001710 (0x0840006F) jal x0, 0x84                            skp_adj_Mepc+8

clint mtime 0x00000000000002D1 (mip.MTI <- 0b1, mip.STI <- 0b0)
mem[X,0x0000000080001794] -> 0x8433
mem[X,0x0000000080001796] -> 0x4083
[1442] [M]: 0x0000000080001794 (0x40838433) sub x8, x7, x8                          adj_Mtval+0
x8 <- 0x00000280000003F4

mem[X,0x0000000080001798] -> 0x3C23
mem[X,0x000000008000179A] -> 0x0083
[1443] [M]: 0x0000000080001798 (0x00833C23) sd x8, 0x18(x6)                         sv_Mtval+0
mem[W,0x0000000080009410] <- 0x00000280000003F4

clint mtime 0x00000000000002D2 (mip.MTI <- 0b1, mip.STI <- 0b0)
mem[X,0x000000008000179C] -> 0x3483
mem[X,0x000000008000179E] -> 0x2181
[1444] [M]: 0x000000008000179C (0x21813483) ld x9, 0x218(x2)                        skp_Mtval+0
mem[R,0x0000000080004218] -> 0x0000000080009418
x9 <- 0x0000000080009418

mem[X,0x00000000800017A0] -> 0x3383
mem[X,0x00000000800017A2] -> 0x1F81
[1445] [M]: 0x00000000800017A0 (0x1F813383) ld x7, 0x1f8(x2)                        skp_Mtval+4
mem[R,0x00000000800041F8] -> 0x0000000080009110
x7 <- 0x0000000080009110

clint mtime 0x00000000000002D3 (mip.MTI <- 0b1, mip.STI <- 0b0)
mem[X,0x00000000800017A4] -> 0x3303
mem[X,0x00000000800017A6] -> 0x2001
[1446] [M]: 0x00000000800017A4 (0x20013303) ld x6, 0x200(x2)                        skp_Mtval+8
mem[R,0x0000000080004200] -> 0x0000000000000410
x6 <- 0x0000000000000410

mem[X,0x00000000800017A8] -> 0x0333
mem[X,0x00000000800017AA] -> 0x0073
[1447] [M]: 0x00000000800017A8 (0x00730333) add x6, x6, x7                          skp_Mtval+12
x6 <- 0x0000000080009520

clint mtime 0x00000000000002D4 (mip.MTI <- 0b1, mip.STI <- 0b0)
mem[X,0x00000000800017AC] -> 0x6AE3
mem[X,0x00000000800017AE] -> 0xAE93
[1448] [M]: 0x00000000800017AC (0xAE936AE3) bltu x6, x9, -0x50c                     skp_Mtval+16

mem[X,0x00000000800017B0] -> 0x0393
mem[X,0x00000000800017B2] -> 0x2000
[1449] [M]: 0x00000000800017B0 (0x20000393) addi x7, x0, 0x200                      skp_Mtval+20
x7 <- 0x0000000000000200

clint mtime 0x00000000000002D5 (mip.MTI <- 0b1, mip.STI <- 0b0)
mem[X,0x00000000800017B4] -> 0x006F
mem[X,0x00000000800017B6] -> 0x0400
[1450] [M]: 0x00000000800017B4 (0x0400006F) jal x0, 0x40                            skp_Mtval+24

mem[X,0x00000000800017F4] -> 0x0417
mem[X,0x00000000800017F6] -> 0x0000
[1451] [M]: 0x00000000800017F4 (0x00000417) auipc x8, 0x0                           spcl_Mhandler+0
x8 <- 0x00000000800017F4

clint mtime 0x00000000000002D6 (mip.MTI <- 0b1, mip.STI <- 0b0)
mem[X,0x00000000800017F8] -> 0x0413
mem[X,0x00000000800017FA] -> 0x03C4
[1452] [M]: 0x00000000800017F8 (0x03C40413) addi x8, x8, 0x3c                       spcl_Mhandler+4
x8 <- 0x0000000080001830

mem[X,0x00000000800017FC] -> 0x0433
mem[X,0x00000000800017FE] -> 0x0074
[1453] [M]: 0x00000000800017FC (0x00740433) add x8, x8, x7                          spcl_Mhandler+8
x8 <- 0x0000000080001A30

clint mtime 0x00000000000002D7 (mip.MTI <- 0b1, mip.STI <- 0b0)
mem[X,0x0000000080001800] -> 0x1393
mem[X,0x0000000080001802] -> 0x0035
[1454] [M]: 0x0000000080001800 (0x00351393) slli x7, x10, 0x3                       spcl_Mhandler+12
x7 <- 0x0000000000000060

mem[X,0x0000000080001804] -> 0x0433
mem[X,0x0000000080001806] -> 0x0074
[1455] [M]: 0x0000000080001804 (0x00740433) add x8, x8, x7                          spcl_Mhandler+16
x8 <- 0x0000000080001A90

clint mtime 0x00000000000002D8 (mip.MTI <- 0b1, mip.STI <- 0b0)
mem[X,0x0000000080001808] -> 0x7413
mem[X,0x000000008000180A] -> 0xFF84
[1456] [M]: 0x0000000080001808 (0xFF847413) andi x8, x8, -0x8                       spcl_Mhandler+20
x8 <- 0x0000000080001A90

mem[X,0x000000008000180C] -> 0x3403
mem[X,0x000000008000180E] -> 0x0004
[1457] [M]: 0x000000008000180C (0x00043403) ld x8, 0x0(x8)                          spcl_Mhandler+24
mem[R,0x0000000080001A90] -> 0x0000000000000019
x8 <- 0x0000000000000019

clint mtime 0x00000000000002D9 (mip.MTI <- 0b1, mip.STI <- 0b0)
mem[X,0x0000000080001810] -> 0x02E3
mem[X,0x0000000080001812] -> 0xB204
[1458] [M]: 0x0000000080001810 (0xB20402E3) beq x8, x0, -0x4dc                      spcl_Mdispatch_hndling+0

mem[X,0x0000000080001814] -> 0x1393
mem[X,0x0000000080001816] -> 0x03F4
[1459] [M]: 0x0000000080001814 (0x03F41393) slli x7, x8, 0x3f                       spcl_Mdispatch_hndling+4
x7 <- 0x8000000000000000

clint mtime 0x00000000000002DA (mip.MTI <- 0b1, mip.STI <- 0b0)
mem[X,0x0000000080001818] -> 0xD863
mem[X,0x000000008000181A] -> 0x0003
[1460] [M]: 0x0000000080001818 (0x0003D863) bge x7, x0, 0x10                        spcl_Mdispatch_hndling+8

mem[X,0x000000008000181C] -> 0x5413
mem[X,0x000000008000181E] -> 0x0014
[1461] [M]: 0x000000008000181C (0x00145413) srli x8, x8, 0x1                        spcl_Mdispatch_hndling+12
x8 <- 0x000000000000000C

clint mtime 0x00000000000002DB (mip.MTI <- 0b1, mip.STI <- 0b0)
mem[X,0x0000000080001820] -> 0x0CE3
mem[X,0x0000000080001822] -> 0xF885
[1462] [M]: 0x0000000080001820 (0xF8850CE3) beq x10, x8, -0x68                      spcl_Mdispatch_hndling+16

mem[X,0x00000000800017B8] -> 0x3303
mem[X,0x00000000800017BA] -> 0x2601
[1463] [M]: 0x00000000800017B8 (0x26013303) ld x6, 0x260(x2)                        resto_Mrtn+0
mem[R,0x0000000080004260] -> 0xFFFFFFFF7FFFF44C
x6 <- 0xFFFFFFFF7FFFF44C

clint mtime 0x00000000000002DC (mip.MTI <- 0b1, mip.STI <- 0b0)
mem[X,0x00000000800017BC] -> 0x3383
mem[X,0x00000000800017BE] -> 0x2681
[1464] [M]: 0x00000000800017BC (0x26813383) ld x7, 0x268(x2)                        resto_Mrtn+4
mem[R,0x0000000080004268] -> 0x0000000080004000
x7 <- 0x0000000080004000

mem[X,0x00000000800017C0] -> 0x3403
mem[X,0x00000000800017C2] -> 0x2701
[1465] [M]: 0x00000000800017C0 (0x27013403) ld x8, 0x270(x2)                        resto_Mrtn+8
mem[R,0x0000000080004270] -> 0x0000000000007F76
x8 <- 0x0000000000007F76

clint mtime 0x00000000000002DD (mip.MTI <- 0b1, mip.STI <- 0b0)
mem[X,0x00000000800017C4] -> 0x3483
mem[X,0x00000000800017C6] -> 0x2781
[1466] [M]: 0x00000000800017C4 (0x27813483) ld x9, 0x278(x2)                        resto_Mrtn+12
mem[R,0x0000000080004278] -> 0x000003000000013C
x9 <- 0x000003000000013C

mem[X,0x00000000800017C8] -> 0x3503
mem[X,0x00000000800017CA] -> 0x2801
[1467] [M]: 0x00000000800017C8 (0x28013503) ld x10, 0x280(x2)                       resto_Mrtn+16
mem[R,0x0000000080004280] -> 0x00000000200000DE
x10 <- 0x00000000200000DE

clint mtime 0x00000000000002DE (mip.MTI <- 0b1, mip.STI <- 0b0)
mem[X,0x00000000800017CC] -> 0x3583
mem[X,0x00000000800017CE] -> 0x2881
[1468] [M]: 0x00000000800017CC (0x28813583) ld x11, 0x288(x2)                       resto_Mrtn+20
mem[R,0x0000000080004288] -> 0x00000000000000DE
x11 <- 0x00000000000000DE

mem[X,0x00000000800017D0] -> 0x3103
mem[X,0x00000000800017D2] -> 0x2901
[1469] [M]: 0x00000000800017D0 (0x29013103) ld x2, 0x290(x2)                        resto_Mrtn+24
mem[R,0x0000000080004290] -> 0x0000000000000000
x2 <- 0x0000000000000000

clint mtime 0x00000000000002DF (mip.MTI <- 0b1, mip.STI <- 0b0)
mem[X,0x00000000800017D4] -> 0x0073
mem[X,0x00000000800017D6] -> 0x3020
[1470] [M]: 0x00000000800017D4 (0x30200073) mret                                    resto_Mrtn+28
CSR mstatus (0x300) <- 0x0000000A00000080
ret-ing from M to U

mem[X,0x0000000080000D6C] -> 0x0013
mem[X,0x0000000080000D6E] -> 0x0000
[1471] [U]: 0x0000030080000D6C (0x00000013) addi x0, x0, 0x0                        va_rvtest_code_begin+1456

clint mtime 0x00000000000002E0 (mip.MTI <- 0b1, mip.STI <- 0b0)
mem[X,0x0000000080000D70] -> 0x0013
mem[X,0x0000000080000D72] -> 0x0000
[1472] [U]: 0x0000030080000D70 (0x00000013) addi x0, x0, 0x0                        va_rvtest_code_begin+1460

mem[X,0x0000000080000D74] -> 0x0013
mem[X,0x0000000080000D76] -> 0x0000
[1473] [U]: 0x0000030080000D74 (0x00000013) addi x0, x0, 0x0                        va_rvtest_code_begin+1464

clint mtime 0x00000000000002E1 (mip.MTI <- 0b1, mip.STI <- 0b0)
mem[X,0x0000000080000D78] -> 0x0113
mem[X,0x0000000080000D7A] -> 0x0000
[1474] [U]: 0x0000030080000D78 (0x00000113) addi x2, x0, 0x0                        va_rvtest_code_begin+1468
x2 <- 0x0000000000000000

mem[X,0x0000000080000D7C] -> 0x0073
mem[X,0x0000000080000D7E] -> 0x0000
[1475] [U]: 0x0000030080000D7C (0x00000073) ecall                                   va_rvtest_code_begin+1472
trapping from U to M to handle u-call
handling exc#u-call at priv M with tval 0x0000000000000000
CSR mstatus (0x300) <- 0x0000000A00000000
CSR mcause (0x342) <- 0x0000000000000008
CSR mtval (0x343) <- 0x0000000000000000
CSR mepc (0x341) <- 0x0000030080000D7C

clint mtime 0x00000000000002E2 (mip.MTI <- 0b1, mip.STI <- 0b0)
mem[X,0x0000000080001380] -> 0x006F
mem[X,0x0000000080001382] -> 0x1000
[1476] [M]: 0x0000000080001380 (0x1000006F) jal x0, 0x100                           Mtrampoline+0

mem[X,0x0000000080001480] -> 0x1173
mem[X,0x0000000080001482] -> 0x3401
[1477] [M]: 0x0000000080001480 (0x34011173) csrrw x2, mscratch, x2                  trap_Mhandler+0
CSR mscratch (0x340) <- 0x0000000000000000
x2 <- 0x0000000080004000

clint mtime 0x00000000000002E3 (mip.MTI <- 0b1, mip.STI <- 0b0)
mem[X,0x0000000080001484] -> 0x3423
mem[X,0x0000000080001486] -> 0x28B1
[1478] [M]: 0x0000000080001484 (0x28B13423) sd x11, 0x288(x2)                       trap_Mhandler+4
mem[W,0x0000000080004288] <- 0x00000000000000DE

mem[X,0x0000000080001488] -> 0x05EF
mem[X,0x000000008000148A] -> 0x0B80
[1479] [M]: 0x0000000080001488 (0x0B8005EF) jal x11, 0xb8                           trap_Mhandler+8
x11 <- 0x000000008000148C

clint mtime 0x00000000000002E4 (mip.MTI <- 0b1, mip.STI <- 0b0)
mem[X,0x0000000080001540] -> 0x3023
mem[X,0x0000000080001542] -> 0x28A1
[1480] [M]: 0x0000000080001540 (0x28A13023) sd x10, 0x280(x2)                       common_Mhandler+0
mem[W,0x0000000080004280] <- 0x00000000200000DE

mem[X,0x0000000080001544] -> 0x1573
mem[X,0x0000000080001546] -> 0x3401
[1481] [M]: 0x0000000080001544 (0x34011573) csrrw x10, mscratch, x2                 common_Mhandler+4
CSR mscratch (0x340) <- 0x0000000080004000
x10 <- 0x0000000000000000

clint mtime 0x00000000000002E5 (mip.MTI <- 0b1, mip.STI <- 0b0)
mem[X,0x0000000080001548] -> 0x3823
mem[X,0x000000008000154A] -> 0x28A1
[1482] [M]: 0x0000000080001548 (0x28A13823) sd x10, 0x290(x2)                       common_Mhandler+8
mem[W,0x0000000080004290] <- 0x0000000000000000

mem[X,0x000000008000154C] -> 0x3503
mem[X,0x000000008000154E] -> 0x2301
[1483] [M]: 0x000000008000154C (0x23013503) ld x10, 0x230(x2)                       common_Mhandler+12
mem[R,0x0000000080004230] -> 0x0000000080001554
x10 <- 0x0000000080001554

clint mtime 0x00000000000002E6 (mip.MTI <- 0b1, mip.STI <- 0b0)
mem[X,0x0000000080001550] -> 0x0067
mem[X,0x0000000080001552] -> 0x0005
[1484] [M]: 0x0000000080001550 (0x00050067) jalr x0, 0x0(x10)                       common_Mhandler+16

mem[X,0x0000000080001554] -> 0x3C23
mem[X,0x0000000080001556] -> 0x2691
[1485] [M]: 0x0000000080001554 (0x26913C23) sd x9, 0x278(x2)                        common_Mentry+0
mem[W,0x0000000080004278] <- 0x000003000000013C

clint mtime 0x00000000000002E7 (mip.MTI <- 0b1, mip.STI <- 0b0)
mem[X,0x0000000080001558] -> 0x3823
mem[X,0x000000008000155A] -> 0x2681
[1486] [M]: 0x0000000080001558 (0x26813823) sd x8, 0x270(x2)                        common_Mentry+4
mem[W,0x0000000080004270] <- 0x0000000000007F76

mem[X,0x000000008000155C] -> 0x3423
mem[X,0x000000008000155E] -> 0x2671
[1487] [M]: 0x000000008000155C (0x26713423) sd x7, 0x268(x2)                        common_Mentry+8
mem[W,0x0000000080004268] <- 0x0000000080004000

clint mtime 0x00000000000002E8 (mip.MTI <- 0b1, mip.STI <- 0b0)
mem[X,0x0000000080001560] -> 0x3023
mem[X,0x0000000080001562] -> 0x2661
[1488] [M]: 0x0000000080001560 (0x26613023) sd x6, 0x260(x2)                        common_Mentry+12
mem[W,0x0000000080004260] <- 0xFFFFFFFF7FFFF44C

mem[X,0x0000000080001564] -> 0x2573
mem[X,0x0000000080001566] -> 0x3420
[1489] [M]: 0x0000000080001564 (0x34202573) csrrs x10, mcause, x0                   spcl_M2mmode_test+0
CSR mcause (0x342) -> 0x0000000000000008
x10 <- 0x0000000000000008

clint mtime 0x00000000000002E9 (mip.MTI <- 0b1, mip.STI <- 0b0)
mem[X,0x0000000080001568] -> 0x04B7
mem[X,0x000000008000156A] -> 0x8000
[1490] [M]: 0x0000000080001568 (0x800004B7) lui x9, -0x80000                        spcl_M2mmode_test+4
x9 <- 0xFFFFFFFF80000000

mem[X,0x000000008000156C] -> 0x8493
mem[X,0x000000008000156E] -> 0x0004
[1491] [M]: 0x000000008000156C (0x00048493) addi x9, x9, 0x0                        spcl_M2mmode_test+8
x9 <- 0xFFFFFFFF80000000

clint mtime 0x00000000000002EA (mip.MTI <- 0b1, mip.STI <- 0b0)
mem[X,0x0000000080001570] -> 0x9493
mem[X,0x0000000080001572] -> 0x00B4
[1492] [M]: 0x0000000080001570 (0x00B49493) slli x9, x9, 0xb                        spcl_M2mmode_test+12
x9 <- 0xFFFFFC0000000000

mem[X,0x0000000080001574] -> 0x8493
mem[X,0x0000000080001576] -> 0x0004
[1493] [M]: 0x0000000080001574 (0x00048493) addi x9, x9, 0x0                        spcl_M2mmode_test+16
x9 <- 0xFFFFFC0000000000

clint mtime 0x00000000000002EB (mip.MTI <- 0b1, mip.STI <- 0b0)
mem[X,0x0000000080001578] -> 0x9493
mem[X,0x000000008000157A] -> 0x00B4
[1494] [M]: 0x0000000080001578 (0x00B49493) slli x9, x9, 0xb                        spcl_M2mmode_test+20
x9 <- 0xFFE0000000000000

mem[X,0x000000008000157C] -> 0x8493
mem[X,0x000000008000157E] -> 0x0034
[1495] [M]: 0x000000008000157C (0x00348493) addi x9, x9, 0x3                        spcl_M2mmode_test+24
x9 <- 0xFFE0000000000003

clint mtime 0x00000000000002EC (mip.MTI <- 0b1, mip.STI <- 0b0)
mem[X,0x0000000080001580] -> 0x9493
mem[X,0x0000000080001582] -> 0x00A4
[1496] [M]: 0x0000000080001580 (0x00A49493) slli x9, x9, 0xa                        spcl_M2mmode_test+28
x9 <- 0x8000000000000C00

mem[X,0x0000000080001584] -> 0x8493
mem[X,0x0000000080001586] -> 0x3FC4
[1497] [M]: 0x0000000080001584 (0x3FC48493) addi x9, x9, 0x3fc                      spcl_M2mmode_test+32
x9 <- 0x8000000000000FFC

clint mtime 0x00000000000002ED (mip.MTI <- 0b1, mip.STI <- 0b0)
mem[X,0x0000000080001588] -> 0xF4B3
mem[X,0x000000008000158A] -> 0x00A4
[1498] [M]: 0x0000000080001588 (0x00A4F4B3) and x9, x9, x10                         spcl_M2mmode_test+36
x9 <- 0x0000000000000008

mem[X,0x000000008000158C] -> 0x8493
mem[X,0x000000008000158E] -> 0xFF84
[1499] [M]: 0x000000008000158C (0xFF848493) addi x9, x9, -0x8                       spcl_M2mmode_test+40
x9 <- 0x0000000000000000

clint mtime 0x00000000000002EE (mip.MTI <- 0b1, mip.STI <- 0b0)
mem[X,0x0000000080001590] -> 0x9663
mem[X,0x0000000080001592] -> 0x0004
[1500] [M]: 0x0000000080001590 (0x00049663) bne x9, x0, 0xc                         spcl_M2mmode_test+44

mem[X,0x0000000080001594] -> 0x3383
mem[X,0x0000000080001596] -> 0x2901
[1501] [M]: 0x0000000080001594 (0x29013383) ld x7, 0x290(x2)                        spcl_M2mmode_test+48
mem[R,0x0000000080004290] -> 0x0000000000000000
x7 <- 0x0000000000000000

clint mtime 0x00000000000002EF (mip.MTI <- 0b1, mip.STI <- 0b0)
mem[X,0x0000000080001598] -> 0x8663
mem[X,0x000000008000159A] -> 0x6E03
[1502] [M]: 0x0000000080001598 (0x6E038663) beq x7, x0, 0x6ec                       spcl_M2mmode_test+52

mem[X,0x0000000080001C84] -> 0x0493
mem[X,0x0000000080001C86] -> 0xFF55
[1503] [M]: 0x0000000080001C84 (0xFF550493) addi x9, x10, -0xb                      rtn2mmode+0
x9 <- 0xFFFFFFFFFFFFFFFD

clint mtime 0x00000000000002F0 (mip.MTI <- 0b1, mip.STI <- 0b0)
mem[X,0x0000000080001C88] -> 0x8C63
mem[X,0x0000000080001C8A] -> 0x0004
[1504] [M]: 0x0000000080001C88 (0x00048C63) beq x9, x0, 0x18                        rtn2mmode+4

mem[X,0x0000000080001C8C] -> 0x3583
mem[X,0x0000000080001C8E] -> 0x4701
[1505] [M]: 0x0000000080001C8C (0x47013583) ld x11, 0x470(x2)                       rtn2mmode+8
mem[R,0x0000000080004470] -> 0x00000300800007BC
x11 <- 0x00000300800007BC

clint mtime 0x00000000000002F1 (mip.MTI <- 0b1, mip.STI <- 0b0)
mem[X,0x0000000080001C90] -> 0xD463
mem[X,0x0000000080001C92] -> 0x0003
[1506] [M]: 0x0000000080001C90 (0x0003D463) bge x7, x0, 0x8                         rtn2mmode+12

mem[X,0x0000000080001C98] -> 0x3483
mem[X,0x0000000080001C9A] -> 0x1D81
[1507] [M]: 0x0000000080001C98 (0x1D813483) ld x9, 0x1d8(x2)                        from_u_s+0
mem[R,0x00000000800041D8] -> 0x00000000800007D4
x9 <- 0x00000000800007D4

clint mtime 0x00000000000002F2 (mip.MTI <- 0b1, mip.STI <- 0b0)
mem[X,0x0000000080001C9C] -> 0x84B3
mem[X,0x0000000080001C9E] -> 0x40B4
[1508] [M]: 0x0000000080001C9C (0x40B484B3) sub x9, x9, x11                         from_u_s+4
x9 <- 0xFFFFFD0000000018

mem[X,0x0000000080001CA0] -> 0x23F3
mem[X,0x0000000080001CA2] -> 0x3410
[1509] [M]: 0x0000000080001CA0 (0x341023F3) csrrs x7, mepc, x0                      rtn_fm_mmode+0
CSR mepc (0x341) -> 0x0000030080000D7C
x7 <- 0x0000030080000D7C

clint mtime 0x00000000000002F3 (mip.MTI <- 0b1, mip.STI <- 0b0)
mem[X,0x0000000080001CA4] -> 0x83B3
mem[X,0x0000000080001CA6] -> 0x0093
[1510] [M]: 0x0000000080001CA4 (0x009383B3) add x7, x7, x9                          rtn_fm_mmode+4
x7 <- 0x0000000080000D94

mem[X,0x0000000080001CA8] -> 0x3303
mem[X,0x0000000080001CAA] -> 0x2601
[1511] [M]: 0x0000000080001CA8 (0x26013303) ld x6, 0x260(x2)                        rtn_fm_mmode+8
mem[R,0x0000000080004260] -> 0xFFFFFFFF7FFFF44C
x6 <- 0xFFFFFFFF7FFFF44C

clint mtime 0x00000000000002F4 (mip.MTI <- 0b1, mip.STI <- 0b0)
mem[X,0x0000000080001CAC] -> 0x3403
mem[X,0x0000000080001CAE] -> 0x2701
[1512] [M]: 0x0000000080001CAC (0x27013403) ld x8, 0x270(x2)                        rtn_fm_mmode+12
mem[R,0x0000000080004270] -> 0x0000000000007F76
x8 <- 0x0000000000007F76

mem[X,0x0000000080001CB0] -> 0x3483
mem[X,0x0000000080001CB2] -> 0x2781
[1513] [M]: 0x0000000080001CB0 (0x27813483) ld x9, 0x278(x2)                        rtn_fm_mmode+16
mem[R,0x0000000080004278] -> 0x000003000000013C
x9 <- 0x000003000000013C

clint mtime 0x00000000000002F5 (mip.MTI <- 0b1, mip.STI <- 0b0)
mem[X,0x0000000080001CB4] -> 0x3503
mem[X,0x0000000080001CB6] -> 0x2801
[1514] [M]: 0x0000000080001CB4 (0x28013503) ld x10, 0x280(x2)                       rtn_fm_mmode+20
mem[R,0x0000000080004280] -> 0x00000000200000DE
x10 <- 0x00000000200000DE

mem[X,0x0000000080001CB8] -> 0x3583
mem[X,0x0000000080001CBA] -> 0x2881
[1515] [M]: 0x0000000080001CB8 (0x28813583) ld x11, 0x288(x2)                       rtn_fm_mmode+24
mem[R,0x0000000080004288] -> 0x00000000000000DE
x11 <- 0x00000000000000DE

clint mtime 0x00000000000002F6 (mip.MTI <- 0b1, mip.STI <- 0b0)
mem[X,0x0000000080001CBC] -> 0x3103
mem[X,0x0000000080001CBE] -> 0x2901
[1516] [M]: 0x0000000080001CBC (0x29013103) ld x2, 0x290(x2)                        rtn_fm_mmode+28
mem[R,0x0000000080004290] -> 0x0000000000000000
x2 <- 0x0000000000000000

mem[X,0x0000000080001CC0] -> 0x8067
mem[X,0x0000000080001CC2] -> 0x0043
[1517] [M]: 0x0000000080001CC0 (0x00438067) jalr x0, 0x4(x7)                        rtn_fm_mmode+32

clint mtime 0x00000000000002F7 (mip.MTI <- 0b1, mip.STI <- 0b0)
mem[X,0x0000000080000D98] -> 0x0013
mem[X,0x0000000080000D9A] -> 0x0000
[1518] [M]: 0x0000000080000D98 (0x00000013) addi x0, x0, 0x0                        main+1432

mem[X,0x0000000080000D9C] -> 0x0013
mem[X,0x0000000080000D9E] -> 0x0000
[1519] [M]: 0x0000000080000D9C (0x00000013) addi x0, x0, 0x0                        main+1436

clint mtime 0x00000000000002F8 (mip.MTI <- 0b1, mip.STI <- 0b0)
mem[X,0x0000000080000DA0] -> 0x6517
mem[X,0x0000000080000DA2] -> 0x0000
[1520] [M]: 0x0000000080000DA0 (0x00006517) auipc x10, 0x6                          main+1440
x10 <- 0x0000000080006DA0

mem[X,0x0000000080000DA4] -> 0x0513
mem[X,0x0000000080000DA6] -> 0x2605
[1521] [M]: 0x0000000080000DA4 (0x26050513) addi x10, x10, 0x260                    main+1444
x10 <- 0x0000000080007000

clint mtime 0x00000000000002F9 (mip.MTI <- 0b1, mip.STI <- 0b0)
mem[X,0x0000000080000DA8] -> 0x0001
[1522] [M]: 0x0000000080000DA8 (0x0001) c.nop                                       main+1448

mem[X,0x0000000080000DAA] -> 0x0013
mem[X,0x0000000080000DAC] -> 0x0000
[1523] [M]: 0x0000000080000DAA (0x00000013) addi x0, x0, 0x0                        main+1450

clint mtime 0x00000000000002FA (mip.MTI <- 0b1, mip.STI <- 0b0)
mem[X,0x0000000080000DAE] -> 0x0013
mem[X,0x0000000080000DB0] -> 0x0000
[1524] [M]: 0x0000000080000DAE (0x00000013) addi x0, x0, 0x0                        main+1454

mem[X,0x0000000080000DB2] -> 0x0013
mem[X,0x0000000080000DB4] -> 0x0000
[1525] [M]: 0x0000000080000DB2 (0x00000013) addi x0, x0, 0x0                        main+1458

clint mtime 0x00000000000002FB (mip.MTI <- 0b1, mip.STI <- 0b0)
mem[X,0x0000000080000DB6] -> 0x0013
mem[X,0x0000000080000DB8] -> 0x0000
[1526] [M]: 0x0000000080000DB6 (0x00000013) addi x0, x0, 0x0                        main+1462

mem[X,0x0000000080000DBA] -> 0x0013
mem[X,0x0000000080000DBC] -> 0x0000
[1527] [M]: 0x0000000080000DBA (0x00000013) addi x0, x0, 0x0                        main+1466

clint mtime 0x00000000000002FC (mip.MTI <- 0b1, mip.STI <- 0b0)
mem[X,0x0000000080000DBE] -> 0x0001
[1528] [M]: 0x0000000080000DBE (0x0001) c.nop                                       main+1470

mem[X,0x0000000080000DC0] -> 0x0593
mem[X,0x0000000080000DC2] -> 0x0010
[1529] [M]: 0x0000000080000DC0 (0x00100593) addi x11, x0, 0x1                       main+1472
x11 <- 0x0000000000000001

clint mtime 0x00000000000002FD (mip.MTI <- 0b1, mip.STI <- 0b0)
mem[X,0x0000000080000DC4] -> 0x5513
mem[X,0x0000000080000DC6] -> 0x00C5
[1530] [M]: 0x0000000080000DC4 (0x00C55513) srli x10, x10, 0xc                      main+1476
x10 <- 0x0000000000080007

mem[X,0x0000000080000DC8] -> 0x1513
mem[X,0x0000000080000DCA] -> 0x00A5
[1531] [M]: 0x0000000080000DC8 (0x00A51513) slli x10, x10, 0xa                      main+1480
x10 <- 0x0000000020001C00

clint mtime 0x00000000000002FE (mip.MTI <- 0b1, mip.STI <- 0b0)
mem[X,0x0000000080000DCC] -> 0x6533
mem[X,0x0000000080000DCE] -> 0x00B5
[1532] [M]: 0x0000000080000DCC (0x00B56533) or x10, x10, x11                        main+1484
x10 <- 0x0000000020001C01

mem[X,0x0000000080000DD0] -> 0x0013
mem[X,0x0000000080000DD2] -> 0x0000
[1533] [M]: 0x0000000080000DD0 (0x00000013) addi x0, x0, 0x0                        main+1488

clint mtime 0x00000000000002FF (mip.MTI <- 0b1, mip.STI <- 0b0)
mem[X,0x0000000080000DD4] -> 0x0013
mem[X,0x0000000080000DD6] -> 0x0000
[1534] [M]: 0x0000000080000DD4 (0x00000013) addi x0, x0, 0x0                        main+1492

mem[X,0x0000000080000DD8] -> 0x0013
mem[X,0x0000000080000DDA] -> 0x0000
[1535] [M]: 0x0000000080000DD8 (0x00000013) addi x0, x0, 0x0                        main+1496

clint mtime 0x0000000000000300 (mip.MTI <- 0b1, mip.STI <- 0b0)
mem[X,0x0000000080000DDC] -> 0x0013
mem[X,0x0000000080000DDE] -> 0x0000
[1536] [M]: 0x0000000080000DDC (0x00000013) addi x0, x0, 0x0                        main+1500

mem[X,0x0000000080000DE0] -> 0x7317
mem[X,0x0000000080000DE2] -> 0x0000
[1537] [M]: 0x0000000080000DE0 (0x00007317) auipc x6, 0x7                           main+1504
x6 <- 0x0000000080007DE0

clint mtime 0x0000000000000301 (mip.MTI <- 0b1, mip.STI <- 0b0)
mem[X,0x0000000080000DE4] -> 0x0313
mem[X,0x0000000080000DE6] -> 0x2203
[1538] [M]: 0x0000000080000DE4 (0x22030313) addi x6, x6, 0x220                      main+1508
x6 <- 0x0000000080008000

mem[X,0x0000000080000DE8] -> 0x0001
[1539] [M]: 0x0000000080000DE8 (0x0001) c.nop                                       main+1512

clint mtime 0x0000000000000302 (mip.MTI <- 0b1, mip.STI <- 0b0)
mem[X,0x0000000080000DEA] -> 0x0013
mem[X,0x0000000080000DEC] -> 0x0000
[1540] [M]: 0x0000000080000DEA (0x00000013) addi x0, x0, 0x0                        main+1514

mem[X,0x0000000080000DEE] -> 0x0013
mem[X,0x0000000080000DF0] -> 0x0000
[1541] [M]: 0x0000000080000DEE (0x00000013) addi x0, x0, 0x0                        main+1518

clint mtime 0x0000000000000303 (mip.MTI <- 0b1, mip.STI <- 0b0)
mem[X,0x0000000080000DF2] -> 0x0013
mem[X,0x0000000080000DF4] -> 0x0000
[1542] [M]: 0x0000000080000DF2 (0x00000013) addi x0, x0, 0x0                        main+1522

mem[X,0x0000000080000DF6] -> 0x0013
mem[X,0x0000000080000DF8] -> 0x0000
[1543] [M]: 0x0000000080000DF6 (0x00000013) addi x0, x0, 0x0                        main+1526

clint mtime 0x0000000000000304 (mip.MTI <- 0b1, mip.STI <- 0b0)
mem[X,0x0000000080000DFA] -> 0x0013
mem[X,0x0000000080000DFC] -> 0x0000
[1544] [M]: 0x0000000080000DFA (0x00000013) addi x0, x0, 0x0                        main+1530

mem[X,0x0000000080000DFE] -> 0x0001
[1545] [M]: 0x0000000080000DFE (0x0001) c.nop                                       main+1534

clint mtime 0x0000000000000305 (mip.MTI <- 0b1, mip.STI <- 0b0)
mem[X,0x0000000080000E00] -> 0x0293
mem[X,0x0000000080000E02] -> 0x0280
[1546] [M]: 0x0000000080000E00 (0x02800293) addi x5, x0, 0x28                       main+1536
x5 <- 0x0000000000000028

mem[X,0x0000000080000E04] -> 0x0333
mem[X,0x0000000080000E06] -> 0x0053
[1547] [M]: 0x0000000080000E04 (0x00530333) add x6, x6, x5                          main+1540
x6 <- 0x0000000080008028

clint mtime 0x0000000000000306 (mip.MTI <- 0b1, mip.STI <- 0b0)
mem[X,0x0000000080000E08] -> 0x3023
mem[X,0x0000000080000E0A] -> 0x00A3
[1548] [M]: 0x0000000080000E08 (0x00A33023) sd x10, 0x0(x6)                         main+1544
mem[W,0x0000000080008028] <- 0x0000000020001C01

mem[X,0x0000000080000E0C] -> 0x0013
mem[X,0x0000000080000E0E] -> 0x0000
[1549] [M]: 0x0000000080000E0C (0x00000013) addi x0, x0, 0x0                        main+1548

clint mtime 0x0000000000000307 (mip.MTI <- 0b1, mip.STI <- 0b0)
mem[X,0x0000000080000E10] -> 0x0013
mem[X,0x0000000080000E12] -> 0x0000
[1550] [M]: 0x0000000080000E10 (0x00000013) addi x0, x0, 0x0                        main+1552

mem[X,0x0000000080000E14] -> 0x0013
mem[X,0x0000000080000E16] -> 0x0000
[1551] [M]: 0x0000000080000E14 (0x00000013) addi x0, x0, 0x0                        main+1556

clint mtime 0x0000000000000308 (mip.MTI <- 0b1, mip.STI <- 0b0)
mem[X,0x0000000080000E18] -> 0x0013
mem[X,0x0000000080000E1A] -> 0x0000
[1552] [M]: 0x0000000080000E18 (0x00000013) addi x0, x0, 0x0                        main+1560

mem[X,0x0000000080000E1C] -> 0x0013
mem[X,0x0000000080000E1E] -> 0x0000
[1553] [M]: 0x0000000080000E1C (0x00000013) addi x0, x0, 0x0                        main+1564

clint mtime 0x0000000000000309 (mip.MTI <- 0b1, mip.STI <- 0b0)
mem[X,0x0000000080000E20] -> 0x5517
mem[X,0x0000000080000E22] -> 0x0000
[1554] [M]: 0x0000000080000E20 (0x00005517) auipc x10, 0x5                          main+1568
x10 <- 0x0000000080005E20

mem[X,0x0000000080000E24] -> 0x0513
mem[X,0x0000000080000E26] -> 0x1E05
[1555] [M]: 0x0000000080000E24 (0x1E050513) addi x10, x10, 0x1e0                    main+1572
x10 <- 0x0000000080006000

clint mtime 0x000000000000030A (mip.MTI <- 0b1, mip.STI <- 0b0)
mem[X,0x0000000080000E28] -> 0x0001
[1556] [M]: 0x0000000080000E28 (0x0001) c.nop                                       main+1576

mem[X,0x0000000080000E2A] -> 0x0013
mem[X,0x0000000080000E2C] -> 0x0000
[1557] [M]: 0x0000000080000E2A (0x00000013) addi x0, x0, 0x0                        main+1578

clint mtime 0x000000000000030B (mip.MTI <- 0b1, mip.STI <- 0b0)
mem[X,0x0000000080000E2E] -> 0x0013
mem[X,0x0000000080000E30] -> 0x0000
[1558] [M]: 0x0000000080000E2E (0x00000013) addi x0, x0, 0x0                        main+1582

mem[X,0x0000000080000E32] -> 0x0013
mem[X,0x0000000080000E34] -> 0x0000
[1559] [M]: 0x0000000080000E32 (0x00000013) addi x0, x0, 0x0                        main+1586

clint mtime 0x000000000000030C (mip.MTI <- 0b1, mip.STI <- 0b0)
mem[X,0x0000000080000E36] -> 0x0013
mem[X,0x0000000080000E38] -> 0x0000
[1560] [M]: 0x0000000080000E36 (0x00000013) addi x0, x0, 0x0                        main+1590

mem[X,0x0000000080000E3A] -> 0x0013
mem[X,0x0000000080000E3C] -> 0x0000
[1561] [M]: 0x0000000080000E3A (0x00000013) addi x0, x0, 0x0                        main+1594

clint mtime 0x000000000000030D (mip.MTI <- 0b1, mip.STI <- 0b0)
mem[X,0x0000000080000E3E] -> 0x0001
[1562] [M]: 0x0000000080000E3E (0x0001) c.nop                                       main+1598

mem[X,0x0000000080000E40] -> 0x0593
mem[X,0x0000000080000E42] -> 0x0010
[1563] [M]: 0x0000000080000E40 (0x00100593) addi x11, x0, 0x1                       main+1600
x11 <- 0x0000000000000001

clint mtime 0x000000000000030E (mip.MTI <- 0b1, mip.STI <- 0b0)
mem[X,0x0000000080000E44] -> 0x5513
mem[X,0x0000000080000E46] -> 0x00C5
[1564] [M]: 0x0000000080000E44 (0x00C55513) srli x10, x10, 0xc                      main+1604
x10 <- 0x0000000000080006

mem[X,0x0000000080000E48] -> 0x1513
mem[X,0x0000000080000E4A] -> 0x00A5
[1565] [M]: 0x0000000080000E48 (0x00A51513) slli x10, x10, 0xa                      main+1608
x10 <- 0x0000000020001800

clint mtime 0x000000000000030F (mip.MTI <- 0b1, mip.STI <- 0b0)
mem[X,0x0000000080000E4C] -> 0x6533
mem[X,0x0000000080000E4E] -> 0x00B5
[1566] [M]: 0x0000000080000E4C (0x00B56533) or x10, x10, x11                        main+1612
x10 <- 0x0000000020001801

mem[X,0x0000000080000E50] -> 0x0013
mem[X,0x0000000080000E52] -> 0x0000
[1567] [M]: 0x0000000080000E50 (0x00000013) addi x0, x0, 0x0                        main+1616

clint mtime 0x0000000000000310 (mip.MTI <- 0b1, mip.STI <- 0b0)
mem[X,0x0000000080000E54] -> 0x0013
mem[X,0x0000000080000E56] -> 0x0000
[1568] [M]: 0x0000000080000E54 (0x00000013) addi x0, x0, 0x0                        main+1620

mem[X,0x0000000080000E58] -> 0x0013
mem[X,0x0000000080000E5A] -> 0x0000
[1569] [M]: 0x0000000080000E58 (0x00000013) addi x0, x0, 0x0                        main+1624

clint mtime 0x0000000000000311 (mip.MTI <- 0b1, mip.STI <- 0b0)
mem[X,0x0000000080000E5C] -> 0x0013
mem[X,0x0000000080000E5E] -> 0x0000
[1570] [M]: 0x0000000080000E5C (0x00000013) addi x0, x0, 0x0                        main+1628

mem[X,0x0000000080000E60] -> 0x6317
mem[X,0x0000000080000E62] -> 0x0000
[1571] [M]: 0x0000000080000E60 (0x00006317) auipc x6, 0x6                           main+1632
x6 <- 0x0000000080006E60

clint mtime 0x0000000000000312 (mip.MTI <- 0b1, mip.STI <- 0b0)
mem[X,0x0000000080000E64] -> 0x0313
mem[X,0x0000000080000E66] -> 0x1A03
[1572] [M]: 0x0000000080000E64 (0x1A030313) addi x6, x6, 0x1a0                      main+1636
x6 <- 0x0000000080007000

mem[X,0x0000000080000E68] -> 0x0001
[1573] [M]: 0x0000000080000E68 (0x0001) c.nop                                       main+1640

clint mtime 0x0000000000000313 (mip.MTI <- 0b1, mip.STI <- 0b0)
mem[X,0x0000000080000E6A] -> 0x0013
mem[X,0x0000000080000E6C] -> 0x0000
[1574] [M]: 0x0000000080000E6A (0x00000013) addi x0, x0, 0x0                        main+1642

mem[X,0x0000000080000E6E] -> 0x0013
mem[X,0x0000000080000E70] -> 0x0000
[1575] [M]: 0x0000000080000E6E (0x00000013) addi x0, x0, 0x0                        main+1646

clint mtime 0x0000000000000314 (mip.MTI <- 0b1, mip.STI <- 0b0)
mem[X,0x0000000080000E72] -> 0x0013
mem[X,0x0000000080000E74] -> 0x0000
[1576] [M]: 0x0000000080000E72 (0x00000013) addi x0, x0, 0x0                        main+1650

mem[X,0x0000000080000E76] -> 0x0013
mem[X,0x0000000080000E78] -> 0x0000
[1577] [M]: 0x0000000080000E76 (0x00000013) addi x0, x0, 0x0                        main+1654

clint mtime 0x0000000000000315 (mip.MTI <- 0b1, mip.STI <- 0b0)
mem[X,0x0000000080000E7A] -> 0x0013
mem[X,0x0000000080000E7C] -> 0x0000
[1578] [M]: 0x0000000080000E7A (0x00000013) addi x0, x0, 0x0                        main+1658

mem[X,0x0000000080000E7E] -> 0x0001
[1579] [M]: 0x0000000080000E7E (0x0001) c.nop                                       main+1662

clint mtime 0x0000000000000316 (mip.MTI <- 0b1, mip.STI <- 0b0)
mem[X,0x0000000080000E80] -> 0x0293
mem[X,0x0000000080000E82] -> 0x0000
[1580] [M]: 0x0000000080000E80 (0x00000293) addi x5, x0, 0x0                        main+1664
x5 <- 0x0000000000000000

mem[X,0x0000000080000E84] -> 0x0333
mem[X,0x0000000080000E86] -> 0x0053
[1581] [M]: 0x0000000080000E84 (0x00530333) add x6, x6, x5                          main+1668
x6 <- 0x0000000080007000

clint mtime 0x0000000000000317 (mip.MTI <- 0b1, mip.STI <- 0b0)
mem[X,0x0000000080000E88] -> 0x3023
mem[X,0x0000000080000E8A] -> 0x00A3
[1582] [M]: 0x0000000080000E88 (0x00A33023) sd x10, 0x0(x6)                         main+1672
mem[W,0x0000000080007000] <- 0x0000000020001801

mem[X,0x0000000080000E8C] -> 0x0013
mem[X,0x0000000080000E8E] -> 0x0000
[1583] [M]: 0x0000000080000E8C (0x00000013) addi x0, x0, 0x0                        main+1676

clint mtime 0x0000000000000318 (mip.MTI <- 0b1, mip.STI <- 0b0)
mem[X,0x0000000080000E90] -> 0x0013
mem[X,0x0000000080000E92] -> 0x0000
[1584] [M]: 0x0000000080000E90 (0x00000013) addi x0, x0, 0x0                        main+1680

mem[X,0x0000000080000E94] -> 0x0013
mem[X,0x0000000080000E96] -> 0x0000
[1585] [M]: 0x0000000080000E94 (0x00000013) addi x0, x0, 0x0                        main+1684

clint mtime 0x0000000000000319 (mip.MTI <- 0b1, mip.STI <- 0b0)
mem[X,0x0000000080000E98] -> 0x0013
mem[X,0x0000000080000E9A] -> 0x0000
[1586] [M]: 0x0000000080000E98 (0x00000013) addi x0, x0, 0x0                        main+1688

mem[X,0x0000000080000E9C] -> 0x0013
mem[X,0x0000000080000E9E] -> 0x0000
[1587] [M]: 0x0000000080000E9C (0x00000013) addi x0, x0, 0x0                        main+1692

clint mtime 0x000000000000031A (mip.MTI <- 0b1, mip.STI <- 0b0)
mem[X,0x0000000080000EA0] -> 0xF517
mem[X,0x0000000080000EA2] -> 0xFFFF
[1588] [M]: 0x0000000080000EA0 (0xFFFFF517) auipc x10, -0x1                         main+1696
x10 <- 0x000000007FFFFEA0

mem[X,0x0000000080000EA4] -> 0x0513
mem[X,0x0000000080000EA6] -> 0x5605
[1589] [M]: 0x0000000080000EA4 (0x56050513) addi x10, x10, 0x560                    main+1700
x10 <- 0x0000000080000400

clint mtime 0x000000000000031B (mip.MTI <- 0b1, mip.STI <- 0b0)
mem[X,0x0000000080000EA8] -> 0x0001
[1590] [M]: 0x0000000080000EA8 (0x0001) c.nop                                       main+1704

mem[X,0x0000000080000EAA] -> 0x0013
mem[X,0x0000000080000EAC] -> 0x0000
[1591] [M]: 0x0000000080000EAA (0x00000013) addi x0, x0, 0x0                        main+1706

clint mtime 0x000000000000031C (mip.MTI <- 0b1, mip.STI <- 0b0)
mem[X,0x0000000080000EAE] -> 0x0013
mem[X,0x0000000080000EB0] -> 0x0000
[1592] [M]: 0x0000000080000EAE (0x00000013) addi x0, x0, 0x0                        main+1710

mem[X,0x0000000080000EB2] -> 0x0013
mem[X,0x0000000080000EB4] -> 0x0000
[1593] [M]: 0x0000000080000EB2 (0x00000013) addi x0, x0, 0x0                        main+1714

clint mtime 0x000000000000031D (mip.MTI <- 0b1, mip.STI <- 0b0)
mem[X,0x0000000080000EB6] -> 0x0013
mem[X,0x0000000080000EB8] -> 0x0000
[1594] [M]: 0x0000000080000EB6 (0x00000013) addi x0, x0, 0x0                        main+1718

mem[X,0x0000000080000EBA] -> 0x0013
mem[X,0x0000000080000EBC] -> 0x0000
[1595] [M]: 0x0000000080000EBA (0x00000013) addi x0, x0, 0x0                        main+1722

clint mtime 0x000000000000031E (mip.MTI <- 0b1, mip.STI <- 0b0)
mem[X,0x0000000080000EBE] -> 0x0001
[1596] [M]: 0x0000000080000EBE (0x0001) c.nop                                       main+1726

mem[X,0x0000000080000EC0] -> 0x0593
mem[X,0x0000000080000EC2] -> 0x0DE0
[1597] [M]: 0x0000000080000EC0 (0x0DE00593) addi x11, x0, 0xde                      main+1728
x11 <- 0x00000000000000DE

clint mtime 0x000000000000031F (mip.MTI <- 0b1, mip.STI <- 0b0)
mem[X,0x0000000080000EC4] -> 0x5513
mem[X,0x0000000080000EC6] -> 0x00C5
[1598] [M]: 0x0000000080000EC4 (0x00C55513) srli x10, x10, 0xc                      main+1732
x10 <- 0x0000000000080000

mem[X,0x0000000080000EC8] -> 0x1513
mem[X,0x0000000080000ECA] -> 0x00A5
[1599] [M]: 0x0000000080000EC8 (0x00A51513) slli x10, x10, 0xa                      main+1736
x10 <- 0x0000000020000000

clint mtime 0x0000000000000320 (mip.MTI <- 0b1, mip.STI <- 0b0)
mem[X,0x0000000080000ECC] -> 0x6533
mem[X,0x0000000080000ECE] -> 0x00B5
[1600] [M]: 0x0000000080000ECC (0x00B56533) or x10, x10, x11                        main+1740
x10 <- 0x00000000200000DE

mem[X,0x0000000080000ED0] -> 0x0013
mem[X,0x0000000080000ED2] -> 0x0000
[1601] [M]: 0x0000000080000ED0 (0x00000013) addi x0, x0, 0x0                        main+1744

clint mtime 0x0000000000000321 (mip.MTI <- 0b1, mip.STI <- 0b0)
mem[X,0x0000000080000ED4] -> 0x0013
mem[X,0x0000000080000ED6] -> 0x0000
[1602] [M]: 0x0000000080000ED4 (0x00000013) addi x0, x0, 0x0                        main+1748

mem[X,0x0000000080000ED8] -> 0x0013
mem[X,0x0000000080000EDA] -> 0x0000
[1603] [M]: 0x0000000080000ED8 (0x00000013) addi x0, x0, 0x0                        main+1752

clint mtime 0x0000000000000322 (mip.MTI <- 0b1, mip.STI <- 0b0)
mem[X,0x0000000080000EDC] -> 0x0013
mem[X,0x0000000080000EDE] -> 0x0000
[1604] [M]: 0x0000000080000EDC (0x00000013) addi x0, x0, 0x0                        main+1756

mem[X,0x0000000080000EE0] -> 0x5317
mem[X,0x0000000080000EE2] -> 0x0000
[1605] [M]: 0x0000000080000EE0 (0x00005317) auipc x6, 0x5                           main+1760
x6 <- 0x0000000080005EE0

clint mtime 0x0000000000000323 (mip.MTI <- 0b1, mip.STI <- 0b0)
mem[X,0x0000000080000EE4] -> 0x0313
mem[X,0x0000000080000EE6] -> 0x1203
[1606] [M]: 0x0000000080000EE4 (0x12030313) addi x6, x6, 0x120                      main+1764
x6 <- 0x0000000080006000

mem[X,0x0000000080000EE8] -> 0x0001
[1607] [M]: 0x0000000080000EE8 (0x0001) c.nop                                       main+1768

clint mtime 0x0000000000000324 (mip.MTI <- 0b1, mip.STI <- 0b0)
mem[X,0x0000000080000EEA] -> 0x0013
mem[X,0x0000000080000EEC] -> 0x0000
[1608] [M]: 0x0000000080000EEA (0x00000013) addi x0, x0, 0x0                        main+1770

mem[X,0x0000000080000EEE] -> 0x0013
mem[X,0x0000000080000EF0] -> 0x0000
[1609] [M]: 0x0000000080000EEE (0x00000013) addi x0, x0, 0x0                        main+1774

clint mtime 0x0000000000000325 (mip.MTI <- 0b1, mip.STI <- 0b0)
mem[X,0x0000000080000EF2] -> 0x0013
mem[X,0x0000000080000EF4] -> 0x0000
[1610] [M]: 0x0000000080000EF2 (0x00000013) addi x0, x0, 0x0                        main+1778

mem[X,0x0000000080000EF6] -> 0x0013
mem[X,0x0000000080000EF8] -> 0x0000
[1611] [M]: 0x0000000080000EF6 (0x00000013) addi x0, x0, 0x0                        main+1782

clint mtime 0x0000000000000326 (mip.MTI <- 0b1, mip.STI <- 0b0)
mem[X,0x0000000080000EFA] -> 0x0013
mem[X,0x0000000080000EFC] -> 0x0000
[1612] [M]: 0x0000000080000EFA (0x00000013) addi x0, x0, 0x0                        main+1786

mem[X,0x0000000080000EFE] -> 0x0001
[1613] [M]: 0x0000000080000EFE (0x0001) c.nop                                       main+1790

clint mtime 0x0000000000000327 (mip.MTI <- 0b1, mip.STI <- 0b0)
mem[X,0x0000000080000F00] -> 0x0293
mem[X,0x0000000080000F02] -> 0x0000
[1614] [M]: 0x0000000080000F00 (0x00000293) addi x5, x0, 0x0                        main+1792
x5 <- 0x0000000000000000

mem[X,0x0000000080000F04] -> 0x0333
mem[X,0x0000000080000F06] -> 0x0053
[1615] [M]: 0x0000000080000F04 (0x00530333) add x6, x6, x5                          main+1796
x6 <- 0x0000000080006000

clint mtime 0x0000000000000328 (mip.MTI <- 0b1, mip.STI <- 0b0)
mem[X,0x0000000080000F08] -> 0x3023
mem[X,0x0000000080000F0A] -> 0x00A3
[1616] [M]: 0x0000000080000F08 (0x00A33023) sd x10, 0x0(x6)                         main+1800
mem[W,0x0000000080006000] <- 0x00000000200000DE

mem[X,0x0000000080000F0C] -> 0x0073
mem[X,0x0000000080000F0E] -> 0x1200
[1617] [M]: 0x0000000080000F0C (0x12000073) sfence.vma x0, x0                       main+1804

clint mtime 0x0000000000000329 (mip.MTI <- 0b1, mip.STI <- 0b0)
mem[X,0x0000000080000F10] -> 0x0493
mem[X,0x0000000080000F12] -> 0x0010
[1618] [M]: 0x0000000080000F10 (0x00100493) addi x9, x0, 0x1                        main+1808
x9 <- 0x0000000000000001

mem[X,0x0000000080000F14] -> 0x9493
mem[X,0x0000000080000F16] -> 0x00B4
[1619] [M]: 0x0000000080000F14 (0x00B49493) slli x9, x9, 0xb                        main+1812
x9 <- 0x0000000000000800

clint mtime 0x000000000000032A (mip.MTI <- 0b1, mip.STI <- 0b0)
mem[X,0x0000000080000F18] -> 0xB073
mem[X,0x0000000080000F1A] -> 0x3004
[1620] [M]: 0x0000000080000F18 (0x3004B073) csrrc x0, mstatus, x9                   main+1816
CSR mstatus (0x300) <- 0x0000000A00000000

mem[X,0x0000000080000F1C] -> 0x23F3
mem[X,0x0000000080000F1E] -> 0x3400
[1621] [M]: 0x0000000080000F1C (0x340023F3) csrrs x7, mscratch, x0                  main+1820
CSR mscratch (0x340) -> 0x0000000080004000
x7 <- 0x0000000080004000

clint mtime 0x000000000000032B (mip.MTI <- 0b1, mip.STI <- 0b0)
mem[X,0x0000000080000F20] -> 0xB303
mem[X,0x0000000080000F22] -> 0x4703
[1622] [M]: 0x0000000080000F20 (0x4703B303) ld x6, 0x470(x7)                        main+1824
mem[R,0x0000000080004470] -> 0x00000300800007BC
x6 <- 0x00000300800007BC

mem[X,0x0000000080000F24] -> 0xB483
mem[X,0x0000000080000F26] -> 0x1D83
[1623] [M]: 0x0000000080000F24 (0x1D83B483) ld x9, 0x1d8(x7)                        main+1828
mem[R,0x00000000800041D8] -> 0x00000000800007D4
x9 <- 0x00000000800007D4

clint mtime 0x000000000000032C (mip.MTI <- 0b1, mip.STI <- 0b0)
mem[X,0x0000000080000F28] -> 0x0333
mem[X,0x0000000080000F2A] -> 0x4093
[1624] [M]: 0x0000000080000F28 (0x40930333) sub x6, x6, x9                          main+1832
x6 <- 0x000002FFFFFFFFE8

mem[X,0x0000000080000F2C] -> 0x0313
mem[X,0x0000000080000F2E] -> 0x0103
[1625] [M]: 0x0000000080000F2C (0x01030313) addi x6, x6, 0x10                       main+1836
x6 <- 0x000002FFFFFFFFF8

clint mtime 0x000000000000032D (mip.MTI <- 0b1, mip.STI <- 0b0)
mem[X,0x0000000080000F30] -> 0x0497
mem[X,0x0000000080000F32] -> 0x0000
[1626] [M]: 0x0000000080000F30 (0x00000497) auipc x9, 0x0                           main+1840
x9 <- 0x0000000080000F30

mem[X,0x0000000080000F34] -> 0x84B3
mem[X,0x0000000080000F36] -> 0x0064
[1627] [M]: 0x0000000080000F34 (0x006484B3) add x9, x9, x6                          main+1844
x9 <- 0x0000030080000F28

clint mtime 0x000000000000032E (mip.MTI <- 0b1, mip.STI <- 0b0)
mem[X,0x0000000080000F38] -> 0x94F3
mem[X,0x0000000080000F3A] -> 0x3414
[1628] [M]: 0x0000000080000F38 (0x341494F3) csrrw x9, mepc, x9                      main+1848
CSR mepc (0x341) <- 0x0000030080000F28
x9 <- 0x0000030080000D7C

mem[X,0x0000000080000F3C] -> 0x0073
mem[X,0x0000000080000F3E] -> 0x3020
[1629] [M]: 0x0000000080000F3C (0x30200073) mret                                    main+1852
CSR mstatus (0x300) <- 0x0000000A00000080
ret-ing from M to U

clint mtime 0x000000000000032F (mip.MTI <- 0b1, mip.STI <- 0b0)
PTW: Start, vpn=0x30080000, access_type=X, privilege=Umem[R,0x0000000080008030] -> 0x00000000000000DB
PTW: Step, level=3, pte=0xDB, pte_addr=0x80008030
PTW: Success, final_ppn=0x80000, level=3mem[X,0x0000000080000F28] -> 0x0333
mem[X,0x0000000080000F2A] -> 0x4093
[1630] [U]: 0x0000030080000F28 (0x40930333) sub x6, x6, x9                          va_rvtest_code_begin+1900
x6 <- 0xFFFFFFFF7FFFF27C

mem[X,0x0000000080000F2C] -> 0x0313
mem[X,0x0000000080000F2E] -> 0x0103
[1631] [U]: 0x0000030080000F2C (0x01030313) addi x6, x6, 0x10                       va_rvtest_code_begin+1904
x6 <- 0xFFFFFFFF7FFFF28C

clint mtime 0x0000000000000330 (mip.MTI <- 0b1, mip.STI <- 0b0)
mem[X,0x0000000080000F30] -> 0x0497
mem[X,0x0000000080000F32] -> 0x0000
[1632] [U]: 0x0000030080000F30 (0x00000497) auipc x9, 0x0                           va_rvtest_code_begin+1908
x9 <- 0x0000030080000F30

mem[X,0x0000000080000F34] -> 0x84B3
mem[X,0x0000000080000F36] -> 0x0064
[1633] [U]: 0x0000030080000F34 (0x006484B3) add x9, x9, x6                          va_rvtest_code_begin+1912
x9 <- 0x00000300000001BC

clint mtime 0x0000000000000331 (mip.MTI <- 0b1, mip.STI <- 0b0)
mem[X,0x0000000080000F38] -> 0x94F3
mem[X,0x0000000080000F3A] -> 0x3414
[1634] [U]: 0x0000030080000F38 (0x341494F3) csrrw x9, mepc, x9                      va_rvtest_code_begin+1916
trapping from U to M to handle illegal-instruction
handling exc#illegal-instruction at priv M with tval 0x00000000341494F3
CSR mstatus (0x300) <- 0x0000000A00000000
CSR mcause (0x342) <- 0x0000000000000002
CSR mtval (0x343) <- 0x00000000341494F3
CSR mepc (0x341) <- 0x0000030080000F38

mem[X,0x0000000080001380] -> 0x006F
mem[X,0x0000000080001382] -> 0x1000
[1635] [M]: 0x0000000080001380 (0x1000006F) jal x0, 0x100                           Mtrampoline+0

clint mtime 0x0000000000000332 (mip.MTI <- 0b1, mip.STI <- 0b0)
mem[X,0x0000000080001480] -> 0x1173
mem[X,0x0000000080001482] -> 0x3401
[1636] [M]: 0x0000000080001480 (0x34011173) csrrw x2, mscratch, x2                  trap_Mhandler+0
CSR mscratch (0x340) <- 0x0000000000000000
x2 <- 0x0000000080004000

mem[X,0x0000000080001484] -> 0x3423
mem[X,0x0000000080001486] -> 0x28B1
[1637] [M]: 0x0000000080001484 (0x28B13423) sd x11, 0x288(x2)                       trap_Mhandler+4
mem[W,0x0000000080004288] <- 0x00000000000000DE

clint mtime 0x0000000000000333 (mip.MTI <- 0b1, mip.STI <- 0b0)
mem[X,0x0000000080001488] -> 0x05EF
mem[X,0x000000008000148A] -> 0x0B80
[1638] [M]: 0x0000000080001488 (0x0B8005EF) jal x11, 0xb8                           trap_Mhandler+8
x11 <- 0x000000008000148C

mem[X,0x0000000080001540] -> 0x3023
mem[X,0x0000000080001542] -> 0x28A1
[1639] [M]: 0x0000000080001540 (0x28A13023) sd x10, 0x280(x2)                       common_Mhandler+0
mem[W,0x0000000080004280] <- 0x00000000200000DE

clint mtime 0x0000000000000334 (mip.MTI <- 0b1, mip.STI <- 0b0)
mem[X,0x0000000080001544] -> 0x1573
mem[X,0x0000000080001546] -> 0x3401
[1640] [M]: 0x0000000080001544 (0x34011573) csrrw x10, mscratch, x2                 common_Mhandler+4
CSR mscratch (0x340) <- 0x0000000080004000
x10 <- 0x0000000000000000

mem[X,0x0000000080001548] -> 0x3823
mem[X,0x000000008000154A] -> 0x28A1
[1641] [M]: 0x0000000080001548 (0x28A13823) sd x10, 0x290(x2)                       common_Mhandler+8
mem[W,0x0000000080004290] <- 0x0000000000000000

clint mtime 0x0000000000000335 (mip.MTI <- 0b1, mip.STI <- 0b0)
mem[X,0x000000008000154C] -> 0x3503
mem[X,0x000000008000154E] -> 0x2301
[1642] [M]: 0x000000008000154C (0x23013503) ld x10, 0x230(x2)                       common_Mhandler+12
mem[R,0x0000000080004230] -> 0x0000000080001554
x10 <- 0x0000000080001554

mem[X,0x0000000080001550] -> 0x0067
mem[X,0x0000000080001552] -> 0x0005
[1643] [M]: 0x0000000080001550 (0x00050067) jalr x0, 0x0(x10)                       common_Mhandler+16

clint mtime 0x0000000000000336 (mip.MTI <- 0b1, mip.STI <- 0b0)
mem[X,0x0000000080001554] -> 0x3C23
mem[X,0x0000000080001556] -> 0x2691
[1644] [M]: 0x0000000080001554 (0x26913C23) sd x9, 0x278(x2)                        common_Mentry+0
mem[W,0x0000000080004278] <- 0x00000300000001BC

mem[X,0x0000000080001558] -> 0x3823
mem[X,0x000000008000155A] -> 0x2681
[1645] [M]: 0x0000000080001558 (0x26813823) sd x8, 0x270(x2)                        common_Mentry+4
mem[W,0x0000000080004270] <- 0x0000000000007F76

clint mtime 0x0000000000000337 (mip.MTI <- 0b1, mip.STI <- 0b0)
mem[X,0x000000008000155C] -> 0x3423
mem[X,0x000000008000155E] -> 0x2671
[1646] [M]: 0x000000008000155C (0x26713423) sd x7, 0x268(x2)                        common_Mentry+8
mem[W,0x0000000080004268] <- 0x0000000080004000

mem[X,0x0000000080001560] -> 0x3023
mem[X,0x0000000080001562] -> 0x2661
[1647] [M]: 0x0000000080001560 (0x26613023) sd x6, 0x260(x2)                        common_Mentry+12
mem[W,0x0000000080004260] <- 0xFFFFFFFF7FFFF28C

clint mtime 0x0000000000000338 (mip.MTI <- 0b1, mip.STI <- 0b0)
mem[X,0x0000000080001564] -> 0x2573
mem[X,0x0000000080001566] -> 0x3420
[1648] [M]: 0x0000000080001564 (0x34202573) csrrs x10, mcause, x0                   spcl_M2mmode_test+0
CSR mcause (0x342) -> 0x0000000000000002
x10 <- 0x0000000000000002

mem[X,0x0000000080001568] -> 0x04B7
mem[X,0x000000008000156A] -> 0x8000
[1649] [M]: 0x0000000080001568 (0x800004B7) lui x9, -0x80000                        spcl_M2mmode_test+4
x9 <- 0xFFFFFFFF80000000

clint mtime 0x0000000000000339 (mip.MTI <- 0b1, mip.STI <- 0b0)
mem[X,0x000000008000156C] -> 0x8493
mem[X,0x000000008000156E] -> 0x0004
[1650] [M]: 0x000000008000156C (0x00048493) addi x9, x9, 0x0                        spcl_M2mmode_test+8
x9 <- 0xFFFFFFFF80000000

mem[X,0x0000000080001570] -> 0x9493
mem[X,0x0000000080001572] -> 0x00B4
[1651] [M]: 0x0000000080001570 (0x00B49493) slli x9, x9, 0xb                        spcl_M2mmode_test+12
x9 <- 0xFFFFFC0000000000

clint mtime 0x000000000000033A (mip.MTI <- 0b1, mip.STI <- 0b0)
mem[X,0x0000000080001574] -> 0x8493
mem[X,0x0000000080001576] -> 0x0004
[1652] [M]: 0x0000000080001574 (0x00048493) addi x9, x9, 0x0                        spcl_M2mmode_test+16
x9 <- 0xFFFFFC0000000000

mem[X,0x0000000080001578] -> 0x9493
mem[X,0x000000008000157A] -> 0x00B4
[1653] [M]: 0x0000000080001578 (0x00B49493) slli x9, x9, 0xb                        spcl_M2mmode_test+20
x9 <- 0xFFE0000000000000

clint mtime 0x000000000000033B (mip.MTI <- 0b1, mip.STI <- 0b0)
mem[X,0x000000008000157C] -> 0x8493
mem[X,0x000000008000157E] -> 0x0034
[1654] [M]: 0x000000008000157C (0x00348493) addi x9, x9, 0x3                        spcl_M2mmode_test+24
x9 <- 0xFFE0000000000003

mem[X,0x0000000080001580] -> 0x9493
mem[X,0x0000000080001582] -> 0x00A4
[1655] [M]: 0x0000000080001580 (0x00A49493) slli x9, x9, 0xa                        spcl_M2mmode_test+28
x9 <- 0x8000000000000C00

clint mtime 0x000000000000033C (mip.MTI <- 0b1, mip.STI <- 0b0)
mem[X,0x0000000080001584] -> 0x8493
mem[X,0x0000000080001586] -> 0x3FC4
[1656] [M]: 0x0000000080001584 (0x3FC48493) addi x9, x9, 0x3fc                      spcl_M2mmode_test+32
x9 <- 0x8000000000000FFC

mem[X,0x0000000080001588] -> 0xF4B3
mem[X,0x000000008000158A] -> 0x00A4
[1657] [M]: 0x0000000080001588 (0x00A4F4B3) and x9, x9, x10                         spcl_M2mmode_test+36
x9 <- 0x0000000000000000

clint mtime 0x000000000000033D (mip.MTI <- 0b1, mip.STI <- 0b0)
mem[X,0x000000008000158C] -> 0x8493
mem[X,0x000000008000158E] -> 0xFF84
[1658] [M]: 0x000000008000158C (0xFF848493) addi x9, x9, -0x8                       spcl_M2mmode_test+40
x9 <- 0xFFFFFFFFFFFFFFF8

mem[X,0x0000000080001590] -> 0x9663
mem[X,0x0000000080001592] -> 0x0004
[1659] [M]: 0x0000000080001590 (0x00049663) bne x9, x0, 0xc                         spcl_M2mmode_test+44

clint mtime 0x000000000000033E (mip.MTI <- 0b1, mip.STI <- 0b0)
mem[X,0x000000008000159C] -> 0x0393
mem[X,0x000000008000159E] -> 0x0200
[1660] [M]: 0x000000008000159C (0x02000393) addi x7, x0, 0x20                       Mtrapsig_ptr_upd+0
x7 <- 0x0000000000000020

mem[X,0x00000000800015A0] -> 0x5263
mem[X,0x00000000800015A2] -> 0x0405
[1661] [M]: 0x00000000800015A0 (0x04055263) bge x10, x0, 0x44                       Mtrapsig_ptr_upd+4

clint mtime 0x000000000000033F (mip.MTI <- 0b1, mip.STI <- 0b0)
mem[X,0x00000000800015E4] -> 0x2373
mem[X,0x00000000800015E6] -> 0x3010
[1662] [M]: 0x00000000800015E4 (0x30102373) csrrs x6, misa, x0                      Mxcpt_sig_sv+0
CSR misa (0x301) -> 0x800000000034112F
x6 <- 0x800000000034112F

mem[X,0x00000000800015E8] -> 0x1313
mem[X,0x00000000800015EA] -> 0x0383
[1663] [M]: 0x00000000800015E8 (0x03831313) slli x6, x6, 0x38                       Mxcpt_sig_sv+4
x6 <- 0x2F00000000000000

clint mtime 0x0000000000000340 (mip.MTI <- 0b1, mip.STI <- 0b0)
mem[X,0x00000000800015EC] -> 0x5463
mem[X,0x00000000800015EE] -> 0x0003
[1664] [M]: 0x00000000800015EC (0x00035463) bge x6, x0, 0x8                         Mxcpt_sig_sv+8

mem[X,0x00000000800015F4] -> 0x3303
mem[X,0x00000000800015F6] -> 0x2181
[1665] [M]: 0x00000000800015F4 (0x21813303) ld x6, 0x218(x2)                        Mtrap_sig_sv+0
mem[R,0x0000000080004218] -> 0x0000000080009418
x6 <- 0x0000000080009418

clint mtime 0x0000000000000341 (mip.MTI <- 0b1, mip.STI <- 0b0)
mem[X,0x00000000800015F8] -> 0x04B3
mem[X,0x00000000800015FA] -> 0x0073
[1666] [M]: 0x00000000800015F8 (0x007304B3) add x9, x6, x7                          Mtrap_sig_sv+4
x9 <- 0x0000000080009438

mem[X,0x00000000800015FC] -> 0x3C23
mem[X,0x00000000800015FE] -> 0x2091
[1667] [M]: 0x00000000800015FC (0x20913C23) sd x9, 0x218(x2)                        Mtrap_sig_sv+8
mem[W,0x0000000080004218] <- 0x0000000080009438

clint mtime 0x0000000000000342 (mip.MTI <- 0b1, mip.STI <- 0b0)
mem[X,0x0000000080001600] -> 0x3403
mem[X,0x0000000080001602] -> 0x1F81
[1668] [M]: 0x0000000080001600 (0x1F813403) ld x8, 0x1f8(x2)                        Mtrap_sig_sv+12
mem[R,0x00000000800041F8] -> 0x0000000080009110
x8 <- 0x0000000080009110

mem[X,0x0000000080001604] -> 0x0333
mem[X,0x0000000080001606] -> 0x4083
[1669] [M]: 0x0000000080001604 (0x40830333) sub x6, x6, x8                          Mtrap_sig_sv+16
x6 <- 0x0000000000000308

clint mtime 0x0000000000000343 (mip.MTI <- 0b1, mip.STI <- 0b0)
mem[X,0x0000000080001608] -> 0x3403
mem[X,0x000000008000160A] -> 0x1F81
[1670] [M]: 0x0000000080001608 (0x1F813403) ld x8, 0x1f8(x2)                        Mtrap_sig_sv+20
mem[R,0x00000000800041F8] -> 0x0000000080009110
x8 <- 0x0000000080009110

mem[X,0x000000008000160C] -> 0x0333
mem[X,0x000000008000160E] -> 0x0083
[1671] [M]: 0x000000008000160C (0x00830333) add x6, x6, x8                          Mtrap_sig_sv+24
x6 <- 0x0000000080009418

clint mtime 0x0000000000000344 (mip.MTI <- 0b1, mip.STI <- 0b0)
mem[X,0x0000000080001610] -> 0x3403
mem[X,0x0000000080001612] -> 0x2401
[1672] [M]: 0x0000000080001610 (0x24013403) ld x8, 0x240(x2)                        Mtrap_sig_sv+28
mem[R,0x0000000080004240] -> 0x0000000080001380
x8 <- 0x0000000080001380

mem[X,0x0000000080001614] -> 0x85B3
mem[X,0x0000000080001616] -> 0x4085
[1673] [M]: 0x0000000080001614 (0x408585B3) sub x11, x11, x8                        sv_Mvect+0
x11 <- 0x000000000000010C

clint mtime 0x0000000000000345 (mip.MTI <- 0b1, mip.STI <- 0b0)
mem[X,0x0000000080001618] -> 0x9593
mem[X,0x000000008000161A] -> 0x0045
[1674] [M]: 0x0000000080001618 (0x00459593) slli x11, x11, 0x4                      sv_Mvect+4
x11 <- 0x00000000000010C0

mem[X,0x000000008000161C] -> 0xE5B3
mem[X,0x000000008000161E] -> 0x0075
[1675] [M]: 0x000000008000161C (0x0075E5B3) or x11, x11, x7                         sv_Mvect+8
x11 <- 0x00000000000010E0

clint mtime 0x0000000000000346 (mip.MTI <- 0b1, mip.STI <- 0b0)
mem[X,0x0000000080001620] -> 0x8593
mem[X,0x0000000080001622] -> 0x0035
[1676] [M]: 0x0000000080001620 (0x00358593) addi x11, x11, 0x3                      sv_Mvect+12
x11 <- 0x00000000000010E3

mem[X,0x0000000080001624] -> 0x3023
mem[X,0x0000000080001626] -> 0x00B3
[1677] [M]: 0x0000000080001624 (0x00B33023) sd x11, 0x0(x6)                         sv_Mvect+16
mem[W,0x0000000080009418] <- 0x00000000000010E3

clint mtime 0x0000000000000347 (mip.MTI <- 0b1, mip.STI <- 0b0)
mem[X,0x0000000080001628] -> 0x3423
mem[X,0x000000008000162A] -> 0x00A3
[1678] [M]: 0x0000000080001628 (0x00A33423) sd x10, 0x8(x6)                         sv_Mcause+0
mem[W,0x0000000080009420] <- 0x0000000000000002

mem[X,0x000000008000162C] -> 0x4663
mem[X,0x000000008000162E] -> 0x1A05
[1679] [M]: 0x000000008000162C (0x1A054663) blt x10, x0, 0x1ac                      sv_Mcause+4

clint mtime 0x0000000000000348 (mip.MTI <- 0b1, mip.STI <- 0b0)
mem[X,0x0000000080001630] -> 0x25F3
mem[X,0x0000000080001632] -> 0x3000
[1680] [M]: 0x0000000080001630 (0x300025F3) csrrs x11, mstatus, x0                  common_Mexcpt_handler+0
CSR mstatus (0x300) -> 0x0000000A00000000
x11 <- 0x0000000A00000000

mem[X,0x0000000080001634] -> 0x9413
mem[X,0x0000000080001636] -> 0x02E5
[1681] [M]: 0x0000000080001634 (0x02E59413) slli x8, x11, 0x2e                      common_Mexcpt_handler+4
x8 <- 0x0000000000000000

clint mtime 0x0000000000000349 (mip.MTI <- 0b1, mip.STI <- 0b0)
mem[X,0x0000000080001638] -> 0x5463
mem[X,0x000000008000163A] -> 0x0004
[1682] [M]: 0x0000000080001638 (0x00045463) bge x8, x0, 0x8                         common_Mexcpt_handler+8

mem[X,0x0000000080001640] -> 0xD493
mem[X,0x0000000080001642] -> 0x00B5
[1683] [M]: 0x0000000080001640 (0x00B5D493) srli x9, x11, 0xb                       common_Mexcpt_handler+16
x9 <- 0x0000000001400000

clint mtime 0x000000000000034A (mip.MTI <- 0b1, mip.STI <- 0b0)
mem[X,0x0000000080001644] -> 0xF493
mem[X,0x0000000080001646] -> 0x0034
[1684] [M]: 0x0000000080001644 (0x0034F493) andi x9, x9, 0x3                        common_Mexcpt_handler+20
x9 <- 0x0000000000000000

mem[X,0x0000000080001648] -> 0x8493
mem[X,0x000000008000164A] -> 0x0014
[1685] [M]: 0x0000000080001648 (0x00148493) addi x9, x9, 0x1                        common_Mexcpt_handler+24
x9 <- 0x0000000000000001

clint mtime 0x000000000000034B (mip.MTI <- 0b1, mip.STI <- 0b0)
mem[X,0x000000008000164C] -> 0xF493
mem[X,0x000000008000164E] -> 0x0044
[1686] [M]: 0x000000008000164C (0x0044F493) andi x9, x9, 0x4                        common_Mexcpt_handler+28
x9 <- 0x0000000000000000

mem[X,0x0000000080001650] -> 0x0593
mem[X,0x0000000080001652] -> 0x05D0
[1687] [M]: 0x0000000080001650 (0x05D00593) addi x11, x0, 0x5d                      common_Mexcpt_handler+32
x11 <- 0x000000000000005D

clint mtime 0x000000000000034C (mip.MTI <- 0b1, mip.STI <- 0b0)
mem[X,0x0000000080001654] -> 0xD5B3
mem[X,0x0000000080001656] -> 0x0095
[1688] [M]: 0x0000000080001654 (0x0095D5B3) srl x11, x11, x9                        common_Mexcpt_handler+36
x11 <- 0x000000000000005D

mem[X,0x0000000080001658] -> 0xF593
mem[X,0x000000008000165A] -> 0x0015
[1689] [M]: 0x0000000080001658 (0x0015F593) andi x11, x11, 0x1                      common_Mexcpt_handler+40
x11 <- 0x0000000000000001

clint mtime 0x000000000000034D (mip.MTI <- 0b1, mip.STI <- 0b0)
mem[X,0x000000008000165C] -> 0x8EE3
mem[X,0x000000008000165E] -> 0xF405
[1690] [M]: 0x000000008000165C (0xF4058EE3) beq x11, x0, -0xa4                      common_Mexcpt_handler+44

mem[X,0x0000000080001660] -> 0x0593
mem[X,0x0000000080001662] -> 0x2980
[1691] [M]: 0x0000000080001660 (0x29800593) addi x11, x0, 0x298                     common_Mexcpt_handler+48
x11 <- 0x0000000000000298

clint mtime 0x000000000000034E (mip.MTI <- 0b1, mip.STI <- 0b0)
mem[X,0x0000000080001664] -> 0xF413
mem[X,0x0000000080001666] -> 0x0014
[1692] [M]: 0x0000000080001664 (0x0014F413) andi x8, x9, 0x1                        common_Mexcpt_handler+52
x8 <- 0x0000000000000000

mem[X,0x0000000080001668] -> 0x95B3
mem[X,0x000000008000166A] -> 0x0085
[1693] [M]: 0x0000000080001668 (0x008595B3) sll x11, x11, x8                        common_Mexcpt_handler+56
x11 <- 0x0000000000000298

clint mtime 0x000000000000034F (mip.MTI <- 0b1, mip.STI <- 0b0)
mem[X,0x000000008000166C] -> 0x9413
mem[X,0x000000008000166E] -> 0x03D4
[1694] [M]: 0x000000008000166C (0x03D49413) slli x8, x9, 0x3d                       common_Mexcpt_handler+60
x8 <- 0x0000000000000000

mem[X,0x0000000080001670] -> 0x5413
mem[X,0x0000000080001672] -> 0x43F4
[1695] [M]: 0x0000000080001670 (0x43F45413) srai x8, x8, 0x3f                       common_Mexcpt_handler+64
x8 <- 0x0000000000000000

clint mtime 0x0000000000000350 (mip.MTI <- 0b1, mip.STI <- 0b0)
mem[X,0x0000000080001674] -> 0x4413
mem[X,0x0000000080001676] -> 0xFFF4
[1696] [M]: 0x0000000080001674 (0xFFF44413) xori x8, x8, -0x1                       common_Mexcpt_handler+68
x8 <- 0xFFFFFFFFFFFFFFFF

mem[X,0x0000000080001678] -> 0xF4B3
mem[X,0x000000008000167A] -> 0x0085
[1697] [M]: 0x0000000080001678 (0x0085F4B3) and x9, x11, x8                         common_Mexcpt_handler+72
x9 <- 0x0000000000000298

clint mtime 0x0000000000000351 (mip.MTI <- 0b1, mip.STI <- 0b0)
mem[X,0x000000008000167C] -> 0x84B3
mem[X,0x000000008000167E] -> 0x0024
[1698] [M]: 0x000000008000167C (0x002484B3) add x9, x9, x2                          vmem_adj_Mepc+0
x9 <- 0x0000000080004298

mem[X,0x0000000080001680] -> 0x23F3
mem[X,0x0000000080001682] -> 0x3410
[1699] [M]: 0x0000000080001680 (0x341023F3) csrrs x7, mepc, x0                      vmem_adj_Mepc+4
CSR mepc (0x341) -> 0x0000030080000F38
x7 <- 0x0000030080000F38

clint mtime 0x0000000000000352 (mip.MTI <- 0b1, mip.STI <- 0b0)
mem[X,0x0000000080001684] -> 0x0413
mem[X,0x0000000080001686] -> 0x0004
[1700] [M]: 0x0000000080001684 (0x00040413) addi x8, x8, 0x0                        vmem_adj_Mepc+8
x8 <- 0xFFFFFFFFFFFFFFFF

mem[X,0x0000000080001688] -> 0x006F
mem[X,0x000000008000168A] -> 0x0400
[1701] [M]: 0x0000000080001688 (0x0400006F) jal x0, 0x40                            vmem_adj_Mepc+12

clint mtime 0x0000000000000353 (mip.MTI <- 0b1, mip.STI <- 0b0)
mem[X,0x00000000800016C8] -> 0x8433
mem[X,0x00000000800016CA] -> 0x4083
[1702] [M]: 0x00000000800016C8 (0x40838433) sub x8, x7, x8                          adj_Mepc+0
x8 <- 0x0000030080000F39

mem[X,0x00000000800016CC] -> 0x3823
mem[X,0x00000000800016CE] -> 0x0083
[1703] [M]: 0x00000000800016CC (0x00833823) sd x8, 0x10(x6)                         sv_Mepc+0
mem[W,0x0000000080009428] <- 0x0000030080000F39

clint mtime 0x0000000000000354 (mip.MTI <- 0b1, mip.STI <- 0b0)
mem[X,0x00000000800016D0] -> 0x55B7
mem[X,0x00000000800016D2] -> 0x0000
[1704] [M]: 0x00000000800016D0 (0x000055B7) lui x11, 0x5                            sv_Mepc+4
x11 <- 0x0000000000005000

mem[X,0x00000000800016D4] -> 0x8593
mem[X,0x00000000800016D6] -> 0x6675
[1705] [M]: 0x00000000800016D4 (0x66758593) addi x11, x11, 0x667                    sv_Mepc+8
x11 <- 0x0000000000005667

clint mtime 0x0000000000000355 (mip.MTI <- 0b1, mip.STI <- 0b0)
mem[X,0x00000000800016D8] -> 0x9593
mem[X,0x00000000800016DA] -> 0x0015
[1706] [M]: 0x00000000800016D8 (0x00159593) slli x11, x11, 0x1                      sv_Mepc+12
x11 <- 0x000000000000ACCE

mem[X,0x00000000800016DC] -> 0x9063
mem[X,0x00000000800016DE] -> 0x02B1
[1707] [M]: 0x00000000800016DC (0x02B19063) bne x3, x11, 0x20                       sv_Mepc+16

clint mtime 0x0000000000000356 (mip.MTI <- 0b1, mip.STI <- 0b0)
mem[X,0x00000000800016E0] -> 0x2473
mem[X,0x00000000800016E2] -> 0x3420
[1708] [M]: 0x00000000800016E0 (0x34202473) csrrs x8, mcause, x0                    sv_Mepc+20
CSR mcause (0x342) -> 0x0000000000000002
x8 <- 0x0000000000000002

mem[X,0x00000000800016E4] -> 0x0593
mem[X,0x00000000800016E6] -> 0x00C0
[1709] [M]: 0x00000000800016E4 (0x00C00593) addi x11, x0, 0xc                       sv_Mepc+24
x11 <- 0x000000000000000C

clint mtime 0x0000000000000357 (mip.MTI <- 0b1, mip.STI <- 0b0)
mem[X,0x00000000800016E8] -> 0x0663
mem[X,0x00000000800016EA] -> 0x00B4
[1710] [M]: 0x00000000800016E8 (0x00B40663) beq x8, x11, 0xc                        sv_Mepc+28

mem[X,0x00000000800016EC] -> 0x0593
mem[X,0x00000000800016EE] -> 0x0010
[1711] [M]: 0x00000000800016EC (0x00100593) addi x11, x0, 0x1                       sv_Mepc+32
x11 <- 0x0000000000000001

clint mtime 0x0000000000000358 (mip.MTI <- 0b1, mip.STI <- 0b0)
mem[X,0x00000000800016F0] -> 0x1663
mem[X,0x00000000800016F2] -> 0x00B4
[1712] [M]: 0x00000000800016F0 (0x00B41663) bne x8, x11, 0xc                        sv_Mepc+36

mem[X,0x00000000800016FC] -> 0xF593
mem[X,0x00000000800016FE] -> 0xFFC3
[1713] [M]: 0x00000000800016FC (0xFFC3F593) andi x11, x7, -0x4                      adj_Mepc_rtn+0
x11 <- 0x0000030080000F38

clint mtime 0x0000000000000359 (mip.MTI <- 0b1, mip.STI <- 0b0)
mem[X,0x0000000080001700] -> 0x8593
mem[X,0x0000000080001702] -> 0x0085
[1714] [M]: 0x0000000080001700 (0x00858593) addi x11, x11, 0x8                      adj_Mepc_rtn+4
x11 <- 0x0000030080000F40

mem[X,0x0000000080001704] -> 0x9073
mem[X,0x0000000080001706] -> 0x3415
[1715] [M]: 0x0000000080001704 (0x34159073) csrrw x0, mepc, x11                     adj_Mepc_rtn+8
CSR mepc (0x341) <- 0x0000030080000F40

clint mtime 0x000000000000035A (mip.MTI <- 0b1, mip.STI <- 0b0)
mem[X,0x0000000080001708] -> 0x23F3
mem[X,0x000000008000170A] -> 0x3430
[1716] [M]: 0x0000000080001708 (0x343023F3) csrrs x7, mtval, x0                     skp_adj_Mepc+0
CSR mtval (0x343) -> 0x00000000341494F3
x7 <- 0x00000000341494F3

mem[X,0x000000008000170C] -> 0x0413
mem[X,0x000000008000170E] -> 0x0004
[1717] [M]: 0x000000008000170C (0x00040413) addi x8, x8, 0x0                        skp_adj_Mepc+4
x8 <- 0x0000000000000002

clint mtime 0x000000000000035B (mip.MTI <- 0b1, mip.STI <- 0b0)
mem[X,0x0000000080001710] -> 0x006F
mem[X,0x0000000080001712] -> 0x0840
[1718] [M]: 0x0000000080001710 (0x0840006F) jal x0, 0x84                            skp_adj_Mepc+8

mem[X,0x0000000080001794] -> 0x8433
mem[X,0x0000000080001796] -> 0x4083
[1719] [M]: 0x0000000080001794 (0x40838433) sub x8, x7, x8                          adj_Mtval+0
x8 <- 0x00000000341494F1

clint mtime 0x000000000000035C (mip.MTI <- 0b1, mip.STI <- 0b0)
mem[X,0x0000000080001798] -> 0x3C23
mem[X,0x000000008000179A] -> 0x0083
[1720] [M]: 0x0000000080001798 (0x00833C23) sd x8, 0x18(x6)                         sv_Mtval+0
mem[W,0x0000000080009430] <- 0x00000000341494F1

mem[X,0x000000008000179C] -> 0x3483
mem[X,0x000000008000179E] -> 0x2181
[1721] [M]: 0x000000008000179C (0x21813483) ld x9, 0x218(x2)                        skp_Mtval+0
mem[R,0x0000000080004218] -> 0x0000000080009438
x9 <- 0x0000000080009438

clint mtime 0x000000000000035D (mip.MTI <- 0b1, mip.STI <- 0b0)
mem[X,0x00000000800017A0] -> 0x3383
mem[X,0x00000000800017A2] -> 0x1F81
[1722] [M]: 0x00000000800017A0 (0x1F813383) ld x7, 0x1f8(x2)                        skp_Mtval+4
mem[R,0x00000000800041F8] -> 0x0000000080009110
x7 <- 0x0000000080009110

mem[X,0x00000000800017A4] -> 0x3303
mem[X,0x00000000800017A6] -> 0x2001
[1723] [M]: 0x00000000800017A4 (0x20013303) ld x6, 0x200(x2)                        skp_Mtval+8
mem[R,0x0000000080004200] -> 0x0000000000000410
x6 <- 0x0000000000000410

clint mtime 0x000000000000035E (mip.MTI <- 0b1, mip.STI <- 0b0)
mem[X,0x00000000800017A8] -> 0x0333
mem[X,0x00000000800017AA] -> 0x0073
[1724] [M]: 0x00000000800017A8 (0x00730333) add x6, x6, x7                          skp_Mtval+12
x6 <- 0x0000000080009520

mem[X,0x00000000800017AC] -> 0x6AE3
mem[X,0x00000000800017AE] -> 0xAE93
[1725] [M]: 0x00000000800017AC (0xAE936AE3) bltu x6, x9, -0x50c                     skp_Mtval+16

clint mtime 0x000000000000035F (mip.MTI <- 0b1, mip.STI <- 0b0)
mem[X,0x00000000800017B0] -> 0x0393
mem[X,0x00000000800017B2] -> 0x2000
[1726] [M]: 0x00000000800017B0 (0x20000393) addi x7, x0, 0x200                      skp_Mtval+20
x7 <- 0x0000000000000200

mem[X,0x00000000800017B4] -> 0x006F
mem[X,0x00000000800017B6] -> 0x0400
[1727] [M]: 0x00000000800017B4 (0x0400006F) jal x0, 0x40                            skp_Mtval+24

clint mtime 0x0000000000000360 (mip.MTI <- 0b1, mip.STI <- 0b0)
mem[X,0x00000000800017F4] -> 0x0417
mem[X,0x00000000800017F6] -> 0x0000
[1728] [M]: 0x00000000800017F4 (0x00000417) auipc x8, 0x0                           spcl_Mhandler+0
x8 <- 0x00000000800017F4

mem[X,0x00000000800017F8] -> 0x0413
mem[X,0x00000000800017FA] -> 0x03C4
[1729] [M]: 0x00000000800017F8 (0x03C40413) addi x8, x8, 0x3c                       spcl_Mhandler+4
x8 <- 0x0000000080001830

clint mtime 0x0000000000000361 (mip.MTI <- 0b1, mip.STI <- 0b0)
mem[X,0x00000000800017FC] -> 0x0433
mem[X,0x00000000800017FE] -> 0x0074
[1730] [M]: 0x00000000800017FC (0x00740433) add x8, x8, x7                          spcl_Mhandler+8
x8 <- 0x0000000080001A30

mem[X,0x0000000080001800] -> 0x1393
mem[X,0x0000000080001802] -> 0x0035
[1731] [M]: 0x0000000080001800 (0x00351393) slli x7, x10, 0x3                       spcl_Mhandler+12
x7 <- 0x0000000000000010

clint mtime 0x0000000000000362 (mip.MTI <- 0b1, mip.STI <- 0b0)
mem[X,0x0000000080001804] -> 0x0433
mem[X,0x0000000080001806] -> 0x0074
[1732] [M]: 0x0000000080001804 (0x00740433) add x8, x8, x7                          spcl_Mhandler+16
x8 <- 0x0000000080001A40

mem[X,0x0000000080001808] -> 0x7413
mem[X,0x000000008000180A] -> 0xFF84
[1733] [M]: 0x0000000080001808 (0xFF847413) andi x8, x8, -0x8                       spcl_Mhandler+20
x8 <- 0x0000000080001A40

clint mtime 0x0000000000000363 (mip.MTI <- 0b1, mip.STI <- 0b0)
mem[X,0x000000008000180C] -> 0x3403
mem[X,0x000000008000180E] -> 0x0004
[1734] [M]: 0x000000008000180C (0x00043403) ld x8, 0x0(x8)                          spcl_Mhandler+24
mem[R,0x0000000080001A40] -> 0x0000000000000005
x8 <- 0x0000000000000005

mem[X,0x0000000080001810] -> 0x02E3
mem[X,0x0000000080001812] -> 0xB204
[1735] [M]: 0x0000000080001810 (0xB20402E3) beq x8, x0, -0x4dc                      spcl_Mdispatch_hndling+0

clint mtime 0x0000000000000364 (mip.MTI <- 0b1, mip.STI <- 0b0)
mem[X,0x0000000080001814] -> 0x1393
mem[X,0x0000000080001816] -> 0x03F4
[1736] [M]: 0x0000000080001814 (0x03F41393) slli x7, x8, 0x3f                       spcl_Mdispatch_hndling+4
x7 <- 0x8000000000000000

mem[X,0x0000000080001818] -> 0xD863
mem[X,0x000000008000181A] -> 0x0003
[1737] [M]: 0x0000000080001818 (0x0003D863) bge x7, x0, 0x10                        spcl_Mdispatch_hndling+8

clint mtime 0x0000000000000365 (mip.MTI <- 0b1, mip.STI <- 0b0)
mem[X,0x000000008000181C] -> 0x5413
mem[X,0x000000008000181E] -> 0x0014
[1738] [M]: 0x000000008000181C (0x00145413) srli x8, x8, 0x1                        spcl_Mdispatch_hndling+12
x8 <- 0x0000000000000002

mem[X,0x0000000080001820] -> 0x0CE3
mem[X,0x0000000080001822] -> 0xF885
[1739] [M]: 0x0000000080001820 (0xF8850CE3) beq x10, x8, -0x68                      spcl_Mdispatch_hndling+16

clint mtime 0x0000000000000366 (mip.MTI <- 0b1, mip.STI <- 0b0)
mem[X,0x00000000800017B8] -> 0x3303
mem[X,0x00000000800017BA] -> 0x2601
[1740] [M]: 0x00000000800017B8 (0x26013303) ld x6, 0x260(x2)                        resto_Mrtn+0
mem[R,0x0000000080004260] -> 0xFFFFFFFF7FFFF28C
x6 <- 0xFFFFFFFF7FFFF28C

mem[X,0x00000000800017BC] -> 0x3383
mem[X,0x00000000800017BE] -> 0x2681
[1741] [M]: 0x00000000800017BC (0x26813383) ld x7, 0x268(x2)                        resto_Mrtn+4
mem[R,0x0000000080004268] -> 0x0000000080004000
x7 <- 0x0000000080004000

clint mtime 0x0000000000000367 (mip.MTI <- 0b1, mip.STI <- 0b0)
mem[X,0x00000000800017C0] -> 0x3403
mem[X,0x00000000800017C2] -> 0x2701
[1742] [M]: 0x00000000800017C0 (0x27013403) ld x8, 0x270(x2)                        resto_Mrtn+8
mem[R,0x0000000080004270] -> 0x0000000000007F76
x8 <- 0x0000000000007F76

mem[X,0x00000000800017C4] -> 0x3483
mem[X,0x00000000800017C6] -> 0x2781
[1743] [M]: 0x00000000800017C4 (0x27813483) ld x9, 0x278(x2)                        resto_Mrtn+12
mem[R,0x0000000080004278] -> 0x00000300000001BC
x9 <- 0x00000300000001BC

clint mtime 0x0000000000000368 (mip.MTI <- 0b1, mip.STI <- 0b0)
mem[X,0x00000000800017C8] -> 0x3503
mem[X,0x00000000800017CA] -> 0x2801
[1744] [M]: 0x00000000800017C8 (0x28013503) ld x10, 0x280(x2)                       resto_Mrtn+16
mem[R,0x0000000080004280] -> 0x00000000200000DE
x10 <- 0x00000000200000DE

mem[X,0x00000000800017CC] -> 0x3583
mem[X,0x00000000800017CE] -> 0x2881
[1745] [M]: 0x00000000800017CC (0x28813583) ld x11, 0x288(x2)                       resto_Mrtn+20
mem[R,0x0000000080004288] -> 0x00000000000000DE
x11 <- 0x00000000000000DE

clint mtime 0x0000000000000369 (mip.MTI <- 0b1, mip.STI <- 0b0)
mem[X,0x00000000800017D0] -> 0x3103
mem[X,0x00000000800017D2] -> 0x2901
[1746] [M]: 0x00000000800017D0 (0x29013103) ld x2, 0x290(x2)                        resto_Mrtn+24
mem[R,0x0000000080004290] -> 0x0000000000000000
x2 <- 0x0000000000000000

mem[X,0x00000000800017D4] -> 0x0073
mem[X,0x00000000800017D6] -> 0x3020
[1747] [M]: 0x00000000800017D4 (0x30200073) mret                                    resto_Mrtn+28
CSR mstatus (0x300) <- 0x0000000A00000080
ret-ing from M to U

clint mtime 0x000000000000036A (mip.MTI <- 0b1, mip.STI <- 0b0)
mem[X,0x0000000080000F40] -> 0x07B7
mem[X,0x0000000080000F42] -> 0x0000
[1748] [U]: 0x0000030080000F40 (0x000007B7) lui x15, 0x0                            va_rvtest_code_begin+1924
x15 <- 0x0000000000000000

mem[X,0x0000000080000F44] -> 0x8793
mem[X,0x0000000080000F46] -> 0x2807
[1749] [U]: 0x0000030080000F44 (0x28078793) addi x15, x15, 0x280                    va_rvtest_code_begin+1928
x15 <- 0x0000000000000280

clint mtime 0x000000000000036B (mip.MTI <- 0b1, mip.STI <- 0b0)
mem[X,0x0000000080000F48] -> 0x9793
mem[X,0x0000000080000F4A] -> 0x00B7
[1750] [U]: 0x0000030080000F48 (0x00B79793) slli x15, x15, 0xb                      va_rvtest_code_begin+1932
x15 <- 0x0000000000140000

mem[X,0x0000000080000F4C] -> 0x8793
mem[X,0x0000000080000F4E] -> 0x0007
[1751] [U]: 0x0000030080000F4C (0x00078793) addi x15, x15, 0x0                      va_rvtest_code_begin+1936
x15 <- 0x0000000000140000

clint mtime 0x000000000000036C (mip.MTI <- 0b1, mip.STI <- 0b0)
mem[X,0x0000000080000F50] -> 0x9793
mem[X,0x0000000080000F52] -> 0x00B7
[1752] [U]: 0x0000030080000F50 (0x00B79793) slli x15, x15, 0xb                      va_rvtest_code_begin+1940
x15 <- 0x00000000A0000000

mem[X,0x0000000080000F54] -> 0x8793
mem[X,0x0000000080000F56] -> 0x0017
[1753] [U]: 0x0000030080000F54 (0x00178793) addi x15, x15, 0x1                      va_rvtest_code_begin+1944
x15 <- 0x00000000A0000001

clint mtime 0x000000000000036D (mip.MTI <- 0b1, mip.STI <- 0b0)
mem[X,0x0000000080000F58] -> 0x9793
mem[X,0x0000000080000F5A] -> 0x00A7
[1754] [U]: 0x0000030080000F58 (0x00A79793) slli x15, x15, 0xa                      va_rvtest_code_begin+1948
x15 <- 0x0000028000000400

mem[X,0x0000000080000F5C] -> 0x0613
mem[X,0x0000000080000F5E] -> 0x0106
[1755] [U]: 0x0000030080000F5C (0x01060613) addi x12, x12, 0x10                     va_rvtest_code_begin+1952
x12 <- 0x0000000000000030

clint mtime 0x000000000000036E (mip.MTI <- 0b1, mip.STI <- 0b0)
mem[X,0x0000000080000F60] -> 0xAA23
mem[X,0x0000000080000F62] -> 0x00C7
[1756] [U]: 0x0000030080000F60 (0x00C7AA23) sw x12, 0x14(x15)                       va_rvtest_code_begin+1956
PTW: Start, vpn=0x28000000, access_type=W, privilege=Umem[R,0x0000000080008028] -> 0x0000000020001C01
PTW: Step, level=3, pte=0x20001C01, pte_addr=0x80008028
PTW: Start, vpn=0x28000000, access_type=W, privilege=Umem[R,0x0000000080007000] -> 0x0000000020001801
PTW: Step, level=2, pte=0x20001801, pte_addr=0x80007000
PTW: Start, vpn=0x28000000, access_type=W, privilege=Umem[R,0x0000000080006000] -> 0x00000000200000DE
PTW: Step, level=1, pte=0x200000DE, pte_addr=0x80006000
PTW: failed, error=invalid-pte, level=1, pte_addr=0x80006000
trapping from U to M to handle store/amo-page-fault
handling exc#store/amo-page-fault at priv M with tval 0x0000028000000414
CSR mstatus (0x300) <- 0x0000000A00000000
CSR mcause (0x342) <- 0x000000000000000F
CSR mtval (0x343) <- 0x0000028000000414
CSR mepc (0x341) <- 0x0000030080000F60

mem[X,0x0000000080001380] -> 0x006F
mem[X,0x0000000080001382] -> 0x1000
[1757] [M]: 0x0000000080001380 (0x1000006F) jal x0, 0x100                           Mtrampoline+0

clint mtime 0x000000000000036F (mip.MTI <- 0b1, mip.STI <- 0b0)
mem[X,0x0000000080001480] -> 0x1173
mem[X,0x0000000080001482] -> 0x3401
[1758] [M]: 0x0000000080001480 (0x34011173) csrrw x2, mscratch, x2                  trap_Mhandler+0
CSR mscratch (0x340) <- 0x0000000000000000
x2 <- 0x0000000080004000

mem[X,0x0000000080001484] -> 0x3423
mem[X,0x0000000080001486] -> 0x28B1
[1759] [M]: 0x0000000080001484 (0x28B13423) sd x11, 0x288(x2)                       trap_Mhandler+4
mem[W,0x0000000080004288] <- 0x00000000000000DE

clint mtime 0x0000000000000370 (mip.MTI <- 0b1, mip.STI <- 0b0)
mem[X,0x0000000080001488] -> 0x05EF
mem[X,0x000000008000148A] -> 0x0B80
[1760] [M]: 0x0000000080001488 (0x0B8005EF) jal x11, 0xb8                           trap_Mhandler+8
x11 <- 0x000000008000148C

mem[X,0x0000000080001540] -> 0x3023
mem[X,0x0000000080001542] -> 0x28A1
[1761] [M]: 0x0000000080001540 (0x28A13023) sd x10, 0x280(x2)                       common_Mhandler+0
mem[W,0x0000000080004280] <- 0x00000000200000DE

clint mtime 0x0000000000000371 (mip.MTI <- 0b1, mip.STI <- 0b0)
mem[X,0x0000000080001544] -> 0x1573
mem[X,0x0000000080001546] -> 0x3401
[1762] [M]: 0x0000000080001544 (0x34011573) csrrw x10, mscratch, x2                 common_Mhandler+4
CSR mscratch (0x340) <- 0x0000000080004000
x10 <- 0x0000000000000000

mem[X,0x0000000080001548] -> 0x3823
mem[X,0x000000008000154A] -> 0x28A1
[1763] [M]: 0x0000000080001548 (0x28A13823) sd x10, 0x290(x2)                       common_Mhandler+8
mem[W,0x0000000080004290] <- 0x0000000000000000

clint mtime 0x0000000000000372 (mip.MTI <- 0b1, mip.STI <- 0b0)
mem[X,0x000000008000154C] -> 0x3503
mem[X,0x000000008000154E] -> 0x2301
[1764] [M]: 0x000000008000154C (0x23013503) ld x10, 0x230(x2)                       common_Mhandler+12
mem[R,0x0000000080004230] -> 0x0000000080001554
x10 <- 0x0000000080001554

mem[X,0x0000000080001550] -> 0x0067
mem[X,0x0000000080001552] -> 0x0005
[1765] [M]: 0x0000000080001550 (0x00050067) jalr x0, 0x0(x10)                       common_Mhandler+16

clint mtime 0x0000000000000373 (mip.MTI <- 0b1, mip.STI <- 0b0)
mem[X,0x0000000080001554] -> 0x3C23
mem[X,0x0000000080001556] -> 0x2691
[1766] [M]: 0x0000000080001554 (0x26913C23) sd x9, 0x278(x2)                        common_Mentry+0
mem[W,0x0000000080004278] <- 0x00000300000001BC

mem[X,0x0000000080001558] -> 0x3823
mem[X,0x000000008000155A] -> 0x2681
[1767] [M]: 0x0000000080001558 (0x26813823) sd x8, 0x270(x2)                        common_Mentry+4
mem[W,0x0000000080004270] <- 0x0000000000007F76

clint mtime 0x0000000000000374 (mip.MTI <- 0b1, mip.STI <- 0b0)
mem[X,0x000000008000155C] -> 0x3423
mem[X,0x000000008000155E] -> 0x2671
[1768] [M]: 0x000000008000155C (0x26713423) sd x7, 0x268(x2)                        common_Mentry+8
mem[W,0x0000000080004268] <- 0x0000000080004000

mem[X,0x0000000080001560] -> 0x3023
mem[X,0x0000000080001562] -> 0x2661
[1769] [M]: 0x0000000080001560 (0x26613023) sd x6, 0x260(x2)                        common_Mentry+12
mem[W,0x0000000080004260] <- 0xFFFFFFFF7FFFF28C

clint mtime 0x0000000000000375 (mip.MTI <- 0b1, mip.STI <- 0b0)
mem[X,0x0000000080001564] -> 0x2573
mem[X,0x0000000080001566] -> 0x3420
[1770] [M]: 0x0000000080001564 (0x34202573) csrrs x10, mcause, x0                   spcl_M2mmode_test+0
CSR mcause (0x342) -> 0x000000000000000F
x10 <- 0x000000000000000F

mem[X,0x0000000080001568] -> 0x04B7
mem[X,0x000000008000156A] -> 0x8000
[1771] [M]: 0x0000000080001568 (0x800004B7) lui x9, -0x80000                        spcl_M2mmode_test+4
x9 <- 0xFFFFFFFF80000000

clint mtime 0x0000000000000376 (mip.MTI <- 0b1, mip.STI <- 0b0)
mem[X,0x000000008000156C] -> 0x8493
mem[X,0x000000008000156E] -> 0x0004
[1772] [M]: 0x000000008000156C (0x00048493) addi x9, x9, 0x0                        spcl_M2mmode_test+8
x9 <- 0xFFFFFFFF80000000

mem[X,0x0000000080001570] -> 0x9493
mem[X,0x0000000080001572] -> 0x00B4
[1773] [M]: 0x0000000080001570 (0x00B49493) slli x9, x9, 0xb                        spcl_M2mmode_test+12
x9 <- 0xFFFFFC0000000000

clint mtime 0x0000000000000377 (mip.MTI <- 0b1, mip.STI <- 0b0)
mem[X,0x0000000080001574] -> 0x8493
mem[X,0x0000000080001576] -> 0x0004
[1774] [M]: 0x0000000080001574 (0x00048493) addi x9, x9, 0x0                        spcl_M2mmode_test+16
x9 <- 0xFFFFFC0000000000

mem[X,0x0000000080001578] -> 0x9493
mem[X,0x000000008000157A] -> 0x00B4
[1775] [M]: 0x0000000080001578 (0x00B49493) slli x9, x9, 0xb                        spcl_M2mmode_test+20
x9 <- 0xFFE0000000000000

clint mtime 0x0000000000000378 (mip.MTI <- 0b1, mip.STI <- 0b0)
mem[X,0x000000008000157C] -> 0x8493
mem[X,0x000000008000157E] -> 0x0034
[1776] [M]: 0x000000008000157C (0x00348493) addi x9, x9, 0x3                        spcl_M2mmode_test+24
x9 <- 0xFFE0000000000003

mem[X,0x0000000080001580] -> 0x9493
mem[X,0x0000000080001582] -> 0x00A4
[1777] [M]: 0x0000000080001580 (0x00A49493) slli x9, x9, 0xa                        spcl_M2mmode_test+28
x9 <- 0x8000000000000C00

clint mtime 0x0000000000000379 (mip.MTI <- 0b1, mip.STI <- 0b0)
mem[X,0x0000000080001584] -> 0x8493
mem[X,0x0000000080001586] -> 0x3FC4
[1778] [M]: 0x0000000080001584 (0x3FC48493) addi x9, x9, 0x3fc                      spcl_M2mmode_test+32
x9 <- 0x8000000000000FFC

mem[X,0x0000000080001588] -> 0xF4B3
mem[X,0x000000008000158A] -> 0x00A4
[1779] [M]: 0x0000000080001588 (0x00A4F4B3) and x9, x9, x10                         spcl_M2mmode_test+36
x9 <- 0x000000000000000C

clint mtime 0x000000000000037A (mip.MTI <- 0b1, mip.STI <- 0b0)
mem[X,0x000000008000158C] -> 0x8493
mem[X,0x000000008000158E] -> 0xFF84
[1780] [M]: 0x000000008000158C (0xFF848493) addi x9, x9, -0x8                       spcl_M2mmode_test+40
x9 <- 0x0000000000000004

mem[X,0x0000000080001590] -> 0x9663
mem[X,0x0000000080001592] -> 0x0004
[1781] [M]: 0x0000000080001590 (0x00049663) bne x9, x0, 0xc                         spcl_M2mmode_test+44

clint mtime 0x000000000000037B (mip.MTI <- 0b1, mip.STI <- 0b0)
mem[X,0x000000008000159C] -> 0x0393
mem[X,0x000000008000159E] -> 0x0200
[1782] [M]: 0x000000008000159C (0x02000393) addi x7, x0, 0x20                       Mtrapsig_ptr_upd+0
x7 <- 0x0000000000000020

mem[X,0x00000000800015A0] -> 0x5263
mem[X,0x00000000800015A2] -> 0x0405
[1783] [M]: 0x00000000800015A0 (0x04055263) bge x10, x0, 0x44                       Mtrapsig_ptr_upd+4

clint mtime 0x000000000000037C (mip.MTI <- 0b1, mip.STI <- 0b0)
mem[X,0x00000000800015E4] -> 0x2373
mem[X,0x00000000800015E6] -> 0x3010
[1784] [M]: 0x00000000800015E4 (0x30102373) csrrs x6, misa, x0                      Mxcpt_sig_sv+0
CSR misa (0x301) -> 0x800000000034112F
x6 <- 0x800000000034112F

mem[X,0x00000000800015E8] -> 0x1313
mem[X,0x00000000800015EA] -> 0x0383
[1785] [M]: 0x00000000800015E8 (0x03831313) slli x6, x6, 0x38                       Mxcpt_sig_sv+4
x6 <- 0x2F00000000000000

clint mtime 0x000000000000037D (mip.MTI <- 0b1, mip.STI <- 0b0)
mem[X,0x00000000800015EC] -> 0x5463
mem[X,0x00000000800015EE] -> 0x0003
[1786] [M]: 0x00000000800015EC (0x00035463) bge x6, x0, 0x8                         Mxcpt_sig_sv+8

mem[X,0x00000000800015F4] -> 0x3303
mem[X,0x00000000800015F6] -> 0x2181
[1787] [M]: 0x00000000800015F4 (0x21813303) ld x6, 0x218(x2)                        Mtrap_sig_sv+0
mem[R,0x0000000080004218] -> 0x0000000080009438
x6 <- 0x0000000080009438

clint mtime 0x000000000000037E (mip.MTI <- 0b1, mip.STI <- 0b0)
mem[X,0x00000000800015F8] -> 0x04B3
mem[X,0x00000000800015FA] -> 0x0073
[1788] [M]: 0x00000000800015F8 (0x007304B3) add x9, x6, x7                          Mtrap_sig_sv+4
x9 <- 0x0000000080009458

mem[X,0x00000000800015FC] -> 0x3C23
mem[X,0x00000000800015FE] -> 0x2091
[1789] [M]: 0x00000000800015FC (0x20913C23) sd x9, 0x218(x2)                        Mtrap_sig_sv+8
mem[W,0x0000000080004218] <- 0x0000000080009458

clint mtime 0x000000000000037F (mip.MTI <- 0b1, mip.STI <- 0b0)
mem[X,0x0000000080001600] -> 0x3403
mem[X,0x0000000080001602] -> 0x1F81
[1790] [M]: 0x0000000080001600 (0x1F813403) ld x8, 0x1f8(x2)                        Mtrap_sig_sv+12
mem[R,0x00000000800041F8] -> 0x0000000080009110
x8 <- 0x0000000080009110

mem[X,0x0000000080001604] -> 0x0333
mem[X,0x0000000080001606] -> 0x4083
[1791] [M]: 0x0000000080001604 (0x40830333) sub x6, x6, x8                          Mtrap_sig_sv+16
x6 <- 0x0000000000000328

clint mtime 0x0000000000000380 (mip.MTI <- 0b1, mip.STI <- 0b0)
mem[X,0x0000000080001608] -> 0x3403
mem[X,0x000000008000160A] -> 0x1F81
[1792] [M]: 0x0000000080001608 (0x1F813403) ld x8, 0x1f8(x2)                        Mtrap_sig_sv+20
mem[R,0x00000000800041F8] -> 0x0000000080009110
x8 <- 0x0000000080009110

mem[X,0x000000008000160C] -> 0x0333
mem[X,0x000000008000160E] -> 0x0083
[1793] [M]: 0x000000008000160C (0x00830333) add x6, x6, x8                          Mtrap_sig_sv+24
x6 <- 0x0000000080009438

clint mtime 0x0000000000000381 (mip.MTI <- 0b1, mip.STI <- 0b0)
mem[X,0x0000000080001610] -> 0x3403
mem[X,0x0000000080001612] -> 0x2401
[1794] [M]: 0x0000000080001610 (0x24013403) ld x8, 0x240(x2)                        Mtrap_sig_sv+28
mem[R,0x0000000080004240] -> 0x0000000080001380
x8 <- 0x0000000080001380

mem[X,0x0000000080001614] -> 0x85B3
mem[X,0x0000000080001616] -> 0x4085
[1795] [M]: 0x0000000080001614 (0x408585B3) sub x11, x11, x8                        sv_Mvect+0
x11 <- 0x000000000000010C

clint mtime 0x0000000000000382 (mip.MTI <- 0b1, mip.STI <- 0b0)
mem[X,0x0000000080001618] -> 0x9593
mem[X,0x000000008000161A] -> 0x0045
[1796] [M]: 0x0000000080001618 (0x00459593) slli x11, x11, 0x4                      sv_Mvect+4
x11 <- 0x00000000000010C0

mem[X,0x000000008000161C] -> 0xE5B3
mem[X,0x000000008000161E] -> 0x0075
[1797] [M]: 0x000000008000161C (0x0075E5B3) or x11, x11, x7                         sv_Mvect+8
x11 <- 0x00000000000010E0

clint mtime 0x0000000000000383 (mip.MTI <- 0b1, mip.STI <- 0b0)
mem[X,0x0000000080001620] -> 0x8593
mem[X,0x0000000080001622] -> 0x0035
[1798] [M]: 0x0000000080001620 (0x00358593) addi x11, x11, 0x3                      sv_Mvect+12
x11 <- 0x00000000000010E3

mem[X,0x0000000080001624] -> 0x3023
mem[X,0x0000000080001626] -> 0x00B3
[1799] [M]: 0x0000000080001624 (0x00B33023) sd x11, 0x0(x6)                         sv_Mvect+16
mem[W,0x0000000080009438] <- 0x00000000000010E3

clint mtime 0x0000000000000384 (mip.MTI <- 0b1, mip.STI <- 0b0)
mem[X,0x0000000080001628] -> 0x3423
mem[X,0x000000008000162A] -> 0x00A3
[1800] [M]: 0x0000000080001628 (0x00A33423) sd x10, 0x8(x6)                         sv_Mcause+0
mem[W,0x0000000080009440] <- 0x000000000000000F

mem[X,0x000000008000162C] -> 0x4663
mem[X,0x000000008000162E] -> 0x1A05
[1801] [M]: 0x000000008000162C (0x1A054663) blt x10, x0, 0x1ac                      sv_Mcause+4

clint mtime 0x0000000000000385 (mip.MTI <- 0b1, mip.STI <- 0b0)
mem[X,0x0000000080001630] -> 0x25F3
mem[X,0x0000000080001632] -> 0x3000
[1802] [M]: 0x0000000080001630 (0x300025F3) csrrs x11, mstatus, x0                  common_Mexcpt_handler+0
CSR mstatus (0x300) -> 0x0000000A00000000
x11 <- 0x0000000A00000000

mem[X,0x0000000080001634] -> 0x9413
mem[X,0x0000000080001636] -> 0x02E5
[1803] [M]: 0x0000000080001634 (0x02E59413) slli x8, x11, 0x2e                      common_Mexcpt_handler+4
x8 <- 0x0000000000000000

clint mtime 0x0000000000000386 (mip.MTI <- 0b1, mip.STI <- 0b0)
mem[X,0x0000000080001638] -> 0x5463
mem[X,0x000000008000163A] -> 0x0004
[1804] [M]: 0x0000000080001638 (0x00045463) bge x8, x0, 0x8                         common_Mexcpt_handler+8

mem[X,0x0000000080001640] -> 0xD493
mem[X,0x0000000080001642] -> 0x00B5
[1805] [M]: 0x0000000080001640 (0x00B5D493) srli x9, x11, 0xb                       common_Mexcpt_handler+16
x9 <- 0x0000000001400000

clint mtime 0x0000000000000387 (mip.MTI <- 0b1, mip.STI <- 0b0)
mem[X,0x0000000080001644] -> 0xF493
mem[X,0x0000000080001646] -> 0x0034
[1806] [M]: 0x0000000080001644 (0x0034F493) andi x9, x9, 0x3                        common_Mexcpt_handler+20
x9 <- 0x0000000000000000

mem[X,0x0000000080001648] -> 0x8493
mem[X,0x000000008000164A] -> 0x0014
[1807] [M]: 0x0000000080001648 (0x00148493) addi x9, x9, 0x1                        common_Mexcpt_handler+24
x9 <- 0x0000000000000001

clint mtime 0x0000000000000388 (mip.MTI <- 0b1, mip.STI <- 0b0)
mem[X,0x000000008000164C] -> 0xF493
mem[X,0x000000008000164E] -> 0x0044
[1808] [M]: 0x000000008000164C (0x0044F493) andi x9, x9, 0x4                        common_Mexcpt_handler+28
x9 <- 0x0000000000000000

mem[X,0x0000000080001650] -> 0x0593
mem[X,0x0000000080001652] -> 0x05D0
[1809] [M]: 0x0000000080001650 (0x05D00593) addi x11, x0, 0x5d                      common_Mexcpt_handler+32
x11 <- 0x000000000000005D

clint mtime 0x0000000000000389 (mip.MTI <- 0b1, mip.STI <- 0b0)
mem[X,0x0000000080001654] -> 0xD5B3
mem[X,0x0000000080001656] -> 0x0095
[1810] [M]: 0x0000000080001654 (0x0095D5B3) srl x11, x11, x9                        common_Mexcpt_handler+36
x11 <- 0x000000000000005D

mem[X,0x0000000080001658] -> 0xF593
mem[X,0x000000008000165A] -> 0x0015
[1811] [M]: 0x0000000080001658 (0x0015F593) andi x11, x11, 0x1                      common_Mexcpt_handler+40
x11 <- 0x0000000000000001

clint mtime 0x000000000000038A (mip.MTI <- 0b1, mip.STI <- 0b0)
mem[X,0x000000008000165C] -> 0x8EE3
mem[X,0x000000008000165E] -> 0xF405
[1812] [M]: 0x000000008000165C (0xF4058EE3) beq x11, x0, -0xa4                      common_Mexcpt_handler+44

mem[X,0x0000000080001660] -> 0x0593
mem[X,0x0000000080001662] -> 0x2980
[1813] [M]: 0x0000000080001660 (0x29800593) addi x11, x0, 0x298                     common_Mexcpt_handler+48
x11 <- 0x0000000000000298

clint mtime 0x000000000000038B (mip.MTI <- 0b1, mip.STI <- 0b0)
mem[X,0x0000000080001664] -> 0xF413
mem[X,0x0000000080001666] -> 0x0014
[1814] [M]: 0x0000000080001664 (0x0014F413) andi x8, x9, 0x1                        common_Mexcpt_handler+52
x8 <- 0x0000000000000000

mem[X,0x0000000080001668] -> 0x95B3
mem[X,0x000000008000166A] -> 0x0085
[1815] [M]: 0x0000000080001668 (0x008595B3) sll x11, x11, x8                        common_Mexcpt_handler+56
x11 <- 0x0000000000000298

clint mtime 0x000000000000038C (mip.MTI <- 0b1, mip.STI <- 0b0)
mem[X,0x000000008000166C] -> 0x9413
mem[X,0x000000008000166E] -> 0x03D4
[1816] [M]: 0x000000008000166C (0x03D49413) slli x8, x9, 0x3d                       common_Mexcpt_handler+60
x8 <- 0x0000000000000000

mem[X,0x0000000080001670] -> 0x5413
mem[X,0x0000000080001672] -> 0x43F4
[1817] [M]: 0x0000000080001670 (0x43F45413) srai x8, x8, 0x3f                       common_Mexcpt_handler+64
x8 <- 0x0000000000000000

clint mtime 0x000000000000038D (mip.MTI <- 0b1, mip.STI <- 0b0)
mem[X,0x0000000080001674] -> 0x4413
mem[X,0x0000000080001676] -> 0xFFF4
[1818] [M]: 0x0000000080001674 (0xFFF44413) xori x8, x8, -0x1                       common_Mexcpt_handler+68
x8 <- 0xFFFFFFFFFFFFFFFF

mem[X,0x0000000080001678] -> 0xF4B3
mem[X,0x000000008000167A] -> 0x0085
[1819] [M]: 0x0000000080001678 (0x0085F4B3) and x9, x11, x8                         common_Mexcpt_handler+72
x9 <- 0x0000000000000298

clint mtime 0x000000000000038E (mip.MTI <- 0b1, mip.STI <- 0b0)
mem[X,0x000000008000167C] -> 0x84B3
mem[X,0x000000008000167E] -> 0x0024
[1820] [M]: 0x000000008000167C (0x002484B3) add x9, x9, x2                          vmem_adj_Mepc+0
x9 <- 0x0000000080004298

mem[X,0x0000000080001680] -> 0x23F3
mem[X,0x0000000080001682] -> 0x3410
[1821] [M]: 0x0000000080001680 (0x341023F3) csrrs x7, mepc, x0                      vmem_adj_Mepc+4
CSR mepc (0x341) -> 0x0000030080000F60
x7 <- 0x0000030080000F60

clint mtime 0x000000000000038F (mip.MTI <- 0b1, mip.STI <- 0b0)
mem[X,0x0000000080001684] -> 0x0413
mem[X,0x0000000080001686] -> 0x0004
[1822] [M]: 0x0000000080001684 (0x00040413) addi x8, x8, 0x0                        vmem_adj_Mepc+8
x8 <- 0xFFFFFFFFFFFFFFFF

mem[X,0x0000000080001688] -> 0x006F
mem[X,0x000000008000168A] -> 0x0400
[1823] [M]: 0x0000000080001688 (0x0400006F) jal x0, 0x40                            vmem_adj_Mepc+12

clint mtime 0x0000000000000390 (mip.MTI <- 0b1, mip.STI <- 0b0)
mem[X,0x00000000800016C8] -> 0x8433
mem[X,0x00000000800016CA] -> 0x4083
[1824] [M]: 0x00000000800016C8 (0x40838433) sub x8, x7, x8                          adj_Mepc+0
x8 <- 0x0000030080000F61

mem[X,0x00000000800016CC] -> 0x3823
mem[X,0x00000000800016CE] -> 0x0083
[1825] [M]: 0x00000000800016CC (0x00833823) sd x8, 0x10(x6)                         sv_Mepc+0
mem[W,0x0000000080009448] <- 0x0000030080000F61

clint mtime 0x0000000000000391 (mip.MTI <- 0b1, mip.STI <- 0b0)
mem[X,0x00000000800016D0] -> 0x55B7
mem[X,0x00000000800016D2] -> 0x0000
[1826] [M]: 0x00000000800016D0 (0x000055B7) lui x11, 0x5                            sv_Mepc+4
x11 <- 0x0000000000005000

mem[X,0x00000000800016D4] -> 0x8593
mem[X,0x00000000800016D6] -> 0x6675
[1827] [M]: 0x00000000800016D4 (0x66758593) addi x11, x11, 0x667                    sv_Mepc+8
x11 <- 0x0000000000005667

clint mtime 0x0000000000000392 (mip.MTI <- 0b1, mip.STI <- 0b0)
mem[X,0x00000000800016D8] -> 0x9593
mem[X,0x00000000800016DA] -> 0x0015
[1828] [M]: 0x00000000800016D8 (0x00159593) slli x11, x11, 0x1                      sv_Mepc+12
x11 <- 0x000000000000ACCE

mem[X,0x00000000800016DC] -> 0x9063
mem[X,0x00000000800016DE] -> 0x02B1
[1829] [M]: 0x00000000800016DC (0x02B19063) bne x3, x11, 0x20                       sv_Mepc+16

clint mtime 0x0000000000000393 (mip.MTI <- 0b1, mip.STI <- 0b0)
mem[X,0x00000000800016E0] -> 0x2473
mem[X,0x00000000800016E2] -> 0x3420
[1830] [M]: 0x00000000800016E0 (0x34202473) csrrs x8, mcause, x0                    sv_Mepc+20
CSR mcause (0x342) -> 0x000000000000000F
x8 <- 0x000000000000000F

mem[X,0x00000000800016E4] -> 0x0593
mem[X,0x00000000800016E6] -> 0x00C0
[1831] [M]: 0x00000000800016E4 (0x00C00593) addi x11, x0, 0xc                       sv_Mepc+24
x11 <- 0x000000000000000C

clint mtime 0x0000000000000394 (mip.MTI <- 0b1, mip.STI <- 0b0)
mem[X,0x00000000800016E8] -> 0x0663
mem[X,0x00000000800016EA] -> 0x00B4
[1832] [M]: 0x00000000800016E8 (0x00B40663) beq x8, x11, 0xc                        sv_Mepc+28

mem[X,0x00000000800016EC] -> 0x0593
mem[X,0x00000000800016EE] -> 0x0010
[1833] [M]: 0x00000000800016EC (0x00100593) addi x11, x0, 0x1                       sv_Mepc+32
x11 <- 0x0000000000000001

clint mtime 0x0000000000000395 (mip.MTI <- 0b1, mip.STI <- 0b0)
mem[X,0x00000000800016F0] -> 0x1663
mem[X,0x00000000800016F2] -> 0x00B4
[1834] [M]: 0x00000000800016F0 (0x00B41663) bne x8, x11, 0xc                        sv_Mepc+36

mem[X,0x00000000800016FC] -> 0xF593
mem[X,0x00000000800016FE] -> 0xFFC3
[1835] [M]: 0x00000000800016FC (0xFFC3F593) andi x11, x7, -0x4                      adj_Mepc_rtn+0
x11 <- 0x0000030080000F60

clint mtime 0x0000000000000396 (mip.MTI <- 0b1, mip.STI <- 0b0)
mem[X,0x0000000080001700] -> 0x8593
mem[X,0x0000000080001702] -> 0x0085
[1836] [M]: 0x0000000080001700 (0x00858593) addi x11, x11, 0x8                      adj_Mepc_rtn+4
x11 <- 0x0000030080000F68

mem[X,0x0000000080001704] -> 0x9073
mem[X,0x0000000080001706] -> 0x3415
[1837] [M]: 0x0000000080001704 (0x34159073) csrrw x0, mepc, x11                     adj_Mepc_rtn+8
CSR mepc (0x341) <- 0x0000030080000F68

clint mtime 0x0000000000000397 (mip.MTI <- 0b1, mip.STI <- 0b0)
mem[X,0x0000000080001708] -> 0x23F3
mem[X,0x000000008000170A] -> 0x3430
[1838] [M]: 0x0000000080001708 (0x343023F3) csrrs x7, mtval, x0                     skp_adj_Mepc+0
CSR mtval (0x343) -> 0x0000028000000414
x7 <- 0x0000028000000414

mem[X,0x000000008000170C] -> 0x0413
mem[X,0x000000008000170E] -> 0x0004
[1839] [M]: 0x000000008000170C (0x00040413) addi x8, x8, 0x0                        skp_adj_Mepc+4
x8 <- 0x000000000000000F

clint mtime 0x0000000000000398 (mip.MTI <- 0b1, mip.STI <- 0b0)
mem[X,0x0000000080001710] -> 0x006F
mem[X,0x0000000080001712] -> 0x0840
[1840] [M]: 0x0000000080001710 (0x0840006F) jal x0, 0x84                            skp_adj_Mepc+8

mem[X,0x0000000080001794] -> 0x8433
mem[X,0x0000000080001796] -> 0x4083
[1841] [M]: 0x0000000080001794 (0x40838433) sub x8, x7, x8                          adj_Mtval+0
x8 <- 0x0000028000000405

clint mtime 0x0000000000000399 (mip.MTI <- 0b1, mip.STI <- 0b0)
mem[X,0x0000000080001798] -> 0x3C23
mem[X,0x000000008000179A] -> 0x0083
[1842] [M]: 0x0000000080001798 (0x00833C23) sd x8, 0x18(x6)                         sv_Mtval+0
mem[W,0x0000000080009450] <- 0x0000028000000405

mem[X,0x000000008000179C] -> 0x3483
mem[X,0x000000008000179E] -> 0x2181
[1843] [M]: 0x000000008000179C (0x21813483) ld x9, 0x218(x2)                        skp_Mtval+0
mem[R,0x0000000080004218] -> 0x0000000080009458
x9 <- 0x0000000080009458

clint mtime 0x000000000000039A (mip.MTI <- 0b1, mip.STI <- 0b0)
mem[X,0x00000000800017A0] -> 0x3383
mem[X,0x00000000800017A2] -> 0x1F81
[1844] [M]: 0x00000000800017A0 (0x1F813383) ld x7, 0x1f8(x2)                        skp_Mtval+4
mem[R,0x00000000800041F8] -> 0x0000000080009110
x7 <- 0x0000000080009110

mem[X,0x00000000800017A4] -> 0x3303
mem[X,0x00000000800017A6] -> 0x2001
[1845] [M]: 0x00000000800017A4 (0x20013303) ld x6, 0x200(x2)                        skp_Mtval+8
mem[R,0x0000000080004200] -> 0x0000000000000410
x6 <- 0x0000000000000410

clint mtime 0x000000000000039B (mip.MTI <- 0b1, mip.STI <- 0b0)
mem[X,0x00000000800017A8] -> 0x0333
mem[X,0x00000000800017AA] -> 0x0073
[1846] [M]: 0x00000000800017A8 (0x00730333) add x6, x6, x7                          skp_Mtval+12
x6 <- 0x0000000080009520

mem[X,0x00000000800017AC] -> 0x6AE3
mem[X,0x00000000800017AE] -> 0xAE93
[1847] [M]: 0x00000000800017AC (0xAE936AE3) bltu x6, x9, -0x50c                     skp_Mtval+16

clint mtime 0x000000000000039C (mip.MTI <- 0b1, mip.STI <- 0b0)
mem[X,0x00000000800017B0] -> 0x0393
mem[X,0x00000000800017B2] -> 0x2000
[1848] [M]: 0x00000000800017B0 (0x20000393) addi x7, x0, 0x200                      skp_Mtval+20
x7 <- 0x0000000000000200

mem[X,0x00000000800017B4] -> 0x006F
mem[X,0x00000000800017B6] -> 0x0400
[1849] [M]: 0x00000000800017B4 (0x0400006F) jal x0, 0x40                            skp_Mtval+24

clint mtime 0x000000000000039D (mip.MTI <- 0b1, mip.STI <- 0b0)
mem[X,0x00000000800017F4] -> 0x0417
mem[X,0x00000000800017F6] -> 0x0000
[1850] [M]: 0x00000000800017F4 (0x00000417) auipc x8, 0x0                           spcl_Mhandler+0
x8 <- 0x00000000800017F4

mem[X,0x00000000800017F8] -> 0x0413
mem[X,0x00000000800017FA] -> 0x03C4
[1851] [M]: 0x00000000800017F8 (0x03C40413) addi x8, x8, 0x3c                       spcl_Mhandler+4
x8 <- 0x0000000080001830

clint mtime 0x000000000000039E (mip.MTI <- 0b1, mip.STI <- 0b0)
mem[X,0x00000000800017FC] -> 0x0433
mem[X,0x00000000800017FE] -> 0x0074
[1852] [M]: 0x00000000800017FC (0x00740433) add x8, x8, x7                          spcl_Mhandler+8
x8 <- 0x0000000080001A30

mem[X,0x0000000080001800] -> 0x1393
mem[X,0x0000000080001802] -> 0x0035
[1853] [M]: 0x0000000080001800 (0x00351393) slli x7, x10, 0x3                       spcl_Mhandler+12
x7 <- 0x0000000000000078

clint mtime 0x000000000000039F (mip.MTI <- 0b1, mip.STI <- 0b0)
mem[X,0x0000000080001804] -> 0x0433
mem[X,0x0000000080001806] -> 0x0074
[1854] [M]: 0x0000000080001804 (0x00740433) add x8, x8, x7                          spcl_Mhandler+16
x8 <- 0x0000000080001AA8

mem[X,0x0000000080001808] -> 0x7413
mem[X,0x000000008000180A] -> 0xFF84
[1855] [M]: 0x0000000080001808 (0xFF847413) andi x8, x8, -0x8                       spcl_Mhandler+20
x8 <- 0x0000000080001AA8

clint mtime 0x00000000000003A0 (mip.MTI <- 0b1, mip.STI <- 0b0)
mem[X,0x000000008000180C] -> 0x3403
mem[X,0x000000008000180E] -> 0x0004
[1856] [M]: 0x000000008000180C (0x00043403) ld x8, 0x0(x8)                          spcl_Mhandler+24
mem[R,0x0000000080001AA8] -> 0x000000000000001F
x8 <- 0x000000000000001F

mem[X,0x0000000080001810] -> 0x02E3
mem[X,0x0000000080001812] -> 0xB204
[1857] [M]: 0x0000000080001810 (0xB20402E3) beq x8, x0, -0x4dc                      spcl_Mdispatch_hndling+0

clint mtime 0x00000000000003A1 (mip.MTI <- 0b1, mip.STI <- 0b0)
mem[X,0x0000000080001814] -> 0x1393
mem[X,0x0000000080001816] -> 0x03F4
[1858] [M]: 0x0000000080001814 (0x03F41393) slli x7, x8, 0x3f                       spcl_Mdispatch_hndling+4
x7 <- 0x8000000000000000

mem[X,0x0000000080001818] -> 0xD863
mem[X,0x000000008000181A] -> 0x0003
[1859] [M]: 0x0000000080001818 (0x0003D863) bge x7, x0, 0x10                        spcl_Mdispatch_hndling+8

clint mtime 0x00000000000003A2 (mip.MTI <- 0b1, mip.STI <- 0b0)
mem[X,0x000000008000181C] -> 0x5413
mem[X,0x000000008000181E] -> 0x0014
[1860] [M]: 0x000000008000181C (0x00145413) srli x8, x8, 0x1                        spcl_Mdispatch_hndling+12
x8 <- 0x000000000000000F

mem[X,0x0000000080001820] -> 0x0CE3
mem[X,0x0000000080001822] -> 0xF885
[1861] [M]: 0x0000000080001820 (0xF8850CE3) beq x10, x8, -0x68                      spcl_Mdispatch_hndling+16

clint mtime 0x00000000000003A3 (mip.MTI <- 0b1, mip.STI <- 0b0)
mem[X,0x00000000800017B8] -> 0x3303
mem[X,0x00000000800017BA] -> 0x2601
[1862] [M]: 0x00000000800017B8 (0x26013303) ld x6, 0x260(x2)                        resto_Mrtn+0
mem[R,0x0000000080004260] -> 0xFFFFFFFF7FFFF28C
x6 <- 0xFFFFFFFF7FFFF28C

mem[X,0x00000000800017BC] -> 0x3383
mem[X,0x00000000800017BE] -> 0x2681
[1863] [M]: 0x00000000800017BC (0x26813383) ld x7, 0x268(x2)                        resto_Mrtn+4
mem[R,0x0000000080004268] -> 0x0000000080004000
x7 <- 0x0000000080004000

clint mtime 0x00000000000003A4 (mip.MTI <- 0b1, mip.STI <- 0b0)
mem[X,0x00000000800017C0] -> 0x3403
mem[X,0x00000000800017C2] -> 0x2701
[1864] [M]: 0x00000000800017C0 (0x27013403) ld x8, 0x270(x2)                        resto_Mrtn+8
mem[R,0x0000000080004270] -> 0x0000000000007F76
x8 <- 0x0000000000007F76

mem[X,0x00000000800017C4] -> 0x3483
mem[X,0x00000000800017C6] -> 0x2781
[1865] [M]: 0x00000000800017C4 (0x27813483) ld x9, 0x278(x2)                        resto_Mrtn+12
mem[R,0x0000000080004278] -> 0x00000300000001BC
x9 <- 0x00000300000001BC

clint mtime 0x00000000000003A5 (mip.MTI <- 0b1, mip.STI <- 0b0)
mem[X,0x00000000800017C8] -> 0x3503
mem[X,0x00000000800017CA] -> 0x2801
[1866] [M]: 0x00000000800017C8 (0x28013503) ld x10, 0x280(x2)                       resto_Mrtn+16
mem[R,0x0000000080004280] -> 0x00000000200000DE
x10 <- 0x00000000200000DE

mem[X,0x00000000800017CC] -> 0x3583
mem[X,0x00000000800017CE] -> 0x2881
[1867] [M]: 0x00000000800017CC (0x28813583) ld x11, 0x288(x2)                       resto_Mrtn+20
mem[R,0x0000000080004288] -> 0x00000000000000DE
x11 <- 0x00000000000000DE

clint mtime 0x00000000000003A6 (mip.MTI <- 0b1, mip.STI <- 0b0)
mem[X,0x00000000800017D0] -> 0x3103
mem[X,0x00000000800017D2] -> 0x2901
[1868] [M]: 0x00000000800017D0 (0x29013103) ld x2, 0x290(x2)                        resto_Mrtn+24
mem[R,0x0000000080004290] -> 0x0000000000000000
x2 <- 0x0000000000000000

mem[X,0x00000000800017D4] -> 0x0073
mem[X,0x00000000800017D6] -> 0x3020
[1869] [M]: 0x00000000800017D4 (0x30200073) mret                                    resto_Mrtn+28
CSR mstatus (0x300) <- 0x0000000A00000080
ret-ing from M to U

clint mtime 0x00000000000003A7 (mip.MTI <- 0b1, mip.STI <- 0b0)
mem[X,0x0000000080000F68] -> 0xA703
mem[X,0x0000000080000F6A] -> 0x0147
[1870] [U]: 0x0000030080000F68 (0x0147A703) lw x14, 0x14(x15)                       va_rvtest_code_begin+1964
PTW: Start, vpn=0x28000000, access_type=R, privilege=Umem[R,0x0000000080008028] -> 0x0000000020001C01
PTW: Step, level=3, pte=0x20001C01, pte_addr=0x80008028
PTW: Start, vpn=0x28000000, access_type=R, privilege=Umem[R,0x0000000080007000] -> 0x0000000020001801
PTW: Step, level=2, pte=0x20001801, pte_addr=0x80007000
PTW: Start, vpn=0x28000000, access_type=R, privilege=Umem[R,0x0000000080006000] -> 0x00000000200000DE
PTW: Step, level=1, pte=0x200000DE, pte_addr=0x80006000
PTW: failed, error=invalid-pte, level=1, pte_addr=0x80006000
trapping from U to M to handle load-page-fault
handling exc#load-page-fault at priv M with tval 0x0000028000000414
CSR mstatus (0x300) <- 0x0000000A00000000
CSR mcause (0x342) <- 0x000000000000000D
CSR mtval (0x343) <- 0x0000028000000414
CSR mepc (0x341) <- 0x0000030080000F68

mem[X,0x0000000080001380] -> 0x006F
mem[X,0x0000000080001382] -> 0x1000
[1871] [M]: 0x0000000080001380 (0x1000006F) jal x0, 0x100                           Mtrampoline+0

clint mtime 0x00000000000003A8 (mip.MTI <- 0b1, mip.STI <- 0b0)
mem[X,0x0000000080001480] -> 0x1173
mem[X,0x0000000080001482] -> 0x3401
[1872] [M]: 0x0000000080001480 (0x34011173) csrrw x2, mscratch, x2                  trap_Mhandler+0
CSR mscratch (0x340) <- 0x0000000000000000
x2 <- 0x0000000080004000

mem[X,0x0000000080001484] -> 0x3423
mem[X,0x0000000080001486] -> 0x28B1
[1873] [M]: 0x0000000080001484 (0x28B13423) sd x11, 0x288(x2)                       trap_Mhandler+4
mem[W,0x0000000080004288] <- 0x00000000000000DE

clint mtime 0x00000000000003A9 (mip.MTI <- 0b1, mip.STI <- 0b0)
mem[X,0x0000000080001488] -> 0x05EF
mem[X,0x000000008000148A] -> 0x0B80
[1874] [M]: 0x0000000080001488 (0x0B8005EF) jal x11, 0xb8                           trap_Mhandler+8
x11 <- 0x000000008000148C

mem[X,0x0000000080001540] -> 0x3023
mem[X,0x0000000080001542] -> 0x28A1
[1875] [M]: 0x0000000080001540 (0x28A13023) sd x10, 0x280(x2)                       common_Mhandler+0
mem[W,0x0000000080004280] <- 0x00000000200000DE

clint mtime 0x00000000000003AA (mip.MTI <- 0b1, mip.STI <- 0b0)
mem[X,0x0000000080001544] -> 0x1573
mem[X,0x0000000080001546] -> 0x3401
[1876] [M]: 0x0000000080001544 (0x34011573) csrrw x10, mscratch, x2                 common_Mhandler+4
CSR mscratch (0x340) <- 0x0000000080004000
x10 <- 0x0000000000000000

mem[X,0x0000000080001548] -> 0x3823
mem[X,0x000000008000154A] -> 0x28A1
[1877] [M]: 0x0000000080001548 (0x28A13823) sd x10, 0x290(x2)                       common_Mhandler+8
mem[W,0x0000000080004290] <- 0x0000000000000000

clint mtime 0x00000000000003AB (mip.MTI <- 0b1, mip.STI <- 0b0)
mem[X,0x000000008000154C] -> 0x3503
mem[X,0x000000008000154E] -> 0x2301
[1878] [M]: 0x000000008000154C (0x23013503) ld x10, 0x230(x2)                       common_Mhandler+12
mem[R,0x0000000080004230] -> 0x0000000080001554
x10 <- 0x0000000080001554

mem[X,0x0000000080001550] -> 0x0067
mem[X,0x0000000080001552] -> 0x0005
[1879] [M]: 0x0000000080001550 (0x00050067) jalr x0, 0x0(x10)                       common_Mhandler+16

clint mtime 0x00000000000003AC (mip.MTI <- 0b1, mip.STI <- 0b0)
mem[X,0x0000000080001554] -> 0x3C23
mem[X,0x0000000080001556] -> 0x2691
[1880] [M]: 0x0000000080001554 (0x26913C23) sd x9, 0x278(x2)                        common_Mentry+0
mem[W,0x0000000080004278] <- 0x00000300000001BC

mem[X,0x0000000080001558] -> 0x3823
mem[X,0x000000008000155A] -> 0x2681
[1881] [M]: 0x0000000080001558 (0x26813823) sd x8, 0x270(x2)                        common_Mentry+4
mem[W,0x0000000080004270] <- 0x0000000000007F76

clint mtime 0x00000000000003AD (mip.MTI <- 0b1, mip.STI <- 0b0)
mem[X,0x000000008000155C] -> 0x3423
mem[X,0x000000008000155E] -> 0x2671
[1882] [M]: 0x000000008000155C (0x26713423) sd x7, 0x268(x2)                        common_Mentry+8
mem[W,0x0000000080004268] <- 0x0000000080004000

mem[X,0x0000000080001560] -> 0x3023
mem[X,0x0000000080001562] -> 0x2661
[1883] [M]: 0x0000000080001560 (0x26613023) sd x6, 0x260(x2)                        common_Mentry+12
mem[W,0x0000000080004260] <- 0xFFFFFFFF7FFFF28C

clint mtime 0x00000000000003AE (mip.MTI <- 0b1, mip.STI <- 0b0)
mem[X,0x0000000080001564] -> 0x2573
mem[X,0x0000000080001566] -> 0x3420
[1884] [M]: 0x0000000080001564 (0x34202573) csrrs x10, mcause, x0                   spcl_M2mmode_test+0
CSR mcause (0x342) -> 0x000000000000000D
x10 <- 0x000000000000000D

mem[X,0x0000000080001568] -> 0x04B7
mem[X,0x000000008000156A] -> 0x8000
[1885] [M]: 0x0000000080001568 (0x800004B7) lui x9, -0x80000                        spcl_M2mmode_test+4
x9 <- 0xFFFFFFFF80000000

clint mtime 0x00000000000003AF (mip.MTI <- 0b1, mip.STI <- 0b0)
mem[X,0x000000008000156C] -> 0x8493
mem[X,0x000000008000156E] -> 0x0004
[1886] [M]: 0x000000008000156C (0x00048493) addi x9, x9, 0x0                        spcl_M2mmode_test+8
x9 <- 0xFFFFFFFF80000000

mem[X,0x0000000080001570] -> 0x9493
mem[X,0x0000000080001572] -> 0x00B4
[1887] [M]: 0x0000000080001570 (0x00B49493) slli x9, x9, 0xb                        spcl_M2mmode_test+12
x9 <- 0xFFFFFC0000000000

clint mtime 0x00000000000003B0 (mip.MTI <- 0b1, mip.STI <- 0b0)
mem[X,0x0000000080001574] -> 0x8493
mem[X,0x0000000080001576] -> 0x0004
[1888] [M]: 0x0000000080001574 (0x00048493) addi x9, x9, 0x0                        spcl_M2mmode_test+16
x9 <- 0xFFFFFC0000000000

mem[X,0x0000000080001578] -> 0x9493
mem[X,0x000000008000157A] -> 0x00B4
[1889] [M]: 0x0000000080001578 (0x00B49493) slli x9, x9, 0xb                        spcl_M2mmode_test+20
x9 <- 0xFFE0000000000000

clint mtime 0x00000000000003B1 (mip.MTI <- 0b1, mip.STI <- 0b0)
mem[X,0x000000008000157C] -> 0x8493
mem[X,0x000000008000157E] -> 0x0034
[1890] [M]: 0x000000008000157C (0x00348493) addi x9, x9, 0x3                        spcl_M2mmode_test+24
x9 <- 0xFFE0000000000003

mem[X,0x0000000080001580] -> 0x9493
mem[X,0x0000000080001582] -> 0x00A4
[1891] [M]: 0x0000000080001580 (0x00A49493) slli x9, x9, 0xa                        spcl_M2mmode_test+28
x9 <- 0x8000000000000C00

clint mtime 0x00000000000003B2 (mip.MTI <- 0b1, mip.STI <- 0b0)
mem[X,0x0000000080001584] -> 0x8493
mem[X,0x0000000080001586] -> 0x3FC4
[1892] [M]: 0x0000000080001584 (0x3FC48493) addi x9, x9, 0x3fc                      spcl_M2mmode_test+32
x9 <- 0x8000000000000FFC

mem[X,0x0000000080001588] -> 0xF4B3
mem[X,0x000000008000158A] -> 0x00A4
[1893] [M]: 0x0000000080001588 (0x00A4F4B3) and x9, x9, x10                         spcl_M2mmode_test+36
x9 <- 0x000000000000000C

clint mtime 0x00000000000003B3 (mip.MTI <- 0b1, mip.STI <- 0b0)
mem[X,0x000000008000158C] -> 0x8493
mem[X,0x000000008000158E] -> 0xFF84
[1894] [M]: 0x000000008000158C (0xFF848493) addi x9, x9, -0x8                       spcl_M2mmode_test+40
x9 <- 0x0000000000000004

mem[X,0x0000000080001590] -> 0x9663
mem[X,0x0000000080001592] -> 0x0004
[1895] [M]: 0x0000000080001590 (0x00049663) bne x9, x0, 0xc                         spcl_M2mmode_test+44

clint mtime 0x00000000000003B4 (mip.MTI <- 0b1, mip.STI <- 0b0)
mem[X,0x000000008000159C] -> 0x0393
mem[X,0x000000008000159E] -> 0x0200
[1896] [M]: 0x000000008000159C (0x02000393) addi x7, x0, 0x20                       Mtrapsig_ptr_upd+0
x7 <- 0x0000000000000020

mem[X,0x00000000800015A0] -> 0x5263
mem[X,0x00000000800015A2] -> 0x0405
[1897] [M]: 0x00000000800015A0 (0x04055263) bge x10, x0, 0x44                       Mtrapsig_ptr_upd+4

clint mtime 0x00000000000003B5 (mip.MTI <- 0b1, mip.STI <- 0b0)
mem[X,0x00000000800015E4] -> 0x2373
mem[X,0x00000000800015E6] -> 0x3010
[1898] [M]: 0x00000000800015E4 (0x30102373) csrrs x6, misa, x0                      Mxcpt_sig_sv+0
CSR misa (0x301) -> 0x800000000034112F
x6 <- 0x800000000034112F

mem[X,0x00000000800015E8] -> 0x1313
mem[X,0x00000000800015EA] -> 0x0383
[1899] [M]: 0x00000000800015E8 (0x03831313) slli x6, x6, 0x38                       Mxcpt_sig_sv+4
x6 <- 0x2F00000000000000

clint mtime 0x00000000000003B6 (mip.MTI <- 0b1, mip.STI <- 0b0)
mem[X,0x00000000800015EC] -> 0x5463
mem[X,0x00000000800015EE] -> 0x0003
[1900] [M]: 0x00000000800015EC (0x00035463) bge x6, x0, 0x8                         Mxcpt_sig_sv+8

mem[X,0x00000000800015F4] -> 0x3303
mem[X,0x00000000800015F6] -> 0x2181
[1901] [M]: 0x00000000800015F4 (0x21813303) ld x6, 0x218(x2)                        Mtrap_sig_sv+0
mem[R,0x0000000080004218] -> 0x0000000080009458
x6 <- 0x0000000080009458

clint mtime 0x00000000000003B7 (mip.MTI <- 0b1, mip.STI <- 0b0)
mem[X,0x00000000800015F8] -> 0x04B3
mem[X,0x00000000800015FA] -> 0x0073
[1902] [M]: 0x00000000800015F8 (0x007304B3) add x9, x6, x7                          Mtrap_sig_sv+4
x9 <- 0x0000000080009478

mem[X,0x00000000800015FC] -> 0x3C23
mem[X,0x00000000800015FE] -> 0x2091
[1903] [M]: 0x00000000800015FC (0x20913C23) sd x9, 0x218(x2)                        Mtrap_sig_sv+8
mem[W,0x0000000080004218] <- 0x0000000080009478

clint mtime 0x00000000000003B8 (mip.MTI <- 0b1, mip.STI <- 0b0)
mem[X,0x0000000080001600] -> 0x3403
mem[X,0x0000000080001602] -> 0x1F81
[1904] [M]: 0x0000000080001600 (0x1F813403) ld x8, 0x1f8(x2)                        Mtrap_sig_sv+12
mem[R,0x00000000800041F8] -> 0x0000000080009110
x8 <- 0x0000000080009110

mem[X,0x0000000080001604] -> 0x0333
mem[X,0x0000000080001606] -> 0x4083
[1905] [M]: 0x0000000080001604 (0x40830333) sub x6, x6, x8                          Mtrap_sig_sv+16
x6 <- 0x0000000000000348

clint mtime 0x00000000000003B9 (mip.MTI <- 0b1, mip.STI <- 0b0)
mem[X,0x0000000080001608] -> 0x3403
mem[X,0x000000008000160A] -> 0x1F81
[1906] [M]: 0x0000000080001608 (0x1F813403) ld x8, 0x1f8(x2)                        Mtrap_sig_sv+20
mem[R,0x00000000800041F8] -> 0x0000000080009110
x8 <- 0x0000000080009110

mem[X,0x000000008000160C] -> 0x0333
mem[X,0x000000008000160E] -> 0x0083
[1907] [M]: 0x000000008000160C (0x00830333) add x6, x6, x8                          Mtrap_sig_sv+24
x6 <- 0x0000000080009458

clint mtime 0x00000000000003BA (mip.MTI <- 0b1, mip.STI <- 0b0)
mem[X,0x0000000080001610] -> 0x3403
mem[X,0x0000000080001612] -> 0x2401
[1908] [M]: 0x0000000080001610 (0x24013403) ld x8, 0x240(x2)                        Mtrap_sig_sv+28
mem[R,0x0000000080004240] -> 0x0000000080001380
x8 <- 0x0000000080001380

mem[X,0x0000000080001614] -> 0x85B3
mem[X,0x0000000080001616] -> 0x4085
[1909] [M]: 0x0000000080001614 (0x408585B3) sub x11, x11, x8                        sv_Mvect+0
x11 <- 0x000000000000010C

clint mtime 0x00000000000003BB (mip.MTI <- 0b1, mip.STI <- 0b0)
mem[X,0x0000000080001618] -> 0x9593
mem[X,0x000000008000161A] -> 0x0045
[1910] [M]: 0x0000000080001618 (0x00459593) slli x11, x11, 0x4                      sv_Mvect+4
x11 <- 0x00000000000010C0

mem[X,0x000000008000161C] -> 0xE5B3
mem[X,0x000000008000161E] -> 0x0075
[1911] [M]: 0x000000008000161C (0x0075E5B3) or x11, x11, x7                         sv_Mvect+8
x11 <- 0x00000000000010E0

clint mtime 0x00000000000003BC (mip.MTI <- 0b1, mip.STI <- 0b0)
mem[X,0x0000000080001620] -> 0x8593
mem[X,0x0000000080001622] -> 0x0035
[1912] [M]: 0x0000000080001620 (0x00358593) addi x11, x11, 0x3                      sv_Mvect+12
x11 <- 0x00000000000010E3

mem[X,0x0000000080001624] -> 0x3023
mem[X,0x0000000080001626] -> 0x00B3
[1913] [M]: 0x0000000080001624 (0x00B33023) sd x11, 0x0(x6)                         sv_Mvect+16
mem[W,0x0000000080009458] <- 0x00000000000010E3

clint mtime 0x00000000000003BD (mip.MTI <- 0b1, mip.STI <- 0b0)
mem[X,0x0000000080001628] -> 0x3423
mem[X,0x000000008000162A] -> 0x00A3
[1914] [M]: 0x0000000080001628 (0x00A33423) sd x10, 0x8(x6)                         sv_Mcause+0
mem[W,0x0000000080009460] <- 0x000000000000000D

mem[X,0x000000008000162C] -> 0x4663
mem[X,0x000000008000162E] -> 0x1A05
[1915] [M]: 0x000000008000162C (0x1A054663) blt x10, x0, 0x1ac                      sv_Mcause+4

clint mtime 0x00000000000003BE (mip.MTI <- 0b1, mip.STI <- 0b0)
mem[X,0x0000000080001630] -> 0x25F3
mem[X,0x0000000080001632] -> 0x3000
[1916] [M]: 0x0000000080001630 (0x300025F3) csrrs x11, mstatus, x0                  common_Mexcpt_handler+0
CSR mstatus (0x300) -> 0x0000000A00000000
x11 <- 0x0000000A00000000

mem[X,0x0000000080001634] -> 0x9413
mem[X,0x0000000080001636] -> 0x02E5
[1917] [M]: 0x0000000080001634 (0x02E59413) slli x8, x11, 0x2e                      common_Mexcpt_handler+4
x8 <- 0x0000000000000000

clint mtime 0x00000000000003BF (mip.MTI <- 0b1, mip.STI <- 0b0)
mem[X,0x0000000080001638] -> 0x5463
mem[X,0x000000008000163A] -> 0x0004
[1918] [M]: 0x0000000080001638 (0x00045463) bge x8, x0, 0x8                         common_Mexcpt_handler+8

mem[X,0x0000000080001640] -> 0xD493
mem[X,0x0000000080001642] -> 0x00B5
[1919] [M]: 0x0000000080001640 (0x00B5D493) srli x9, x11, 0xb                       common_Mexcpt_handler+16
x9 <- 0x0000000001400000

clint mtime 0x00000000000003C0 (mip.MTI <- 0b1, mip.STI <- 0b0)
mem[X,0x0000000080001644] -> 0xF493
mem[X,0x0000000080001646] -> 0x0034
[1920] [M]: 0x0000000080001644 (0x0034F493) andi x9, x9, 0x3                        common_Mexcpt_handler+20
x9 <- 0x0000000000000000

mem[X,0x0000000080001648] -> 0x8493
mem[X,0x000000008000164A] -> 0x0014
[1921] [M]: 0x0000000080001648 (0x00148493) addi x9, x9, 0x1                        common_Mexcpt_handler+24
x9 <- 0x0000000000000001

clint mtime 0x00000000000003C1 (mip.MTI <- 0b1, mip.STI <- 0b0)
mem[X,0x000000008000164C] -> 0xF493
mem[X,0x000000008000164E] -> 0x0044
[1922] [M]: 0x000000008000164C (0x0044F493) andi x9, x9, 0x4                        common_Mexcpt_handler+28
x9 <- 0x0000000000000000

mem[X,0x0000000080001650] -> 0x0593
mem[X,0x0000000080001652] -> 0x05D0
[1923] [M]: 0x0000000080001650 (0x05D00593) addi x11, x0, 0x5d                      common_Mexcpt_handler+32
x11 <- 0x000000000000005D

clint mtime 0x00000000000003C2 (mip.MTI <- 0b1, mip.STI <- 0b0)
mem[X,0x0000000080001654] -> 0xD5B3
mem[X,0x0000000080001656] -> 0x0095
[1924] [M]: 0x0000000080001654 (0x0095D5B3) srl x11, x11, x9                        common_Mexcpt_handler+36
x11 <- 0x000000000000005D

mem[X,0x0000000080001658] -> 0xF593
mem[X,0x000000008000165A] -> 0x0015
[1925] [M]: 0x0000000080001658 (0x0015F593) andi x11, x11, 0x1                      common_Mexcpt_handler+40
x11 <- 0x0000000000000001

clint mtime 0x00000000000003C3 (mip.MTI <- 0b1, mip.STI <- 0b0)
mem[X,0x000000008000165C] -> 0x8EE3
mem[X,0x000000008000165E] -> 0xF405
[1926] [M]: 0x000000008000165C (0xF4058EE3) beq x11, x0, -0xa4                      common_Mexcpt_handler+44

mem[X,0x0000000080001660] -> 0x0593
mem[X,0x0000000080001662] -> 0x2980
[1927] [M]: 0x0000000080001660 (0x29800593) addi x11, x0, 0x298                     common_Mexcpt_handler+48
x11 <- 0x0000000000000298

clint mtime 0x00000000000003C4 (mip.MTI <- 0b1, mip.STI <- 0b0)
mem[X,0x0000000080001664] -> 0xF413
mem[X,0x0000000080001666] -> 0x0014
[1928] [M]: 0x0000000080001664 (0x0014F413) andi x8, x9, 0x1                        common_Mexcpt_handler+52
x8 <- 0x0000000000000000

mem[X,0x0000000080001668] -> 0x95B3
mem[X,0x000000008000166A] -> 0x0085
[1929] [M]: 0x0000000080001668 (0x008595B3) sll x11, x11, x8                        common_Mexcpt_handler+56
x11 <- 0x0000000000000298

clint mtime 0x00000000000003C5 (mip.MTI <- 0b1, mip.STI <- 0b0)
mem[X,0x000000008000166C] -> 0x9413
mem[X,0x000000008000166E] -> 0x03D4
[1930] [M]: 0x000000008000166C (0x03D49413) slli x8, x9, 0x3d                       common_Mexcpt_handler+60
x8 <- 0x0000000000000000

mem[X,0x0000000080001670] -> 0x5413
mem[X,0x0000000080001672] -> 0x43F4
[1931] [M]: 0x0000000080001670 (0x43F45413) srai x8, x8, 0x3f                       common_Mexcpt_handler+64
x8 <- 0x0000000000000000

clint mtime 0x00000000000003C6 (mip.MTI <- 0b1, mip.STI <- 0b0)
mem[X,0x0000000080001674] -> 0x4413
mem[X,0x0000000080001676] -> 0xFFF4
[1932] [M]: 0x0000000080001674 (0xFFF44413) xori x8, x8, -0x1                       common_Mexcpt_handler+68
x8 <- 0xFFFFFFFFFFFFFFFF

mem[X,0x0000000080001678] -> 0xF4B3
mem[X,0x000000008000167A] -> 0x0085
[1933] [M]: 0x0000000080001678 (0x0085F4B3) and x9, x11, x8                         common_Mexcpt_handler+72
x9 <- 0x0000000000000298

clint mtime 0x00000000000003C7 (mip.MTI <- 0b1, mip.STI <- 0b0)
mem[X,0x000000008000167C] -> 0x84B3
mem[X,0x000000008000167E] -> 0x0024
[1934] [M]: 0x000000008000167C (0x002484B3) add x9, x9, x2                          vmem_adj_Mepc+0
x9 <- 0x0000000080004298

mem[X,0x0000000080001680] -> 0x23F3
mem[X,0x0000000080001682] -> 0x3410
[1935] [M]: 0x0000000080001680 (0x341023F3) csrrs x7, mepc, x0                      vmem_adj_Mepc+4
CSR mepc (0x341) -> 0x0000030080000F68
x7 <- 0x0000030080000F68

clint mtime 0x00000000000003C8 (mip.MTI <- 0b1, mip.STI <- 0b0)
mem[X,0x0000000080001684] -> 0x0413
mem[X,0x0000000080001686] -> 0x0004
[1936] [M]: 0x0000000080001684 (0x00040413) addi x8, x8, 0x0                        vmem_adj_Mepc+8
x8 <- 0xFFFFFFFFFFFFFFFF

mem[X,0x0000000080001688] -> 0x006F
mem[X,0x000000008000168A] -> 0x0400
[1937] [M]: 0x0000000080001688 (0x0400006F) jal x0, 0x40                            vmem_adj_Mepc+12

clint mtime 0x00000000000003C9 (mip.MTI <- 0b1, mip.STI <- 0b0)
mem[X,0x00000000800016C8] -> 0x8433
mem[X,0x00000000800016CA] -> 0x4083
[1938] [M]: 0x00000000800016C8 (0x40838433) sub x8, x7, x8                          adj_Mepc+0
x8 <- 0x0000030080000F69

mem[X,0x00000000800016CC] -> 0x3823
mem[X,0x00000000800016CE] -> 0x0083
[1939] [M]: 0x00000000800016CC (0x00833823) sd x8, 0x10(x6)                         sv_Mepc+0
mem[W,0x0000000080009468] <- 0x0000030080000F69

clint mtime 0x00000000000003CA (mip.MTI <- 0b1, mip.STI <- 0b0)
mem[X,0x00000000800016D0] -> 0x55B7
mem[X,0x00000000800016D2] -> 0x0000
[1940] [M]: 0x00000000800016D0 (0x000055B7) lui x11, 0x5                            sv_Mepc+4
x11 <- 0x0000000000005000

mem[X,0x00000000800016D4] -> 0x8593
mem[X,0x00000000800016D6] -> 0x6675
[1941] [M]: 0x00000000800016D4 (0x66758593) addi x11, x11, 0x667                    sv_Mepc+8
x11 <- 0x0000000000005667

clint mtime 0x00000000000003CB (mip.MTI <- 0b1, mip.STI <- 0b0)
mem[X,0x00000000800016D8] -> 0x9593
mem[X,0x00000000800016DA] -> 0x0015
[1942] [M]: 0x00000000800016D8 (0x00159593) slli x11, x11, 0x1                      sv_Mepc+12
x11 <- 0x000000000000ACCE

mem[X,0x00000000800016DC] -> 0x9063
mem[X,0x00000000800016DE] -> 0x02B1
[1943] [M]: 0x00000000800016DC (0x02B19063) bne x3, x11, 0x20                       sv_Mepc+16

clint mtime 0x00000000000003CC (mip.MTI <- 0b1, mip.STI <- 0b0)
mem[X,0x00000000800016E0] -> 0x2473
mem[X,0x00000000800016E2] -> 0x3420
[1944] [M]: 0x00000000800016E0 (0x34202473) csrrs x8, mcause, x0                    sv_Mepc+20
CSR mcause (0x342) -> 0x000000000000000D
x8 <- 0x000000000000000D

mem[X,0x00000000800016E4] -> 0x0593
mem[X,0x00000000800016E6] -> 0x00C0
[1945] [M]: 0x00000000800016E4 (0x00C00593) addi x11, x0, 0xc                       sv_Mepc+24
x11 <- 0x000000000000000C

clint mtime 0x00000000000003CD (mip.MTI <- 0b1, mip.STI <- 0b0)
mem[X,0x00000000800016E8] -> 0x0663
mem[X,0x00000000800016EA] -> 0x00B4
[1946] [M]: 0x00000000800016E8 (0x00B40663) beq x8, x11, 0xc                        sv_Mepc+28

mem[X,0x00000000800016EC] -> 0x0593
mem[X,0x00000000800016EE] -> 0x0010
[1947] [M]: 0x00000000800016EC (0x00100593) addi x11, x0, 0x1                       sv_Mepc+32
x11 <- 0x0000000000000001

clint mtime 0x00000000000003CE (mip.MTI <- 0b1, mip.STI <- 0b0)
mem[X,0x00000000800016F0] -> 0x1663
mem[X,0x00000000800016F2] -> 0x00B4
[1948] [M]: 0x00000000800016F0 (0x00B41663) bne x8, x11, 0xc                        sv_Mepc+36

mem[X,0x00000000800016FC] -> 0xF593
mem[X,0x00000000800016FE] -> 0xFFC3
[1949] [M]: 0x00000000800016FC (0xFFC3F593) andi x11, x7, -0x4                      adj_Mepc_rtn+0
x11 <- 0x0000030080000F68

clint mtime 0x00000000000003CF (mip.MTI <- 0b1, mip.STI <- 0b0)
mem[X,0x0000000080001700] -> 0x8593
mem[X,0x0000000080001702] -> 0x0085
[1950] [M]: 0x0000000080001700 (0x00858593) addi x11, x11, 0x8                      adj_Mepc_rtn+4
x11 <- 0x0000030080000F70

mem[X,0x0000000080001704] -> 0x9073
mem[X,0x0000000080001706] -> 0x3415
[1951] [M]: 0x0000000080001704 (0x34159073) csrrw x0, mepc, x11                     adj_Mepc_rtn+8
CSR mepc (0x341) <- 0x0000030080000F70

clint mtime 0x00000000000003D0 (mip.MTI <- 0b1, mip.STI <- 0b0)
mem[X,0x0000000080001708] -> 0x23F3
mem[X,0x000000008000170A] -> 0x3430
[1952] [M]: 0x0000000080001708 (0x343023F3) csrrs x7, mtval, x0                     skp_adj_Mepc+0
CSR mtval (0x343) -> 0x0000028000000414
x7 <- 0x0000028000000414

mem[X,0x000000008000170C] -> 0x0413
mem[X,0x000000008000170E] -> 0x0004
[1953] [M]: 0x000000008000170C (0x00040413) addi x8, x8, 0x0                        skp_adj_Mepc+4
x8 <- 0x000000000000000D

clint mtime 0x00000000000003D1 (mip.MTI <- 0b1, mip.STI <- 0b0)
mem[X,0x0000000080001710] -> 0x006F
mem[X,0x0000000080001712] -> 0x0840
[1954] [M]: 0x0000000080001710 (0x0840006F) jal x0, 0x84                            skp_adj_Mepc+8

mem[X,0x0000000080001794] -> 0x8433
mem[X,0x0000000080001796] -> 0x4083
[1955] [M]: 0x0000000080001794 (0x40838433) sub x8, x7, x8                          adj_Mtval+0
x8 <- 0x0000028000000407

clint mtime 0x00000000000003D2 (mip.MTI <- 0b1, mip.STI <- 0b0)
mem[X,0x0000000080001798] -> 0x3C23
mem[X,0x000000008000179A] -> 0x0083
[1956] [M]: 0x0000000080001798 (0x00833C23) sd x8, 0x18(x6)                         sv_Mtval+0
mem[W,0x0000000080009470] <- 0x0000028000000407

mem[X,0x000000008000179C] -> 0x3483
mem[X,0x000000008000179E] -> 0x2181
[1957] [M]: 0x000000008000179C (0x21813483) ld x9, 0x218(x2)                        skp_Mtval+0
mem[R,0x0000000080004218] -> 0x0000000080009478
x9 <- 0x0000000080009478

clint mtime 0x00000000000003D3 (mip.MTI <- 0b1, mip.STI <- 0b0)
mem[X,0x00000000800017A0] -> 0x3383
mem[X,0x00000000800017A2] -> 0x1F81
[1958] [M]: 0x00000000800017A0 (0x1F813383) ld x7, 0x1f8(x2)                        skp_Mtval+4
mem[R,0x00000000800041F8] -> 0x0000000080009110
x7 <- 0x0000000080009110

mem[X,0x00000000800017A4] -> 0x3303
mem[X,0x00000000800017A6] -> 0x2001
[1959] [M]: 0x00000000800017A4 (0x20013303) ld x6, 0x200(x2)                        skp_Mtval+8
mem[R,0x0000000080004200] -> 0x0000000000000410
x6 <- 0x0000000000000410

clint mtime 0x00000000000003D4 (mip.MTI <- 0b1, mip.STI <- 0b0)
mem[X,0x00000000800017A8] -> 0x0333
mem[X,0x00000000800017AA] -> 0x0073
[1960] [M]: 0x00000000800017A8 (0x00730333) add x6, x6, x7                          skp_Mtval+12
x6 <- 0x0000000080009520

mem[X,0x00000000800017AC] -> 0x6AE3
mem[X,0x00000000800017AE] -> 0xAE93
[1961] [M]: 0x00000000800017AC (0xAE936AE3) bltu x6, x9, -0x50c                     skp_Mtval+16

clint mtime 0x00000000000003D5 (mip.MTI <- 0b1, mip.STI <- 0b0)
mem[X,0x00000000800017B0] -> 0x0393
mem[X,0x00000000800017B2] -> 0x2000
[1962] [M]: 0x00000000800017B0 (0x20000393) addi x7, x0, 0x200                      skp_Mtval+20
x7 <- 0x0000000000000200

mem[X,0x00000000800017B4] -> 0x006F
mem[X,0x00000000800017B6] -> 0x0400
[1963] [M]: 0x00000000800017B4 (0x0400006F) jal x0, 0x40                            skp_Mtval+24

clint mtime 0x00000000000003D6 (mip.MTI <- 0b1, mip.STI <- 0b0)
mem[X,0x00000000800017F4] -> 0x0417
mem[X,0x00000000800017F6] -> 0x0000
[1964] [M]: 0x00000000800017F4 (0x00000417) auipc x8, 0x0                           spcl_Mhandler+0
x8 <- 0x00000000800017F4

mem[X,0x00000000800017F8] -> 0x0413
mem[X,0x00000000800017FA] -> 0x03C4
[1965] [M]: 0x00000000800017F8 (0x03C40413) addi x8, x8, 0x3c                       spcl_Mhandler+4
x8 <- 0x0000000080001830

clint mtime 0x00000000000003D7 (mip.MTI <- 0b1, mip.STI <- 0b0)
mem[X,0x00000000800017FC] -> 0x0433
mem[X,0x00000000800017FE] -> 0x0074
[1966] [M]: 0x00000000800017FC (0x00740433) add x8, x8, x7                          spcl_Mhandler+8
x8 <- 0x0000000080001A30

mem[X,0x0000000080001800] -> 0x1393
mem[X,0x0000000080001802] -> 0x0035
[1967] [M]: 0x0000000080001800 (0x00351393) slli x7, x10, 0x3                       spcl_Mhandler+12
x7 <- 0x0000000000000068

clint mtime 0x00000000000003D8 (mip.MTI <- 0b1, mip.STI <- 0b0)
mem[X,0x0000000080001804] -> 0x0433
mem[X,0x0000000080001806] -> 0x0074
[1968] [M]: 0x0000000080001804 (0x00740433) add x8, x8, x7                          spcl_Mhandler+16
x8 <- 0x0000000080001A98

mem[X,0x0000000080001808] -> 0x7413
mem[X,0x000000008000180A] -> 0xFF84
[1969] [M]: 0x0000000080001808 (0xFF847413) andi x8, x8, -0x8                       spcl_Mhandler+20
x8 <- 0x0000000080001A98

clint mtime 0x00000000000003D9 (mip.MTI <- 0b1, mip.STI <- 0b0)
mem[X,0x000000008000180C] -> 0x3403
mem[X,0x000000008000180E] -> 0x0004
[1970] [M]: 0x000000008000180C (0x00043403) ld x8, 0x0(x8)                          spcl_Mhandler+24
mem[R,0x0000000080001A98] -> 0x000000000000001B
x8 <- 0x000000000000001B

mem[X,0x0000000080001810] -> 0x02E3
mem[X,0x0000000080001812] -> 0xB204
[1971] [M]: 0x0000000080001810 (0xB20402E3) beq x8, x0, -0x4dc                      spcl_Mdispatch_hndling+0

clint mtime 0x00000000000003DA (mip.MTI <- 0b1, mip.STI <- 0b0)
mem[X,0x0000000080001814] -> 0x1393
mem[X,0x0000000080001816] -> 0x03F4
[1972] [M]: 0x0000000080001814 (0x03F41393) slli x7, x8, 0x3f                       spcl_Mdispatch_hndling+4
x7 <- 0x8000000000000000

mem[X,0x0000000080001818] -> 0xD863
mem[X,0x000000008000181A] -> 0x0003
[1973] [M]: 0x0000000080001818 (0x0003D863) bge x7, x0, 0x10                        spcl_Mdispatch_hndling+8

clint mtime 0x00000000000003DB (mip.MTI <- 0b1, mip.STI <- 0b0)
mem[X,0x000000008000181C] -> 0x5413
mem[X,0x000000008000181E] -> 0x0014
[1974] [M]: 0x000000008000181C (0x00145413) srli x8, x8, 0x1                        spcl_Mdispatch_hndling+12
x8 <- 0x000000000000000D

mem[X,0x0000000080001820] -> 0x0CE3
mem[X,0x0000000080001822] -> 0xF885
[1975] [M]: 0x0000000080001820 (0xF8850CE3) beq x10, x8, -0x68                      spcl_Mdispatch_hndling+16

clint mtime 0x00000000000003DC (mip.MTI <- 0b1, mip.STI <- 0b0)
mem[X,0x00000000800017B8] -> 0x3303
mem[X,0x00000000800017BA] -> 0x2601
[1976] [M]: 0x00000000800017B8 (0x26013303) ld x6, 0x260(x2)                        resto_Mrtn+0
mem[R,0x0000000080004260] -> 0xFFFFFFFF7FFFF28C
x6 <- 0xFFFFFFFF7FFFF28C

mem[X,0x00000000800017BC] -> 0x3383
mem[X,0x00000000800017BE] -> 0x2681
[1977] [M]: 0x00000000800017BC (0x26813383) ld x7, 0x268(x2)                        resto_Mrtn+4
mem[R,0x0000000080004268] -> 0x0000000080004000
x7 <- 0x0000000080004000

clint mtime 0x00000000000003DD (mip.MTI <- 0b1, mip.STI <- 0b0)
mem[X,0x00000000800017C0] -> 0x3403
mem[X,0x00000000800017C2] -> 0x2701
[1978] [M]: 0x00000000800017C0 (0x27013403) ld x8, 0x270(x2)                        resto_Mrtn+8
mem[R,0x0000000080004270] -> 0x0000000000007F76
x8 <- 0x0000000000007F76

mem[X,0x00000000800017C4] -> 0x3483
mem[X,0x00000000800017C6] -> 0x2781
[1979] [M]: 0x00000000800017C4 (0x27813483) ld x9, 0x278(x2)                        resto_Mrtn+12
mem[R,0x0000000080004278] -> 0x00000300000001BC
x9 <- 0x00000300000001BC

clint mtime 0x00000000000003DE (mip.MTI <- 0b1, mip.STI <- 0b0)
mem[X,0x00000000800017C8] -> 0x3503
mem[X,0x00000000800017CA] -> 0x2801
[1980] [M]: 0x00000000800017C8 (0x28013503) ld x10, 0x280(x2)                       resto_Mrtn+16
mem[R,0x0000000080004280] -> 0x00000000200000DE
x10 <- 0x00000000200000DE

mem[X,0x00000000800017CC] -> 0x3583
mem[X,0x00000000800017CE] -> 0x2881
[1981] [M]: 0x00000000800017CC (0x28813583) ld x11, 0x288(x2)                       resto_Mrtn+20
mem[R,0x0000000080004288] -> 0x00000000000000DE
x11 <- 0x00000000000000DE

clint mtime 0x00000000000003DF (mip.MTI <- 0b1, mip.STI <- 0b0)
mem[X,0x00000000800017D0] -> 0x3103
mem[X,0x00000000800017D2] -> 0x2901
[1982] [M]: 0x00000000800017D0 (0x29013103) ld x2, 0x290(x2)                        resto_Mrtn+24
mem[R,0x0000000080004290] -> 0x0000000000000000
x2 <- 0x0000000000000000

mem[X,0x00000000800017D4] -> 0x0073
mem[X,0x00000000800017D6] -> 0x3020
[1983] [M]: 0x00000000800017D4 (0x30200073) mret                                    resto_Mrtn+28
CSR mstatus (0x300) <- 0x0000000A00000080
ret-ing from M to U

clint mtime 0x00000000000003E0 (mip.MTI <- 0b1, mip.STI <- 0b0)
mem[X,0x0000000080000F70] -> 0x51B7
mem[X,0x0000000080000F72] -> 0x0000
[1984] [U]: 0x0000030080000F70 (0x000051B7) lui x3, 0x5                             va_rvtest_code_begin+1972
x3 <- 0x0000000000005000

mem[X,0x0000000080000F74] -> 0x8193
mem[X,0x0000000080000F76] -> 0x6671
[1985] [U]: 0x0000030080000F74 (0x66718193) addi x3, x3, 0x667                      va_rvtest_code_begin+1976
x3 <- 0x0000000000005667

clint mtime 0x00000000000003E1 (mip.MTI <- 0b1, mip.STI <- 0b0)
mem[X,0x0000000080000F78] -> 0x9193
mem[X,0x0000000080000F7A] -> 0x0011
[1986] [U]: 0x0000030080000F78 (0x00119193) slli x3, x3, 0x1                        va_rvtest_code_begin+1980
x3 <- 0x000000000000ACCE

mem[X,0x0000000080000F7C] -> 0x0013
mem[X,0x0000000080000F7E] -> 0x0000
[1987] [U]: 0x0000030080000F7C (0x00000013) addi x0, x0, 0x0                        va_rvtest_code_begin+1984

clint mtime 0x00000000000003E2 (mip.MTI <- 0b1, mip.STI <- 0b0)
mem[X,0x0000000080000F80] -> 0x0217
mem[X,0x0000000080000F82] -> 0x0000
[1988] [U]: 0x0000030080000F80 (0x00000217) auipc x4, 0x0                           va_rvtest_code_begin+1988
x4 <- 0x0000030080000F80

mem[X,0x0000000080000F84] -> 0x0213
mem[X,0x0000000080000F86] -> 0x02C2
[1989] [U]: 0x0000030080000F84 (0x02C20213) addi x4, x4, 0x2c                       va_rvtest_code_begin+1992
x4 <- 0x0000030080000FAC

clint mtime 0x00000000000003E3 (mip.MTI <- 0b1, mip.STI <- 0b0)
mem[X,0x0000000080000F88] -> 0x0001
[1990] [U]: 0x0000030080000F88 (0x0001) c.nop                                       va_rvtest_code_begin+1996

mem[X,0x0000000080000F8A] -> 0x0013
mem[X,0x0000000080000F8C] -> 0x0000
[1991] [U]: 0x0000030080000F8A (0x00000013) addi x0, x0, 0x0                        va_rvtest_code_begin+1998

clint mtime 0x00000000000003E4 (mip.MTI <- 0b1, mip.STI <- 0b0)
mem[X,0x0000000080000F8E] -> 0x0013
mem[X,0x0000000080000F90] -> 0x0000
[1992] [U]: 0x0000030080000F8E (0x00000013) addi x0, x0, 0x0                        va_rvtest_code_begin+2002

mem[X,0x0000000080000F92] -> 0x0013
mem[X,0x0000000080000F94] -> 0x0000
[1993] [U]: 0x0000030080000F92 (0x00000013) addi x0, x0, 0x0                        va_rvtest_code_begin+2006

clint mtime 0x00000000000003E5 (mip.MTI <- 0b1, mip.STI <- 0b0)
mem[X,0x0000000080000F96] -> 0x0013
mem[X,0x0000000080000F98] -> 0x0000
[1994] [U]: 0x0000030080000F96 (0x00000013) addi x0, x0, 0x0                        va_rvtest_code_begin+2010

mem[X,0x0000000080000F9A] -> 0x0013
mem[X,0x0000000080000F9C] -> 0x0000
[1995] [U]: 0x0000030080000F9A (0x00000013) addi x0, x0, 0x0                        va_rvtest_code_begin+2014

clint mtime 0x00000000000003E6 (mip.MTI <- 0b1, mip.STI <- 0b0)
mem[X,0x0000000080000F9E] -> 0x0001
[1996] [U]: 0x0000030080000F9E (0x0001) c.nop                                       va_rvtest_code_begin+2018

mem[X,0x0000000080000FA0] -> 0x80E7
mem[X,0x0000000080000FA2] -> 0x0007
[1997] [U]: 0x0000030080000FA0 (0x000780E7) jalr x1, 0x0(x15)                       va_rvtest_code_begin+2020
x1 <- 0x0000030080000FA4

clint mtime 0x00000000000003E7 (mip.MTI <- 0b1, mip.STI <- 0b0)
PTW: Start, vpn=0x28000000, access_type=X, privilege=Umem[R,0x0000000080008028] -> 0x0000000020001C01
PTW: Step, level=3, pte=0x20001C01, pte_addr=0x80008028
PTW: Start, vpn=0x28000000, access_type=X, privilege=Umem[R,0x0000000080007000] -> 0x0000000020001801
PTW: Step, level=2, pte=0x20001801, pte_addr=0x80007000
PTW: Start, vpn=0x28000000, access_type=X, privilege=Umem[R,0x0000000080006000] -> 0x00000000200000DE
PTW: Step, level=1, pte=0x200000DE, pte_addr=0x80006000
PTW: failed, error=invalid-pte, level=1, pte_addr=0x80006000
trapping from U to M to handle fetch-page-fault
handling exc#fetch-page-fault at priv M with tval 0x0000028000000400
CSR mstatus (0x300) <- 0x0000000A00000000
CSR mcause (0x342) <- 0x000000000000000C
CSR mtval (0x343) <- 0x0000028000000400
CSR mepc (0x341) <- 0x0000028000000400

mem[X,0x0000000080001380] -> 0x006F
mem[X,0x0000000080001382] -> 0x1000
[1999] [M]: 0x0000000080001380 (0x1000006F) jal x0, 0x100                           Mtrampoline+0

clint mtime 0x00000000000003E8 (mip.MTI <- 0b1, mip.STI <- 0b0)
mem[X,0x0000000080001480] -> 0x1173
mem[X,0x0000000080001482] -> 0x3401
[2000] [M]: 0x0000000080001480 (0x34011173) csrrw x2, mscratch, x2                  trap_Mhandler+0
CSR mscratch (0x340) <- 0x0000000000000000
x2 <- 0x0000000080004000

mem[X,0x0000000080001484] -> 0x3423
mem[X,0x0000000080001486] -> 0x28B1
[2001] [M]: 0x0000000080001484 (0x28B13423) sd x11, 0x288(x2)                       trap_Mhandler+4
mem[W,0x0000000080004288] <- 0x00000000000000DE

clint mtime 0x00000000000003E9 (mip.MTI <- 0b1, mip.STI <- 0b0)
mem[X,0x0000000080001488] -> 0x05EF
mem[X,0x000000008000148A] -> 0x0B80
[2002] [M]: 0x0000000080001488 (0x0B8005EF) jal x11, 0xb8                           trap_Mhandler+8
x11 <- 0x000000008000148C

mem[X,0x0000000080001540] -> 0x3023
mem[X,0x0000000080001542] -> 0x28A1
[2003] [M]: 0x0000000080001540 (0x28A13023) sd x10, 0x280(x2)                       common_Mhandler+0
mem[W,0x0000000080004280] <- 0x00000000200000DE

clint mtime 0x00000000000003EA (mip.MTI <- 0b1, mip.STI <- 0b0)
mem[X,0x0000000080001544] -> 0x1573
mem[X,0x0000000080001546] -> 0x3401
[2004] [M]: 0x0000000080001544 (0x34011573) csrrw x10, mscratch, x2                 common_Mhandler+4
CSR mscratch (0x340) <- 0x0000000080004000
x10 <- 0x0000000000000000

mem[X,0x0000000080001548] -> 0x3823
mem[X,0x000000008000154A] -> 0x28A1
[2005] [M]: 0x0000000080001548 (0x28A13823) sd x10, 0x290(x2)                       common_Mhandler+8
mem[W,0x0000000080004290] <- 0x0000000000000000

clint mtime 0x00000000000003EB (mip.MTI <- 0b1, mip.STI <- 0b0)
mem[X,0x000000008000154C] -> 0x3503
mem[X,0x000000008000154E] -> 0x2301
[2006] [M]: 0x000000008000154C (0x23013503) ld x10, 0x230(x2)                       common_Mhandler+12
mem[R,0x0000000080004230] -> 0x0000000080001554
x10 <- 0x0000000080001554

mem[X,0x0000000080001550] -> 0x0067
mem[X,0x0000000080001552] -> 0x0005
[2007] [M]: 0x0000000080001550 (0x00050067) jalr x0, 0x0(x10)                       common_Mhandler+16

clint mtime 0x00000000000003EC (mip.MTI <- 0b1, mip.STI <- 0b0)
mem[X,0x0000000080001554] -> 0x3C23
mem[X,0x0000000080001556] -> 0x2691
[2008] [M]: 0x0000000080001554 (0x26913C23) sd x9, 0x278(x2)                        common_Mentry+0
mem[W,0x0000000080004278] <- 0x00000300000001BC

mem[X,0x0000000080001558] -> 0x3823
mem[X,0x000000008000155A] -> 0x2681
[2009] [M]: 0x0000000080001558 (0x26813823) sd x8, 0x270(x2)                        common_Mentry+4
mem[W,0x0000000080004270] <- 0x0000000000007F76

clint mtime 0x00000000000003ED (mip.MTI <- 0b1, mip.STI <- 0b0)
mem[X,0x000000008000155C] -> 0x3423
mem[X,0x000000008000155E] -> 0x2671
[2010] [M]: 0x000000008000155C (0x26713423) sd x7, 0x268(x2)                        common_Mentry+8
mem[W,0x0000000080004268] <- 0x0000000080004000

mem[X,0x0000000080001560] -> 0x3023
mem[X,0x0000000080001562] -> 0x2661
[2011] [M]: 0x0000000080001560 (0x26613023) sd x6, 0x260(x2)                        common_Mentry+12
mem[W,0x0000000080004260] <- 0xFFFFFFFF7FFFF28C

clint mtime 0x00000000000003EE (mip.MTI <- 0b1, mip.STI <- 0b0)
mem[X,0x0000000080001564] -> 0x2573
mem[X,0x0000000080001566] -> 0x3420
[2012] [M]: 0x0000000080001564 (0x34202573) csrrs x10, mcause, x0                   spcl_M2mmode_test+0
CSR mcause (0x342) -> 0x000000000000000C
x10 <- 0x000000000000000C

mem[X,0x0000000080001568] -> 0x04B7
mem[X,0x000000008000156A] -> 0x8000
[2013] [M]: 0x0000000080001568 (0x800004B7) lui x9, -0x80000                        spcl_M2mmode_test+4
x9 <- 0xFFFFFFFF80000000

clint mtime 0x00000000000003EF (mip.MTI <- 0b1, mip.STI <- 0b0)
mem[X,0x000000008000156C] -> 0x8493
mem[X,0x000000008000156E] -> 0x0004
[2014] [M]: 0x000000008000156C (0x00048493) addi x9, x9, 0x0                        spcl_M2mmode_test+8
x9 <- 0xFFFFFFFF80000000

mem[X,0x0000000080001570] -> 0x9493
mem[X,0x0000000080001572] -> 0x00B4
[2015] [M]: 0x0000000080001570 (0x00B49493) slli x9, x9, 0xb                        spcl_M2mmode_test+12
x9 <- 0xFFFFFC0000000000

clint mtime 0x00000000000003F0 (mip.MTI <- 0b1, mip.STI <- 0b0)
mem[X,0x0000000080001574] -> 0x8493
mem[X,0x0000000080001576] -> 0x0004
[2016] [M]: 0x0000000080001574 (0x00048493) addi x9, x9, 0x0                        spcl_M2mmode_test+16
x9 <- 0xFFFFFC0000000000

mem[X,0x0000000080001578] -> 0x9493
mem[X,0x000000008000157A] -> 0x00B4
[2017] [M]: 0x0000000080001578 (0x00B49493) slli x9, x9, 0xb                        spcl_M2mmode_test+20
x9 <- 0xFFE0000000000000

clint mtime 0x00000000000003F1 (mip.MTI <- 0b1, mip.STI <- 0b0)
mem[X,0x000000008000157C] -> 0x8493
mem[X,0x000000008000157E] -> 0x0034
[2018] [M]: 0x000000008000157C (0x00348493) addi x9, x9, 0x3                        spcl_M2mmode_test+24
x9 <- 0xFFE0000000000003

mem[X,0x0000000080001580] -> 0x9493
mem[X,0x0000000080001582] -> 0x00A4
[2019] [M]: 0x0000000080001580 (0x00A49493) slli x9, x9, 0xa                        spcl_M2mmode_test+28
x9 <- 0x8000000000000C00

clint mtime 0x00000000000003F2 (mip.MTI <- 0b1, mip.STI <- 0b0)
mem[X,0x0000000080001584] -> 0x8493
mem[X,0x0000000080001586] -> 0x3FC4
[2020] [M]: 0x0000000080001584 (0x3FC48493) addi x9, x9, 0x3fc                      spcl_M2mmode_test+32
x9 <- 0x8000000000000FFC

mem[X,0x0000000080001588] -> 0xF4B3
mem[X,0x000000008000158A] -> 0x00A4
[2021] [M]: 0x0000000080001588 (0x00A4F4B3) and x9, x9, x10                         spcl_M2mmode_test+36
x9 <- 0x000000000000000C

clint mtime 0x00000000000003F3 (mip.MTI <- 0b1, mip.STI <- 0b0)
mem[X,0x000000008000158C] -> 0x8493
mem[X,0x000000008000158E] -> 0xFF84
[2022] [M]: 0x000000008000158C (0xFF848493) addi x9, x9, -0x8                       spcl_M2mmode_test+40
x9 <- 0x0000000000000004

mem[X,0x0000000080001590] -> 0x9663
mem[X,0x0000000080001592] -> 0x0004
[2023] [M]: 0x0000000080001590 (0x00049663) bne x9, x0, 0xc                         spcl_M2mmode_test+44

clint mtime 0x00000000000003F4 (mip.MTI <- 0b1, mip.STI <- 0b0)
mem[X,0x000000008000159C] -> 0x0393
mem[X,0x000000008000159E] -> 0x0200
[2024] [M]: 0x000000008000159C (0x02000393) addi x7, x0, 0x20                       Mtrapsig_ptr_upd+0
x7 <- 0x0000000000000020

mem[X,0x00000000800015A0] -> 0x5263
mem[X,0x00000000800015A2] -> 0x0405
[2025] [M]: 0x00000000800015A0 (0x04055263) bge x10, x0, 0x44                       Mtrapsig_ptr_upd+4

clint mtime 0x00000000000003F5 (mip.MTI <- 0b1, mip.STI <- 0b0)
mem[X,0x00000000800015E4] -> 0x2373
mem[X,0x00000000800015E6] -> 0x3010
[2026] [M]: 0x00000000800015E4 (0x30102373) csrrs x6, misa, x0                      Mxcpt_sig_sv+0
CSR misa (0x301) -> 0x800000000034112F
x6 <- 0x800000000034112F

mem[X,0x00000000800015E8] -> 0x1313
mem[X,0x00000000800015EA] -> 0x0383
[2027] [M]: 0x00000000800015E8 (0x03831313) slli x6, x6, 0x38                       Mxcpt_sig_sv+4
x6 <- 0x2F00000000000000

clint mtime 0x00000000000003F6 (mip.MTI <- 0b1, mip.STI <- 0b0)
mem[X,0x00000000800015EC] -> 0x5463
mem[X,0x00000000800015EE] -> 0x0003
[2028] [M]: 0x00000000800015EC (0x00035463) bge x6, x0, 0x8                         Mxcpt_sig_sv+8

mem[X,0x00000000800015F4] -> 0x3303
mem[X,0x00000000800015F6] -> 0x2181
[2029] [M]: 0x00000000800015F4 (0x21813303) ld x6, 0x218(x2)                        Mtrap_sig_sv+0
mem[R,0x0000000080004218] -> 0x0000000080009478
x6 <- 0x0000000080009478

clint mtime 0x00000000000003F7 (mip.MTI <- 0b1, mip.STI <- 0b0)
mem[X,0x00000000800015F8] -> 0x04B3
mem[X,0x00000000800015FA] -> 0x0073
[2030] [M]: 0x00000000800015F8 (0x007304B3) add x9, x6, x7                          Mtrap_sig_sv+4
x9 <- 0x0000000080009498

mem[X,0x00000000800015FC] -> 0x3C23
mem[X,0x00000000800015FE] -> 0x2091
[2031] [M]: 0x00000000800015FC (0x20913C23) sd x9, 0x218(x2)                        Mtrap_sig_sv+8
mem[W,0x0000000080004218] <- 0x0000000080009498

clint mtime 0x00000000000003F8 (mip.MTI <- 0b1, mip.STI <- 0b0)
mem[X,0x0000000080001600] -> 0x3403
mem[X,0x0000000080001602] -> 0x1F81
[2032] [M]: 0x0000000080001600 (0x1F813403) ld x8, 0x1f8(x2)                        Mtrap_sig_sv+12
mem[R,0x00000000800041F8] -> 0x0000000080009110
x8 <- 0x0000000080009110

mem[X,0x0000000080001604] -> 0x0333
mem[X,0x0000000080001606] -> 0x4083
[2033] [M]: 0x0000000080001604 (0x40830333) sub x6, x6, x8                          Mtrap_sig_sv+16
x6 <- 0x0000000000000368

clint mtime 0x00000000000003F9 (mip.MTI <- 0b1, mip.STI <- 0b0)
mem[X,0x0000000080001608] -> 0x3403
mem[X,0x000000008000160A] -> 0x1F81
[2034] [M]: 0x0000000080001608 (0x1F813403) ld x8, 0x1f8(x2)                        Mtrap_sig_sv+20
mem[R,0x00000000800041F8] -> 0x0000000080009110
x8 <- 0x0000000080009110

mem[X,0x000000008000160C] -> 0x0333
mem[X,0x000000008000160E] -> 0x0083
[2035] [M]: 0x000000008000160C (0x00830333) add x6, x6, x8                          Mtrap_sig_sv+24
x6 <- 0x0000000080009478

clint mtime 0x00000000000003FA (mip.MTI <- 0b1, mip.STI <- 0b0)
mem[X,0x0000000080001610] -> 0x3403
mem[X,0x0000000080001612] -> 0x2401
[2036] [M]: 0x0000000080001610 (0x24013403) ld x8, 0x240(x2)                        Mtrap_sig_sv+28
mem[R,0x0000000080004240] -> 0x0000000080001380
x8 <- 0x0000000080001380

mem[X,0x0000000080001614] -> 0x85B3
mem[X,0x0000000080001616] -> 0x4085
[2037] [M]: 0x0000000080001614 (0x408585B3) sub x11, x11, x8                        sv_Mvect+0
x11 <- 0x000000000000010C

clint mtime 0x00000000000003FB (mip.MTI <- 0b1, mip.STI <- 0b0)
mem[X,0x0000000080001618] -> 0x9593
mem[X,0x000000008000161A] -> 0x0045
[2038] [M]: 0x0000000080001618 (0x00459593) slli x11, x11, 0x4                      sv_Mvect+4
x11 <- 0x00000000000010C0

mem[X,0x000000008000161C] -> 0xE5B3
mem[X,0x000000008000161E] -> 0x0075
[2039] [M]: 0x000000008000161C (0x0075E5B3) or x11, x11, x7                         sv_Mvect+8
x11 <- 0x00000000000010E0

clint mtime 0x00000000000003FC (mip.MTI <- 0b1, mip.STI <- 0b0)
mem[X,0x0000000080001620] -> 0x8593
mem[X,0x0000000080001622] -> 0x0035
[2040] [M]: 0x0000000080001620 (0x00358593) addi x11, x11, 0x3                      sv_Mvect+12
x11 <- 0x00000000000010E3

mem[X,0x0000000080001624] -> 0x3023
mem[X,0x0000000080001626] -> 0x00B3
[2041] [M]: 0x0000000080001624 (0x00B33023) sd x11, 0x0(x6)                         sv_Mvect+16
mem[W,0x0000000080009478] <- 0x00000000000010E3

clint mtime 0x00000000000003FD (mip.MTI <- 0b1, mip.STI <- 0b0)
mem[X,0x0000000080001628] -> 0x3423
mem[X,0x000000008000162A] -> 0x00A3
[2042] [M]: 0x0000000080001628 (0x00A33423) sd x10, 0x8(x6)                         sv_Mcause+0
mem[W,0x0000000080009480] <- 0x000000000000000C

mem[X,0x000000008000162C] -> 0x4663
mem[X,0x000000008000162E] -> 0x1A05
[2043] [M]: 0x000000008000162C (0x1A054663) blt x10, x0, 0x1ac                      sv_Mcause+4

clint mtime 0x00000000000003FE (mip.MTI <- 0b1, mip.STI <- 0b0)
mem[X,0x0000000080001630] -> 0x25F3
mem[X,0x0000000080001632] -> 0x3000
[2044] [M]: 0x0000000080001630 (0x300025F3) csrrs x11, mstatus, x0                  common_Mexcpt_handler+0
CSR mstatus (0x300) -> 0x0000000A00000000
x11 <- 0x0000000A00000000

mem[X,0x0000000080001634] -> 0x9413
mem[X,0x0000000080001636] -> 0x02E5
[2045] [M]: 0x0000000080001634 (0x02E59413) slli x8, x11, 0x2e                      common_Mexcpt_handler+4
x8 <- 0x0000000000000000

clint mtime 0x00000000000003FF (mip.MTI <- 0b1, mip.STI <- 0b0)
mem[X,0x0000000080001638] -> 0x5463
mem[X,0x000000008000163A] -> 0x0004
[2046] [M]: 0x0000000080001638 (0x00045463) bge x8, x0, 0x8                         common_Mexcpt_handler+8

mem[X,0x0000000080001640] -> 0xD493
mem[X,0x0000000080001642] -> 0x00B5
[2047] [M]: 0x0000000080001640 (0x00B5D493) srli x9, x11, 0xb                       common_Mexcpt_handler+16
x9 <- 0x0000000001400000

clint mtime 0x0000000000000400 (mip.MTI <- 0b1, mip.STI <- 0b0)
mem[X,0x0000000080001644] -> 0xF493
mem[X,0x0000000080001646] -> 0x0034
[2048] [M]: 0x0000000080001644 (0x0034F493) andi x9, x9, 0x3                        common_Mexcpt_handler+20
x9 <- 0x0000000000000000

mem[X,0x0000000080001648] -> 0x8493
mem[X,0x000000008000164A] -> 0x0014
[2049] [M]: 0x0000000080001648 (0x00148493) addi x9, x9, 0x1                        common_Mexcpt_handler+24
x9 <- 0x0000000000000001

clint mtime 0x0000000000000401 (mip.MTI <- 0b1, mip.STI <- 0b0)
mem[X,0x000000008000164C] -> 0xF493
mem[X,0x000000008000164E] -> 0x0044
[2050] [M]: 0x000000008000164C (0x0044F493) andi x9, x9, 0x4                        common_Mexcpt_handler+28
x9 <- 0x0000000000000000

mem[X,0x0000000080001650] -> 0x0593
mem[X,0x0000000080001652] -> 0x05D0
[2051] [M]: 0x0000000080001650 (0x05D00593) addi x11, x0, 0x5d                      common_Mexcpt_handler+32
x11 <- 0x000000000000005D

clint mtime 0x0000000000000402 (mip.MTI <- 0b1, mip.STI <- 0b0)
mem[X,0x0000000080001654] -> 0xD5B3
mem[X,0x0000000080001656] -> 0x0095
[2052] [M]: 0x0000000080001654 (0x0095D5B3) srl x11, x11, x9                        common_Mexcpt_handler+36
x11 <- 0x000000000000005D

mem[X,0x0000000080001658] -> 0xF593
mem[X,0x000000008000165A] -> 0x0015
[2053] [M]: 0x0000000080001658 (0x0015F593) andi x11, x11, 0x1                      common_Mexcpt_handler+40
x11 <- 0x0000000000000001

clint mtime 0x0000000000000403 (mip.MTI <- 0b1, mip.STI <- 0b0)
mem[X,0x000000008000165C] -> 0x8EE3
mem[X,0x000000008000165E] -> 0xF405
[2054] [M]: 0x000000008000165C (0xF4058EE3) beq x11, x0, -0xa4                      common_Mexcpt_handler+44

mem[X,0x0000000080001660] -> 0x0593
mem[X,0x0000000080001662] -> 0x2980
[2055] [M]: 0x0000000080001660 (0x29800593) addi x11, x0, 0x298                     common_Mexcpt_handler+48
x11 <- 0x0000000000000298

clint mtime 0x0000000000000404 (mip.MTI <- 0b1, mip.STI <- 0b0)
mem[X,0x0000000080001664] -> 0xF413
mem[X,0x0000000080001666] -> 0x0014
[2056] [M]: 0x0000000080001664 (0x0014F413) andi x8, x9, 0x1                        common_Mexcpt_handler+52
x8 <- 0x0000000000000000

mem[X,0x0000000080001668] -> 0x95B3
mem[X,0x000000008000166A] -> 0x0085
[2057] [M]: 0x0000000080001668 (0x008595B3) sll x11, x11, x8                        common_Mexcpt_handler+56
x11 <- 0x0000000000000298

clint mtime 0x0000000000000405 (mip.MTI <- 0b1, mip.STI <- 0b0)
mem[X,0x000000008000166C] -> 0x9413
mem[X,0x000000008000166E] -> 0x03D4
[2058] [M]: 0x000000008000166C (0x03D49413) slli x8, x9, 0x3d                       common_Mexcpt_handler+60
x8 <- 0x0000000000000000

mem[X,0x0000000080001670] -> 0x5413
mem[X,0x0000000080001672] -> 0x43F4
[2059] [M]: 0x0000000080001670 (0x43F45413) srai x8, x8, 0x3f                       common_Mexcpt_handler+64
x8 <- 0x0000000000000000

clint mtime 0x0000000000000406 (mip.MTI <- 0b1, mip.STI <- 0b0)
mem[X,0x0000000080001674] -> 0x4413
mem[X,0x0000000080001676] -> 0xFFF4
[2060] [M]: 0x0000000080001674 (0xFFF44413) xori x8, x8, -0x1                       common_Mexcpt_handler+68
x8 <- 0xFFFFFFFFFFFFFFFF

mem[X,0x0000000080001678] -> 0xF4B3
mem[X,0x000000008000167A] -> 0x0085
[2061] [M]: 0x0000000080001678 (0x0085F4B3) and x9, x11, x8                         common_Mexcpt_handler+72
x9 <- 0x0000000000000298

clint mtime 0x0000000000000407 (mip.MTI <- 0b1, mip.STI <- 0b0)
mem[X,0x000000008000167C] -> 0x84B3
mem[X,0x000000008000167E] -> 0x0024
[2062] [M]: 0x000000008000167C (0x002484B3) add x9, x9, x2                          vmem_adj_Mepc+0
x9 <- 0x0000000080004298

mem[X,0x0000000080001680] -> 0x23F3
mem[X,0x0000000080001682] -> 0x3410
[2063] [M]: 0x0000000080001680 (0x341023F3) csrrs x7, mepc, x0                      vmem_adj_Mepc+4
CSR mepc (0x341) -> 0x0000028000000400
x7 <- 0x0000028000000400

clint mtime 0x0000000000000408 (mip.MTI <- 0b1, mip.STI <- 0b0)
mem[X,0x0000000080001684] -> 0x0413
mem[X,0x0000000080001686] -> 0x0004
[2064] [M]: 0x0000000080001684 (0x00040413) addi x8, x8, 0x0                        vmem_adj_Mepc+8
x8 <- 0xFFFFFFFFFFFFFFFF

mem[X,0x0000000080001688] -> 0x006F
mem[X,0x000000008000168A] -> 0x0400
[2065] [M]: 0x0000000080001688 (0x0400006F) jal x0, 0x40                            vmem_adj_Mepc+12

clint mtime 0x0000000000000409 (mip.MTI <- 0b1, mip.STI <- 0b0)
mem[X,0x00000000800016C8] -> 0x8433
mem[X,0x00000000800016CA] -> 0x4083
[2066] [M]: 0x00000000800016C8 (0x40838433) sub x8, x7, x8                          adj_Mepc+0
x8 <- 0x0000028000000401

mem[X,0x00000000800016CC] -> 0x3823
mem[X,0x00000000800016CE] -> 0x0083
[2067] [M]: 0x00000000800016CC (0x00833823) sd x8, 0x10(x6)                         sv_Mepc+0
mem[W,0x0000000080009488] <- 0x0000028000000401

clint mtime 0x000000000000040A (mip.MTI <- 0b1, mip.STI <- 0b0)
mem[X,0x00000000800016D0] -> 0x55B7
mem[X,0x00000000800016D2] -> 0x0000
[2068] [M]: 0x00000000800016D0 (0x000055B7) lui x11, 0x5                            sv_Mepc+4
x11 <- 0x0000000000005000

mem[X,0x00000000800016D4] -> 0x8593
mem[X,0x00000000800016D6] -> 0x6675
[2069] [M]: 0x00000000800016D4 (0x66758593) addi x11, x11, 0x667                    sv_Mepc+8
x11 <- 0x0000000000005667

clint mtime 0x000000000000040B (mip.MTI <- 0b1, mip.STI <- 0b0)
mem[X,0x00000000800016D8] -> 0x9593
mem[X,0x00000000800016DA] -> 0x0015
[2070] [M]: 0x00000000800016D8 (0x00159593) slli x11, x11, 0x1                      sv_Mepc+12
x11 <- 0x000000000000ACCE

mem[X,0x00000000800016DC] -> 0x9063
mem[X,0x00000000800016DE] -> 0x02B1
[2071] [M]: 0x00000000800016DC (0x02B19063) bne x3, x11, 0x20                       sv_Mepc+16

clint mtime 0x000000000000040C (mip.MTI <- 0b1, mip.STI <- 0b0)
mem[X,0x00000000800016E0] -> 0x2473
mem[X,0x00000000800016E2] -> 0x3420
[2072] [M]: 0x00000000800016E0 (0x34202473) csrrs x8, mcause, x0                    sv_Mepc+20
CSR mcause (0x342) -> 0x000000000000000C
x8 <- 0x000000000000000C

mem[X,0x00000000800016E4] -> 0x0593
mem[X,0x00000000800016E6] -> 0x00C0
[2073] [M]: 0x00000000800016E4 (0x00C00593) addi x11, x0, 0xc                       sv_Mepc+24
x11 <- 0x000000000000000C

clint mtime 0x000000000000040D (mip.MTI <- 0b1, mip.STI <- 0b0)
mem[X,0x00000000800016E8] -> 0x0663
mem[X,0x00000000800016EA] -> 0x00B4
[2074] [M]: 0x00000000800016E8 (0x00B40663) beq x8, x11, 0xc                        sv_Mepc+28

mem[X,0x00000000800016F4] -> 0x1073
mem[X,0x00000000800016F6] -> 0x3412
[2075] [M]: 0x00000000800016F4 (0x34121073) csrrw x0, mepc, x4                      sv_Mepc+40
CSR mepc (0x341) <- 0x0000030080000FAC

clint mtime 0x000000000000040E (mip.MTI <- 0b1, mip.STI <- 0b0)
mem[X,0x00000000800016F8] -> 0x006F
mem[X,0x00000000800016FA] -> 0x0100
[2076] [M]: 0x00000000800016F8 (0x0100006F) jal x0, 0x10                            sv_Mepc+44

mem[X,0x0000000080001708] -> 0x23F3
mem[X,0x000000008000170A] -> 0x3430
[2077] [M]: 0x0000000080001708 (0x343023F3) csrrs x7, mtval, x0                     skp_adj_Mepc+0
CSR mtval (0x343) -> 0x0000028000000400
x7 <- 0x0000028000000400

clint mtime 0x000000000000040F (mip.MTI <- 0b1, mip.STI <- 0b0)
mem[X,0x000000008000170C] -> 0x0413
mem[X,0x000000008000170E] -> 0x0004
[2078] [M]: 0x000000008000170C (0x00040413) addi x8, x8, 0x0                        skp_adj_Mepc+4
x8 <- 0x000000000000000C

mem[X,0x0000000080001710] -> 0x006F
mem[X,0x0000000080001712] -> 0x0840
[2079] [M]: 0x0000000080001710 (0x0840006F) jal x0, 0x84                            skp_adj_Mepc+8

clint mtime 0x0000000000000410 (mip.MTI <- 0b1, mip.STI <- 0b0)
mem[X,0x0000000080001794] -> 0x8433
mem[X,0x0000000080001796] -> 0x4083
[2080] [M]: 0x0000000080001794 (0x40838433) sub x8, x7, x8                          adj_Mtval+0
x8 <- 0x00000280000003F4

mem[X,0x0000000080001798] -> 0x3C23
mem[X,0x000000008000179A] -> 0x0083
[2081] [M]: 0x0000000080001798 (0x00833C23) sd x8, 0x18(x6)                         sv_Mtval+0
mem[W,0x0000000080009490] <- 0x00000280000003F4

clint mtime 0x0000000000000411 (mip.MTI <- 0b1, mip.STI <- 0b0)
mem[X,0x000000008000179C] -> 0x3483
mem[X,0x000000008000179E] -> 0x2181
[2082] [M]: 0x000000008000179C (0x21813483) ld x9, 0x218(x2)                        skp_Mtval+0
mem[R,0x0000000080004218] -> 0x0000000080009498
x9 <- 0x0000000080009498

mem[X,0x00000000800017A0] -> 0x3383
mem[X,0x00000000800017A2] -> 0x1F81
[2083] [M]: 0x00000000800017A0 (0x1F813383) ld x7, 0x1f8(x2)                        skp_Mtval+4
mem[R,0x00000000800041F8] -> 0x0000000080009110
x7 <- 0x0000000080009110

clint mtime 0x0000000000000412 (mip.MTI <- 0b1, mip.STI <- 0b0)
mem[X,0x00000000800017A4] -> 0x3303
mem[X,0x00000000800017A6] -> 0x2001
[2084] [M]: 0x00000000800017A4 (0x20013303) ld x6, 0x200(x2)                        skp_Mtval+8
mem[R,0x0000000080004200] -> 0x0000000000000410
x6 <- 0x0000000000000410

mem[X,0x00000000800017A8] -> 0x0333
mem[X,0x00000000800017AA] -> 0x0073
[2085] [M]: 0x00000000800017A8 (0x00730333) add x6, x6, x7                          skp_Mtval+12
x6 <- 0x0000000080009520

clint mtime 0x0000000000000413 (mip.MTI <- 0b1, mip.STI <- 0b0)
mem[X,0x00000000800017AC] -> 0x6AE3
mem[X,0x00000000800017AE] -> 0xAE93
[2086] [M]: 0x00000000800017AC (0xAE936AE3) bltu x6, x9, -0x50c                     skp_Mtval+16

mem[X,0x00000000800017B0] -> 0x0393
mem[X,0x00000000800017B2] -> 0x2000
[2087] [M]: 0x00000000800017B0 (0x20000393) addi x7, x0, 0x200                      skp_Mtval+20
x7 <- 0x0000000000000200

clint mtime 0x0000000000000414 (mip.MTI <- 0b1, mip.STI <- 0b0)
mem[X,0x00000000800017B4] -> 0x006F
mem[X,0x00000000800017B6] -> 0x0400
[2088] [M]: 0x00000000800017B4 (0x0400006F) jal x0, 0x40                            skp_Mtval+24

mem[X,0x00000000800017F4] -> 0x0417
mem[X,0x00000000800017F6] -> 0x0000
[2089] [M]: 0x00000000800017F4 (0x00000417) auipc x8, 0x0                           spcl_Mhandler+0
x8 <- 0x00000000800017F4

clint mtime 0x0000000000000415 (mip.MTI <- 0b1, mip.STI <- 0b0)
mem[X,0x00000000800017F8] -> 0x0413
mem[X,0x00000000800017FA] -> 0x03C4
[2090] [M]: 0x00000000800017F8 (0x03C40413) addi x8, x8, 0x3c                       spcl_Mhandler+4
x8 <- 0x0000000080001830

mem[X,0x00000000800017FC] -> 0x0433
mem[X,0x00000000800017FE] -> 0x0074
[2091] [M]: 0x00000000800017FC (0x00740433) add x8, x8, x7                          spcl_Mhandler+8
x8 <- 0x0000000080001A30

clint mtime 0x0000000000000416 (mip.MTI <- 0b1, mip.STI <- 0b0)
mem[X,0x0000000080001800] -> 0x1393
mem[X,0x0000000080001802] -> 0x0035
[2092] [M]: 0x0000000080001800 (0x00351393) slli x7, x10, 0x3                       spcl_Mhandler+12
x7 <- 0x0000000000000060

mem[X,0x0000000080001804] -> 0x0433
mem[X,0x0000000080001806] -> 0x0074
[2093] [M]: 0x0000000080001804 (0x00740433) add x8, x8, x7                          spcl_Mhandler+16
x8 <- 0x0000000080001A90

clint mtime 0x0000000000000417 (mip.MTI <- 0b1, mip.STI <- 0b0)
mem[X,0x0000000080001808] -> 0x7413
mem[X,0x000000008000180A] -> 0xFF84
[2094] [M]: 0x0000000080001808 (0xFF847413) andi x8, x8, -0x8                       spcl_Mhandler+20
x8 <- 0x0000000080001A90

mem[X,0x000000008000180C] -> 0x3403
mem[X,0x000000008000180E] -> 0x0004
[2095] [M]: 0x000000008000180C (0x00043403) ld x8, 0x0(x8)                          spcl_Mhandler+24
mem[R,0x0000000080001A90] -> 0x0000000000000019
x8 <- 0x0000000000000019

clint mtime 0x0000000000000418 (mip.MTI <- 0b1, mip.STI <- 0b0)
mem[X,0x0000000080001810] -> 0x02E3
mem[X,0x0000000080001812] -> 0xB204
[2096] [M]: 0x0000000080001810 (0xB20402E3) beq x8, x0, -0x4dc                      spcl_Mdispatch_hndling+0

mem[X,0x0000000080001814] -> 0x1393
mem[X,0x0000000080001816] -> 0x03F4
[2097] [M]: 0x0000000080001814 (0x03F41393) slli x7, x8, 0x3f                       spcl_Mdispatch_hndling+4
x7 <- 0x8000000000000000

clint mtime 0x0000000000000419 (mip.MTI <- 0b1, mip.STI <- 0b0)
mem[X,0x0000000080001818] -> 0xD863
mem[X,0x000000008000181A] -> 0x0003
[2098] [M]: 0x0000000080001818 (0x0003D863) bge x7, x0, 0x10                        spcl_Mdispatch_hndling+8

mem[X,0x000000008000181C] -> 0x5413
mem[X,0x000000008000181E] -> 0x0014
[2099] [M]: 0x000000008000181C (0x00145413) srli x8, x8, 0x1                        spcl_Mdispatch_hndling+12
x8 <- 0x000000000000000C

clint mtime 0x000000000000041A (mip.MTI <- 0b1, mip.STI <- 0b0)
mem[X,0x0000000080001820] -> 0x0CE3
mem[X,0x0000000080001822] -> 0xF885
[2100] [M]: 0x0000000080001820 (0xF8850CE3) beq x10, x8, -0x68                      spcl_Mdispatch_hndling+16

mem[X,0x00000000800017B8] -> 0x3303
mem[X,0x00000000800017BA] -> 0x2601
[2101] [M]: 0x00000000800017B8 (0x26013303) ld x6, 0x260(x2)                        resto_Mrtn+0
mem[R,0x0000000080004260] -> 0xFFFFFFFF7FFFF28C
x6 <- 0xFFFFFFFF7FFFF28C

clint mtime 0x000000000000041B (mip.MTI <- 0b1, mip.STI <- 0b0)
mem[X,0x00000000800017BC] -> 0x3383
mem[X,0x00000000800017BE] -> 0x2681
[2102] [M]: 0x00000000800017BC (0x26813383) ld x7, 0x268(x2)                        resto_Mrtn+4
mem[R,0x0000000080004268] -> 0x0000000080004000
x7 <- 0x0000000080004000

mem[X,0x00000000800017C0] -> 0x3403
mem[X,0x00000000800017C2] -> 0x2701
[2103] [M]: 0x00000000800017C0 (0x27013403) ld x8, 0x270(x2)                        resto_Mrtn+8
mem[R,0x0000000080004270] -> 0x0000000000007F76
x8 <- 0x0000000000007F76

clint mtime 0x000000000000041C (mip.MTI <- 0b1, mip.STI <- 0b0)
mem[X,0x00000000800017C4] -> 0x3483
mem[X,0x00000000800017C6] -> 0x2781
[2104] [M]: 0x00000000800017C4 (0x27813483) ld x9, 0x278(x2)                        resto_Mrtn+12
mem[R,0x0000000080004278] -> 0x00000300000001BC
x9 <- 0x00000300000001BC

mem[X,0x00000000800017C8] -> 0x3503
mem[X,0x00000000800017CA] -> 0x2801
[2105] [M]: 0x00000000800017C8 (0x28013503) ld x10, 0x280(x2)                       resto_Mrtn+16
mem[R,0x0000000080004280] -> 0x00000000200000DE
x10 <- 0x00000000200000DE

clint mtime 0x000000000000041D (mip.MTI <- 0b1, mip.STI <- 0b0)
mem[X,0x00000000800017CC] -> 0x3583
mem[X,0x00000000800017CE] -> 0x2881
[2106] [M]: 0x00000000800017CC (0x28813583) ld x11, 0x288(x2)                       resto_Mrtn+20
mem[R,0x0000000080004288] -> 0x00000000000000DE
x11 <- 0x00000000000000DE

mem[X,0x00000000800017D0] -> 0x3103
mem[X,0x00000000800017D2] -> 0x2901
[2107] [M]: 0x00000000800017D0 (0x29013103) ld x2, 0x290(x2)                        resto_Mrtn+24
mem[R,0x0000000080004290] -> 0x0000000000000000
x2 <- 0x0000000000000000

clint mtime 0x000000000000041E (mip.MTI <- 0b1, mip.STI <- 0b0)
mem[X,0x00000000800017D4] -> 0x0073
mem[X,0x00000000800017D6] -> 0x3020
[2108] [M]: 0x00000000800017D4 (0x30200073) mret                                    resto_Mrtn+28
CSR mstatus (0x300) <- 0x0000000A00000080
ret-ing from M to U

mem[X,0x0000000080000FAC] -> 0x0013
mem[X,0x0000000080000FAE] -> 0x0000
[2109] [U]: 0x0000030080000FAC (0x00000013) addi x0, x0, 0x0                        va_rvtest_code_begin+2032

clint mtime 0x000000000000041F (mip.MTI <- 0b1, mip.STI <- 0b0)
mem[X,0x0000000080000FB0] -> 0x0013
mem[X,0x0000000080000FB2] -> 0x0000
[2110] [U]: 0x0000030080000FB0 (0x00000013) addi x0, x0, 0x0                        va_rvtest_code_begin+2036

mem[X,0x0000000080000FB4] -> 0x0013
mem[X,0x0000000080000FB6] -> 0x0000
[2111] [U]: 0x0000030080000FB4 (0x00000013) addi x0, x0, 0x0                        va_rvtest_code_begin+2040

clint mtime 0x0000000000000420 (mip.MTI <- 0b1, mip.STI <- 0b0)
mem[X,0x0000000080000FB8] -> 0x0113
mem[X,0x0000000080000FBA] -> 0x0000
[2112] [U]: 0x0000030080000FB8 (0x00000113) addi x2, x0, 0x0                        va_rvtest_code_begin+2044
x2 <- 0x0000000000000000

mem[X,0x0000000080000FBC] -> 0x0073
mem[X,0x0000000080000FBE] -> 0x0000
[2113] [U]: 0x0000030080000FBC (0x00000073) ecall                                   va_rvtest_code_begin+2048
trapping from U to M to handle u-call
handling exc#u-call at priv M with tval 0x0000000000000000
CSR mstatus (0x300) <- 0x0000000A00000000
CSR mcause (0x342) <- 0x0000000000000008
CSR mtval (0x343) <- 0x0000000000000000
CSR mepc (0x341) <- 0x0000030080000FBC

clint mtime 0x0000000000000421 (mip.MTI <- 0b1, mip.STI <- 0b0)
mem[X,0x0000000080001380] -> 0x006F
mem[X,0x0000000080001382] -> 0x1000
[2114] [M]: 0x0000000080001380 (0x1000006F) jal x0, 0x100                           Mtrampoline+0

mem[X,0x0000000080001480] -> 0x1173
mem[X,0x0000000080001482] -> 0x3401
[2115] [M]: 0x0000000080001480 (0x34011173) csrrw x2, mscratch, x2                  trap_Mhandler+0
CSR mscratch (0x340) <- 0x0000000000000000
x2 <- 0x0000000080004000

clint mtime 0x0000000000000422 (mip.MTI <- 0b1, mip.STI <- 0b0)
mem[X,0x0000000080001484] -> 0x3423
mem[X,0x0000000080001486] -> 0x28B1
[2116] [M]: 0x0000000080001484 (0x28B13423) sd x11, 0x288(x2)                       trap_Mhandler+4
mem[W,0x0000000080004288] <- 0x00000000000000DE

mem[X,0x0000000080001488] -> 0x05EF
mem[X,0x000000008000148A] -> 0x0B80
[2117] [M]: 0x0000000080001488 (0x0B8005EF) jal x11, 0xb8                           trap_Mhandler+8
x11 <- 0x000000008000148C

clint mtime 0x0000000000000423 (mip.MTI <- 0b1, mip.STI <- 0b0)
mem[X,0x0000000080001540] -> 0x3023
mem[X,0x0000000080001542] -> 0x28A1
[2118] [M]: 0x0000000080001540 (0x28A13023) sd x10, 0x280(x2)                       common_Mhandler+0
mem[W,0x0000000080004280] <- 0x00000000200000DE

mem[X,0x0000000080001544] -> 0x1573
mem[X,0x0000000080001546] -> 0x3401
[2119] [M]: 0x0000000080001544 (0x34011573) csrrw x10, mscratch, x2                 common_Mhandler+4
CSR mscratch (0x340) <- 0x0000000080004000
x10 <- 0x0000000000000000

clint mtime 0x0000000000000424 (mip.MTI <- 0b1, mip.STI <- 0b0)
mem[X,0x0000000080001548] -> 0x3823
mem[X,0x000000008000154A] -> 0x28A1
[2120] [M]: 0x0000000080001548 (0x28A13823) sd x10, 0x290(x2)                       common_Mhandler+8
mem[W,0x0000000080004290] <- 0x0000000000000000

mem[X,0x000000008000154C] -> 0x3503
mem[X,0x000000008000154E] -> 0x2301
[2121] [M]: 0x000000008000154C (0x23013503) ld x10, 0x230(x2)                       common_Mhandler+12
mem[R,0x0000000080004230] -> 0x0000000080001554
x10 <- 0x0000000080001554

clint mtime 0x0000000000000425 (mip.MTI <- 0b1, mip.STI <- 0b0)
mem[X,0x0000000080001550] -> 0x0067
mem[X,0x0000000080001552] -> 0x0005
[2122] [M]: 0x0000000080001550 (0x00050067) jalr x0, 0x0(x10)                       common_Mhandler+16

mem[X,0x0000000080001554] -> 0x3C23
mem[X,0x0000000080001556] -> 0x2691
[2123] [M]: 0x0000000080001554 (0x26913C23) sd x9, 0x278(x2)                        common_Mentry+0
mem[W,0x0000000080004278] <- 0x00000300000001BC

clint mtime 0x0000000000000426 (mip.MTI <- 0b1, mip.STI <- 0b0)
mem[X,0x0000000080001558] -> 0x3823
mem[X,0x000000008000155A] -> 0x2681
[2124] [M]: 0x0000000080001558 (0x26813823) sd x8, 0x270(x2)                        common_Mentry+4
mem[W,0x0000000080004270] <- 0x0000000000007F76

mem[X,0x000000008000155C] -> 0x3423
mem[X,0x000000008000155E] -> 0x2671
[2125] [M]: 0x000000008000155C (0x26713423) sd x7, 0x268(x2)                        common_Mentry+8
mem[W,0x0000000080004268] <- 0x0000000080004000

clint mtime 0x0000000000000427 (mip.MTI <- 0b1, mip.STI <- 0b0)
mem[X,0x0000000080001560] -> 0x3023
mem[X,0x0000000080001562] -> 0x2661
[2126] [M]: 0x0000000080001560 (0x26613023) sd x6, 0x260(x2)                        common_Mentry+12
mem[W,0x0000000080004260] <- 0xFFFFFFFF7FFFF28C

mem[X,0x0000000080001564] -> 0x2573
mem[X,0x0000000080001566] -> 0x3420
[2127] [M]: 0x0000000080001564 (0x34202573) csrrs x10, mcause, x0                   spcl_M2mmode_test+0
CSR mcause (0x342) -> 0x0000000000000008
x10 <- 0x0000000000000008

clint mtime 0x0000000000000428 (mip.MTI <- 0b1, mip.STI <- 0b0)
mem[X,0x0000000080001568] -> 0x04B7
mem[X,0x000000008000156A] -> 0x8000
[2128] [M]: 0x0000000080001568 (0x800004B7) lui x9, -0x80000                        spcl_M2mmode_test+4
x9 <- 0xFFFFFFFF80000000

mem[X,0x000000008000156C] -> 0x8493
mem[X,0x000000008000156E] -> 0x0004
[2129] [M]: 0x000000008000156C (0x00048493) addi x9, x9, 0x0                        spcl_M2mmode_test+8
x9 <- 0xFFFFFFFF80000000

clint mtime 0x0000000000000429 (mip.MTI <- 0b1, mip.STI <- 0b0)
mem[X,0x0000000080001570] -> 0x9493
mem[X,0x0000000080001572] -> 0x00B4
[2130] [M]: 0x0000000080001570 (0x00B49493) slli x9, x9, 0xb                        spcl_M2mmode_test+12
x9 <- 0xFFFFFC0000000000

mem[X,0x0000000080001574] -> 0x8493
mem[X,0x0000000080001576] -> 0x0004
[2131] [M]: 0x0000000080001574 (0x00048493) addi x9, x9, 0x0                        spcl_M2mmode_test+16
x9 <- 0xFFFFFC0000000000

clint mtime 0x000000000000042A (mip.MTI <- 0b1, mip.STI <- 0b0)
mem[X,0x0000000080001578] -> 0x9493
mem[X,0x000000008000157A] -> 0x00B4
[2132] [M]: 0x0000000080001578 (0x00B49493) slli x9, x9, 0xb                        spcl_M2mmode_test+20
x9 <- 0xFFE0000000000000

mem[X,0x000000008000157C] -> 0x8493
mem[X,0x000000008000157E] -> 0x0034
[2133] [M]: 0x000000008000157C (0x00348493) addi x9, x9, 0x3                        spcl_M2mmode_test+24
x9 <- 0xFFE0000000000003

clint mtime 0x000000000000042B (mip.MTI <- 0b1, mip.STI <- 0b0)
mem[X,0x0000000080001580] -> 0x9493
mem[X,0x0000000080001582] -> 0x00A4
[2134] [M]: 0x0000000080001580 (0x00A49493) slli x9, x9, 0xa                        spcl_M2mmode_test+28
x9 <- 0x8000000000000C00

mem[X,0x0000000080001584] -> 0x8493
mem[X,0x0000000080001586] -> 0x3FC4
[2135] [M]: 0x0000000080001584 (0x3FC48493) addi x9, x9, 0x3fc                      spcl_M2mmode_test+32
x9 <- 0x8000000000000FFC

clint mtime 0x000000000000042C (mip.MTI <- 0b1, mip.STI <- 0b0)
mem[X,0x0000000080001588] -> 0xF4B3
mem[X,0x000000008000158A] -> 0x00A4
[2136] [M]: 0x0000000080001588 (0x00A4F4B3) and x9, x9, x10                         spcl_M2mmode_test+36
x9 <- 0x0000000000000008

mem[X,0x000000008000158C] -> 0x8493
mem[X,0x000000008000158E] -> 0xFF84
[2137] [M]: 0x000000008000158C (0xFF848493) addi x9, x9, -0x8                       spcl_M2mmode_test+40
x9 <- 0x0000000000000000

clint mtime 0x000000000000042D (mip.MTI <- 0b1, mip.STI <- 0b0)
mem[X,0x0000000080001590] -> 0x9663
mem[X,0x0000000080001592] -> 0x0004
[2138] [M]: 0x0000000080001590 (0x00049663) bne x9, x0, 0xc                         spcl_M2mmode_test+44

mem[X,0x0000000080001594] -> 0x3383
mem[X,0x0000000080001596] -> 0x2901
[2139] [M]: 0x0000000080001594 (0x29013383) ld x7, 0x290(x2)                        spcl_M2mmode_test+48
mem[R,0x0000000080004290] -> 0x0000000000000000
x7 <- 0x0000000000000000

clint mtime 0x000000000000042E (mip.MTI <- 0b1, mip.STI <- 0b0)
mem[X,0x0000000080001598] -> 0x8663
mem[X,0x000000008000159A] -> 0x6E03
[2140] [M]: 0x0000000080001598 (0x6E038663) beq x7, x0, 0x6ec                       spcl_M2mmode_test+52

mem[X,0x0000000080001C84] -> 0x0493
mem[X,0x0000000080001C86] -> 0xFF55
[2141] [M]: 0x0000000080001C84 (0xFF550493) addi x9, x10, -0xb                      rtn2mmode+0
x9 <- 0xFFFFFFFFFFFFFFFD

clint mtime 0x000000000000042F (mip.MTI <- 0b1, mip.STI <- 0b0)
mem[X,0x0000000080001C88] -> 0x8C63
mem[X,0x0000000080001C8A] -> 0x0004
[2142] [M]: 0x0000000080001C88 (0x00048C63) beq x9, x0, 0x18                        rtn2mmode+4

mem[X,0x0000000080001C8C] -> 0x3583
mem[X,0x0000000080001C8E] -> 0x4701
[2143] [M]: 0x0000000080001C8C (0x47013583) ld x11, 0x470(x2)                       rtn2mmode+8
mem[R,0x0000000080004470] -> 0x00000300800007BC
x11 <- 0x00000300800007BC

clint mtime 0x0000000000000430 (mip.MTI <- 0b1, mip.STI <- 0b0)
mem[X,0x0000000080001C90] -> 0xD463
mem[X,0x0000000080001C92] -> 0x0003
[2144] [M]: 0x0000000080001C90 (0x0003D463) bge x7, x0, 0x8                         rtn2mmode+12

mem[X,0x0000000080001C98] -> 0x3483
mem[X,0x0000000080001C9A] -> 0x1D81
[2145] [M]: 0x0000000080001C98 (0x1D813483) ld x9, 0x1d8(x2)                        from_u_s+0
mem[R,0x00000000800041D8] -> 0x00000000800007D4
x9 <- 0x00000000800007D4

clint mtime 0x0000000000000431 (mip.MTI <- 0b1, mip.STI <- 0b0)
mem[X,0x0000000080001C9C] -> 0x84B3
mem[X,0x0000000080001C9E] -> 0x40B4
[2146] [M]: 0x0000000080001C9C (0x40B484B3) sub x9, x9, x11                         from_u_s+4
x9 <- 0xFFFFFD0000000018

mem[X,0x0000000080001CA0] -> 0x23F3
mem[X,0x0000000080001CA2] -> 0x3410
[2147] [M]: 0x0000000080001CA0 (0x341023F3) csrrs x7, mepc, x0                      rtn_fm_mmode+0
CSR mepc (0x341) -> 0x0000030080000FBC
x7 <- 0x0000030080000FBC

clint mtime 0x0000000000000432 (mip.MTI <- 0b1, mip.STI <- 0b0)
mem[X,0x0000000080001CA4] -> 0x83B3
mem[X,0x0000000080001CA6] -> 0x0093
[2148] [M]: 0x0000000080001CA4 (0x009383B3) add x7, x7, x9                          rtn_fm_mmode+4
x7 <- 0x0000000080000FD4

mem[X,0x0000000080001CA8] -> 0x3303
mem[X,0x0000000080001CAA] -> 0x2601
[2149] [M]: 0x0000000080001CA8 (0x26013303) ld x6, 0x260(x2)                        rtn_fm_mmode+8
mem[R,0x0000000080004260] -> 0xFFFFFFFF7FFFF28C
x6 <- 0xFFFFFFFF7FFFF28C

clint mtime 0x0000000000000433 (mip.MTI <- 0b1, mip.STI <- 0b0)
mem[X,0x0000000080001CAC] -> 0x3403
mem[X,0x0000000080001CAE] -> 0x2701
[2150] [M]: 0x0000000080001CAC (0x27013403) ld x8, 0x270(x2)                        rtn_fm_mmode+12
mem[R,0x0000000080004270] -> 0x0000000000007F76
x8 <- 0x0000000000007F76

mem[X,0x0000000080001CB0] -> 0x3483
mem[X,0x0000000080001CB2] -> 0x2781
[2151] [M]: 0x0000000080001CB0 (0x27813483) ld x9, 0x278(x2)                        rtn_fm_mmode+16
mem[R,0x0000000080004278] -> 0x00000300000001BC
x9 <- 0x00000300000001BC

clint mtime 0x0000000000000434 (mip.MTI <- 0b1, mip.STI <- 0b0)
mem[X,0x0000000080001CB4] -> 0x3503
mem[X,0x0000000080001CB6] -> 0x2801
[2152] [M]: 0x0000000080001CB4 (0x28013503) ld x10, 0x280(x2)                       rtn_fm_mmode+20
mem[R,0x0000000080004280] -> 0x00000000200000DE
x10 <- 0x00000000200000DE

mem[X,0x0000000080001CB8] -> 0x3583
mem[X,0x0000000080001CBA] -> 0x2881
[2153] [M]: 0x0000000080001CB8 (0x28813583) ld x11, 0x288(x2)                       rtn_fm_mmode+24
mem[R,0x0000000080004288] -> 0x00000000000000DE
x11 <- 0x00000000000000DE

clint mtime 0x0000000000000435 (mip.MTI <- 0b1, mip.STI <- 0b0)
mem[X,0x0000000080001CBC] -> 0x3103
mem[X,0x0000000080001CBE] -> 0x2901
[2154] [M]: 0x0000000080001CBC (0x29013103) ld x2, 0x290(x2)                        rtn_fm_mmode+28
mem[R,0x0000000080004290] -> 0x0000000000000000
x2 <- 0x0000000000000000

mem[X,0x0000000080001CC0] -> 0x8067
mem[X,0x0000000080001CC2] -> 0x0043
[2155] [M]: 0x0000000080001CC0 (0x00438067) jalr x0, 0x4(x7)                        rtn_fm_mmode+32

clint mtime 0x0000000000000436 (mip.MTI <- 0b1, mip.STI <- 0b0)
mem[X,0x0000000080000FD8] -> 0x0013
mem[X,0x0000000080000FDA] -> 0x0000
[2156] [M]: 0x0000000080000FD8 (0x00000013) addi x0, x0, 0x0                        main+2008

mem[X,0x0000000080000FDC] -> 0x0013
mem[X,0x0000000080000FDE] -> 0x0000
[2157] [M]: 0x0000000080000FDC (0x00000013) addi x0, x0, 0x0                        main+2012

clint mtime 0x0000000000000437 (mip.MTI <- 0b1, mip.STI <- 0b0)
mem[X,0x0000000080000FE0] -> 0x6517
mem[X,0x0000000080000FE2] -> 0x0000
[2158] [M]: 0x0000000080000FE0 (0x00006517) auipc x10, 0x6                          main+2016
x10 <- 0x0000000080006FE0

mem[X,0x0000000080000FE4] -> 0x0513
mem[X,0x0000000080000FE6] -> 0x0205
[2159] [M]: 0x0000000080000FE4 (0x02050513) addi x10, x10, 0x20                     main+2020
x10 <- 0x0000000080007000

clint mtime 0x0000000000000438 (mip.MTI <- 0b1, mip.STI <- 0b0)
mem[X,0x0000000080000FE8] -> 0x0001
[2160] [M]: 0x0000000080000FE8 (0x0001) c.nop                                       main+2024

mem[X,0x0000000080000FEA] -> 0x0013
mem[X,0x0000000080000FEC] -> 0x0000
[2161] [M]: 0x0000000080000FEA (0x00000013) addi x0, x0, 0x0                        main+2026

clint mtime 0x0000000000000439 (mip.MTI <- 0b1, mip.STI <- 0b0)
mem[X,0x0000000080000FEE] -> 0x0013
mem[X,0x0000000080000FF0] -> 0x0000
[2162] [M]: 0x0000000080000FEE (0x00000013) addi x0, x0, 0x0                        main+2030

mem[X,0x0000000080000FF2] -> 0x0013
mem[X,0x0000000080000FF4] -> 0x0000
[2163] [M]: 0x0000000080000FF2 (0x00000013) addi x0, x0, 0x0                        main+2034

clint mtime 0x000000000000043A (mip.MTI <- 0b1, mip.STI <- 0b0)
mem[X,0x0000000080000FF6] -> 0x0013
mem[X,0x0000000080000FF8] -> 0x0000
[2164] [M]: 0x0000000080000FF6 (0x00000013) addi x0, x0, 0x0                        main+2038

mem[X,0x0000000080000FFA] -> 0x0013
mem[X,0x0000000080000FFC] -> 0x0000
[2165] [M]: 0x0000000080000FFA (0x00000013) addi x0, x0, 0x0                        main+2042

clint mtime 0x000000000000043B (mip.MTI <- 0b1, mip.STI <- 0b0)
mem[X,0x0000000080000FFE] -> 0x0001
[2166] [M]: 0x0000000080000FFE (0x0001) c.nop                                       main+2046

mem[X,0x0000000080001000] -> 0x0593
mem[X,0x0000000080001002] -> 0x0010
[2167] [M]: 0x0000000080001000 (0x00100593) addi x11, x0, 0x1                       main+2048
x11 <- 0x0000000000000001

clint mtime 0x000000000000043C (mip.MTI <- 0b1, mip.STI <- 0b0)
mem[X,0x0000000080001004] -> 0x5513
mem[X,0x0000000080001006] -> 0x00C5
[2168] [M]: 0x0000000080001004 (0x00C55513) srli x10, x10, 0xc                      main+2052
x10 <- 0x0000000000080007

mem[X,0x0000000080001008] -> 0x1513
mem[X,0x000000008000100A] -> 0x00A5
[2169] [M]: 0x0000000080001008 (0x00A51513) slli x10, x10, 0xa                      main+2056
x10 <- 0x0000000020001C00

clint mtime 0x000000000000043D (mip.MTI <- 0b1, mip.STI <- 0b0)
mem[X,0x000000008000100C] -> 0x6533
mem[X,0x000000008000100E] -> 0x00B5
[2170] [M]: 0x000000008000100C (0x00B56533) or x10, x10, x11                        main+2060
x10 <- 0x0000000020001C01

mem[X,0x0000000080001010] -> 0x0013
mem[X,0x0000000080001012] -> 0x0000
[2171] [M]: 0x0000000080001010 (0x00000013) addi x0, x0, 0x0                        main+2064

clint mtime 0x000000000000043E (mip.MTI <- 0b1, mip.STI <- 0b0)
mem[X,0x0000000080001014] -> 0x0013
mem[X,0x0000000080001016] -> 0x0000
[2172] [M]: 0x0000000080001014 (0x00000013) addi x0, x0, 0x0                        main+2068

mem[X,0x0000000080001018] -> 0x0013
mem[X,0x000000008000101A] -> 0x0000
[2173] [M]: 0x0000000080001018 (0x00000013) addi x0, x0, 0x0                        main+2072

clint mtime 0x000000000000043F (mip.MTI <- 0b1, mip.STI <- 0b0)
mem[X,0x000000008000101C] -> 0x0013
mem[X,0x000000008000101E] -> 0x0000
[2174] [M]: 0x000000008000101C (0x00000013) addi x0, x0, 0x0                        main+2076

mem[X,0x0000000080001020] -> 0x7317
mem[X,0x0000000080001022] -> 0x0000
[2175] [M]: 0x0000000080001020 (0x00007317) auipc x6, 0x7                           main+2080
x6 <- 0x0000000080008020

clint mtime 0x0000000000000440 (mip.MTI <- 0b1, mip.STI <- 0b0)
mem[X,0x0000000080001024] -> 0x0313
mem[X,0x0000000080001026] -> 0xFE03
[2176] [M]: 0x0000000080001024 (0xFE030313) addi x6, x6, -0x20                      main+2084
x6 <- 0x0000000080008000

mem[X,0x0000000080001028] -> 0x0001
[2177] [M]: 0x0000000080001028 (0x0001) c.nop                                       main+2088

clint mtime 0x0000000000000441 (mip.MTI <- 0b1, mip.STI <- 0b0)
mem[X,0x000000008000102A] -> 0x0013
mem[X,0x000000008000102C] -> 0x0000
[2178] [M]: 0x000000008000102A (0x00000013) addi x0, x0, 0x0                        main+2090

mem[X,0x000000008000102E] -> 0x0013
mem[X,0x0000000080001030] -> 0x0000
[2179] [M]: 0x000000008000102E (0x00000013) addi x0, x0, 0x0                        main+2094

clint mtime 0x0000000000000442 (mip.MTI <- 0b1, mip.STI <- 0b0)
mem[X,0x0000000080001032] -> 0x0013
mem[X,0x0000000080001034] -> 0x0000
[2180] [M]: 0x0000000080001032 (0x00000013) addi x0, x0, 0x0                        main+2098

mem[X,0x0000000080001036] -> 0x0013
mem[X,0x0000000080001038] -> 0x0000
[2181] [M]: 0x0000000080001036 (0x00000013) addi x0, x0, 0x0                        main+2102

clint mtime 0x0000000000000443 (mip.MTI <- 0b1, mip.STI <- 0b0)
mem[X,0x000000008000103A] -> 0x0013
mem[X,0x000000008000103C] -> 0x0000
[2182] [M]: 0x000000008000103A (0x00000013) addi x0, x0, 0x0                        main+2106

mem[X,0x000000008000103E] -> 0x0001
[2183] [M]: 0x000000008000103E (0x0001) c.nop                                       main+2110

clint mtime 0x0000000000000444 (mip.MTI <- 0b1, mip.STI <- 0b0)
mem[X,0x0000000080001040] -> 0x0293
mem[X,0x0000000080001042] -> 0x0280
[2184] [M]: 0x0000000080001040 (0x02800293) addi x5, x0, 0x28                       main+2112
x5 <- 0x0000000000000028

mem[X,0x0000000080001044] -> 0x0333
mem[X,0x0000000080001046] -> 0x0053
[2185] [M]: 0x0000000080001044 (0x00530333) add x6, x6, x5                          main+2116
x6 <- 0x0000000080008028

clint mtime 0x0000000000000445 (mip.MTI <- 0b1, mip.STI <- 0b0)
mem[X,0x0000000080001048] -> 0x3023
mem[X,0x000000008000104A] -> 0x00A3
[2186] [M]: 0x0000000080001048 (0x00A33023) sd x10, 0x0(x6)                         main+2120
mem[W,0x0000000080008028] <- 0x0000000020001C01

mem[X,0x000000008000104C] -> 0x0013
mem[X,0x000000008000104E] -> 0x0000
[2187] [M]: 0x000000008000104C (0x00000013) addi x0, x0, 0x0                        main+2124

clint mtime 0x0000000000000446 (mip.MTI <- 0b1, mip.STI <- 0b0)
mem[X,0x0000000080001050] -> 0x0013
mem[X,0x0000000080001052] -> 0x0000
[2188] [M]: 0x0000000080001050 (0x00000013) addi x0, x0, 0x0                        main+2128

mem[X,0x0000000080001054] -> 0x0013
mem[X,0x0000000080001056] -> 0x0000
[2189] [M]: 0x0000000080001054 (0x00000013) addi x0, x0, 0x0                        main+2132

clint mtime 0x0000000000000447 (mip.MTI <- 0b1, mip.STI <- 0b0)
mem[X,0x0000000080001058] -> 0x0013
mem[X,0x000000008000105A] -> 0x0000
[2190] [M]: 0x0000000080001058 (0x00000013) addi x0, x0, 0x0                        main+2136

mem[X,0x000000008000105C] -> 0x0013
mem[X,0x000000008000105E] -> 0x0000
[2191] [M]: 0x000000008000105C (0x00000013) addi x0, x0, 0x0                        main+2140

clint mtime 0x0000000000000448 (mip.MTI <- 0b1, mip.STI <- 0b0)
mem[X,0x0000000080001060] -> 0x5517
mem[X,0x0000000080001062] -> 0x0000
[2192] [M]: 0x0000000080001060 (0x00005517) auipc x10, 0x5                          main+2144
x10 <- 0x0000000080006060

mem[X,0x0000000080001064] -> 0x0513
mem[X,0x0000000080001066] -> 0xFA05
[2193] [M]: 0x0000000080001064 (0xFA050513) addi x10, x10, -0x60                    main+2148
x10 <- 0x0000000080006000

clint mtime 0x0000000000000449 (mip.MTI <- 0b1, mip.STI <- 0b0)
mem[X,0x0000000080001068] -> 0x0001
[2194] [M]: 0x0000000080001068 (0x0001) c.nop                                       main+2152

mem[X,0x000000008000106A] -> 0x0013
mem[X,0x000000008000106C] -> 0x0000
[2195] [M]: 0x000000008000106A (0x00000013) addi x0, x0, 0x0                        main+2154

clint mtime 0x000000000000044A (mip.MTI <- 0b1, mip.STI <- 0b0)
mem[X,0x000000008000106E] -> 0x0013
mem[X,0x0000000080001070] -> 0x0000
[2196] [M]: 0x000000008000106E (0x00000013) addi x0, x0, 0x0                        main+2158

mem[X,0x0000000080001072] -> 0x0013
mem[X,0x0000000080001074] -> 0x0000
[2197] [M]: 0x0000000080001072 (0x00000013) addi x0, x0, 0x0                        main+2162

clint mtime 0x000000000000044B (mip.MTI <- 0b1, mip.STI <- 0b0)
mem[X,0x0000000080001076] -> 0x0013
mem[X,0x0000000080001078] -> 0x0000
[2198] [M]: 0x0000000080001076 (0x00000013) addi x0, x0, 0x0                        main+2166

mem[X,0x000000008000107A] -> 0x0013
mem[X,0x000000008000107C] -> 0x0000
[2199] [M]: 0x000000008000107A (0x00000013) addi x0, x0, 0x0                        main+2170

clint mtime 0x000000000000044C (mip.MTI <- 0b1, mip.STI <- 0b0)
mem[X,0x000000008000107E] -> 0x0001
[2200] [M]: 0x000000008000107E (0x0001) c.nop                                       main+2174

mem[X,0x0000000080001080] -> 0x0593
mem[X,0x0000000080001082] -> 0x0010
[2201] [M]: 0x0000000080001080 (0x00100593) addi x11, x0, 0x1                       main+2176
x11 <- 0x0000000000000001

clint mtime 0x000000000000044D (mip.MTI <- 0b1, mip.STI <- 0b0)
mem[X,0x0000000080001084] -> 0x5513
mem[X,0x0000000080001086] -> 0x00C5
[2202] [M]: 0x0000000080001084 (0x00C55513) srli x10, x10, 0xc                      main+2180
x10 <- 0x0000000000080006

mem[X,0x0000000080001088] -> 0x1513
mem[X,0x000000008000108A] -> 0x00A5
[2203] [M]: 0x0000000080001088 (0x00A51513) slli x10, x10, 0xa                      main+2184
x10 <- 0x0000000020001800

clint mtime 0x000000000000044E (mip.MTI <- 0b1, mip.STI <- 0b0)
mem[X,0x000000008000108C] -> 0x6533
mem[X,0x000000008000108E] -> 0x00B5
[2204] [M]: 0x000000008000108C (0x00B56533) or x10, x10, x11                        main+2188
x10 <- 0x0000000020001801

mem[X,0x0000000080001090] -> 0x0013
mem[X,0x0000000080001092] -> 0x0000
[2205] [M]: 0x0000000080001090 (0x00000013) addi x0, x0, 0x0                        main+2192

clint mtime 0x000000000000044F (mip.MTI <- 0b1, mip.STI <- 0b0)
mem[X,0x0000000080001094] -> 0x0013
mem[X,0x0000000080001096] -> 0x0000
[2206] [M]: 0x0000000080001094 (0x00000013) addi x0, x0, 0x0                        main+2196

mem[X,0x0000000080001098] -> 0x0013
mem[X,0x000000008000109A] -> 0x0000
[2207] [M]: 0x0000000080001098 (0x00000013) addi x0, x0, 0x0                        main+2200

clint mtime 0x0000000000000450 (mip.MTI <- 0b1, mip.STI <- 0b0)
mem[X,0x000000008000109C] -> 0x0013
mem[X,0x000000008000109E] -> 0x0000
[2208] [M]: 0x000000008000109C (0x00000013) addi x0, x0, 0x0                        main+2204

mem[X,0x00000000800010A0] -> 0x6317
mem[X,0x00000000800010A2] -> 0x0000
[2209] [M]: 0x00000000800010A0 (0x00006317) auipc x6, 0x6                           main+2208
x6 <- 0x00000000800070A0

clint mtime 0x0000000000000451 (mip.MTI <- 0b1, mip.STI <- 0b0)
mem[X,0x00000000800010A4] -> 0x0313
mem[X,0x00000000800010A6] -> 0xF603
[2210] [M]: 0x00000000800010A4 (0xF6030313) addi x6, x6, -0xa0                      main+2212
x6 <- 0x0000000080007000

mem[X,0x00000000800010A8] -> 0x0001
[2211] [M]: 0x00000000800010A8 (0x0001) c.nop                                       main+2216

clint mtime 0x0000000000000452 (mip.MTI <- 0b1, mip.STI <- 0b0)
mem[X,0x00000000800010AA] -> 0x0013
mem[X,0x00000000800010AC] -> 0x0000
[2212] [M]: 0x00000000800010AA (0x00000013) addi x0, x0, 0x0                        main+2218

mem[X,0x00000000800010AE] -> 0x0013
mem[X,0x00000000800010B0] -> 0x0000
[2213] [M]: 0x00000000800010AE (0x00000013) addi x0, x0, 0x0                        main+2222

clint mtime 0x0000000000000453 (mip.MTI <- 0b1, mip.STI <- 0b0)
mem[X,0x00000000800010B2] -> 0x0013
mem[X,0x00000000800010B4] -> 0x0000
[2214] [M]: 0x00000000800010B2 (0x00000013) addi x0, x0, 0x0                        main+2226

mem[X,0x00000000800010B6] -> 0x0013
mem[X,0x00000000800010B8] -> 0x0000
[2215] [M]: 0x00000000800010B6 (0x00000013) addi x0, x0, 0x0                        main+2230

clint mtime 0x0000000000000454 (mip.MTI <- 0b1, mip.STI <- 0b0)
mem[X,0x00000000800010BA] -> 0x0013
mem[X,0x00000000800010BC] -> 0x0000
[2216] [M]: 0x00000000800010BA (0x00000013) addi x0, x0, 0x0                        main+2234

mem[X,0x00000000800010BE] -> 0x0001
[2217] [M]: 0x00000000800010BE (0x0001) c.nop                                       main+2238

clint mtime 0x0000000000000455 (mip.MTI <- 0b1, mip.STI <- 0b0)
mem[X,0x00000000800010C0] -> 0x0293
mem[X,0x00000000800010C2] -> 0x0000
[2218] [M]: 0x00000000800010C0 (0x00000293) addi x5, x0, 0x0                        main+2240
x5 <- 0x0000000000000000

mem[X,0x00000000800010C4] -> 0x0333
mem[X,0x00000000800010C6] -> 0x0053
[2219] [M]: 0x00000000800010C4 (0x00530333) add x6, x6, x5                          main+2244
x6 <- 0x0000000080007000

clint mtime 0x0000000000000456 (mip.MTI <- 0b1, mip.STI <- 0b0)
mem[X,0x00000000800010C8] -> 0x3023
mem[X,0x00000000800010CA] -> 0x00A3
[2220] [M]: 0x00000000800010C8 (0x00A33023) sd x10, 0x0(x6)                         main+2248
mem[W,0x0000000080007000] <- 0x0000000020001801

mem[X,0x00000000800010CC] -> 0x0013
mem[X,0x00000000800010CE] -> 0x0000
[2221] [M]: 0x00000000800010CC (0x00000013) addi x0, x0, 0x0                        main+2252

clint mtime 0x0000000000000457 (mip.MTI <- 0b1, mip.STI <- 0b0)
mem[X,0x00000000800010D0] -> 0x0013
mem[X,0x00000000800010D2] -> 0x0000
[2222] [M]: 0x00000000800010D0 (0x00000013) addi x0, x0, 0x0                        main+2256

mem[X,0x00000000800010D4] -> 0x0013
mem[X,0x00000000800010D6] -> 0x0000
[2223] [M]: 0x00000000800010D4 (0x00000013) addi x0, x0, 0x0                        main+2260

clint mtime 0x0000000000000458 (mip.MTI <- 0b1, mip.STI <- 0b0)
mem[X,0x00000000800010D8] -> 0x0013
mem[X,0x00000000800010DA] -> 0x0000
[2224] [M]: 0x00000000800010D8 (0x00000013) addi x0, x0, 0x0                        main+2264

mem[X,0x00000000800010DC] -> 0x0013
mem[X,0x00000000800010DE] -> 0x0000
[2225] [M]: 0x00000000800010DC (0x00000013) addi x0, x0, 0x0                        main+2268

clint mtime 0x0000000000000459 (mip.MTI <- 0b1, mip.STI <- 0b0)
mem[X,0x00000000800010E0] -> 0x4517
mem[X,0x00000000800010E2] -> 0x0000
[2226] [M]: 0x00000000800010E0 (0x00004517) auipc x10, 0x4                          main+2272
x10 <- 0x00000000800050E0

mem[X,0x00000000800010E4] -> 0x0513
mem[X,0x00000000800010E6] -> 0xF205
[2227] [M]: 0x00000000800010E4 (0xF2050513) addi x10, x10, -0xe0                    main+2276
x10 <- 0x0000000080005000

clint mtime 0x000000000000045A (mip.MTI <- 0b1, mip.STI <- 0b0)
mem[X,0x00000000800010E8] -> 0x0001
[2228] [M]: 0x00000000800010E8 (0x0001) c.nop                                       main+2280

mem[X,0x00000000800010EA] -> 0x0013
mem[X,0x00000000800010EC] -> 0x0000
[2229] [M]: 0x00000000800010EA (0x00000013) addi x0, x0, 0x0                        main+2282

clint mtime 0x000000000000045B (mip.MTI <- 0b1, mip.STI <- 0b0)
mem[X,0x00000000800010EE] -> 0x0013
mem[X,0x00000000800010F0] -> 0x0000
[2230] [M]: 0x00000000800010EE (0x00000013) addi x0, x0, 0x0                        main+2286

mem[X,0x00000000800010F2] -> 0x0013
mem[X,0x00000000800010F4] -> 0x0000
[2231] [M]: 0x00000000800010F2 (0x00000013) addi x0, x0, 0x0                        main+2290

clint mtime 0x000000000000045C (mip.MTI <- 0b1, mip.STI <- 0b0)
mem[X,0x00000000800010F6] -> 0x0013
mem[X,0x00000000800010F8] -> 0x0000
[2232] [M]: 0x00000000800010F6 (0x00000013) addi x0, x0, 0x0                        main+2294

mem[X,0x00000000800010FA] -> 0x0013
mem[X,0x00000000800010FC] -> 0x0000
[2233] [M]: 0x00000000800010FA (0x00000013) addi x0, x0, 0x0                        main+2298

clint mtime 0x000000000000045D (mip.MTI <- 0b1, mip.STI <- 0b0)
mem[X,0x00000000800010FE] -> 0x0001
[2234] [M]: 0x00000000800010FE (0x0001) c.nop                                       main+2302

mem[X,0x0000000080001100] -> 0x0593
mem[X,0x0000000080001102] -> 0x0010
[2235] [M]: 0x0000000080001100 (0x00100593) addi x11, x0, 0x1                       main+2304
x11 <- 0x0000000000000001

clint mtime 0x000000000000045E (mip.MTI <- 0b1, mip.STI <- 0b0)
mem[X,0x0000000080001104] -> 0x5513
mem[X,0x0000000080001106] -> 0x00C5
[2236] [M]: 0x0000000080001104 (0x00C55513) srli x10, x10, 0xc                      main+2308
x10 <- 0x0000000000080005

mem[X,0x0000000080001108] -> 0x1513
mem[X,0x000000008000110A] -> 0x00A5
[2237] [M]: 0x0000000080001108 (0x00A51513) slli x10, x10, 0xa                      main+2312
x10 <- 0x0000000020001400

clint mtime 0x000000000000045F (mip.MTI <- 0b1, mip.STI <- 0b0)
mem[X,0x000000008000110C] -> 0x6533
mem[X,0x000000008000110E] -> 0x00B5
[2238] [M]: 0x000000008000110C (0x00B56533) or x10, x10, x11                        main+2316
x10 <- 0x0000000020001401

mem[X,0x0000000080001110] -> 0x0013
mem[X,0x0000000080001112] -> 0x0000
[2239] [M]: 0x0000000080001110 (0x00000013) addi x0, x0, 0x0                        main+2320

clint mtime 0x0000000000000460 (mip.MTI <- 0b1, mip.STI <- 0b0)
mem[X,0x0000000080001114] -> 0x0013
mem[X,0x0000000080001116] -> 0x0000
[2240] [M]: 0x0000000080001114 (0x00000013) addi x0, x0, 0x0                        main+2324

mem[X,0x0000000080001118] -> 0x0013
mem[X,0x000000008000111A] -> 0x0000
[2241] [M]: 0x0000000080001118 (0x00000013) addi x0, x0, 0x0                        main+2328

clint mtime 0x0000000000000461 (mip.MTI <- 0b1, mip.STI <- 0b0)
mem[X,0x000000008000111C] -> 0x0013
mem[X,0x000000008000111E] -> 0x0000
[2242] [M]: 0x000000008000111C (0x00000013) addi x0, x0, 0x0                        main+2332

mem[X,0x0000000080001120] -> 0x5317
mem[X,0x0000000080001122] -> 0x0000
[2243] [M]: 0x0000000080001120 (0x00005317) auipc x6, 0x5                           main+2336
x6 <- 0x0000000080006120

clint mtime 0x0000000000000462 (mip.MTI <- 0b1, mip.STI <- 0b0)
mem[X,0x0000000080001124] -> 0x0313
mem[X,0x0000000080001126] -> 0xEE03
[2244] [M]: 0x0000000080001124 (0xEE030313) addi x6, x6, -0x120                     main+2340
x6 <- 0x0000000080006000

mem[X,0x0000000080001128] -> 0x0001
[2245] [M]: 0x0000000080001128 (0x0001) c.nop                                       main+2344

clint mtime 0x0000000000000463 (mip.MTI <- 0b1, mip.STI <- 0b0)
mem[X,0x000000008000112A] -> 0x0013
mem[X,0x000000008000112C] -> 0x0000
[2246] [M]: 0x000000008000112A (0x00000013) addi x0, x0, 0x0                        main+2346

mem[X,0x000000008000112E] -> 0x0013
mem[X,0x0000000080001130] -> 0x0000
[2247] [M]: 0x000000008000112E (0x00000013) addi x0, x0, 0x0                        main+2350

clint mtime 0x0000000000000464 (mip.MTI <- 0b1, mip.STI <- 0b0)
mem[X,0x0000000080001132] -> 0x0013
mem[X,0x0000000080001134] -> 0x0000
[2248] [M]: 0x0000000080001132 (0x00000013) addi x0, x0, 0x0                        main+2354

mem[X,0x0000000080001136] -> 0x0013
mem[X,0x0000000080001138] -> 0x0000
[2249] [M]: 0x0000000080001136 (0x00000013) addi x0, x0, 0x0                        main+2358

clint mtime 0x0000000000000465 (mip.MTI <- 0b1, mip.STI <- 0b0)
mem[X,0x000000008000113A] -> 0x0013
mem[X,0x000000008000113C] -> 0x0000
[2250] [M]: 0x000000008000113A (0x00000013) addi x0, x0, 0x0                        main+2362

mem[X,0x000000008000113E] -> 0x0001
[2251] [M]: 0x000000008000113E (0x0001) c.nop                                       main+2366

clint mtime 0x0000000000000466 (mip.MTI <- 0b1, mip.STI <- 0b0)
mem[X,0x0000000080001140] -> 0x0293
mem[X,0x0000000080001142] -> 0x0000
[2252] [M]: 0x0000000080001140 (0x00000293) addi x5, x0, 0x0                        main+2368
x5 <- 0x0000000000000000

mem[X,0x0000000080001144] -> 0x0333
mem[X,0x0000000080001146] -> 0x0053
[2253] [M]: 0x0000000080001144 (0x00530333) add x6, x6, x5                          main+2372
x6 <- 0x0000000080006000

clint mtime 0x0000000000000467 (mip.MTI <- 0b1, mip.STI <- 0b0)
mem[X,0x0000000080001148] -> 0x3023
mem[X,0x000000008000114A] -> 0x00A3
[2254] [M]: 0x0000000080001148 (0x00A33023) sd x10, 0x0(x6)                         main+2376
mem[W,0x0000000080006000] <- 0x0000000020001401

mem[X,0x000000008000114C] -> 0x0013
mem[X,0x000000008000114E] -> 0x0000
[2255] [M]: 0x000000008000114C (0x00000013) addi x0, x0, 0x0                        main+2380

clint mtime 0x0000000000000468 (mip.MTI <- 0b1, mip.STI <- 0b0)
mem[X,0x0000000080001150] -> 0x0013
mem[X,0x0000000080001152] -> 0x0000
[2256] [M]: 0x0000000080001150 (0x00000013) addi x0, x0, 0x0                        main+2384

mem[X,0x0000000080001154] -> 0x0013
mem[X,0x0000000080001156] -> 0x0000
[2257] [M]: 0x0000000080001154 (0x00000013) addi x0, x0, 0x0                        main+2388

clint mtime 0x0000000000000469 (mip.MTI <- 0b1, mip.STI <- 0b0)
mem[X,0x0000000080001158] -> 0x0013
mem[X,0x000000008000115A] -> 0x0000
[2258] [M]: 0x0000000080001158 (0x00000013) addi x0, x0, 0x0                        main+2392

mem[X,0x000000008000115C] -> 0x0013
mem[X,0x000000008000115E] -> 0x0000
[2259] [M]: 0x000000008000115C (0x00000013) addi x0, x0, 0x0                        main+2396

clint mtime 0x000000000000046A (mip.MTI <- 0b1, mip.STI <- 0b0)
mem[X,0x0000000080001160] -> 0xF517
mem[X,0x0000000080001162] -> 0xFFFF
[2260] [M]: 0x0000000080001160 (0xFFFFF517) auipc x10, -0x1                         main+2400
x10 <- 0x0000000080000160

mem[X,0x0000000080001164] -> 0x0513
mem[X,0x0000000080001166] -> 0x2A05
[2261] [M]: 0x0000000080001164 (0x2A050513) addi x10, x10, 0x2a0                    main+2404
x10 <- 0x0000000080000400

clint mtime 0x000000000000046B (mip.MTI <- 0b1, mip.STI <- 0b0)
mem[X,0x0000000080001168] -> 0x0001
[2262] [M]: 0x0000000080001168 (0x0001) c.nop                                       main+2408

mem[X,0x000000008000116A] -> 0x0013
mem[X,0x000000008000116C] -> 0x0000
[2263] [M]: 0x000000008000116A (0x00000013) addi x0, x0, 0x0                        main+2410

clint mtime 0x000000000000046C (mip.MTI <- 0b1, mip.STI <- 0b0)
mem[X,0x000000008000116E] -> 0x0013
mem[X,0x0000000080001170] -> 0x0000
[2264] [M]: 0x000000008000116E (0x00000013) addi x0, x0, 0x0                        main+2414

mem[X,0x0000000080001172] -> 0x0013
mem[X,0x0000000080001174] -> 0x0000
[2265] [M]: 0x0000000080001172 (0x00000013) addi x0, x0, 0x0                        main+2418

clint mtime 0x000000000000046D (mip.MTI <- 0b1, mip.STI <- 0b0)
mem[X,0x0000000080001176] -> 0x0013
mem[X,0x0000000080001178] -> 0x0000
[2266] [M]: 0x0000000080001176 (0x00000013) addi x0, x0, 0x0                        main+2422

mem[X,0x000000008000117A] -> 0x0013
mem[X,0x000000008000117C] -> 0x0000
[2267] [M]: 0x000000008000117A (0x00000013) addi x0, x0, 0x0                        main+2426

clint mtime 0x000000000000046E (mip.MTI <- 0b1, mip.STI <- 0b0)
mem[X,0x000000008000117E] -> 0x0001
[2268] [M]: 0x000000008000117E (0x0001) c.nop                                       main+2430

mem[X,0x0000000080001180] -> 0x0593
mem[X,0x0000000080001182] -> 0x0DE0
[2269] [M]: 0x0000000080001180 (0x0DE00593) addi x11, x0, 0xde                      main+2432
x11 <- 0x00000000000000DE

clint mtime 0x000000000000046F (mip.MTI <- 0b1, mip.STI <- 0b0)
mem[X,0x0000000080001184] -> 0x5513
mem[X,0x0000000080001186] -> 0x00C5
[2270] [M]: 0x0000000080001184 (0x00C55513) srli x10, x10, 0xc                      main+2436
x10 <- 0x0000000000080000

mem[X,0x0000000080001188] -> 0x1513
mem[X,0x000000008000118A] -> 0x00A5
[2271] [M]: 0x0000000080001188 (0x00A51513) slli x10, x10, 0xa                      main+2440
x10 <- 0x0000000020000000

clint mtime 0x0000000000000470 (mip.MTI <- 0b1, mip.STI <- 0b0)
mem[X,0x000000008000118C] -> 0x6533
mem[X,0x000000008000118E] -> 0x00B5
[2272] [M]: 0x000000008000118C (0x00B56533) or x10, x10, x11                        main+2444
x10 <- 0x00000000200000DE

mem[X,0x0000000080001190] -> 0x0013
mem[X,0x0000000080001192] -> 0x0000
[2273] [M]: 0x0000000080001190 (0x00000013) addi x0, x0, 0x0                        main+2448

clint mtime 0x0000000000000471 (mip.MTI <- 0b1, mip.STI <- 0b0)
mem[X,0x0000000080001194] -> 0x0013
mem[X,0x0000000080001196] -> 0x0000
[2274] [M]: 0x0000000080001194 (0x00000013) addi x0, x0, 0x0                        main+2452

mem[X,0x0000000080001198] -> 0x0013
mem[X,0x000000008000119A] -> 0x0000
[2275] [M]: 0x0000000080001198 (0x00000013) addi x0, x0, 0x0                        main+2456

clint mtime 0x0000000000000472 (mip.MTI <- 0b1, mip.STI <- 0b0)
mem[X,0x000000008000119C] -> 0x0013
mem[X,0x000000008000119E] -> 0x0000
[2276] [M]: 0x000000008000119C (0x00000013) addi x0, x0, 0x0                        main+2460

mem[X,0x00000000800011A0] -> 0x4317
mem[X,0x00000000800011A2] -> 0x0000
[2277] [M]: 0x00000000800011A0 (0x00004317) auipc x6, 0x4                           main+2464
x6 <- 0x00000000800051A0

clint mtime 0x0000000000000473 (mip.MTI <- 0b1, mip.STI <- 0b0)
mem[X,0x00000000800011A4] -> 0x0313
mem[X,0x00000000800011A6] -> 0xE603
[2278] [M]: 0x00000000800011A4 (0xE6030313) addi x6, x6, -0x1a0                     main+2468
x6 <- 0x0000000080005000

mem[X,0x00000000800011A8] -> 0x0001
[2279] [M]: 0x00000000800011A8 (0x0001) c.nop                                       main+2472

clint mtime 0x0000000000000474 (mip.MTI <- 0b1, mip.STI <- 0b0)
mem[X,0x00000000800011AA] -> 0x0013
mem[X,0x00000000800011AC] -> 0x0000
[2280] [M]: 0x00000000800011AA (0x00000013) addi x0, x0, 0x0                        main+2474

mem[X,0x00000000800011AE] -> 0x0013
mem[X,0x00000000800011B0] -> 0x0000
[2281] [M]: 0x00000000800011AE (0x00000013) addi x0, x0, 0x0                        main+2478

clint mtime 0x0000000000000475 (mip.MTI <- 0b1, mip.STI <- 0b0)
mem[X,0x00000000800011B2] -> 0x0013
mem[X,0x00000000800011B4] -> 0x0000
[2282] [M]: 0x00000000800011B2 (0x00000013) addi x0, x0, 0x0                        main+2482

mem[X,0x00000000800011B6] -> 0x0013
mem[X,0x00000000800011B8] -> 0x0000
[2283] [M]: 0x00000000800011B6 (0x00000013) addi x0, x0, 0x0                        main+2486

clint mtime 0x0000000000000476 (mip.MTI <- 0b1, mip.STI <- 0b0)
mem[X,0x00000000800011BA] -> 0x0013
mem[X,0x00000000800011BC] -> 0x0000
[2284] [M]: 0x00000000800011BA (0x00000013) addi x0, x0, 0x0                        main+2490

mem[X,0x00000000800011BE] -> 0x0001
[2285] [M]: 0x00000000800011BE (0x0001) c.nop                                       main+2494

clint mtime 0x0000000000000477 (mip.MTI <- 0b1, mip.STI <- 0b0)
mem[X,0x00000000800011C0] -> 0x0293
mem[X,0x00000000800011C2] -> 0x0000
[2286] [M]: 0x00000000800011C0 (0x00000293) addi x5, x0, 0x0                        main+2496
x5 <- 0x0000000000000000

mem[X,0x00000000800011C4] -> 0x0333
mem[X,0x00000000800011C6] -> 0x0053
[2287] [M]: 0x00000000800011C4 (0x00530333) add x6, x6, x5                          main+2500
x6 <- 0x0000000080005000

clint mtime 0x0000000000000478 (mip.MTI <- 0b1, mip.STI <- 0b0)
mem[X,0x00000000800011C8] -> 0x3023
mem[X,0x00000000800011CA] -> 0x00A3
[2288] [M]: 0x00000000800011C8 (0x00A33023) sd x10, 0x0(x6)                         main+2504
mem[W,0x0000000080005000] <- 0x00000000200000DE

mem[X,0x00000000800011CC] -> 0x0073
mem[X,0x00000000800011CE] -> 0x1200
[2289] [M]: 0x00000000800011CC (0x12000073) sfence.vma x0, x0                       main+2508

clint mtime 0x0000000000000479 (mip.MTI <- 0b1, mip.STI <- 0b0)
mem[X,0x00000000800011D0] -> 0x0493
mem[X,0x00000000800011D2] -> 0x0010
[2290] [M]: 0x00000000800011D0 (0x00100493) addi x9, x0, 0x1                        main+2512
x9 <- 0x0000000000000001

mem[X,0x00000000800011D4] -> 0x9493
mem[X,0x00000000800011D6] -> 0x00B4
[2291] [M]: 0x00000000800011D4 (0x00B49493) slli x9, x9, 0xb                        main+2516
x9 <- 0x0000000000000800

clint mtime 0x000000000000047A (mip.MTI <- 0b1, mip.STI <- 0b0)
mem[X,0x00000000800011D8] -> 0xB073
mem[X,0x00000000800011DA] -> 0x3004
[2292] [M]: 0x00000000800011D8 (0x3004B073) csrrc x0, mstatus, x9                   main+2520
CSR mstatus (0x300) <- 0x0000000A00000000

mem[X,0x00000000800011DC] -> 0x23F3
mem[X,0x00000000800011DE] -> 0x3400
[2293] [M]: 0x00000000800011DC (0x340023F3) csrrs x7, mscratch, x0                  main+2524
CSR mscratch (0x340) -> 0x0000000080004000
x7 <- 0x0000000080004000

clint mtime 0x000000000000047B (mip.MTI <- 0b1, mip.STI <- 0b0)
mem[X,0x00000000800011E0] -> 0xB303
mem[X,0x00000000800011E2] -> 0x4703
[2294] [M]: 0x00000000800011E0 (0x4703B303) ld x6, 0x470(x7)                        main+2528
mem[R,0x0000000080004470] -> 0x00000300800007BC
x6 <- 0x00000300800007BC

mem[X,0x00000000800011E4] -> 0xB483
mem[X,0x00000000800011E6] -> 0x1D83
[2295] [M]: 0x00000000800011E4 (0x1D83B483) ld x9, 0x1d8(x7)                        main+2532
mem[R,0x00000000800041D8] -> 0x00000000800007D4
x9 <- 0x00000000800007D4

clint mtime 0x000000000000047C (mip.MTI <- 0b1, mip.STI <- 0b0)
mem[X,0x00000000800011E8] -> 0x0333
mem[X,0x00000000800011EA] -> 0x4093
[2296] [M]: 0x00000000800011E8 (0x40930333) sub x6, x6, x9                          main+2536
x6 <- 0x000002FFFFFFFFE8

mem[X,0x00000000800011EC] -> 0x0313
mem[X,0x00000000800011EE] -> 0x0103
[2297] [M]: 0x00000000800011EC (0x01030313) addi x6, x6, 0x10                       main+2540
x6 <- 0x000002FFFFFFFFF8

clint mtime 0x000000000000047D (mip.MTI <- 0b1, mip.STI <- 0b0)
mem[X,0x00000000800011F0] -> 0x0497
mem[X,0x00000000800011F2] -> 0x0000
[2298] [M]: 0x00000000800011F0 (0x00000497) auipc x9, 0x0                           main+2544
x9 <- 0x00000000800011F0

mem[X,0x00000000800011F4] -> 0x84B3
mem[X,0x00000000800011F6] -> 0x0064
[2299] [M]: 0x00000000800011F4 (0x006484B3) add x9, x9, x6                          main+2548
x9 <- 0x00000300800011E8

clint mtime 0x000000000000047E (mip.MTI <- 0b1, mip.STI <- 0b0)
mem[X,0x00000000800011F8] -> 0x94F3
mem[X,0x00000000800011FA] -> 0x3414
[2300] [M]: 0x00000000800011F8 (0x341494F3) csrrw x9, mepc, x9                      main+2552
CSR mepc (0x341) <- 0x00000300800011E8
x9 <- 0x0000030080000FBC

mem[X,0x00000000800011FC] -> 0x0073
mem[X,0x00000000800011FE] -> 0x3020
[2301] [M]: 0x00000000800011FC (0x30200073) mret                                    main+2556
CSR mstatus (0x300) <- 0x0000000A00000080
ret-ing from M to U

clint mtime 0x000000000000047F (mip.MTI <- 0b1, mip.STI <- 0b0)
PTW: Start, vpn=0x30080001, access_type=X, privilege=Umem[R,0x0000000080008030] -> 0x00000000000000DB
PTW: Step, level=3, pte=0xDB, pte_addr=0x80008030
PTW: Success, final_ppn=0x80001, level=3mem[X,0x00000000800011E8] -> 0x0333
PTW: Start, vpn=0x30080001, access_type=X, privilege=Umem[R,0x0000000080008030] -> 0x00000000000000DB
PTW: Step, level=3, pte=0xDB, pte_addr=0x80008030
PTW: Success, final_ppn=0x80001, level=3mem[X,0x00000000800011EA] -> 0x4093
[2302] [U]: 0x00000300800011E8 (0x40930333) sub x6, x6, x9                          va_rvtest_code_begin+2604
x6 <- 0xFFFFFFFF7FFFF03C

PTW: Start, vpn=0x30080001, access_type=X, privilege=Umem[R,0x0000000080008030] -> 0x00000000000000DB
PTW: Step, level=3, pte=0xDB, pte_addr=0x80008030
PTW: Success, final_ppn=0x80001, level=3mem[X,0x00000000800011EC] -> 0x0313
PTW: Start, vpn=0x30080001, access_type=X, privilege=Umem[R,0x0000000080008030] -> 0x00000000000000DB
PTW: Step, level=3, pte=0xDB, pte_addr=0x80008030
PTW: Success, final_ppn=0x80001, level=3mem[X,0x00000000800011EE] -> 0x0103
[2303] [U]: 0x00000300800011EC (0x01030313) addi x6, x6, 0x10                       va_rvtest_code_begin+2608
x6 <- 0xFFFFFFFF7FFFF04C

clint mtime 0x0000000000000480 (mip.MTI <- 0b1, mip.STI <- 0b0)
PTW: Start, vpn=0x30080001, access_type=X, privilege=Umem[R,0x0000000080008030] -> 0x00000000000000DB
PTW: Step, level=3, pte=0xDB, pte_addr=0x80008030
PTW: Success, final_ppn=0x80001, level=3mem[X,0x00000000800011F0] -> 0x0497
PTW: Start, vpn=0x30080001, access_type=X, privilege=Umem[R,0x0000000080008030] -> 0x00000000000000DB
PTW: Step, level=3, pte=0xDB, pte_addr=0x80008030
PTW: Success, final_ppn=0x80001, level=3mem[X,0x00000000800011F2] -> 0x0000
[2304] [U]: 0x00000300800011F0 (0x00000497) auipc x9, 0x0                           va_rvtest_code_begin+2612
x9 <- 0x00000300800011F0

PTW: Start, vpn=0x30080001, access_type=X, privilege=Umem[R,0x0000000080008030] -> 0x00000000000000DB
PTW: Step, level=3, pte=0xDB, pte_addr=0x80008030
PTW: Success, final_ppn=0x80001, level=3mem[X,0x00000000800011F4] -> 0x84B3
PTW: Start, vpn=0x30080001, access_type=X, privilege=Umem[R,0x0000000080008030] -> 0x00000000000000DB
PTW: Step, level=3, pte=0xDB, pte_addr=0x80008030
PTW: Success, final_ppn=0x80001, level=3mem[X,0x00000000800011F6] -> 0x0064
[2305] [U]: 0x00000300800011F4 (0x006484B3) add x9, x9, x6                          va_rvtest_code_begin+2616
x9 <- 0x000003000000023C

clint mtime 0x0000000000000481 (mip.MTI <- 0b1, mip.STI <- 0b0)
PTW: Start, vpn=0x30080001, access_type=X, privilege=Umem[R,0x0000000080008030] -> 0x00000000000000DB
PTW: Step, level=3, pte=0xDB, pte_addr=0x80008030
PTW: Success, final_ppn=0x80001, level=3mem[X,0x00000000800011F8] -> 0x94F3
PTW: Start, vpn=0x30080001, access_type=X, privilege=Umem[R,0x0000000080008030] -> 0x00000000000000DB
PTW: Step, level=3, pte=0xDB, pte_addr=0x80008030
PTW: Success, final_ppn=0x80001, level=3mem[X,0x00000000800011FA] -> 0x3414
[2306] [U]: 0x00000300800011F8 (0x341494F3) csrrw x9, mepc, x9                      va_rvtest_code_begin+2620
trapping from U to M to handle illegal-instruction
handling exc#illegal-instruction at priv M with tval 0x00000000341494F3
CSR mstatus (0x300) <- 0x0000000A00000000
CSR mcause (0x342) <- 0x0000000000000002
CSR mtval (0x343) <- 0x00000000341494F3
CSR mepc (0x341) <- 0x00000300800011F8

mem[X,0x0000000080001380] -> 0x006F
mem[X,0x0000000080001382] -> 0x1000
[2307] [M]: 0x0000000080001380 (0x1000006F) jal x0, 0x100                           Mtrampoline+0

clint mtime 0x0000000000000482 (mip.MTI <- 0b1, mip.STI <- 0b0)
mem[X,0x0000000080001480] -> 0x1173
mem[X,0x0000000080001482] -> 0x3401
[2308] [M]: 0x0000000080001480 (0x34011173) csrrw x2, mscratch, x2                  trap_Mhandler+0
CSR mscratch (0x340) <- 0x0000000000000000
x2 <- 0x0000000080004000

mem[X,0x0000000080001484] -> 0x3423
mem[X,0x0000000080001486] -> 0x28B1
[2309] [M]: 0x0000000080001484 (0x28B13423) sd x11, 0x288(x2)                       trap_Mhandler+4
mem[W,0x0000000080004288] <- 0x00000000000000DE

clint mtime 0x0000000000000483 (mip.MTI <- 0b1, mip.STI <- 0b0)
mem[X,0x0000000080001488] -> 0x05EF
mem[X,0x000000008000148A] -> 0x0B80
[2310] [M]: 0x0000000080001488 (0x0B8005EF) jal x11, 0xb8                           trap_Mhandler+8
x11 <- 0x000000008000148C

mem[X,0x0000000080001540] -> 0x3023
mem[X,0x0000000080001542] -> 0x28A1
[2311] [M]: 0x0000000080001540 (0x28A13023) sd x10, 0x280(x2)                       common_Mhandler+0
mem[W,0x0000000080004280] <- 0x00000000200000DE

clint mtime 0x0000000000000484 (mip.MTI <- 0b1, mip.STI <- 0b0)
mem[X,0x0000000080001544] -> 0x1573
mem[X,0x0000000080001546] -> 0x3401
[2312] [M]: 0x0000000080001544 (0x34011573) csrrw x10, mscratch, x2                 common_Mhandler+4
CSR mscratch (0x340) <- 0x0000000080004000
x10 <- 0x0000000000000000

mem[X,0x0000000080001548] -> 0x3823
mem[X,0x000000008000154A] -> 0x28A1
[2313] [M]: 0x0000000080001548 (0x28A13823) sd x10, 0x290(x2)                       common_Mhandler+8
mem[W,0x0000000080004290] <- 0x0000000000000000

clint mtime 0x0000000000000485 (mip.MTI <- 0b1, mip.STI <- 0b0)
mem[X,0x000000008000154C] -> 0x3503
mem[X,0x000000008000154E] -> 0x2301
[2314] [M]: 0x000000008000154C (0x23013503) ld x10, 0x230(x2)                       common_Mhandler+12
mem[R,0x0000000080004230] -> 0x0000000080001554
x10 <- 0x0000000080001554

mem[X,0x0000000080001550] -> 0x0067
mem[X,0x0000000080001552] -> 0x0005
[2315] [M]: 0x0000000080001550 (0x00050067) jalr x0, 0x0(x10)                       common_Mhandler+16

clint mtime 0x0000000000000486 (mip.MTI <- 0b1, mip.STI <- 0b0)
mem[X,0x0000000080001554] -> 0x3C23
mem[X,0x0000000080001556] -> 0x2691
[2316] [M]: 0x0000000080001554 (0x26913C23) sd x9, 0x278(x2)                        common_Mentry+0
mem[W,0x0000000080004278] <- 0x000003000000023C

mem[X,0x0000000080001558] -> 0x3823
mem[X,0x000000008000155A] -> 0x2681
[2317] [M]: 0x0000000080001558 (0x26813823) sd x8, 0x270(x2)                        common_Mentry+4
mem[W,0x0000000080004270] <- 0x0000000000007F76

clint mtime 0x0000000000000487 (mip.MTI <- 0b1, mip.STI <- 0b0)
mem[X,0x000000008000155C] -> 0x3423
mem[X,0x000000008000155E] -> 0x2671
[2318] [M]: 0x000000008000155C (0x26713423) sd x7, 0x268(x2)                        common_Mentry+8
mem[W,0x0000000080004268] <- 0x0000000080004000

mem[X,0x0000000080001560] -> 0x3023
mem[X,0x0000000080001562] -> 0x2661
[2319] [M]: 0x0000000080001560 (0x26613023) sd x6, 0x260(x2)                        common_Mentry+12
mem[W,0x0000000080004260] <- 0xFFFFFFFF7FFFF04C

clint mtime 0x0000000000000488 (mip.MTI <- 0b1, mip.STI <- 0b0)
mem[X,0x0000000080001564] -> 0x2573
mem[X,0x0000000080001566] -> 0x3420
[2320] [M]: 0x0000000080001564 (0x34202573) csrrs x10, mcause, x0                   spcl_M2mmode_test+0
CSR mcause (0x342) -> 0x0000000000000002
x10 <- 0x0000000000000002

mem[X,0x0000000080001568] -> 0x04B7
mem[X,0x000000008000156A] -> 0x8000
[2321] [M]: 0x0000000080001568 (0x800004B7) lui x9, -0x80000                        spcl_M2mmode_test+4
x9 <- 0xFFFFFFFF80000000

clint mtime 0x0000000000000489 (mip.MTI <- 0b1, mip.STI <- 0b0)
mem[X,0x000000008000156C] -> 0x8493
mem[X,0x000000008000156E] -> 0x0004
[2322] [M]: 0x000000008000156C (0x00048493) addi x9, x9, 0x0                        spcl_M2mmode_test+8
x9 <- 0xFFFFFFFF80000000

mem[X,0x0000000080001570] -> 0x9493
mem[X,0x0000000080001572] -> 0x00B4
[2323] [M]: 0x0000000080001570 (0x00B49493) slli x9, x9, 0xb                        spcl_M2mmode_test+12
x9 <- 0xFFFFFC0000000000

clint mtime 0x000000000000048A (mip.MTI <- 0b1, mip.STI <- 0b0)
mem[X,0x0000000080001574] -> 0x8493
mem[X,0x0000000080001576] -> 0x0004
[2324] [M]: 0x0000000080001574 (0x00048493) addi x9, x9, 0x0                        spcl_M2mmode_test+16
x9 <- 0xFFFFFC0000000000

mem[X,0x0000000080001578] -> 0x9493
mem[X,0x000000008000157A] -> 0x00B4
[2325] [M]: 0x0000000080001578 (0x00B49493) slli x9, x9, 0xb                        spcl_M2mmode_test+20
x9 <- 0xFFE0000000000000

clint mtime 0x000000000000048B (mip.MTI <- 0b1, mip.STI <- 0b0)
mem[X,0x000000008000157C] -> 0x8493
mem[X,0x000000008000157E] -> 0x0034
[2326] [M]: 0x000000008000157C (0x00348493) addi x9, x9, 0x3                        spcl_M2mmode_test+24
x9 <- 0xFFE0000000000003

mem[X,0x0000000080001580] -> 0x9493
mem[X,0x0000000080001582] -> 0x00A4
[2327] [M]: 0x0000000080001580 (0x00A49493) slli x9, x9, 0xa                        spcl_M2mmode_test+28
x9 <- 0x8000000000000C00

clint mtime 0x000000000000048C (mip.MTI <- 0b1, mip.STI <- 0b0)
mem[X,0x0000000080001584] -> 0x8493
mem[X,0x0000000080001586] -> 0x3FC4
[2328] [M]: 0x0000000080001584 (0x3FC48493) addi x9, x9, 0x3fc                      spcl_M2mmode_test+32
x9 <- 0x8000000000000FFC

mem[X,0x0000000080001588] -> 0xF4B3
mem[X,0x000000008000158A] -> 0x00A4
[2329] [M]: 0x0000000080001588 (0x00A4F4B3) and x9, x9, x10                         spcl_M2mmode_test+36
x9 <- 0x0000000000000000

clint mtime 0x000000000000048D (mip.MTI <- 0b1, mip.STI <- 0b0)
mem[X,0x000000008000158C] -> 0x8493
mem[X,0x000000008000158E] -> 0xFF84
[2330] [M]: 0x000000008000158C (0xFF848493) addi x9, x9, -0x8                       spcl_M2mmode_test+40
x9 <- 0xFFFFFFFFFFFFFFF8

mem[X,0x0000000080001590] -> 0x9663
mem[X,0x0000000080001592] -> 0x0004
[2331] [M]: 0x0000000080001590 (0x00049663) bne x9, x0, 0xc                         spcl_M2mmode_test+44

clint mtime 0x000000000000048E (mip.MTI <- 0b1, mip.STI <- 0b0)
mem[X,0x000000008000159C] -> 0x0393
mem[X,0x000000008000159E] -> 0x0200
[2332] [M]: 0x000000008000159C (0x02000393) addi x7, x0, 0x20                       Mtrapsig_ptr_upd+0
x7 <- 0x0000000000000020

mem[X,0x00000000800015A0] -> 0x5263
mem[X,0x00000000800015A2] -> 0x0405
[2333] [M]: 0x00000000800015A0 (0x04055263) bge x10, x0, 0x44                       Mtrapsig_ptr_upd+4

clint mtime 0x000000000000048F (mip.MTI <- 0b1, mip.STI <- 0b0)
mem[X,0x00000000800015E4] -> 0x2373
mem[X,0x00000000800015E6] -> 0x3010
[2334] [M]: 0x00000000800015E4 (0x30102373) csrrs x6, misa, x0                      Mxcpt_sig_sv+0
CSR misa (0x301) -> 0x800000000034112F
x6 <- 0x800000000034112F

mem[X,0x00000000800015E8] -> 0x1313
mem[X,0x00000000800015EA] -> 0x0383
[2335] [M]: 0x00000000800015E8 (0x03831313) slli x6, x6, 0x38                       Mxcpt_sig_sv+4
x6 <- 0x2F00000000000000

clint mtime 0x0000000000000490 (mip.MTI <- 0b1, mip.STI <- 0b0)
mem[X,0x00000000800015EC] -> 0x5463
mem[X,0x00000000800015EE] -> 0x0003
[2336] [M]: 0x00000000800015EC (0x00035463) bge x6, x0, 0x8                         Mxcpt_sig_sv+8

mem[X,0x00000000800015F4] -> 0x3303
mem[X,0x00000000800015F6] -> 0x2181
[2337] [M]: 0x00000000800015F4 (0x21813303) ld x6, 0x218(x2)                        Mtrap_sig_sv+0
mem[R,0x0000000080004218] -> 0x0000000080009498
x6 <- 0x0000000080009498

clint mtime 0x0000000000000491 (mip.MTI <- 0b1, mip.STI <- 0b0)
mem[X,0x00000000800015F8] -> 0x04B3
mem[X,0x00000000800015FA] -> 0x0073
[2338] [M]: 0x00000000800015F8 (0x007304B3) add x9, x6, x7                          Mtrap_sig_sv+4
x9 <- 0x00000000800094B8

mem[X,0x00000000800015FC] -> 0x3C23
mem[X,0x00000000800015FE] -> 0x2091
[2339] [M]: 0x00000000800015FC (0x20913C23) sd x9, 0x218(x2)                        Mtrap_sig_sv+8
mem[W,0x0000000080004218] <- 0x00000000800094B8

clint mtime 0x0000000000000492 (mip.MTI <- 0b1, mip.STI <- 0b0)
mem[X,0x0000000080001600] -> 0x3403
mem[X,0x0000000080001602] -> 0x1F81
[2340] [M]: 0x0000000080001600 (0x1F813403) ld x8, 0x1f8(x2)                        Mtrap_sig_sv+12
mem[R,0x00000000800041F8] -> 0x0000000080009110
x8 <- 0x0000000080009110

mem[X,0x0000000080001604] -> 0x0333
mem[X,0x0000000080001606] -> 0x4083
[2341] [M]: 0x0000000080001604 (0x40830333) sub x6, x6, x8                          Mtrap_sig_sv+16
x6 <- 0x0000000000000388

clint mtime 0x0000000000000493 (mip.MTI <- 0b1, mip.STI <- 0b0)
mem[X,0x0000000080001608] -> 0x3403
mem[X,0x000000008000160A] -> 0x1F81
[2342] [M]: 0x0000000080001608 (0x1F813403) ld x8, 0x1f8(x2)                        Mtrap_sig_sv+20
mem[R,0x00000000800041F8] -> 0x0000000080009110
x8 <- 0x0000000080009110

mem[X,0x000000008000160C] -> 0x0333
mem[X,0x000000008000160E] -> 0x0083
[2343] [M]: 0x000000008000160C (0x00830333) add x6, x6, x8                          Mtrap_sig_sv+24
x6 <- 0x0000000080009498

clint mtime 0x0000000000000494 (mip.MTI <- 0b1, mip.STI <- 0b0)
mem[X,0x0000000080001610] -> 0x3403
mem[X,0x0000000080001612] -> 0x2401
[2344] [M]: 0x0000000080001610 (0x24013403) ld x8, 0x240(x2)                        Mtrap_sig_sv+28
mem[R,0x0000000080004240] -> 0x0000000080001380
x8 <- 0x0000000080001380

mem[X,0x0000000080001614] -> 0x85B3
mem[X,0x0000000080001616] -> 0x4085
[2345] [M]: 0x0000000080001614 (0x408585B3) sub x11, x11, x8                        sv_Mvect+0
x11 <- 0x000000000000010C

clint mtime 0x0000000000000495 (mip.MTI <- 0b1, mip.STI <- 0b0)
mem[X,0x0000000080001618] -> 0x9593
mem[X,0x000000008000161A] -> 0x0045
[2346] [M]: 0x0000000080001618 (0x00459593) slli x11, x11, 0x4                      sv_Mvect+4
x11 <- 0x00000000000010C0

mem[X,0x000000008000161C] -> 0xE5B3
mem[X,0x000000008000161E] -> 0x0075
[2347] [M]: 0x000000008000161C (0x0075E5B3) or x11, x11, x7                         sv_Mvect+8
x11 <- 0x00000000000010E0

clint mtime 0x0000000000000496 (mip.MTI <- 0b1, mip.STI <- 0b0)
mem[X,0x0000000080001620] -> 0x8593
mem[X,0x0000000080001622] -> 0x0035
[2348] [M]: 0x0000000080001620 (0x00358593) addi x11, x11, 0x3                      sv_Mvect+12
x11 <- 0x00000000000010E3

mem[X,0x0000000080001624] -> 0x3023
mem[X,0x0000000080001626] -> 0x00B3
[2349] [M]: 0x0000000080001624 (0x00B33023) sd x11, 0x0(x6)                         sv_Mvect+16
mem[W,0x0000000080009498] <- 0x00000000000010E3

clint mtime 0x0000000000000497 (mip.MTI <- 0b1, mip.STI <- 0b0)
mem[X,0x0000000080001628] -> 0x3423
mem[X,0x000000008000162A] -> 0x00A3
[2350] [M]: 0x0000000080001628 (0x00A33423) sd x10, 0x8(x6)                         sv_Mcause+0
mem[W,0x00000000800094A0] <- 0x0000000000000002

mem[X,0x000000008000162C] -> 0x4663
mem[X,0x000000008000162E] -> 0x1A05
[2351] [M]: 0x000000008000162C (0x1A054663) blt x10, x0, 0x1ac                      sv_Mcause+4

clint mtime 0x0000000000000498 (mip.MTI <- 0b1, mip.STI <- 0b0)
mem[X,0x0000000080001630] -> 0x25F3
mem[X,0x0000000080001632] -> 0x3000
[2352] [M]: 0x0000000080001630 (0x300025F3) csrrs x11, mstatus, x0                  common_Mexcpt_handler+0
CSR mstatus (0x300) -> 0x0000000A00000000
x11 <- 0x0000000A00000000

mem[X,0x0000000080001634] -> 0x9413
mem[X,0x0000000080001636] -> 0x02E5
[2353] [M]: 0x0000000080001634 (0x02E59413) slli x8, x11, 0x2e                      common_Mexcpt_handler+4
x8 <- 0x0000000000000000

clint mtime 0x0000000000000499 (mip.MTI <- 0b1, mip.STI <- 0b0)
mem[X,0x0000000080001638] -> 0x5463
mem[X,0x000000008000163A] -> 0x0004
[2354] [M]: 0x0000000080001638 (0x00045463) bge x8, x0, 0x8                         common_Mexcpt_handler+8

mem[X,0x0000000080001640] -> 0xD493
mem[X,0x0000000080001642] -> 0x00B5
[2355] [M]: 0x0000000080001640 (0x00B5D493) srli x9, x11, 0xb                       common_Mexcpt_handler+16
x9 <- 0x0000000001400000

clint mtime 0x000000000000049A (mip.MTI <- 0b1, mip.STI <- 0b0)
mem[X,0x0000000080001644] -> 0xF493
mem[X,0x0000000080001646] -> 0x0034
[2356] [M]: 0x0000000080001644 (0x0034F493) andi x9, x9, 0x3                        common_Mexcpt_handler+20
x9 <- 0x0000000000000000

mem[X,0x0000000080001648] -> 0x8493
mem[X,0x000000008000164A] -> 0x0014
[2357] [M]: 0x0000000080001648 (0x00148493) addi x9, x9, 0x1                        common_Mexcpt_handler+24
x9 <- 0x0000000000000001

clint mtime 0x000000000000049B (mip.MTI <- 0b1, mip.STI <- 0b0)
mem[X,0x000000008000164C] -> 0xF493
mem[X,0x000000008000164E] -> 0x0044
[2358] [M]: 0x000000008000164C (0x0044F493) andi x9, x9, 0x4                        common_Mexcpt_handler+28
x9 <- 0x0000000000000000

mem[X,0x0000000080001650] -> 0x0593
mem[X,0x0000000080001652] -> 0x05D0
[2359] [M]: 0x0000000080001650 (0x05D00593) addi x11, x0, 0x5d                      common_Mexcpt_handler+32
x11 <- 0x000000000000005D

clint mtime 0x000000000000049C (mip.MTI <- 0b1, mip.STI <- 0b0)
mem[X,0x0000000080001654] -> 0xD5B3
mem[X,0x0000000080001656] -> 0x0095
[2360] [M]: 0x0000000080001654 (0x0095D5B3) srl x11, x11, x9                        common_Mexcpt_handler+36
x11 <- 0x000000000000005D

mem[X,0x0000000080001658] -> 0xF593
mem[X,0x000000008000165A] -> 0x0015
[2361] [M]: 0x0000000080001658 (0x0015F593) andi x11, x11, 0x1                      common_Mexcpt_handler+40
x11 <- 0x0000000000000001

clint mtime 0x000000000000049D (mip.MTI <- 0b1, mip.STI <- 0b0)
mem[X,0x000000008000165C] -> 0x8EE3
mem[X,0x000000008000165E] -> 0xF405
[2362] [M]: 0x000000008000165C (0xF4058EE3) beq x11, x0, -0xa4                      common_Mexcpt_handler+44

mem[X,0x0000000080001660] -> 0x0593
mem[X,0x0000000080001662] -> 0x2980
[2363] [M]: 0x0000000080001660 (0x29800593) addi x11, x0, 0x298                     common_Mexcpt_handler+48
x11 <- 0x0000000000000298

clint mtime 0x000000000000049E (mip.MTI <- 0b1, mip.STI <- 0b0)
mem[X,0x0000000080001664] -> 0xF413
mem[X,0x0000000080001666] -> 0x0014
[2364] [M]: 0x0000000080001664 (0x0014F413) andi x8, x9, 0x1                        common_Mexcpt_handler+52
x8 <- 0x0000000000000000

mem[X,0x0000000080001668] -> 0x95B3
mem[X,0x000000008000166A] -> 0x0085
[2365] [M]: 0x0000000080001668 (0x008595B3) sll x11, x11, x8                        common_Mexcpt_handler+56
x11 <- 0x0000000000000298

clint mtime 0x000000000000049F (mip.MTI <- 0b1, mip.STI <- 0b0)
mem[X,0x000000008000166C] -> 0x9413
mem[X,0x000000008000166E] -> 0x03D4
[2366] [M]: 0x000000008000166C (0x03D49413) slli x8, x9, 0x3d                       common_Mexcpt_handler+60
x8 <- 0x0000000000000000

mem[X,0x0000000080001670] -> 0x5413
mem[X,0x0000000080001672] -> 0x43F4
[2367] [M]: 0x0000000080001670 (0x43F45413) srai x8, x8, 0x3f                       common_Mexcpt_handler+64
x8 <- 0x0000000000000000

clint mtime 0x00000000000004A0 (mip.MTI <- 0b1, mip.STI <- 0b0)
mem[X,0x0000000080001674] -> 0x4413
mem[X,0x0000000080001676] -> 0xFFF4
[2368] [M]: 0x0000000080001674 (0xFFF44413) xori x8, x8, -0x1                       common_Mexcpt_handler+68
x8 <- 0xFFFFFFFFFFFFFFFF

mem[X,0x0000000080001678] -> 0xF4B3
mem[X,0x000000008000167A] -> 0x0085
[2369] [M]: 0x0000000080001678 (0x0085F4B3) and x9, x11, x8                         common_Mexcpt_handler+72
x9 <- 0x0000000000000298

clint mtime 0x00000000000004A1 (mip.MTI <- 0b1, mip.STI <- 0b0)
mem[X,0x000000008000167C] -> 0x84B3
mem[X,0x000000008000167E] -> 0x0024
[2370] [M]: 0x000000008000167C (0x002484B3) add x9, x9, x2                          vmem_adj_Mepc+0
x9 <- 0x0000000080004298

mem[X,0x0000000080001680] -> 0x23F3
mem[X,0x0000000080001682] -> 0x3410
[2371] [M]: 0x0000000080001680 (0x341023F3) csrrs x7, mepc, x0                      vmem_adj_Mepc+4
CSR mepc (0x341) -> 0x00000300800011F8
x7 <- 0x00000300800011F8

clint mtime 0x00000000000004A2 (mip.MTI <- 0b1, mip.STI <- 0b0)
mem[X,0x0000000080001684] -> 0x0413
mem[X,0x0000000080001686] -> 0x0004
[2372] [M]: 0x0000000080001684 (0x00040413) addi x8, x8, 0x0                        vmem_adj_Mepc+8
x8 <- 0xFFFFFFFFFFFFFFFF

mem[X,0x0000000080001688] -> 0x006F
mem[X,0x000000008000168A] -> 0x0400
[2373] [M]: 0x0000000080001688 (0x0400006F) jal x0, 0x40                            vmem_adj_Mepc+12

clint mtime 0x00000000000004A3 (mip.MTI <- 0b1, mip.STI <- 0b0)
mem[X,0x00000000800016C8] -> 0x8433
mem[X,0x00000000800016CA] -> 0x4083
[2374] [M]: 0x00000000800016C8 (0x40838433) sub x8, x7, x8                          adj_Mepc+0
x8 <- 0x00000300800011F9

mem[X,0x00000000800016CC] -> 0x3823
mem[X,0x00000000800016CE] -> 0x0083
[2375] [M]: 0x00000000800016CC (0x00833823) sd x8, 0x10(x6)                         sv_Mepc+0
mem[W,0x00000000800094A8] <- 0x00000300800011F9

clint mtime 0x00000000000004A4 (mip.MTI <- 0b1, mip.STI <- 0b0)
mem[X,0x00000000800016D0] -> 0x55B7
mem[X,0x00000000800016D2] -> 0x0000
[2376] [M]: 0x00000000800016D0 (0x000055B7) lui x11, 0x5                            sv_Mepc+4
x11 <- 0x0000000000005000

mem[X,0x00000000800016D4] -> 0x8593
mem[X,0x00000000800016D6] -> 0x6675
[2377] [M]: 0x00000000800016D4 (0x66758593) addi x11, x11, 0x667                    sv_Mepc+8
x11 <- 0x0000000000005667

clint mtime 0x00000000000004A5 (mip.MTI <- 0b1, mip.STI <- 0b0)
mem[X,0x00000000800016D8] -> 0x9593
mem[X,0x00000000800016DA] -> 0x0015
[2378] [M]: 0x00000000800016D8 (0x00159593) slli x11, x11, 0x1                      sv_Mepc+12
x11 <- 0x000000000000ACCE

mem[X,0x00000000800016DC] -> 0x9063
mem[X,0x00000000800016DE] -> 0x02B1
[2379] [M]: 0x00000000800016DC (0x02B19063) bne x3, x11, 0x20                       sv_Mepc+16

clint mtime 0x00000000000004A6 (mip.MTI <- 0b1, mip.STI <- 0b0)
mem[X,0x00000000800016E0] -> 0x2473
mem[X,0x00000000800016E2] -> 0x3420
[2380] [M]: 0x00000000800016E0 (0x34202473) csrrs x8, mcause, x0                    sv_Mepc+20
CSR mcause (0x342) -> 0x0000000000000002
x8 <- 0x0000000000000002

mem[X,0x00000000800016E4] -> 0x0593
mem[X,0x00000000800016E6] -> 0x00C0
[2381] [M]: 0x00000000800016E4 (0x00C00593) addi x11, x0, 0xc                       sv_Mepc+24
x11 <- 0x000000000000000C

clint mtime 0x00000000000004A7 (mip.MTI <- 0b1, mip.STI <- 0b0)
mem[X,0x00000000800016E8] -> 0x0663
mem[X,0x00000000800016EA] -> 0x00B4
[2382] [M]: 0x00000000800016E8 (0x00B40663) beq x8, x11, 0xc                        sv_Mepc+28

mem[X,0x00000000800016EC] -> 0x0593
mem[X,0x00000000800016EE] -> 0x0010
[2383] [M]: 0x00000000800016EC (0x00100593) addi x11, x0, 0x1                       sv_Mepc+32
x11 <- 0x0000000000000001

clint mtime 0x00000000000004A8 (mip.MTI <- 0b1, mip.STI <- 0b0)
mem[X,0x00000000800016F0] -> 0x1663
mem[X,0x00000000800016F2] -> 0x00B4
[2384] [M]: 0x00000000800016F0 (0x00B41663) bne x8, x11, 0xc                        sv_Mepc+36

mem[X,0x00000000800016FC] -> 0xF593
mem[X,0x00000000800016FE] -> 0xFFC3
[2385] [M]: 0x00000000800016FC (0xFFC3F593) andi x11, x7, -0x4                      adj_Mepc_rtn+0
x11 <- 0x00000300800011F8

clint mtime 0x00000000000004A9 (mip.MTI <- 0b1, mip.STI <- 0b0)
mem[X,0x0000000080001700] -> 0x8593
mem[X,0x0000000080001702] -> 0x0085
[2386] [M]: 0x0000000080001700 (0x00858593) addi x11, x11, 0x8                      adj_Mepc_rtn+4
x11 <- 0x0000030080001200

mem[X,0x0000000080001704] -> 0x9073
mem[X,0x0000000080001706] -> 0x3415
[2387] [M]: 0x0000000080001704 (0x34159073) csrrw x0, mepc, x11                     adj_Mepc_rtn+8
CSR mepc (0x341) <- 0x0000030080001200

clint mtime 0x00000000000004AA (mip.MTI <- 0b1, mip.STI <- 0b0)
mem[X,0x0000000080001708] -> 0x23F3
mem[X,0x000000008000170A] -> 0x3430
[2388] [M]: 0x0000000080001708 (0x343023F3) csrrs x7, mtval, x0                     skp_adj_Mepc+0
CSR mtval (0x343) -> 0x00000000341494F3
x7 <- 0x00000000341494F3

mem[X,0x000000008000170C] -> 0x0413
mem[X,0x000000008000170E] -> 0x0004
[2389] [M]: 0x000000008000170C (0x00040413) addi x8, x8, 0x0                        skp_adj_Mepc+4
x8 <- 0x0000000000000002

clint mtime 0x00000000000004AB (mip.MTI <- 0b1, mip.STI <- 0b0)
mem[X,0x0000000080001710] -> 0x006F
mem[X,0x0000000080001712] -> 0x0840
[2390] [M]: 0x0000000080001710 (0x0840006F) jal x0, 0x84                            skp_adj_Mepc+8

mem[X,0x0000000080001794] -> 0x8433
mem[X,0x0000000080001796] -> 0x4083
[2391] [M]: 0x0000000080001794 (0x40838433) sub x8, x7, x8                          adj_Mtval+0
x8 <- 0x00000000341494F1

clint mtime 0x00000000000004AC (mip.MTI <- 0b1, mip.STI <- 0b0)
mem[X,0x0000000080001798] -> 0x3C23
mem[X,0x000000008000179A] -> 0x0083
[2392] [M]: 0x0000000080001798 (0x00833C23) sd x8, 0x18(x6)                         sv_Mtval+0
mem[W,0x00000000800094B0] <- 0x00000000341494F1

mem[X,0x000000008000179C] -> 0x3483
mem[X,0x000000008000179E] -> 0x2181
[2393] [M]: 0x000000008000179C (0x21813483) ld x9, 0x218(x2)                        skp_Mtval+0
mem[R,0x0000000080004218] -> 0x00000000800094B8
x9 <- 0x00000000800094B8

clint mtime 0x00000000000004AD (mip.MTI <- 0b1, mip.STI <- 0b0)
mem[X,0x00000000800017A0] -> 0x3383
mem[X,0x00000000800017A2] -> 0x1F81
[2394] [M]: 0x00000000800017A0 (0x1F813383) ld x7, 0x1f8(x2)                        skp_Mtval+4
mem[R,0x00000000800041F8] -> 0x0000000080009110
x7 <- 0x0000000080009110

mem[X,0x00000000800017A4] -> 0x3303
mem[X,0x00000000800017A6] -> 0x2001
[2395] [M]: 0x00000000800017A4 (0x20013303) ld x6, 0x200(x2)                        skp_Mtval+8
mem[R,0x0000000080004200] -> 0x0000000000000410
x6 <- 0x0000000000000410

clint mtime 0x00000000000004AE (mip.MTI <- 0b1, mip.STI <- 0b0)
mem[X,0x00000000800017A8] -> 0x0333
mem[X,0x00000000800017AA] -> 0x0073
[2396] [M]: 0x00000000800017A8 (0x00730333) add x6, x6, x7                          skp_Mtval+12
x6 <- 0x0000000080009520

mem[X,0x00000000800017AC] -> 0x6AE3
mem[X,0x00000000800017AE] -> 0xAE93
[2397] [M]: 0x00000000800017AC (0xAE936AE3) bltu x6, x9, -0x50c                     skp_Mtval+16

clint mtime 0x00000000000004AF (mip.MTI <- 0b1, mip.STI <- 0b0)
mem[X,0x00000000800017B0] -> 0x0393
mem[X,0x00000000800017B2] -> 0x2000
[2398] [M]: 0x00000000800017B0 (0x20000393) addi x7, x0, 0x200                      skp_Mtval+20
x7 <- 0x0000000000000200

mem[X,0x00000000800017B4] -> 0x006F
mem[X,0x00000000800017B6] -> 0x0400
[2399] [M]: 0x00000000800017B4 (0x0400006F) jal x0, 0x40                            skp_Mtval+24

clint mtime 0x00000000000004B0 (mip.MTI <- 0b1, mip.STI <- 0b0)
mem[X,0x00000000800017F4] -> 0x0417
mem[X,0x00000000800017F6] -> 0x0000
[2400] [M]: 0x00000000800017F4 (0x00000417) auipc x8, 0x0                           spcl_Mhandler+0
x8 <- 0x00000000800017F4

mem[X,0x00000000800017F8] -> 0x0413
mem[X,0x00000000800017FA] -> 0x03C4
[2401] [M]: 0x00000000800017F8 (0x03C40413) addi x8, x8, 0x3c                       spcl_Mhandler+4
x8 <- 0x0000000080001830

clint mtime 0x00000000000004B1 (mip.MTI <- 0b1, mip.STI <- 0b0)
mem[X,0x00000000800017FC] -> 0x0433
mem[X,0x00000000800017FE] -> 0x0074
[2402] [M]: 0x00000000800017FC (0x00740433) add x8, x8, x7                          spcl_Mhandler+8
x8 <- 0x0000000080001A30

mem[X,0x0000000080001800] -> 0x1393
mem[X,0x0000000080001802] -> 0x0035
[2403] [M]: 0x0000000080001800 (0x00351393) slli x7, x10, 0x3                       spcl_Mhandler+12
x7 <- 0x0000000000000010

clint mtime 0x00000000000004B2 (mip.MTI <- 0b1, mip.STI <- 0b0)
mem[X,0x0000000080001804] -> 0x0433
mem[X,0x0000000080001806] -> 0x0074
[2404] [M]: 0x0000000080001804 (0x00740433) add x8, x8, x7                          spcl_Mhandler+16
x8 <- 0x0000000080001A40

mem[X,0x0000000080001808] -> 0x7413
mem[X,0x000000008000180A] -> 0xFF84
[2405] [M]: 0x0000000080001808 (0xFF847413) andi x8, x8, -0x8                       spcl_Mhandler+20
x8 <- 0x0000000080001A40

clint mtime 0x00000000000004B3 (mip.MTI <- 0b1, mip.STI <- 0b0)
mem[X,0x000000008000180C] -> 0x3403
mem[X,0x000000008000180E] -> 0x0004
[2406] [M]: 0x000000008000180C (0x00043403) ld x8, 0x0(x8)                          spcl_Mhandler+24
mem[R,0x0000000080001A40] -> 0x0000000000000005
x8 <- 0x0000000000000005

mem[X,0x0000000080001810] -> 0x02E3
mem[X,0x0000000080001812] -> 0xB204
[2407] [M]: 0x0000000080001810 (0xB20402E3) beq x8, x0, -0x4dc                      spcl_Mdispatch_hndling+0

clint mtime 0x00000000000004B4 (mip.MTI <- 0b1, mip.STI <- 0b0)
mem[X,0x0000000080001814] -> 0x1393
mem[X,0x0000000080001816] -> 0x03F4
[2408] [M]: 0x0000000080001814 (0x03F41393) slli x7, x8, 0x3f                       spcl_Mdispatch_hndling+4
x7 <- 0x8000000000000000

mem[X,0x0000000080001818] -> 0xD863
mem[X,0x000000008000181A] -> 0x0003
[2409] [M]: 0x0000000080001818 (0x0003D863) bge x7, x0, 0x10                        spcl_Mdispatch_hndling+8

clint mtime 0x00000000000004B5 (mip.MTI <- 0b1, mip.STI <- 0b0)
mem[X,0x000000008000181C] -> 0x5413
mem[X,0x000000008000181E] -> 0x0014
[2410] [M]: 0x000000008000181C (0x00145413) srli x8, x8, 0x1                        spcl_Mdispatch_hndling+12
x8 <- 0x0000000000000002

mem[X,0x0000000080001820] -> 0x0CE3
mem[X,0x0000000080001822] -> 0xF885
[2411] [M]: 0x0000000080001820 (0xF8850CE3) beq x10, x8, -0x68                      spcl_Mdispatch_hndling+16

clint mtime 0x00000000000004B6 (mip.MTI <- 0b1, mip.STI <- 0b0)
mem[X,0x00000000800017B8] -> 0x3303
mem[X,0x00000000800017BA] -> 0x2601
[2412] [M]: 0x00000000800017B8 (0x26013303) ld x6, 0x260(x2)                        resto_Mrtn+0
mem[R,0x0000000080004260] -> 0xFFFFFFFF7FFFF04C
x6 <- 0xFFFFFFFF7FFFF04C

mem[X,0x00000000800017BC] -> 0x3383
mem[X,0x00000000800017BE] -> 0x2681
[2413] [M]: 0x00000000800017BC (0x26813383) ld x7, 0x268(x2)                        resto_Mrtn+4
mem[R,0x0000000080004268] -> 0x0000000080004000
x7 <- 0x0000000080004000

clint mtime 0x00000000000004B7 (mip.MTI <- 0b1, mip.STI <- 0b0)
mem[X,0x00000000800017C0] -> 0x3403
mem[X,0x00000000800017C2] -> 0x2701
[2414] [M]: 0x00000000800017C0 (0x27013403) ld x8, 0x270(x2)                        resto_Mrtn+8
mem[R,0x0000000080004270] -> 0x0000000000007F76
x8 <- 0x0000000000007F76

mem[X,0x00000000800017C4] -> 0x3483
mem[X,0x00000000800017C6] -> 0x2781
[2415] [M]: 0x00000000800017C4 (0x27813483) ld x9, 0x278(x2)                        resto_Mrtn+12
mem[R,0x0000000080004278] -> 0x000003000000023C
x9 <- 0x000003000000023C

clint mtime 0x00000000000004B8 (mip.MTI <- 0b1, mip.STI <- 0b0)
mem[X,0x00000000800017C8] -> 0x3503
mem[X,0x00000000800017CA] -> 0x2801
[2416] [M]: 0x00000000800017C8 (0x28013503) ld x10, 0x280(x2)                       resto_Mrtn+16
mem[R,0x0000000080004280] -> 0x00000000200000DE
x10 <- 0x00000000200000DE

mem[X,0x00000000800017CC] -> 0x3583
mem[X,0x00000000800017CE] -> 0x2881
[2417] [M]: 0x00000000800017CC (0x28813583) ld x11, 0x288(x2)                       resto_Mrtn+20
mem[R,0x0000000080004288] -> 0x00000000000000DE
x11 <- 0x00000000000000DE

clint mtime 0x00000000000004B9 (mip.MTI <- 0b1, mip.STI <- 0b0)
mem[X,0x00000000800017D0] -> 0x3103
mem[X,0x00000000800017D2] -> 0x2901
[2418] [M]: 0x00000000800017D0 (0x29013103) ld x2, 0x290(x2)                        resto_Mrtn+24
mem[R,0x0000000080004290] -> 0x0000000000000000
x2 <- 0x0000000000000000

mem[X,0x00000000800017D4] -> 0x0073
mem[X,0x00000000800017D6] -> 0x3020
[2419] [M]: 0x00000000800017D4 (0x30200073) mret                                    resto_Mrtn+28
CSR mstatus (0x300) <- 0x0000000A00000080
ret-ing from M to U

clint mtime 0x00000000000004BA (mip.MTI <- 0b1, mip.STI <- 0b0)
PTW: Start, vpn=0x30080001, access_type=X, privilege=Umem[R,0x0000000080008030] -> 0x00000000000000DB
PTW: Step, level=3, pte=0xDB, pte_addr=0x80008030
PTW: Success, final_ppn=0x80001, level=3mem[X,0x0000000080001200] -> 0x07B7
PTW: Start, vpn=0x30080001, access_type=X, privilege=Umem[R,0x0000000080008030] -> 0x00000000000000DB
PTW: Step, level=3, pte=0xDB, pte_addr=0x80008030
PTW: Success, final_ppn=0x80001, level=3mem[X,0x0000000080001202] -> 0x0000
[2420] [U]: 0x0000030080001200 (0x000007B7) lui x15, 0x0                            va_rvtest_code_begin+2628
x15 <- 0x0000000000000000

PTW: Start, vpn=0x30080001, access_type=X, privilege=Umem[R,0x0000000080008030] -> 0x00000000000000DB
PTW: Step, level=3, pte=0xDB, pte_addr=0x80008030
PTW: Success, final_ppn=0x80001, level=3mem[X,0x0000000080001204] -> 0x8793
PTW: Start, vpn=0x30080001, access_type=X, privilege=Umem[R,0x0000000080008030] -> 0x00000000000000DB
PTW: Step, level=3, pte=0xDB, pte_addr=0x80008030
PTW: Success, final_ppn=0x80001, level=3mem[X,0x0000000080001206] -> 0x2807
[2421] [U]: 0x0000030080001204 (0x28078793) addi x15, x15, 0x280                    va_rvtest_code_begin+2632
x15 <- 0x0000000000000280

clint mtime 0x00000000000004BB (mip.MTI <- 0b1, mip.STI <- 0b0)
PTW: Start, vpn=0x30080001, access_type=X, privilege=Umem[R,0x0000000080008030] -> 0x00000000000000DB
PTW: Step, level=3, pte=0xDB, pte_addr=0x80008030
PTW: Success, final_ppn=0x80001, level=3mem[X,0x0000000080001208] -> 0x9793
PTW: Start, vpn=0x30080001, access_type=X, privilege=Umem[R,0x0000000080008030] -> 0x00000000000000DB
PTW: Step, level=3, pte=0xDB, pte_addr=0x80008030
PTW: Success, final_ppn=0x80001, level=3mem[X,0x000000008000120A] -> 0x00B7
[2422] [U]: 0x0000030080001208 (0x00B79793) slli x15, x15, 0xb                      va_rvtest_code_begin+2636
x15 <- 0x0000000000140000

PTW: Start, vpn=0x30080001, access_type=X, privilege=Umem[R,0x0000000080008030] -> 0x00000000000000DB
PTW: Step, level=3, pte=0xDB, pte_addr=0x80008030
PTW: Success, final_ppn=0x80001, level=3mem[X,0x000000008000120C] -> 0x8793
PTW: Start, vpn=0x30080001, access_type=X, privilege=Umem[R,0x0000000080008030] -> 0x00000000000000DB
PTW: Step, level=3, pte=0xDB, pte_addr=0x80008030
PTW: Success, final_ppn=0x80001, level=3mem[X,0x000000008000120E] -> 0x0007
[2423] [U]: 0x000003008000120C (0x00078793) addi x15, x15, 0x0                      va_rvtest_code_begin+2640
x15 <- 0x0000000000140000

clint mtime 0x00000000000004BC (mip.MTI <- 0b1, mip.STI <- 0b0)
PTW: Start, vpn=0x30080001, access_type=X, privilege=Umem[R,0x0000000080008030] -> 0x00000000000000DB
PTW: Step, level=3, pte=0xDB, pte_addr=0x80008030
PTW: Success, final_ppn=0x80001, level=3mem[X,0x0000000080001210] -> 0x9793
PTW: Start, vpn=0x30080001, access_type=X, privilege=Umem[R,0x0000000080008030] -> 0x00000000000000DB
PTW: Step, level=3, pte=0xDB, pte_addr=0x80008030
PTW: Success, final_ppn=0x80001, level=3mem[X,0x0000000080001212] -> 0x00B7
[2424] [U]: 0x0000030080001210 (0x00B79793) slli x15, x15, 0xb                      va_rvtest_code_begin+2644
x15 <- 0x00000000A0000000

PTW: Start, vpn=0x30080001, access_type=X, privilege=Umem[R,0x0000000080008030] -> 0x00000000000000DB
PTW: Step, level=3, pte=0xDB, pte_addr=0x80008030
PTW: Success, final_ppn=0x80001, level=3mem[X,0x0000000080001214] -> 0x8793
PTW: Start, vpn=0x30080001, access_type=X, privilege=Umem[R,0x0000000080008030] -> 0x00000000000000DB
PTW: Step, level=3, pte=0xDB, pte_addr=0x80008030
PTW: Success, final_ppn=0x80001, level=3mem[X,0x0000000080001216] -> 0x0017
[2425] [U]: 0x0000030080001214 (0x00178793) addi x15, x15, 0x1                      va_rvtest_code_begin+2648
x15 <- 0x00000000A0000001

clint mtime 0x00000000000004BD (mip.MTI <- 0b1, mip.STI <- 0b0)
PTW: Start, vpn=0x30080001, access_type=X, privilege=Umem[R,0x0000000080008030] -> 0x00000000000000DB
PTW: Step, level=3, pte=0xDB, pte_addr=0x80008030
PTW: Success, final_ppn=0x80001, level=3mem[X,0x0000000080001218] -> 0x9793
PTW: Start, vpn=0x30080001, access_type=X, privilege=Umem[R,0x0000000080008030] -> 0x00000000000000DB
PTW: Step, level=3, pte=0xDB, pte_addr=0x80008030
PTW: Success, final_ppn=0x80001, level=3mem[X,0x000000008000121A] -> 0x00A7
[2426] [U]: 0x0000030080001218 (0x00A79793) slli x15, x15, 0xa                      va_rvtest_code_begin+2652
x15 <- 0x0000028000000400

PTW: Start, vpn=0x30080001, access_type=X, privilege=Umem[R,0x0000000080008030] -> 0x00000000000000DB
PTW: Step, level=3, pte=0xDB, pte_addr=0x80008030
PTW: Success, final_ppn=0x80001, level=3mem[X,0x000000008000121C] -> 0x0613
PTW: Start, vpn=0x30080001, access_type=X, privilege=Umem[R,0x0000000080008030] -> 0x00000000000000DB
PTW: Step, level=3, pte=0xDB, pte_addr=0x80008030
PTW: Success, final_ppn=0x80001, level=3mem[X,0x000000008000121E] -> 0x0106
[2427] [U]: 0x000003008000121C (0x01060613) addi x12, x12, 0x10                     va_rvtest_code_begin+2656
x12 <- 0x0000000000000040

clint mtime 0x00000000000004BE (mip.MTI <- 0b1, mip.STI <- 0b0)
PTW: Start, vpn=0x30080001, access_type=X, privilege=Umem[R,0x0000000080008030] -> 0x00000000000000DB
PTW: Step, level=3, pte=0xDB, pte_addr=0x80008030
PTW: Success, final_ppn=0x80001, level=3mem[X,0x0000000080001220] -> 0xAA23
PTW: Start, vpn=0x30080001, access_type=X, privilege=Umem[R,0x0000000080008030] -> 0x00000000000000DB
PTW: Step, level=3, pte=0xDB, pte_addr=0x80008030
PTW: Success, final_ppn=0x80001, level=3mem[X,0x0000000080001222] -> 0x00C7
[2428] [U]: 0x0000030080001220 (0x00C7AA23) sw x12, 0x14(x15)                       va_rvtest_code_begin+2660
PTW: Start, vpn=0x28000000, access_type=W, privilege=Umem[R,0x0000000080008028] -> 0x0000000020001C01
PTW: Step, level=3, pte=0x20001C01, pte_addr=0x80008028
PTW: Start, vpn=0x28000000, access_type=W, privilege=Umem[R,0x0000000080007000] -> 0x0000000020001801
PTW: Step, level=2, pte=0x20001801, pte_addr=0x80007000
PTW: Start, vpn=0x28000000, access_type=W, privilege=Umem[R,0x0000000080006000] -> 0x0000000020001401
PTW: Step, level=1, pte=0x20001401, pte_addr=0x80006000
PTW: Start, vpn=0x28000000, access_type=W, privilege=Umem[R,0x0000000080005000] -> 0x00000000200000DE
PTW: Step, level=0, pte=0x200000DE, pte_addr=0x80005000
PTW: failed, error=invalid-pte, level=0, pte_addr=0x80005000
trapping from U to M to handle store/amo-page-fault
handling exc#store/amo-page-fault at priv M with tval 0x0000028000000414
CSR mstatus (0x300) <- 0x0000000A00000000
CSR mcause (0x342) <- 0x000000000000000F
CSR mtval (0x343) <- 0x0000028000000414
CSR mepc (0x341) <- 0x0000030080001220

mem[X,0x0000000080001380] -> 0x006F
mem[X,0x0000000080001382] -> 0x1000
[2429] [M]: 0x0000000080001380 (0x1000006F) jal x0, 0x100                           Mtrampoline+0

clint mtime 0x00000000000004BF (mip.MTI <- 0b1, mip.STI <- 0b0)
mem[X,0x0000000080001480] -> 0x1173
mem[X,0x0000000080001482] -> 0x3401
[2430] [M]: 0x0000000080001480 (0x34011173) csrrw x2, mscratch, x2                  trap_Mhandler+0
CSR mscratch (0x340) <- 0x0000000000000000
x2 <- 0x0000000080004000

mem[X,0x0000000080001484] -> 0x3423
mem[X,0x0000000080001486] -> 0x28B1
[2431] [M]: 0x0000000080001484 (0x28B13423) sd x11, 0x288(x2)                       trap_Mhandler+4
mem[W,0x0000000080004288] <- 0x00000000000000DE

clint mtime 0x00000000000004C0 (mip.MTI <- 0b1, mip.STI <- 0b0)
mem[X,0x0000000080001488] -> 0x05EF
mem[X,0x000000008000148A] -> 0x0B80
[2432] [M]: 0x0000000080001488 (0x0B8005EF) jal x11, 0xb8                           trap_Mhandler+8
x11 <- 0x000000008000148C

mem[X,0x0000000080001540] -> 0x3023
mem[X,0x0000000080001542] -> 0x28A1
[2433] [M]: 0x0000000080001540 (0x28A13023) sd x10, 0x280(x2)                       common_Mhandler+0
mem[W,0x0000000080004280] <- 0x00000000200000DE

clint mtime 0x00000000000004C1 (mip.MTI <- 0b1, mip.STI <- 0b0)
mem[X,0x0000000080001544] -> 0x1573
mem[X,0x0000000080001546] -> 0x3401
[2434] [M]: 0x0000000080001544 (0x34011573) csrrw x10, mscratch, x2                 common_Mhandler+4
CSR mscratch (0x340) <- 0x0000000080004000
x10 <- 0x0000000000000000

mem[X,0x0000000080001548] -> 0x3823
mem[X,0x000000008000154A] -> 0x28A1
[2435] [M]: 0x0000000080001548 (0x28A13823) sd x10, 0x290(x2)                       common_Mhandler+8
mem[W,0x0000000080004290] <- 0x0000000000000000

clint mtime 0x00000000000004C2 (mip.MTI <- 0b1, mip.STI <- 0b0)
mem[X,0x000000008000154C] -> 0x3503
mem[X,0x000000008000154E] -> 0x2301
[2436] [M]: 0x000000008000154C (0x23013503) ld x10, 0x230(x2)                       common_Mhandler+12
mem[R,0x0000000080004230] -> 0x0000000080001554
x10 <- 0x0000000080001554

mem[X,0x0000000080001550] -> 0x0067
mem[X,0x0000000080001552] -> 0x0005
[2437] [M]: 0x0000000080001550 (0x00050067) jalr x0, 0x0(x10)                       common_Mhandler+16

clint mtime 0x00000000000004C3 (mip.MTI <- 0b1, mip.STI <- 0b0)
mem[X,0x0000000080001554] -> 0x3C23
mem[X,0x0000000080001556] -> 0x2691
[2438] [M]: 0x0000000080001554 (0x26913C23) sd x9, 0x278(x2)                        common_Mentry+0
mem[W,0x0000000080004278] <- 0x000003000000023C

mem[X,0x0000000080001558] -> 0x3823
mem[X,0x000000008000155A] -> 0x2681
[2439] [M]: 0x0000000080001558 (0x26813823) sd x8, 0x270(x2)                        common_Mentry+4
mem[W,0x0000000080004270] <- 0x0000000000007F76

clint mtime 0x00000000000004C4 (mip.MTI <- 0b1, mip.STI <- 0b0)
mem[X,0x000000008000155C] -> 0x3423
mem[X,0x000000008000155E] -> 0x2671
[2440] [M]: 0x000000008000155C (0x26713423) sd x7, 0x268(x2)                        common_Mentry+8
mem[W,0x0000000080004268] <- 0x0000000080004000

mem[X,0x0000000080001560] -> 0x3023
mem[X,0x0000000080001562] -> 0x2661
[2441] [M]: 0x0000000080001560 (0x26613023) sd x6, 0x260(x2)                        common_Mentry+12
mem[W,0x0000000080004260] <- 0xFFFFFFFF7FFFF04C

clint mtime 0x00000000000004C5 (mip.MTI <- 0b1, mip.STI <- 0b0)
mem[X,0x0000000080001564] -> 0x2573
mem[X,0x0000000080001566] -> 0x3420
[2442] [M]: 0x0000000080001564 (0x34202573) csrrs x10, mcause, x0                   spcl_M2mmode_test+0
CSR mcause (0x342) -> 0x000000000000000F
x10 <- 0x000000000000000F

mem[X,0x0000000080001568] -> 0x04B7
mem[X,0x000000008000156A] -> 0x8000
[2443] [M]: 0x0000000080001568 (0x800004B7) lui x9, -0x80000                        spcl_M2mmode_test+4
x9 <- 0xFFFFFFFF80000000

clint mtime 0x00000000000004C6 (mip.MTI <- 0b1, mip.STI <- 0b0)
mem[X,0x000000008000156C] -> 0x8493
mem[X,0x000000008000156E] -> 0x0004
[2444] [M]: 0x000000008000156C (0x00048493) addi x9, x9, 0x0                        spcl_M2mmode_test+8
x9 <- 0xFFFFFFFF80000000

mem[X,0x0000000080001570] -> 0x9493
mem[X,0x0000000080001572] -> 0x00B4
[2445] [M]: 0x0000000080001570 (0x00B49493) slli x9, x9, 0xb                        spcl_M2mmode_test+12
x9 <- 0xFFFFFC0000000000

clint mtime 0x00000000000004C7 (mip.MTI <- 0b1, mip.STI <- 0b0)
mem[X,0x0000000080001574] -> 0x8493
mem[X,0x0000000080001576] -> 0x0004
[2446] [M]: 0x0000000080001574 (0x00048493) addi x9, x9, 0x0                        spcl_M2mmode_test+16
x9 <- 0xFFFFFC0000000000

mem[X,0x0000000080001578] -> 0x9493
mem[X,0x000000008000157A] -> 0x00B4
[2447] [M]: 0x0000000080001578 (0x00B49493) slli x9, x9, 0xb                        spcl_M2mmode_test+20
x9 <- 0xFFE0000000000000

clint mtime 0x00000000000004C8 (mip.MTI <- 0b1, mip.STI <- 0b0)
mem[X,0x000000008000157C] -> 0x8493
mem[X,0x000000008000157E] -> 0x0034
[2448] [M]: 0x000000008000157C (0x00348493) addi x9, x9, 0x3                        spcl_M2mmode_test+24
x9 <- 0xFFE0000000000003

mem[X,0x0000000080001580] -> 0x9493
mem[X,0x0000000080001582] -> 0x00A4
[2449] [M]: 0x0000000080001580 (0x00A49493) slli x9, x9, 0xa                        spcl_M2mmode_test+28
x9 <- 0x8000000000000C00

clint mtime 0x00000000000004C9 (mip.MTI <- 0b1, mip.STI <- 0b0)
mem[X,0x0000000080001584] -> 0x8493
mem[X,0x0000000080001586] -> 0x3FC4
[2450] [M]: 0x0000000080001584 (0x3FC48493) addi x9, x9, 0x3fc                      spcl_M2mmode_test+32
x9 <- 0x8000000000000FFC

mem[X,0x0000000080001588] -> 0xF4B3
mem[X,0x000000008000158A] -> 0x00A4
[2451] [M]: 0x0000000080001588 (0x00A4F4B3) and x9, x9, x10                         spcl_M2mmode_test+36
x9 <- 0x000000000000000C

clint mtime 0x00000000000004CA (mip.MTI <- 0b1, mip.STI <- 0b0)
mem[X,0x000000008000158C] -> 0x8493
mem[X,0x000000008000158E] -> 0xFF84
[2452] [M]: 0x000000008000158C (0xFF848493) addi x9, x9, -0x8                       spcl_M2mmode_test+40
x9 <- 0x0000000000000004

mem[X,0x0000000080001590] -> 0x9663
mem[X,0x0000000080001592] -> 0x0004
[2453] [M]: 0x0000000080001590 (0x00049663) bne x9, x0, 0xc                         spcl_M2mmode_test+44

clint mtime 0x00000000000004CB (mip.MTI <- 0b1, mip.STI <- 0b0)
mem[X,0x000000008000159C] -> 0x0393
mem[X,0x000000008000159E] -> 0x0200
[2454] [M]: 0x000000008000159C (0x02000393) addi x7, x0, 0x20                       Mtrapsig_ptr_upd+0
x7 <- 0x0000000000000020

mem[X,0x00000000800015A0] -> 0x5263
mem[X,0x00000000800015A2] -> 0x0405
[2455] [M]: 0x00000000800015A0 (0x04055263) bge x10, x0, 0x44                       Mtrapsig_ptr_upd+4

clint mtime 0x00000000000004CC (mip.MTI <- 0b1, mip.STI <- 0b0)
mem[X,0x00000000800015E4] -> 0x2373
mem[X,0x00000000800015E6] -> 0x3010
[2456] [M]: 0x00000000800015E4 (0x30102373) csrrs x6, misa, x0                      Mxcpt_sig_sv+0
CSR misa (0x301) -> 0x800000000034112F
x6 <- 0x800000000034112F

mem[X,0x00000000800015E8] -> 0x1313
mem[X,0x00000000800015EA] -> 0x0383
[2457] [M]: 0x00000000800015E8 (0x03831313) slli x6, x6, 0x38                       Mxcpt_sig_sv+4
x6 <- 0x2F00000000000000

clint mtime 0x00000000000004CD (mip.MTI <- 0b1, mip.STI <- 0b0)
mem[X,0x00000000800015EC] -> 0x5463
mem[X,0x00000000800015EE] -> 0x0003
[2458] [M]: 0x00000000800015EC (0x00035463) bge x6, x0, 0x8                         Mxcpt_sig_sv+8

mem[X,0x00000000800015F4] -> 0x3303
mem[X,0x00000000800015F6] -> 0x2181
[2459] [M]: 0x00000000800015F4 (0x21813303) ld x6, 0x218(x2)                        Mtrap_sig_sv+0
mem[R,0x0000000080004218] -> 0x00000000800094B8
x6 <- 0x00000000800094B8

clint mtime 0x00000000000004CE (mip.MTI <- 0b1, mip.STI <- 0b0)
mem[X,0x00000000800015F8] -> 0x04B3
mem[X,0x00000000800015FA] -> 0x0073
[2460] [M]: 0x00000000800015F8 (0x007304B3) add x9, x6, x7                          Mtrap_sig_sv+4
x9 <- 0x00000000800094D8

mem[X,0x00000000800015FC] -> 0x3C23
mem[X,0x00000000800015FE] -> 0x2091
[2461] [M]: 0x00000000800015FC (0x20913C23) sd x9, 0x218(x2)                        Mtrap_sig_sv+8
mem[W,0x0000000080004218] <- 0x00000000800094D8

clint mtime 0x00000000000004CF (mip.MTI <- 0b1, mip.STI <- 0b0)
mem[X,0x0000000080001600] -> 0x3403
mem[X,0x0000000080001602] -> 0x1F81
[2462] [M]: 0x0000000080001600 (0x1F813403) ld x8, 0x1f8(x2)                        Mtrap_sig_sv+12
mem[R,0x00000000800041F8] -> 0x0000000080009110
x8 <- 0x0000000080009110

mem[X,0x0000000080001604] -> 0x0333
mem[X,0x0000000080001606] -> 0x4083
[2463] [M]: 0x0000000080001604 (0x40830333) sub x6, x6, x8                          Mtrap_sig_sv+16
x6 <- 0x00000000000003A8

clint mtime 0x00000000000004D0 (mip.MTI <- 0b1, mip.STI <- 0b0)
mem[X,0x0000000080001608] -> 0x3403
mem[X,0x000000008000160A] -> 0x1F81
[2464] [M]: 0x0000000080001608 (0x1F813403) ld x8, 0x1f8(x2)                        Mtrap_sig_sv+20
mem[R,0x00000000800041F8] -> 0x0000000080009110
x8 <- 0x0000000080009110

mem[X,0x000000008000160C] -> 0x0333
mem[X,0x000000008000160E] -> 0x0083
[2465] [M]: 0x000000008000160C (0x00830333) add x6, x6, x8                          Mtrap_sig_sv+24
x6 <- 0x00000000800094B8

clint mtime 0x00000000000004D1 (mip.MTI <- 0b1, mip.STI <- 0b0)
mem[X,0x0000000080001610] -> 0x3403
mem[X,0x0000000080001612] -> 0x2401
[2466] [M]: 0x0000000080001610 (0x24013403) ld x8, 0x240(x2)                        Mtrap_sig_sv+28
mem[R,0x0000000080004240] -> 0x0000000080001380
x8 <- 0x0000000080001380

mem[X,0x0000000080001614] -> 0x85B3
mem[X,0x0000000080001616] -> 0x4085
[2467] [M]: 0x0000000080001614 (0x408585B3) sub x11, x11, x8                        sv_Mvect+0
x11 <- 0x000000000000010C

clint mtime 0x00000000000004D2 (mip.MTI <- 0b1, mip.STI <- 0b0)
mem[X,0x0000000080001618] -> 0x9593
mem[X,0x000000008000161A] -> 0x0045
[2468] [M]: 0x0000000080001618 (0x00459593) slli x11, x11, 0x4                      sv_Mvect+4
x11 <- 0x00000000000010C0

mem[X,0x000000008000161C] -> 0xE5B3
mem[X,0x000000008000161E] -> 0x0075
[2469] [M]: 0x000000008000161C (0x0075E5B3) or x11, x11, x7                         sv_Mvect+8
x11 <- 0x00000000000010E0

clint mtime 0x00000000000004D3 (mip.MTI <- 0b1, mip.STI <- 0b0)
mem[X,0x0000000080001620] -> 0x8593
mem[X,0x0000000080001622] -> 0x0035
[2470] [M]: 0x0000000080001620 (0x00358593) addi x11, x11, 0x3                      sv_Mvect+12
x11 <- 0x00000000000010E3

mem[X,0x0000000080001624] -> 0x3023
mem[X,0x0000000080001626] -> 0x00B3
[2471] [M]: 0x0000000080001624 (0x00B33023) sd x11, 0x0(x6)                         sv_Mvect+16
mem[W,0x00000000800094B8] <- 0x00000000000010E3

clint mtime 0x00000000000004D4 (mip.MTI <- 0b1, mip.STI <- 0b0)
mem[X,0x0000000080001628] -> 0x3423
mem[X,0x000000008000162A] -> 0x00A3
[2472] [M]: 0x0000000080001628 (0x00A33423) sd x10, 0x8(x6)                         sv_Mcause+0
mem[W,0x00000000800094C0] <- 0x000000000000000F

mem[X,0x000000008000162C] -> 0x4663
mem[X,0x000000008000162E] -> 0x1A05
[2473] [M]: 0x000000008000162C (0x1A054663) blt x10, x0, 0x1ac                      sv_Mcause+4

clint mtime 0x00000000000004D5 (mip.MTI <- 0b1, mip.STI <- 0b0)
mem[X,0x0000000080001630] -> 0x25F3
mem[X,0x0000000080001632] -> 0x3000
[2474] [M]: 0x0000000080001630 (0x300025F3) csrrs x11, mstatus, x0                  common_Mexcpt_handler+0
CSR mstatus (0x300) -> 0x0000000A00000000
x11 <- 0x0000000A00000000

mem[X,0x0000000080001634] -> 0x9413
mem[X,0x0000000080001636] -> 0x02E5
[2475] [M]: 0x0000000080001634 (0x02E59413) slli x8, x11, 0x2e                      common_Mexcpt_handler+4
x8 <- 0x0000000000000000

clint mtime 0x00000000000004D6 (mip.MTI <- 0b1, mip.STI <- 0b0)
mem[X,0x0000000080001638] -> 0x5463
mem[X,0x000000008000163A] -> 0x0004
[2476] [M]: 0x0000000080001638 (0x00045463) bge x8, x0, 0x8                         common_Mexcpt_handler+8

mem[X,0x0000000080001640] -> 0xD493
mem[X,0x0000000080001642] -> 0x00B5
[2477] [M]: 0x0000000080001640 (0x00B5D493) srli x9, x11, 0xb                       common_Mexcpt_handler+16
x9 <- 0x0000000001400000

clint mtime 0x00000000000004D7 (mip.MTI <- 0b1, mip.STI <- 0b0)
mem[X,0x0000000080001644] -> 0xF493
mem[X,0x0000000080001646] -> 0x0034
[2478] [M]: 0x0000000080001644 (0x0034F493) andi x9, x9, 0x3                        common_Mexcpt_handler+20
x9 <- 0x0000000000000000

mem[X,0x0000000080001648] -> 0x8493
mem[X,0x000000008000164A] -> 0x0014
[2479] [M]: 0x0000000080001648 (0x00148493) addi x9, x9, 0x1                        common_Mexcpt_handler+24
x9 <- 0x0000000000000001

clint mtime 0x00000000000004D8 (mip.MTI <- 0b1, mip.STI <- 0b0)
mem[X,0x000000008000164C] -> 0xF493
mem[X,0x000000008000164E] -> 0x0044
[2480] [M]: 0x000000008000164C (0x0044F493) andi x9, x9, 0x4                        common_Mexcpt_handler+28
x9 <- 0x0000000000000000

mem[X,0x0000000080001650] -> 0x0593
mem[X,0x0000000080001652] -> 0x05D0
[2481] [M]: 0x0000000080001650 (0x05D00593) addi x11, x0, 0x5d                      common_Mexcpt_handler+32
x11 <- 0x000000000000005D

clint mtime 0x00000000000004D9 (mip.MTI <- 0b1, mip.STI <- 0b0)
mem[X,0x0000000080001654] -> 0xD5B3
mem[X,0x0000000080001656] -> 0x0095
[2482] [M]: 0x0000000080001654 (0x0095D5B3) srl x11, x11, x9                        common_Mexcpt_handler+36
x11 <- 0x000000000000005D

mem[X,0x0000000080001658] -> 0xF593
mem[X,0x000000008000165A] -> 0x0015
[2483] [M]: 0x0000000080001658 (0x0015F593) andi x11, x11, 0x1                      common_Mexcpt_handler+40
x11 <- 0x0000000000000001

clint mtime 0x00000000000004DA (mip.MTI <- 0b1, mip.STI <- 0b0)
mem[X,0x000000008000165C] -> 0x8EE3
mem[X,0x000000008000165E] -> 0xF405
[2484] [M]: 0x000000008000165C (0xF4058EE3) beq x11, x0, -0xa4                      common_Mexcpt_handler+44

mem[X,0x0000000080001660] -> 0x0593
mem[X,0x0000000080001662] -> 0x2980
[2485] [M]: 0x0000000080001660 (0x29800593) addi x11, x0, 0x298                     common_Mexcpt_handler+48
x11 <- 0x0000000000000298

clint mtime 0x00000000000004DB (mip.MTI <- 0b1, mip.STI <- 0b0)
mem[X,0x0000000080001664] -> 0xF413
mem[X,0x0000000080001666] -> 0x0014
[2486] [M]: 0x0000000080001664 (0x0014F413) andi x8, x9, 0x1                        common_Mexcpt_handler+52
x8 <- 0x0000000000000000

mem[X,0x0000000080001668] -> 0x95B3
mem[X,0x000000008000166A] -> 0x0085
[2487] [M]: 0x0000000080001668 (0x008595B3) sll x11, x11, x8                        common_Mexcpt_handler+56
x11 <- 0x0000000000000298

clint mtime 0x00000000000004DC (mip.MTI <- 0b1, mip.STI <- 0b0)
mem[X,0x000000008000166C] -> 0x9413
mem[X,0x000000008000166E] -> 0x03D4
[2488] [M]: 0x000000008000166C (0x03D49413) slli x8, x9, 0x3d                       common_Mexcpt_handler+60
x8 <- 0x0000000000000000

mem[X,0x0000000080001670] -> 0x5413
mem[X,0x0000000080001672] -> 0x43F4
[2489] [M]: 0x0000000080001670 (0x43F45413) srai x8, x8, 0x3f                       common_Mexcpt_handler+64
x8 <- 0x0000000000000000

clint mtime 0x00000000000004DD (mip.MTI <- 0b1, mip.STI <- 0b0)
mem[X,0x0000000080001674] -> 0x4413
mem[X,0x0000000080001676] -> 0xFFF4
[2490] [M]: 0x0000000080001674 (0xFFF44413) xori x8, x8, -0x1                       common_Mexcpt_handler+68
x8 <- 0xFFFFFFFFFFFFFFFF

mem[X,0x0000000080001678] -> 0xF4B3
mem[X,0x000000008000167A] -> 0x0085
[2491] [M]: 0x0000000080001678 (0x0085F4B3) and x9, x11, x8                         common_Mexcpt_handler+72
x9 <- 0x0000000000000298

clint mtime 0x00000000000004DE (mip.MTI <- 0b1, mip.STI <- 0b0)
mem[X,0x000000008000167C] -> 0x84B3
mem[X,0x000000008000167E] -> 0x0024
[2492] [M]: 0x000000008000167C (0x002484B3) add x9, x9, x2                          vmem_adj_Mepc+0
x9 <- 0x0000000080004298

mem[X,0x0000000080001680] -> 0x23F3
mem[X,0x0000000080001682] -> 0x3410
[2493] [M]: 0x0000000080001680 (0x341023F3) csrrs x7, mepc, x0                      vmem_adj_Mepc+4
CSR mepc (0x341) -> 0x0000030080001220
x7 <- 0x0000030080001220

clint mtime 0x00000000000004DF (mip.MTI <- 0b1, mip.STI <- 0b0)
mem[X,0x0000000080001684] -> 0x0413
mem[X,0x0000000080001686] -> 0x0004
[2494] [M]: 0x0000000080001684 (0x00040413) addi x8, x8, 0x0                        vmem_adj_Mepc+8
x8 <- 0xFFFFFFFFFFFFFFFF

mem[X,0x0000000080001688] -> 0x006F
mem[X,0x000000008000168A] -> 0x0400
[2495] [M]: 0x0000000080001688 (0x0400006F) jal x0, 0x40                            vmem_adj_Mepc+12

clint mtime 0x00000000000004E0 (mip.MTI <- 0b1, mip.STI <- 0b0)
mem[X,0x00000000800016C8] -> 0x8433
mem[X,0x00000000800016CA] -> 0x4083
[2496] [M]: 0x00000000800016C8 (0x40838433) sub x8, x7, x8                          adj_Mepc+0
x8 <- 0x0000030080001221

mem[X,0x00000000800016CC] -> 0x3823
mem[X,0x00000000800016CE] -> 0x0083
[2497] [M]: 0x00000000800016CC (0x00833823) sd x8, 0x10(x6)                         sv_Mepc+0
mem[W,0x00000000800094C8] <- 0x0000030080001221

clint mtime 0x00000000000004E1 (mip.MTI <- 0b1, mip.STI <- 0b0)
mem[X,0x00000000800016D0] -> 0x55B7
mem[X,0x00000000800016D2] -> 0x0000
[2498] [M]: 0x00000000800016D0 (0x000055B7) lui x11, 0x5                            sv_Mepc+4
x11 <- 0x0000000000005000

mem[X,0x00000000800016D4] -> 0x8593
mem[X,0x00000000800016D6] -> 0x6675
[2499] [M]: 0x00000000800016D4 (0x66758593) addi x11, x11, 0x667                    sv_Mepc+8
x11 <- 0x0000000000005667

clint mtime 0x00000000000004E2 (mip.MTI <- 0b1, mip.STI <- 0b0)
mem[X,0x00000000800016D8] -> 0x9593
mem[X,0x00000000800016DA] -> 0x0015
[2500] [M]: 0x00000000800016D8 (0x00159593) slli x11, x11, 0x1                      sv_Mepc+12
x11 <- 0x000000000000ACCE

mem[X,0x00000000800016DC] -> 0x9063
mem[X,0x00000000800016DE] -> 0x02B1
[2501] [M]: 0x00000000800016DC (0x02B19063) bne x3, x11, 0x20                       sv_Mepc+16

clint mtime 0x00000000000004E3 (mip.MTI <- 0b1, mip.STI <- 0b0)
mem[X,0x00000000800016E0] -> 0x2473
mem[X,0x00000000800016E2] -> 0x3420
[2502] [M]: 0x00000000800016E0 (0x34202473) csrrs x8, mcause, x0                    sv_Mepc+20
CSR mcause (0x342) -> 0x000000000000000F
x8 <- 0x000000000000000F

mem[X,0x00000000800016E4] -> 0x0593
mem[X,0x00000000800016E6] -> 0x00C0
[2503] [M]: 0x00000000800016E4 (0x00C00593) addi x11, x0, 0xc                       sv_Mepc+24
x11 <- 0x000000000000000C

clint mtime 0x00000000000004E4 (mip.MTI <- 0b1, mip.STI <- 0b0)
mem[X,0x00000000800016E8] -> 0x0663
mem[X,0x00000000800016EA] -> 0x00B4
[2504] [M]: 0x00000000800016E8 (0x00B40663) beq x8, x11, 0xc                        sv_Mepc+28

mem[X,0x00000000800016EC] -> 0x0593
mem[X,0x00000000800016EE] -> 0x0010
[2505] [M]: 0x00000000800016EC (0x00100593) addi x11, x0, 0x1                       sv_Mepc+32
x11 <- 0x0000000000000001

clint mtime 0x00000000000004E5 (mip.MTI <- 0b1, mip.STI <- 0b0)
mem[X,0x00000000800016F0] -> 0x1663
mem[X,0x00000000800016F2] -> 0x00B4
[2506] [M]: 0x00000000800016F0 (0x00B41663) bne x8, x11, 0xc                        sv_Mepc+36

mem[X,0x00000000800016FC] -> 0xF593
mem[X,0x00000000800016FE] -> 0xFFC3
[2507] [M]: 0x00000000800016FC (0xFFC3F593) andi x11, x7, -0x4                      adj_Mepc_rtn+0
x11 <- 0x0000030080001220

clint mtime 0x00000000000004E6 (mip.MTI <- 0b1, mip.STI <- 0b0)
mem[X,0x0000000080001700] -> 0x8593
mem[X,0x0000000080001702] -> 0x0085
[2508] [M]: 0x0000000080001700 (0x00858593) addi x11, x11, 0x8                      adj_Mepc_rtn+4
x11 <- 0x0000030080001228

mem[X,0x0000000080001704] -> 0x9073
mem[X,0x0000000080001706] -> 0x3415
[2509] [M]: 0x0000000080001704 (0x34159073) csrrw x0, mepc, x11                     adj_Mepc_rtn+8
CSR mepc (0x341) <- 0x0000030080001228

clint mtime 0x00000000000004E7 (mip.MTI <- 0b1, mip.STI <- 0b0)
mem[X,0x0000000080001708] -> 0x23F3
mem[X,0x000000008000170A] -> 0x3430
[2510] [M]: 0x0000000080001708 (0x343023F3) csrrs x7, mtval, x0                     skp_adj_Mepc+0
CSR mtval (0x343) -> 0x0000028000000414
x7 <- 0x0000028000000414

mem[X,0x000000008000170C] -> 0x0413
mem[X,0x000000008000170E] -> 0x0004
[2511] [M]: 0x000000008000170C (0x00040413) addi x8, x8, 0x0                        skp_adj_Mepc+4
x8 <- 0x000000000000000F

clint mtime 0x00000000000004E8 (mip.MTI <- 0b1, mip.STI <- 0b0)
mem[X,0x0000000080001710] -> 0x006F
mem[X,0x0000000080001712] -> 0x0840
[2512] [M]: 0x0000000080001710 (0x0840006F) jal x0, 0x84                            skp_adj_Mepc+8

mem[X,0x0000000080001794] -> 0x8433
mem[X,0x0000000080001796] -> 0x4083
[2513] [M]: 0x0000000080001794 (0x40838433) sub x8, x7, x8                          adj_Mtval+0
x8 <- 0x0000028000000405

clint mtime 0x00000000000004E9 (mip.MTI <- 0b1, mip.STI <- 0b0)
mem[X,0x0000000080001798] -> 0x3C23
mem[X,0x000000008000179A] -> 0x0083
[2514] [M]: 0x0000000080001798 (0x00833C23) sd x8, 0x18(x6)                         sv_Mtval+0
mem[W,0x00000000800094D0] <- 0x0000028000000405

mem[X,0x000000008000179C] -> 0x3483
mem[X,0x000000008000179E] -> 0x2181
[2515] [M]: 0x000000008000179C (0x21813483) ld x9, 0x218(x2)                        skp_Mtval+0
mem[R,0x0000000080004218] -> 0x00000000800094D8
x9 <- 0x00000000800094D8

clint mtime 0x00000000000004EA (mip.MTI <- 0b1, mip.STI <- 0b0)
mem[X,0x00000000800017A0] -> 0x3383
mem[X,0x00000000800017A2] -> 0x1F81
[2516] [M]: 0x00000000800017A0 (0x1F813383) ld x7, 0x1f8(x2)                        skp_Mtval+4
mem[R,0x00000000800041F8] -> 0x0000000080009110
x7 <- 0x0000000080009110

mem[X,0x00000000800017A4] -> 0x3303
mem[X,0x00000000800017A6] -> 0x2001
[2517] [M]: 0x00000000800017A4 (0x20013303) ld x6, 0x200(x2)                        skp_Mtval+8
mem[R,0x0000000080004200] -> 0x0000000000000410
x6 <- 0x0000000000000410

clint mtime 0x00000000000004EB (mip.MTI <- 0b1, mip.STI <- 0b0)
mem[X,0x00000000800017A8] -> 0x0333
mem[X,0x00000000800017AA] -> 0x0073
[2518] [M]: 0x00000000800017A8 (0x00730333) add x6, x6, x7                          skp_Mtval+12
x6 <- 0x0000000080009520

mem[X,0x00000000800017AC] -> 0x6AE3
mem[X,0x00000000800017AE] -> 0xAE93
[2519] [M]: 0x00000000800017AC (0xAE936AE3) bltu x6, x9, -0x50c                     skp_Mtval+16

clint mtime 0x00000000000004EC (mip.MTI <- 0b1, mip.STI <- 0b0)
mem[X,0x00000000800017B0] -> 0x0393
mem[X,0x00000000800017B2] -> 0x2000
[2520] [M]: 0x00000000800017B0 (0x20000393) addi x7, x0, 0x200                      skp_Mtval+20
x7 <- 0x0000000000000200

mem[X,0x00000000800017B4] -> 0x006F
mem[X,0x00000000800017B6] -> 0x0400
[2521] [M]: 0x00000000800017B4 (0x0400006F) jal x0, 0x40                            skp_Mtval+24

clint mtime 0x00000000000004ED (mip.MTI <- 0b1, mip.STI <- 0b0)
mem[X,0x00000000800017F4] -> 0x0417
mem[X,0x00000000800017F6] -> 0x0000
[2522] [M]: 0x00000000800017F4 (0x00000417) auipc x8, 0x0                           spcl_Mhandler+0
x8 <- 0x00000000800017F4

mem[X,0x00000000800017F8] -> 0x0413
mem[X,0x00000000800017FA] -> 0x03C4
[2523] [M]: 0x00000000800017F8 (0x03C40413) addi x8, x8, 0x3c                       spcl_Mhandler+4
x8 <- 0x0000000080001830

clint mtime 0x00000000000004EE (mip.MTI <- 0b1, mip.STI <- 0b0)
mem[X,0x00000000800017FC] -> 0x0433
mem[X,0x00000000800017FE] -> 0x0074
[2524] [M]: 0x00000000800017FC (0x00740433) add x8, x8, x7                          spcl_Mhandler+8
x8 <- 0x0000000080001A30

mem[X,0x0000000080001800] -> 0x1393
mem[X,0x0000000080001802] -> 0x0035
[2525] [M]: 0x0000000080001800 (0x00351393) slli x7, x10, 0x3                       spcl_Mhandler+12
x7 <- 0x0000000000000078

clint mtime 0x00000000000004EF (mip.MTI <- 0b1, mip.STI <- 0b0)
mem[X,0x0000000080001804] -> 0x0433
mem[X,0x0000000080001806] -> 0x0074
[2526] [M]: 0x0000000080001804 (0x00740433) add x8, x8, x7                          spcl_Mhandler+16
x8 <- 0x0000000080001AA8

mem[X,0x0000000080001808] -> 0x7413
mem[X,0x000000008000180A] -> 0xFF84
[2527] [M]: 0x0000000080001808 (0xFF847413) andi x8, x8, -0x8                       spcl_Mhandler+20
x8 <- 0x0000000080001AA8

clint mtime 0x00000000000004F0 (mip.MTI <- 0b1, mip.STI <- 0b0)
mem[X,0x000000008000180C] -> 0x3403
mem[X,0x000000008000180E] -> 0x0004
[2528] [M]: 0x000000008000180C (0x00043403) ld x8, 0x0(x8)                          spcl_Mhandler+24
mem[R,0x0000000080001AA8] -> 0x000000000000001F
x8 <- 0x000000000000001F

mem[X,0x0000000080001810] -> 0x02E3
mem[X,0x0000000080001812] -> 0xB204
[2529] [M]: 0x0000000080001810 (0xB20402E3) beq x8, x0, -0x4dc                      spcl_Mdispatch_hndling+0

clint mtime 0x00000000000004F1 (mip.MTI <- 0b1, mip.STI <- 0b0)
mem[X,0x0000000080001814] -> 0x1393
mem[X,0x0000000080001816] -> 0x03F4
[2530] [M]: 0x0000000080001814 (0x03F41393) slli x7, x8, 0x3f                       spcl_Mdispatch_hndling+4
x7 <- 0x8000000000000000

mem[X,0x0000000080001818] -> 0xD863
mem[X,0x000000008000181A] -> 0x0003
[2531] [M]: 0x0000000080001818 (0x0003D863) bge x7, x0, 0x10                        spcl_Mdispatch_hndling+8

clint mtime 0x00000000000004F2 (mip.MTI <- 0b1, mip.STI <- 0b0)
mem[X,0x000000008000181C] -> 0x5413
mem[X,0x000000008000181E] -> 0x0014
[2532] [M]: 0x000000008000181C (0x00145413) srli x8, x8, 0x1                        spcl_Mdispatch_hndling+12
x8 <- 0x000000000000000F

mem[X,0x0000000080001820] -> 0x0CE3
mem[X,0x0000000080001822] -> 0xF885
[2533] [M]: 0x0000000080001820 (0xF8850CE3) beq x10, x8, -0x68                      spcl_Mdispatch_hndling+16

clint mtime 0x00000000000004F3 (mip.MTI <- 0b1, mip.STI <- 0b0)
mem[X,0x00000000800017B8] -> 0x3303
mem[X,0x00000000800017BA] -> 0x2601
[2534] [M]: 0x00000000800017B8 (0x26013303) ld x6, 0x260(x2)                        resto_Mrtn+0
mem[R,0x0000000080004260] -> 0xFFFFFFFF7FFFF04C
x6 <- 0xFFFFFFFF7FFFF04C

mem[X,0x00000000800017BC] -> 0x3383
mem[X,0x00000000800017BE] -> 0x2681
[2535] [M]: 0x00000000800017BC (0x26813383) ld x7, 0x268(x2)                        resto_Mrtn+4
mem[R,0x0000000080004268] -> 0x0000000080004000
x7 <- 0x0000000080004000

clint mtime 0x00000000000004F4 (mip.MTI <- 0b1, mip.STI <- 0b0)
mem[X,0x00000000800017C0] -> 0x3403
mem[X,0x00000000800017C2] -> 0x2701
[2536] [M]: 0x00000000800017C0 (0x27013403) ld x8, 0x270(x2)                        resto_Mrtn+8
mem[R,0x0000000080004270] -> 0x0000000000007F76
x8 <- 0x0000000000007F76

mem[X,0x00000000800017C4] -> 0x3483
mem[X,0x00000000800017C6] -> 0x2781
[2537] [M]: 0x00000000800017C4 (0x27813483) ld x9, 0x278(x2)                        resto_Mrtn+12
mem[R,0x0000000080004278] -> 0x000003000000023C
x9 <- 0x000003000000023C

clint mtime 0x00000000000004F5 (mip.MTI <- 0b1, mip.STI <- 0b0)
mem[X,0x00000000800017C8] -> 0x3503
mem[X,0x00000000800017CA] -> 0x2801
[2538] [M]: 0x00000000800017C8 (0x28013503) ld x10, 0x280(x2)                       resto_Mrtn+16
mem[R,0x0000000080004280] -> 0x00000000200000DE
x10 <- 0x00000000200000DE

mem[X,0x00000000800017CC] -> 0x3583
mem[X,0x00000000800017CE] -> 0x2881
[2539] [M]: 0x00000000800017CC (0x28813583) ld x11, 0x288(x2)                       resto_Mrtn+20
mem[R,0x0000000080004288] -> 0x00000000000000DE
x11 <- 0x00000000000000DE

clint mtime 0x00000000000004F6 (mip.MTI <- 0b1, mip.STI <- 0b0)
mem[X,0x00000000800017D0] -> 0x3103
mem[X,0x00000000800017D2] -> 0x2901
[2540] [M]: 0x00000000800017D0 (0x29013103) ld x2, 0x290(x2)                        resto_Mrtn+24
mem[R,0x0000000080004290] -> 0x0000000000000000
x2 <- 0x0000000000000000

mem[X,0x00000000800017D4] -> 0x0073
mem[X,0x00000000800017D6] -> 0x3020
[2541] [M]: 0x00000000800017D4 (0x30200073) mret                                    resto_Mrtn+28
CSR mstatus (0x300) <- 0x0000000A00000080
ret-ing from M to U

clint mtime 0x00000000000004F7 (mip.MTI <- 0b1, mip.STI <- 0b0)
PTW: Start, vpn=0x30080001, access_type=X, privilege=Umem[R,0x0000000080008030] -> 0x00000000000000DB
PTW: Step, level=3, pte=0xDB, pte_addr=0x80008030
PTW: Success, final_ppn=0x80001, level=3mem[X,0x0000000080001228] -> 0xA703
PTW: Start, vpn=0x30080001, access_type=X, privilege=Umem[R,0x0000000080008030] -> 0x00000000000000DB
PTW: Step, level=3, pte=0xDB, pte_addr=0x80008030
PTW: Success, final_ppn=0x80001, level=3mem[X,0x000000008000122A] -> 0x0147
[2542] [U]: 0x0000030080001228 (0x0147A703) lw x14, 0x14(x15)                       va_rvtest_code_begin+2668
PTW: Start, vpn=0x28000000, access_type=R, privilege=Umem[R,0x0000000080008028] -> 0x0000000020001C01
PTW: Step, level=3, pte=0x20001C01, pte_addr=0x80008028
PTW: Start, vpn=0x28000000, access_type=R, privilege=Umem[R,0x0000000080007000] -> 0x0000000020001801
PTW: Step, level=2, pte=0x20001801, pte_addr=0x80007000
PTW: Start, vpn=0x28000000, access_type=R, privilege=Umem[R,0x0000000080006000] -> 0x0000000020001401
PTW: Step, level=1, pte=0x20001401, pte_addr=0x80006000
PTW: Start, vpn=0x28000000, access_type=R, privilege=Umem[R,0x0000000080005000] -> 0x00000000200000DE
PTW: Step, level=0, pte=0x200000DE, pte_addr=0x80005000
PTW: failed, error=invalid-pte, level=0, pte_addr=0x80005000
trapping from U to M to handle load-page-fault
handling exc#load-page-fault at priv M with tval 0x0000028000000414
CSR mstatus (0x300) <- 0x0000000A00000000
CSR mcause (0x342) <- 0x000000000000000D
CSR mtval (0x343) <- 0x0000028000000414
CSR mepc (0x341) <- 0x0000030080001228

mem[X,0x0000000080001380] -> 0x006F
mem[X,0x0000000080001382] -> 0x1000
[2543] [M]: 0x0000000080001380 (0x1000006F) jal x0, 0x100                           Mtrampoline+0

clint mtime 0x00000000000004F8 (mip.MTI <- 0b1, mip.STI <- 0b0)
mem[X,0x0000000080001480] -> 0x1173
mem[X,0x0000000080001482] -> 0x3401
[2544] [M]: 0x0000000080001480 (0x34011173) csrrw x2, mscratch, x2                  trap_Mhandler+0
CSR mscratch (0x340) <- 0x0000000000000000
x2 <- 0x0000000080004000

mem[X,0x0000000080001484] -> 0x3423
mem[X,0x0000000080001486] -> 0x28B1
[2545] [M]: 0x0000000080001484 (0x28B13423) sd x11, 0x288(x2)                       trap_Mhandler+4
mem[W,0x0000000080004288] <- 0x00000000000000DE

clint mtime 0x00000000000004F9 (mip.MTI <- 0b1, mip.STI <- 0b0)
mem[X,0x0000000080001488] -> 0x05EF
mem[X,0x000000008000148A] -> 0x0B80
[2546] [M]: 0x0000000080001488 (0x0B8005EF) jal x11, 0xb8                           trap_Mhandler+8
x11 <- 0x000000008000148C

mem[X,0x0000000080001540] -> 0x3023
mem[X,0x0000000080001542] -> 0x28A1
[2547] [M]: 0x0000000080001540 (0x28A13023) sd x10, 0x280(x2)                       common_Mhandler+0
mem[W,0x0000000080004280] <- 0x00000000200000DE

clint mtime 0x00000000000004FA (mip.MTI <- 0b1, mip.STI <- 0b0)
mem[X,0x0000000080001544] -> 0x1573
mem[X,0x0000000080001546] -> 0x3401
[2548] [M]: 0x0000000080001544 (0x34011573) csrrw x10, mscratch, x2                 common_Mhandler+4
CSR mscratch (0x340) <- 0x0000000080004000
x10 <- 0x0000000000000000

mem[X,0x0000000080001548] -> 0x3823
mem[X,0x000000008000154A] -> 0x28A1
[2549] [M]: 0x0000000080001548 (0x28A13823) sd x10, 0x290(x2)                       common_Mhandler+8
mem[W,0x0000000080004290] <- 0x0000000000000000

clint mtime 0x00000000000004FB (mip.MTI <- 0b1, mip.STI <- 0b0)
mem[X,0x000000008000154C] -> 0x3503
mem[X,0x000000008000154E] -> 0x2301
[2550] [M]: 0x000000008000154C (0x23013503) ld x10, 0x230(x2)                       common_Mhandler+12
mem[R,0x0000000080004230] -> 0x0000000080001554
x10 <- 0x0000000080001554

mem[X,0x0000000080001550] -> 0x0067
mem[X,0x0000000080001552] -> 0x0005
[2551] [M]: 0x0000000080001550 (0x00050067) jalr x0, 0x0(x10)                       common_Mhandler+16

clint mtime 0x00000000000004FC (mip.MTI <- 0b1, mip.STI <- 0b0)
mem[X,0x0000000080001554] -> 0x3C23
mem[X,0x0000000080001556] -> 0x2691
[2552] [M]: 0x0000000080001554 (0x26913C23) sd x9, 0x278(x2)                        common_Mentry+0
mem[W,0x0000000080004278] <- 0x000003000000023C

mem[X,0x0000000080001558] -> 0x3823
mem[X,0x000000008000155A] -> 0x2681
[2553] [M]: 0x0000000080001558 (0x26813823) sd x8, 0x270(x2)                        common_Mentry+4
mem[W,0x0000000080004270] <- 0x0000000000007F76

clint mtime 0x00000000000004FD (mip.MTI <- 0b1, mip.STI <- 0b0)
mem[X,0x000000008000155C] -> 0x3423
mem[X,0x000000008000155E] -> 0x2671
[2554] [M]: 0x000000008000155C (0x26713423) sd x7, 0x268(x2)                        common_Mentry+8
mem[W,0x0000000080004268] <- 0x0000000080004000

mem[X,0x0000000080001560] -> 0x3023
mem[X,0x0000000080001562] -> 0x2661
[2555] [M]: 0x0000000080001560 (0x26613023) sd x6, 0x260(x2)                        common_Mentry+12
mem[W,0x0000000080004260] <- 0xFFFFFFFF7FFFF04C

clint mtime 0x00000000000004FE (mip.MTI <- 0b1, mip.STI <- 0b0)
mem[X,0x0000000080001564] -> 0x2573
mem[X,0x0000000080001566] -> 0x3420
[2556] [M]: 0x0000000080001564 (0x34202573) csrrs x10, mcause, x0                   spcl_M2mmode_test+0
CSR mcause (0x342) -> 0x000000000000000D
x10 <- 0x000000000000000D

mem[X,0x0000000080001568] -> 0x04B7
mem[X,0x000000008000156A] -> 0x8000
[2557] [M]: 0x0000000080001568 (0x800004B7) lui x9, -0x80000                        spcl_M2mmode_test+4
x9 <- 0xFFFFFFFF80000000

clint mtime 0x00000000000004FF (mip.MTI <- 0b1, mip.STI <- 0b0)
mem[X,0x000000008000156C] -> 0x8493
mem[X,0x000000008000156E] -> 0x0004
[2558] [M]: 0x000000008000156C (0x00048493) addi x9, x9, 0x0                        spcl_M2mmode_test+8
x9 <- 0xFFFFFFFF80000000

mem[X,0x0000000080001570] -> 0x9493
mem[X,0x0000000080001572] -> 0x00B4
[2559] [M]: 0x0000000080001570 (0x00B49493) slli x9, x9, 0xb                        spcl_M2mmode_test+12
x9 <- 0xFFFFFC0000000000

clint mtime 0x0000000000000500 (mip.MTI <- 0b1, mip.STI <- 0b0)
mem[X,0x0000000080001574] -> 0x8493
mem[X,0x0000000080001576] -> 0x0004
[2560] [M]: 0x0000000080001574 (0x00048493) addi x9, x9, 0x0                        spcl_M2mmode_test+16
x9 <- 0xFFFFFC0000000000

mem[X,0x0000000080001578] -> 0x9493
mem[X,0x000000008000157A] -> 0x00B4
[2561] [M]: 0x0000000080001578 (0x00B49493) slli x9, x9, 0xb                        spcl_M2mmode_test+20
x9 <- 0xFFE0000000000000

clint mtime 0x0000000000000501 (mip.MTI <- 0b1, mip.STI <- 0b0)
mem[X,0x000000008000157C] -> 0x8493
mem[X,0x000000008000157E] -> 0x0034
[2562] [M]: 0x000000008000157C (0x00348493) addi x9, x9, 0x3                        spcl_M2mmode_test+24
x9 <- 0xFFE0000000000003

mem[X,0x0000000080001580] -> 0x9493
mem[X,0x0000000080001582] -> 0x00A4
[2563] [M]: 0x0000000080001580 (0x00A49493) slli x9, x9, 0xa                        spcl_M2mmode_test+28
x9 <- 0x8000000000000C00

clint mtime 0x0000000000000502 (mip.MTI <- 0b1, mip.STI <- 0b0)
mem[X,0x0000000080001584] -> 0x8493
mem[X,0x0000000080001586] -> 0x3FC4
[2564] [M]: 0x0000000080001584 (0x3FC48493) addi x9, x9, 0x3fc                      spcl_M2mmode_test+32
x9 <- 0x8000000000000FFC

mem[X,0x0000000080001588] -> 0xF4B3
mem[X,0x000000008000158A] -> 0x00A4
[2565] [M]: 0x0000000080001588 (0x00A4F4B3) and x9, x9, x10                         spcl_M2mmode_test+36
x9 <- 0x000000000000000C

clint mtime 0x0000000000000503 (mip.MTI <- 0b1, mip.STI <- 0b0)
mem[X,0x000000008000158C] -> 0x8493
mem[X,0x000000008000158E] -> 0xFF84
[2566] [M]: 0x000000008000158C (0xFF848493) addi x9, x9, -0x8                       spcl_M2mmode_test+40
x9 <- 0x0000000000000004

mem[X,0x0000000080001590] -> 0x9663
mem[X,0x0000000080001592] -> 0x0004
[2567] [M]: 0x0000000080001590 (0x00049663) bne x9, x0, 0xc                         spcl_M2mmode_test+44

clint mtime 0x0000000000000504 (mip.MTI <- 0b1, mip.STI <- 0b0)
mem[X,0x000000008000159C] -> 0x0393
mem[X,0x000000008000159E] -> 0x0200
[2568] [M]: 0x000000008000159C (0x02000393) addi x7, x0, 0x20                       Mtrapsig_ptr_upd+0
x7 <- 0x0000000000000020

mem[X,0x00000000800015A0] -> 0x5263
mem[X,0x00000000800015A2] -> 0x0405
[2569] [M]: 0x00000000800015A0 (0x04055263) bge x10, x0, 0x44                       Mtrapsig_ptr_upd+4

clint mtime 0x0000000000000505 (mip.MTI <- 0b1, mip.STI <- 0b0)
mem[X,0x00000000800015E4] -> 0x2373
mem[X,0x00000000800015E6] -> 0x3010
[2570] [M]: 0x00000000800015E4 (0x30102373) csrrs x6, misa, x0                      Mxcpt_sig_sv+0
CSR misa (0x301) -> 0x800000000034112F
x6 <- 0x800000000034112F

mem[X,0x00000000800015E8] -> 0x1313
mem[X,0x00000000800015EA] -> 0x0383
[2571] [M]: 0x00000000800015E8 (0x03831313) slli x6, x6, 0x38                       Mxcpt_sig_sv+4
x6 <- 0x2F00000000000000

clint mtime 0x0000000000000506 (mip.MTI <- 0b1, mip.STI <- 0b0)
mem[X,0x00000000800015EC] -> 0x5463
mem[X,0x00000000800015EE] -> 0x0003
[2572] [M]: 0x00000000800015EC (0x00035463) bge x6, x0, 0x8                         Mxcpt_sig_sv+8

mem[X,0x00000000800015F4] -> 0x3303
mem[X,0x00000000800015F6] -> 0x2181
[2573] [M]: 0x00000000800015F4 (0x21813303) ld x6, 0x218(x2)                        Mtrap_sig_sv+0
mem[R,0x0000000080004218] -> 0x00000000800094D8
x6 <- 0x00000000800094D8

clint mtime 0x0000000000000507 (mip.MTI <- 0b1, mip.STI <- 0b0)
mem[X,0x00000000800015F8] -> 0x04B3
mem[X,0x00000000800015FA] -> 0x0073
[2574] [M]: 0x00000000800015F8 (0x007304B3) add x9, x6, x7                          Mtrap_sig_sv+4
x9 <- 0x00000000800094F8

mem[X,0x00000000800015FC] -> 0x3C23
mem[X,0x00000000800015FE] -> 0x2091
[2575] [M]: 0x00000000800015FC (0x20913C23) sd x9, 0x218(x2)                        Mtrap_sig_sv+8
mem[W,0x0000000080004218] <- 0x00000000800094F8

clint mtime 0x0000000000000508 (mip.MTI <- 0b1, mip.STI <- 0b0)
mem[X,0x0000000080001600] -> 0x3403
mem[X,0x0000000080001602] -> 0x1F81
[2576] [M]: 0x0000000080001600 (0x1F813403) ld x8, 0x1f8(x2)                        Mtrap_sig_sv+12
mem[R,0x00000000800041F8] -> 0x0000000080009110
x8 <- 0x0000000080009110

mem[X,0x0000000080001604] -> 0x0333
mem[X,0x0000000080001606] -> 0x4083
[2577] [M]: 0x0000000080001604 (0x40830333) sub x6, x6, x8                          Mtrap_sig_sv+16
x6 <- 0x00000000000003C8

clint mtime 0x0000000000000509 (mip.MTI <- 0b1, mip.STI <- 0b0)
mem[X,0x0000000080001608] -> 0x3403
mem[X,0x000000008000160A] -> 0x1F81
[2578] [M]: 0x0000000080001608 (0x1F813403) ld x8, 0x1f8(x2)                        Mtrap_sig_sv+20
mem[R,0x00000000800041F8] -> 0x0000000080009110
x8 <- 0x0000000080009110

mem[X,0x000000008000160C] -> 0x0333
mem[X,0x000000008000160E] -> 0x0083
[2579] [M]: 0x000000008000160C (0x00830333) add x6, x6, x8                          Mtrap_sig_sv+24
x6 <- 0x00000000800094D8

clint mtime 0x000000000000050A (mip.MTI <- 0b1, mip.STI <- 0b0)
mem[X,0x0000000080001610] -> 0x3403
mem[X,0x0000000080001612] -> 0x2401
[2580] [M]: 0x0000000080001610 (0x24013403) ld x8, 0x240(x2)                        Mtrap_sig_sv+28
mem[R,0x0000000080004240] -> 0x0000000080001380
x8 <- 0x0000000080001380

mem[X,0x0000000080001614] -> 0x85B3
mem[X,0x0000000080001616] -> 0x4085
[2581] [M]: 0x0000000080001614 (0x408585B3) sub x11, x11, x8                        sv_Mvect+0
x11 <- 0x000000000000010C

clint mtime 0x000000000000050B (mip.MTI <- 0b1, mip.STI <- 0b0)
mem[X,0x0000000080001618] -> 0x9593
mem[X,0x000000008000161A] -> 0x0045
[2582] [M]: 0x0000000080001618 (0x00459593) slli x11, x11, 0x4                      sv_Mvect+4
x11 <- 0x00000000000010C0

mem[X,0x000000008000161C] -> 0xE5B3
mem[X,0x000000008000161E] -> 0x0075
[2583] [M]: 0x000000008000161C (0x0075E5B3) or x11, x11, x7                         sv_Mvect+8
x11 <- 0x00000000000010E0

clint mtime 0x000000000000050C (mip.MTI <- 0b1, mip.STI <- 0b0)
mem[X,0x0000000080001620] -> 0x8593
mem[X,0x0000000080001622] -> 0x0035
[2584] [M]: 0x0000000080001620 (0x00358593) addi x11, x11, 0x3                      sv_Mvect+12
x11 <- 0x00000000000010E3

mem[X,0x0000000080001624] -> 0x3023
mem[X,0x0000000080001626] -> 0x00B3
[2585] [M]: 0x0000000080001624 (0x00B33023) sd x11, 0x0(x6)                         sv_Mvect+16
mem[W,0x00000000800094D8] <- 0x00000000000010E3

clint mtime 0x000000000000050D (mip.MTI <- 0b1, mip.STI <- 0b0)
mem[X,0x0000000080001628] -> 0x3423
mem[X,0x000000008000162A] -> 0x00A3
[2586] [M]: 0x0000000080001628 (0x00A33423) sd x10, 0x8(x6)                         sv_Mcause+0
mem[W,0x00000000800094E0] <- 0x000000000000000D

mem[X,0x000000008000162C] -> 0x4663
mem[X,0x000000008000162E] -> 0x1A05
[2587] [M]: 0x000000008000162C (0x1A054663) blt x10, x0, 0x1ac                      sv_Mcause+4

clint mtime 0x000000000000050E (mip.MTI <- 0b1, mip.STI <- 0b0)
mem[X,0x0000000080001630] -> 0x25F3
mem[X,0x0000000080001632] -> 0x3000
[2588] [M]: 0x0000000080001630 (0x300025F3) csrrs x11, mstatus, x0                  common_Mexcpt_handler+0
CSR mstatus (0x300) -> 0x0000000A00000000
x11 <- 0x0000000A00000000

mem[X,0x0000000080001634] -> 0x9413
mem[X,0x0000000080001636] -> 0x02E5
[2589] [M]: 0x0000000080001634 (0x02E59413) slli x8, x11, 0x2e                      common_Mexcpt_handler+4
x8 <- 0x0000000000000000

clint mtime 0x000000000000050F (mip.MTI <- 0b1, mip.STI <- 0b0)
mem[X,0x0000000080001638] -> 0x5463
mem[X,0x000000008000163A] -> 0x0004
[2590] [M]: 0x0000000080001638 (0x00045463) bge x8, x0, 0x8                         common_Mexcpt_handler+8

mem[X,0x0000000080001640] -> 0xD493
mem[X,0x0000000080001642] -> 0x00B5
[2591] [M]: 0x0000000080001640 (0x00B5D493) srli x9, x11, 0xb                       common_Mexcpt_handler+16
x9 <- 0x0000000001400000

clint mtime 0x0000000000000510 (mip.MTI <- 0b1, mip.STI <- 0b0)
mem[X,0x0000000080001644] -> 0xF493
mem[X,0x0000000080001646] -> 0x0034
[2592] [M]: 0x0000000080001644 (0x0034F493) andi x9, x9, 0x3                        common_Mexcpt_handler+20
x9 <- 0x0000000000000000

mem[X,0x0000000080001648] -> 0x8493
mem[X,0x000000008000164A] -> 0x0014
[2593] [M]: 0x0000000080001648 (0x00148493) addi x9, x9, 0x1                        common_Mexcpt_handler+24
x9 <- 0x0000000000000001

clint mtime 0x0000000000000511 (mip.MTI <- 0b1, mip.STI <- 0b0)
mem[X,0x000000008000164C] -> 0xF493
mem[X,0x000000008000164E] -> 0x0044
[2594] [M]: 0x000000008000164C (0x0044F493) andi x9, x9, 0x4                        common_Mexcpt_handler+28
x9 <- 0x0000000000000000

mem[X,0x0000000080001650] -> 0x0593
mem[X,0x0000000080001652] -> 0x05D0
[2595] [M]: 0x0000000080001650 (0x05D00593) addi x11, x0, 0x5d                      common_Mexcpt_handler+32
x11 <- 0x000000000000005D

clint mtime 0x0000000000000512 (mip.MTI <- 0b1, mip.STI <- 0b0)
mem[X,0x0000000080001654] -> 0xD5B3
mem[X,0x0000000080001656] -> 0x0095
[2596] [M]: 0x0000000080001654 (0x0095D5B3) srl x11, x11, x9                        common_Mexcpt_handler+36
x11 <- 0x000000000000005D

mem[X,0x0000000080001658] -> 0xF593
mem[X,0x000000008000165A] -> 0x0015
[2597] [M]: 0x0000000080001658 (0x0015F593) andi x11, x11, 0x1                      common_Mexcpt_handler+40
x11 <- 0x0000000000000001

clint mtime 0x0000000000000513 (mip.MTI <- 0b1, mip.STI <- 0b0)
mem[X,0x000000008000165C] -> 0x8EE3
mem[X,0x000000008000165E] -> 0xF405
[2598] [M]: 0x000000008000165C (0xF4058EE3) beq x11, x0, -0xa4                      common_Mexcpt_handler+44

mem[X,0x0000000080001660] -> 0x0593
mem[X,0x0000000080001662] -> 0x2980
[2599] [M]: 0x0000000080001660 (0x29800593) addi x11, x0, 0x298                     common_Mexcpt_handler+48
x11 <- 0x0000000000000298

clint mtime 0x0000000000000514 (mip.MTI <- 0b1, mip.STI <- 0b0)
mem[X,0x0000000080001664] -> 0xF413
mem[X,0x0000000080001666] -> 0x0014
[2600] [M]: 0x0000000080001664 (0x0014F413) andi x8, x9, 0x1                        common_Mexcpt_handler+52
x8 <- 0x0000000000000000

mem[X,0x0000000080001668] -> 0x95B3
mem[X,0x000000008000166A] -> 0x0085
[2601] [M]: 0x0000000080001668 (0x008595B3) sll x11, x11, x8                        common_Mexcpt_handler+56
x11 <- 0x0000000000000298

clint mtime 0x0000000000000515 (mip.MTI <- 0b1, mip.STI <- 0b0)
mem[X,0x000000008000166C] -> 0x9413
mem[X,0x000000008000166E] -> 0x03D4
[2602] [M]: 0x000000008000166C (0x03D49413) slli x8, x9, 0x3d                       common_Mexcpt_handler+60
x8 <- 0x0000000000000000

mem[X,0x0000000080001670] -> 0x5413
mem[X,0x0000000080001672] -> 0x43F4
[2603] [M]: 0x0000000080001670 (0x43F45413) srai x8, x8, 0x3f                       common_Mexcpt_handler+64
x8 <- 0x0000000000000000

clint mtime 0x0000000000000516 (mip.MTI <- 0b1, mip.STI <- 0b0)
mem[X,0x0000000080001674] -> 0x4413
mem[X,0x0000000080001676] -> 0xFFF4
[2604] [M]: 0x0000000080001674 (0xFFF44413) xori x8, x8, -0x1                       common_Mexcpt_handler+68
x8 <- 0xFFFFFFFFFFFFFFFF

mem[X,0x0000000080001678] -> 0xF4B3
mem[X,0x000000008000167A] -> 0x0085
[2605] [M]: 0x0000000080001678 (0x0085F4B3) and x9, x11, x8                         common_Mexcpt_handler+72
x9 <- 0x0000000000000298

clint mtime 0x0000000000000517 (mip.MTI <- 0b1, mip.STI <- 0b0)
mem[X,0x000000008000167C] -> 0x84B3
mem[X,0x000000008000167E] -> 0x0024
[2606] [M]: 0x000000008000167C (0x002484B3) add x9, x9, x2                          vmem_adj_Mepc+0
x9 <- 0x0000000080004298

mem[X,0x0000000080001680] -> 0x23F3
mem[X,0x0000000080001682] -> 0x3410
[2607] [M]: 0x0000000080001680 (0x341023F3) csrrs x7, mepc, x0                      vmem_adj_Mepc+4
CSR mepc (0x341) -> 0x0000030080001228
x7 <- 0x0000030080001228

clint mtime 0x0000000000000518 (mip.MTI <- 0b1, mip.STI <- 0b0)
mem[X,0x0000000080001684] -> 0x0413
mem[X,0x0000000080001686] -> 0x0004
[2608] [M]: 0x0000000080001684 (0x00040413) addi x8, x8, 0x0                        vmem_adj_Mepc+8
x8 <- 0xFFFFFFFFFFFFFFFF

mem[X,0x0000000080001688] -> 0x006F
mem[X,0x000000008000168A] -> 0x0400
[2609] [M]: 0x0000000080001688 (0x0400006F) jal x0, 0x40                            vmem_adj_Mepc+12

clint mtime 0x0000000000000519 (mip.MTI <- 0b1, mip.STI <- 0b0)
mem[X,0x00000000800016C8] -> 0x8433
mem[X,0x00000000800016CA] -> 0x4083
[2610] [M]: 0x00000000800016C8 (0x40838433) sub x8, x7, x8                          adj_Mepc+0
x8 <- 0x0000030080001229

mem[X,0x00000000800016CC] -> 0x3823
mem[X,0x00000000800016CE] -> 0x0083
[2611] [M]: 0x00000000800016CC (0x00833823) sd x8, 0x10(x6)                         sv_Mepc+0
mem[W,0x00000000800094E8] <- 0x0000030080001229

clint mtime 0x000000000000051A (mip.MTI <- 0b1, mip.STI <- 0b0)
mem[X,0x00000000800016D0] -> 0x55B7
mem[X,0x00000000800016D2] -> 0x0000
[2612] [M]: 0x00000000800016D0 (0x000055B7) lui x11, 0x5                            sv_Mepc+4
x11 <- 0x0000000000005000

mem[X,0x00000000800016D4] -> 0x8593
mem[X,0x00000000800016D6] -> 0x6675
[2613] [M]: 0x00000000800016D4 (0x66758593) addi x11, x11, 0x667                    sv_Mepc+8
x11 <- 0x0000000000005667

clint mtime 0x000000000000051B (mip.MTI <- 0b1, mip.STI <- 0b0)
mem[X,0x00000000800016D8] -> 0x9593
mem[X,0x00000000800016DA] -> 0x0015
[2614] [M]: 0x00000000800016D8 (0x00159593) slli x11, x11, 0x1                      sv_Mepc+12
x11 <- 0x000000000000ACCE

mem[X,0x00000000800016DC] -> 0x9063
mem[X,0x00000000800016DE] -> 0x02B1
[2615] [M]: 0x00000000800016DC (0x02B19063) bne x3, x11, 0x20                       sv_Mepc+16

clint mtime 0x000000000000051C (mip.MTI <- 0b1, mip.STI <- 0b0)
mem[X,0x00000000800016E0] -> 0x2473
mem[X,0x00000000800016E2] -> 0x3420
[2616] [M]: 0x00000000800016E0 (0x34202473) csrrs x8, mcause, x0                    sv_Mepc+20
CSR mcause (0x342) -> 0x000000000000000D
x8 <- 0x000000000000000D

mem[X,0x00000000800016E4] -> 0x0593
mem[X,0x00000000800016E6] -> 0x00C0
[2617] [M]: 0x00000000800016E4 (0x00C00593) addi x11, x0, 0xc                       sv_Mepc+24
x11 <- 0x000000000000000C

clint mtime 0x000000000000051D (mip.MTI <- 0b1, mip.STI <- 0b0)
mem[X,0x00000000800016E8] -> 0x0663
mem[X,0x00000000800016EA] -> 0x00B4
[2618] [M]: 0x00000000800016E8 (0x00B40663) beq x8, x11, 0xc                        sv_Mepc+28

mem[X,0x00000000800016EC] -> 0x0593
mem[X,0x00000000800016EE] -> 0x0010
[2619] [M]: 0x00000000800016EC (0x00100593) addi x11, x0, 0x1                       sv_Mepc+32
x11 <- 0x0000000000000001

clint mtime 0x000000000000051E (mip.MTI <- 0b1, mip.STI <- 0b0)
mem[X,0x00000000800016F0] -> 0x1663
mem[X,0x00000000800016F2] -> 0x00B4
[2620] [M]: 0x00000000800016F0 (0x00B41663) bne x8, x11, 0xc                        sv_Mepc+36

mem[X,0x00000000800016FC] -> 0xF593
mem[X,0x00000000800016FE] -> 0xFFC3
[2621] [M]: 0x00000000800016FC (0xFFC3F593) andi x11, x7, -0x4                      adj_Mepc_rtn+0
x11 <- 0x0000030080001228

clint mtime 0x000000000000051F (mip.MTI <- 0b1, mip.STI <- 0b0)
mem[X,0x0000000080001700] -> 0x8593
mem[X,0x0000000080001702] -> 0x0085
[2622] [M]: 0x0000000080001700 (0x00858593) addi x11, x11, 0x8                      adj_Mepc_rtn+4
x11 <- 0x0000030080001230

mem[X,0x0000000080001704] -> 0x9073
mem[X,0x0000000080001706] -> 0x3415
[2623] [M]: 0x0000000080001704 (0x34159073) csrrw x0, mepc, x11                     adj_Mepc_rtn+8
CSR mepc (0x341) <- 0x0000030080001230

clint mtime 0x0000000000000520 (mip.MTI <- 0b1, mip.STI <- 0b0)
mem[X,0x0000000080001708] -> 0x23F3
mem[X,0x000000008000170A] -> 0x3430
[2624] [M]: 0x0000000080001708 (0x343023F3) csrrs x7, mtval, x0                     skp_adj_Mepc+0
CSR mtval (0x343) -> 0x0000028000000414
x7 <- 0x0000028000000414

mem[X,0x000000008000170C] -> 0x0413
mem[X,0x000000008000170E] -> 0x0004
[2625] [M]: 0x000000008000170C (0x00040413) addi x8, x8, 0x0                        skp_adj_Mepc+4
x8 <- 0x000000000000000D

clint mtime 0x0000000000000521 (mip.MTI <- 0b1, mip.STI <- 0b0)
mem[X,0x0000000080001710] -> 0x006F
mem[X,0x0000000080001712] -> 0x0840
[2626] [M]: 0x0000000080001710 (0x0840006F) jal x0, 0x84                            skp_adj_Mepc+8

mem[X,0x0000000080001794] -> 0x8433
mem[X,0x0000000080001796] -> 0x4083
[2627] [M]: 0x0000000080001794 (0x40838433) sub x8, x7, x8                          adj_Mtval+0
x8 <- 0x0000028000000407

clint mtime 0x0000000000000522 (mip.MTI <- 0b1, mip.STI <- 0b0)
mem[X,0x0000000080001798] -> 0x3C23
mem[X,0x000000008000179A] -> 0x0083
[2628] [M]: 0x0000000080001798 (0x00833C23) sd x8, 0x18(x6)                         sv_Mtval+0
mem[W,0x00000000800094F0] <- 0x0000028000000407

mem[X,0x000000008000179C] -> 0x3483
mem[X,0x000000008000179E] -> 0x2181
[2629] [M]: 0x000000008000179C (0x21813483) ld x9, 0x218(x2)                        skp_Mtval+0
mem[R,0x0000000080004218] -> 0x00000000800094F8
x9 <- 0x00000000800094F8

clint mtime 0x0000000000000523 (mip.MTI <- 0b1, mip.STI <- 0b0)
mem[X,0x00000000800017A0] -> 0x3383
mem[X,0x00000000800017A2] -> 0x1F81
[2630] [M]: 0x00000000800017A0 (0x1F813383) ld x7, 0x1f8(x2)                        skp_Mtval+4
mem[R,0x00000000800041F8] -> 0x0000000080009110
x7 <- 0x0000000080009110

mem[X,0x00000000800017A4] -> 0x3303
mem[X,0x00000000800017A6] -> 0x2001
[2631] [M]: 0x00000000800017A4 (0x20013303) ld x6, 0x200(x2)                        skp_Mtval+8
mem[R,0x0000000080004200] -> 0x0000000000000410
x6 <- 0x0000000000000410

clint mtime 0x0000000000000524 (mip.MTI <- 0b1, mip.STI <- 0b0)
mem[X,0x00000000800017A8] -> 0x0333
mem[X,0x00000000800017AA] -> 0x0073
[2632] [M]: 0x00000000800017A8 (0x00730333) add x6, x6, x7                          skp_Mtval+12
x6 <- 0x0000000080009520

mem[X,0x00000000800017AC] -> 0x6AE3
mem[X,0x00000000800017AE] -> 0xAE93
[2633] [M]: 0x00000000800017AC (0xAE936AE3) bltu x6, x9, -0x50c                     skp_Mtval+16

clint mtime 0x0000000000000525 (mip.MTI <- 0b1, mip.STI <- 0b0)
mem[X,0x00000000800017B0] -> 0x0393
mem[X,0x00000000800017B2] -> 0x2000
[2634] [M]: 0x00000000800017B0 (0x20000393) addi x7, x0, 0x200                      skp_Mtval+20
x7 <- 0x0000000000000200

mem[X,0x00000000800017B4] -> 0x006F
mem[X,0x00000000800017B6] -> 0x0400
[2635] [M]: 0x00000000800017B4 (0x0400006F) jal x0, 0x40                            skp_Mtval+24

clint mtime 0x0000000000000526 (mip.MTI <- 0b1, mip.STI <- 0b0)
mem[X,0x00000000800017F4] -> 0x0417
mem[X,0x00000000800017F6] -> 0x0000
[2636] [M]: 0x00000000800017F4 (0x00000417) auipc x8, 0x0                           spcl_Mhandler+0
x8 <- 0x00000000800017F4

mem[X,0x00000000800017F8] -> 0x0413
mem[X,0x00000000800017FA] -> 0x03C4
[2637] [M]: 0x00000000800017F8 (0x03C40413) addi x8, x8, 0x3c                       spcl_Mhandler+4
x8 <- 0x0000000080001830

clint mtime 0x0000000000000527 (mip.MTI <- 0b1, mip.STI <- 0b0)
mem[X,0x00000000800017FC] -> 0x0433
mem[X,0x00000000800017FE] -> 0x0074
[2638] [M]: 0x00000000800017FC (0x00740433) add x8, x8, x7                          spcl_Mhandler+8
x8 <- 0x0000000080001A30

mem[X,0x0000000080001800] -> 0x1393
mem[X,0x0000000080001802] -> 0x0035
[2639] [M]: 0x0000000080001800 (0x00351393) slli x7, x10, 0x3                       spcl_Mhandler+12
x7 <- 0x0000000000000068

clint mtime 0x0000000000000528 (mip.MTI <- 0b1, mip.STI <- 0b0)
mem[X,0x0000000080001804] -> 0x0433
mem[X,0x0000000080001806] -> 0x0074
[2640] [M]: 0x0000000080001804 (0x00740433) add x8, x8, x7                          spcl_Mhandler+16
x8 <- 0x0000000080001A98

mem[X,0x0000000080001808] -> 0x7413
mem[X,0x000000008000180A] -> 0xFF84
[2641] [M]: 0x0000000080001808 (0xFF847413) andi x8, x8, -0x8                       spcl_Mhandler+20
x8 <- 0x0000000080001A98

clint mtime 0x0000000000000529 (mip.MTI <- 0b1, mip.STI <- 0b0)
mem[X,0x000000008000180C] -> 0x3403
mem[X,0x000000008000180E] -> 0x0004
[2642] [M]: 0x000000008000180C (0x00043403) ld x8, 0x0(x8)                          spcl_Mhandler+24
mem[R,0x0000000080001A98] -> 0x000000000000001B
x8 <- 0x000000000000001B

mem[X,0x0000000080001810] -> 0x02E3
mem[X,0x0000000080001812] -> 0xB204
[2643] [M]: 0x0000000080001810 (0xB20402E3) beq x8, x0, -0x4dc                      spcl_Mdispatch_hndling+0

clint mtime 0x000000000000052A (mip.MTI <- 0b1, mip.STI <- 0b0)
mem[X,0x0000000080001814] -> 0x1393
mem[X,0x0000000080001816] -> 0x03F4
[2644] [M]: 0x0000000080001814 (0x03F41393) slli x7, x8, 0x3f                       spcl_Mdispatch_hndling+4
x7 <- 0x8000000000000000

mem[X,0x0000000080001818] -> 0xD863
mem[X,0x000000008000181A] -> 0x0003
[2645] [M]: 0x0000000080001818 (0x0003D863) bge x7, x0, 0x10                        spcl_Mdispatch_hndling+8

clint mtime 0x000000000000052B (mip.MTI <- 0b1, mip.STI <- 0b0)
mem[X,0x000000008000181C] -> 0x5413
mem[X,0x000000008000181E] -> 0x0014
[2646] [M]: 0x000000008000181C (0x00145413) srli x8, x8, 0x1                        spcl_Mdispatch_hndling+12
x8 <- 0x000000000000000D

mem[X,0x0000000080001820] -> 0x0CE3
mem[X,0x0000000080001822] -> 0xF885
[2647] [M]: 0x0000000080001820 (0xF8850CE3) beq x10, x8, -0x68                      spcl_Mdispatch_hndling+16

clint mtime 0x000000000000052C (mip.MTI <- 0b1, mip.STI <- 0b0)
mem[X,0x00000000800017B8] -> 0x3303
mem[X,0x00000000800017BA] -> 0x2601
[2648] [M]: 0x00000000800017B8 (0x26013303) ld x6, 0x260(x2)                        resto_Mrtn+0
mem[R,0x0000000080004260] -> 0xFFFFFFFF7FFFF04C
x6 <- 0xFFFFFFFF7FFFF04C

mem[X,0x00000000800017BC] -> 0x3383
mem[X,0x00000000800017BE] -> 0x2681
[2649] [M]: 0x00000000800017BC (0x26813383) ld x7, 0x268(x2)                        resto_Mrtn+4
mem[R,0x0000000080004268] -> 0x0000000080004000
x7 <- 0x0000000080004000

clint mtime 0x000000000000052D (mip.MTI <- 0b1, mip.STI <- 0b0)
mem[X,0x00000000800017C0] -> 0x3403
mem[X,0x00000000800017C2] -> 0x2701
[2650] [M]: 0x00000000800017C0 (0x27013403) ld x8, 0x270(x2)                        resto_Mrtn+8
mem[R,0x0000000080004270] -> 0x0000000000007F76
x8 <- 0x0000000000007F76

mem[X,0x00000000800017C4] -> 0x3483
mem[X,0x00000000800017C6] -> 0x2781
[2651] [M]: 0x00000000800017C4 (0x27813483) ld x9, 0x278(x2)                        resto_Mrtn+12
mem[R,0x0000000080004278] -> 0x000003000000023C
x9 <- 0x000003000000023C

clint mtime 0x000000000000052E (mip.MTI <- 0b1, mip.STI <- 0b0)
mem[X,0x00000000800017C8] -> 0x3503
mem[X,0x00000000800017CA] -> 0x2801
[2652] [M]: 0x00000000800017C8 (0x28013503) ld x10, 0x280(x2)                       resto_Mrtn+16
mem[R,0x0000000080004280] -> 0x00000000200000DE
x10 <- 0x00000000200000DE

mem[X,0x00000000800017CC] -> 0x3583
mem[X,0x00000000800017CE] -> 0x2881
[2653] [M]: 0x00000000800017CC (0x28813583) ld x11, 0x288(x2)                       resto_Mrtn+20
mem[R,0x0000000080004288] -> 0x00000000000000DE
x11 <- 0x00000000000000DE

clint mtime 0x000000000000052F (mip.MTI <- 0b1, mip.STI <- 0b0)
mem[X,0x00000000800017D0] -> 0x3103
mem[X,0x00000000800017D2] -> 0x2901
[2654] [M]: 0x00000000800017D0 (0x29013103) ld x2, 0x290(x2)                        resto_Mrtn+24
mem[R,0x0000000080004290] -> 0x0000000000000000
x2 <- 0x0000000000000000

mem[X,0x00000000800017D4] -> 0x0073
mem[X,0x00000000800017D6] -> 0x3020
[2655] [M]: 0x00000000800017D4 (0x30200073) mret                                    resto_Mrtn+28
CSR mstatus (0x300) <- 0x0000000A00000080
ret-ing from M to U

clint mtime 0x0000000000000530 (mip.MTI <- 0b1, mip.STI <- 0b0)
PTW: Start, vpn=0x30080001, access_type=X, privilege=Umem[R,0x0000000080008030] -> 0x00000000000000DB
PTW: Step, level=3, pte=0xDB, pte_addr=0x80008030
PTW: Success, final_ppn=0x80001, level=3mem[X,0x0000000080001230] -> 0x51B7
PTW: Start, vpn=0x30080001, access_type=X, privilege=Umem[R,0x0000000080008030] -> 0x00000000000000DB
PTW: Step, level=3, pte=0xDB, pte_addr=0x80008030
PTW: Success, final_ppn=0x80001, level=3mem[X,0x0000000080001232] -> 0x0000
[2656] [U]: 0x0000030080001230 (0x000051B7) lui x3, 0x5                             va_rvtest_code_begin+2676
x3 <- 0x0000000000005000

PTW: Start, vpn=0x30080001, access_type=X, privilege=Umem[R,0x0000000080008030] -> 0x00000000000000DB
PTW: Step, level=3, pte=0xDB, pte_addr=0x80008030
PTW: Success, final_ppn=0x80001, level=3mem[X,0x0000000080001234] -> 0x8193
PTW: Start, vpn=0x30080001, access_type=X, privilege=Umem[R,0x0000000080008030] -> 0x00000000000000DB
PTW: Step, level=3, pte=0xDB, pte_addr=0x80008030
PTW: Success, final_ppn=0x80001, level=3mem[X,0x0000000080001236] -> 0x6671
[2657] [U]: 0x0000030080001234 (0x66718193) addi x3, x3, 0x667                      va_rvtest_code_begin+2680
x3 <- 0x0000000000005667

clint mtime 0x0000000000000531 (mip.MTI <- 0b1, mip.STI <- 0b0)
PTW: Start, vpn=0x30080001, access_type=X, privilege=Umem[R,0x0000000080008030] -> 0x00000000000000DB
PTW: Step, level=3, pte=0xDB, pte_addr=0x80008030
PTW: Success, final_ppn=0x80001, level=3mem[X,0x0000000080001238] -> 0x9193
PTW: Start, vpn=0x30080001, access_type=X, privilege=Umem[R,0x0000000080008030] -> 0x00000000000000DB
PTW: Step, level=3, pte=0xDB, pte_addr=0x80008030
PTW: Success, final_ppn=0x80001, level=3mem[X,0x000000008000123A] -> 0x0011
[2658] [U]: 0x0000030080001238 (0x00119193) slli x3, x3, 0x1                        va_rvtest_code_begin+2684
x3 <- 0x000000000000ACCE

PTW: Start, vpn=0x30080001, access_type=X, privilege=Umem[R,0x0000000080008030] -> 0x00000000000000DB
PTW: Step, level=3, pte=0xDB, pte_addr=0x80008030
PTW: Success, final_ppn=0x80001, level=3mem[X,0x000000008000123C] -> 0x0013
PTW: Start, vpn=0x30080001, access_type=X, privilege=Umem[R,0x0000000080008030] -> 0x00000000000000DB
PTW: Step, level=3, pte=0xDB, pte_addr=0x80008030
PTW: Success, final_ppn=0x80001, level=3mem[X,0x000000008000123E] -> 0x0000
[2659] [U]: 0x000003008000123C (0x00000013) addi x0, x0, 0x0                        va_rvtest_code_begin+2688

clint mtime 0x0000000000000532 (mip.MTI <- 0b1, mip.STI <- 0b0)
PTW: Start, vpn=0x30080001, access_type=X, privilege=Umem[R,0x0000000080008030] -> 0x00000000000000DB
PTW: Step, level=3, pte=0xDB, pte_addr=0x80008030
PTW: Success, final_ppn=0x80001, level=3mem[X,0x0000000080001240] -> 0x0217
PTW: Start, vpn=0x30080001, access_type=X, privilege=Umem[R,0x0000000080008030] -> 0x00000000000000DB
PTW: Step, level=3, pte=0xDB, pte_addr=0x80008030
PTW: Success, final_ppn=0x80001, level=3mem[X,0x0000000080001242] -> 0x0000
[2660] [U]: 0x0000030080001240 (0x00000217) auipc x4, 0x0                           va_rvtest_code_begin+2692
x4 <- 0x0000030080001240

PTW: Start, vpn=0x30080001, access_type=X, privilege=Umem[R,0x0000000080008030] -> 0x00000000000000DB
PTW: Step, level=3, pte=0xDB, pte_addr=0x80008030
PTW: Success, final_ppn=0x80001, level=3mem[X,0x0000000080001244] -> 0x0213
PTW: Start, vpn=0x30080001, access_type=X, privilege=Umem[R,0x0000000080008030] -> 0x00000000000000DB
PTW: Step, level=3, pte=0xDB, pte_addr=0x80008030
PTW: Success, final_ppn=0x80001, level=3mem[X,0x0000000080001246] -> 0x02C2
[2661] [U]: 0x0000030080001244 (0x02C20213) addi x4, x4, 0x2c                       va_rvtest_code_begin+2696
x4 <- 0x000003008000126C

clint mtime 0x0000000000000533 (mip.MTI <- 0b1, mip.STI <- 0b0)
PTW: Start, vpn=0x30080001, access_type=X, privilege=Umem[R,0x0000000080008030] -> 0x00000000000000DB
PTW: Step, level=3, pte=0xDB, pte_addr=0x80008030
PTW: Success, final_ppn=0x80001, level=3mem[X,0x0000000080001248] -> 0x0001
[2662] [U]: 0x0000030080001248 (0x0001) c.nop                                       va_rvtest_code_begin+2700

PTW: Start, vpn=0x30080001, access_type=X, privilege=Umem[R,0x0000000080008030] -> 0x00000000000000DB
PTW: Step, level=3, pte=0xDB, pte_addr=0x80008030
PTW: Success, final_ppn=0x80001, level=3mem[X,0x000000008000124A] -> 0x0013
PTW: Start, vpn=0x30080001, access_type=X, privilege=Umem[R,0x0000000080008030] -> 0x00000000000000DB
PTW: Step, level=3, pte=0xDB, pte_addr=0x80008030
PTW: Success, final_ppn=0x80001, level=3mem[X,0x000000008000124C] -> 0x0000
[2663] [U]: 0x000003008000124A (0x00000013) addi x0, x0, 0x0                        va_rvtest_code_begin+2702

clint mtime 0x0000000000000534 (mip.MTI <- 0b1, mip.STI <- 0b0)
PTW: Start, vpn=0x30080001, access_type=X, privilege=Umem[R,0x0000000080008030] -> 0x00000000000000DB
PTW: Step, level=3, pte=0xDB, pte_addr=0x80008030
PTW: Success, final_ppn=0x80001, level=3mem[X,0x000000008000124E] -> 0x0013
PTW: Start, vpn=0x30080001, access_type=X, privilege=Umem[R,0x0000000080008030] -> 0x00000000000000DB
PTW: Step, level=3, pte=0xDB, pte_addr=0x80008030
PTW: Success, final_ppn=0x80001, level=3mem[X,0x0000000080001250] -> 0x0000
[2664] [U]: 0x000003008000124E (0x00000013) addi x0, x0, 0x0                        va_rvtest_code_begin+2706

PTW: Start, vpn=0x30080001, access_type=X, privilege=Umem[R,0x0000000080008030] -> 0x00000000000000DB
PTW: Step, level=3, pte=0xDB, pte_addr=0x80008030
PTW: Success, final_ppn=0x80001, level=3mem[X,0x0000000080001252] -> 0x0013
PTW: Start, vpn=0x30080001, access_type=X, privilege=Umem[R,0x0000000080008030] -> 0x00000000000000DB
PTW: Step, level=3, pte=0xDB, pte_addr=0x80008030
PTW: Success, final_ppn=0x80001, level=3mem[X,0x0000000080001254] -> 0x0000
[2665] [U]: 0x0000030080001252 (0x00000013) addi x0, x0, 0x0                        va_rvtest_code_begin+2710

clint mtime 0x0000000000000535 (mip.MTI <- 0b1, mip.STI <- 0b0)
PTW: Start, vpn=0x30080001, access_type=X, privilege=Umem[R,0x0000000080008030] -> 0x00000000000000DB
PTW: Step, level=3, pte=0xDB, pte_addr=0x80008030
PTW: Success, final_ppn=0x80001, level=3mem[X,0x0000000080001256] -> 0x0013
PTW: Start, vpn=0x30080001, access_type=X, privilege=Umem[R,0x0000000080008030] -> 0x00000000000000DB
PTW: Step, level=3, pte=0xDB, pte_addr=0x80008030
PTW: Success, final_ppn=0x80001, level=3mem[X,0x0000000080001258] -> 0x0000
[2666] [U]: 0x0000030080001256 (0x00000013) addi x0, x0, 0x0                        va_rvtest_code_begin+2714

PTW: Start, vpn=0x30080001, access_type=X, privilege=Umem[R,0x0000000080008030] -> 0x00000000000000DB
PTW: Step, level=3, pte=0xDB, pte_addr=0x80008030
PTW: Success, final_ppn=0x80001, level=3mem[X,0x000000008000125A] -> 0x0013
PTW: Start, vpn=0x30080001, access_type=X, privilege=Umem[R,0x0000000080008030] -> 0x00000000000000DB
PTW: Step, level=3, pte=0xDB, pte_addr=0x80008030
PTW: Success, final_ppn=0x80001, level=3mem[X,0x000000008000125C] -> 0x0000
[2667] [U]: 0x000003008000125A (0x00000013) addi x0, x0, 0x0                        va_rvtest_code_begin+2718

clint mtime 0x0000000000000536 (mip.MTI <- 0b1, mip.STI <- 0b0)
PTW: Start, vpn=0x30080001, access_type=X, privilege=Umem[R,0x0000000080008030] -> 0x00000000000000DB
PTW: Step, level=3, pte=0xDB, pte_addr=0x80008030
PTW: Success, final_ppn=0x80001, level=3mem[X,0x000000008000125E] -> 0x0001
[2668] [U]: 0x000003008000125E (0x0001) c.nop                                       va_rvtest_code_begin+2722

PTW: Start, vpn=0x30080001, access_type=X, privilege=Umem[R,0x0000000080008030] -> 0x00000000000000DB
PTW: Step, level=3, pte=0xDB, pte_addr=0x80008030
PTW: Success, final_ppn=0x80001, level=3mem[X,0x0000000080001260] -> 0x80E7
PTW: Start, vpn=0x30080001, access_type=X, privilege=Umem[R,0x0000000080008030] -> 0x00000000000000DB
PTW: Step, level=3, pte=0xDB, pte_addr=0x80008030
PTW: Success, final_ppn=0x80001, level=3mem[X,0x0000000080001262] -> 0x0007
[2669] [U]: 0x0000030080001260 (0x000780E7) jalr x1, 0x0(x15)                       va_rvtest_code_begin+2724
x1 <- 0x0000030080001264

clint mtime 0x0000000000000537 (mip.MTI <- 0b1, mip.STI <- 0b0)
PTW: Start, vpn=0x28000000, access_type=X, privilege=Umem[R,0x0000000080008028] -> 0x0000000020001C01
PTW: Step, level=3, pte=0x20001C01, pte_addr=0x80008028
PTW: Start, vpn=0x28000000, access_type=X, privilege=Umem[R,0x0000000080007000] -> 0x0000000020001801
PTW: Step, level=2, pte=0x20001801, pte_addr=0x80007000
PTW: Start, vpn=0x28000000, access_type=X, privilege=Umem[R,0x0000000080006000] -> 0x0000000020001401
PTW: Step, level=1, pte=0x20001401, pte_addr=0x80006000
PTW: Start, vpn=0x28000000, access_type=X, privilege=Umem[R,0x0000000080005000] -> 0x00000000200000DE
PTW: Step, level=0, pte=0x200000DE, pte_addr=0x80005000
PTW: failed, error=invalid-pte, level=0, pte_addr=0x80005000
trapping from U to M to handle fetch-page-fault
handling exc#fetch-page-fault at priv M with tval 0x0000028000000400
CSR mstatus (0x300) <- 0x0000000A00000000
CSR mcause (0x342) <- 0x000000000000000C
CSR mtval (0x343) <- 0x0000028000000400
CSR mepc (0x341) <- 0x0000028000000400

mem[X,0x0000000080001380] -> 0x006F
mem[X,0x0000000080001382] -> 0x1000
[2671] [M]: 0x0000000080001380 (0x1000006F) jal x0, 0x100                           Mtrampoline+0

clint mtime 0x0000000000000538 (mip.MTI <- 0b1, mip.STI <- 0b0)
mem[X,0x0000000080001480] -> 0x1173
mem[X,0x0000000080001482] -> 0x3401
[2672] [M]: 0x0000000080001480 (0x34011173) csrrw x2, mscratch, x2                  trap_Mhandler+0
CSR mscratch (0x340) <- 0x0000000000000000
x2 <- 0x0000000080004000

mem[X,0x0000000080001484] -> 0x3423
mem[X,0x0000000080001486] -> 0x28B1
[2673] [M]: 0x0000000080001484 (0x28B13423) sd x11, 0x288(x2)                       trap_Mhandler+4
mem[W,0x0000000080004288] <- 0x00000000000000DE

clint mtime 0x0000000000000539 (mip.MTI <- 0b1, mip.STI <- 0b0)
mem[X,0x0000000080001488] -> 0x05EF
mem[X,0x000000008000148A] -> 0x0B80
[2674] [M]: 0x0000000080001488 (0x0B8005EF) jal x11, 0xb8                           trap_Mhandler+8
x11 <- 0x000000008000148C

mem[X,0x0000000080001540] -> 0x3023
mem[X,0x0000000080001542] -> 0x28A1
[2675] [M]: 0x0000000080001540 (0x28A13023) sd x10, 0x280(x2)                       common_Mhandler+0
mem[W,0x0000000080004280] <- 0x00000000200000DE

clint mtime 0x000000000000053A (mip.MTI <- 0b1, mip.STI <- 0b0)
mem[X,0x0000000080001544] -> 0x1573
mem[X,0x0000000080001546] -> 0x3401
[2676] [M]: 0x0000000080001544 (0x34011573) csrrw x10, mscratch, x2                 common_Mhandler+4
CSR mscratch (0x340) <- 0x0000000080004000
x10 <- 0x0000000000000000

mem[X,0x0000000080001548] -> 0x3823
mem[X,0x000000008000154A] -> 0x28A1
[2677] [M]: 0x0000000080001548 (0x28A13823) sd x10, 0x290(x2)                       common_Mhandler+8
mem[W,0x0000000080004290] <- 0x0000000000000000

clint mtime 0x000000000000053B (mip.MTI <- 0b1, mip.STI <- 0b0)
mem[X,0x000000008000154C] -> 0x3503
mem[X,0x000000008000154E] -> 0x2301
[2678] [M]: 0x000000008000154C (0x23013503) ld x10, 0x230(x2)                       common_Mhandler+12
mem[R,0x0000000080004230] -> 0x0000000080001554
x10 <- 0x0000000080001554

mem[X,0x0000000080001550] -> 0x0067
mem[X,0x0000000080001552] -> 0x0005
[2679] [M]: 0x0000000080001550 (0x00050067) jalr x0, 0x0(x10)                       common_Mhandler+16

clint mtime 0x000000000000053C (mip.MTI <- 0b1, mip.STI <- 0b0)
mem[X,0x0000000080001554] -> 0x3C23
mem[X,0x0000000080001556] -> 0x2691
[2680] [M]: 0x0000000080001554 (0x26913C23) sd x9, 0x278(x2)                        common_Mentry+0
mem[W,0x0000000080004278] <- 0x000003000000023C

mem[X,0x0000000080001558] -> 0x3823
mem[X,0x000000008000155A] -> 0x2681
[2681] [M]: 0x0000000080001558 (0x26813823) sd x8, 0x270(x2)                        common_Mentry+4
mem[W,0x0000000080004270] <- 0x0000000000007F76

clint mtime 0x000000000000053D (mip.MTI <- 0b1, mip.STI <- 0b0)
mem[X,0x000000008000155C] -> 0x3423
mem[X,0x000000008000155E] -> 0x2671
[2682] [M]: 0x000000008000155C (0x26713423) sd x7, 0x268(x2)                        common_Mentry+8
mem[W,0x0000000080004268] <- 0x0000000080004000

mem[X,0x0000000080001560] -> 0x3023
mem[X,0x0000000080001562] -> 0x2661
[2683] [M]: 0x0000000080001560 (0x26613023) sd x6, 0x260(x2)                        common_Mentry+12
mem[W,0x0000000080004260] <- 0xFFFFFFFF7FFFF04C

clint mtime 0x000000000000053E (mip.MTI <- 0b1, mip.STI <- 0b0)
mem[X,0x0000000080001564] -> 0x2573
mem[X,0x0000000080001566] -> 0x3420
[2684] [M]: 0x0000000080001564 (0x34202573) csrrs x10, mcause, x0                   spcl_M2mmode_test+0
CSR mcause (0x342) -> 0x000000000000000C
x10 <- 0x000000000000000C

mem[X,0x0000000080001568] -> 0x04B7
mem[X,0x000000008000156A] -> 0x8000
[2685] [M]: 0x0000000080001568 (0x800004B7) lui x9, -0x80000                        spcl_M2mmode_test+4
x9 <- 0xFFFFFFFF80000000

clint mtime 0x000000000000053F (mip.MTI <- 0b1, mip.STI <- 0b0)
mem[X,0x000000008000156C] -> 0x8493
mem[X,0x000000008000156E] -> 0x0004
[2686] [M]: 0x000000008000156C (0x00048493) addi x9, x9, 0x0                        spcl_M2mmode_test+8
x9 <- 0xFFFFFFFF80000000

mem[X,0x0000000080001570] -> 0x9493
mem[X,0x0000000080001572] -> 0x00B4
[2687] [M]: 0x0000000080001570 (0x00B49493) slli x9, x9, 0xb                        spcl_M2mmode_test+12
x9 <- 0xFFFFFC0000000000

clint mtime 0x0000000000000540 (mip.MTI <- 0b1, mip.STI <- 0b0)
mem[X,0x0000000080001574] -> 0x8493
mem[X,0x0000000080001576] -> 0x0004
[2688] [M]: 0x0000000080001574 (0x00048493) addi x9, x9, 0x0                        spcl_M2mmode_test+16
x9 <- 0xFFFFFC0000000000

mem[X,0x0000000080001578] -> 0x9493
mem[X,0x000000008000157A] -> 0x00B4
[2689] [M]: 0x0000000080001578 (0x00B49493) slli x9, x9, 0xb                        spcl_M2mmode_test+20
x9 <- 0xFFE0000000000000

clint mtime 0x0000000000000541 (mip.MTI <- 0b1, mip.STI <- 0b0)
mem[X,0x000000008000157C] -> 0x8493
mem[X,0x000000008000157E] -> 0x0034
[2690] [M]: 0x000000008000157C (0x00348493) addi x9, x9, 0x3                        spcl_M2mmode_test+24
x9 <- 0xFFE0000000000003

mem[X,0x0000000080001580] -> 0x9493
mem[X,0x0000000080001582] -> 0x00A4
[2691] [M]: 0x0000000080001580 (0x00A49493) slli x9, x9, 0xa                        spcl_M2mmode_test+28
x9 <- 0x8000000000000C00

clint mtime 0x0000000000000542 (mip.MTI <- 0b1, mip.STI <- 0b0)
mem[X,0x0000000080001584] -> 0x8493
mem[X,0x0000000080001586] -> 0x3FC4
[2692] [M]: 0x0000000080001584 (0x3FC48493) addi x9, x9, 0x3fc                      spcl_M2mmode_test+32
x9 <- 0x8000000000000FFC

mem[X,0x0000000080001588] -> 0xF4B3
mem[X,0x000000008000158A] -> 0x00A4
[2693] [M]: 0x0000000080001588 (0x00A4F4B3) and x9, x9, x10                         spcl_M2mmode_test+36
x9 <- 0x000000000000000C

clint mtime 0x0000000000000543 (mip.MTI <- 0b1, mip.STI <- 0b0)
mem[X,0x000000008000158C] -> 0x8493
mem[X,0x000000008000158E] -> 0xFF84
[2694] [M]: 0x000000008000158C (0xFF848493) addi x9, x9, -0x8                       spcl_M2mmode_test+40
x9 <- 0x0000000000000004

mem[X,0x0000000080001590] -> 0x9663
mem[X,0x0000000080001592] -> 0x0004
[2695] [M]: 0x0000000080001590 (0x00049663) bne x9, x0, 0xc                         spcl_M2mmode_test+44

clint mtime 0x0000000000000544 (mip.MTI <- 0b1, mip.STI <- 0b0)
mem[X,0x000000008000159C] -> 0x0393
mem[X,0x000000008000159E] -> 0x0200
[2696] [M]: 0x000000008000159C (0x02000393) addi x7, x0, 0x20                       Mtrapsig_ptr_upd+0
x7 <- 0x0000000000000020

mem[X,0x00000000800015A0] -> 0x5263
mem[X,0x00000000800015A2] -> 0x0405
[2697] [M]: 0x00000000800015A0 (0x04055263) bge x10, x0, 0x44                       Mtrapsig_ptr_upd+4

clint mtime 0x0000000000000545 (mip.MTI <- 0b1, mip.STI <- 0b0)
mem[X,0x00000000800015E4] -> 0x2373
mem[X,0x00000000800015E6] -> 0x3010
[2698] [M]: 0x00000000800015E4 (0x30102373) csrrs x6, misa, x0                      Mxcpt_sig_sv+0
CSR misa (0x301) -> 0x800000000034112F
x6 <- 0x800000000034112F

mem[X,0x00000000800015E8] -> 0x1313
mem[X,0x00000000800015EA] -> 0x0383
[2699] [M]: 0x00000000800015E8 (0x03831313) slli x6, x6, 0x38                       Mxcpt_sig_sv+4
x6 <- 0x2F00000000000000

clint mtime 0x0000000000000546 (mip.MTI <- 0b1, mip.STI <- 0b0)
mem[X,0x00000000800015EC] -> 0x5463
mem[X,0x00000000800015EE] -> 0x0003
[2700] [M]: 0x00000000800015EC (0x00035463) bge x6, x0, 0x8                         Mxcpt_sig_sv+8

mem[X,0x00000000800015F4] -> 0x3303
mem[X,0x00000000800015F6] -> 0x2181
[2701] [M]: 0x00000000800015F4 (0x21813303) ld x6, 0x218(x2)                        Mtrap_sig_sv+0
mem[R,0x0000000080004218] -> 0x00000000800094F8
x6 <- 0x00000000800094F8

clint mtime 0x0000000000000547 (mip.MTI <- 0b1, mip.STI <- 0b0)
mem[X,0x00000000800015F8] -> 0x04B3
mem[X,0x00000000800015FA] -> 0x0073
[2702] [M]: 0x00000000800015F8 (0x007304B3) add x9, x6, x7                          Mtrap_sig_sv+4
x9 <- 0x0000000080009518

mem[X,0x00000000800015FC] -> 0x3C23
mem[X,0x00000000800015FE] -> 0x2091
[2703] [M]: 0x00000000800015FC (0x20913C23) sd x9, 0x218(x2)                        Mtrap_sig_sv+8
mem[W,0x0000000080004218] <- 0x0000000080009518

clint mtime 0x0000000000000548 (mip.MTI <- 0b1, mip.STI <- 0b0)
mem[X,0x0000000080001600] -> 0x3403
mem[X,0x0000000080001602] -> 0x1F81
[2704] [M]: 0x0000000080001600 (0x1F813403) ld x8, 0x1f8(x2)                        Mtrap_sig_sv+12
mem[R,0x00000000800041F8] -> 0x0000000080009110
x8 <- 0x0000000080009110

mem[X,0x0000000080001604] -> 0x0333
mem[X,0x0000000080001606] -> 0x4083
[2705] [M]: 0x0000000080001604 (0x40830333) sub x6, x6, x8                          Mtrap_sig_sv+16
x6 <- 0x00000000000003E8

clint mtime 0x0000000000000549 (mip.MTI <- 0b1, mip.STI <- 0b0)
mem[X,0x0000000080001608] -> 0x3403
mem[X,0x000000008000160A] -> 0x1F81
[2706] [M]: 0x0000000080001608 (0x1F813403) ld x8, 0x1f8(x2)                        Mtrap_sig_sv+20
mem[R,0x00000000800041F8] -> 0x0000000080009110
x8 <- 0x0000000080009110

mem[X,0x000000008000160C] -> 0x0333
mem[X,0x000000008000160E] -> 0x0083
[2707] [M]: 0x000000008000160C (0x00830333) add x6, x6, x8                          Mtrap_sig_sv+24
x6 <- 0x00000000800094F8

clint mtime 0x000000000000054A (mip.MTI <- 0b1, mip.STI <- 0b0)
mem[X,0x0000000080001610] -> 0x3403
mem[X,0x0000000080001612] -> 0x2401
[2708] [M]: 0x0000000080001610 (0x24013403) ld x8, 0x240(x2)                        Mtrap_sig_sv+28
mem[R,0x0000000080004240] -> 0x0000000080001380
x8 <- 0x0000000080001380

mem[X,0x0000000080001614] -> 0x85B3
mem[X,0x0000000080001616] -> 0x4085
[2709] [M]: 0x0000000080001614 (0x408585B3) sub x11, x11, x8                        sv_Mvect+0
x11 <- 0x000000000000010C

clint mtime 0x000000000000054B (mip.MTI <- 0b1, mip.STI <- 0b0)
mem[X,0x0000000080001618] -> 0x9593
mem[X,0x000000008000161A] -> 0x0045
[2710] [M]: 0x0000000080001618 (0x00459593) slli x11, x11, 0x4                      sv_Mvect+4
x11 <- 0x00000000000010C0

mem[X,0x000000008000161C] -> 0xE5B3
mem[X,0x000000008000161E] -> 0x0075
[2711] [M]: 0x000000008000161C (0x0075E5B3) or x11, x11, x7                         sv_Mvect+8
x11 <- 0x00000000000010E0

clint mtime 0x000000000000054C (mip.MTI <- 0b1, mip.STI <- 0b0)
mem[X,0x0000000080001620] -> 0x8593
mem[X,0x0000000080001622] -> 0x0035
[2712] [M]: 0x0000000080001620 (0x00358593) addi x11, x11, 0x3                      sv_Mvect+12
x11 <- 0x00000000000010E3

mem[X,0x0000000080001624] -> 0x3023
mem[X,0x0000000080001626] -> 0x00B3
[2713] [M]: 0x0000000080001624 (0x00B33023) sd x11, 0x0(x6)                         sv_Mvect+16
mem[W,0x00000000800094F8] <- 0x00000000000010E3

clint mtime 0x000000000000054D (mip.MTI <- 0b1, mip.STI <- 0b0)
mem[X,0x0000000080001628] -> 0x3423
mem[X,0x000000008000162A] -> 0x00A3
[2714] [M]: 0x0000000080001628 (0x00A33423) sd x10, 0x8(x6)                         sv_Mcause+0
mem[W,0x0000000080009500] <- 0x000000000000000C

mem[X,0x000000008000162C] -> 0x4663
mem[X,0x000000008000162E] -> 0x1A05
[2715] [M]: 0x000000008000162C (0x1A054663) blt x10, x0, 0x1ac                      sv_Mcause+4

clint mtime 0x000000000000054E (mip.MTI <- 0b1, mip.STI <- 0b0)
mem[X,0x0000000080001630] -> 0x25F3
mem[X,0x0000000080001632] -> 0x3000
[2716] [M]: 0x0000000080001630 (0x300025F3) csrrs x11, mstatus, x0                  common_Mexcpt_handler+0
CSR mstatus (0x300) -> 0x0000000A00000000
x11 <- 0x0000000A00000000

mem[X,0x0000000080001634] -> 0x9413
mem[X,0x0000000080001636] -> 0x02E5
[2717] [M]: 0x0000000080001634 (0x02E59413) slli x8, x11, 0x2e                      common_Mexcpt_handler+4
x8 <- 0x0000000000000000

clint mtime 0x000000000000054F (mip.MTI <- 0b1, mip.STI <- 0b0)
mem[X,0x0000000080001638] -> 0x5463
mem[X,0x000000008000163A] -> 0x0004
[2718] [M]: 0x0000000080001638 (0x00045463) bge x8, x0, 0x8                         common_Mexcpt_handler+8

mem[X,0x0000000080001640] -> 0xD493
mem[X,0x0000000080001642] -> 0x00B5
[2719] [M]: 0x0000000080001640 (0x00B5D493) srli x9, x11, 0xb                       common_Mexcpt_handler+16
x9 <- 0x0000000001400000

clint mtime 0x0000000000000550 (mip.MTI <- 0b1, mip.STI <- 0b0)
mem[X,0x0000000080001644] -> 0xF493
mem[X,0x0000000080001646] -> 0x0034
[2720] [M]: 0x0000000080001644 (0x0034F493) andi x9, x9, 0x3                        common_Mexcpt_handler+20
x9 <- 0x0000000000000000

mem[X,0x0000000080001648] -> 0x8493
mem[X,0x000000008000164A] -> 0x0014
[2721] [M]: 0x0000000080001648 (0x00148493) addi x9, x9, 0x1                        common_Mexcpt_handler+24
x9 <- 0x0000000000000001

clint mtime 0x0000000000000551 (mip.MTI <- 0b1, mip.STI <- 0b0)
mem[X,0x000000008000164C] -> 0xF493
mem[X,0x000000008000164E] -> 0x0044
[2722] [M]: 0x000000008000164C (0x0044F493) andi x9, x9, 0x4                        common_Mexcpt_handler+28
x9 <- 0x0000000000000000

mem[X,0x0000000080001650] -> 0x0593
mem[X,0x0000000080001652] -> 0x05D0
[2723] [M]: 0x0000000080001650 (0x05D00593) addi x11, x0, 0x5d                      common_Mexcpt_handler+32
x11 <- 0x000000000000005D

clint mtime 0x0000000000000552 (mip.MTI <- 0b1, mip.STI <- 0b0)
mem[X,0x0000000080001654] -> 0xD5B3
mem[X,0x0000000080001656] -> 0x0095
[2724] [M]: 0x0000000080001654 (0x0095D5B3) srl x11, x11, x9                        common_Mexcpt_handler+36
x11 <- 0x000000000000005D

mem[X,0x0000000080001658] -> 0xF593
mem[X,0x000000008000165A] -> 0x0015
[2725] [M]: 0x0000000080001658 (0x0015F593) andi x11, x11, 0x1                      common_Mexcpt_handler+40
x11 <- 0x0000000000000001

clint mtime 0x0000000000000553 (mip.MTI <- 0b1, mip.STI <- 0b0)
mem[X,0x000000008000165C] -> 0x8EE3
mem[X,0x000000008000165E] -> 0xF405
[2726] [M]: 0x000000008000165C (0xF4058EE3) beq x11, x0, -0xa4                      common_Mexcpt_handler+44

mem[X,0x0000000080001660] -> 0x0593
mem[X,0x0000000080001662] -> 0x2980
[2727] [M]: 0x0000000080001660 (0x29800593) addi x11, x0, 0x298                     common_Mexcpt_handler+48
x11 <- 0x0000000000000298

clint mtime 0x0000000000000554 (mip.MTI <- 0b1, mip.STI <- 0b0)
mem[X,0x0000000080001664] -> 0xF413
mem[X,0x0000000080001666] -> 0x0014
[2728] [M]: 0x0000000080001664 (0x0014F413) andi x8, x9, 0x1                        common_Mexcpt_handler+52
x8 <- 0x0000000000000000

mem[X,0x0000000080001668] -> 0x95B3
mem[X,0x000000008000166A] -> 0x0085
[2729] [M]: 0x0000000080001668 (0x008595B3) sll x11, x11, x8                        common_Mexcpt_handler+56
x11 <- 0x0000000000000298

clint mtime 0x0000000000000555 (mip.MTI <- 0b1, mip.STI <- 0b0)
mem[X,0x000000008000166C] -> 0x9413
mem[X,0x000000008000166E] -> 0x03D4
[2730] [M]: 0x000000008000166C (0x03D49413) slli x8, x9, 0x3d                       common_Mexcpt_handler+60
x8 <- 0x0000000000000000

mem[X,0x0000000080001670] -> 0x5413
mem[X,0x0000000080001672] -> 0x43F4
[2731] [M]: 0x0000000080001670 (0x43F45413) srai x8, x8, 0x3f                       common_Mexcpt_handler+64
x8 <- 0x0000000000000000

clint mtime 0x0000000000000556 (mip.MTI <- 0b1, mip.STI <- 0b0)
mem[X,0x0000000080001674] -> 0x4413
mem[X,0x0000000080001676] -> 0xFFF4
[2732] [M]: 0x0000000080001674 (0xFFF44413) xori x8, x8, -0x1                       common_Mexcpt_handler+68
x8 <- 0xFFFFFFFFFFFFFFFF

mem[X,0x0000000080001678] -> 0xF4B3
mem[X,0x000000008000167A] -> 0x0085
[2733] [M]: 0x0000000080001678 (0x0085F4B3) and x9, x11, x8                         common_Mexcpt_handler+72
x9 <- 0x0000000000000298

clint mtime 0x0000000000000557 (mip.MTI <- 0b1, mip.STI <- 0b0)
mem[X,0x000000008000167C] -> 0x84B3
mem[X,0x000000008000167E] -> 0x0024
[2734] [M]: 0x000000008000167C (0x002484B3) add x9, x9, x2                          vmem_adj_Mepc+0
x9 <- 0x0000000080004298

mem[X,0x0000000080001680] -> 0x23F3
mem[X,0x0000000080001682] -> 0x3410
[2735] [M]: 0x0000000080001680 (0x341023F3) csrrs x7, mepc, x0                      vmem_adj_Mepc+4
CSR mepc (0x341) -> 0x0000028000000400
x7 <- 0x0000028000000400

clint mtime 0x0000000000000558 (mip.MTI <- 0b1, mip.STI <- 0b0)
mem[X,0x0000000080001684] -> 0x0413
mem[X,0x0000000080001686] -> 0x0004
[2736] [M]: 0x0000000080001684 (0x00040413) addi x8, x8, 0x0                        vmem_adj_Mepc+8
x8 <- 0xFFFFFFFFFFFFFFFF

mem[X,0x0000000080001688] -> 0x006F
mem[X,0x000000008000168A] -> 0x0400
[2737] [M]: 0x0000000080001688 (0x0400006F) jal x0, 0x40                            vmem_adj_Mepc+12

clint mtime 0x0000000000000559 (mip.MTI <- 0b1, mip.STI <- 0b0)
mem[X,0x00000000800016C8] -> 0x8433
mem[X,0x00000000800016CA] -> 0x4083
[2738] [M]: 0x00000000800016C8 (0x40838433) sub x8, x7, x8                          adj_Mepc+0
x8 <- 0x0000028000000401

mem[X,0x00000000800016CC] -> 0x3823
mem[X,0x00000000800016CE] -> 0x0083
[2739] [M]: 0x00000000800016CC (0x00833823) sd x8, 0x10(x6)                         sv_Mepc+0
mem[W,0x0000000080009508] <- 0x0000028000000401

clint mtime 0x000000000000055A (mip.MTI <- 0b1, mip.STI <- 0b0)
mem[X,0x00000000800016D0] -> 0x55B7
mem[X,0x00000000800016D2] -> 0x0000
[2740] [M]: 0x00000000800016D0 (0x000055B7) lui x11, 0x5                            sv_Mepc+4
x11 <- 0x0000000000005000

mem[X,0x00000000800016D4] -> 0x8593
mem[X,0x00000000800016D6] -> 0x6675
[2741] [M]: 0x00000000800016D4 (0x66758593) addi x11, x11, 0x667                    sv_Mepc+8
x11 <- 0x0000000000005667

clint mtime 0x000000000000055B (mip.MTI <- 0b1, mip.STI <- 0b0)
mem[X,0x00000000800016D8] -> 0x9593
mem[X,0x00000000800016DA] -> 0x0015
[2742] [M]: 0x00000000800016D8 (0x00159593) slli x11, x11, 0x1                      sv_Mepc+12
x11 <- 0x000000000000ACCE

mem[X,0x00000000800016DC] -> 0x9063
mem[X,0x00000000800016DE] -> 0x02B1
[2743] [M]: 0x00000000800016DC (0x02B19063) bne x3, x11, 0x20                       sv_Mepc+16

clint mtime 0x000000000000055C (mip.MTI <- 0b1, mip.STI <- 0b0)
mem[X,0x00000000800016E0] -> 0x2473
mem[X,0x00000000800016E2] -> 0x3420
[2744] [M]: 0x00000000800016E0 (0x34202473) csrrs x8, mcause, x0                    sv_Mepc+20
CSR mcause (0x342) -> 0x000000000000000C
x8 <- 0x000000000000000C

mem[X,0x00000000800016E4] -> 0x0593
mem[X,0x00000000800016E6] -> 0x00C0
[2745] [M]: 0x00000000800016E4 (0x00C00593) addi x11, x0, 0xc                       sv_Mepc+24
x11 <- 0x000000000000000C

clint mtime 0x000000000000055D (mip.MTI <- 0b1, mip.STI <- 0b0)
mem[X,0x00000000800016E8] -> 0x0663
mem[X,0x00000000800016EA] -> 0x00B4
[2746] [M]: 0x00000000800016E8 (0x00B40663) beq x8, x11, 0xc                        sv_Mepc+28

mem[X,0x00000000800016F4] -> 0x1073
mem[X,0x00000000800016F6] -> 0x3412
[2747] [M]: 0x00000000800016F4 (0x34121073) csrrw x0, mepc, x4                      sv_Mepc+40
CSR mepc (0x341) <- 0x000003008000126C

clint mtime 0x000000000000055E (mip.MTI <- 0b1, mip.STI <- 0b0)
mem[X,0x00000000800016F8] -> 0x006F
mem[X,0x00000000800016FA] -> 0x0100
[2748] [M]: 0x00000000800016F8 (0x0100006F) jal x0, 0x10                            sv_Mepc+44

mem[X,0x0000000080001708] -> 0x23F3
mem[X,0x000000008000170A] -> 0x3430
[2749] [M]: 0x0000000080001708 (0x343023F3) csrrs x7, mtval, x0                     skp_adj_Mepc+0
CSR mtval (0x343) -> 0x0000028000000400
x7 <- 0x0000028000000400

clint mtime 0x000000000000055F (mip.MTI <- 0b1, mip.STI <- 0b0)
mem[X,0x000000008000170C] -> 0x0413
mem[X,0x000000008000170E] -> 0x0004
[2750] [M]: 0x000000008000170C (0x00040413) addi x8, x8, 0x0                        skp_adj_Mepc+4
x8 <- 0x000000000000000C

mem[X,0x0000000080001710] -> 0x006F
mem[X,0x0000000080001712] -> 0x0840
[2751] [M]: 0x0000000080001710 (0x0840006F) jal x0, 0x84                            skp_adj_Mepc+8

clint mtime 0x0000000000000560 (mip.MTI <- 0b1, mip.STI <- 0b0)
mem[X,0x0000000080001794] -> 0x8433
mem[X,0x0000000080001796] -> 0x4083
[2752] [M]: 0x0000000080001794 (0x40838433) sub x8, x7, x8                          adj_Mtval+0
x8 <- 0x00000280000003F4

mem[X,0x0000000080001798] -> 0x3C23
mem[X,0x000000008000179A] -> 0x0083
[2753] [M]: 0x0000000080001798 (0x00833C23) sd x8, 0x18(x6)                         sv_Mtval+0
mem[W,0x0000000080009510] <- 0x00000280000003F4

clint mtime 0x0000000000000561 (mip.MTI <- 0b1, mip.STI <- 0b0)
mem[X,0x000000008000179C] -> 0x3483
mem[X,0x000000008000179E] -> 0x2181
[2754] [M]: 0x000000008000179C (0x21813483) ld x9, 0x218(x2)                        skp_Mtval+0
mem[R,0x0000000080004218] -> 0x0000000080009518
x9 <- 0x0000000080009518

mem[X,0x00000000800017A0] -> 0x3383
mem[X,0x00000000800017A2] -> 0x1F81
[2755] [M]: 0x00000000800017A0 (0x1F813383) ld x7, 0x1f8(x2)                        skp_Mtval+4
mem[R,0x00000000800041F8] -> 0x0000000080009110
x7 <- 0x0000000080009110

clint mtime 0x0000000000000562 (mip.MTI <- 0b1, mip.STI <- 0b0)
mem[X,0x00000000800017A4] -> 0x3303
mem[X,0x00000000800017A6] -> 0x2001
[2756] [M]: 0x00000000800017A4 (0x20013303) ld x6, 0x200(x2)                        skp_Mtval+8
mem[R,0x0000000080004200] -> 0x0000000000000410
x6 <- 0x0000000000000410

mem[X,0x00000000800017A8] -> 0x0333
mem[X,0x00000000800017AA] -> 0x0073
[2757] [M]: 0x00000000800017A8 (0x00730333) add x6, x6, x7                          skp_Mtval+12
x6 <- 0x0000000080009520

clint mtime 0x0000000000000563 (mip.MTI <- 0b1, mip.STI <- 0b0)
mem[X,0x00000000800017AC] -> 0x6AE3
mem[X,0x00000000800017AE] -> 0xAE93
[2758] [M]: 0x00000000800017AC (0xAE936AE3) bltu x6, x9, -0x50c                     skp_Mtval+16

mem[X,0x00000000800017B0] -> 0x0393
mem[X,0x00000000800017B2] -> 0x2000
[2759] [M]: 0x00000000800017B0 (0x20000393) addi x7, x0, 0x200                      skp_Mtval+20
x7 <- 0x0000000000000200

clint mtime 0x0000000000000564 (mip.MTI <- 0b1, mip.STI <- 0b0)
mem[X,0x00000000800017B4] -> 0x006F
mem[X,0x00000000800017B6] -> 0x0400
[2760] [M]: 0x00000000800017B4 (0x0400006F) jal x0, 0x40                            skp_Mtval+24

mem[X,0x00000000800017F4] -> 0x0417
mem[X,0x00000000800017F6] -> 0x0000
[2761] [M]: 0x00000000800017F4 (0x00000417) auipc x8, 0x0                           spcl_Mhandler+0
x8 <- 0x00000000800017F4

clint mtime 0x0000000000000565 (mip.MTI <- 0b1, mip.STI <- 0b0)
mem[X,0x00000000800017F8] -> 0x0413
mem[X,0x00000000800017FA] -> 0x03C4
[2762] [M]: 0x00000000800017F8 (0x03C40413) addi x8, x8, 0x3c                       spcl_Mhandler+4
x8 <- 0x0000000080001830

mem[X,0x00000000800017FC] -> 0x0433
mem[X,0x00000000800017FE] -> 0x0074
[2763] [M]: 0x00000000800017FC (0x00740433) add x8, x8, x7                          spcl_Mhandler+8
x8 <- 0x0000000080001A30

clint mtime 0x0000000000000566 (mip.MTI <- 0b1, mip.STI <- 0b0)
mem[X,0x0000000080001800] -> 0x1393
mem[X,0x0000000080001802] -> 0x0035
[2764] [M]: 0x0000000080001800 (0x00351393) slli x7, x10, 0x3                       spcl_Mhandler+12
x7 <- 0x0000000000000060

mem[X,0x0000000080001804] -> 0x0433
mem[X,0x0000000080001806] -> 0x0074
[2765] [M]: 0x0000000080001804 (0x00740433) add x8, x8, x7                          spcl_Mhandler+16
x8 <- 0x0000000080001A90

clint mtime 0x0000000000000567 (mip.MTI <- 0b1, mip.STI <- 0b0)
mem[X,0x0000000080001808] -> 0x7413
mem[X,0x000000008000180A] -> 0xFF84
[2766] [M]: 0x0000000080001808 (0xFF847413) andi x8, x8, -0x8                       spcl_Mhandler+20
x8 <- 0x0000000080001A90

mem[X,0x000000008000180C] -> 0x3403
mem[X,0x000000008000180E] -> 0x0004
[2767] [M]: 0x000000008000180C (0x00043403) ld x8, 0x0(x8)                          spcl_Mhandler+24
mem[R,0x0000000080001A90] -> 0x0000000000000019
x8 <- 0x0000000000000019

clint mtime 0x0000000000000568 (mip.MTI <- 0b1, mip.STI <- 0b0)
mem[X,0x0000000080001810] -> 0x02E3
mem[X,0x0000000080001812] -> 0xB204
[2768] [M]: 0x0000000080001810 (0xB20402E3) beq x8, x0, -0x4dc                      spcl_Mdispatch_hndling+0

mem[X,0x0000000080001814] -> 0x1393
mem[X,0x0000000080001816] -> 0x03F4
[2769] [M]: 0x0000000080001814 (0x03F41393) slli x7, x8, 0x3f                       spcl_Mdispatch_hndling+4
x7 <- 0x8000000000000000

clint mtime 0x0000000000000569 (mip.MTI <- 0b1, mip.STI <- 0b0)
mem[X,0x0000000080001818] -> 0xD863
mem[X,0x000000008000181A] -> 0x0003
[2770] [M]: 0x0000000080001818 (0x0003D863) bge x7, x0, 0x10                        spcl_Mdispatch_hndling+8

mem[X,0x000000008000181C] -> 0x5413
mem[X,0x000000008000181E] -> 0x0014
[2771] [M]: 0x000000008000181C (0x00145413) srli x8, x8, 0x1                        spcl_Mdispatch_hndling+12
x8 <- 0x000000000000000C

clint mtime 0x000000000000056A (mip.MTI <- 0b1, mip.STI <- 0b0)
mem[X,0x0000000080001820] -> 0x0CE3
mem[X,0x0000000080001822] -> 0xF885
[2772] [M]: 0x0000000080001820 (0xF8850CE3) beq x10, x8, -0x68                      spcl_Mdispatch_hndling+16

mem[X,0x00000000800017B8] -> 0x3303
mem[X,0x00000000800017BA] -> 0x2601
[2773] [M]: 0x00000000800017B8 (0x26013303) ld x6, 0x260(x2)                        resto_Mrtn+0
mem[R,0x0000000080004260] -> 0xFFFFFFFF7FFFF04C
x6 <- 0xFFFFFFFF7FFFF04C

clint mtime 0x000000000000056B (mip.MTI <- 0b1, mip.STI <- 0b0)
mem[X,0x00000000800017BC] -> 0x3383
mem[X,0x00000000800017BE] -> 0x2681
[2774] [M]: 0x00000000800017BC (0x26813383) ld x7, 0x268(x2)                        resto_Mrtn+4
mem[R,0x0000000080004268] -> 0x0000000080004000
x7 <- 0x0000000080004000

mem[X,0x00000000800017C0] -> 0x3403
mem[X,0x00000000800017C2] -> 0x2701
[2775] [M]: 0x00000000800017C0 (0x27013403) ld x8, 0x270(x2)                        resto_Mrtn+8
mem[R,0x0000000080004270] -> 0x0000000000007F76
x8 <- 0x0000000000007F76

clint mtime 0x000000000000056C (mip.MTI <- 0b1, mip.STI <- 0b0)
mem[X,0x00000000800017C4] -> 0x3483
mem[X,0x00000000800017C6] -> 0x2781
[2776] [M]: 0x00000000800017C4 (0x27813483) ld x9, 0x278(x2)                        resto_Mrtn+12
mem[R,0x0000000080004278] -> 0x000003000000023C
x9 <- 0x000003000000023C

mem[X,0x00000000800017C8] -> 0x3503
mem[X,0x00000000800017CA] -> 0x2801
[2777] [M]: 0x00000000800017C8 (0x28013503) ld x10, 0x280(x2)                       resto_Mrtn+16
mem[R,0x0000000080004280] -> 0x00000000200000DE
x10 <- 0x00000000200000DE

clint mtime 0x000000000000056D (mip.MTI <- 0b1, mip.STI <- 0b0)
mem[X,0x00000000800017CC] -> 0x3583
mem[X,0x00000000800017CE] -> 0x2881
[2778] [M]: 0x00000000800017CC (0x28813583) ld x11, 0x288(x2)                       resto_Mrtn+20
mem[R,0x0000000080004288] -> 0x00000000000000DE
x11 <- 0x00000000000000DE

mem[X,0x00000000800017D0] -> 0x3103
mem[X,0x00000000800017D2] -> 0x2901
[2779] [M]: 0x00000000800017D0 (0x29013103) ld x2, 0x290(x2)                        resto_Mrtn+24
mem[R,0x0000000080004290] -> 0x0000000000000000
x2 <- 0x0000000000000000

clint mtime 0x000000000000056E (mip.MTI <- 0b1, mip.STI <- 0b0)
mem[X,0x00000000800017D4] -> 0x0073
mem[X,0x00000000800017D6] -> 0x3020
[2780] [M]: 0x00000000800017D4 (0x30200073) mret                                    resto_Mrtn+28
CSR mstatus (0x300) <- 0x0000000A00000080
ret-ing from M to U

PTW: Start, vpn=0x30080001, access_type=X, privilege=Umem[R,0x0000000080008030] -> 0x00000000000000DB
PTW: Step, level=3, pte=0xDB, pte_addr=0x80008030
PTW: Success, final_ppn=0x80001, level=3mem[X,0x000000008000126C] -> 0x0013
PTW: Start, vpn=0x30080001, access_type=X, privilege=Umem[R,0x0000000080008030] -> 0x00000000000000DB
PTW: Step, level=3, pte=0xDB, pte_addr=0x80008030
PTW: Success, final_ppn=0x80001, level=3mem[X,0x000000008000126E] -> 0x0000
[2781] [U]: 0x000003008000126C (0x00000013) addi x0, x0, 0x0                        va_rvtest_code_begin+2736

clint mtime 0x000000000000056F (mip.MTI <- 0b1, mip.STI <- 0b0)
PTW: Start, vpn=0x30080001, access_type=X, privilege=Umem[R,0x0000000080008030] -> 0x00000000000000DB
PTW: Step, level=3, pte=0xDB, pte_addr=0x80008030
PTW: Success, final_ppn=0x80001, level=3mem[X,0x0000000080001270] -> 0x0013
PTW: Start, vpn=0x30080001, access_type=X, privilege=Umem[R,0x0000000080008030] -> 0x00000000000000DB
PTW: Step, level=3, pte=0xDB, pte_addr=0x80008030
PTW: Success, final_ppn=0x80001, level=3mem[X,0x0000000080001272] -> 0x0000
[2782] [U]: 0x0000030080001270 (0x00000013) addi x0, x0, 0x0                        va_rvtest_code_begin+2740

PTW: Start, vpn=0x30080001, access_type=X, privilege=Umem[R,0x0000000080008030] -> 0x00000000000000DB
PTW: Step, level=3, pte=0xDB, pte_addr=0x80008030
PTW: Success, final_ppn=0x80001, level=3mem[X,0x0000000080001274] -> 0x0013
PTW: Start, vpn=0x30080001, access_type=X, privilege=Umem[R,0x0000000080008030] -> 0x00000000000000DB
PTW: Step, level=3, pte=0xDB, pte_addr=0x80008030
PTW: Success, final_ppn=0x80001, level=3mem[X,0x0000000080001276] -> 0x0000
[2783] [U]: 0x0000030080001274 (0x00000013) addi x0, x0, 0x0                        va_rvtest_code_begin+2744

clint mtime 0x0000000000000570 (mip.MTI <- 0b1, mip.STI <- 0b0)
PTW: Start, vpn=0x30080001, access_type=X, privilege=Umem[R,0x0000000080008030] -> 0x00000000000000DB
PTW: Step, level=3, pte=0xDB, pte_addr=0x80008030
PTW: Success, final_ppn=0x80001, level=3mem[X,0x0000000080001278] -> 0x0113
PTW: Start, vpn=0x30080001, access_type=X, privilege=Umem[R,0x0000000080008030] -> 0x00000000000000DB
PTW: Step, level=3, pte=0xDB, pte_addr=0x80008030
PTW: Success, final_ppn=0x80001, level=3mem[X,0x000000008000127A] -> 0x0000
[2784] [U]: 0x0000030080001278 (0x00000113) addi x2, x0, 0x0                        va_rvtest_code_begin+2748
x2 <- 0x0000000000000000

PTW: Start, vpn=0x30080001, access_type=X, privilege=Umem[R,0x0000000080008030] -> 0x00000000000000DB
PTW: Step, level=3, pte=0xDB, pte_addr=0x80008030
PTW: Success, final_ppn=0x80001, level=3mem[X,0x000000008000127C] -> 0x0073
PTW: Start, vpn=0x30080001, access_type=X, privilege=Umem[R,0x0000000080008030] -> 0x00000000000000DB
PTW: Step, level=3, pte=0xDB, pte_addr=0x80008030
PTW: Success, final_ppn=0x80001, level=3mem[X,0x000000008000127E] -> 0x0000
[2785] [U]: 0x000003008000127C (0x00000073) ecall                                   va_rvtest_code_begin+2752
trapping from U to M to handle u-call
handling exc#u-call at priv M with tval 0x0000000000000000
CSR mstatus (0x300) <- 0x0000000A00000000
CSR mcause (0x342) <- 0x0000000000000008
CSR mtval (0x343) <- 0x0000000000000000
CSR mepc (0x341) <- 0x000003008000127C

clint mtime 0x0000000000000571 (mip.MTI <- 0b1, mip.STI <- 0b0)
mem[X,0x0000000080001380] -> 0x006F
mem[X,0x0000000080001382] -> 0x1000
[2786] [M]: 0x0000000080001380 (0x1000006F) jal x0, 0x100                           Mtrampoline+0

mem[X,0x0000000080001480] -> 0x1173
mem[X,0x0000000080001482] -> 0x3401
[2787] [M]: 0x0000000080001480 (0x34011173) csrrw x2, mscratch, x2                  trap_Mhandler+0
CSR mscratch (0x340) <- 0x0000000000000000
x2 <- 0x0000000080004000

clint mtime 0x0000000000000572 (mip.MTI <- 0b1, mip.STI <- 0b0)
mem[X,0x0000000080001484] -> 0x3423
mem[X,0x0000000080001486] -> 0x28B1
[2788] [M]: 0x0000000080001484 (0x28B13423) sd x11, 0x288(x2)                       trap_Mhandler+4
mem[W,0x0000000080004288] <- 0x00000000000000DE

mem[X,0x0000000080001488] -> 0x05EF
mem[X,0x000000008000148A] -> 0x0B80
[2789] [M]: 0x0000000080001488 (0x0B8005EF) jal x11, 0xb8                           trap_Mhandler+8
x11 <- 0x000000008000148C

clint mtime 0x0000000000000573 (mip.MTI <- 0b1, mip.STI <- 0b0)
mem[X,0x0000000080001540] -> 0x3023
mem[X,0x0000000080001542] -> 0x28A1
[2790] [M]: 0x0000000080001540 (0x28A13023) sd x10, 0x280(x2)                       common_Mhandler+0
mem[W,0x0000000080004280] <- 0x00000000200000DE

mem[X,0x0000000080001544] -> 0x1573
mem[X,0x0000000080001546] -> 0x3401
[2791] [M]: 0x0000000080001544 (0x34011573) csrrw x10, mscratch, x2                 common_Mhandler+4
CSR mscratch (0x340) <- 0x0000000080004000
x10 <- 0x0000000000000000

clint mtime 0x0000000000000574 (mip.MTI <- 0b1, mip.STI <- 0b0)
mem[X,0x0000000080001548] -> 0x3823
mem[X,0x000000008000154A] -> 0x28A1
[2792] [M]: 0x0000000080001548 (0x28A13823) sd x10, 0x290(x2)                       common_Mhandler+8
mem[W,0x0000000080004290] <- 0x0000000000000000

mem[X,0x000000008000154C] -> 0x3503
mem[X,0x000000008000154E] -> 0x2301
[2793] [M]: 0x000000008000154C (0x23013503) ld x10, 0x230(x2)                       common_Mhandler+12
mem[R,0x0000000080004230] -> 0x0000000080001554
x10 <- 0x0000000080001554

clint mtime 0x0000000000000575 (mip.MTI <- 0b1, mip.STI <- 0b0)
mem[X,0x0000000080001550] -> 0x0067
mem[X,0x0000000080001552] -> 0x0005
[2794] [M]: 0x0000000080001550 (0x00050067) jalr x0, 0x0(x10)                       common_Mhandler+16

mem[X,0x0000000080001554] -> 0x3C23
mem[X,0x0000000080001556] -> 0x2691
[2795] [M]: 0x0000000080001554 (0x26913C23) sd x9, 0x278(x2)                        common_Mentry+0
mem[W,0x0000000080004278] <- 0x000003000000023C

clint mtime 0x0000000000000576 (mip.MTI <- 0b1, mip.STI <- 0b0)
mem[X,0x0000000080001558] -> 0x3823
mem[X,0x000000008000155A] -> 0x2681
[2796] [M]: 0x0000000080001558 (0x26813823) sd x8, 0x270(x2)                        common_Mentry+4
mem[W,0x0000000080004270] <- 0x0000000000007F76

mem[X,0x000000008000155C] -> 0x3423
mem[X,0x000000008000155E] -> 0x2671
[2797] [M]: 0x000000008000155C (0x26713423) sd x7, 0x268(x2)                        common_Mentry+8
mem[W,0x0000000080004268] <- 0x0000000080004000

clint mtime 0x0000000000000577 (mip.MTI <- 0b1, mip.STI <- 0b0)
mem[X,0x0000000080001560] -> 0x3023
mem[X,0x0000000080001562] -> 0x2661
[2798] [M]: 0x0000000080001560 (0x26613023) sd x6, 0x260(x2)                        common_Mentry+12
mem[W,0x0000000080004260] <- 0xFFFFFFFF7FFFF04C

mem[X,0x0000000080001564] -> 0x2573
mem[X,0x0000000080001566] -> 0x3420
[2799] [M]: 0x0000000080001564 (0x34202573) csrrs x10, mcause, x0                   spcl_M2mmode_test+0
CSR mcause (0x342) -> 0x0000000000000008
x10 <- 0x0000000000000008

clint mtime 0x0000000000000578 (mip.MTI <- 0b1, mip.STI <- 0b0)
mem[X,0x0000000080001568] -> 0x04B7
mem[X,0x000000008000156A] -> 0x8000
[2800] [M]: 0x0000000080001568 (0x800004B7) lui x9, -0x80000                        spcl_M2mmode_test+4
x9 <- 0xFFFFFFFF80000000

mem[X,0x000000008000156C] -> 0x8493
mem[X,0x000000008000156E] -> 0x0004
[2801] [M]: 0x000000008000156C (0x00048493) addi x9, x9, 0x0                        spcl_M2mmode_test+8
x9 <- 0xFFFFFFFF80000000

clint mtime 0x0000000000000579 (mip.MTI <- 0b1, mip.STI <- 0b0)
mem[X,0x0000000080001570] -> 0x9493
mem[X,0x0000000080001572] -> 0x00B4
[2802] [M]: 0x0000000080001570 (0x00B49493) slli x9, x9, 0xb                        spcl_M2mmode_test+12
x9 <- 0xFFFFFC0000000000

mem[X,0x0000000080001574] -> 0x8493
mem[X,0x0000000080001576] -> 0x0004
[2803] [M]: 0x0000000080001574 (0x00048493) addi x9, x9, 0x0                        spcl_M2mmode_test+16
x9 <- 0xFFFFFC0000000000

clint mtime 0x000000000000057A (mip.MTI <- 0b1, mip.STI <- 0b0)
mem[X,0x0000000080001578] -> 0x9493
mem[X,0x000000008000157A] -> 0x00B4
[2804] [M]: 0x0000000080001578 (0x00B49493) slli x9, x9, 0xb                        spcl_M2mmode_test+20
x9 <- 0xFFE0000000000000

mem[X,0x000000008000157C] -> 0x8493
mem[X,0x000000008000157E] -> 0x0034
[2805] [M]: 0x000000008000157C (0x00348493) addi x9, x9, 0x3                        spcl_M2mmode_test+24
x9 <- 0xFFE0000000000003

clint mtime 0x000000000000057B (mip.MTI <- 0b1, mip.STI <- 0b0)
mem[X,0x0000000080001580] -> 0x9493
mem[X,0x0000000080001582] -> 0x00A4
[2806] [M]: 0x0000000080001580 (0x00A49493) slli x9, x9, 0xa                        spcl_M2mmode_test+28
x9 <- 0x8000000000000C00

mem[X,0x0000000080001584] -> 0x8493
mem[X,0x0000000080001586] -> 0x3FC4
[2807] [M]: 0x0000000080001584 (0x3FC48493) addi x9, x9, 0x3fc                      spcl_M2mmode_test+32
x9 <- 0x8000000000000FFC

clint mtime 0x000000000000057C (mip.MTI <- 0b1, mip.STI <- 0b0)
mem[X,0x0000000080001588] -> 0xF4B3
mem[X,0x000000008000158A] -> 0x00A4
[2808] [M]: 0x0000000080001588 (0x00A4F4B3) and x9, x9, x10                         spcl_M2mmode_test+36
x9 <- 0x0000000000000008

mem[X,0x000000008000158C] -> 0x8493
mem[X,0x000000008000158E] -> 0xFF84
[2809] [M]: 0x000000008000158C (0xFF848493) addi x9, x9, -0x8                       spcl_M2mmode_test+40
x9 <- 0x0000000000000000

clint mtime 0x000000000000057D (mip.MTI <- 0b1, mip.STI <- 0b0)
mem[X,0x0000000080001590] -> 0x9663
mem[X,0x0000000080001592] -> 0x0004
[2810] [M]: 0x0000000080001590 (0x00049663) bne x9, x0, 0xc                         spcl_M2mmode_test+44

mem[X,0x0000000080001594] -> 0x3383
mem[X,0x0000000080001596] -> 0x2901
[2811] [M]: 0x0000000080001594 (0x29013383) ld x7, 0x290(x2)                        spcl_M2mmode_test+48
mem[R,0x0000000080004290] -> 0x0000000000000000
x7 <- 0x0000000000000000

clint mtime 0x000000000000057E (mip.MTI <- 0b1, mip.STI <- 0b0)
mem[X,0x0000000080001598] -> 0x8663
mem[X,0x000000008000159A] -> 0x6E03
[2812] [M]: 0x0000000080001598 (0x6E038663) beq x7, x0, 0x6ec                       spcl_M2mmode_test+52

mem[X,0x0000000080001C84] -> 0x0493
mem[X,0x0000000080001C86] -> 0xFF55
[2813] [M]: 0x0000000080001C84 (0xFF550493) addi x9, x10, -0xb                      rtn2mmode+0
x9 <- 0xFFFFFFFFFFFFFFFD

clint mtime 0x000000000000057F (mip.MTI <- 0b1, mip.STI <- 0b0)
mem[X,0x0000000080001C88] -> 0x8C63
mem[X,0x0000000080001C8A] -> 0x0004
[2814] [M]: 0x0000000080001C88 (0x00048C63) beq x9, x0, 0x18                        rtn2mmode+4

mem[X,0x0000000080001C8C] -> 0x3583
mem[X,0x0000000080001C8E] -> 0x4701
[2815] [M]: 0x0000000080001C8C (0x47013583) ld x11, 0x470(x2)                       rtn2mmode+8
mem[R,0x0000000080004470] -> 0x00000300800007BC
x11 <- 0x00000300800007BC

clint mtime 0x0000000000000580 (mip.MTI <- 0b1, mip.STI <- 0b0)
mem[X,0x0000000080001C90] -> 0xD463
mem[X,0x0000000080001C92] -> 0x0003
[2816] [M]: 0x0000000080001C90 (0x0003D463) bge x7, x0, 0x8                         rtn2mmode+12

mem[X,0x0000000080001C98] -> 0x3483
mem[X,0x0000000080001C9A] -> 0x1D81
[2817] [M]: 0x0000000080001C98 (0x1D813483) ld x9, 0x1d8(x2)                        from_u_s+0
mem[R,0x00000000800041D8] -> 0x00000000800007D4
x9 <- 0x00000000800007D4

clint mtime 0x0000000000000581 (mip.MTI <- 0b1, mip.STI <- 0b0)
mem[X,0x0000000080001C9C] -> 0x84B3
mem[X,0x0000000080001C9E] -> 0x40B4
[2818] [M]: 0x0000000080001C9C (0x40B484B3) sub x9, x9, x11                         from_u_s+4
x9 <- 0xFFFFFD0000000018

mem[X,0x0000000080001CA0] -> 0x23F3
mem[X,0x0000000080001CA2] -> 0x3410
[2819] [M]: 0x0000000080001CA0 (0x341023F3) csrrs x7, mepc, x0                      rtn_fm_mmode+0
CSR mepc (0x341) -> 0x000003008000127C
x7 <- 0x000003008000127C

clint mtime 0x0000000000000582 (mip.MTI <- 0b1, mip.STI <- 0b0)
mem[X,0x0000000080001CA4] -> 0x83B3
mem[X,0x0000000080001CA6] -> 0x0093
[2820] [M]: 0x0000000080001CA4 (0x009383B3) add x7, x7, x9                          rtn_fm_mmode+4
x7 <- 0x0000000080001294

mem[X,0x0000000080001CA8] -> 0x3303
mem[X,0x0000000080001CAA] -> 0x2601
[2821] [M]: 0x0000000080001CA8 (0x26013303) ld x6, 0x260(x2)                        rtn_fm_mmode+8
mem[R,0x0000000080004260] -> 0xFFFFFFFF7FFFF04C
x6 <- 0xFFFFFFFF7FFFF04C

clint mtime 0x0000000000000583 (mip.MTI <- 0b1, mip.STI <- 0b0)
mem[X,0x0000000080001CAC] -> 0x3403
mem[X,0x0000000080001CAE] -> 0x2701
[2822] [M]: 0x0000000080001CAC (0x27013403) ld x8, 0x270(x2)                        rtn_fm_mmode+12
mem[R,0x0000000080004270] -> 0x0000000000007F76
x8 <- 0x0000000000007F76

mem[X,0x0000000080001CB0] -> 0x3483
mem[X,0x0000000080001CB2] -> 0x2781
[2823] [M]: 0x0000000080001CB0 (0x27813483) ld x9, 0x278(x2)                        rtn_fm_mmode+16
mem[R,0x0000000080004278] -> 0x000003000000023C
x9 <- 0x000003000000023C

clint mtime 0x0000000000000584 (mip.MTI <- 0b1, mip.STI <- 0b0)
mem[X,0x0000000080001CB4] -> 0x3503
mem[X,0x0000000080001CB6] -> 0x2801
[2824] [M]: 0x0000000080001CB4 (0x28013503) ld x10, 0x280(x2)                       rtn_fm_mmode+20
mem[R,0x0000000080004280] -> 0x00000000200000DE
x10 <- 0x00000000200000DE

mem[X,0x0000000080001CB8] -> 0x3583
mem[X,0x0000000080001CBA] -> 0x2881
[2825] [M]: 0x0000000080001CB8 (0x28813583) ld x11, 0x288(x2)                       rtn_fm_mmode+24
mem[R,0x0000000080004288] -> 0x00000000000000DE
x11 <- 0x00000000000000DE

clint mtime 0x0000000000000585 (mip.MTI <- 0b1, mip.STI <- 0b0)
mem[X,0x0000000080001CBC] -> 0x3103
mem[X,0x0000000080001CBE] -> 0x2901
[2826] [M]: 0x0000000080001CBC (0x29013103) ld x2, 0x290(x2)                        rtn_fm_mmode+28
mem[R,0x0000000080004290] -> 0x0000000000000000
x2 <- 0x0000000000000000

mem[X,0x0000000080001CC0] -> 0x8067
mem[X,0x0000000080001CC2] -> 0x0043
[2827] [M]: 0x0000000080001CC0 (0x00438067) jalr x0, 0x4(x7)                        rtn_fm_mmode+32

clint mtime 0x0000000000000586 (mip.MTI <- 0b1, mip.STI <- 0b0)
mem[X,0x0000000080001298] -> 0x0113
mem[X,0x000000008000129A] -> 0x0000
[2828] [M]: 0x0000000080001298 (0x00000113) addi x2, x0, 0x0                        rvtest_code_end+0
x2 <- 0x0000000000000000

mem[X,0x000000008000129C] -> 0x0073
mem[X,0x000000008000129E] -> 0x0000
[2829] [M]: 0x000000008000129C (0x00000073) ecall                                   rvtest_code_end+4
trapping from M to M to handle m-call
handling exc#m-call at priv M with tval 0x0000000000000000
CSR mstatus (0x300) <- 0x0000000A00001800
CSR mcause (0x342) <- 0x000000000000000B
CSR mtval (0x343) <- 0x0000000000000000
CSR mepc (0x341) <- 0x000000008000129C

clint mtime 0x0000000000000587 (mip.MTI <- 0b1, mip.STI <- 0b0)
mem[X,0x0000000080001380] -> 0x006F
mem[X,0x0000000080001382] -> 0x1000
[2830] [M]: 0x0000000080001380 (0x1000006F) jal x0, 0x100                           Mtrampoline+0

mem[X,0x0000000080001480] -> 0x1173
mem[X,0x0000000080001482] -> 0x3401
[2831] [M]: 0x0000000080001480 (0x34011173) csrrw x2, mscratch, x2                  trap_Mhandler+0
CSR mscratch (0x340) <- 0x0000000000000000
x2 <- 0x0000000080004000

clint mtime 0x0000000000000588 (mip.MTI <- 0b1, mip.STI <- 0b0)
mem[X,0x0000000080001484] -> 0x3423
mem[X,0x0000000080001486] -> 0x28B1
[2832] [M]: 0x0000000080001484 (0x28B13423) sd x11, 0x288(x2)                       trap_Mhandler+4
mem[W,0x0000000080004288] <- 0x00000000000000DE

mem[X,0x0000000080001488] -> 0x05EF
mem[X,0x000000008000148A] -> 0x0B80
[2833] [M]: 0x0000000080001488 (0x0B8005EF) jal x11, 0xb8                           trap_Mhandler+8
x11 <- 0x000000008000148C

clint mtime 0x0000000000000589 (mip.MTI <- 0b1, mip.STI <- 0b0)
mem[X,0x0000000080001540] -> 0x3023
mem[X,0x0000000080001542] -> 0x28A1
[2834] [M]: 0x0000000080001540 (0x28A13023) sd x10, 0x280(x2)                       common_Mhandler+0
mem[W,0x0000000080004280] <- 0x00000000200000DE

mem[X,0x0000000080001544] -> 0x1573
mem[X,0x0000000080001546] -> 0x3401
[2835] [M]: 0x0000000080001544 (0x34011573) csrrw x10, mscratch, x2                 common_Mhandler+4
CSR mscratch (0x340) <- 0x0000000080004000
x10 <- 0x0000000000000000

clint mtime 0x000000000000058A (mip.MTI <- 0b1, mip.STI <- 0b0)
mem[X,0x0000000080001548] -> 0x3823
mem[X,0x000000008000154A] -> 0x28A1
[2836] [M]: 0x0000000080001548 (0x28A13823) sd x10, 0x290(x2)                       common_Mhandler+8
mem[W,0x0000000080004290] <- 0x0000000000000000

mem[X,0x000000008000154C] -> 0x3503
mem[X,0x000000008000154E] -> 0x2301
[2837] [M]: 0x000000008000154C (0x23013503) ld x10, 0x230(x2)                       common_Mhandler+12
mem[R,0x0000000080004230] -> 0x0000000080001554
x10 <- 0x0000000080001554

clint mtime 0x000000000000058B (mip.MTI <- 0b1, mip.STI <- 0b0)
mem[X,0x0000000080001550] -> 0x0067
mem[X,0x0000000080001552] -> 0x0005
[2838] [M]: 0x0000000080001550 (0x00050067) jalr x0, 0x0(x10)                       common_Mhandler+16

mem[X,0x0000000080001554] -> 0x3C23
mem[X,0x0000000080001556] -> 0x2691
[2839] [M]: 0x0000000080001554 (0x26913C23) sd x9, 0x278(x2)                        common_Mentry+0
mem[W,0x0000000080004278] <- 0x000003000000023C

clint mtime 0x000000000000058C (mip.MTI <- 0b1, mip.STI <- 0b0)
mem[X,0x0000000080001558] -> 0x3823
mem[X,0x000000008000155A] -> 0x2681
[2840] [M]: 0x0000000080001558 (0x26813823) sd x8, 0x270(x2)                        common_Mentry+4
mem[W,0x0000000080004270] <- 0x0000000000007F76

mem[X,0x000000008000155C] -> 0x3423
mem[X,0x000000008000155E] -> 0x2671
[2841] [M]: 0x000000008000155C (0x26713423) sd x7, 0x268(x2)                        common_Mentry+8
mem[W,0x0000000080004268] <- 0x0000000080001294

clint mtime 0x000000000000058D (mip.MTI <- 0b1, mip.STI <- 0b0)
mem[X,0x0000000080001560] -> 0x3023
mem[X,0x0000000080001562] -> 0x2661
[2842] [M]: 0x0000000080001560 (0x26613023) sd x6, 0x260(x2)                        common_Mentry+12
mem[W,0x0000000080004260] <- 0xFFFFFFFF7FFFF04C

mem[X,0x0000000080001564] -> 0x2573
mem[X,0x0000000080001566] -> 0x3420
[2843] [M]: 0x0000000080001564 (0x34202573) csrrs x10, mcause, x0                   spcl_M2mmode_test+0
CSR mcause (0x342) -> 0x000000000000000B
x10 <- 0x000000000000000B

clint mtime 0x000000000000058E (mip.MTI <- 0b1, mip.STI <- 0b0)
mem[X,0x0000000080001568] -> 0x04B7
mem[X,0x000000008000156A] -> 0x8000
[2844] [M]: 0x0000000080001568 (0x800004B7) lui x9, -0x80000                        spcl_M2mmode_test+4
x9 <- 0xFFFFFFFF80000000

mem[X,0x000000008000156C] -> 0x8493
mem[X,0x000000008000156E] -> 0x0004
[2845] [M]: 0x000000008000156C (0x00048493) addi x9, x9, 0x0                        spcl_M2mmode_test+8
x9 <- 0xFFFFFFFF80000000

clint mtime 0x000000000000058F (mip.MTI <- 0b1, mip.STI <- 0b0)
mem[X,0x0000000080001570] -> 0x9493
mem[X,0x0000000080001572] -> 0x00B4
[2846] [M]: 0x0000000080001570 (0x00B49493) slli x9, x9, 0xb                        spcl_M2mmode_test+12
x9 <- 0xFFFFFC0000000000

mem[X,0x0000000080001574] -> 0x8493
mem[X,0x0000000080001576] -> 0x0004
[2847] [M]: 0x0000000080001574 (0x00048493) addi x9, x9, 0x0                        spcl_M2mmode_test+16
x9 <- 0xFFFFFC0000000000

clint mtime 0x0000000000000590 (mip.MTI <- 0b1, mip.STI <- 0b0)
mem[X,0x0000000080001578] -> 0x9493
mem[X,0x000000008000157A] -> 0x00B4
[2848] [M]: 0x0000000080001578 (0x00B49493) slli x9, x9, 0xb                        spcl_M2mmode_test+20
x9 <- 0xFFE0000000000000

mem[X,0x000000008000157C] -> 0x8493
mem[X,0x000000008000157E] -> 0x0034
[2849] [M]: 0x000000008000157C (0x00348493) addi x9, x9, 0x3                        spcl_M2mmode_test+24
x9 <- 0xFFE0000000000003

clint mtime 0x0000000000000591 (mip.MTI <- 0b1, mip.STI <- 0b0)
mem[X,0x0000000080001580] -> 0x9493
mem[X,0x0000000080001582] -> 0x00A4
[2850] [M]: 0x0000000080001580 (0x00A49493) slli x9, x9, 0xa                        spcl_M2mmode_test+28
x9 <- 0x8000000000000C00

mem[X,0x0000000080001584] -> 0x8493
mem[X,0x0000000080001586] -> 0x3FC4
[2851] [M]: 0x0000000080001584 (0x3FC48493) addi x9, x9, 0x3fc                      spcl_M2mmode_test+32
x9 <- 0x8000000000000FFC

clint mtime 0x0000000000000592 (mip.MTI <- 0b1, mip.STI <- 0b0)
mem[X,0x0000000080001588] -> 0xF4B3
mem[X,0x000000008000158A] -> 0x00A4
[2852] [M]: 0x0000000080001588 (0x00A4F4B3) and x9, x9, x10                         spcl_M2mmode_test+36
x9 <- 0x0000000000000008

mem[X,0x000000008000158C] -> 0x8493
mem[X,0x000000008000158E] -> 0xFF84
[2853] [M]: 0x000000008000158C (0xFF848493) addi x9, x9, -0x8                       spcl_M2mmode_test+40
x9 <- 0x0000000000000000

clint mtime 0x0000000000000593 (mip.MTI <- 0b1, mip.STI <- 0b0)
mem[X,0x0000000080001590] -> 0x9663
mem[X,0x0000000080001592] -> 0x0004
[2854] [M]: 0x0000000080001590 (0x00049663) bne x9, x0, 0xc                         spcl_M2mmode_test+44

mem[X,0x0000000080001594] -> 0x3383
mem[X,0x0000000080001596] -> 0x2901
[2855] [M]: 0x0000000080001594 (0x29013383) ld x7, 0x290(x2)                        spcl_M2mmode_test+48
mem[R,0x0000000080004290] -> 0x0000000000000000
x7 <- 0x0000000000000000

clint mtime 0x0000000000000594 (mip.MTI <- 0b1, mip.STI <- 0b0)
mem[X,0x0000000080001598] -> 0x8663
mem[X,0x000000008000159A] -> 0x6E03
[2856] [M]: 0x0000000080001598 (0x6E038663) beq x7, x0, 0x6ec                       spcl_M2mmode_test+52

mem[X,0x0000000080001C84] -> 0x0493
mem[X,0x0000000080001C86] -> 0xFF55
[2857] [M]: 0x0000000080001C84 (0xFF550493) addi x9, x10, -0xb                      rtn2mmode+0
x9 <- 0x0000000000000000

clint mtime 0x0000000000000595 (mip.MTI <- 0b1, mip.STI <- 0b0)
mem[X,0x0000000080001C88] -> 0x8C63
mem[X,0x0000000080001C8A] -> 0x0004
[2858] [M]: 0x0000000080001C88 (0x00048C63) beq x9, x0, 0x18                        rtn2mmode+4

mem[X,0x0000000080001CA0] -> 0x23F3
mem[X,0x0000000080001CA2] -> 0x3410
[2859] [M]: 0x0000000080001CA0 (0x341023F3) csrrs x7, mepc, x0                      rtn_fm_mmode+0
CSR mepc (0x341) -> 0x000000008000129C
x7 <- 0x000000008000129C

clint mtime 0x0000000000000596 (mip.MTI <- 0b1, mip.STI <- 0b0)
mem[X,0x0000000080001CA4] -> 0x83B3
mem[X,0x0000000080001CA6] -> 0x0093
[2860] [M]: 0x0000000080001CA4 (0x009383B3) add x7, x7, x9                          rtn_fm_mmode+4
x7 <- 0x000000008000129C

mem[X,0x0000000080001CA8] -> 0x3303
mem[X,0x0000000080001CAA] -> 0x2601
[2861] [M]: 0x0000000080001CA8 (0x26013303) ld x6, 0x260(x2)                        rtn_fm_mmode+8
mem[R,0x0000000080004260] -> 0xFFFFFFFF7FFFF04C
x6 <- 0xFFFFFFFF7FFFF04C

clint mtime 0x0000000000000597 (mip.MTI <- 0b1, mip.STI <- 0b0)
mem[X,0x0000000080001CAC] -> 0x3403
mem[X,0x0000000080001CAE] -> 0x2701
[2862] [M]: 0x0000000080001CAC (0x27013403) ld x8, 0x270(x2)                        rtn_fm_mmode+12
mem[R,0x0000000080004270] -> 0x0000000000007F76
x8 <- 0x0000000000007F76

mem[X,0x0000000080001CB0] -> 0x3483
mem[X,0x0000000080001CB2] -> 0x2781
[2863] [M]: 0x0000000080001CB0 (0x27813483) ld x9, 0x278(x2)                        rtn_fm_mmode+16
mem[R,0x0000000080004278] -> 0x000003000000023C
x9 <- 0x000003000000023C

clint mtime 0x0000000000000598 (mip.MTI <- 0b1, mip.STI <- 0b0)
mem[X,0x0000000080001CB4] -> 0x3503
mem[X,0x0000000080001CB6] -> 0x2801
[2864] [M]: 0x0000000080001CB4 (0x28013503) ld x10, 0x280(x2)                       rtn_fm_mmode+20
mem[R,0x0000000080004280] -> 0x00000000200000DE
x10 <- 0x00000000200000DE

mem[X,0x0000000080001CB8] -> 0x3583
mem[X,0x0000000080001CBA] -> 0x2881
[2865] [M]: 0x0000000080001CB8 (0x28813583) ld x11, 0x288(x2)                       rtn_fm_mmode+24
mem[R,0x0000000080004288] -> 0x00000000000000DE
x11 <- 0x00000000000000DE

clint mtime 0x0000000000000599 (mip.MTI <- 0b1, mip.STI <- 0b0)
mem[X,0x0000000080001CBC] -> 0x3103
mem[X,0x0000000080001CBE] -> 0x2901
[2866] [M]: 0x0000000080001CBC (0x29013103) ld x2, 0x290(x2)                        rtn_fm_mmode+28
mem[R,0x0000000080004290] -> 0x0000000000000000
x2 <- 0x0000000000000000

mem[X,0x0000000080001CC0] -> 0x8067
mem[X,0x0000000080001CC2] -> 0x0043
[2867] [M]: 0x0000000080001CC0 (0x00438067) jalr x0, 0x4(x7)                        rtn_fm_mmode+32

clint mtime 0x000000000000059A (mip.MTI <- 0b1, mip.STI <- 0b0)
mem[X,0x00000000800012A0] -> 0x2373
mem[X,0x00000000800012A2] -> 0x3400
[2868] [M]: 0x00000000800012A0 (0x34002373) csrrs x6, mscratch, x0                  exit_Scleanup+0
CSR mscratch (0x340) -> 0x0000000080004000
x6 <- 0x0000000080004000

mem[X,0x00000000800012A4] -> 0x0313
mem[X,0x00000000800012A6] -> 0x2983
[2869] [M]: 0x00000000800012A4 (0x29830313) addi x6, x6, 0x298                      exit_Scleanup+4
x6 <- 0x0000000080004298

clint mtime 0x000000000000059B (mip.MTI <- 0b1, mip.STI <- 0b0)
mem[X,0x00000000800012A8] -> 0x3383
mem[X,0x00000000800012AA] -> 0x2383
[2870] [M]: 0x00000000800012A8 (0x23833383) ld x7, 0x238(x6)                        resto_Sedeleg+0
mem[R,0x00000000800044D0] -> 0x0000000000000000
x7 <- 0x0000000000000000

mem[X,0x00000000800012AC] -> 0x3383
mem[X,0x00000000800012AE] -> 0x2203
[2871] [M]: 0x00000000800012AC (0x22033383) ld x7, 0x220(x6)                        resto_Ssatp+0
mem[R,0x00000000800044B8] -> 0x0000000000000000
x7 <- 0x0000000000000000

clint mtime 0x000000000000059C (mip.MTI <- 0b1, mip.STI <- 0b0)
mem[X,0x00000000800012B0] -> 0x9073
mem[X,0x00000000800012B2] -> 0x1803
[2872] [M]: 0x00000000800012B0 (0x18039073) csrrw x0, satp, x7                      resto_Ssatp+4
CSR satp (0x180) <- 0x0000000000000000

mem[X,0x00000000800012B4] -> 0x3503
mem[X,0x00000000800012B6] -> 0x2503
[2873] [M]: 0x00000000800012B4 (0x25033503) ld x10, 0x250(x6)                       resto_Sscratch+0
mem[R,0x00000000800044E8] -> 0x0000000000000000
x10 <- 0x0000000000000000

clint mtime 0x000000000000059D (mip.MTI <- 0b1, mip.STI <- 0b0)
mem[X,0x00000000800012B8] -> 0x1073
mem[X,0x00000000800012BA] -> 0x1405
[2874] [M]: 0x00000000800012B8 (0x14051073) csrrw x0, sscratch, x10                 resto_Sscratch+4
CSR sscratch (0x140) <- 0x0000000000000000

mem[X,0x00000000800012BC] -> 0x3483
mem[X,0x00000000800012BE] -> 0x2483
[2875] [M]: 0x00000000800012BC (0x24833483) ld x9, 0x248(x6)                        resto_Sxtvec+0
mem[R,0x00000000800044E0] -> 0x0000000000000000
x9 <- 0x0000000000000000

clint mtime 0x000000000000059E (mip.MTI <- 0b1, mip.STI <- 0b0)
mem[X,0x00000000800012C0] -> 0x93F3
mem[X,0x00000000800012C2] -> 0x1054
[2876] [M]: 0x00000000800012C0 (0x105493F3) csrrw x7, stvec, x9                     resto_Sxtvec+4
CSR stvec (0x105) <- 0x0000000000000000
x7 <- 0x0000000080001D00

mem[X,0x00000000800012C4] -> 0xF493
mem[X,0x00000000800012C6] -> 0xFFC4
[2877] [M]: 0x00000000800012C4 (0xFFC4F493) andi x9, x9, -0x4                       resto_Sxtvec+8
x9 <- 0x0000000000000000

clint mtime 0x000000000000059F (mip.MTI <- 0b1, mip.STI <- 0b0)
mem[X,0x00000000800012C8] -> 0xF393
mem[X,0x00000000800012CA] -> 0xFFC3
[2878] [M]: 0x00000000800012C8 (0xFFC3F393) andi x7, x7, -0x4                       resto_Sxtvec+12
x7 <- 0x0000000080001D00

mem[X,0x00000000800012CC] -> 0x9063
mem[X,0x00000000800012CE] -> 0x0274
[2879] [M]: 0x00000000800012CC (0x02749063) bne x9, x7, 0x20                        resto_Sxtvec+16

clint mtime 0x00000000000005A0 (mip.MTI <- 0b1, mip.STI <- 0b0)
mem[X,0x00000000800012EC] -> 0x2373
mem[X,0x00000000800012EE] -> 0x3400
[2880] [M]: 0x00000000800012EC (0x34002373) csrrs x6, mscratch, x0                  rvtest_Send+0
CSR mscratch (0x340) -> 0x0000000080004000
x6 <- 0x0000000080004000

mem[X,0x00000000800012F0] -> 0x3383
mem[X,0x00000000800012F2] -> 0x2383
[2881] [M]: 0x00000000800012F0 (0x23833383) ld x7, 0x238(x6)                        resto_Medeleg+0
mem[R,0x0000000080004238] -> 0x0000000000000000
x7 <- 0x0000000000000000

clint mtime 0x00000000000005A1 (mip.MTI <- 0b1, mip.STI <- 0b0)
mem[X,0x00000000800012F4] -> 0x9073
mem[X,0x00000000800012F6] -> 0x3023
[2882] [M]: 0x00000000800012F4 (0x30239073) csrrw x0, medeleg, x7                   resto_Medeleg+4
CSR medeleg (0x302) <- 0x0000000000000000

mem[X,0x00000000800012F8] -> 0x3503
mem[X,0x00000000800012FA] -> 0x2503
[2883] [M]: 0x00000000800012F8 (0x25033503) ld x10, 0x250(x6)                       resto_Mscratch+0
mem[R,0x0000000080004250] -> 0x0000000000000000
x10 <- 0x0000000000000000

clint mtime 0x00000000000005A2 (mip.MTI <- 0b1, mip.STI <- 0b0)
mem[X,0x00000000800012FC] -> 0x1073
mem[X,0x00000000800012FE] -> 0x3405
[2884] [M]: 0x00000000800012FC (0x34051073) csrrw x0, mscratch, x10                 resto_Mscratch+4
CSR mscratch (0x340) <- 0x0000000000000000

mem[X,0x0000000080001300] -> 0x3483
mem[X,0x0000000080001302] -> 0x2483
[2885] [M]: 0x0000000080001300 (0x24833483) ld x9, 0x248(x6)                        resto_Mxtvec+0
mem[R,0x0000000080004248] -> 0x0000000000000000
x9 <- 0x0000000000000000

clint mtime 0x00000000000005A3 (mip.MTI <- 0b1, mip.STI <- 0b0)
mem[X,0x0000000080001304] -> 0x93F3
mem[X,0x0000000080001306] -> 0x3054
[2886] [M]: 0x0000000080001304 (0x305493F3) csrrw x7, mtvec, x9                     resto_Mxtvec+4
CSR mtvec (0x305) <- 0x0000000000000000
x7 <- 0x0000000080001380

mem[X,0x0000000080001308] -> 0xF493
mem[X,0x000000008000130A] -> 0xFFC4
[2887] [M]: 0x0000000080001308 (0xFFC4F493) andi x9, x9, -0x4                       resto_Mxtvec+8
x9 <- 0x0000000000000000

clint mtime 0x00000000000005A4 (mip.MTI <- 0b1, mip.STI <- 0b0)
mem[X,0x000000008000130C] -> 0xF393
mem[X,0x000000008000130E] -> 0xFFC3
[2888] [M]: 0x000000008000130C (0xFFC3F393) andi x7, x7, -0x4                       resto_Mxtvec+12
x7 <- 0x0000000080001380

mem[X,0x0000000080001310] -> 0x9063
mem[X,0x0000000080001312] -> 0x0274
[2889] [M]: 0x0000000080001310 (0x02749063) bne x9, x7, 0x20                        resto_Mxtvec+16

clint mtime 0x00000000000005A5 (mip.MTI <- 0b1, mip.STI <- 0b0)
mem[X,0x0000000080001330] -> 0x106F
mem[X,0x0000000080001332] -> 0x27C0
[2890] [M]: 0x0000000080001330 (0x27C0106F) jal x0, 0x127c                          rvtest_Mend+0

mem[X,0x00000000800025AC] -> 0x0093
mem[X,0x00000000800025AE] -> 0x0010
[2891] [M]: 0x00000000800025AC (0x00100093) addi x1, x0, 0x1                        exit_cleanup+0
x1 <- 0x0000000000000001

clint mtime 0x00000000000005A6 (mip.MTI <- 0b1, mip.STI <- 0b0)
mem[X,0x00000000800025B0] -> 0x1397
mem[X,0x00000000800025B2] -> 0x0000
[2892] [M]: 0x00000000800025B0 (0x00001397) auipc x7, 0x1                           exit_cleanup+4
x7 <- 0x00000000800035B0

mem[X,0x00000000800025B4] -> 0xA823
mem[X,0x00000000800025B6] -> 0xA413
[2893] [M]: 0x00000000800025B4 (0xA413A823) sw x1, -0x5b0(x7)                       exit_cleanup+8
htif[0x0000000080003000] <- 0x00000001
mem[W,0x0000000080003000] <- 0x00000001

clint mtime 0x00000000000005A7 (mip.MTI <- 0b1, mip.STI <- 0b0)
mem[X,0x00000000800025B8] -> 0xF06F
mem[X,0x00000000800025BA] -> 0xFF9F
[2894] [M]: 0x00000000800025B8 (0xFF9FF06F) jal x0, -0x8                            exit_cleanup+12

mem[X,0x00000000800025B0] -> 0x1397
mem[X,0x00000000800025B2] -> 0x0000
[2895] [M]: 0x00000000800025B0 (0x00001397) auipc x7, 0x1                           exit_cleanup+4
x7 <- 0x00000000800035B0

clint mtime 0x00000000000005A8 (mip.MTI <- 0b1, mip.STI <- 0b0)
mem[X,0x00000000800025B4] -> 0xA823
mem[X,0x00000000800025B6] -> 0xA413
[2896] [M]: 0x00000000800025B4 (0xA413A823) sw x1, -0x5b0(x7)                       exit_cleanup+8
htif[0x0000000080003000] <- 0x00000001
mem[W,0x0000000080003000] <- 0x00000001

mem[X,0x00000000800025B8] -> 0xF06F
mem[X,0x00000000800025BA] -> 0xFF9F
[2897] [M]: 0x00000000800025B8 (0xFF9FF06F) jal x0, -0x8                            exit_cleanup+12

clint mtime 0x00000000000005A9 (mip.MTI <- 0b1, mip.STI <- 0b0)
mem[X,0x00000000800025B0] -> 0x1397
mem[X,0x00000000800025B2] -> 0x0000
[2898] [M]: 0x00000000800025B0 (0x00001397) auipc x7, 0x1                           exit_cleanup+4
x7 <- 0x00000000800035B0

mem[X,0x00000000800025B4] -> 0xA823
mem[X,0x00000000800025B6] -> 0xA413
[2899] [M]: 0x00000000800025B4 (0xA413A823) sw x1, -0x5b0(x7)                       exit_cleanup+8
htif[0x0000000080003000] <- 0x00000001
htif-syscall-proxy cmd: 0x000000000001
mem[W,0x0000000080003000] <- 0x00000001

SUCCESS
clint mtime 0x00000000000005AA (mip.MTI <- 0b1, mip.STI <- 0b0)
