using /opt/riscv-arch-test/riscof-plugins/rv64/riscof_work/I/src/jalr-01.S/ref/Reference-sail_c_simulator.signature for test-signature output.
setting signature-granularity to 8 bytes
HTIF located at 0x80002000
begin_signature: 0x80004110
end_signature: 0x80004230
Entry point: 0x80000000
CSR mstatus (0x300) <- 0x0000000A00000000
CSR misa (0x301) <- 0x800000000034112F
CSR mcause (0x342) <- 0x0000000000000000
x10 <- 0x0000000000000000
x11 <- 0x0000000000001000
mem[X,0x0000000080000000] -> 0x0837
mem[X,0x0000000080000002] -> 0x7D5C
[0] [M]: 0x0000000080000000 (0x7D5C0837) lui x16, 0x7d5c0                           rvtest_init+0
x16 <- 0x000000007D5C0000

mem[X,0x0000000080000004] -> 0x0813
mem[X,0x0000000080000006] -> 0xDDB8
[1] [M]: 0x0000000080000004 (0xDDB80813) addi x16, x16, -0x225                      rvtest_init+4
x16 <- 0x000000007D5BFDDB

clint mtime 0x0000000000000001 (mip.MTI <- 0b1, mip.STI <- 0b0)
mem[X,0x0000000080000008] -> 0x1813
mem[X,0x000000008000000A] -> 0x00B8
[2] [M]: 0x0000000080000008 (0x00B81813) slli x16, x16, 0xb                         rvtest_init+8
x16 <- 0x000003EADFEED800

mem[X,0x000000008000000C] -> 0x0813
mem[X,0x000000008000000E] -> 0x3EA8
[3] [M]: 0x000000008000000C (0x3EA80813) addi x16, x16, 0x3ea                       rvtest_init+12
x16 <- 0x000003EADFEEDBEA

clint mtime 0x0000000000000002 (mip.MTI <- 0b1, mip.STI <- 0b0)
mem[X,0x0000000080000010] -> 0x1813
mem[X,0x0000000080000012] -> 0x00B8
[4] [M]: 0x0000000080000010 (0x00B81813) slli x16, x16, 0xb                         rvtest_init+16
x16 <- 0x001F56FF76DF5000

mem[X,0x0000000080000014] -> 0x0813
mem[X,0x0000000080000016] -> 0x6FF8
[5] [M]: 0x0000000080000014 (0x6FF80813) addi x16, x16, 0x6ff                       rvtest_init+20
x16 <- 0x001F56FF76DF56FF

clint mtime 0x0000000000000003 (mip.MTI <- 0b1, mip.STI <- 0b0)
mem[X,0x0000000080000018] -> 0x1813
mem[X,0x000000008000001A] -> 0x00A8
[6] [M]: 0x0000000080000018 (0x00A81813) slli x16, x16, 0xa                         rvtest_init+24
x16 <- 0x7D5BFDDB7D5BFC00

mem[X,0x000000008000001C] -> 0x0813
mem[X,0x000000008000001E] -> 0x1DB8
[7] [M]: 0x000000008000001C (0x1DB80813) addi x16, x16, 0x1db                       rvtest_init+28
x16 <- 0x7D5BFDDB7D5BFDDB

clint mtime 0x0000000000000004 (mip.MTI <- 0b1, mip.STI <- 0b0)
mem[X,0x0000000080000020] -> 0x5893
mem[X,0x0000000080000022] -> 0x0078
[8] [M]: 0x0000000080000020 (0x00785893) srli x17, x16, 0x7                         rvtest_init+32
x17 <- 0x00FAB7FBB6FAB7FB

mem[X,0x0000000080000024] -> 0x5793
mem[X,0x0000000080000026] -> 0x0398
[9] [M]: 0x0000000080000024 (0x03985793) srli x15, x16, 0x39                        rvtest_init+36
x15 <- 0x000000000000003E

clint mtime 0x0000000000000005 (mip.MTI <- 0b1, mip.STI <- 0b0)
mem[X,0x0000000080000028] -> 0xE8B3
mem[X,0x000000008000002A] -> 0x00F8
[10] [M]: 0x0000000080000028 (0x00F8E8B3) or x17, x17, x15                          rvtest_init+40
x17 <- 0x00FAB7FBB6FAB7FF

mem[X,0x000000008000002C] -> 0xD913
mem[X,0x000000008000002E] -> 0x0078
[11] [M]: 0x000000008000002C (0x0078D913) srli x18, x17, 0x7                        rvtest_init+44
x18 <- 0x0001F56FF76DF56F

clint mtime 0x0000000000000006 (mip.MTI <- 0b1, mip.STI <- 0b0)
mem[X,0x0000000080000030] -> 0xD793
mem[X,0x0000000080000032] -> 0x0398
[12] [M]: 0x0000000080000030 (0x0398D793) srli x15, x17, 0x39                       rvtest_init+48
x15 <- 0x0000000000000000

mem[X,0x0000000080000034] -> 0x6933
mem[X,0x0000000080000036] -> 0x00F9
[13] [M]: 0x0000000080000034 (0x00F96933) or x18, x18, x15                          rvtest_init+52
x18 <- 0x0001F56FF76DF56F

clint mtime 0x0000000000000007 (mip.MTI <- 0b1, mip.STI <- 0b0)
mem[X,0x0000000080000038] -> 0x5993
mem[X,0x000000008000003A] -> 0x0079
[14] [M]: 0x0000000080000038 (0x00795993) srli x19, x18, 0x7                        rvtest_init+56
x19 <- 0x000003EADFEEDBEA

mem[X,0x000000008000003C] -> 0x5793
mem[X,0x000000008000003E] -> 0x0399
[15] [M]: 0x000000008000003C (0x03995793) srli x15, x18, 0x39                       rvtest_init+60
x15 <- 0x0000000000000000

clint mtime 0x0000000000000008 (mip.MTI <- 0b1, mip.STI <- 0b0)
mem[X,0x0000000080000040] -> 0xE9B3
mem[X,0x0000000080000042] -> 0x00F9
[16] [M]: 0x0000000080000040 (0x00F9E9B3) or x19, x19, x15                          rvtest_init+64
x19 <- 0x000003EADFEEDBEA

mem[X,0x0000000080000044] -> 0xDA13
mem[X,0x0000000080000046] -> 0x0079
[17] [M]: 0x0000000080000044 (0x0079DA13) srli x20, x19, 0x7                        rvtest_init+68
x20 <- 0x00000007D5BFDDB7

clint mtime 0x0000000000000009 (mip.MTI <- 0b1, mip.STI <- 0b0)
mem[X,0x0000000080000048] -> 0xD793
mem[X,0x000000008000004A] -> 0x0399
[18] [M]: 0x0000000080000048 (0x0399D793) srli x15, x19, 0x39                       rvtest_init+72
x15 <- 0x0000000000000000

mem[X,0x000000008000004C] -> 0x6A33
mem[X,0x000000008000004E] -> 0x00FA
[19] [M]: 0x000000008000004C (0x00FA6A33) or x20, x20, x15                          rvtest_init+76
x20 <- 0x00000007D5BFDDB7

clint mtime 0x000000000000000A (mip.MTI <- 0b1, mip.STI <- 0b0)
mem[X,0x0000000080000050] -> 0x5A93
mem[X,0x0000000080000052] -> 0x007A
[20] [M]: 0x0000000080000050 (0x007A5A93) srli x21, x20, 0x7                        rvtest_init+80
x21 <- 0x000000000FAB7FBB

mem[X,0x0000000080000054] -> 0x5793
mem[X,0x0000000080000056] -> 0x039A
[21] [M]: 0x0000000080000054 (0x039A5793) srli x15, x20, 0x39                       rvtest_init+84
x15 <- 0x0000000000000000

clint mtime 0x000000000000000B (mip.MTI <- 0b1, mip.STI <- 0b0)
mem[X,0x0000000080000058] -> 0xEAB3
mem[X,0x000000008000005A] -> 0x00FA
[22] [M]: 0x0000000080000058 (0x00FAEAB3) or x21, x21, x15                          rvtest_init+88
x21 <- 0x000000000FAB7FBB

mem[X,0x000000008000005C] -> 0xDB13
mem[X,0x000000008000005E] -> 0x007A
[23] [M]: 0x000000008000005C (0x007ADB13) srli x22, x21, 0x7                        rvtest_init+92
x22 <- 0x00000000001F56FF

clint mtime 0x000000000000000C (mip.MTI <- 0b1, mip.STI <- 0b0)
mem[X,0x0000000080000060] -> 0xD793
mem[X,0x0000000080000062] -> 0x039A
[24] [M]: 0x0000000080000060 (0x039AD793) srli x15, x21, 0x39                       rvtest_init+96
x15 <- 0x0000000000000000

mem[X,0x0000000080000064] -> 0x6B33
mem[X,0x0000000080000066] -> 0x00FB
[25] [M]: 0x0000000080000064 (0x00FB6B33) or x22, x22, x15                          rvtest_init+100
x22 <- 0x00000000001F56FF

clint mtime 0x000000000000000D (mip.MTI <- 0b1, mip.STI <- 0b0)
mem[X,0x0000000080000068] -> 0x5B93
mem[X,0x000000008000006A] -> 0x007B
[26] [M]: 0x0000000080000068 (0x007B5B93) srli x23, x22, 0x7                        rvtest_init+104
x23 <- 0x0000000000003EAD

mem[X,0x000000008000006C] -> 0x5793
mem[X,0x000000008000006E] -> 0x039B
[27] [M]: 0x000000008000006C (0x039B5793) srli x15, x22, 0x39                       rvtest_init+108
x15 <- 0x0000000000000000

clint mtime 0x000000000000000E (mip.MTI <- 0b1, mip.STI <- 0b0)
mem[X,0x0000000080000070] -> 0xEBB3
mem[X,0x0000000080000072] -> 0x00FB
[28] [M]: 0x0000000080000070 (0x00FBEBB3) or x23, x23, x15                          rvtest_init+112
x23 <- 0x0000000000003EAD

mem[X,0x0000000080000074] -> 0xDC13
mem[X,0x0000000080000076] -> 0x007B
[29] [M]: 0x0000000080000074 (0x007BDC13) srli x24, x23, 0x7                        rvtest_init+116
x24 <- 0x000000000000007D

clint mtime 0x000000000000000F (mip.MTI <- 0b1, mip.STI <- 0b0)
mem[X,0x0000000080000078] -> 0xD793
mem[X,0x000000008000007A] -> 0x039B
[30] [M]: 0x0000000080000078 (0x039BD793) srli x15, x23, 0x39                       rvtest_init+120
x15 <- 0x0000000000000000

mem[X,0x000000008000007C] -> 0x6C33
mem[X,0x000000008000007E] -> 0x00FC
[31] [M]: 0x000000008000007C (0x00FC6C33) or x24, x24, x15                          rvtest_init+124
x24 <- 0x000000000000007D

clint mtime 0x0000000000000010 (mip.MTI <- 0b1, mip.STI <- 0b0)
mem[X,0x0000000080000080] -> 0x5C93
mem[X,0x0000000080000082] -> 0x007C
[32] [M]: 0x0000000080000080 (0x007C5C93) srli x25, x24, 0x7                        rvtest_init+128
x25 <- 0x0000000000000000

mem[X,0x0000000080000084] -> 0x5793
mem[X,0x0000000080000086] -> 0x039C
[33] [M]: 0x0000000080000084 (0x039C5793) srli x15, x24, 0x39                       rvtest_init+132
x15 <- 0x0000000000000000

clint mtime 0x0000000000000011 (mip.MTI <- 0b1, mip.STI <- 0b0)
mem[X,0x0000000080000088] -> 0xECB3
mem[X,0x000000008000008A] -> 0x00FC
[34] [M]: 0x0000000080000088 (0x00FCECB3) or x25, x25, x15                          rvtest_init+136
x25 <- 0x0000000000000000

mem[X,0x000000008000008C] -> 0xDD13
mem[X,0x000000008000008E] -> 0x007C
[35] [M]: 0x000000008000008C (0x007CDD13) srli x26, x25, 0x7                        rvtest_init+140
x26 <- 0x0000000000000000

clint mtime 0x0000000000000012 (mip.MTI <- 0b1, mip.STI <- 0b0)
mem[X,0x0000000080000090] -> 0xD793
mem[X,0x0000000080000092] -> 0x039C
[36] [M]: 0x0000000080000090 (0x039CD793) srli x15, x25, 0x39                       rvtest_init+144
x15 <- 0x0000000000000000

mem[X,0x0000000080000094] -> 0x6D33
mem[X,0x0000000080000096] -> 0x00FD
[37] [M]: 0x0000000080000094 (0x00FD6D33) or x26, x26, x15                          rvtest_init+148
x26 <- 0x0000000000000000

clint mtime 0x0000000000000013 (mip.MTI <- 0b1, mip.STI <- 0b0)
mem[X,0x0000000080000098] -> 0x5D93
mem[X,0x000000008000009A] -> 0x007D
[38] [M]: 0x0000000080000098 (0x007D5D93) srli x27, x26, 0x7                        rvtest_init+152
x27 <- 0x0000000000000000

mem[X,0x000000008000009C] -> 0x5793
mem[X,0x000000008000009E] -> 0x039D
[39] [M]: 0x000000008000009C (0x039D5793) srli x15, x26, 0x39                       rvtest_init+156
x15 <- 0x0000000000000000

clint mtime 0x0000000000000014 (mip.MTI <- 0b1, mip.STI <- 0b0)
mem[X,0x00000000800000A0] -> 0xEDB3
mem[X,0x00000000800000A2] -> 0x00FD
[40] [M]: 0x00000000800000A0 (0x00FDEDB3) or x27, x27, x15                          rvtest_init+160
x27 <- 0x0000000000000000

mem[X,0x00000000800000A4] -> 0xDE13
mem[X,0x00000000800000A6] -> 0x007D
[41] [M]: 0x00000000800000A4 (0x007DDE13) srli x28, x27, 0x7                        rvtest_init+164
x28 <- 0x0000000000000000

clint mtime 0x0000000000000015 (mip.MTI <- 0b1, mip.STI <- 0b0)
mem[X,0x00000000800000A8] -> 0xD793
mem[X,0x00000000800000AA] -> 0x039D
[42] [M]: 0x00000000800000A8 (0x039DD793) srli x15, x27, 0x39                       rvtest_init+168
x15 <- 0x0000000000000000

mem[X,0x00000000800000AC] -> 0x6E33
mem[X,0x00000000800000AE] -> 0x00FE
[43] [M]: 0x00000000800000AC (0x00FE6E33) or x28, x28, x15                          rvtest_init+172
x28 <- 0x0000000000000000

clint mtime 0x0000000000000016 (mip.MTI <- 0b1, mip.STI <- 0b0)
mem[X,0x00000000800000B0] -> 0x5E93
mem[X,0x00000000800000B2] -> 0x007E
[44] [M]: 0x00000000800000B0 (0x007E5E93) srli x29, x28, 0x7                        rvtest_init+176
x29 <- 0x0000000000000000

mem[X,0x00000000800000B4] -> 0x5793
mem[X,0x00000000800000B6] -> 0x039E
[45] [M]: 0x00000000800000B4 (0x039E5793) srli x15, x28, 0x39                       rvtest_init+180
x15 <- 0x0000000000000000

clint mtime 0x0000000000000017 (mip.MTI <- 0b1, mip.STI <- 0b0)
mem[X,0x00000000800000B8] -> 0xEEB3
mem[X,0x00000000800000BA] -> 0x00FE
[46] [M]: 0x00000000800000B8 (0x00FEEEB3) or x29, x29, x15                          rvtest_init+184
x29 <- 0x0000000000000000

mem[X,0x00000000800000BC] -> 0xDF13
mem[X,0x00000000800000BE] -> 0x007E
[47] [M]: 0x00000000800000BC (0x007EDF13) srli x30, x29, 0x7                        rvtest_init+188
x30 <- 0x0000000000000000

clint mtime 0x0000000000000018 (mip.MTI <- 0b1, mip.STI <- 0b0)
mem[X,0x00000000800000C0] -> 0xD793
mem[X,0x00000000800000C2] -> 0x039E
[48] [M]: 0x00000000800000C0 (0x039ED793) srli x15, x29, 0x39                       rvtest_init+192
x15 <- 0x0000000000000000

mem[X,0x00000000800000C4] -> 0x6F33
mem[X,0x00000000800000C6] -> 0x00FF
[49] [M]: 0x00000000800000C4 (0x00FF6F33) or x30, x30, x15                          rvtest_init+196
x30 <- 0x0000000000000000

clint mtime 0x0000000000000019 (mip.MTI <- 0b1, mip.STI <- 0b0)
mem[X,0x00000000800000C8] -> 0xC0B7
mem[X,0x00000000800000CA] -> 0xFEED
[50] [M]: 0x00000000800000C8 (0xFEEDC0B7) lui x1, -0x1124                           rvtest_init+200
x1 <- 0xFFFFFFFFFEEDC000

mem[X,0x00000000800000CC] -> 0x8093
mem[X,0x00000000800000CE] -> 0xEAD0
[51] [M]: 0x00000000800000CC (0xEAD08093) addi x1, x1, -0x153                       rvtest_init+204
x1 <- 0xFFFFFFFFFEEDBEAD

clint mtime 0x000000000000001A (mip.MTI <- 0b1, mip.STI <- 0b0)
mem[X,0x00000000800000D0] -> 0x9093
mem[X,0x00000000800000D2] -> 0x00B0
[52] [M]: 0x00000000800000D0 (0x00B09093) slli x1, x1, 0xb                          rvtest_init+208
x1 <- 0xFFFFFFF76DF56800

mem[X,0x00000000800000D4] -> 0x8093
mem[X,0x00000000800000D6] -> 0x7F70
[53] [M]: 0x00000000800000D4 (0x7F708093) addi x1, x1, 0x7f7                        rvtest_init+212
x1 <- 0xFFFFFFF76DF56FF7

clint mtime 0x000000000000001B (mip.MTI <- 0b1, mip.STI <- 0b0)
mem[X,0x00000000800000D8] -> 0x9093
mem[X,0x00000000800000DA] -> 0x00B0
[54] [M]: 0x00000000800000D8 (0x00B09093) slli x1, x1, 0xb                          rvtest_init+216
x1 <- 0xFFFFBB6FAB7FB800

mem[X,0x00000000800000DC] -> 0x8093
mem[X,0x00000000800000DE] -> 0x36F0
[55] [M]: 0x00000000800000DC (0x36F08093) addi x1, x1, 0x36f                        rvtest_init+220
x1 <- 0xFFFFBB6FAB7FBB6F

clint mtime 0x000000000000001C (mip.MTI <- 0b1, mip.STI <- 0b0)
mem[X,0x00000000800000E0] -> 0x9093
mem[X,0x00000000800000E2] -> 0x00A0
[56] [M]: 0x00000000800000E0 (0x00A09093) slli x1, x1, 0xa                          rvtest_init+224
x1 <- 0xFEEDBEADFEEDBC00

mem[X,0x00000000800000E4] -> 0x8093
mem[X,0x00000000800000E6] -> 0x2AD0
[57] [M]: 0x00000000800000E4 (0x2AD08093) addi x1, x1, 0x2ad                        rvtest_init+228
x1 <- 0xFEEDBEADFEEDBEAD

clint mtime 0x000000000000001D (mip.MTI <- 0b1, mip.STI <- 0b0)
mem[X,0x00000000800000E8] -> 0xD113
mem[X,0x00000000800000EA] -> 0x0070
[58] [M]: 0x00000000800000E8 (0x0070D113) srli x2, x1, 0x7                          rvtest_init+232
x2 <- 0x01FDDB7D5BFDDB7D

mem[X,0x00000000800000EC] -> 0xD793
mem[X,0x00000000800000EE] -> 0x0390
[59] [M]: 0x00000000800000EC (0x0390D793) srli x15, x1, 0x39                        rvtest_init+236
x15 <- 0x000000000000007F

clint mtime 0x000000000000001E (mip.MTI <- 0b1, mip.STI <- 0b0)
mem[X,0x00000000800000F0] -> 0x6133
mem[X,0x00000000800000F2] -> 0x00F1
[60] [M]: 0x00000000800000F0 (0x00F16133) or x2, x2, x15                            rvtest_init+240
x2 <- 0x01FDDB7D5BFDDB7F

mem[X,0x00000000800000F4] -> 0x5193
mem[X,0x00000000800000F6] -> 0x0071
[61] [M]: 0x00000000800000F4 (0x00715193) srli x3, x2, 0x7                          rvtest_init+244
x3 <- 0x0003FBB6FAB7FBB6

clint mtime 0x000000000000001F (mip.MTI <- 0b1, mip.STI <- 0b0)
mem[X,0x00000000800000F8] -> 0x5793
mem[X,0x00000000800000FA] -> 0x0391
[62] [M]: 0x00000000800000F8 (0x03915793) srli x15, x2, 0x39                        rvtest_init+248
x15 <- 0x0000000000000000

mem[X,0x00000000800000FC] -> 0xE1B3
mem[X,0x00000000800000FE] -> 0x00F1
[63] [M]: 0x00000000800000FC (0x00F1E1B3) or x3, x3, x15                            rvtest_init+252
x3 <- 0x0003FBB6FAB7FBB6

clint mtime 0x0000000000000020 (mip.MTI <- 0b1, mip.STI <- 0b0)
mem[X,0x0000000080000100] -> 0xD213
mem[X,0x0000000080000102] -> 0x0071
[64] [M]: 0x0000000080000100 (0x0071D213) srli x4, x3, 0x7                          rvtest_init+256
x4 <- 0x000007F76DF56FF7

mem[X,0x0000000080000104] -> 0xD793
mem[X,0x0000000080000106] -> 0x0391
[65] [M]: 0x0000000080000104 (0x0391D793) srli x15, x3, 0x39                        rvtest_init+260
x15 <- 0x0000000000000000

clint mtime 0x0000000000000021 (mip.MTI <- 0b1, mip.STI <- 0b0)
mem[X,0x0000000080000108] -> 0x6233
mem[X,0x000000008000010A] -> 0x00F2
[66] [M]: 0x0000000080000108 (0x00F26233) or x4, x4, x15                            rvtest_init+264
x4 <- 0x000007F76DF56FF7

mem[X,0x000000008000010C] -> 0x5293
mem[X,0x000000008000010E] -> 0x0072
[67] [M]: 0x000000008000010C (0x00725293) srli x5, x4, 0x7                          rvtest_init+268
x5 <- 0x0000000FEEDBEADF

clint mtime 0x0000000000000022 (mip.MTI <- 0b1, mip.STI <- 0b0)
mem[X,0x0000000080000110] -> 0x5793
mem[X,0x0000000080000112] -> 0x0392
[68] [M]: 0x0000000080000110 (0x03925793) srli x15, x4, 0x39                        rvtest_init+272
x15 <- 0x0000000000000000

mem[X,0x0000000080000114] -> 0xE2B3
mem[X,0x0000000080000116] -> 0x00F2
[69] [M]: 0x0000000080000114 (0x00F2E2B3) or x5, x5, x15                            rvtest_init+276
x5 <- 0x0000000FEEDBEADF

clint mtime 0x0000000000000023 (mip.MTI <- 0b1, mip.STI <- 0b0)
mem[X,0x0000000080000118] -> 0xD313
mem[X,0x000000008000011A] -> 0x0072
[70] [M]: 0x0000000080000118 (0x0072D313) srli x6, x5, 0x7                          rvtest_init+280
x6 <- 0x000000001FDDB7D5

mem[X,0x000000008000011C] -> 0xD793
mem[X,0x000000008000011E] -> 0x0392
[71] [M]: 0x000000008000011C (0x0392D793) srli x15, x5, 0x39                        rvtest_init+284
x15 <- 0x0000000000000000

clint mtime 0x0000000000000024 (mip.MTI <- 0b1, mip.STI <- 0b0)
mem[X,0x0000000080000120] -> 0x6333
mem[X,0x0000000080000122] -> 0x00F3
[72] [M]: 0x0000000080000120 (0x00F36333) or x6, x6, x15                            rvtest_init+288
x6 <- 0x000000001FDDB7D5

mem[X,0x0000000080000124] -> 0x5393
mem[X,0x0000000080000126] -> 0x0073
[73] [M]: 0x0000000080000124 (0x00735393) srli x7, x6, 0x7                          rvtest_init+292
x7 <- 0x00000000003FBB6F

clint mtime 0x0000000000000025 (mip.MTI <- 0b1, mip.STI <- 0b0)
mem[X,0x0000000080000128] -> 0x5793
mem[X,0x000000008000012A] -> 0x0393
[74] [M]: 0x0000000080000128 (0x03935793) srli x15, x6, 0x39                        rvtest_init+296
x15 <- 0x0000000000000000

mem[X,0x000000008000012C] -> 0xE3B3
mem[X,0x000000008000012E] -> 0x00F3
[75] [M]: 0x000000008000012C (0x00F3E3B3) or x7, x7, x15                            rvtest_init+300
x7 <- 0x00000000003FBB6F

clint mtime 0x0000000000000026 (mip.MTI <- 0b1, mip.STI <- 0b0)
mem[X,0x0000000080000130] -> 0xD413
mem[X,0x0000000080000132] -> 0x0073
[76] [M]: 0x0000000080000130 (0x0073D413) srli x8, x7, 0x7                          rvtest_init+304
x8 <- 0x0000000000007F76

mem[X,0x0000000080000134] -> 0xD793
mem[X,0x0000000080000136] -> 0x0393
[77] [M]: 0x0000000080000134 (0x0393D793) srli x15, x7, 0x39                        rvtest_init+308
x15 <- 0x0000000000000000

clint mtime 0x0000000000000027 (mip.MTI <- 0b1, mip.STI <- 0b0)
mem[X,0x0000000080000138] -> 0x6433
mem[X,0x000000008000013A] -> 0x00F4
[78] [M]: 0x0000000080000138 (0x00F46433) or x8, x8, x15                            rvtest_init+312
x8 <- 0x0000000000007F76

mem[X,0x000000008000013C] -> 0x5493
mem[X,0x000000008000013E] -> 0x0074
[79] [M]: 0x000000008000013C (0x00745493) srli x9, x8, 0x7                          rvtest_init+316
x9 <- 0x00000000000000FE

clint mtime 0x0000000000000028 (mip.MTI <- 0b1, mip.STI <- 0b0)
mem[X,0x0000000080000140] -> 0x5793
mem[X,0x0000000080000142] -> 0x0394
[80] [M]: 0x0000000080000140 (0x03945793) srli x15, x8, 0x39                        rvtest_init+320
x15 <- 0x0000000000000000

mem[X,0x0000000080000144] -> 0xE4B3
mem[X,0x0000000080000146] -> 0x00F4
[81] [M]: 0x0000000080000144 (0x00F4E4B3) or x9, x9, x15                            rvtest_init+324
x9 <- 0x00000000000000FE

clint mtime 0x0000000000000029 (mip.MTI <- 0b1, mip.STI <- 0b0)
mem[X,0x0000000080000148] -> 0xD513
mem[X,0x000000008000014A] -> 0x0074
[82] [M]: 0x0000000080000148 (0x0074D513) srli x10, x9, 0x7                         rvtest_init+328
x10 <- 0x0000000000000001

mem[X,0x000000008000014C] -> 0xD793
mem[X,0x000000008000014E] -> 0x0394
[83] [M]: 0x000000008000014C (0x0394D793) srli x15, x9, 0x39                        rvtest_init+332
x15 <- 0x0000000000000000

clint mtime 0x000000000000002A (mip.MTI <- 0b1, mip.STI <- 0b0)
mem[X,0x0000000080000150] -> 0x6533
mem[X,0x0000000080000152] -> 0x00F5
[84] [M]: 0x0000000080000150 (0x00F56533) or x10, x10, x15                          rvtest_init+336
x10 <- 0x0000000000000001

mem[X,0x0000000080000154] -> 0x5593
mem[X,0x0000000080000156] -> 0x0075
[85] [M]: 0x0000000080000154 (0x00755593) srli x11, x10, 0x7                        rvtest_init+340
x11 <- 0x0000000000000000

clint mtime 0x000000000000002B (mip.MTI <- 0b1, mip.STI <- 0b0)
mem[X,0x0000000080000158] -> 0x5793
mem[X,0x000000008000015A] -> 0x0395
[86] [M]: 0x0000000080000158 (0x03955793) srli x15, x10, 0x39                       rvtest_init+344
x15 <- 0x0000000000000000

mem[X,0x000000008000015C] -> 0xE5B3
mem[X,0x000000008000015E] -> 0x00F5
[87] [M]: 0x000000008000015C (0x00F5E5B3) or x11, x11, x15                          rvtest_init+348
x11 <- 0x0000000000000000

clint mtime 0x000000000000002C (mip.MTI <- 0b1, mip.STI <- 0b0)
mem[X,0x0000000080000160] -> 0xD613
mem[X,0x0000000080000162] -> 0x0075
[88] [M]: 0x0000000080000160 (0x0075D613) srli x12, x11, 0x7                        rvtest_init+352
x12 <- 0x0000000000000000

mem[X,0x0000000080000164] -> 0xD793
mem[X,0x0000000080000166] -> 0x0395
[89] [M]: 0x0000000080000164 (0x0395D793) srli x15, x11, 0x39                       rvtest_init+356
x15 <- 0x0000000000000000

clint mtime 0x000000000000002D (mip.MTI <- 0b1, mip.STI <- 0b0)
mem[X,0x0000000080000168] -> 0x6633
mem[X,0x000000008000016A] -> 0x00F6
[90] [M]: 0x0000000080000168 (0x00F66633) or x12, x12, x15                          rvtest_init+360
x12 <- 0x0000000000000000

mem[X,0x000000008000016C] -> 0x5693
mem[X,0x000000008000016E] -> 0x0076
[91] [M]: 0x000000008000016C (0x00765693) srli x13, x12, 0x7                        rvtest_init+364
x13 <- 0x0000000000000000

clint mtime 0x000000000000002E (mip.MTI <- 0b1, mip.STI <- 0b0)
mem[X,0x0000000080000170] -> 0x5793
mem[X,0x0000000080000172] -> 0x0396
[92] [M]: 0x0000000080000170 (0x03965793) srli x15, x12, 0x39                       rvtest_init+368
x15 <- 0x0000000000000000

mem[X,0x0000000080000174] -> 0xE6B3
mem[X,0x0000000080000176] -> 0x00F6
[93] [M]: 0x0000000080000174 (0x00F6E6B3) or x13, x13, x15                          rvtest_init+372
x13 <- 0x0000000000000000

clint mtime 0x000000000000002F (mip.MTI <- 0b1, mip.STI <- 0b0)
mem[X,0x0000000080000178] -> 0x0013
mem[X,0x000000008000017A] -> 0x0000
[94] [M]: 0x0000000080000178 (0x00000013) addi x0, x0, 0x0                          rvtest_code_begin+0

mem[X,0x000000008000017C] -> 0x0013
mem[X,0x000000008000017E] -> 0x0000
[95] [M]: 0x000000008000017C (0x00000013) addi x0, x0, 0x0                          rvtest_code_begin+4

clint mtime 0x0000000000000030 (mip.MTI <- 0b1, mip.STI <- 0b0)
mem[X,0x0000000080000180] -> 0x4217
mem[X,0x0000000080000182] -> 0x0000
[96] [M]: 0x0000000080000180 (0x00004217) auipc x4, 0x4                             rvtest_code_begin+8
x4 <- 0x0000000080004180

mem[X,0x0000000080000184] -> 0x0213
mem[X,0x0000000080000186] -> 0xF982
[97] [M]: 0x0000000080000184 (0xF9820213) addi x4, x4, -0x68                        rvtest_code_begin+12
x4 <- 0x0000000080004118

clint mtime 0x0000000000000031 (mip.MTI <- 0b1, mip.STI <- 0b0)
mem[X,0x0000000080000188] -> 0x0013
mem[X,0x000000008000018A] -> 0x0000
[98] [M]: 0x0000000080000188 (0x00000013) addi x0, x0, 0x0                          rvtest_code_begin+16

mem[X,0x000000008000018C] -> 0x0013
mem[X,0x000000008000018E] -> 0x0000
[99] [M]: 0x000000008000018C (0x00000013) addi x0, x0, 0x0                          rvtest_code_begin+20

clint mtime 0x0000000000000032 (mip.MTI <- 0b1, mip.STI <- 0b0)
mem[X,0x0000000080000190] -> 0x0013
mem[X,0x0000000080000192] -> 0x0000
[100] [M]: 0x0000000080000190 (0x00000013) addi x0, x0, 0x0                         rvtest_code_begin+24

mem[X,0x0000000080000194] -> 0x0013
mem[X,0x0000000080000196] -> 0x0000
[101] [M]: 0x0000000080000194 (0x00000013) addi x0, x0, 0x0                         rvtest_code_begin+28

clint mtime 0x0000000000000033 (mip.MTI <- 0b1, mip.STI <- 0b0)
mem[X,0x0000000080000198] -> 0x0013
mem[X,0x000000008000019A] -> 0x0000
[102] [M]: 0x0000000080000198 (0x00000013) addi x0, x0, 0x0                         rvtest_code_begin+32

mem[X,0x000000008000019C] -> 0x0013
mem[X,0x000000008000019E] -> 0x0000
[103] [M]: 0x000000008000019C (0x00000013) addi x0, x0, 0x0                         rvtest_code_begin+36

clint mtime 0x0000000000000034 (mip.MTI <- 0b1, mip.STI <- 0b0)
mem[X,0x00000000800001A0] -> 0x0C97
mem[X,0x00000000800001A2] -> 0x0000
[104] [M]: 0x00000000800001A0 (0x00000C97) auipc x25, 0x0                           inst_0+0
x25 <- 0x00000000800001A0

mem[X,0x00000000800001A4] -> 0x0013
mem[X,0x00000000800001A6] -> 0x0000
[105] [M]: 0x00000000800001A4 (0x00000013) addi x0, x0, 0x0                         inst_0+4

clint mtime 0x0000000000000035 (mip.MTI <- 0b1, mip.STI <- 0b0)
mem[X,0x00000000800001A8] -> 0x0013
mem[X,0x00000000800001AA] -> 0x0000
[106] [M]: 0x00000000800001A8 (0x00000013) addi x0, x0, 0x0                         inst_0+8

mem[X,0x00000000800001AC] -> 0x0013
mem[X,0x00000000800001AE] -> 0x0000
[107] [M]: 0x00000000800001AC (0x00000013) addi x0, x0, 0x0                         inst_0+12

clint mtime 0x0000000000000036 (mip.MTI <- 0b1, mip.STI <- 0b0)
mem[X,0x00000000800001B0] -> 0x0013
mem[X,0x00000000800001B2] -> 0x0000
[108] [M]: 0x00000000800001B0 (0x00000013) addi x0, x0, 0x0                         inst_0+16

mem[X,0x00000000800001B4] -> 0x0013
mem[X,0x00000000800001B6] -> 0x0000
[109] [M]: 0x00000000800001B4 (0x00000013) addi x0, x0, 0x0                         inst_0+20

clint mtime 0x0000000000000037 (mip.MTI <- 0b1, mip.STI <- 0b0)
mem[X,0x00000000800001B8] -> 0x0013
mem[X,0x00000000800001BA] -> 0x0000
[110] [M]: 0x00000000800001B8 (0x00000013) addi x0, x0, 0x0                         inst_0+24

mem[X,0x00000000800001BC] -> 0x0013
mem[X,0x00000000800001BE] -> 0x0000
[111] [M]: 0x00000000800001BC (0x00000013) addi x0, x0, 0x0                         inst_0+28

clint mtime 0x0000000000000038 (mip.MTI <- 0b1, mip.STI <- 0b0)
mem[X,0x00000000800001C0] -> 0x0C97
mem[X,0x00000000800001C2] -> 0x0000
[112] [M]: 0x00000000800001C0 (0x00000C97) auipc x25, 0x0                           inst_0+32
x25 <- 0x00000000800001C0

mem[X,0x00000000800001C4] -> 0x8C93
mem[X,0x00000000800001C6] -> 0x02DC
[113] [M]: 0x00000000800001C4 (0x02DC8C93) addi x25, x25, 0x2d                      inst_0+36
x25 <- 0x00000000800001ED

clint mtime 0x0000000000000039 (mip.MTI <- 0b1, mip.STI <- 0b0)
mem[X,0x00000000800001C8] -> 0x0001
[114] [M]: 0x00000000800001C8 (0x0001) c.nop                                        inst_0+40

mem[X,0x00000000800001CA] -> 0x0013
mem[X,0x00000000800001CC] -> 0x0000
[115] [M]: 0x00000000800001CA (0x00000013) addi x0, x0, 0x0                         inst_0+42

clint mtime 0x000000000000003A (mip.MTI <- 0b1, mip.STI <- 0b0)
mem[X,0x00000000800001CE] -> 0x0013
mem[X,0x00000000800001D0] -> 0x0000
[116] [M]: 0x00000000800001CE (0x00000013) addi x0, x0, 0x0                         inst_0+46

mem[X,0x00000000800001D2] -> 0x0013
mem[X,0x00000000800001D4] -> 0x0000
[117] [M]: 0x00000000800001D2 (0x00000013) addi x0, x0, 0x0                         inst_0+50

clint mtime 0x000000000000003B (mip.MTI <- 0b1, mip.STI <- 0b0)
mem[X,0x00000000800001D6] -> 0x0013
mem[X,0x00000000800001D8] -> 0x0000
[118] [M]: 0x00000000800001D6 (0x00000013) addi x0, x0, 0x0                         inst_0+54

mem[X,0x00000000800001DA] -> 0x0013
mem[X,0x00000000800001DC] -> 0x0000
[119] [M]: 0x00000000800001DA (0x00000013) addi x0, x0, 0x0                         inst_0+58

clint mtime 0x000000000000003C (mip.MTI <- 0b1, mip.STI <- 0b0)
mem[X,0x00000000800001DE] -> 0x0001
[120] [M]: 0x00000000800001DE (0x0001) c.nop                                        inst_0+62

mem[X,0x00000000800001E0] -> 0x8CE7
mem[X,0x00000000800001E2] -> 0x007C
[121] [M]: 0x00000000800001E0 (0x007C8CE7) jalr x25, 0x7(x25)                       inst_0+64
x25 <- 0x00000000800001E4

clint mtime 0x000000000000003D (mip.MTI <- 0b1, mip.STI <- 0b0)
mem[X,0x00000000800001F4] -> 0xCC93
mem[X,0x00000000800001F6] -> 0x003C
[122] [M]: 0x00000000800001F4 (0x003CCC93) xori x25, x25, 0x3                       inst_0+84
x25 <- 0x00000000800001E7

mem[X,0x00000000800001F8] -> 0x006F
mem[X,0x00000000800001FA] -> 0x0040
[123] [M]: 0x00000000800001F8 (0x0040006F) jal x0, 0x4                              inst_0+88

clint mtime 0x000000000000003E (mip.MTI <- 0b1, mip.STI <- 0b0)
mem[X,0x00000000800001FC] -> 0x0013
mem[X,0x00000000800001FE] -> 0x0000
[124] [M]: 0x00000000800001FC (0x00000013) addi x0, x0, 0x0                         inst_0+92

mem[X,0x0000000080000200] -> 0x0417
mem[X,0x0000000080000202] -> 0x0000
[125] [M]: 0x0000000080000200 (0x00000417) auipc x8, 0x0                            inst_0+96
x8 <- 0x0000000080000200

clint mtime 0x000000000000003F (mip.MTI <- 0b1, mip.STI <- 0b0)
mem[X,0x0000000080000204] -> 0x0413
mem[X,0x0000000080000206] -> 0xFA04
[126] [M]: 0x0000000080000204 (0xFA040413) addi x8, x8, -0x60                       inst_0+100
x8 <- 0x00000000800001A0

mem[X,0x0000000080000208] -> 0x0001
[127] [M]: 0x0000000080000208 (0x0001) c.nop                                        inst_0+104

clint mtime 0x0000000000000040 (mip.MTI <- 0b1, mip.STI <- 0b0)
mem[X,0x000000008000020A] -> 0x0013
mem[X,0x000000008000020C] -> 0x0000
[128] [M]: 0x000000008000020A (0x00000013) addi x0, x0, 0x0                         inst_0+106

mem[X,0x000000008000020E] -> 0x0013
mem[X,0x0000000080000210] -> 0x0000
[129] [M]: 0x000000008000020E (0x00000013) addi x0, x0, 0x0                         inst_0+110

clint mtime 0x0000000000000041 (mip.MTI <- 0b1, mip.STI <- 0b0)
mem[X,0x0000000080000212] -> 0x0013
mem[X,0x0000000080000214] -> 0x0000
[130] [M]: 0x0000000080000212 (0x00000013) addi x0, x0, 0x0                         inst_0+114

mem[X,0x0000000080000216] -> 0x0013
mem[X,0x0000000080000218] -> 0x0000
[131] [M]: 0x0000000080000216 (0x00000013) addi x0, x0, 0x0                         inst_0+118

clint mtime 0x0000000000000042 (mip.MTI <- 0b1, mip.STI <- 0b0)
mem[X,0x000000008000021A] -> 0x0013
mem[X,0x000000008000021C] -> 0x0000
[132] [M]: 0x000000008000021A (0x00000013) addi x0, x0, 0x0                         inst_0+122

mem[X,0x000000008000021E] -> 0x0001
[133] [M]: 0x000000008000021E (0x0001) c.nop                                        inst_0+126

clint mtime 0x0000000000000043 (mip.MTI <- 0b1, mip.STI <- 0b0)
mem[X,0x0000000080000220] -> 0x7413
mem[X,0x0000000080000222] -> 0xFFC4
[134] [M]: 0x0000000080000220 (0xFFC47413) andi x8, x8, -0x4                        inst_0+128
x8 <- 0x00000000800001A0

mem[X,0x0000000080000224] -> 0x8CB3
mem[X,0x0000000080000226] -> 0x408C
[135] [M]: 0x0000000080000224 (0x408C8CB3) sub x25, x25, x8                         inst_0+132
x25 <- 0x0000000000000047

clint mtime 0x0000000000000044 (mip.MTI <- 0b1, mip.STI <- 0b0)
mem[X,0x0000000080000228] -> 0x3023
mem[X,0x000000008000022A] -> 0x0192
[136] [M]: 0x0000000080000228 (0x01923023) sd x25, 0x0(x4)                          inst_0+136
mem[W,0x0000000080004118] <- 0x0000000000000047

mem[X,0x000000008000022C] -> 0x0397
mem[X,0x000000008000022E] -> 0x0000
[137] [M]: 0x000000008000022C (0x00000397) auipc x7, 0x0                            inst_1+0
x7 <- 0x000000008000022C

clint mtime 0x0000000000000045 (mip.MTI <- 0b1, mip.STI <- 0b0)
mem[X,0x0000000080000230] -> 0x0013
mem[X,0x0000000080000232] -> 0x0000
[138] [M]: 0x0000000080000230 (0x00000013) addi x0, x0, 0x0                         inst_1+4

mem[X,0x0000000080000234] -> 0x0013
mem[X,0x0000000080000236] -> 0x0000
[139] [M]: 0x0000000080000234 (0x00000013) addi x0, x0, 0x0                         inst_1+8

clint mtime 0x0000000000000046 (mip.MTI <- 0b1, mip.STI <- 0b0)
mem[X,0x0000000080000238] -> 0x0013
mem[X,0x000000008000023A] -> 0x0000
[140] [M]: 0x0000000080000238 (0x00000013) addi x0, x0, 0x0                         inst_1+12

mem[X,0x000000008000023C] -> 0x0013
mem[X,0x000000008000023E] -> 0x0000
[141] [M]: 0x000000008000023C (0x00000013) addi x0, x0, 0x0                         inst_1+16

clint mtime 0x0000000000000047 (mip.MTI <- 0b1, mip.STI <- 0b0)
mem[X,0x0000000080000240] -> 0x0997
mem[X,0x0000000080000242] -> 0x0000
[142] [M]: 0x0000000080000240 (0x00000997) auipc x19, 0x0                           inst_1+20
x19 <- 0x0000000080000240

mem[X,0x0000000080000244] -> 0x8993
mem[X,0x0000000080000246] -> 0x03E9
[143] [M]: 0x0000000080000244 (0x03E98993) addi x19, x19, 0x3e                      inst_1+24
x19 <- 0x000000008000027E

clint mtime 0x0000000000000048 (mip.MTI <- 0b1, mip.STI <- 0b0)
mem[X,0x0000000080000248] -> 0x0001
[144] [M]: 0x0000000080000248 (0x0001) c.nop                                        inst_1+28

mem[X,0x000000008000024A] -> 0x0013
mem[X,0x000000008000024C] -> 0x0000
[145] [M]: 0x000000008000024A (0x00000013) addi x0, x0, 0x0                         inst_1+30

clint mtime 0x0000000000000049 (mip.MTI <- 0b1, mip.STI <- 0b0)
mem[X,0x000000008000024E] -> 0x0013
mem[X,0x0000000080000250] -> 0x0000
[146] [M]: 0x000000008000024E (0x00000013) addi x0, x0, 0x0                         inst_1+34

mem[X,0x0000000080000252] -> 0x0013
mem[X,0x0000000080000254] -> 0x0000
[147] [M]: 0x0000000080000252 (0x00000013) addi x0, x0, 0x0                         inst_1+38

clint mtime 0x000000000000004A (mip.MTI <- 0b1, mip.STI <- 0b0)
mem[X,0x0000000080000256] -> 0x0013
mem[X,0x0000000080000258] -> 0x0000
[148] [M]: 0x0000000080000256 (0x00000013) addi x0, x0, 0x0                         inst_1+42

mem[X,0x000000008000025A] -> 0x0013
mem[X,0x000000008000025C] -> 0x0000
[149] [M]: 0x000000008000025A (0x00000013) addi x0, x0, 0x0                         inst_1+46

clint mtime 0x000000000000004B (mip.MTI <- 0b1, mip.STI <- 0b0)
mem[X,0x000000008000025E] -> 0x0001
[150] [M]: 0x000000008000025E (0x0001) c.nop                                        inst_1+50

mem[X,0x0000000080000260] -> 0x83E7
mem[X,0x0000000080000262] -> 0xFF69
[151] [M]: 0x0000000080000260 (0xFF6983E7) jalr x7, -0xa(x19)                       inst_1+52
x7 <- 0x0000000080000264

clint mtime 0x000000000000004C (mip.MTI <- 0b1, mip.STI <- 0b0)
mem[X,0x0000000080000274] -> 0xC393
mem[X,0x0000000080000276] -> 0x0033
[152] [M]: 0x0000000080000274 (0x0033C393) xori x7, x7, 0x3                         inst_1+72
x7 <- 0x0000000080000267

mem[X,0x0000000080000278] -> 0x006F
mem[X,0x000000008000027A] -> 0x0040
[153] [M]: 0x0000000080000278 (0x0040006F) jal x0, 0x4                              inst_1+76

clint mtime 0x000000000000004D (mip.MTI <- 0b1, mip.STI <- 0b0)
mem[X,0x000000008000027C] -> 0x0013
mem[X,0x000000008000027E] -> 0x0000
[154] [M]: 0x000000008000027C (0x00000013) addi x0, x0, 0x0                         inst_1+80

mem[X,0x0000000080000280] -> 0x0417
mem[X,0x0000000080000282] -> 0x0000
[155] [M]: 0x0000000080000280 (0x00000417) auipc x8, 0x0                            inst_1+84
x8 <- 0x0000000080000280

clint mtime 0x000000000000004E (mip.MTI <- 0b1, mip.STI <- 0b0)
mem[X,0x0000000080000284] -> 0x0413
mem[X,0x0000000080000286] -> 0xFAC4
[156] [M]: 0x0000000080000284 (0xFAC40413) addi x8, x8, -0x54                       inst_1+88
x8 <- 0x000000008000022C

mem[X,0x0000000080000288] -> 0x0001
[157] [M]: 0x0000000080000288 (0x0001) c.nop                                        inst_1+92

clint mtime 0x000000000000004F (mip.MTI <- 0b1, mip.STI <- 0b0)
mem[X,0x000000008000028A] -> 0x0013
mem[X,0x000000008000028C] -> 0x0000
[158] [M]: 0x000000008000028A (0x00000013) addi x0, x0, 0x0                         inst_1+94

mem[X,0x000000008000028E] -> 0x0013
mem[X,0x0000000080000290] -> 0x0000
[159] [M]: 0x000000008000028E (0x00000013) addi x0, x0, 0x0                         inst_1+98

clint mtime 0x0000000000000050 (mip.MTI <- 0b1, mip.STI <- 0b0)
mem[X,0x0000000080000292] -> 0x0013
mem[X,0x0000000080000294] -> 0x0000
[160] [M]: 0x0000000080000292 (0x00000013) addi x0, x0, 0x0                         inst_1+102

mem[X,0x0000000080000296] -> 0x0013
mem[X,0x0000000080000298] -> 0x0000
[161] [M]: 0x0000000080000296 (0x00000013) addi x0, x0, 0x0                         inst_1+106

clint mtime 0x0000000000000051 (mip.MTI <- 0b1, mip.STI <- 0b0)
mem[X,0x000000008000029A] -> 0x0013
mem[X,0x000000008000029C] -> 0x0000
[162] [M]: 0x000000008000029A (0x00000013) addi x0, x0, 0x0                         inst_1+110

mem[X,0x000000008000029E] -> 0x0001
[163] [M]: 0x000000008000029E (0x0001) c.nop                                        inst_1+114

clint mtime 0x0000000000000052 (mip.MTI <- 0b1, mip.STI <- 0b0)
mem[X,0x00000000800002A0] -> 0x7413
mem[X,0x00000000800002A2] -> 0xFFC4
[164] [M]: 0x00000000800002A0 (0xFFC47413) andi x8, x8, -0x4                        inst_1+116
x8 <- 0x000000008000022C

mem[X,0x00000000800002A4] -> 0x83B3
mem[X,0x00000000800002A6] -> 0x4083
[165] [M]: 0x00000000800002A4 (0x408383B3) sub x7, x7, x8                           inst_1+120
x7 <- 0x000000000000003B

clint mtime 0x0000000000000053 (mip.MTI <- 0b1, mip.STI <- 0b0)
mem[X,0x00000000800002A8] -> 0x3423
mem[X,0x00000000800002AA] -> 0x0072
[166] [M]: 0x00000000800002A8 (0x00723423) sd x7, 0x8(x4)                           inst_1+124
mem[W,0x0000000080004120] <- 0x000000000000003B

mem[X,0x00000000800002AC] -> 0x0A97
mem[X,0x00000000800002AE] -> 0x0000
[167] [M]: 0x00000000800002AC (0x00000A97) auipc x21, 0x0                           inst_2+0
x21 <- 0x00000000800002AC

clint mtime 0x0000000000000054 (mip.MTI <- 0b1, mip.STI <- 0b0)
mem[X,0x00000000800002B0] -> 0x0013
mem[X,0x00000000800002B2] -> 0x0000
[168] [M]: 0x00000000800002B0 (0x00000013) addi x0, x0, 0x0                         inst_2+4

mem[X,0x00000000800002B4] -> 0x0013
mem[X,0x00000000800002B6] -> 0x0000
[169] [M]: 0x00000000800002B4 (0x00000013) addi x0, x0, 0x0                         inst_2+8

clint mtime 0x0000000000000055 (mip.MTI <- 0b1, mip.STI <- 0b0)
mem[X,0x00000000800002B8] -> 0x0013
mem[X,0x00000000800002BA] -> 0x0000
[170] [M]: 0x00000000800002B8 (0x00000013) addi x0, x0, 0x0                         inst_2+12

mem[X,0x00000000800002BC] -> 0x0013
mem[X,0x00000000800002BE] -> 0x0000
[171] [M]: 0x00000000800002BC (0x00000013) addi x0, x0, 0x0                         inst_2+16

clint mtime 0x0000000000000056 (mip.MTI <- 0b1, mip.STI <- 0b0)
mem[X,0x00000000800002C0] -> 0x0117
mem[X,0x00000000800002C2] -> 0x0000
[172] [M]: 0x00000000800002C0 (0x00000117) auipc x2, 0x0                            inst_2+20
x2 <- 0x00000000800002C0

mem[X,0x00000000800002C4] -> 0x0113
mem[X,0x00000000800002C6] -> 0x0331
[173] [M]: 0x00000000800002C4 (0x03310113) addi x2, x2, 0x33                        inst_2+24
x2 <- 0x00000000800002F3

clint mtime 0x0000000000000057 (mip.MTI <- 0b1, mip.STI <- 0b0)
mem[X,0x00000000800002C8] -> 0x0001
[174] [M]: 0x00000000800002C8 (0x0001) c.nop                                        inst_2+28

mem[X,0x00000000800002CA] -> 0x0013
mem[X,0x00000000800002CC] -> 0x0000
[175] [M]: 0x00000000800002CA (0x00000013) addi x0, x0, 0x0                         inst_2+30

clint mtime 0x0000000000000058 (mip.MTI <- 0b1, mip.STI <- 0b0)
mem[X,0x00000000800002CE] -> 0x0013
mem[X,0x00000000800002D0] -> 0x0000
[176] [M]: 0x00000000800002CE (0x00000013) addi x0, x0, 0x0                         inst_2+34

mem[X,0x00000000800002D2] -> 0x0013
mem[X,0x00000000800002D4] -> 0x0000
[177] [M]: 0x00000000800002D2 (0x00000013) addi x0, x0, 0x0                         inst_2+38

clint mtime 0x0000000000000059 (mip.MTI <- 0b1, mip.STI <- 0b0)
mem[X,0x00000000800002D6] -> 0x0013
mem[X,0x00000000800002D8] -> 0x0000
[178] [M]: 0x00000000800002D6 (0x00000013) addi x0, x0, 0x0                         inst_2+42

mem[X,0x00000000800002DA] -> 0x0013
mem[X,0x00000000800002DC] -> 0x0000
[179] [M]: 0x00000000800002DA (0x00000013) addi x0, x0, 0x0                         inst_2+46

clint mtime 0x000000000000005A (mip.MTI <- 0b1, mip.STI <- 0b0)
mem[X,0x00000000800002DE] -> 0x0001
[180] [M]: 0x00000000800002DE (0x0001) c.nop                                        inst_2+50

mem[X,0x00000000800002E0] -> 0x0AE7
mem[X,0x00000000800002E2] -> 0x0011
[181] [M]: 0x00000000800002E0 (0x00110AE7) jalr x21, 0x1(x2)                        inst_2+52
x21 <- 0x00000000800002E4

clint mtime 0x000000000000005B (mip.MTI <- 0b1, mip.STI <- 0b0)
mem[X,0x00000000800002F4] -> 0xCA93
mem[X,0x00000000800002F6] -> 0x003A
[182] [M]: 0x00000000800002F4 (0x003ACA93) xori x21, x21, 0x3                       inst_2+72
x21 <- 0x00000000800002E7

mem[X,0x00000000800002F8] -> 0x006F
mem[X,0x00000000800002FA] -> 0x0040
[183] [M]: 0x00000000800002F8 (0x0040006F) jal x0, 0x4                              inst_2+76

clint mtime 0x000000000000005C (mip.MTI <- 0b1, mip.STI <- 0b0)
mem[X,0x00000000800002FC] -> 0x0013
mem[X,0x00000000800002FE] -> 0x0000
[184] [M]: 0x00000000800002FC (0x00000013) addi x0, x0, 0x0                         inst_2+80

mem[X,0x0000000080000300] -> 0x0417
mem[X,0x0000000080000302] -> 0x0000
[185] [M]: 0x0000000080000300 (0x00000417) auipc x8, 0x0                            inst_2+84
x8 <- 0x0000000080000300

clint mtime 0x000000000000005D (mip.MTI <- 0b1, mip.STI <- 0b0)
mem[X,0x0000000080000304] -> 0x0413
mem[X,0x0000000080000306] -> 0xFAC4
[186] [M]: 0x0000000080000304 (0xFAC40413) addi x8, x8, -0x54                       inst_2+88
x8 <- 0x00000000800002AC

mem[X,0x0000000080000308] -> 0x0001
[187] [M]: 0x0000000080000308 (0x0001) c.nop                                        inst_2+92

clint mtime 0x000000000000005E (mip.MTI <- 0b1, mip.STI <- 0b0)
mem[X,0x000000008000030A] -> 0x0013
mem[X,0x000000008000030C] -> 0x0000
[188] [M]: 0x000000008000030A (0x00000013) addi x0, x0, 0x0                         inst_2+94

mem[X,0x000000008000030E] -> 0x0013
mem[X,0x0000000080000310] -> 0x0000
[189] [M]: 0x000000008000030E (0x00000013) addi x0, x0, 0x0                         inst_2+98

clint mtime 0x000000000000005F (mip.MTI <- 0b1, mip.STI <- 0b0)
mem[X,0x0000000080000312] -> 0x0013
mem[X,0x0000000080000314] -> 0x0000
[190] [M]: 0x0000000080000312 (0x00000013) addi x0, x0, 0x0                         inst_2+102

mem[X,0x0000000080000316] -> 0x0013
mem[X,0x0000000080000318] -> 0x0000
[191] [M]: 0x0000000080000316 (0x00000013) addi x0, x0, 0x0                         inst_2+106

clint mtime 0x0000000000000060 (mip.MTI <- 0b1, mip.STI <- 0b0)
mem[X,0x000000008000031A] -> 0x0013
mem[X,0x000000008000031C] -> 0x0000
[192] [M]: 0x000000008000031A (0x00000013) addi x0, x0, 0x0                         inst_2+110

mem[X,0x000000008000031E] -> 0x0001
[193] [M]: 0x000000008000031E (0x0001) c.nop                                        inst_2+114

clint mtime 0x0000000000000061 (mip.MTI <- 0b1, mip.STI <- 0b0)
mem[X,0x0000000080000320] -> 0x7413
mem[X,0x0000000080000322] -> 0xFFC4
[194] [M]: 0x0000000080000320 (0xFFC47413) andi x8, x8, -0x4                        inst_2+116
x8 <- 0x00000000800002AC

mem[X,0x0000000080000324] -> 0x8AB3
mem[X,0x0000000080000326] -> 0x408A
[195] [M]: 0x0000000080000324 (0x408A8AB3) sub x21, x21, x8                         inst_2+120
x21 <- 0x000000000000003B

clint mtime 0x0000000000000062 (mip.MTI <- 0b1, mip.STI <- 0b0)
mem[X,0x0000000080000328] -> 0x3823
mem[X,0x000000008000032A] -> 0x0152
[196] [M]: 0x0000000080000328 (0x01523823) sd x21, 0x10(x4)                         inst_2+124
mem[W,0x0000000080004128] <- 0x000000000000003B

mem[X,0x000000008000032C] -> 0x0B97
mem[X,0x000000008000032E] -> 0x0000
[197] [M]: 0x000000008000032C (0x00000B97) auipc x23, 0x0                           inst_3+0
x23 <- 0x000000008000032C

clint mtime 0x0000000000000063 (mip.MTI <- 0b1, mip.STI <- 0b0)
mem[X,0x0000000080000330] -> 0x0013
mem[X,0x0000000080000332] -> 0x0000
[198] [M]: 0x0000000080000330 (0x00000013) addi x0, x0, 0x0                         inst_3+4

mem[X,0x0000000080000334] -> 0x0013
mem[X,0x0000000080000336] -> 0x0000
[199] [M]: 0x0000000080000334 (0x00000013) addi x0, x0, 0x0                         inst_3+8

clint mtime 0x0000000000000064 (mip.MTI <- 0b1, mip.STI <- 0b0)
mem[X,0x0000000080000338] -> 0x0013
mem[X,0x000000008000033A] -> 0x0000
[200] [M]: 0x0000000080000338 (0x00000013) addi x0, x0, 0x0                         inst_3+12

mem[X,0x000000008000033C] -> 0x0013
mem[X,0x000000008000033E] -> 0x0000
[201] [M]: 0x000000008000033C (0x00000013) addi x0, x0, 0x0                         inst_3+16

clint mtime 0x0000000000000065 (mip.MTI <- 0b1, mip.STI <- 0b0)
mem[X,0x0000000080000340] -> 0x0F17
mem[X,0x0000000080000342] -> 0x0000
[202] [M]: 0x0000000080000340 (0x00000F17) auipc x30, 0x0                           inst_3+20
x30 <- 0x0000000080000340

mem[X,0x0000000080000344] -> 0x0F13
mem[X,0x0000000080000346] -> 0x032F
[203] [M]: 0x0000000080000344 (0x032F0F13) addi x30, x30, 0x32                      inst_3+24
x30 <- 0x0000000080000372

clint mtime 0x0000000000000066 (mip.MTI <- 0b1, mip.STI <- 0b0)
mem[X,0x0000000080000348] -> 0x0001
[204] [M]: 0x0000000080000348 (0x0001) c.nop                                        inst_3+28

mem[X,0x000000008000034A] -> 0x0013
mem[X,0x000000008000034C] -> 0x0000
[205] [M]: 0x000000008000034A (0x00000013) addi x0, x0, 0x0                         inst_3+30

clint mtime 0x0000000000000067 (mip.MTI <- 0b1, mip.STI <- 0b0)
mem[X,0x000000008000034E] -> 0x0013
mem[X,0x0000000080000350] -> 0x0000
[206] [M]: 0x000000008000034E (0x00000013) addi x0, x0, 0x0                         inst_3+34

mem[X,0x0000000080000352] -> 0x0013
mem[X,0x0000000080000354] -> 0x0000
[207] [M]: 0x0000000080000352 (0x00000013) addi x0, x0, 0x0                         inst_3+38

clint mtime 0x0000000000000068 (mip.MTI <- 0b1, mip.STI <- 0b0)
mem[X,0x0000000080000356] -> 0x0013
mem[X,0x0000000080000358] -> 0x0000
[208] [M]: 0x0000000080000356 (0x00000013) addi x0, x0, 0x0                         inst_3+42

mem[X,0x000000008000035A] -> 0x0013
mem[X,0x000000008000035C] -> 0x0000
[209] [M]: 0x000000008000035A (0x00000013) addi x0, x0, 0x0                         inst_3+46

clint mtime 0x0000000000000069 (mip.MTI <- 0b1, mip.STI <- 0b0)
mem[X,0x000000008000035E] -> 0x0001
[210] [M]: 0x000000008000035E (0x0001) c.nop                                        inst_3+50

mem[X,0x0000000080000360] -> 0x0BE7
mem[X,0x0000000080000362] -> 0x002F
[211] [M]: 0x0000000080000360 (0x002F0BE7) jalr x23, 0x2(x30)                       inst_3+52
x23 <- 0x0000000080000364

clint mtime 0x000000000000006A (mip.MTI <- 0b1, mip.STI <- 0b0)
mem[X,0x0000000080000374] -> 0xCB93
mem[X,0x0000000080000376] -> 0x003B
[212] [M]: 0x0000000080000374 (0x003BCB93) xori x23, x23, 0x3                       inst_3+72
x23 <- 0x0000000080000367

mem[X,0x0000000080000378] -> 0x006F
mem[X,0x000000008000037A] -> 0x0040
[213] [M]: 0x0000000080000378 (0x0040006F) jal x0, 0x4                              inst_3+76

clint mtime 0x000000000000006B (mip.MTI <- 0b1, mip.STI <- 0b0)
mem[X,0x000000008000037C] -> 0x0013
mem[X,0x000000008000037E] -> 0x0000
[214] [M]: 0x000000008000037C (0x00000013) addi x0, x0, 0x0                         inst_3+80

mem[X,0x0000000080000380] -> 0x0417
mem[X,0x0000000080000382] -> 0x0000
[215] [M]: 0x0000000080000380 (0x00000417) auipc x8, 0x0                            inst_3+84
x8 <- 0x0000000080000380

clint mtime 0x000000000000006C (mip.MTI <- 0b1, mip.STI <- 0b0)
mem[X,0x0000000080000384] -> 0x0413
mem[X,0x0000000080000386] -> 0xFAC4
[216] [M]: 0x0000000080000384 (0xFAC40413) addi x8, x8, -0x54                       inst_3+88
x8 <- 0x000000008000032C

mem[X,0x0000000080000388] -> 0x0001
[217] [M]: 0x0000000080000388 (0x0001) c.nop                                        inst_3+92

clint mtime 0x000000000000006D (mip.MTI <- 0b1, mip.STI <- 0b0)
mem[X,0x000000008000038A] -> 0x0013
mem[X,0x000000008000038C] -> 0x0000
[218] [M]: 0x000000008000038A (0x00000013) addi x0, x0, 0x0                         inst_3+94

mem[X,0x000000008000038E] -> 0x0013
mem[X,0x0000000080000390] -> 0x0000
[219] [M]: 0x000000008000038E (0x00000013) addi x0, x0, 0x0                         inst_3+98

clint mtime 0x000000000000006E (mip.MTI <- 0b1, mip.STI <- 0b0)
mem[X,0x0000000080000392] -> 0x0013
mem[X,0x0000000080000394] -> 0x0000
[220] [M]: 0x0000000080000392 (0x00000013) addi x0, x0, 0x0                         inst_3+102

mem[X,0x0000000080000396] -> 0x0013
mem[X,0x0000000080000398] -> 0x0000
[221] [M]: 0x0000000080000396 (0x00000013) addi x0, x0, 0x0                         inst_3+106

clint mtime 0x000000000000006F (mip.MTI <- 0b1, mip.STI <- 0b0)
mem[X,0x000000008000039A] -> 0x0013
mem[X,0x000000008000039C] -> 0x0000
[222] [M]: 0x000000008000039A (0x00000013) addi x0, x0, 0x0                         inst_3+110

mem[X,0x000000008000039E] -> 0x0001
[223] [M]: 0x000000008000039E (0x0001) c.nop                                        inst_3+114

clint mtime 0x0000000000000070 (mip.MTI <- 0b1, mip.STI <- 0b0)
mem[X,0x00000000800003A0] -> 0x7413
mem[X,0x00000000800003A2] -> 0xFFC4
[224] [M]: 0x00000000800003A0 (0xFFC47413) andi x8, x8, -0x4                        inst_3+116
x8 <- 0x000000008000032C

mem[X,0x00000000800003A4] -> 0x8BB3
mem[X,0x00000000800003A6] -> 0x408B
[225] [M]: 0x00000000800003A4 (0x408B8BB3) sub x23, x23, x8                         inst_3+120
x23 <- 0x000000000000003B

clint mtime 0x0000000000000071 (mip.MTI <- 0b1, mip.STI <- 0b0)
mem[X,0x00000000800003A8] -> 0x3C23
mem[X,0x00000000800003AA] -> 0x0172
[226] [M]: 0x00000000800003A8 (0x01723C23) sd x23, 0x18(x4)                         inst_3+124
mem[W,0x0000000080004130] <- 0x000000000000003B

mem[X,0x00000000800003AC] -> 0x0497
mem[X,0x00000000800003AE] -> 0x0000
[227] [M]: 0x00000000800003AC (0x00000497) auipc x9, 0x0                            inst_4+0
x9 <- 0x00000000800003AC

clint mtime 0x0000000000000072 (mip.MTI <- 0b1, mip.STI <- 0b0)
mem[X,0x00000000800003B0] -> 0x0013
mem[X,0x00000000800003B2] -> 0x0000
[228] [M]: 0x00000000800003B0 (0x00000013) addi x0, x0, 0x0                         inst_4+4

mem[X,0x00000000800003B4] -> 0x0013
mem[X,0x00000000800003B6] -> 0x0000
[229] [M]: 0x00000000800003B4 (0x00000013) addi x0, x0, 0x0                         inst_4+8

clint mtime 0x0000000000000073 (mip.MTI <- 0b1, mip.STI <- 0b0)
mem[X,0x00000000800003B8] -> 0x0013
mem[X,0x00000000800003BA] -> 0x0000
[230] [M]: 0x00000000800003B8 (0x00000013) addi x0, x0, 0x0                         inst_4+12

mem[X,0x00000000800003BC] -> 0x0013
mem[X,0x00000000800003BE] -> 0x0000
[231] [M]: 0x00000000800003BC (0x00000013) addi x0, x0, 0x0                         inst_4+16

clint mtime 0x0000000000000074 (mip.MTI <- 0b1, mip.STI <- 0b0)
mem[X,0x00000000800003C0] -> 0x0397
mem[X,0x00000000800003C2] -> 0x0000
[232] [M]: 0x00000000800003C0 (0x00000397) auipc x7, 0x0                            inst_4+20
x7 <- 0x00000000800003C0

mem[X,0x00000000800003C4] -> 0x8393
mem[X,0x00000000800003C6] -> 0x0303
[233] [M]: 0x00000000800003C4 (0x03038393) addi x7, x7, 0x30                        inst_4+24
x7 <- 0x00000000800003F0

clint mtime 0x0000000000000075 (mip.MTI <- 0b1, mip.STI <- 0b0)
mem[X,0x00000000800003C8] -> 0x0001
[234] [M]: 0x00000000800003C8 (0x0001) c.nop                                        inst_4+28

mem[X,0x00000000800003CA] -> 0x0013
mem[X,0x00000000800003CC] -> 0x0000
[235] [M]: 0x00000000800003CA (0x00000013) addi x0, x0, 0x0                         inst_4+30

clint mtime 0x0000000000000076 (mip.MTI <- 0b1, mip.STI <- 0b0)
mem[X,0x00000000800003CE] -> 0x0013
mem[X,0x00000000800003D0] -> 0x0000
[236] [M]: 0x00000000800003CE (0x00000013) addi x0, x0, 0x0                         inst_4+34

mem[X,0x00000000800003D2] -> 0x0013
mem[X,0x00000000800003D4] -> 0x0000
[237] [M]: 0x00000000800003D2 (0x00000013) addi x0, x0, 0x0                         inst_4+38

clint mtime 0x0000000000000077 (mip.MTI <- 0b1, mip.STI <- 0b0)
mem[X,0x00000000800003D6] -> 0x0013
mem[X,0x00000000800003D8] -> 0x0000
[238] [M]: 0x00000000800003D6 (0x00000013) addi x0, x0, 0x0                         inst_4+42

mem[X,0x00000000800003DA] -> 0x0013
mem[X,0x00000000800003DC] -> 0x0000
[239] [M]: 0x00000000800003DA (0x00000013) addi x0, x0, 0x0                         inst_4+46

clint mtime 0x0000000000000078 (mip.MTI <- 0b1, mip.STI <- 0b0)
mem[X,0x00000000800003DE] -> 0x0001
[240] [M]: 0x00000000800003DE (0x0001) c.nop                                        inst_4+50

mem[X,0x00000000800003E0] -> 0x84E7
mem[X,0x00000000800003E2] -> 0x0043
[241] [M]: 0x00000000800003E0 (0x004384E7) jalr x9, 0x4(x7)                         inst_4+52
x9 <- 0x00000000800003E4

clint mtime 0x0000000000000079 (mip.MTI <- 0b1, mip.STI <- 0b0)
mem[X,0x00000000800003F4] -> 0xC493
mem[X,0x00000000800003F6] -> 0x0034
[242] [M]: 0x00000000800003F4 (0x0034C493) xori x9, x9, 0x3                         inst_4+72
x9 <- 0x00000000800003E7

mem[X,0x00000000800003F8] -> 0x006F
mem[X,0x00000000800003FA] -> 0x0040
[243] [M]: 0x00000000800003F8 (0x0040006F) jal x0, 0x4                              inst_4+76

clint mtime 0x000000000000007A (mip.MTI <- 0b1, mip.STI <- 0b0)
mem[X,0x00000000800003FC] -> 0x0013
mem[X,0x00000000800003FE] -> 0x0000
[244] [M]: 0x00000000800003FC (0x00000013) addi x0, x0, 0x0                         inst_4+80

mem[X,0x0000000080000400] -> 0x0417
mem[X,0x0000000080000402] -> 0x0000
[245] [M]: 0x0000000080000400 (0x00000417) auipc x8, 0x0                            inst_4+84
x8 <- 0x0000000080000400

clint mtime 0x000000000000007B (mip.MTI <- 0b1, mip.STI <- 0b0)
mem[X,0x0000000080000404] -> 0x0413
mem[X,0x0000000080000406] -> 0xFAC4
[246] [M]: 0x0000000080000404 (0xFAC40413) addi x8, x8, -0x54                       inst_4+88
x8 <- 0x00000000800003AC

mem[X,0x0000000080000408] -> 0x0001
[247] [M]: 0x0000000080000408 (0x0001) c.nop                                        inst_4+92

clint mtime 0x000000000000007C (mip.MTI <- 0b1, mip.STI <- 0b0)
mem[X,0x000000008000040A] -> 0x0013
mem[X,0x000000008000040C] -> 0x0000
[248] [M]: 0x000000008000040A (0x00000013) addi x0, x0, 0x0                         inst_4+94

mem[X,0x000000008000040E] -> 0x0013
mem[X,0x0000000080000410] -> 0x0000
[249] [M]: 0x000000008000040E (0x00000013) addi x0, x0, 0x0                         inst_4+98

clint mtime 0x000000000000007D (mip.MTI <- 0b1, mip.STI <- 0b0)
mem[X,0x0000000080000412] -> 0x0013
mem[X,0x0000000080000414] -> 0x0000
[250] [M]: 0x0000000080000412 (0x00000013) addi x0, x0, 0x0                         inst_4+102

mem[X,0x0000000080000416] -> 0x0013
mem[X,0x0000000080000418] -> 0x0000
[251] [M]: 0x0000000080000416 (0x00000013) addi x0, x0, 0x0                         inst_4+106

clint mtime 0x000000000000007E (mip.MTI <- 0b1, mip.STI <- 0b0)
mem[X,0x000000008000041A] -> 0x0013
mem[X,0x000000008000041C] -> 0x0000
[252] [M]: 0x000000008000041A (0x00000013) addi x0, x0, 0x0                         inst_4+110

mem[X,0x000000008000041E] -> 0x0001
[253] [M]: 0x000000008000041E (0x0001) c.nop                                        inst_4+114

clint mtime 0x000000000000007F (mip.MTI <- 0b1, mip.STI <- 0b0)
mem[X,0x0000000080000420] -> 0x7413
mem[X,0x0000000080000422] -> 0xFFC4
[254] [M]: 0x0000000080000420 (0xFFC47413) andi x8, x8, -0x4                        inst_4+116
x8 <- 0x00000000800003AC

mem[X,0x0000000080000424] -> 0x84B3
mem[X,0x0000000080000426] -> 0x4084
[255] [M]: 0x0000000080000424 (0x408484B3) sub x9, x9, x8                           inst_4+120
x9 <- 0x000000000000003B

clint mtime 0x0000000000000080 (mip.MTI <- 0b1, mip.STI <- 0b0)
mem[X,0x0000000080000428] -> 0x3023
mem[X,0x000000008000042A] -> 0x0292
[256] [M]: 0x0000000080000428 (0x02923023) sd x9, 0x20(x4)                          inst_4+124
mem[W,0x0000000080004138] <- 0x000000000000003B

mem[X,0x000000008000042C] -> 0x0C17
mem[X,0x000000008000042E] -> 0x0000
[257] [M]: 0x000000008000042C (0x00000C17) auipc x24, 0x0                           inst_5+0
x24 <- 0x000000008000042C

clint mtime 0x0000000000000081 (mip.MTI <- 0b1, mip.STI <- 0b0)
mem[X,0x0000000080000430] -> 0x0013
mem[X,0x0000000080000432] -> 0x0000
[258] [M]: 0x0000000080000430 (0x00000013) addi x0, x0, 0x0                         inst_5+4

mem[X,0x0000000080000434] -> 0x0013
mem[X,0x0000000080000436] -> 0x0000
[259] [M]: 0x0000000080000434 (0x00000013) addi x0, x0, 0x0                         inst_5+8

clint mtime 0x0000000000000082 (mip.MTI <- 0b1, mip.STI <- 0b0)
mem[X,0x0000000080000438] -> 0x0013
mem[X,0x000000008000043A] -> 0x0000
[260] [M]: 0x0000000080000438 (0x00000013) addi x0, x0, 0x0                         inst_5+12

mem[X,0x000000008000043C] -> 0x0013
mem[X,0x000000008000043E] -> 0x0000
[261] [M]: 0x000000008000043C (0x00000013) addi x0, x0, 0x0                         inst_5+16

clint mtime 0x0000000000000083 (mip.MTI <- 0b1, mip.STI <- 0b0)
mem[X,0x0000000080000440] -> 0x0717
mem[X,0x0000000080000442] -> 0x0000
[262] [M]: 0x0000000080000440 (0x00000717) auipc x14, 0x0                           inst_5+20
x14 <- 0x0000000080000440

mem[X,0x0000000080000444] -> 0x0713
mem[X,0x0000000080000446] -> 0x02C7
[263] [M]: 0x0000000080000444 (0x02C70713) addi x14, x14, 0x2c                      inst_5+24
x14 <- 0x000000008000046C

clint mtime 0x0000000000000084 (mip.MTI <- 0b1, mip.STI <- 0b0)
mem[X,0x0000000080000448] -> 0x0001
[264] [M]: 0x0000000080000448 (0x0001) c.nop                                        inst_5+28

mem[X,0x000000008000044A] -> 0x0013
mem[X,0x000000008000044C] -> 0x0000
[265] [M]: 0x000000008000044A (0x00000013) addi x0, x0, 0x0                         inst_5+30

clint mtime 0x0000000000000085 (mip.MTI <- 0b1, mip.STI <- 0b0)
mem[X,0x000000008000044E] -> 0x0013
mem[X,0x0000000080000450] -> 0x0000
[266] [M]: 0x000000008000044E (0x00000013) addi x0, x0, 0x0                         inst_5+34

mem[X,0x0000000080000452] -> 0x0013
mem[X,0x0000000080000454] -> 0x0000
[267] [M]: 0x0000000080000452 (0x00000013) addi x0, x0, 0x0                         inst_5+38

clint mtime 0x0000000000000086 (mip.MTI <- 0b1, mip.STI <- 0b0)
mem[X,0x0000000080000456] -> 0x0013
mem[X,0x0000000080000458] -> 0x0000
[268] [M]: 0x0000000080000456 (0x00000013) addi x0, x0, 0x0                         inst_5+42

mem[X,0x000000008000045A] -> 0x0013
mem[X,0x000000008000045C] -> 0x0000
[269] [M]: 0x000000008000045A (0x00000013) addi x0, x0, 0x0                         inst_5+46

clint mtime 0x0000000000000087 (mip.MTI <- 0b1, mip.STI <- 0b0)
mem[X,0x000000008000045E] -> 0x0001
[270] [M]: 0x000000008000045E (0x0001) c.nop                                        inst_5+50

mem[X,0x0000000080000460] -> 0x0C67
mem[X,0x0000000080000462] -> 0x0087
[271] [M]: 0x0000000080000460 (0x00870C67) jalr x24, 0x8(x14)                       inst_5+52
x24 <- 0x0000000080000464

clint mtime 0x0000000000000088 (mip.MTI <- 0b1, mip.STI <- 0b0)
mem[X,0x0000000080000474] -> 0x4C13
mem[X,0x0000000080000476] -> 0x003C
[272] [M]: 0x0000000080000474 (0x003C4C13) xori x24, x24, 0x3                       inst_5+72
x24 <- 0x0000000080000467

mem[X,0x0000000080000478] -> 0x006F
mem[X,0x000000008000047A] -> 0x0040
[273] [M]: 0x0000000080000478 (0x0040006F) jal x0, 0x4                              inst_5+76

clint mtime 0x0000000000000089 (mip.MTI <- 0b1, mip.STI <- 0b0)
mem[X,0x000000008000047C] -> 0x0013
mem[X,0x000000008000047E] -> 0x0000
[274] [M]: 0x000000008000047C (0x00000013) addi x0, x0, 0x0                         inst_5+80

mem[X,0x0000000080000480] -> 0x0417
mem[X,0x0000000080000482] -> 0x0000
[275] [M]: 0x0000000080000480 (0x00000417) auipc x8, 0x0                            inst_5+84
x8 <- 0x0000000080000480

clint mtime 0x000000000000008A (mip.MTI <- 0b1, mip.STI <- 0b0)
mem[X,0x0000000080000484] -> 0x0413
mem[X,0x0000000080000486] -> 0xFAC4
[276] [M]: 0x0000000080000484 (0xFAC40413) addi x8, x8, -0x54                       inst_5+88
x8 <- 0x000000008000042C

mem[X,0x0000000080000488] -> 0x0001
[277] [M]: 0x0000000080000488 (0x0001) c.nop                                        inst_5+92

clint mtime 0x000000000000008B (mip.MTI <- 0b1, mip.STI <- 0b0)
mem[X,0x000000008000048A] -> 0x0013
mem[X,0x000000008000048C] -> 0x0000
[278] [M]: 0x000000008000048A (0x00000013) addi x0, x0, 0x0                         inst_5+94

mem[X,0x000000008000048E] -> 0x0013
mem[X,0x0000000080000490] -> 0x0000
[279] [M]: 0x000000008000048E (0x00000013) addi x0, x0, 0x0                         inst_5+98

clint mtime 0x000000000000008C (mip.MTI <- 0b1, mip.STI <- 0b0)
mem[X,0x0000000080000492] -> 0x0013
mem[X,0x0000000080000494] -> 0x0000
[280] [M]: 0x0000000080000492 (0x00000013) addi x0, x0, 0x0                         inst_5+102

mem[X,0x0000000080000496] -> 0x0013
mem[X,0x0000000080000498] -> 0x0000
[281] [M]: 0x0000000080000496 (0x00000013) addi x0, x0, 0x0                         inst_5+106

clint mtime 0x000000000000008D (mip.MTI <- 0b1, mip.STI <- 0b0)
mem[X,0x000000008000049A] -> 0x0013
mem[X,0x000000008000049C] -> 0x0000
[282] [M]: 0x000000008000049A (0x00000013) addi x0, x0, 0x0                         inst_5+110

mem[X,0x000000008000049E] -> 0x0001
[283] [M]: 0x000000008000049E (0x0001) c.nop                                        inst_5+114

clint mtime 0x000000000000008E (mip.MTI <- 0b1, mip.STI <- 0b0)
mem[X,0x00000000800004A0] -> 0x7413
mem[X,0x00000000800004A2] -> 0xFFC4
[284] [M]: 0x00000000800004A0 (0xFFC47413) andi x8, x8, -0x4                        inst_5+116
x8 <- 0x000000008000042C

mem[X,0x00000000800004A4] -> 0x0C33
mem[X,0x00000000800004A6] -> 0x408C
[285] [M]: 0x00000000800004A4 (0x408C0C33) sub x24, x24, x8                         inst_5+120
x24 <- 0x000000000000003B

clint mtime 0x000000000000008F (mip.MTI <- 0b1, mip.STI <- 0b0)
mem[X,0x00000000800004A8] -> 0x3423
mem[X,0x00000000800004AA] -> 0x0382
[286] [M]: 0x00000000800004A8 (0x03823423) sd x24, 0x28(x4)                         inst_5+124
mem[W,0x0000000080004140] <- 0x000000000000003B

mem[X,0x00000000800004AC] -> 0x0197
mem[X,0x00000000800004AE] -> 0x0000
[287] [M]: 0x00000000800004AC (0x00000197) auipc x3, 0x0                            inst_6+0
x3 <- 0x00000000800004AC

clint mtime 0x0000000000000090 (mip.MTI <- 0b1, mip.STI <- 0b0)
mem[X,0x00000000800004B0] -> 0x0013
mem[X,0x00000000800004B2] -> 0x0000
[288] [M]: 0x00000000800004B0 (0x00000013) addi x0, x0, 0x0                         inst_6+4

mem[X,0x00000000800004B4] -> 0x0013
mem[X,0x00000000800004B6] -> 0x0000
[289] [M]: 0x00000000800004B4 (0x00000013) addi x0, x0, 0x0                         inst_6+8

clint mtime 0x0000000000000091 (mip.MTI <- 0b1, mip.STI <- 0b0)
mem[X,0x00000000800004B8] -> 0x0013
mem[X,0x00000000800004BA] -> 0x0000
[290] [M]: 0x00000000800004B8 (0x00000013) addi x0, x0, 0x0                         inst_6+12

mem[X,0x00000000800004BC] -> 0x0013
mem[X,0x00000000800004BE] -> 0x0000
[291] [M]: 0x00000000800004BC (0x00000013) addi x0, x0, 0x0                         inst_6+16

clint mtime 0x0000000000000092 (mip.MTI <- 0b1, mip.STI <- 0b0)
mem[X,0x00000000800004C0] -> 0x0797
mem[X,0x00000000800004C2] -> 0x0000
[292] [M]: 0x00000000800004C0 (0x00000797) auipc x15, 0x0                           inst_6+20
x15 <- 0x00000000800004C0

mem[X,0x00000000800004C4] -> 0x8793
mem[X,0x00000000800004C6] -> 0x0247
[293] [M]: 0x00000000800004C4 (0x02478793) addi x15, x15, 0x24                      inst_6+24
x15 <- 0x00000000800004E4

clint mtime 0x0000000000000093 (mip.MTI <- 0b1, mip.STI <- 0b0)
mem[X,0x00000000800004C8] -> 0x0001
[294] [M]: 0x00000000800004C8 (0x0001) c.nop                                        inst_6+28

mem[X,0x00000000800004CA] -> 0x0013
mem[X,0x00000000800004CC] -> 0x0000
[295] [M]: 0x00000000800004CA (0x00000013) addi x0, x0, 0x0                         inst_6+30

clint mtime 0x0000000000000094 (mip.MTI <- 0b1, mip.STI <- 0b0)
mem[X,0x00000000800004CE] -> 0x0013
mem[X,0x00000000800004D0] -> 0x0000
[296] [M]: 0x00000000800004CE (0x00000013) addi x0, x0, 0x0                         inst_6+34

mem[X,0x00000000800004D2] -> 0x0013
mem[X,0x00000000800004D4] -> 0x0000
[297] [M]: 0x00000000800004D2 (0x00000013) addi x0, x0, 0x0                         inst_6+38

clint mtime 0x0000000000000095 (mip.MTI <- 0b1, mip.STI <- 0b0)
mem[X,0x00000000800004D6] -> 0x0013
mem[X,0x00000000800004D8] -> 0x0000
[298] [M]: 0x00000000800004D6 (0x00000013) addi x0, x0, 0x0                         inst_6+42

mem[X,0x00000000800004DA] -> 0x0013
mem[X,0x00000000800004DC] -> 0x0000
[299] [M]: 0x00000000800004DA (0x00000013) addi x0, x0, 0x0                         inst_6+46

clint mtime 0x0000000000000096 (mip.MTI <- 0b1, mip.STI <- 0b0)
mem[X,0x00000000800004DE] -> 0x0001
[300] [M]: 0x00000000800004DE (0x0001) c.nop                                        inst_6+50

mem[X,0x00000000800004E0] -> 0x81E7
mem[X,0x00000000800004E2] -> 0x0107
[301] [M]: 0x00000000800004E0 (0x010781E7) jalr x3, 0x10(x15)                       inst_6+52
x3 <- 0x00000000800004E4

clint mtime 0x0000000000000097 (mip.MTI <- 0b1, mip.STI <- 0b0)
mem[X,0x00000000800004F4] -> 0xC193
mem[X,0x00000000800004F6] -> 0x0031
[302] [M]: 0x00000000800004F4 (0x0031C193) xori x3, x3, 0x3                         inst_6+72
x3 <- 0x00000000800004E7

mem[X,0x00000000800004F8] -> 0x006F
mem[X,0x00000000800004FA] -> 0x0040
[303] [M]: 0x00000000800004F8 (0x0040006F) jal x0, 0x4                              inst_6+76

clint mtime 0x0000000000000098 (mip.MTI <- 0b1, mip.STI <- 0b0)
mem[X,0x00000000800004FC] -> 0x0013
mem[X,0x00000000800004FE] -> 0x0000
[304] [M]: 0x00000000800004FC (0x00000013) addi x0, x0, 0x0                         inst_6+80

mem[X,0x0000000080000500] -> 0x0417
mem[X,0x0000000080000502] -> 0x0000
[305] [M]: 0x0000000080000500 (0x00000417) auipc x8, 0x0                            inst_6+84
x8 <- 0x0000000080000500

clint mtime 0x0000000000000099 (mip.MTI <- 0b1, mip.STI <- 0b0)
mem[X,0x0000000080000504] -> 0x0413
mem[X,0x0000000080000506] -> 0xFAC4
[306] [M]: 0x0000000080000504 (0xFAC40413) addi x8, x8, -0x54                       inst_6+88
x8 <- 0x00000000800004AC

mem[X,0x0000000080000508] -> 0x0001
[307] [M]: 0x0000000080000508 (0x0001) c.nop                                        inst_6+92

clint mtime 0x000000000000009A (mip.MTI <- 0b1, mip.STI <- 0b0)
mem[X,0x000000008000050A] -> 0x0013
mem[X,0x000000008000050C] -> 0x0000
[308] [M]: 0x000000008000050A (0x00000013) addi x0, x0, 0x0                         inst_6+94

mem[X,0x000000008000050E] -> 0x0013
mem[X,0x0000000080000510] -> 0x0000
[309] [M]: 0x000000008000050E (0x00000013) addi x0, x0, 0x0                         inst_6+98

clint mtime 0x000000000000009B (mip.MTI <- 0b1, mip.STI <- 0b0)
mem[X,0x0000000080000512] -> 0x0013
mem[X,0x0000000080000514] -> 0x0000
[310] [M]: 0x0000000080000512 (0x00000013) addi x0, x0, 0x0                         inst_6+102

mem[X,0x0000000080000516] -> 0x0013
mem[X,0x0000000080000518] -> 0x0000
[311] [M]: 0x0000000080000516 (0x00000013) addi x0, x0, 0x0                         inst_6+106

clint mtime 0x000000000000009C (mip.MTI <- 0b1, mip.STI <- 0b0)
mem[X,0x000000008000051A] -> 0x0013
mem[X,0x000000008000051C] -> 0x0000
[312] [M]: 0x000000008000051A (0x00000013) addi x0, x0, 0x0                         inst_6+110

mem[X,0x000000008000051E] -> 0x0001
[313] [M]: 0x000000008000051E (0x0001) c.nop                                        inst_6+114

clint mtime 0x000000000000009D (mip.MTI <- 0b1, mip.STI <- 0b0)
mem[X,0x0000000080000520] -> 0x7413
mem[X,0x0000000080000522] -> 0xFFC4
[314] [M]: 0x0000000080000520 (0xFFC47413) andi x8, x8, -0x4                        inst_6+116
x8 <- 0x00000000800004AC

mem[X,0x0000000080000524] -> 0x81B3
mem[X,0x0000000080000526] -> 0x4081
[315] [M]: 0x0000000080000524 (0x408181B3) sub x3, x3, x8                           inst_6+120
x3 <- 0x000000000000003B

clint mtime 0x000000000000009E (mip.MTI <- 0b1, mip.STI <- 0b0)
mem[X,0x0000000080000528] -> 0x3823
mem[X,0x000000008000052A] -> 0x0232
[316] [M]: 0x0000000080000528 (0x02323823) sd x3, 0x30(x4)                          inst_6+124
mem[W,0x0000000080004148] <- 0x000000000000003B

mem[X,0x000000008000052C] -> 0x0F17
mem[X,0x000000008000052E] -> 0x0000
[317] [M]: 0x000000008000052C (0x00000F17) auipc x30, 0x0                           inst_7+0
x30 <- 0x000000008000052C

clint mtime 0x000000000000009F (mip.MTI <- 0b1, mip.STI <- 0b0)
mem[X,0x0000000080000530] -> 0x0013
mem[X,0x0000000080000532] -> 0x0000
[318] [M]: 0x0000000080000530 (0x00000013) addi x0, x0, 0x0                         inst_7+4

mem[X,0x0000000080000534] -> 0x0013
mem[X,0x0000000080000536] -> 0x0000
[319] [M]: 0x0000000080000534 (0x00000013) addi x0, x0, 0x0                         inst_7+8

clint mtime 0x00000000000000A0 (mip.MTI <- 0b1, mip.STI <- 0b0)
mem[X,0x0000000080000538] -> 0x0013
mem[X,0x000000008000053A] -> 0x0000
[320] [M]: 0x0000000080000538 (0x00000013) addi x0, x0, 0x0                         inst_7+12

mem[X,0x000000008000053C] -> 0x0013
mem[X,0x000000008000053E] -> 0x0000
[321] [M]: 0x000000008000053C (0x00000013) addi x0, x0, 0x0                         inst_7+16

clint mtime 0x00000000000000A1 (mip.MTI <- 0b1, mip.STI <- 0b0)
mem[X,0x0000000080000540] -> 0x0597
mem[X,0x0000000080000542] -> 0x0000
[322] [M]: 0x0000000080000540 (0x00000597) auipc x11, 0x0                           inst_7+20
x11 <- 0x0000000080000540

mem[X,0x0000000080000544] -> 0x8593
mem[X,0x0000000080000546] -> 0x0145
[323] [M]: 0x0000000080000544 (0x01458593) addi x11, x11, 0x14                      inst_7+24
x11 <- 0x0000000080000554

clint mtime 0x00000000000000A2 (mip.MTI <- 0b1, mip.STI <- 0b0)
mem[X,0x0000000080000548] -> 0x0001
[324] [M]: 0x0000000080000548 (0x0001) c.nop                                        inst_7+28

mem[X,0x000000008000054A] -> 0x0013
mem[X,0x000000008000054C] -> 0x0000
[325] [M]: 0x000000008000054A (0x00000013) addi x0, x0, 0x0                         inst_7+30

clint mtime 0x00000000000000A3 (mip.MTI <- 0b1, mip.STI <- 0b0)
mem[X,0x000000008000054E] -> 0x0013
mem[X,0x0000000080000550] -> 0x0000
[326] [M]: 0x000000008000054E (0x00000013) addi x0, x0, 0x0                         inst_7+34

mem[X,0x0000000080000552] -> 0x0013
mem[X,0x0000000080000554] -> 0x0000
[327] [M]: 0x0000000080000552 (0x00000013) addi x0, x0, 0x0                         inst_7+38

clint mtime 0x00000000000000A4 (mip.MTI <- 0b1, mip.STI <- 0b0)
mem[X,0x0000000080000556] -> 0x0013
mem[X,0x0000000080000558] -> 0x0000
[328] [M]: 0x0000000080000556 (0x00000013) addi x0, x0, 0x0                         inst_7+42

mem[X,0x000000008000055A] -> 0x0013
mem[X,0x000000008000055C] -> 0x0000
[329] [M]: 0x000000008000055A (0x00000013) addi x0, x0, 0x0                         inst_7+46

clint mtime 0x00000000000000A5 (mip.MTI <- 0b1, mip.STI <- 0b0)
mem[X,0x000000008000055E] -> 0x0001
[330] [M]: 0x000000008000055E (0x0001) c.nop                                        inst_7+50

mem[X,0x0000000080000560] -> 0x8F67
mem[X,0x0000000080000562] -> 0x0205
[331] [M]: 0x0000000080000560 (0x02058F67) jalr x30, 0x20(x11)                      inst_7+52
x30 <- 0x0000000080000564

clint mtime 0x00000000000000A6 (mip.MTI <- 0b1, mip.STI <- 0b0)
mem[X,0x0000000080000574] -> 0x4F13
mem[X,0x0000000080000576] -> 0x003F
[332] [M]: 0x0000000080000574 (0x003F4F13) xori x30, x30, 0x3                       inst_7+72
x30 <- 0x0000000080000567

mem[X,0x0000000080000578] -> 0x006F
mem[X,0x000000008000057A] -> 0x0040
[333] [M]: 0x0000000080000578 (0x0040006F) jal x0, 0x4                              inst_7+76

clint mtime 0x00000000000000A7 (mip.MTI <- 0b1, mip.STI <- 0b0)
mem[X,0x000000008000057C] -> 0x0013
mem[X,0x000000008000057E] -> 0x0000
[334] [M]: 0x000000008000057C (0x00000013) addi x0, x0, 0x0                         inst_7+80

mem[X,0x0000000080000580] -> 0x0417
mem[X,0x0000000080000582] -> 0x0000
[335] [M]: 0x0000000080000580 (0x00000417) auipc x8, 0x0                            inst_7+84
x8 <- 0x0000000080000580

clint mtime 0x00000000000000A8 (mip.MTI <- 0b1, mip.STI <- 0b0)
mem[X,0x0000000080000584] -> 0x0413
mem[X,0x0000000080000586] -> 0xFAC4
[336] [M]: 0x0000000080000584 (0xFAC40413) addi x8, x8, -0x54                       inst_7+88
x8 <- 0x000000008000052C

mem[X,0x0000000080000588] -> 0x0001
[337] [M]: 0x0000000080000588 (0x0001) c.nop                                        inst_7+92

clint mtime 0x00000000000000A9 (mip.MTI <- 0b1, mip.STI <- 0b0)
mem[X,0x000000008000058A] -> 0x0013
mem[X,0x000000008000058C] -> 0x0000
[338] [M]: 0x000000008000058A (0x00000013) addi x0, x0, 0x0                         inst_7+94

mem[X,0x000000008000058E] -> 0x0013
mem[X,0x0000000080000590] -> 0x0000
[339] [M]: 0x000000008000058E (0x00000013) addi x0, x0, 0x0                         inst_7+98

clint mtime 0x00000000000000AA (mip.MTI <- 0b1, mip.STI <- 0b0)
mem[X,0x0000000080000592] -> 0x0013
mem[X,0x0000000080000594] -> 0x0000
[340] [M]: 0x0000000080000592 (0x00000013) addi x0, x0, 0x0                         inst_7+102

mem[X,0x0000000080000596] -> 0x0013
mem[X,0x0000000080000598] -> 0x0000
[341] [M]: 0x0000000080000596 (0x00000013) addi x0, x0, 0x0                         inst_7+106

clint mtime 0x00000000000000AB (mip.MTI <- 0b1, mip.STI <- 0b0)
mem[X,0x000000008000059A] -> 0x0013
mem[X,0x000000008000059C] -> 0x0000
[342] [M]: 0x000000008000059A (0x00000013) addi x0, x0, 0x0                         inst_7+110

mem[X,0x000000008000059E] -> 0x0001
[343] [M]: 0x000000008000059E (0x0001) c.nop                                        inst_7+114

clint mtime 0x00000000000000AC (mip.MTI <- 0b1, mip.STI <- 0b0)
mem[X,0x00000000800005A0] -> 0x7413
mem[X,0x00000000800005A2] -> 0xFFC4
[344] [M]: 0x00000000800005A0 (0xFFC47413) andi x8, x8, -0x4                        inst_7+116
x8 <- 0x000000008000052C

mem[X,0x00000000800005A4] -> 0x0F33
mem[X,0x00000000800005A6] -> 0x408F
[345] [M]: 0x00000000800005A4 (0x408F0F33) sub x30, x30, x8                         inst_7+120
x30 <- 0x000000000000003B

clint mtime 0x00000000000000AD (mip.MTI <- 0b1, mip.STI <- 0b0)
mem[X,0x00000000800005A8] -> 0x3C23
mem[X,0x00000000800005AA] -> 0x03E2
[346] [M]: 0x00000000800005A8 (0x03E23C23) sd x30, 0x38(x4)                         inst_7+124
mem[W,0x0000000080004150] <- 0x000000000000003B

mem[X,0x00000000800005AC] -> 0x0F97
mem[X,0x00000000800005AE] -> 0x0000
[347] [M]: 0x00000000800005AC (0x00000F97) auipc x31, 0x0                           inst_8+0
x31 <- 0x00000000800005AC

clint mtime 0x00000000000000AE (mip.MTI <- 0b1, mip.STI <- 0b0)
mem[X,0x00000000800005B0] -> 0x0013
mem[X,0x00000000800005B2] -> 0x0000
[348] [M]: 0x00000000800005B0 (0x00000013) addi x0, x0, 0x0                         inst_8+4

mem[X,0x00000000800005B4] -> 0x0013
mem[X,0x00000000800005B6] -> 0x0000
[349] [M]: 0x00000000800005B4 (0x00000013) addi x0, x0, 0x0                         inst_8+8

clint mtime 0x00000000000000AF (mip.MTI <- 0b1, mip.STI <- 0b0)
mem[X,0x00000000800005B8] -> 0x0013
mem[X,0x00000000800005BA] -> 0x0000
[350] [M]: 0x00000000800005B8 (0x00000013) addi x0, x0, 0x0                         inst_8+12

mem[X,0x00000000800005BC] -> 0x0013
mem[X,0x00000000800005BE] -> 0x0000
[351] [M]: 0x00000000800005BC (0x00000013) addi x0, x0, 0x0                         inst_8+16

clint mtime 0x00000000000000B0 (mip.MTI <- 0b1, mip.STI <- 0b0)
mem[X,0x00000000800005C0] -> 0x0E97
mem[X,0x00000000800005C2] -> 0x0000
[352] [M]: 0x00000000800005C0 (0x00000E97) auipc x29, 0x0                           inst_8+20
x29 <- 0x00000000800005C0

mem[X,0x00000000800005C4] -> 0x8E93
mem[X,0x00000000800005C6] -> 0xFF4E
[353] [M]: 0x00000000800005C4 (0xFF4E8E93) addi x29, x29, -0xc                      inst_8+24
x29 <- 0x00000000800005B4

clint mtime 0x00000000000000B1 (mip.MTI <- 0b1, mip.STI <- 0b0)
mem[X,0x00000000800005C8] -> 0x0001
[354] [M]: 0x00000000800005C8 (0x0001) c.nop                                        inst_8+28

mem[X,0x00000000800005CA] -> 0x0013
mem[X,0x00000000800005CC] -> 0x0000
[355] [M]: 0x00000000800005CA (0x00000013) addi x0, x0, 0x0                         inst_8+30

clint mtime 0x00000000000000B2 (mip.MTI <- 0b1, mip.STI <- 0b0)
mem[X,0x00000000800005CE] -> 0x0013
mem[X,0x00000000800005D0] -> 0x0000
[356] [M]: 0x00000000800005CE (0x00000013) addi x0, x0, 0x0                         inst_8+34

mem[X,0x00000000800005D2] -> 0x0013
mem[X,0x00000000800005D4] -> 0x0000
[357] [M]: 0x00000000800005D2 (0x00000013) addi x0, x0, 0x0                         inst_8+38

clint mtime 0x00000000000000B3 (mip.MTI <- 0b1, mip.STI <- 0b0)
mem[X,0x00000000800005D6] -> 0x0013
mem[X,0x00000000800005D8] -> 0x0000
[358] [M]: 0x00000000800005D6 (0x00000013) addi x0, x0, 0x0                         inst_8+42

mem[X,0x00000000800005DA] -> 0x0013
mem[X,0x00000000800005DC] -> 0x0000
[359] [M]: 0x00000000800005DA (0x00000013) addi x0, x0, 0x0                         inst_8+46

clint mtime 0x00000000000000B4 (mip.MTI <- 0b1, mip.STI <- 0b0)
mem[X,0x00000000800005DE] -> 0x0001
[360] [M]: 0x00000000800005DE (0x0001) c.nop                                        inst_8+50

mem[X,0x00000000800005E0] -> 0x8FE7
mem[X,0x00000000800005E2] -> 0x040E
[361] [M]: 0x00000000800005E0 (0x040E8FE7) jalr x31, 0x40(x29)                      inst_8+52
x31 <- 0x00000000800005E4

clint mtime 0x00000000000000B5 (mip.MTI <- 0b1, mip.STI <- 0b0)
mem[X,0x00000000800005F4] -> 0xCF93
mem[X,0x00000000800005F6] -> 0x003F
[362] [M]: 0x00000000800005F4 (0x003FCF93) xori x31, x31, 0x3                       inst_8+72
x31 <- 0x00000000800005E7

mem[X,0x00000000800005F8] -> 0x006F
mem[X,0x00000000800005FA] -> 0x0040
[363] [M]: 0x00000000800005F8 (0x0040006F) jal x0, 0x4                              inst_8+76

clint mtime 0x00000000000000B6 (mip.MTI <- 0b1, mip.STI <- 0b0)
mem[X,0x00000000800005FC] -> 0x0013
mem[X,0x00000000800005FE] -> 0x0000
[364] [M]: 0x00000000800005FC (0x00000013) addi x0, x0, 0x0                         inst_8+80

mem[X,0x0000000080000600] -> 0x0417
mem[X,0x0000000080000602] -> 0x0000
[365] [M]: 0x0000000080000600 (0x00000417) auipc x8, 0x0                            inst_8+84
x8 <- 0x0000000080000600

clint mtime 0x00000000000000B7 (mip.MTI <- 0b1, mip.STI <- 0b0)
mem[X,0x0000000080000604] -> 0x0413
mem[X,0x0000000080000606] -> 0xFAC4
[366] [M]: 0x0000000080000604 (0xFAC40413) addi x8, x8, -0x54                       inst_8+88
x8 <- 0x00000000800005AC

mem[X,0x0000000080000608] -> 0x0001
[367] [M]: 0x0000000080000608 (0x0001) c.nop                                        inst_8+92

clint mtime 0x00000000000000B8 (mip.MTI <- 0b1, mip.STI <- 0b0)
mem[X,0x000000008000060A] -> 0x0013
mem[X,0x000000008000060C] -> 0x0000
[368] [M]: 0x000000008000060A (0x00000013) addi x0, x0, 0x0                         inst_8+94

mem[X,0x000000008000060E] -> 0x0013
mem[X,0x0000000080000610] -> 0x0000
[369] [M]: 0x000000008000060E (0x00000013) addi x0, x0, 0x0                         inst_8+98

clint mtime 0x00000000000000B9 (mip.MTI <- 0b1, mip.STI <- 0b0)
mem[X,0x0000000080000612] -> 0x0013
mem[X,0x0000000080000614] -> 0x0000
[370] [M]: 0x0000000080000612 (0x00000013) addi x0, x0, 0x0                         inst_8+102

mem[X,0x0000000080000616] -> 0x0013
mem[X,0x0000000080000618] -> 0x0000
[371] [M]: 0x0000000080000616 (0x00000013) addi x0, x0, 0x0                         inst_8+106

clint mtime 0x00000000000000BA (mip.MTI <- 0b1, mip.STI <- 0b0)
mem[X,0x000000008000061A] -> 0x0013
mem[X,0x000000008000061C] -> 0x0000
[372] [M]: 0x000000008000061A (0x00000013) addi x0, x0, 0x0                         inst_8+110

mem[X,0x000000008000061E] -> 0x0001
[373] [M]: 0x000000008000061E (0x0001) c.nop                                        inst_8+114

clint mtime 0x00000000000000BB (mip.MTI <- 0b1, mip.STI <- 0b0)
mem[X,0x0000000080000620] -> 0x7413
mem[X,0x0000000080000622] -> 0xFFC4
[374] [M]: 0x0000000080000620 (0xFFC47413) andi x8, x8, -0x4                        inst_8+116
x8 <- 0x00000000800005AC

mem[X,0x0000000080000624] -> 0x8FB3
mem[X,0x0000000080000626] -> 0x408F
[375] [M]: 0x0000000080000624 (0x408F8FB3) sub x31, x31, x8                         inst_8+120
x31 <- 0x000000000000003B

clint mtime 0x00000000000000BC (mip.MTI <- 0b1, mip.STI <- 0b0)
mem[X,0x0000000080000628] -> 0x3023
mem[X,0x000000008000062A] -> 0x05F2
[376] [M]: 0x0000000080000628 (0x05F23023) sd x31, 0x40(x4)                         inst_8+124
mem[W,0x0000000080004158] <- 0x000000000000003B

mem[X,0x000000008000062C] -> 0x0817
mem[X,0x000000008000062E] -> 0x0000
[377] [M]: 0x000000008000062C (0x00000817) auipc x16, 0x0                           inst_9+0
x16 <- 0x000000008000062C

clint mtime 0x00000000000000BD (mip.MTI <- 0b1, mip.STI <- 0b0)
mem[X,0x0000000080000630] -> 0x0013
mem[X,0x0000000080000632] -> 0x0000
[378] [M]: 0x0000000080000630 (0x00000013) addi x0, x0, 0x0                         inst_9+4

mem[X,0x0000000080000634] -> 0x0013
mem[X,0x0000000080000636] -> 0x0000
[379] [M]: 0x0000000080000634 (0x00000013) addi x0, x0, 0x0                         inst_9+8

clint mtime 0x00000000000000BE (mip.MTI <- 0b1, mip.STI <- 0b0)
mem[X,0x0000000080000638] -> 0x0013
mem[X,0x000000008000063A] -> 0x0000
[380] [M]: 0x0000000080000638 (0x00000013) addi x0, x0, 0x0                         inst_9+12

mem[X,0x000000008000063C] -> 0x0013
mem[X,0x000000008000063E] -> 0x0000
[381] [M]: 0x000000008000063C (0x00000013) addi x0, x0, 0x0                         inst_9+16

clint mtime 0x00000000000000BF (mip.MTI <- 0b1, mip.STI <- 0b0)
mem[X,0x0000000080000640] -> 0x0297
mem[X,0x0000000080000642] -> 0x0000
[382] [M]: 0x0000000080000640 (0x00000297) auipc x5, 0x0                            inst_9+20
x5 <- 0x0000000080000640

mem[X,0x0000000080000644] -> 0x8293
mem[X,0x0000000080000646] -> 0xFB42
[383] [M]: 0x0000000080000644 (0xFB428293) addi x5, x5, -0x4c                       inst_9+24
x5 <- 0x00000000800005F4

clint mtime 0x00000000000000C0 (mip.MTI <- 0b1, mip.STI <- 0b0)
mem[X,0x0000000080000648] -> 0x0001
[384] [M]: 0x0000000080000648 (0x0001) c.nop                                        inst_9+28

mem[X,0x000000008000064A] -> 0x0013
mem[X,0x000000008000064C] -> 0x0000
[385] [M]: 0x000000008000064A (0x00000013) addi x0, x0, 0x0                         inst_9+30

clint mtime 0x00000000000000C1 (mip.MTI <- 0b1, mip.STI <- 0b0)
mem[X,0x000000008000064E] -> 0x0013
mem[X,0x0000000080000650] -> 0x0000
[386] [M]: 0x000000008000064E (0x00000013) addi x0, x0, 0x0                         inst_9+34

mem[X,0x0000000080000652] -> 0x0013
mem[X,0x0000000080000654] -> 0x0000
[387] [M]: 0x0000000080000652 (0x00000013) addi x0, x0, 0x0                         inst_9+38

clint mtime 0x00000000000000C2 (mip.MTI <- 0b1, mip.STI <- 0b0)
mem[X,0x0000000080000656] -> 0x0013
mem[X,0x0000000080000658] -> 0x0000
[388] [M]: 0x0000000080000656 (0x00000013) addi x0, x0, 0x0                         inst_9+42

mem[X,0x000000008000065A] -> 0x0013
mem[X,0x000000008000065C] -> 0x0000
[389] [M]: 0x000000008000065A (0x00000013) addi x0, x0, 0x0                         inst_9+46

clint mtime 0x00000000000000C3 (mip.MTI <- 0b1, mip.STI <- 0b0)
mem[X,0x000000008000065E] -> 0x0001
[390] [M]: 0x000000008000065E (0x0001) c.nop                                        inst_9+50

mem[X,0x0000000080000660] -> 0x8867
mem[X,0x0000000080000662] -> 0x0802
[391] [M]: 0x0000000080000660 (0x08028867) jalr x16, 0x80(x5)                       inst_9+52
x16 <- 0x0000000080000664

clint mtime 0x00000000000000C4 (mip.MTI <- 0b1, mip.STI <- 0b0)
mem[X,0x0000000080000674] -> 0x4813
mem[X,0x0000000080000676] -> 0x0038
[392] [M]: 0x0000000080000674 (0x00384813) xori x16, x16, 0x3                       inst_9+72
x16 <- 0x0000000080000667

mem[X,0x0000000080000678] -> 0x006F
mem[X,0x000000008000067A] -> 0x0040
[393] [M]: 0x0000000080000678 (0x0040006F) jal x0, 0x4                              inst_9+76

clint mtime 0x00000000000000C5 (mip.MTI <- 0b1, mip.STI <- 0b0)
mem[X,0x000000008000067C] -> 0x0013
mem[X,0x000000008000067E] -> 0x0000
[394] [M]: 0x000000008000067C (0x00000013) addi x0, x0, 0x0                         inst_9+80

mem[X,0x0000000080000680] -> 0x0417
mem[X,0x0000000080000682] -> 0x0000
[395] [M]: 0x0000000080000680 (0x00000417) auipc x8, 0x0                            inst_9+84
x8 <- 0x0000000080000680

clint mtime 0x00000000000000C6 (mip.MTI <- 0b1, mip.STI <- 0b0)
mem[X,0x0000000080000684] -> 0x0413
mem[X,0x0000000080000686] -> 0xFAC4
[396] [M]: 0x0000000080000684 (0xFAC40413) addi x8, x8, -0x54                       inst_9+88
x8 <- 0x000000008000062C

mem[X,0x0000000080000688] -> 0x0001
[397] [M]: 0x0000000080000688 (0x0001) c.nop                                        inst_9+92

clint mtime 0x00000000000000C7 (mip.MTI <- 0b1, mip.STI <- 0b0)
mem[X,0x000000008000068A] -> 0x0013
mem[X,0x000000008000068C] -> 0x0000
[398] [M]: 0x000000008000068A (0x00000013) addi x0, x0, 0x0                         inst_9+94

mem[X,0x000000008000068E] -> 0x0013
mem[X,0x0000000080000690] -> 0x0000
[399] [M]: 0x000000008000068E (0x00000013) addi x0, x0, 0x0                         inst_9+98

clint mtime 0x00000000000000C8 (mip.MTI <- 0b1, mip.STI <- 0b0)
mem[X,0x0000000080000692] -> 0x0013
mem[X,0x0000000080000694] -> 0x0000
[400] [M]: 0x0000000080000692 (0x00000013) addi x0, x0, 0x0                         inst_9+102

mem[X,0x0000000080000696] -> 0x0013
mem[X,0x0000000080000698] -> 0x0000
[401] [M]: 0x0000000080000696 (0x00000013) addi x0, x0, 0x0                         inst_9+106

clint mtime 0x00000000000000C9 (mip.MTI <- 0b1, mip.STI <- 0b0)
mem[X,0x000000008000069A] -> 0x0013
mem[X,0x000000008000069C] -> 0x0000
[402] [M]: 0x000000008000069A (0x00000013) addi x0, x0, 0x0                         inst_9+110

mem[X,0x000000008000069E] -> 0x0001
[403] [M]: 0x000000008000069E (0x0001) c.nop                                        inst_9+114

clint mtime 0x00000000000000CA (mip.MTI <- 0b1, mip.STI <- 0b0)
mem[X,0x00000000800006A0] -> 0x7413
mem[X,0x00000000800006A2] -> 0xFFC4
[404] [M]: 0x00000000800006A0 (0xFFC47413) andi x8, x8, -0x4                        inst_9+116
x8 <- 0x000000008000062C

mem[X,0x00000000800006A4] -> 0x0833
mem[X,0x00000000800006A6] -> 0x4088
[405] [M]: 0x00000000800006A4 (0x40880833) sub x16, x16, x8                         inst_9+120
x16 <- 0x000000000000003B

clint mtime 0x00000000000000CB (mip.MTI <- 0b1, mip.STI <- 0b0)
mem[X,0x00000000800006A8] -> 0x3423
mem[X,0x00000000800006AA] -> 0x0502
[406] [M]: 0x00000000800006A8 (0x05023423) sd x16, 0x48(x4)                         inst_9+124
mem[W,0x0000000080004160] <- 0x000000000000003B

mem[X,0x00000000800006AC] -> 0x0E97
mem[X,0x00000000800006AE] -> 0x0000
[407] [M]: 0x00000000800006AC (0x00000E97) auipc x29, 0x0                           inst_10+0
x29 <- 0x00000000800006AC

clint mtime 0x00000000000000CC (mip.MTI <- 0b1, mip.STI <- 0b0)
mem[X,0x00000000800006B0] -> 0x0013
mem[X,0x00000000800006B2] -> 0x0000
[408] [M]: 0x00000000800006B0 (0x00000013) addi x0, x0, 0x0                         inst_10+4

mem[X,0x00000000800006B4] -> 0x0013
mem[X,0x00000000800006B6] -> 0x0000
[409] [M]: 0x00000000800006B4 (0x00000013) addi x0, x0, 0x0                         inst_10+8

clint mtime 0x00000000000000CD (mip.MTI <- 0b1, mip.STI <- 0b0)
mem[X,0x00000000800006B8] -> 0x0013
mem[X,0x00000000800006BA] -> 0x0000
[410] [M]: 0x00000000800006B8 (0x00000013) addi x0, x0, 0x0                         inst_10+12

mem[X,0x00000000800006BC] -> 0x0013
mem[X,0x00000000800006BE] -> 0x0000
[411] [M]: 0x00000000800006BC (0x00000013) addi x0, x0, 0x0                         inst_10+16

clint mtime 0x00000000000000CE (mip.MTI <- 0b1, mip.STI <- 0b0)
mem[X,0x00000000800006C0] -> 0x0E17
mem[X,0x00000000800006C2] -> 0x0000
[412] [M]: 0x00000000800006C0 (0x00000E17) auipc x28, 0x0                           inst_10+20
x28 <- 0x00000000800006C0

mem[X,0x00000000800006C4] -> 0x0E13
mem[X,0x00000000800006C6] -> 0xF34E
[413] [M]: 0x00000000800006C4 (0xF34E0E13) addi x28, x28, -0xcc                     inst_10+24
x28 <- 0x00000000800005F4

clint mtime 0x00000000000000CF (mip.MTI <- 0b1, mip.STI <- 0b0)
mem[X,0x00000000800006C8] -> 0x0001
[414] [M]: 0x00000000800006C8 (0x0001) c.nop                                        inst_10+28

mem[X,0x00000000800006CA] -> 0x0013
mem[X,0x00000000800006CC] -> 0x0000
[415] [M]: 0x00000000800006CA (0x00000013) addi x0, x0, 0x0                         inst_10+30

clint mtime 0x00000000000000D0 (mip.MTI <- 0b1, mip.STI <- 0b0)
mem[X,0x00000000800006CE] -> 0x0013
mem[X,0x00000000800006D0] -> 0x0000
[416] [M]: 0x00000000800006CE (0x00000013) addi x0, x0, 0x0                         inst_10+34

mem[X,0x00000000800006D2] -> 0x0013
mem[X,0x00000000800006D4] -> 0x0000
[417] [M]: 0x00000000800006D2 (0x00000013) addi x0, x0, 0x0                         inst_10+38

clint mtime 0x00000000000000D1 (mip.MTI <- 0b1, mip.STI <- 0b0)
mem[X,0x00000000800006D6] -> 0x0013
mem[X,0x00000000800006D8] -> 0x0000
[418] [M]: 0x00000000800006D6 (0x00000013) addi x0, x0, 0x0                         inst_10+42

mem[X,0x00000000800006DA] -> 0x0013
mem[X,0x00000000800006DC] -> 0x0000
[419] [M]: 0x00000000800006DA (0x00000013) addi x0, x0, 0x0                         inst_10+46

clint mtime 0x00000000000000D2 (mip.MTI <- 0b1, mip.STI <- 0b0)
mem[X,0x00000000800006DE] -> 0x0001
[420] [M]: 0x00000000800006DE (0x0001) c.nop                                        inst_10+50

mem[X,0x00000000800006E0] -> 0x0EE7
mem[X,0x00000000800006E2] -> 0x100E
[421] [M]: 0x00000000800006E0 (0x100E0EE7) jalr x29, 0x100(x28)                     inst_10+52
x29 <- 0x00000000800006E4

clint mtime 0x00000000000000D3 (mip.MTI <- 0b1, mip.STI <- 0b0)
mem[X,0x00000000800006F4] -> 0xCE93
mem[X,0x00000000800006F6] -> 0x003E
[422] [M]: 0x00000000800006F4 (0x003ECE93) xori x29, x29, 0x3                       inst_10+72
x29 <- 0x00000000800006E7

mem[X,0x00000000800006F8] -> 0x006F
mem[X,0x00000000800006FA] -> 0x0040
[423] [M]: 0x00000000800006F8 (0x0040006F) jal x0, 0x4                              inst_10+76

clint mtime 0x00000000000000D4 (mip.MTI <- 0b1, mip.STI <- 0b0)
mem[X,0x00000000800006FC] -> 0x0013
mem[X,0x00000000800006FE] -> 0x0000
[424] [M]: 0x00000000800006FC (0x00000013) addi x0, x0, 0x0                         inst_10+80

mem[X,0x0000000080000700] -> 0x0417
mem[X,0x0000000080000702] -> 0x0000
[425] [M]: 0x0000000080000700 (0x00000417) auipc x8, 0x0                            inst_10+84
x8 <- 0x0000000080000700

clint mtime 0x00000000000000D5 (mip.MTI <- 0b1, mip.STI <- 0b0)
mem[X,0x0000000080000704] -> 0x0413
mem[X,0x0000000080000706] -> 0xFAC4
[426] [M]: 0x0000000080000704 (0xFAC40413) addi x8, x8, -0x54                       inst_10+88
x8 <- 0x00000000800006AC

mem[X,0x0000000080000708] -> 0x0001
[427] [M]: 0x0000000080000708 (0x0001) c.nop                                        inst_10+92

clint mtime 0x00000000000000D6 (mip.MTI <- 0b1, mip.STI <- 0b0)
mem[X,0x000000008000070A] -> 0x0013
mem[X,0x000000008000070C] -> 0x0000
[428] [M]: 0x000000008000070A (0x00000013) addi x0, x0, 0x0                         inst_10+94

mem[X,0x000000008000070E] -> 0x0013
mem[X,0x0000000080000710] -> 0x0000
[429] [M]: 0x000000008000070E (0x00000013) addi x0, x0, 0x0                         inst_10+98

clint mtime 0x00000000000000D7 (mip.MTI <- 0b1, mip.STI <- 0b0)
mem[X,0x0000000080000712] -> 0x0013
mem[X,0x0000000080000714] -> 0x0000
[430] [M]: 0x0000000080000712 (0x00000013) addi x0, x0, 0x0                         inst_10+102

mem[X,0x0000000080000716] -> 0x0013
mem[X,0x0000000080000718] -> 0x0000
[431] [M]: 0x0000000080000716 (0x00000013) addi x0, x0, 0x0                         inst_10+106

clint mtime 0x00000000000000D8 (mip.MTI <- 0b1, mip.STI <- 0b0)
mem[X,0x000000008000071A] -> 0x0013
mem[X,0x000000008000071C] -> 0x0000
[432] [M]: 0x000000008000071A (0x00000013) addi x0, x0, 0x0                         inst_10+110

mem[X,0x000000008000071E] -> 0x0001
[433] [M]: 0x000000008000071E (0x0001) c.nop                                        inst_10+114

clint mtime 0x00000000000000D9 (mip.MTI <- 0b1, mip.STI <- 0b0)
mem[X,0x0000000080000720] -> 0x7413
mem[X,0x0000000080000722] -> 0xFFC4
[434] [M]: 0x0000000080000720 (0xFFC47413) andi x8, x8, -0x4                        inst_10+116
x8 <- 0x00000000800006AC

mem[X,0x0000000080000724] -> 0x8EB3
mem[X,0x0000000080000726] -> 0x408E
[435] [M]: 0x0000000080000724 (0x408E8EB3) sub x29, x29, x8                         inst_10+120
x29 <- 0x000000000000003B

clint mtime 0x00000000000000DA (mip.MTI <- 0b1, mip.STI <- 0b0)
mem[X,0x0000000080000728] -> 0x3823
mem[X,0x000000008000072A] -> 0x05D2
[436] [M]: 0x0000000080000728 (0x05D23823) sd x29, 0x50(x4)                         inst_10+124
mem[W,0x0000000080004168] <- 0x000000000000003B

mem[X,0x000000008000072C] -> 0x0A17
mem[X,0x000000008000072E] -> 0x0000
[437] [M]: 0x000000008000072C (0x00000A17) auipc x20, 0x0                           inst_11+0
x20 <- 0x000000008000072C

clint mtime 0x00000000000000DB (mip.MTI <- 0b1, mip.STI <- 0b0)
mem[X,0x0000000080000730] -> 0x0013
mem[X,0x0000000080000732] -> 0x0000
[438] [M]: 0x0000000080000730 (0x00000013) addi x0, x0, 0x0                         inst_11+4

mem[X,0x0000000080000734] -> 0x0013
mem[X,0x0000000080000736] -> 0x0000
[439] [M]: 0x0000000080000734 (0x00000013) addi x0, x0, 0x0                         inst_11+8

clint mtime 0x00000000000000DC (mip.MTI <- 0b1, mip.STI <- 0b0)
mem[X,0x0000000080000738] -> 0x0013
mem[X,0x000000008000073A] -> 0x0000
[440] [M]: 0x0000000080000738 (0x00000013) addi x0, x0, 0x0                         inst_11+12

mem[X,0x000000008000073C] -> 0x0013
mem[X,0x000000008000073E] -> 0x0000
[441] [M]: 0x000000008000073C (0x00000013) addi x0, x0, 0x0                         inst_11+16

clint mtime 0x00000000000000DD (mip.MTI <- 0b1, mip.STI <- 0b0)
mem[X,0x0000000080000740] -> 0x0617
mem[X,0x0000000080000742] -> 0x0000
[442] [M]: 0x0000000080000740 (0x00000617) auipc x12, 0x0                           inst_11+20
x12 <- 0x0000000080000740

mem[X,0x0000000080000744] -> 0x0613
mem[X,0x0000000080000746] -> 0xE346
[443] [M]: 0x0000000080000744 (0xE3460613) addi x12, x12, -0x1cc                    inst_11+24
x12 <- 0x0000000080000574

clint mtime 0x00000000000000DE (mip.MTI <- 0b1, mip.STI <- 0b0)
mem[X,0x0000000080000748] -> 0x0001
[444] [M]: 0x0000000080000748 (0x0001) c.nop                                        inst_11+28

mem[X,0x000000008000074A] -> 0x0013
mem[X,0x000000008000074C] -> 0x0000
[445] [M]: 0x000000008000074A (0x00000013) addi x0, x0, 0x0                         inst_11+30

clint mtime 0x00000000000000DF (mip.MTI <- 0b1, mip.STI <- 0b0)
mem[X,0x000000008000074E] -> 0x0013
mem[X,0x0000000080000750] -> 0x0000
[446] [M]: 0x000000008000074E (0x00000013) addi x0, x0, 0x0                         inst_11+34

mem[X,0x0000000080000752] -> 0x0013
mem[X,0x0000000080000754] -> 0x0000
[447] [M]: 0x0000000080000752 (0x00000013) addi x0, x0, 0x0                         inst_11+38

clint mtime 0x00000000000000E0 (mip.MTI <- 0b1, mip.STI <- 0b0)
mem[X,0x0000000080000756] -> 0x0013
mem[X,0x0000000080000758] -> 0x0000
[448] [M]: 0x0000000080000756 (0x00000013) addi x0, x0, 0x0                         inst_11+42

mem[X,0x000000008000075A] -> 0x0013
mem[X,0x000000008000075C] -> 0x0000
[449] [M]: 0x000000008000075A (0x00000013) addi x0, x0, 0x0                         inst_11+46

clint mtime 0x00000000000000E1 (mip.MTI <- 0b1, mip.STI <- 0b0)
mem[X,0x000000008000075E] -> 0x0001
[450] [M]: 0x000000008000075E (0x0001) c.nop                                        inst_11+50

mem[X,0x0000000080000760] -> 0x0A67
mem[X,0x0000000080000762] -> 0x2006
[451] [M]: 0x0000000080000760 (0x20060A67) jalr x20, 0x200(x12)                     inst_11+52
x20 <- 0x0000000080000764

clint mtime 0x00000000000000E2 (mip.MTI <- 0b1, mip.STI <- 0b0)
mem[X,0x0000000080000774] -> 0x4A13
mem[X,0x0000000080000776] -> 0x003A
[452] [M]: 0x0000000080000774 (0x003A4A13) xori x20, x20, 0x3                       inst_11+72
x20 <- 0x0000000080000767

mem[X,0x0000000080000778] -> 0x006F
mem[X,0x000000008000077A] -> 0x0040
[453] [M]: 0x0000000080000778 (0x0040006F) jal x0, 0x4                              inst_11+76

clint mtime 0x00000000000000E3 (mip.MTI <- 0b1, mip.STI <- 0b0)
mem[X,0x000000008000077C] -> 0x0013
mem[X,0x000000008000077E] -> 0x0000
[454] [M]: 0x000000008000077C (0x00000013) addi x0, x0, 0x0                         inst_11+80

mem[X,0x0000000080000780] -> 0x0417
mem[X,0x0000000080000782] -> 0x0000
[455] [M]: 0x0000000080000780 (0x00000417) auipc x8, 0x0                            inst_11+84
x8 <- 0x0000000080000780

clint mtime 0x00000000000000E4 (mip.MTI <- 0b1, mip.STI <- 0b0)
mem[X,0x0000000080000784] -> 0x0413
mem[X,0x0000000080000786] -> 0xFAC4
[456] [M]: 0x0000000080000784 (0xFAC40413) addi x8, x8, -0x54                       inst_11+88
x8 <- 0x000000008000072C

mem[X,0x0000000080000788] -> 0x0001
[457] [M]: 0x0000000080000788 (0x0001) c.nop                                        inst_11+92

clint mtime 0x00000000000000E5 (mip.MTI <- 0b1, mip.STI <- 0b0)
mem[X,0x000000008000078A] -> 0x0013
mem[X,0x000000008000078C] -> 0x0000
[458] [M]: 0x000000008000078A (0x00000013) addi x0, x0, 0x0                         inst_11+94

mem[X,0x000000008000078E] -> 0x0013
mem[X,0x0000000080000790] -> 0x0000
[459] [M]: 0x000000008000078E (0x00000013) addi x0, x0, 0x0                         inst_11+98

clint mtime 0x00000000000000E6 (mip.MTI <- 0b1, mip.STI <- 0b0)
mem[X,0x0000000080000792] -> 0x0013
mem[X,0x0000000080000794] -> 0x0000
[460] [M]: 0x0000000080000792 (0x00000013) addi x0, x0, 0x0                         inst_11+102

mem[X,0x0000000080000796] -> 0x0013
mem[X,0x0000000080000798] -> 0x0000
[461] [M]: 0x0000000080000796 (0x00000013) addi x0, x0, 0x0                         inst_11+106

clint mtime 0x00000000000000E7 (mip.MTI <- 0b1, mip.STI <- 0b0)
mem[X,0x000000008000079A] -> 0x0013
mem[X,0x000000008000079C] -> 0x0000
[462] [M]: 0x000000008000079A (0x00000013) addi x0, x0, 0x0                         inst_11+110

mem[X,0x000000008000079E] -> 0x0001
[463] [M]: 0x000000008000079E (0x0001) c.nop                                        inst_11+114

clint mtime 0x00000000000000E8 (mip.MTI <- 0b1, mip.STI <- 0b0)
mem[X,0x00000000800007A0] -> 0x7413
mem[X,0x00000000800007A2] -> 0xFFC4
[464] [M]: 0x00000000800007A0 (0xFFC47413) andi x8, x8, -0x4                        inst_11+116
x8 <- 0x000000008000072C

mem[X,0x00000000800007A4] -> 0x0A33
mem[X,0x00000000800007A6] -> 0x408A
[465] [M]: 0x00000000800007A4 (0x408A0A33) sub x20, x20, x8                         inst_11+120
x20 <- 0x000000000000003B

clint mtime 0x00000000000000E9 (mip.MTI <- 0b1, mip.STI <- 0b0)
mem[X,0x00000000800007A8] -> 0x3C23
mem[X,0x00000000800007AA] -> 0x0542
[466] [M]: 0x00000000800007A8 (0x05423C23) sd x20, 0x58(x4)                         inst_11+124
mem[W,0x0000000080004170] <- 0x000000000000003B

mem[X,0x00000000800007AC] -> 0x0B17
mem[X,0x00000000800007AE] -> 0x0000
[467] [M]: 0x00000000800007AC (0x00000B17) auipc x22, 0x0                           inst_12+0
x22 <- 0x00000000800007AC

clint mtime 0x00000000000000EA (mip.MTI <- 0b1, mip.STI <- 0b0)
mem[X,0x00000000800007B0] -> 0x0013
mem[X,0x00000000800007B2] -> 0x0000
[468] [M]: 0x00000000800007B0 (0x00000013) addi x0, x0, 0x0                         inst_12+4

mem[X,0x00000000800007B4] -> 0x0013
mem[X,0x00000000800007B6] -> 0x0000
[469] [M]: 0x00000000800007B4 (0x00000013) addi x0, x0, 0x0                         inst_12+8

clint mtime 0x00000000000000EB (mip.MTI <- 0b1, mip.STI <- 0b0)
mem[X,0x00000000800007B8] -> 0x0013
mem[X,0x00000000800007BA] -> 0x0000
[470] [M]: 0x00000000800007B8 (0x00000013) addi x0, x0, 0x0                         inst_12+12

mem[X,0x00000000800007BC] -> 0x0013
mem[X,0x00000000800007BE] -> 0x0000
[471] [M]: 0x00000000800007BC (0x00000013) addi x0, x0, 0x0                         inst_12+16

clint mtime 0x00000000000000EC (mip.MTI <- 0b1, mip.STI <- 0b0)
mem[X,0x00000000800007C0] -> 0x0497
mem[X,0x00000000800007C2] -> 0x0000
[472] [M]: 0x00000000800007C0 (0x00000497) auipc x9, 0x0                            inst_12+20
x9 <- 0x00000000800007C0

mem[X,0x00000000800007C4] -> 0x8493
mem[X,0x00000000800007C6] -> 0xC344
[473] [M]: 0x00000000800007C4 (0xC3448493) addi x9, x9, -0x3cc                      inst_12+24
x9 <- 0x00000000800003F4

clint mtime 0x00000000000000ED (mip.MTI <- 0b1, mip.STI <- 0b0)
mem[X,0x00000000800007C8] -> 0x0001
[474] [M]: 0x00000000800007C8 (0x0001) c.nop                                        inst_12+28

mem[X,0x00000000800007CA] -> 0x0013
mem[X,0x00000000800007CC] -> 0x0000
[475] [M]: 0x00000000800007CA (0x00000013) addi x0, x0, 0x0                         inst_12+30

clint mtime 0x00000000000000EE (mip.MTI <- 0b1, mip.STI <- 0b0)
mem[X,0x00000000800007CE] -> 0x0013
mem[X,0x00000000800007D0] -> 0x0000
[476] [M]: 0x00000000800007CE (0x00000013) addi x0, x0, 0x0                         inst_12+34

mem[X,0x00000000800007D2] -> 0x0013
mem[X,0x00000000800007D4] -> 0x0000
[477] [M]: 0x00000000800007D2 (0x00000013) addi x0, x0, 0x0                         inst_12+38

clint mtime 0x00000000000000EF (mip.MTI <- 0b1, mip.STI <- 0b0)
mem[X,0x00000000800007D6] -> 0x0013
mem[X,0x00000000800007D8] -> 0x0000
[478] [M]: 0x00000000800007D6 (0x00000013) addi x0, x0, 0x0                         inst_12+42

mem[X,0x00000000800007DA] -> 0x0013
mem[X,0x00000000800007DC] -> 0x0000
[479] [M]: 0x00000000800007DA (0x00000013) addi x0, x0, 0x0                         inst_12+46

clint mtime 0x00000000000000F0 (mip.MTI <- 0b1, mip.STI <- 0b0)
mem[X,0x00000000800007DE] -> 0x0001
[480] [M]: 0x00000000800007DE (0x0001) c.nop                                        inst_12+50

mem[X,0x00000000800007E0] -> 0x8B67
mem[X,0x00000000800007E2] -> 0x4004
[481] [M]: 0x00000000800007E0 (0x40048B67) jalr x22, 0x400(x9)                      inst_12+52
x22 <- 0x00000000800007E4

clint mtime 0x00000000000000F1 (mip.MTI <- 0b1, mip.STI <- 0b0)
mem[X,0x00000000800007F4] -> 0x4B13
mem[X,0x00000000800007F6] -> 0x003B
[482] [M]: 0x00000000800007F4 (0x003B4B13) xori x22, x22, 0x3                       inst_12+72
x22 <- 0x00000000800007E7

mem[X,0x00000000800007F8] -> 0x006F
mem[X,0x00000000800007FA] -> 0x0040
[483] [M]: 0x00000000800007F8 (0x0040006F) jal x0, 0x4                              inst_12+76

clint mtime 0x00000000000000F2 (mip.MTI <- 0b1, mip.STI <- 0b0)
mem[X,0x00000000800007FC] -> 0x0013
mem[X,0x00000000800007FE] -> 0x0000
[484] [M]: 0x00000000800007FC (0x00000013) addi x0, x0, 0x0                         inst_12+80

mem[X,0x0000000080000800] -> 0x0417
mem[X,0x0000000080000802] -> 0x0000
[485] [M]: 0x0000000080000800 (0x00000417) auipc x8, 0x0                            inst_12+84
x8 <- 0x0000000080000800

clint mtime 0x00000000000000F3 (mip.MTI <- 0b1, mip.STI <- 0b0)
mem[X,0x0000000080000804] -> 0x0413
mem[X,0x0000000080000806] -> 0xFAC4
[486] [M]: 0x0000000080000804 (0xFAC40413) addi x8, x8, -0x54                       inst_12+88
x8 <- 0x00000000800007AC

mem[X,0x0000000080000808] -> 0x0001
[487] [M]: 0x0000000080000808 (0x0001) c.nop                                        inst_12+92

clint mtime 0x00000000000000F4 (mip.MTI <- 0b1, mip.STI <- 0b0)
mem[X,0x000000008000080A] -> 0x0013
mem[X,0x000000008000080C] -> 0x0000
[488] [M]: 0x000000008000080A (0x00000013) addi x0, x0, 0x0                         inst_12+94

mem[X,0x000000008000080E] -> 0x0013
mem[X,0x0000000080000810] -> 0x0000
[489] [M]: 0x000000008000080E (0x00000013) addi x0, x0, 0x0                         inst_12+98

clint mtime 0x00000000000000F5 (mip.MTI <- 0b1, mip.STI <- 0b0)
mem[X,0x0000000080000812] -> 0x0013
mem[X,0x0000000080000814] -> 0x0000
[490] [M]: 0x0000000080000812 (0x00000013) addi x0, x0, 0x0                         inst_12+102

mem[X,0x0000000080000816] -> 0x0013
mem[X,0x0000000080000818] -> 0x0000
[491] [M]: 0x0000000080000816 (0x00000013) addi x0, x0, 0x0                         inst_12+106

clint mtime 0x00000000000000F6 (mip.MTI <- 0b1, mip.STI <- 0b0)
mem[X,0x000000008000081A] -> 0x0013
mem[X,0x000000008000081C] -> 0x0000
[492] [M]: 0x000000008000081A (0x00000013) addi x0, x0, 0x0                         inst_12+110

mem[X,0x000000008000081E] -> 0x0001
[493] [M]: 0x000000008000081E (0x0001) c.nop                                        inst_12+114

clint mtime 0x00000000000000F7 (mip.MTI <- 0b1, mip.STI <- 0b0)
mem[X,0x0000000080000820] -> 0x7413
mem[X,0x0000000080000822] -> 0xFFC4
[494] [M]: 0x0000000080000820 (0xFFC47413) andi x8, x8, -0x4                        inst_12+116
x8 <- 0x00000000800007AC

mem[X,0x0000000080000824] -> 0x0B33
mem[X,0x0000000080000826] -> 0x408B
[495] [M]: 0x0000000080000824 (0x408B0B33) sub x22, x22, x8                         inst_12+120
x22 <- 0x000000000000003B

clint mtime 0x00000000000000F8 (mip.MTI <- 0b1, mip.STI <- 0b0)
mem[X,0x0000000080000828] -> 0x3023
mem[X,0x000000008000082A] -> 0x0762
[496] [M]: 0x0000000080000828 (0x07623023) sd x22, 0x60(x4)                         inst_12+124
mem[W,0x0000000080004178] <- 0x000000000000003B

mem[X,0x000000008000082C] -> 0x0317
mem[X,0x000000008000082E] -> 0x0000
[497] [M]: 0x000000008000082C (0x00000317) auipc x6, 0x0                            inst_13+0
x6 <- 0x000000008000082C

clint mtime 0x00000000000000F9 (mip.MTI <- 0b1, mip.STI <- 0b0)
mem[X,0x0000000080000830] -> 0x0013
mem[X,0x0000000080000832] -> 0x0000
[498] [M]: 0x0000000080000830 (0x00000013) addi x0, x0, 0x0                         inst_13+4

mem[X,0x0000000080000834] -> 0x0013
mem[X,0x0000000080000836] -> 0x0000
[499] [M]: 0x0000000080000834 (0x00000013) addi x0, x0, 0x0                         inst_13+8

clint mtime 0x00000000000000FA (mip.MTI <- 0b1, mip.STI <- 0b0)
mem[X,0x0000000080000838] -> 0x0013
mem[X,0x000000008000083A] -> 0x0000
[500] [M]: 0x0000000080000838 (0x00000013) addi x0, x0, 0x0                         inst_13+12

mem[X,0x000000008000083C] -> 0x0013
mem[X,0x000000008000083E] -> 0x0000
[501] [M]: 0x000000008000083C (0x00000013) addi x0, x0, 0x0                         inst_13+16

clint mtime 0x00000000000000FB (mip.MTI <- 0b1, mip.STI <- 0b0)
mem[X,0x0000000080000840] -> 0x1697
mem[X,0x0000000080000842] -> 0x0000
[502] [M]: 0x0000000080000840 (0x00001697) auipc x13, 0x1                           inst_13+20
x13 <- 0x0000000080001840

mem[X,0x0000000080000844] -> 0x8693
mem[X,0x0000000080000846] -> 0x8346
[503] [M]: 0x0000000080000844 (0x83468693) addi x13, x13, -0x7cc                    inst_13+24
x13 <- 0x0000000080001074

clint mtime 0x00000000000000FC (mip.MTI <- 0b1, mip.STI <- 0b0)
mem[X,0x0000000080000848] -> 0x0001
[504] [M]: 0x0000000080000848 (0x0001) c.nop                                        inst_13+28

mem[X,0x000000008000084A] -> 0x0013
mem[X,0x000000008000084C] -> 0x0000
[505] [M]: 0x000000008000084A (0x00000013) addi x0, x0, 0x0                         inst_13+30

clint mtime 0x00000000000000FD (mip.MTI <- 0b1, mip.STI <- 0b0)
mem[X,0x000000008000084E] -> 0x0013
mem[X,0x0000000080000850] -> 0x0000
[506] [M]: 0x000000008000084E (0x00000013) addi x0, x0, 0x0                         inst_13+34

mem[X,0x0000000080000852] -> 0x0013
mem[X,0x0000000080000854] -> 0x0000
[507] [M]: 0x0000000080000852 (0x00000013) addi x0, x0, 0x0                         inst_13+38

clint mtime 0x00000000000000FE (mip.MTI <- 0b1, mip.STI <- 0b0)
mem[X,0x0000000080000856] -> 0x0013
mem[X,0x0000000080000858] -> 0x0000
[508] [M]: 0x0000000080000856 (0x00000013) addi x0, x0, 0x0                         inst_13+42

mem[X,0x000000008000085A] -> 0x0013
mem[X,0x000000008000085C] -> 0x0000
[509] [M]: 0x000000008000085A (0x00000013) addi x0, x0, 0x0                         inst_13+46

clint mtime 0x00000000000000FF (mip.MTI <- 0b1, mip.STI <- 0b0)
mem[X,0x000000008000085E] -> 0x0001
[510] [M]: 0x000000008000085E (0x0001) c.nop                                        inst_13+50

mem[X,0x0000000080000860] -> 0x8367
mem[X,0x0000000080000862] -> 0x8006
[511] [M]: 0x0000000080000860 (0x80068367) jalr x6, -0x800(x13)                     inst_13+52
x6 <- 0x0000000080000864

clint mtime 0x0000000000000100 (mip.MTI <- 0b1, mip.STI <- 0b0)
mem[X,0x0000000080000874] -> 0x4313
mem[X,0x0000000080000876] -> 0x0033
[512] [M]: 0x0000000080000874 (0x00334313) xori x6, x6, 0x3                         inst_13+72
x6 <- 0x0000000080000867

mem[X,0x0000000080000878] -> 0x006F
mem[X,0x000000008000087A] -> 0x0040
[513] [M]: 0x0000000080000878 (0x0040006F) jal x0, 0x4                              inst_13+76

clint mtime 0x0000000000000101 (mip.MTI <- 0b1, mip.STI <- 0b0)
mem[X,0x000000008000087C] -> 0x0013
mem[X,0x000000008000087E] -> 0x0000
[514] [M]: 0x000000008000087C (0x00000013) addi x0, x0, 0x0                         inst_13+80

mem[X,0x0000000080000880] -> 0x0417
mem[X,0x0000000080000882] -> 0x0000
[515] [M]: 0x0000000080000880 (0x00000417) auipc x8, 0x0                            inst_13+84
x8 <- 0x0000000080000880

clint mtime 0x0000000000000102 (mip.MTI <- 0b1, mip.STI <- 0b0)
mem[X,0x0000000080000884] -> 0x0413
mem[X,0x0000000080000886] -> 0xFAC4
[516] [M]: 0x0000000080000884 (0xFAC40413) addi x8, x8, -0x54                       inst_13+88
x8 <- 0x000000008000082C

mem[X,0x0000000080000888] -> 0x0001
[517] [M]: 0x0000000080000888 (0x0001) c.nop                                        inst_13+92

clint mtime 0x0000000000000103 (mip.MTI <- 0b1, mip.STI <- 0b0)
mem[X,0x000000008000088A] -> 0x0013
mem[X,0x000000008000088C] -> 0x0000
[518] [M]: 0x000000008000088A (0x00000013) addi x0, x0, 0x0                         inst_13+94

mem[X,0x000000008000088E] -> 0x0013
mem[X,0x0000000080000890] -> 0x0000
[519] [M]: 0x000000008000088E (0x00000013) addi x0, x0, 0x0                         inst_13+98

clint mtime 0x0000000000000104 (mip.MTI <- 0b1, mip.STI <- 0b0)
mem[X,0x0000000080000892] -> 0x0013
mem[X,0x0000000080000894] -> 0x0000
[520] [M]: 0x0000000080000892 (0x00000013) addi x0, x0, 0x0                         inst_13+102

mem[X,0x0000000080000896] -> 0x0013
mem[X,0x0000000080000898] -> 0x0000
[521] [M]: 0x0000000080000896 (0x00000013) addi x0, x0, 0x0                         inst_13+106

clint mtime 0x0000000000000105 (mip.MTI <- 0b1, mip.STI <- 0b0)
mem[X,0x000000008000089A] -> 0x0013
mem[X,0x000000008000089C] -> 0x0000
[522] [M]: 0x000000008000089A (0x00000013) addi x0, x0, 0x0                         inst_13+110

mem[X,0x000000008000089E] -> 0x0001
[523] [M]: 0x000000008000089E (0x0001) c.nop                                        inst_13+114

clint mtime 0x0000000000000106 (mip.MTI <- 0b1, mip.STI <- 0b0)
mem[X,0x00000000800008A0] -> 0x7413
mem[X,0x00000000800008A2] -> 0xFFC4
[524] [M]: 0x00000000800008A0 (0xFFC47413) andi x8, x8, -0x4                        inst_13+116
x8 <- 0x000000008000082C

mem[X,0x00000000800008A4] -> 0x0333
mem[X,0x00000000800008A6] -> 0x4083
[525] [M]: 0x00000000800008A4 (0x40830333) sub x6, x6, x8                           inst_13+120
x6 <- 0x000000000000003B

clint mtime 0x0000000000000107 (mip.MTI <- 0b1, mip.STI <- 0b0)
mem[X,0x00000000800008A8] -> 0x3423
mem[X,0x00000000800008AA] -> 0x0662
[526] [M]: 0x00000000800008A8 (0x06623423) sd x6, 0x68(x4)                          inst_13+124
mem[W,0x0000000080004180] <- 0x000000000000003B

mem[X,0x00000000800008AC] -> 0x0997
mem[X,0x00000000800008AE] -> 0x0000
[527] [M]: 0x00000000800008AC (0x00000997) auipc x19, 0x0                           inst_14+0
x19 <- 0x00000000800008AC

clint mtime 0x0000000000000108 (mip.MTI <- 0b1, mip.STI <- 0b0)
mem[X,0x00000000800008B0] -> 0x0013
mem[X,0x00000000800008B2] -> 0x0000
[528] [M]: 0x00000000800008B0 (0x00000013) addi x0, x0, 0x0                         inst_14+4

mem[X,0x00000000800008B4] -> 0x0013
mem[X,0x00000000800008B6] -> 0x0000
[529] [M]: 0x00000000800008B4 (0x00000013) addi x0, x0, 0x0                         inst_14+8

clint mtime 0x0000000000000109 (mip.MTI <- 0b1, mip.STI <- 0b0)
mem[X,0x00000000800008B8] -> 0x0013
mem[X,0x00000000800008BA] -> 0x0000
[530] [M]: 0x00000000800008B8 (0x00000013) addi x0, x0, 0x0                         inst_14+12

mem[X,0x00000000800008BC] -> 0x0013
mem[X,0x00000000800008BE] -> 0x0000
[531] [M]: 0x00000000800008BC (0x00000013) addi x0, x0, 0x0                         inst_14+16

clint mtime 0x000000000000010A (mip.MTI <- 0b1, mip.STI <- 0b0)
mem[X,0x00000000800008C0] -> 0x0D97
mem[X,0x00000000800008C2] -> 0x0000
[532] [M]: 0x00000000800008C0 (0x00000D97) auipc x27, 0x0                           inst_14+20
x27 <- 0x00000000800008C0

mem[X,0x00000000800008C4] -> 0x8D93
mem[X,0x00000000800008C6] -> 0x036D
[533] [M]: 0x00000000800008C4 (0x036D8D93) addi x27, x27, 0x36                      inst_14+24
x27 <- 0x00000000800008F6

clint mtime 0x000000000000010B (mip.MTI <- 0b1, mip.STI <- 0b0)
mem[X,0x00000000800008C8] -> 0x0001
[534] [M]: 0x00000000800008C8 (0x0001) c.nop                                        inst_14+28

mem[X,0x00000000800008CA] -> 0x0013
mem[X,0x00000000800008CC] -> 0x0000
[535] [M]: 0x00000000800008CA (0x00000013) addi x0, x0, 0x0                         inst_14+30

clint mtime 0x000000000000010C (mip.MTI <- 0b1, mip.STI <- 0b0)
mem[X,0x00000000800008CE] -> 0x0013
mem[X,0x00000000800008D0] -> 0x0000
[536] [M]: 0x00000000800008CE (0x00000013) addi x0, x0, 0x0                         inst_14+34

mem[X,0x00000000800008D2] -> 0x0013
mem[X,0x00000000800008D4] -> 0x0000
[537] [M]: 0x00000000800008D2 (0x00000013) addi x0, x0, 0x0                         inst_14+38

clint mtime 0x000000000000010D (mip.MTI <- 0b1, mip.STI <- 0b0)
mem[X,0x00000000800008D6] -> 0x0013
mem[X,0x00000000800008D8] -> 0x0000
[538] [M]: 0x00000000800008D6 (0x00000013) addi x0, x0, 0x0                         inst_14+42

mem[X,0x00000000800008DA] -> 0x0013
mem[X,0x00000000800008DC] -> 0x0000
[539] [M]: 0x00000000800008DA (0x00000013) addi x0, x0, 0x0                         inst_14+46

clint mtime 0x000000000000010E (mip.MTI <- 0b1, mip.STI <- 0b0)
mem[X,0x00000000800008DE] -> 0x0001
[540] [M]: 0x00000000800008DE (0x0001) c.nop                                        inst_14+50

mem[X,0x00000000800008E0] -> 0x89E7
mem[X,0x00000000800008E2] -> 0xFFED
[541] [M]: 0x00000000800008E0 (0xFFED89E7) jalr x19, -0x2(x27)                      inst_14+52
x19 <- 0x00000000800008E4

clint mtime 0x000000000000010F (mip.MTI <- 0b1, mip.STI <- 0b0)
mem[X,0x00000000800008F4] -> 0xC993
mem[X,0x00000000800008F6] -> 0x0039
[542] [M]: 0x00000000800008F4 (0x0039C993) xori x19, x19, 0x3                       inst_14+72
x19 <- 0x00000000800008E7

mem[X,0x00000000800008F8] -> 0x006F
mem[X,0x00000000800008FA] -> 0x0040
[543] [M]: 0x00000000800008F8 (0x0040006F) jal x0, 0x4                              inst_14+76

clint mtime 0x0000000000000110 (mip.MTI <- 0b1, mip.STI <- 0b0)
mem[X,0x00000000800008FC] -> 0x0013
mem[X,0x00000000800008FE] -> 0x0000
[544] [M]: 0x00000000800008FC (0x00000013) addi x0, x0, 0x0                         inst_14+80

mem[X,0x0000000080000900] -> 0x0417
mem[X,0x0000000080000902] -> 0x0000
[545] [M]: 0x0000000080000900 (0x00000417) auipc x8, 0x0                            inst_14+84
x8 <- 0x0000000080000900

clint mtime 0x0000000000000111 (mip.MTI <- 0b1, mip.STI <- 0b0)
mem[X,0x0000000080000904] -> 0x0413
mem[X,0x0000000080000906] -> 0xFAC4
[546] [M]: 0x0000000080000904 (0xFAC40413) addi x8, x8, -0x54                       inst_14+88
x8 <- 0x00000000800008AC

mem[X,0x0000000080000908] -> 0x0001
[547] [M]: 0x0000000080000908 (0x0001) c.nop                                        inst_14+92

clint mtime 0x0000000000000112 (mip.MTI <- 0b1, mip.STI <- 0b0)
mem[X,0x000000008000090A] -> 0x0013
mem[X,0x000000008000090C] -> 0x0000
[548] [M]: 0x000000008000090A (0x00000013) addi x0, x0, 0x0                         inst_14+94

mem[X,0x000000008000090E] -> 0x0013
mem[X,0x0000000080000910] -> 0x0000
[549] [M]: 0x000000008000090E (0x00000013) addi x0, x0, 0x0                         inst_14+98

clint mtime 0x0000000000000113 (mip.MTI <- 0b1, mip.STI <- 0b0)
mem[X,0x0000000080000912] -> 0x0013
mem[X,0x0000000080000914] -> 0x0000
[550] [M]: 0x0000000080000912 (0x00000013) addi x0, x0, 0x0                         inst_14+102

mem[X,0x0000000080000916] -> 0x0013
mem[X,0x0000000080000918] -> 0x0000
[551] [M]: 0x0000000080000916 (0x00000013) addi x0, x0, 0x0                         inst_14+106

clint mtime 0x0000000000000114 (mip.MTI <- 0b1, mip.STI <- 0b0)
mem[X,0x000000008000091A] -> 0x0013
mem[X,0x000000008000091C] -> 0x0000
[552] [M]: 0x000000008000091A (0x00000013) addi x0, x0, 0x0                         inst_14+110

mem[X,0x000000008000091E] -> 0x0001
[553] [M]: 0x000000008000091E (0x0001) c.nop                                        inst_14+114

clint mtime 0x0000000000000115 (mip.MTI <- 0b1, mip.STI <- 0b0)
mem[X,0x0000000080000920] -> 0x7413
mem[X,0x0000000080000922] -> 0xFFC4
[554] [M]: 0x0000000080000920 (0xFFC47413) andi x8, x8, -0x4                        inst_14+116
x8 <- 0x00000000800008AC

mem[X,0x0000000080000924] -> 0x89B3
mem[X,0x0000000080000926] -> 0x4089
[555] [M]: 0x0000000080000924 (0x408989B3) sub x19, x19, x8                         inst_14+120
x19 <- 0x000000000000003B

clint mtime 0x0000000000000116 (mip.MTI <- 0b1, mip.STI <- 0b0)
mem[X,0x0000000080000928] -> 0x3823
mem[X,0x000000008000092A] -> 0x0732
[556] [M]: 0x0000000080000928 (0x07323823) sd x19, 0x70(x4)                         inst_14+124
mem[W,0x0000000080004188] <- 0x000000000000003B

mem[X,0x000000008000092C] -> 0x0897
mem[X,0x000000008000092E] -> 0x0000
[557] [M]: 0x000000008000092C (0x00000897) auipc x17, 0x0                           inst_15+0
x17 <- 0x000000008000092C

clint mtime 0x0000000000000117 (mip.MTI <- 0b1, mip.STI <- 0b0)
mem[X,0x0000000080000930] -> 0x0013
mem[X,0x0000000080000932] -> 0x0000
[558] [M]: 0x0000000080000930 (0x00000013) addi x0, x0, 0x0                         inst_15+4

mem[X,0x0000000080000934] -> 0x0013
mem[X,0x0000000080000936] -> 0x0000
[559] [M]: 0x0000000080000934 (0x00000013) addi x0, x0, 0x0                         inst_15+8

clint mtime 0x0000000000000118 (mip.MTI <- 0b1, mip.STI <- 0b0)
mem[X,0x0000000080000938] -> 0x0013
mem[X,0x000000008000093A] -> 0x0000
[560] [M]: 0x0000000080000938 (0x00000013) addi x0, x0, 0x0                         inst_15+12

mem[X,0x000000008000093C] -> 0x0013
mem[X,0x000000008000093E] -> 0x0000
[561] [M]: 0x000000008000093C (0x00000013) addi x0, x0, 0x0                         inst_15+16

clint mtime 0x0000000000000119 (mip.MTI <- 0b1, mip.STI <- 0b0)
mem[X,0x0000000080000940] -> 0x0317
mem[X,0x0000000080000942] -> 0x0000
[562] [M]: 0x0000000080000940 (0x00000317) auipc x6, 0x0                            inst_15+20
x6 <- 0x0000000080000940

mem[X,0x0000000080000944] -> 0x0313
mem[X,0x0000000080000946] -> 0x0373
[563] [M]: 0x0000000080000944 (0x03730313) addi x6, x6, 0x37                        inst_15+24
x6 <- 0x0000000080000977

clint mtime 0x000000000000011A (mip.MTI <- 0b1, mip.STI <- 0b0)
mem[X,0x0000000080000948] -> 0x0001
[564] [M]: 0x0000000080000948 (0x0001) c.nop                                        inst_15+28

mem[X,0x000000008000094A] -> 0x0013
mem[X,0x000000008000094C] -> 0x0000
[565] [M]: 0x000000008000094A (0x00000013) addi x0, x0, 0x0                         inst_15+30

clint mtime 0x000000000000011B (mip.MTI <- 0b1, mip.STI <- 0b0)
mem[X,0x000000008000094E] -> 0x0013
mem[X,0x0000000080000950] -> 0x0000
[566] [M]: 0x000000008000094E (0x00000013) addi x0, x0, 0x0                         inst_15+34

mem[X,0x0000000080000952] -> 0x0013
mem[X,0x0000000080000954] -> 0x0000
[567] [M]: 0x0000000080000952 (0x00000013) addi x0, x0, 0x0                         inst_15+38

clint mtime 0x000000000000011C (mip.MTI <- 0b1, mip.STI <- 0b0)
mem[X,0x0000000080000956] -> 0x0013
mem[X,0x0000000080000958] -> 0x0000
[568] [M]: 0x0000000080000956 (0x00000013) addi x0, x0, 0x0                         inst_15+42

mem[X,0x000000008000095A] -> 0x0013
mem[X,0x000000008000095C] -> 0x0000
[569] [M]: 0x000000008000095A (0x00000013) addi x0, x0, 0x0                         inst_15+46

clint mtime 0x000000000000011D (mip.MTI <- 0b1, mip.STI <- 0b0)
mem[X,0x000000008000095E] -> 0x0001
[570] [M]: 0x000000008000095E (0x0001) c.nop                                        inst_15+50

mem[X,0x0000000080000960] -> 0x08E7
mem[X,0x0000000080000962] -> 0xFFD3
[571] [M]: 0x0000000080000960 (0xFFD308E7) jalr x17, -0x3(x6)                       inst_15+52
x17 <- 0x0000000080000964

clint mtime 0x000000000000011E (mip.MTI <- 0b1, mip.STI <- 0b0)
mem[X,0x0000000080000974] -> 0xC893
mem[X,0x0000000080000976] -> 0x0038
[572] [M]: 0x0000000080000974 (0x0038C893) xori x17, x17, 0x3                       inst_15+72
x17 <- 0x0000000080000967

mem[X,0x0000000080000978] -> 0x006F
mem[X,0x000000008000097A] -> 0x0040
[573] [M]: 0x0000000080000978 (0x0040006F) jal x0, 0x4                              inst_15+76

clint mtime 0x000000000000011F (mip.MTI <- 0b1, mip.STI <- 0b0)
mem[X,0x000000008000097C] -> 0x0013
mem[X,0x000000008000097E] -> 0x0000
[574] [M]: 0x000000008000097C (0x00000013) addi x0, x0, 0x0                         inst_15+80

mem[X,0x0000000080000980] -> 0x0417
mem[X,0x0000000080000982] -> 0x0000
[575] [M]: 0x0000000080000980 (0x00000417) auipc x8, 0x0                            inst_15+84
x8 <- 0x0000000080000980

clint mtime 0x0000000000000120 (mip.MTI <- 0b1, mip.STI <- 0b0)
mem[X,0x0000000080000984] -> 0x0413
mem[X,0x0000000080000986] -> 0xFAC4
[576] [M]: 0x0000000080000984 (0xFAC40413) addi x8, x8, -0x54                       inst_15+88
x8 <- 0x000000008000092C

mem[X,0x0000000080000988] -> 0x0001
[577] [M]: 0x0000000080000988 (0x0001) c.nop                                        inst_15+92

clint mtime 0x0000000000000121 (mip.MTI <- 0b1, mip.STI <- 0b0)
mem[X,0x000000008000098A] -> 0x0013
mem[X,0x000000008000098C] -> 0x0000
[578] [M]: 0x000000008000098A (0x00000013) addi x0, x0, 0x0                         inst_15+94

mem[X,0x000000008000098E] -> 0x0013
mem[X,0x0000000080000990] -> 0x0000
[579] [M]: 0x000000008000098E (0x00000013) addi x0, x0, 0x0                         inst_15+98

clint mtime 0x0000000000000122 (mip.MTI <- 0b1, mip.STI <- 0b0)
mem[X,0x0000000080000992] -> 0x0013
mem[X,0x0000000080000994] -> 0x0000
[580] [M]: 0x0000000080000992 (0x00000013) addi x0, x0, 0x0                         inst_15+102

mem[X,0x0000000080000996] -> 0x0013
mem[X,0x0000000080000998] -> 0x0000
[581] [M]: 0x0000000080000996 (0x00000013) addi x0, x0, 0x0                         inst_15+106

clint mtime 0x0000000000000123 (mip.MTI <- 0b1, mip.STI <- 0b0)
mem[X,0x000000008000099A] -> 0x0013
mem[X,0x000000008000099C] -> 0x0000
[582] [M]: 0x000000008000099A (0x00000013) addi x0, x0, 0x0                         inst_15+110

mem[X,0x000000008000099E] -> 0x0001
[583] [M]: 0x000000008000099E (0x0001) c.nop                                        inst_15+114

clint mtime 0x0000000000000124 (mip.MTI <- 0b1, mip.STI <- 0b0)
mem[X,0x00000000800009A0] -> 0x7413
mem[X,0x00000000800009A2] -> 0xFFC4
[584] [M]: 0x00000000800009A0 (0xFFC47413) andi x8, x8, -0x4                        inst_15+116
x8 <- 0x000000008000092C

mem[X,0x00000000800009A4] -> 0x88B3
mem[X,0x00000000800009A6] -> 0x4088
[585] [M]: 0x00000000800009A4 (0x408888B3) sub x17, x17, x8                         inst_15+120
x17 <- 0x000000000000003B

clint mtime 0x0000000000000125 (mip.MTI <- 0b1, mip.STI <- 0b0)
mem[X,0x00000000800009A8] -> 0x3C23
mem[X,0x00000000800009AA] -> 0x0712
[586] [M]: 0x00000000800009A8 (0x07123C23) sd x17, 0x78(x4)                         inst_15+124
mem[W,0x0000000080004190] <- 0x000000000000003B

mem[X,0x00000000800009AC] -> 0x0D17
mem[X,0x00000000800009AE] -> 0x0000
[587] [M]: 0x00000000800009AC (0x00000D17) auipc x26, 0x0                           inst_16+0
x26 <- 0x00000000800009AC

clint mtime 0x0000000000000126 (mip.MTI <- 0b1, mip.STI <- 0b0)
mem[X,0x00000000800009B0] -> 0x0013
mem[X,0x00000000800009B2] -> 0x0000
[588] [M]: 0x00000000800009B0 (0x00000013) addi x0, x0, 0x0                         inst_16+4

mem[X,0x00000000800009B4] -> 0x0013
mem[X,0x00000000800009B6] -> 0x0000
[589] [M]: 0x00000000800009B4 (0x00000013) addi x0, x0, 0x0                         inst_16+8

clint mtime 0x0000000000000127 (mip.MTI <- 0b1, mip.STI <- 0b0)
mem[X,0x00000000800009B8] -> 0x0013
mem[X,0x00000000800009BA] -> 0x0000
[590] [M]: 0x00000000800009B8 (0x00000013) addi x0, x0, 0x0                         inst_16+12

mem[X,0x00000000800009BC] -> 0x0013
mem[X,0x00000000800009BE] -> 0x0000
[591] [M]: 0x00000000800009BC (0x00000013) addi x0, x0, 0x0                         inst_16+16

clint mtime 0x0000000000000128 (mip.MTI <- 0b1, mip.STI <- 0b0)
mem[X,0x00000000800009C0] -> 0x0097
mem[X,0x00000000800009C2] -> 0x0000
[592] [M]: 0x00000000800009C0 (0x00000097) auipc x1, 0x0                            inst_16+20
x1 <- 0x00000000800009C0

mem[X,0x00000000800009C4] -> 0x8093
mem[X,0x00000000800009C6] -> 0x0390
[593] [M]: 0x00000000800009C4 (0x03908093) addi x1, x1, 0x39                        inst_16+24
x1 <- 0x00000000800009F9

clint mtime 0x0000000000000129 (mip.MTI <- 0b1, mip.STI <- 0b0)
mem[X,0x00000000800009C8] -> 0x0001
[594] [M]: 0x00000000800009C8 (0x0001) c.nop                                        inst_16+28

mem[X,0x00000000800009CA] -> 0x0013
mem[X,0x00000000800009CC] -> 0x0000
[595] [M]: 0x00000000800009CA (0x00000013) addi x0, x0, 0x0                         inst_16+30

clint mtime 0x000000000000012A (mip.MTI <- 0b1, mip.STI <- 0b0)
mem[X,0x00000000800009CE] -> 0x0013
mem[X,0x00000000800009D0] -> 0x0000
[596] [M]: 0x00000000800009CE (0x00000013) addi x0, x0, 0x0                         inst_16+34

mem[X,0x00000000800009D2] -> 0x0013
mem[X,0x00000000800009D4] -> 0x0000
[597] [M]: 0x00000000800009D2 (0x00000013) addi x0, x0, 0x0                         inst_16+38

clint mtime 0x000000000000012B (mip.MTI <- 0b1, mip.STI <- 0b0)
mem[X,0x00000000800009D6] -> 0x0013
mem[X,0x00000000800009D8] -> 0x0000
[598] [M]: 0x00000000800009D6 (0x00000013) addi x0, x0, 0x0                         inst_16+42

mem[X,0x00000000800009DA] -> 0x0013
mem[X,0x00000000800009DC] -> 0x0000
[599] [M]: 0x00000000800009DA (0x00000013) addi x0, x0, 0x0                         inst_16+46

clint mtime 0x000000000000012C (mip.MTI <- 0b1, mip.STI <- 0b0)
mem[X,0x00000000800009DE] -> 0x0001
[600] [M]: 0x00000000800009DE (0x0001) c.nop                                        inst_16+50

mem[X,0x00000000800009E0] -> 0x8D67
mem[X,0x00000000800009E2] -> 0xFFB0
[601] [M]: 0x00000000800009E0 (0xFFB08D67) jalr x26, -0x5(x1)                       inst_16+52
x26 <- 0x00000000800009E4

clint mtime 0x000000000000012D (mip.MTI <- 0b1, mip.STI <- 0b0)
mem[X,0x00000000800009F4] -> 0x4D13
mem[X,0x00000000800009F6] -> 0x003D
[602] [M]: 0x00000000800009F4 (0x003D4D13) xori x26, x26, 0x3                       inst_16+72
x26 <- 0x00000000800009E7

mem[X,0x00000000800009F8] -> 0x006F
mem[X,0x00000000800009FA] -> 0x0040
[603] [M]: 0x00000000800009F8 (0x0040006F) jal x0, 0x4                              inst_16+76

clint mtime 0x000000000000012E (mip.MTI <- 0b1, mip.STI <- 0b0)
mem[X,0x00000000800009FC] -> 0x0013
mem[X,0x00000000800009FE] -> 0x0000
[604] [M]: 0x00000000800009FC (0x00000013) addi x0, x0, 0x0                         inst_16+80

mem[X,0x0000000080000A00] -> 0x0417
mem[X,0x0000000080000A02] -> 0x0000
[605] [M]: 0x0000000080000A00 (0x00000417) auipc x8, 0x0                            inst_16+84
x8 <- 0x0000000080000A00

clint mtime 0x000000000000012F (mip.MTI <- 0b1, mip.STI <- 0b0)
mem[X,0x0000000080000A04] -> 0x0413
mem[X,0x0000000080000A06] -> 0xFAC4
[606] [M]: 0x0000000080000A04 (0xFAC40413) addi x8, x8, -0x54                       inst_16+88
x8 <- 0x00000000800009AC

mem[X,0x0000000080000A08] -> 0x0001
[607] [M]: 0x0000000080000A08 (0x0001) c.nop                                        inst_16+92

clint mtime 0x0000000000000130 (mip.MTI <- 0b1, mip.STI <- 0b0)
mem[X,0x0000000080000A0A] -> 0x0013
mem[X,0x0000000080000A0C] -> 0x0000
[608] [M]: 0x0000000080000A0A (0x00000013) addi x0, x0, 0x0                         inst_16+94

mem[X,0x0000000080000A0E] -> 0x0013
mem[X,0x0000000080000A10] -> 0x0000
[609] [M]: 0x0000000080000A0E (0x00000013) addi x0, x0, 0x0                         inst_16+98

clint mtime 0x0000000000000131 (mip.MTI <- 0b1, mip.STI <- 0b0)
mem[X,0x0000000080000A12] -> 0x0013
mem[X,0x0000000080000A14] -> 0x0000
[610] [M]: 0x0000000080000A12 (0x00000013) addi x0, x0, 0x0                         inst_16+102

mem[X,0x0000000080000A16] -> 0x0013
mem[X,0x0000000080000A18] -> 0x0000
[611] [M]: 0x0000000080000A16 (0x00000013) addi x0, x0, 0x0                         inst_16+106

clint mtime 0x0000000000000132 (mip.MTI <- 0b1, mip.STI <- 0b0)
mem[X,0x0000000080000A1A] -> 0x0013
mem[X,0x0000000080000A1C] -> 0x0000
[612] [M]: 0x0000000080000A1A (0x00000013) addi x0, x0, 0x0                         inst_16+110

mem[X,0x0000000080000A1E] -> 0x0001
[613] [M]: 0x0000000080000A1E (0x0001) c.nop                                        inst_16+114

clint mtime 0x0000000000000133 (mip.MTI <- 0b1, mip.STI <- 0b0)
mem[X,0x0000000080000A20] -> 0x7413
mem[X,0x0000000080000A22] -> 0xFFC4
[614] [M]: 0x0000000080000A20 (0xFFC47413) andi x8, x8, -0x4                        inst_16+116
x8 <- 0x00000000800009AC

mem[X,0x0000000080000A24] -> 0x0D33
mem[X,0x0000000080000A26] -> 0x408D
[615] [M]: 0x0000000080000A24 (0x408D0D33) sub x26, x26, x8                         inst_16+120
x26 <- 0x000000000000003B

clint mtime 0x0000000000000134 (mip.MTI <- 0b1, mip.STI <- 0b0)
mem[X,0x0000000080000A28] -> 0x3023
mem[X,0x0000000080000A2A] -> 0x09A2
[616] [M]: 0x0000000080000A28 (0x09A23023) sd x26, 0x80(x4)                         inst_16+124
mem[W,0x0000000080004198] <- 0x000000000000003B

mem[X,0x0000000080000A2C] -> 0x0417
mem[X,0x0000000080000A2E] -> 0x0000
[617] [M]: 0x0000000080000A2C (0x00000417) auipc x8, 0x0                            inst_17+0
x8 <- 0x0000000080000A2C

clint mtime 0x0000000000000135 (mip.MTI <- 0b1, mip.STI <- 0b0)
mem[X,0x0000000080000A30] -> 0x0013
mem[X,0x0000000080000A32] -> 0x0000
[618] [M]: 0x0000000080000A30 (0x00000013) addi x0, x0, 0x0                         inst_17+4

mem[X,0x0000000080000A34] -> 0x0013
mem[X,0x0000000080000A36] -> 0x0000
[619] [M]: 0x0000000080000A34 (0x00000013) addi x0, x0, 0x0                         inst_17+8

clint mtime 0x0000000000000136 (mip.MTI <- 0b1, mip.STI <- 0b0)
mem[X,0x0000000080000A38] -> 0x0013
mem[X,0x0000000080000A3A] -> 0x0000
[620] [M]: 0x0000000080000A38 (0x00000013) addi x0, x0, 0x0                         inst_17+12

mem[X,0x0000000080000A3C] -> 0x0013
mem[X,0x0000000080000A3E] -> 0x0000
[621] [M]: 0x0000000080000A3C (0x00000013) addi x0, x0, 0x0                         inst_17+16

clint mtime 0x0000000000000137 (mip.MTI <- 0b1, mip.STI <- 0b0)
mem[X,0x0000000080000A40] -> 0x0517
mem[X,0x0000000080000A42] -> 0x0000
[622] [M]: 0x0000000080000A40 (0x00000517) auipc x10, 0x0                           inst_17+20
x10 <- 0x0000000080000A40

mem[X,0x0000000080000A44] -> 0x0513
mem[X,0x0000000080000A46] -> 0x03D5
[623] [M]: 0x0000000080000A44 (0x03D50513) addi x10, x10, 0x3d                      inst_17+24
x10 <- 0x0000000080000A7D

clint mtime 0x0000000000000138 (mip.MTI <- 0b1, mip.STI <- 0b0)
mem[X,0x0000000080000A48] -> 0x0001
[624] [M]: 0x0000000080000A48 (0x0001) c.nop                                        inst_17+28

mem[X,0x0000000080000A4A] -> 0x0013
mem[X,0x0000000080000A4C] -> 0x0000
[625] [M]: 0x0000000080000A4A (0x00000013) addi x0, x0, 0x0                         inst_17+30

clint mtime 0x0000000000000139 (mip.MTI <- 0b1, mip.STI <- 0b0)
mem[X,0x0000000080000A4E] -> 0x0013
mem[X,0x0000000080000A50] -> 0x0000
[626] [M]: 0x0000000080000A4E (0x00000013) addi x0, x0, 0x0                         inst_17+34

mem[X,0x0000000080000A52] -> 0x0013
mem[X,0x0000000080000A54] -> 0x0000
[627] [M]: 0x0000000080000A52 (0x00000013) addi x0, x0, 0x0                         inst_17+38

clint mtime 0x000000000000013A (mip.MTI <- 0b1, mip.STI <- 0b0)
mem[X,0x0000000080000A56] -> 0x0013
mem[X,0x0000000080000A58] -> 0x0000
[628] [M]: 0x0000000080000A56 (0x00000013) addi x0, x0, 0x0                         inst_17+42

mem[X,0x0000000080000A5A] -> 0x0013
mem[X,0x0000000080000A5C] -> 0x0000
[629] [M]: 0x0000000080000A5A (0x00000013) addi x0, x0, 0x0                         inst_17+46

clint mtime 0x000000000000013B (mip.MTI <- 0b1, mip.STI <- 0b0)
mem[X,0x0000000080000A5E] -> 0x0001
[630] [M]: 0x0000000080000A5E (0x0001) c.nop                                        inst_17+50

mem[X,0x0000000080000A60] -> 0x0467
mem[X,0x0000000080000A62] -> 0xFF75
[631] [M]: 0x0000000080000A60 (0xFF750467) jalr x8, -0x9(x10)                       inst_17+52
x8 <- 0x0000000080000A64

clint mtime 0x000000000000013C (mip.MTI <- 0b1, mip.STI <- 0b0)
mem[X,0x0000000080000A74] -> 0x4413
mem[X,0x0000000080000A76] -> 0x0034
[632] [M]: 0x0000000080000A74 (0x00344413) xori x8, x8, 0x3                         inst_17+72
x8 <- 0x0000000080000A67

mem[X,0x0000000080000A78] -> 0x006F
mem[X,0x0000000080000A7A] -> 0x0040
[633] [M]: 0x0000000080000A78 (0x0040006F) jal x0, 0x4                              inst_17+76

clint mtime 0x000000000000013D (mip.MTI <- 0b1, mip.STI <- 0b0)
mem[X,0x0000000080000A7C] -> 0x0013
mem[X,0x0000000080000A7E] -> 0x0000
[634] [M]: 0x0000000080000A7C (0x00000013) addi x0, x0, 0x0                         inst_17+80

mem[X,0x0000000080000A80] -> 0x0397
mem[X,0x0000000080000A82] -> 0x0000
[635] [M]: 0x0000000080000A80 (0x00000397) auipc x7, 0x0                            inst_17+84
x7 <- 0x0000000080000A80

clint mtime 0x000000000000013E (mip.MTI <- 0b1, mip.STI <- 0b0)
mem[X,0x0000000080000A84] -> 0x8393
mem[X,0x0000000080000A86] -> 0xFAC3
[636] [M]: 0x0000000080000A84 (0xFAC38393) addi x7, x7, -0x54                       inst_17+88
x7 <- 0x0000000080000A2C

mem[X,0x0000000080000A88] -> 0x0001
[637] [M]: 0x0000000080000A88 (0x0001) c.nop                                        inst_17+92

clint mtime 0x000000000000013F (mip.MTI <- 0b1, mip.STI <- 0b0)
mem[X,0x0000000080000A8A] -> 0x0013
mem[X,0x0000000080000A8C] -> 0x0000
[638] [M]: 0x0000000080000A8A (0x00000013) addi x0, x0, 0x0                         inst_17+94

mem[X,0x0000000080000A8E] -> 0x0013
mem[X,0x0000000080000A90] -> 0x0000
[639] [M]: 0x0000000080000A8E (0x00000013) addi x0, x0, 0x0                         inst_17+98

clint mtime 0x0000000000000140 (mip.MTI <- 0b1, mip.STI <- 0b0)
mem[X,0x0000000080000A92] -> 0x0013
mem[X,0x0000000080000A94] -> 0x0000
[640] [M]: 0x0000000080000A92 (0x00000013) addi x0, x0, 0x0                         inst_17+102

mem[X,0x0000000080000A96] -> 0x0013
mem[X,0x0000000080000A98] -> 0x0000
[641] [M]: 0x0000000080000A96 (0x00000013) addi x0, x0, 0x0                         inst_17+106

clint mtime 0x0000000000000141 (mip.MTI <- 0b1, mip.STI <- 0b0)
mem[X,0x0000000080000A9A] -> 0x0013
mem[X,0x0000000080000A9C] -> 0x0000
[642] [M]: 0x0000000080000A9A (0x00000013) addi x0, x0, 0x0                         inst_17+110

mem[X,0x0000000080000A9E] -> 0x0001
[643] [M]: 0x0000000080000A9E (0x0001) c.nop                                        inst_17+114

clint mtime 0x0000000000000142 (mip.MTI <- 0b1, mip.STI <- 0b0)
mem[X,0x0000000080000AA0] -> 0xF393
mem[X,0x0000000080000AA2] -> 0xFFC3
[644] [M]: 0x0000000080000AA0 (0xFFC3F393) andi x7, x7, -0x4                        inst_17+116
x7 <- 0x0000000080000A2C

mem[X,0x0000000080000AA4] -> 0x0433
mem[X,0x0000000080000AA6] -> 0x4074
[645] [M]: 0x0000000080000AA4 (0x40740433) sub x8, x8, x7                           inst_17+120
x8 <- 0x000000000000003B

clint mtime 0x0000000000000143 (mip.MTI <- 0b1, mip.STI <- 0b0)
mem[X,0x0000000080000AA8] -> 0x3423
mem[X,0x0000000080000AAA] -> 0x0882
[646] [M]: 0x0000000080000AA8 (0x08823423) sd x8, 0x88(x4)                          inst_17+124
mem[W,0x00000000800041A0] <- 0x000000000000003B

mem[X,0x0000000080000AAC] -> 0x0013
mem[X,0x0000000080000AAE] -> 0x0000
[647] [M]: 0x0000000080000AAC (0x00000013) addi x0, x0, 0x0                         inst_17+128

clint mtime 0x0000000000000144 (mip.MTI <- 0b1, mip.STI <- 0b0)
mem[X,0x0000000080000AB0] -> 0x0013
mem[X,0x0000000080000AB2] -> 0x0000
[648] [M]: 0x0000000080000AB0 (0x00000013) addi x0, x0, 0x0                         inst_17+132

mem[X,0x0000000080000AB4] -> 0x0013
mem[X,0x0000000080000AB6] -> 0x0000
[649] [M]: 0x0000000080000AB4 (0x00000013) addi x0, x0, 0x0                         inst_17+136

clint mtime 0x0000000000000145 (mip.MTI <- 0b1, mip.STI <- 0b0)
mem[X,0x0000000080000AB8] -> 0x0013
mem[X,0x0000000080000ABA] -> 0x0000
[650] [M]: 0x0000000080000AB8 (0x00000013) addi x0, x0, 0x0                         inst_17+140

mem[X,0x0000000080000ABC] -> 0x0013
mem[X,0x0000000080000ABE] -> 0x0000
[651] [M]: 0x0000000080000ABC (0x00000013) addi x0, x0, 0x0                         inst_17+144

clint mtime 0x0000000000000146 (mip.MTI <- 0b1, mip.STI <- 0b0)
mem[X,0x0000000080000AC0] -> 0x3317
mem[X,0x0000000080000AC2] -> 0x0000
[652] [M]: 0x0000000080000AC0 (0x00003317) auipc x6, 0x3                            inst_17+148
x6 <- 0x0000000080003AC0

mem[X,0x0000000080000AC4] -> 0x0313
mem[X,0x0000000080000AC6] -> 0x6E83
[653] [M]: 0x0000000080000AC4 (0x6E830313) addi x6, x6, 0x6e8                       inst_17+152
x6 <- 0x00000000800041A8

clint mtime 0x0000000000000147 (mip.MTI <- 0b1, mip.STI <- 0b0)
mem[X,0x0000000080000AC8] -> 0x0001
[654] [M]: 0x0000000080000AC8 (0x0001) c.nop                                        inst_17+156

mem[X,0x0000000080000ACA] -> 0x0013
mem[X,0x0000000080000ACC] -> 0x0000
[655] [M]: 0x0000000080000ACA (0x00000013) addi x0, x0, 0x0                         inst_17+158

clint mtime 0x0000000000000148 (mip.MTI <- 0b1, mip.STI <- 0b0)
mem[X,0x0000000080000ACE] -> 0x0013
mem[X,0x0000000080000AD0] -> 0x0000
[656] [M]: 0x0000000080000ACE (0x00000013) addi x0, x0, 0x0                         inst_17+162

mem[X,0x0000000080000AD2] -> 0x0013
mem[X,0x0000000080000AD4] -> 0x0000
[657] [M]: 0x0000000080000AD2 (0x00000013) addi x0, x0, 0x0                         inst_17+166

clint mtime 0x0000000000000149 (mip.MTI <- 0b1, mip.STI <- 0b0)
mem[X,0x0000000080000AD6] -> 0x0013
mem[X,0x0000000080000AD8] -> 0x0000
[658] [M]: 0x0000000080000AD6 (0x00000013) addi x0, x0, 0x0                         inst_17+170

mem[X,0x0000000080000ADA] -> 0x0013
mem[X,0x0000000080000ADC] -> 0x0000
[659] [M]: 0x0000000080000ADA (0x00000013) addi x0, x0, 0x0                         inst_17+174

clint mtime 0x000000000000014A (mip.MTI <- 0b1, mip.STI <- 0b0)
mem[X,0x0000000080000ADE] -> 0x0001
[660] [M]: 0x0000000080000ADE (0x0001) c.nop                                        inst_17+178

mem[X,0x0000000080000AE0] -> 0x0697
mem[X,0x0000000080000AE2] -> 0x0000
[661] [M]: 0x0000000080000AE0 (0x00000697) auipc x13, 0x0                           inst_18+0
x13 <- 0x0000000080000AE0

clint mtime 0x000000000000014B (mip.MTI <- 0b1, mip.STI <- 0b0)
mem[X,0x0000000080000AE4] -> 0x0013
mem[X,0x0000000080000AE6] -> 0x0000
[662] [M]: 0x0000000080000AE4 (0x00000013) addi x0, x0, 0x0                         inst_18+4

mem[X,0x0000000080000AE8] -> 0x0013
mem[X,0x0000000080000AEA] -> 0x0000
[663] [M]: 0x0000000080000AE8 (0x00000013) addi x0, x0, 0x0                         inst_18+8

clint mtime 0x000000000000014C (mip.MTI <- 0b1, mip.STI <- 0b0)
mem[X,0x0000000080000AEC] -> 0x0013
mem[X,0x0000000080000AEE] -> 0x0000
[664] [M]: 0x0000000080000AEC (0x00000013) addi x0, x0, 0x0                         inst_18+12

mem[X,0x0000000080000AF0] -> 0x0013
mem[X,0x0000000080000AF2] -> 0x0000
[665] [M]: 0x0000000080000AF0 (0x00000013) addi x0, x0, 0x0                         inst_18+16

clint mtime 0x000000000000014D (mip.MTI <- 0b1, mip.STI <- 0b0)
mem[X,0x0000000080000AF4] -> 0x0013
mem[X,0x0000000080000AF6] -> 0x0000
[666] [M]: 0x0000000080000AF4 (0x00000013) addi x0, x0, 0x0                         inst_18+20

mem[X,0x0000000080000AF8] -> 0x0013
mem[X,0x0000000080000AFA] -> 0x0000
[667] [M]: 0x0000000080000AF8 (0x00000013) addi x0, x0, 0x0                         inst_18+24

clint mtime 0x000000000000014E (mip.MTI <- 0b1, mip.STI <- 0b0)
mem[X,0x0000000080000AFC] -> 0x0013
mem[X,0x0000000080000AFE] -> 0x0000
[668] [M]: 0x0000000080000AFC (0x00000013) addi x0, x0, 0x0                         inst_18+28

mem[X,0x0000000080000B00] -> 0x0B97
mem[X,0x0000000080000B02] -> 0x0000
[669] [M]: 0x0000000080000B00 (0x00000B97) auipc x23, 0x0                           inst_18+32
x23 <- 0x0000000080000B00

clint mtime 0x000000000000014F (mip.MTI <- 0b1, mip.STI <- 0b0)
mem[X,0x0000000080000B04] -> 0x8B93
mem[X,0x0000000080000B06] -> 0x045B
[670] [M]: 0x0000000080000B04 (0x045B8B93) addi x23, x23, 0x45                      inst_18+36
x23 <- 0x0000000080000B45

mem[X,0x0000000080000B08] -> 0x0001
[671] [M]: 0x0000000080000B08 (0x0001) c.nop                                        inst_18+40

clint mtime 0x0000000000000150 (mip.MTI <- 0b1, mip.STI <- 0b0)
mem[X,0x0000000080000B0A] -> 0x0013
mem[X,0x0000000080000B0C] -> 0x0000
[672] [M]: 0x0000000080000B0A (0x00000013) addi x0, x0, 0x0                         inst_18+42

mem[X,0x0000000080000B0E] -> 0x0013
mem[X,0x0000000080000B10] -> 0x0000
[673] [M]: 0x0000000080000B0E (0x00000013) addi x0, x0, 0x0                         inst_18+46

clint mtime 0x0000000000000151 (mip.MTI <- 0b1, mip.STI <- 0b0)
mem[X,0x0000000080000B12] -> 0x0013
mem[X,0x0000000080000B14] -> 0x0000
[674] [M]: 0x0000000080000B12 (0x00000013) addi x0, x0, 0x0                         inst_18+50

mem[X,0x0000000080000B16] -> 0x0013
mem[X,0x0000000080000B18] -> 0x0000
[675] [M]: 0x0000000080000B16 (0x00000013) addi x0, x0, 0x0                         inst_18+54

clint mtime 0x0000000000000152 (mip.MTI <- 0b1, mip.STI <- 0b0)
mem[X,0x0000000080000B1A] -> 0x0013
mem[X,0x0000000080000B1C] -> 0x0000
[676] [M]: 0x0000000080000B1A (0x00000013) addi x0, x0, 0x0                         inst_18+58

mem[X,0x0000000080000B1E] -> 0x0001
[677] [M]: 0x0000000080000B1E (0x0001) c.nop                                        inst_18+62

clint mtime 0x0000000000000153 (mip.MTI <- 0b1, mip.STI <- 0b0)
mem[X,0x0000000080000B20] -> 0x86E7
mem[X,0x0000000080000B22] -> 0xFEFB
[678] [M]: 0x0000000080000B20 (0xFEFB86E7) jalr x13, -0x11(x23)                     inst_18+64
x13 <- 0x0000000080000B24

mem[X,0x0000000080000B34] -> 0xC693
mem[X,0x0000000080000B36] -> 0x0036
[679] [M]: 0x0000000080000B34 (0x0036C693) xori x13, x13, 0x3                       inst_18+84
x13 <- 0x0000000080000B27

clint mtime 0x0000000000000154 (mip.MTI <- 0b1, mip.STI <- 0b0)
mem[X,0x0000000080000B38] -> 0x006F
mem[X,0x0000000080000B3A] -> 0x0040
[680] [M]: 0x0000000080000B38 (0x0040006F) jal x0, 0x4                              inst_18+88

mem[X,0x0000000080000B3C] -> 0x0013
mem[X,0x0000000080000B3E] -> 0x0000
[681] [M]: 0x0000000080000B3C (0x00000013) addi x0, x0, 0x0                         inst_18+92

clint mtime 0x0000000000000155 (mip.MTI <- 0b1, mip.STI <- 0b0)
mem[X,0x0000000080000B40] -> 0x0397
mem[X,0x0000000080000B42] -> 0x0000
[682] [M]: 0x0000000080000B40 (0x00000397) auipc x7, 0x0                            inst_18+96
x7 <- 0x0000000080000B40

mem[X,0x0000000080000B44] -> 0x8393
mem[X,0x0000000080000B46] -> 0xFA03
[683] [M]: 0x0000000080000B44 (0xFA038393) addi x7, x7, -0x60                       inst_18+100
x7 <- 0x0000000080000AE0

clint mtime 0x0000000000000156 (mip.MTI <- 0b1, mip.STI <- 0b0)
mem[X,0x0000000080000B48] -> 0x0001
[684] [M]: 0x0000000080000B48 (0x0001) c.nop                                        inst_18+104

mem[X,0x0000000080000B4A] -> 0x0013
mem[X,0x0000000080000B4C] -> 0x0000
[685] [M]: 0x0000000080000B4A (0x00000013) addi x0, x0, 0x0                         inst_18+106

clint mtime 0x0000000000000157 (mip.MTI <- 0b1, mip.STI <- 0b0)
mem[X,0x0000000080000B4E] -> 0x0013
mem[X,0x0000000080000B50] -> 0x0000
[686] [M]: 0x0000000080000B4E (0x00000013) addi x0, x0, 0x0                         inst_18+110

mem[X,0x0000000080000B52] -> 0x0013
mem[X,0x0000000080000B54] -> 0x0000
[687] [M]: 0x0000000080000B52 (0x00000013) addi x0, x0, 0x0                         inst_18+114

clint mtime 0x0000000000000158 (mip.MTI <- 0b1, mip.STI <- 0b0)
mem[X,0x0000000080000B56] -> 0x0013
mem[X,0x0000000080000B58] -> 0x0000
[688] [M]: 0x0000000080000B56 (0x00000013) addi x0, x0, 0x0                         inst_18+118

mem[X,0x0000000080000B5A] -> 0x0013
mem[X,0x0000000080000B5C] -> 0x0000
[689] [M]: 0x0000000080000B5A (0x00000013) addi x0, x0, 0x0                         inst_18+122

clint mtime 0x0000000000000159 (mip.MTI <- 0b1, mip.STI <- 0b0)
mem[X,0x0000000080000B5E] -> 0x0001
[690] [M]: 0x0000000080000B5E (0x0001) c.nop                                        inst_18+126

mem[X,0x0000000080000B60] -> 0xF393
mem[X,0x0000000080000B62] -> 0xFFC3
[691] [M]: 0x0000000080000B60 (0xFFC3F393) andi x7, x7, -0x4                        inst_18+128
x7 <- 0x0000000080000AE0

clint mtime 0x000000000000015A (mip.MTI <- 0b1, mip.STI <- 0b0)
mem[X,0x0000000080000B64] -> 0x86B3
mem[X,0x0000000080000B66] -> 0x4076
[692] [M]: 0x0000000080000B64 (0x407686B3) sub x13, x13, x7                         inst_18+132
x13 <- 0x0000000000000047

mem[X,0x0000000080000B68] -> 0x3023
mem[X,0x0000000080000B6A] -> 0x00D3
[693] [M]: 0x0000000080000B68 (0x00D33023) sd x13, 0x0(x6)                          inst_18+136
mem[W,0x00000000800041A8] <- 0x0000000000000047

clint mtime 0x000000000000015B (mip.MTI <- 0b1, mip.STI <- 0b0)
mem[X,0x0000000080000B6C] -> 0x0797
mem[X,0x0000000080000B6E] -> 0x0000
[694] [M]: 0x0000000080000B6C (0x00000797) auipc x15, 0x0                           inst_19+0
x15 <- 0x0000000080000B6C

mem[X,0x0000000080000B70] -> 0x0013
mem[X,0x0000000080000B72] -> 0x0000
[695] [M]: 0x0000000080000B70 (0x00000013) addi x0, x0, 0x0                         inst_19+4

clint mtime 0x000000000000015C (mip.MTI <- 0b1, mip.STI <- 0b0)
mem[X,0x0000000080000B74] -> 0x0013
mem[X,0x0000000080000B76] -> 0x0000
[696] [M]: 0x0000000080000B74 (0x00000013) addi x0, x0, 0x0                         inst_19+8

mem[X,0x0000000080000B78] -> 0x0013
mem[X,0x0000000080000B7A] -> 0x0000
[697] [M]: 0x0000000080000B78 (0x00000013) addi x0, x0, 0x0                         inst_19+12

clint mtime 0x000000000000015D (mip.MTI <- 0b1, mip.STI <- 0b0)
mem[X,0x0000000080000B7C] -> 0x0013
mem[X,0x0000000080000B7E] -> 0x0000
[698] [M]: 0x0000000080000B7C (0x00000013) addi x0, x0, 0x0                         inst_19+16

mem[X,0x0000000080000B80] -> 0x0B17
mem[X,0x0000000080000B82] -> 0x0000
[699] [M]: 0x0000000080000B80 (0x00000B17) auipc x22, 0x0                           inst_19+20
x22 <- 0x0000000080000B80

clint mtime 0x000000000000015E (mip.MTI <- 0b1, mip.STI <- 0b0)
mem[X,0x0000000080000B84] -> 0x0B13
mem[X,0x0000000080000B86] -> 0x055B
[700] [M]: 0x0000000080000B84 (0x055B0B13) addi x22, x22, 0x55                      inst_19+24
x22 <- 0x0000000080000BD5

mem[X,0x0000000080000B88] -> 0x0001
[701] [M]: 0x0000000080000B88 (0x0001) c.nop                                        inst_19+28

clint mtime 0x000000000000015F (mip.MTI <- 0b1, mip.STI <- 0b0)
mem[X,0x0000000080000B8A] -> 0x0013
mem[X,0x0000000080000B8C] -> 0x0000
[702] [M]: 0x0000000080000B8A (0x00000013) addi x0, x0, 0x0                         inst_19+30

mem[X,0x0000000080000B8E] -> 0x0013
mem[X,0x0000000080000B90] -> 0x0000
[703] [M]: 0x0000000080000B8E (0x00000013) addi x0, x0, 0x0                         inst_19+34

clint mtime 0x0000000000000160 (mip.MTI <- 0b1, mip.STI <- 0b0)
mem[X,0x0000000080000B92] -> 0x0013
mem[X,0x0000000080000B94] -> 0x0000
[704] [M]: 0x0000000080000B92 (0x00000013) addi x0, x0, 0x0                         inst_19+38

mem[X,0x0000000080000B96] -> 0x0013
mem[X,0x0000000080000B98] -> 0x0000
[705] [M]: 0x0000000080000B96 (0x00000013) addi x0, x0, 0x0                         inst_19+42

clint mtime 0x0000000000000161 (mip.MTI <- 0b1, mip.STI <- 0b0)
mem[X,0x0000000080000B9A] -> 0x0013
mem[X,0x0000000080000B9C] -> 0x0000
[706] [M]: 0x0000000080000B9A (0x00000013) addi x0, x0, 0x0                         inst_19+46

mem[X,0x0000000080000B9E] -> 0x0001
[707] [M]: 0x0000000080000B9E (0x0001) c.nop                                        inst_19+50

clint mtime 0x0000000000000162 (mip.MTI <- 0b1, mip.STI <- 0b0)
mem[X,0x0000000080000BA0] -> 0x07E7
mem[X,0x0000000080000BA2] -> 0xFDFB
[708] [M]: 0x0000000080000BA0 (0xFDFB07E7) jalr x15, -0x21(x22)                     inst_19+52
x15 <- 0x0000000080000BA4

mem[X,0x0000000080000BB4] -> 0xC793
mem[X,0x0000000080000BB6] -> 0x0037
[709] [M]: 0x0000000080000BB4 (0x0037C793) xori x15, x15, 0x3                       inst_19+72
x15 <- 0x0000000080000BA7

clint mtime 0x0000000000000163 (mip.MTI <- 0b1, mip.STI <- 0b0)
mem[X,0x0000000080000BB8] -> 0x006F
mem[X,0x0000000080000BBA] -> 0x0040
[710] [M]: 0x0000000080000BB8 (0x0040006F) jal x0, 0x4                              inst_19+76

mem[X,0x0000000080000BBC] -> 0x0013
mem[X,0x0000000080000BBE] -> 0x0000
[711] [M]: 0x0000000080000BBC (0x00000013) addi x0, x0, 0x0                         inst_19+80

clint mtime 0x0000000000000164 (mip.MTI <- 0b1, mip.STI <- 0b0)
mem[X,0x0000000080000BC0] -> 0x0397
mem[X,0x0000000080000BC2] -> 0x0000
[712] [M]: 0x0000000080000BC0 (0x00000397) auipc x7, 0x0                            inst_19+84
x7 <- 0x0000000080000BC0

mem[X,0x0000000080000BC4] -> 0x8393
mem[X,0x0000000080000BC6] -> 0xFAC3
[713] [M]: 0x0000000080000BC4 (0xFAC38393) addi x7, x7, -0x54                       inst_19+88
x7 <- 0x0000000080000B6C

clint mtime 0x0000000000000165 (mip.MTI <- 0b1, mip.STI <- 0b0)
mem[X,0x0000000080000BC8] -> 0x0001
[714] [M]: 0x0000000080000BC8 (0x0001) c.nop                                        inst_19+92

mem[X,0x0000000080000BCA] -> 0x0013
mem[X,0x0000000080000BCC] -> 0x0000
[715] [M]: 0x0000000080000BCA (0x00000013) addi x0, x0, 0x0                         inst_19+94

clint mtime 0x0000000000000166 (mip.MTI <- 0b1, mip.STI <- 0b0)
mem[X,0x0000000080000BCE] -> 0x0013
mem[X,0x0000000080000BD0] -> 0x0000
[716] [M]: 0x0000000080000BCE (0x00000013) addi x0, x0, 0x0                         inst_19+98

mem[X,0x0000000080000BD2] -> 0x0013
mem[X,0x0000000080000BD4] -> 0x0000
[717] [M]: 0x0000000080000BD2 (0x00000013) addi x0, x0, 0x0                         inst_19+102

clint mtime 0x0000000000000167 (mip.MTI <- 0b1, mip.STI <- 0b0)
mem[X,0x0000000080000BD6] -> 0x0013
mem[X,0x0000000080000BD8] -> 0x0000
[718] [M]: 0x0000000080000BD6 (0x00000013) addi x0, x0, 0x0                         inst_19+106

mem[X,0x0000000080000BDA] -> 0x0013
mem[X,0x0000000080000BDC] -> 0x0000
[719] [M]: 0x0000000080000BDA (0x00000013) addi x0, x0, 0x0                         inst_19+110

clint mtime 0x0000000000000168 (mip.MTI <- 0b1, mip.STI <- 0b0)
mem[X,0x0000000080000BDE] -> 0x0001
[720] [M]: 0x0000000080000BDE (0x0001) c.nop                                        inst_19+114

mem[X,0x0000000080000BE0] -> 0xF393
mem[X,0x0000000080000BE2] -> 0xFFC3
[721] [M]: 0x0000000080000BE0 (0xFFC3F393) andi x7, x7, -0x4                        inst_19+116
x7 <- 0x0000000080000B6C

clint mtime 0x0000000000000169 (mip.MTI <- 0b1, mip.STI <- 0b0)
mem[X,0x0000000080000BE4] -> 0x87B3
mem[X,0x0000000080000BE6] -> 0x4077
[722] [M]: 0x0000000080000BE4 (0x407787B3) sub x15, x15, x7                         inst_19+120
x15 <- 0x000000000000003B

mem[X,0x0000000080000BE8] -> 0x3423
mem[X,0x0000000080000BEA] -> 0x00F3
[723] [M]: 0x0000000080000BE8 (0x00F33423) sd x15, 0x8(x6)                          inst_19+124
mem[W,0x00000000800041B0] <- 0x000000000000003B

clint mtime 0x000000000000016A (mip.MTI <- 0b1, mip.STI <- 0b0)
mem[X,0x0000000080000BEC] -> 0x0597
mem[X,0x0000000080000BEE] -> 0x0000
[724] [M]: 0x0000000080000BEC (0x00000597) auipc x11, 0x0                           inst_20+0
x11 <- 0x0000000080000BEC

mem[X,0x0000000080000BF0] -> 0x0013
mem[X,0x0000000080000BF2] -> 0x0000
[725] [M]: 0x0000000080000BF0 (0x00000013) addi x0, x0, 0x0                         inst_20+4

clint mtime 0x000000000000016B (mip.MTI <- 0b1, mip.STI <- 0b0)
mem[X,0x0000000080000BF4] -> 0x0013
mem[X,0x0000000080000BF6] -> 0x0000
[726] [M]: 0x0000000080000BF4 (0x00000013) addi x0, x0, 0x0                         inst_20+8

mem[X,0x0000000080000BF8] -> 0x0013
mem[X,0x0000000080000BFA] -> 0x0000
[727] [M]: 0x0000000080000BF8 (0x00000013) addi x0, x0, 0x0                         inst_20+12

clint mtime 0x000000000000016C (mip.MTI <- 0b1, mip.STI <- 0b0)
mem[X,0x0000000080000BFC] -> 0x0013
mem[X,0x0000000080000BFE] -> 0x0000
[728] [M]: 0x0000000080000BFC (0x00000013) addi x0, x0, 0x0                         inst_20+16

mem[X,0x0000000080000C00] -> 0x0197
mem[X,0x0000000080000C02] -> 0x0000
[729] [M]: 0x0000000080000C00 (0x00000197) auipc x3, 0x0                            inst_20+20
x3 <- 0x0000000080000C00

clint mtime 0x000000000000016D (mip.MTI <- 0b1, mip.STI <- 0b0)
mem[X,0x0000000080000C04] -> 0x8193
mem[X,0x0000000080000C06] -> 0x0751
[730] [M]: 0x0000000080000C04 (0x07518193) addi x3, x3, 0x75                        inst_20+24
x3 <- 0x0000000080000C75

mem[X,0x0000000080000C08] -> 0x0001
[731] [M]: 0x0000000080000C08 (0x0001) c.nop                                        inst_20+28

clint mtime 0x000000000000016E (mip.MTI <- 0b1, mip.STI <- 0b0)
mem[X,0x0000000080000C0A] -> 0x0013
mem[X,0x0000000080000C0C] -> 0x0000
[732] [M]: 0x0000000080000C0A (0x00000013) addi x0, x0, 0x0                         inst_20+30

mem[X,0x0000000080000C0E] -> 0x0013
mem[X,0x0000000080000C10] -> 0x0000
[733] [M]: 0x0000000080000C0E (0x00000013) addi x0, x0, 0x0                         inst_20+34

clint mtime 0x000000000000016F (mip.MTI <- 0b1, mip.STI <- 0b0)
mem[X,0x0000000080000C12] -> 0x0013
mem[X,0x0000000080000C14] -> 0x0000
[734] [M]: 0x0000000080000C12 (0x00000013) addi x0, x0, 0x0                         inst_20+38

mem[X,0x0000000080000C16] -> 0x0013
mem[X,0x0000000080000C18] -> 0x0000
[735] [M]: 0x0000000080000C16 (0x00000013) addi x0, x0, 0x0                         inst_20+42

clint mtime 0x0000000000000170 (mip.MTI <- 0b1, mip.STI <- 0b0)
mem[X,0x0000000080000C1A] -> 0x0013
mem[X,0x0000000080000C1C] -> 0x0000
[736] [M]: 0x0000000080000C1A (0x00000013) addi x0, x0, 0x0                         inst_20+46

mem[X,0x0000000080000C1E] -> 0x0001
[737] [M]: 0x0000000080000C1E (0x0001) c.nop                                        inst_20+50

clint mtime 0x0000000000000171 (mip.MTI <- 0b1, mip.STI <- 0b0)
mem[X,0x0000000080000C20] -> 0x85E7
mem[X,0x0000000080000C22] -> 0xFBF1
[738] [M]: 0x0000000080000C20 (0xFBF185E7) jalr x11, -0x41(x3)                      inst_20+52
x11 <- 0x0000000080000C24

mem[X,0x0000000080000C34] -> 0xC593
mem[X,0x0000000080000C36] -> 0x0035
[739] [M]: 0x0000000080000C34 (0x0035C593) xori x11, x11, 0x3                       inst_20+72
x11 <- 0x0000000080000C27

clint mtime 0x0000000000000172 (mip.MTI <- 0b1, mip.STI <- 0b0)
mem[X,0x0000000080000C38] -> 0x006F
mem[X,0x0000000080000C3A] -> 0x0040
[740] [M]: 0x0000000080000C38 (0x0040006F) jal x0, 0x4                              inst_20+76

mem[X,0x0000000080000C3C] -> 0x0013
mem[X,0x0000000080000C3E] -> 0x0000
[741] [M]: 0x0000000080000C3C (0x00000013) addi x0, x0, 0x0                         inst_20+80

clint mtime 0x0000000000000173 (mip.MTI <- 0b1, mip.STI <- 0b0)
mem[X,0x0000000080000C40] -> 0x0397
mem[X,0x0000000080000C42] -> 0x0000
[742] [M]: 0x0000000080000C40 (0x00000397) auipc x7, 0x0                            inst_20+84
x7 <- 0x0000000080000C40

mem[X,0x0000000080000C44] -> 0x8393
mem[X,0x0000000080000C46] -> 0xFAC3
[743] [M]: 0x0000000080000C44 (0xFAC38393) addi x7, x7, -0x54                       inst_20+88
x7 <- 0x0000000080000BEC

clint mtime 0x0000000000000174 (mip.MTI <- 0b1, mip.STI <- 0b0)
mem[X,0x0000000080000C48] -> 0x0001
[744] [M]: 0x0000000080000C48 (0x0001) c.nop                                        inst_20+92

mem[X,0x0000000080000C4A] -> 0x0013
mem[X,0x0000000080000C4C] -> 0x0000
[745] [M]: 0x0000000080000C4A (0x00000013) addi x0, x0, 0x0                         inst_20+94

clint mtime 0x0000000000000175 (mip.MTI <- 0b1, mip.STI <- 0b0)
mem[X,0x0000000080000C4E] -> 0x0013
mem[X,0x0000000080000C50] -> 0x0000
[746] [M]: 0x0000000080000C4E (0x00000013) addi x0, x0, 0x0                         inst_20+98

mem[X,0x0000000080000C52] -> 0x0013
mem[X,0x0000000080000C54] -> 0x0000
[747] [M]: 0x0000000080000C52 (0x00000013) addi x0, x0, 0x0                         inst_20+102

clint mtime 0x0000000000000176 (mip.MTI <- 0b1, mip.STI <- 0b0)
mem[X,0x0000000080000C56] -> 0x0013
mem[X,0x0000000080000C58] -> 0x0000
[748] [M]: 0x0000000080000C56 (0x00000013) addi x0, x0, 0x0                         inst_20+106

mem[X,0x0000000080000C5A] -> 0x0013
mem[X,0x0000000080000C5C] -> 0x0000
[749] [M]: 0x0000000080000C5A (0x00000013) addi x0, x0, 0x0                         inst_20+110

clint mtime 0x0000000000000177 (mip.MTI <- 0b1, mip.STI <- 0b0)
mem[X,0x0000000080000C5E] -> 0x0001
[750] [M]: 0x0000000080000C5E (0x0001) c.nop                                        inst_20+114

mem[X,0x0000000080000C60] -> 0xF393
mem[X,0x0000000080000C62] -> 0xFFC3
[751] [M]: 0x0000000080000C60 (0xFFC3F393) andi x7, x7, -0x4                        inst_20+116
x7 <- 0x0000000080000BEC

clint mtime 0x0000000000000178 (mip.MTI <- 0b1, mip.STI <- 0b0)
mem[X,0x0000000080000C64] -> 0x85B3
mem[X,0x0000000080000C66] -> 0x4075
[752] [M]: 0x0000000080000C64 (0x407585B3) sub x11, x11, x7                         inst_20+120
x11 <- 0x000000000000003B

mem[X,0x0000000080000C68] -> 0x3823
mem[X,0x0000000080000C6A] -> 0x00B3
[753] [M]: 0x0000000080000C68 (0x00B33823) sd x11, 0x10(x6)                         inst_20+124
mem[W,0x00000000800041B8] <- 0x000000000000003B

clint mtime 0x0000000000000179 (mip.MTI <- 0b1, mip.STI <- 0b0)
mem[X,0x0000000080000C6C] -> 0x0E17
mem[X,0x0000000080000C6E] -> 0x0000
[754] [M]: 0x0000000080000C6C (0x00000E17) auipc x28, 0x0                           inst_21+0
x28 <- 0x0000000080000C6C

mem[X,0x0000000080000C70] -> 0x0013
mem[X,0x0000000080000C72] -> 0x0000
[755] [M]: 0x0000000080000C70 (0x00000013) addi x0, x0, 0x0                         inst_21+4

clint mtime 0x000000000000017A (mip.MTI <- 0b1, mip.STI <- 0b0)
mem[X,0x0000000080000C74] -> 0x0013
mem[X,0x0000000080000C76] -> 0x0000
[756] [M]: 0x0000000080000C74 (0x00000013) addi x0, x0, 0x0                         inst_21+8

mem[X,0x0000000080000C78] -> 0x0013
mem[X,0x0000000080000C7A] -> 0x0000
[757] [M]: 0x0000000080000C78 (0x00000013) addi x0, x0, 0x0                         inst_21+12

clint mtime 0x000000000000017B (mip.MTI <- 0b1, mip.STI <- 0b0)
mem[X,0x0000000080000C7C] -> 0x0013
mem[X,0x0000000080000C7E] -> 0x0000
[758] [M]: 0x0000000080000C7C (0x00000013) addi x0, x0, 0x0                         inst_21+16

mem[X,0x0000000080000C80] -> 0x0F97
mem[X,0x0000000080000C82] -> 0x0000
[759] [M]: 0x0000000080000C80 (0x00000F97) auipc x31, 0x0                           inst_21+20
x31 <- 0x0000000080000C80

clint mtime 0x000000000000017C (mip.MTI <- 0b1, mip.STI <- 0b0)
mem[X,0x0000000080000C84] -> 0x8F93
mem[X,0x0000000080000C86] -> 0x0B5F
[760] [M]: 0x0000000080000C84 (0x0B5F8F93) addi x31, x31, 0xb5                      inst_21+24
x31 <- 0x0000000080000D35

mem[X,0x0000000080000C88] -> 0x0001
[761] [M]: 0x0000000080000C88 (0x0001) c.nop                                        inst_21+28

clint mtime 0x000000000000017D (mip.MTI <- 0b1, mip.STI <- 0b0)
mem[X,0x0000000080000C8A] -> 0x0013
mem[X,0x0000000080000C8C] -> 0x0000
[762] [M]: 0x0000000080000C8A (0x00000013) addi x0, x0, 0x0                         inst_21+30

mem[X,0x0000000080000C8E] -> 0x0013
mem[X,0x0000000080000C90] -> 0x0000
[763] [M]: 0x0000000080000C8E (0x00000013) addi x0, x0, 0x0                         inst_21+34

clint mtime 0x000000000000017E (mip.MTI <- 0b1, mip.STI <- 0b0)
mem[X,0x0000000080000C92] -> 0x0013
mem[X,0x0000000080000C94] -> 0x0000
[764] [M]: 0x0000000080000C92 (0x00000013) addi x0, x0, 0x0                         inst_21+38

mem[X,0x0000000080000C96] -> 0x0013
mem[X,0x0000000080000C98] -> 0x0000
[765] [M]: 0x0000000080000C96 (0x00000013) addi x0, x0, 0x0                         inst_21+42

clint mtime 0x000000000000017F (mip.MTI <- 0b1, mip.STI <- 0b0)
mem[X,0x0000000080000C9A] -> 0x0013
mem[X,0x0000000080000C9C] -> 0x0000
[766] [M]: 0x0000000080000C9A (0x00000013) addi x0, x0, 0x0                         inst_21+46

mem[X,0x0000000080000C9E] -> 0x0001
[767] [M]: 0x0000000080000C9E (0x0001) c.nop                                        inst_21+50

clint mtime 0x0000000000000180 (mip.MTI <- 0b1, mip.STI <- 0b0)
mem[X,0x0000000080000CA0] -> 0x8E67
mem[X,0x0000000080000CA2] -> 0xF7FF
[768] [M]: 0x0000000080000CA0 (0xF7FF8E67) jalr x28, -0x81(x31)                     inst_21+52
x28 <- 0x0000000080000CA4

mem[X,0x0000000080000CB4] -> 0x4E13
mem[X,0x0000000080000CB6] -> 0x003E
[769] [M]: 0x0000000080000CB4 (0x003E4E13) xori x28, x28, 0x3                       inst_21+72
x28 <- 0x0000000080000CA7

clint mtime 0x0000000000000181 (mip.MTI <- 0b1, mip.STI <- 0b0)
mem[X,0x0000000080000CB8] -> 0x006F
mem[X,0x0000000080000CBA] -> 0x0040
[770] [M]: 0x0000000080000CB8 (0x0040006F) jal x0, 0x4                              inst_21+76

mem[X,0x0000000080000CBC] -> 0x0013
mem[X,0x0000000080000CBE] -> 0x0000
[771] [M]: 0x0000000080000CBC (0x00000013) addi x0, x0, 0x0                         inst_21+80

clint mtime 0x0000000000000182 (mip.MTI <- 0b1, mip.STI <- 0b0)
mem[X,0x0000000080000CC0] -> 0x0397
mem[X,0x0000000080000CC2] -> 0x0000
[772] [M]: 0x0000000080000CC0 (0x00000397) auipc x7, 0x0                            inst_21+84
x7 <- 0x0000000080000CC0

mem[X,0x0000000080000CC4] -> 0x8393
mem[X,0x0000000080000CC6] -> 0xFAC3
[773] [M]: 0x0000000080000CC4 (0xFAC38393) addi x7, x7, -0x54                       inst_21+88
x7 <- 0x0000000080000C6C

clint mtime 0x0000000000000183 (mip.MTI <- 0b1, mip.STI <- 0b0)
mem[X,0x0000000080000CC8] -> 0x0001
[774] [M]: 0x0000000080000CC8 (0x0001) c.nop                                        inst_21+92

mem[X,0x0000000080000CCA] -> 0x0013
mem[X,0x0000000080000CCC] -> 0x0000
[775] [M]: 0x0000000080000CCA (0x00000013) addi x0, x0, 0x0                         inst_21+94

clint mtime 0x0000000000000184 (mip.MTI <- 0b1, mip.STI <- 0b0)
mem[X,0x0000000080000CCE] -> 0x0013
mem[X,0x0000000080000CD0] -> 0x0000
[776] [M]: 0x0000000080000CCE (0x00000013) addi x0, x0, 0x0                         inst_21+98

mem[X,0x0000000080000CD2] -> 0x0013
mem[X,0x0000000080000CD4] -> 0x0000
[777] [M]: 0x0000000080000CD2 (0x00000013) addi x0, x0, 0x0                         inst_21+102

clint mtime 0x0000000000000185 (mip.MTI <- 0b1, mip.STI <- 0b0)
mem[X,0x0000000080000CD6] -> 0x0013
mem[X,0x0000000080000CD8] -> 0x0000
[778] [M]: 0x0000000080000CD6 (0x00000013) addi x0, x0, 0x0                         inst_21+106

mem[X,0x0000000080000CDA] -> 0x0013
mem[X,0x0000000080000CDC] -> 0x0000
[779] [M]: 0x0000000080000CDA (0x00000013) addi x0, x0, 0x0                         inst_21+110

clint mtime 0x0000000000000186 (mip.MTI <- 0b1, mip.STI <- 0b0)
mem[X,0x0000000080000CDE] -> 0x0001
[780] [M]: 0x0000000080000CDE (0x0001) c.nop                                        inst_21+114

mem[X,0x0000000080000CE0] -> 0xF393
mem[X,0x0000000080000CE2] -> 0xFFC3
[781] [M]: 0x0000000080000CE0 (0xFFC3F393) andi x7, x7, -0x4                        inst_21+116
x7 <- 0x0000000080000C6C

clint mtime 0x0000000000000187 (mip.MTI <- 0b1, mip.STI <- 0b0)
mem[X,0x0000000080000CE4] -> 0x0E33
mem[X,0x0000000080000CE6] -> 0x407E
[782] [M]: 0x0000000080000CE4 (0x407E0E33) sub x28, x28, x7                         inst_21+120
x28 <- 0x000000000000003B

mem[X,0x0000000080000CE8] -> 0x3C23
mem[X,0x0000000080000CEA] -> 0x01C3
[783] [M]: 0x0000000080000CE8 (0x01C33C23) sd x28, 0x18(x6)                         inst_21+124
mem[W,0x00000000800041C0] <- 0x000000000000003B

clint mtime 0x0000000000000188 (mip.MTI <- 0b1, mip.STI <- 0b0)
mem[X,0x0000000080000CEC] -> 0x0717
mem[X,0x0000000080000CEE] -> 0x0000
[784] [M]: 0x0000000080000CEC (0x00000717) auipc x14, 0x0                           inst_22+0
x14 <- 0x0000000080000CEC

mem[X,0x0000000080000CF0] -> 0x0013
mem[X,0x0000000080000CF2] -> 0x0000
[785] [M]: 0x0000000080000CF0 (0x00000013) addi x0, x0, 0x0                         inst_22+4

clint mtime 0x0000000000000189 (mip.MTI <- 0b1, mip.STI <- 0b0)
mem[X,0x0000000080000CF4] -> 0x0013
mem[X,0x0000000080000CF6] -> 0x0000
[786] [M]: 0x0000000080000CF4 (0x00000013) addi x0, x0, 0x0                         inst_22+8

mem[X,0x0000000080000CF8] -> 0x0013
mem[X,0x0000000080000CFA] -> 0x0000
[787] [M]: 0x0000000080000CF8 (0x00000013) addi x0, x0, 0x0                         inst_22+12

clint mtime 0x000000000000018A (mip.MTI <- 0b1, mip.STI <- 0b0)
mem[X,0x0000000080000CFC] -> 0x0013
mem[X,0x0000000080000CFE] -> 0x0000
[788] [M]: 0x0000000080000CFC (0x00000013) addi x0, x0, 0x0                         inst_22+16

mem[X,0x0000000080000D00] -> 0x0C17
mem[X,0x0000000080000D02] -> 0x0000
[789] [M]: 0x0000000080000D00 (0x00000C17) auipc x24, 0x0                           inst_22+20
x24 <- 0x0000000080000D00

clint mtime 0x000000000000018B (mip.MTI <- 0b1, mip.STI <- 0b0)
mem[X,0x0000000080000D04] -> 0x0C13
mem[X,0x0000000080000D06] -> 0x135C
[790] [M]: 0x0000000080000D04 (0x135C0C13) addi x24, x24, 0x135                     inst_22+24
x24 <- 0x0000000080000E35

mem[X,0x0000000080000D08] -> 0x0001
[791] [M]: 0x0000000080000D08 (0x0001) c.nop                                        inst_22+28

clint mtime 0x000000000000018C (mip.MTI <- 0b1, mip.STI <- 0b0)
mem[X,0x0000000080000D0A] -> 0x0013
mem[X,0x0000000080000D0C] -> 0x0000
[792] [M]: 0x0000000080000D0A (0x00000013) addi x0, x0, 0x0                         inst_22+30

mem[X,0x0000000080000D0E] -> 0x0013
mem[X,0x0000000080000D10] -> 0x0000
[793] [M]: 0x0000000080000D0E (0x00000013) addi x0, x0, 0x0                         inst_22+34

clint mtime 0x000000000000018D (mip.MTI <- 0b1, mip.STI <- 0b0)
mem[X,0x0000000080000D12] -> 0x0013
mem[X,0x0000000080000D14] -> 0x0000
[794] [M]: 0x0000000080000D12 (0x00000013) addi x0, x0, 0x0                         inst_22+38

mem[X,0x0000000080000D16] -> 0x0013
mem[X,0x0000000080000D18] -> 0x0000
[795] [M]: 0x0000000080000D16 (0x00000013) addi x0, x0, 0x0                         inst_22+42

clint mtime 0x000000000000018E (mip.MTI <- 0b1, mip.STI <- 0b0)
mem[X,0x0000000080000D1A] -> 0x0013
mem[X,0x0000000080000D1C] -> 0x0000
[796] [M]: 0x0000000080000D1A (0x00000013) addi x0, x0, 0x0                         inst_22+46

mem[X,0x0000000080000D1E] -> 0x0001
[797] [M]: 0x0000000080000D1E (0x0001) c.nop                                        inst_22+50

clint mtime 0x000000000000018F (mip.MTI <- 0b1, mip.STI <- 0b0)
mem[X,0x0000000080000D20] -> 0x0767
mem[X,0x0000000080000D22] -> 0xEFFC
[798] [M]: 0x0000000080000D20 (0xEFFC0767) jalr x14, -0x101(x24)                    inst_22+52
x14 <- 0x0000000080000D24

mem[X,0x0000000080000D34] -> 0x4713
mem[X,0x0000000080000D36] -> 0x0037
[799] [M]: 0x0000000080000D34 (0x00374713) xori x14, x14, 0x3                       inst_22+72
x14 <- 0x0000000080000D27

clint mtime 0x0000000000000190 (mip.MTI <- 0b1, mip.STI <- 0b0)
mem[X,0x0000000080000D38] -> 0x006F
mem[X,0x0000000080000D3A] -> 0x0040
[800] [M]: 0x0000000080000D38 (0x0040006F) jal x0, 0x4                              inst_22+76

mem[X,0x0000000080000D3C] -> 0x0013
mem[X,0x0000000080000D3E] -> 0x0000
[801] [M]: 0x0000000080000D3C (0x00000013) addi x0, x0, 0x0                         inst_22+80

clint mtime 0x0000000000000191 (mip.MTI <- 0b1, mip.STI <- 0b0)
mem[X,0x0000000080000D40] -> 0x0397
mem[X,0x0000000080000D42] -> 0x0000
[802] [M]: 0x0000000080000D40 (0x00000397) auipc x7, 0x0                            inst_22+84
x7 <- 0x0000000080000D40

mem[X,0x0000000080000D44] -> 0x8393
mem[X,0x0000000080000D46] -> 0xFAC3
[803] [M]: 0x0000000080000D44 (0xFAC38393) addi x7, x7, -0x54                       inst_22+88
x7 <- 0x0000000080000CEC

clint mtime 0x0000000000000192 (mip.MTI <- 0b1, mip.STI <- 0b0)
mem[X,0x0000000080000D48] -> 0x0001
[804] [M]: 0x0000000080000D48 (0x0001) c.nop                                        inst_22+92

mem[X,0x0000000080000D4A] -> 0x0013
mem[X,0x0000000080000D4C] -> 0x0000
[805] [M]: 0x0000000080000D4A (0x00000013) addi x0, x0, 0x0                         inst_22+94

clint mtime 0x0000000000000193 (mip.MTI <- 0b1, mip.STI <- 0b0)
mem[X,0x0000000080000D4E] -> 0x0013
mem[X,0x0000000080000D50] -> 0x0000
[806] [M]: 0x0000000080000D4E (0x00000013) addi x0, x0, 0x0                         inst_22+98

mem[X,0x0000000080000D52] -> 0x0013
mem[X,0x0000000080000D54] -> 0x0000
[807] [M]: 0x0000000080000D52 (0x00000013) addi x0, x0, 0x0                         inst_22+102

clint mtime 0x0000000000000194 (mip.MTI <- 0b1, mip.STI <- 0b0)
mem[X,0x0000000080000D56] -> 0x0013
mem[X,0x0000000080000D58] -> 0x0000
[808] [M]: 0x0000000080000D56 (0x00000013) addi x0, x0, 0x0                         inst_22+106

mem[X,0x0000000080000D5A] -> 0x0013
mem[X,0x0000000080000D5C] -> 0x0000
[809] [M]: 0x0000000080000D5A (0x00000013) addi x0, x0, 0x0                         inst_22+110

clint mtime 0x0000000000000195 (mip.MTI <- 0b1, mip.STI <- 0b0)
mem[X,0x0000000080000D5E] -> 0x0001
[810] [M]: 0x0000000080000D5E (0x0001) c.nop                                        inst_22+114

mem[X,0x0000000080000D60] -> 0xF393
mem[X,0x0000000080000D62] -> 0xFFC3
[811] [M]: 0x0000000080000D60 (0xFFC3F393) andi x7, x7, -0x4                        inst_22+116
x7 <- 0x0000000080000CEC

clint mtime 0x0000000000000196 (mip.MTI <- 0b1, mip.STI <- 0b0)
mem[X,0x0000000080000D64] -> 0x0733
mem[X,0x0000000080000D66] -> 0x4077
[812] [M]: 0x0000000080000D64 (0x40770733) sub x14, x14, x7                         inst_22+120
x14 <- 0x000000000000003B

mem[X,0x0000000080000D68] -> 0x3023
mem[X,0x0000000080000D6A] -> 0x02E3
[813] [M]: 0x0000000080000D68 (0x02E33023) sd x14, 0x20(x6)                         inst_22+124
mem[W,0x00000000800041C8] <- 0x000000000000003B

clint mtime 0x0000000000000197 (mip.MTI <- 0b1, mip.STI <- 0b0)
mem[X,0x0000000080000D6C] -> 0x0617
mem[X,0x0000000080000D6E] -> 0x0000
[814] [M]: 0x0000000080000D6C (0x00000617) auipc x12, 0x0                           inst_23+0
x12 <- 0x0000000080000D6C

mem[X,0x0000000080000D70] -> 0x0013
mem[X,0x0000000080000D72] -> 0x0000
[815] [M]: 0x0000000080000D70 (0x00000013) addi x0, x0, 0x0                         inst_23+4

clint mtime 0x0000000000000198 (mip.MTI <- 0b1, mip.STI <- 0b0)
mem[X,0x0000000080000D74] -> 0x0013
mem[X,0x0000000080000D76] -> 0x0000
[816] [M]: 0x0000000080000D74 (0x00000013) addi x0, x0, 0x0                         inst_23+8

mem[X,0x0000000080000D78] -> 0x0013
mem[X,0x0000000080000D7A] -> 0x0000
[817] [M]: 0x0000000080000D78 (0x00000013) addi x0, x0, 0x0                         inst_23+12

clint mtime 0x0000000000000199 (mip.MTI <- 0b1, mip.STI <- 0b0)
mem[X,0x0000000080000D7C] -> 0x0013
mem[X,0x0000000080000D7E] -> 0x0000
[818] [M]: 0x0000000080000D7C (0x00000013) addi x0, x0, 0x0                         inst_23+16

mem[X,0x0000000080000D80] -> 0x0A97
mem[X,0x0000000080000D82] -> 0x0000
[819] [M]: 0x0000000080000D80 (0x00000A97) auipc x21, 0x0                           inst_23+20
x21 <- 0x0000000080000D80

clint mtime 0x000000000000019A (mip.MTI <- 0b1, mip.STI <- 0b0)
mem[X,0x0000000080000D84] -> 0x8A93
mem[X,0x0000000080000D86] -> 0x235A
[820] [M]: 0x0000000080000D84 (0x235A8A93) addi x21, x21, 0x235                     inst_23+24
x21 <- 0x0000000080000FB5

mem[X,0x0000000080000D88] -> 0x0001
[821] [M]: 0x0000000080000D88 (0x0001) c.nop                                        inst_23+28

clint mtime 0x000000000000019B (mip.MTI <- 0b1, mip.STI <- 0b0)
mem[X,0x0000000080000D8A] -> 0x0013
mem[X,0x0000000080000D8C] -> 0x0000
[822] [M]: 0x0000000080000D8A (0x00000013) addi x0, x0, 0x0                         inst_23+30

mem[X,0x0000000080000D8E] -> 0x0013
mem[X,0x0000000080000D90] -> 0x0000
[823] [M]: 0x0000000080000D8E (0x00000013) addi x0, x0, 0x0                         inst_23+34

clint mtime 0x000000000000019C (mip.MTI <- 0b1, mip.STI <- 0b0)
mem[X,0x0000000080000D92] -> 0x0013
mem[X,0x0000000080000D94] -> 0x0000
[824] [M]: 0x0000000080000D92 (0x00000013) addi x0, x0, 0x0                         inst_23+38

mem[X,0x0000000080000D96] -> 0x0013
mem[X,0x0000000080000D98] -> 0x0000
[825] [M]: 0x0000000080000D96 (0x00000013) addi x0, x0, 0x0                         inst_23+42

clint mtime 0x000000000000019D (mip.MTI <- 0b1, mip.STI <- 0b0)
mem[X,0x0000000080000D9A] -> 0x0013
mem[X,0x0000000080000D9C] -> 0x0000
[826] [M]: 0x0000000080000D9A (0x00000013) addi x0, x0, 0x0                         inst_23+46

mem[X,0x0000000080000D9E] -> 0x0001
[827] [M]: 0x0000000080000D9E (0x0001) c.nop                                        inst_23+50

clint mtime 0x000000000000019E (mip.MTI <- 0b1, mip.STI <- 0b0)
mem[X,0x0000000080000DA0] -> 0x8667
mem[X,0x0000000080000DA2] -> 0xDFFA
[828] [M]: 0x0000000080000DA0 (0xDFFA8667) jalr x12, -0x201(x21)                    inst_23+52
x12 <- 0x0000000080000DA4

mem[X,0x0000000080000DB4] -> 0x4613
mem[X,0x0000000080000DB6] -> 0x0036
[829] [M]: 0x0000000080000DB4 (0x00364613) xori x12, x12, 0x3                       inst_23+72
x12 <- 0x0000000080000DA7

clint mtime 0x000000000000019F (mip.MTI <- 0b1, mip.STI <- 0b0)
mem[X,0x0000000080000DB8] -> 0x006F
mem[X,0x0000000080000DBA] -> 0x0040
[830] [M]: 0x0000000080000DB8 (0x0040006F) jal x0, 0x4                              inst_23+76

mem[X,0x0000000080000DBC] -> 0x0013
mem[X,0x0000000080000DBE] -> 0x0000
[831] [M]: 0x0000000080000DBC (0x00000013) addi x0, x0, 0x0                         inst_23+80

clint mtime 0x00000000000001A0 (mip.MTI <- 0b1, mip.STI <- 0b0)
mem[X,0x0000000080000DC0] -> 0x0397
mem[X,0x0000000080000DC2] -> 0x0000
[832] [M]: 0x0000000080000DC0 (0x00000397) auipc x7, 0x0                            inst_23+84
x7 <- 0x0000000080000DC0

mem[X,0x0000000080000DC4] -> 0x8393
mem[X,0x0000000080000DC6] -> 0xFAC3
[833] [M]: 0x0000000080000DC4 (0xFAC38393) addi x7, x7, -0x54                       inst_23+88
x7 <- 0x0000000080000D6C

clint mtime 0x00000000000001A1 (mip.MTI <- 0b1, mip.STI <- 0b0)
mem[X,0x0000000080000DC8] -> 0x0001
[834] [M]: 0x0000000080000DC8 (0x0001) c.nop                                        inst_23+92

mem[X,0x0000000080000DCA] -> 0x0013
mem[X,0x0000000080000DCC] -> 0x0000
[835] [M]: 0x0000000080000DCA (0x00000013) addi x0, x0, 0x0                         inst_23+94

clint mtime 0x00000000000001A2 (mip.MTI <- 0b1, mip.STI <- 0b0)
mem[X,0x0000000080000DCE] -> 0x0013
mem[X,0x0000000080000DD0] -> 0x0000
[836] [M]: 0x0000000080000DCE (0x00000013) addi x0, x0, 0x0                         inst_23+98

mem[X,0x0000000080000DD2] -> 0x0013
mem[X,0x0000000080000DD4] -> 0x0000
[837] [M]: 0x0000000080000DD2 (0x00000013) addi x0, x0, 0x0                         inst_23+102

clint mtime 0x00000000000001A3 (mip.MTI <- 0b1, mip.STI <- 0b0)
mem[X,0x0000000080000DD6] -> 0x0013
mem[X,0x0000000080000DD8] -> 0x0000
[838] [M]: 0x0000000080000DD6 (0x00000013) addi x0, x0, 0x0                         inst_23+106

mem[X,0x0000000080000DDA] -> 0x0013
mem[X,0x0000000080000DDC] -> 0x0000
[839] [M]: 0x0000000080000DDA (0x00000013) addi x0, x0, 0x0                         inst_23+110

clint mtime 0x00000000000001A4 (mip.MTI <- 0b1, mip.STI <- 0b0)
mem[X,0x0000000080000DDE] -> 0x0001
[840] [M]: 0x0000000080000DDE (0x0001) c.nop                                        inst_23+114

mem[X,0x0000000080000DE0] -> 0xF393
mem[X,0x0000000080000DE2] -> 0xFFC3
[841] [M]: 0x0000000080000DE0 (0xFFC3F393) andi x7, x7, -0x4                        inst_23+116
x7 <- 0x0000000080000D6C

clint mtime 0x00000000000001A5 (mip.MTI <- 0b1, mip.STI <- 0b0)
mem[X,0x0000000080000DE4] -> 0x0633
mem[X,0x0000000080000DE6] -> 0x4076
[842] [M]: 0x0000000080000DE4 (0x40760633) sub x12, x12, x7                         inst_23+120
x12 <- 0x000000000000003B

mem[X,0x0000000080000DE8] -> 0x3423
mem[X,0x0000000080000DEA] -> 0x02C3
[843] [M]: 0x0000000080000DE8 (0x02C33423) sd x12, 0x28(x6)                         inst_23+124
mem[W,0x00000000800041D0] <- 0x000000000000003B

clint mtime 0x00000000000001A6 (mip.MTI <- 0b1, mip.STI <- 0b0)
mem[X,0x0000000080000DEC] -> 0x0017
mem[X,0x0000000080000DEE] -> 0x0000
[844] [M]: 0x0000000080000DEC (0x00000017) auipc x0, 0x0                            inst_24+0

mem[X,0x0000000080000DF0] -> 0x0013
mem[X,0x0000000080000DF2] -> 0x0000
[845] [M]: 0x0000000080000DF0 (0x00000013) addi x0, x0, 0x0                         inst_24+4

clint mtime 0x00000000000001A7 (mip.MTI <- 0b1, mip.STI <- 0b0)
mem[X,0x0000000080000DF4] -> 0x0013
mem[X,0x0000000080000DF6] -> 0x0000
[846] [M]: 0x0000000080000DF4 (0x00000013) addi x0, x0, 0x0                         inst_24+8

mem[X,0x0000000080000DF8] -> 0x0013
mem[X,0x0000000080000DFA] -> 0x0000
[847] [M]: 0x0000000080000DF8 (0x00000013) addi x0, x0, 0x0                         inst_24+12

clint mtime 0x00000000000001A8 (mip.MTI <- 0b1, mip.STI <- 0b0)
mem[X,0x0000000080000DFC] -> 0x0013
mem[X,0x0000000080000DFE] -> 0x0000
[848] [M]: 0x0000000080000DFC (0x00000013) addi x0, x0, 0x0                         inst_24+16

mem[X,0x0000000080000E00] -> 0x0217
mem[X,0x0000000080000E02] -> 0x0000
[849] [M]: 0x0000000080000E00 (0x00000217) auipc x4, 0x0                            inst_24+20
x4 <- 0x0000000080000E00

clint mtime 0x00000000000001A9 (mip.MTI <- 0b1, mip.STI <- 0b0)
mem[X,0x0000000080000E04] -> 0x0213
mem[X,0x0000000080000E06] -> 0x4352
[850] [M]: 0x0000000080000E04 (0x43520213) addi x4, x4, 0x435                       inst_24+24
x4 <- 0x0000000080001235

mem[X,0x0000000080000E08] -> 0x0001
[851] [M]: 0x0000000080000E08 (0x0001) c.nop                                        inst_24+28

clint mtime 0x00000000000001AA (mip.MTI <- 0b1, mip.STI <- 0b0)
mem[X,0x0000000080000E0A] -> 0x0013
mem[X,0x0000000080000E0C] -> 0x0000
[852] [M]: 0x0000000080000E0A (0x00000013) addi x0, x0, 0x0                         inst_24+30

mem[X,0x0000000080000E0E] -> 0x0013
mem[X,0x0000000080000E10] -> 0x0000
[853] [M]: 0x0000000080000E0E (0x00000013) addi x0, x0, 0x0                         inst_24+34

clint mtime 0x00000000000001AB (mip.MTI <- 0b1, mip.STI <- 0b0)
mem[X,0x0000000080000E12] -> 0x0013
mem[X,0x0000000080000E14] -> 0x0000
[854] [M]: 0x0000000080000E12 (0x00000013) addi x0, x0, 0x0                         inst_24+38

mem[X,0x0000000080000E16] -> 0x0013
mem[X,0x0000000080000E18] -> 0x0000
[855] [M]: 0x0000000080000E16 (0x00000013) addi x0, x0, 0x0                         inst_24+42

clint mtime 0x00000000000001AC (mip.MTI <- 0b1, mip.STI <- 0b0)
mem[X,0x0000000080000E1A] -> 0x0013
mem[X,0x0000000080000E1C] -> 0x0000
[856] [M]: 0x0000000080000E1A (0x00000013) addi x0, x0, 0x0                         inst_24+46

mem[X,0x0000000080000E1E] -> 0x0001
[857] [M]: 0x0000000080000E1E (0x0001) c.nop                                        inst_24+50

clint mtime 0x00000000000001AD (mip.MTI <- 0b1, mip.STI <- 0b0)
mem[X,0x0000000080000E20] -> 0x0067
mem[X,0x0000000080000E22] -> 0xBFF2
[858] [M]: 0x0000000080000E20 (0xBFF20067) jalr x0, -0x401(x4)                      inst_24+52

mem[X,0x0000000080000E34] -> 0x4013
mem[X,0x0000000080000E36] -> 0x0030
[859] [M]: 0x0000000080000E34 (0x00304013) xori x0, x0, 0x3                         inst_24+72

clint mtime 0x00000000000001AE (mip.MTI <- 0b1, mip.STI <- 0b0)
mem[X,0x0000000080000E38] -> 0x006F
mem[X,0x0000000080000E3A] -> 0x0040
[860] [M]: 0x0000000080000E38 (0x0040006F) jal x0, 0x4                              inst_24+76

mem[X,0x0000000080000E3C] -> 0x0013
mem[X,0x0000000080000E3E] -> 0x0000
[861] [M]: 0x0000000080000E3C (0x00000013) addi x0, x0, 0x0                         inst_24+80

clint mtime 0x00000000000001AF (mip.MTI <- 0b1, mip.STI <- 0b0)
mem[X,0x0000000080000E40] -> 0x0397
mem[X,0x0000000080000E42] -> 0x0000
[862] [M]: 0x0000000080000E40 (0x00000397) auipc x7, 0x0                            inst_24+84
x7 <- 0x0000000080000E40

mem[X,0x0000000080000E44] -> 0x8393
mem[X,0x0000000080000E46] -> 0xFAC3
[863] [M]: 0x0000000080000E44 (0xFAC38393) addi x7, x7, -0x54                       inst_24+88
x7 <- 0x0000000080000DEC

clint mtime 0x00000000000001B0 (mip.MTI <- 0b1, mip.STI <- 0b0)
mem[X,0x0000000080000E48] -> 0x0001
[864] [M]: 0x0000000080000E48 (0x0001) c.nop                                        inst_24+92

mem[X,0x0000000080000E4A] -> 0x0013
mem[X,0x0000000080000E4C] -> 0x0000
[865] [M]: 0x0000000080000E4A (0x00000013) addi x0, x0, 0x0                         inst_24+94

clint mtime 0x00000000000001B1 (mip.MTI <- 0b1, mip.STI <- 0b0)
mem[X,0x0000000080000E4E] -> 0x0013
mem[X,0x0000000080000E50] -> 0x0000
[866] [M]: 0x0000000080000E4E (0x00000013) addi x0, x0, 0x0                         inst_24+98

mem[X,0x0000000080000E52] -> 0x0013
mem[X,0x0000000080000E54] -> 0x0000
[867] [M]: 0x0000000080000E52 (0x00000013) addi x0, x0, 0x0                         inst_24+102

clint mtime 0x00000000000001B2 (mip.MTI <- 0b1, mip.STI <- 0b0)
mem[X,0x0000000080000E56] -> 0x0013
mem[X,0x0000000080000E58] -> 0x0000
[868] [M]: 0x0000000080000E56 (0x00000013) addi x0, x0, 0x0                         inst_24+106

mem[X,0x0000000080000E5A] -> 0x0013
mem[X,0x0000000080000E5C] -> 0x0000
[869] [M]: 0x0000000080000E5A (0x00000013) addi x0, x0, 0x0                         inst_24+110

clint mtime 0x00000000000001B3 (mip.MTI <- 0b1, mip.STI <- 0b0)
mem[X,0x0000000080000E5E] -> 0x0001
[870] [M]: 0x0000000080000E5E (0x0001) c.nop                                        inst_24+114

mem[X,0x0000000080000E60] -> 0xF393
mem[X,0x0000000080000E62] -> 0xFFC3
[871] [M]: 0x0000000080000E60 (0xFFC3F393) andi x7, x7, -0x4                        inst_24+116
x7 <- 0x0000000080000DEC

clint mtime 0x00000000000001B4 (mip.MTI <- 0b1, mip.STI <- 0b0)
mem[X,0x0000000080000E64] -> 0x0033
mem[X,0x0000000080000E66] -> 0x4070
[872] [M]: 0x0000000080000E64 (0x40700033) sub x0, x0, x7                           inst_24+120

mem[X,0x0000000080000E68] -> 0x3823
mem[X,0x0000000080000E6A] -> 0x0203
[873] [M]: 0x0000000080000E68 (0x02033823) sd x0, 0x30(x6)                          inst_24+124
mem[W,0x00000000800041D8] <- 0x0000000000000000

clint mtime 0x00000000000001B5 (mip.MTI <- 0b1, mip.STI <- 0b0)
mem[X,0x0000000080000E6C] -> 0x0217
mem[X,0x0000000080000E6E] -> 0x0000
[874] [M]: 0x0000000080000E6C (0x00000217) auipc x4, 0x0                            inst_25+0
x4 <- 0x0000000080000E6C

mem[X,0x0000000080000E70] -> 0x0013
mem[X,0x0000000080000E72] -> 0x0000
[875] [M]: 0x0000000080000E70 (0x00000013) addi x0, x0, 0x0                         inst_25+4

clint mtime 0x00000000000001B6 (mip.MTI <- 0b1, mip.STI <- 0b0)
mem[X,0x0000000080000E74] -> 0x0013
mem[X,0x0000000080000E76] -> 0x0000
[876] [M]: 0x0000000080000E74 (0x00000013) addi x0, x0, 0x0                         inst_25+8

mem[X,0x0000000080000E78] -> 0x0013
mem[X,0x0000000080000E7A] -> 0x0000
[877] [M]: 0x0000000080000E78 (0x00000013) addi x0, x0, 0x0                         inst_25+12

clint mtime 0x00000000000001B7 (mip.MTI <- 0b1, mip.STI <- 0b0)
mem[X,0x0000000080000E7C] -> 0x0013
mem[X,0x0000000080000E7E] -> 0x0000
[878] [M]: 0x0000000080000E7C (0x00000013) addi x0, x0, 0x0                         inst_25+16

mem[X,0x0000000080000E80] -> 0x0417
mem[X,0x0000000080000E82] -> 0x0000
[879] [M]: 0x0000000080000E80 (0x00000417) auipc x8, 0x0                            inst_25+20
x8 <- 0x0000000080000E80

clint mtime 0x00000000000001B8 (mip.MTI <- 0b1, mip.STI <- 0b0)
mem[X,0x0000000080000E84] -> 0x0413
mem[X,0x0000000080000E86] -> 0x8354
[880] [M]: 0x0000000080000E84 (0x83540413) addi x8, x8, -0x7cb                      inst_25+24
x8 <- 0x00000000800006B5

mem[X,0x0000000080000E88] -> 0x0001
[881] [M]: 0x0000000080000E88 (0x0001) c.nop                                        inst_25+28

clint mtime 0x00000000000001B9 (mip.MTI <- 0b1, mip.STI <- 0b0)
mem[X,0x0000000080000E8A] -> 0x0013
mem[X,0x0000000080000E8C] -> 0x0000
[882] [M]: 0x0000000080000E8A (0x00000013) addi x0, x0, 0x0                         inst_25+30

mem[X,0x0000000080000E8E] -> 0x0013
mem[X,0x0000000080000E90] -> 0x0000
[883] [M]: 0x0000000080000E8E (0x00000013) addi x0, x0, 0x0                         inst_25+34

clint mtime 0x00000000000001BA (mip.MTI <- 0b1, mip.STI <- 0b0)
mem[X,0x0000000080000E92] -> 0x0013
mem[X,0x0000000080000E94] -> 0x0000
[884] [M]: 0x0000000080000E92 (0x00000013) addi x0, x0, 0x0                         inst_25+38

mem[X,0x0000000080000E96] -> 0x0013
mem[X,0x0000000080000E98] -> 0x0000
[885] [M]: 0x0000000080000E96 (0x00000013) addi x0, x0, 0x0                         inst_25+42

clint mtime 0x00000000000001BB (mip.MTI <- 0b1, mip.STI <- 0b0)
mem[X,0x0000000080000E9A] -> 0x0013
mem[X,0x0000000080000E9C] -> 0x0000
[886] [M]: 0x0000000080000E9A (0x00000013) addi x0, x0, 0x0                         inst_25+46

mem[X,0x0000000080000E9E] -> 0x0001
[887] [M]: 0x0000000080000E9E (0x0001) c.nop                                        inst_25+50

clint mtime 0x00000000000001BC (mip.MTI <- 0b1, mip.STI <- 0b0)
mem[X,0x0000000080000EA0] -> 0x0267
mem[X,0x0000000080000EA2] -> 0x7FF4
[888] [M]: 0x0000000080000EA0 (0x7FF40267) jalr x4, 0x7ff(x8)                       inst_25+52
x4 <- 0x0000000080000EA4

mem[X,0x0000000080000EB4] -> 0x4213
mem[X,0x0000000080000EB6] -> 0x0032
[889] [M]: 0x0000000080000EB4 (0x00324213) xori x4, x4, 0x3                         inst_25+72
x4 <- 0x0000000080000EA7

clint mtime 0x00000000000001BD (mip.MTI <- 0b1, mip.STI <- 0b0)
mem[X,0x0000000080000EB8] -> 0x006F
mem[X,0x0000000080000EBA] -> 0x0040
[890] [M]: 0x0000000080000EB8 (0x0040006F) jal x0, 0x4                              inst_25+76

mem[X,0x0000000080000EBC] -> 0x0013
mem[X,0x0000000080000EBE] -> 0x0000
[891] [M]: 0x0000000080000EBC (0x00000013) addi x0, x0, 0x0                         inst_25+80

clint mtime 0x00000000000001BE (mip.MTI <- 0b1, mip.STI <- 0b0)
mem[X,0x0000000080000EC0] -> 0x0397
mem[X,0x0000000080000EC2] -> 0x0000
[892] [M]: 0x0000000080000EC0 (0x00000397) auipc x7, 0x0                            inst_25+84
x7 <- 0x0000000080000EC0

mem[X,0x0000000080000EC4] -> 0x8393
mem[X,0x0000000080000EC6] -> 0xFAC3
[893] [M]: 0x0000000080000EC4 (0xFAC38393) addi x7, x7, -0x54                       inst_25+88
x7 <- 0x0000000080000E6C

clint mtime 0x00000000000001BF (mip.MTI <- 0b1, mip.STI <- 0b0)
mem[X,0x0000000080000EC8] -> 0x0001
[894] [M]: 0x0000000080000EC8 (0x0001) c.nop                                        inst_25+92

mem[X,0x0000000080000ECA] -> 0x0013
mem[X,0x0000000080000ECC] -> 0x0000
[895] [M]: 0x0000000080000ECA (0x00000013) addi x0, x0, 0x0                         inst_25+94

clint mtime 0x00000000000001C0 (mip.MTI <- 0b1, mip.STI <- 0b0)
mem[X,0x0000000080000ECE] -> 0x0013
mem[X,0x0000000080000ED0] -> 0x0000
[896] [M]: 0x0000000080000ECE (0x00000013) addi x0, x0, 0x0                         inst_25+98

mem[X,0x0000000080000ED2] -> 0x0013
mem[X,0x0000000080000ED4] -> 0x0000
[897] [M]: 0x0000000080000ED2 (0x00000013) addi x0, x0, 0x0                         inst_25+102

clint mtime 0x00000000000001C1 (mip.MTI <- 0b1, mip.STI <- 0b0)
mem[X,0x0000000080000ED6] -> 0x0013
mem[X,0x0000000080000ED8] -> 0x0000
[898] [M]: 0x0000000080000ED6 (0x00000013) addi x0, x0, 0x0                         inst_25+106

mem[X,0x0000000080000EDA] -> 0x0013
mem[X,0x0000000080000EDC] -> 0x0000
[899] [M]: 0x0000000080000EDA (0x00000013) addi x0, x0, 0x0                         inst_25+110

clint mtime 0x00000000000001C2 (mip.MTI <- 0b1, mip.STI <- 0b0)
mem[X,0x0000000080000EDE] -> 0x0001
[900] [M]: 0x0000000080000EDE (0x0001) c.nop                                        inst_25+114

mem[X,0x0000000080000EE0] -> 0xF393
mem[X,0x0000000080000EE2] -> 0xFFC3
[901] [M]: 0x0000000080000EE0 (0xFFC3F393) andi x7, x7, -0x4                        inst_25+116
x7 <- 0x0000000080000E6C

clint mtime 0x00000000000001C3 (mip.MTI <- 0b1, mip.STI <- 0b0)
mem[X,0x0000000080000EE4] -> 0x0233
mem[X,0x0000000080000EE6] -> 0x4072
[902] [M]: 0x0000000080000EE4 (0x40720233) sub x4, x4, x7                           inst_25+120
x4 <- 0x000000000000003B

mem[X,0x0000000080000EE8] -> 0x3C23
mem[X,0x0000000080000EEA] -> 0x0243
[903] [M]: 0x0000000080000EE8 (0x02433C23) sd x4, 0x38(x6)                          inst_25+124
mem[W,0x00000000800041E0] <- 0x000000000000003B

clint mtime 0x00000000000001C4 (mip.MTI <- 0b1, mip.STI <- 0b0)
mem[X,0x0000000080000EEC] -> 0x0917
mem[X,0x0000000080000EEE] -> 0x0000
[904] [M]: 0x0000000080000EEC (0x00000917) auipc x18, 0x0                           inst_26+0
x18 <- 0x0000000080000EEC

mem[X,0x0000000080000EF0] -> 0x0013
mem[X,0x0000000080000EF2] -> 0x0000
[905] [M]: 0x0000000080000EF0 (0x00000013) addi x0, x0, 0x0                         inst_26+4

clint mtime 0x00000000000001C5 (mip.MTI <- 0b1, mip.STI <- 0b0)
mem[X,0x0000000080000EF4] -> 0x0013
mem[X,0x0000000080000EF6] -> 0x0000
[906] [M]: 0x0000000080000EF4 (0x00000013) addi x0, x0, 0x0                         inst_26+8

mem[X,0x0000000080000EF8] -> 0x0013
mem[X,0x0000000080000EFA] -> 0x0000
[907] [M]: 0x0000000080000EF8 (0x00000013) addi x0, x0, 0x0                         inst_26+12

clint mtime 0x00000000000001C6 (mip.MTI <- 0b1, mip.STI <- 0b0)
mem[X,0x0000000080000EFC] -> 0x0013
mem[X,0x0000000080000EFE] -> 0x0000
[908] [M]: 0x0000000080000EFC (0x00000013) addi x0, x0, 0x0                         inst_26+16

mem[X,0x0000000080000F00] -> 0x0A17
mem[X,0x0000000080000F02] -> 0x0000
[909] [M]: 0x0000000080000F00 (0x00000A17) auipc x20, 0x0                           inst_26+20
x20 <- 0x0000000080000F00

clint mtime 0x00000000000001C7 (mip.MTI <- 0b1, mip.STI <- 0b0)
mem[X,0x0000000080000F04] -> 0x0A13
mem[X,0x0000000080000F06] -> 0xADFA
[910] [M]: 0x0000000080000F04 (0xADFA0A13) addi x20, x20, -0x521                    inst_26+24
x20 <- 0x00000000800009DF

mem[X,0x0000000080000F08] -> 0x0001
[911] [M]: 0x0000000080000F08 (0x0001) c.nop                                        inst_26+28

clint mtime 0x00000000000001C8 (mip.MTI <- 0b1, mip.STI <- 0b0)
mem[X,0x0000000080000F0A] -> 0x0013
mem[X,0x0000000080000F0C] -> 0x0000
[912] [M]: 0x0000000080000F0A (0x00000013) addi x0, x0, 0x0                         inst_26+30

mem[X,0x0000000080000F0E] -> 0x0013
mem[X,0x0000000080000F10] -> 0x0000
[913] [M]: 0x0000000080000F0E (0x00000013) addi x0, x0, 0x0                         inst_26+34

clint mtime 0x00000000000001C9 (mip.MTI <- 0b1, mip.STI <- 0b0)
mem[X,0x0000000080000F12] -> 0x0013
mem[X,0x0000000080000F14] -> 0x0000
[914] [M]: 0x0000000080000F12 (0x00000013) addi x0, x0, 0x0                         inst_26+38

mem[X,0x0000000080000F16] -> 0x0013
mem[X,0x0000000080000F18] -> 0x0000
[915] [M]: 0x0000000080000F16 (0x00000013) addi x0, x0, 0x0                         inst_26+42

clint mtime 0x00000000000001CA (mip.MTI <- 0b1, mip.STI <- 0b0)
mem[X,0x0000000080000F1A] -> 0x0013
mem[X,0x0000000080000F1C] -> 0x0000
[916] [M]: 0x0000000080000F1A (0x00000013) addi x0, x0, 0x0                         inst_26+46

mem[X,0x0000000080000F1E] -> 0x0001
[917] [M]: 0x0000000080000F1E (0x0001) c.nop                                        inst_26+50

clint mtime 0x00000000000001CB (mip.MTI <- 0b1, mip.STI <- 0b0)
mem[X,0x0000000080000F20] -> 0x0967
mem[X,0x0000000080000F22] -> 0x555A
[918] [M]: 0x0000000080000F20 (0x555A0967) jalr x18, 0x555(x20)                     inst_26+52
x18 <- 0x0000000080000F24

mem[X,0x0000000080000F34] -> 0x4913
mem[X,0x0000000080000F36] -> 0x0039
[919] [M]: 0x0000000080000F34 (0x00394913) xori x18, x18, 0x3                       inst_26+72
x18 <- 0x0000000080000F27

clint mtime 0x00000000000001CC (mip.MTI <- 0b1, mip.STI <- 0b0)
mem[X,0x0000000080000F38] -> 0x006F
mem[X,0x0000000080000F3A] -> 0x0040
[920] [M]: 0x0000000080000F38 (0x0040006F) jal x0, 0x4                              inst_26+76

mem[X,0x0000000080000F3C] -> 0x0013
mem[X,0x0000000080000F3E] -> 0x0000
[921] [M]: 0x0000000080000F3C (0x00000013) addi x0, x0, 0x0                         inst_26+80

clint mtime 0x00000000000001CD (mip.MTI <- 0b1, mip.STI <- 0b0)
mem[X,0x0000000080000F40] -> 0x0397
mem[X,0x0000000080000F42] -> 0x0000
[922] [M]: 0x0000000080000F40 (0x00000397) auipc x7, 0x0                            inst_26+84
x7 <- 0x0000000080000F40

mem[X,0x0000000080000F44] -> 0x8393
mem[X,0x0000000080000F46] -> 0xFAC3
[923] [M]: 0x0000000080000F44 (0xFAC38393) addi x7, x7, -0x54                       inst_26+88
x7 <- 0x0000000080000EEC

clint mtime 0x00000000000001CE (mip.MTI <- 0b1, mip.STI <- 0b0)
mem[X,0x0000000080000F48] -> 0x0001
[924] [M]: 0x0000000080000F48 (0x0001) c.nop                                        inst_26+92

mem[X,0x0000000080000F4A] -> 0x0013
mem[X,0x0000000080000F4C] -> 0x0000
[925] [M]: 0x0000000080000F4A (0x00000013) addi x0, x0, 0x0                         inst_26+94

clint mtime 0x00000000000001CF (mip.MTI <- 0b1, mip.STI <- 0b0)
mem[X,0x0000000080000F4E] -> 0x0013
mem[X,0x0000000080000F50] -> 0x0000
[926] [M]: 0x0000000080000F4E (0x00000013) addi x0, x0, 0x0                         inst_26+98

mem[X,0x0000000080000F52] -> 0x0013
mem[X,0x0000000080000F54] -> 0x0000
[927] [M]: 0x0000000080000F52 (0x00000013) addi x0, x0, 0x0                         inst_26+102

clint mtime 0x00000000000001D0 (mip.MTI <- 0b1, mip.STI <- 0b0)
mem[X,0x0000000080000F56] -> 0x0013
mem[X,0x0000000080000F58] -> 0x0000
[928] [M]: 0x0000000080000F56 (0x00000013) addi x0, x0, 0x0                         inst_26+106

mem[X,0x0000000080000F5A] -> 0x0013
mem[X,0x0000000080000F5C] -> 0x0000
[929] [M]: 0x0000000080000F5A (0x00000013) addi x0, x0, 0x0                         inst_26+110

clint mtime 0x00000000000001D1 (mip.MTI <- 0b1, mip.STI <- 0b0)
mem[X,0x0000000080000F5E] -> 0x0001
[930] [M]: 0x0000000080000F5E (0x0001) c.nop                                        inst_26+114

mem[X,0x0000000080000F60] -> 0xF393
mem[X,0x0000000080000F62] -> 0xFFC3
[931] [M]: 0x0000000080000F60 (0xFFC3F393) andi x7, x7, -0x4                        inst_26+116
x7 <- 0x0000000080000EEC

clint mtime 0x00000000000001D2 (mip.MTI <- 0b1, mip.STI <- 0b0)
mem[X,0x0000000080000F64] -> 0x0933
mem[X,0x0000000080000F66] -> 0x4079
[932] [M]: 0x0000000080000F64 (0x40790933) sub x18, x18, x7                         inst_26+120
x18 <- 0x000000000000003B

mem[X,0x0000000080000F68] -> 0x3023
mem[X,0x0000000080000F6A] -> 0x0523
[933] [M]: 0x0000000080000F68 (0x05233023) sd x18, 0x40(x6)                         inst_26+124
mem[W,0x00000000800041E8] <- 0x000000000000003B

clint mtime 0x00000000000001D3 (mip.MTI <- 0b1, mip.STI <- 0b0)
mem[X,0x0000000080000F6C] -> 0x0117
mem[X,0x0000000080000F6E] -> 0x0000
[934] [M]: 0x0000000080000F6C (0x00000117) auipc x2, 0x0                            inst_27+0
x2 <- 0x0000000080000F6C

mem[X,0x0000000080000F70] -> 0x0013
mem[X,0x0000000080000F72] -> 0x0000
[935] [M]: 0x0000000080000F70 (0x00000013) addi x0, x0, 0x0                         inst_27+4

clint mtime 0x00000000000001D4 (mip.MTI <- 0b1, mip.STI <- 0b0)
mem[X,0x0000000080000F74] -> 0x0013
mem[X,0x0000000080000F76] -> 0x0000
[936] [M]: 0x0000000080000F74 (0x00000013) addi x0, x0, 0x0                         inst_27+8

mem[X,0x0000000080000F78] -> 0x0013
mem[X,0x0000000080000F7A] -> 0x0000
[937] [M]: 0x0000000080000F78 (0x00000013) addi x0, x0, 0x0                         inst_27+12

clint mtime 0x00000000000001D5 (mip.MTI <- 0b1, mip.STI <- 0b0)
mem[X,0x0000000080000F7C] -> 0x0013
mem[X,0x0000000080000F7E] -> 0x0000
[938] [M]: 0x0000000080000F7C (0x00000013) addi x0, x0, 0x0                         inst_27+16

mem[X,0x0000000080000F80] -> 0x0917
mem[X,0x0000000080000F82] -> 0x0000
[939] [M]: 0x0000000080000F80 (0x00000917) auipc x18, 0x0                           inst_27+20
x18 <- 0x0000000080000F80

clint mtime 0x00000000000001D6 (mip.MTI <- 0b1, mip.STI <- 0b0)
mem[X,0x0000000080000F84] -> 0x0913
mem[X,0x0000000080000F86] -> 0x58A9
[940] [M]: 0x0000000080000F84 (0x58A90913) addi x18, x18, 0x58a                     inst_27+24
x18 <- 0x000000008000150A

mem[X,0x0000000080000F88] -> 0x0001
[941] [M]: 0x0000000080000F88 (0x0001) c.nop                                        inst_27+28

clint mtime 0x00000000000001D7 (mip.MTI <- 0b1, mip.STI <- 0b0)
mem[X,0x0000000080000F8A] -> 0x0013
mem[X,0x0000000080000F8C] -> 0x0000
[942] [M]: 0x0000000080000F8A (0x00000013) addi x0, x0, 0x0                         inst_27+30

mem[X,0x0000000080000F8E] -> 0x0013
mem[X,0x0000000080000F90] -> 0x0000
[943] [M]: 0x0000000080000F8E (0x00000013) addi x0, x0, 0x0                         inst_27+34

clint mtime 0x00000000000001D8 (mip.MTI <- 0b1, mip.STI <- 0b0)
mem[X,0x0000000080000F92] -> 0x0013
mem[X,0x0000000080000F94] -> 0x0000
[944] [M]: 0x0000000080000F92 (0x00000013) addi x0, x0, 0x0                         inst_27+38

mem[X,0x0000000080000F96] -> 0x0013
mem[X,0x0000000080000F98] -> 0x0000
[945] [M]: 0x0000000080000F96 (0x00000013) addi x0, x0, 0x0                         inst_27+42

clint mtime 0x00000000000001D9 (mip.MTI <- 0b1, mip.STI <- 0b0)
mem[X,0x0000000080000F9A] -> 0x0013
mem[X,0x0000000080000F9C] -> 0x0000
[946] [M]: 0x0000000080000F9A (0x00000013) addi x0, x0, 0x0                         inst_27+46

mem[X,0x0000000080000F9E] -> 0x0001
[947] [M]: 0x0000000080000F9E (0x0001) c.nop                                        inst_27+50

clint mtime 0x00000000000001DA (mip.MTI <- 0b1, mip.STI <- 0b0)
mem[X,0x0000000080000FA0] -> 0x0167
mem[X,0x0000000080000FA2] -> 0xAAA9
[948] [M]: 0x0000000080000FA0 (0xAAA90167) jalr x2, -0x556(x18)                     inst_27+52
x2 <- 0x0000000080000FA4

mem[X,0x0000000080000FB4] -> 0x4113
mem[X,0x0000000080000FB6] -> 0x0031
[949] [M]: 0x0000000080000FB4 (0x00314113) xori x2, x2, 0x3                         inst_27+72
x2 <- 0x0000000080000FA7

clint mtime 0x00000000000001DB (mip.MTI <- 0b1, mip.STI <- 0b0)
mem[X,0x0000000080000FB8] -> 0x006F
mem[X,0x0000000080000FBA] -> 0x0040
[950] [M]: 0x0000000080000FB8 (0x0040006F) jal x0, 0x4                              inst_27+76

mem[X,0x0000000080000FBC] -> 0x0013
mem[X,0x0000000080000FBE] -> 0x0000
[951] [M]: 0x0000000080000FBC (0x00000013) addi x0, x0, 0x0                         inst_27+80

clint mtime 0x00000000000001DC (mip.MTI <- 0b1, mip.STI <- 0b0)
mem[X,0x0000000080000FC0] -> 0x0397
mem[X,0x0000000080000FC2] -> 0x0000
[952] [M]: 0x0000000080000FC0 (0x00000397) auipc x7, 0x0                            inst_27+84
x7 <- 0x0000000080000FC0

mem[X,0x0000000080000FC4] -> 0x8393
mem[X,0x0000000080000FC6] -> 0xFAC3
[953] [M]: 0x0000000080000FC4 (0xFAC38393) addi x7, x7, -0x54                       inst_27+88
x7 <- 0x0000000080000F6C

clint mtime 0x00000000000001DD (mip.MTI <- 0b1, mip.STI <- 0b0)
mem[X,0x0000000080000FC8] -> 0x0001
[954] [M]: 0x0000000080000FC8 (0x0001) c.nop                                        inst_27+92

mem[X,0x0000000080000FCA] -> 0x0013
mem[X,0x0000000080000FCC] -> 0x0000
[955] [M]: 0x0000000080000FCA (0x00000013) addi x0, x0, 0x0                         inst_27+94

clint mtime 0x00000000000001DE (mip.MTI <- 0b1, mip.STI <- 0b0)
mem[X,0x0000000080000FCE] -> 0x0013
mem[X,0x0000000080000FD0] -> 0x0000
[956] [M]: 0x0000000080000FCE (0x00000013) addi x0, x0, 0x0                         inst_27+98

mem[X,0x0000000080000FD2] -> 0x0013
mem[X,0x0000000080000FD4] -> 0x0000
[957] [M]: 0x0000000080000FD2 (0x00000013) addi x0, x0, 0x0                         inst_27+102

clint mtime 0x00000000000001DF (mip.MTI <- 0b1, mip.STI <- 0b0)
mem[X,0x0000000080000FD6] -> 0x0013
mem[X,0x0000000080000FD8] -> 0x0000
[958] [M]: 0x0000000080000FD6 (0x00000013) addi x0, x0, 0x0                         inst_27+106

mem[X,0x0000000080000FDA] -> 0x0013
mem[X,0x0000000080000FDC] -> 0x0000
[959] [M]: 0x0000000080000FDA (0x00000013) addi x0, x0, 0x0                         inst_27+110

clint mtime 0x00000000000001E0 (mip.MTI <- 0b1, mip.STI <- 0b0)
mem[X,0x0000000080000FDE] -> 0x0001
[960] [M]: 0x0000000080000FDE (0x0001) c.nop                                        inst_27+114

mem[X,0x0000000080000FE0] -> 0xF393
mem[X,0x0000000080000FE2] -> 0xFFC3
[961] [M]: 0x0000000080000FE0 (0xFFC3F393) andi x7, x7, -0x4                        inst_27+116
x7 <- 0x0000000080000F6C

clint mtime 0x00000000000001E1 (mip.MTI <- 0b1, mip.STI <- 0b0)
mem[X,0x0000000080000FE4] -> 0x0133
mem[X,0x0000000080000FE6] -> 0x4071
[962] [M]: 0x0000000080000FE4 (0x40710133) sub x2, x2, x7                           inst_27+120
x2 <- 0x000000000000003B

mem[X,0x0000000080000FE8] -> 0x3423
mem[X,0x0000000080000FEA] -> 0x0423
[963] [M]: 0x0000000080000FE8 (0x04233423) sd x2, 0x48(x6)                          inst_27+124
mem[W,0x00000000800041F0] <- 0x000000000000003B

clint mtime 0x00000000000001E2 (mip.MTI <- 0b1, mip.STI <- 0b0)
mem[X,0x0000000080000FEC] -> 0x0297
mem[X,0x0000000080000FEE] -> 0x0000
[964] [M]: 0x0000000080000FEC (0x00000297) auipc x5, 0x0                            inst_28+0
x5 <- 0x0000000080000FEC

mem[X,0x0000000080000FF0] -> 0x0013
mem[X,0x0000000080000FF2] -> 0x0000
[965] [M]: 0x0000000080000FF0 (0x00000013) addi x0, x0, 0x0                         inst_28+4

clint mtime 0x00000000000001E3 (mip.MTI <- 0b1, mip.STI <- 0b0)
mem[X,0x0000000080000FF4] -> 0x0013
mem[X,0x0000000080000FF6] -> 0x0000
[966] [M]: 0x0000000080000FF4 (0x00000013) addi x0, x0, 0x0                         inst_28+8

mem[X,0x0000000080000FF8] -> 0x0013
mem[X,0x0000000080000FFA] -> 0x0000
[967] [M]: 0x0000000080000FF8 (0x00000013) addi x0, x0, 0x0                         inst_28+12

clint mtime 0x00000000000001E4 (mip.MTI <- 0b1, mip.STI <- 0b0)
mem[X,0x0000000080000FFC] -> 0x0013
mem[X,0x0000000080000FFE] -> 0x0000
[968] [M]: 0x0000000080000FFC (0x00000013) addi x0, x0, 0x0                         inst_28+16

mem[X,0x0000000080001000] -> 0x1897
mem[X,0x0000000080001002] -> 0x0000
[969] [M]: 0x0000000080001000 (0x00001897) auipc x17, 0x1                           inst_28+20
x17 <- 0x0000000080002000

clint mtime 0x00000000000001E5 (mip.MTI <- 0b1, mip.STI <- 0b0)
mem[X,0x0000000080001004] -> 0x8893
mem[X,0x0000000080001006] -> 0x8348
[970] [M]: 0x0000000080001004 (0x83488893) addi x17, x17, -0x7cc                    inst_28+24
x17 <- 0x0000000080001834

mem[X,0x0000000080001008] -> 0x0001
[971] [M]: 0x0000000080001008 (0x0001) c.nop                                        inst_28+28

clint mtime 0x00000000000001E6 (mip.MTI <- 0b1, mip.STI <- 0b0)
mem[X,0x000000008000100A] -> 0x0013
mem[X,0x000000008000100C] -> 0x0000
[972] [M]: 0x000000008000100A (0x00000013) addi x0, x0, 0x0                         inst_28+30

mem[X,0x000000008000100E] -> 0x0013
mem[X,0x0000000080001010] -> 0x0000
[973] [M]: 0x000000008000100E (0x00000013) addi x0, x0, 0x0                         inst_28+34

clint mtime 0x00000000000001E7 (mip.MTI <- 0b1, mip.STI <- 0b0)
mem[X,0x0000000080001012] -> 0x0013
mem[X,0x0000000080001014] -> 0x0000
[974] [M]: 0x0000000080001012 (0x00000013) addi x0, x0, 0x0                         inst_28+38

mem[X,0x0000000080001016] -> 0x0013
mem[X,0x0000000080001018] -> 0x0000
[975] [M]: 0x0000000080001016 (0x00000013) addi x0, x0, 0x0                         inst_28+42

clint mtime 0x00000000000001E8 (mip.MTI <- 0b1, mip.STI <- 0b0)
mem[X,0x000000008000101A] -> 0x0013
mem[X,0x000000008000101C] -> 0x0000
[976] [M]: 0x000000008000101A (0x00000013) addi x0, x0, 0x0                         inst_28+46

mem[X,0x000000008000101E] -> 0x0001
[977] [M]: 0x000000008000101E (0x0001) c.nop                                        inst_28+50

clint mtime 0x00000000000001E9 (mip.MTI <- 0b1, mip.STI <- 0b0)
mem[X,0x0000000080001020] -> 0x82E7
mem[X,0x0000000080001022] -> 0x8008
[978] [M]: 0x0000000080001020 (0x800882E7) jalr x5, -0x800(x17)                     inst_28+52
x5 <- 0x0000000080001024

mem[X,0x0000000080001034] -> 0xC293
mem[X,0x0000000080001036] -> 0x0032
[979] [M]: 0x0000000080001034 (0x0032C293) xori x5, x5, 0x3                         inst_28+72
x5 <- 0x0000000080001027

clint mtime 0x00000000000001EA (mip.MTI <- 0b1, mip.STI <- 0b0)
mem[X,0x0000000080001038] -> 0x006F
mem[X,0x000000008000103A] -> 0x0040
[980] [M]: 0x0000000080001038 (0x0040006F) jal x0, 0x4                              inst_28+76

mem[X,0x000000008000103C] -> 0x0013
mem[X,0x000000008000103E] -> 0x0000
[981] [M]: 0x000000008000103C (0x00000013) addi x0, x0, 0x0                         inst_28+80

clint mtime 0x00000000000001EB (mip.MTI <- 0b1, mip.STI <- 0b0)
mem[X,0x0000000080001040] -> 0x0397
mem[X,0x0000000080001042] -> 0x0000
[982] [M]: 0x0000000080001040 (0x00000397) auipc x7, 0x0                            inst_28+84
x7 <- 0x0000000080001040

mem[X,0x0000000080001044] -> 0x8393
mem[X,0x0000000080001046] -> 0xFAC3
[983] [M]: 0x0000000080001044 (0xFAC38393) addi x7, x7, -0x54                       inst_28+88
x7 <- 0x0000000080000FEC

clint mtime 0x00000000000001EC (mip.MTI <- 0b1, mip.STI <- 0b0)
mem[X,0x0000000080001048] -> 0x0001
[984] [M]: 0x0000000080001048 (0x0001) c.nop                                        inst_28+92

mem[X,0x000000008000104A] -> 0x0013
mem[X,0x000000008000104C] -> 0x0000
[985] [M]: 0x000000008000104A (0x00000013) addi x0, x0, 0x0                         inst_28+94

clint mtime 0x00000000000001ED (mip.MTI <- 0b1, mip.STI <- 0b0)
mem[X,0x000000008000104E] -> 0x0013
mem[X,0x0000000080001050] -> 0x0000
[986] [M]: 0x000000008000104E (0x00000013) addi x0, x0, 0x0                         inst_28+98

mem[X,0x0000000080001052] -> 0x0013
mem[X,0x0000000080001054] -> 0x0000
[987] [M]: 0x0000000080001052 (0x00000013) addi x0, x0, 0x0                         inst_28+102

clint mtime 0x00000000000001EE (mip.MTI <- 0b1, mip.STI <- 0b0)
mem[X,0x0000000080001056] -> 0x0013
mem[X,0x0000000080001058] -> 0x0000
[988] [M]: 0x0000000080001056 (0x00000013) addi x0, x0, 0x0                         inst_28+106

mem[X,0x000000008000105A] -> 0x0013
mem[X,0x000000008000105C] -> 0x0000
[989] [M]: 0x000000008000105A (0x00000013) addi x0, x0, 0x0                         inst_28+110

clint mtime 0x00000000000001EF (mip.MTI <- 0b1, mip.STI <- 0b0)
mem[X,0x000000008000105E] -> 0x0001
[990] [M]: 0x000000008000105E (0x0001) c.nop                                        inst_28+114

mem[X,0x0000000080001060] -> 0xF393
mem[X,0x0000000080001062] -> 0xFFC3
[991] [M]: 0x0000000080001060 (0xFFC3F393) andi x7, x7, -0x4                        inst_28+116
x7 <- 0x0000000080000FEC

clint mtime 0x00000000000001F0 (mip.MTI <- 0b1, mip.STI <- 0b0)
mem[X,0x0000000080001064] -> 0x82B3
mem[X,0x0000000080001066] -> 0x4072
[992] [M]: 0x0000000080001064 (0x407282B3) sub x5, x5, x7                           inst_28+120
x5 <- 0x000000000000003B

mem[X,0x0000000080001068] -> 0x3823
mem[X,0x000000008000106A] -> 0x0453
[993] [M]: 0x0000000080001068 (0x04533823) sd x5, 0x50(x6)                          inst_28+124
mem[W,0x00000000800041F8] <- 0x000000000000003B

clint mtime 0x00000000000001F1 (mip.MTI <- 0b1, mip.STI <- 0b0)
mem[X,0x000000008000106C] -> 0x0D97
mem[X,0x000000008000106E] -> 0x0000
[994] [M]: 0x000000008000106C (0x00000D97) auipc x27, 0x0                           inst_29+0
x27 <- 0x000000008000106C

mem[X,0x0000000080001070] -> 0x0013
mem[X,0x0000000080001072] -> 0x0000
[995] [M]: 0x0000000080001070 (0x00000013) addi x0, x0, 0x0                         inst_29+4

clint mtime 0x00000000000001F2 (mip.MTI <- 0b1, mip.STI <- 0b0)
mem[X,0x0000000080001074] -> 0x0013
mem[X,0x0000000080001076] -> 0x0000
[996] [M]: 0x0000000080001074 (0x00000013) addi x0, x0, 0x0                         inst_29+8

mem[X,0x0000000080001078] -> 0x0013
mem[X,0x000000008000107A] -> 0x0000
[997] [M]: 0x0000000080001078 (0x00000013) addi x0, x0, 0x0                         inst_29+12

clint mtime 0x00000000000001F3 (mip.MTI <- 0b1, mip.STI <- 0b0)
mem[X,0x000000008000107C] -> 0x0013
mem[X,0x000000008000107E] -> 0x0000
[998] [M]: 0x000000008000107C (0x00000013) addi x0, x0, 0x0                         inst_29+16

mem[X,0x0000000080001080] -> 0x1817
mem[X,0x0000000080001082] -> 0x0000
[999] [M]: 0x0000000080001080 (0x00001817) auipc x16, 0x1                           inst_29+20
x16 <- 0x0000000080002080

clint mtime 0x00000000000001F4 (mip.MTI <- 0b1, mip.STI <- 0b0)
mem[X,0x0000000080001084] -> 0x0813
mem[X,0x0000000080001086] -> 0x8348
[1000] [M]: 0x0000000080001084 (0x83480813) addi x16, x16, -0x7cc                   inst_29+24
x16 <- 0x00000000800018B4

mem[X,0x0000000080001088] -> 0x0001
[1001] [M]: 0x0000000080001088 (0x0001) c.nop                                       inst_29+28

clint mtime 0x00000000000001F5 (mip.MTI <- 0b1, mip.STI <- 0b0)
mem[X,0x000000008000108A] -> 0x0013
mem[X,0x000000008000108C] -> 0x0000
[1002] [M]: 0x000000008000108A (0x00000013) addi x0, x0, 0x0                        inst_29+30

mem[X,0x000000008000108E] -> 0x0013
mem[X,0x0000000080001090] -> 0x0000
[1003] [M]: 0x000000008000108E (0x00000013) addi x0, x0, 0x0                        inst_29+34

clint mtime 0x00000000000001F6 (mip.MTI <- 0b1, mip.STI <- 0b0)
mem[X,0x0000000080001092] -> 0x0013
mem[X,0x0000000080001094] -> 0x0000
[1004] [M]: 0x0000000080001092 (0x00000013) addi x0, x0, 0x0                        inst_29+38

mem[X,0x0000000080001096] -> 0x0013
mem[X,0x0000000080001098] -> 0x0000
[1005] [M]: 0x0000000080001096 (0x00000013) addi x0, x0, 0x0                        inst_29+42

clint mtime 0x00000000000001F7 (mip.MTI <- 0b1, mip.STI <- 0b0)
mem[X,0x000000008000109A] -> 0x0013
mem[X,0x000000008000109C] -> 0x0000
[1006] [M]: 0x000000008000109A (0x00000013) addi x0, x0, 0x0                        inst_29+46

mem[X,0x000000008000109E] -> 0x0001
[1007] [M]: 0x000000008000109E (0x0001) c.nop                                       inst_29+50

clint mtime 0x00000000000001F8 (mip.MTI <- 0b1, mip.STI <- 0b0)
mem[X,0x00000000800010A0] -> 0x0DE7
mem[X,0x00000000800010A2] -> 0x8008
[1008] [M]: 0x00000000800010A0 (0x80080DE7) jalr x27, -0x800(x16)                   inst_29+52
x27 <- 0x00000000800010A4

mem[X,0x00000000800010B4] -> 0xCD93
mem[X,0x00000000800010B6] -> 0x003D
[1009] [M]: 0x00000000800010B4 (0x003DCD93) xori x27, x27, 0x3                      inst_29+72
x27 <- 0x00000000800010A7

clint mtime 0x00000000000001F9 (mip.MTI <- 0b1, mip.STI <- 0b0)
mem[X,0x00000000800010B8] -> 0x006F
mem[X,0x00000000800010BA] -> 0x0040
[1010] [M]: 0x00000000800010B8 (0x0040006F) jal x0, 0x4                             inst_29+76

mem[X,0x00000000800010BC] -> 0x0013
mem[X,0x00000000800010BE] -> 0x0000
[1011] [M]: 0x00000000800010BC (0x00000013) addi x0, x0, 0x0                        inst_29+80

clint mtime 0x00000000000001FA (mip.MTI <- 0b1, mip.STI <- 0b0)
mem[X,0x00000000800010C0] -> 0x0397
mem[X,0x00000000800010C2] -> 0x0000
[1012] [M]: 0x00000000800010C0 (0x00000397) auipc x7, 0x0                           inst_29+84
x7 <- 0x00000000800010C0

mem[X,0x00000000800010C4] -> 0x8393
mem[X,0x00000000800010C6] -> 0xFAC3
[1013] [M]: 0x00000000800010C4 (0xFAC38393) addi x7, x7, -0x54                      inst_29+88
x7 <- 0x000000008000106C

clint mtime 0x00000000000001FB (mip.MTI <- 0b1, mip.STI <- 0b0)
mem[X,0x00000000800010C8] -> 0x0001
[1014] [M]: 0x00000000800010C8 (0x0001) c.nop                                       inst_29+92

mem[X,0x00000000800010CA] -> 0x0013
mem[X,0x00000000800010CC] -> 0x0000
[1015] [M]: 0x00000000800010CA (0x00000013) addi x0, x0, 0x0                        inst_29+94

clint mtime 0x00000000000001FC (mip.MTI <- 0b1, mip.STI <- 0b0)
mem[X,0x00000000800010CE] -> 0x0013
mem[X,0x00000000800010D0] -> 0x0000
[1016] [M]: 0x00000000800010CE (0x00000013) addi x0, x0, 0x0                        inst_29+98

mem[X,0x00000000800010D2] -> 0x0013
mem[X,0x00000000800010D4] -> 0x0000
[1017] [M]: 0x00000000800010D2 (0x00000013) addi x0, x0, 0x0                        inst_29+102

clint mtime 0x00000000000001FD (mip.MTI <- 0b1, mip.STI <- 0b0)
mem[X,0x00000000800010D6] -> 0x0013
mem[X,0x00000000800010D8] -> 0x0000
[1018] [M]: 0x00000000800010D6 (0x00000013) addi x0, x0, 0x0                        inst_29+106

mem[X,0x00000000800010DA] -> 0x0013
mem[X,0x00000000800010DC] -> 0x0000
[1019] [M]: 0x00000000800010DA (0x00000013) addi x0, x0, 0x0                        inst_29+110

clint mtime 0x00000000000001FE (mip.MTI <- 0b1, mip.STI <- 0b0)
mem[X,0x00000000800010DE] -> 0x0001
[1020] [M]: 0x00000000800010DE (0x0001) c.nop                                       inst_29+114

mem[X,0x00000000800010E0] -> 0xF393
mem[X,0x00000000800010E2] -> 0xFFC3
[1021] [M]: 0x00000000800010E0 (0xFFC3F393) andi x7, x7, -0x4                       inst_29+116
x7 <- 0x000000008000106C

clint mtime 0x00000000000001FF (mip.MTI <- 0b1, mip.STI <- 0b0)
mem[X,0x00000000800010E4] -> 0x8DB3
mem[X,0x00000000800010E6] -> 0x407D
[1022] [M]: 0x00000000800010E4 (0x407D8DB3) sub x27, x27, x7                        inst_29+120
x27 <- 0x000000000000003B

mem[X,0x00000000800010E8] -> 0x3C23
mem[X,0x00000000800010EA] -> 0x05B3
[1023] [M]: 0x00000000800010E8 (0x05B33C23) sd x27, 0x58(x6)                        inst_29+124
mem[W,0x0000000080004200] <- 0x000000000000003B

clint mtime 0x0000000000000200 (mip.MTI <- 0b1, mip.STI <- 0b0)
mem[X,0x00000000800010EC] -> 0x0097
mem[X,0x00000000800010EE] -> 0x0000
[1024] [M]: 0x00000000800010EC (0x00000097) auipc x1, 0x0                           inst_30+0
x1 <- 0x00000000800010EC

mem[X,0x00000000800010F0] -> 0x0013
mem[X,0x00000000800010F2] -> 0x0000
[1025] [M]: 0x00000000800010F0 (0x00000013) addi x0, x0, 0x0                        inst_30+4

clint mtime 0x0000000000000201 (mip.MTI <- 0b1, mip.STI <- 0b0)
mem[X,0x00000000800010F4] -> 0x0013
mem[X,0x00000000800010F6] -> 0x0000
[1026] [M]: 0x00000000800010F4 (0x00000013) addi x0, x0, 0x0                        inst_30+8

mem[X,0x00000000800010F8] -> 0x0013
mem[X,0x00000000800010FA] -> 0x0000
[1027] [M]: 0x00000000800010F8 (0x00000013) addi x0, x0, 0x0                        inst_30+12

clint mtime 0x0000000000000202 (mip.MTI <- 0b1, mip.STI <- 0b0)
mem[X,0x00000000800010FC] -> 0x0013
mem[X,0x00000000800010FE] -> 0x0000
[1028] [M]: 0x00000000800010FC (0x00000013) addi x0, x0, 0x0                        inst_30+16

mem[X,0x0000000080001100] -> 0x1D17
mem[X,0x0000000080001102] -> 0x0000
[1029] [M]: 0x0000000080001100 (0x00001D17) auipc x26, 0x1                          inst_30+20
x26 <- 0x0000000080002100

clint mtime 0x0000000000000203 (mip.MTI <- 0b1, mip.STI <- 0b0)
mem[X,0x0000000080001104] -> 0x0D13
mem[X,0x0000000080001106] -> 0x834D
[1030] [M]: 0x0000000080001104 (0x834D0D13) addi x26, x26, -0x7cc                   inst_30+24
x26 <- 0x0000000080001934

mem[X,0x0000000080001108] -> 0x0001
[1031] [M]: 0x0000000080001108 (0x0001) c.nop                                       inst_30+28

clint mtime 0x0000000000000204 (mip.MTI <- 0b1, mip.STI <- 0b0)
mem[X,0x000000008000110A] -> 0x0013
mem[X,0x000000008000110C] -> 0x0000
[1032] [M]: 0x000000008000110A (0x00000013) addi x0, x0, 0x0                        inst_30+30

mem[X,0x000000008000110E] -> 0x0013
mem[X,0x0000000080001110] -> 0x0000
[1033] [M]: 0x000000008000110E (0x00000013) addi x0, x0, 0x0                        inst_30+34

clint mtime 0x0000000000000205 (mip.MTI <- 0b1, mip.STI <- 0b0)
mem[X,0x0000000080001112] -> 0x0013
mem[X,0x0000000080001114] -> 0x0000
[1034] [M]: 0x0000000080001112 (0x00000013) addi x0, x0, 0x0                        inst_30+38

mem[X,0x0000000080001116] -> 0x0013
mem[X,0x0000000080001118] -> 0x0000
[1035] [M]: 0x0000000080001116 (0x00000013) addi x0, x0, 0x0                        inst_30+42

clint mtime 0x0000000000000206 (mip.MTI <- 0b1, mip.STI <- 0b0)
mem[X,0x000000008000111A] -> 0x0013
mem[X,0x000000008000111C] -> 0x0000
[1036] [M]: 0x000000008000111A (0x00000013) addi x0, x0, 0x0                        inst_30+46

mem[X,0x000000008000111E] -> 0x0001
[1037] [M]: 0x000000008000111E (0x0001) c.nop                                       inst_30+50

clint mtime 0x0000000000000207 (mip.MTI <- 0b1, mip.STI <- 0b0)
mem[X,0x0000000080001120] -> 0x00E7
mem[X,0x0000000080001122] -> 0x800D
[1038] [M]: 0x0000000080001120 (0x800D00E7) jalr x1, -0x800(x26)                    inst_30+52
x1 <- 0x0000000080001124

mem[X,0x0000000080001134] -> 0xC093
mem[X,0x0000000080001136] -> 0x0030
[1039] [M]: 0x0000000080001134 (0x0030C093) xori x1, x1, 0x3                        inst_30+72
x1 <- 0x0000000080001127

clint mtime 0x0000000000000208 (mip.MTI <- 0b1, mip.STI <- 0b0)
mem[X,0x0000000080001138] -> 0x006F
mem[X,0x000000008000113A] -> 0x0040
[1040] [M]: 0x0000000080001138 (0x0040006F) jal x0, 0x4                             inst_30+76

mem[X,0x000000008000113C] -> 0x0013
mem[X,0x000000008000113E] -> 0x0000
[1041] [M]: 0x000000008000113C (0x00000013) addi x0, x0, 0x0                        inst_30+80

clint mtime 0x0000000000000209 (mip.MTI <- 0b1, mip.STI <- 0b0)
mem[X,0x0000000080001140] -> 0x0397
mem[X,0x0000000080001142] -> 0x0000
[1042] [M]: 0x0000000080001140 (0x00000397) auipc x7, 0x0                           inst_30+84
x7 <- 0x0000000080001140

mem[X,0x0000000080001144] -> 0x8393
mem[X,0x0000000080001146] -> 0xFAC3
[1043] [M]: 0x0000000080001144 (0xFAC38393) addi x7, x7, -0x54                      inst_30+88
x7 <- 0x00000000800010EC

clint mtime 0x000000000000020A (mip.MTI <- 0b1, mip.STI <- 0b0)
mem[X,0x0000000080001148] -> 0x0001
[1044] [M]: 0x0000000080001148 (0x0001) c.nop                                       inst_30+92

mem[X,0x000000008000114A] -> 0x0013
mem[X,0x000000008000114C] -> 0x0000
[1045] [M]: 0x000000008000114A (0x00000013) addi x0, x0, 0x0                        inst_30+94

clint mtime 0x000000000000020B (mip.MTI <- 0b1, mip.STI <- 0b0)
mem[X,0x000000008000114E] -> 0x0013
mem[X,0x0000000080001150] -> 0x0000
[1046] [M]: 0x000000008000114E (0x00000013) addi x0, x0, 0x0                        inst_30+98

mem[X,0x0000000080001152] -> 0x0013
mem[X,0x0000000080001154] -> 0x0000
[1047] [M]: 0x0000000080001152 (0x00000013) addi x0, x0, 0x0                        inst_30+102

clint mtime 0x000000000000020C (mip.MTI <- 0b1, mip.STI <- 0b0)
mem[X,0x0000000080001156] -> 0x0013
mem[X,0x0000000080001158] -> 0x0000
[1048] [M]: 0x0000000080001156 (0x00000013) addi x0, x0, 0x0                        inst_30+106

mem[X,0x000000008000115A] -> 0x0013
mem[X,0x000000008000115C] -> 0x0000
[1049] [M]: 0x000000008000115A (0x00000013) addi x0, x0, 0x0                        inst_30+110

clint mtime 0x000000000000020D (mip.MTI <- 0b1, mip.STI <- 0b0)
mem[X,0x000000008000115E] -> 0x0001
[1050] [M]: 0x000000008000115E (0x0001) c.nop                                       inst_30+114

mem[X,0x0000000080001160] -> 0xF393
mem[X,0x0000000080001162] -> 0xFFC3
[1051] [M]: 0x0000000080001160 (0xFFC3F393) andi x7, x7, -0x4                       inst_30+116
x7 <- 0x00000000800010EC

clint mtime 0x000000000000020E (mip.MTI <- 0b1, mip.STI <- 0b0)
mem[X,0x0000000080001164] -> 0x80B3
mem[X,0x0000000080001166] -> 0x4070
[1052] [M]: 0x0000000080001164 (0x407080B3) sub x1, x1, x7                          inst_30+120
x1 <- 0x000000000000003B

mem[X,0x0000000080001168] -> 0x3023
mem[X,0x000000008000116A] -> 0x0613
[1053] [M]: 0x0000000080001168 (0x06133023) sd x1, 0x60(x6)                         inst_30+124
mem[W,0x0000000080004208] <- 0x000000000000003B

clint mtime 0x000000000000020F (mip.MTI <- 0b1, mip.STI <- 0b0)
mem[X,0x000000008000116C] -> 0x0517
mem[X,0x000000008000116E] -> 0x0000
[1054] [M]: 0x000000008000116C (0x00000517) auipc x10, 0x0                          inst_31+0
x10 <- 0x000000008000116C

mem[X,0x0000000080001170] -> 0x0013
mem[X,0x0000000080001172] -> 0x0000
[1055] [M]: 0x0000000080001170 (0x00000013) addi x0, x0, 0x0                        inst_31+4

clint mtime 0x0000000000000210 (mip.MTI <- 0b1, mip.STI <- 0b0)
mem[X,0x0000000080001174] -> 0x0013
mem[X,0x0000000080001176] -> 0x0000
[1056] [M]: 0x0000000080001174 (0x00000013) addi x0, x0, 0x0                        inst_31+8

mem[X,0x0000000080001178] -> 0x0013
mem[X,0x000000008000117A] -> 0x0000
[1057] [M]: 0x0000000080001178 (0x00000013) addi x0, x0, 0x0                        inst_31+12

clint mtime 0x0000000000000211 (mip.MTI <- 0b1, mip.STI <- 0b0)
mem[X,0x000000008000117C] -> 0x0013
mem[X,0x000000008000117E] -> 0x0000
[1058] [M]: 0x000000008000117C (0x00000013) addi x0, x0, 0x0                        inst_31+16

mem[X,0x0000000080001180] -> 0x1C17
mem[X,0x0000000080001182] -> 0x0000
[1059] [M]: 0x0000000080001180 (0x00001C17) auipc x24, 0x1                          inst_31+20
x24 <- 0x0000000080002180

clint mtime 0x0000000000000212 (mip.MTI <- 0b1, mip.STI <- 0b0)
mem[X,0x0000000080001184] -> 0x0C13
mem[X,0x0000000080001186] -> 0x834C
[1060] [M]: 0x0000000080001184 (0x834C0C13) addi x24, x24, -0x7cc                   inst_31+24
x24 <- 0x00000000800019B4

mem[X,0x0000000080001188] -> 0x0001
[1061] [M]: 0x0000000080001188 (0x0001) c.nop                                       inst_31+28

clint mtime 0x0000000000000213 (mip.MTI <- 0b1, mip.STI <- 0b0)
mem[X,0x000000008000118A] -> 0x0013
mem[X,0x000000008000118C] -> 0x0000
[1062] [M]: 0x000000008000118A (0x00000013) addi x0, x0, 0x0                        inst_31+30

mem[X,0x000000008000118E] -> 0x0013
mem[X,0x0000000080001190] -> 0x0000
[1063] [M]: 0x000000008000118E (0x00000013) addi x0, x0, 0x0                        inst_31+34

clint mtime 0x0000000000000214 (mip.MTI <- 0b1, mip.STI <- 0b0)
mem[X,0x0000000080001192] -> 0x0013
mem[X,0x0000000080001194] -> 0x0000
[1064] [M]: 0x0000000080001192 (0x00000013) addi x0, x0, 0x0                        inst_31+38

mem[X,0x0000000080001196] -> 0x0013
mem[X,0x0000000080001198] -> 0x0000
[1065] [M]: 0x0000000080001196 (0x00000013) addi x0, x0, 0x0                        inst_31+42

clint mtime 0x0000000000000215 (mip.MTI <- 0b1, mip.STI <- 0b0)
mem[X,0x000000008000119A] -> 0x0013
mem[X,0x000000008000119C] -> 0x0000
[1066] [M]: 0x000000008000119A (0x00000013) addi x0, x0, 0x0                        inst_31+46

mem[X,0x000000008000119E] -> 0x0001
[1067] [M]: 0x000000008000119E (0x0001) c.nop                                       inst_31+50

clint mtime 0x0000000000000216 (mip.MTI <- 0b1, mip.STI <- 0b0)
mem[X,0x00000000800011A0] -> 0x0567
mem[X,0x00000000800011A2] -> 0x800C
[1068] [M]: 0x00000000800011A0 (0x800C0567) jalr x10, -0x800(x24)                   inst_31+52
x10 <- 0x00000000800011A4

mem[X,0x00000000800011B4] -> 0x4513
mem[X,0x00000000800011B6] -> 0x0035
[1069] [M]: 0x00000000800011B4 (0x00354513) xori x10, x10, 0x3                      inst_31+72
x10 <- 0x00000000800011A7

clint mtime 0x0000000000000217 (mip.MTI <- 0b1, mip.STI <- 0b0)
mem[X,0x00000000800011B8] -> 0x006F
mem[X,0x00000000800011BA] -> 0x0040
[1070] [M]: 0x00000000800011B8 (0x0040006F) jal x0, 0x4                             inst_31+76

mem[X,0x00000000800011BC] -> 0x0013
mem[X,0x00000000800011BE] -> 0x0000
[1071] [M]: 0x00000000800011BC (0x00000013) addi x0, x0, 0x0                        inst_31+80

clint mtime 0x0000000000000218 (mip.MTI <- 0b1, mip.STI <- 0b0)
mem[X,0x00000000800011C0] -> 0x0397
mem[X,0x00000000800011C2] -> 0x0000
[1072] [M]: 0x00000000800011C0 (0x00000397) auipc x7, 0x0                           inst_31+84
x7 <- 0x00000000800011C0

mem[X,0x00000000800011C4] -> 0x8393
mem[X,0x00000000800011C6] -> 0xFAC3
[1073] [M]: 0x00000000800011C4 (0xFAC38393) addi x7, x7, -0x54                      inst_31+88
x7 <- 0x000000008000116C

clint mtime 0x0000000000000219 (mip.MTI <- 0b1, mip.STI <- 0b0)
mem[X,0x00000000800011C8] -> 0x0001
[1074] [M]: 0x00000000800011C8 (0x0001) c.nop                                       inst_31+92

mem[X,0x00000000800011CA] -> 0x0013
mem[X,0x00000000800011CC] -> 0x0000
[1075] [M]: 0x00000000800011CA (0x00000013) addi x0, x0, 0x0                        inst_31+94

clint mtime 0x000000000000021A (mip.MTI <- 0b1, mip.STI <- 0b0)
mem[X,0x00000000800011CE] -> 0x0013
mem[X,0x00000000800011D0] -> 0x0000
[1076] [M]: 0x00000000800011CE (0x00000013) addi x0, x0, 0x0                        inst_31+98

mem[X,0x00000000800011D2] -> 0x0013
mem[X,0x00000000800011D4] -> 0x0000
[1077] [M]: 0x00000000800011D2 (0x00000013) addi x0, x0, 0x0                        inst_31+102

clint mtime 0x000000000000021B (mip.MTI <- 0b1, mip.STI <- 0b0)
mem[X,0x00000000800011D6] -> 0x0013
mem[X,0x00000000800011D8] -> 0x0000
[1078] [M]: 0x00000000800011D6 (0x00000013) addi x0, x0, 0x0                        inst_31+106

mem[X,0x00000000800011DA] -> 0x0013
mem[X,0x00000000800011DC] -> 0x0000
[1079] [M]: 0x00000000800011DA (0x00000013) addi x0, x0, 0x0                        inst_31+110

clint mtime 0x000000000000021C (mip.MTI <- 0b1, mip.STI <- 0b0)
mem[X,0x00000000800011DE] -> 0x0001
[1080] [M]: 0x00000000800011DE (0x0001) c.nop                                       inst_31+114

mem[X,0x00000000800011E0] -> 0xF393
mem[X,0x00000000800011E2] -> 0xFFC3
[1081] [M]: 0x00000000800011E0 (0xFFC3F393) andi x7, x7, -0x4                       inst_31+116
x7 <- 0x000000008000116C

clint mtime 0x000000000000021D (mip.MTI <- 0b1, mip.STI <- 0b0)
mem[X,0x00000000800011E4] -> 0x0533
mem[X,0x00000000800011E6] -> 0x4075
[1082] [M]: 0x00000000800011E4 (0x40750533) sub x10, x10, x7                        inst_31+120
x10 <- 0x000000000000003B

mem[X,0x00000000800011E8] -> 0x3423
mem[X,0x00000000800011EA] -> 0x06A3
[1083] [M]: 0x00000000800011E8 (0x06A33423) sd x10, 0x68(x6)                        inst_31+124
mem[W,0x0000000080004210] <- 0x000000000000003B

clint mtime 0x000000000000021E (mip.MTI <- 0b1, mip.STI <- 0b0)
mem[X,0x00000000800011EC] -> 0x0597
mem[X,0x00000000800011EE] -> 0x0000
[1084] [M]: 0x00000000800011EC (0x00000597) auipc x11, 0x0                          inst_32+0
x11 <- 0x00000000800011EC

mem[X,0x00000000800011F0] -> 0x0013
mem[X,0x00000000800011F2] -> 0x0000
[1085] [M]: 0x00000000800011F0 (0x00000013) addi x0, x0, 0x0                        inst_32+4

clint mtime 0x000000000000021F (mip.MTI <- 0b1, mip.STI <- 0b0)
mem[X,0x00000000800011F4] -> 0x0013
mem[X,0x00000000800011F6] -> 0x0000
[1086] [M]: 0x00000000800011F4 (0x00000013) addi x0, x0, 0x0                        inst_32+8

mem[X,0x00000000800011F8] -> 0x0013
mem[X,0x00000000800011FA] -> 0x0000
[1087] [M]: 0x00000000800011F8 (0x00000013) addi x0, x0, 0x0                        inst_32+12

clint mtime 0x0000000000000220 (mip.MTI <- 0b1, mip.STI <- 0b0)
mem[X,0x00000000800011FC] -> 0x0013
mem[X,0x00000000800011FE] -> 0x0000
[1088] [M]: 0x00000000800011FC (0x00000013) addi x0, x0, 0x0                        inst_32+16

mem[X,0x0000000080001200] -> 0x0517
mem[X,0x0000000080001202] -> 0x0000
[1089] [M]: 0x0000000080001200 (0x00000517) auipc x10, 0x0                          inst_32+20
x10 <- 0x0000000080001200

clint mtime 0x0000000000000221 (mip.MTI <- 0b1, mip.STI <- 0b0)
mem[X,0x0000000080001204] -> 0x0513
mem[X,0x0000000080001206] -> 0x4355
[1090] [M]: 0x0000000080001204 (0x43550513) addi x10, x10, 0x435                    inst_32+24
x10 <- 0x0000000080001635

mem[X,0x0000000080001208] -> 0x0001
[1091] [M]: 0x0000000080001208 (0x0001) c.nop                                       inst_32+28

clint mtime 0x0000000000000222 (mip.MTI <- 0b1, mip.STI <- 0b0)
mem[X,0x000000008000120A] -> 0x0013
mem[X,0x000000008000120C] -> 0x0000
[1092] [M]: 0x000000008000120A (0x00000013) addi x0, x0, 0x0                        inst_32+30

mem[X,0x000000008000120E] -> 0x0013
mem[X,0x0000000080001210] -> 0x0000
[1093] [M]: 0x000000008000120E (0x00000013) addi x0, x0, 0x0                        inst_32+34

clint mtime 0x0000000000000223 (mip.MTI <- 0b1, mip.STI <- 0b0)
mem[X,0x0000000080001212] -> 0x0013
mem[X,0x0000000080001214] -> 0x0000
[1094] [M]: 0x0000000080001212 (0x00000013) addi x0, x0, 0x0                        inst_32+38

mem[X,0x0000000080001216] -> 0x0013
mem[X,0x0000000080001218] -> 0x0000
[1095] [M]: 0x0000000080001216 (0x00000013) addi x0, x0, 0x0                        inst_32+42

clint mtime 0x0000000000000224 (mip.MTI <- 0b1, mip.STI <- 0b0)
mem[X,0x000000008000121A] -> 0x0013
mem[X,0x000000008000121C] -> 0x0000
[1096] [M]: 0x000000008000121A (0x00000013) addi x0, x0, 0x0                        inst_32+46

mem[X,0x000000008000121E] -> 0x0001
[1097] [M]: 0x000000008000121E (0x0001) c.nop                                       inst_32+50

clint mtime 0x0000000000000225 (mip.MTI <- 0b1, mip.STI <- 0b0)
mem[X,0x0000000080001220] -> 0x05E7
mem[X,0x0000000080001222] -> 0xBFF5
[1098] [M]: 0x0000000080001220 (0xBFF505E7) jalr x11, -0x401(x10)                   inst_32+52
x11 <- 0x0000000080001224

mem[X,0x0000000080001234] -> 0xC593
mem[X,0x0000000080001236] -> 0x0035
[1099] [M]: 0x0000000080001234 (0x0035C593) xori x11, x11, 0x3                      inst_32+72
x11 <- 0x0000000080001227

clint mtime 0x0000000000000226 (mip.MTI <- 0b1, mip.STI <- 0b0)
mem[X,0x0000000080001238] -> 0x006F
mem[X,0x000000008000123A] -> 0x0040
[1100] [M]: 0x0000000080001238 (0x0040006F) jal x0, 0x4                             inst_32+76

mem[X,0x000000008000123C] -> 0x0013
mem[X,0x000000008000123E] -> 0x0000
[1101] [M]: 0x000000008000123C (0x00000013) addi x0, x0, 0x0                        inst_32+80

clint mtime 0x0000000000000227 (mip.MTI <- 0b1, mip.STI <- 0b0)
mem[X,0x0000000080001240] -> 0x0397
mem[X,0x0000000080001242] -> 0x0000
[1102] [M]: 0x0000000080001240 (0x00000397) auipc x7, 0x0                           inst_32+84
x7 <- 0x0000000080001240

mem[X,0x0000000080001244] -> 0x8393
mem[X,0x0000000080001246] -> 0xFAC3
[1103] [M]: 0x0000000080001244 (0xFAC38393) addi x7, x7, -0x54                      inst_32+88
x7 <- 0x00000000800011EC

clint mtime 0x0000000000000228 (mip.MTI <- 0b1, mip.STI <- 0b0)
mem[X,0x0000000080001248] -> 0x0001
[1104] [M]: 0x0000000080001248 (0x0001) c.nop                                       inst_32+92

mem[X,0x000000008000124A] -> 0x0013
mem[X,0x000000008000124C] -> 0x0000
[1105] [M]: 0x000000008000124A (0x00000013) addi x0, x0, 0x0                        inst_32+94

clint mtime 0x0000000000000229 (mip.MTI <- 0b1, mip.STI <- 0b0)
mem[X,0x000000008000124E] -> 0x0013
mem[X,0x0000000080001250] -> 0x0000
[1106] [M]: 0x000000008000124E (0x00000013) addi x0, x0, 0x0                        inst_32+98

mem[X,0x0000000080001252] -> 0x0013
mem[X,0x0000000080001254] -> 0x0000
[1107] [M]: 0x0000000080001252 (0x00000013) addi x0, x0, 0x0                        inst_32+102

clint mtime 0x000000000000022A (mip.MTI <- 0b1, mip.STI <- 0b0)
mem[X,0x0000000080001256] -> 0x0013
mem[X,0x0000000080001258] -> 0x0000
[1108] [M]: 0x0000000080001256 (0x00000013) addi x0, x0, 0x0                        inst_32+106

mem[X,0x000000008000125A] -> 0x0013
mem[X,0x000000008000125C] -> 0x0000
[1109] [M]: 0x000000008000125A (0x00000013) addi x0, x0, 0x0                        inst_32+110

clint mtime 0x000000000000022B (mip.MTI <- 0b1, mip.STI <- 0b0)
mem[X,0x000000008000125E] -> 0x0001
[1110] [M]: 0x000000008000125E (0x0001) c.nop                                       inst_32+114

mem[X,0x0000000080001260] -> 0xF393
mem[X,0x0000000080001262] -> 0xFFC3
[1111] [M]: 0x0000000080001260 (0xFFC3F393) andi x7, x7, -0x4                       inst_32+116
x7 <- 0x00000000800011EC

clint mtime 0x000000000000022C (mip.MTI <- 0b1, mip.STI <- 0b0)
mem[X,0x0000000080001264] -> 0x85B3
mem[X,0x0000000080001266] -> 0x4075
[1112] [M]: 0x0000000080001264 (0x407585B3) sub x11, x11, x7                        inst_32+120
x11 <- 0x000000000000003B

mem[X,0x0000000080001268] -> 0x3823
mem[X,0x000000008000126A] -> 0x06B3
[1113] [M]: 0x0000000080001268 (0x06B33823) sd x11, 0x70(x6)                        inst_32+124
mem[W,0x0000000080004218] <- 0x000000000000003B

clint mtime 0x000000000000022D (mip.MTI <- 0b1, mip.STI <- 0b0)
mem[X,0x000000008000126C] -> 0x006F
mem[X,0x000000008000126E] -> 0x0380
[1114] [M]: 0x000000008000126C (0x0380006F) jal x0, 0x38                            rvtest_code_end+0

mem[X,0x00000000800012A4] -> 0x0093
mem[X,0x00000000800012A6] -> 0x0010
[1115] [M]: 0x00000000800012A4 (0x00100093) addi x1, x0, 0x1                        exit_cleanup+0
x1 <- 0x0000000000000001

clint mtime 0x000000000000022E (mip.MTI <- 0b1, mip.STI <- 0b0)
mem[X,0x00000000800012A8] -> 0x1397
mem[X,0x00000000800012AA] -> 0x0000
[1116] [M]: 0x00000000800012A8 (0x00001397) auipc x7, 0x1                           exit_cleanup+4
x7 <- 0x00000000800022A8

mem[X,0x00000000800012AC] -> 0xAC23
mem[X,0x00000000800012AE] -> 0xD413
[1117] [M]: 0x00000000800012AC (0xD413AC23) sw x1, -0x2a8(x7)                       exit_cleanup+8
htif[0x0000000080002000] <- 0x00000001
mem[W,0x0000000080002000] <- 0x00000001

clint mtime 0x000000000000022F (mip.MTI <- 0b1, mip.STI <- 0b0)
mem[X,0x00000000800012B0] -> 0xF06F
mem[X,0x00000000800012B2] -> 0xFF9F
[1118] [M]: 0x00000000800012B0 (0xFF9FF06F) jal x0, -0x8                            exit_cleanup+12

mem[X,0x00000000800012A8] -> 0x1397
mem[X,0x00000000800012AA] -> 0x0000
[1119] [M]: 0x00000000800012A8 (0x00001397) auipc x7, 0x1                           exit_cleanup+4
x7 <- 0x00000000800022A8

clint mtime 0x0000000000000230 (mip.MTI <- 0b1, mip.STI <- 0b0)
mem[X,0x00000000800012AC] -> 0xAC23
mem[X,0x00000000800012AE] -> 0xD413
[1120] [M]: 0x00000000800012AC (0xD413AC23) sw x1, -0x2a8(x7)                       exit_cleanup+8
htif[0x0000000080002000] <- 0x00000001
mem[W,0x0000000080002000] <- 0x00000001

mem[X,0x00000000800012B0] -> 0xF06F
mem[X,0x00000000800012B2] -> 0xFF9F
[1121] [M]: 0x00000000800012B0 (0xFF9FF06F) jal x0, -0x8                            exit_cleanup+12

clint mtime 0x0000000000000231 (mip.MTI <- 0b1, mip.STI <- 0b0)
mem[X,0x00000000800012A8] -> 0x1397
mem[X,0x00000000800012AA] -> 0x0000
[1122] [M]: 0x00000000800012A8 (0x00001397) auipc x7, 0x1                           exit_cleanup+4
x7 <- 0x00000000800022A8

mem[X,0x00000000800012AC] -> 0xAC23
mem[X,0x00000000800012AE] -> 0xD413
[1123] [M]: 0x00000000800012AC (0xD413AC23) sw x1, -0x2a8(x7)                       exit_cleanup+8
htif[0x0000000080002000] <- 0x00000001
htif-syscall-proxy cmd: 0x000000000001
mem[W,0x0000000080002000] <- 0x00000001

SUCCESS
clint mtime 0x0000000000000232 (mip.MTI <- 0b1, mip.STI <- 0b0)
