using /opt/riscv-arch-test/riscof-plugins/rv64/riscof_work/I/src/slti-01.S/ref/Reference-sail_c_simulator.signature for test-signature output.
setting signature-granularity to 8 bytes
HTIF located at 0x80005000
begin_signature: 0x80007110
end_signature: 0x80008470
Entry point: 0x80000000
CSR mstatus (0x300) <- 0x0000000A00000000
CSR misa (0x301) <- 0x800000000034112F
CSR mcause (0x342) <- 0x0000000000000000
x10 <- 0x0000000000000000
x11 <- 0x0000000000001000
mem[X,0x0000000080000000] -> 0x0837
mem[X,0x0000000080000002] -> 0x7D5C
[0] [M]: 0x0000000080000000 (0x7D5C0837) lui x16, 0x7d5c0                           rvtest_init+0
x16 <- 0x000000007D5C0000

mem[X,0x0000000080000004] -> 0x0813
mem[X,0x0000000080000006] -> 0xDDB8
[1] [M]: 0x0000000080000004 (0xDDB80813) addi x16, x16, -0x225                      rvtest_init+4
x16 <- 0x000000007D5BFDDB

clint mtime 0x0000000000000001 (mip.MTI <- 0b1, mip.STI <- 0b0)
mem[X,0x0000000080000008] -> 0x1813
mem[X,0x000000008000000A] -> 0x00B8
[2] [M]: 0x0000000080000008 (0x00B81813) slli x16, x16, 0xb                         rvtest_init+8
x16 <- 0x000003EADFEED800

mem[X,0x000000008000000C] -> 0x0813
mem[X,0x000000008000000E] -> 0x3EA8
[3] [M]: 0x000000008000000C (0x3EA80813) addi x16, x16, 0x3ea                       rvtest_init+12
x16 <- 0x000003EADFEEDBEA

clint mtime 0x0000000000000002 (mip.MTI <- 0b1, mip.STI <- 0b0)
mem[X,0x0000000080000010] -> 0x1813
mem[X,0x0000000080000012] -> 0x00B8
[4] [M]: 0x0000000080000010 (0x00B81813) slli x16, x16, 0xb                         rvtest_init+16
x16 <- 0x001F56FF76DF5000

mem[X,0x0000000080000014] -> 0x0813
mem[X,0x0000000080000016] -> 0x6FF8
[5] [M]: 0x0000000080000014 (0x6FF80813) addi x16, x16, 0x6ff                       rvtest_init+20
x16 <- 0x001F56FF76DF56FF

clint mtime 0x0000000000000003 (mip.MTI <- 0b1, mip.STI <- 0b0)
mem[X,0x0000000080000018] -> 0x1813
mem[X,0x000000008000001A] -> 0x00A8
[6] [M]: 0x0000000080000018 (0x00A81813) slli x16, x16, 0xa                         rvtest_init+24
x16 <- 0x7D5BFDDB7D5BFC00

mem[X,0x000000008000001C] -> 0x0813
mem[X,0x000000008000001E] -> 0x1DB8
[7] [M]: 0x000000008000001C (0x1DB80813) addi x16, x16, 0x1db                       rvtest_init+28
x16 <- 0x7D5BFDDB7D5BFDDB

clint mtime 0x0000000000000004 (mip.MTI <- 0b1, mip.STI <- 0b0)
mem[X,0x0000000080000020] -> 0x5893
mem[X,0x0000000080000022] -> 0x0078
[8] [M]: 0x0000000080000020 (0x00785893) srli x17, x16, 0x7                         rvtest_init+32
x17 <- 0x00FAB7FBB6FAB7FB

mem[X,0x0000000080000024] -> 0x5793
mem[X,0x0000000080000026] -> 0x0398
[9] [M]: 0x0000000080000024 (0x03985793) srli x15, x16, 0x39                        rvtest_init+36
x15 <- 0x000000000000003E

clint mtime 0x0000000000000005 (mip.MTI <- 0b1, mip.STI <- 0b0)
mem[X,0x0000000080000028] -> 0xE8B3
mem[X,0x000000008000002A] -> 0x00F8
[10] [M]: 0x0000000080000028 (0x00F8E8B3) or x17, x17, x15                          rvtest_init+40
x17 <- 0x00FAB7FBB6FAB7FF

mem[X,0x000000008000002C] -> 0xD913
mem[X,0x000000008000002E] -> 0x0078
[11] [M]: 0x000000008000002C (0x0078D913) srli x18, x17, 0x7                        rvtest_init+44
x18 <- 0x0001F56FF76DF56F

clint mtime 0x0000000000000006 (mip.MTI <- 0b1, mip.STI <- 0b0)
mem[X,0x0000000080000030] -> 0xD793
mem[X,0x0000000080000032] -> 0x0398
[12] [M]: 0x0000000080000030 (0x0398D793) srli x15, x17, 0x39                       rvtest_init+48
x15 <- 0x0000000000000000

mem[X,0x0000000080000034] -> 0x6933
mem[X,0x0000000080000036] -> 0x00F9
[13] [M]: 0x0000000080000034 (0x00F96933) or x18, x18, x15                          rvtest_init+52
x18 <- 0x0001F56FF76DF56F

clint mtime 0x0000000000000007 (mip.MTI <- 0b1, mip.STI <- 0b0)
mem[X,0x0000000080000038] -> 0x5993
mem[X,0x000000008000003A] -> 0x0079
[14] [M]: 0x0000000080000038 (0x00795993) srli x19, x18, 0x7                        rvtest_init+56
x19 <- 0x000003EADFEEDBEA

mem[X,0x000000008000003C] -> 0x5793
mem[X,0x000000008000003E] -> 0x0399
[15] [M]: 0x000000008000003C (0x03995793) srli x15, x18, 0x39                       rvtest_init+60
x15 <- 0x0000000000000000

clint mtime 0x0000000000000008 (mip.MTI <- 0b1, mip.STI <- 0b0)
mem[X,0x0000000080000040] -> 0xE9B3
mem[X,0x0000000080000042] -> 0x00F9
[16] [M]: 0x0000000080000040 (0x00F9E9B3) or x19, x19, x15                          rvtest_init+64
x19 <- 0x000003EADFEEDBEA

mem[X,0x0000000080000044] -> 0xDA13
mem[X,0x0000000080000046] -> 0x0079
[17] [M]: 0x0000000080000044 (0x0079DA13) srli x20, x19, 0x7                        rvtest_init+68
x20 <- 0x00000007D5BFDDB7

clint mtime 0x0000000000000009 (mip.MTI <- 0b1, mip.STI <- 0b0)
mem[X,0x0000000080000048] -> 0xD793
mem[X,0x000000008000004A] -> 0x0399
[18] [M]: 0x0000000080000048 (0x0399D793) srli x15, x19, 0x39                       rvtest_init+72
x15 <- 0x0000000000000000

mem[X,0x000000008000004C] -> 0x6A33
mem[X,0x000000008000004E] -> 0x00FA
[19] [M]: 0x000000008000004C (0x00FA6A33) or x20, x20, x15                          rvtest_init+76
x20 <- 0x00000007D5BFDDB7

clint mtime 0x000000000000000A (mip.MTI <- 0b1, mip.STI <- 0b0)
mem[X,0x0000000080000050] -> 0x5A93
mem[X,0x0000000080000052] -> 0x007A
[20] [M]: 0x0000000080000050 (0x007A5A93) srli x21, x20, 0x7                        rvtest_init+80
x21 <- 0x000000000FAB7FBB

mem[X,0x0000000080000054] -> 0x5793
mem[X,0x0000000080000056] -> 0x039A
[21] [M]: 0x0000000080000054 (0x039A5793) srli x15, x20, 0x39                       rvtest_init+84
x15 <- 0x0000000000000000

clint mtime 0x000000000000000B (mip.MTI <- 0b1, mip.STI <- 0b0)
mem[X,0x0000000080000058] -> 0xEAB3
mem[X,0x000000008000005A] -> 0x00FA
[22] [M]: 0x0000000080000058 (0x00FAEAB3) or x21, x21, x15                          rvtest_init+88
x21 <- 0x000000000FAB7FBB

mem[X,0x000000008000005C] -> 0xDB13
mem[X,0x000000008000005E] -> 0x007A
[23] [M]: 0x000000008000005C (0x007ADB13) srli x22, x21, 0x7                        rvtest_init+92
x22 <- 0x00000000001F56FF

clint mtime 0x000000000000000C (mip.MTI <- 0b1, mip.STI <- 0b0)
mem[X,0x0000000080000060] -> 0xD793
mem[X,0x0000000080000062] -> 0x039A
[24] [M]: 0x0000000080000060 (0x039AD793) srli x15, x21, 0x39                       rvtest_init+96
x15 <- 0x0000000000000000

mem[X,0x0000000080000064] -> 0x6B33
mem[X,0x0000000080000066] -> 0x00FB
[25] [M]: 0x0000000080000064 (0x00FB6B33) or x22, x22, x15                          rvtest_init+100
x22 <- 0x00000000001F56FF

clint mtime 0x000000000000000D (mip.MTI <- 0b1, mip.STI <- 0b0)
mem[X,0x0000000080000068] -> 0x5B93
mem[X,0x000000008000006A] -> 0x007B
[26] [M]: 0x0000000080000068 (0x007B5B93) srli x23, x22, 0x7                        rvtest_init+104
x23 <- 0x0000000000003EAD

mem[X,0x000000008000006C] -> 0x5793
mem[X,0x000000008000006E] -> 0x039B
[27] [M]: 0x000000008000006C (0x039B5793) srli x15, x22, 0x39                       rvtest_init+108
x15 <- 0x0000000000000000

clint mtime 0x000000000000000E (mip.MTI <- 0b1, mip.STI <- 0b0)
mem[X,0x0000000080000070] -> 0xEBB3
mem[X,0x0000000080000072] -> 0x00FB
[28] [M]: 0x0000000080000070 (0x00FBEBB3) or x23, x23, x15                          rvtest_init+112
x23 <- 0x0000000000003EAD

mem[X,0x0000000080000074] -> 0xDC13
mem[X,0x0000000080000076] -> 0x007B
[29] [M]: 0x0000000080000074 (0x007BDC13) srli x24, x23, 0x7                        rvtest_init+116
x24 <- 0x000000000000007D

clint mtime 0x000000000000000F (mip.MTI <- 0b1, mip.STI <- 0b0)
mem[X,0x0000000080000078] -> 0xD793
mem[X,0x000000008000007A] -> 0x039B
[30] [M]: 0x0000000080000078 (0x039BD793) srli x15, x23, 0x39                       rvtest_init+120
x15 <- 0x0000000000000000

mem[X,0x000000008000007C] -> 0x6C33
mem[X,0x000000008000007E] -> 0x00FC
[31] [M]: 0x000000008000007C (0x00FC6C33) or x24, x24, x15                          rvtest_init+124
x24 <- 0x000000000000007D

clint mtime 0x0000000000000010 (mip.MTI <- 0b1, mip.STI <- 0b0)
mem[X,0x0000000080000080] -> 0x5C93
mem[X,0x0000000080000082] -> 0x007C
[32] [M]: 0x0000000080000080 (0x007C5C93) srli x25, x24, 0x7                        rvtest_init+128
x25 <- 0x0000000000000000

mem[X,0x0000000080000084] -> 0x5793
mem[X,0x0000000080000086] -> 0x039C
[33] [M]: 0x0000000080000084 (0x039C5793) srli x15, x24, 0x39                       rvtest_init+132
x15 <- 0x0000000000000000

clint mtime 0x0000000000000011 (mip.MTI <- 0b1, mip.STI <- 0b0)
mem[X,0x0000000080000088] -> 0xECB3
mem[X,0x000000008000008A] -> 0x00FC
[34] [M]: 0x0000000080000088 (0x00FCECB3) or x25, x25, x15                          rvtest_init+136
x25 <- 0x0000000000000000

mem[X,0x000000008000008C] -> 0xDD13
mem[X,0x000000008000008E] -> 0x007C
[35] [M]: 0x000000008000008C (0x007CDD13) srli x26, x25, 0x7                        rvtest_init+140
x26 <- 0x0000000000000000

clint mtime 0x0000000000000012 (mip.MTI <- 0b1, mip.STI <- 0b0)
mem[X,0x0000000080000090] -> 0xD793
mem[X,0x0000000080000092] -> 0x039C
[36] [M]: 0x0000000080000090 (0x039CD793) srli x15, x25, 0x39                       rvtest_init+144
x15 <- 0x0000000000000000

mem[X,0x0000000080000094] -> 0x6D33
mem[X,0x0000000080000096] -> 0x00FD
[37] [M]: 0x0000000080000094 (0x00FD6D33) or x26, x26, x15                          rvtest_init+148
x26 <- 0x0000000000000000

clint mtime 0x0000000000000013 (mip.MTI <- 0b1, mip.STI <- 0b0)
mem[X,0x0000000080000098] -> 0x5D93
mem[X,0x000000008000009A] -> 0x007D
[38] [M]: 0x0000000080000098 (0x007D5D93) srli x27, x26, 0x7                        rvtest_init+152
x27 <- 0x0000000000000000

mem[X,0x000000008000009C] -> 0x5793
mem[X,0x000000008000009E] -> 0x039D
[39] [M]: 0x000000008000009C (0x039D5793) srli x15, x26, 0x39                       rvtest_init+156
x15 <- 0x0000000000000000

clint mtime 0x0000000000000014 (mip.MTI <- 0b1, mip.STI <- 0b0)
mem[X,0x00000000800000A0] -> 0xEDB3
mem[X,0x00000000800000A2] -> 0x00FD
[40] [M]: 0x00000000800000A0 (0x00FDEDB3) or x27, x27, x15                          rvtest_init+160
x27 <- 0x0000000000000000

mem[X,0x00000000800000A4] -> 0xDE13
mem[X,0x00000000800000A6] -> 0x007D
[41] [M]: 0x00000000800000A4 (0x007DDE13) srli x28, x27, 0x7                        rvtest_init+164
x28 <- 0x0000000000000000

clint mtime 0x0000000000000015 (mip.MTI <- 0b1, mip.STI <- 0b0)
mem[X,0x00000000800000A8] -> 0xD793
mem[X,0x00000000800000AA] -> 0x039D
[42] [M]: 0x00000000800000A8 (0x039DD793) srli x15, x27, 0x39                       rvtest_init+168
x15 <- 0x0000000000000000

mem[X,0x00000000800000AC] -> 0x6E33
mem[X,0x00000000800000AE] -> 0x00FE
[43] [M]: 0x00000000800000AC (0x00FE6E33) or x28, x28, x15                          rvtest_init+172
x28 <- 0x0000000000000000

clint mtime 0x0000000000000016 (mip.MTI <- 0b1, mip.STI <- 0b0)
mem[X,0x00000000800000B0] -> 0x5E93
mem[X,0x00000000800000B2] -> 0x007E
[44] [M]: 0x00000000800000B0 (0x007E5E93) srli x29, x28, 0x7                        rvtest_init+176
x29 <- 0x0000000000000000

mem[X,0x00000000800000B4] -> 0x5793
mem[X,0x00000000800000B6] -> 0x039E
[45] [M]: 0x00000000800000B4 (0x039E5793) srli x15, x28, 0x39                       rvtest_init+180
x15 <- 0x0000000000000000

clint mtime 0x0000000000000017 (mip.MTI <- 0b1, mip.STI <- 0b0)
mem[X,0x00000000800000B8] -> 0xEEB3
mem[X,0x00000000800000BA] -> 0x00FE
[46] [M]: 0x00000000800000B8 (0x00FEEEB3) or x29, x29, x15                          rvtest_init+184
x29 <- 0x0000000000000000

mem[X,0x00000000800000BC] -> 0xDF13
mem[X,0x00000000800000BE] -> 0x007E
[47] [M]: 0x00000000800000BC (0x007EDF13) srli x30, x29, 0x7                        rvtest_init+188
x30 <- 0x0000000000000000

clint mtime 0x0000000000000018 (mip.MTI <- 0b1, mip.STI <- 0b0)
mem[X,0x00000000800000C0] -> 0xD793
mem[X,0x00000000800000C2] -> 0x039E
[48] [M]: 0x00000000800000C0 (0x039ED793) srli x15, x29, 0x39                       rvtest_init+192
x15 <- 0x0000000000000000

mem[X,0x00000000800000C4] -> 0x6F33
mem[X,0x00000000800000C6] -> 0x00FF
[49] [M]: 0x00000000800000C4 (0x00FF6F33) or x30, x30, x15                          rvtest_init+196
x30 <- 0x0000000000000000

clint mtime 0x0000000000000019 (mip.MTI <- 0b1, mip.STI <- 0b0)
mem[X,0x00000000800000C8] -> 0xC0B7
mem[X,0x00000000800000CA] -> 0xFEED
[50] [M]: 0x00000000800000C8 (0xFEEDC0B7) lui x1, -0x1124                           rvtest_init+200
x1 <- 0xFFFFFFFFFEEDC000

mem[X,0x00000000800000CC] -> 0x8093
mem[X,0x00000000800000CE] -> 0xEAD0
[51] [M]: 0x00000000800000CC (0xEAD08093) addi x1, x1, -0x153                       rvtest_init+204
x1 <- 0xFFFFFFFFFEEDBEAD

clint mtime 0x000000000000001A (mip.MTI <- 0b1, mip.STI <- 0b0)
mem[X,0x00000000800000D0] -> 0x9093
mem[X,0x00000000800000D2] -> 0x00B0
[52] [M]: 0x00000000800000D0 (0x00B09093) slli x1, x1, 0xb                          rvtest_init+208
x1 <- 0xFFFFFFF76DF56800

mem[X,0x00000000800000D4] -> 0x8093
mem[X,0x00000000800000D6] -> 0x7F70
[53] [M]: 0x00000000800000D4 (0x7F708093) addi x1, x1, 0x7f7                        rvtest_init+212
x1 <- 0xFFFFFFF76DF56FF7

clint mtime 0x000000000000001B (mip.MTI <- 0b1, mip.STI <- 0b0)
mem[X,0x00000000800000D8] -> 0x9093
mem[X,0x00000000800000DA] -> 0x00B0
[54] [M]: 0x00000000800000D8 (0x00B09093) slli x1, x1, 0xb                          rvtest_init+216
x1 <- 0xFFFFBB6FAB7FB800

mem[X,0x00000000800000DC] -> 0x8093
mem[X,0x00000000800000DE] -> 0x36F0
[55] [M]: 0x00000000800000DC (0x36F08093) addi x1, x1, 0x36f                        rvtest_init+220
x1 <- 0xFFFFBB6FAB7FBB6F

clint mtime 0x000000000000001C (mip.MTI <- 0b1, mip.STI <- 0b0)
mem[X,0x00000000800000E0] -> 0x9093
mem[X,0x00000000800000E2] -> 0x00A0
[56] [M]: 0x00000000800000E0 (0x00A09093) slli x1, x1, 0xa                          rvtest_init+224
x1 <- 0xFEEDBEADFEEDBC00

mem[X,0x00000000800000E4] -> 0x8093
mem[X,0x00000000800000E6] -> 0x2AD0
[57] [M]: 0x00000000800000E4 (0x2AD08093) addi x1, x1, 0x2ad                        rvtest_init+228
x1 <- 0xFEEDBEADFEEDBEAD

clint mtime 0x000000000000001D (mip.MTI <- 0b1, mip.STI <- 0b0)
mem[X,0x00000000800000E8] -> 0xD113
mem[X,0x00000000800000EA] -> 0x0070
[58] [M]: 0x00000000800000E8 (0x0070D113) srli x2, x1, 0x7                          rvtest_init+232
x2 <- 0x01FDDB7D5BFDDB7D

mem[X,0x00000000800000EC] -> 0xD793
mem[X,0x00000000800000EE] -> 0x0390
[59] [M]: 0x00000000800000EC (0x0390D793) srli x15, x1, 0x39                        rvtest_init+236
x15 <- 0x000000000000007F

clint mtime 0x000000000000001E (mip.MTI <- 0b1, mip.STI <- 0b0)
mem[X,0x00000000800000F0] -> 0x6133
mem[X,0x00000000800000F2] -> 0x00F1
[60] [M]: 0x00000000800000F0 (0x00F16133) or x2, x2, x15                            rvtest_init+240
x2 <- 0x01FDDB7D5BFDDB7F

mem[X,0x00000000800000F4] -> 0x5193
mem[X,0x00000000800000F6] -> 0x0071
[61] [M]: 0x00000000800000F4 (0x00715193) srli x3, x2, 0x7                          rvtest_init+244
x3 <- 0x0003FBB6FAB7FBB6

clint mtime 0x000000000000001F (mip.MTI <- 0b1, mip.STI <- 0b0)
mem[X,0x00000000800000F8] -> 0x5793
mem[X,0x00000000800000FA] -> 0x0391
[62] [M]: 0x00000000800000F8 (0x03915793) srli x15, x2, 0x39                        rvtest_init+248
x15 <- 0x0000000000000000

mem[X,0x00000000800000FC] -> 0xE1B3
mem[X,0x00000000800000FE] -> 0x00F1
[63] [M]: 0x00000000800000FC (0x00F1E1B3) or x3, x3, x15                            rvtest_init+252
x3 <- 0x0003FBB6FAB7FBB6

clint mtime 0x0000000000000020 (mip.MTI <- 0b1, mip.STI <- 0b0)
mem[X,0x0000000080000100] -> 0xD213
mem[X,0x0000000080000102] -> 0x0071
[64] [M]: 0x0000000080000100 (0x0071D213) srli x4, x3, 0x7                          rvtest_init+256
x4 <- 0x000007F76DF56FF7

mem[X,0x0000000080000104] -> 0xD793
mem[X,0x0000000080000106] -> 0x0391
[65] [M]: 0x0000000080000104 (0x0391D793) srli x15, x3, 0x39                        rvtest_init+260
x15 <- 0x0000000000000000

clint mtime 0x0000000000000021 (mip.MTI <- 0b1, mip.STI <- 0b0)
mem[X,0x0000000080000108] -> 0x6233
mem[X,0x000000008000010A] -> 0x00F2
[66] [M]: 0x0000000080000108 (0x00F26233) or x4, x4, x15                            rvtest_init+264
x4 <- 0x000007F76DF56FF7

mem[X,0x000000008000010C] -> 0x5293
mem[X,0x000000008000010E] -> 0x0072
[67] [M]: 0x000000008000010C (0x00725293) srli x5, x4, 0x7                          rvtest_init+268
x5 <- 0x0000000FEEDBEADF

clint mtime 0x0000000000000022 (mip.MTI <- 0b1, mip.STI <- 0b0)
mem[X,0x0000000080000110] -> 0x5793
mem[X,0x0000000080000112] -> 0x0392
[68] [M]: 0x0000000080000110 (0x03925793) srli x15, x4, 0x39                        rvtest_init+272
x15 <- 0x0000000000000000

mem[X,0x0000000080000114] -> 0xE2B3
mem[X,0x0000000080000116] -> 0x00F2
[69] [M]: 0x0000000080000114 (0x00F2E2B3) or x5, x5, x15                            rvtest_init+276
x5 <- 0x0000000FEEDBEADF

clint mtime 0x0000000000000023 (mip.MTI <- 0b1, mip.STI <- 0b0)
mem[X,0x0000000080000118] -> 0xD313
mem[X,0x000000008000011A] -> 0x0072
[70] [M]: 0x0000000080000118 (0x0072D313) srli x6, x5, 0x7                          rvtest_init+280
x6 <- 0x000000001FDDB7D5

mem[X,0x000000008000011C] -> 0xD793
mem[X,0x000000008000011E] -> 0x0392
[71] [M]: 0x000000008000011C (0x0392D793) srli x15, x5, 0x39                        rvtest_init+284
x15 <- 0x0000000000000000

clint mtime 0x0000000000000024 (mip.MTI <- 0b1, mip.STI <- 0b0)
mem[X,0x0000000080000120] -> 0x6333
mem[X,0x0000000080000122] -> 0x00F3
[72] [M]: 0x0000000080000120 (0x00F36333) or x6, x6, x15                            rvtest_init+288
x6 <- 0x000000001FDDB7D5

mem[X,0x0000000080000124] -> 0x5393
mem[X,0x0000000080000126] -> 0x0073
[73] [M]: 0x0000000080000124 (0x00735393) srli x7, x6, 0x7                          rvtest_init+292
x7 <- 0x00000000003FBB6F

clint mtime 0x0000000000000025 (mip.MTI <- 0b1, mip.STI <- 0b0)
mem[X,0x0000000080000128] -> 0x5793
mem[X,0x000000008000012A] -> 0x0393
[74] [M]: 0x0000000080000128 (0x03935793) srli x15, x6, 0x39                        rvtest_init+296
x15 <- 0x0000000000000000

mem[X,0x000000008000012C] -> 0xE3B3
mem[X,0x000000008000012E] -> 0x00F3
[75] [M]: 0x000000008000012C (0x00F3E3B3) or x7, x7, x15                            rvtest_init+300
x7 <- 0x00000000003FBB6F

clint mtime 0x0000000000000026 (mip.MTI <- 0b1, mip.STI <- 0b0)
mem[X,0x0000000080000130] -> 0xD413
mem[X,0x0000000080000132] -> 0x0073
[76] [M]: 0x0000000080000130 (0x0073D413) srli x8, x7, 0x7                          rvtest_init+304
x8 <- 0x0000000000007F76

mem[X,0x0000000080000134] -> 0xD793
mem[X,0x0000000080000136] -> 0x0393
[77] [M]: 0x0000000080000134 (0x0393D793) srli x15, x7, 0x39                        rvtest_init+308
x15 <- 0x0000000000000000

clint mtime 0x0000000000000027 (mip.MTI <- 0b1, mip.STI <- 0b0)
mem[X,0x0000000080000138] -> 0x6433
mem[X,0x000000008000013A] -> 0x00F4
[78] [M]: 0x0000000080000138 (0x00F46433) or x8, x8, x15                            rvtest_init+312
x8 <- 0x0000000000007F76

mem[X,0x000000008000013C] -> 0x5493
mem[X,0x000000008000013E] -> 0x0074
[79] [M]: 0x000000008000013C (0x00745493) srli x9, x8, 0x7                          rvtest_init+316
x9 <- 0x00000000000000FE

clint mtime 0x0000000000000028 (mip.MTI <- 0b1, mip.STI <- 0b0)
mem[X,0x0000000080000140] -> 0x5793
mem[X,0x0000000080000142] -> 0x0394
[80] [M]: 0x0000000080000140 (0x03945793) srli x15, x8, 0x39                        rvtest_init+320
x15 <- 0x0000000000000000

mem[X,0x0000000080000144] -> 0xE4B3
mem[X,0x0000000080000146] -> 0x00F4
[81] [M]: 0x0000000080000144 (0x00F4E4B3) or x9, x9, x15                            rvtest_init+324
x9 <- 0x00000000000000FE

clint mtime 0x0000000000000029 (mip.MTI <- 0b1, mip.STI <- 0b0)
mem[X,0x0000000080000148] -> 0xD513
mem[X,0x000000008000014A] -> 0x0074
[82] [M]: 0x0000000080000148 (0x0074D513) srli x10, x9, 0x7                         rvtest_init+328
x10 <- 0x0000000000000001

mem[X,0x000000008000014C] -> 0xD793
mem[X,0x000000008000014E] -> 0x0394
[83] [M]: 0x000000008000014C (0x0394D793) srli x15, x9, 0x39                        rvtest_init+332
x15 <- 0x0000000000000000

clint mtime 0x000000000000002A (mip.MTI <- 0b1, mip.STI <- 0b0)
mem[X,0x0000000080000150] -> 0x6533
mem[X,0x0000000080000152] -> 0x00F5
[84] [M]: 0x0000000080000150 (0x00F56533) or x10, x10, x15                          rvtest_init+336
x10 <- 0x0000000000000001

mem[X,0x0000000080000154] -> 0x5593
mem[X,0x0000000080000156] -> 0x0075
[85] [M]: 0x0000000080000154 (0x00755593) srli x11, x10, 0x7                        rvtest_init+340
x11 <- 0x0000000000000000

clint mtime 0x000000000000002B (mip.MTI <- 0b1, mip.STI <- 0b0)
mem[X,0x0000000080000158] -> 0x5793
mem[X,0x000000008000015A] -> 0x0395
[86] [M]: 0x0000000080000158 (0x03955793) srli x15, x10, 0x39                       rvtest_init+344
x15 <- 0x0000000000000000

mem[X,0x000000008000015C] -> 0xE5B3
mem[X,0x000000008000015E] -> 0x00F5
[87] [M]: 0x000000008000015C (0x00F5E5B3) or x11, x11, x15                          rvtest_init+348
x11 <- 0x0000000000000000

clint mtime 0x000000000000002C (mip.MTI <- 0b1, mip.STI <- 0b0)
mem[X,0x0000000080000160] -> 0xD613
mem[X,0x0000000080000162] -> 0x0075
[88] [M]: 0x0000000080000160 (0x0075D613) srli x12, x11, 0x7                        rvtest_init+352
x12 <- 0x0000000000000000

mem[X,0x0000000080000164] -> 0xD793
mem[X,0x0000000080000166] -> 0x0395
[89] [M]: 0x0000000080000164 (0x0395D793) srli x15, x11, 0x39                       rvtest_init+356
x15 <- 0x0000000000000000

clint mtime 0x000000000000002D (mip.MTI <- 0b1, mip.STI <- 0b0)
mem[X,0x0000000080000168] -> 0x6633
mem[X,0x000000008000016A] -> 0x00F6
[90] [M]: 0x0000000080000168 (0x00F66633) or x12, x12, x15                          rvtest_init+360
x12 <- 0x0000000000000000

mem[X,0x000000008000016C] -> 0x5693
mem[X,0x000000008000016E] -> 0x0076
[91] [M]: 0x000000008000016C (0x00765693) srli x13, x12, 0x7                        rvtest_init+364
x13 <- 0x0000000000000000

clint mtime 0x000000000000002E (mip.MTI <- 0b1, mip.STI <- 0b0)
mem[X,0x0000000080000170] -> 0x5793
mem[X,0x0000000080000172] -> 0x0396
[92] [M]: 0x0000000080000170 (0x03965793) srli x15, x12, 0x39                       rvtest_init+368
x15 <- 0x0000000000000000

mem[X,0x0000000080000174] -> 0xE6B3
mem[X,0x0000000080000176] -> 0x00F6
[93] [M]: 0x0000000080000174 (0x00F6E6B3) or x13, x13, x15                          rvtest_init+372
x13 <- 0x0000000000000000

clint mtime 0x000000000000002F (mip.MTI <- 0b1, mip.STI <- 0b0)
mem[X,0x0000000080000178] -> 0x0013
mem[X,0x000000008000017A] -> 0x0000
[94] [M]: 0x0000000080000178 (0x00000013) addi x0, x0, 0x0                          rvtest_code_begin+0

mem[X,0x000000008000017C] -> 0x0013
mem[X,0x000000008000017E] -> 0x0000
[95] [M]: 0x000000008000017C (0x00000013) addi x0, x0, 0x0                          rvtest_code_begin+4

clint mtime 0x0000000000000030 (mip.MTI <- 0b1, mip.STI <- 0b0)
mem[X,0x0000000080000180] -> 0x7A17
mem[X,0x0000000080000182] -> 0x0000
[96] [M]: 0x0000000080000180 (0x00007A17) auipc x20, 0x7                            rvtest_code_begin+8
x20 <- 0x0000000080007180

mem[X,0x0000000080000184] -> 0x0A13
mem[X,0x0000000080000186] -> 0xF98A
[97] [M]: 0x0000000080000184 (0xF98A0A13) addi x20, x20, -0x68                      rvtest_code_begin+12
x20 <- 0x0000000080007118

clint mtime 0x0000000000000031 (mip.MTI <- 0b1, mip.STI <- 0b0)
mem[X,0x0000000080000188] -> 0x0013
mem[X,0x000000008000018A] -> 0x0000
[98] [M]: 0x0000000080000188 (0x00000013) addi x0, x0, 0x0                          rvtest_code_begin+16

mem[X,0x000000008000018C] -> 0x0013
mem[X,0x000000008000018E] -> 0x0000
[99] [M]: 0x000000008000018C (0x00000013) addi x0, x0, 0x0                          rvtest_code_begin+20

clint mtime 0x0000000000000032 (mip.MTI <- 0b1, mip.STI <- 0b0)
mem[X,0x0000000080000190] -> 0x0013
mem[X,0x0000000080000192] -> 0x0000
[100] [M]: 0x0000000080000190 (0x00000013) addi x0, x0, 0x0                         rvtest_code_begin+24

mem[X,0x0000000080000194] -> 0x0013
mem[X,0x0000000080000196] -> 0x0000
[101] [M]: 0x0000000080000194 (0x00000013) addi x0, x0, 0x0                         rvtest_code_begin+28

clint mtime 0x0000000000000033 (mip.MTI <- 0b1, mip.STI <- 0b0)
mem[X,0x0000000080000198] -> 0x0013
mem[X,0x000000008000019A] -> 0x0000
[102] [M]: 0x0000000080000198 (0x00000013) addi x0, x0, 0x0                         rvtest_code_begin+32

mem[X,0x000000008000019C] -> 0x0013
mem[X,0x000000008000019E] -> 0x0000
[103] [M]: 0x000000008000019C (0x00000013) addi x0, x0, 0x0                         rvtest_code_begin+36

clint mtime 0x0000000000000034 (mip.MTI <- 0b1, mip.STI <- 0b0)
mem[X,0x00000000800001A0] -> 0x0913
mem[X,0x00000000800001A2] -> 0x0010
[104] [M]: 0x00000000800001A0 (0x00100913) addi x18, x0, 0x1                        inst_0+0
x18 <- 0x0000000000000001

mem[X,0x00000000800001A4] -> 0x1913
mem[X,0x00000000800001A6] -> 0x0299
[105] [M]: 0x00000000800001A4 (0x02991913) slli x18, x18, 0x29                      inst_0+4
x18 <- 0x0000020000000000

clint mtime 0x0000000000000035 (mip.MTI <- 0b1, mip.STI <- 0b0)
mem[X,0x00000000800001A8] -> 0x4913
mem[X,0x00000000800001AA] -> 0xFFF9
[106] [M]: 0x00000000800001A8 (0xFFF94913) xori x18, x18, -0x1                      inst_0+8
x18 <- 0xFFFFFDFFFFFFFFFF

mem[X,0x00000000800001AC] -> 0x2913
mem[X,0x00000000800001AE] -> 0x8009
[107] [M]: 0x00000000800001AC (0x80092913) slti x18, x18, -0x800                    inst_0+12
x18 <- 0x0000000000000001

clint mtime 0x0000000000000036 (mip.MTI <- 0b1, mip.STI <- 0b0)
mem[X,0x00000000800001B0] -> 0x3023
mem[X,0x00000000800001B2] -> 0x012A
[108] [M]: 0x00000000800001B0 (0x012A3023) sd x18, 0x0(x20)                         inst_0+16
mem[W,0x0000000080007118] <- 0x0000000000000001

mem[X,0x00000000800001B4] -> 0x0113
mem[X,0x00000000800001B6] -> 0xFFE0
[109] [M]: 0x00000000800001B4 (0xFFE00113) addi x2, x0, -0x2                        inst_1+0
x2 <- 0xFFFFFFFFFFFFFFFE

clint mtime 0x0000000000000037 (mip.MTI <- 0b1, mip.STI <- 0b0)
mem[X,0x00000000800001B8] -> 0x2B93
mem[X,0x00000000800001BA] -> 0x0001
[110] [M]: 0x00000000800001B8 (0x00012B93) slti x23, x2, 0x0                        inst_1+4
x23 <- 0x0000000000000001

mem[X,0x00000000800001BC] -> 0x3423
mem[X,0x00000000800001BE] -> 0x017A
[111] [M]: 0x00000000800001BC (0x017A3423) sd x23, 0x8(x20)                         inst_1+8
mem[W,0x0000000080007120] <- 0x0000000000000001

clint mtime 0x0000000000000038 (mip.MTI <- 0b1, mip.STI <- 0b0)
mem[X,0x00000000800001C0] -> 0x0393
mem[X,0x00000000800001C2] -> 0x0010
[112] [M]: 0x00000000800001C0 (0x00100393) addi x7, x0, 0x1                         inst_2+0
x7 <- 0x0000000000000001

mem[X,0x00000000800001C4] -> 0x9393
mem[X,0x00000000800001C6] -> 0x03B3
[113] [M]: 0x00000000800001C4 (0x03B39393) slli x7, x7, 0x3b                        inst_2+4
x7 <- 0x0800000000000000

clint mtime 0x0000000000000039 (mip.MTI <- 0b1, mip.STI <- 0b0)
mem[X,0x00000000800001C8] -> 0xC393
mem[X,0x00000000800001CA] -> 0xFFF3
[114] [M]: 0x00000000800001C8 (0xFFF3C393) xori x7, x7, -0x1                        inst_2+8
x7 <- 0xF7FFFFFFFFFFFFFF

mem[X,0x00000000800001CC] -> 0xA313
mem[X,0x00000000800001CE] -> 0x7FF3
[115] [M]: 0x00000000800001CC (0x7FF3A313) slti x6, x7, 0x7ff                       inst_2+12
x6 <- 0x0000000000000001

clint mtime 0x000000000000003A (mip.MTI <- 0b1, mip.STI <- 0b0)
mem[X,0x00000000800001D0] -> 0x3823
mem[X,0x00000000800001D2] -> 0x006A
[116] [M]: 0x00000000800001D0 (0x006A3823) sd x6, 0x10(x20)                         inst_2+16
mem[W,0x0000000080007128] <- 0x0000000000000001

mem[X,0x00000000800001D4] -> 0x0293
mem[X,0x00000000800001D6] -> 0x0010
[117] [M]: 0x00000000800001D4 (0x00100293) addi x5, x0, 0x1                         inst_3+0
x5 <- 0x0000000000000001

clint mtime 0x000000000000003B (mip.MTI <- 0b1, mip.STI <- 0b0)
mem[X,0x00000000800001D8] -> 0x9293
mem[X,0x00000000800001DA] -> 0x02A2
[118] [M]: 0x00000000800001D8 (0x02A29293) slli x5, x5, 0x2a                        inst_3+4
x5 <- 0x0000040000000000

mem[X,0x00000000800001DC] -> 0xA593
mem[X,0x00000000800001DE] -> 0x0012
[119] [M]: 0x00000000800001DC (0x0012A593) slti x11, x5, 0x1                        inst_3+8
x11 <- 0x0000000000000000

clint mtime 0x000000000000003C (mip.MTI <- 0b1, mip.STI <- 0b0)
mem[X,0x00000000800001E0] -> 0x3C23
mem[X,0x00000000800001E2] -> 0x00BA
[120] [M]: 0x00000000800001E0 (0x00BA3C23) sd x11, 0x18(x20)                        inst_3+12
mem[W,0x0000000080007130] <- 0x0000000000000000

mem[X,0x00000000800001E4] -> 0x0513
mem[X,0x00000000800001E6] -> 0xFFF0
[121] [M]: 0x00000000800001E4 (0xFFF00513) addi x10, x0, -0x1                       inst_4+0
x10 <- 0xFFFFFFFFFFFFFFFF

clint mtime 0x000000000000003D (mip.MTI <- 0b1, mip.STI <- 0b0)
mem[X,0x00000000800001E8] -> 0x1513
mem[X,0x00000000800001EA] -> 0x03F5
[122] [M]: 0x00000000800001E8 (0x03F51513) slli x10, x10, 0x3f                      inst_4+4
x10 <- 0x8000000000000000

mem[X,0x00000000800001EC] -> 0x2D13
mem[X,0x00000000800001EE] -> 0xFF95
[123] [M]: 0x00000000800001EC (0xFF952D13) slti x26, x10, -0x7                      inst_4+8
x26 <- 0x0000000000000001

clint mtime 0x000000000000003E (mip.MTI <- 0b1, mip.STI <- 0b0)
mem[X,0x00000000800001F0] -> 0x3023
mem[X,0x00000000800001F2] -> 0x03AA
[124] [M]: 0x00000000800001F0 (0x03AA3023) sd x26, 0x20(x20)                        inst_4+12
mem[W,0x0000000080007138] <- 0x0000000000000001

mem[X,0x00000000800001F4] -> 0x0793
mem[X,0x00000000800001F6] -> 0x0000
[125] [M]: 0x00000000800001F4 (0x00000793) addi x15, x0, 0x0                        inst_5+0
x15 <- 0x0000000000000000

clint mtime 0x000000000000003F (mip.MTI <- 0b1, mip.STI <- 0b0)
mem[X,0x00000000800001F8] -> 0xA893
mem[X,0x00000000800001FA] -> 0xFBF7
[126] [M]: 0x00000000800001F8 (0xFBF7A893) slti x17, x15, -0x41                     inst_5+4
x17 <- 0x0000000000000000

mem[X,0x00000000800001FC] -> 0x3423
mem[X,0x00000000800001FE] -> 0x031A
[127] [M]: 0x00000000800001FC (0x031A3423) sd x17, 0x28(x20)                        inst_5+8
mem[W,0x0000000080007140] <- 0x0000000000000000

clint mtime 0x0000000000000040 (mip.MTI <- 0b1, mip.STI <- 0b0)
mem[X,0x0000000080000200] -> 0x0013
mem[X,0x0000000080000202] -> 0x0000
[128] [M]: 0x0000000080000200 (0x00000013) addi x0, x0, 0x0                         inst_6+0

mem[X,0x0000000080000204] -> 0x2293
mem[X,0x0000000080000206] -> 0x0000
[129] [M]: 0x0000000080000204 (0x00002293) slti x5, x0, 0x0                         inst_6+4
x5 <- 0x0000000000000000

clint mtime 0x0000000000000041 (mip.MTI <- 0b1, mip.STI <- 0b0)
mem[X,0x0000000080000208] -> 0x3823
mem[X,0x000000008000020A] -> 0x025A
[130] [M]: 0x0000000080000208 (0x025A3823) sd x5, 0x30(x20)                         inst_6+8
mem[W,0x0000000080007148] <- 0x0000000000000000

mem[X,0x000000008000020C] -> 0x0493
mem[X,0x000000008000020E] -> 0x0010
[131] [M]: 0x000000008000020C (0x00100493) addi x9, x0, 0x1                         inst_7+0
x9 <- 0x0000000000000001

clint mtime 0x0000000000000042 (mip.MTI <- 0b1, mip.STI <- 0b0)
mem[X,0x0000000080000210] -> 0xAE93
mem[X,0x0000000080000212] -> 0x0024
[132] [M]: 0x0000000080000210 (0x0024AE93) slti x29, x9, 0x2                        inst_7+4
x29 <- 0x0000000000000001

mem[X,0x0000000080000214] -> 0x3C23
mem[X,0x0000000080000216] -> 0x03DA
[133] [M]: 0x0000000080000214 (0x03DA3C23) sd x29, 0x38(x20)                        inst_7+8
mem[W,0x0000000080007150] <- 0x0000000000000001

clint mtime 0x0000000000000043 (mip.MTI <- 0b1, mip.STI <- 0b0)
mem[X,0x0000000080000218] -> 0x0C13
mem[X,0x000000008000021A] -> 0x0000
[134] [M]: 0x0000000080000218 (0x00000C13) addi x24, x0, 0x0                        inst_8+0
x24 <- 0x0000000000000000

mem[X,0x000000008000021C] -> 0x2813
mem[X,0x000000008000021E] -> 0x000C
[135] [M]: 0x000000008000021C (0x000C2813) slti x16, x24, 0x0                       inst_8+4
x16 <- 0x0000000000000000

clint mtime 0x0000000000000044 (mip.MTI <- 0b1, mip.STI <- 0b0)
mem[X,0x0000000080000220] -> 0x3023
mem[X,0x0000000080000222] -> 0x050A
[136] [M]: 0x0000000080000220 (0x050A3023) sd x16, 0x40(x20)                        inst_8+8
mem[W,0x0000000080007158] <- 0x0000000000000000

mem[X,0x0000000080000224] -> 0x0093
mem[X,0x0000000080000226] -> 0x0010
[137] [M]: 0x0000000080000224 (0x00100093) addi x1, x0, 0x1                         inst_9+0
x1 <- 0x0000000000000001

clint mtime 0x0000000000000045 (mip.MTI <- 0b1, mip.STI <- 0b0)
mem[X,0x0000000080000228] -> 0x9093
mem[X,0x000000008000022A] -> 0x01E0
[138] [M]: 0x0000000080000228 (0x01E09093) slli x1, x1, 0x1e                        inst_9+4
x1 <- 0x0000000040000000

mem[X,0x000000008000022C] -> 0xA793
mem[X,0x000000008000022E] -> 0xEFF0
[139] [M]: 0x000000008000022C (0xEFF0A793) slti x15, x1, -0x101                     inst_9+8
x15 <- 0x0000000000000000

clint mtime 0x0000000000000046 (mip.MTI <- 0b1, mip.STI <- 0b0)
mem[X,0x0000000080000230] -> 0x3423
mem[X,0x0000000080000232] -> 0x04FA
[140] [M]: 0x0000000080000230 (0x04FA3423) sd x15, 0x48(x20)                        inst_9+12
mem[W,0x0000000080007160] <- 0x0000000000000000

mem[X,0x0000000080000234] -> 0xBE37
mem[X,0x0000000080000236] -> 0xAAAA
[141] [M]: 0x0000000080000234 (0xAAAABE37) lui x28, -0x55555                        inst_10+0
x28 <- 0xFFFFFFFFAAAAB000

clint mtime 0x0000000000000047 (mip.MTI <- 0b1, mip.STI <- 0b0)
mem[X,0x0000000080000238] -> 0x0E13
mem[X,0x000000008000023A] -> 0xAAAE
[142] [M]: 0x0000000080000238 (0xAAAE0E13) addi x28, x28, -0x556                    inst_10+4
x28 <- 0xFFFFFFFFAAAAAAAA

mem[X,0x000000008000023C] -> 0x1E13
mem[X,0x000000008000023E] -> 0x00BE
[143] [M]: 0x000000008000023C (0x00BE1E13) slli x28, x28, 0xb                       inst_10+8
x28 <- 0xFFFFFD5555555000

clint mtime 0x0000000000000048 (mip.MTI <- 0b1, mip.STI <- 0b0)
mem[X,0x0000000080000240] -> 0x0E13
mem[X,0x0000000080000242] -> 0x555E
[144] [M]: 0x0000000080000240 (0x555E0E13) addi x28, x28, 0x555                     inst_10+12
x28 <- 0xFFFFFD5555555555

mem[X,0x0000000080000244] -> 0x1E13
mem[X,0x0000000080000246] -> 0x00BE
[145] [M]: 0x0000000080000244 (0x00BE1E13) slli x28, x28, 0xb                       inst_10+16
x28 <- 0xFFEAAAAAAAAAA800

clint mtime 0x0000000000000049 (mip.MTI <- 0b1, mip.STI <- 0b0)
mem[X,0x0000000080000248] -> 0x0E13
mem[X,0x000000008000024A] -> 0x2AAE
[146] [M]: 0x0000000080000248 (0x2AAE0E13) addi x28, x28, 0x2aa                     inst_10+20
x28 <- 0xFFEAAAAAAAAAAAAA

mem[X,0x000000008000024C] -> 0x1E13
mem[X,0x000000008000024E] -> 0x00AE
[147] [M]: 0x000000008000024C (0x00AE1E13) slli x28, x28, 0xa                       inst_10+24
x28 <- 0xAAAAAAAAAAAAA800

clint mtime 0x000000000000004A (mip.MTI <- 0b1, mip.STI <- 0b0)
mem[X,0x0000000080000250] -> 0x0E13
mem[X,0x0000000080000252] -> 0x2AAE
[148] [M]: 0x0000000080000250 (0x2AAE0E13) addi x28, x28, 0x2aa                     inst_10+28
x28 <- 0xAAAAAAAAAAAAAAAA

mem[X,0x0000000080000254] -> 0x2613
mem[X,0x0000000080000256] -> 0x004E
[149] [M]: 0x0000000080000254 (0x004E2613) slti x12, x28, 0x4                       inst_10+32
x12 <- 0x0000000000000001

clint mtime 0x000000000000004B (mip.MTI <- 0b1, mip.STI <- 0b0)
mem[X,0x0000000080000258] -> 0x3823
mem[X,0x000000008000025A] -> 0x04CA
[150] [M]: 0x0000000080000258 (0x04CA3823) sd x12, 0x50(x20)                        inst_10+36
mem[W,0x0000000080007168] <- 0x0000000000000001

mem[X,0x000000008000025C] -> 0x0D13
mem[X,0x000000008000025E] -> 0x0010
[151] [M]: 0x000000008000025C (0x00100D13) addi x26, x0, 0x1                        inst_11+0
x26 <- 0x0000000000000001

clint mtime 0x000000000000004C (mip.MTI <- 0b1, mip.STI <- 0b0)
mem[X,0x0000000080000260] -> 0x1D13
mem[X,0x0000000080000262] -> 0x025D
[152] [M]: 0x0000000080000260 (0x025D1D13) slli x26, x26, 0x25                      inst_11+4
x26 <- 0x0000002000000000

mem[X,0x0000000080000264] -> 0x2F93
mem[X,0x0000000080000266] -> 0x008D
[153] [M]: 0x0000000080000264 (0x008D2F93) slti x31, x26, 0x8                       inst_11+8
x31 <- 0x0000000000000000

clint mtime 0x000000000000004D (mip.MTI <- 0b1, mip.STI <- 0b0)
mem[X,0x0000000080000268] -> 0x3C23
mem[X,0x000000008000026A] -> 0x05FA
[154] [M]: 0x0000000080000268 (0x05FA3C23) sd x31, 0x58(x20)                        inst_11+12
mem[W,0x0000000080007170] <- 0x0000000000000000

mem[X,0x000000008000026C] -> 0x0193
mem[X,0x000000008000026E] -> 0x0010
[155] [M]: 0x000000008000026C (0x00100193) addi x3, x0, 0x1                         inst_12+0
x3 <- 0x0000000000000001

clint mtime 0x000000000000004E (mip.MTI <- 0b1, mip.STI <- 0b0)
mem[X,0x0000000080000270] -> 0x9193
mem[X,0x0000000080000272] -> 0x0271
[156] [M]: 0x0000000080000270 (0x02719193) slli x3, x3, 0x27                        inst_12+4
x3 <- 0x0000008000000000

mem[X,0x0000000080000274] -> 0xAC93
mem[X,0x0000000080000276] -> 0x0101
[157] [M]: 0x0000000080000274 (0x0101AC93) slti x25, x3, 0x10                       inst_12+8
x25 <- 0x0000000000000000

clint mtime 0x000000000000004F (mip.MTI <- 0b1, mip.STI <- 0b0)
mem[X,0x0000000080000278] -> 0x3023
mem[X,0x000000008000027A] -> 0x079A
[158] [M]: 0x0000000080000278 (0x079A3023) sd x25, 0x60(x20)                        inst_12+12
mem[W,0x0000000080007178] <- 0x0000000000000000

mem[X,0x000000008000027C] -> 0x0C93
mem[X,0x000000008000027E] -> 0x0010
[159] [M]: 0x000000008000027C (0x00100C93) addi x25, x0, 0x1                        inst_13+0
x25 <- 0x0000000000000001

clint mtime 0x0000000000000050 (mip.MTI <- 0b1, mip.STI <- 0b0)
mem[X,0x0000000080000280] -> 0x9C93
mem[X,0x0000000080000282] -> 0x03CC
[160] [M]: 0x0000000080000280 (0x03CC9C93) slli x25, x25, 0x3c                      inst_13+4
x25 <- 0x1000000000000000

mem[X,0x0000000080000284] -> 0xCC93
mem[X,0x0000000080000286] -> 0xFFFC
[161] [M]: 0x0000000080000284 (0xFFFCCC93) xori x25, x25, -0x1                      inst_13+8
x25 <- 0xEFFFFFFFFFFFFFFF

clint mtime 0x0000000000000051 (mip.MTI <- 0b1, mip.STI <- 0b0)
mem[X,0x0000000080000288] -> 0xAE13
mem[X,0x000000008000028A] -> 0x020C
[162] [M]: 0x0000000080000288 (0x020CAE13) slti x28, x25, 0x20                      inst_13+12
x28 <- 0x0000000000000001

mem[X,0x000000008000028C] -> 0x3423
mem[X,0x000000008000028E] -> 0x07CA
[163] [M]: 0x000000008000028C (0x07CA3423) sd x28, 0x68(x20)                        inst_13+16
mem[W,0x0000000080007180] <- 0x0000000000000001

clint mtime 0x0000000000000052 (mip.MTI <- 0b1, mip.STI <- 0b0)
mem[X,0x0000000080000290] -> 0x0813
mem[X,0x0000000080000292] -> 0x0010
[164] [M]: 0x0000000080000290 (0x00100813) addi x16, x0, 0x1                        inst_14+0
x16 <- 0x0000000000000001

mem[X,0x0000000080000294] -> 0x1813
mem[X,0x0000000080000296] -> 0x0328
[165] [M]: 0x0000000080000294 (0x03281813) slli x16, x16, 0x32                      inst_14+4
x16 <- 0x0004000000000000

clint mtime 0x0000000000000053 (mip.MTI <- 0b1, mip.STI <- 0b0)
mem[X,0x0000000080000298] -> 0x2113
mem[X,0x000000008000029A] -> 0x0408
[166] [M]: 0x0000000080000298 (0x04082113) slti x2, x16, 0x40                       inst_14+8
x2 <- 0x0000000000000000

mem[X,0x000000008000029C] -> 0x3823
mem[X,0x000000008000029E] -> 0x062A
[167] [M]: 0x000000008000029C (0x062A3823) sd x2, 0x70(x20)                         inst_14+12
mem[W,0x0000000080007188] <- 0x0000000000000000

clint mtime 0x0000000000000054 (mip.MTI <- 0b1, mip.STI <- 0b0)
mem[X,0x00000000800002A0] -> 0x5337
mem[X,0x00000000800002A2] -> 0x5555
[168] [M]: 0x00000000800002A0 (0x55555337) lui x6, 0x55555                          inst_15+0
x6 <- 0x0000000055555000

mem[X,0x00000000800002A4] -> 0x0313
mem[X,0x00000000800002A6] -> 0x5553
[169] [M]: 0x00000000800002A4 (0x55530313) addi x6, x6, 0x555                       inst_15+4
x6 <- 0x0000000055555555

clint mtime 0x0000000000000055 (mip.MTI <- 0b1, mip.STI <- 0b0)
mem[X,0x00000000800002A8] -> 0x1313
mem[X,0x00000000800002AA] -> 0x00B3
[170] [M]: 0x00000000800002A8 (0x00B31313) slli x6, x6, 0xb                         inst_15+8
x6 <- 0x000002AAAAAAA800

mem[X,0x00000000800002AC] -> 0x0313
mem[X,0x00000000800002AE] -> 0x2AA3
[171] [M]: 0x00000000800002AC (0x2AA30313) addi x6, x6, 0x2aa                       inst_15+12
x6 <- 0x000002AAAAAAAAAA

clint mtime 0x0000000000000056 (mip.MTI <- 0b1, mip.STI <- 0b0)
mem[X,0x00000000800002B0] -> 0x1313
mem[X,0x00000000800002B2] -> 0x00B3
[172] [M]: 0x00000000800002B0 (0x00B31313) slli x6, x6, 0xb                         inst_15+16
x6 <- 0x0015555555555000

mem[X,0x00000000800002B4] -> 0x0313
mem[X,0x00000000800002B6] -> 0x5553
[173] [M]: 0x00000000800002B4 (0x55530313) addi x6, x6, 0x555                       inst_15+20
x6 <- 0x0015555555555555

clint mtime 0x0000000000000057 (mip.MTI <- 0b1, mip.STI <- 0b0)
mem[X,0x00000000800002B8] -> 0x1313
mem[X,0x00000000800002BA] -> 0x00A3
[174] [M]: 0x00000000800002B8 (0x00A31313) slli x6, x6, 0xa                         inst_15+24
x6 <- 0x5555555555555400

mem[X,0x00000000800002BC] -> 0x0313
mem[X,0x00000000800002BE] -> 0x1563
[175] [M]: 0x00000000800002BC (0x15630313) addi x6, x6, 0x156                       inst_15+28
x6 <- 0x5555555555555556

clint mtime 0x0000000000000058 (mip.MTI <- 0b1, mip.STI <- 0b0)
mem[X,0x00000000800002C0] -> 0x2213
mem[X,0x00000000800002C2] -> 0x0803
[176] [M]: 0x00000000800002C0 (0x08032213) slti x4, x6, 0x80                        inst_15+32
x4 <- 0x0000000000000000

mem[X,0x00000000800002C4] -> 0x3C23
mem[X,0x00000000800002C6] -> 0x064A
[177] [M]: 0x00000000800002C4 (0x064A3C23) sd x4, 0x78(x20)                         inst_15+36
mem[W,0x0000000080007190] <- 0x0000000000000000

clint mtime 0x0000000000000059 (mip.MTI <- 0b1, mip.STI <- 0b0)
mem[X,0x00000000800002C8] -> 0x0693
mem[X,0x00000000800002CA] -> 0x0010
[178] [M]: 0x00000000800002C8 (0x00100693) addi x13, x0, 0x1                        inst_16+0
x13 <- 0x0000000000000001

mem[X,0x00000000800002CC] -> 0x9693
mem[X,0x00000000800002CE] -> 0x0316
[179] [M]: 0x00000000800002CC (0x03169693) slli x13, x13, 0x31                      inst_16+4
x13 <- 0x0002000000000000

clint mtime 0x000000000000005A (mip.MTI <- 0b1, mip.STI <- 0b0)
mem[X,0x00000000800002D0] -> 0xA493
mem[X,0x00000000800002D2] -> 0x1006
[180] [M]: 0x00000000800002D0 (0x1006A493) slti x9, x13, 0x100                      inst_16+8
x9 <- 0x0000000000000000

mem[X,0x00000000800002D4] -> 0x3023
mem[X,0x00000000800002D6] -> 0x089A
[181] [M]: 0x00000000800002D4 (0x089A3023) sd x9, 0x80(x20)                         inst_16+12
mem[W,0x0000000080007198] <- 0x0000000000000000

clint mtime 0x000000000000005B (mip.MTI <- 0b1, mip.STI <- 0b0)
mem[X,0x00000000800002D8] -> 0x0D93
mem[X,0x00000000800002DA] -> 0x0010
[182] [M]: 0x00000000800002D8 (0x00100D93) addi x27, x0, 0x1                        inst_17+0
x27 <- 0x0000000000000001

mem[X,0x00000000800002DC] -> 0x9D93
mem[X,0x00000000800002DE] -> 0x00ED
[183] [M]: 0x00000000800002DC (0x00ED9D93) slli x27, x27, 0xe                       inst_17+4
x27 <- 0x0000000000004000

clint mtime 0x000000000000005C (mip.MTI <- 0b1, mip.STI <- 0b0)
mem[X,0x00000000800002E0] -> 0xCD93
mem[X,0x00000000800002E2] -> 0xFFFD
[184] [M]: 0x00000000800002E0 (0xFFFDCD93) xori x27, x27, -0x1                      inst_17+8
x27 <- 0xFFFFFFFFFFFFBFFF

mem[X,0x00000000800002E4] -> 0xA513
mem[X,0x00000000800002E6] -> 0x200D
[185] [M]: 0x00000000800002E4 (0x200DA513) slti x10, x27, 0x200                     inst_17+12
x10 <- 0x0000000000000001

clint mtime 0x000000000000005D (mip.MTI <- 0b1, mip.STI <- 0b0)
mem[X,0x00000000800002E8] -> 0x3423
mem[X,0x00000000800002EA] -> 0x08AA
[186] [M]: 0x00000000800002E8 (0x08AA3423) sd x10, 0x88(x20)                        inst_17+16
mem[W,0x00000000800071A0] <- 0x0000000000000001

mem[X,0x00000000800002EC] -> 0x0A93
mem[X,0x00000000800002EE] -> 0x0010
[187] [M]: 0x00000000800002EC (0x00100A93) addi x21, x0, 0x1                        inst_18+0
x21 <- 0x0000000000000001

clint mtime 0x000000000000005E (mip.MTI <- 0b1, mip.STI <- 0b0)
mem[X,0x00000000800002F0] -> 0x9A93
mem[X,0x00000000800002F2] -> 0x017A
[188] [M]: 0x00000000800002F0 (0x017A9A93) slli x21, x21, 0x17                      inst_18+4
x21 <- 0x0000000000800000

mem[X,0x00000000800002F4] -> 0xA713
mem[X,0x00000000800002F6] -> 0x400A
[189] [M]: 0x00000000800002F4 (0x400AA713) slti x14, x21, 0x400                     inst_18+8
x14 <- 0x0000000000000000

clint mtime 0x000000000000005F (mip.MTI <- 0b1, mip.STI <- 0b0)
mem[X,0x00000000800002F8] -> 0x3823
mem[X,0x00000000800002FA] -> 0x08EA
[190] [M]: 0x00000000800002F8 (0x08EA3823) sd x14, 0x90(x20)                        inst_18+12
mem[W,0x00000000800071A8] <- 0x0000000000000000

mem[X,0x00000000800002FC] -> 0x0413
mem[X,0x00000000800002FE] -> 0x0070
[191] [M]: 0x00000000800002FC (0x00700413) addi x8, x0, 0x7                         inst_19+0
x8 <- 0x0000000000000007

clint mtime 0x0000000000000060 (mip.MTI <- 0b1, mip.STI <- 0b0)
mem[X,0x0000000080000300] -> 0x2C13
mem[X,0x0000000080000302] -> 0xFFE4
[192] [M]: 0x0000000080000300 (0xFFE42C13) slti x24, x8, -0x2                       inst_19+4
x24 <- 0x0000000000000000

mem[X,0x0000000080000304] -> 0x3C23
mem[X,0x0000000080000306] -> 0x098A
[193] [M]: 0x0000000080000304 (0x098A3C23) sd x24, 0x98(x20)                        inst_19+8
mem[W,0x00000000800071B0] <- 0x0000000000000000

clint mtime 0x0000000000000061 (mip.MTI <- 0b1, mip.STI <- 0b0)
mem[X,0x0000000080000308] -> 0x0E93
mem[X,0x000000008000030A] -> 0x0010
[194] [M]: 0x0000000080000308 (0x00100E93) addi x29, x0, 0x1                        inst_20+0
x29 <- 0x0000000000000001

mem[X,0x000000008000030C] -> 0x9E93
mem[X,0x000000008000030E] -> 0x01EE
[195] [M]: 0x000000008000030C (0x01EE9E93) slli x29, x29, 0x1e                      inst_20+4
x29 <- 0x0000000040000000

clint mtime 0x0000000000000062 (mip.MTI <- 0b1, mip.STI <- 0b0)
mem[X,0x0000000080000310] -> 0xCE93
mem[X,0x0000000080000312] -> 0xFFFE
[196] [M]: 0x0000000080000310 (0xFFFECE93) xori x29, x29, -0x1                      inst_20+8
x29 <- 0xFFFFFFFFBFFFFFFF

mem[X,0x0000000080000314] -> 0xAD93
mem[X,0x0000000080000316] -> 0xFFDE
[197] [M]: 0x0000000080000314 (0xFFDEAD93) slti x27, x29, -0x3                      inst_20+12
x27 <- 0x0000000000000001

clint mtime 0x0000000000000063 (mip.MTI <- 0b1, mip.STI <- 0b0)
mem[X,0x0000000080000318] -> 0x3023
mem[X,0x000000008000031A] -> 0x0BBA
[198] [M]: 0x0000000080000318 (0x0BBA3023) sd x27, 0xa0(x20)                        inst_20+16
mem[W,0x00000000800071B8] <- 0x0000000000000001

mem[X,0x000000008000031C] -> 0x0213
mem[X,0x000000008000031E] -> 0x0010
[199] [M]: 0x000000008000031C (0x00100213) addi x4, x0, 0x1                         inst_21+0
x4 <- 0x0000000000000001

clint mtime 0x0000000000000064 (mip.MTI <- 0b1, mip.STI <- 0b0)
mem[X,0x0000000080000320] -> 0x1213
mem[X,0x0000000080000322] -> 0x0372
[200] [M]: 0x0000000080000320 (0x03721213) slli x4, x4, 0x37                        inst_21+4
x4 <- 0x0080000000000000

mem[X,0x0000000080000324] -> 0x2993
mem[X,0x0000000080000326] -> 0xFFB2
[201] [M]: 0x0000000080000324 (0xFFB22993) slti x19, x4, -0x5                       inst_21+8
x19 <- 0x0000000000000000

clint mtime 0x0000000000000065 (mip.MTI <- 0b1, mip.STI <- 0b0)
mem[X,0x0000000080000328] -> 0x3423
mem[X,0x000000008000032A] -> 0x0B3A
[202] [M]: 0x0000000080000328 (0x0B3A3423) sd x19, 0xa8(x20)                        inst_21+12
mem[W,0x00000000800071C0] <- 0x0000000000000000

mem[X,0x000000008000032C] -> 0x0013
mem[X,0x000000008000032E] -> 0x0000
[203] [M]: 0x000000008000032C (0x00000013) addi x0, x0, 0x0                         inst_21+16

clint mtime 0x0000000000000066 (mip.MTI <- 0b1, mip.STI <- 0b0)
mem[X,0x0000000080000330] -> 0x0013
mem[X,0x0000000080000332] -> 0x0000
[204] [M]: 0x0000000080000330 (0x00000013) addi x0, x0, 0x0                         inst_21+20

mem[X,0x0000000080000334] -> 0x0013
mem[X,0x0000000080000336] -> 0x0000
[205] [M]: 0x0000000080000334 (0x00000013) addi x0, x0, 0x0                         inst_21+24

clint mtime 0x0000000000000067 (mip.MTI <- 0b1, mip.STI <- 0b0)
mem[X,0x0000000080000338] -> 0x0013
mem[X,0x000000008000033A] -> 0x0000
[206] [M]: 0x0000000080000338 (0x00000013) addi x0, x0, 0x0                         inst_21+28

mem[X,0x000000008000033C] -> 0x0013
mem[X,0x000000008000033E] -> 0x0000
[207] [M]: 0x000000008000033C (0x00000013) addi x0, x0, 0x0                         inst_21+32

clint mtime 0x0000000000000068 (mip.MTI <- 0b1, mip.STI <- 0b0)
mem[X,0x0000000080000340] -> 0x7117
mem[X,0x0000000080000342] -> 0x0000
[208] [M]: 0x0000000080000340 (0x00007117) auipc x2, 0x7                            inst_21+36
x2 <- 0x0000000080007340

mem[X,0x0000000080000344] -> 0x0113
mem[X,0x0000000080000346] -> 0xE881
[209] [M]: 0x0000000080000344 (0xE8810113) addi x2, x2, -0x178                      inst_21+40
x2 <- 0x00000000800071C8

clint mtime 0x0000000000000069 (mip.MTI <- 0b1, mip.STI <- 0b0)
mem[X,0x0000000080000348] -> 0x0001
[210] [M]: 0x0000000080000348 (0x0001) c.nop                                        inst_21+44

mem[X,0x000000008000034A] -> 0x0013
mem[X,0x000000008000034C] -> 0x0000
[211] [M]: 0x000000008000034A (0x00000013) addi x0, x0, 0x0                         inst_21+46

clint mtime 0x000000000000006A (mip.MTI <- 0b1, mip.STI <- 0b0)
mem[X,0x000000008000034E] -> 0x0013
mem[X,0x0000000080000350] -> 0x0000
[212] [M]: 0x000000008000034E (0x00000013) addi x0, x0, 0x0                         inst_21+50

mem[X,0x0000000080000352] -> 0x0013
mem[X,0x0000000080000354] -> 0x0000
[213] [M]: 0x0000000080000352 (0x00000013) addi x0, x0, 0x0                         inst_21+54

clint mtime 0x000000000000006B (mip.MTI <- 0b1, mip.STI <- 0b0)
mem[X,0x0000000080000356] -> 0x0013
mem[X,0x0000000080000358] -> 0x0000
[214] [M]: 0x0000000080000356 (0x00000013) addi x0, x0, 0x0                         inst_21+58

mem[X,0x000000008000035A] -> 0x0013
mem[X,0x000000008000035C] -> 0x0000
[215] [M]: 0x000000008000035A (0x00000013) addi x0, x0, 0x0                         inst_21+62

clint mtime 0x000000000000006C (mip.MTI <- 0b1, mip.STI <- 0b0)
mem[X,0x000000008000035E] -> 0x0001
[216] [M]: 0x000000008000035E (0x0001) c.nop                                        inst_21+66

mem[X,0x0000000080000360] -> 0x0613
mem[X,0x0000000080000362] -> 0xFF60
[217] [M]: 0x0000000080000360 (0xFF600613) addi x12, x0, -0xa                       inst_22+0
x12 <- 0xFFFFFFFFFFFFFFF6

clint mtime 0x000000000000006D (mip.MTI <- 0b1, mip.STI <- 0b0)
mem[X,0x0000000080000364] -> 0x2013
mem[X,0x0000000080000366] -> 0xFF76
[218] [M]: 0x0000000080000364 (0xFF762013) slti x0, x12, -0x9                       inst_22+4

mem[X,0x0000000080000368] -> 0x3023
mem[X,0x000000008000036A] -> 0x0001
[219] [M]: 0x0000000080000368 (0x00013023) sd x0, 0x0(x2)                           inst_22+8
mem[W,0x00000000800071C8] <- 0x0000000000000000

clint mtime 0x000000000000006E (mip.MTI <- 0b1, mip.STI <- 0b0)
mem[X,0x000000008000036C] -> 0x0B13
mem[X,0x000000008000036E] -> 0x0010
[220] [M]: 0x000000008000036C (0x00100B13) addi x22, x0, 0x1                        inst_23+0
x22 <- 0x0000000000000001

mem[X,0x0000000080000370] -> 0x1B13
mem[X,0x0000000080000372] -> 0x00FB
[221] [M]: 0x0000000080000370 (0x00FB1B13) slli x22, x22, 0xf                       inst_23+4
x22 <- 0x0000000000008000

clint mtime 0x000000000000006F (mip.MTI <- 0b1, mip.STI <- 0b0)
mem[X,0x0000000080000374] -> 0x4B13
mem[X,0x0000000080000376] -> 0xFFFB
[222] [M]: 0x0000000080000374 (0xFFFB4B13) xori x22, x22, -0x1                      inst_23+8
x22 <- 0xFFFFFFFFFFFF7FFF

mem[X,0x0000000080000378] -> 0x2093
mem[X,0x000000008000037A] -> 0xFEFB
[223] [M]: 0x0000000080000378 (0xFEFB2093) slti x1, x22, -0x11                      inst_23+12
x1 <- 0x0000000000000001

clint mtime 0x0000000000000070 (mip.MTI <- 0b1, mip.STI <- 0b0)
mem[X,0x000000008000037C] -> 0x3423
mem[X,0x000000008000037E] -> 0x0011
[224] [M]: 0x000000008000037C (0x00113423) sd x1, 0x8(x2)                           inst_23+16
mem[W,0x00000000800071D0] <- 0x0000000000000001

mem[X,0x0000000080000380] -> 0x0713
mem[X,0x0000000080000382] -> 0x0010
[225] [M]: 0x0000000080000380 (0x00100713) addi x14, x0, 0x1                        inst_24+0
x14 <- 0x0000000000000001

clint mtime 0x0000000000000071 (mip.MTI <- 0b1, mip.STI <- 0b0)
mem[X,0x0000000080000384] -> 0x1713
mem[X,0x0000000080000386] -> 0x0167
[226] [M]: 0x0000000080000384 (0x01671713) slli x14, x14, 0x16                      inst_24+4
x14 <- 0x0000000000400000

mem[X,0x0000000080000388] -> 0x2F13
mem[X,0x000000008000038A] -> 0xFDF7
[227] [M]: 0x0000000080000388 (0xFDF72F13) slti x30, x14, -0x21                     inst_24+8
x30 <- 0x0000000000000000

clint mtime 0x0000000000000072 (mip.MTI <- 0b1, mip.STI <- 0b0)
mem[X,0x000000008000038C] -> 0x3823
mem[X,0x000000008000038E] -> 0x01E1
[228] [M]: 0x000000008000038C (0x01E13823) sd x30, 0x10(x2)                         inst_24+12
mem[W,0x00000000800071D8] <- 0x0000000000000000

mem[X,0x0000000080000390] -> 0x0593
mem[X,0x0000000080000392] -> 0x0010
[229] [M]: 0x0000000080000390 (0x00100593) addi x11, x0, 0x1                        inst_25+0
x11 <- 0x0000000000000001

clint mtime 0x0000000000000073 (mip.MTI <- 0b1, mip.STI <- 0b0)
mem[X,0x0000000080000394] -> 0x9593
mem[X,0x0000000080000396] -> 0x0285
[230] [M]: 0x0000000080000394 (0x02859593) slli x11, x11, 0x28                      inst_25+4
x11 <- 0x0000010000000000

mem[X,0x0000000080000398] -> 0xAB13
mem[X,0x000000008000039A] -> 0xF7F5
[231] [M]: 0x0000000080000398 (0xF7F5AB13) slti x22, x11, -0x81                     inst_25+8
x22 <- 0x0000000000000000

clint mtime 0x0000000000000074 (mip.MTI <- 0b1, mip.STI <- 0b0)
mem[X,0x000000008000039C] -> 0x3C23
mem[X,0x000000008000039E] -> 0x0161
[232] [M]: 0x000000008000039C (0x01613C23) sd x22, 0x18(x2)                         inst_25+12
mem[W,0x00000000800071E0] <- 0x0000000000000000

mem[X,0x00000000800003A0] -> 0x0F13
mem[X,0x00000000800003A2] -> 0x0010
[233] [M]: 0x00000000800003A0 (0x00100F13) addi x30, x0, 0x1                        inst_26+0
x30 <- 0x0000000000000001

clint mtime 0x0000000000000075 (mip.MTI <- 0b1, mip.STI <- 0b0)
mem[X,0x00000000800003A4] -> 0x1F13
mem[X,0x00000000800003A6] -> 0x031F
[234] [M]: 0x00000000800003A4 (0x031F1F13) slli x30, x30, 0x31                      inst_26+4
x30 <- 0x0002000000000000

mem[X,0x00000000800003A8] -> 0x4F13
mem[X,0x00000000800003AA] -> 0xFFFF
[235] [M]: 0x00000000800003A8 (0xFFFF4F13) xori x30, x30, -0x1                      inst_26+8
x30 <- 0xFFFDFFFFFFFFFFFF

clint mtime 0x0000000000000076 (mip.MTI <- 0b1, mip.STI <- 0b0)
mem[X,0x00000000800003AC] -> 0x2393
mem[X,0x00000000800003AE] -> 0xDFFF
[236] [M]: 0x00000000800003AC (0xDFFF2393) slti x7, x30, -0x201                     inst_26+12
x7 <- 0x0000000000000001

mem[X,0x00000000800003B0] -> 0x3023
mem[X,0x00000000800003B2] -> 0x0271
[237] [M]: 0x00000000800003B0 (0x02713023) sd x7, 0x20(x2)                          inst_26+16
mem[W,0x00000000800071E8] <- 0x0000000000000001

clint mtime 0x0000000000000077 (mip.MTI <- 0b1, mip.STI <- 0b0)
mem[X,0x00000000800003B4] -> 0x0993
mem[X,0x00000000800003B6] -> 0x0010
[238] [M]: 0x00000000800003B4 (0x00100993) addi x19, x0, 0x1                        inst_27+0
x19 <- 0x0000000000000001

mem[X,0x00000000800003B8] -> 0x9993
mem[X,0x00000000800003BA] -> 0x0309
[239] [M]: 0x00000000800003B8 (0x03099993) slli x19, x19, 0x30                      inst_27+4
x19 <- 0x0001000000000000

clint mtime 0x0000000000000078 (mip.MTI <- 0b1, mip.STI <- 0b0)
mem[X,0x00000000800003BC] -> 0xC993
mem[X,0x00000000800003BE] -> 0xFFF9
[240] [M]: 0x00000000800003BC (0xFFF9C993) xori x19, x19, -0x1                      inst_27+8
x19 <- 0xFFFEFFFFFFFFFFFF

mem[X,0x00000000800003C0] -> 0xAA93
mem[X,0x00000000800003C2] -> 0xBFF9
[241] [M]: 0x00000000800003C0 (0xBFF9AA93) slti x21, x19, -0x401                    inst_27+12
x21 <- 0x0000000000000001

clint mtime 0x0000000000000079 (mip.MTI <- 0b1, mip.STI <- 0b0)
mem[X,0x00000000800003C4] -> 0x3423
mem[X,0x00000000800003C6] -> 0x0351
[242] [M]: 0x00000000800003C4 (0x03513423) sd x21, 0x28(x2)                         inst_27+16
mem[W,0x00000000800071F0] <- 0x0000000000000001

mem[X,0x00000000800003C8] -> 0x0A13
mem[X,0x00000000800003CA] -> 0x0050
[243] [M]: 0x00000000800003C8 (0x00500A13) addi x20, x0, 0x5                        inst_28+0
x20 <- 0x0000000000000005

clint mtime 0x000000000000007A (mip.MTI <- 0b1, mip.STI <- 0b0)
mem[X,0x00000000800003CC] -> 0x2413
mem[X,0x00000000800003CE] -> 0x555A
[244] [M]: 0x00000000800003CC (0x555A2413) slti x8, x20, 0x555                      inst_28+4
x8 <- 0x0000000000000001

mem[X,0x00000000800003D0] -> 0x3823
mem[X,0x00000000800003D2] -> 0x0281
[245] [M]: 0x00000000800003D0 (0x02813823) sd x8, 0x30(x2)                          inst_28+8
mem[W,0x00000000800071F8] <- 0x0000000000000001

clint mtime 0x000000000000007B (mip.MTI <- 0b1, mip.STI <- 0b0)
mem[X,0x00000000800003D4] -> 0x0893
mem[X,0x00000000800003D6] -> 0x0010
[246] [M]: 0x00000000800003D4 (0x00100893) addi x17, x0, 0x1                        inst_29+0
x17 <- 0x0000000000000001

mem[X,0x00000000800003D8] -> 0x9893
mem[X,0x00000000800003DA] -> 0x00C8
[247] [M]: 0x00000000800003D8 (0x00C89893) slli x17, x17, 0xc                       inst_29+4
x17 <- 0x0000000000001000

clint mtime 0x000000000000007C (mip.MTI <- 0b1, mip.STI <- 0b0)
mem[X,0x00000000800003DC] -> 0xC893
mem[X,0x00000000800003DE] -> 0xFFF8
[248] [M]: 0x00000000800003DC (0xFFF8C893) xori x17, x17, -0x1                      inst_29+8
x17 <- 0xFFFFFFFFFFFFEFFF

mem[X,0x00000000800003E0] -> 0xAA13
mem[X,0x00000000800003E2] -> 0xAAA8
[249] [M]: 0x00000000800003E0 (0xAAA8AA13) slti x20, x17, -0x556                    inst_29+12
x20 <- 0x0000000000000001

clint mtime 0x000000000000007D (mip.MTI <- 0b1, mip.STI <- 0b0)
mem[X,0x00000000800003E4] -> 0x3C23
mem[X,0x00000000800003E6] -> 0x0341
[250] [M]: 0x00000000800003E4 (0x03413C23) sd x20, 0x38(x2)                         inst_29+16
mem[W,0x0000000080007200] <- 0x0000000000000001

mem[X,0x00000000800003E8] -> 0x0B93
mem[X,0x00000000800003EA] -> 0x0020
[251] [M]: 0x00000000800003E8 (0x00200B93) addi x23, x0, 0x2                        inst_30+0
x23 <- 0x0000000000000002

clint mtime 0x000000000000007E (mip.MTI <- 0b1, mip.STI <- 0b0)
mem[X,0x00000000800003EC] -> 0xA693
mem[X,0x00000000800003EE] -> 0x800B
[252] [M]: 0x00000000800003EC (0x800BA693) slti x13, x23, -0x800                    inst_30+4
x13 <- 0x0000000000000000

mem[X,0x00000000800003F0] -> 0x3023
mem[X,0x00000000800003F2] -> 0x04D1
[253] [M]: 0x00000000800003F0 (0x04D13023) sd x13, 0x40(x2)                         inst_30+8
mem[W,0x0000000080007208] <- 0x0000000000000000

clint mtime 0x000000000000007F (mip.MTI <- 0b1, mip.STI <- 0b0)
mem[X,0x00000000800003F4] -> 0x0F93
mem[X,0x00000000800003F6] -> 0x0040
[254] [M]: 0x00000000800003F4 (0x00400F93) addi x31, x0, 0x4                        inst_31+0
x31 <- 0x0000000000000004

mem[X,0x00000000800003F8] -> 0xA193
mem[X,0x00000000800003FA] -> 0xF7FF
[255] [M]: 0x00000000800003F8 (0xF7FFA193) slti x3, x31, -0x81                      inst_31+4
x3 <- 0x0000000000000000

clint mtime 0x0000000000000080 (mip.MTI <- 0b1, mip.STI <- 0b0)
mem[X,0x00000000800003FC] -> 0x3423
mem[X,0x00000000800003FE] -> 0x0431
[256] [M]: 0x00000000800003FC (0x04313423) sd x3, 0x48(x2)                          inst_31+8
mem[W,0x0000000080007210] <- 0x0000000000000000

mem[X,0x0000000080000400] -> 0x0513
mem[X,0x0000000080000402] -> 0x0080
[257] [M]: 0x0000000080000400 (0x00800513) addi x10, x0, 0x8                        inst_32+0
x10 <- 0x0000000000000008

clint mtime 0x0000000000000081 (mip.MTI <- 0b1, mip.STI <- 0b0)
mem[X,0x0000000080000404] -> 0x2593
mem[X,0x0000000080000406] -> 0x02C5
[258] [M]: 0x0000000080000404 (0x02C52593) slti x11, x10, 0x2c                      inst_32+4
x11 <- 0x0000000000000001

mem[X,0x0000000080000408] -> 0x3823
mem[X,0x000000008000040A] -> 0x04B1
[259] [M]: 0x0000000080000408 (0x04B13823) sd x11, 0x50(x2)                         inst_32+8
mem[W,0x0000000080007218] <- 0x0000000000000001

clint mtime 0x0000000000000082 (mip.MTI <- 0b1, mip.STI <- 0b0)
mem[X,0x000000008000040C] -> 0x0513
mem[X,0x000000008000040E] -> 0x0100
[260] [M]: 0x000000008000040C (0x01000513) addi x10, x0, 0x10                       inst_33+0
x10 <- 0x0000000000000010

mem[X,0x0000000080000410] -> 0x2593
mem[X,0x0000000080000412] -> 0x8005
[261] [M]: 0x0000000080000410 (0x80052593) slti x11, x10, -0x800                    inst_33+4
x11 <- 0x0000000000000000

clint mtime 0x0000000000000083 (mip.MTI <- 0b1, mip.STI <- 0b0)
mem[X,0x0000000080000414] -> 0x3C23
mem[X,0x0000000080000416] -> 0x04B1
[262] [M]: 0x0000000080000414 (0x04B13C23) sd x11, 0x58(x2)                         inst_33+8
mem[W,0x0000000080007220] <- 0x0000000000000000

mem[X,0x0000000080000418] -> 0x0513
mem[X,0x000000008000041A] -> 0x0200
[263] [M]: 0x0000000080000418 (0x02000513) addi x10, x0, 0x20                       inst_34+0
x10 <- 0x0000000000000020

clint mtime 0x0000000000000084 (mip.MTI <- 0b1, mip.STI <- 0b0)
mem[X,0x000000008000041C] -> 0x2593
mem[X,0x000000008000041E] -> 0x02D5
[264] [M]: 0x000000008000041C (0x02D52593) slti x11, x10, 0x2d                      inst_34+4
x11 <- 0x0000000000000001

mem[X,0x0000000080000420] -> 0x3023
mem[X,0x0000000080000422] -> 0x06B1
[265] [M]: 0x0000000080000420 (0x06B13023) sd x11, 0x60(x2)                         inst_34+8
mem[W,0x0000000080007228] <- 0x0000000000000001

clint mtime 0x0000000000000085 (mip.MTI <- 0b1, mip.STI <- 0b0)
mem[X,0x0000000080000424] -> 0x0513
mem[X,0x0000000080000426] -> 0x0400
[266] [M]: 0x0000000080000424 (0x04000513) addi x10, x0, 0x40                       inst_35+0
x10 <- 0x0000000000000040

mem[X,0x0000000080000428] -> 0x2593
mem[X,0x000000008000042A] -> 0x5555
[267] [M]: 0x0000000080000428 (0x55552593) slti x11, x10, 0x555                     inst_35+4
x11 <- 0x0000000000000001

clint mtime 0x0000000000000086 (mip.MTI <- 0b1, mip.STI <- 0b0)
mem[X,0x000000008000042C] -> 0x3423
mem[X,0x000000008000042E] -> 0x06B1
[268] [M]: 0x000000008000042C (0x06B13423) sd x11, 0x68(x2)                         inst_35+8
mem[W,0x0000000080007230] <- 0x0000000000000001

mem[X,0x0000000080000430] -> 0x0513
mem[X,0x0000000080000432] -> 0x0800
[269] [M]: 0x0000000080000430 (0x08000513) addi x10, x0, 0x80                       inst_36+0
x10 <- 0x0000000000000080

clint mtime 0x0000000000000087 (mip.MTI <- 0b1, mip.STI <- 0b0)
mem[X,0x0000000080000434] -> 0x2593
mem[X,0x0000000080000436] -> 0xAAA5
[270] [M]: 0x0000000080000434 (0xAAA52593) slti x11, x10, -0x556                    inst_36+4
x11 <- 0x0000000000000000

mem[X,0x0000000080000438] -> 0x3823
mem[X,0x000000008000043A] -> 0x06B1
[271] [M]: 0x0000000080000438 (0x06B13823) sd x11, 0x70(x2)                         inst_36+8
mem[W,0x0000000080007238] <- 0x0000000000000000

clint mtime 0x0000000000000088 (mip.MTI <- 0b1, mip.STI <- 0b0)
mem[X,0x000000008000043C] -> 0x0513
mem[X,0x000000008000043E] -> 0x1000
[272] [M]: 0x000000008000043C (0x10000513) addi x10, x0, 0x100                      inst_37+0
x10 <- 0x0000000000000100

mem[X,0x0000000080000440] -> 0x2593
mem[X,0x0000000080000442] -> 0x0055
[273] [M]: 0x0000000080000440 (0x00552593) slti x11, x10, 0x5                       inst_37+4
x11 <- 0x0000000000000000

clint mtime 0x0000000000000089 (mip.MTI <- 0b1, mip.STI <- 0b0)
mem[X,0x0000000080000444] -> 0x3C23
mem[X,0x0000000080000446] -> 0x06B1
[274] [M]: 0x0000000080000444 (0x06B13C23) sd x11, 0x78(x2)                         inst_37+8
mem[W,0x0000000080007240] <- 0x0000000000000000

mem[X,0x0000000080000448] -> 0x0513
mem[X,0x000000008000044A] -> 0x2000
[275] [M]: 0x0000000080000448 (0x20000513) addi x10, x0, 0x200                      inst_38+0
x10 <- 0x0000000000000200

clint mtime 0x000000000000008A (mip.MTI <- 0b1, mip.STI <- 0b0)
mem[X,0x000000008000044C] -> 0x2593
mem[X,0x000000008000044E] -> 0x0065
[276] [M]: 0x000000008000044C (0x00652593) slti x11, x10, 0x6                       inst_38+4
x11 <- 0x0000000000000000

mem[X,0x0000000080000450] -> 0x3023
mem[X,0x0000000080000452] -> 0x08B1
[277] [M]: 0x0000000080000450 (0x08B13023) sd x11, 0x80(x2)                         inst_38+8
mem[W,0x0000000080007248] <- 0x0000000000000000

clint mtime 0x000000000000008B (mip.MTI <- 0b1, mip.STI <- 0b0)
mem[X,0x0000000080000454] -> 0x0513
mem[X,0x0000000080000456] -> 0x4000
[278] [M]: 0x0000000080000454 (0x40000513) addi x10, x0, 0x400                      inst_39+0
x10 <- 0x0000000000000400

mem[X,0x0000000080000458] -> 0x2593
mem[X,0x000000008000045A] -> 0x5555
[279] [M]: 0x0000000080000458 (0x55552593) slti x11, x10, 0x555                     inst_39+4
x11 <- 0x0000000000000001

clint mtime 0x000000000000008C (mip.MTI <- 0b1, mip.STI <- 0b0)
mem[X,0x000000008000045C] -> 0x3423
mem[X,0x000000008000045E] -> 0x08B1
[280] [M]: 0x000000008000045C (0x08B13423) sd x11, 0x88(x2)                         inst_39+8
mem[W,0x0000000080007250] <- 0x0000000000000001

mem[X,0x0000000080000460] -> 0x0513
mem[X,0x0000000080000462] -> 0x0010
[281] [M]: 0x0000000080000460 (0x00100513) addi x10, x0, 0x1                        inst_40+0
x10 <- 0x0000000000000001

clint mtime 0x000000000000008D (mip.MTI <- 0b1, mip.STI <- 0b0)
mem[X,0x0000000080000464] -> 0x1513
mem[X,0x0000000080000466] -> 0x00B5
[282] [M]: 0x0000000080000464 (0x00B51513) slli x10, x10, 0xb                       inst_40+4
x10 <- 0x0000000000000800

mem[X,0x0000000080000468] -> 0x2593
mem[X,0x000000008000046A] -> 0x0405
[283] [M]: 0x0000000080000468 (0x04052593) slti x11, x10, 0x40                      inst_40+8
x11 <- 0x0000000000000000

clint mtime 0x000000000000008E (mip.MTI <- 0b1, mip.STI <- 0b0)
mem[X,0x000000008000046C] -> 0x3823
mem[X,0x000000008000046E] -> 0x08B1
[284] [M]: 0x000000008000046C (0x08B13823) sd x11, 0x90(x2)                         inst_40+12
mem[W,0x0000000080007258] <- 0x0000000000000000

mem[X,0x0000000080000470] -> 0x0513
mem[X,0x0000000080000472] -> 0x0010
[285] [M]: 0x0000000080000470 (0x00100513) addi x10, x0, 0x1                        inst_41+0
x10 <- 0x0000000000000001

clint mtime 0x000000000000008F (mip.MTI <- 0b1, mip.STI <- 0b0)
mem[X,0x0000000080000474] -> 0x1513
mem[X,0x0000000080000476] -> 0x00C5
[286] [M]: 0x0000000080000474 (0x00C51513) slli x10, x10, 0xc                       inst_41+4
x10 <- 0x0000000000001000

mem[X,0x0000000080000478] -> 0x2593
mem[X,0x000000008000047A] -> 0xFF95
[287] [M]: 0x0000000080000478 (0xFF952593) slti x11, x10, -0x7                      inst_41+8
x11 <- 0x0000000000000000

clint mtime 0x0000000000000090 (mip.MTI <- 0b1, mip.STI <- 0b0)
mem[X,0x000000008000047C] -> 0x3C23
mem[X,0x000000008000047E] -> 0x08B1
[288] [M]: 0x000000008000047C (0x08B13C23) sd x11, 0x98(x2)                         inst_41+12
mem[W,0x0000000080007260] <- 0x0000000000000000

mem[X,0x0000000080000480] -> 0x0513
mem[X,0x0000000080000482] -> 0x0010
[289] [M]: 0x0000000080000480 (0x00100513) addi x10, x0, 0x1                        inst_42+0
x10 <- 0x0000000000000001

clint mtime 0x0000000000000091 (mip.MTI <- 0b1, mip.STI <- 0b0)
mem[X,0x0000000080000484] -> 0x1513
mem[X,0x0000000080000486] -> 0x00D5
[290] [M]: 0x0000000080000484 (0x00D51513) slli x10, x10, 0xd                       inst_42+4
x10 <- 0x0000000000002000

mem[X,0x0000000080000488] -> 0x2593
mem[X,0x000000008000048A] -> 0xFF95
[291] [M]: 0x0000000080000488 (0xFF952593) slti x11, x10, -0x7                      inst_42+8
x11 <- 0x0000000000000000

clint mtime 0x0000000000000092 (mip.MTI <- 0b1, mip.STI <- 0b0)
mem[X,0x000000008000048C] -> 0x3023
mem[X,0x000000008000048E] -> 0x0AB1
[292] [M]: 0x000000008000048C (0x0AB13023) sd x11, 0xa0(x2)                         inst_42+12
mem[W,0x0000000080007268] <- 0x0000000000000000

mem[X,0x0000000080000490] -> 0x0513
mem[X,0x0000000080000492] -> 0x0010
[293] [M]: 0x0000000080000490 (0x00100513) addi x10, x0, 0x1                        inst_43+0
x10 <- 0x0000000000000001

clint mtime 0x0000000000000093 (mip.MTI <- 0b1, mip.STI <- 0b0)
mem[X,0x0000000080000494] -> 0x1513
mem[X,0x0000000080000496] -> 0x00E5
[294] [M]: 0x0000000080000494 (0x00E51513) slli x10, x10, 0xe                       inst_43+4
x10 <- 0x0000000000004000

mem[X,0x0000000080000498] -> 0x2593
mem[X,0x000000008000049A] -> 0x6655
[295] [M]: 0x0000000080000498 (0x66552593) slti x11, x10, 0x665                     inst_43+8
x11 <- 0x0000000000000000

clint mtime 0x0000000000000094 (mip.MTI <- 0b1, mip.STI <- 0b0)
mem[X,0x000000008000049C] -> 0x3423
mem[X,0x000000008000049E] -> 0x0AB1
[296] [M]: 0x000000008000049C (0x0AB13423) sd x11, 0xa8(x2)                         inst_43+12
mem[W,0x0000000080007270] <- 0x0000000000000000

mem[X,0x00000000800004A0] -> 0x0513
mem[X,0x00000000800004A2] -> 0x0010
[297] [M]: 0x00000000800004A0 (0x00100513) addi x10, x0, 0x1                        inst_44+0
x10 <- 0x0000000000000001

clint mtime 0x0000000000000095 (mip.MTI <- 0b1, mip.STI <- 0b0)
mem[X,0x00000000800004A4] -> 0x1513
mem[X,0x00000000800004A6] -> 0x00F5
[298] [M]: 0x00000000800004A4 (0x00F51513) slli x10, x10, 0xf                       inst_44+4
x10 <- 0x0000000000008000

mem[X,0x00000000800004A8] -> 0x2593
mem[X,0x00000000800004AA] -> 0xC005
[299] [M]: 0x00000000800004A8 (0xC0052593) slti x11, x10, -0x400                    inst_44+8
x11 <- 0x0000000000000000

clint mtime 0x0000000000000096 (mip.MTI <- 0b1, mip.STI <- 0b0)
mem[X,0x00000000800004AC] -> 0x3823
mem[X,0x00000000800004AE] -> 0x0AB1
[300] [M]: 0x00000000800004AC (0x0AB13823) sd x11, 0xb0(x2)                         inst_44+12
mem[W,0x0000000080007278] <- 0x0000000000000000

mem[X,0x00000000800004B0] -> 0x0513
mem[X,0x00000000800004B2] -> 0x0010
[301] [M]: 0x00000000800004B0 (0x00100513) addi x10, x0, 0x1                        inst_45+0
x10 <- 0x0000000000000001

clint mtime 0x0000000000000097 (mip.MTI <- 0b1, mip.STI <- 0b0)
mem[X,0x00000000800004B4] -> 0x1513
mem[X,0x00000000800004B6] -> 0x0105
[302] [M]: 0x00000000800004B4 (0x01051513) slli x10, x10, 0x10                      inst_45+4
x10 <- 0x0000000000010000

mem[X,0x00000000800004B8] -> 0x2593
mem[X,0x00000000800004BA] -> 0xFFA5
[303] [M]: 0x00000000800004B8 (0xFFA52593) slti x11, x10, -0x6                      inst_45+8
x11 <- 0x0000000000000000

clint mtime 0x0000000000000098 (mip.MTI <- 0b1, mip.STI <- 0b0)
mem[X,0x00000000800004BC] -> 0x3C23
mem[X,0x00000000800004BE] -> 0x0AB1
[304] [M]: 0x00000000800004BC (0x0AB13C23) sd x11, 0xb8(x2)                         inst_45+12
mem[W,0x0000000080007280] <- 0x0000000000000000

mem[X,0x00000000800004C0] -> 0x0513
mem[X,0x00000000800004C2] -> 0x0010
[305] [M]: 0x00000000800004C0 (0x00100513) addi x10, x0, 0x1                        inst_46+0
x10 <- 0x0000000000000001

clint mtime 0x0000000000000099 (mip.MTI <- 0b1, mip.STI <- 0b0)
mem[X,0x00000000800004C4] -> 0x1513
mem[X,0x00000000800004C6] -> 0x0115
[306] [M]: 0x00000000800004C4 (0x01151513) slli x10, x10, 0x11                      inst_46+4
x10 <- 0x0000000000020000

mem[X,0x00000000800004C8] -> 0x2593
mem[X,0x00000000800004CA] -> 0xFFE5
[307] [M]: 0x00000000800004C8 (0xFFE52593) slti x11, x10, -0x2                      inst_46+8
x11 <- 0x0000000000000000

clint mtime 0x000000000000009A (mip.MTI <- 0b1, mip.STI <- 0b0)
mem[X,0x00000000800004CC] -> 0x3023
mem[X,0x00000000800004CE] -> 0x0CB1
[308] [M]: 0x00000000800004CC (0x0CB13023) sd x11, 0xc0(x2)                         inst_46+12
mem[W,0x0000000080007288] <- 0x0000000000000000

mem[X,0x00000000800004D0] -> 0x0513
mem[X,0x00000000800004D2] -> 0x0010
[309] [M]: 0x00000000800004D0 (0x00100513) addi x10, x0, 0x1                        inst_47+0
x10 <- 0x0000000000000001

clint mtime 0x000000000000009B (mip.MTI <- 0b1, mip.STI <- 0b0)
mem[X,0x00000000800004D4] -> 0x1513
mem[X,0x00000000800004D6] -> 0x0125
[310] [M]: 0x00000000800004D4 (0x01251513) slli x10, x10, 0x12                      inst_47+4
x10 <- 0x0000000000040000

mem[X,0x00000000800004D8] -> 0x2593
mem[X,0x00000000800004DA] -> 0x0075
[311] [M]: 0x00000000800004D8 (0x00752593) slti x11, x10, 0x7                       inst_47+8
x11 <- 0x0000000000000000

clint mtime 0x000000000000009C (mip.MTI <- 0b1, mip.STI <- 0b0)
mem[X,0x00000000800004DC] -> 0x3423
mem[X,0x00000000800004DE] -> 0x0CB1
[312] [M]: 0x00000000800004DC (0x0CB13423) sd x11, 0xc8(x2)                         inst_47+12
mem[W,0x0000000080007290] <- 0x0000000000000000

mem[X,0x00000000800004E0] -> 0x0513
mem[X,0x00000000800004E2] -> 0x0010
[313] [M]: 0x00000000800004E0 (0x00100513) addi x10, x0, 0x1                        inst_48+0
x10 <- 0x0000000000000001

clint mtime 0x000000000000009D (mip.MTI <- 0b1, mip.STI <- 0b0)
mem[X,0x00000000800004E4] -> 0x1513
mem[X,0x00000000800004E6] -> 0x0135
[314] [M]: 0x00000000800004E4 (0x01351513) slli x10, x10, 0x13                      inst_48+4
x10 <- 0x0000000000080000

mem[X,0x00000000800004E8] -> 0x2593
mem[X,0x00000000800004EA] -> 0xFDF5
[315] [M]: 0x00000000800004E8 (0xFDF52593) slti x11, x10, -0x21                     inst_48+8
x11 <- 0x0000000000000000

clint mtime 0x000000000000009E (mip.MTI <- 0b1, mip.STI <- 0b0)
mem[X,0x00000000800004EC] -> 0x3823
mem[X,0x00000000800004EE] -> 0x0CB1
[316] [M]: 0x00000000800004EC (0x0CB13823) sd x11, 0xd0(x2)                         inst_48+12
mem[W,0x0000000080007298] <- 0x0000000000000000

mem[X,0x00000000800004F0] -> 0x0513
mem[X,0x00000000800004F2] -> 0x0010
[317] [M]: 0x00000000800004F0 (0x00100513) addi x10, x0, 0x1                        inst_49+0
x10 <- 0x0000000000000001

clint mtime 0x000000000000009F (mip.MTI <- 0b1, mip.STI <- 0b0)
mem[X,0x00000000800004F4] -> 0x1513
mem[X,0x00000000800004F6] -> 0x0145
[318] [M]: 0x00000000800004F4 (0x01451513) slli x10, x10, 0x14                      inst_49+4
x10 <- 0x0000000000100000

mem[X,0x00000000800004F8] -> 0x2593
mem[X,0x00000000800004FA] -> 0x0805
[319] [M]: 0x00000000800004F8 (0x08052593) slti x11, x10, 0x80                      inst_49+8
x11 <- 0x0000000000000000

clint mtime 0x00000000000000A0 (mip.MTI <- 0b1, mip.STI <- 0b0)
mem[X,0x00000000800004FC] -> 0x3C23
mem[X,0x00000000800004FE] -> 0x0CB1
[320] [M]: 0x00000000800004FC (0x0CB13C23) sd x11, 0xd8(x2)                         inst_49+12
mem[W,0x00000000800072A0] <- 0x0000000000000000

mem[X,0x0000000080000500] -> 0x0513
mem[X,0x0000000080000502] -> 0x0010
[321] [M]: 0x0000000080000500 (0x00100513) addi x10, x0, 0x1                        inst_50+0
x10 <- 0x0000000000000001

clint mtime 0x00000000000000A1 (mip.MTI <- 0b1, mip.STI <- 0b0)
mem[X,0x0000000080000504] -> 0x1513
mem[X,0x0000000080000506] -> 0x0155
[322] [M]: 0x0000000080000504 (0x01551513) slli x10, x10, 0x15                      inst_50+4
x10 <- 0x0000000000200000

mem[X,0x0000000080000508] -> 0x2593
mem[X,0x000000008000050A] -> 0xFFB5
[323] [M]: 0x0000000080000508 (0xFFB52593) slti x11, x10, -0x5                      inst_50+8
x11 <- 0x0000000000000000

clint mtime 0x00000000000000A2 (mip.MTI <- 0b1, mip.STI <- 0b0)
mem[X,0x000000008000050C] -> 0x3023
mem[X,0x000000008000050E] -> 0x0EB1
[324] [M]: 0x000000008000050C (0x0EB13023) sd x11, 0xe0(x2)                         inst_50+12
mem[W,0x00000000800072A8] <- 0x0000000000000000

mem[X,0x0000000080000510] -> 0x0513
mem[X,0x0000000080000512] -> 0x0010
[325] [M]: 0x0000000080000510 (0x00100513) addi x10, x0, 0x1                        inst_51+0
x10 <- 0x0000000000000001

clint mtime 0x00000000000000A3 (mip.MTI <- 0b1, mip.STI <- 0b0)
mem[X,0x0000000080000514] -> 0x1513
mem[X,0x0000000080000516] -> 0x0185
[326] [M]: 0x0000000080000514 (0x01851513) slli x10, x10, 0x18                      inst_51+4
x10 <- 0x0000000001000000

mem[X,0x0000000080000518] -> 0x2593
mem[X,0x000000008000051A] -> 0xFFF5
[327] [M]: 0x0000000080000518 (0xFFF52593) slti x11, x10, -0x1                      inst_51+8
x11 <- 0x0000000000000000

clint mtime 0x00000000000000A4 (mip.MTI <- 0b1, mip.STI <- 0b0)
mem[X,0x000000008000051C] -> 0x3423
mem[X,0x000000008000051E] -> 0x0EB1
[328] [M]: 0x000000008000051C (0x0EB13423) sd x11, 0xe8(x2)                         inst_51+12
mem[W,0x00000000800072B0] <- 0x0000000000000000

mem[X,0x0000000080000520] -> 0x0513
mem[X,0x0000000080000522] -> 0x0010
[329] [M]: 0x0000000080000520 (0x00100513) addi x10, x0, 0x1                        inst_52+0
x10 <- 0x0000000000000001

clint mtime 0x00000000000000A5 (mip.MTI <- 0b1, mip.STI <- 0b0)
mem[X,0x0000000080000524] -> 0x1513
mem[X,0x0000000080000526] -> 0x0195
[330] [M]: 0x0000000080000524 (0x01951513) slli x10, x10, 0x19                      inst_52+4
x10 <- 0x0000000002000000

mem[X,0x0000000080000528] -> 0x2593
mem[X,0x000000008000052A] -> 0xFF75
[331] [M]: 0x0000000080000528 (0xFF752593) slti x11, x10, -0x9                      inst_52+8
x11 <- 0x0000000000000000

clint mtime 0x00000000000000A6 (mip.MTI <- 0b1, mip.STI <- 0b0)
mem[X,0x000000008000052C] -> 0x3823
mem[X,0x000000008000052E] -> 0x0EB1
[332] [M]: 0x000000008000052C (0x0EB13823) sd x11, 0xf0(x2)                         inst_52+12
mem[W,0x00000000800072B8] <- 0x0000000000000000

mem[X,0x0000000080000530] -> 0x0513
mem[X,0x0000000080000532] -> 0x0010
[333] [M]: 0x0000000080000530 (0x00100513) addi x10, x0, 0x1                        inst_53+0
x10 <- 0x0000000000000001

clint mtime 0x00000000000000A7 (mip.MTI <- 0b1, mip.STI <- 0b0)
mem[X,0x0000000080000534] -> 0x1513
mem[X,0x0000000080000536] -> 0x01A5
[334] [M]: 0x0000000080000534 (0x01A51513) slli x10, x10, 0x1a                      inst_53+4
x10 <- 0x0000000004000000

mem[X,0x0000000080000538] -> 0x2593
mem[X,0x000000008000053A] -> 0x0005
[335] [M]: 0x0000000080000538 (0x00052593) slti x11, x10, 0x0                       inst_53+8
x11 <- 0x0000000000000000

clint mtime 0x00000000000000A8 (mip.MTI <- 0b1, mip.STI <- 0b0)
mem[X,0x000000008000053C] -> 0x3C23
mem[X,0x000000008000053E] -> 0x0EB1
[336] [M]: 0x000000008000053C (0x0EB13C23) sd x11, 0xf8(x2)                         inst_53+12
mem[W,0x00000000800072C0] <- 0x0000000000000000

mem[X,0x0000000080000540] -> 0x0513
mem[X,0x0000000080000542] -> 0x0010
[337] [M]: 0x0000000080000540 (0x00100513) addi x10, x0, 0x1                        inst_54+0
x10 <- 0x0000000000000001

clint mtime 0x00000000000000A9 (mip.MTI <- 0b1, mip.STI <- 0b0)
mem[X,0x0000000080000544] -> 0x1513
mem[X,0x0000000080000546] -> 0x01B5
[338] [M]: 0x0000000080000544 (0x01B51513) slli x10, x10, 0x1b                      inst_54+4
x10 <- 0x0000000008000000

mem[X,0x0000000080000548] -> 0x2593
mem[X,0x000000008000054A] -> 0x0085
[339] [M]: 0x0000000080000548 (0x00852593) slti x11, x10, 0x8                       inst_54+8
x11 <- 0x0000000000000000

clint mtime 0x00000000000000AA (mip.MTI <- 0b1, mip.STI <- 0b0)
mem[X,0x000000008000054C] -> 0x3023
mem[X,0x000000008000054E] -> 0x10B1
[340] [M]: 0x000000008000054C (0x10B13023) sd x11, 0x100(x2)                        inst_54+12
mem[W,0x00000000800072C8] <- 0x0000000000000000

mem[X,0x0000000080000550] -> 0x0513
mem[X,0x0000000080000552] -> 0x0010
[341] [M]: 0x0000000080000550 (0x00100513) addi x10, x0, 0x1                        inst_55+0
x10 <- 0x0000000000000001

clint mtime 0x00000000000000AB (mip.MTI <- 0b1, mip.STI <- 0b0)
mem[X,0x0000000080000554] -> 0x1513
mem[X,0x0000000080000556] -> 0x01C5
[342] [M]: 0x0000000080000554 (0x01C51513) slli x10, x10, 0x1c                      inst_55+4
x10 <- 0x0000000010000000

mem[X,0x0000000080000558] -> 0x2593
mem[X,0x000000008000055A] -> 0xF7F5
[343] [M]: 0x0000000080000558 (0xF7F52593) slti x11, x10, -0x81                     inst_55+8
x11 <- 0x0000000000000000

clint mtime 0x00000000000000AC (mip.MTI <- 0b1, mip.STI <- 0b0)
mem[X,0x000000008000055C] -> 0x3423
mem[X,0x000000008000055E] -> 0x10B1
[344] [M]: 0x000000008000055C (0x10B13423) sd x11, 0x108(x2)                        inst_55+12
mem[W,0x00000000800072D0] <- 0x0000000000000000

mem[X,0x0000000080000560] -> 0x0513
mem[X,0x0000000080000562] -> 0x0010
[345] [M]: 0x0000000080000560 (0x00100513) addi x10, x0, 0x1                        inst_56+0
x10 <- 0x0000000000000001

clint mtime 0x00000000000000AD (mip.MTI <- 0b1, mip.STI <- 0b0)
mem[X,0x0000000080000564] -> 0x1513
mem[X,0x0000000080000566] -> 0x01D5
[346] [M]: 0x0000000080000564 (0x01D51513) slli x10, x10, 0x1d                      inst_56+4
x10 <- 0x0000000020000000

mem[X,0x0000000080000568] -> 0x2593
mem[X,0x000000008000056A] -> 0x0405
[347] [M]: 0x0000000080000568 (0x04052593) slti x11, x10, 0x40                      inst_56+8
x11 <- 0x0000000000000000

clint mtime 0x00000000000000AE (mip.MTI <- 0b1, mip.STI <- 0b0)
mem[X,0x000000008000056C] -> 0x3823
mem[X,0x000000008000056E] -> 0x10B1
[348] [M]: 0x000000008000056C (0x10B13823) sd x11, 0x110(x2)                        inst_56+12
mem[W,0x00000000800072D8] <- 0x0000000000000000

mem[X,0x0000000080000570] -> 0x0513
mem[X,0x0000000080000572] -> 0x0010
[349] [M]: 0x0000000080000570 (0x00100513) addi x10, x0, 0x1                        inst_57+0
x10 <- 0x0000000000000001

clint mtime 0x00000000000000AF (mip.MTI <- 0b1, mip.STI <- 0b0)
mem[X,0x0000000080000574] -> 0x1513
mem[X,0x0000000080000576] -> 0x01F5
[350] [M]: 0x0000000080000574 (0x01F51513) slli x10, x10, 0x1f                      inst_57+4
x10 <- 0x0000000080000000

mem[X,0x0000000080000578] -> 0x2593
mem[X,0x000000008000057A] -> 0x7FF5
[351] [M]: 0x0000000080000578 (0x7FF52593) slti x11, x10, 0x7ff                     inst_57+8
x11 <- 0x0000000000000000

clint mtime 0x00000000000000B0 (mip.MTI <- 0b1, mip.STI <- 0b0)
mem[X,0x000000008000057C] -> 0x3C23
mem[X,0x000000008000057E] -> 0x10B1
[352] [M]: 0x000000008000057C (0x10B13C23) sd x11, 0x118(x2)                        inst_57+12
mem[W,0x00000000800072E0] <- 0x0000000000000000

mem[X,0x0000000080000580] -> 0x0513
mem[X,0x0000000080000582] -> 0x0010
[353] [M]: 0x0000000080000580 (0x00100513) addi x10, x0, 0x1                        inst_58+0
x10 <- 0x0000000000000001

clint mtime 0x00000000000000B1 (mip.MTI <- 0b1, mip.STI <- 0b0)
mem[X,0x0000000080000584] -> 0x1513
mem[X,0x0000000080000586] -> 0x0205
[354] [M]: 0x0000000080000584 (0x02051513) slli x10, x10, 0x20                      inst_58+4
x10 <- 0x0000000100000000

mem[X,0x0000000080000588] -> 0x2593
mem[X,0x000000008000058A] -> 0xAAB5
[355] [M]: 0x0000000080000588 (0xAAB52593) slti x11, x10, -0x555                    inst_58+8
x11 <- 0x0000000000000000

clint mtime 0x00000000000000B2 (mip.MTI <- 0b1, mip.STI <- 0b0)
mem[X,0x000000008000058C] -> 0x3023
mem[X,0x000000008000058E] -> 0x12B1
[356] [M]: 0x000000008000058C (0x12B13023) sd x11, 0x120(x2)                        inst_58+12
mem[W,0x00000000800072E8] <- 0x0000000000000000

mem[X,0x0000000080000590] -> 0x0513
mem[X,0x0000000080000592] -> 0x0010
[357] [M]: 0x0000000080000590 (0x00100513) addi x10, x0, 0x1                        inst_59+0
x10 <- 0x0000000000000001

clint mtime 0x00000000000000B3 (mip.MTI <- 0b1, mip.STI <- 0b0)
mem[X,0x0000000080000594] -> 0x1513
mem[X,0x0000000080000596] -> 0x0215
[358] [M]: 0x0000000080000594 (0x02151513) slli x10, x10, 0x21                      inst_59+4
x10 <- 0x0000000200000000

mem[X,0x0000000080000598] -> 0x2593
mem[X,0x000000008000059A] -> 0x0065
[359] [M]: 0x0000000080000598 (0x00652593) slti x11, x10, 0x6                       inst_59+8
x11 <- 0x0000000000000000

clint mtime 0x00000000000000B4 (mip.MTI <- 0b1, mip.STI <- 0b0)
mem[X,0x000000008000059C] -> 0x3423
mem[X,0x000000008000059E] -> 0x12B1
[360] [M]: 0x000000008000059C (0x12B13423) sd x11, 0x128(x2)                        inst_59+12
mem[W,0x00000000800072F0] <- 0x0000000000000000

mem[X,0x00000000800005A0] -> 0x0513
mem[X,0x00000000800005A2] -> 0x0010
[361] [M]: 0x00000000800005A0 (0x00100513) addi x10, x0, 0x1                        inst_60+0
x10 <- 0x0000000000000001

clint mtime 0x00000000000000B5 (mip.MTI <- 0b1, mip.STI <- 0b0)
mem[X,0x00000000800005A4] -> 0x1513
mem[X,0x00000000800005A6] -> 0x0225
[362] [M]: 0x00000000800005A4 (0x02251513) slli x10, x10, 0x22                      inst_60+4
x10 <- 0x0000000400000000

mem[X,0x00000000800005A8] -> 0x2593
mem[X,0x00000000800005AA] -> 0xFFF5
[363] [M]: 0x00000000800005A8 (0xFFF52593) slti x11, x10, -0x1                      inst_60+8
x11 <- 0x0000000000000000

clint mtime 0x00000000000000B6 (mip.MTI <- 0b1, mip.STI <- 0b0)
mem[X,0x00000000800005AC] -> 0x3823
mem[X,0x00000000800005AE] -> 0x12B1
[364] [M]: 0x00000000800005AC (0x12B13823) sd x11, 0x130(x2)                        inst_60+12
mem[W,0x00000000800072F8] <- 0x0000000000000000

mem[X,0x00000000800005B0] -> 0x0513
mem[X,0x00000000800005B2] -> 0x0010
[365] [M]: 0x00000000800005B0 (0x00100513) addi x10, x0, 0x1                        inst_61+0
x10 <- 0x0000000000000001

clint mtime 0x00000000000000B7 (mip.MTI <- 0b1, mip.STI <- 0b0)
mem[X,0x00000000800005B4] -> 0x1513
mem[X,0x00000000800005B6] -> 0x0235
[366] [M]: 0x00000000800005B4 (0x02351513) slli x10, x10, 0x23                      inst_61+4
x10 <- 0x0000000800000000

mem[X,0x00000000800005B8] -> 0x2593
mem[X,0x00000000800005BA] -> 0xFFE5
[367] [M]: 0x00000000800005B8 (0xFFE52593) slti x11, x10, -0x2                      inst_61+8
x11 <- 0x0000000000000000

clint mtime 0x00000000000000B8 (mip.MTI <- 0b1, mip.STI <- 0b0)
mem[X,0x00000000800005BC] -> 0x3C23
mem[X,0x00000000800005BE] -> 0x12B1
[368] [M]: 0x00000000800005BC (0x12B13C23) sd x11, 0x138(x2)                        inst_61+12
mem[W,0x0000000080007300] <- 0x0000000000000000

mem[X,0x00000000800005C0] -> 0x0513
mem[X,0x00000000800005C2] -> 0x0010
[369] [M]: 0x00000000800005C0 (0x00100513) addi x10, x0, 0x1                        inst_62+0
x10 <- 0x0000000000000001

clint mtime 0x00000000000000B9 (mip.MTI <- 0b1, mip.STI <- 0b0)
mem[X,0x00000000800005C4] -> 0x1513
mem[X,0x00000000800005C6] -> 0x0245
[370] [M]: 0x00000000800005C4 (0x02451513) slli x10, x10, 0x24                      inst_62+4
x10 <- 0x0000001000000000

mem[X,0x00000000800005C8] -> 0x2593
mem[X,0x00000000800005CA] -> 0x5545
[371] [M]: 0x00000000800005C8 (0x55452593) slti x11, x10, 0x554                     inst_62+8
x11 <- 0x0000000000000000

clint mtime 0x00000000000000BA (mip.MTI <- 0b1, mip.STI <- 0b0)
mem[X,0x00000000800005CC] -> 0x3023
mem[X,0x00000000800005CE] -> 0x14B1
[372] [M]: 0x00000000800005CC (0x14B13023) sd x11, 0x140(x2)                        inst_62+12
mem[W,0x0000000080007308] <- 0x0000000000000000

mem[X,0x00000000800005D0] -> 0x0513
mem[X,0x00000000800005D2] -> 0x0010
[373] [M]: 0x00000000800005D0 (0x00100513) addi x10, x0, 0x1                        inst_63+0
x10 <- 0x0000000000000001

clint mtime 0x00000000000000BB (mip.MTI <- 0b1, mip.STI <- 0b0)
mem[X,0x00000000800005D4] -> 0x1513
mem[X,0x00000000800005D6] -> 0x0265
[374] [M]: 0x00000000800005D4 (0x02651513) slli x10, x10, 0x26                      inst_63+4
x10 <- 0x0000004000000000

mem[X,0x00000000800005D8] -> 0x2593
mem[X,0x00000000800005DA] -> 0xC005
[375] [M]: 0x00000000800005D8 (0xC0052593) slti x11, x10, -0x400                    inst_63+8
x11 <- 0x0000000000000000

clint mtime 0x00000000000000BC (mip.MTI <- 0b1, mip.STI <- 0b0)
mem[X,0x00000000800005DC] -> 0x3423
mem[X,0x00000000800005DE] -> 0x14B1
[376] [M]: 0x00000000800005DC (0x14B13423) sd x11, 0x148(x2)                        inst_63+12
mem[W,0x0000000080007310] <- 0x0000000000000000

mem[X,0x00000000800005E0] -> 0x0513
mem[X,0x00000000800005E2] -> 0x0010
[377] [M]: 0x00000000800005E0 (0x00100513) addi x10, x0, 0x1                        inst_64+0
x10 <- 0x0000000000000001

clint mtime 0x00000000000000BD (mip.MTI <- 0b1, mip.STI <- 0b0)
mem[X,0x00000000800005E4] -> 0x1513
mem[X,0x00000000800005E6] -> 0x0295
[378] [M]: 0x00000000800005E4 (0x02951513) slli x10, x10, 0x29                      inst_64+4
x10 <- 0x0000020000000000

mem[X,0x00000000800005E8] -> 0x2593
mem[X,0x00000000800005EA] -> 0xFFA5
[379] [M]: 0x00000000800005E8 (0xFFA52593) slti x11, x10, -0x6                      inst_64+8
x11 <- 0x0000000000000000

clint mtime 0x00000000000000BE (mip.MTI <- 0b1, mip.STI <- 0b0)
mem[X,0x00000000800005EC] -> 0x3823
mem[X,0x00000000800005EE] -> 0x14B1
[380] [M]: 0x00000000800005EC (0x14B13823) sd x11, 0x150(x2)                        inst_64+12
mem[W,0x0000000080007318] <- 0x0000000000000000

mem[X,0x00000000800005F0] -> 0x0513
mem[X,0x00000000800005F2] -> 0x0010
[381] [M]: 0x00000000800005F0 (0x00100513) addi x10, x0, 0x1                        inst_65+0
x10 <- 0x0000000000000001

clint mtime 0x00000000000000BF (mip.MTI <- 0b1, mip.STI <- 0b0)
mem[X,0x00000000800005F4] -> 0x1513
mem[X,0x00000000800005F6] -> 0x02B5
[382] [M]: 0x00000000800005F4 (0x02B51513) slli x10, x10, 0x2b                      inst_65+4
x10 <- 0x0000080000000000

mem[X,0x00000000800005F8] -> 0x2593
mem[X,0x00000000800005FA] -> 0x8005
[383] [M]: 0x00000000800005F8 (0x80052593) slti x11, x10, -0x800                    inst_65+8
x11 <- 0x0000000000000000

clint mtime 0x00000000000000C0 (mip.MTI <- 0b1, mip.STI <- 0b0)
mem[X,0x00000000800005FC] -> 0x3C23
mem[X,0x00000000800005FE] -> 0x14B1
[384] [M]: 0x00000000800005FC (0x14B13C23) sd x11, 0x158(x2)                        inst_65+12
mem[W,0x0000000080007320] <- 0x0000000000000000

mem[X,0x0000000080000600] -> 0x0513
mem[X,0x0000000080000602] -> 0x0010
[385] [M]: 0x0000000080000600 (0x00100513) addi x10, x0, 0x1                        inst_66+0
x10 <- 0x0000000000000001

clint mtime 0x00000000000000C1 (mip.MTI <- 0b1, mip.STI <- 0b0)
mem[X,0x0000000080000604] -> 0x1513
mem[X,0x0000000080000606] -> 0x02C5
[386] [M]: 0x0000000080000604 (0x02C51513) slli x10, x10, 0x2c                      inst_66+4
x10 <- 0x0000100000000000

mem[X,0x0000000080000608] -> 0x2593
mem[X,0x000000008000060A] -> 0x0005
[387] [M]: 0x0000000080000608 (0x00052593) slti x11, x10, 0x0                       inst_66+8
x11 <- 0x0000000000000000

clint mtime 0x00000000000000C2 (mip.MTI <- 0b1, mip.STI <- 0b0)
mem[X,0x000000008000060C] -> 0x3023
mem[X,0x000000008000060E] -> 0x16B1
[388] [M]: 0x000000008000060C (0x16B13023) sd x11, 0x160(x2)                        inst_66+12
mem[W,0x0000000080007328] <- 0x0000000000000000

mem[X,0x0000000080000610] -> 0x0513
mem[X,0x0000000080000612] -> 0x0010
[389] [M]: 0x0000000080000610 (0x00100513) addi x10, x0, 0x1                        inst_67+0
x10 <- 0x0000000000000001

clint mtime 0x00000000000000C3 (mip.MTI <- 0b1, mip.STI <- 0b0)
mem[X,0x0000000080000614] -> 0x1513
mem[X,0x0000000080000616] -> 0x02D5
[390] [M]: 0x0000000080000614 (0x02D51513) slli x10, x10, 0x2d                      inst_67+4
x10 <- 0x0000200000000000

mem[X,0x0000000080000618] -> 0x2593
mem[X,0x000000008000061A] -> 0xFD35
[391] [M]: 0x0000000080000618 (0xFD352593) slti x11, x10, -0x2d                     inst_67+8
x11 <- 0x0000000000000000

clint mtime 0x00000000000000C4 (mip.MTI <- 0b1, mip.STI <- 0b0)
mem[X,0x000000008000061C] -> 0x3423
mem[X,0x000000008000061E] -> 0x16B1
[392] [M]: 0x000000008000061C (0x16B13423) sd x11, 0x168(x2)                        inst_67+12
mem[W,0x0000000080007330] <- 0x0000000000000000

mem[X,0x0000000080000620] -> 0x0513
mem[X,0x0000000080000622] -> 0x0010
[393] [M]: 0x0000000080000620 (0x00100513) addi x10, x0, 0x1                        inst_68+0
x10 <- 0x0000000000000001

clint mtime 0x00000000000000C5 (mip.MTI <- 0b1, mip.STI <- 0b0)
mem[X,0x0000000080000624] -> 0x1513
mem[X,0x0000000080000626] -> 0x02E5
[394] [M]: 0x0000000080000624 (0x02E51513) slli x10, x10, 0x2e                      inst_68+4
x10 <- 0x0000400000000000

mem[X,0x0000000080000628] -> 0x2593
mem[X,0x000000008000062A] -> 0xFF65
[395] [M]: 0x0000000080000628 (0xFF652593) slti x11, x10, -0xa                      inst_68+8
x11 <- 0x0000000000000000

clint mtime 0x00000000000000C6 (mip.MTI <- 0b1, mip.STI <- 0b0)
mem[X,0x000000008000062C] -> 0x3823
mem[X,0x000000008000062E] -> 0x16B1
[396] [M]: 0x000000008000062C (0x16B13823) sd x11, 0x170(x2)                        inst_68+12
mem[W,0x0000000080007338] <- 0x0000000000000000

mem[X,0x0000000080000630] -> 0x0513
mem[X,0x0000000080000632] -> 0x0010
[397] [M]: 0x0000000080000630 (0x00100513) addi x10, x0, 0x1                        inst_69+0
x10 <- 0x0000000000000001

clint mtime 0x00000000000000C7 (mip.MTI <- 0b1, mip.STI <- 0b0)
mem[X,0x0000000080000634] -> 0x1513
mem[X,0x0000000080000636] -> 0x02F5
[398] [M]: 0x0000000080000634 (0x02F51513) slli x10, x10, 0x2f                      inst_69+4
x10 <- 0x0000800000000000

mem[X,0x0000000080000638] -> 0x2593
mem[X,0x000000008000063A] -> 0x0205
[399] [M]: 0x0000000080000638 (0x02052593) slti x11, x10, 0x20                      inst_69+8
x11 <- 0x0000000000000000

clint mtime 0x00000000000000C8 (mip.MTI <- 0b1, mip.STI <- 0b0)
mem[X,0x000000008000063C] -> 0x3C23
mem[X,0x000000008000063E] -> 0x16B1
[400] [M]: 0x000000008000063C (0x16B13C23) sd x11, 0x178(x2)                        inst_69+12
mem[W,0x0000000080007340] <- 0x0000000000000000

mem[X,0x0000000080000640] -> 0x0513
mem[X,0x0000000080000642] -> 0x0010
[401] [M]: 0x0000000080000640 (0x00100513) addi x10, x0, 0x1                        inst_70+0
x10 <- 0x0000000000000001

clint mtime 0x00000000000000C9 (mip.MTI <- 0b1, mip.STI <- 0b0)
mem[X,0x0000000080000644] -> 0x1513
mem[X,0x0000000080000646] -> 0x0305
[402] [M]: 0x0000000080000644 (0x03051513) slli x10, x10, 0x30                      inst_70+4
x10 <- 0x0001000000000000

mem[X,0x0000000080000648] -> 0x2593
mem[X,0x000000008000064A] -> 0xFFA5
[403] [M]: 0x0000000080000648 (0xFFA52593) slti x11, x10, -0x6                      inst_70+8
x11 <- 0x0000000000000000

clint mtime 0x00000000000000CA (mip.MTI <- 0b1, mip.STI <- 0b0)
mem[X,0x000000008000064C] -> 0x3023
mem[X,0x000000008000064E] -> 0x18B1
[404] [M]: 0x000000008000064C (0x18B13023) sd x11, 0x180(x2)                        inst_70+12
mem[W,0x0000000080007348] <- 0x0000000000000000

mem[X,0x0000000080000650] -> 0x0513
mem[X,0x0000000080000652] -> 0x0010
[405] [M]: 0x0000000080000650 (0x00100513) addi x10, x0, 0x1                        inst_71+0
x10 <- 0x0000000000000001

clint mtime 0x00000000000000CB (mip.MTI <- 0b1, mip.STI <- 0b0)
mem[X,0x0000000080000654] -> 0x1513
mem[X,0x0000000080000656] -> 0x0335
[406] [M]: 0x0000000080000654 (0x03351513) slli x10, x10, 0x33                      inst_71+4
x10 <- 0x0008000000000000

mem[X,0x0000000080000658] -> 0x2593
mem[X,0x000000008000065A] -> 0xFD45
[407] [M]: 0x0000000080000658 (0xFD452593) slti x11, x10, -0x2c                     inst_71+8
x11 <- 0x0000000000000000

clint mtime 0x00000000000000CC (mip.MTI <- 0b1, mip.STI <- 0b0)
mem[X,0x000000008000065C] -> 0x3423
mem[X,0x000000008000065E] -> 0x18B1
[408] [M]: 0x000000008000065C (0x18B13423) sd x11, 0x188(x2)                        inst_71+12
mem[W,0x0000000080007350] <- 0x0000000000000000

mem[X,0x0000000080000660] -> 0x0513
mem[X,0x0000000080000662] -> 0x0010
[409] [M]: 0x0000000080000660 (0x00100513) addi x10, x0, 0x1                        inst_72+0
x10 <- 0x0000000000000001

clint mtime 0x00000000000000CD (mip.MTI <- 0b1, mip.STI <- 0b0)
mem[X,0x0000000080000664] -> 0x1513
mem[X,0x0000000080000666] -> 0x0345
[410] [M]: 0x0000000080000664 (0x03451513) slli x10, x10, 0x34                      inst_72+4
x10 <- 0x0010000000000000

mem[X,0x0000000080000668] -> 0x2593
mem[X,0x000000008000066A] -> 0x0025
[411] [M]: 0x0000000080000668 (0x00252593) slti x11, x10, 0x2                       inst_72+8
x11 <- 0x0000000000000000

clint mtime 0x00000000000000CE (mip.MTI <- 0b1, mip.STI <- 0b0)
mem[X,0x000000008000066C] -> 0x3823
mem[X,0x000000008000066E] -> 0x18B1
[412] [M]: 0x000000008000066C (0x18B13823) sd x11, 0x190(x2)                        inst_72+12
mem[W,0x0000000080007358] <- 0x0000000000000000

mem[X,0x0000000080000670] -> 0x0513
mem[X,0x0000000080000672] -> 0x0010
[413] [M]: 0x0000000080000670 (0x00100513) addi x10, x0, 0x1                        inst_73+0
x10 <- 0x0000000000000001

clint mtime 0x00000000000000CF (mip.MTI <- 0b1, mip.STI <- 0b0)
mem[X,0x0000000080000674] -> 0x1513
mem[X,0x0000000080000676] -> 0x0355
[414] [M]: 0x0000000080000674 (0x03551513) slli x10, x10, 0x35                      inst_73+4
x10 <- 0x0020000000000000

mem[X,0x0000000080000678] -> 0x2593
mem[X,0x000000008000067A] -> 0xFFC5
[415] [M]: 0x0000000080000678 (0xFFC52593) slti x11, x10, -0x4                      inst_73+8
x11 <- 0x0000000000000000

clint mtime 0x00000000000000D0 (mip.MTI <- 0b1, mip.STI <- 0b0)
mem[X,0x000000008000067C] -> 0x3C23
mem[X,0x000000008000067E] -> 0x18B1
[416] [M]: 0x000000008000067C (0x18B13C23) sd x11, 0x198(x2)                        inst_73+12
mem[W,0x0000000080007360] <- 0x0000000000000000

mem[X,0x0000000080000680] -> 0x0513
mem[X,0x0000000080000682] -> 0x0010
[417] [M]: 0x0000000080000680 (0x00100513) addi x10, x0, 0x1                        inst_74+0
x10 <- 0x0000000000000001

clint mtime 0x00000000000000D1 (mip.MTI <- 0b1, mip.STI <- 0b0)
mem[X,0x0000000080000684] -> 0x1513
mem[X,0x0000000080000686] -> 0x0365
[418] [M]: 0x0000000080000684 (0x03651513) slli x10, x10, 0x36                      inst_74+4
x10 <- 0x0040000000000000

mem[X,0x0000000080000688] -> 0x2593
mem[X,0x000000008000068A] -> 0x0065
[419] [M]: 0x0000000080000688 (0x00652593) slti x11, x10, 0x6                       inst_74+8
x11 <- 0x0000000000000000

clint mtime 0x00000000000000D2 (mip.MTI <- 0b1, mip.STI <- 0b0)
mem[X,0x000000008000068C] -> 0x3023
mem[X,0x000000008000068E] -> 0x1AB1
[420] [M]: 0x000000008000068C (0x1AB13023) sd x11, 0x1a0(x2)                        inst_74+12
mem[W,0x0000000080007368] <- 0x0000000000000000

mem[X,0x0000000080000690] -> 0x0513
mem[X,0x0000000080000692] -> 0x0010
[421] [M]: 0x0000000080000690 (0x00100513) addi x10, x0, 0x1                        inst_75+0
x10 <- 0x0000000000000001

clint mtime 0x00000000000000D3 (mip.MTI <- 0b1, mip.STI <- 0b0)
mem[X,0x0000000080000694] -> 0x1513
mem[X,0x0000000080000696] -> 0x0385
[422] [M]: 0x0000000080000694 (0x03851513) slli x10, x10, 0x38                      inst_75+4
x10 <- 0x0100000000000000

mem[X,0x0000000080000698] -> 0x2593
mem[X,0x000000008000069A] -> 0xAAA5
[423] [M]: 0x0000000080000698 (0xAAA52593) slti x11, x10, -0x556                    inst_75+8
x11 <- 0x0000000000000000

clint mtime 0x00000000000000D4 (mip.MTI <- 0b1, mip.STI <- 0b0)
mem[X,0x000000008000069C] -> 0x3423
mem[X,0x000000008000069E] -> 0x1AB1
[424] [M]: 0x000000008000069C (0x1AB13423) sd x11, 0x1a8(x2)                        inst_75+12
mem[W,0x0000000080007370] <- 0x0000000000000000

mem[X,0x00000000800006A0] -> 0x0513
mem[X,0x00000000800006A2] -> 0x0010
[425] [M]: 0x00000000800006A0 (0x00100513) addi x10, x0, 0x1                        inst_76+0
x10 <- 0x0000000000000001

clint mtime 0x00000000000000D5 (mip.MTI <- 0b1, mip.STI <- 0b0)
mem[X,0x00000000800006A4] -> 0x1513
mem[X,0x00000000800006A6] -> 0x0395
[426] [M]: 0x00000000800006A4 (0x03951513) slli x10, x10, 0x39                      inst_76+4
x10 <- 0x0200000000000000

mem[X,0x00000000800006A8] -> 0x2593
mem[X,0x00000000800006AA] -> 0x5565
[427] [M]: 0x00000000800006A8 (0x55652593) slti x11, x10, 0x556                     inst_76+8
x11 <- 0x0000000000000000

clint mtime 0x00000000000000D6 (mip.MTI <- 0b1, mip.STI <- 0b0)
mem[X,0x00000000800006AC] -> 0x3823
mem[X,0x00000000800006AE] -> 0x1AB1
[428] [M]: 0x00000000800006AC (0x1AB13823) sd x11, 0x1b0(x2)                        inst_76+12
mem[W,0x0000000080007378] <- 0x0000000000000000

mem[X,0x00000000800006B0] -> 0x0513
mem[X,0x00000000800006B2] -> 0x0010
[429] [M]: 0x00000000800006B0 (0x00100513) addi x10, x0, 0x1                        inst_77+0
x10 <- 0x0000000000000001

clint mtime 0x00000000000000D7 (mip.MTI <- 0b1, mip.STI <- 0b0)
mem[X,0x00000000800006B4] -> 0x1513
mem[X,0x00000000800006B6] -> 0x03A5
[430] [M]: 0x00000000800006B4 (0x03A51513) slli x10, x10, 0x3a                      inst_77+4
x10 <- 0x0400000000000000

mem[X,0x00000000800006B8] -> 0x2593
mem[X,0x00000000800006BA] -> 0xAAA5
[431] [M]: 0x00000000800006B8 (0xAAA52593) slti x11, x10, -0x556                    inst_77+8
x11 <- 0x0000000000000000

clint mtime 0x00000000000000D8 (mip.MTI <- 0b1, mip.STI <- 0b0)
mem[X,0x00000000800006BC] -> 0x3C23
mem[X,0x00000000800006BE] -> 0x1AB1
[432] [M]: 0x00000000800006BC (0x1AB13C23) sd x11, 0x1b8(x2)                        inst_77+12
mem[W,0x0000000080007380] <- 0x0000000000000000

mem[X,0x00000000800006C0] -> 0x0513
mem[X,0x00000000800006C2] -> 0x0010
[433] [M]: 0x00000000800006C0 (0x00100513) addi x10, x0, 0x1                        inst_78+0
x10 <- 0x0000000000000001

clint mtime 0x00000000000000D9 (mip.MTI <- 0b1, mip.STI <- 0b0)
mem[X,0x00000000800006C4] -> 0x1513
mem[X,0x00000000800006C6] -> 0x03B5
[434] [M]: 0x00000000800006C4 (0x03B51513) slli x10, x10, 0x3b                      inst_78+4
x10 <- 0x0800000000000000

mem[X,0x00000000800006C8] -> 0x2593
mem[X,0x00000000800006CA] -> 0xEFF5
[435] [M]: 0x00000000800006C8 (0xEFF52593) slti x11, x10, -0x101                    inst_78+8
x11 <- 0x0000000000000000

clint mtime 0x00000000000000DA (mip.MTI <- 0b1, mip.STI <- 0b0)
mem[X,0x00000000800006CC] -> 0x3023
mem[X,0x00000000800006CE] -> 0x1CB1
[436] [M]: 0x00000000800006CC (0x1CB13023) sd x11, 0x1c0(x2)                        inst_78+12
mem[W,0x0000000080007388] <- 0x0000000000000000

mem[X,0x00000000800006D0] -> 0x0513
mem[X,0x00000000800006D2] -> 0x0010
[437] [M]: 0x00000000800006D0 (0x00100513) addi x10, x0, 0x1                        inst_79+0
x10 <- 0x0000000000000001

clint mtime 0x00000000000000DB (mip.MTI <- 0b1, mip.STI <- 0b0)
mem[X,0x00000000800006D4] -> 0x1513
mem[X,0x00000000800006D6] -> 0x03C5
[438] [M]: 0x00000000800006D4 (0x03C51513) slli x10, x10, 0x3c                      inst_79+4
x10 <- 0x1000000000000000

mem[X,0x00000000800006D8] -> 0x2593
mem[X,0x00000000800006DA] -> 0x3335
[439] [M]: 0x00000000800006D8 (0x33352593) slti x11, x10, 0x333                     inst_79+8
x11 <- 0x0000000000000000

clint mtime 0x00000000000000DC (mip.MTI <- 0b1, mip.STI <- 0b0)
mem[X,0x00000000800006DC] -> 0x3423
mem[X,0x00000000800006DE] -> 0x1CB1
[440] [M]: 0x00000000800006DC (0x1CB13423) sd x11, 0x1c8(x2)                        inst_79+12
mem[W,0x0000000080007390] <- 0x0000000000000000

mem[X,0x00000000800006E0] -> 0x0513
mem[X,0x00000000800006E2] -> 0x0010
[441] [M]: 0x00000000800006E0 (0x00100513) addi x10, x0, 0x1                        inst_80+0
x10 <- 0x0000000000000001

clint mtime 0x00000000000000DD (mip.MTI <- 0b1, mip.STI <- 0b0)
mem[X,0x00000000800006E4] -> 0x1513
mem[X,0x00000000800006E6] -> 0x03D5
[442] [M]: 0x00000000800006E4 (0x03D51513) slli x10, x10, 0x3d                      inst_80+4
x10 <- 0x2000000000000000

mem[X,0x00000000800006E8] -> 0x2593
mem[X,0x00000000800006EA] -> 0x0805
[443] [M]: 0x00000000800006E8 (0x08052593) slti x11, x10, 0x80                      inst_80+8
x11 <- 0x0000000000000000

clint mtime 0x00000000000000DE (mip.MTI <- 0b1, mip.STI <- 0b0)
mem[X,0x00000000800006EC] -> 0x3823
mem[X,0x00000000800006EE] -> 0x1CB1
[444] [M]: 0x00000000800006EC (0x1CB13823) sd x11, 0x1d0(x2)                        inst_80+12
mem[W,0x0000000080007398] <- 0x0000000000000000

mem[X,0x00000000800006F0] -> 0x0513
mem[X,0x00000000800006F2] -> 0x0010
[445] [M]: 0x00000000800006F0 (0x00100513) addi x10, x0, 0x1                        inst_81+0
x10 <- 0x0000000000000001

clint mtime 0x00000000000000DF (mip.MTI <- 0b1, mip.STI <- 0b0)
mem[X,0x00000000800006F4] -> 0x1513
mem[X,0x00000000800006F6] -> 0x03E5
[446] [M]: 0x00000000800006F4 (0x03E51513) slli x10, x10, 0x3e                      inst_81+4
x10 <- 0x4000000000000000

mem[X,0x00000000800006F8] -> 0x2593
mem[X,0x00000000800006FA] -> 0xF7F5
[447] [M]: 0x00000000800006F8 (0xF7F52593) slti x11, x10, -0x81                     inst_81+8
x11 <- 0x0000000000000000

clint mtime 0x00000000000000E0 (mip.MTI <- 0b1, mip.STI <- 0b0)
mem[X,0x00000000800006FC] -> 0x3C23
mem[X,0x00000000800006FE] -> 0x1CB1
[448] [M]: 0x00000000800006FC (0x1CB13C23) sd x11, 0x1d8(x2)                        inst_81+12
mem[W,0x00000000800073A0] <- 0x0000000000000000

mem[X,0x0000000080000700] -> 0x0513
mem[X,0x0000000080000702] -> 0xFFD0
[449] [M]: 0x0000000080000700 (0xFFD00513) addi x10, x0, -0x3                       inst_82+0
x10 <- 0xFFFFFFFFFFFFFFFD

clint mtime 0x00000000000000E1 (mip.MTI <- 0b1, mip.STI <- 0b0)
mem[X,0x0000000080000704] -> 0x2593
mem[X,0x0000000080000706] -> 0xFFA5
[450] [M]: 0x0000000080000704 (0xFFA52593) slti x11, x10, -0x6                      inst_82+4
x11 <- 0x0000000000000000

mem[X,0x0000000080000708] -> 0x3023
mem[X,0x000000008000070A] -> 0x1EB1
[451] [M]: 0x0000000080000708 (0x1EB13023) sd x11, 0x1e0(x2)                        inst_82+8
mem[W,0x00000000800073A8] <- 0x0000000000000000

clint mtime 0x00000000000000E2 (mip.MTI <- 0b1, mip.STI <- 0b0)
mem[X,0x000000008000070C] -> 0x0513
mem[X,0x000000008000070E] -> 0xFFB0
[452] [M]: 0x000000008000070C (0xFFB00513) addi x10, x0, -0x5                       inst_83+0
x10 <- 0xFFFFFFFFFFFFFFFB

mem[X,0x0000000080000710] -> 0x2593
mem[X,0x0000000080000712] -> 0x8005
[453] [M]: 0x0000000080000710 (0x80052593) slti x11, x10, -0x800                    inst_83+4
x11 <- 0x0000000000000000

clint mtime 0x00000000000000E3 (mip.MTI <- 0b1, mip.STI <- 0b0)
mem[X,0x0000000080000714] -> 0x3423
mem[X,0x0000000080000716] -> 0x1EB1
[454] [M]: 0x0000000080000714 (0x1EB13423) sd x11, 0x1e8(x2)                        inst_83+8
mem[W,0x00000000800073B0] <- 0x0000000000000000

mem[X,0x0000000080000718] -> 0x0513
mem[X,0x000000008000071A] -> 0xFF70
[455] [M]: 0x0000000080000718 (0xFF700513) addi x10, x0, -0x9                       inst_84+0
x10 <- 0xFFFFFFFFFFFFFFF7

clint mtime 0x00000000000000E4 (mip.MTI <- 0b1, mip.STI <- 0b0)
mem[X,0x000000008000071C] -> 0x2593
mem[X,0x000000008000071E] -> 0xFF85
[456] [M]: 0x000000008000071C (0xFF852593) slti x11, x10, -0x8                      inst_84+4
x11 <- 0x0000000000000001

mem[X,0x0000000080000720] -> 0x3823
mem[X,0x0000000080000722] -> 0x1EB1
[457] [M]: 0x0000000080000720 (0x1EB13823) sd x11, 0x1f0(x2)                        inst_84+8
mem[W,0x00000000800073B8] <- 0x0000000000000001

clint mtime 0x00000000000000E5 (mip.MTI <- 0b1, mip.STI <- 0b0)
mem[X,0x0000000080000724] -> 0x0513
mem[X,0x0000000080000726] -> 0xFEF0
[458] [M]: 0x0000000080000724 (0xFEF00513) addi x10, x0, -0x11                      inst_85+0
x10 <- 0xFFFFFFFFFFFFFFEF

mem[X,0x0000000080000728] -> 0x2593
mem[X,0x000000008000072A] -> 0x5545
[459] [M]: 0x0000000080000728 (0x55452593) slti x11, x10, 0x554                     inst_85+4
x11 <- 0x0000000000000001

clint mtime 0x00000000000000E6 (mip.MTI <- 0b1, mip.STI <- 0b0)
mem[X,0x000000008000072C] -> 0x3C23
mem[X,0x000000008000072E] -> 0x1EB1
[460] [M]: 0x000000008000072C (0x1EB13C23) sd x11, 0x1f8(x2)                        inst_85+8
mem[W,0x00000000800073C0] <- 0x0000000000000001

mem[X,0x0000000080000730] -> 0x0513
mem[X,0x0000000080000732] -> 0xFDF0
[461] [M]: 0x0000000080000730 (0xFDF00513) addi x10, x0, -0x21                      inst_86+0
x10 <- 0xFFFFFFFFFFFFFFDF

clint mtime 0x00000000000000E7 (mip.MTI <- 0b1, mip.STI <- 0b0)
mem[X,0x0000000080000734] -> 0x2593
mem[X,0x0000000080000736] -> 0x3335
[462] [M]: 0x0000000080000734 (0x33352593) slti x11, x10, 0x333                     inst_86+4
x11 <- 0x0000000000000001

mem[X,0x0000000080000738] -> 0x3023
mem[X,0x000000008000073A] -> 0x20B1
[463] [M]: 0x0000000080000738 (0x20B13023) sd x11, 0x200(x2)                        inst_86+8
mem[W,0x00000000800073C8] <- 0x0000000000000001

clint mtime 0x00000000000000E8 (mip.MTI <- 0b1, mip.STI <- 0b0)
mem[X,0x000000008000073C] -> 0x0513
mem[X,0x000000008000073E] -> 0xFBF0
[464] [M]: 0x000000008000073C (0xFBF00513) addi x10, x0, -0x41                      inst_87+0
x10 <- 0xFFFFFFFFFFFFFFBF

mem[X,0x0000000080000740] -> 0x2593
mem[X,0x0000000080000742] -> 0xEFF5
[465] [M]: 0x0000000080000740 (0xEFF52593) slti x11, x10, -0x101                    inst_87+4
x11 <- 0x0000000000000000

clint mtime 0x00000000000000E9 (mip.MTI <- 0b1, mip.STI <- 0b0)
mem[X,0x0000000080000744] -> 0x3423
mem[X,0x0000000080000746] -> 0x20B1
[466] [M]: 0x0000000080000744 (0x20B13423) sd x11, 0x208(x2)                        inst_87+8
mem[W,0x00000000800073D0] <- 0x0000000000000000

mem[X,0x0000000080000748] -> 0x0513
mem[X,0x000000008000074A] -> 0xF7F0
[467] [M]: 0x0000000080000748 (0xF7F00513) addi x10, x0, -0x81                      inst_88+0
x10 <- 0xFFFFFFFFFFFFFF7F

clint mtime 0x00000000000000EA (mip.MTI <- 0b1, mip.STI <- 0b0)
mem[X,0x000000008000074C] -> 0x2593
mem[X,0x000000008000074E] -> 0xAAA5
[468] [M]: 0x000000008000074C (0xAAA52593) slti x11, x10, -0x556                    inst_88+4
x11 <- 0x0000000000000000

mem[X,0x0000000080000750] -> 0x3823
mem[X,0x0000000080000752] -> 0x20B1
[469] [M]: 0x0000000080000750 (0x20B13823) sd x11, 0x210(x2)                        inst_88+8
mem[W,0x00000000800073D8] <- 0x0000000000000000

clint mtime 0x00000000000000EB (mip.MTI <- 0b1, mip.STI <- 0b0)
mem[X,0x0000000080000754] -> 0x0513
mem[X,0x0000000080000756] -> 0xEFF0
[470] [M]: 0x0000000080000754 (0xEFF00513) addi x10, x0, -0x101                     inst_89+0
x10 <- 0xFFFFFFFFFFFFFEFF

mem[X,0x0000000080000758] -> 0x2593
mem[X,0x000000008000075A] -> 0xFF95
[471] [M]: 0x0000000080000758 (0xFF952593) slti x11, x10, -0x7                      inst_89+4
x11 <- 0x0000000000000001

clint mtime 0x00000000000000EC (mip.MTI <- 0b1, mip.STI <- 0b0)
mem[X,0x000000008000075C] -> 0x3C23
mem[X,0x000000008000075E] -> 0x20B1
[472] [M]: 0x000000008000075C (0x20B13C23) sd x11, 0x218(x2)                        inst_89+8
mem[W,0x00000000800073E0] <- 0x0000000000000001

mem[X,0x0000000080000760] -> 0x0513
mem[X,0x0000000080000762] -> 0xDFF0
[473] [M]: 0x0000000080000760 (0xDFF00513) addi x10, x0, -0x201                     inst_90+0
x10 <- 0xFFFFFFFFFFFFFDFF

clint mtime 0x00000000000000ED (mip.MTI <- 0b1, mip.STI <- 0b0)
mem[X,0x0000000080000764] -> 0x2593
mem[X,0x0000000080000766] -> 0x0035
[474] [M]: 0x0000000080000764 (0x00352593) slti x11, x10, 0x3                       inst_90+4
x11 <- 0x0000000000000001

mem[X,0x0000000080000768] -> 0x3023
mem[X,0x000000008000076A] -> 0x22B1
[475] [M]: 0x0000000080000768 (0x22B13023) sd x11, 0x220(x2)                        inst_90+8
mem[W,0x00000000800073E8] <- 0x0000000000000001

clint mtime 0x00000000000000EE (mip.MTI <- 0b1, mip.STI <- 0b0)
mem[X,0x000000008000076C] -> 0x0513
mem[X,0x000000008000076E] -> 0xBFF0
[476] [M]: 0x000000008000076C (0xBFF00513) addi x10, x0, -0x401                     inst_91+0
x10 <- 0xFFFFFFFFFFFFFBFF

mem[X,0x0000000080000770] -> 0x2593
mem[X,0x0000000080000772] -> 0x0075
[477] [M]: 0x0000000080000770 (0x00752593) slti x11, x10, 0x7                       inst_91+4
x11 <- 0x0000000000000001

clint mtime 0x00000000000000EF (mip.MTI <- 0b1, mip.STI <- 0b0)
mem[X,0x0000000080000774] -> 0x3423
mem[X,0x0000000080000776] -> 0x22B1
[478] [M]: 0x0000000080000774 (0x22B13423) sd x11, 0x228(x2)                        inst_91+8
mem[W,0x00000000800073F0] <- 0x0000000000000001

mem[X,0x0000000080000778] -> 0x0513
mem[X,0x000000008000077A] -> 0x0010
[479] [M]: 0x0000000080000778 (0x00100513) addi x10, x0, 0x1                        inst_92+0
x10 <- 0x0000000000000001

clint mtime 0x00000000000000F0 (mip.MTI <- 0b1, mip.STI <- 0b0)
mem[X,0x000000008000077C] -> 0x1513
mem[X,0x000000008000077E] -> 0x00B5
[480] [M]: 0x000000008000077C (0x00B51513) slli x10, x10, 0xb                       inst_92+4
x10 <- 0x0000000000000800

mem[X,0x0000000080000780] -> 0x4513
mem[X,0x0000000080000782] -> 0xFFF5
[481] [M]: 0x0000000080000780 (0xFFF54513) xori x10, x10, -0x1                      inst_92+8
x10 <- 0xFFFFFFFFFFFFF7FF

clint mtime 0x00000000000000F1 (mip.MTI <- 0b1, mip.STI <- 0b0)
mem[X,0x0000000080000784] -> 0x2593
mem[X,0x0000000080000786] -> 0x0055
[482] [M]: 0x0000000080000784 (0x00552593) slti x11, x10, 0x5                       inst_92+12
x11 <- 0x0000000000000001

mem[X,0x0000000080000788] -> 0x3823
mem[X,0x000000008000078A] -> 0x22B1
[483] [M]: 0x0000000080000788 (0x22B13823) sd x11, 0x230(x2)                        inst_92+16
mem[W,0x00000000800073F8] <- 0x0000000000000001

clint mtime 0x00000000000000F2 (mip.MTI <- 0b1, mip.STI <- 0b0)
mem[X,0x000000008000078C] -> 0x0513
mem[X,0x000000008000078E] -> 0x0010
[484] [M]: 0x000000008000078C (0x00100513) addi x10, x0, 0x1                        inst_93+0
x10 <- 0x0000000000000001

mem[X,0x0000000080000790] -> 0x1513
mem[X,0x0000000080000792] -> 0x00D5
[485] [M]: 0x0000000080000790 (0x00D51513) slli x10, x10, 0xd                       inst_93+4
x10 <- 0x0000000000002000

clint mtime 0x00000000000000F3 (mip.MTI <- 0b1, mip.STI <- 0b0)
mem[X,0x0000000080000794] -> 0x4513
mem[X,0x0000000080000796] -> 0xFFF5
[486] [M]: 0x0000000080000794 (0xFFF54513) xori x10, x10, -0x1                      inst_93+8
x10 <- 0xFFFFFFFFFFFFDFFF

mem[X,0x0000000080000798] -> 0x2593
mem[X,0x000000008000079A] -> 0x0035
[487] [M]: 0x0000000080000798 (0x00352593) slti x11, x10, 0x3                       inst_93+12
x11 <- 0x0000000000000001

clint mtime 0x00000000000000F4 (mip.MTI <- 0b1, mip.STI <- 0b0)
mem[X,0x000000008000079C] -> 0x3C23
mem[X,0x000000008000079E] -> 0x22B1
[488] [M]: 0x000000008000079C (0x22B13C23) sd x11, 0x238(x2)                        inst_93+16
mem[W,0x0000000080007400] <- 0x0000000000000001

mem[X,0x00000000800007A0] -> 0x0513
mem[X,0x00000000800007A2] -> 0x0010
[489] [M]: 0x00000000800007A0 (0x00100513) addi x10, x0, 0x1                        inst_94+0
x10 <- 0x0000000000000001

clint mtime 0x00000000000000F5 (mip.MTI <- 0b1, mip.STI <- 0b0)
mem[X,0x00000000800007A4] -> 0x1513
mem[X,0x00000000800007A6] -> 0x0105
[490] [M]: 0x00000000800007A4 (0x01051513) slli x10, x10, 0x10                      inst_94+4
x10 <- 0x0000000000010000

mem[X,0x00000000800007A8] -> 0x4513
mem[X,0x00000000800007AA] -> 0xFFF5
[491] [M]: 0x00000000800007A8 (0xFFF54513) xori x10, x10, -0x1                      inst_94+8
x10 <- 0xFFFFFFFFFFFEFFFF

clint mtime 0x00000000000000F6 (mip.MTI <- 0b1, mip.STI <- 0b0)
mem[X,0x00000000800007AC] -> 0x2593
mem[X,0x00000000800007AE] -> 0x6675
[492] [M]: 0x00000000800007AC (0x66752593) slti x11, x10, 0x667                     inst_94+12
x11 <- 0x0000000000000001

mem[X,0x00000000800007B0] -> 0x3023
mem[X,0x00000000800007B2] -> 0x24B1
[493] [M]: 0x00000000800007B0 (0x24B13023) sd x11, 0x240(x2)                        inst_94+16
mem[W,0x0000000080007408] <- 0x0000000000000001

clint mtime 0x00000000000000F7 (mip.MTI <- 0b1, mip.STI <- 0b0)
mem[X,0x00000000800007B4] -> 0x0513
mem[X,0x00000000800007B6] -> 0x0010
[494] [M]: 0x00000000800007B4 (0x00100513) addi x10, x0, 0x1                        inst_95+0
x10 <- 0x0000000000000001

mem[X,0x00000000800007B8] -> 0x1513
mem[X,0x00000000800007BA] -> 0x0115
[495] [M]: 0x00000000800007B8 (0x01151513) slli x10, x10, 0x11                      inst_95+4
x10 <- 0x0000000000020000

clint mtime 0x00000000000000F8 (mip.MTI <- 0b1, mip.STI <- 0b0)
mem[X,0x00000000800007BC] -> 0x4513
mem[X,0x00000000800007BE] -> 0xFFF5
[496] [M]: 0x00000000800007BC (0xFFF54513) xori x10, x10, -0x1                      inst_95+8
x10 <- 0xFFFFFFFFFFFDFFFF

mem[X,0x00000000800007C0] -> 0x2593
mem[X,0x00000000800007C2] -> 0x0055
[497] [M]: 0x00000000800007C0 (0x00552593) slti x11, x10, 0x5                       inst_95+12
x11 <- 0x0000000000000001

clint mtime 0x00000000000000F9 (mip.MTI <- 0b1, mip.STI <- 0b0)
mem[X,0x00000000800007C4] -> 0x3423
mem[X,0x00000000800007C6] -> 0x24B1
[498] [M]: 0x00000000800007C4 (0x24B13423) sd x11, 0x248(x2)                        inst_95+16
mem[W,0x0000000080007410] <- 0x0000000000000001

mem[X,0x00000000800007C8] -> 0x0513
mem[X,0x00000000800007CA] -> 0x0010
[499] [M]: 0x00000000800007C8 (0x00100513) addi x10, x0, 0x1                        inst_96+0
x10 <- 0x0000000000000001

clint mtime 0x00000000000000FA (mip.MTI <- 0b1, mip.STI <- 0b0)
mem[X,0x00000000800007CC] -> 0x1513
mem[X,0x00000000800007CE] -> 0x0125
[500] [M]: 0x00000000800007CC (0x01251513) slli x10, x10, 0x12                      inst_96+4
x10 <- 0x0000000000040000

mem[X,0x00000000800007D0] -> 0x4513
mem[X,0x00000000800007D2] -> 0xFFF5
[501] [M]: 0x00000000800007D0 (0xFFF54513) xori x10, x10, -0x1                      inst_96+8
x10 <- 0xFFFFFFFFFFFBFFFF

clint mtime 0x00000000000000FB (mip.MTI <- 0b1, mip.STI <- 0b0)
mem[X,0x00000000800007D4] -> 0x2593
mem[X,0x00000000800007D6] -> 0x0045
[502] [M]: 0x00000000800007D4 (0x00452593) slti x11, x10, 0x4                       inst_96+12
x11 <- 0x0000000000000001

mem[X,0x00000000800007D8] -> 0x3823
mem[X,0x00000000800007DA] -> 0x24B1
[503] [M]: 0x00000000800007D8 (0x24B13823) sd x11, 0x250(x2)                        inst_96+16
mem[W,0x0000000080007418] <- 0x0000000000000001

clint mtime 0x00000000000000FC (mip.MTI <- 0b1, mip.STI <- 0b0)
mem[X,0x00000000800007DC] -> 0x0513
mem[X,0x00000000800007DE] -> 0x0010
[504] [M]: 0x00000000800007DC (0x00100513) addi x10, x0, 0x1                        inst_97+0
x10 <- 0x0000000000000001

mem[X,0x00000000800007E0] -> 0x1513
mem[X,0x00000000800007E2] -> 0x0135
[505] [M]: 0x00000000800007E0 (0x01351513) slli x10, x10, 0x13                      inst_97+4
x10 <- 0x0000000000080000

clint mtime 0x00000000000000FD (mip.MTI <- 0b1, mip.STI <- 0b0)
mem[X,0x00000000800007E4] -> 0x4513
mem[X,0x00000000800007E6] -> 0xFFF5
[506] [M]: 0x00000000800007E4 (0xFFF54513) xori x10, x10, -0x1                      inst_97+8
x10 <- 0xFFFFFFFFFFF7FFFF

mem[X,0x00000000800007E8] -> 0x2593
mem[X,0x00000000800007EA] -> 0xFF95
[507] [M]: 0x00000000800007E8 (0xFF952593) slti x11, x10, -0x7                      inst_97+12
x11 <- 0x0000000000000001

clint mtime 0x00000000000000FE (mip.MTI <- 0b1, mip.STI <- 0b0)
mem[X,0x00000000800007EC] -> 0x3C23
mem[X,0x00000000800007EE] -> 0x24B1
[508] [M]: 0x00000000800007EC (0x24B13C23) sd x11, 0x258(x2)                        inst_97+16
mem[W,0x0000000080007420] <- 0x0000000000000001

mem[X,0x00000000800007F0] -> 0x0513
mem[X,0x00000000800007F2] -> 0x0010
[509] [M]: 0x00000000800007F0 (0x00100513) addi x10, x0, 0x1                        inst_98+0
x10 <- 0x0000000000000001

clint mtime 0x00000000000000FF (mip.MTI <- 0b1, mip.STI <- 0b0)
mem[X,0x00000000800007F4] -> 0x1513
mem[X,0x00000000800007F6] -> 0x0145
[510] [M]: 0x00000000800007F4 (0x01451513) slli x10, x10, 0x14                      inst_98+4
x10 <- 0x0000000000100000

mem[X,0x00000000800007F8] -> 0x4513
mem[X,0x00000000800007FA] -> 0xFFF5
[511] [M]: 0x00000000800007F8 (0xFFF54513) xori x10, x10, -0x1                      inst_98+8
x10 <- 0xFFFFFFFFFFEFFFFF

clint mtime 0x0000000000000100 (mip.MTI <- 0b1, mip.STI <- 0b0)
mem[X,0x00000000800007FC] -> 0x2593
mem[X,0x00000000800007FE] -> 0x0095
[512] [M]: 0x00000000800007FC (0x00952593) slti x11, x10, 0x9                       inst_98+12
x11 <- 0x0000000000000001

mem[X,0x0000000080000800] -> 0x3023
mem[X,0x0000000080000802] -> 0x26B1
[513] [M]: 0x0000000080000800 (0x26B13023) sd x11, 0x260(x2)                        inst_98+16
mem[W,0x0000000080007428] <- 0x0000000000000001

clint mtime 0x0000000000000101 (mip.MTI <- 0b1, mip.STI <- 0b0)
mem[X,0x0000000080000804] -> 0x0513
mem[X,0x0000000080000806] -> 0x0010
[514] [M]: 0x0000000080000804 (0x00100513) addi x10, x0, 0x1                        inst_99+0
x10 <- 0x0000000000000001

mem[X,0x0000000080000808] -> 0x1513
mem[X,0x000000008000080A] -> 0x0155
[515] [M]: 0x0000000080000808 (0x01551513) slli x10, x10, 0x15                      inst_99+4
x10 <- 0x0000000000200000

clint mtime 0x0000000000000102 (mip.MTI <- 0b1, mip.STI <- 0b0)
mem[X,0x000000008000080C] -> 0x4513
mem[X,0x000000008000080E] -> 0xFFF5
[516] [M]: 0x000000008000080C (0xFFF54513) xori x10, x10, -0x1                      inst_99+8
x10 <- 0xFFFFFFFFFFDFFFFF

mem[X,0x0000000080000810] -> 0x2593
mem[X,0x0000000080000812] -> 0x3335
[517] [M]: 0x0000000080000810 (0x33352593) slti x11, x10, 0x333                     inst_99+12
x11 <- 0x0000000000000001

clint mtime 0x0000000000000103 (mip.MTI <- 0b1, mip.STI <- 0b0)
mem[X,0x0000000080000814] -> 0x3423
mem[X,0x0000000080000816] -> 0x26B1
[518] [M]: 0x0000000080000814 (0x26B13423) sd x11, 0x268(x2)                        inst_99+16
mem[W,0x0000000080007430] <- 0x0000000000000001

mem[X,0x0000000080000818] -> 0x0513
mem[X,0x000000008000081A] -> 0x0010
[519] [M]: 0x0000000080000818 (0x00100513) addi x10, x0, 0x1                        inst_100+0
x10 <- 0x0000000000000001

clint mtime 0x0000000000000104 (mip.MTI <- 0b1, mip.STI <- 0b0)
mem[X,0x000000008000081C] -> 0x1513
mem[X,0x000000008000081E] -> 0x0165
[520] [M]: 0x000000008000081C (0x01651513) slli x10, x10, 0x16                      inst_100+4
x10 <- 0x0000000000400000

mem[X,0x0000000080000820] -> 0x4513
mem[X,0x0000000080000822] -> 0xFFF5
[521] [M]: 0x0000000080000820 (0xFFF54513) xori x10, x10, -0x1                      inst_100+8
x10 <- 0xFFFFFFFFFFBFFFFF

clint mtime 0x0000000000000105 (mip.MTI <- 0b1, mip.STI <- 0b0)
mem[X,0x0000000080000824] -> 0x2593
mem[X,0x0000000080000826] -> 0x0035
[522] [M]: 0x0000000080000824 (0x00352593) slti x11, x10, 0x3                       inst_100+12
x11 <- 0x0000000000000001

mem[X,0x0000000080000828] -> 0x3823
mem[X,0x000000008000082A] -> 0x26B1
[523] [M]: 0x0000000080000828 (0x26B13823) sd x11, 0x270(x2)                        inst_100+16
mem[W,0x0000000080007438] <- 0x0000000000000001

clint mtime 0x0000000000000106 (mip.MTI <- 0b1, mip.STI <- 0b0)
mem[X,0x000000008000082C] -> 0x0513
mem[X,0x000000008000082E] -> 0x0010
[524] [M]: 0x000000008000082C (0x00100513) addi x10, x0, 0x1                        inst_101+0
x10 <- 0x0000000000000001

mem[X,0x0000000080000830] -> 0x1513
mem[X,0x0000000080000832] -> 0x0175
[525] [M]: 0x0000000080000830 (0x01751513) slli x10, x10, 0x17                      inst_101+4
x10 <- 0x0000000000800000

clint mtime 0x0000000000000107 (mip.MTI <- 0b1, mip.STI <- 0b0)
mem[X,0x0000000080000834] -> 0x4513
mem[X,0x0000000080000836] -> 0xFFF5
[526] [M]: 0x0000000080000834 (0xFFF54513) xori x10, x10, -0x1                      inst_101+8
x10 <- 0xFFFFFFFFFF7FFFFF

mem[X,0x0000000080000838] -> 0x2593
mem[X,0x000000008000083A] -> 0x0055
[527] [M]: 0x0000000080000838 (0x00552593) slti x11, x10, 0x5                       inst_101+12
x11 <- 0x0000000000000001

clint mtime 0x0000000000000108 (mip.MTI <- 0b1, mip.STI <- 0b0)
mem[X,0x000000008000083C] -> 0x3C23
mem[X,0x000000008000083E] -> 0x26B1
[528] [M]: 0x000000008000083C (0x26B13C23) sd x11, 0x278(x2)                        inst_101+16
mem[W,0x0000000080007440] <- 0x0000000000000001

mem[X,0x0000000080000840] -> 0x0513
mem[X,0x0000000080000842] -> 0x0010
[529] [M]: 0x0000000080000840 (0x00100513) addi x10, x0, 0x1                        inst_102+0
x10 <- 0x0000000000000001

clint mtime 0x0000000000000109 (mip.MTI <- 0b1, mip.STI <- 0b0)
mem[X,0x0000000080000844] -> 0x1513
mem[X,0x0000000080000846] -> 0x0185
[530] [M]: 0x0000000080000844 (0x01851513) slli x10, x10, 0x18                      inst_102+4
x10 <- 0x0000000001000000

mem[X,0x0000000080000848] -> 0x4513
mem[X,0x000000008000084A] -> 0xFFF5
[531] [M]: 0x0000000080000848 (0xFFF54513) xori x10, x10, -0x1                      inst_102+8
x10 <- 0xFFFFFFFFFEFFFFFF

clint mtime 0x000000000000010A (mip.MTI <- 0b1, mip.STI <- 0b0)
mem[X,0x000000008000084C] -> 0x2593
mem[X,0x000000008000084E] -> 0xFD35
[532] [M]: 0x000000008000084C (0xFD352593) slti x11, x10, -0x2d                     inst_102+12
x11 <- 0x0000000000000001

mem[X,0x0000000080000850] -> 0x3023
mem[X,0x0000000080000852] -> 0x28B1
[533] [M]: 0x0000000080000850 (0x28B13023) sd x11, 0x280(x2)                        inst_102+16
mem[W,0x0000000080007448] <- 0x0000000000000001

clint mtime 0x000000000000010B (mip.MTI <- 0b1, mip.STI <- 0b0)
mem[X,0x0000000080000854] -> 0x0513
mem[X,0x0000000080000856] -> 0x0010
[534] [M]: 0x0000000080000854 (0x00100513) addi x10, x0, 0x1                        inst_103+0
x10 <- 0x0000000000000001

mem[X,0x0000000080000858] -> 0x1513
mem[X,0x000000008000085A] -> 0x0195
[535] [M]: 0x0000000080000858 (0x01951513) slli x10, x10, 0x19                      inst_103+4
x10 <- 0x0000000002000000

clint mtime 0x000000000000010C (mip.MTI <- 0b1, mip.STI <- 0b0)
mem[X,0x000000008000085C] -> 0x4513
mem[X,0x000000008000085E] -> 0xFFF5
[536] [M]: 0x000000008000085C (0xFFF54513) xori x10, x10, -0x1                      inst_103+8
x10 <- 0xFFFFFFFFFDFFFFFF

mem[X,0x0000000080000860] -> 0x2593
mem[X,0x0000000080000862] -> 0x3325
[537] [M]: 0x0000000080000860 (0x33252593) slti x11, x10, 0x332                     inst_103+12
x11 <- 0x0000000000000001

clint mtime 0x000000000000010D (mip.MTI <- 0b1, mip.STI <- 0b0)
mem[X,0x0000000080000864] -> 0x3423
mem[X,0x0000000080000866] -> 0x28B1
[538] [M]: 0x0000000080000864 (0x28B13423) sd x11, 0x288(x2)                        inst_103+16
mem[W,0x0000000080007450] <- 0x0000000000000001

mem[X,0x0000000080000868] -> 0x0513
mem[X,0x000000008000086A] -> 0x0010
[539] [M]: 0x0000000080000868 (0x00100513) addi x10, x0, 0x1                        inst_104+0
x10 <- 0x0000000000000001

clint mtime 0x000000000000010E (mip.MTI <- 0b1, mip.STI <- 0b0)
mem[X,0x000000008000086C] -> 0x1513
mem[X,0x000000008000086E] -> 0x01A5
[540] [M]: 0x000000008000086C (0x01A51513) slli x10, x10, 0x1a                      inst_104+4
x10 <- 0x0000000004000000

mem[X,0x0000000080000870] -> 0x4513
mem[X,0x0000000080000872] -> 0xFFF5
[541] [M]: 0x0000000080000870 (0xFFF54513) xori x10, x10, -0x1                      inst_104+8
x10 <- 0xFFFFFFFFFBFFFFFF

clint mtime 0x000000000000010F (mip.MTI <- 0b1, mip.STI <- 0b0)
mem[X,0x0000000080000874] -> 0x2593
mem[X,0x0000000080000876] -> 0x0045
[542] [M]: 0x0000000080000874 (0x00452593) slti x11, x10, 0x4                       inst_104+12
x11 <- 0x0000000000000001

mem[X,0x0000000080000878] -> 0x3823
mem[X,0x000000008000087A] -> 0x28B1
[543] [M]: 0x0000000080000878 (0x28B13823) sd x11, 0x290(x2)                        inst_104+16
mem[W,0x0000000080007458] <- 0x0000000000000001

clint mtime 0x0000000000000110 (mip.MTI <- 0b1, mip.STI <- 0b0)
mem[X,0x000000008000087C] -> 0x0513
mem[X,0x000000008000087E] -> 0x0010
[544] [M]: 0x000000008000087C (0x00100513) addi x10, x0, 0x1                        inst_105+0
x10 <- 0x0000000000000001

mem[X,0x0000000080000880] -> 0x1513
mem[X,0x0000000080000882] -> 0x01B5
[545] [M]: 0x0000000080000880 (0x01B51513) slli x10, x10, 0x1b                      inst_105+4
x10 <- 0x0000000008000000

clint mtime 0x0000000000000111 (mip.MTI <- 0b1, mip.STI <- 0b0)
mem[X,0x0000000080000884] -> 0x4513
mem[X,0x0000000080000886] -> 0xFFF5
[546] [M]: 0x0000000080000884 (0xFFF54513) xori x10, x10, -0x1                      inst_105+8
x10 <- 0xFFFFFFFFF7FFFFFF

mem[X,0x0000000080000888] -> 0x2593
mem[X,0x000000008000088A] -> 0x0805
[547] [M]: 0x0000000080000888 (0x08052593) slti x11, x10, 0x80                      inst_105+12
x11 <- 0x0000000000000001

clint mtime 0x0000000000000112 (mip.MTI <- 0b1, mip.STI <- 0b0)
mem[X,0x000000008000088C] -> 0x3C23
mem[X,0x000000008000088E] -> 0x28B1
[548] [M]: 0x000000008000088C (0x28B13C23) sd x11, 0x298(x2)                        inst_105+16
mem[W,0x0000000080007460] <- 0x0000000000000001

mem[X,0x0000000080000890] -> 0x0513
mem[X,0x0000000080000892] -> 0x0010
[549] [M]: 0x0000000080000890 (0x00100513) addi x10, x0, 0x1                        inst_106+0
x10 <- 0x0000000000000001

clint mtime 0x0000000000000113 (mip.MTI <- 0b1, mip.STI <- 0b0)
mem[X,0x0000000080000894] -> 0x1513
mem[X,0x0000000080000896] -> 0x01C5
[550] [M]: 0x0000000080000894 (0x01C51513) slli x10, x10, 0x1c                      inst_106+4
x10 <- 0x0000000010000000

mem[X,0x0000000080000898] -> 0x4513
mem[X,0x000000008000089A] -> 0xFFF5
[551] [M]: 0x0000000080000898 (0xFFF54513) xori x10, x10, -0x1                      inst_106+8
x10 <- 0xFFFFFFFFEFFFFFFF

clint mtime 0x0000000000000114 (mip.MTI <- 0b1, mip.STI <- 0b0)
mem[X,0x000000008000089C] -> 0x2593
mem[X,0x000000008000089E] -> 0x0035
[552] [M]: 0x000000008000089C (0x00352593) slti x11, x10, 0x3                       inst_106+12
x11 <- 0x0000000000000001

mem[X,0x00000000800008A0] -> 0x3023
mem[X,0x00000000800008A2] -> 0x2AB1
[553] [M]: 0x00000000800008A0 (0x2AB13023) sd x11, 0x2a0(x2)                        inst_106+16
mem[W,0x0000000080007468] <- 0x0000000000000001

clint mtime 0x0000000000000115 (mip.MTI <- 0b1, mip.STI <- 0b0)
mem[X,0x00000000800008A4] -> 0x0513
mem[X,0x00000000800008A6] -> 0x0010
[554] [M]: 0x00000000800008A4 (0x00100513) addi x10, x0, 0x1                        inst_107+0
x10 <- 0x0000000000000001

mem[X,0x00000000800008A8] -> 0x1513
mem[X,0x00000000800008AA] -> 0x01D5
[555] [M]: 0x00000000800008A8 (0x01D51513) slli x10, x10, 0x1d                      inst_107+4
x10 <- 0x0000000020000000

clint mtime 0x0000000000000116 (mip.MTI <- 0b1, mip.STI <- 0b0)
mem[X,0x00000000800008AC] -> 0x4513
mem[X,0x00000000800008AE] -> 0xFFF5
[556] [M]: 0x00000000800008AC (0xFFF54513) xori x10, x10, -0x1                      inst_107+8
x10 <- 0xFFFFFFFFDFFFFFFF

mem[X,0x00000000800008B0] -> 0x2593
mem[X,0x00000000800008B2] -> 0x5565
[557] [M]: 0x00000000800008B0 (0x55652593) slti x11, x10, 0x556                     inst_107+12
x11 <- 0x0000000000000001

clint mtime 0x0000000000000117 (mip.MTI <- 0b1, mip.STI <- 0b0)
mem[X,0x00000000800008B4] -> 0x3423
mem[X,0x00000000800008B6] -> 0x2AB1
[558] [M]: 0x00000000800008B4 (0x2AB13423) sd x11, 0x2a8(x2)                        inst_107+16
mem[W,0x0000000080007470] <- 0x0000000000000001

mem[X,0x00000000800008B8] -> 0x0513
mem[X,0x00000000800008BA] -> 0x0010
[559] [M]: 0x00000000800008B8 (0x00100513) addi x10, x0, 0x1                        inst_108+0
x10 <- 0x0000000000000001

clint mtime 0x0000000000000118 (mip.MTI <- 0b1, mip.STI <- 0b0)
mem[X,0x00000000800008BC] -> 0x1513
mem[X,0x00000000800008BE] -> 0x01F5
[560] [M]: 0x00000000800008BC (0x01F51513) slli x10, x10, 0x1f                      inst_108+4
x10 <- 0x0000000080000000

mem[X,0x00000000800008C0] -> 0x4513
mem[X,0x00000000800008C2] -> 0xFFF5
[561] [M]: 0x00000000800008C0 (0xFFF54513) xori x10, x10, -0x1                      inst_108+8
x10 <- 0xFFFFFFFF7FFFFFFF

clint mtime 0x0000000000000119 (mip.MTI <- 0b1, mip.STI <- 0b0)
mem[X,0x00000000800008C4] -> 0x2593
mem[X,0x00000000800008C6] -> 0x4005
[562] [M]: 0x00000000800008C4 (0x40052593) slti x11, x10, 0x400                     inst_108+12
x11 <- 0x0000000000000001

mem[X,0x00000000800008C8] -> 0x3823
mem[X,0x00000000800008CA] -> 0x2AB1
[563] [M]: 0x00000000800008C8 (0x2AB13823) sd x11, 0x2b0(x2)                        inst_108+16
mem[W,0x0000000080007478] <- 0x0000000000000001

clint mtime 0x000000000000011A (mip.MTI <- 0b1, mip.STI <- 0b0)
mem[X,0x00000000800008CC] -> 0x0513
mem[X,0x00000000800008CE] -> 0x0010
[564] [M]: 0x00000000800008CC (0x00100513) addi x10, x0, 0x1                        inst_109+0
x10 <- 0x0000000000000001

mem[X,0x00000000800008D0] -> 0x1513
mem[X,0x00000000800008D2] -> 0x0205
[565] [M]: 0x00000000800008D0 (0x02051513) slli x10, x10, 0x20                      inst_109+4
x10 <- 0x0000000100000000

clint mtime 0x000000000000011B (mip.MTI <- 0b1, mip.STI <- 0b0)
mem[X,0x00000000800008D4] -> 0x4513
mem[X,0x00000000800008D6] -> 0xFFF5
[566] [M]: 0x00000000800008D4 (0xFFF54513) xori x10, x10, -0x1                      inst_109+8
x10 <- 0xFFFFFFFEFFFFFFFF

mem[X,0x00000000800008D8] -> 0x2593
mem[X,0x00000000800008DA] -> 0x0055
[567] [M]: 0x00000000800008D8 (0x00552593) slti x11, x10, 0x5                       inst_109+12
x11 <- 0x0000000000000001

clint mtime 0x000000000000011C (mip.MTI <- 0b1, mip.STI <- 0b0)
mem[X,0x00000000800008DC] -> 0x3C23
mem[X,0x00000000800008DE] -> 0x2AB1
[568] [M]: 0x00000000800008DC (0x2AB13C23) sd x11, 0x2b8(x2)                        inst_109+16
mem[W,0x0000000080007480] <- 0x0000000000000001

mem[X,0x00000000800008E0] -> 0x0513
mem[X,0x00000000800008E2] -> 0x0010
[569] [M]: 0x00000000800008E0 (0x00100513) addi x10, x0, 0x1                        inst_110+0
x10 <- 0x0000000000000001

clint mtime 0x000000000000011D (mip.MTI <- 0b1, mip.STI <- 0b0)
mem[X,0x00000000800008E4] -> 0x1513
mem[X,0x00000000800008E6] -> 0x0215
[570] [M]: 0x00000000800008E4 (0x02151513) slli x10, x10, 0x21                      inst_110+4
x10 <- 0x0000000200000000

mem[X,0x00000000800008E8] -> 0x4513
mem[X,0x00000000800008EA] -> 0xFFF5
[571] [M]: 0x00000000800008E8 (0xFFF54513) xori x10, x10, -0x1                      inst_110+8
x10 <- 0xFFFFFFFDFFFFFFFF

clint mtime 0x000000000000011E (mip.MTI <- 0b1, mip.STI <- 0b0)
mem[X,0x00000000800008EC] -> 0x2593
mem[X,0x00000000800008EE] -> 0xFF75
[572] [M]: 0x00000000800008EC (0xFF752593) slti x11, x10, -0x9                      inst_110+12
x11 <- 0x0000000000000001

mem[X,0x00000000800008F0] -> 0x3023
mem[X,0x00000000800008F2] -> 0x2CB1
[573] [M]: 0x00000000800008F0 (0x2CB13023) sd x11, 0x2c0(x2)                        inst_110+16
mem[W,0x0000000080007488] <- 0x0000000000000001

clint mtime 0x000000000000011F (mip.MTI <- 0b1, mip.STI <- 0b0)
mem[X,0x00000000800008F4] -> 0x0513
mem[X,0x00000000800008F6] -> 0x0010
[574] [M]: 0x00000000800008F4 (0x00100513) addi x10, x0, 0x1                        inst_111+0
x10 <- 0x0000000000000001

mem[X,0x00000000800008F8] -> 0x1513
mem[X,0x00000000800008FA] -> 0x0225
[575] [M]: 0x00000000800008F8 (0x02251513) slli x10, x10, 0x22                      inst_111+4
x10 <- 0x0000000400000000

clint mtime 0x0000000000000120 (mip.MTI <- 0b1, mip.STI <- 0b0)
mem[X,0x00000000800008FC] -> 0x4513
mem[X,0x00000000800008FE] -> 0xFFF5
[576] [M]: 0x00000000800008FC (0xFFF54513) xori x10, x10, -0x1                      inst_111+8
x10 <- 0xFFFFFFFBFFFFFFFF

mem[X,0x0000000080000900] -> 0x2593
mem[X,0x0000000080000902] -> 0x0045
[577] [M]: 0x0000000080000900 (0x00452593) slti x11, x10, 0x4                       inst_111+12
x11 <- 0x0000000000000001

clint mtime 0x0000000000000121 (mip.MTI <- 0b1, mip.STI <- 0b0)
mem[X,0x0000000080000904] -> 0x3423
mem[X,0x0000000080000906] -> 0x2CB1
[578] [M]: 0x0000000080000904 (0x2CB13423) sd x11, 0x2c8(x2)                        inst_111+16
mem[W,0x0000000080007490] <- 0x0000000000000001

mem[X,0x0000000080000908] -> 0x0513
mem[X,0x000000008000090A] -> 0x0010
[579] [M]: 0x0000000080000908 (0x00100513) addi x10, x0, 0x1                        inst_112+0
x10 <- 0x0000000000000001

clint mtime 0x0000000000000122 (mip.MTI <- 0b1, mip.STI <- 0b0)
mem[X,0x000000008000090C] -> 0x1513
mem[X,0x000000008000090E] -> 0x0235
[580] [M]: 0x000000008000090C (0x02351513) slli x10, x10, 0x23                      inst_112+4
x10 <- 0x0000000800000000

mem[X,0x0000000080000910] -> 0x4513
mem[X,0x0000000080000912] -> 0xFFF5
[581] [M]: 0x0000000080000910 (0xFFF54513) xori x10, x10, -0x1                      inst_112+8
x10 <- 0xFFFFFFF7FFFFFFFF

clint mtime 0x0000000000000123 (mip.MTI <- 0b1, mip.STI <- 0b0)
mem[X,0x0000000080000914] -> 0x2593
mem[X,0x0000000080000916] -> 0x0205
[582] [M]: 0x0000000080000914 (0x02052593) slti x11, x10, 0x20                      inst_112+12
x11 <- 0x0000000000000001

mem[X,0x0000000080000918] -> 0x3823
mem[X,0x000000008000091A] -> 0x2CB1
[583] [M]: 0x0000000080000918 (0x2CB13823) sd x11, 0x2d0(x2)                        inst_112+16
mem[W,0x0000000080007498] <- 0x0000000000000001

clint mtime 0x0000000000000124 (mip.MTI <- 0b1, mip.STI <- 0b0)
mem[X,0x000000008000091C] -> 0x0513
mem[X,0x000000008000091E] -> 0x0010
[584] [M]: 0x000000008000091C (0x00100513) addi x10, x0, 0x1                        inst_113+0
x10 <- 0x0000000000000001

mem[X,0x0000000080000920] -> 0x1513
mem[X,0x0000000080000922] -> 0x0245
[585] [M]: 0x0000000080000920 (0x02451513) slli x10, x10, 0x24                      inst_113+4
x10 <- 0x0000001000000000

clint mtime 0x0000000000000125 (mip.MTI <- 0b1, mip.STI <- 0b0)
mem[X,0x0000000080000924] -> 0x4513
mem[X,0x0000000080000926] -> 0xFFF5
[586] [M]: 0x0000000080000924 (0xFFF54513) xori x10, x10, -0x1                      inst_113+8
x10 <- 0xFFFFFFEFFFFFFFFF

mem[X,0x0000000080000928] -> 0x2593
mem[X,0x000000008000092A] -> 0x3325
[587] [M]: 0x0000000080000928 (0x33252593) slti x11, x10, 0x332                     inst_113+12
x11 <- 0x0000000000000001

clint mtime 0x0000000000000126 (mip.MTI <- 0b1, mip.STI <- 0b0)
mem[X,0x000000008000092C] -> 0x3C23
mem[X,0x000000008000092E] -> 0x2CB1
[588] [M]: 0x000000008000092C (0x2CB13C23) sd x11, 0x2d8(x2)                        inst_113+16
mem[W,0x00000000800074A0] <- 0x0000000000000001

mem[X,0x0000000080000930] -> 0x0513
mem[X,0x0000000080000932] -> 0x0010
[589] [M]: 0x0000000080000930 (0x00100513) addi x10, x0, 0x1                        inst_114+0
x10 <- 0x0000000000000001

clint mtime 0x0000000000000127 (mip.MTI <- 0b1, mip.STI <- 0b0)
mem[X,0x0000000080000934] -> 0x1513
mem[X,0x0000000080000936] -> 0x0255
[590] [M]: 0x0000000080000934 (0x02551513) slli x10, x10, 0x25                      inst_114+4
x10 <- 0x0000002000000000

mem[X,0x0000000080000938] -> 0x4513
mem[X,0x000000008000093A] -> 0xFFF5
[591] [M]: 0x0000000080000938 (0xFFF54513) xori x10, x10, -0x1                      inst_114+8
x10 <- 0xFFFFFFDFFFFFFFFF

clint mtime 0x0000000000000128 (mip.MTI <- 0b1, mip.STI <- 0b0)
mem[X,0x000000008000093C] -> 0x2593
mem[X,0x000000008000093E] -> 0x7FF5
[592] [M]: 0x000000008000093C (0x7FF52593) slti x11, x10, 0x7ff                     inst_114+12
x11 <- 0x0000000000000001

mem[X,0x0000000080000940] -> 0x3023
mem[X,0x0000000080000942] -> 0x2EB1
[593] [M]: 0x0000000080000940 (0x2EB13023) sd x11, 0x2e0(x2)                        inst_114+16
mem[W,0x00000000800074A8] <- 0x0000000000000001

clint mtime 0x0000000000000129 (mip.MTI <- 0b1, mip.STI <- 0b0)
mem[X,0x0000000080000944] -> 0x0513
mem[X,0x0000000080000946] -> 0x0010
[594] [M]: 0x0000000080000944 (0x00100513) addi x10, x0, 0x1                        inst_115+0
x10 <- 0x0000000000000001

mem[X,0x0000000080000948] -> 0x1513
mem[X,0x000000008000094A] -> 0x0265
[595] [M]: 0x0000000080000948 (0x02651513) slli x10, x10, 0x26                      inst_115+4
x10 <- 0x0000004000000000

clint mtime 0x000000000000012A (mip.MTI <- 0b1, mip.STI <- 0b0)
mem[X,0x000000008000094C] -> 0x4513
mem[X,0x000000008000094E] -> 0xFFF5
[596] [M]: 0x000000008000094C (0xFFF54513) xori x10, x10, -0x1                      inst_115+8
x10 <- 0xFFFFFFBFFFFFFFFF

mem[X,0x0000000080000950] -> 0x2593
mem[X,0x0000000080000952] -> 0x6675
[597] [M]: 0x0000000080000950 (0x66752593) slti x11, x10, 0x667                     inst_115+12
x11 <- 0x0000000000000001

clint mtime 0x000000000000012B (mip.MTI <- 0b1, mip.STI <- 0b0)
mem[X,0x0000000080000954] -> 0x3423
mem[X,0x0000000080000956] -> 0x2EB1
[598] [M]: 0x0000000080000954 (0x2EB13423) sd x11, 0x2e8(x2)                        inst_115+16
mem[W,0x00000000800074B0] <- 0x0000000000000001

mem[X,0x0000000080000958] -> 0x0513
mem[X,0x000000008000095A] -> 0x0010
[599] [M]: 0x0000000080000958 (0x00100513) addi x10, x0, 0x1                        inst_116+0
x10 <- 0x0000000000000001

clint mtime 0x000000000000012C (mip.MTI <- 0b1, mip.STI <- 0b0)
mem[X,0x000000008000095C] -> 0x1513
mem[X,0x000000008000095E] -> 0x0275
[600] [M]: 0x000000008000095C (0x02751513) slli x10, x10, 0x27                      inst_116+4
x10 <- 0x0000008000000000

mem[X,0x0000000080000960] -> 0x4513
mem[X,0x0000000080000962] -> 0xFFF5
[601] [M]: 0x0000000080000960 (0xFFF54513) xori x10, x10, -0x1                      inst_116+8
x10 <- 0xFFFFFF7FFFFFFFFF

clint mtime 0x000000000000012D (mip.MTI <- 0b1, mip.STI <- 0b0)
mem[X,0x0000000080000964] -> 0x2593
mem[X,0x0000000080000966] -> 0xFF65
[602] [M]: 0x0000000080000964 (0xFF652593) slti x11, x10, -0xa                      inst_116+12
x11 <- 0x0000000000000001

mem[X,0x0000000080000968] -> 0x3823
mem[X,0x000000008000096A] -> 0x2EB1
[603] [M]: 0x0000000080000968 (0x2EB13823) sd x11, 0x2f0(x2)                        inst_116+16
mem[W,0x00000000800074B8] <- 0x0000000000000001

clint mtime 0x000000000000012E (mip.MTI <- 0b1, mip.STI <- 0b0)
mem[X,0x000000008000096C] -> 0x0513
mem[X,0x000000008000096E] -> 0x0010
[604] [M]: 0x000000008000096C (0x00100513) addi x10, x0, 0x1                        inst_117+0
x10 <- 0x0000000000000001

mem[X,0x0000000080000970] -> 0x1513
mem[X,0x0000000080000972] -> 0x0285
[605] [M]: 0x0000000080000970 (0x02851513) slli x10, x10, 0x28                      inst_117+4
x10 <- 0x0000010000000000

clint mtime 0x000000000000012F (mip.MTI <- 0b1, mip.STI <- 0b0)
mem[X,0x0000000080000974] -> 0x4513
mem[X,0x0000000080000976] -> 0xFFF5
[606] [M]: 0x0000000080000974 (0xFFF54513) xori x10, x10, -0x1                      inst_117+8
x10 <- 0xFFFFFEFFFFFFFFFF

mem[X,0x0000000080000978] -> 0x2593
mem[X,0x000000008000097A] -> 0x0065
[607] [M]: 0x0000000080000978 (0x00652593) slti x11, x10, 0x6                       inst_117+12
x11 <- 0x0000000000000001

clint mtime 0x0000000000000130 (mip.MTI <- 0b1, mip.STI <- 0b0)
mem[X,0x000000008000097C] -> 0x3C23
mem[X,0x000000008000097E] -> 0x2EB1
[608] [M]: 0x000000008000097C (0x2EB13C23) sd x11, 0x2f8(x2)                        inst_117+16
mem[W,0x00000000800074C0] <- 0x0000000000000001

mem[X,0x0000000080000980] -> 0x0513
mem[X,0x0000000080000982] -> 0x0010
[609] [M]: 0x0000000080000980 (0x00100513) addi x10, x0, 0x1                        inst_118+0
x10 <- 0x0000000000000001

clint mtime 0x0000000000000131 (mip.MTI <- 0b1, mip.STI <- 0b0)
mem[X,0x0000000080000984] -> 0x1513
mem[X,0x0000000080000986] -> 0x02A5
[610] [M]: 0x0000000080000984 (0x02A51513) slli x10, x10, 0x2a                      inst_118+4
x10 <- 0x0000040000000000

mem[X,0x0000000080000988] -> 0x4513
mem[X,0x000000008000098A] -> 0xFFF5
[611] [M]: 0x0000000080000988 (0xFFF54513) xori x10, x10, -0x1                      inst_118+8
x10 <- 0xFFFFFBFFFFFFFFFF

clint mtime 0x0000000000000132 (mip.MTI <- 0b1, mip.STI <- 0b0)
mem[X,0x000000008000098C] -> 0x2593
mem[X,0x000000008000098E] -> 0x8005
[612] [M]: 0x000000008000098C (0x80052593) slti x11, x10, -0x800                    inst_118+12
x11 <- 0x0000000000000001

mem[X,0x0000000080000990] -> 0x3023
mem[X,0x0000000080000992] -> 0x30B1
[613] [M]: 0x0000000080000990 (0x30B13023) sd x11, 0x300(x2)                        inst_118+16
mem[W,0x00000000800074C8] <- 0x0000000000000001

clint mtime 0x0000000000000133 (mip.MTI <- 0b1, mip.STI <- 0b0)
mem[X,0x0000000080000994] -> 0x0513
mem[X,0x0000000080000996] -> 0x0010
[614] [M]: 0x0000000080000994 (0x00100513) addi x10, x0, 0x1                        inst_119+0
x10 <- 0x0000000000000001

mem[X,0x0000000080000998] -> 0x1513
mem[X,0x000000008000099A] -> 0x02B5
[615] [M]: 0x0000000080000998 (0x02B51513) slli x10, x10, 0x2b                      inst_119+4
x10 <- 0x0000080000000000

clint mtime 0x0000000000000134 (mip.MTI <- 0b1, mip.STI <- 0b0)
mem[X,0x000000008000099C] -> 0x4513
mem[X,0x000000008000099E] -> 0xFFF5
[616] [M]: 0x000000008000099C (0xFFF54513) xori x10, x10, -0x1                      inst_119+8
x10 <- 0xFFFFF7FFFFFFFFFF

mem[X,0x00000000800009A0] -> 0x2593
mem[X,0x00000000800009A2] -> 0x3335
[617] [M]: 0x00000000800009A0 (0x33352593) slti x11, x10, 0x333                     inst_119+12
x11 <- 0x0000000000000001

clint mtime 0x0000000000000135 (mip.MTI <- 0b1, mip.STI <- 0b0)
mem[X,0x00000000800009A4] -> 0x3423
mem[X,0x00000000800009A6] -> 0x30B1
[618] [M]: 0x00000000800009A4 (0x30B13423) sd x11, 0x308(x2)                        inst_119+16
mem[W,0x00000000800074D0] <- 0x0000000000000001

mem[X,0x00000000800009A8] -> 0x0513
mem[X,0x00000000800009AA] -> 0x0010
[619] [M]: 0x00000000800009A8 (0x00100513) addi x10, x0, 0x1                        inst_120+0
x10 <- 0x0000000000000001

clint mtime 0x0000000000000136 (mip.MTI <- 0b1, mip.STI <- 0b0)
mem[X,0x00000000800009AC] -> 0x1513
mem[X,0x00000000800009AE] -> 0x02C5
[620] [M]: 0x00000000800009AC (0x02C51513) slli x10, x10, 0x2c                      inst_120+4
x10 <- 0x0000100000000000

mem[X,0x00000000800009B0] -> 0x4513
mem[X,0x00000000800009B2] -> 0xFFF5
[621] [M]: 0x00000000800009B0 (0xFFF54513) xori x10, x10, -0x1                      inst_120+8
x10 <- 0xFFFFEFFFFFFFFFFF

clint mtime 0x0000000000000137 (mip.MTI <- 0b1, mip.STI <- 0b0)
mem[X,0x00000000800009B4] -> 0x2593
mem[X,0x00000000800009B6] -> 0x0025
[622] [M]: 0x00000000800009B4 (0x00252593) slti x11, x10, 0x2                       inst_120+12
x11 <- 0x0000000000000001

mem[X,0x00000000800009B8] -> 0x3823
mem[X,0x00000000800009BA] -> 0x30B1
[623] [M]: 0x00000000800009B8 (0x30B13823) sd x11, 0x310(x2)                        inst_120+16
mem[W,0x00000000800074D8] <- 0x0000000000000001

clint mtime 0x0000000000000138 (mip.MTI <- 0b1, mip.STI <- 0b0)
mem[X,0x00000000800009BC] -> 0x0513
mem[X,0x00000000800009BE] -> 0x0010
[624] [M]: 0x00000000800009BC (0x00100513) addi x10, x0, 0x1                        inst_121+0
x10 <- 0x0000000000000001

mem[X,0x00000000800009C0] -> 0x1513
mem[X,0x00000000800009C2] -> 0x02D5
[625] [M]: 0x00000000800009C0 (0x02D51513) slli x10, x10, 0x2d                      inst_121+4
x10 <- 0x0000200000000000

clint mtime 0x0000000000000139 (mip.MTI <- 0b1, mip.STI <- 0b0)
mem[X,0x00000000800009C4] -> 0x4513
mem[X,0x00000000800009C6] -> 0xFFF5
[626] [M]: 0x00000000800009C4 (0xFFF54513) xori x10, x10, -0x1                      inst_121+8
x10 <- 0xFFFFDFFFFFFFFFFF

mem[X,0x00000000800009C8] -> 0x2593
mem[X,0x00000000800009CA] -> 0x0075
[627] [M]: 0x00000000800009C8 (0x00752593) slti x11, x10, 0x7                       inst_121+12
x11 <- 0x0000000000000001

clint mtime 0x000000000000013A (mip.MTI <- 0b1, mip.STI <- 0b0)
mem[X,0x00000000800009CC] -> 0x3C23
mem[X,0x00000000800009CE] -> 0x30B1
[628] [M]: 0x00000000800009CC (0x30B13C23) sd x11, 0x318(x2)                        inst_121+16
mem[W,0x00000000800074E0] <- 0x0000000000000001

mem[X,0x00000000800009D0] -> 0x0513
mem[X,0x00000000800009D2] -> 0x0010
[629] [M]: 0x00000000800009D0 (0x00100513) addi x10, x0, 0x1                        inst_122+0
x10 <- 0x0000000000000001

clint mtime 0x000000000000013B (mip.MTI <- 0b1, mip.STI <- 0b0)
mem[X,0x00000000800009D4] -> 0x1513
mem[X,0x00000000800009D6] -> 0x02E5
[630] [M]: 0x00000000800009D4 (0x02E51513) slli x10, x10, 0x2e                      inst_122+4
x10 <- 0x0000400000000000

mem[X,0x00000000800009D8] -> 0x4513
mem[X,0x00000000800009DA] -> 0xFFF5
[631] [M]: 0x00000000800009D8 (0xFFF54513) xori x10, x10, -0x1                      inst_122+8
x10 <- 0xFFFFBFFFFFFFFFFF

clint mtime 0x000000000000013C (mip.MTI <- 0b1, mip.STI <- 0b0)
mem[X,0x00000000800009DC] -> 0x2593
mem[X,0x00000000800009DE] -> 0x5565
[632] [M]: 0x00000000800009DC (0x55652593) slti x11, x10, 0x556                     inst_122+12
x11 <- 0x0000000000000001

mem[X,0x00000000800009E0] -> 0x3023
mem[X,0x00000000800009E2] -> 0x32B1
[633] [M]: 0x00000000800009E0 (0x32B13023) sd x11, 0x320(x2)                        inst_122+16
mem[W,0x00000000800074E8] <- 0x0000000000000001

clint mtime 0x000000000000013D (mip.MTI <- 0b1, mip.STI <- 0b0)
mem[X,0x00000000800009E4] -> 0x0513
mem[X,0x00000000800009E6] -> 0x0010
[634] [M]: 0x00000000800009E4 (0x00100513) addi x10, x0, 0x1                        inst_123+0
x10 <- 0x0000000000000001

mem[X,0x00000000800009E8] -> 0x1513
mem[X,0x00000000800009EA] -> 0x02F5
[635] [M]: 0x00000000800009E8 (0x02F51513) slli x10, x10, 0x2f                      inst_123+4
x10 <- 0x0000800000000000

clint mtime 0x000000000000013E (mip.MTI <- 0b1, mip.STI <- 0b0)
mem[X,0x00000000800009EC] -> 0x4513
mem[X,0x00000000800009EE] -> 0xFFF5
[636] [M]: 0x00000000800009EC (0xFFF54513) xori x10, x10, -0x1                      inst_123+8
x10 <- 0xFFFF7FFFFFFFFFFF

mem[X,0x00000000800009F0] -> 0x2593
mem[X,0x00000000800009F2] -> 0x5565
[637] [M]: 0x00000000800009F0 (0x55652593) slti x11, x10, 0x556                     inst_123+12
x11 <- 0x0000000000000001

clint mtime 0x000000000000013F (mip.MTI <- 0b1, mip.STI <- 0b0)
mem[X,0x00000000800009F4] -> 0x3423
mem[X,0x00000000800009F6] -> 0x32B1
[638] [M]: 0x00000000800009F4 (0x32B13423) sd x11, 0x328(x2)                        inst_123+16
mem[W,0x00000000800074F0] <- 0x0000000000000001

mem[X,0x00000000800009F8] -> 0x0513
mem[X,0x00000000800009FA] -> 0x0010
[639] [M]: 0x00000000800009F8 (0x00100513) addi x10, x0, 0x1                        inst_124+0
x10 <- 0x0000000000000001

clint mtime 0x0000000000000140 (mip.MTI <- 0b1, mip.STI <- 0b0)
mem[X,0x00000000800009FC] -> 0x1513
mem[X,0x00000000800009FE] -> 0x0325
[640] [M]: 0x00000000800009FC (0x03251513) slli x10, x10, 0x32                      inst_124+4
x10 <- 0x0004000000000000

mem[X,0x0000000080000A00] -> 0x4513
mem[X,0x0000000080000A02] -> 0xFFF5
[641] [M]: 0x0000000080000A00 (0xFFF54513) xori x10, x10, -0x1                      inst_124+8
x10 <- 0xFFFBFFFFFFFFFFFF

clint mtime 0x0000000000000141 (mip.MTI <- 0b1, mip.STI <- 0b0)
mem[X,0x0000000080000A04] -> 0x2593
mem[X,0x0000000080000A06] -> 0x0025
[642] [M]: 0x0000000080000A04 (0x00252593) slti x11, x10, 0x2                       inst_124+12
x11 <- 0x0000000000000001

mem[X,0x0000000080000A08] -> 0x3823
mem[X,0x0000000080000A0A] -> 0x32B1
[643] [M]: 0x0000000080000A08 (0x32B13823) sd x11, 0x330(x2)                        inst_124+16
mem[W,0x00000000800074F8] <- 0x0000000000000001

clint mtime 0x0000000000000142 (mip.MTI <- 0b1, mip.STI <- 0b0)
mem[X,0x0000000080000A0C] -> 0x0513
mem[X,0x0000000080000A0E] -> 0x0010
[644] [M]: 0x0000000080000A0C (0x00100513) addi x10, x0, 0x1                        inst_125+0
x10 <- 0x0000000000000001

mem[X,0x0000000080000A10] -> 0x1513
mem[X,0x0000000080000A12] -> 0x0335
[645] [M]: 0x0000000080000A10 (0x03351513) slli x10, x10, 0x33                      inst_125+4
x10 <- 0x0008000000000000

clint mtime 0x0000000000000143 (mip.MTI <- 0b1, mip.STI <- 0b0)
mem[X,0x0000000080000A14] -> 0x4513
mem[X,0x0000000080000A16] -> 0xFFF5
[646] [M]: 0x0000000080000A14 (0xFFF54513) xori x10, x10, -0x1                      inst_125+8
x10 <- 0xFFF7FFFFFFFFFFFF

mem[X,0x0000000080000A18] -> 0x2593
mem[X,0x0000000080000A1A] -> 0xFFB5
[647] [M]: 0x0000000080000A18 (0xFFB52593) slti x11, x10, -0x5                      inst_125+12
x11 <- 0x0000000000000001

clint mtime 0x0000000000000144 (mip.MTI <- 0b1, mip.STI <- 0b0)
mem[X,0x0000000080000A1C] -> 0x3C23
mem[X,0x0000000080000A1E] -> 0x32B1
[648] [M]: 0x0000000080000A1C (0x32B13C23) sd x11, 0x338(x2)                        inst_125+16
mem[W,0x0000000080007500] <- 0x0000000000000001

mem[X,0x0000000080000A20] -> 0x0513
mem[X,0x0000000080000A22] -> 0x0010
[649] [M]: 0x0000000080000A20 (0x00100513) addi x10, x0, 0x1                        inst_126+0
x10 <- 0x0000000000000001

clint mtime 0x0000000000000145 (mip.MTI <- 0b1, mip.STI <- 0b0)
mem[X,0x0000000080000A24] -> 0x1513
mem[X,0x0000000080000A26] -> 0x0345
[650] [M]: 0x0000000080000A24 (0x03451513) slli x10, x10, 0x34                      inst_126+4
x10 <- 0x0010000000000000

mem[X,0x0000000080000A28] -> 0x4513
mem[X,0x0000000080000A2A] -> 0xFFF5
[651] [M]: 0x0000000080000A28 (0xFFF54513) xori x10, x10, -0x1                      inst_126+8
x10 <- 0xFFEFFFFFFFFFFFFF

clint mtime 0x0000000000000146 (mip.MTI <- 0b1, mip.STI <- 0b0)
mem[X,0x0000000080000A2C] -> 0x2593
mem[X,0x0000000080000A2E] -> 0xAAA5
[652] [M]: 0x0000000080000A2C (0xAAA52593) slti x11, x10, -0x556                    inst_126+12
x11 <- 0x0000000000000001

mem[X,0x0000000080000A30] -> 0x3023
mem[X,0x0000000080000A32] -> 0x34B1
[653] [M]: 0x0000000080000A30 (0x34B13023) sd x11, 0x340(x2)                        inst_126+16
mem[W,0x0000000080007508] <- 0x0000000000000001

clint mtime 0x0000000000000147 (mip.MTI <- 0b1, mip.STI <- 0b0)
mem[X,0x0000000080000A34] -> 0x0513
mem[X,0x0000000080000A36] -> 0x0010
[654] [M]: 0x0000000080000A34 (0x00100513) addi x10, x0, 0x1                        inst_127+0
x10 <- 0x0000000000000001

mem[X,0x0000000080000A38] -> 0x1513
mem[X,0x0000000080000A3A] -> 0x0355
[655] [M]: 0x0000000080000A38 (0x03551513) slli x10, x10, 0x35                      inst_127+4
x10 <- 0x0020000000000000

clint mtime 0x0000000000000148 (mip.MTI <- 0b1, mip.STI <- 0b0)
mem[X,0x0000000080000A3C] -> 0x4513
mem[X,0x0000000080000A3E] -> 0xFFF5
[656] [M]: 0x0000000080000A3C (0xFFF54513) xori x10, x10, -0x1                      inst_127+8
x10 <- 0xFFDFFFFFFFFFFFFF

mem[X,0x0000000080000A40] -> 0x2593
mem[X,0x0000000080000A42] -> 0xFD45
[657] [M]: 0x0000000080000A40 (0xFD452593) slti x11, x10, -0x2c                     inst_127+12
x11 <- 0x0000000000000001

clint mtime 0x0000000000000149 (mip.MTI <- 0b1, mip.STI <- 0b0)
mem[X,0x0000000080000A44] -> 0x3423
mem[X,0x0000000080000A46] -> 0x34B1
[658] [M]: 0x0000000080000A44 (0x34B13423) sd x11, 0x348(x2)                        inst_127+16
mem[W,0x0000000080007510] <- 0x0000000000000001

mem[X,0x0000000080000A48] -> 0x0513
mem[X,0x0000000080000A4A] -> 0x0010
[659] [M]: 0x0000000080000A48 (0x00100513) addi x10, x0, 0x1                        inst_128+0
x10 <- 0x0000000000000001

clint mtime 0x000000000000014A (mip.MTI <- 0b1, mip.STI <- 0b0)
mem[X,0x0000000080000A4C] -> 0x1513
mem[X,0x0000000080000A4E] -> 0x0365
[660] [M]: 0x0000000080000A4C (0x03651513) slli x10, x10, 0x36                      inst_128+4
x10 <- 0x0040000000000000

mem[X,0x0000000080000A50] -> 0x4513
mem[X,0x0000000080000A52] -> 0xFFF5
[661] [M]: 0x0000000080000A50 (0xFFF54513) xori x10, x10, -0x1                      inst_128+8
x10 <- 0xFFBFFFFFFFFFFFFF

clint mtime 0x000000000000014B (mip.MTI <- 0b1, mip.STI <- 0b0)
mem[X,0x0000000080000A54] -> 0x2593
mem[X,0x0000000080000A56] -> 0xF7F5
[662] [M]: 0x0000000080000A54 (0xF7F52593) slti x11, x10, -0x81                     inst_128+12
x11 <- 0x0000000000000001

mem[X,0x0000000080000A58] -> 0x3823
mem[X,0x0000000080000A5A] -> 0x34B1
[663] [M]: 0x0000000080000A58 (0x34B13823) sd x11, 0x350(x2)                        inst_128+16
mem[W,0x0000000080007518] <- 0x0000000000000001

clint mtime 0x000000000000014C (mip.MTI <- 0b1, mip.STI <- 0b0)
mem[X,0x0000000080000A5C] -> 0x0513
mem[X,0x0000000080000A5E] -> 0x0010
[664] [M]: 0x0000000080000A5C (0x00100513) addi x10, x0, 0x1                        inst_129+0
x10 <- 0x0000000000000001

mem[X,0x0000000080000A60] -> 0x1513
mem[X,0x0000000080000A62] -> 0x0375
[665] [M]: 0x0000000080000A60 (0x03751513) slli x10, x10, 0x37                      inst_129+4
x10 <- 0x0080000000000000

clint mtime 0x000000000000014D (mip.MTI <- 0b1, mip.STI <- 0b0)
mem[X,0x0000000080000A64] -> 0x4513
mem[X,0x0000000080000A66] -> 0xFFF5
[666] [M]: 0x0000000080000A64 (0xFFF54513) xori x10, x10, -0x1                      inst_129+8
x10 <- 0xFF7FFFFFFFFFFFFF

mem[X,0x0000000080000A68] -> 0x2593
mem[X,0x0000000080000A6A] -> 0xC005
[667] [M]: 0x0000000080000A68 (0xC0052593) slti x11, x10, -0x400                    inst_129+12
x11 <- 0x0000000000000001

clint mtime 0x000000000000014E (mip.MTI <- 0b1, mip.STI <- 0b0)
mem[X,0x0000000080000A6C] -> 0x3C23
mem[X,0x0000000080000A6E] -> 0x34B1
[668] [M]: 0x0000000080000A6C (0x34B13C23) sd x11, 0x358(x2)                        inst_129+16
mem[W,0x0000000080007520] <- 0x0000000000000001

mem[X,0x0000000080000A70] -> 0x0513
mem[X,0x0000000080000A72] -> 0x0010
[669] [M]: 0x0000000080000A70 (0x00100513) addi x10, x0, 0x1                        inst_130+0
x10 <- 0x0000000000000001

clint mtime 0x000000000000014F (mip.MTI <- 0b1, mip.STI <- 0b0)
mem[X,0x0000000080000A74] -> 0x1513
mem[X,0x0000000080000A76] -> 0x0385
[670] [M]: 0x0000000080000A74 (0x03851513) slli x10, x10, 0x38                      inst_130+4
x10 <- 0x0100000000000000

mem[X,0x0000000080000A78] -> 0x4513
mem[X,0x0000000080000A7A] -> 0xFFF5
[671] [M]: 0x0000000080000A78 (0xFFF54513) xori x10, x10, -0x1                      inst_130+8
x10 <- 0xFEFFFFFFFFFFFFFF

clint mtime 0x0000000000000150 (mip.MTI <- 0b1, mip.STI <- 0b0)
mem[X,0x0000000080000A7C] -> 0x2593
mem[X,0x0000000080000A7E] -> 0x0075
[672] [M]: 0x0000000080000A7C (0x00752593) slti x11, x10, 0x7                       inst_130+12
x11 <- 0x0000000000000001

mem[X,0x0000000080000A80] -> 0x3023
mem[X,0x0000000080000A82] -> 0x36B1
[673] [M]: 0x0000000080000A80 (0x36B13023) sd x11, 0x360(x2)                        inst_130+16
mem[W,0x0000000080007528] <- 0x0000000000000001

clint mtime 0x0000000000000151 (mip.MTI <- 0b1, mip.STI <- 0b0)
mem[X,0x0000000080000A84] -> 0x0513
mem[X,0x0000000080000A86] -> 0x0010
[674] [M]: 0x0000000080000A84 (0x00100513) addi x10, x0, 0x1                        inst_131+0
x10 <- 0x0000000000000001

mem[X,0x0000000080000A88] -> 0x1513
mem[X,0x0000000080000A8A] -> 0x0395
[675] [M]: 0x0000000080000A88 (0x03951513) slli x10, x10, 0x39                      inst_131+4
x10 <- 0x0200000000000000

clint mtime 0x0000000000000152 (mip.MTI <- 0b1, mip.STI <- 0b0)
mem[X,0x0000000080000A8C] -> 0x4513
mem[X,0x0000000080000A8E] -> 0xFFF5
[676] [M]: 0x0000000080000A8C (0xFFF54513) xori x10, x10, -0x1                      inst_131+8
x10 <- 0xFDFFFFFFFFFFFFFF

mem[X,0x0000000080000A90] -> 0x2593
mem[X,0x0000000080000A92] -> 0x8005
[677] [M]: 0x0000000080000A90 (0x80052593) slti x11, x10, -0x800                    inst_131+12
x11 <- 0x0000000000000001

clint mtime 0x0000000000000153 (mip.MTI <- 0b1, mip.STI <- 0b0)
mem[X,0x0000000080000A94] -> 0x3423
mem[X,0x0000000080000A96] -> 0x36B1
[678] [M]: 0x0000000080000A94 (0x36B13423) sd x11, 0x368(x2)                        inst_131+16
mem[W,0x0000000080007530] <- 0x0000000000000001

mem[X,0x0000000080000A98] -> 0x0513
mem[X,0x0000000080000A9A] -> 0x0010
[679] [M]: 0x0000000080000A98 (0x00100513) addi x10, x0, 0x1                        inst_132+0
x10 <- 0x0000000000000001

clint mtime 0x0000000000000154 (mip.MTI <- 0b1, mip.STI <- 0b0)
mem[X,0x0000000080000A9C] -> 0x1513
mem[X,0x0000000080000A9E] -> 0x03A5
[680] [M]: 0x0000000080000A9C (0x03A51513) slli x10, x10, 0x3a                      inst_132+4
x10 <- 0x0400000000000000

mem[X,0x0000000080000AA0] -> 0x4513
mem[X,0x0000000080000AA2] -> 0xFFF5
[681] [M]: 0x0000000080000AA0 (0xFFF54513) xori x10, x10, -0x1                      inst_132+8
x10 <- 0xFBFFFFFFFFFFFFFF

clint mtime 0x0000000000000155 (mip.MTI <- 0b1, mip.STI <- 0b0)
mem[X,0x0000000080000AA4] -> 0x2593
mem[X,0x0000000080000AA6] -> 0x02E5
[682] [M]: 0x0000000080000AA4 (0x02E52593) slti x11, x10, 0x2e                      inst_132+12
x11 <- 0x0000000000000001

mem[X,0x0000000080000AA8] -> 0x3823
mem[X,0x0000000080000AAA] -> 0x36B1
[683] [M]: 0x0000000080000AA8 (0x36B13823) sd x11, 0x370(x2)                        inst_132+16
mem[W,0x0000000080007538] <- 0x0000000000000001

clint mtime 0x0000000000000156 (mip.MTI <- 0b1, mip.STI <- 0b0)
mem[X,0x0000000080000AAC] -> 0x0513
mem[X,0x0000000080000AAE] -> 0x0010
[684] [M]: 0x0000000080000AAC (0x00100513) addi x10, x0, 0x1                        inst_133+0
x10 <- 0x0000000000000001

mem[X,0x0000000080000AB0] -> 0x1513
mem[X,0x0000000080000AB2] -> 0x03D5
[685] [M]: 0x0000000080000AB0 (0x03D51513) slli x10, x10, 0x3d                      inst_133+4
x10 <- 0x2000000000000000

clint mtime 0x0000000000000157 (mip.MTI <- 0b1, mip.STI <- 0b0)
mem[X,0x0000000080000AB4] -> 0x4513
mem[X,0x0000000080000AB6] -> 0xFFF5
[686] [M]: 0x0000000080000AB4 (0xFFF54513) xori x10, x10, -0x1                      inst_133+8
x10 <- 0xDFFFFFFFFFFFFFFF

mem[X,0x0000000080000AB8] -> 0x2593
mem[X,0x0000000080000ABA] -> 0xFFA5
[687] [M]: 0x0000000080000AB8 (0xFFA52593) slti x11, x10, -0x6                      inst_133+12
x11 <- 0x0000000000000001

clint mtime 0x0000000000000158 (mip.MTI <- 0b1, mip.STI <- 0b0)
mem[X,0x0000000080000ABC] -> 0x3C23
mem[X,0x0000000080000ABE] -> 0x36B1
[688] [M]: 0x0000000080000ABC (0x36B13C23) sd x11, 0x378(x2)                        inst_133+16
mem[W,0x0000000080007540] <- 0x0000000000000001

mem[X,0x0000000080000AC0] -> 0x0513
mem[X,0x0000000080000AC2] -> 0x0010
[689] [M]: 0x0000000080000AC0 (0x00100513) addi x10, x0, 0x1                        inst_134+0
x10 <- 0x0000000000000001

clint mtime 0x0000000000000159 (mip.MTI <- 0b1, mip.STI <- 0b0)
mem[X,0x0000000080000AC4] -> 0x1513
mem[X,0x0000000080000AC6] -> 0x03E5
[690] [M]: 0x0000000080000AC4 (0x03E51513) slli x10, x10, 0x3e                      inst_134+4
x10 <- 0x4000000000000000

mem[X,0x0000000080000AC8] -> 0x4513
mem[X,0x0000000080000ACA] -> 0xFFF5
[691] [M]: 0x0000000080000AC8 (0xFFF54513) xori x10, x10, -0x1                      inst_134+8
x10 <- 0xBFFFFFFFFFFFFFFF

clint mtime 0x000000000000015A (mip.MTI <- 0b1, mip.STI <- 0b0)
mem[X,0x0000000080000ACC] -> 0x2593
mem[X,0x0000000080000ACE] -> 0xAAB5
[692] [M]: 0x0000000080000ACC (0xAAB52593) slti x11, x10, -0x555                    inst_134+12
x11 <- 0x0000000000000001

mem[X,0x0000000080000AD0] -> 0x3023
mem[X,0x0000000080000AD2] -> 0x38B1
[693] [M]: 0x0000000080000AD0 (0x38B13023) sd x11, 0x380(x2)                        inst_134+16
mem[W,0x0000000080007548] <- 0x0000000000000001

clint mtime 0x000000000000015B (mip.MTI <- 0b1, mip.STI <- 0b0)
mem[X,0x0000000080000AD4] -> 0x5537
mem[X,0x0000000080000AD6] -> 0x5555
[694] [M]: 0x0000000080000AD4 (0x55555537) lui x10, 0x55555                         inst_135+0
x10 <- 0x0000000055555000

mem[X,0x0000000080000AD8] -> 0x0513
mem[X,0x0000000080000ADA] -> 0x5555
[695] [M]: 0x0000000080000AD8 (0x55550513) addi x10, x10, 0x555                     inst_135+4
x10 <- 0x0000000055555555

clint mtime 0x000000000000015C (mip.MTI <- 0b1, mip.STI <- 0b0)
mem[X,0x0000000080000ADC] -> 0x1513
mem[X,0x0000000080000ADE] -> 0x00B5
[696] [M]: 0x0000000080000ADC (0x00B51513) slli x10, x10, 0xb                       inst_135+8
x10 <- 0x000002AAAAAAA800

mem[X,0x0000000080000AE0] -> 0x0513
mem[X,0x0000000080000AE2] -> 0x2AA5
[697] [M]: 0x0000000080000AE0 (0x2AA50513) addi x10, x10, 0x2aa                     inst_135+12
x10 <- 0x000002AAAAAAAAAA

clint mtime 0x000000000000015D (mip.MTI <- 0b1, mip.STI <- 0b0)
mem[X,0x0000000080000AE4] -> 0x1513
mem[X,0x0000000080000AE6] -> 0x00B5
[698] [M]: 0x0000000080000AE4 (0x00B51513) slli x10, x10, 0xb                       inst_135+16
x10 <- 0x0015555555555000

mem[X,0x0000000080000AE8] -> 0x0513
mem[X,0x0000000080000AEA] -> 0x5555
[699] [M]: 0x0000000080000AE8 (0x55550513) addi x10, x10, 0x555                     inst_135+20
x10 <- 0x0015555555555555

clint mtime 0x000000000000015E (mip.MTI <- 0b1, mip.STI <- 0b0)
mem[X,0x0000000080000AEC] -> 0x1513
mem[X,0x0000000080000AEE] -> 0x00A5
[700] [M]: 0x0000000080000AEC (0x00A51513) slli x10, x10, 0xa                       inst_135+24
x10 <- 0x5555555555555400

mem[X,0x0000000080000AF0] -> 0x0513
mem[X,0x0000000080000AF2] -> 0x1555
[701] [M]: 0x0000000080000AF0 (0x15550513) addi x10, x10, 0x155                     inst_135+28
x10 <- 0x5555555555555555

clint mtime 0x000000000000015F (mip.MTI <- 0b1, mip.STI <- 0b0)
mem[X,0x0000000080000AF4] -> 0x2593
mem[X,0x0000000080000AF6] -> 0x3335
[702] [M]: 0x0000000080000AF4 (0x33352593) slti x11, x10, 0x333                     inst_135+32
x11 <- 0x0000000000000000

mem[X,0x0000000080000AF8] -> 0x3423
mem[X,0x0000000080000AFA] -> 0x38B1
[703] [M]: 0x0000000080000AF8 (0x38B13423) sd x11, 0x388(x2)                        inst_135+36
mem[W,0x0000000080007550] <- 0x0000000000000000

clint mtime 0x0000000000000160 (mip.MTI <- 0b1, mip.STI <- 0b0)
mem[X,0x0000000080000AFC] -> 0x0513
mem[X,0x0000000080000AFE] -> 0x0030
[704] [M]: 0x0000000080000AFC (0x00300513) addi x10, x0, 0x3                        inst_136+0
x10 <- 0x0000000000000003

mem[X,0x0000000080000B00] -> 0x2593
mem[X,0x0000000080000B02] -> 0x0035
[705] [M]: 0x0000000080000B00 (0x00352593) slti x11, x10, 0x3                       inst_136+4
x11 <- 0x0000000000000000

clint mtime 0x0000000000000161 (mip.MTI <- 0b1, mip.STI <- 0b0)
mem[X,0x0000000080000B04] -> 0x3823
mem[X,0x0000000080000B06] -> 0x38B1
[706] [M]: 0x0000000080000B04 (0x38B13823) sd x11, 0x390(x2)                        inst_136+8
mem[W,0x0000000080007558] <- 0x0000000000000000

mem[X,0x0000000080000B08] -> 0x0513
mem[X,0x0000000080000B0A] -> 0x0030
[707] [M]: 0x0000000080000B08 (0x00300513) addi x10, x0, 0x3                        inst_137+0
x10 <- 0x0000000000000003

clint mtime 0x0000000000000162 (mip.MTI <- 0b1, mip.STI <- 0b0)
mem[X,0x0000000080000B0C] -> 0x2593
mem[X,0x0000000080000B0E] -> 0x5555
[708] [M]: 0x0000000080000B0C (0x55552593) slti x11, x10, 0x555                     inst_137+4
x11 <- 0x0000000000000001

mem[X,0x0000000080000B10] -> 0x3C23
mem[X,0x0000000080000B12] -> 0x38B1
[709] [M]: 0x0000000080000B10 (0x38B13C23) sd x11, 0x398(x2)                        inst_137+8
mem[W,0x0000000080007560] <- 0x0000000000000001

clint mtime 0x0000000000000163 (mip.MTI <- 0b1, mip.STI <- 0b0)
mem[X,0x0000000080000B14] -> 0x0513
mem[X,0x0000000080000B16] -> 0x0030
[710] [M]: 0x0000000080000B14 (0x00300513) addi x10, x0, 0x3                        inst_138+0
x10 <- 0x0000000000000003

mem[X,0x0000000080000B18] -> 0x2593
mem[X,0x0000000080000B1A] -> 0xAAA5
[711] [M]: 0x0000000080000B18 (0xAAA52593) slti x11, x10, -0x556                    inst_138+4
x11 <- 0x0000000000000000

clint mtime 0x0000000000000164 (mip.MTI <- 0b1, mip.STI <- 0b0)
mem[X,0x0000000080000B1C] -> 0x3023
mem[X,0x0000000080000B1E] -> 0x3AB1
[712] [M]: 0x0000000080000B1C (0x3AB13023) sd x11, 0x3a0(x2)                        inst_138+8
mem[W,0x0000000080007568] <- 0x0000000000000000

mem[X,0x0000000080000B20] -> 0x0513
mem[X,0x0000000080000B22] -> 0x0030
[713] [M]: 0x0000000080000B20 (0x00300513) addi x10, x0, 0x3                        inst_139+0
x10 <- 0x0000000000000003

clint mtime 0x0000000000000165 (mip.MTI <- 0b1, mip.STI <- 0b0)
mem[X,0x0000000080000B24] -> 0x2593
mem[X,0x0000000080000B26] -> 0x0055
[714] [M]: 0x0000000080000B24 (0x00552593) slti x11, x10, 0x5                       inst_139+4
x11 <- 0x0000000000000001

mem[X,0x0000000080000B28] -> 0x3423
mem[X,0x0000000080000B2A] -> 0x3AB1
[715] [M]: 0x0000000080000B28 (0x3AB13423) sd x11, 0x3a8(x2)                        inst_139+8
mem[W,0x0000000080007570] <- 0x0000000000000001

clint mtime 0x0000000000000166 (mip.MTI <- 0b1, mip.STI <- 0b0)
mem[X,0x0000000080000B2C] -> 0x0513
mem[X,0x0000000080000B2E] -> 0x0030
[716] [M]: 0x0000000080000B2C (0x00300513) addi x10, x0, 0x3                        inst_140+0
x10 <- 0x0000000000000003

mem[X,0x0000000080000B30] -> 0x2593
mem[X,0x0000000080000B32] -> 0x3335
[717] [M]: 0x0000000080000B30 (0x33352593) slti x11, x10, 0x333                     inst_140+4
x11 <- 0x0000000000000001

clint mtime 0x0000000000000167 (mip.MTI <- 0b1, mip.STI <- 0b0)
mem[X,0x0000000080000B34] -> 0x3823
mem[X,0x0000000080000B36] -> 0x3AB1
[718] [M]: 0x0000000080000B34 (0x3AB13823) sd x11, 0x3b0(x2)                        inst_140+8
mem[W,0x0000000080007578] <- 0x0000000000000001

mem[X,0x0000000080000B38] -> 0x0513
mem[X,0x0000000080000B3A] -> 0x0030
[719] [M]: 0x0000000080000B38 (0x00300513) addi x10, x0, 0x3                        inst_141+0
x10 <- 0x0000000000000003

clint mtime 0x0000000000000168 (mip.MTI <- 0b1, mip.STI <- 0b0)
mem[X,0x0000000080000B3C] -> 0x2593
mem[X,0x0000000080000B3E] -> 0x6665
[720] [M]: 0x0000000080000B3C (0x66652593) slti x11, x10, 0x666                     inst_141+4
x11 <- 0x0000000000000001

mem[X,0x0000000080000B40] -> 0x3C23
mem[X,0x0000000080000B42] -> 0x3AB1
[721] [M]: 0x0000000080000B40 (0x3AB13C23) sd x11, 0x3b8(x2)                        inst_141+8
mem[W,0x0000000080007580] <- 0x0000000000000001

clint mtime 0x0000000000000169 (mip.MTI <- 0b1, mip.STI <- 0b0)
mem[X,0x0000000080000B44] -> 0x0513
mem[X,0x0000000080000B46] -> 0x0030
[722] [M]: 0x0000000080000B44 (0x00300513) addi x10, x0, 0x3                        inst_142+0
x10 <- 0x0000000000000003

mem[X,0x0000000080000B48] -> 0x2593
mem[X,0x0000000080000B4A] -> 0xFD35
[723] [M]: 0x0000000080000B48 (0xFD352593) slti x11, x10, -0x2d                     inst_142+4
x11 <- 0x0000000000000000

clint mtime 0x000000000000016A (mip.MTI <- 0b1, mip.STI <- 0b0)
mem[X,0x0000000080000B4C] -> 0x3023
mem[X,0x0000000080000B4E] -> 0x3CB1
[724] [M]: 0x0000000080000B4C (0x3CB13023) sd x11, 0x3c0(x2)                        inst_142+8
mem[W,0x0000000080007588] <- 0x0000000000000000

mem[X,0x0000000080000B50] -> 0x0513
mem[X,0x0000000080000B52] -> 0x0030
[725] [M]: 0x0000000080000B50 (0x00300513) addi x10, x0, 0x3                        inst_143+0
x10 <- 0x0000000000000003

clint mtime 0x000000000000016B (mip.MTI <- 0b1, mip.STI <- 0b0)
mem[X,0x0000000080000B54] -> 0x2593
mem[X,0x0000000080000B56] -> 0x02D5
[726] [M]: 0x0000000080000B54 (0x02D52593) slti x11, x10, 0x2d                      inst_143+4
x11 <- 0x0000000000000001

mem[X,0x0000000080000B58] -> 0x3423
mem[X,0x0000000080000B5A] -> 0x3CB1
[727] [M]: 0x0000000080000B58 (0x3CB13423) sd x11, 0x3c8(x2)                        inst_143+8
mem[W,0x0000000080007590] <- 0x0000000000000001

clint mtime 0x000000000000016C (mip.MTI <- 0b1, mip.STI <- 0b0)
mem[X,0x0000000080000B5C] -> 0x0513
mem[X,0x0000000080000B5E] -> 0x0030
[728] [M]: 0x0000000080000B5C (0x00300513) addi x10, x0, 0x3                        inst_144+0
x10 <- 0x0000000000000003

mem[X,0x0000000080000B60] -> 0x2593
mem[X,0x0000000080000B62] -> 0x0025
[729] [M]: 0x0000000080000B60 (0x00252593) slti x11, x10, 0x2                       inst_144+4
x11 <- 0x0000000000000000

clint mtime 0x000000000000016D (mip.MTI <- 0b1, mip.STI <- 0b0)
mem[X,0x0000000080000B64] -> 0x3823
mem[X,0x0000000080000B66] -> 0x3CB1
[730] [M]: 0x0000000080000B64 (0x3CB13823) sd x11, 0x3d0(x2)                        inst_144+8
mem[W,0x0000000080007598] <- 0x0000000000000000

mem[X,0x0000000080000B68] -> 0x0513
mem[X,0x0000000080000B6A] -> 0x0030
[731] [M]: 0x0000000080000B68 (0x00300513) addi x10, x0, 0x3                        inst_145+0
x10 <- 0x0000000000000003

clint mtime 0x000000000000016E (mip.MTI <- 0b1, mip.STI <- 0b0)
mem[X,0x0000000080000B6C] -> 0x2593
mem[X,0x0000000080000B6E] -> 0x5545
[732] [M]: 0x0000000080000B6C (0x55452593) slti x11, x10, 0x554                     inst_145+4
x11 <- 0x0000000000000001

mem[X,0x0000000080000B70] -> 0x3C23
mem[X,0x0000000080000B72] -> 0x3CB1
[733] [M]: 0x0000000080000B70 (0x3CB13C23) sd x11, 0x3d8(x2)                        inst_145+8
mem[W,0x00000000800075A0] <- 0x0000000000000001

clint mtime 0x000000000000016F (mip.MTI <- 0b1, mip.STI <- 0b0)
mem[X,0x0000000080000B74] -> 0x0513
mem[X,0x0000000080000B76] -> 0x0030
[734] [M]: 0x0000000080000B74 (0x00300513) addi x10, x0, 0x3                        inst_146+0
x10 <- 0x0000000000000003

mem[X,0x0000000080000B78] -> 0x2593
mem[X,0x0000000080000B7A] -> 0x0005
[735] [M]: 0x0000000080000B78 (0x00052593) slti x11, x10, 0x0                       inst_146+4
x11 <- 0x0000000000000000

clint mtime 0x0000000000000170 (mip.MTI <- 0b1, mip.STI <- 0b0)
mem[X,0x0000000080000B7C] -> 0x3023
mem[X,0x0000000080000B7E] -> 0x3EB1
[736] [M]: 0x0000000080000B7C (0x3EB13023) sd x11, 0x3e0(x2)                        inst_146+8
mem[W,0x00000000800075A8] <- 0x0000000000000000

mem[X,0x0000000080000B80] -> 0x0513
mem[X,0x0000000080000B82] -> 0x0030
[737] [M]: 0x0000000080000B80 (0x00300513) addi x10, x0, 0x3                        inst_147+0
x10 <- 0x0000000000000003

clint mtime 0x0000000000000171 (mip.MTI <- 0b1, mip.STI <- 0b0)
mem[X,0x0000000080000B84] -> 0x2593
mem[X,0x0000000080000B86] -> 0x0045
[738] [M]: 0x0000000080000B84 (0x00452593) slti x11, x10, 0x4                       inst_147+4
x11 <- 0x0000000000000001

mem[X,0x0000000080000B88] -> 0x3423
mem[X,0x0000000080000B8A] -> 0x3EB1
[739] [M]: 0x0000000080000B88 (0x3EB13423) sd x11, 0x3e8(x2)                        inst_147+8
mem[W,0x00000000800075B0] <- 0x0000000000000001

clint mtime 0x0000000000000172 (mip.MTI <- 0b1, mip.STI <- 0b0)
mem[X,0x0000000080000B8C] -> 0x0513
mem[X,0x0000000080000B8E] -> 0x0030
[740] [M]: 0x0000000080000B8C (0x00300513) addi x10, x0, 0x3                        inst_148+0
x10 <- 0x0000000000000003

mem[X,0x0000000080000B90] -> 0x2593
mem[X,0x0000000080000B92] -> 0x3325
[741] [M]: 0x0000000080000B90 (0x33252593) slti x11, x10, 0x332                     inst_148+4
x11 <- 0x0000000000000001

clint mtime 0x0000000000000173 (mip.MTI <- 0b1, mip.STI <- 0b0)
mem[X,0x0000000080000B94] -> 0x3823
mem[X,0x0000000080000B96] -> 0x3EB1
[742] [M]: 0x0000000080000B94 (0x3EB13823) sd x11, 0x3f0(x2)                        inst_148+8
mem[W,0x00000000800075B8] <- 0x0000000000000001

mem[X,0x0000000080000B98] -> 0x0513
mem[X,0x0000000080000B9A] -> 0x0030
[743] [M]: 0x0000000080000B98 (0x00300513) addi x10, x0, 0x3                        inst_149+0
x10 <- 0x0000000000000003

clint mtime 0x0000000000000174 (mip.MTI <- 0b1, mip.STI <- 0b0)
mem[X,0x0000000080000B9C] -> 0x2593
mem[X,0x0000000080000B9E] -> 0x6655
[744] [M]: 0x0000000080000B9C (0x66552593) slti x11, x10, 0x665                     inst_149+4
x11 <- 0x0000000000000001

mem[X,0x0000000080000BA0] -> 0x3C23
mem[X,0x0000000080000BA2] -> 0x3EB1
[745] [M]: 0x0000000080000BA0 (0x3EB13C23) sd x11, 0x3f8(x2)                        inst_149+8
mem[W,0x00000000800075C0] <- 0x0000000000000001

clint mtime 0x0000000000000175 (mip.MTI <- 0b1, mip.STI <- 0b0)
mem[X,0x0000000080000BA4] -> 0x0513
mem[X,0x0000000080000BA6] -> 0x0030
[746] [M]: 0x0000000080000BA4 (0x00300513) addi x10, x0, 0x3                        inst_150+0
x10 <- 0x0000000000000003

mem[X,0x0000000080000BA8] -> 0x2593
mem[X,0x0000000080000BAA] -> 0x02C5
[747] [M]: 0x0000000080000BA8 (0x02C52593) slti x11, x10, 0x2c                      inst_150+4
x11 <- 0x0000000000000001

clint mtime 0x0000000000000176 (mip.MTI <- 0b1, mip.STI <- 0b0)
mem[X,0x0000000080000BAC] -> 0x3023
mem[X,0x0000000080000BAE] -> 0x40B1
[748] [M]: 0x0000000080000BAC (0x40B13023) sd x11, 0x400(x2)                        inst_150+8
mem[W,0x00000000800075C8] <- 0x0000000000000001

mem[X,0x0000000080000BB0] -> 0x0513
mem[X,0x0000000080000BB2] -> 0x0030
[749] [M]: 0x0000000080000BB0 (0x00300513) addi x10, x0, 0x3                        inst_151+0
x10 <- 0x0000000000000003

clint mtime 0x0000000000000177 (mip.MTI <- 0b1, mip.STI <- 0b0)
mem[X,0x0000000080000BB4] -> 0x2593
mem[X,0x0000000080000BB6] -> 0x5565
[750] [M]: 0x0000000080000BB4 (0x55652593) slti x11, x10, 0x556                     inst_151+4
x11 <- 0x0000000000000001

mem[X,0x0000000080000BB8] -> 0x3423
mem[X,0x0000000080000BBA] -> 0x40B1
[751] [M]: 0x0000000080000BB8 (0x40B13423) sd x11, 0x408(x2)                        inst_151+8
mem[W,0x00000000800075D0] <- 0x0000000000000001

clint mtime 0x0000000000000178 (mip.MTI <- 0b1, mip.STI <- 0b0)
mem[X,0x0000000080000BBC] -> 0x0513
mem[X,0x0000000080000BBE] -> 0x0030
[752] [M]: 0x0000000080000BBC (0x00300513) addi x10, x0, 0x3                        inst_152+0
x10 <- 0x0000000000000003

mem[X,0x0000000080000BC0] -> 0x2593
mem[X,0x0000000080000BC2] -> 0xAAB5
[753] [M]: 0x0000000080000BC0 (0xAAB52593) slti x11, x10, -0x555                    inst_152+4
x11 <- 0x0000000000000000

clint mtime 0x0000000000000179 (mip.MTI <- 0b1, mip.STI <- 0b0)
mem[X,0x0000000080000BC4] -> 0x3823
mem[X,0x0000000080000BC6] -> 0x40B1
[754] [M]: 0x0000000080000BC4 (0x40B13823) sd x11, 0x410(x2)                        inst_152+8
mem[W,0x00000000800075D8] <- 0x0000000000000000

mem[X,0x0000000080000BC8] -> 0x0513
mem[X,0x0000000080000BCA] -> 0x0030
[755] [M]: 0x0000000080000BC8 (0x00300513) addi x10, x0, 0x3                        inst_153+0
x10 <- 0x0000000000000003

clint mtime 0x000000000000017A (mip.MTI <- 0b1, mip.STI <- 0b0)
mem[X,0x0000000080000BCC] -> 0x2593
mem[X,0x0000000080000BCE] -> 0x0065
[756] [M]: 0x0000000080000BCC (0x00652593) slti x11, x10, 0x6                       inst_153+4
x11 <- 0x0000000000000001

mem[X,0x0000000080000BD0] -> 0x3C23
mem[X,0x0000000080000BD2] -> 0x40B1
[757] [M]: 0x0000000080000BD0 (0x40B13C23) sd x11, 0x418(x2)                        inst_153+8
mem[W,0x00000000800075E0] <- 0x0000000000000001

clint mtime 0x000000000000017B (mip.MTI <- 0b1, mip.STI <- 0b0)
mem[X,0x0000000080000BD4] -> 0x0513
mem[X,0x0000000080000BD6] -> 0x0030
[758] [M]: 0x0000000080000BD4 (0x00300513) addi x10, x0, 0x3                        inst_154+0
x10 <- 0x0000000000000003

mem[X,0x0000000080000BD8] -> 0x2593
mem[X,0x0000000080000BDA] -> 0x3345
[759] [M]: 0x0000000080000BD8 (0x33452593) slti x11, x10, 0x334                     inst_154+4
x11 <- 0x0000000000000001

clint mtime 0x000000000000017C (mip.MTI <- 0b1, mip.STI <- 0b0)
mem[X,0x0000000080000BDC] -> 0x3023
mem[X,0x0000000080000BDE] -> 0x42B1
[760] [M]: 0x0000000080000BDC (0x42B13023) sd x11, 0x420(x2)                        inst_154+8
mem[W,0x00000000800075E8] <- 0x0000000000000001

mem[X,0x0000000080000BE0] -> 0x0513
mem[X,0x0000000080000BE2] -> 0x0030
[761] [M]: 0x0000000080000BE0 (0x00300513) addi x10, x0, 0x3                        inst_155+0
x10 <- 0x0000000000000003

clint mtime 0x000000000000017D (mip.MTI <- 0b1, mip.STI <- 0b0)
mem[X,0x0000000080000BE4] -> 0x2593
mem[X,0x0000000080000BE6] -> 0x6675
[762] [M]: 0x0000000080000BE4 (0x66752593) slti x11, x10, 0x667                     inst_155+4
x11 <- 0x0000000000000001

mem[X,0x0000000080000BE8] -> 0x3423
mem[X,0x0000000080000BEA] -> 0x42B1
[763] [M]: 0x0000000080000BE8 (0x42B13423) sd x11, 0x428(x2)                        inst_155+8
mem[W,0x00000000800075F0] <- 0x0000000000000001

clint mtime 0x000000000000017E (mip.MTI <- 0b1, mip.STI <- 0b0)
mem[X,0x0000000080000BEC] -> 0x0513
mem[X,0x0000000080000BEE] -> 0x0030
[764] [M]: 0x0000000080000BEC (0x00300513) addi x10, x0, 0x3                        inst_156+0
x10 <- 0x0000000000000003

mem[X,0x0000000080000BF0] -> 0x2593
mem[X,0x0000000080000BF2] -> 0xFD45
[765] [M]: 0x0000000080000BF0 (0xFD452593) slti x11, x10, -0x2c                     inst_156+4
x11 <- 0x0000000000000000

clint mtime 0x000000000000017F (mip.MTI <- 0b1, mip.STI <- 0b0)
mem[X,0x0000000080000BF4] -> 0x3823
mem[X,0x0000000080000BF6] -> 0x42B1
[766] [M]: 0x0000000080000BF4 (0x42B13823) sd x11, 0x430(x2)                        inst_156+8
mem[W,0x00000000800075F8] <- 0x0000000000000000

mem[X,0x0000000080000BF8] -> 0x0513
mem[X,0x0000000080000BFA] -> 0x0030
[767] [M]: 0x0000000080000BF8 (0x00300513) addi x10, x0, 0x3                        inst_157+0
x10 <- 0x0000000000000003

clint mtime 0x0000000000000180 (mip.MTI <- 0b1, mip.STI <- 0b0)
mem[X,0x0000000080000BFC] -> 0x2593
mem[X,0x0000000080000BFE] -> 0x02E5
[768] [M]: 0x0000000080000BFC (0x02E52593) slti x11, x10, 0x2e                      inst_157+4
x11 <- 0x0000000000000001

mem[X,0x0000000080000C00] -> 0x3C23
mem[X,0x0000000080000C02] -> 0x42B1
[769] [M]: 0x0000000080000C00 (0x42B13C23) sd x11, 0x438(x2)                        inst_157+8
mem[W,0x0000000080007600] <- 0x0000000000000001

clint mtime 0x0000000000000181 (mip.MTI <- 0b1, mip.STI <- 0b0)
mem[X,0x0000000080000C04] -> 0x5537
mem[X,0x0000000080000C06] -> 0x5555
[770] [M]: 0x0000000080000C04 (0x55555537) lui x10, 0x55555                         inst_158+0
x10 <- 0x0000000055555000

mem[X,0x0000000080000C08] -> 0x0513
mem[X,0x0000000080000C0A] -> 0x5555
[771] [M]: 0x0000000080000C08 (0x55550513) addi x10, x10, 0x555                     inst_158+4
x10 <- 0x0000000055555555

clint mtime 0x0000000000000182 (mip.MTI <- 0b1, mip.STI <- 0b0)
mem[X,0x0000000080000C0C] -> 0x1513
mem[X,0x0000000080000C0E] -> 0x00B5
[772] [M]: 0x0000000080000C0C (0x00B51513) slli x10, x10, 0xb                       inst_158+8
x10 <- 0x000002AAAAAAA800

mem[X,0x0000000080000C10] -> 0x0513
mem[X,0x0000000080000C12] -> 0x2AA5
[773] [M]: 0x0000000080000C10 (0x2AA50513) addi x10, x10, 0x2aa                     inst_158+12
x10 <- 0x000002AAAAAAAAAA

clint mtime 0x0000000000000183 (mip.MTI <- 0b1, mip.STI <- 0b0)
mem[X,0x0000000080000C14] -> 0x1513
mem[X,0x0000000080000C16] -> 0x00B5
[774] [M]: 0x0000000080000C14 (0x00B51513) slli x10, x10, 0xb                       inst_158+16
x10 <- 0x0015555555555000

mem[X,0x0000000080000C18] -> 0x0513
mem[X,0x0000000080000C1A] -> 0x5555
[775] [M]: 0x0000000080000C18 (0x55550513) addi x10, x10, 0x555                     inst_158+20
x10 <- 0x0015555555555555

clint mtime 0x0000000000000184 (mip.MTI <- 0b1, mip.STI <- 0b0)
mem[X,0x0000000080000C1C] -> 0x1513
mem[X,0x0000000080000C1E] -> 0x00A5
[776] [M]: 0x0000000080000C1C (0x00A51513) slli x10, x10, 0xa                       inst_158+24
x10 <- 0x5555555555555400

mem[X,0x0000000080000C20] -> 0x0513
mem[X,0x0000000080000C22] -> 0x1555
[777] [M]: 0x0000000080000C20 (0x15550513) addi x10, x10, 0x155                     inst_158+28
x10 <- 0x5555555555555555

clint mtime 0x0000000000000185 (mip.MTI <- 0b1, mip.STI <- 0b0)
mem[X,0x0000000080000C24] -> 0x2593
mem[X,0x0000000080000C26] -> 0x0035
[778] [M]: 0x0000000080000C24 (0x00352593) slti x11, x10, 0x3                       inst_158+32
x11 <- 0x0000000000000000

mem[X,0x0000000080000C28] -> 0x3023
mem[X,0x0000000080000C2A] -> 0x44B1
[779] [M]: 0x0000000080000C28 (0x44B13023) sd x11, 0x440(x2)                        inst_158+36
mem[W,0x0000000080007608] <- 0x0000000000000000

clint mtime 0x0000000000000186 (mip.MTI <- 0b1, mip.STI <- 0b0)
mem[X,0x0000000080000C2C] -> 0x5537
mem[X,0x0000000080000C2E] -> 0x5555
[780] [M]: 0x0000000080000C2C (0x55555537) lui x10, 0x55555                         inst_159+0
x10 <- 0x0000000055555000

mem[X,0x0000000080000C30] -> 0x0513
mem[X,0x0000000080000C32] -> 0x5555
[781] [M]: 0x0000000080000C30 (0x55550513) addi x10, x10, 0x555                     inst_159+4
x10 <- 0x0000000055555555

clint mtime 0x0000000000000187 (mip.MTI <- 0b1, mip.STI <- 0b0)
mem[X,0x0000000080000C34] -> 0x1513
mem[X,0x0000000080000C36] -> 0x00B5
[782] [M]: 0x0000000080000C34 (0x00B51513) slli x10, x10, 0xb                       inst_159+8
x10 <- 0x000002AAAAAAA800

mem[X,0x0000000080000C38] -> 0x0513
mem[X,0x0000000080000C3A] -> 0x2AA5
[783] [M]: 0x0000000080000C38 (0x2AA50513) addi x10, x10, 0x2aa                     inst_159+12
x10 <- 0x000002AAAAAAAAAA

clint mtime 0x0000000000000188 (mip.MTI <- 0b1, mip.STI <- 0b0)
mem[X,0x0000000080000C3C] -> 0x1513
mem[X,0x0000000080000C3E] -> 0x00B5
[784] [M]: 0x0000000080000C3C (0x00B51513) slli x10, x10, 0xb                       inst_159+16
x10 <- 0x0015555555555000

mem[X,0x0000000080000C40] -> 0x0513
mem[X,0x0000000080000C42] -> 0x5555
[785] [M]: 0x0000000080000C40 (0x55550513) addi x10, x10, 0x555                     inst_159+20
x10 <- 0x0015555555555555

clint mtime 0x0000000000000189 (mip.MTI <- 0b1, mip.STI <- 0b0)
mem[X,0x0000000080000C44] -> 0x1513
mem[X,0x0000000080000C46] -> 0x00A5
[786] [M]: 0x0000000080000C44 (0x00A51513) slli x10, x10, 0xa                       inst_159+24
x10 <- 0x5555555555555400

mem[X,0x0000000080000C48] -> 0x0513
mem[X,0x0000000080000C4A] -> 0x1555
[787] [M]: 0x0000000080000C48 (0x15550513) addi x10, x10, 0x155                     inst_159+28
x10 <- 0x5555555555555555

clint mtime 0x000000000000018A (mip.MTI <- 0b1, mip.STI <- 0b0)
mem[X,0x0000000080000C4C] -> 0x2593
mem[X,0x0000000080000C4E] -> 0x5555
[788] [M]: 0x0000000080000C4C (0x55552593) slti x11, x10, 0x555                     inst_159+32
x11 <- 0x0000000000000000

mem[X,0x0000000080000C50] -> 0x3423
mem[X,0x0000000080000C52] -> 0x44B1
[789] [M]: 0x0000000080000C50 (0x44B13423) sd x11, 0x448(x2)                        inst_159+36
mem[W,0x0000000080007610] <- 0x0000000000000000

clint mtime 0x000000000000018B (mip.MTI <- 0b1, mip.STI <- 0b0)
mem[X,0x0000000080000C54] -> 0x5537
mem[X,0x0000000080000C56] -> 0x5555
[790] [M]: 0x0000000080000C54 (0x55555537) lui x10, 0x55555                         inst_160+0
x10 <- 0x0000000055555000

mem[X,0x0000000080000C58] -> 0x0513
mem[X,0x0000000080000C5A] -> 0x5555
[791] [M]: 0x0000000080000C58 (0x55550513) addi x10, x10, 0x555                     inst_160+4
x10 <- 0x0000000055555555

clint mtime 0x000000000000018C (mip.MTI <- 0b1, mip.STI <- 0b0)
mem[X,0x0000000080000C5C] -> 0x1513
mem[X,0x0000000080000C5E] -> 0x00B5
[792] [M]: 0x0000000080000C5C (0x00B51513) slli x10, x10, 0xb                       inst_160+8
x10 <- 0x000002AAAAAAA800

mem[X,0x0000000080000C60] -> 0x0513
mem[X,0x0000000080000C62] -> 0x2AA5
[793] [M]: 0x0000000080000C60 (0x2AA50513) addi x10, x10, 0x2aa                     inst_160+12
x10 <- 0x000002AAAAAAAAAA

clint mtime 0x000000000000018D (mip.MTI <- 0b1, mip.STI <- 0b0)
mem[X,0x0000000080000C64] -> 0x1513
mem[X,0x0000000080000C66] -> 0x00B5
[794] [M]: 0x0000000080000C64 (0x00B51513) slli x10, x10, 0xb                       inst_160+16
x10 <- 0x0015555555555000

mem[X,0x0000000080000C68] -> 0x0513
mem[X,0x0000000080000C6A] -> 0x5555
[795] [M]: 0x0000000080000C68 (0x55550513) addi x10, x10, 0x555                     inst_160+20
x10 <- 0x0015555555555555

clint mtime 0x000000000000018E (mip.MTI <- 0b1, mip.STI <- 0b0)
mem[X,0x0000000080000C6C] -> 0x1513
mem[X,0x0000000080000C6E] -> 0x00A5
[796] [M]: 0x0000000080000C6C (0x00A51513) slli x10, x10, 0xa                       inst_160+24
x10 <- 0x5555555555555400

mem[X,0x0000000080000C70] -> 0x0513
mem[X,0x0000000080000C72] -> 0x1555
[797] [M]: 0x0000000080000C70 (0x15550513) addi x10, x10, 0x155                     inst_160+28
x10 <- 0x5555555555555555

clint mtime 0x000000000000018F (mip.MTI <- 0b1, mip.STI <- 0b0)
mem[X,0x0000000080000C74] -> 0x2593
mem[X,0x0000000080000C76] -> 0xAAA5
[798] [M]: 0x0000000080000C74 (0xAAA52593) slti x11, x10, -0x556                    inst_160+32
x11 <- 0x0000000000000000

mem[X,0x0000000080000C78] -> 0x3823
mem[X,0x0000000080000C7A] -> 0x44B1
[799] [M]: 0x0000000080000C78 (0x44B13823) sd x11, 0x450(x2)                        inst_160+36
mem[W,0x0000000080007618] <- 0x0000000000000000

clint mtime 0x0000000000000190 (mip.MTI <- 0b1, mip.STI <- 0b0)
mem[X,0x0000000080000C7C] -> 0x5537
mem[X,0x0000000080000C7E] -> 0x5555
[800] [M]: 0x0000000080000C7C (0x55555537) lui x10, 0x55555                         inst_161+0
x10 <- 0x0000000055555000

mem[X,0x0000000080000C80] -> 0x0513
mem[X,0x0000000080000C82] -> 0x5555
[801] [M]: 0x0000000080000C80 (0x55550513) addi x10, x10, 0x555                     inst_161+4
x10 <- 0x0000000055555555

clint mtime 0x0000000000000191 (mip.MTI <- 0b1, mip.STI <- 0b0)
mem[X,0x0000000080000C84] -> 0x1513
mem[X,0x0000000080000C86] -> 0x00B5
[802] [M]: 0x0000000080000C84 (0x00B51513) slli x10, x10, 0xb                       inst_161+8
x10 <- 0x000002AAAAAAA800

mem[X,0x0000000080000C88] -> 0x0513
mem[X,0x0000000080000C8A] -> 0x2AA5
[803] [M]: 0x0000000080000C88 (0x2AA50513) addi x10, x10, 0x2aa                     inst_161+12
x10 <- 0x000002AAAAAAAAAA

clint mtime 0x0000000000000192 (mip.MTI <- 0b1, mip.STI <- 0b0)
mem[X,0x0000000080000C8C] -> 0x1513
mem[X,0x0000000080000C8E] -> 0x00B5
[804] [M]: 0x0000000080000C8C (0x00B51513) slli x10, x10, 0xb                       inst_161+16
x10 <- 0x0015555555555000

mem[X,0x0000000080000C90] -> 0x0513
mem[X,0x0000000080000C92] -> 0x5555
[805] [M]: 0x0000000080000C90 (0x55550513) addi x10, x10, 0x555                     inst_161+20
x10 <- 0x0015555555555555

clint mtime 0x0000000000000193 (mip.MTI <- 0b1, mip.STI <- 0b0)
mem[X,0x0000000080000C94] -> 0x1513
mem[X,0x0000000080000C96] -> 0x00A5
[806] [M]: 0x0000000080000C94 (0x00A51513) slli x10, x10, 0xa                       inst_161+24
x10 <- 0x5555555555555400

mem[X,0x0000000080000C98] -> 0x0513
mem[X,0x0000000080000C9A] -> 0x1555
[807] [M]: 0x0000000080000C98 (0x15550513) addi x10, x10, 0x155                     inst_161+28
x10 <- 0x5555555555555555

clint mtime 0x0000000000000194 (mip.MTI <- 0b1, mip.STI <- 0b0)
mem[X,0x0000000080000C9C] -> 0x2593
mem[X,0x0000000080000C9E] -> 0x0055
[808] [M]: 0x0000000080000C9C (0x00552593) slti x11, x10, 0x5                       inst_161+32
x11 <- 0x0000000000000000

mem[X,0x0000000080000CA0] -> 0x3C23
mem[X,0x0000000080000CA2] -> 0x44B1
[809] [M]: 0x0000000080000CA0 (0x44B13C23) sd x11, 0x458(x2)                        inst_161+36
mem[W,0x0000000080007620] <- 0x0000000000000000

clint mtime 0x0000000000000195 (mip.MTI <- 0b1, mip.STI <- 0b0)
mem[X,0x0000000080000CA4] -> 0x5537
mem[X,0x0000000080000CA6] -> 0x5555
[810] [M]: 0x0000000080000CA4 (0x55555537) lui x10, 0x55555                         inst_162+0
x10 <- 0x0000000055555000

mem[X,0x0000000080000CA8] -> 0x0513
mem[X,0x0000000080000CAA] -> 0x5555
[811] [M]: 0x0000000080000CA8 (0x55550513) addi x10, x10, 0x555                     inst_162+4
x10 <- 0x0000000055555555

clint mtime 0x0000000000000196 (mip.MTI <- 0b1, mip.STI <- 0b0)
mem[X,0x0000000080000CAC] -> 0x1513
mem[X,0x0000000080000CAE] -> 0x00B5
[812] [M]: 0x0000000080000CAC (0x00B51513) slli x10, x10, 0xb                       inst_162+8
x10 <- 0x000002AAAAAAA800

mem[X,0x0000000080000CB0] -> 0x0513
mem[X,0x0000000080000CB2] -> 0x2AA5
[813] [M]: 0x0000000080000CB0 (0x2AA50513) addi x10, x10, 0x2aa                     inst_162+12
x10 <- 0x000002AAAAAAAAAA

clint mtime 0x0000000000000197 (mip.MTI <- 0b1, mip.STI <- 0b0)
mem[X,0x0000000080000CB4] -> 0x1513
mem[X,0x0000000080000CB6] -> 0x00B5
[814] [M]: 0x0000000080000CB4 (0x00B51513) slli x10, x10, 0xb                       inst_162+16
x10 <- 0x0015555555555000

mem[X,0x0000000080000CB8] -> 0x0513
mem[X,0x0000000080000CBA] -> 0x5555
[815] [M]: 0x0000000080000CB8 (0x55550513) addi x10, x10, 0x555                     inst_162+20
x10 <- 0x0015555555555555

clint mtime 0x0000000000000198 (mip.MTI <- 0b1, mip.STI <- 0b0)
mem[X,0x0000000080000CBC] -> 0x1513
mem[X,0x0000000080000CBE] -> 0x00A5
[816] [M]: 0x0000000080000CBC (0x00A51513) slli x10, x10, 0xa                       inst_162+24
x10 <- 0x5555555555555400

mem[X,0x0000000080000CC0] -> 0x0513
mem[X,0x0000000080000CC2] -> 0x1555
[817] [M]: 0x0000000080000CC0 (0x15550513) addi x10, x10, 0x155                     inst_162+28
x10 <- 0x5555555555555555

clint mtime 0x0000000000000199 (mip.MTI <- 0b1, mip.STI <- 0b0)
mem[X,0x0000000080000CC4] -> 0x2593
mem[X,0x0000000080000CC6] -> 0x6665
[818] [M]: 0x0000000080000CC4 (0x66652593) slti x11, x10, 0x666                     inst_162+32
x11 <- 0x0000000000000000

mem[X,0x0000000080000CC8] -> 0x3023
mem[X,0x0000000080000CCA] -> 0x46B1
[819] [M]: 0x0000000080000CC8 (0x46B13023) sd x11, 0x460(x2)                        inst_162+36
mem[W,0x0000000080007628] <- 0x0000000000000000

clint mtime 0x000000000000019A (mip.MTI <- 0b1, mip.STI <- 0b0)
mem[X,0x0000000080000CCC] -> 0x5537
mem[X,0x0000000080000CCE] -> 0x5555
[820] [M]: 0x0000000080000CCC (0x55555537) lui x10, 0x55555                         inst_163+0
x10 <- 0x0000000055555000

mem[X,0x0000000080000CD0] -> 0x0513
mem[X,0x0000000080000CD2] -> 0x5555
[821] [M]: 0x0000000080000CD0 (0x55550513) addi x10, x10, 0x555                     inst_163+4
x10 <- 0x0000000055555555

clint mtime 0x000000000000019B (mip.MTI <- 0b1, mip.STI <- 0b0)
mem[X,0x0000000080000CD4] -> 0x1513
mem[X,0x0000000080000CD6] -> 0x00B5
[822] [M]: 0x0000000080000CD4 (0x00B51513) slli x10, x10, 0xb                       inst_163+8
x10 <- 0x000002AAAAAAA800

mem[X,0x0000000080000CD8] -> 0x0513
mem[X,0x0000000080000CDA] -> 0x2AA5
[823] [M]: 0x0000000080000CD8 (0x2AA50513) addi x10, x10, 0x2aa                     inst_163+12
x10 <- 0x000002AAAAAAAAAA

clint mtime 0x000000000000019C (mip.MTI <- 0b1, mip.STI <- 0b0)
mem[X,0x0000000080000CDC] -> 0x1513
mem[X,0x0000000080000CDE] -> 0x00B5
[824] [M]: 0x0000000080000CDC (0x00B51513) slli x10, x10, 0xb                       inst_163+16
x10 <- 0x0015555555555000

mem[X,0x0000000080000CE0] -> 0x0513
mem[X,0x0000000080000CE2] -> 0x5555
[825] [M]: 0x0000000080000CE0 (0x55550513) addi x10, x10, 0x555                     inst_163+20
x10 <- 0x0015555555555555

clint mtime 0x000000000000019D (mip.MTI <- 0b1, mip.STI <- 0b0)
mem[X,0x0000000080000CE4] -> 0x1513
mem[X,0x0000000080000CE6] -> 0x00A5
[826] [M]: 0x0000000080000CE4 (0x00A51513) slli x10, x10, 0xa                       inst_163+24
x10 <- 0x5555555555555400

mem[X,0x0000000080000CE8] -> 0x0513
mem[X,0x0000000080000CEA] -> 0x1555
[827] [M]: 0x0000000080000CE8 (0x15550513) addi x10, x10, 0x155                     inst_163+28
x10 <- 0x5555555555555555

clint mtime 0x000000000000019E (mip.MTI <- 0b1, mip.STI <- 0b0)
mem[X,0x0000000080000CEC] -> 0x2593
mem[X,0x0000000080000CEE] -> 0xFD35
[828] [M]: 0x0000000080000CEC (0xFD352593) slti x11, x10, -0x2d                     inst_163+32
x11 <- 0x0000000000000000

mem[X,0x0000000080000CF0] -> 0x3423
mem[X,0x0000000080000CF2] -> 0x46B1
[829] [M]: 0x0000000080000CF0 (0x46B13423) sd x11, 0x468(x2)                        inst_163+36
mem[W,0x0000000080007630] <- 0x0000000000000000

clint mtime 0x000000000000019F (mip.MTI <- 0b1, mip.STI <- 0b0)
mem[X,0x0000000080000CF4] -> 0x5537
mem[X,0x0000000080000CF6] -> 0x5555
[830] [M]: 0x0000000080000CF4 (0x55555537) lui x10, 0x55555                         inst_164+0
x10 <- 0x0000000055555000

mem[X,0x0000000080000CF8] -> 0x0513
mem[X,0x0000000080000CFA] -> 0x5555
[831] [M]: 0x0000000080000CF8 (0x55550513) addi x10, x10, 0x555                     inst_164+4
x10 <- 0x0000000055555555

clint mtime 0x00000000000001A0 (mip.MTI <- 0b1, mip.STI <- 0b0)
mem[X,0x0000000080000CFC] -> 0x1513
mem[X,0x0000000080000CFE] -> 0x00B5
[832] [M]: 0x0000000080000CFC (0x00B51513) slli x10, x10, 0xb                       inst_164+8
x10 <- 0x000002AAAAAAA800

mem[X,0x0000000080000D00] -> 0x0513
mem[X,0x0000000080000D02] -> 0x2AA5
[833] [M]: 0x0000000080000D00 (0x2AA50513) addi x10, x10, 0x2aa                     inst_164+12
x10 <- 0x000002AAAAAAAAAA

clint mtime 0x00000000000001A1 (mip.MTI <- 0b1, mip.STI <- 0b0)
mem[X,0x0000000080000D04] -> 0x1513
mem[X,0x0000000080000D06] -> 0x00B5
[834] [M]: 0x0000000080000D04 (0x00B51513) slli x10, x10, 0xb                       inst_164+16
x10 <- 0x0015555555555000

mem[X,0x0000000080000D08] -> 0x0513
mem[X,0x0000000080000D0A] -> 0x5555
[835] [M]: 0x0000000080000D08 (0x55550513) addi x10, x10, 0x555                     inst_164+20
x10 <- 0x0015555555555555

clint mtime 0x00000000000001A2 (mip.MTI <- 0b1, mip.STI <- 0b0)
mem[X,0x0000000080000D0C] -> 0x1513
mem[X,0x0000000080000D0E] -> 0x00A5
[836] [M]: 0x0000000080000D0C (0x00A51513) slli x10, x10, 0xa                       inst_164+24
x10 <- 0x5555555555555400

mem[X,0x0000000080000D10] -> 0x0513
mem[X,0x0000000080000D12] -> 0x1555
[837] [M]: 0x0000000080000D10 (0x15550513) addi x10, x10, 0x155                     inst_164+28
x10 <- 0x5555555555555555

clint mtime 0x00000000000001A3 (mip.MTI <- 0b1, mip.STI <- 0b0)
mem[X,0x0000000080000D14] -> 0x2593
mem[X,0x0000000080000D16] -> 0x02D5
[838] [M]: 0x0000000080000D14 (0x02D52593) slti x11, x10, 0x2d                      inst_164+32
x11 <- 0x0000000000000000

mem[X,0x0000000080000D18] -> 0x3823
mem[X,0x0000000080000D1A] -> 0x46B1
[839] [M]: 0x0000000080000D18 (0x46B13823) sd x11, 0x470(x2)                        inst_164+36
mem[W,0x0000000080007638] <- 0x0000000000000000

clint mtime 0x00000000000001A4 (mip.MTI <- 0b1, mip.STI <- 0b0)
mem[X,0x0000000080000D1C] -> 0x5537
mem[X,0x0000000080000D1E] -> 0x5555
[840] [M]: 0x0000000080000D1C (0x55555537) lui x10, 0x55555                         inst_165+0
x10 <- 0x0000000055555000

mem[X,0x0000000080000D20] -> 0x0513
mem[X,0x0000000080000D22] -> 0x5555
[841] [M]: 0x0000000080000D20 (0x55550513) addi x10, x10, 0x555                     inst_165+4
x10 <- 0x0000000055555555

clint mtime 0x00000000000001A5 (mip.MTI <- 0b1, mip.STI <- 0b0)
mem[X,0x0000000080000D24] -> 0x1513
mem[X,0x0000000080000D26] -> 0x00B5
[842] [M]: 0x0000000080000D24 (0x00B51513) slli x10, x10, 0xb                       inst_165+8
x10 <- 0x000002AAAAAAA800

mem[X,0x0000000080000D28] -> 0x0513
mem[X,0x0000000080000D2A] -> 0x2AA5
[843] [M]: 0x0000000080000D28 (0x2AA50513) addi x10, x10, 0x2aa                     inst_165+12
x10 <- 0x000002AAAAAAAAAA

clint mtime 0x00000000000001A6 (mip.MTI <- 0b1, mip.STI <- 0b0)
mem[X,0x0000000080000D2C] -> 0x1513
mem[X,0x0000000080000D2E] -> 0x00B5
[844] [M]: 0x0000000080000D2C (0x00B51513) slli x10, x10, 0xb                       inst_165+16
x10 <- 0x0015555555555000

mem[X,0x0000000080000D30] -> 0x0513
mem[X,0x0000000080000D32] -> 0x5555
[845] [M]: 0x0000000080000D30 (0x55550513) addi x10, x10, 0x555                     inst_165+20
x10 <- 0x0015555555555555

clint mtime 0x00000000000001A7 (mip.MTI <- 0b1, mip.STI <- 0b0)
mem[X,0x0000000080000D34] -> 0x1513
mem[X,0x0000000080000D36] -> 0x00A5
[846] [M]: 0x0000000080000D34 (0x00A51513) slli x10, x10, 0xa                       inst_165+24
x10 <- 0x5555555555555400

mem[X,0x0000000080000D38] -> 0x0513
mem[X,0x0000000080000D3A] -> 0x1555
[847] [M]: 0x0000000080000D38 (0x15550513) addi x10, x10, 0x155                     inst_165+28
x10 <- 0x5555555555555555

clint mtime 0x00000000000001A8 (mip.MTI <- 0b1, mip.STI <- 0b0)
mem[X,0x0000000080000D3C] -> 0x2593
mem[X,0x0000000080000D3E] -> 0x0025
[848] [M]: 0x0000000080000D3C (0x00252593) slti x11, x10, 0x2                       inst_165+32
x11 <- 0x0000000000000000

mem[X,0x0000000080000D40] -> 0x3C23
mem[X,0x0000000080000D42] -> 0x46B1
[849] [M]: 0x0000000080000D40 (0x46B13C23) sd x11, 0x478(x2)                        inst_165+36
mem[W,0x0000000080007640] <- 0x0000000000000000

clint mtime 0x00000000000001A9 (mip.MTI <- 0b1, mip.STI <- 0b0)
mem[X,0x0000000080000D44] -> 0x5537
mem[X,0x0000000080000D46] -> 0x5555
[850] [M]: 0x0000000080000D44 (0x55555537) lui x10, 0x55555                         inst_166+0
x10 <- 0x0000000055555000

mem[X,0x0000000080000D48] -> 0x0513
mem[X,0x0000000080000D4A] -> 0x5555
[851] [M]: 0x0000000080000D48 (0x55550513) addi x10, x10, 0x555                     inst_166+4
x10 <- 0x0000000055555555

clint mtime 0x00000000000001AA (mip.MTI <- 0b1, mip.STI <- 0b0)
mem[X,0x0000000080000D4C] -> 0x1513
mem[X,0x0000000080000D4E] -> 0x00B5
[852] [M]: 0x0000000080000D4C (0x00B51513) slli x10, x10, 0xb                       inst_166+8
x10 <- 0x000002AAAAAAA800

mem[X,0x0000000080000D50] -> 0x0513
mem[X,0x0000000080000D52] -> 0x2AA5
[853] [M]: 0x0000000080000D50 (0x2AA50513) addi x10, x10, 0x2aa                     inst_166+12
x10 <- 0x000002AAAAAAAAAA

clint mtime 0x00000000000001AB (mip.MTI <- 0b1, mip.STI <- 0b0)
mem[X,0x0000000080000D54] -> 0x1513
mem[X,0x0000000080000D56] -> 0x00B5
[854] [M]: 0x0000000080000D54 (0x00B51513) slli x10, x10, 0xb                       inst_166+16
x10 <- 0x0015555555555000

mem[X,0x0000000080000D58] -> 0x0513
mem[X,0x0000000080000D5A] -> 0x5555
[855] [M]: 0x0000000080000D58 (0x55550513) addi x10, x10, 0x555                     inst_166+20
x10 <- 0x0015555555555555

clint mtime 0x00000000000001AC (mip.MTI <- 0b1, mip.STI <- 0b0)
mem[X,0x0000000080000D5C] -> 0x1513
mem[X,0x0000000080000D5E] -> 0x00A5
[856] [M]: 0x0000000080000D5C (0x00A51513) slli x10, x10, 0xa                       inst_166+24
x10 <- 0x5555555555555400

mem[X,0x0000000080000D60] -> 0x0513
mem[X,0x0000000080000D62] -> 0x1555
[857] [M]: 0x0000000080000D60 (0x15550513) addi x10, x10, 0x155                     inst_166+28
x10 <- 0x5555555555555555

clint mtime 0x00000000000001AD (mip.MTI <- 0b1, mip.STI <- 0b0)
mem[X,0x0000000080000D64] -> 0x2593
mem[X,0x0000000080000D66] -> 0x5545
[858] [M]: 0x0000000080000D64 (0x55452593) slti x11, x10, 0x554                     inst_166+32
x11 <- 0x0000000000000000

mem[X,0x0000000080000D68] -> 0x3023
mem[X,0x0000000080000D6A] -> 0x48B1
[859] [M]: 0x0000000080000D68 (0x48B13023) sd x11, 0x480(x2)                        inst_166+36
mem[W,0x0000000080007648] <- 0x0000000000000000

clint mtime 0x00000000000001AE (mip.MTI <- 0b1, mip.STI <- 0b0)
mem[X,0x0000000080000D6C] -> 0x5537
mem[X,0x0000000080000D6E] -> 0x5555
[860] [M]: 0x0000000080000D6C (0x55555537) lui x10, 0x55555                         inst_167+0
x10 <- 0x0000000055555000

mem[X,0x0000000080000D70] -> 0x0513
mem[X,0x0000000080000D72] -> 0x5555
[861] [M]: 0x0000000080000D70 (0x55550513) addi x10, x10, 0x555                     inst_167+4
x10 <- 0x0000000055555555

clint mtime 0x00000000000001AF (mip.MTI <- 0b1, mip.STI <- 0b0)
mem[X,0x0000000080000D74] -> 0x1513
mem[X,0x0000000080000D76] -> 0x00B5
[862] [M]: 0x0000000080000D74 (0x00B51513) slli x10, x10, 0xb                       inst_167+8
x10 <- 0x000002AAAAAAA800

mem[X,0x0000000080000D78] -> 0x0513
mem[X,0x0000000080000D7A] -> 0x2AA5
[863] [M]: 0x0000000080000D78 (0x2AA50513) addi x10, x10, 0x2aa                     inst_167+12
x10 <- 0x000002AAAAAAAAAA

clint mtime 0x00000000000001B0 (mip.MTI <- 0b1, mip.STI <- 0b0)
mem[X,0x0000000080000D7C] -> 0x1513
mem[X,0x0000000080000D7E] -> 0x00B5
[864] [M]: 0x0000000080000D7C (0x00B51513) slli x10, x10, 0xb                       inst_167+16
x10 <- 0x0015555555555000

mem[X,0x0000000080000D80] -> 0x0513
mem[X,0x0000000080000D82] -> 0x5555
[865] [M]: 0x0000000080000D80 (0x55550513) addi x10, x10, 0x555                     inst_167+20
x10 <- 0x0015555555555555

clint mtime 0x00000000000001B1 (mip.MTI <- 0b1, mip.STI <- 0b0)
mem[X,0x0000000080000D84] -> 0x1513
mem[X,0x0000000080000D86] -> 0x00A5
[866] [M]: 0x0000000080000D84 (0x00A51513) slli x10, x10, 0xa                       inst_167+24
x10 <- 0x5555555555555400

mem[X,0x0000000080000D88] -> 0x0513
mem[X,0x0000000080000D8A] -> 0x1555
[867] [M]: 0x0000000080000D88 (0x15550513) addi x10, x10, 0x155                     inst_167+28
x10 <- 0x5555555555555555

clint mtime 0x00000000000001B2 (mip.MTI <- 0b1, mip.STI <- 0b0)
mem[X,0x0000000080000D8C] -> 0x2593
mem[X,0x0000000080000D8E] -> 0x0005
[868] [M]: 0x0000000080000D8C (0x00052593) slti x11, x10, 0x0                       inst_167+32
x11 <- 0x0000000000000000

mem[X,0x0000000080000D90] -> 0x3423
mem[X,0x0000000080000D92] -> 0x48B1
[869] [M]: 0x0000000080000D90 (0x48B13423) sd x11, 0x488(x2)                        inst_167+36
mem[W,0x0000000080007650] <- 0x0000000000000000

clint mtime 0x00000000000001B3 (mip.MTI <- 0b1, mip.STI <- 0b0)
mem[X,0x0000000080000D94] -> 0x5537
mem[X,0x0000000080000D96] -> 0x5555
[870] [M]: 0x0000000080000D94 (0x55555537) lui x10, 0x55555                         inst_168+0
x10 <- 0x0000000055555000

mem[X,0x0000000080000D98] -> 0x0513
mem[X,0x0000000080000D9A] -> 0x5555
[871] [M]: 0x0000000080000D98 (0x55550513) addi x10, x10, 0x555                     inst_168+4
x10 <- 0x0000000055555555

clint mtime 0x00000000000001B4 (mip.MTI <- 0b1, mip.STI <- 0b0)
mem[X,0x0000000080000D9C] -> 0x1513
mem[X,0x0000000080000D9E] -> 0x00B5
[872] [M]: 0x0000000080000D9C (0x00B51513) slli x10, x10, 0xb                       inst_168+8
x10 <- 0x000002AAAAAAA800

mem[X,0x0000000080000DA0] -> 0x0513
mem[X,0x0000000080000DA2] -> 0x2AA5
[873] [M]: 0x0000000080000DA0 (0x2AA50513) addi x10, x10, 0x2aa                     inst_168+12
x10 <- 0x000002AAAAAAAAAA

clint mtime 0x00000000000001B5 (mip.MTI <- 0b1, mip.STI <- 0b0)
mem[X,0x0000000080000DA4] -> 0x1513
mem[X,0x0000000080000DA6] -> 0x00B5
[874] [M]: 0x0000000080000DA4 (0x00B51513) slli x10, x10, 0xb                       inst_168+16
x10 <- 0x0015555555555000

mem[X,0x0000000080000DA8] -> 0x0513
mem[X,0x0000000080000DAA] -> 0x5555
[875] [M]: 0x0000000080000DA8 (0x55550513) addi x10, x10, 0x555                     inst_168+20
x10 <- 0x0015555555555555

clint mtime 0x00000000000001B6 (mip.MTI <- 0b1, mip.STI <- 0b0)
mem[X,0x0000000080000DAC] -> 0x1513
mem[X,0x0000000080000DAE] -> 0x00A5
[876] [M]: 0x0000000080000DAC (0x00A51513) slli x10, x10, 0xa                       inst_168+24
x10 <- 0x5555555555555400

mem[X,0x0000000080000DB0] -> 0x0513
mem[X,0x0000000080000DB2] -> 0x1555
[877] [M]: 0x0000000080000DB0 (0x15550513) addi x10, x10, 0x155                     inst_168+28
x10 <- 0x5555555555555555

clint mtime 0x00000000000001B7 (mip.MTI <- 0b1, mip.STI <- 0b0)
mem[X,0x0000000080000DB4] -> 0x2593
mem[X,0x0000000080000DB6] -> 0x0045
[878] [M]: 0x0000000080000DB4 (0x00452593) slti x11, x10, 0x4                       inst_168+32
x11 <- 0x0000000000000000

mem[X,0x0000000080000DB8] -> 0x3823
mem[X,0x0000000080000DBA] -> 0x48B1
[879] [M]: 0x0000000080000DB8 (0x48B13823) sd x11, 0x490(x2)                        inst_168+36
mem[W,0x0000000080007658] <- 0x0000000000000000

clint mtime 0x00000000000001B8 (mip.MTI <- 0b1, mip.STI <- 0b0)
mem[X,0x0000000080000DBC] -> 0x5537
mem[X,0x0000000080000DBE] -> 0x5555
[880] [M]: 0x0000000080000DBC (0x55555537) lui x10, 0x55555                         inst_169+0
x10 <- 0x0000000055555000

mem[X,0x0000000080000DC0] -> 0x0513
mem[X,0x0000000080000DC2] -> 0x5555
[881] [M]: 0x0000000080000DC0 (0x55550513) addi x10, x10, 0x555                     inst_169+4
x10 <- 0x0000000055555555

clint mtime 0x00000000000001B9 (mip.MTI <- 0b1, mip.STI <- 0b0)
mem[X,0x0000000080000DC4] -> 0x1513
mem[X,0x0000000080000DC6] -> 0x00B5
[882] [M]: 0x0000000080000DC4 (0x00B51513) slli x10, x10, 0xb                       inst_169+8
x10 <- 0x000002AAAAAAA800

mem[X,0x0000000080000DC8] -> 0x0513
mem[X,0x0000000080000DCA] -> 0x2AA5
[883] [M]: 0x0000000080000DC8 (0x2AA50513) addi x10, x10, 0x2aa                     inst_169+12
x10 <- 0x000002AAAAAAAAAA

clint mtime 0x00000000000001BA (mip.MTI <- 0b1, mip.STI <- 0b0)
mem[X,0x0000000080000DCC] -> 0x1513
mem[X,0x0000000080000DCE] -> 0x00B5
[884] [M]: 0x0000000080000DCC (0x00B51513) slli x10, x10, 0xb                       inst_169+16
x10 <- 0x0015555555555000

mem[X,0x0000000080000DD0] -> 0x0513
mem[X,0x0000000080000DD2] -> 0x5555
[885] [M]: 0x0000000080000DD0 (0x55550513) addi x10, x10, 0x555                     inst_169+20
x10 <- 0x0015555555555555

clint mtime 0x00000000000001BB (mip.MTI <- 0b1, mip.STI <- 0b0)
mem[X,0x0000000080000DD4] -> 0x1513
mem[X,0x0000000080000DD6] -> 0x00A5
[886] [M]: 0x0000000080000DD4 (0x00A51513) slli x10, x10, 0xa                       inst_169+24
x10 <- 0x5555555555555400

mem[X,0x0000000080000DD8] -> 0x0513
mem[X,0x0000000080000DDA] -> 0x1555
[887] [M]: 0x0000000080000DD8 (0x15550513) addi x10, x10, 0x155                     inst_169+28
x10 <- 0x5555555555555555

clint mtime 0x00000000000001BC (mip.MTI <- 0b1, mip.STI <- 0b0)
mem[X,0x0000000080000DDC] -> 0x2593
mem[X,0x0000000080000DDE] -> 0x3325
[888] [M]: 0x0000000080000DDC (0x33252593) slti x11, x10, 0x332                     inst_169+32
x11 <- 0x0000000000000000

mem[X,0x0000000080000DE0] -> 0x3C23
mem[X,0x0000000080000DE2] -> 0x48B1
[889] [M]: 0x0000000080000DE0 (0x48B13C23) sd x11, 0x498(x2)                        inst_169+36
mem[W,0x0000000080007660] <- 0x0000000000000000

clint mtime 0x00000000000001BD (mip.MTI <- 0b1, mip.STI <- 0b0)
mem[X,0x0000000080000DE4] -> 0x5537
mem[X,0x0000000080000DE6] -> 0x5555
[890] [M]: 0x0000000080000DE4 (0x55555537) lui x10, 0x55555                         inst_170+0
x10 <- 0x0000000055555000

mem[X,0x0000000080000DE8] -> 0x0513
mem[X,0x0000000080000DEA] -> 0x5555
[891] [M]: 0x0000000080000DE8 (0x55550513) addi x10, x10, 0x555                     inst_170+4
x10 <- 0x0000000055555555

clint mtime 0x00000000000001BE (mip.MTI <- 0b1, mip.STI <- 0b0)
mem[X,0x0000000080000DEC] -> 0x1513
mem[X,0x0000000080000DEE] -> 0x00B5
[892] [M]: 0x0000000080000DEC (0x00B51513) slli x10, x10, 0xb                       inst_170+8
x10 <- 0x000002AAAAAAA800

mem[X,0x0000000080000DF0] -> 0x0513
mem[X,0x0000000080000DF2] -> 0x2AA5
[893] [M]: 0x0000000080000DF0 (0x2AA50513) addi x10, x10, 0x2aa                     inst_170+12
x10 <- 0x000002AAAAAAAAAA

clint mtime 0x00000000000001BF (mip.MTI <- 0b1, mip.STI <- 0b0)
mem[X,0x0000000080000DF4] -> 0x1513
mem[X,0x0000000080000DF6] -> 0x00B5
[894] [M]: 0x0000000080000DF4 (0x00B51513) slli x10, x10, 0xb                       inst_170+16
x10 <- 0x0015555555555000

mem[X,0x0000000080000DF8] -> 0x0513
mem[X,0x0000000080000DFA] -> 0x5555
[895] [M]: 0x0000000080000DF8 (0x55550513) addi x10, x10, 0x555                     inst_170+20
x10 <- 0x0015555555555555

clint mtime 0x00000000000001C0 (mip.MTI <- 0b1, mip.STI <- 0b0)
mem[X,0x0000000080000DFC] -> 0x1513
mem[X,0x0000000080000DFE] -> 0x00A5
[896] [M]: 0x0000000080000DFC (0x00A51513) slli x10, x10, 0xa                       inst_170+24
x10 <- 0x5555555555555400

mem[X,0x0000000080000E00] -> 0x0513
mem[X,0x0000000080000E02] -> 0x1555
[897] [M]: 0x0000000080000E00 (0x15550513) addi x10, x10, 0x155                     inst_170+28
x10 <- 0x5555555555555555

clint mtime 0x00000000000001C1 (mip.MTI <- 0b1, mip.STI <- 0b0)
mem[X,0x0000000080000E04] -> 0x2593
mem[X,0x0000000080000E06] -> 0x6655
[898] [M]: 0x0000000080000E04 (0x66552593) slti x11, x10, 0x665                     inst_170+32
x11 <- 0x0000000000000000

mem[X,0x0000000080000E08] -> 0x3023
mem[X,0x0000000080000E0A] -> 0x4AB1
[899] [M]: 0x0000000080000E08 (0x4AB13023) sd x11, 0x4a0(x2)                        inst_170+36
mem[W,0x0000000080007668] <- 0x0000000000000000

clint mtime 0x00000000000001C2 (mip.MTI <- 0b1, mip.STI <- 0b0)
mem[X,0x0000000080000E0C] -> 0x5537
mem[X,0x0000000080000E0E] -> 0x5555
[900] [M]: 0x0000000080000E0C (0x55555537) lui x10, 0x55555                         inst_171+0
x10 <- 0x0000000055555000

mem[X,0x0000000080000E10] -> 0x0513
mem[X,0x0000000080000E12] -> 0x5555
[901] [M]: 0x0000000080000E10 (0x55550513) addi x10, x10, 0x555                     inst_171+4
x10 <- 0x0000000055555555

clint mtime 0x00000000000001C3 (mip.MTI <- 0b1, mip.STI <- 0b0)
mem[X,0x0000000080000E14] -> 0x1513
mem[X,0x0000000080000E16] -> 0x00B5
[902] [M]: 0x0000000080000E14 (0x00B51513) slli x10, x10, 0xb                       inst_171+8
x10 <- 0x000002AAAAAAA800

mem[X,0x0000000080000E18] -> 0x0513
mem[X,0x0000000080000E1A] -> 0x2AA5
[903] [M]: 0x0000000080000E18 (0x2AA50513) addi x10, x10, 0x2aa                     inst_171+12
x10 <- 0x000002AAAAAAAAAA

clint mtime 0x00000000000001C4 (mip.MTI <- 0b1, mip.STI <- 0b0)
mem[X,0x0000000080000E1C] -> 0x1513
mem[X,0x0000000080000E1E] -> 0x00B5
[904] [M]: 0x0000000080000E1C (0x00B51513) slli x10, x10, 0xb                       inst_171+16
x10 <- 0x0015555555555000

mem[X,0x0000000080000E20] -> 0x0513
mem[X,0x0000000080000E22] -> 0x5555
[905] [M]: 0x0000000080000E20 (0x55550513) addi x10, x10, 0x555                     inst_171+20
x10 <- 0x0015555555555555

clint mtime 0x00000000000001C5 (mip.MTI <- 0b1, mip.STI <- 0b0)
mem[X,0x0000000080000E24] -> 0x1513
mem[X,0x0000000080000E26] -> 0x00A5
[906] [M]: 0x0000000080000E24 (0x00A51513) slli x10, x10, 0xa                       inst_171+24
x10 <- 0x5555555555555400

mem[X,0x0000000080000E28] -> 0x0513
mem[X,0x0000000080000E2A] -> 0x1555
[907] [M]: 0x0000000080000E28 (0x15550513) addi x10, x10, 0x155                     inst_171+28
x10 <- 0x5555555555555555

clint mtime 0x00000000000001C6 (mip.MTI <- 0b1, mip.STI <- 0b0)
mem[X,0x0000000080000E2C] -> 0x2593
mem[X,0x0000000080000E2E] -> 0x02C5
[908] [M]: 0x0000000080000E2C (0x02C52593) slti x11, x10, 0x2c                      inst_171+32
x11 <- 0x0000000000000000

mem[X,0x0000000080000E30] -> 0x3423
mem[X,0x0000000080000E32] -> 0x4AB1
[909] [M]: 0x0000000080000E30 (0x4AB13423) sd x11, 0x4a8(x2)                        inst_171+36
mem[W,0x0000000080007670] <- 0x0000000000000000

clint mtime 0x00000000000001C7 (mip.MTI <- 0b1, mip.STI <- 0b0)
mem[X,0x0000000080000E34] -> 0x5537
mem[X,0x0000000080000E36] -> 0x5555
[910] [M]: 0x0000000080000E34 (0x55555537) lui x10, 0x55555                         inst_172+0
x10 <- 0x0000000055555000

mem[X,0x0000000080000E38] -> 0x0513
mem[X,0x0000000080000E3A] -> 0x5555
[911] [M]: 0x0000000080000E38 (0x55550513) addi x10, x10, 0x555                     inst_172+4
x10 <- 0x0000000055555555

clint mtime 0x00000000000001C8 (mip.MTI <- 0b1, mip.STI <- 0b0)
mem[X,0x0000000080000E3C] -> 0x1513
mem[X,0x0000000080000E3E] -> 0x00B5
[912] [M]: 0x0000000080000E3C (0x00B51513) slli x10, x10, 0xb                       inst_172+8
x10 <- 0x000002AAAAAAA800

mem[X,0x0000000080000E40] -> 0x0513
mem[X,0x0000000080000E42] -> 0x2AA5
[913] [M]: 0x0000000080000E40 (0x2AA50513) addi x10, x10, 0x2aa                     inst_172+12
x10 <- 0x000002AAAAAAAAAA

clint mtime 0x00000000000001C9 (mip.MTI <- 0b1, mip.STI <- 0b0)
mem[X,0x0000000080000E44] -> 0x1513
mem[X,0x0000000080000E46] -> 0x00B5
[914] [M]: 0x0000000080000E44 (0x00B51513) slli x10, x10, 0xb                       inst_172+16
x10 <- 0x0015555555555000

mem[X,0x0000000080000E48] -> 0x0513
mem[X,0x0000000080000E4A] -> 0x5555
[915] [M]: 0x0000000080000E48 (0x55550513) addi x10, x10, 0x555                     inst_172+20
x10 <- 0x0015555555555555

clint mtime 0x00000000000001CA (mip.MTI <- 0b1, mip.STI <- 0b0)
mem[X,0x0000000080000E4C] -> 0x1513
mem[X,0x0000000080000E4E] -> 0x00A5
[916] [M]: 0x0000000080000E4C (0x00A51513) slli x10, x10, 0xa                       inst_172+24
x10 <- 0x5555555555555400

mem[X,0x0000000080000E50] -> 0x0513
mem[X,0x0000000080000E52] -> 0x1555
[917] [M]: 0x0000000080000E50 (0x15550513) addi x10, x10, 0x155                     inst_172+28
x10 <- 0x5555555555555555

clint mtime 0x00000000000001CB (mip.MTI <- 0b1, mip.STI <- 0b0)
mem[X,0x0000000080000E54] -> 0x2593
mem[X,0x0000000080000E56] -> 0x5565
[918] [M]: 0x0000000080000E54 (0x55652593) slti x11, x10, 0x556                     inst_172+32
x11 <- 0x0000000000000000

mem[X,0x0000000080000E58] -> 0x3823
mem[X,0x0000000080000E5A] -> 0x4AB1
[919] [M]: 0x0000000080000E58 (0x4AB13823) sd x11, 0x4b0(x2)                        inst_172+36
mem[W,0x0000000080007678] <- 0x0000000000000000

clint mtime 0x00000000000001CC (mip.MTI <- 0b1, mip.STI <- 0b0)
mem[X,0x0000000080000E5C] -> 0x5537
mem[X,0x0000000080000E5E] -> 0x5555
[920] [M]: 0x0000000080000E5C (0x55555537) lui x10, 0x55555                         inst_173+0
x10 <- 0x0000000055555000

mem[X,0x0000000080000E60] -> 0x0513
mem[X,0x0000000080000E62] -> 0x5555
[921] [M]: 0x0000000080000E60 (0x55550513) addi x10, x10, 0x555                     inst_173+4
x10 <- 0x0000000055555555

clint mtime 0x00000000000001CD (mip.MTI <- 0b1, mip.STI <- 0b0)
mem[X,0x0000000080000E64] -> 0x1513
mem[X,0x0000000080000E66] -> 0x00B5
[922] [M]: 0x0000000080000E64 (0x00B51513) slli x10, x10, 0xb                       inst_173+8
x10 <- 0x000002AAAAAAA800

mem[X,0x0000000080000E68] -> 0x0513
mem[X,0x0000000080000E6A] -> 0x2AA5
[923] [M]: 0x0000000080000E68 (0x2AA50513) addi x10, x10, 0x2aa                     inst_173+12
x10 <- 0x000002AAAAAAAAAA

clint mtime 0x00000000000001CE (mip.MTI <- 0b1, mip.STI <- 0b0)
mem[X,0x0000000080000E6C] -> 0x1513
mem[X,0x0000000080000E6E] -> 0x00B5
[924] [M]: 0x0000000080000E6C (0x00B51513) slli x10, x10, 0xb                       inst_173+16
x10 <- 0x0015555555555000

mem[X,0x0000000080000E70] -> 0x0513
mem[X,0x0000000080000E72] -> 0x5555
[925] [M]: 0x0000000080000E70 (0x55550513) addi x10, x10, 0x555                     inst_173+20
x10 <- 0x0015555555555555

clint mtime 0x00000000000001CF (mip.MTI <- 0b1, mip.STI <- 0b0)
mem[X,0x0000000080000E74] -> 0x1513
mem[X,0x0000000080000E76] -> 0x00A5
[926] [M]: 0x0000000080000E74 (0x00A51513) slli x10, x10, 0xa                       inst_173+24
x10 <- 0x5555555555555400

mem[X,0x0000000080000E78] -> 0x0513
mem[X,0x0000000080000E7A] -> 0x1555
[927] [M]: 0x0000000080000E78 (0x15550513) addi x10, x10, 0x155                     inst_173+28
x10 <- 0x5555555555555555

clint mtime 0x00000000000001D0 (mip.MTI <- 0b1, mip.STI <- 0b0)
mem[X,0x0000000080000E7C] -> 0x2593
mem[X,0x0000000080000E7E] -> 0xAAB5
[928] [M]: 0x0000000080000E7C (0xAAB52593) slti x11, x10, -0x555                    inst_173+32
x11 <- 0x0000000000000000

mem[X,0x0000000080000E80] -> 0x3C23
mem[X,0x0000000080000E82] -> 0x4AB1
[929] [M]: 0x0000000080000E80 (0x4AB13C23) sd x11, 0x4b8(x2)                        inst_173+36
mem[W,0x0000000080007680] <- 0x0000000000000000

clint mtime 0x00000000000001D1 (mip.MTI <- 0b1, mip.STI <- 0b0)
mem[X,0x0000000080000E84] -> 0x5537
mem[X,0x0000000080000E86] -> 0x5555
[930] [M]: 0x0000000080000E84 (0x55555537) lui x10, 0x55555                         inst_174+0
x10 <- 0x0000000055555000

mem[X,0x0000000080000E88] -> 0x0513
mem[X,0x0000000080000E8A] -> 0x5555
[931] [M]: 0x0000000080000E88 (0x55550513) addi x10, x10, 0x555                     inst_174+4
x10 <- 0x0000000055555555

clint mtime 0x00000000000001D2 (mip.MTI <- 0b1, mip.STI <- 0b0)
mem[X,0x0000000080000E8C] -> 0x1513
mem[X,0x0000000080000E8E] -> 0x00B5
[932] [M]: 0x0000000080000E8C (0x00B51513) slli x10, x10, 0xb                       inst_174+8
x10 <- 0x000002AAAAAAA800

mem[X,0x0000000080000E90] -> 0x0513
mem[X,0x0000000080000E92] -> 0x2AA5
[933] [M]: 0x0000000080000E90 (0x2AA50513) addi x10, x10, 0x2aa                     inst_174+12
x10 <- 0x000002AAAAAAAAAA

clint mtime 0x00000000000001D3 (mip.MTI <- 0b1, mip.STI <- 0b0)
mem[X,0x0000000080000E94] -> 0x1513
mem[X,0x0000000080000E96] -> 0x00B5
[934] [M]: 0x0000000080000E94 (0x00B51513) slli x10, x10, 0xb                       inst_174+16
x10 <- 0x0015555555555000

mem[X,0x0000000080000E98] -> 0x0513
mem[X,0x0000000080000E9A] -> 0x5555
[935] [M]: 0x0000000080000E98 (0x55550513) addi x10, x10, 0x555                     inst_174+20
x10 <- 0x0015555555555555

clint mtime 0x00000000000001D4 (mip.MTI <- 0b1, mip.STI <- 0b0)
mem[X,0x0000000080000E9C] -> 0x1513
mem[X,0x0000000080000E9E] -> 0x00A5
[936] [M]: 0x0000000080000E9C (0x00A51513) slli x10, x10, 0xa                       inst_174+24
x10 <- 0x5555555555555400

mem[X,0x0000000080000EA0] -> 0x0513
mem[X,0x0000000080000EA2] -> 0x1555
[937] [M]: 0x0000000080000EA0 (0x15550513) addi x10, x10, 0x155                     inst_174+28
x10 <- 0x5555555555555555

clint mtime 0x00000000000001D5 (mip.MTI <- 0b1, mip.STI <- 0b0)
mem[X,0x0000000080000EA4] -> 0x2593
mem[X,0x0000000080000EA6] -> 0x0065
[938] [M]: 0x0000000080000EA4 (0x00652593) slti x11, x10, 0x6                       inst_174+32
x11 <- 0x0000000000000000

mem[X,0x0000000080000EA8] -> 0x3023
mem[X,0x0000000080000EAA] -> 0x4CB1
[939] [M]: 0x0000000080000EA8 (0x4CB13023) sd x11, 0x4c0(x2)                        inst_174+36
mem[W,0x0000000080007688] <- 0x0000000000000000

clint mtime 0x00000000000001D6 (mip.MTI <- 0b1, mip.STI <- 0b0)
mem[X,0x0000000080000EAC] -> 0x5537
mem[X,0x0000000080000EAE] -> 0x5555
[940] [M]: 0x0000000080000EAC (0x55555537) lui x10, 0x55555                         inst_175+0
x10 <- 0x0000000055555000

mem[X,0x0000000080000EB0] -> 0x0513
mem[X,0x0000000080000EB2] -> 0x5555
[941] [M]: 0x0000000080000EB0 (0x55550513) addi x10, x10, 0x555                     inst_175+4
x10 <- 0x0000000055555555

clint mtime 0x00000000000001D7 (mip.MTI <- 0b1, mip.STI <- 0b0)
mem[X,0x0000000080000EB4] -> 0x1513
mem[X,0x0000000080000EB6] -> 0x00B5
[942] [M]: 0x0000000080000EB4 (0x00B51513) slli x10, x10, 0xb                       inst_175+8
x10 <- 0x000002AAAAAAA800

mem[X,0x0000000080000EB8] -> 0x0513
mem[X,0x0000000080000EBA] -> 0x2AA5
[943] [M]: 0x0000000080000EB8 (0x2AA50513) addi x10, x10, 0x2aa                     inst_175+12
x10 <- 0x000002AAAAAAAAAA

clint mtime 0x00000000000001D8 (mip.MTI <- 0b1, mip.STI <- 0b0)
mem[X,0x0000000080000EBC] -> 0x1513
mem[X,0x0000000080000EBE] -> 0x00B5
[944] [M]: 0x0000000080000EBC (0x00B51513) slli x10, x10, 0xb                       inst_175+16
x10 <- 0x0015555555555000

mem[X,0x0000000080000EC0] -> 0x0513
mem[X,0x0000000080000EC2] -> 0x5555
[945] [M]: 0x0000000080000EC0 (0x55550513) addi x10, x10, 0x555                     inst_175+20
x10 <- 0x0015555555555555

clint mtime 0x00000000000001D9 (mip.MTI <- 0b1, mip.STI <- 0b0)
mem[X,0x0000000080000EC4] -> 0x1513
mem[X,0x0000000080000EC6] -> 0x00A5
[946] [M]: 0x0000000080000EC4 (0x00A51513) slli x10, x10, 0xa                       inst_175+24
x10 <- 0x5555555555555400

mem[X,0x0000000080000EC8] -> 0x0513
mem[X,0x0000000080000ECA] -> 0x1555
[947] [M]: 0x0000000080000EC8 (0x15550513) addi x10, x10, 0x155                     inst_175+28
x10 <- 0x5555555555555555

clint mtime 0x00000000000001DA (mip.MTI <- 0b1, mip.STI <- 0b0)
mem[X,0x0000000080000ECC] -> 0x2593
mem[X,0x0000000080000ECE] -> 0x3345
[948] [M]: 0x0000000080000ECC (0x33452593) slti x11, x10, 0x334                     inst_175+32
x11 <- 0x0000000000000000

mem[X,0x0000000080000ED0] -> 0x3423
mem[X,0x0000000080000ED2] -> 0x4CB1
[949] [M]: 0x0000000080000ED0 (0x4CB13423) sd x11, 0x4c8(x2)                        inst_175+36
mem[W,0x0000000080007690] <- 0x0000000000000000

clint mtime 0x00000000000001DB (mip.MTI <- 0b1, mip.STI <- 0b0)
mem[X,0x0000000080000ED4] -> 0x5537
mem[X,0x0000000080000ED6] -> 0x5555
[950] [M]: 0x0000000080000ED4 (0x55555537) lui x10, 0x55555                         inst_176+0
x10 <- 0x0000000055555000

mem[X,0x0000000080000ED8] -> 0x0513
mem[X,0x0000000080000EDA] -> 0x5555
[951] [M]: 0x0000000080000ED8 (0x55550513) addi x10, x10, 0x555                     inst_176+4
x10 <- 0x0000000055555555

clint mtime 0x00000000000001DC (mip.MTI <- 0b1, mip.STI <- 0b0)
mem[X,0x0000000080000EDC] -> 0x1513
mem[X,0x0000000080000EDE] -> 0x00B5
[952] [M]: 0x0000000080000EDC (0x00B51513) slli x10, x10, 0xb                       inst_176+8
x10 <- 0x000002AAAAAAA800

mem[X,0x0000000080000EE0] -> 0x0513
mem[X,0x0000000080000EE2] -> 0x2AA5
[953] [M]: 0x0000000080000EE0 (0x2AA50513) addi x10, x10, 0x2aa                     inst_176+12
x10 <- 0x000002AAAAAAAAAA

clint mtime 0x00000000000001DD (mip.MTI <- 0b1, mip.STI <- 0b0)
mem[X,0x0000000080000EE4] -> 0x1513
mem[X,0x0000000080000EE6] -> 0x00B5
[954] [M]: 0x0000000080000EE4 (0x00B51513) slli x10, x10, 0xb                       inst_176+16
x10 <- 0x0015555555555000

mem[X,0x0000000080000EE8] -> 0x0513
mem[X,0x0000000080000EEA] -> 0x5555
[955] [M]: 0x0000000080000EE8 (0x55550513) addi x10, x10, 0x555                     inst_176+20
x10 <- 0x0015555555555555

clint mtime 0x00000000000001DE (mip.MTI <- 0b1, mip.STI <- 0b0)
mem[X,0x0000000080000EEC] -> 0x1513
mem[X,0x0000000080000EEE] -> 0x00A5
[956] [M]: 0x0000000080000EEC (0x00A51513) slli x10, x10, 0xa                       inst_176+24
x10 <- 0x5555555555555400

mem[X,0x0000000080000EF0] -> 0x0513
mem[X,0x0000000080000EF2] -> 0x1555
[957] [M]: 0x0000000080000EF0 (0x15550513) addi x10, x10, 0x155                     inst_176+28
x10 <- 0x5555555555555555

clint mtime 0x00000000000001DF (mip.MTI <- 0b1, mip.STI <- 0b0)
mem[X,0x0000000080000EF4] -> 0x2593
mem[X,0x0000000080000EF6] -> 0x6675
[958] [M]: 0x0000000080000EF4 (0x66752593) slti x11, x10, 0x667                     inst_176+32
x11 <- 0x0000000000000000

mem[X,0x0000000080000EF8] -> 0x3823
mem[X,0x0000000080000EFA] -> 0x4CB1
[959] [M]: 0x0000000080000EF8 (0x4CB13823) sd x11, 0x4d0(x2)                        inst_176+36
mem[W,0x0000000080007698] <- 0x0000000000000000

clint mtime 0x00000000000001E0 (mip.MTI <- 0b1, mip.STI <- 0b0)
mem[X,0x0000000080000EFC] -> 0x5537
mem[X,0x0000000080000EFE] -> 0x5555
[960] [M]: 0x0000000080000EFC (0x55555537) lui x10, 0x55555                         inst_177+0
x10 <- 0x0000000055555000

mem[X,0x0000000080000F00] -> 0x0513
mem[X,0x0000000080000F02] -> 0x5555
[961] [M]: 0x0000000080000F00 (0x55550513) addi x10, x10, 0x555                     inst_177+4
x10 <- 0x0000000055555555

clint mtime 0x00000000000001E1 (mip.MTI <- 0b1, mip.STI <- 0b0)
mem[X,0x0000000080000F04] -> 0x1513
mem[X,0x0000000080000F06] -> 0x00B5
[962] [M]: 0x0000000080000F04 (0x00B51513) slli x10, x10, 0xb                       inst_177+8
x10 <- 0x000002AAAAAAA800

mem[X,0x0000000080000F08] -> 0x0513
mem[X,0x0000000080000F0A] -> 0x2AA5
[963] [M]: 0x0000000080000F08 (0x2AA50513) addi x10, x10, 0x2aa                     inst_177+12
x10 <- 0x000002AAAAAAAAAA

clint mtime 0x00000000000001E2 (mip.MTI <- 0b1, mip.STI <- 0b0)
mem[X,0x0000000080000F0C] -> 0x1513
mem[X,0x0000000080000F0E] -> 0x00B5
[964] [M]: 0x0000000080000F0C (0x00B51513) slli x10, x10, 0xb                       inst_177+16
x10 <- 0x0015555555555000

mem[X,0x0000000080000F10] -> 0x0513
mem[X,0x0000000080000F12] -> 0x5555
[965] [M]: 0x0000000080000F10 (0x55550513) addi x10, x10, 0x555                     inst_177+20
x10 <- 0x0015555555555555

clint mtime 0x00000000000001E3 (mip.MTI <- 0b1, mip.STI <- 0b0)
mem[X,0x0000000080000F14] -> 0x1513
mem[X,0x0000000080000F16] -> 0x00A5
[966] [M]: 0x0000000080000F14 (0x00A51513) slli x10, x10, 0xa                       inst_177+24
x10 <- 0x5555555555555400

mem[X,0x0000000080000F18] -> 0x0513
mem[X,0x0000000080000F1A] -> 0x1555
[967] [M]: 0x0000000080000F18 (0x15550513) addi x10, x10, 0x155                     inst_177+28
x10 <- 0x5555555555555555

clint mtime 0x00000000000001E4 (mip.MTI <- 0b1, mip.STI <- 0b0)
mem[X,0x0000000080000F1C] -> 0x2593
mem[X,0x0000000080000F1E] -> 0xFD45
[968] [M]: 0x0000000080000F1C (0xFD452593) slti x11, x10, -0x2c                     inst_177+32
x11 <- 0x0000000000000000

mem[X,0x0000000080000F20] -> 0x3C23
mem[X,0x0000000080000F22] -> 0x4CB1
[969] [M]: 0x0000000080000F20 (0x4CB13C23) sd x11, 0x4d8(x2)                        inst_177+36
mem[W,0x00000000800076A0] <- 0x0000000000000000

clint mtime 0x00000000000001E5 (mip.MTI <- 0b1, mip.STI <- 0b0)
mem[X,0x0000000080000F24] -> 0x5537
mem[X,0x0000000080000F26] -> 0x5555
[970] [M]: 0x0000000080000F24 (0x55555537) lui x10, 0x55555                         inst_178+0
x10 <- 0x0000000055555000

mem[X,0x0000000080000F28] -> 0x0513
mem[X,0x0000000080000F2A] -> 0x5555
[971] [M]: 0x0000000080000F28 (0x55550513) addi x10, x10, 0x555                     inst_178+4
x10 <- 0x0000000055555555

clint mtime 0x00000000000001E6 (mip.MTI <- 0b1, mip.STI <- 0b0)
mem[X,0x0000000080000F2C] -> 0x1513
mem[X,0x0000000080000F2E] -> 0x00B5
[972] [M]: 0x0000000080000F2C (0x00B51513) slli x10, x10, 0xb                       inst_178+8
x10 <- 0x000002AAAAAAA800

mem[X,0x0000000080000F30] -> 0x0513
mem[X,0x0000000080000F32] -> 0x2AA5
[973] [M]: 0x0000000080000F30 (0x2AA50513) addi x10, x10, 0x2aa                     inst_178+12
x10 <- 0x000002AAAAAAAAAA

clint mtime 0x00000000000001E7 (mip.MTI <- 0b1, mip.STI <- 0b0)
mem[X,0x0000000080000F34] -> 0x1513
mem[X,0x0000000080000F36] -> 0x00B5
[974] [M]: 0x0000000080000F34 (0x00B51513) slli x10, x10, 0xb                       inst_178+16
x10 <- 0x0015555555555000

mem[X,0x0000000080000F38] -> 0x0513
mem[X,0x0000000080000F3A] -> 0x5555
[975] [M]: 0x0000000080000F38 (0x55550513) addi x10, x10, 0x555                     inst_178+20
x10 <- 0x0015555555555555

clint mtime 0x00000000000001E8 (mip.MTI <- 0b1, mip.STI <- 0b0)
mem[X,0x0000000080000F3C] -> 0x1513
mem[X,0x0000000080000F3E] -> 0x00A5
[976] [M]: 0x0000000080000F3C (0x00A51513) slli x10, x10, 0xa                       inst_178+24
x10 <- 0x5555555555555400

mem[X,0x0000000080000F40] -> 0x0513
mem[X,0x0000000080000F42] -> 0x1555
[977] [M]: 0x0000000080000F40 (0x15550513) addi x10, x10, 0x155                     inst_178+28
x10 <- 0x5555555555555555

clint mtime 0x00000000000001E9 (mip.MTI <- 0b1, mip.STI <- 0b0)
mem[X,0x0000000080000F44] -> 0x2593
mem[X,0x0000000080000F46] -> 0x02E5
[978] [M]: 0x0000000080000F44 (0x02E52593) slti x11, x10, 0x2e                      inst_178+32
x11 <- 0x0000000000000000

mem[X,0x0000000080000F48] -> 0x3023
mem[X,0x0000000080000F4A] -> 0x4EB1
[979] [M]: 0x0000000080000F48 (0x4EB13023) sd x11, 0x4e0(x2)                        inst_178+36
mem[W,0x00000000800076A8] <- 0x0000000000000000

clint mtime 0x00000000000001EA (mip.MTI <- 0b1, mip.STI <- 0b0)
mem[X,0x0000000080000F4C] -> 0xB537
mem[X,0x0000000080000F4E] -> 0xAAAA
[980] [M]: 0x0000000080000F4C (0xAAAAB537) lui x10, -0x55555                        inst_179+0
x10 <- 0xFFFFFFFFAAAAB000

mem[X,0x0000000080000F50] -> 0x0513
mem[X,0x0000000080000F52] -> 0xAAA5
[981] [M]: 0x0000000080000F50 (0xAAA50513) addi x10, x10, -0x556                    inst_179+4
x10 <- 0xFFFFFFFFAAAAAAAA

clint mtime 0x00000000000001EB (mip.MTI <- 0b1, mip.STI <- 0b0)
mem[X,0x0000000080000F54] -> 0x1513
mem[X,0x0000000080000F56] -> 0x00B5
[982] [M]: 0x0000000080000F54 (0x00B51513) slli x10, x10, 0xb                       inst_179+8
x10 <- 0xFFFFFD5555555000

mem[X,0x0000000080000F58] -> 0x0513
mem[X,0x0000000080000F5A] -> 0x5555
[983] [M]: 0x0000000080000F58 (0x55550513) addi x10, x10, 0x555                     inst_179+12
x10 <- 0xFFFFFD5555555555

clint mtime 0x00000000000001EC (mip.MTI <- 0b1, mip.STI <- 0b0)
mem[X,0x0000000080000F5C] -> 0x1513
mem[X,0x0000000080000F5E] -> 0x00B5
[984] [M]: 0x0000000080000F5C (0x00B51513) slli x10, x10, 0xb                       inst_179+16
x10 <- 0xFFEAAAAAAAAAA800

mem[X,0x0000000080000F60] -> 0x0513
mem[X,0x0000000080000F62] -> 0x2AA5
[985] [M]: 0x0000000080000F60 (0x2AA50513) addi x10, x10, 0x2aa                     inst_179+20
x10 <- 0xFFEAAAAAAAAAAAAA

clint mtime 0x00000000000001ED (mip.MTI <- 0b1, mip.STI <- 0b0)
mem[X,0x0000000080000F64] -> 0x1513
mem[X,0x0000000080000F66] -> 0x00A5
[986] [M]: 0x0000000080000F64 (0x00A51513) slli x10, x10, 0xa                       inst_179+24
x10 <- 0xAAAAAAAAAAAAA800

mem[X,0x0000000080000F68] -> 0x0513
mem[X,0x0000000080000F6A] -> 0x2AA5
[987] [M]: 0x0000000080000F68 (0x2AA50513) addi x10, x10, 0x2aa                     inst_179+28
x10 <- 0xAAAAAAAAAAAAAAAA

clint mtime 0x00000000000001EE (mip.MTI <- 0b1, mip.STI <- 0b0)
mem[X,0x0000000080000F6C] -> 0x2593
mem[X,0x0000000080000F6E] -> 0x0035
[988] [M]: 0x0000000080000F6C (0x00352593) slti x11, x10, 0x3                       inst_179+32
x11 <- 0x0000000000000001

mem[X,0x0000000080000F70] -> 0x3423
mem[X,0x0000000080000F72] -> 0x4EB1
[989] [M]: 0x0000000080000F70 (0x4EB13423) sd x11, 0x4e8(x2)                        inst_179+36
mem[W,0x00000000800076B0] <- 0x0000000000000001

clint mtime 0x00000000000001EF (mip.MTI <- 0b1, mip.STI <- 0b0)
mem[X,0x0000000080000F74] -> 0xB537
mem[X,0x0000000080000F76] -> 0xAAAA
[990] [M]: 0x0000000080000F74 (0xAAAAB537) lui x10, -0x55555                        inst_180+0
x10 <- 0xFFFFFFFFAAAAB000

mem[X,0x0000000080000F78] -> 0x0513
mem[X,0x0000000080000F7A] -> 0xAAA5
[991] [M]: 0x0000000080000F78 (0xAAA50513) addi x10, x10, -0x556                    inst_180+4
x10 <- 0xFFFFFFFFAAAAAAAA

clint mtime 0x00000000000001F0 (mip.MTI <- 0b1, mip.STI <- 0b0)
mem[X,0x0000000080000F7C] -> 0x1513
mem[X,0x0000000080000F7E] -> 0x00B5
[992] [M]: 0x0000000080000F7C (0x00B51513) slli x10, x10, 0xb                       inst_180+8
x10 <- 0xFFFFFD5555555000

mem[X,0x0000000080000F80] -> 0x0513
mem[X,0x0000000080000F82] -> 0x5555
[993] [M]: 0x0000000080000F80 (0x55550513) addi x10, x10, 0x555                     inst_180+12
x10 <- 0xFFFFFD5555555555

clint mtime 0x00000000000001F1 (mip.MTI <- 0b1, mip.STI <- 0b0)
mem[X,0x0000000080000F84] -> 0x1513
mem[X,0x0000000080000F86] -> 0x00B5
[994] [M]: 0x0000000080000F84 (0x00B51513) slli x10, x10, 0xb                       inst_180+16
x10 <- 0xFFEAAAAAAAAAA800

mem[X,0x0000000080000F88] -> 0x0513
mem[X,0x0000000080000F8A] -> 0x2AA5
[995] [M]: 0x0000000080000F88 (0x2AA50513) addi x10, x10, 0x2aa                     inst_180+20
x10 <- 0xFFEAAAAAAAAAAAAA

clint mtime 0x00000000000001F2 (mip.MTI <- 0b1, mip.STI <- 0b0)
mem[X,0x0000000080000F8C] -> 0x1513
mem[X,0x0000000080000F8E] -> 0x00A5
[996] [M]: 0x0000000080000F8C (0x00A51513) slli x10, x10, 0xa                       inst_180+24
x10 <- 0xAAAAAAAAAAAAA800

mem[X,0x0000000080000F90] -> 0x0513
mem[X,0x0000000080000F92] -> 0x2AA5
[997] [M]: 0x0000000080000F90 (0x2AA50513) addi x10, x10, 0x2aa                     inst_180+28
x10 <- 0xAAAAAAAAAAAAAAAA

clint mtime 0x00000000000001F3 (mip.MTI <- 0b1, mip.STI <- 0b0)
mem[X,0x0000000080000F94] -> 0x2593
mem[X,0x0000000080000F96] -> 0x5555
[998] [M]: 0x0000000080000F94 (0x55552593) slti x11, x10, 0x555                     inst_180+32
x11 <- 0x0000000000000001

mem[X,0x0000000080000F98] -> 0x3823
mem[X,0x0000000080000F9A] -> 0x4EB1
[999] [M]: 0x0000000080000F98 (0x4EB13823) sd x11, 0x4f0(x2)                        inst_180+36
mem[W,0x00000000800076B8] <- 0x0000000000000001

clint mtime 0x00000000000001F4 (mip.MTI <- 0b1, mip.STI <- 0b0)
mem[X,0x0000000080000F9C] -> 0xB537
mem[X,0x0000000080000F9E] -> 0xAAAA
[1000] [M]: 0x0000000080000F9C (0xAAAAB537) lui x10, -0x55555                       inst_181+0
x10 <- 0xFFFFFFFFAAAAB000

mem[X,0x0000000080000FA0] -> 0x0513
mem[X,0x0000000080000FA2] -> 0xAAA5
[1001] [M]: 0x0000000080000FA0 (0xAAA50513) addi x10, x10, -0x556                   inst_181+4
x10 <- 0xFFFFFFFFAAAAAAAA

clint mtime 0x00000000000001F5 (mip.MTI <- 0b1, mip.STI <- 0b0)
mem[X,0x0000000080000FA4] -> 0x1513
mem[X,0x0000000080000FA6] -> 0x00B5
[1002] [M]: 0x0000000080000FA4 (0x00B51513) slli x10, x10, 0xb                      inst_181+8
x10 <- 0xFFFFFD5555555000

mem[X,0x0000000080000FA8] -> 0x0513
mem[X,0x0000000080000FAA] -> 0x5555
[1003] [M]: 0x0000000080000FA8 (0x55550513) addi x10, x10, 0x555                    inst_181+12
x10 <- 0xFFFFFD5555555555

clint mtime 0x00000000000001F6 (mip.MTI <- 0b1, mip.STI <- 0b0)
mem[X,0x0000000080000FAC] -> 0x1513
mem[X,0x0000000080000FAE] -> 0x00B5
[1004] [M]: 0x0000000080000FAC (0x00B51513) slli x10, x10, 0xb                      inst_181+16
x10 <- 0xFFEAAAAAAAAAA800

mem[X,0x0000000080000FB0] -> 0x0513
mem[X,0x0000000080000FB2] -> 0x2AA5
[1005] [M]: 0x0000000080000FB0 (0x2AA50513) addi x10, x10, 0x2aa                    inst_181+20
x10 <- 0xFFEAAAAAAAAAAAAA

clint mtime 0x00000000000001F7 (mip.MTI <- 0b1, mip.STI <- 0b0)
mem[X,0x0000000080000FB4] -> 0x1513
mem[X,0x0000000080000FB6] -> 0x00A5
[1006] [M]: 0x0000000080000FB4 (0x00A51513) slli x10, x10, 0xa                      inst_181+24
x10 <- 0xAAAAAAAAAAAAA800

mem[X,0x0000000080000FB8] -> 0x0513
mem[X,0x0000000080000FBA] -> 0x2AA5
[1007] [M]: 0x0000000080000FB8 (0x2AA50513) addi x10, x10, 0x2aa                    inst_181+28
x10 <- 0xAAAAAAAAAAAAAAAA

clint mtime 0x00000000000001F8 (mip.MTI <- 0b1, mip.STI <- 0b0)
mem[X,0x0000000080000FBC] -> 0x2593
mem[X,0x0000000080000FBE] -> 0xAAA5
[1008] [M]: 0x0000000080000FBC (0xAAA52593) slti x11, x10, -0x556                   inst_181+32
x11 <- 0x0000000000000001

mem[X,0x0000000080000FC0] -> 0x3C23
mem[X,0x0000000080000FC2] -> 0x4EB1
[1009] [M]: 0x0000000080000FC0 (0x4EB13C23) sd x11, 0x4f8(x2)                       inst_181+36
mem[W,0x00000000800076C0] <- 0x0000000000000001

clint mtime 0x00000000000001F9 (mip.MTI <- 0b1, mip.STI <- 0b0)
mem[X,0x0000000080000FC4] -> 0xB537
mem[X,0x0000000080000FC6] -> 0xAAAA
[1010] [M]: 0x0000000080000FC4 (0xAAAAB537) lui x10, -0x55555                       inst_182+0
x10 <- 0xFFFFFFFFAAAAB000

mem[X,0x0000000080000FC8] -> 0x0513
mem[X,0x0000000080000FCA] -> 0xAAA5
[1011] [M]: 0x0000000080000FC8 (0xAAA50513) addi x10, x10, -0x556                   inst_182+4
x10 <- 0xFFFFFFFFAAAAAAAA

clint mtime 0x00000000000001FA (mip.MTI <- 0b1, mip.STI <- 0b0)
mem[X,0x0000000080000FCC] -> 0x1513
mem[X,0x0000000080000FCE] -> 0x00B5
[1012] [M]: 0x0000000080000FCC (0x00B51513) slli x10, x10, 0xb                      inst_182+8
x10 <- 0xFFFFFD5555555000

mem[X,0x0000000080000FD0] -> 0x0513
mem[X,0x0000000080000FD2] -> 0x5555
[1013] [M]: 0x0000000080000FD0 (0x55550513) addi x10, x10, 0x555                    inst_182+12
x10 <- 0xFFFFFD5555555555

clint mtime 0x00000000000001FB (mip.MTI <- 0b1, mip.STI <- 0b0)
mem[X,0x0000000080000FD4] -> 0x1513
mem[X,0x0000000080000FD6] -> 0x00B5
[1014] [M]: 0x0000000080000FD4 (0x00B51513) slli x10, x10, 0xb                      inst_182+16
x10 <- 0xFFEAAAAAAAAAA800

mem[X,0x0000000080000FD8] -> 0x0513
mem[X,0x0000000080000FDA] -> 0x2AA5
[1015] [M]: 0x0000000080000FD8 (0x2AA50513) addi x10, x10, 0x2aa                    inst_182+20
x10 <- 0xFFEAAAAAAAAAAAAA

clint mtime 0x00000000000001FC (mip.MTI <- 0b1, mip.STI <- 0b0)
mem[X,0x0000000080000FDC] -> 0x1513
mem[X,0x0000000080000FDE] -> 0x00A5
[1016] [M]: 0x0000000080000FDC (0x00A51513) slli x10, x10, 0xa                      inst_182+24
x10 <- 0xAAAAAAAAAAAAA800

mem[X,0x0000000080000FE0] -> 0x0513
mem[X,0x0000000080000FE2] -> 0x2AA5
[1017] [M]: 0x0000000080000FE0 (0x2AA50513) addi x10, x10, 0x2aa                    inst_182+28
x10 <- 0xAAAAAAAAAAAAAAAA

clint mtime 0x00000000000001FD (mip.MTI <- 0b1, mip.STI <- 0b0)
mem[X,0x0000000080000FE4] -> 0x2593
mem[X,0x0000000080000FE6] -> 0x0055
[1018] [M]: 0x0000000080000FE4 (0x00552593) slti x11, x10, 0x5                      inst_182+32
x11 <- 0x0000000000000001

mem[X,0x0000000080000FE8] -> 0x3023
mem[X,0x0000000080000FEA] -> 0x50B1
[1019] [M]: 0x0000000080000FE8 (0x50B13023) sd x11, 0x500(x2)                       inst_182+36
mem[W,0x00000000800076C8] <- 0x0000000000000001

clint mtime 0x00000000000001FE (mip.MTI <- 0b1, mip.STI <- 0b0)
mem[X,0x0000000080000FEC] -> 0xB537
mem[X,0x0000000080000FEE] -> 0xAAAA
[1020] [M]: 0x0000000080000FEC (0xAAAAB537) lui x10, -0x55555                       inst_183+0
x10 <- 0xFFFFFFFFAAAAB000

mem[X,0x0000000080000FF0] -> 0x0513
mem[X,0x0000000080000FF2] -> 0xAAA5
[1021] [M]: 0x0000000080000FF0 (0xAAA50513) addi x10, x10, -0x556                   inst_183+4
x10 <- 0xFFFFFFFFAAAAAAAA

clint mtime 0x00000000000001FF (mip.MTI <- 0b1, mip.STI <- 0b0)
mem[X,0x0000000080000FF4] -> 0x1513
mem[X,0x0000000080000FF6] -> 0x00B5
[1022] [M]: 0x0000000080000FF4 (0x00B51513) slli x10, x10, 0xb                      inst_183+8
x10 <- 0xFFFFFD5555555000

mem[X,0x0000000080000FF8] -> 0x0513
mem[X,0x0000000080000FFA] -> 0x5555
[1023] [M]: 0x0000000080000FF8 (0x55550513) addi x10, x10, 0x555                    inst_183+12
x10 <- 0xFFFFFD5555555555

clint mtime 0x0000000000000200 (mip.MTI <- 0b1, mip.STI <- 0b0)
mem[X,0x0000000080000FFC] -> 0x1513
mem[X,0x0000000080000FFE] -> 0x00B5
[1024] [M]: 0x0000000080000FFC (0x00B51513) slli x10, x10, 0xb                      inst_183+16
x10 <- 0xFFEAAAAAAAAAA800

mem[X,0x0000000080001000] -> 0x0513
mem[X,0x0000000080001002] -> 0x2AA5
[1025] [M]: 0x0000000080001000 (0x2AA50513) addi x10, x10, 0x2aa                    inst_183+20
x10 <- 0xFFEAAAAAAAAAAAAA

clint mtime 0x0000000000000201 (mip.MTI <- 0b1, mip.STI <- 0b0)
mem[X,0x0000000080001004] -> 0x1513
mem[X,0x0000000080001006] -> 0x00A5
[1026] [M]: 0x0000000080001004 (0x00A51513) slli x10, x10, 0xa                      inst_183+24
x10 <- 0xAAAAAAAAAAAAA800

mem[X,0x0000000080001008] -> 0x0513
mem[X,0x000000008000100A] -> 0x2AA5
[1027] [M]: 0x0000000080001008 (0x2AA50513) addi x10, x10, 0x2aa                    inst_183+28
x10 <- 0xAAAAAAAAAAAAAAAA

clint mtime 0x0000000000000202 (mip.MTI <- 0b1, mip.STI <- 0b0)
mem[X,0x000000008000100C] -> 0x2593
mem[X,0x000000008000100E] -> 0x3335
[1028] [M]: 0x000000008000100C (0x33352593) slti x11, x10, 0x333                    inst_183+32
x11 <- 0x0000000000000001

mem[X,0x0000000080001010] -> 0x3423
mem[X,0x0000000080001012] -> 0x50B1
[1029] [M]: 0x0000000080001010 (0x50B13423) sd x11, 0x508(x2)                       inst_183+36
mem[W,0x00000000800076D0] <- 0x0000000000000001

clint mtime 0x0000000000000203 (mip.MTI <- 0b1, mip.STI <- 0b0)
mem[X,0x0000000080001014] -> 0xB537
mem[X,0x0000000080001016] -> 0xAAAA
[1030] [M]: 0x0000000080001014 (0xAAAAB537) lui x10, -0x55555                       inst_184+0
x10 <- 0xFFFFFFFFAAAAB000

mem[X,0x0000000080001018] -> 0x0513
mem[X,0x000000008000101A] -> 0xAAA5
[1031] [M]: 0x0000000080001018 (0xAAA50513) addi x10, x10, -0x556                   inst_184+4
x10 <- 0xFFFFFFFFAAAAAAAA

clint mtime 0x0000000000000204 (mip.MTI <- 0b1, mip.STI <- 0b0)
mem[X,0x000000008000101C] -> 0x1513
mem[X,0x000000008000101E] -> 0x00B5
[1032] [M]: 0x000000008000101C (0x00B51513) slli x10, x10, 0xb                      inst_184+8
x10 <- 0xFFFFFD5555555000

mem[X,0x0000000080001020] -> 0x0513
mem[X,0x0000000080001022] -> 0x5555
[1033] [M]: 0x0000000080001020 (0x55550513) addi x10, x10, 0x555                    inst_184+12
x10 <- 0xFFFFFD5555555555

clint mtime 0x0000000000000205 (mip.MTI <- 0b1, mip.STI <- 0b0)
mem[X,0x0000000080001024] -> 0x1513
mem[X,0x0000000080001026] -> 0x00B5
[1034] [M]: 0x0000000080001024 (0x00B51513) slli x10, x10, 0xb                      inst_184+16
x10 <- 0xFFEAAAAAAAAAA800

mem[X,0x0000000080001028] -> 0x0513
mem[X,0x000000008000102A] -> 0x2AA5
[1035] [M]: 0x0000000080001028 (0x2AA50513) addi x10, x10, 0x2aa                    inst_184+20
x10 <- 0xFFEAAAAAAAAAAAAA

clint mtime 0x0000000000000206 (mip.MTI <- 0b1, mip.STI <- 0b0)
mem[X,0x000000008000102C] -> 0x1513
mem[X,0x000000008000102E] -> 0x00A5
[1036] [M]: 0x000000008000102C (0x00A51513) slli x10, x10, 0xa                      inst_184+24
x10 <- 0xAAAAAAAAAAAAA800

mem[X,0x0000000080001030] -> 0x0513
mem[X,0x0000000080001032] -> 0x2AA5
[1037] [M]: 0x0000000080001030 (0x2AA50513) addi x10, x10, 0x2aa                    inst_184+28
x10 <- 0xAAAAAAAAAAAAAAAA

clint mtime 0x0000000000000207 (mip.MTI <- 0b1, mip.STI <- 0b0)
mem[X,0x0000000080001034] -> 0x2593
mem[X,0x0000000080001036] -> 0x6665
[1038] [M]: 0x0000000080001034 (0x66652593) slti x11, x10, 0x666                    inst_184+32
x11 <- 0x0000000000000001

mem[X,0x0000000080001038] -> 0x3823
mem[X,0x000000008000103A] -> 0x50B1
[1039] [M]: 0x0000000080001038 (0x50B13823) sd x11, 0x510(x2)                       inst_184+36
mem[W,0x00000000800076D8] <- 0x0000000000000001

clint mtime 0x0000000000000208 (mip.MTI <- 0b1, mip.STI <- 0b0)
mem[X,0x000000008000103C] -> 0xB537
mem[X,0x000000008000103E] -> 0xAAAA
[1040] [M]: 0x000000008000103C (0xAAAAB537) lui x10, -0x55555                       inst_185+0
x10 <- 0xFFFFFFFFAAAAB000

mem[X,0x0000000080001040] -> 0x0513
mem[X,0x0000000080001042] -> 0xAAA5
[1041] [M]: 0x0000000080001040 (0xAAA50513) addi x10, x10, -0x556                   inst_185+4
x10 <- 0xFFFFFFFFAAAAAAAA

clint mtime 0x0000000000000209 (mip.MTI <- 0b1, mip.STI <- 0b0)
mem[X,0x0000000080001044] -> 0x1513
mem[X,0x0000000080001046] -> 0x00B5
[1042] [M]: 0x0000000080001044 (0x00B51513) slli x10, x10, 0xb                      inst_185+8
x10 <- 0xFFFFFD5555555000

mem[X,0x0000000080001048] -> 0x0513
mem[X,0x000000008000104A] -> 0x5555
[1043] [M]: 0x0000000080001048 (0x55550513) addi x10, x10, 0x555                    inst_185+12
x10 <- 0xFFFFFD5555555555

clint mtime 0x000000000000020A (mip.MTI <- 0b1, mip.STI <- 0b0)
mem[X,0x000000008000104C] -> 0x1513
mem[X,0x000000008000104E] -> 0x00B5
[1044] [M]: 0x000000008000104C (0x00B51513) slli x10, x10, 0xb                      inst_185+16
x10 <- 0xFFEAAAAAAAAAA800

mem[X,0x0000000080001050] -> 0x0513
mem[X,0x0000000080001052] -> 0x2AA5
[1045] [M]: 0x0000000080001050 (0x2AA50513) addi x10, x10, 0x2aa                    inst_185+20
x10 <- 0xFFEAAAAAAAAAAAAA

clint mtime 0x000000000000020B (mip.MTI <- 0b1, mip.STI <- 0b0)
mem[X,0x0000000080001054] -> 0x1513
mem[X,0x0000000080001056] -> 0x00A5
[1046] [M]: 0x0000000080001054 (0x00A51513) slli x10, x10, 0xa                      inst_185+24
x10 <- 0xAAAAAAAAAAAAA800

mem[X,0x0000000080001058] -> 0x0513
mem[X,0x000000008000105A] -> 0x2AA5
[1047] [M]: 0x0000000080001058 (0x2AA50513) addi x10, x10, 0x2aa                    inst_185+28
x10 <- 0xAAAAAAAAAAAAAAAA

clint mtime 0x000000000000020C (mip.MTI <- 0b1, mip.STI <- 0b0)
mem[X,0x000000008000105C] -> 0x2593
mem[X,0x000000008000105E] -> 0xFD35
[1048] [M]: 0x000000008000105C (0xFD352593) slti x11, x10, -0x2d                    inst_185+32
x11 <- 0x0000000000000001

mem[X,0x0000000080001060] -> 0x3C23
mem[X,0x0000000080001062] -> 0x50B1
[1049] [M]: 0x0000000080001060 (0x50B13C23) sd x11, 0x518(x2)                       inst_185+36
mem[W,0x00000000800076E0] <- 0x0000000000000001

clint mtime 0x000000000000020D (mip.MTI <- 0b1, mip.STI <- 0b0)
mem[X,0x0000000080001064] -> 0xB537
mem[X,0x0000000080001066] -> 0xAAAA
[1050] [M]: 0x0000000080001064 (0xAAAAB537) lui x10, -0x55555                       inst_186+0
x10 <- 0xFFFFFFFFAAAAB000

mem[X,0x0000000080001068] -> 0x0513
mem[X,0x000000008000106A] -> 0xAAA5
[1051] [M]: 0x0000000080001068 (0xAAA50513) addi x10, x10, -0x556                   inst_186+4
x10 <- 0xFFFFFFFFAAAAAAAA

clint mtime 0x000000000000020E (mip.MTI <- 0b1, mip.STI <- 0b0)
mem[X,0x000000008000106C] -> 0x1513
mem[X,0x000000008000106E] -> 0x00B5
[1052] [M]: 0x000000008000106C (0x00B51513) slli x10, x10, 0xb                      inst_186+8
x10 <- 0xFFFFFD5555555000

mem[X,0x0000000080001070] -> 0x0513
mem[X,0x0000000080001072] -> 0x5555
[1053] [M]: 0x0000000080001070 (0x55550513) addi x10, x10, 0x555                    inst_186+12
x10 <- 0xFFFFFD5555555555

clint mtime 0x000000000000020F (mip.MTI <- 0b1, mip.STI <- 0b0)
mem[X,0x0000000080001074] -> 0x1513
mem[X,0x0000000080001076] -> 0x00B5
[1054] [M]: 0x0000000080001074 (0x00B51513) slli x10, x10, 0xb                      inst_186+16
x10 <- 0xFFEAAAAAAAAAA800

mem[X,0x0000000080001078] -> 0x0513
mem[X,0x000000008000107A] -> 0x2AA5
[1055] [M]: 0x0000000080001078 (0x2AA50513) addi x10, x10, 0x2aa                    inst_186+20
x10 <- 0xFFEAAAAAAAAAAAAA

clint mtime 0x0000000000000210 (mip.MTI <- 0b1, mip.STI <- 0b0)
mem[X,0x000000008000107C] -> 0x1513
mem[X,0x000000008000107E] -> 0x00A5
[1056] [M]: 0x000000008000107C (0x00A51513) slli x10, x10, 0xa                      inst_186+24
x10 <- 0xAAAAAAAAAAAAA800

mem[X,0x0000000080001080] -> 0x0513
mem[X,0x0000000080001082] -> 0x2AA5
[1057] [M]: 0x0000000080001080 (0x2AA50513) addi x10, x10, 0x2aa                    inst_186+28
x10 <- 0xAAAAAAAAAAAAAAAA

clint mtime 0x0000000000000211 (mip.MTI <- 0b1, mip.STI <- 0b0)
mem[X,0x0000000080001084] -> 0x2593
mem[X,0x0000000080001086] -> 0x02D5
[1058] [M]: 0x0000000080001084 (0x02D52593) slti x11, x10, 0x2d                     inst_186+32
x11 <- 0x0000000000000001

mem[X,0x0000000080001088] -> 0x3023
mem[X,0x000000008000108A] -> 0x52B1
[1059] [M]: 0x0000000080001088 (0x52B13023) sd x11, 0x520(x2)                       inst_186+36
mem[W,0x00000000800076E8] <- 0x0000000000000001

clint mtime 0x0000000000000212 (mip.MTI <- 0b1, mip.STI <- 0b0)
mem[X,0x000000008000108C] -> 0xB537
mem[X,0x000000008000108E] -> 0xAAAA
[1060] [M]: 0x000000008000108C (0xAAAAB537) lui x10, -0x55555                       inst_187+0
x10 <- 0xFFFFFFFFAAAAB000

mem[X,0x0000000080001090] -> 0x0513
mem[X,0x0000000080001092] -> 0xAAA5
[1061] [M]: 0x0000000080001090 (0xAAA50513) addi x10, x10, -0x556                   inst_187+4
x10 <- 0xFFFFFFFFAAAAAAAA

clint mtime 0x0000000000000213 (mip.MTI <- 0b1, mip.STI <- 0b0)
mem[X,0x0000000080001094] -> 0x1513
mem[X,0x0000000080001096] -> 0x00B5
[1062] [M]: 0x0000000080001094 (0x00B51513) slli x10, x10, 0xb                      inst_187+8
x10 <- 0xFFFFFD5555555000

mem[X,0x0000000080001098] -> 0x0513
mem[X,0x000000008000109A] -> 0x5555
[1063] [M]: 0x0000000080001098 (0x55550513) addi x10, x10, 0x555                    inst_187+12
x10 <- 0xFFFFFD5555555555

clint mtime 0x0000000000000214 (mip.MTI <- 0b1, mip.STI <- 0b0)
mem[X,0x000000008000109C] -> 0x1513
mem[X,0x000000008000109E] -> 0x00B5
[1064] [M]: 0x000000008000109C (0x00B51513) slli x10, x10, 0xb                      inst_187+16
x10 <- 0xFFEAAAAAAAAAA800

mem[X,0x00000000800010A0] -> 0x0513
mem[X,0x00000000800010A2] -> 0x2AA5
[1065] [M]: 0x00000000800010A0 (0x2AA50513) addi x10, x10, 0x2aa                    inst_187+20
x10 <- 0xFFEAAAAAAAAAAAAA

clint mtime 0x0000000000000215 (mip.MTI <- 0b1, mip.STI <- 0b0)
mem[X,0x00000000800010A4] -> 0x1513
mem[X,0x00000000800010A6] -> 0x00A5
[1066] [M]: 0x00000000800010A4 (0x00A51513) slli x10, x10, 0xa                      inst_187+24
x10 <- 0xAAAAAAAAAAAAA800

mem[X,0x00000000800010A8] -> 0x0513
mem[X,0x00000000800010AA] -> 0x2AA5
[1067] [M]: 0x00000000800010A8 (0x2AA50513) addi x10, x10, 0x2aa                    inst_187+28
x10 <- 0xAAAAAAAAAAAAAAAA

clint mtime 0x0000000000000216 (mip.MTI <- 0b1, mip.STI <- 0b0)
mem[X,0x00000000800010AC] -> 0x2593
mem[X,0x00000000800010AE] -> 0x0025
[1068] [M]: 0x00000000800010AC (0x00252593) slti x11, x10, 0x2                      inst_187+32
x11 <- 0x0000000000000001

mem[X,0x00000000800010B0] -> 0x3423
mem[X,0x00000000800010B2] -> 0x52B1
[1069] [M]: 0x00000000800010B0 (0x52B13423) sd x11, 0x528(x2)                       inst_187+36
mem[W,0x00000000800076F0] <- 0x0000000000000001

clint mtime 0x0000000000000217 (mip.MTI <- 0b1, mip.STI <- 0b0)
mem[X,0x00000000800010B4] -> 0xB537
mem[X,0x00000000800010B6] -> 0xAAAA
[1070] [M]: 0x00000000800010B4 (0xAAAAB537) lui x10, -0x55555                       inst_188+0
x10 <- 0xFFFFFFFFAAAAB000

mem[X,0x00000000800010B8] -> 0x0513
mem[X,0x00000000800010BA] -> 0xAAA5
[1071] [M]: 0x00000000800010B8 (0xAAA50513) addi x10, x10, -0x556                   inst_188+4
x10 <- 0xFFFFFFFFAAAAAAAA

clint mtime 0x0000000000000218 (mip.MTI <- 0b1, mip.STI <- 0b0)
mem[X,0x00000000800010BC] -> 0x1513
mem[X,0x00000000800010BE] -> 0x00B5
[1072] [M]: 0x00000000800010BC (0x00B51513) slli x10, x10, 0xb                      inst_188+8
x10 <- 0xFFFFFD5555555000

mem[X,0x00000000800010C0] -> 0x0513
mem[X,0x00000000800010C2] -> 0x5555
[1073] [M]: 0x00000000800010C0 (0x55550513) addi x10, x10, 0x555                    inst_188+12
x10 <- 0xFFFFFD5555555555

clint mtime 0x0000000000000219 (mip.MTI <- 0b1, mip.STI <- 0b0)
mem[X,0x00000000800010C4] -> 0x1513
mem[X,0x00000000800010C6] -> 0x00B5
[1074] [M]: 0x00000000800010C4 (0x00B51513) slli x10, x10, 0xb                      inst_188+16
x10 <- 0xFFEAAAAAAAAAA800

mem[X,0x00000000800010C8] -> 0x0513
mem[X,0x00000000800010CA] -> 0x2AA5
[1075] [M]: 0x00000000800010C8 (0x2AA50513) addi x10, x10, 0x2aa                    inst_188+20
x10 <- 0xFFEAAAAAAAAAAAAA

clint mtime 0x000000000000021A (mip.MTI <- 0b1, mip.STI <- 0b0)
mem[X,0x00000000800010CC] -> 0x1513
mem[X,0x00000000800010CE] -> 0x00A5
[1076] [M]: 0x00000000800010CC (0x00A51513) slli x10, x10, 0xa                      inst_188+24
x10 <- 0xAAAAAAAAAAAAA800

mem[X,0x00000000800010D0] -> 0x0513
mem[X,0x00000000800010D2] -> 0x2AA5
[1077] [M]: 0x00000000800010D0 (0x2AA50513) addi x10, x10, 0x2aa                    inst_188+28
x10 <- 0xAAAAAAAAAAAAAAAA

clint mtime 0x000000000000021B (mip.MTI <- 0b1, mip.STI <- 0b0)
mem[X,0x00000000800010D4] -> 0x2593
mem[X,0x00000000800010D6] -> 0x5545
[1078] [M]: 0x00000000800010D4 (0x55452593) slti x11, x10, 0x554                    inst_188+32
x11 <- 0x0000000000000001

mem[X,0x00000000800010D8] -> 0x3823
mem[X,0x00000000800010DA] -> 0x52B1
[1079] [M]: 0x00000000800010D8 (0x52B13823) sd x11, 0x530(x2)                       inst_188+36
mem[W,0x00000000800076F8] <- 0x0000000000000001

clint mtime 0x000000000000021C (mip.MTI <- 0b1, mip.STI <- 0b0)
mem[X,0x00000000800010DC] -> 0xB537
mem[X,0x00000000800010DE] -> 0xAAAA
[1080] [M]: 0x00000000800010DC (0xAAAAB537) lui x10, -0x55555                       inst_189+0
x10 <- 0xFFFFFFFFAAAAB000

mem[X,0x00000000800010E0] -> 0x0513
mem[X,0x00000000800010E2] -> 0xAAA5
[1081] [M]: 0x00000000800010E0 (0xAAA50513) addi x10, x10, -0x556                   inst_189+4
x10 <- 0xFFFFFFFFAAAAAAAA

clint mtime 0x000000000000021D (mip.MTI <- 0b1, mip.STI <- 0b0)
mem[X,0x00000000800010E4] -> 0x1513
mem[X,0x00000000800010E6] -> 0x00B5
[1082] [M]: 0x00000000800010E4 (0x00B51513) slli x10, x10, 0xb                      inst_189+8
x10 <- 0xFFFFFD5555555000

mem[X,0x00000000800010E8] -> 0x0513
mem[X,0x00000000800010EA] -> 0x5555
[1083] [M]: 0x00000000800010E8 (0x55550513) addi x10, x10, 0x555                    inst_189+12
x10 <- 0xFFFFFD5555555555

clint mtime 0x000000000000021E (mip.MTI <- 0b1, mip.STI <- 0b0)
mem[X,0x00000000800010EC] -> 0x1513
mem[X,0x00000000800010EE] -> 0x00B5
[1084] [M]: 0x00000000800010EC (0x00B51513) slli x10, x10, 0xb                      inst_189+16
x10 <- 0xFFEAAAAAAAAAA800

mem[X,0x00000000800010F0] -> 0x0513
mem[X,0x00000000800010F2] -> 0x2AA5
[1085] [M]: 0x00000000800010F0 (0x2AA50513) addi x10, x10, 0x2aa                    inst_189+20
x10 <- 0xFFEAAAAAAAAAAAAA

clint mtime 0x000000000000021F (mip.MTI <- 0b1, mip.STI <- 0b0)
mem[X,0x00000000800010F4] -> 0x1513
mem[X,0x00000000800010F6] -> 0x00A5
[1086] [M]: 0x00000000800010F4 (0x00A51513) slli x10, x10, 0xa                      inst_189+24
x10 <- 0xAAAAAAAAAAAAA800

mem[X,0x00000000800010F8] -> 0x0513
mem[X,0x00000000800010FA] -> 0x2AA5
[1087] [M]: 0x00000000800010F8 (0x2AA50513) addi x10, x10, 0x2aa                    inst_189+28
x10 <- 0xAAAAAAAAAAAAAAAA

clint mtime 0x0000000000000220 (mip.MTI <- 0b1, mip.STI <- 0b0)
mem[X,0x00000000800010FC] -> 0x2593
mem[X,0x00000000800010FE] -> 0x0005
[1088] [M]: 0x00000000800010FC (0x00052593) slti x11, x10, 0x0                      inst_189+32
x11 <- 0x0000000000000001

mem[X,0x0000000080001100] -> 0x3C23
mem[X,0x0000000080001102] -> 0x52B1
[1089] [M]: 0x0000000080001100 (0x52B13C23) sd x11, 0x538(x2)                       inst_189+36
mem[W,0x0000000080007700] <- 0x0000000000000001

clint mtime 0x0000000000000221 (mip.MTI <- 0b1, mip.STI <- 0b0)
mem[X,0x0000000080001104] -> 0xB537
mem[X,0x0000000080001106] -> 0xAAAA
[1090] [M]: 0x0000000080001104 (0xAAAAB537) lui x10, -0x55555                       inst_190+0
x10 <- 0xFFFFFFFFAAAAB000

mem[X,0x0000000080001108] -> 0x0513
mem[X,0x000000008000110A] -> 0xAAA5
[1091] [M]: 0x0000000080001108 (0xAAA50513) addi x10, x10, -0x556                   inst_190+4
x10 <- 0xFFFFFFFFAAAAAAAA

clint mtime 0x0000000000000222 (mip.MTI <- 0b1, mip.STI <- 0b0)
mem[X,0x000000008000110C] -> 0x1513
mem[X,0x000000008000110E] -> 0x00B5
[1092] [M]: 0x000000008000110C (0x00B51513) slli x10, x10, 0xb                      inst_190+8
x10 <- 0xFFFFFD5555555000

mem[X,0x0000000080001110] -> 0x0513
mem[X,0x0000000080001112] -> 0x5555
[1093] [M]: 0x0000000080001110 (0x55550513) addi x10, x10, 0x555                    inst_190+12
x10 <- 0xFFFFFD5555555555

clint mtime 0x0000000000000223 (mip.MTI <- 0b1, mip.STI <- 0b0)
mem[X,0x0000000080001114] -> 0x1513
mem[X,0x0000000080001116] -> 0x00B5
[1094] [M]: 0x0000000080001114 (0x00B51513) slli x10, x10, 0xb                      inst_190+16
x10 <- 0xFFEAAAAAAAAAA800

mem[X,0x0000000080001118] -> 0x0513
mem[X,0x000000008000111A] -> 0x2AA5
[1095] [M]: 0x0000000080001118 (0x2AA50513) addi x10, x10, 0x2aa                    inst_190+20
x10 <- 0xFFEAAAAAAAAAAAAA

clint mtime 0x0000000000000224 (mip.MTI <- 0b1, mip.STI <- 0b0)
mem[X,0x000000008000111C] -> 0x1513
mem[X,0x000000008000111E] -> 0x00A5
[1096] [M]: 0x000000008000111C (0x00A51513) slli x10, x10, 0xa                      inst_190+24
x10 <- 0xAAAAAAAAAAAAA800

mem[X,0x0000000080001120] -> 0x0513
mem[X,0x0000000080001122] -> 0x2AA5
[1097] [M]: 0x0000000080001120 (0x2AA50513) addi x10, x10, 0x2aa                    inst_190+28
x10 <- 0xAAAAAAAAAAAAAAAA

clint mtime 0x0000000000000225 (mip.MTI <- 0b1, mip.STI <- 0b0)
mem[X,0x0000000080001124] -> 0x2593
mem[X,0x0000000080001126] -> 0x3325
[1098] [M]: 0x0000000080001124 (0x33252593) slti x11, x10, 0x332                    inst_190+32
x11 <- 0x0000000000000001

mem[X,0x0000000080001128] -> 0x3023
mem[X,0x000000008000112A] -> 0x54B1
[1099] [M]: 0x0000000080001128 (0x54B13023) sd x11, 0x540(x2)                       inst_190+36
mem[W,0x0000000080007708] <- 0x0000000000000001

clint mtime 0x0000000000000226 (mip.MTI <- 0b1, mip.STI <- 0b0)
mem[X,0x000000008000112C] -> 0xB537
mem[X,0x000000008000112E] -> 0xAAAA
[1100] [M]: 0x000000008000112C (0xAAAAB537) lui x10, -0x55555                       inst_191+0
x10 <- 0xFFFFFFFFAAAAB000

mem[X,0x0000000080001130] -> 0x0513
mem[X,0x0000000080001132] -> 0xAAA5
[1101] [M]: 0x0000000080001130 (0xAAA50513) addi x10, x10, -0x556                   inst_191+4
x10 <- 0xFFFFFFFFAAAAAAAA

clint mtime 0x0000000000000227 (mip.MTI <- 0b1, mip.STI <- 0b0)
mem[X,0x0000000080001134] -> 0x1513
mem[X,0x0000000080001136] -> 0x00B5
[1102] [M]: 0x0000000080001134 (0x00B51513) slli x10, x10, 0xb                      inst_191+8
x10 <- 0xFFFFFD5555555000

mem[X,0x0000000080001138] -> 0x0513
mem[X,0x000000008000113A] -> 0x5555
[1103] [M]: 0x0000000080001138 (0x55550513) addi x10, x10, 0x555                    inst_191+12
x10 <- 0xFFFFFD5555555555

clint mtime 0x0000000000000228 (mip.MTI <- 0b1, mip.STI <- 0b0)
mem[X,0x000000008000113C] -> 0x1513
mem[X,0x000000008000113E] -> 0x00B5
[1104] [M]: 0x000000008000113C (0x00B51513) slli x10, x10, 0xb                      inst_191+16
x10 <- 0xFFEAAAAAAAAAA800

mem[X,0x0000000080001140] -> 0x0513
mem[X,0x0000000080001142] -> 0x2AA5
[1105] [M]: 0x0000000080001140 (0x2AA50513) addi x10, x10, 0x2aa                    inst_191+20
x10 <- 0xFFEAAAAAAAAAAAAA

clint mtime 0x0000000000000229 (mip.MTI <- 0b1, mip.STI <- 0b0)
mem[X,0x0000000080001144] -> 0x1513
mem[X,0x0000000080001146] -> 0x00A5
[1106] [M]: 0x0000000080001144 (0x00A51513) slli x10, x10, 0xa                      inst_191+24
x10 <- 0xAAAAAAAAAAAAA800

mem[X,0x0000000080001148] -> 0x0513
mem[X,0x000000008000114A] -> 0x2AA5
[1107] [M]: 0x0000000080001148 (0x2AA50513) addi x10, x10, 0x2aa                    inst_191+28
x10 <- 0xAAAAAAAAAAAAAAAA

clint mtime 0x000000000000022A (mip.MTI <- 0b1, mip.STI <- 0b0)
mem[X,0x000000008000114C] -> 0x2593
mem[X,0x000000008000114E] -> 0x6655
[1108] [M]: 0x000000008000114C (0x66552593) slti x11, x10, 0x665                    inst_191+32
x11 <- 0x0000000000000001

mem[X,0x0000000080001150] -> 0x3423
mem[X,0x0000000080001152] -> 0x54B1
[1109] [M]: 0x0000000080001150 (0x54B13423) sd x11, 0x548(x2)                       inst_191+36
mem[W,0x0000000080007710] <- 0x0000000000000001

clint mtime 0x000000000000022B (mip.MTI <- 0b1, mip.STI <- 0b0)
mem[X,0x0000000080001154] -> 0xB537
mem[X,0x0000000080001156] -> 0xAAAA
[1110] [M]: 0x0000000080001154 (0xAAAAB537) lui x10, -0x55555                       inst_192+0
x10 <- 0xFFFFFFFFAAAAB000

mem[X,0x0000000080001158] -> 0x0513
mem[X,0x000000008000115A] -> 0xAAA5
[1111] [M]: 0x0000000080001158 (0xAAA50513) addi x10, x10, -0x556                   inst_192+4
x10 <- 0xFFFFFFFFAAAAAAAA

clint mtime 0x000000000000022C (mip.MTI <- 0b1, mip.STI <- 0b0)
mem[X,0x000000008000115C] -> 0x1513
mem[X,0x000000008000115E] -> 0x00B5
[1112] [M]: 0x000000008000115C (0x00B51513) slli x10, x10, 0xb                      inst_192+8
x10 <- 0xFFFFFD5555555000

mem[X,0x0000000080001160] -> 0x0513
mem[X,0x0000000080001162] -> 0x5555
[1113] [M]: 0x0000000080001160 (0x55550513) addi x10, x10, 0x555                    inst_192+12
x10 <- 0xFFFFFD5555555555

clint mtime 0x000000000000022D (mip.MTI <- 0b1, mip.STI <- 0b0)
mem[X,0x0000000080001164] -> 0x1513
mem[X,0x0000000080001166] -> 0x00B5
[1114] [M]: 0x0000000080001164 (0x00B51513) slli x10, x10, 0xb                      inst_192+16
x10 <- 0xFFEAAAAAAAAAA800

mem[X,0x0000000080001168] -> 0x0513
mem[X,0x000000008000116A] -> 0x2AA5
[1115] [M]: 0x0000000080001168 (0x2AA50513) addi x10, x10, 0x2aa                    inst_192+20
x10 <- 0xFFEAAAAAAAAAAAAA

clint mtime 0x000000000000022E (mip.MTI <- 0b1, mip.STI <- 0b0)
mem[X,0x000000008000116C] -> 0x1513
mem[X,0x000000008000116E] -> 0x00A5
[1116] [M]: 0x000000008000116C (0x00A51513) slli x10, x10, 0xa                      inst_192+24
x10 <- 0xAAAAAAAAAAAAA800

mem[X,0x0000000080001170] -> 0x0513
mem[X,0x0000000080001172] -> 0x2AA5
[1117] [M]: 0x0000000080001170 (0x2AA50513) addi x10, x10, 0x2aa                    inst_192+28
x10 <- 0xAAAAAAAAAAAAAAAA

clint mtime 0x000000000000022F (mip.MTI <- 0b1, mip.STI <- 0b0)
mem[X,0x0000000080001174] -> 0x2593
mem[X,0x0000000080001176] -> 0x02C5
[1118] [M]: 0x0000000080001174 (0x02C52593) slti x11, x10, 0x2c                     inst_192+32
x11 <- 0x0000000000000001

mem[X,0x0000000080001178] -> 0x3823
mem[X,0x000000008000117A] -> 0x54B1
[1119] [M]: 0x0000000080001178 (0x54B13823) sd x11, 0x550(x2)                       inst_192+36
mem[W,0x0000000080007718] <- 0x0000000000000001

clint mtime 0x0000000000000230 (mip.MTI <- 0b1, mip.STI <- 0b0)
mem[X,0x000000008000117C] -> 0xB537
mem[X,0x000000008000117E] -> 0xAAAA
[1120] [M]: 0x000000008000117C (0xAAAAB537) lui x10, -0x55555                       inst_193+0
x10 <- 0xFFFFFFFFAAAAB000

mem[X,0x0000000080001180] -> 0x0513
mem[X,0x0000000080001182] -> 0xAAA5
[1121] [M]: 0x0000000080001180 (0xAAA50513) addi x10, x10, -0x556                   inst_193+4
x10 <- 0xFFFFFFFFAAAAAAAA

clint mtime 0x0000000000000231 (mip.MTI <- 0b1, mip.STI <- 0b0)
mem[X,0x0000000080001184] -> 0x1513
mem[X,0x0000000080001186] -> 0x00B5
[1122] [M]: 0x0000000080001184 (0x00B51513) slli x10, x10, 0xb                      inst_193+8
x10 <- 0xFFFFFD5555555000

mem[X,0x0000000080001188] -> 0x0513
mem[X,0x000000008000118A] -> 0x5555
[1123] [M]: 0x0000000080001188 (0x55550513) addi x10, x10, 0x555                    inst_193+12
x10 <- 0xFFFFFD5555555555

clint mtime 0x0000000000000232 (mip.MTI <- 0b1, mip.STI <- 0b0)
mem[X,0x000000008000118C] -> 0x1513
mem[X,0x000000008000118E] -> 0x00B5
[1124] [M]: 0x000000008000118C (0x00B51513) slli x10, x10, 0xb                      inst_193+16
x10 <- 0xFFEAAAAAAAAAA800

mem[X,0x0000000080001190] -> 0x0513
mem[X,0x0000000080001192] -> 0x2AA5
[1125] [M]: 0x0000000080001190 (0x2AA50513) addi x10, x10, 0x2aa                    inst_193+20
x10 <- 0xFFEAAAAAAAAAAAAA

clint mtime 0x0000000000000233 (mip.MTI <- 0b1, mip.STI <- 0b0)
mem[X,0x0000000080001194] -> 0x1513
mem[X,0x0000000080001196] -> 0x00A5
[1126] [M]: 0x0000000080001194 (0x00A51513) slli x10, x10, 0xa                      inst_193+24
x10 <- 0xAAAAAAAAAAAAA800

mem[X,0x0000000080001198] -> 0x0513
mem[X,0x000000008000119A] -> 0x2AA5
[1127] [M]: 0x0000000080001198 (0x2AA50513) addi x10, x10, 0x2aa                    inst_193+28
x10 <- 0xAAAAAAAAAAAAAAAA

clint mtime 0x0000000000000234 (mip.MTI <- 0b1, mip.STI <- 0b0)
mem[X,0x000000008000119C] -> 0x2593
mem[X,0x000000008000119E] -> 0x5565
[1128] [M]: 0x000000008000119C (0x55652593) slti x11, x10, 0x556                    inst_193+32
x11 <- 0x0000000000000001

mem[X,0x00000000800011A0] -> 0x3C23
mem[X,0x00000000800011A2] -> 0x54B1
[1129] [M]: 0x00000000800011A0 (0x54B13C23) sd x11, 0x558(x2)                       inst_193+36
mem[W,0x0000000080007720] <- 0x0000000000000001

clint mtime 0x0000000000000235 (mip.MTI <- 0b1, mip.STI <- 0b0)
mem[X,0x00000000800011A4] -> 0xB537
mem[X,0x00000000800011A6] -> 0xAAAA
[1130] [M]: 0x00000000800011A4 (0xAAAAB537) lui x10, -0x55555                       inst_194+0
x10 <- 0xFFFFFFFFAAAAB000

mem[X,0x00000000800011A8] -> 0x0513
mem[X,0x00000000800011AA] -> 0xAAA5
[1131] [M]: 0x00000000800011A8 (0xAAA50513) addi x10, x10, -0x556                   inst_194+4
x10 <- 0xFFFFFFFFAAAAAAAA

clint mtime 0x0000000000000236 (mip.MTI <- 0b1, mip.STI <- 0b0)
mem[X,0x00000000800011AC] -> 0x1513
mem[X,0x00000000800011AE] -> 0x00B5
[1132] [M]: 0x00000000800011AC (0x00B51513) slli x10, x10, 0xb                      inst_194+8
x10 <- 0xFFFFFD5555555000

mem[X,0x00000000800011B0] -> 0x0513
mem[X,0x00000000800011B2] -> 0x5555
[1133] [M]: 0x00000000800011B0 (0x55550513) addi x10, x10, 0x555                    inst_194+12
x10 <- 0xFFFFFD5555555555

clint mtime 0x0000000000000237 (mip.MTI <- 0b1, mip.STI <- 0b0)
mem[X,0x00000000800011B4] -> 0x1513
mem[X,0x00000000800011B6] -> 0x00B5
[1134] [M]: 0x00000000800011B4 (0x00B51513) slli x10, x10, 0xb                      inst_194+16
x10 <- 0xFFEAAAAAAAAAA800

mem[X,0x00000000800011B8] -> 0x0513
mem[X,0x00000000800011BA] -> 0x2AA5
[1135] [M]: 0x00000000800011B8 (0x2AA50513) addi x10, x10, 0x2aa                    inst_194+20
x10 <- 0xFFEAAAAAAAAAAAAA

clint mtime 0x0000000000000238 (mip.MTI <- 0b1, mip.STI <- 0b0)
mem[X,0x00000000800011BC] -> 0x1513
mem[X,0x00000000800011BE] -> 0x00A5
[1136] [M]: 0x00000000800011BC (0x00A51513) slli x10, x10, 0xa                      inst_194+24
x10 <- 0xAAAAAAAAAAAAA800

mem[X,0x00000000800011C0] -> 0x0513
mem[X,0x00000000800011C2] -> 0x2AA5
[1137] [M]: 0x00000000800011C0 (0x2AA50513) addi x10, x10, 0x2aa                    inst_194+28
x10 <- 0xAAAAAAAAAAAAAAAA

clint mtime 0x0000000000000239 (mip.MTI <- 0b1, mip.STI <- 0b0)
mem[X,0x00000000800011C4] -> 0x2593
mem[X,0x00000000800011C6] -> 0xAAB5
[1138] [M]: 0x00000000800011C4 (0xAAB52593) slti x11, x10, -0x555                   inst_194+32
x11 <- 0x0000000000000001

mem[X,0x00000000800011C8] -> 0x3023
mem[X,0x00000000800011CA] -> 0x56B1
[1139] [M]: 0x00000000800011C8 (0x56B13023) sd x11, 0x560(x2)                       inst_194+36
mem[W,0x0000000080007728] <- 0x0000000000000001

clint mtime 0x000000000000023A (mip.MTI <- 0b1, mip.STI <- 0b0)
mem[X,0x00000000800011CC] -> 0xB537
mem[X,0x00000000800011CE] -> 0xAAAA
[1140] [M]: 0x00000000800011CC (0xAAAAB537) lui x10, -0x55555                       inst_195+0
x10 <- 0xFFFFFFFFAAAAB000

mem[X,0x00000000800011D0] -> 0x0513
mem[X,0x00000000800011D2] -> 0xAAA5
[1141] [M]: 0x00000000800011D0 (0xAAA50513) addi x10, x10, -0x556                   inst_195+4
x10 <- 0xFFFFFFFFAAAAAAAA

clint mtime 0x000000000000023B (mip.MTI <- 0b1, mip.STI <- 0b0)
mem[X,0x00000000800011D4] -> 0x1513
mem[X,0x00000000800011D6] -> 0x00B5
[1142] [M]: 0x00000000800011D4 (0x00B51513) slli x10, x10, 0xb                      inst_195+8
x10 <- 0xFFFFFD5555555000

mem[X,0x00000000800011D8] -> 0x0513
mem[X,0x00000000800011DA] -> 0x5555
[1143] [M]: 0x00000000800011D8 (0x55550513) addi x10, x10, 0x555                    inst_195+12
x10 <- 0xFFFFFD5555555555

clint mtime 0x000000000000023C (mip.MTI <- 0b1, mip.STI <- 0b0)
mem[X,0x00000000800011DC] -> 0x1513
mem[X,0x00000000800011DE] -> 0x00B5
[1144] [M]: 0x00000000800011DC (0x00B51513) slli x10, x10, 0xb                      inst_195+16
x10 <- 0xFFEAAAAAAAAAA800

mem[X,0x00000000800011E0] -> 0x0513
mem[X,0x00000000800011E2] -> 0x2AA5
[1145] [M]: 0x00000000800011E0 (0x2AA50513) addi x10, x10, 0x2aa                    inst_195+20
x10 <- 0xFFEAAAAAAAAAAAAA

clint mtime 0x000000000000023D (mip.MTI <- 0b1, mip.STI <- 0b0)
mem[X,0x00000000800011E4] -> 0x1513
mem[X,0x00000000800011E6] -> 0x00A5
[1146] [M]: 0x00000000800011E4 (0x00A51513) slli x10, x10, 0xa                      inst_195+24
x10 <- 0xAAAAAAAAAAAAA800

mem[X,0x00000000800011E8] -> 0x0513
mem[X,0x00000000800011EA] -> 0x2AA5
[1147] [M]: 0x00000000800011E8 (0x2AA50513) addi x10, x10, 0x2aa                    inst_195+28
x10 <- 0xAAAAAAAAAAAAAAAA

clint mtime 0x000000000000023E (mip.MTI <- 0b1, mip.STI <- 0b0)
mem[X,0x00000000800011EC] -> 0x2593
mem[X,0x00000000800011EE] -> 0x0065
[1148] [M]: 0x00000000800011EC (0x00652593) slti x11, x10, 0x6                      inst_195+32
x11 <- 0x0000000000000001

mem[X,0x00000000800011F0] -> 0x3423
mem[X,0x00000000800011F2] -> 0x56B1
[1149] [M]: 0x00000000800011F0 (0x56B13423) sd x11, 0x568(x2)                       inst_195+36
mem[W,0x0000000080007730] <- 0x0000000000000001

clint mtime 0x000000000000023F (mip.MTI <- 0b1, mip.STI <- 0b0)
mem[X,0x00000000800011F4] -> 0xB537
mem[X,0x00000000800011F6] -> 0xAAAA
[1150] [M]: 0x00000000800011F4 (0xAAAAB537) lui x10, -0x55555                       inst_196+0
x10 <- 0xFFFFFFFFAAAAB000

mem[X,0x00000000800011F8] -> 0x0513
mem[X,0x00000000800011FA] -> 0xAAA5
[1151] [M]: 0x00000000800011F8 (0xAAA50513) addi x10, x10, -0x556                   inst_196+4
x10 <- 0xFFFFFFFFAAAAAAAA

clint mtime 0x0000000000000240 (mip.MTI <- 0b1, mip.STI <- 0b0)
mem[X,0x00000000800011FC] -> 0x1513
mem[X,0x00000000800011FE] -> 0x00B5
[1152] [M]: 0x00000000800011FC (0x00B51513) slli x10, x10, 0xb                      inst_196+8
x10 <- 0xFFFFFD5555555000

mem[X,0x0000000080001200] -> 0x0513
mem[X,0x0000000080001202] -> 0x5555
[1153] [M]: 0x0000000080001200 (0x55550513) addi x10, x10, 0x555                    inst_196+12
x10 <- 0xFFFFFD5555555555

clint mtime 0x0000000000000241 (mip.MTI <- 0b1, mip.STI <- 0b0)
mem[X,0x0000000080001204] -> 0x1513
mem[X,0x0000000080001206] -> 0x00B5
[1154] [M]: 0x0000000080001204 (0x00B51513) slli x10, x10, 0xb                      inst_196+16
x10 <- 0xFFEAAAAAAAAAA800

mem[X,0x0000000080001208] -> 0x0513
mem[X,0x000000008000120A] -> 0x2AA5
[1155] [M]: 0x0000000080001208 (0x2AA50513) addi x10, x10, 0x2aa                    inst_196+20
x10 <- 0xFFEAAAAAAAAAAAAA

clint mtime 0x0000000000000242 (mip.MTI <- 0b1, mip.STI <- 0b0)
mem[X,0x000000008000120C] -> 0x1513
mem[X,0x000000008000120E] -> 0x00A5
[1156] [M]: 0x000000008000120C (0x00A51513) slli x10, x10, 0xa                      inst_196+24
x10 <- 0xAAAAAAAAAAAAA800

mem[X,0x0000000080001210] -> 0x0513
mem[X,0x0000000080001212] -> 0x2AA5
[1157] [M]: 0x0000000080001210 (0x2AA50513) addi x10, x10, 0x2aa                    inst_196+28
x10 <- 0xAAAAAAAAAAAAAAAA

clint mtime 0x0000000000000243 (mip.MTI <- 0b1, mip.STI <- 0b0)
mem[X,0x0000000080001214] -> 0x2593
mem[X,0x0000000080001216] -> 0x3345
[1158] [M]: 0x0000000080001214 (0x33452593) slti x11, x10, 0x334                    inst_196+32
x11 <- 0x0000000000000001

mem[X,0x0000000080001218] -> 0x3823
mem[X,0x000000008000121A] -> 0x56B1
[1159] [M]: 0x0000000080001218 (0x56B13823) sd x11, 0x570(x2)                       inst_196+36
mem[W,0x0000000080007738] <- 0x0000000000000001

clint mtime 0x0000000000000244 (mip.MTI <- 0b1, mip.STI <- 0b0)
mem[X,0x000000008000121C] -> 0xB537
mem[X,0x000000008000121E] -> 0xAAAA
[1160] [M]: 0x000000008000121C (0xAAAAB537) lui x10, -0x55555                       inst_197+0
x10 <- 0xFFFFFFFFAAAAB000

mem[X,0x0000000080001220] -> 0x0513
mem[X,0x0000000080001222] -> 0xAAA5
[1161] [M]: 0x0000000080001220 (0xAAA50513) addi x10, x10, -0x556                   inst_197+4
x10 <- 0xFFFFFFFFAAAAAAAA

clint mtime 0x0000000000000245 (mip.MTI <- 0b1, mip.STI <- 0b0)
mem[X,0x0000000080001224] -> 0x1513
mem[X,0x0000000080001226] -> 0x00B5
[1162] [M]: 0x0000000080001224 (0x00B51513) slli x10, x10, 0xb                      inst_197+8
x10 <- 0xFFFFFD5555555000

mem[X,0x0000000080001228] -> 0x0513
mem[X,0x000000008000122A] -> 0x5555
[1163] [M]: 0x0000000080001228 (0x55550513) addi x10, x10, 0x555                    inst_197+12
x10 <- 0xFFFFFD5555555555

clint mtime 0x0000000000000246 (mip.MTI <- 0b1, mip.STI <- 0b0)
mem[X,0x000000008000122C] -> 0x1513
mem[X,0x000000008000122E] -> 0x00B5
[1164] [M]: 0x000000008000122C (0x00B51513) slli x10, x10, 0xb                      inst_197+16
x10 <- 0xFFEAAAAAAAAAA800

mem[X,0x0000000080001230] -> 0x0513
mem[X,0x0000000080001232] -> 0x2AA5
[1165] [M]: 0x0000000080001230 (0x2AA50513) addi x10, x10, 0x2aa                    inst_197+20
x10 <- 0xFFEAAAAAAAAAAAAA

clint mtime 0x0000000000000247 (mip.MTI <- 0b1, mip.STI <- 0b0)
mem[X,0x0000000080001234] -> 0x1513
mem[X,0x0000000080001236] -> 0x00A5
[1166] [M]: 0x0000000080001234 (0x00A51513) slli x10, x10, 0xa                      inst_197+24
x10 <- 0xAAAAAAAAAAAAA800

mem[X,0x0000000080001238] -> 0x0513
mem[X,0x000000008000123A] -> 0x2AA5
[1167] [M]: 0x0000000080001238 (0x2AA50513) addi x10, x10, 0x2aa                    inst_197+28
x10 <- 0xAAAAAAAAAAAAAAAA

clint mtime 0x0000000000000248 (mip.MTI <- 0b1, mip.STI <- 0b0)
mem[X,0x000000008000123C] -> 0x2593
mem[X,0x000000008000123E] -> 0x6675
[1168] [M]: 0x000000008000123C (0x66752593) slti x11, x10, 0x667                    inst_197+32
x11 <- 0x0000000000000001

mem[X,0x0000000080001240] -> 0x3C23
mem[X,0x0000000080001242] -> 0x56B1
[1169] [M]: 0x0000000080001240 (0x56B13C23) sd x11, 0x578(x2)                       inst_197+36
mem[W,0x0000000080007740] <- 0x0000000000000001

clint mtime 0x0000000000000249 (mip.MTI <- 0b1, mip.STI <- 0b0)
mem[X,0x0000000080001244] -> 0xB537
mem[X,0x0000000080001246] -> 0xAAAA
[1170] [M]: 0x0000000080001244 (0xAAAAB537) lui x10, -0x55555                       inst_198+0
x10 <- 0xFFFFFFFFAAAAB000

mem[X,0x0000000080001248] -> 0x0513
mem[X,0x000000008000124A] -> 0xAAA5
[1171] [M]: 0x0000000080001248 (0xAAA50513) addi x10, x10, -0x556                   inst_198+4
x10 <- 0xFFFFFFFFAAAAAAAA

clint mtime 0x000000000000024A (mip.MTI <- 0b1, mip.STI <- 0b0)
mem[X,0x000000008000124C] -> 0x1513
mem[X,0x000000008000124E] -> 0x00B5
[1172] [M]: 0x000000008000124C (0x00B51513) slli x10, x10, 0xb                      inst_198+8
x10 <- 0xFFFFFD5555555000

mem[X,0x0000000080001250] -> 0x0513
mem[X,0x0000000080001252] -> 0x5555
[1173] [M]: 0x0000000080001250 (0x55550513) addi x10, x10, 0x555                    inst_198+12
x10 <- 0xFFFFFD5555555555

clint mtime 0x000000000000024B (mip.MTI <- 0b1, mip.STI <- 0b0)
mem[X,0x0000000080001254] -> 0x1513
mem[X,0x0000000080001256] -> 0x00B5
[1174] [M]: 0x0000000080001254 (0x00B51513) slli x10, x10, 0xb                      inst_198+16
x10 <- 0xFFEAAAAAAAAAA800

mem[X,0x0000000080001258] -> 0x0513
mem[X,0x000000008000125A] -> 0x2AA5
[1175] [M]: 0x0000000080001258 (0x2AA50513) addi x10, x10, 0x2aa                    inst_198+20
x10 <- 0xFFEAAAAAAAAAAAAA

clint mtime 0x000000000000024C (mip.MTI <- 0b1, mip.STI <- 0b0)
mem[X,0x000000008000125C] -> 0x1513
mem[X,0x000000008000125E] -> 0x00A5
[1176] [M]: 0x000000008000125C (0x00A51513) slli x10, x10, 0xa                      inst_198+24
x10 <- 0xAAAAAAAAAAAAA800

mem[X,0x0000000080001260] -> 0x0513
mem[X,0x0000000080001262] -> 0x2AA5
[1177] [M]: 0x0000000080001260 (0x2AA50513) addi x10, x10, 0x2aa                    inst_198+28
x10 <- 0xAAAAAAAAAAAAAAAA

clint mtime 0x000000000000024D (mip.MTI <- 0b1, mip.STI <- 0b0)
mem[X,0x0000000080001264] -> 0x2593
mem[X,0x0000000080001266] -> 0xFD45
[1178] [M]: 0x0000000080001264 (0xFD452593) slti x11, x10, -0x2c                    inst_198+32
x11 <- 0x0000000000000001

mem[X,0x0000000080001268] -> 0x3023
mem[X,0x000000008000126A] -> 0x58B1
[1179] [M]: 0x0000000080001268 (0x58B13023) sd x11, 0x580(x2)                       inst_198+36
mem[W,0x0000000080007748] <- 0x0000000000000001

clint mtime 0x000000000000024E (mip.MTI <- 0b1, mip.STI <- 0b0)
mem[X,0x000000008000126C] -> 0xB537
mem[X,0x000000008000126E] -> 0xAAAA
[1180] [M]: 0x000000008000126C (0xAAAAB537) lui x10, -0x55555                       inst_199+0
x10 <- 0xFFFFFFFFAAAAB000

mem[X,0x0000000080001270] -> 0x0513
mem[X,0x0000000080001272] -> 0xAAA5
[1181] [M]: 0x0000000080001270 (0xAAA50513) addi x10, x10, -0x556                   inst_199+4
x10 <- 0xFFFFFFFFAAAAAAAA

clint mtime 0x000000000000024F (mip.MTI <- 0b1, mip.STI <- 0b0)
mem[X,0x0000000080001274] -> 0x1513
mem[X,0x0000000080001276] -> 0x00B5
[1182] [M]: 0x0000000080001274 (0x00B51513) slli x10, x10, 0xb                      inst_199+8
x10 <- 0xFFFFFD5555555000

mem[X,0x0000000080001278] -> 0x0513
mem[X,0x000000008000127A] -> 0x5555
[1183] [M]: 0x0000000080001278 (0x55550513) addi x10, x10, 0x555                    inst_199+12
x10 <- 0xFFFFFD5555555555

clint mtime 0x0000000000000250 (mip.MTI <- 0b1, mip.STI <- 0b0)
mem[X,0x000000008000127C] -> 0x1513
mem[X,0x000000008000127E] -> 0x00B5
[1184] [M]: 0x000000008000127C (0x00B51513) slli x10, x10, 0xb                      inst_199+16
x10 <- 0xFFEAAAAAAAAAA800

mem[X,0x0000000080001280] -> 0x0513
mem[X,0x0000000080001282] -> 0x2AA5
[1185] [M]: 0x0000000080001280 (0x2AA50513) addi x10, x10, 0x2aa                    inst_199+20
x10 <- 0xFFEAAAAAAAAAAAAA

clint mtime 0x0000000000000251 (mip.MTI <- 0b1, mip.STI <- 0b0)
mem[X,0x0000000080001284] -> 0x1513
mem[X,0x0000000080001286] -> 0x00A5
[1186] [M]: 0x0000000080001284 (0x00A51513) slli x10, x10, 0xa                      inst_199+24
x10 <- 0xAAAAAAAAAAAAA800

mem[X,0x0000000080001288] -> 0x0513
mem[X,0x000000008000128A] -> 0x2AA5
[1187] [M]: 0x0000000080001288 (0x2AA50513) addi x10, x10, 0x2aa                    inst_199+28
x10 <- 0xAAAAAAAAAAAAAAAA

clint mtime 0x0000000000000252 (mip.MTI <- 0b1, mip.STI <- 0b0)
mem[X,0x000000008000128C] -> 0x2593
mem[X,0x000000008000128E] -> 0x02E5
[1188] [M]: 0x000000008000128C (0x02E52593) slti x11, x10, 0x2e                     inst_199+32
x11 <- 0x0000000000000001

mem[X,0x0000000080001290] -> 0x3423
mem[X,0x0000000080001292] -> 0x58B1
[1189] [M]: 0x0000000080001290 (0x58B13423) sd x11, 0x588(x2)                       inst_199+36
mem[W,0x0000000080007750] <- 0x0000000000000001

clint mtime 0x0000000000000253 (mip.MTI <- 0b1, mip.STI <- 0b0)
mem[X,0x0000000080001294] -> 0x0513
mem[X,0x0000000080001296] -> 0x0050
[1190] [M]: 0x0000000080001294 (0x00500513) addi x10, x0, 0x5                       inst_200+0
x10 <- 0x0000000000000005

mem[X,0x0000000080001298] -> 0x2593
mem[X,0x000000008000129A] -> 0x0035
[1191] [M]: 0x0000000080001298 (0x00352593) slti x11, x10, 0x3                      inst_200+4
x11 <- 0x0000000000000000

clint mtime 0x0000000000000254 (mip.MTI <- 0b1, mip.STI <- 0b0)
mem[X,0x000000008000129C] -> 0x3823
mem[X,0x000000008000129E] -> 0x58B1
[1192] [M]: 0x000000008000129C (0x58B13823) sd x11, 0x590(x2)                       inst_200+8
mem[W,0x0000000080007758] <- 0x0000000000000000

mem[X,0x00000000800012A0] -> 0x0513
mem[X,0x00000000800012A2] -> 0x0050
[1193] [M]: 0x00000000800012A0 (0x00500513) addi x10, x0, 0x5                       inst_201+0
x10 <- 0x0000000000000005

clint mtime 0x0000000000000255 (mip.MTI <- 0b1, mip.STI <- 0b0)
mem[X,0x00000000800012A4] -> 0x2593
mem[X,0x00000000800012A6] -> 0xAAA5
[1194] [M]: 0x00000000800012A4 (0xAAA52593) slti x11, x10, -0x556                   inst_201+4
x11 <- 0x0000000000000000

mem[X,0x00000000800012A8] -> 0x3C23
mem[X,0x00000000800012AA] -> 0x58B1
[1195] [M]: 0x00000000800012A8 (0x58B13C23) sd x11, 0x598(x2)                       inst_201+8
mem[W,0x0000000080007760] <- 0x0000000000000000

clint mtime 0x0000000000000256 (mip.MTI <- 0b1, mip.STI <- 0b0)
mem[X,0x00000000800012AC] -> 0x0513
mem[X,0x00000000800012AE] -> 0x0050
[1196] [M]: 0x00000000800012AC (0x00500513) addi x10, x0, 0x5                       inst_202+0
x10 <- 0x0000000000000005

mem[X,0x00000000800012B0] -> 0x2593
mem[X,0x00000000800012B2] -> 0x0055
[1197] [M]: 0x00000000800012B0 (0x00552593) slti x11, x10, 0x5                      inst_202+4
x11 <- 0x0000000000000000

clint mtime 0x0000000000000257 (mip.MTI <- 0b1, mip.STI <- 0b0)
mem[X,0x00000000800012B4] -> 0x3023
mem[X,0x00000000800012B6] -> 0x5AB1
[1198] [M]: 0x00000000800012B4 (0x5AB13023) sd x11, 0x5a0(x2)                       inst_202+8
mem[W,0x0000000080007768] <- 0x0000000000000000

mem[X,0x00000000800012B8] -> 0x0513
mem[X,0x00000000800012BA] -> 0x0050
[1199] [M]: 0x00000000800012B8 (0x00500513) addi x10, x0, 0x5                       inst_203+0
x10 <- 0x0000000000000005

clint mtime 0x0000000000000258 (mip.MTI <- 0b1, mip.STI <- 0b0)
mem[X,0x00000000800012BC] -> 0x2593
mem[X,0x00000000800012BE] -> 0x3335
[1200] [M]: 0x00000000800012BC (0x33352593) slti x11, x10, 0x333                    inst_203+4
x11 <- 0x0000000000000001

mem[X,0x00000000800012C0] -> 0x3423
mem[X,0x00000000800012C2] -> 0x5AB1
[1201] [M]: 0x00000000800012C0 (0x5AB13423) sd x11, 0x5a8(x2)                       inst_203+8
mem[W,0x0000000080007770] <- 0x0000000000000001

clint mtime 0x0000000000000259 (mip.MTI <- 0b1, mip.STI <- 0b0)
mem[X,0x00000000800012C4] -> 0x0513
mem[X,0x00000000800012C6] -> 0x0050
[1202] [M]: 0x00000000800012C4 (0x00500513) addi x10, x0, 0x5                       inst_204+0
x10 <- 0x0000000000000005

mem[X,0x00000000800012C8] -> 0x2593
mem[X,0x00000000800012CA] -> 0x6665
[1203] [M]: 0x00000000800012C8 (0x66652593) slti x11, x10, 0x666                    inst_204+4
x11 <- 0x0000000000000001

clint mtime 0x000000000000025A (mip.MTI <- 0b1, mip.STI <- 0b0)
mem[X,0x00000000800012CC] -> 0x3823
mem[X,0x00000000800012CE] -> 0x5AB1
[1204] [M]: 0x00000000800012CC (0x5AB13823) sd x11, 0x5b0(x2)                       inst_204+8
mem[W,0x0000000080007778] <- 0x0000000000000001

mem[X,0x00000000800012D0] -> 0x0513
mem[X,0x00000000800012D2] -> 0x0050
[1205] [M]: 0x00000000800012D0 (0x00500513) addi x10, x0, 0x5                       inst_205+0
x10 <- 0x0000000000000005

clint mtime 0x000000000000025B (mip.MTI <- 0b1, mip.STI <- 0b0)
mem[X,0x00000000800012D4] -> 0x2593
mem[X,0x00000000800012D6] -> 0xFD35
[1206] [M]: 0x00000000800012D4 (0xFD352593) slti x11, x10, -0x2d                    inst_205+4
x11 <- 0x0000000000000000

mem[X,0x00000000800012D8] -> 0x3C23
mem[X,0x00000000800012DA] -> 0x5AB1
[1207] [M]: 0x00000000800012D8 (0x5AB13C23) sd x11, 0x5b8(x2)                       inst_205+8
mem[W,0x0000000080007780] <- 0x0000000000000000

clint mtime 0x000000000000025C (mip.MTI <- 0b1, mip.STI <- 0b0)
mem[X,0x00000000800012DC] -> 0x0513
mem[X,0x00000000800012DE] -> 0x0050
[1208] [M]: 0x00000000800012DC (0x00500513) addi x10, x0, 0x5                       inst_206+0
x10 <- 0x0000000000000005

mem[X,0x00000000800012E0] -> 0x2593
mem[X,0x00000000800012E2] -> 0x02D5
[1209] [M]: 0x00000000800012E0 (0x02D52593) slti x11, x10, 0x2d                     inst_206+4
x11 <- 0x0000000000000001

clint mtime 0x000000000000025D (mip.MTI <- 0b1, mip.STI <- 0b0)
mem[X,0x00000000800012E4] -> 0x3023
mem[X,0x00000000800012E6] -> 0x5CB1
[1210] [M]: 0x00000000800012E4 (0x5CB13023) sd x11, 0x5c0(x2)                       inst_206+8
mem[W,0x0000000080007788] <- 0x0000000000000001

mem[X,0x00000000800012E8] -> 0x0513
mem[X,0x00000000800012EA] -> 0x0050
[1211] [M]: 0x00000000800012E8 (0x00500513) addi x10, x0, 0x5                       inst_207+0
x10 <- 0x0000000000000005

clint mtime 0x000000000000025E (mip.MTI <- 0b1, mip.STI <- 0b0)
mem[X,0x00000000800012EC] -> 0x2593
mem[X,0x00000000800012EE] -> 0x0025
[1212] [M]: 0x00000000800012EC (0x00252593) slti x11, x10, 0x2                      inst_207+4
x11 <- 0x0000000000000000

mem[X,0x00000000800012F0] -> 0x3423
mem[X,0x00000000800012F2] -> 0x5CB1
[1213] [M]: 0x00000000800012F0 (0x5CB13423) sd x11, 0x5c8(x2)                       inst_207+8
mem[W,0x0000000080007790] <- 0x0000000000000000

clint mtime 0x000000000000025F (mip.MTI <- 0b1, mip.STI <- 0b0)
mem[X,0x00000000800012F4] -> 0x0513
mem[X,0x00000000800012F6] -> 0x0050
[1214] [M]: 0x00000000800012F4 (0x00500513) addi x10, x0, 0x5                       inst_208+0
x10 <- 0x0000000000000005

mem[X,0x00000000800012F8] -> 0x2593
mem[X,0x00000000800012FA] -> 0x5545
[1215] [M]: 0x00000000800012F8 (0x55452593) slti x11, x10, 0x554                    inst_208+4
x11 <- 0x0000000000000001

clint mtime 0x0000000000000260 (mip.MTI <- 0b1, mip.STI <- 0b0)
mem[X,0x00000000800012FC] -> 0x3823
mem[X,0x00000000800012FE] -> 0x5CB1
[1216] [M]: 0x00000000800012FC (0x5CB13823) sd x11, 0x5d0(x2)                       inst_208+8
mem[W,0x0000000080007798] <- 0x0000000000000001

mem[X,0x0000000080001300] -> 0x0513
mem[X,0x0000000080001302] -> 0x0050
[1217] [M]: 0x0000000080001300 (0x00500513) addi x10, x0, 0x5                       inst_209+0
x10 <- 0x0000000000000005

clint mtime 0x0000000000000261 (mip.MTI <- 0b1, mip.STI <- 0b0)
mem[X,0x0000000080001304] -> 0x2593
mem[X,0x0000000080001306] -> 0x0005
[1218] [M]: 0x0000000080001304 (0x00052593) slti x11, x10, 0x0                      inst_209+4
x11 <- 0x0000000000000000

mem[X,0x0000000080001308] -> 0x3C23
mem[X,0x000000008000130A] -> 0x5CB1
[1219] [M]: 0x0000000080001308 (0x5CB13C23) sd x11, 0x5d8(x2)                       inst_209+8
mem[W,0x00000000800077A0] <- 0x0000000000000000

clint mtime 0x0000000000000262 (mip.MTI <- 0b1, mip.STI <- 0b0)
mem[X,0x000000008000130C] -> 0x0513
mem[X,0x000000008000130E] -> 0x0050
[1220] [M]: 0x000000008000130C (0x00500513) addi x10, x0, 0x5                       inst_210+0
x10 <- 0x0000000000000005

mem[X,0x0000000080001310] -> 0x2593
mem[X,0x0000000080001312] -> 0x0045
[1221] [M]: 0x0000000080001310 (0x00452593) slti x11, x10, 0x4                      inst_210+4
x11 <- 0x0000000000000000

clint mtime 0x0000000000000263 (mip.MTI <- 0b1, mip.STI <- 0b0)
mem[X,0x0000000080001314] -> 0x3023
mem[X,0x0000000080001316] -> 0x5EB1
[1222] [M]: 0x0000000080001314 (0x5EB13023) sd x11, 0x5e0(x2)                       inst_210+8
mem[W,0x00000000800077A8] <- 0x0000000000000000

mem[X,0x0000000080001318] -> 0x0513
mem[X,0x000000008000131A] -> 0x0050
[1223] [M]: 0x0000000080001318 (0x00500513) addi x10, x0, 0x5                       inst_211+0
x10 <- 0x0000000000000005

clint mtime 0x0000000000000264 (mip.MTI <- 0b1, mip.STI <- 0b0)
mem[X,0x000000008000131C] -> 0x2593
mem[X,0x000000008000131E] -> 0x3325
[1224] [M]: 0x000000008000131C (0x33252593) slti x11, x10, 0x332                    inst_211+4
x11 <- 0x0000000000000001

mem[X,0x0000000080001320] -> 0x3423
mem[X,0x0000000080001322] -> 0x5EB1
[1225] [M]: 0x0000000080001320 (0x5EB13423) sd x11, 0x5e8(x2)                       inst_211+8
mem[W,0x00000000800077B0] <- 0x0000000000000001

clint mtime 0x0000000000000265 (mip.MTI <- 0b1, mip.STI <- 0b0)
mem[X,0x0000000080001324] -> 0x0513
mem[X,0x0000000080001326] -> 0x0050
[1226] [M]: 0x0000000080001324 (0x00500513) addi x10, x0, 0x5                       inst_212+0
x10 <- 0x0000000000000005

mem[X,0x0000000080001328] -> 0x2593
mem[X,0x000000008000132A] -> 0x6655
[1227] [M]: 0x0000000080001328 (0x66552593) slti x11, x10, 0x665                    inst_212+4
x11 <- 0x0000000000000001

clint mtime 0x0000000000000266 (mip.MTI <- 0b1, mip.STI <- 0b0)
mem[X,0x000000008000132C] -> 0x3823
mem[X,0x000000008000132E] -> 0x5EB1
[1228] [M]: 0x000000008000132C (0x5EB13823) sd x11, 0x5f0(x2)                       inst_212+8
mem[W,0x00000000800077B8] <- 0x0000000000000001

mem[X,0x0000000080001330] -> 0x0513
mem[X,0x0000000080001332] -> 0x0050
[1229] [M]: 0x0000000080001330 (0x00500513) addi x10, x0, 0x5                       inst_213+0
x10 <- 0x0000000000000005

clint mtime 0x0000000000000267 (mip.MTI <- 0b1, mip.STI <- 0b0)
mem[X,0x0000000080001334] -> 0x2593
mem[X,0x0000000080001336] -> 0x02C5
[1230] [M]: 0x0000000080001334 (0x02C52593) slti x11, x10, 0x2c                     inst_213+4
x11 <- 0x0000000000000001

mem[X,0x0000000080001338] -> 0x3C23
mem[X,0x000000008000133A] -> 0x5EB1
[1231] [M]: 0x0000000080001338 (0x5EB13C23) sd x11, 0x5f8(x2)                       inst_213+8
mem[W,0x00000000800077C0] <- 0x0000000000000001

clint mtime 0x0000000000000268 (mip.MTI <- 0b1, mip.STI <- 0b0)
mem[X,0x000000008000133C] -> 0x0513
mem[X,0x000000008000133E] -> 0x0050
[1232] [M]: 0x000000008000133C (0x00500513) addi x10, x0, 0x5                       inst_214+0
x10 <- 0x0000000000000005

mem[X,0x0000000080001340] -> 0x2593
mem[X,0x0000000080001342] -> 0x5565
[1233] [M]: 0x0000000080001340 (0x55652593) slti x11, x10, 0x556                    inst_214+4
x11 <- 0x0000000000000001

clint mtime 0x0000000000000269 (mip.MTI <- 0b1, mip.STI <- 0b0)
mem[X,0x0000000080001344] -> 0x3023
mem[X,0x0000000080001346] -> 0x60B1
[1234] [M]: 0x0000000080001344 (0x60B13023) sd x11, 0x600(x2)                       inst_214+8
mem[W,0x00000000800077C8] <- 0x0000000000000001

mem[X,0x0000000080001348] -> 0x0513
mem[X,0x000000008000134A] -> 0x0050
[1235] [M]: 0x0000000080001348 (0x00500513) addi x10, x0, 0x5                       inst_215+0
x10 <- 0x0000000000000005

clint mtime 0x000000000000026A (mip.MTI <- 0b1, mip.STI <- 0b0)
mem[X,0x000000008000134C] -> 0x2593
mem[X,0x000000008000134E] -> 0xAAB5
[1236] [M]: 0x000000008000134C (0xAAB52593) slti x11, x10, -0x555                   inst_215+4
x11 <- 0x0000000000000000

mem[X,0x0000000080001350] -> 0x3423
mem[X,0x0000000080001352] -> 0x60B1
[1237] [M]: 0x0000000080001350 (0x60B13423) sd x11, 0x608(x2)                       inst_215+8
mem[W,0x00000000800077D0] <- 0x0000000000000000

clint mtime 0x000000000000026B (mip.MTI <- 0b1, mip.STI <- 0b0)
mem[X,0x0000000080001354] -> 0x0513
mem[X,0x0000000080001356] -> 0x0050
[1238] [M]: 0x0000000080001354 (0x00500513) addi x10, x0, 0x5                       inst_216+0
x10 <- 0x0000000000000005

mem[X,0x0000000080001358] -> 0x2593
mem[X,0x000000008000135A] -> 0x0065
[1239] [M]: 0x0000000080001358 (0x00652593) slti x11, x10, 0x6                      inst_216+4
x11 <- 0x0000000000000001

clint mtime 0x000000000000026C (mip.MTI <- 0b1, mip.STI <- 0b0)
mem[X,0x000000008000135C] -> 0x3823
mem[X,0x000000008000135E] -> 0x60B1
[1240] [M]: 0x000000008000135C (0x60B13823) sd x11, 0x610(x2)                       inst_216+8
mem[W,0x00000000800077D8] <- 0x0000000000000001

mem[X,0x0000000080001360] -> 0x0513
mem[X,0x0000000080001362] -> 0x0050
[1241] [M]: 0x0000000080001360 (0x00500513) addi x10, x0, 0x5                       inst_217+0
x10 <- 0x0000000000000005

clint mtime 0x000000000000026D (mip.MTI <- 0b1, mip.STI <- 0b0)
mem[X,0x0000000080001364] -> 0x2593
mem[X,0x0000000080001366] -> 0x3345
[1242] [M]: 0x0000000080001364 (0x33452593) slti x11, x10, 0x334                    inst_217+4
x11 <- 0x0000000000000001

mem[X,0x0000000080001368] -> 0x3C23
mem[X,0x000000008000136A] -> 0x60B1
[1243] [M]: 0x0000000080001368 (0x60B13C23) sd x11, 0x618(x2)                       inst_217+8
mem[W,0x00000000800077E0] <- 0x0000000000000001

clint mtime 0x000000000000026E (mip.MTI <- 0b1, mip.STI <- 0b0)
mem[X,0x000000008000136C] -> 0x0513
mem[X,0x000000008000136E] -> 0x0050
[1244] [M]: 0x000000008000136C (0x00500513) addi x10, x0, 0x5                       inst_218+0
x10 <- 0x0000000000000005

mem[X,0x0000000080001370] -> 0x2593
mem[X,0x0000000080001372] -> 0x6675
[1245] [M]: 0x0000000080001370 (0x66752593) slti x11, x10, 0x667                    inst_218+4
x11 <- 0x0000000000000001

clint mtime 0x000000000000026F (mip.MTI <- 0b1, mip.STI <- 0b0)
mem[X,0x0000000080001374] -> 0x3023
mem[X,0x0000000080001376] -> 0x62B1
[1246] [M]: 0x0000000080001374 (0x62B13023) sd x11, 0x620(x2)                       inst_218+8
mem[W,0x00000000800077E8] <- 0x0000000000000001

mem[X,0x0000000080001378] -> 0x0513
mem[X,0x000000008000137A] -> 0x0050
[1247] [M]: 0x0000000080001378 (0x00500513) addi x10, x0, 0x5                       inst_219+0
x10 <- 0x0000000000000005

clint mtime 0x0000000000000270 (mip.MTI <- 0b1, mip.STI <- 0b0)
mem[X,0x000000008000137C] -> 0x2593
mem[X,0x000000008000137E] -> 0xFD45
[1248] [M]: 0x000000008000137C (0xFD452593) slti x11, x10, -0x2c                    inst_219+4
x11 <- 0x0000000000000000

mem[X,0x0000000080001380] -> 0x3423
mem[X,0x0000000080001382] -> 0x62B1
[1249] [M]: 0x0000000080001380 (0x62B13423) sd x11, 0x628(x2)                       inst_219+8
mem[W,0x00000000800077F0] <- 0x0000000000000000

clint mtime 0x0000000000000271 (mip.MTI <- 0b1, mip.STI <- 0b0)
mem[X,0x0000000080001384] -> 0x0513
mem[X,0x0000000080001386] -> 0x0050
[1250] [M]: 0x0000000080001384 (0x00500513) addi x10, x0, 0x5                       inst_220+0
x10 <- 0x0000000000000005

mem[X,0x0000000080001388] -> 0x2593
mem[X,0x000000008000138A] -> 0x02E5
[1251] [M]: 0x0000000080001388 (0x02E52593) slti x11, x10, 0x2e                     inst_220+4
x11 <- 0x0000000000000001

clint mtime 0x0000000000000272 (mip.MTI <- 0b1, mip.STI <- 0b0)
mem[X,0x000000008000138C] -> 0x3823
mem[X,0x000000008000138E] -> 0x62B1
[1252] [M]: 0x000000008000138C (0x62B13823) sd x11, 0x630(x2)                       inst_220+8
mem[W,0x00000000800077F8] <- 0x0000000000000001

mem[X,0x0000000080001390] -> 0x3537
mem[X,0x0000000080001392] -> 0x3333
[1253] [M]: 0x0000000080001390 (0x33333537) lui x10, 0x33333                        inst_221+0
x10 <- 0x0000000033333000

clint mtime 0x0000000000000273 (mip.MTI <- 0b1, mip.STI <- 0b0)
mem[X,0x0000000080001394] -> 0x0513
mem[X,0x0000000080001396] -> 0x3335
[1254] [M]: 0x0000000080001394 (0x33350513) addi x10, x10, 0x333                    inst_221+4
x10 <- 0x0000000033333333

mem[X,0x0000000080001398] -> 0x1513
mem[X,0x000000008000139A] -> 0x00B5
[1255] [M]: 0x0000000080001398 (0x00B51513) slli x10, x10, 0xb                      inst_221+8
x10 <- 0x0000019999999800

clint mtime 0x0000000000000274 (mip.MTI <- 0b1, mip.STI <- 0b0)
mem[X,0x000000008000139C] -> 0x0513
mem[X,0x000000008000139E] -> 0x1995
[1256] [M]: 0x000000008000139C (0x19950513) addi x10, x10, 0x199                    inst_221+12
x10 <- 0x0000019999999999

mem[X,0x00000000800013A0] -> 0x1513
mem[X,0x00000000800013A2] -> 0x00B5
[1257] [M]: 0x00000000800013A0 (0x00B51513) slli x10, x10, 0xb                      inst_221+16
x10 <- 0x000CCCCCCCCCC800

clint mtime 0x0000000000000275 (mip.MTI <- 0b1, mip.STI <- 0b0)
mem[X,0x00000000800013A4] -> 0x0513
mem[X,0x00000000800013A6] -> 0x4CC5
[1258] [M]: 0x00000000800013A4 (0x4CC50513) addi x10, x10, 0x4cc                    inst_221+20
x10 <- 0x000CCCCCCCCCCCCC

mem[X,0x00000000800013A8] -> 0x1513
mem[X,0x00000000800013AA] -> 0x00A5
[1259] [M]: 0x00000000800013A8 (0x00A51513) slli x10, x10, 0xa                      inst_221+24
x10 <- 0x3333333333333000

clint mtime 0x0000000000000276 (mip.MTI <- 0b1, mip.STI <- 0b0)
mem[X,0x00000000800013AC] -> 0x0513
mem[X,0x00000000800013AE] -> 0x3335
[1260] [M]: 0x00000000800013AC (0x33350513) addi x10, x10, 0x333                    inst_221+28
x10 <- 0x3333333333333333

mem[X,0x00000000800013B0] -> 0x2593
mem[X,0x00000000800013B2] -> 0x0035
[1261] [M]: 0x00000000800013B0 (0x00352593) slti x11, x10, 0x3                      inst_221+32
x11 <- 0x0000000000000000

clint mtime 0x0000000000000277 (mip.MTI <- 0b1, mip.STI <- 0b0)
mem[X,0x00000000800013B4] -> 0x3C23
mem[X,0x00000000800013B6] -> 0x62B1
[1262] [M]: 0x00000000800013B4 (0x62B13C23) sd x11, 0x638(x2)                       inst_221+36
mem[W,0x0000000080007800] <- 0x0000000000000000

mem[X,0x00000000800013B8] -> 0x3537
mem[X,0x00000000800013BA] -> 0x3333
[1263] [M]: 0x00000000800013B8 (0x33333537) lui x10, 0x33333                        inst_222+0
x10 <- 0x0000000033333000

clint mtime 0x0000000000000278 (mip.MTI <- 0b1, mip.STI <- 0b0)
mem[X,0x00000000800013BC] -> 0x0513
mem[X,0x00000000800013BE] -> 0x3335
[1264] [M]: 0x00000000800013BC (0x33350513) addi x10, x10, 0x333                    inst_222+4
x10 <- 0x0000000033333333

mem[X,0x00000000800013C0] -> 0x1513
mem[X,0x00000000800013C2] -> 0x00B5
[1265] [M]: 0x00000000800013C0 (0x00B51513) slli x10, x10, 0xb                      inst_222+8
x10 <- 0x0000019999999800

clint mtime 0x0000000000000279 (mip.MTI <- 0b1, mip.STI <- 0b0)
mem[X,0x00000000800013C4] -> 0x0513
mem[X,0x00000000800013C6] -> 0x1995
[1266] [M]: 0x00000000800013C4 (0x19950513) addi x10, x10, 0x199                    inst_222+12
x10 <- 0x0000019999999999

mem[X,0x00000000800013C8] -> 0x1513
mem[X,0x00000000800013CA] -> 0x00B5
[1267] [M]: 0x00000000800013C8 (0x00B51513) slli x10, x10, 0xb                      inst_222+16
x10 <- 0x000CCCCCCCCCC800

clint mtime 0x000000000000027A (mip.MTI <- 0b1, mip.STI <- 0b0)
mem[X,0x00000000800013CC] -> 0x0513
mem[X,0x00000000800013CE] -> 0x4CC5
[1268] [M]: 0x00000000800013CC (0x4CC50513) addi x10, x10, 0x4cc                    inst_222+20
x10 <- 0x000CCCCCCCCCCCCC

mem[X,0x00000000800013D0] -> 0x1513
mem[X,0x00000000800013D2] -> 0x00A5
[1269] [M]: 0x00000000800013D0 (0x00A51513) slli x10, x10, 0xa                      inst_222+24
x10 <- 0x3333333333333000

clint mtime 0x000000000000027B (mip.MTI <- 0b1, mip.STI <- 0b0)
mem[X,0x00000000800013D4] -> 0x0513
mem[X,0x00000000800013D6] -> 0x3335
[1270] [M]: 0x00000000800013D4 (0x33350513) addi x10, x10, 0x333                    inst_222+28
x10 <- 0x3333333333333333

mem[X,0x00000000800013D8] -> 0x2593
mem[X,0x00000000800013DA] -> 0x5555
[1271] [M]: 0x00000000800013D8 (0x55552593) slti x11, x10, 0x555                    inst_222+32
x11 <- 0x0000000000000000

clint mtime 0x000000000000027C (mip.MTI <- 0b1, mip.STI <- 0b0)
mem[X,0x00000000800013DC] -> 0x3023
mem[X,0x00000000800013DE] -> 0x64B1
[1272] [M]: 0x00000000800013DC (0x64B13023) sd x11, 0x640(x2)                       inst_222+36
mem[W,0x0000000080007808] <- 0x0000000000000000

mem[X,0x00000000800013E0] -> 0x3537
mem[X,0x00000000800013E2] -> 0x3333
[1273] [M]: 0x00000000800013E0 (0x33333537) lui x10, 0x33333                        inst_223+0
x10 <- 0x0000000033333000

clint mtime 0x000000000000027D (mip.MTI <- 0b1, mip.STI <- 0b0)
mem[X,0x00000000800013E4] -> 0x0513
mem[X,0x00000000800013E6] -> 0x3335
[1274] [M]: 0x00000000800013E4 (0x33350513) addi x10, x10, 0x333                    inst_223+4
x10 <- 0x0000000033333333

mem[X,0x00000000800013E8] -> 0x1513
mem[X,0x00000000800013EA] -> 0x00B5
[1275] [M]: 0x00000000800013E8 (0x00B51513) slli x10, x10, 0xb                      inst_223+8
x10 <- 0x0000019999999800

clint mtime 0x000000000000027E (mip.MTI <- 0b1, mip.STI <- 0b0)
mem[X,0x00000000800013EC] -> 0x0513
mem[X,0x00000000800013EE] -> 0x1995
[1276] [M]: 0x00000000800013EC (0x19950513) addi x10, x10, 0x199                    inst_223+12
x10 <- 0x0000019999999999

mem[X,0x00000000800013F0] -> 0x1513
mem[X,0x00000000800013F2] -> 0x00B5
[1277] [M]: 0x00000000800013F0 (0x00B51513) slli x10, x10, 0xb                      inst_223+16
x10 <- 0x000CCCCCCCCCC800

clint mtime 0x000000000000027F (mip.MTI <- 0b1, mip.STI <- 0b0)
mem[X,0x00000000800013F4] -> 0x0513
mem[X,0x00000000800013F6] -> 0x4CC5
[1278] [M]: 0x00000000800013F4 (0x4CC50513) addi x10, x10, 0x4cc                    inst_223+20
x10 <- 0x000CCCCCCCCCCCCC

mem[X,0x00000000800013F8] -> 0x1513
mem[X,0x00000000800013FA] -> 0x00A5
[1279] [M]: 0x00000000800013F8 (0x00A51513) slli x10, x10, 0xa                      inst_223+24
x10 <- 0x3333333333333000

clint mtime 0x0000000000000280 (mip.MTI <- 0b1, mip.STI <- 0b0)
mem[X,0x00000000800013FC] -> 0x0513
mem[X,0x00000000800013FE] -> 0x3335
[1280] [M]: 0x00000000800013FC (0x33350513) addi x10, x10, 0x333                    inst_223+28
x10 <- 0x3333333333333333

mem[X,0x0000000080001400] -> 0x2593
mem[X,0x0000000080001402] -> 0xAAA5
[1281] [M]: 0x0000000080001400 (0xAAA52593) slti x11, x10, -0x556                   inst_223+32
x11 <- 0x0000000000000000

clint mtime 0x0000000000000281 (mip.MTI <- 0b1, mip.STI <- 0b0)
mem[X,0x0000000080001404] -> 0x3423
mem[X,0x0000000080001406] -> 0x64B1
[1282] [M]: 0x0000000080001404 (0x64B13423) sd x11, 0x648(x2)                       inst_223+36
mem[W,0x0000000080007810] <- 0x0000000000000000

mem[X,0x0000000080001408] -> 0x3537
mem[X,0x000000008000140A] -> 0x3333
[1283] [M]: 0x0000000080001408 (0x33333537) lui x10, 0x33333                        inst_224+0
x10 <- 0x0000000033333000

clint mtime 0x0000000000000282 (mip.MTI <- 0b1, mip.STI <- 0b0)
mem[X,0x000000008000140C] -> 0x0513
mem[X,0x000000008000140E] -> 0x3335
[1284] [M]: 0x000000008000140C (0x33350513) addi x10, x10, 0x333                    inst_224+4
x10 <- 0x0000000033333333

mem[X,0x0000000080001410] -> 0x1513
mem[X,0x0000000080001412] -> 0x00B5
[1285] [M]: 0x0000000080001410 (0x00B51513) slli x10, x10, 0xb                      inst_224+8
x10 <- 0x0000019999999800

clint mtime 0x0000000000000283 (mip.MTI <- 0b1, mip.STI <- 0b0)
mem[X,0x0000000080001414] -> 0x0513
mem[X,0x0000000080001416] -> 0x1995
[1286] [M]: 0x0000000080001414 (0x19950513) addi x10, x10, 0x199                    inst_224+12
x10 <- 0x0000019999999999

mem[X,0x0000000080001418] -> 0x1513
mem[X,0x000000008000141A] -> 0x00B5
[1287] [M]: 0x0000000080001418 (0x00B51513) slli x10, x10, 0xb                      inst_224+16
x10 <- 0x000CCCCCCCCCC800

clint mtime 0x0000000000000284 (mip.MTI <- 0b1, mip.STI <- 0b0)
mem[X,0x000000008000141C] -> 0x0513
mem[X,0x000000008000141E] -> 0x4CC5
[1288] [M]: 0x000000008000141C (0x4CC50513) addi x10, x10, 0x4cc                    inst_224+20
x10 <- 0x000CCCCCCCCCCCCC

mem[X,0x0000000080001420] -> 0x1513
mem[X,0x0000000080001422] -> 0x00A5
[1289] [M]: 0x0000000080001420 (0x00A51513) slli x10, x10, 0xa                      inst_224+24
x10 <- 0x3333333333333000

clint mtime 0x0000000000000285 (mip.MTI <- 0b1, mip.STI <- 0b0)
mem[X,0x0000000080001424] -> 0x0513
mem[X,0x0000000080001426] -> 0x3335
[1290] [M]: 0x0000000080001424 (0x33350513) addi x10, x10, 0x333                    inst_224+28
x10 <- 0x3333333333333333

mem[X,0x0000000080001428] -> 0x2593
mem[X,0x000000008000142A] -> 0x0055
[1291] [M]: 0x0000000080001428 (0x00552593) slti x11, x10, 0x5                      inst_224+32
x11 <- 0x0000000000000000

clint mtime 0x0000000000000286 (mip.MTI <- 0b1, mip.STI <- 0b0)
mem[X,0x000000008000142C] -> 0x3823
mem[X,0x000000008000142E] -> 0x64B1
[1292] [M]: 0x000000008000142C (0x64B13823) sd x11, 0x650(x2)                       inst_224+36
mem[W,0x0000000080007818] <- 0x0000000000000000

mem[X,0x0000000080001430] -> 0x3537
mem[X,0x0000000080001432] -> 0x3333
[1293] [M]: 0x0000000080001430 (0x33333537) lui x10, 0x33333                        inst_225+0
x10 <- 0x0000000033333000

clint mtime 0x0000000000000287 (mip.MTI <- 0b1, mip.STI <- 0b0)
mem[X,0x0000000080001434] -> 0x0513
mem[X,0x0000000080001436] -> 0x3335
[1294] [M]: 0x0000000080001434 (0x33350513) addi x10, x10, 0x333                    inst_225+4
x10 <- 0x0000000033333333

mem[X,0x0000000080001438] -> 0x1513
mem[X,0x000000008000143A] -> 0x00B5
[1295] [M]: 0x0000000080001438 (0x00B51513) slli x10, x10, 0xb                      inst_225+8
x10 <- 0x0000019999999800

clint mtime 0x0000000000000288 (mip.MTI <- 0b1, mip.STI <- 0b0)
mem[X,0x000000008000143C] -> 0x0513
mem[X,0x000000008000143E] -> 0x1995
[1296] [M]: 0x000000008000143C (0x19950513) addi x10, x10, 0x199                    inst_225+12
x10 <- 0x0000019999999999

mem[X,0x0000000080001440] -> 0x1513
mem[X,0x0000000080001442] -> 0x00B5
[1297] [M]: 0x0000000080001440 (0x00B51513) slli x10, x10, 0xb                      inst_225+16
x10 <- 0x000CCCCCCCCCC800

clint mtime 0x0000000000000289 (mip.MTI <- 0b1, mip.STI <- 0b0)
mem[X,0x0000000080001444] -> 0x0513
mem[X,0x0000000080001446] -> 0x4CC5
[1298] [M]: 0x0000000080001444 (0x4CC50513) addi x10, x10, 0x4cc                    inst_225+20
x10 <- 0x000CCCCCCCCCCCCC

mem[X,0x0000000080001448] -> 0x1513
mem[X,0x000000008000144A] -> 0x00A5
[1299] [M]: 0x0000000080001448 (0x00A51513) slli x10, x10, 0xa                      inst_225+24
x10 <- 0x3333333333333000

clint mtime 0x000000000000028A (mip.MTI <- 0b1, mip.STI <- 0b0)
mem[X,0x000000008000144C] -> 0x0513
mem[X,0x000000008000144E] -> 0x3335
[1300] [M]: 0x000000008000144C (0x33350513) addi x10, x10, 0x333                    inst_225+28
x10 <- 0x3333333333333333

mem[X,0x0000000080001450] -> 0x2593
mem[X,0x0000000080001452] -> 0x3335
[1301] [M]: 0x0000000080001450 (0x33352593) slti x11, x10, 0x333                    inst_225+32
x11 <- 0x0000000000000000

clint mtime 0x000000000000028B (mip.MTI <- 0b1, mip.STI <- 0b0)
mem[X,0x0000000080001454] -> 0x3C23
mem[X,0x0000000080001456] -> 0x64B1
[1302] [M]: 0x0000000080001454 (0x64B13C23) sd x11, 0x658(x2)                       inst_225+36
mem[W,0x0000000080007820] <- 0x0000000000000000

mem[X,0x0000000080001458] -> 0x3537
mem[X,0x000000008000145A] -> 0x3333
[1303] [M]: 0x0000000080001458 (0x33333537) lui x10, 0x33333                        inst_226+0
x10 <- 0x0000000033333000

clint mtime 0x000000000000028C (mip.MTI <- 0b1, mip.STI <- 0b0)
mem[X,0x000000008000145C] -> 0x0513
mem[X,0x000000008000145E] -> 0x3335
[1304] [M]: 0x000000008000145C (0x33350513) addi x10, x10, 0x333                    inst_226+4
x10 <- 0x0000000033333333

mem[X,0x0000000080001460] -> 0x1513
mem[X,0x0000000080001462] -> 0x00B5
[1305] [M]: 0x0000000080001460 (0x00B51513) slli x10, x10, 0xb                      inst_226+8
x10 <- 0x0000019999999800

clint mtime 0x000000000000028D (mip.MTI <- 0b1, mip.STI <- 0b0)
mem[X,0x0000000080001464] -> 0x0513
mem[X,0x0000000080001466] -> 0x1995
[1306] [M]: 0x0000000080001464 (0x19950513) addi x10, x10, 0x199                    inst_226+12
x10 <- 0x0000019999999999

mem[X,0x0000000080001468] -> 0x1513
mem[X,0x000000008000146A] -> 0x00B5
[1307] [M]: 0x0000000080001468 (0x00B51513) slli x10, x10, 0xb                      inst_226+16
x10 <- 0x000CCCCCCCCCC800

clint mtime 0x000000000000028E (mip.MTI <- 0b1, mip.STI <- 0b0)
mem[X,0x000000008000146C] -> 0x0513
mem[X,0x000000008000146E] -> 0x4CC5
[1308] [M]: 0x000000008000146C (0x4CC50513) addi x10, x10, 0x4cc                    inst_226+20
x10 <- 0x000CCCCCCCCCCCCC

mem[X,0x0000000080001470] -> 0x1513
mem[X,0x0000000080001472] -> 0x00A5
[1309] [M]: 0x0000000080001470 (0x00A51513) slli x10, x10, 0xa                      inst_226+24
x10 <- 0x3333333333333000

clint mtime 0x000000000000028F (mip.MTI <- 0b1, mip.STI <- 0b0)
mem[X,0x0000000080001474] -> 0x0513
mem[X,0x0000000080001476] -> 0x3335
[1310] [M]: 0x0000000080001474 (0x33350513) addi x10, x10, 0x333                    inst_226+28
x10 <- 0x3333333333333333

mem[X,0x0000000080001478] -> 0x2593
mem[X,0x000000008000147A] -> 0x6665
[1311] [M]: 0x0000000080001478 (0x66652593) slti x11, x10, 0x666                    inst_226+32
x11 <- 0x0000000000000000

clint mtime 0x0000000000000290 (mip.MTI <- 0b1, mip.STI <- 0b0)
mem[X,0x000000008000147C] -> 0x3023
mem[X,0x000000008000147E] -> 0x66B1
[1312] [M]: 0x000000008000147C (0x66B13023) sd x11, 0x660(x2)                       inst_226+36
mem[W,0x0000000080007828] <- 0x0000000000000000

mem[X,0x0000000080001480] -> 0x3537
mem[X,0x0000000080001482] -> 0x3333
[1313] [M]: 0x0000000080001480 (0x33333537) lui x10, 0x33333                        inst_227+0
x10 <- 0x0000000033333000

clint mtime 0x0000000000000291 (mip.MTI <- 0b1, mip.STI <- 0b0)
mem[X,0x0000000080001484] -> 0x0513
mem[X,0x0000000080001486] -> 0x3335
[1314] [M]: 0x0000000080001484 (0x33350513) addi x10, x10, 0x333                    inst_227+4
x10 <- 0x0000000033333333

mem[X,0x0000000080001488] -> 0x1513
mem[X,0x000000008000148A] -> 0x00B5
[1315] [M]: 0x0000000080001488 (0x00B51513) slli x10, x10, 0xb                      inst_227+8
x10 <- 0x0000019999999800

clint mtime 0x0000000000000292 (mip.MTI <- 0b1, mip.STI <- 0b0)
mem[X,0x000000008000148C] -> 0x0513
mem[X,0x000000008000148E] -> 0x1995
[1316] [M]: 0x000000008000148C (0x19950513) addi x10, x10, 0x199                    inst_227+12
x10 <- 0x0000019999999999

mem[X,0x0000000080001490] -> 0x1513
mem[X,0x0000000080001492] -> 0x00B5
[1317] [M]: 0x0000000080001490 (0x00B51513) slli x10, x10, 0xb                      inst_227+16
x10 <- 0x000CCCCCCCCCC800

clint mtime 0x0000000000000293 (mip.MTI <- 0b1, mip.STI <- 0b0)
mem[X,0x0000000080001494] -> 0x0513
mem[X,0x0000000080001496] -> 0x4CC5
[1318] [M]: 0x0000000080001494 (0x4CC50513) addi x10, x10, 0x4cc                    inst_227+20
x10 <- 0x000CCCCCCCCCCCCC

mem[X,0x0000000080001498] -> 0x1513
mem[X,0x000000008000149A] -> 0x00A5
[1319] [M]: 0x0000000080001498 (0x00A51513) slli x10, x10, 0xa                      inst_227+24
x10 <- 0x3333333333333000

clint mtime 0x0000000000000294 (mip.MTI <- 0b1, mip.STI <- 0b0)
mem[X,0x000000008000149C] -> 0x0513
mem[X,0x000000008000149E] -> 0x3335
[1320] [M]: 0x000000008000149C (0x33350513) addi x10, x10, 0x333                    inst_227+28
x10 <- 0x3333333333333333

mem[X,0x00000000800014A0] -> 0x2593
mem[X,0x00000000800014A2] -> 0xFD35
[1321] [M]: 0x00000000800014A0 (0xFD352593) slti x11, x10, -0x2d                    inst_227+32
x11 <- 0x0000000000000000

clint mtime 0x0000000000000295 (mip.MTI <- 0b1, mip.STI <- 0b0)
mem[X,0x00000000800014A4] -> 0x3423
mem[X,0x00000000800014A6] -> 0x66B1
[1322] [M]: 0x00000000800014A4 (0x66B13423) sd x11, 0x668(x2)                       inst_227+36
mem[W,0x0000000080007830] <- 0x0000000000000000

mem[X,0x00000000800014A8] -> 0x3537
mem[X,0x00000000800014AA] -> 0x3333
[1323] [M]: 0x00000000800014A8 (0x33333537) lui x10, 0x33333                        inst_228+0
x10 <- 0x0000000033333000

clint mtime 0x0000000000000296 (mip.MTI <- 0b1, mip.STI <- 0b0)
mem[X,0x00000000800014AC] -> 0x0513
mem[X,0x00000000800014AE] -> 0x3335
[1324] [M]: 0x00000000800014AC (0x33350513) addi x10, x10, 0x333                    inst_228+4
x10 <- 0x0000000033333333

mem[X,0x00000000800014B0] -> 0x1513
mem[X,0x00000000800014B2] -> 0x00B5
[1325] [M]: 0x00000000800014B0 (0x00B51513) slli x10, x10, 0xb                      inst_228+8
x10 <- 0x0000019999999800

clint mtime 0x0000000000000297 (mip.MTI <- 0b1, mip.STI <- 0b0)
mem[X,0x00000000800014B4] -> 0x0513
mem[X,0x00000000800014B6] -> 0x1995
[1326] [M]: 0x00000000800014B4 (0x19950513) addi x10, x10, 0x199                    inst_228+12
x10 <- 0x0000019999999999

mem[X,0x00000000800014B8] -> 0x1513
mem[X,0x00000000800014BA] -> 0x00B5
[1327] [M]: 0x00000000800014B8 (0x00B51513) slli x10, x10, 0xb                      inst_228+16
x10 <- 0x000CCCCCCCCCC800

clint mtime 0x0000000000000298 (mip.MTI <- 0b1, mip.STI <- 0b0)
mem[X,0x00000000800014BC] -> 0x0513
mem[X,0x00000000800014BE] -> 0x4CC5
[1328] [M]: 0x00000000800014BC (0x4CC50513) addi x10, x10, 0x4cc                    inst_228+20
x10 <- 0x000CCCCCCCCCCCCC

mem[X,0x00000000800014C0] -> 0x1513
mem[X,0x00000000800014C2] -> 0x00A5
[1329] [M]: 0x00000000800014C0 (0x00A51513) slli x10, x10, 0xa                      inst_228+24
x10 <- 0x3333333333333000

clint mtime 0x0000000000000299 (mip.MTI <- 0b1, mip.STI <- 0b0)
mem[X,0x00000000800014C4] -> 0x0513
mem[X,0x00000000800014C6] -> 0x3335
[1330] [M]: 0x00000000800014C4 (0x33350513) addi x10, x10, 0x333                    inst_228+28
x10 <- 0x3333333333333333

mem[X,0x00000000800014C8] -> 0x2593
mem[X,0x00000000800014CA] -> 0x02D5
[1331] [M]: 0x00000000800014C8 (0x02D52593) slti x11, x10, 0x2d                     inst_228+32
x11 <- 0x0000000000000000

clint mtime 0x000000000000029A (mip.MTI <- 0b1, mip.STI <- 0b0)
mem[X,0x00000000800014CC] -> 0x3823
mem[X,0x00000000800014CE] -> 0x66B1
[1332] [M]: 0x00000000800014CC (0x66B13823) sd x11, 0x670(x2)                       inst_228+36
mem[W,0x0000000080007838] <- 0x0000000000000000

mem[X,0x00000000800014D0] -> 0x3537
mem[X,0x00000000800014D2] -> 0x3333
[1333] [M]: 0x00000000800014D0 (0x33333537) lui x10, 0x33333                        inst_229+0
x10 <- 0x0000000033333000

clint mtime 0x000000000000029B (mip.MTI <- 0b1, mip.STI <- 0b0)
mem[X,0x00000000800014D4] -> 0x0513
mem[X,0x00000000800014D6] -> 0x3335
[1334] [M]: 0x00000000800014D4 (0x33350513) addi x10, x10, 0x333                    inst_229+4
x10 <- 0x0000000033333333

mem[X,0x00000000800014D8] -> 0x1513
mem[X,0x00000000800014DA] -> 0x00B5
[1335] [M]: 0x00000000800014D8 (0x00B51513) slli x10, x10, 0xb                      inst_229+8
x10 <- 0x0000019999999800

clint mtime 0x000000000000029C (mip.MTI <- 0b1, mip.STI <- 0b0)
mem[X,0x00000000800014DC] -> 0x0513
mem[X,0x00000000800014DE] -> 0x1995
[1336] [M]: 0x00000000800014DC (0x19950513) addi x10, x10, 0x199                    inst_229+12
x10 <- 0x0000019999999999

mem[X,0x00000000800014E0] -> 0x1513
mem[X,0x00000000800014E2] -> 0x00B5
[1337] [M]: 0x00000000800014E0 (0x00B51513) slli x10, x10, 0xb                      inst_229+16
x10 <- 0x000CCCCCCCCCC800

clint mtime 0x000000000000029D (mip.MTI <- 0b1, mip.STI <- 0b0)
mem[X,0x00000000800014E4] -> 0x0513
mem[X,0x00000000800014E6] -> 0x4CC5
[1338] [M]: 0x00000000800014E4 (0x4CC50513) addi x10, x10, 0x4cc                    inst_229+20
x10 <- 0x000CCCCCCCCCCCCC

mem[X,0x00000000800014E8] -> 0x1513
mem[X,0x00000000800014EA] -> 0x00A5
[1339] [M]: 0x00000000800014E8 (0x00A51513) slli x10, x10, 0xa                      inst_229+24
x10 <- 0x3333333333333000

clint mtime 0x000000000000029E (mip.MTI <- 0b1, mip.STI <- 0b0)
mem[X,0x00000000800014EC] -> 0x0513
mem[X,0x00000000800014EE] -> 0x3335
[1340] [M]: 0x00000000800014EC (0x33350513) addi x10, x10, 0x333                    inst_229+28
x10 <- 0x3333333333333333

mem[X,0x00000000800014F0] -> 0x2593
mem[X,0x00000000800014F2] -> 0x0025
[1341] [M]: 0x00000000800014F0 (0x00252593) slti x11, x10, 0x2                      inst_229+32
x11 <- 0x0000000000000000

clint mtime 0x000000000000029F (mip.MTI <- 0b1, mip.STI <- 0b0)
mem[X,0x00000000800014F4] -> 0x3C23
mem[X,0x00000000800014F6] -> 0x66B1
[1342] [M]: 0x00000000800014F4 (0x66B13C23) sd x11, 0x678(x2)                       inst_229+36
mem[W,0x0000000080007840] <- 0x0000000000000000

mem[X,0x00000000800014F8] -> 0x3537
mem[X,0x00000000800014FA] -> 0x3333
[1343] [M]: 0x00000000800014F8 (0x33333537) lui x10, 0x33333                        inst_230+0
x10 <- 0x0000000033333000

clint mtime 0x00000000000002A0 (mip.MTI <- 0b1, mip.STI <- 0b0)
mem[X,0x00000000800014FC] -> 0x0513
mem[X,0x00000000800014FE] -> 0x3335
[1344] [M]: 0x00000000800014FC (0x33350513) addi x10, x10, 0x333                    inst_230+4
x10 <- 0x0000000033333333

mem[X,0x0000000080001500] -> 0x1513
mem[X,0x0000000080001502] -> 0x00B5
[1345] [M]: 0x0000000080001500 (0x00B51513) slli x10, x10, 0xb                      inst_230+8
x10 <- 0x0000019999999800

clint mtime 0x00000000000002A1 (mip.MTI <- 0b1, mip.STI <- 0b0)
mem[X,0x0000000080001504] -> 0x0513
mem[X,0x0000000080001506] -> 0x1995
[1346] [M]: 0x0000000080001504 (0x19950513) addi x10, x10, 0x199                    inst_230+12
x10 <- 0x0000019999999999

mem[X,0x0000000080001508] -> 0x1513
mem[X,0x000000008000150A] -> 0x00B5
[1347] [M]: 0x0000000080001508 (0x00B51513) slli x10, x10, 0xb                      inst_230+16
x10 <- 0x000CCCCCCCCCC800

clint mtime 0x00000000000002A2 (mip.MTI <- 0b1, mip.STI <- 0b0)
mem[X,0x000000008000150C] -> 0x0513
mem[X,0x000000008000150E] -> 0x4CC5
[1348] [M]: 0x000000008000150C (0x4CC50513) addi x10, x10, 0x4cc                    inst_230+20
x10 <- 0x000CCCCCCCCCCCCC

mem[X,0x0000000080001510] -> 0x1513
mem[X,0x0000000080001512] -> 0x00A5
[1349] [M]: 0x0000000080001510 (0x00A51513) slli x10, x10, 0xa                      inst_230+24
x10 <- 0x3333333333333000

clint mtime 0x00000000000002A3 (mip.MTI <- 0b1, mip.STI <- 0b0)
mem[X,0x0000000080001514] -> 0x0513
mem[X,0x0000000080001516] -> 0x3335
[1350] [M]: 0x0000000080001514 (0x33350513) addi x10, x10, 0x333                    inst_230+28
x10 <- 0x3333333333333333

mem[X,0x0000000080001518] -> 0x2593
mem[X,0x000000008000151A] -> 0x5545
[1351] [M]: 0x0000000080001518 (0x55452593) slti x11, x10, 0x554                    inst_230+32
x11 <- 0x0000000000000000

clint mtime 0x00000000000002A4 (mip.MTI <- 0b1, mip.STI <- 0b0)
mem[X,0x000000008000151C] -> 0x3023
mem[X,0x000000008000151E] -> 0x68B1
[1352] [M]: 0x000000008000151C (0x68B13023) sd x11, 0x680(x2)                       inst_230+36
mem[W,0x0000000080007848] <- 0x0000000000000000

mem[X,0x0000000080001520] -> 0x3537
mem[X,0x0000000080001522] -> 0x3333
[1353] [M]: 0x0000000080001520 (0x33333537) lui x10, 0x33333                        inst_231+0
x10 <- 0x0000000033333000

clint mtime 0x00000000000002A5 (mip.MTI <- 0b1, mip.STI <- 0b0)
mem[X,0x0000000080001524] -> 0x0513
mem[X,0x0000000080001526] -> 0x3335
[1354] [M]: 0x0000000080001524 (0x33350513) addi x10, x10, 0x333                    inst_231+4
x10 <- 0x0000000033333333

mem[X,0x0000000080001528] -> 0x1513
mem[X,0x000000008000152A] -> 0x00B5
[1355] [M]: 0x0000000080001528 (0x00B51513) slli x10, x10, 0xb                      inst_231+8
x10 <- 0x0000019999999800

clint mtime 0x00000000000002A6 (mip.MTI <- 0b1, mip.STI <- 0b0)
mem[X,0x000000008000152C] -> 0x0513
mem[X,0x000000008000152E] -> 0x1995
[1356] [M]: 0x000000008000152C (0x19950513) addi x10, x10, 0x199                    inst_231+12
x10 <- 0x0000019999999999

mem[X,0x0000000080001530] -> 0x1513
mem[X,0x0000000080001532] -> 0x00B5
[1357] [M]: 0x0000000080001530 (0x00B51513) slli x10, x10, 0xb                      inst_231+16
x10 <- 0x000CCCCCCCCCC800

clint mtime 0x00000000000002A7 (mip.MTI <- 0b1, mip.STI <- 0b0)
mem[X,0x0000000080001534] -> 0x0513
mem[X,0x0000000080001536] -> 0x4CC5
[1358] [M]: 0x0000000080001534 (0x4CC50513) addi x10, x10, 0x4cc                    inst_231+20
x10 <- 0x000CCCCCCCCCCCCC

mem[X,0x0000000080001538] -> 0x1513
mem[X,0x000000008000153A] -> 0x00A5
[1359] [M]: 0x0000000080001538 (0x00A51513) slli x10, x10, 0xa                      inst_231+24
x10 <- 0x3333333333333000

clint mtime 0x00000000000002A8 (mip.MTI <- 0b1, mip.STI <- 0b0)
mem[X,0x000000008000153C] -> 0x0513
mem[X,0x000000008000153E] -> 0x3335
[1360] [M]: 0x000000008000153C (0x33350513) addi x10, x10, 0x333                    inst_231+28
x10 <- 0x3333333333333333

mem[X,0x0000000080001540] -> 0x2593
mem[X,0x0000000080001542] -> 0x0005
[1361] [M]: 0x0000000080001540 (0x00052593) slti x11, x10, 0x0                      inst_231+32
x11 <- 0x0000000000000000

clint mtime 0x00000000000002A9 (mip.MTI <- 0b1, mip.STI <- 0b0)
mem[X,0x0000000080001544] -> 0x3423
mem[X,0x0000000080001546] -> 0x68B1
[1362] [M]: 0x0000000080001544 (0x68B13423) sd x11, 0x688(x2)                       inst_231+36
mem[W,0x0000000080007850] <- 0x0000000000000000

mem[X,0x0000000080001548] -> 0x3537
mem[X,0x000000008000154A] -> 0x3333
[1363] [M]: 0x0000000080001548 (0x33333537) lui x10, 0x33333                        inst_232+0
x10 <- 0x0000000033333000

clint mtime 0x00000000000002AA (mip.MTI <- 0b1, mip.STI <- 0b0)
mem[X,0x000000008000154C] -> 0x0513
mem[X,0x000000008000154E] -> 0x3335
[1364] [M]: 0x000000008000154C (0x33350513) addi x10, x10, 0x333                    inst_232+4
x10 <- 0x0000000033333333

mem[X,0x0000000080001550] -> 0x1513
mem[X,0x0000000080001552] -> 0x00B5
[1365] [M]: 0x0000000080001550 (0x00B51513) slli x10, x10, 0xb                      inst_232+8
x10 <- 0x0000019999999800

clint mtime 0x00000000000002AB (mip.MTI <- 0b1, mip.STI <- 0b0)
mem[X,0x0000000080001554] -> 0x0513
mem[X,0x0000000080001556] -> 0x1995
[1366] [M]: 0x0000000080001554 (0x19950513) addi x10, x10, 0x199                    inst_232+12
x10 <- 0x0000019999999999

mem[X,0x0000000080001558] -> 0x1513
mem[X,0x000000008000155A] -> 0x00B5
[1367] [M]: 0x0000000080001558 (0x00B51513) slli x10, x10, 0xb                      inst_232+16
x10 <- 0x000CCCCCCCCCC800

clint mtime 0x00000000000002AC (mip.MTI <- 0b1, mip.STI <- 0b0)
mem[X,0x000000008000155C] -> 0x0513
mem[X,0x000000008000155E] -> 0x4CC5
[1368] [M]: 0x000000008000155C (0x4CC50513) addi x10, x10, 0x4cc                    inst_232+20
x10 <- 0x000CCCCCCCCCCCCC

mem[X,0x0000000080001560] -> 0x1513
mem[X,0x0000000080001562] -> 0x00A5
[1369] [M]: 0x0000000080001560 (0x00A51513) slli x10, x10, 0xa                      inst_232+24
x10 <- 0x3333333333333000

clint mtime 0x00000000000002AD (mip.MTI <- 0b1, mip.STI <- 0b0)
mem[X,0x0000000080001564] -> 0x0513
mem[X,0x0000000080001566] -> 0x3335
[1370] [M]: 0x0000000080001564 (0x33350513) addi x10, x10, 0x333                    inst_232+28
x10 <- 0x3333333333333333

mem[X,0x0000000080001568] -> 0x2593
mem[X,0x000000008000156A] -> 0x0045
[1371] [M]: 0x0000000080001568 (0x00452593) slti x11, x10, 0x4                      inst_232+32
x11 <- 0x0000000000000000

clint mtime 0x00000000000002AE (mip.MTI <- 0b1, mip.STI <- 0b0)
mem[X,0x000000008000156C] -> 0x3823
mem[X,0x000000008000156E] -> 0x68B1
[1372] [M]: 0x000000008000156C (0x68B13823) sd x11, 0x690(x2)                       inst_232+36
mem[W,0x0000000080007858] <- 0x0000000000000000

mem[X,0x0000000080001570] -> 0x3537
mem[X,0x0000000080001572] -> 0x3333
[1373] [M]: 0x0000000080001570 (0x33333537) lui x10, 0x33333                        inst_233+0
x10 <- 0x0000000033333000

clint mtime 0x00000000000002AF (mip.MTI <- 0b1, mip.STI <- 0b0)
mem[X,0x0000000080001574] -> 0x0513
mem[X,0x0000000080001576] -> 0x3335
[1374] [M]: 0x0000000080001574 (0x33350513) addi x10, x10, 0x333                    inst_233+4
x10 <- 0x0000000033333333

mem[X,0x0000000080001578] -> 0x1513
mem[X,0x000000008000157A] -> 0x00B5
[1375] [M]: 0x0000000080001578 (0x00B51513) slli x10, x10, 0xb                      inst_233+8
x10 <- 0x0000019999999800

clint mtime 0x00000000000002B0 (mip.MTI <- 0b1, mip.STI <- 0b0)
mem[X,0x000000008000157C] -> 0x0513
mem[X,0x000000008000157E] -> 0x1995
[1376] [M]: 0x000000008000157C (0x19950513) addi x10, x10, 0x199                    inst_233+12
x10 <- 0x0000019999999999

mem[X,0x0000000080001580] -> 0x1513
mem[X,0x0000000080001582] -> 0x00B5
[1377] [M]: 0x0000000080001580 (0x00B51513) slli x10, x10, 0xb                      inst_233+16
x10 <- 0x000CCCCCCCCCC800

clint mtime 0x00000000000002B1 (mip.MTI <- 0b1, mip.STI <- 0b0)
mem[X,0x0000000080001584] -> 0x0513
mem[X,0x0000000080001586] -> 0x4CC5
[1378] [M]: 0x0000000080001584 (0x4CC50513) addi x10, x10, 0x4cc                    inst_233+20
x10 <- 0x000CCCCCCCCCCCCC

mem[X,0x0000000080001588] -> 0x1513
mem[X,0x000000008000158A] -> 0x00A5
[1379] [M]: 0x0000000080001588 (0x00A51513) slli x10, x10, 0xa                      inst_233+24
x10 <- 0x3333333333333000

clint mtime 0x00000000000002B2 (mip.MTI <- 0b1, mip.STI <- 0b0)
mem[X,0x000000008000158C] -> 0x0513
mem[X,0x000000008000158E] -> 0x3335
[1380] [M]: 0x000000008000158C (0x33350513) addi x10, x10, 0x333                    inst_233+28
x10 <- 0x3333333333333333

mem[X,0x0000000080001590] -> 0x2593
mem[X,0x0000000080001592] -> 0x3325
[1381] [M]: 0x0000000080001590 (0x33252593) slti x11, x10, 0x332                    inst_233+32
x11 <- 0x0000000000000000

clint mtime 0x00000000000002B3 (mip.MTI <- 0b1, mip.STI <- 0b0)
mem[X,0x0000000080001594] -> 0x3C23
mem[X,0x0000000080001596] -> 0x68B1
[1382] [M]: 0x0000000080001594 (0x68B13C23) sd x11, 0x698(x2)                       inst_233+36
mem[W,0x0000000080007860] <- 0x0000000000000000

mem[X,0x0000000080001598] -> 0x3537
mem[X,0x000000008000159A] -> 0x3333
[1383] [M]: 0x0000000080001598 (0x33333537) lui x10, 0x33333                        inst_234+0
x10 <- 0x0000000033333000

clint mtime 0x00000000000002B4 (mip.MTI <- 0b1, mip.STI <- 0b0)
mem[X,0x000000008000159C] -> 0x0513
mem[X,0x000000008000159E] -> 0x3335
[1384] [M]: 0x000000008000159C (0x33350513) addi x10, x10, 0x333                    inst_234+4
x10 <- 0x0000000033333333

mem[X,0x00000000800015A0] -> 0x1513
mem[X,0x00000000800015A2] -> 0x00B5
[1385] [M]: 0x00000000800015A0 (0x00B51513) slli x10, x10, 0xb                      inst_234+8
x10 <- 0x0000019999999800

clint mtime 0x00000000000002B5 (mip.MTI <- 0b1, mip.STI <- 0b0)
mem[X,0x00000000800015A4] -> 0x0513
mem[X,0x00000000800015A6] -> 0x1995
[1386] [M]: 0x00000000800015A4 (0x19950513) addi x10, x10, 0x199                    inst_234+12
x10 <- 0x0000019999999999

mem[X,0x00000000800015A8] -> 0x1513
mem[X,0x00000000800015AA] -> 0x00B5
[1387] [M]: 0x00000000800015A8 (0x00B51513) slli x10, x10, 0xb                      inst_234+16
x10 <- 0x000CCCCCCCCCC800

clint mtime 0x00000000000002B6 (mip.MTI <- 0b1, mip.STI <- 0b0)
mem[X,0x00000000800015AC] -> 0x0513
mem[X,0x00000000800015AE] -> 0x4CC5
[1388] [M]: 0x00000000800015AC (0x4CC50513) addi x10, x10, 0x4cc                    inst_234+20
x10 <- 0x000CCCCCCCCCCCCC

mem[X,0x00000000800015B0] -> 0x1513
mem[X,0x00000000800015B2] -> 0x00A5
[1389] [M]: 0x00000000800015B0 (0x00A51513) slli x10, x10, 0xa                      inst_234+24
x10 <- 0x3333333333333000

clint mtime 0x00000000000002B7 (mip.MTI <- 0b1, mip.STI <- 0b0)
mem[X,0x00000000800015B4] -> 0x0513
mem[X,0x00000000800015B6] -> 0x3335
[1390] [M]: 0x00000000800015B4 (0x33350513) addi x10, x10, 0x333                    inst_234+28
x10 <- 0x3333333333333333

mem[X,0x00000000800015B8] -> 0x2593
mem[X,0x00000000800015BA] -> 0x6655
[1391] [M]: 0x00000000800015B8 (0x66552593) slti x11, x10, 0x665                    inst_234+32
x11 <- 0x0000000000000000

clint mtime 0x00000000000002B8 (mip.MTI <- 0b1, mip.STI <- 0b0)
mem[X,0x00000000800015BC] -> 0x3023
mem[X,0x00000000800015BE] -> 0x6AB1
[1392] [M]: 0x00000000800015BC (0x6AB13023) sd x11, 0x6a0(x2)                       inst_234+36
mem[W,0x0000000080007868] <- 0x0000000000000000

mem[X,0x00000000800015C0] -> 0x3537
mem[X,0x00000000800015C2] -> 0x3333
[1393] [M]: 0x00000000800015C0 (0x33333537) lui x10, 0x33333                        inst_235+0
x10 <- 0x0000000033333000

clint mtime 0x00000000000002B9 (mip.MTI <- 0b1, mip.STI <- 0b0)
mem[X,0x00000000800015C4] -> 0x0513
mem[X,0x00000000800015C6] -> 0x3335
[1394] [M]: 0x00000000800015C4 (0x33350513) addi x10, x10, 0x333                    inst_235+4
x10 <- 0x0000000033333333

mem[X,0x00000000800015C8] -> 0x1513
mem[X,0x00000000800015CA] -> 0x00B5
[1395] [M]: 0x00000000800015C8 (0x00B51513) slli x10, x10, 0xb                      inst_235+8
x10 <- 0x0000019999999800

clint mtime 0x00000000000002BA (mip.MTI <- 0b1, mip.STI <- 0b0)
mem[X,0x00000000800015CC] -> 0x0513
mem[X,0x00000000800015CE] -> 0x1995
[1396] [M]: 0x00000000800015CC (0x19950513) addi x10, x10, 0x199                    inst_235+12
x10 <- 0x0000019999999999

mem[X,0x00000000800015D0] -> 0x1513
mem[X,0x00000000800015D2] -> 0x00B5
[1397] [M]: 0x00000000800015D0 (0x00B51513) slli x10, x10, 0xb                      inst_235+16
x10 <- 0x000CCCCCCCCCC800

clint mtime 0x00000000000002BB (mip.MTI <- 0b1, mip.STI <- 0b0)
mem[X,0x00000000800015D4] -> 0x0513
mem[X,0x00000000800015D6] -> 0x4CC5
[1398] [M]: 0x00000000800015D4 (0x4CC50513) addi x10, x10, 0x4cc                    inst_235+20
x10 <- 0x000CCCCCCCCCCCCC

mem[X,0x00000000800015D8] -> 0x1513
mem[X,0x00000000800015DA] -> 0x00A5
[1399] [M]: 0x00000000800015D8 (0x00A51513) slli x10, x10, 0xa                      inst_235+24
x10 <- 0x3333333333333000

clint mtime 0x00000000000002BC (mip.MTI <- 0b1, mip.STI <- 0b0)
mem[X,0x00000000800015DC] -> 0x0513
mem[X,0x00000000800015DE] -> 0x3335
[1400] [M]: 0x00000000800015DC (0x33350513) addi x10, x10, 0x333                    inst_235+28
x10 <- 0x3333333333333333

mem[X,0x00000000800015E0] -> 0x2593
mem[X,0x00000000800015E2] -> 0x02C5
[1401] [M]: 0x00000000800015E0 (0x02C52593) slti x11, x10, 0x2c                     inst_235+32
x11 <- 0x0000000000000000

clint mtime 0x00000000000002BD (mip.MTI <- 0b1, mip.STI <- 0b0)
mem[X,0x00000000800015E4] -> 0x3423
mem[X,0x00000000800015E6] -> 0x6AB1
[1402] [M]: 0x00000000800015E4 (0x6AB13423) sd x11, 0x6a8(x2)                       inst_235+36
mem[W,0x0000000080007870] <- 0x0000000000000000

mem[X,0x00000000800015E8] -> 0x3537
mem[X,0x00000000800015EA] -> 0x3333
[1403] [M]: 0x00000000800015E8 (0x33333537) lui x10, 0x33333                        inst_236+0
x10 <- 0x0000000033333000

clint mtime 0x00000000000002BE (mip.MTI <- 0b1, mip.STI <- 0b0)
mem[X,0x00000000800015EC] -> 0x0513
mem[X,0x00000000800015EE] -> 0x3335
[1404] [M]: 0x00000000800015EC (0x33350513) addi x10, x10, 0x333                    inst_236+4
x10 <- 0x0000000033333333

mem[X,0x00000000800015F0] -> 0x1513
mem[X,0x00000000800015F2] -> 0x00B5
[1405] [M]: 0x00000000800015F0 (0x00B51513) slli x10, x10, 0xb                      inst_236+8
x10 <- 0x0000019999999800

clint mtime 0x00000000000002BF (mip.MTI <- 0b1, mip.STI <- 0b0)
mem[X,0x00000000800015F4] -> 0x0513
mem[X,0x00000000800015F6] -> 0x1995
[1406] [M]: 0x00000000800015F4 (0x19950513) addi x10, x10, 0x199                    inst_236+12
x10 <- 0x0000019999999999

mem[X,0x00000000800015F8] -> 0x1513
mem[X,0x00000000800015FA] -> 0x00B5
[1407] [M]: 0x00000000800015F8 (0x00B51513) slli x10, x10, 0xb                      inst_236+16
x10 <- 0x000CCCCCCCCCC800

clint mtime 0x00000000000002C0 (mip.MTI <- 0b1, mip.STI <- 0b0)
mem[X,0x00000000800015FC] -> 0x0513
mem[X,0x00000000800015FE] -> 0x4CC5
[1408] [M]: 0x00000000800015FC (0x4CC50513) addi x10, x10, 0x4cc                    inst_236+20
x10 <- 0x000CCCCCCCCCCCCC

mem[X,0x0000000080001600] -> 0x1513
mem[X,0x0000000080001602] -> 0x00A5
[1409] [M]: 0x0000000080001600 (0x00A51513) slli x10, x10, 0xa                      inst_236+24
x10 <- 0x3333333333333000

clint mtime 0x00000000000002C1 (mip.MTI <- 0b1, mip.STI <- 0b0)
mem[X,0x0000000080001604] -> 0x0513
mem[X,0x0000000080001606] -> 0x3335
[1410] [M]: 0x0000000080001604 (0x33350513) addi x10, x10, 0x333                    inst_236+28
x10 <- 0x3333333333333333

mem[X,0x0000000080001608] -> 0x2593
mem[X,0x000000008000160A] -> 0x5565
[1411] [M]: 0x0000000080001608 (0x55652593) slti x11, x10, 0x556                    inst_236+32
x11 <- 0x0000000000000000

clint mtime 0x00000000000002C2 (mip.MTI <- 0b1, mip.STI <- 0b0)
mem[X,0x000000008000160C] -> 0x3823
mem[X,0x000000008000160E] -> 0x6AB1
[1412] [M]: 0x000000008000160C (0x6AB13823) sd x11, 0x6b0(x2)                       inst_236+36
mem[W,0x0000000080007878] <- 0x0000000000000000

mem[X,0x0000000080001610] -> 0x3537
mem[X,0x0000000080001612] -> 0x3333
[1413] [M]: 0x0000000080001610 (0x33333537) lui x10, 0x33333                        inst_237+0
x10 <- 0x0000000033333000

clint mtime 0x00000000000002C3 (mip.MTI <- 0b1, mip.STI <- 0b0)
mem[X,0x0000000080001614] -> 0x0513
mem[X,0x0000000080001616] -> 0x3335
[1414] [M]: 0x0000000080001614 (0x33350513) addi x10, x10, 0x333                    inst_237+4
x10 <- 0x0000000033333333

mem[X,0x0000000080001618] -> 0x1513
mem[X,0x000000008000161A] -> 0x00B5
[1415] [M]: 0x0000000080001618 (0x00B51513) slli x10, x10, 0xb                      inst_237+8
x10 <- 0x0000019999999800

clint mtime 0x00000000000002C4 (mip.MTI <- 0b1, mip.STI <- 0b0)
mem[X,0x000000008000161C] -> 0x0513
mem[X,0x000000008000161E] -> 0x1995
[1416] [M]: 0x000000008000161C (0x19950513) addi x10, x10, 0x199                    inst_237+12
x10 <- 0x0000019999999999

mem[X,0x0000000080001620] -> 0x1513
mem[X,0x0000000080001622] -> 0x00B5
[1417] [M]: 0x0000000080001620 (0x00B51513) slli x10, x10, 0xb                      inst_237+16
x10 <- 0x000CCCCCCCCCC800

clint mtime 0x00000000000002C5 (mip.MTI <- 0b1, mip.STI <- 0b0)
mem[X,0x0000000080001624] -> 0x0513
mem[X,0x0000000080001626] -> 0x4CC5
[1418] [M]: 0x0000000080001624 (0x4CC50513) addi x10, x10, 0x4cc                    inst_237+20
x10 <- 0x000CCCCCCCCCCCCC

mem[X,0x0000000080001628] -> 0x1513
mem[X,0x000000008000162A] -> 0x00A5
[1419] [M]: 0x0000000080001628 (0x00A51513) slli x10, x10, 0xa                      inst_237+24
x10 <- 0x3333333333333000

clint mtime 0x00000000000002C6 (mip.MTI <- 0b1, mip.STI <- 0b0)
mem[X,0x000000008000162C] -> 0x0513
mem[X,0x000000008000162E] -> 0x3335
[1420] [M]: 0x000000008000162C (0x33350513) addi x10, x10, 0x333                    inst_237+28
x10 <- 0x3333333333333333

mem[X,0x0000000080001630] -> 0x2593
mem[X,0x0000000080001632] -> 0xAAB5
[1421] [M]: 0x0000000080001630 (0xAAB52593) slti x11, x10, -0x555                   inst_237+32
x11 <- 0x0000000000000000

clint mtime 0x00000000000002C7 (mip.MTI <- 0b1, mip.STI <- 0b0)
mem[X,0x0000000080001634] -> 0x3C23
mem[X,0x0000000080001636] -> 0x6AB1
[1422] [M]: 0x0000000080001634 (0x6AB13C23) sd x11, 0x6b8(x2)                       inst_237+36
mem[W,0x0000000080007880] <- 0x0000000000000000

mem[X,0x0000000080001638] -> 0x3537
mem[X,0x000000008000163A] -> 0x3333
[1423] [M]: 0x0000000080001638 (0x33333537) lui x10, 0x33333                        inst_238+0
x10 <- 0x0000000033333000

clint mtime 0x00000000000002C8 (mip.MTI <- 0b1, mip.STI <- 0b0)
mem[X,0x000000008000163C] -> 0x0513
mem[X,0x000000008000163E] -> 0x3335
[1424] [M]: 0x000000008000163C (0x33350513) addi x10, x10, 0x333                    inst_238+4
x10 <- 0x0000000033333333

mem[X,0x0000000080001640] -> 0x1513
mem[X,0x0000000080001642] -> 0x00B5
[1425] [M]: 0x0000000080001640 (0x00B51513) slli x10, x10, 0xb                      inst_238+8
x10 <- 0x0000019999999800

clint mtime 0x00000000000002C9 (mip.MTI <- 0b1, mip.STI <- 0b0)
mem[X,0x0000000080001644] -> 0x0513
mem[X,0x0000000080001646] -> 0x1995
[1426] [M]: 0x0000000080001644 (0x19950513) addi x10, x10, 0x199                    inst_238+12
x10 <- 0x0000019999999999

mem[X,0x0000000080001648] -> 0x1513
mem[X,0x000000008000164A] -> 0x00B5
[1427] [M]: 0x0000000080001648 (0x00B51513) slli x10, x10, 0xb                      inst_238+16
x10 <- 0x000CCCCCCCCCC800

clint mtime 0x00000000000002CA (mip.MTI <- 0b1, mip.STI <- 0b0)
mem[X,0x000000008000164C] -> 0x0513
mem[X,0x000000008000164E] -> 0x4CC5
[1428] [M]: 0x000000008000164C (0x4CC50513) addi x10, x10, 0x4cc                    inst_238+20
x10 <- 0x000CCCCCCCCCCCCC

mem[X,0x0000000080001650] -> 0x1513
mem[X,0x0000000080001652] -> 0x00A5
[1429] [M]: 0x0000000080001650 (0x00A51513) slli x10, x10, 0xa                      inst_238+24
x10 <- 0x3333333333333000

clint mtime 0x00000000000002CB (mip.MTI <- 0b1, mip.STI <- 0b0)
mem[X,0x0000000080001654] -> 0x0513
mem[X,0x0000000080001656] -> 0x3335
[1430] [M]: 0x0000000080001654 (0x33350513) addi x10, x10, 0x333                    inst_238+28
x10 <- 0x3333333333333333

mem[X,0x0000000080001658] -> 0x2593
mem[X,0x000000008000165A] -> 0x0065
[1431] [M]: 0x0000000080001658 (0x00652593) slti x11, x10, 0x6                      inst_238+32
x11 <- 0x0000000000000000

clint mtime 0x00000000000002CC (mip.MTI <- 0b1, mip.STI <- 0b0)
mem[X,0x000000008000165C] -> 0x3023
mem[X,0x000000008000165E] -> 0x6CB1
[1432] [M]: 0x000000008000165C (0x6CB13023) sd x11, 0x6c0(x2)                       inst_238+36
mem[W,0x0000000080007888] <- 0x0000000000000000

mem[X,0x0000000080001660] -> 0x3537
mem[X,0x0000000080001662] -> 0x3333
[1433] [M]: 0x0000000080001660 (0x33333537) lui x10, 0x33333                        inst_239+0
x10 <- 0x0000000033333000

clint mtime 0x00000000000002CD (mip.MTI <- 0b1, mip.STI <- 0b0)
mem[X,0x0000000080001664] -> 0x0513
mem[X,0x0000000080001666] -> 0x3335
[1434] [M]: 0x0000000080001664 (0x33350513) addi x10, x10, 0x333                    inst_239+4
x10 <- 0x0000000033333333

mem[X,0x0000000080001668] -> 0x1513
mem[X,0x000000008000166A] -> 0x00B5
[1435] [M]: 0x0000000080001668 (0x00B51513) slli x10, x10, 0xb                      inst_239+8
x10 <- 0x0000019999999800

clint mtime 0x00000000000002CE (mip.MTI <- 0b1, mip.STI <- 0b0)
mem[X,0x000000008000166C] -> 0x0513
mem[X,0x000000008000166E] -> 0x1995
[1436] [M]: 0x000000008000166C (0x19950513) addi x10, x10, 0x199                    inst_239+12
x10 <- 0x0000019999999999

mem[X,0x0000000080001670] -> 0x1513
mem[X,0x0000000080001672] -> 0x00B5
[1437] [M]: 0x0000000080001670 (0x00B51513) slli x10, x10, 0xb                      inst_239+16
x10 <- 0x000CCCCCCCCCC800

clint mtime 0x00000000000002CF (mip.MTI <- 0b1, mip.STI <- 0b0)
mem[X,0x0000000080001674] -> 0x0513
mem[X,0x0000000080001676] -> 0x4CC5
[1438] [M]: 0x0000000080001674 (0x4CC50513) addi x10, x10, 0x4cc                    inst_239+20
x10 <- 0x000CCCCCCCCCCCCC

mem[X,0x0000000080001678] -> 0x1513
mem[X,0x000000008000167A] -> 0x00A5
[1439] [M]: 0x0000000080001678 (0x00A51513) slli x10, x10, 0xa                      inst_239+24
x10 <- 0x3333333333333000

clint mtime 0x00000000000002D0 (mip.MTI <- 0b1, mip.STI <- 0b0)
mem[X,0x000000008000167C] -> 0x0513
mem[X,0x000000008000167E] -> 0x3335
[1440] [M]: 0x000000008000167C (0x33350513) addi x10, x10, 0x333                    inst_239+28
x10 <- 0x3333333333333333

mem[X,0x0000000080001680] -> 0x2593
mem[X,0x0000000080001682] -> 0x3345
[1441] [M]: 0x0000000080001680 (0x33452593) slti x11, x10, 0x334                    inst_239+32
x11 <- 0x0000000000000000

clint mtime 0x00000000000002D1 (mip.MTI <- 0b1, mip.STI <- 0b0)
mem[X,0x0000000080001684] -> 0x3423
mem[X,0x0000000080001686] -> 0x6CB1
[1442] [M]: 0x0000000080001684 (0x6CB13423) sd x11, 0x6c8(x2)                       inst_239+36
mem[W,0x0000000080007890] <- 0x0000000000000000

mem[X,0x0000000080001688] -> 0x3537
mem[X,0x000000008000168A] -> 0x3333
[1443] [M]: 0x0000000080001688 (0x33333537) lui x10, 0x33333                        inst_240+0
x10 <- 0x0000000033333000

clint mtime 0x00000000000002D2 (mip.MTI <- 0b1, mip.STI <- 0b0)
mem[X,0x000000008000168C] -> 0x0513
mem[X,0x000000008000168E] -> 0x3335
[1444] [M]: 0x000000008000168C (0x33350513) addi x10, x10, 0x333                    inst_240+4
x10 <- 0x0000000033333333

mem[X,0x0000000080001690] -> 0x1513
mem[X,0x0000000080001692] -> 0x00B5
[1445] [M]: 0x0000000080001690 (0x00B51513) slli x10, x10, 0xb                      inst_240+8
x10 <- 0x0000019999999800

clint mtime 0x00000000000002D3 (mip.MTI <- 0b1, mip.STI <- 0b0)
mem[X,0x0000000080001694] -> 0x0513
mem[X,0x0000000080001696] -> 0x1995
[1446] [M]: 0x0000000080001694 (0x19950513) addi x10, x10, 0x199                    inst_240+12
x10 <- 0x0000019999999999

mem[X,0x0000000080001698] -> 0x1513
mem[X,0x000000008000169A] -> 0x00B5
[1447] [M]: 0x0000000080001698 (0x00B51513) slli x10, x10, 0xb                      inst_240+16
x10 <- 0x000CCCCCCCCCC800

clint mtime 0x00000000000002D4 (mip.MTI <- 0b1, mip.STI <- 0b0)
mem[X,0x000000008000169C] -> 0x0513
mem[X,0x000000008000169E] -> 0x4CC5
[1448] [M]: 0x000000008000169C (0x4CC50513) addi x10, x10, 0x4cc                    inst_240+20
x10 <- 0x000CCCCCCCCCCCCC

mem[X,0x00000000800016A0] -> 0x1513
mem[X,0x00000000800016A2] -> 0x00A5
[1449] [M]: 0x00000000800016A0 (0x00A51513) slli x10, x10, 0xa                      inst_240+24
x10 <- 0x3333333333333000

clint mtime 0x00000000000002D5 (mip.MTI <- 0b1, mip.STI <- 0b0)
mem[X,0x00000000800016A4] -> 0x0513
mem[X,0x00000000800016A6] -> 0x3335
[1450] [M]: 0x00000000800016A4 (0x33350513) addi x10, x10, 0x333                    inst_240+28
x10 <- 0x3333333333333333

mem[X,0x00000000800016A8] -> 0x2593
mem[X,0x00000000800016AA] -> 0x6675
[1451] [M]: 0x00000000800016A8 (0x66752593) slti x11, x10, 0x667                    inst_240+32
x11 <- 0x0000000000000000

clint mtime 0x00000000000002D6 (mip.MTI <- 0b1, mip.STI <- 0b0)
mem[X,0x00000000800016AC] -> 0x3823
mem[X,0x00000000800016AE] -> 0x6CB1
[1452] [M]: 0x00000000800016AC (0x6CB13823) sd x11, 0x6d0(x2)                       inst_240+36
mem[W,0x0000000080007898] <- 0x0000000000000000

mem[X,0x00000000800016B0] -> 0x3537
mem[X,0x00000000800016B2] -> 0x3333
[1453] [M]: 0x00000000800016B0 (0x33333537) lui x10, 0x33333                        inst_241+0
x10 <- 0x0000000033333000

clint mtime 0x00000000000002D7 (mip.MTI <- 0b1, mip.STI <- 0b0)
mem[X,0x00000000800016B4] -> 0x0513
mem[X,0x00000000800016B6] -> 0x3335
[1454] [M]: 0x00000000800016B4 (0x33350513) addi x10, x10, 0x333                    inst_241+4
x10 <- 0x0000000033333333

mem[X,0x00000000800016B8] -> 0x1513
mem[X,0x00000000800016BA] -> 0x00B5
[1455] [M]: 0x00000000800016B8 (0x00B51513) slli x10, x10, 0xb                      inst_241+8
x10 <- 0x0000019999999800

clint mtime 0x00000000000002D8 (mip.MTI <- 0b1, mip.STI <- 0b0)
mem[X,0x00000000800016BC] -> 0x0513
mem[X,0x00000000800016BE] -> 0x1995
[1456] [M]: 0x00000000800016BC (0x19950513) addi x10, x10, 0x199                    inst_241+12
x10 <- 0x0000019999999999

mem[X,0x00000000800016C0] -> 0x1513
mem[X,0x00000000800016C2] -> 0x00B5
[1457] [M]: 0x00000000800016C0 (0x00B51513) slli x10, x10, 0xb                      inst_241+16
x10 <- 0x000CCCCCCCCCC800

clint mtime 0x00000000000002D9 (mip.MTI <- 0b1, mip.STI <- 0b0)
mem[X,0x00000000800016C4] -> 0x0513
mem[X,0x00000000800016C6] -> 0x4CC5
[1458] [M]: 0x00000000800016C4 (0x4CC50513) addi x10, x10, 0x4cc                    inst_241+20
x10 <- 0x000CCCCCCCCCCCCC

mem[X,0x00000000800016C8] -> 0x1513
mem[X,0x00000000800016CA] -> 0x00A5
[1459] [M]: 0x00000000800016C8 (0x00A51513) slli x10, x10, 0xa                      inst_241+24
x10 <- 0x3333333333333000

clint mtime 0x00000000000002DA (mip.MTI <- 0b1, mip.STI <- 0b0)
mem[X,0x00000000800016CC] -> 0x0513
mem[X,0x00000000800016CE] -> 0x3335
[1460] [M]: 0x00000000800016CC (0x33350513) addi x10, x10, 0x333                    inst_241+28
x10 <- 0x3333333333333333

mem[X,0x00000000800016D0] -> 0x2593
mem[X,0x00000000800016D2] -> 0xFD45
[1461] [M]: 0x00000000800016D0 (0xFD452593) slti x11, x10, -0x2c                    inst_241+32
x11 <- 0x0000000000000000

clint mtime 0x00000000000002DB (mip.MTI <- 0b1, mip.STI <- 0b0)
mem[X,0x00000000800016D4] -> 0x3C23
mem[X,0x00000000800016D6] -> 0x6CB1
[1462] [M]: 0x00000000800016D4 (0x6CB13C23) sd x11, 0x6d8(x2)                       inst_241+36
mem[W,0x00000000800078A0] <- 0x0000000000000000

mem[X,0x00000000800016D8] -> 0x3537
mem[X,0x00000000800016DA] -> 0x3333
[1463] [M]: 0x00000000800016D8 (0x33333537) lui x10, 0x33333                        inst_242+0
x10 <- 0x0000000033333000

clint mtime 0x00000000000002DC (mip.MTI <- 0b1, mip.STI <- 0b0)
mem[X,0x00000000800016DC] -> 0x0513
mem[X,0x00000000800016DE] -> 0x3335
[1464] [M]: 0x00000000800016DC (0x33350513) addi x10, x10, 0x333                    inst_242+4
x10 <- 0x0000000033333333

mem[X,0x00000000800016E0] -> 0x1513
mem[X,0x00000000800016E2] -> 0x00B5
[1465] [M]: 0x00000000800016E0 (0x00B51513) slli x10, x10, 0xb                      inst_242+8
x10 <- 0x0000019999999800

clint mtime 0x00000000000002DD (mip.MTI <- 0b1, mip.STI <- 0b0)
mem[X,0x00000000800016E4] -> 0x0513
mem[X,0x00000000800016E6] -> 0x1995
[1466] [M]: 0x00000000800016E4 (0x19950513) addi x10, x10, 0x199                    inst_242+12
x10 <- 0x0000019999999999

mem[X,0x00000000800016E8] -> 0x1513
mem[X,0x00000000800016EA] -> 0x00B5
[1467] [M]: 0x00000000800016E8 (0x00B51513) slli x10, x10, 0xb                      inst_242+16
x10 <- 0x000CCCCCCCCCC800

clint mtime 0x00000000000002DE (mip.MTI <- 0b1, mip.STI <- 0b0)
mem[X,0x00000000800016EC] -> 0x0513
mem[X,0x00000000800016EE] -> 0x4CC5
[1468] [M]: 0x00000000800016EC (0x4CC50513) addi x10, x10, 0x4cc                    inst_242+20
x10 <- 0x000CCCCCCCCCCCCC

mem[X,0x00000000800016F0] -> 0x1513
mem[X,0x00000000800016F2] -> 0x00A5
[1469] [M]: 0x00000000800016F0 (0x00A51513) slli x10, x10, 0xa                      inst_242+24
x10 <- 0x3333333333333000

clint mtime 0x00000000000002DF (mip.MTI <- 0b1, mip.STI <- 0b0)
mem[X,0x00000000800016F4] -> 0x0513
mem[X,0x00000000800016F6] -> 0x3335
[1470] [M]: 0x00000000800016F4 (0x33350513) addi x10, x10, 0x333                    inst_242+28
x10 <- 0x3333333333333333

mem[X,0x00000000800016F8] -> 0x2593
mem[X,0x00000000800016FA] -> 0x02E5
[1471] [M]: 0x00000000800016F8 (0x02E52593) slti x11, x10, 0x2e                     inst_242+32
x11 <- 0x0000000000000000

clint mtime 0x00000000000002E0 (mip.MTI <- 0b1, mip.STI <- 0b0)
mem[X,0x00000000800016FC] -> 0x3023
mem[X,0x00000000800016FE] -> 0x6EB1
[1472] [M]: 0x00000000800016FC (0x6EB13023) sd x11, 0x6e0(x2)                       inst_242+36
mem[W,0x00000000800078A8] <- 0x0000000000000000

mem[X,0x0000000080001700] -> 0x6537
mem[X,0x0000000080001702] -> 0x6666
[1473] [M]: 0x0000000080001700 (0x66666537) lui x10, 0x66666                        inst_243+0
x10 <- 0x0000000066666000

clint mtime 0x00000000000002E1 (mip.MTI <- 0b1, mip.STI <- 0b0)
mem[X,0x0000000080001704] -> 0x0513
mem[X,0x0000000080001706] -> 0x6665
[1474] [M]: 0x0000000080001704 (0x66650513) addi x10, x10, 0x666                    inst_243+4
x10 <- 0x0000000066666666

mem[X,0x0000000080001708] -> 0x1513
mem[X,0x000000008000170A] -> 0x00B5
[1475] [M]: 0x0000000080001708 (0x00B51513) slli x10, x10, 0xb                      inst_243+8
x10 <- 0x0000033333333000

clint mtime 0x00000000000002E2 (mip.MTI <- 0b1, mip.STI <- 0b0)
mem[X,0x000000008000170C] -> 0x0513
mem[X,0x000000008000170E] -> 0x3335
[1476] [M]: 0x000000008000170C (0x33350513) addi x10, x10, 0x333                    inst_243+12
x10 <- 0x0000033333333333

mem[X,0x0000000080001710] -> 0x1513
mem[X,0x0000000080001712] -> 0x00B5
[1477] [M]: 0x0000000080001710 (0x00B51513) slli x10, x10, 0xb                      inst_243+16
x10 <- 0x0019999999999800

clint mtime 0x00000000000002E3 (mip.MTI <- 0b1, mip.STI <- 0b0)
mem[X,0x0000000080001714] -> 0x0513
mem[X,0x0000000080001716] -> 0x1995
[1478] [M]: 0x0000000080001714 (0x19950513) addi x10, x10, 0x199                    inst_243+20
x10 <- 0x0019999999999999

mem[X,0x0000000080001718] -> 0x1513
mem[X,0x000000008000171A] -> 0x00A5
[1479] [M]: 0x0000000080001718 (0x00A51513) slli x10, x10, 0xa                      inst_243+24
x10 <- 0x6666666666666400

clint mtime 0x00000000000002E4 (mip.MTI <- 0b1, mip.STI <- 0b0)
mem[X,0x000000008000171C] -> 0x0513
mem[X,0x000000008000171E] -> 0x2665
[1480] [M]: 0x000000008000171C (0x26650513) addi x10, x10, 0x266                    inst_243+28
x10 <- 0x6666666666666666

mem[X,0x0000000080001720] -> 0x2593
mem[X,0x0000000080001722] -> 0x0035
[1481] [M]: 0x0000000080001720 (0x00352593) slti x11, x10, 0x3                      inst_243+32
x11 <- 0x0000000000000000

clint mtime 0x00000000000002E5 (mip.MTI <- 0b1, mip.STI <- 0b0)
mem[X,0x0000000080001724] -> 0x3423
mem[X,0x0000000080001726] -> 0x6EB1
[1482] [M]: 0x0000000080001724 (0x6EB13423) sd x11, 0x6e8(x2)                       inst_243+36
mem[W,0x00000000800078B0] <- 0x0000000000000000

mem[X,0x0000000080001728] -> 0x6537
mem[X,0x000000008000172A] -> 0x6666
[1483] [M]: 0x0000000080001728 (0x66666537) lui x10, 0x66666                        inst_244+0
x10 <- 0x0000000066666000

clint mtime 0x00000000000002E6 (mip.MTI <- 0b1, mip.STI <- 0b0)
mem[X,0x000000008000172C] -> 0x0513
mem[X,0x000000008000172E] -> 0x6665
[1484] [M]: 0x000000008000172C (0x66650513) addi x10, x10, 0x666                    inst_244+4
x10 <- 0x0000000066666666

mem[X,0x0000000080001730] -> 0x1513
mem[X,0x0000000080001732] -> 0x00B5
[1485] [M]: 0x0000000080001730 (0x00B51513) slli x10, x10, 0xb                      inst_244+8
x10 <- 0x0000033333333000

clint mtime 0x00000000000002E7 (mip.MTI <- 0b1, mip.STI <- 0b0)
mem[X,0x0000000080001734] -> 0x0513
mem[X,0x0000000080001736] -> 0x3335
[1486] [M]: 0x0000000080001734 (0x33350513) addi x10, x10, 0x333                    inst_244+12
x10 <- 0x0000033333333333

mem[X,0x0000000080001738] -> 0x1513
mem[X,0x000000008000173A] -> 0x00B5
[1487] [M]: 0x0000000080001738 (0x00B51513) slli x10, x10, 0xb                      inst_244+16
x10 <- 0x0019999999999800

clint mtime 0x00000000000002E8 (mip.MTI <- 0b1, mip.STI <- 0b0)
mem[X,0x000000008000173C] -> 0x0513
mem[X,0x000000008000173E] -> 0x1995
[1488] [M]: 0x000000008000173C (0x19950513) addi x10, x10, 0x199                    inst_244+20
x10 <- 0x0019999999999999

mem[X,0x0000000080001740] -> 0x1513
mem[X,0x0000000080001742] -> 0x00A5
[1489] [M]: 0x0000000080001740 (0x00A51513) slli x10, x10, 0xa                      inst_244+24
x10 <- 0x6666666666666400

clint mtime 0x00000000000002E9 (mip.MTI <- 0b1, mip.STI <- 0b0)
mem[X,0x0000000080001744] -> 0x0513
mem[X,0x0000000080001746] -> 0x2665
[1490] [M]: 0x0000000080001744 (0x26650513) addi x10, x10, 0x266                    inst_244+28
x10 <- 0x6666666666666666

mem[X,0x0000000080001748] -> 0x2593
mem[X,0x000000008000174A] -> 0x5555
[1491] [M]: 0x0000000080001748 (0x55552593) slti x11, x10, 0x555                    inst_244+32
x11 <- 0x0000000000000000

clint mtime 0x00000000000002EA (mip.MTI <- 0b1, mip.STI <- 0b0)
mem[X,0x000000008000174C] -> 0x3823
mem[X,0x000000008000174E] -> 0x6EB1
[1492] [M]: 0x000000008000174C (0x6EB13823) sd x11, 0x6f0(x2)                       inst_244+36
mem[W,0x00000000800078B8] <- 0x0000000000000000

mem[X,0x0000000080001750] -> 0x6537
mem[X,0x0000000080001752] -> 0x6666
[1493] [M]: 0x0000000080001750 (0x66666537) lui x10, 0x66666                        inst_245+0
x10 <- 0x0000000066666000

clint mtime 0x00000000000002EB (mip.MTI <- 0b1, mip.STI <- 0b0)
mem[X,0x0000000080001754] -> 0x0513
mem[X,0x0000000080001756] -> 0x6665
[1494] [M]: 0x0000000080001754 (0x66650513) addi x10, x10, 0x666                    inst_245+4
x10 <- 0x0000000066666666

mem[X,0x0000000080001758] -> 0x1513
mem[X,0x000000008000175A] -> 0x00B5
[1495] [M]: 0x0000000080001758 (0x00B51513) slli x10, x10, 0xb                      inst_245+8
x10 <- 0x0000033333333000

clint mtime 0x00000000000002EC (mip.MTI <- 0b1, mip.STI <- 0b0)
mem[X,0x000000008000175C] -> 0x0513
mem[X,0x000000008000175E] -> 0x3335
[1496] [M]: 0x000000008000175C (0x33350513) addi x10, x10, 0x333                    inst_245+12
x10 <- 0x0000033333333333

mem[X,0x0000000080001760] -> 0x1513
mem[X,0x0000000080001762] -> 0x00B5
[1497] [M]: 0x0000000080001760 (0x00B51513) slli x10, x10, 0xb                      inst_245+16
x10 <- 0x0019999999999800

clint mtime 0x00000000000002ED (mip.MTI <- 0b1, mip.STI <- 0b0)
mem[X,0x0000000080001764] -> 0x0513
mem[X,0x0000000080001766] -> 0x1995
[1498] [M]: 0x0000000080001764 (0x19950513) addi x10, x10, 0x199                    inst_245+20
x10 <- 0x0019999999999999

mem[X,0x0000000080001768] -> 0x1513
mem[X,0x000000008000176A] -> 0x00A5
[1499] [M]: 0x0000000080001768 (0x00A51513) slli x10, x10, 0xa                      inst_245+24
x10 <- 0x6666666666666400

clint mtime 0x00000000000002EE (mip.MTI <- 0b1, mip.STI <- 0b0)
mem[X,0x000000008000176C] -> 0x0513
mem[X,0x000000008000176E] -> 0x2665
[1500] [M]: 0x000000008000176C (0x26650513) addi x10, x10, 0x266                    inst_245+28
x10 <- 0x6666666666666666

mem[X,0x0000000080001770] -> 0x2593
mem[X,0x0000000080001772] -> 0xAAA5
[1501] [M]: 0x0000000080001770 (0xAAA52593) slti x11, x10, -0x556                   inst_245+32
x11 <- 0x0000000000000000

clint mtime 0x00000000000002EF (mip.MTI <- 0b1, mip.STI <- 0b0)
mem[X,0x0000000080001774] -> 0x3C23
mem[X,0x0000000080001776] -> 0x6EB1
[1502] [M]: 0x0000000080001774 (0x6EB13C23) sd x11, 0x6f8(x2)                       inst_245+36
mem[W,0x00000000800078C0] <- 0x0000000000000000

mem[X,0x0000000080001778] -> 0x6537
mem[X,0x000000008000177A] -> 0x6666
[1503] [M]: 0x0000000080001778 (0x66666537) lui x10, 0x66666                        inst_246+0
x10 <- 0x0000000066666000

clint mtime 0x00000000000002F0 (mip.MTI <- 0b1, mip.STI <- 0b0)
mem[X,0x000000008000177C] -> 0x0513
mem[X,0x000000008000177E] -> 0x6665
[1504] [M]: 0x000000008000177C (0x66650513) addi x10, x10, 0x666                    inst_246+4
x10 <- 0x0000000066666666

mem[X,0x0000000080001780] -> 0x1513
mem[X,0x0000000080001782] -> 0x00B5
[1505] [M]: 0x0000000080001780 (0x00B51513) slli x10, x10, 0xb                      inst_246+8
x10 <- 0x0000033333333000

clint mtime 0x00000000000002F1 (mip.MTI <- 0b1, mip.STI <- 0b0)
mem[X,0x0000000080001784] -> 0x0513
mem[X,0x0000000080001786] -> 0x3335
[1506] [M]: 0x0000000080001784 (0x33350513) addi x10, x10, 0x333                    inst_246+12
x10 <- 0x0000033333333333

mem[X,0x0000000080001788] -> 0x1513
mem[X,0x000000008000178A] -> 0x00B5
[1507] [M]: 0x0000000080001788 (0x00B51513) slli x10, x10, 0xb                      inst_246+16
x10 <- 0x0019999999999800

clint mtime 0x00000000000002F2 (mip.MTI <- 0b1, mip.STI <- 0b0)
mem[X,0x000000008000178C] -> 0x0513
mem[X,0x000000008000178E] -> 0x1995
[1508] [M]: 0x000000008000178C (0x19950513) addi x10, x10, 0x199                    inst_246+20
x10 <- 0x0019999999999999

mem[X,0x0000000080001790] -> 0x1513
mem[X,0x0000000080001792] -> 0x00A5
[1509] [M]: 0x0000000080001790 (0x00A51513) slli x10, x10, 0xa                      inst_246+24
x10 <- 0x6666666666666400

clint mtime 0x00000000000002F3 (mip.MTI <- 0b1, mip.STI <- 0b0)
mem[X,0x0000000080001794] -> 0x0513
mem[X,0x0000000080001796] -> 0x2665
[1510] [M]: 0x0000000080001794 (0x26650513) addi x10, x10, 0x266                    inst_246+28
x10 <- 0x6666666666666666

mem[X,0x0000000080001798] -> 0x2593
mem[X,0x000000008000179A] -> 0x0055
[1511] [M]: 0x0000000080001798 (0x00552593) slti x11, x10, 0x5                      inst_246+32
x11 <- 0x0000000000000000

clint mtime 0x00000000000002F4 (mip.MTI <- 0b1, mip.STI <- 0b0)
mem[X,0x000000008000179C] -> 0x3023
mem[X,0x000000008000179E] -> 0x70B1
[1512] [M]: 0x000000008000179C (0x70B13023) sd x11, 0x700(x2)                       inst_246+36
mem[W,0x00000000800078C8] <- 0x0000000000000000

mem[X,0x00000000800017A0] -> 0x6537
mem[X,0x00000000800017A2] -> 0x6666
[1513] [M]: 0x00000000800017A0 (0x66666537) lui x10, 0x66666                        inst_247+0
x10 <- 0x0000000066666000

clint mtime 0x00000000000002F5 (mip.MTI <- 0b1, mip.STI <- 0b0)
mem[X,0x00000000800017A4] -> 0x0513
mem[X,0x00000000800017A6] -> 0x6665
[1514] [M]: 0x00000000800017A4 (0x66650513) addi x10, x10, 0x666                    inst_247+4
x10 <- 0x0000000066666666

mem[X,0x00000000800017A8] -> 0x1513
mem[X,0x00000000800017AA] -> 0x00B5
[1515] [M]: 0x00000000800017A8 (0x00B51513) slli x10, x10, 0xb                      inst_247+8
x10 <- 0x0000033333333000

clint mtime 0x00000000000002F6 (mip.MTI <- 0b1, mip.STI <- 0b0)
mem[X,0x00000000800017AC] -> 0x0513
mem[X,0x00000000800017AE] -> 0x3335
[1516] [M]: 0x00000000800017AC (0x33350513) addi x10, x10, 0x333                    inst_247+12
x10 <- 0x0000033333333333

mem[X,0x00000000800017B0] -> 0x1513
mem[X,0x00000000800017B2] -> 0x00B5
[1517] [M]: 0x00000000800017B0 (0x00B51513) slli x10, x10, 0xb                      inst_247+16
x10 <- 0x0019999999999800

clint mtime 0x00000000000002F7 (mip.MTI <- 0b1, mip.STI <- 0b0)
mem[X,0x00000000800017B4] -> 0x0513
mem[X,0x00000000800017B6] -> 0x1995
[1518] [M]: 0x00000000800017B4 (0x19950513) addi x10, x10, 0x199                    inst_247+20
x10 <- 0x0019999999999999

mem[X,0x00000000800017B8] -> 0x1513
mem[X,0x00000000800017BA] -> 0x00A5
[1519] [M]: 0x00000000800017B8 (0x00A51513) slli x10, x10, 0xa                      inst_247+24
x10 <- 0x6666666666666400

clint mtime 0x00000000000002F8 (mip.MTI <- 0b1, mip.STI <- 0b0)
mem[X,0x00000000800017BC] -> 0x0513
mem[X,0x00000000800017BE] -> 0x2665
[1520] [M]: 0x00000000800017BC (0x26650513) addi x10, x10, 0x266                    inst_247+28
x10 <- 0x6666666666666666

mem[X,0x00000000800017C0] -> 0x2593
mem[X,0x00000000800017C2] -> 0x3335
[1521] [M]: 0x00000000800017C0 (0x33352593) slti x11, x10, 0x333                    inst_247+32
x11 <- 0x0000000000000000

clint mtime 0x00000000000002F9 (mip.MTI <- 0b1, mip.STI <- 0b0)
mem[X,0x00000000800017C4] -> 0x3423
mem[X,0x00000000800017C6] -> 0x70B1
[1522] [M]: 0x00000000800017C4 (0x70B13423) sd x11, 0x708(x2)                       inst_247+36
mem[W,0x00000000800078D0] <- 0x0000000000000000

mem[X,0x00000000800017C8] -> 0x6537
mem[X,0x00000000800017CA] -> 0x6666
[1523] [M]: 0x00000000800017C8 (0x66666537) lui x10, 0x66666                        inst_248+0
x10 <- 0x0000000066666000

clint mtime 0x00000000000002FA (mip.MTI <- 0b1, mip.STI <- 0b0)
mem[X,0x00000000800017CC] -> 0x0513
mem[X,0x00000000800017CE] -> 0x6665
[1524] [M]: 0x00000000800017CC (0x66650513) addi x10, x10, 0x666                    inst_248+4
x10 <- 0x0000000066666666

mem[X,0x00000000800017D0] -> 0x1513
mem[X,0x00000000800017D2] -> 0x00B5
[1525] [M]: 0x00000000800017D0 (0x00B51513) slli x10, x10, 0xb                      inst_248+8
x10 <- 0x0000033333333000

clint mtime 0x00000000000002FB (mip.MTI <- 0b1, mip.STI <- 0b0)
mem[X,0x00000000800017D4] -> 0x0513
mem[X,0x00000000800017D6] -> 0x3335
[1526] [M]: 0x00000000800017D4 (0x33350513) addi x10, x10, 0x333                    inst_248+12
x10 <- 0x0000033333333333

mem[X,0x00000000800017D8] -> 0x1513
mem[X,0x00000000800017DA] -> 0x00B5
[1527] [M]: 0x00000000800017D8 (0x00B51513) slli x10, x10, 0xb                      inst_248+16
x10 <- 0x0019999999999800

clint mtime 0x00000000000002FC (mip.MTI <- 0b1, mip.STI <- 0b0)
mem[X,0x00000000800017DC] -> 0x0513
mem[X,0x00000000800017DE] -> 0x1995
[1528] [M]: 0x00000000800017DC (0x19950513) addi x10, x10, 0x199                    inst_248+20
x10 <- 0x0019999999999999

mem[X,0x00000000800017E0] -> 0x1513
mem[X,0x00000000800017E2] -> 0x00A5
[1529] [M]: 0x00000000800017E0 (0x00A51513) slli x10, x10, 0xa                      inst_248+24
x10 <- 0x6666666666666400

clint mtime 0x00000000000002FD (mip.MTI <- 0b1, mip.STI <- 0b0)
mem[X,0x00000000800017E4] -> 0x0513
mem[X,0x00000000800017E6] -> 0x2665
[1530] [M]: 0x00000000800017E4 (0x26650513) addi x10, x10, 0x266                    inst_248+28
x10 <- 0x6666666666666666

mem[X,0x00000000800017E8] -> 0x2593
mem[X,0x00000000800017EA] -> 0x6665
[1531] [M]: 0x00000000800017E8 (0x66652593) slti x11, x10, 0x666                    inst_248+32
x11 <- 0x0000000000000000

clint mtime 0x00000000000002FE (mip.MTI <- 0b1, mip.STI <- 0b0)
mem[X,0x00000000800017EC] -> 0x3823
mem[X,0x00000000800017EE] -> 0x70B1
[1532] [M]: 0x00000000800017EC (0x70B13823) sd x11, 0x710(x2)                       inst_248+36
mem[W,0x00000000800078D8] <- 0x0000000000000000

mem[X,0x00000000800017F0] -> 0x6537
mem[X,0x00000000800017F2] -> 0x6666
[1533] [M]: 0x00000000800017F0 (0x66666537) lui x10, 0x66666                        inst_249+0
x10 <- 0x0000000066666000

clint mtime 0x00000000000002FF (mip.MTI <- 0b1, mip.STI <- 0b0)
mem[X,0x00000000800017F4] -> 0x0513
mem[X,0x00000000800017F6] -> 0x6665
[1534] [M]: 0x00000000800017F4 (0x66650513) addi x10, x10, 0x666                    inst_249+4
x10 <- 0x0000000066666666

mem[X,0x00000000800017F8] -> 0x1513
mem[X,0x00000000800017FA] -> 0x00B5
[1535] [M]: 0x00000000800017F8 (0x00B51513) slli x10, x10, 0xb                      inst_249+8
x10 <- 0x0000033333333000

clint mtime 0x0000000000000300 (mip.MTI <- 0b1, mip.STI <- 0b0)
mem[X,0x00000000800017FC] -> 0x0513
mem[X,0x00000000800017FE] -> 0x3335
[1536] [M]: 0x00000000800017FC (0x33350513) addi x10, x10, 0x333                    inst_249+12
x10 <- 0x0000033333333333

mem[X,0x0000000080001800] -> 0x1513
mem[X,0x0000000080001802] -> 0x00B5
[1537] [M]: 0x0000000080001800 (0x00B51513) slli x10, x10, 0xb                      inst_249+16
x10 <- 0x0019999999999800

clint mtime 0x0000000000000301 (mip.MTI <- 0b1, mip.STI <- 0b0)
mem[X,0x0000000080001804] -> 0x0513
mem[X,0x0000000080001806] -> 0x1995
[1538] [M]: 0x0000000080001804 (0x19950513) addi x10, x10, 0x199                    inst_249+20
x10 <- 0x0019999999999999

mem[X,0x0000000080001808] -> 0x1513
mem[X,0x000000008000180A] -> 0x00A5
[1539] [M]: 0x0000000080001808 (0x00A51513) slli x10, x10, 0xa                      inst_249+24
x10 <- 0x6666666666666400

clint mtime 0x0000000000000302 (mip.MTI <- 0b1, mip.STI <- 0b0)
mem[X,0x000000008000180C] -> 0x0513
mem[X,0x000000008000180E] -> 0x2665
[1540] [M]: 0x000000008000180C (0x26650513) addi x10, x10, 0x266                    inst_249+28
x10 <- 0x6666666666666666

mem[X,0x0000000080001810] -> 0x2593
mem[X,0x0000000080001812] -> 0xFD35
[1541] [M]: 0x0000000080001810 (0xFD352593) slti x11, x10, -0x2d                    inst_249+32
x11 <- 0x0000000000000000

clint mtime 0x0000000000000303 (mip.MTI <- 0b1, mip.STI <- 0b0)
mem[X,0x0000000080001814] -> 0x3C23
mem[X,0x0000000080001816] -> 0x70B1
[1542] [M]: 0x0000000080001814 (0x70B13C23) sd x11, 0x718(x2)                       inst_249+36
mem[W,0x00000000800078E0] <- 0x0000000000000000

mem[X,0x0000000080001818] -> 0x6537
mem[X,0x000000008000181A] -> 0x6666
[1543] [M]: 0x0000000080001818 (0x66666537) lui x10, 0x66666                        inst_250+0
x10 <- 0x0000000066666000

clint mtime 0x0000000000000304 (mip.MTI <- 0b1, mip.STI <- 0b0)
mem[X,0x000000008000181C] -> 0x0513
mem[X,0x000000008000181E] -> 0x6665
[1544] [M]: 0x000000008000181C (0x66650513) addi x10, x10, 0x666                    inst_250+4
x10 <- 0x0000000066666666

mem[X,0x0000000080001820] -> 0x1513
mem[X,0x0000000080001822] -> 0x00B5
[1545] [M]: 0x0000000080001820 (0x00B51513) slli x10, x10, 0xb                      inst_250+8
x10 <- 0x0000033333333000

clint mtime 0x0000000000000305 (mip.MTI <- 0b1, mip.STI <- 0b0)
mem[X,0x0000000080001824] -> 0x0513
mem[X,0x0000000080001826] -> 0x3335
[1546] [M]: 0x0000000080001824 (0x33350513) addi x10, x10, 0x333                    inst_250+12
x10 <- 0x0000033333333333

mem[X,0x0000000080001828] -> 0x1513
mem[X,0x000000008000182A] -> 0x00B5
[1547] [M]: 0x0000000080001828 (0x00B51513) slli x10, x10, 0xb                      inst_250+16
x10 <- 0x0019999999999800

clint mtime 0x0000000000000306 (mip.MTI <- 0b1, mip.STI <- 0b0)
mem[X,0x000000008000182C] -> 0x0513
mem[X,0x000000008000182E] -> 0x1995
[1548] [M]: 0x000000008000182C (0x19950513) addi x10, x10, 0x199                    inst_250+20
x10 <- 0x0019999999999999

mem[X,0x0000000080001830] -> 0x1513
mem[X,0x0000000080001832] -> 0x00A5
[1549] [M]: 0x0000000080001830 (0x00A51513) slli x10, x10, 0xa                      inst_250+24
x10 <- 0x6666666666666400

clint mtime 0x0000000000000307 (mip.MTI <- 0b1, mip.STI <- 0b0)
mem[X,0x0000000080001834] -> 0x0513
mem[X,0x0000000080001836] -> 0x2665
[1550] [M]: 0x0000000080001834 (0x26650513) addi x10, x10, 0x266                    inst_250+28
x10 <- 0x6666666666666666

mem[X,0x0000000080001838] -> 0x2593
mem[X,0x000000008000183A] -> 0x02D5
[1551] [M]: 0x0000000080001838 (0x02D52593) slti x11, x10, 0x2d                     inst_250+32
x11 <- 0x0000000000000000

clint mtime 0x0000000000000308 (mip.MTI <- 0b1, mip.STI <- 0b0)
mem[X,0x000000008000183C] -> 0x3023
mem[X,0x000000008000183E] -> 0x72B1
[1552] [M]: 0x000000008000183C (0x72B13023) sd x11, 0x720(x2)                       inst_250+36
mem[W,0x00000000800078E8] <- 0x0000000000000000

mem[X,0x0000000080001840] -> 0x6537
mem[X,0x0000000080001842] -> 0x6666
[1553] [M]: 0x0000000080001840 (0x66666537) lui x10, 0x66666                        inst_251+0
x10 <- 0x0000000066666000

clint mtime 0x0000000000000309 (mip.MTI <- 0b1, mip.STI <- 0b0)
mem[X,0x0000000080001844] -> 0x0513
mem[X,0x0000000080001846] -> 0x6665
[1554] [M]: 0x0000000080001844 (0x66650513) addi x10, x10, 0x666                    inst_251+4
x10 <- 0x0000000066666666

mem[X,0x0000000080001848] -> 0x1513
mem[X,0x000000008000184A] -> 0x00B5
[1555] [M]: 0x0000000080001848 (0x00B51513) slli x10, x10, 0xb                      inst_251+8
x10 <- 0x0000033333333000

clint mtime 0x000000000000030A (mip.MTI <- 0b1, mip.STI <- 0b0)
mem[X,0x000000008000184C] -> 0x0513
mem[X,0x000000008000184E] -> 0x3335
[1556] [M]: 0x000000008000184C (0x33350513) addi x10, x10, 0x333                    inst_251+12
x10 <- 0x0000033333333333

mem[X,0x0000000080001850] -> 0x1513
mem[X,0x0000000080001852] -> 0x00B5
[1557] [M]: 0x0000000080001850 (0x00B51513) slli x10, x10, 0xb                      inst_251+16
x10 <- 0x0019999999999800

clint mtime 0x000000000000030B (mip.MTI <- 0b1, mip.STI <- 0b0)
mem[X,0x0000000080001854] -> 0x0513
mem[X,0x0000000080001856] -> 0x1995
[1558] [M]: 0x0000000080001854 (0x19950513) addi x10, x10, 0x199                    inst_251+20
x10 <- 0x0019999999999999

mem[X,0x0000000080001858] -> 0x1513
mem[X,0x000000008000185A] -> 0x00A5
[1559] [M]: 0x0000000080001858 (0x00A51513) slli x10, x10, 0xa                      inst_251+24
x10 <- 0x6666666666666400

clint mtime 0x000000000000030C (mip.MTI <- 0b1, mip.STI <- 0b0)
mem[X,0x000000008000185C] -> 0x0513
mem[X,0x000000008000185E] -> 0x2665
[1560] [M]: 0x000000008000185C (0x26650513) addi x10, x10, 0x266                    inst_251+28
x10 <- 0x6666666666666666

mem[X,0x0000000080001860] -> 0x2593
mem[X,0x0000000080001862] -> 0x0025
[1561] [M]: 0x0000000080001860 (0x00252593) slti x11, x10, 0x2                      inst_251+32
x11 <- 0x0000000000000000

clint mtime 0x000000000000030D (mip.MTI <- 0b1, mip.STI <- 0b0)
mem[X,0x0000000080001864] -> 0x3423
mem[X,0x0000000080001866] -> 0x72B1
[1562] [M]: 0x0000000080001864 (0x72B13423) sd x11, 0x728(x2)                       inst_251+36
mem[W,0x00000000800078F0] <- 0x0000000000000000

mem[X,0x0000000080001868] -> 0x6537
mem[X,0x000000008000186A] -> 0x6666
[1563] [M]: 0x0000000080001868 (0x66666537) lui x10, 0x66666                        inst_252+0
x10 <- 0x0000000066666000

clint mtime 0x000000000000030E (mip.MTI <- 0b1, mip.STI <- 0b0)
mem[X,0x000000008000186C] -> 0x0513
mem[X,0x000000008000186E] -> 0x6665
[1564] [M]: 0x000000008000186C (0x66650513) addi x10, x10, 0x666                    inst_252+4
x10 <- 0x0000000066666666

mem[X,0x0000000080001870] -> 0x1513
mem[X,0x0000000080001872] -> 0x00B5
[1565] [M]: 0x0000000080001870 (0x00B51513) slli x10, x10, 0xb                      inst_252+8
x10 <- 0x0000033333333000

clint mtime 0x000000000000030F (mip.MTI <- 0b1, mip.STI <- 0b0)
mem[X,0x0000000080001874] -> 0x0513
mem[X,0x0000000080001876] -> 0x3335
[1566] [M]: 0x0000000080001874 (0x33350513) addi x10, x10, 0x333                    inst_252+12
x10 <- 0x0000033333333333

mem[X,0x0000000080001878] -> 0x1513
mem[X,0x000000008000187A] -> 0x00B5
[1567] [M]: 0x0000000080001878 (0x00B51513) slli x10, x10, 0xb                      inst_252+16
x10 <- 0x0019999999999800

clint mtime 0x0000000000000310 (mip.MTI <- 0b1, mip.STI <- 0b0)
mem[X,0x000000008000187C] -> 0x0513
mem[X,0x000000008000187E] -> 0x1995
[1568] [M]: 0x000000008000187C (0x19950513) addi x10, x10, 0x199                    inst_252+20
x10 <- 0x0019999999999999

mem[X,0x0000000080001880] -> 0x1513
mem[X,0x0000000080001882] -> 0x00A5
[1569] [M]: 0x0000000080001880 (0x00A51513) slli x10, x10, 0xa                      inst_252+24
x10 <- 0x6666666666666400

clint mtime 0x0000000000000311 (mip.MTI <- 0b1, mip.STI <- 0b0)
mem[X,0x0000000080001884] -> 0x0513
mem[X,0x0000000080001886] -> 0x2665
[1570] [M]: 0x0000000080001884 (0x26650513) addi x10, x10, 0x266                    inst_252+28
x10 <- 0x6666666666666666

mem[X,0x0000000080001888] -> 0x2593
mem[X,0x000000008000188A] -> 0x5545
[1571] [M]: 0x0000000080001888 (0x55452593) slti x11, x10, 0x554                    inst_252+32
x11 <- 0x0000000000000000

clint mtime 0x0000000000000312 (mip.MTI <- 0b1, mip.STI <- 0b0)
mem[X,0x000000008000188C] -> 0x3823
mem[X,0x000000008000188E] -> 0x72B1
[1572] [M]: 0x000000008000188C (0x72B13823) sd x11, 0x730(x2)                       inst_252+36
mem[W,0x00000000800078F8] <- 0x0000000000000000

mem[X,0x0000000080001890] -> 0x6537
mem[X,0x0000000080001892] -> 0x6666
[1573] [M]: 0x0000000080001890 (0x66666537) lui x10, 0x66666                        inst_253+0
x10 <- 0x0000000066666000

clint mtime 0x0000000000000313 (mip.MTI <- 0b1, mip.STI <- 0b0)
mem[X,0x0000000080001894] -> 0x0513
mem[X,0x0000000080001896] -> 0x6665
[1574] [M]: 0x0000000080001894 (0x66650513) addi x10, x10, 0x666                    inst_253+4
x10 <- 0x0000000066666666

mem[X,0x0000000080001898] -> 0x1513
mem[X,0x000000008000189A] -> 0x00B5
[1575] [M]: 0x0000000080001898 (0x00B51513) slli x10, x10, 0xb                      inst_253+8
x10 <- 0x0000033333333000

clint mtime 0x0000000000000314 (mip.MTI <- 0b1, mip.STI <- 0b0)
mem[X,0x000000008000189C] -> 0x0513
mem[X,0x000000008000189E] -> 0x3335
[1576] [M]: 0x000000008000189C (0x33350513) addi x10, x10, 0x333                    inst_253+12
x10 <- 0x0000033333333333

mem[X,0x00000000800018A0] -> 0x1513
mem[X,0x00000000800018A2] -> 0x00B5
[1577] [M]: 0x00000000800018A0 (0x00B51513) slli x10, x10, 0xb                      inst_253+16
x10 <- 0x0019999999999800

clint mtime 0x0000000000000315 (mip.MTI <- 0b1, mip.STI <- 0b0)
mem[X,0x00000000800018A4] -> 0x0513
mem[X,0x00000000800018A6] -> 0x1995
[1578] [M]: 0x00000000800018A4 (0x19950513) addi x10, x10, 0x199                    inst_253+20
x10 <- 0x0019999999999999

mem[X,0x00000000800018A8] -> 0x1513
mem[X,0x00000000800018AA] -> 0x00A5
[1579] [M]: 0x00000000800018A8 (0x00A51513) slli x10, x10, 0xa                      inst_253+24
x10 <- 0x6666666666666400

clint mtime 0x0000000000000316 (mip.MTI <- 0b1, mip.STI <- 0b0)
mem[X,0x00000000800018AC] -> 0x0513
mem[X,0x00000000800018AE] -> 0x2665
[1580] [M]: 0x00000000800018AC (0x26650513) addi x10, x10, 0x266                    inst_253+28
x10 <- 0x6666666666666666

mem[X,0x00000000800018B0] -> 0x2593
mem[X,0x00000000800018B2] -> 0x0005
[1581] [M]: 0x00000000800018B0 (0x00052593) slti x11, x10, 0x0                      inst_253+32
x11 <- 0x0000000000000000

clint mtime 0x0000000000000317 (mip.MTI <- 0b1, mip.STI <- 0b0)
mem[X,0x00000000800018B4] -> 0x3C23
mem[X,0x00000000800018B6] -> 0x72B1
[1582] [M]: 0x00000000800018B4 (0x72B13C23) sd x11, 0x738(x2)                       inst_253+36
mem[W,0x0000000080007900] <- 0x0000000000000000

mem[X,0x00000000800018B8] -> 0x6537
mem[X,0x00000000800018BA] -> 0x6666
[1583] [M]: 0x00000000800018B8 (0x66666537) lui x10, 0x66666                        inst_254+0
x10 <- 0x0000000066666000

clint mtime 0x0000000000000318 (mip.MTI <- 0b1, mip.STI <- 0b0)
mem[X,0x00000000800018BC] -> 0x0513
mem[X,0x00000000800018BE] -> 0x6665
[1584] [M]: 0x00000000800018BC (0x66650513) addi x10, x10, 0x666                    inst_254+4
x10 <- 0x0000000066666666

mem[X,0x00000000800018C0] -> 0x1513
mem[X,0x00000000800018C2] -> 0x00B5
[1585] [M]: 0x00000000800018C0 (0x00B51513) slli x10, x10, 0xb                      inst_254+8
x10 <- 0x0000033333333000

clint mtime 0x0000000000000319 (mip.MTI <- 0b1, mip.STI <- 0b0)
mem[X,0x00000000800018C4] -> 0x0513
mem[X,0x00000000800018C6] -> 0x3335
[1586] [M]: 0x00000000800018C4 (0x33350513) addi x10, x10, 0x333                    inst_254+12
x10 <- 0x0000033333333333

mem[X,0x00000000800018C8] -> 0x1513
mem[X,0x00000000800018CA] -> 0x00B5
[1587] [M]: 0x00000000800018C8 (0x00B51513) slli x10, x10, 0xb                      inst_254+16
x10 <- 0x0019999999999800

clint mtime 0x000000000000031A (mip.MTI <- 0b1, mip.STI <- 0b0)
mem[X,0x00000000800018CC] -> 0x0513
mem[X,0x00000000800018CE] -> 0x1995
[1588] [M]: 0x00000000800018CC (0x19950513) addi x10, x10, 0x199                    inst_254+20
x10 <- 0x0019999999999999

mem[X,0x00000000800018D0] -> 0x1513
mem[X,0x00000000800018D2] -> 0x00A5
[1589] [M]: 0x00000000800018D0 (0x00A51513) slli x10, x10, 0xa                      inst_254+24
x10 <- 0x6666666666666400

clint mtime 0x000000000000031B (mip.MTI <- 0b1, mip.STI <- 0b0)
mem[X,0x00000000800018D4] -> 0x0513
mem[X,0x00000000800018D6] -> 0x2665
[1590] [M]: 0x00000000800018D4 (0x26650513) addi x10, x10, 0x266                    inst_254+28
x10 <- 0x6666666666666666

mem[X,0x00000000800018D8] -> 0x2593
mem[X,0x00000000800018DA] -> 0x0045
[1591] [M]: 0x00000000800018D8 (0x00452593) slti x11, x10, 0x4                      inst_254+32
x11 <- 0x0000000000000000

clint mtime 0x000000000000031C (mip.MTI <- 0b1, mip.STI <- 0b0)
mem[X,0x00000000800018DC] -> 0x3023
mem[X,0x00000000800018DE] -> 0x74B1
[1592] [M]: 0x00000000800018DC (0x74B13023) sd x11, 0x740(x2)                       inst_254+36
mem[W,0x0000000080007908] <- 0x0000000000000000

mem[X,0x00000000800018E0] -> 0x6537
mem[X,0x00000000800018E2] -> 0x6666
[1593] [M]: 0x00000000800018E0 (0x66666537) lui x10, 0x66666                        inst_255+0
x10 <- 0x0000000066666000

clint mtime 0x000000000000031D (mip.MTI <- 0b1, mip.STI <- 0b0)
mem[X,0x00000000800018E4] -> 0x0513
mem[X,0x00000000800018E6] -> 0x6665
[1594] [M]: 0x00000000800018E4 (0x66650513) addi x10, x10, 0x666                    inst_255+4
x10 <- 0x0000000066666666

mem[X,0x00000000800018E8] -> 0x1513
mem[X,0x00000000800018EA] -> 0x00B5
[1595] [M]: 0x00000000800018E8 (0x00B51513) slli x10, x10, 0xb                      inst_255+8
x10 <- 0x0000033333333000

clint mtime 0x000000000000031E (mip.MTI <- 0b1, mip.STI <- 0b0)
mem[X,0x00000000800018EC] -> 0x0513
mem[X,0x00000000800018EE] -> 0x3335
[1596] [M]: 0x00000000800018EC (0x33350513) addi x10, x10, 0x333                    inst_255+12
x10 <- 0x0000033333333333

mem[X,0x00000000800018F0] -> 0x1513
mem[X,0x00000000800018F2] -> 0x00B5
[1597] [M]: 0x00000000800018F0 (0x00B51513) slli x10, x10, 0xb                      inst_255+16
x10 <- 0x0019999999999800

clint mtime 0x000000000000031F (mip.MTI <- 0b1, mip.STI <- 0b0)
mem[X,0x00000000800018F4] -> 0x0513
mem[X,0x00000000800018F6] -> 0x1995
[1598] [M]: 0x00000000800018F4 (0x19950513) addi x10, x10, 0x199                    inst_255+20
x10 <- 0x0019999999999999

mem[X,0x00000000800018F8] -> 0x1513
mem[X,0x00000000800018FA] -> 0x00A5
[1599] [M]: 0x00000000800018F8 (0x00A51513) slli x10, x10, 0xa                      inst_255+24
x10 <- 0x6666666666666400

clint mtime 0x0000000000000320 (mip.MTI <- 0b1, mip.STI <- 0b0)
mem[X,0x00000000800018FC] -> 0x0513
mem[X,0x00000000800018FE] -> 0x2665
[1600] [M]: 0x00000000800018FC (0x26650513) addi x10, x10, 0x266                    inst_255+28
x10 <- 0x6666666666666666

mem[X,0x0000000080001900] -> 0x2593
mem[X,0x0000000080001902] -> 0x3325
[1601] [M]: 0x0000000080001900 (0x33252593) slti x11, x10, 0x332                    inst_255+32
x11 <- 0x0000000000000000

clint mtime 0x0000000000000321 (mip.MTI <- 0b1, mip.STI <- 0b0)
mem[X,0x0000000080001904] -> 0x3423
mem[X,0x0000000080001906] -> 0x74B1
[1602] [M]: 0x0000000080001904 (0x74B13423) sd x11, 0x748(x2)                       inst_255+36
mem[W,0x0000000080007910] <- 0x0000000000000000

mem[X,0x0000000080001908] -> 0x6537
mem[X,0x000000008000190A] -> 0x6666
[1603] [M]: 0x0000000080001908 (0x66666537) lui x10, 0x66666                        inst_256+0
x10 <- 0x0000000066666000

clint mtime 0x0000000000000322 (mip.MTI <- 0b1, mip.STI <- 0b0)
mem[X,0x000000008000190C] -> 0x0513
mem[X,0x000000008000190E] -> 0x6665
[1604] [M]: 0x000000008000190C (0x66650513) addi x10, x10, 0x666                    inst_256+4
x10 <- 0x0000000066666666

mem[X,0x0000000080001910] -> 0x1513
mem[X,0x0000000080001912] -> 0x00B5
[1605] [M]: 0x0000000080001910 (0x00B51513) slli x10, x10, 0xb                      inst_256+8
x10 <- 0x0000033333333000

clint mtime 0x0000000000000323 (mip.MTI <- 0b1, mip.STI <- 0b0)
mem[X,0x0000000080001914] -> 0x0513
mem[X,0x0000000080001916] -> 0x3335
[1606] [M]: 0x0000000080001914 (0x33350513) addi x10, x10, 0x333                    inst_256+12
x10 <- 0x0000033333333333

mem[X,0x0000000080001918] -> 0x1513
mem[X,0x000000008000191A] -> 0x00B5
[1607] [M]: 0x0000000080001918 (0x00B51513) slli x10, x10, 0xb                      inst_256+16
x10 <- 0x0019999999999800

clint mtime 0x0000000000000324 (mip.MTI <- 0b1, mip.STI <- 0b0)
mem[X,0x000000008000191C] -> 0x0513
mem[X,0x000000008000191E] -> 0x1995
[1608] [M]: 0x000000008000191C (0x19950513) addi x10, x10, 0x199                    inst_256+20
x10 <- 0x0019999999999999

mem[X,0x0000000080001920] -> 0x1513
mem[X,0x0000000080001922] -> 0x00A5
[1609] [M]: 0x0000000080001920 (0x00A51513) slli x10, x10, 0xa                      inst_256+24
x10 <- 0x6666666666666400

clint mtime 0x0000000000000325 (mip.MTI <- 0b1, mip.STI <- 0b0)
mem[X,0x0000000080001924] -> 0x0513
mem[X,0x0000000080001926] -> 0x2665
[1610] [M]: 0x0000000080001924 (0x26650513) addi x10, x10, 0x266                    inst_256+28
x10 <- 0x6666666666666666

mem[X,0x0000000080001928] -> 0x2593
mem[X,0x000000008000192A] -> 0x6655
[1611] [M]: 0x0000000080001928 (0x66552593) slti x11, x10, 0x665                    inst_256+32
x11 <- 0x0000000000000000

clint mtime 0x0000000000000326 (mip.MTI <- 0b1, mip.STI <- 0b0)
mem[X,0x000000008000192C] -> 0x3823
mem[X,0x000000008000192E] -> 0x74B1
[1612] [M]: 0x000000008000192C (0x74B13823) sd x11, 0x750(x2)                       inst_256+36
mem[W,0x0000000080007918] <- 0x0000000000000000

mem[X,0x0000000080001930] -> 0x6537
mem[X,0x0000000080001932] -> 0x6666
[1613] [M]: 0x0000000080001930 (0x66666537) lui x10, 0x66666                        inst_257+0
x10 <- 0x0000000066666000

clint mtime 0x0000000000000327 (mip.MTI <- 0b1, mip.STI <- 0b0)
mem[X,0x0000000080001934] -> 0x0513
mem[X,0x0000000080001936] -> 0x6665
[1614] [M]: 0x0000000080001934 (0x66650513) addi x10, x10, 0x666                    inst_257+4
x10 <- 0x0000000066666666

mem[X,0x0000000080001938] -> 0x1513
mem[X,0x000000008000193A] -> 0x00B5
[1615] [M]: 0x0000000080001938 (0x00B51513) slli x10, x10, 0xb                      inst_257+8
x10 <- 0x0000033333333000

clint mtime 0x0000000000000328 (mip.MTI <- 0b1, mip.STI <- 0b0)
mem[X,0x000000008000193C] -> 0x0513
mem[X,0x000000008000193E] -> 0x3335
[1616] [M]: 0x000000008000193C (0x33350513) addi x10, x10, 0x333                    inst_257+12
x10 <- 0x0000033333333333

mem[X,0x0000000080001940] -> 0x1513
mem[X,0x0000000080001942] -> 0x00B5
[1617] [M]: 0x0000000080001940 (0x00B51513) slli x10, x10, 0xb                      inst_257+16
x10 <- 0x0019999999999800

clint mtime 0x0000000000000329 (mip.MTI <- 0b1, mip.STI <- 0b0)
mem[X,0x0000000080001944] -> 0x0513
mem[X,0x0000000080001946] -> 0x1995
[1618] [M]: 0x0000000080001944 (0x19950513) addi x10, x10, 0x199                    inst_257+20
x10 <- 0x0019999999999999

mem[X,0x0000000080001948] -> 0x1513
mem[X,0x000000008000194A] -> 0x00A5
[1619] [M]: 0x0000000080001948 (0x00A51513) slli x10, x10, 0xa                      inst_257+24
x10 <- 0x6666666666666400

clint mtime 0x000000000000032A (mip.MTI <- 0b1, mip.STI <- 0b0)
mem[X,0x000000008000194C] -> 0x0513
mem[X,0x000000008000194E] -> 0x2665
[1620] [M]: 0x000000008000194C (0x26650513) addi x10, x10, 0x266                    inst_257+28
x10 <- 0x6666666666666666

mem[X,0x0000000080001950] -> 0x2593
mem[X,0x0000000080001952] -> 0x02C5
[1621] [M]: 0x0000000080001950 (0x02C52593) slti x11, x10, 0x2c                     inst_257+32
x11 <- 0x0000000000000000

clint mtime 0x000000000000032B (mip.MTI <- 0b1, mip.STI <- 0b0)
mem[X,0x0000000080001954] -> 0x3C23
mem[X,0x0000000080001956] -> 0x74B1
[1622] [M]: 0x0000000080001954 (0x74B13C23) sd x11, 0x758(x2)                       inst_257+36
mem[W,0x0000000080007920] <- 0x0000000000000000

mem[X,0x0000000080001958] -> 0x6537
mem[X,0x000000008000195A] -> 0x6666
[1623] [M]: 0x0000000080001958 (0x66666537) lui x10, 0x66666                        inst_258+0
x10 <- 0x0000000066666000

clint mtime 0x000000000000032C (mip.MTI <- 0b1, mip.STI <- 0b0)
mem[X,0x000000008000195C] -> 0x0513
mem[X,0x000000008000195E] -> 0x6665
[1624] [M]: 0x000000008000195C (0x66650513) addi x10, x10, 0x666                    inst_258+4
x10 <- 0x0000000066666666

mem[X,0x0000000080001960] -> 0x1513
mem[X,0x0000000080001962] -> 0x00B5
[1625] [M]: 0x0000000080001960 (0x00B51513) slli x10, x10, 0xb                      inst_258+8
x10 <- 0x0000033333333000

clint mtime 0x000000000000032D (mip.MTI <- 0b1, mip.STI <- 0b0)
mem[X,0x0000000080001964] -> 0x0513
mem[X,0x0000000080001966] -> 0x3335
[1626] [M]: 0x0000000080001964 (0x33350513) addi x10, x10, 0x333                    inst_258+12
x10 <- 0x0000033333333333

mem[X,0x0000000080001968] -> 0x1513
mem[X,0x000000008000196A] -> 0x00B5
[1627] [M]: 0x0000000080001968 (0x00B51513) slli x10, x10, 0xb                      inst_258+16
x10 <- 0x0019999999999800

clint mtime 0x000000000000032E (mip.MTI <- 0b1, mip.STI <- 0b0)
mem[X,0x000000008000196C] -> 0x0513
mem[X,0x000000008000196E] -> 0x1995
[1628] [M]: 0x000000008000196C (0x19950513) addi x10, x10, 0x199                    inst_258+20
x10 <- 0x0019999999999999

mem[X,0x0000000080001970] -> 0x1513
mem[X,0x0000000080001972] -> 0x00A5
[1629] [M]: 0x0000000080001970 (0x00A51513) slli x10, x10, 0xa                      inst_258+24
x10 <- 0x6666666666666400

clint mtime 0x000000000000032F (mip.MTI <- 0b1, mip.STI <- 0b0)
mem[X,0x0000000080001974] -> 0x0513
mem[X,0x0000000080001976] -> 0x2665
[1630] [M]: 0x0000000080001974 (0x26650513) addi x10, x10, 0x266                    inst_258+28
x10 <- 0x6666666666666666

mem[X,0x0000000080001978] -> 0x2593
mem[X,0x000000008000197A] -> 0x5565
[1631] [M]: 0x0000000080001978 (0x55652593) slti x11, x10, 0x556                    inst_258+32
x11 <- 0x0000000000000000

clint mtime 0x0000000000000330 (mip.MTI <- 0b1, mip.STI <- 0b0)
mem[X,0x000000008000197C] -> 0x3023
mem[X,0x000000008000197E] -> 0x76B1
[1632] [M]: 0x000000008000197C (0x76B13023) sd x11, 0x760(x2)                       inst_258+36
mem[W,0x0000000080007928] <- 0x0000000000000000

mem[X,0x0000000080001980] -> 0x6537
mem[X,0x0000000080001982] -> 0x6666
[1633] [M]: 0x0000000080001980 (0x66666537) lui x10, 0x66666                        inst_259+0
x10 <- 0x0000000066666000

clint mtime 0x0000000000000331 (mip.MTI <- 0b1, mip.STI <- 0b0)
mem[X,0x0000000080001984] -> 0x0513
mem[X,0x0000000080001986] -> 0x6665
[1634] [M]: 0x0000000080001984 (0x66650513) addi x10, x10, 0x666                    inst_259+4
x10 <- 0x0000000066666666

mem[X,0x0000000080001988] -> 0x1513
mem[X,0x000000008000198A] -> 0x00B5
[1635] [M]: 0x0000000080001988 (0x00B51513) slli x10, x10, 0xb                      inst_259+8
x10 <- 0x0000033333333000

clint mtime 0x0000000000000332 (mip.MTI <- 0b1, mip.STI <- 0b0)
mem[X,0x000000008000198C] -> 0x0513
mem[X,0x000000008000198E] -> 0x3335
[1636] [M]: 0x000000008000198C (0x33350513) addi x10, x10, 0x333                    inst_259+12
x10 <- 0x0000033333333333

mem[X,0x0000000080001990] -> 0x1513
mem[X,0x0000000080001992] -> 0x00B5
[1637] [M]: 0x0000000080001990 (0x00B51513) slli x10, x10, 0xb                      inst_259+16
x10 <- 0x0019999999999800

clint mtime 0x0000000000000333 (mip.MTI <- 0b1, mip.STI <- 0b0)
mem[X,0x0000000080001994] -> 0x0513
mem[X,0x0000000080001996] -> 0x1995
[1638] [M]: 0x0000000080001994 (0x19950513) addi x10, x10, 0x199                    inst_259+20
x10 <- 0x0019999999999999

mem[X,0x0000000080001998] -> 0x1513
mem[X,0x000000008000199A] -> 0x00A5
[1639] [M]: 0x0000000080001998 (0x00A51513) slli x10, x10, 0xa                      inst_259+24
x10 <- 0x6666666666666400

clint mtime 0x0000000000000334 (mip.MTI <- 0b1, mip.STI <- 0b0)
mem[X,0x000000008000199C] -> 0x0513
mem[X,0x000000008000199E] -> 0x2665
[1640] [M]: 0x000000008000199C (0x26650513) addi x10, x10, 0x266                    inst_259+28
x10 <- 0x6666666666666666

mem[X,0x00000000800019A0] -> 0x2593
mem[X,0x00000000800019A2] -> 0xAAB5
[1641] [M]: 0x00000000800019A0 (0xAAB52593) slti x11, x10, -0x555                   inst_259+32
x11 <- 0x0000000000000000

clint mtime 0x0000000000000335 (mip.MTI <- 0b1, mip.STI <- 0b0)
mem[X,0x00000000800019A4] -> 0x3423
mem[X,0x00000000800019A6] -> 0x76B1
[1642] [M]: 0x00000000800019A4 (0x76B13423) sd x11, 0x768(x2)                       inst_259+36
mem[W,0x0000000080007930] <- 0x0000000000000000

mem[X,0x00000000800019A8] -> 0x6537
mem[X,0x00000000800019AA] -> 0x6666
[1643] [M]: 0x00000000800019A8 (0x66666537) lui x10, 0x66666                        inst_260+0
x10 <- 0x0000000066666000

clint mtime 0x0000000000000336 (mip.MTI <- 0b1, mip.STI <- 0b0)
mem[X,0x00000000800019AC] -> 0x0513
mem[X,0x00000000800019AE] -> 0x6665
[1644] [M]: 0x00000000800019AC (0x66650513) addi x10, x10, 0x666                    inst_260+4
x10 <- 0x0000000066666666

mem[X,0x00000000800019B0] -> 0x1513
mem[X,0x00000000800019B2] -> 0x00B5
[1645] [M]: 0x00000000800019B0 (0x00B51513) slli x10, x10, 0xb                      inst_260+8
x10 <- 0x0000033333333000

clint mtime 0x0000000000000337 (mip.MTI <- 0b1, mip.STI <- 0b0)
mem[X,0x00000000800019B4] -> 0x0513
mem[X,0x00000000800019B6] -> 0x3335
[1646] [M]: 0x00000000800019B4 (0x33350513) addi x10, x10, 0x333                    inst_260+12
x10 <- 0x0000033333333333

mem[X,0x00000000800019B8] -> 0x1513
mem[X,0x00000000800019BA] -> 0x00B5
[1647] [M]: 0x00000000800019B8 (0x00B51513) slli x10, x10, 0xb                      inst_260+16
x10 <- 0x0019999999999800

clint mtime 0x0000000000000338 (mip.MTI <- 0b1, mip.STI <- 0b0)
mem[X,0x00000000800019BC] -> 0x0513
mem[X,0x00000000800019BE] -> 0x1995
[1648] [M]: 0x00000000800019BC (0x19950513) addi x10, x10, 0x199                    inst_260+20
x10 <- 0x0019999999999999

mem[X,0x00000000800019C0] -> 0x1513
mem[X,0x00000000800019C2] -> 0x00A5
[1649] [M]: 0x00000000800019C0 (0x00A51513) slli x10, x10, 0xa                      inst_260+24
x10 <- 0x6666666666666400

clint mtime 0x0000000000000339 (mip.MTI <- 0b1, mip.STI <- 0b0)
mem[X,0x00000000800019C4] -> 0x0513
mem[X,0x00000000800019C6] -> 0x2665
[1650] [M]: 0x00000000800019C4 (0x26650513) addi x10, x10, 0x266                    inst_260+28
x10 <- 0x6666666666666666

mem[X,0x00000000800019C8] -> 0x2593
mem[X,0x00000000800019CA] -> 0x0065
[1651] [M]: 0x00000000800019C8 (0x00652593) slti x11, x10, 0x6                      inst_260+32
x11 <- 0x0000000000000000

clint mtime 0x000000000000033A (mip.MTI <- 0b1, mip.STI <- 0b0)
mem[X,0x00000000800019CC] -> 0x3823
mem[X,0x00000000800019CE] -> 0x76B1
[1652] [M]: 0x00000000800019CC (0x76B13823) sd x11, 0x770(x2)                       inst_260+36
mem[W,0x0000000080007938] <- 0x0000000000000000

mem[X,0x00000000800019D0] -> 0x6537
mem[X,0x00000000800019D2] -> 0x6666
[1653] [M]: 0x00000000800019D0 (0x66666537) lui x10, 0x66666                        inst_261+0
x10 <- 0x0000000066666000

clint mtime 0x000000000000033B (mip.MTI <- 0b1, mip.STI <- 0b0)
mem[X,0x00000000800019D4] -> 0x0513
mem[X,0x00000000800019D6] -> 0x6665
[1654] [M]: 0x00000000800019D4 (0x66650513) addi x10, x10, 0x666                    inst_261+4
x10 <- 0x0000000066666666

mem[X,0x00000000800019D8] -> 0x1513
mem[X,0x00000000800019DA] -> 0x00B5
[1655] [M]: 0x00000000800019D8 (0x00B51513) slli x10, x10, 0xb                      inst_261+8
x10 <- 0x0000033333333000

clint mtime 0x000000000000033C (mip.MTI <- 0b1, mip.STI <- 0b0)
mem[X,0x00000000800019DC] -> 0x0513
mem[X,0x00000000800019DE] -> 0x3335
[1656] [M]: 0x00000000800019DC (0x33350513) addi x10, x10, 0x333                    inst_261+12
x10 <- 0x0000033333333333

mem[X,0x00000000800019E0] -> 0x1513
mem[X,0x00000000800019E2] -> 0x00B5
[1657] [M]: 0x00000000800019E0 (0x00B51513) slli x10, x10, 0xb                      inst_261+16
x10 <- 0x0019999999999800

clint mtime 0x000000000000033D (mip.MTI <- 0b1, mip.STI <- 0b0)
mem[X,0x00000000800019E4] -> 0x0513
mem[X,0x00000000800019E6] -> 0x1995
[1658] [M]: 0x00000000800019E4 (0x19950513) addi x10, x10, 0x199                    inst_261+20
x10 <- 0x0019999999999999

mem[X,0x00000000800019E8] -> 0x1513
mem[X,0x00000000800019EA] -> 0x00A5
[1659] [M]: 0x00000000800019E8 (0x00A51513) slli x10, x10, 0xa                      inst_261+24
x10 <- 0x6666666666666400

clint mtime 0x000000000000033E (mip.MTI <- 0b1, mip.STI <- 0b0)
mem[X,0x00000000800019EC] -> 0x0513
mem[X,0x00000000800019EE] -> 0x2665
[1660] [M]: 0x00000000800019EC (0x26650513) addi x10, x10, 0x266                    inst_261+28
x10 <- 0x6666666666666666

mem[X,0x00000000800019F0] -> 0x2593
mem[X,0x00000000800019F2] -> 0x3345
[1661] [M]: 0x00000000800019F0 (0x33452593) slti x11, x10, 0x334                    inst_261+32
x11 <- 0x0000000000000000

clint mtime 0x000000000000033F (mip.MTI <- 0b1, mip.STI <- 0b0)
mem[X,0x00000000800019F4] -> 0x3C23
mem[X,0x00000000800019F6] -> 0x76B1
[1662] [M]: 0x00000000800019F4 (0x76B13C23) sd x11, 0x778(x2)                       inst_261+36
mem[W,0x0000000080007940] <- 0x0000000000000000

mem[X,0x00000000800019F8] -> 0x6537
mem[X,0x00000000800019FA] -> 0x6666
[1663] [M]: 0x00000000800019F8 (0x66666537) lui x10, 0x66666                        inst_262+0
x10 <- 0x0000000066666000

clint mtime 0x0000000000000340 (mip.MTI <- 0b1, mip.STI <- 0b0)
mem[X,0x00000000800019FC] -> 0x0513
mem[X,0x00000000800019FE] -> 0x6665
[1664] [M]: 0x00000000800019FC (0x66650513) addi x10, x10, 0x666                    inst_262+4
x10 <- 0x0000000066666666

mem[X,0x0000000080001A00] -> 0x1513
mem[X,0x0000000080001A02] -> 0x00B5
[1665] [M]: 0x0000000080001A00 (0x00B51513) slli x10, x10, 0xb                      inst_262+8
x10 <- 0x0000033333333000

clint mtime 0x0000000000000341 (mip.MTI <- 0b1, mip.STI <- 0b0)
mem[X,0x0000000080001A04] -> 0x0513
mem[X,0x0000000080001A06] -> 0x3335
[1666] [M]: 0x0000000080001A04 (0x33350513) addi x10, x10, 0x333                    inst_262+12
x10 <- 0x0000033333333333

mem[X,0x0000000080001A08] -> 0x1513
mem[X,0x0000000080001A0A] -> 0x00B5
[1667] [M]: 0x0000000080001A08 (0x00B51513) slli x10, x10, 0xb                      inst_262+16
x10 <- 0x0019999999999800

clint mtime 0x0000000000000342 (mip.MTI <- 0b1, mip.STI <- 0b0)
mem[X,0x0000000080001A0C] -> 0x0513
mem[X,0x0000000080001A0E] -> 0x1995
[1668] [M]: 0x0000000080001A0C (0x19950513) addi x10, x10, 0x199                    inst_262+20
x10 <- 0x0019999999999999

mem[X,0x0000000080001A10] -> 0x1513
mem[X,0x0000000080001A12] -> 0x00A5
[1669] [M]: 0x0000000080001A10 (0x00A51513) slli x10, x10, 0xa                      inst_262+24
x10 <- 0x6666666666666400

clint mtime 0x0000000000000343 (mip.MTI <- 0b1, mip.STI <- 0b0)
mem[X,0x0000000080001A14] -> 0x0513
mem[X,0x0000000080001A16] -> 0x2665
[1670] [M]: 0x0000000080001A14 (0x26650513) addi x10, x10, 0x266                    inst_262+28
x10 <- 0x6666666666666666

mem[X,0x0000000080001A18] -> 0x2593
mem[X,0x0000000080001A1A] -> 0x6675
[1671] [M]: 0x0000000080001A18 (0x66752593) slti x11, x10, 0x667                    inst_262+32
x11 <- 0x0000000000000000

clint mtime 0x0000000000000344 (mip.MTI <- 0b1, mip.STI <- 0b0)
mem[X,0x0000000080001A1C] -> 0x3023
mem[X,0x0000000080001A1E] -> 0x78B1
[1672] [M]: 0x0000000080001A1C (0x78B13023) sd x11, 0x780(x2)                       inst_262+36
mem[W,0x0000000080007948] <- 0x0000000000000000

mem[X,0x0000000080001A20] -> 0x6537
mem[X,0x0000000080001A22] -> 0x6666
[1673] [M]: 0x0000000080001A20 (0x66666537) lui x10, 0x66666                        inst_263+0
x10 <- 0x0000000066666000

clint mtime 0x0000000000000345 (mip.MTI <- 0b1, mip.STI <- 0b0)
mem[X,0x0000000080001A24] -> 0x0513
mem[X,0x0000000080001A26] -> 0x6665
[1674] [M]: 0x0000000080001A24 (0x66650513) addi x10, x10, 0x666                    inst_263+4
x10 <- 0x0000000066666666

mem[X,0x0000000080001A28] -> 0x1513
mem[X,0x0000000080001A2A] -> 0x00B5
[1675] [M]: 0x0000000080001A28 (0x00B51513) slli x10, x10, 0xb                      inst_263+8
x10 <- 0x0000033333333000

clint mtime 0x0000000000000346 (mip.MTI <- 0b1, mip.STI <- 0b0)
mem[X,0x0000000080001A2C] -> 0x0513
mem[X,0x0000000080001A2E] -> 0x3335
[1676] [M]: 0x0000000080001A2C (0x33350513) addi x10, x10, 0x333                    inst_263+12
x10 <- 0x0000033333333333

mem[X,0x0000000080001A30] -> 0x1513
mem[X,0x0000000080001A32] -> 0x00B5
[1677] [M]: 0x0000000080001A30 (0x00B51513) slli x10, x10, 0xb                      inst_263+16
x10 <- 0x0019999999999800

clint mtime 0x0000000000000347 (mip.MTI <- 0b1, mip.STI <- 0b0)
mem[X,0x0000000080001A34] -> 0x0513
mem[X,0x0000000080001A36] -> 0x1995
[1678] [M]: 0x0000000080001A34 (0x19950513) addi x10, x10, 0x199                    inst_263+20
x10 <- 0x0019999999999999

mem[X,0x0000000080001A38] -> 0x1513
mem[X,0x0000000080001A3A] -> 0x00A5
[1679] [M]: 0x0000000080001A38 (0x00A51513) slli x10, x10, 0xa                      inst_263+24
x10 <- 0x6666666666666400

clint mtime 0x0000000000000348 (mip.MTI <- 0b1, mip.STI <- 0b0)
mem[X,0x0000000080001A3C] -> 0x0513
mem[X,0x0000000080001A3E] -> 0x2665
[1680] [M]: 0x0000000080001A3C (0x26650513) addi x10, x10, 0x266                    inst_263+28
x10 <- 0x6666666666666666

mem[X,0x0000000080001A40] -> 0x2593
mem[X,0x0000000080001A42] -> 0xFD45
[1681] [M]: 0x0000000080001A40 (0xFD452593) slti x11, x10, -0x2c                    inst_263+32
x11 <- 0x0000000000000000

clint mtime 0x0000000000000349 (mip.MTI <- 0b1, mip.STI <- 0b0)
mem[X,0x0000000080001A44] -> 0x3423
mem[X,0x0000000080001A46] -> 0x78B1
[1682] [M]: 0x0000000080001A44 (0x78B13423) sd x11, 0x788(x2)                       inst_263+36
mem[W,0x0000000080007950] <- 0x0000000000000000

mem[X,0x0000000080001A48] -> 0x6537
mem[X,0x0000000080001A4A] -> 0x6666
[1683] [M]: 0x0000000080001A48 (0x66666537) lui x10, 0x66666                        inst_264+0
x10 <- 0x0000000066666000

clint mtime 0x000000000000034A (mip.MTI <- 0b1, mip.STI <- 0b0)
mem[X,0x0000000080001A4C] -> 0x0513
mem[X,0x0000000080001A4E] -> 0x6665
[1684] [M]: 0x0000000080001A4C (0x66650513) addi x10, x10, 0x666                    inst_264+4
x10 <- 0x0000000066666666

mem[X,0x0000000080001A50] -> 0x1513
mem[X,0x0000000080001A52] -> 0x00B5
[1685] [M]: 0x0000000080001A50 (0x00B51513) slli x10, x10, 0xb                      inst_264+8
x10 <- 0x0000033333333000

clint mtime 0x000000000000034B (mip.MTI <- 0b1, mip.STI <- 0b0)
mem[X,0x0000000080001A54] -> 0x0513
mem[X,0x0000000080001A56] -> 0x3335
[1686] [M]: 0x0000000080001A54 (0x33350513) addi x10, x10, 0x333                    inst_264+12
x10 <- 0x0000033333333333

mem[X,0x0000000080001A58] -> 0x1513
mem[X,0x0000000080001A5A] -> 0x00B5
[1687] [M]: 0x0000000080001A58 (0x00B51513) slli x10, x10, 0xb                      inst_264+16
x10 <- 0x0019999999999800

clint mtime 0x000000000000034C (mip.MTI <- 0b1, mip.STI <- 0b0)
mem[X,0x0000000080001A5C] -> 0x0513
mem[X,0x0000000080001A5E] -> 0x1995
[1688] [M]: 0x0000000080001A5C (0x19950513) addi x10, x10, 0x199                    inst_264+20
x10 <- 0x0019999999999999

mem[X,0x0000000080001A60] -> 0x1513
mem[X,0x0000000080001A62] -> 0x00A5
[1689] [M]: 0x0000000080001A60 (0x00A51513) slli x10, x10, 0xa                      inst_264+24
x10 <- 0x6666666666666400

clint mtime 0x000000000000034D (mip.MTI <- 0b1, mip.STI <- 0b0)
mem[X,0x0000000080001A64] -> 0x0513
mem[X,0x0000000080001A66] -> 0x2665
[1690] [M]: 0x0000000080001A64 (0x26650513) addi x10, x10, 0x266                    inst_264+28
x10 <- 0x6666666666666666

mem[X,0x0000000080001A68] -> 0x2593
mem[X,0x0000000080001A6A] -> 0x02E5
[1691] [M]: 0x0000000080001A68 (0x02E52593) slti x11, x10, 0x2e                     inst_264+32
x11 <- 0x0000000000000000

clint mtime 0x000000000000034E (mip.MTI <- 0b1, mip.STI <- 0b0)
mem[X,0x0000000080001A6C] -> 0x3823
mem[X,0x0000000080001A6E] -> 0x78B1
[1692] [M]: 0x0000000080001A6C (0x78B13823) sd x11, 0x790(x2)                       inst_264+36
mem[W,0x0000000080007958] <- 0x0000000000000000

mem[X,0x0000000080001A70] -> 0x0537
mem[X,0x0000000080001A72] -> 0x0000
[1693] [M]: 0x0000000080001A70 (0x00000537) lui x10, 0x0                            inst_265+0
x10 <- 0x0000000000000000

clint mtime 0x000000000000034F (mip.MTI <- 0b1, mip.STI <- 0b0)
mem[X,0x0000000080001A74] -> 0x0513
mem[X,0x0000000080001A76] -> 0xFFF5
[1694] [M]: 0x0000000080001A74 (0xFFF50513) addi x10, x10, -0x1                     inst_265+4
x10 <- 0xFFFFFFFFFFFFFFFF

mem[X,0x0000000080001A78] -> 0x1513
mem[X,0x0000000080001A7A] -> 0x00B5
[1695] [M]: 0x0000000080001A78 (0x00B51513) slli x10, x10, 0xb                      inst_265+8
x10 <- 0xFFFFFFFFFFFFF800

clint mtime 0x0000000000000350 (mip.MTI <- 0b1, mip.STI <- 0b0)
mem[X,0x0000000080001A7C] -> 0x0513
mem[X,0x0000000080001A7E] -> 0x2575
[1696] [M]: 0x0000000080001A7C (0x25750513) addi x10, x10, 0x257                    inst_265+12
x10 <- 0xFFFFFFFFFFFFFA57

mem[X,0x0000000080001A80] -> 0x1513
mem[X,0x0000000080001A82] -> 0x00B5
[1697] [M]: 0x0000000080001A80 (0x00B51513) slli x10, x10, 0xb                      inst_265+16
x10 <- 0xFFFFFFFFFFD2B800

clint mtime 0x0000000000000351 (mip.MTI <- 0b1, mip.STI <- 0b0)
mem[X,0x0000000080001A84] -> 0x0513
mem[X,0x0000000080001A86] -> 0x6C35
[1698] [M]: 0x0000000080001A84 (0x6C350513) addi x10, x10, 0x6c3                    inst_265+20
x10 <- 0xFFFFFFFFFFD2BEC3

mem[X,0x0000000080001A88] -> 0x1513
mem[X,0x0000000080001A8A] -> 0x00A5
[1699] [M]: 0x0000000080001A88 (0x00A51513) slli x10, x10, 0xa                      inst_265+24
x10 <- 0xFFFFFFFF4AFB0C00

clint mtime 0x0000000000000352 (mip.MTI <- 0b1, mip.STI <- 0b0)
mem[X,0x0000000080001A8C] -> 0x0513
mem[X,0x0000000080001A8E] -> 0x0CD5
[1700] [M]: 0x0000000080001A8C (0x0CD50513) addi x10, x10, 0xcd                     inst_265+28
x10 <- 0xFFFFFFFF4AFB0CCD

mem[X,0x0000000080001A90] -> 0x2593
mem[X,0x0000000080001A92] -> 0x0035
[1701] [M]: 0x0000000080001A90 (0x00352593) slti x11, x10, 0x3                      inst_265+32
x11 <- 0x0000000000000001

clint mtime 0x0000000000000353 (mip.MTI <- 0b1, mip.STI <- 0b0)
mem[X,0x0000000080001A94] -> 0x3C23
mem[X,0x0000000080001A96] -> 0x78B1
[1702] [M]: 0x0000000080001A94 (0x78B13C23) sd x11, 0x798(x2)                       inst_265+36
mem[W,0x0000000080007960] <- 0x0000000000000001

mem[X,0x0000000080001A98] -> 0x0537
mem[X,0x0000000080001A9A] -> 0x0000
[1703] [M]: 0x0000000080001A98 (0x00000537) lui x10, 0x0                            inst_266+0
x10 <- 0x0000000000000000

clint mtime 0x0000000000000354 (mip.MTI <- 0b1, mip.STI <- 0b0)
mem[X,0x0000000080001A9C] -> 0x0513
mem[X,0x0000000080001A9E] -> 0xFFF5
[1704] [M]: 0x0000000080001A9C (0xFFF50513) addi x10, x10, -0x1                     inst_266+4
x10 <- 0xFFFFFFFFFFFFFFFF

mem[X,0x0000000080001AA0] -> 0x1513
mem[X,0x0000000080001AA2] -> 0x00B5
[1705] [M]: 0x0000000080001AA0 (0x00B51513) slli x10, x10, 0xb                      inst_266+8
x10 <- 0xFFFFFFFFFFFFF800

clint mtime 0x0000000000000355 (mip.MTI <- 0b1, mip.STI <- 0b0)
mem[X,0x0000000080001AA4] -> 0x0513
mem[X,0x0000000080001AA6] -> 0x2575
[1706] [M]: 0x0000000080001AA4 (0x25750513) addi x10, x10, 0x257                    inst_266+12
x10 <- 0xFFFFFFFFFFFFFA57

mem[X,0x0000000080001AA8] -> 0x1513
mem[X,0x0000000080001AAA] -> 0x00B5
[1707] [M]: 0x0000000080001AA8 (0x00B51513) slli x10, x10, 0xb                      inst_266+16
x10 <- 0xFFFFFFFFFFD2B800

clint mtime 0x0000000000000356 (mip.MTI <- 0b1, mip.STI <- 0b0)
mem[X,0x0000000080001AAC] -> 0x0513
mem[X,0x0000000080001AAE] -> 0x6C35
[1708] [M]: 0x0000000080001AAC (0x6C350513) addi x10, x10, 0x6c3                    inst_266+20
x10 <- 0xFFFFFFFFFFD2BEC3

mem[X,0x0000000080001AB0] -> 0x1513
mem[X,0x0000000080001AB2] -> 0x00A5
[1709] [M]: 0x0000000080001AB0 (0x00A51513) slli x10, x10, 0xa                      inst_266+24
x10 <- 0xFFFFFFFF4AFB0C00

clint mtime 0x0000000000000357 (mip.MTI <- 0b1, mip.STI <- 0b0)
mem[X,0x0000000080001AB4] -> 0x0513
mem[X,0x0000000080001AB6] -> 0x0CD5
[1710] [M]: 0x0000000080001AB4 (0x0CD50513) addi x10, x10, 0xcd                     inst_266+28
x10 <- 0xFFFFFFFF4AFB0CCD

mem[X,0x0000000080001AB8] -> 0x2593
mem[X,0x0000000080001ABA] -> 0x5555
[1711] [M]: 0x0000000080001AB8 (0x55552593) slti x11, x10, 0x555                    inst_266+32
x11 <- 0x0000000000000001

clint mtime 0x0000000000000358 (mip.MTI <- 0b1, mip.STI <- 0b0)
mem[X,0x0000000080001ABC] -> 0x3023
mem[X,0x0000000080001ABE] -> 0x7AB1
[1712] [M]: 0x0000000080001ABC (0x7AB13023) sd x11, 0x7a0(x2)                       inst_266+36
mem[W,0x0000000080007968] <- 0x0000000000000001

mem[X,0x0000000080001AC0] -> 0x0537
mem[X,0x0000000080001AC2] -> 0x0000
[1713] [M]: 0x0000000080001AC0 (0x00000537) lui x10, 0x0                            inst_267+0
x10 <- 0x0000000000000000

clint mtime 0x0000000000000359 (mip.MTI <- 0b1, mip.STI <- 0b0)
mem[X,0x0000000080001AC4] -> 0x0513
mem[X,0x0000000080001AC6] -> 0xFFF5
[1714] [M]: 0x0000000080001AC4 (0xFFF50513) addi x10, x10, -0x1                     inst_267+4
x10 <- 0xFFFFFFFFFFFFFFFF

mem[X,0x0000000080001AC8] -> 0x1513
mem[X,0x0000000080001ACA] -> 0x00B5
[1715] [M]: 0x0000000080001AC8 (0x00B51513) slli x10, x10, 0xb                      inst_267+8
x10 <- 0xFFFFFFFFFFFFF800

clint mtime 0x000000000000035A (mip.MTI <- 0b1, mip.STI <- 0b0)
mem[X,0x0000000080001ACC] -> 0x0513
mem[X,0x0000000080001ACE] -> 0x2575
[1716] [M]: 0x0000000080001ACC (0x25750513) addi x10, x10, 0x257                    inst_267+12
x10 <- 0xFFFFFFFFFFFFFA57

mem[X,0x0000000080001AD0] -> 0x1513
mem[X,0x0000000080001AD2] -> 0x00B5
[1717] [M]: 0x0000000080001AD0 (0x00B51513) slli x10, x10, 0xb                      inst_267+16
x10 <- 0xFFFFFFFFFFD2B800

clint mtime 0x000000000000035B (mip.MTI <- 0b1, mip.STI <- 0b0)
mem[X,0x0000000080001AD4] -> 0x0513
mem[X,0x0000000080001AD6] -> 0x6C35
[1718] [M]: 0x0000000080001AD4 (0x6C350513) addi x10, x10, 0x6c3                    inst_267+20
x10 <- 0xFFFFFFFFFFD2BEC3

mem[X,0x0000000080001AD8] -> 0x1513
mem[X,0x0000000080001ADA] -> 0x00A5
[1719] [M]: 0x0000000080001AD8 (0x00A51513) slli x10, x10, 0xa                      inst_267+24
x10 <- 0xFFFFFFFF4AFB0C00

clint mtime 0x000000000000035C (mip.MTI <- 0b1, mip.STI <- 0b0)
mem[X,0x0000000080001ADC] -> 0x0513
mem[X,0x0000000080001ADE] -> 0x0CD5
[1720] [M]: 0x0000000080001ADC (0x0CD50513) addi x10, x10, 0xcd                     inst_267+28
x10 <- 0xFFFFFFFF4AFB0CCD

mem[X,0x0000000080001AE0] -> 0x2593
mem[X,0x0000000080001AE2] -> 0xAAA5
[1721] [M]: 0x0000000080001AE0 (0xAAA52593) slti x11, x10, -0x556                   inst_267+32
x11 <- 0x0000000000000001

clint mtime 0x000000000000035D (mip.MTI <- 0b1, mip.STI <- 0b0)
mem[X,0x0000000080001AE4] -> 0x3423
mem[X,0x0000000080001AE6] -> 0x7AB1
[1722] [M]: 0x0000000080001AE4 (0x7AB13423) sd x11, 0x7a8(x2)                       inst_267+36
mem[W,0x0000000080007970] <- 0x0000000000000001

mem[X,0x0000000080001AE8] -> 0x0537
mem[X,0x0000000080001AEA] -> 0x0000
[1723] [M]: 0x0000000080001AE8 (0x00000537) lui x10, 0x0                            inst_268+0
x10 <- 0x0000000000000000

clint mtime 0x000000000000035E (mip.MTI <- 0b1, mip.STI <- 0b0)
mem[X,0x0000000080001AEC] -> 0x0513
mem[X,0x0000000080001AEE] -> 0xFFF5
[1724] [M]: 0x0000000080001AEC (0xFFF50513) addi x10, x10, -0x1                     inst_268+4
x10 <- 0xFFFFFFFFFFFFFFFF

mem[X,0x0000000080001AF0] -> 0x1513
mem[X,0x0000000080001AF2] -> 0x00B5
[1725] [M]: 0x0000000080001AF0 (0x00B51513) slli x10, x10, 0xb                      inst_268+8
x10 <- 0xFFFFFFFFFFFFF800

clint mtime 0x000000000000035F (mip.MTI <- 0b1, mip.STI <- 0b0)
mem[X,0x0000000080001AF4] -> 0x0513
mem[X,0x0000000080001AF6] -> 0x2575
[1726] [M]: 0x0000000080001AF4 (0x25750513) addi x10, x10, 0x257                    inst_268+12
x10 <- 0xFFFFFFFFFFFFFA57

mem[X,0x0000000080001AF8] -> 0x1513
mem[X,0x0000000080001AFA] -> 0x00B5
[1727] [M]: 0x0000000080001AF8 (0x00B51513) slli x10, x10, 0xb                      inst_268+16
x10 <- 0xFFFFFFFFFFD2B800

clint mtime 0x0000000000000360 (mip.MTI <- 0b1, mip.STI <- 0b0)
mem[X,0x0000000080001AFC] -> 0x0513
mem[X,0x0000000080001AFE] -> 0x6C35
[1728] [M]: 0x0000000080001AFC (0x6C350513) addi x10, x10, 0x6c3                    inst_268+20
x10 <- 0xFFFFFFFFFFD2BEC3

mem[X,0x0000000080001B00] -> 0x1513
mem[X,0x0000000080001B02] -> 0x00A5
[1729] [M]: 0x0000000080001B00 (0x00A51513) slli x10, x10, 0xa                      inst_268+24
x10 <- 0xFFFFFFFF4AFB0C00

clint mtime 0x0000000000000361 (mip.MTI <- 0b1, mip.STI <- 0b0)
mem[X,0x0000000080001B04] -> 0x0513
mem[X,0x0000000080001B06] -> 0x0CD5
[1730] [M]: 0x0000000080001B04 (0x0CD50513) addi x10, x10, 0xcd                     inst_268+28
x10 <- 0xFFFFFFFF4AFB0CCD

mem[X,0x0000000080001B08] -> 0x2593
mem[X,0x0000000080001B0A] -> 0x0055
[1731] [M]: 0x0000000080001B08 (0x00552593) slti x11, x10, 0x5                      inst_268+32
x11 <- 0x0000000000000001

clint mtime 0x0000000000000362 (mip.MTI <- 0b1, mip.STI <- 0b0)
mem[X,0x0000000080001B0C] -> 0x3823
mem[X,0x0000000080001B0E] -> 0x7AB1
[1732] [M]: 0x0000000080001B0C (0x7AB13823) sd x11, 0x7b0(x2)                       inst_268+36
mem[W,0x0000000080007978] <- 0x0000000000000001

mem[X,0x0000000080001B10] -> 0x0537
mem[X,0x0000000080001B12] -> 0x0000
[1733] [M]: 0x0000000080001B10 (0x00000537) lui x10, 0x0                            inst_269+0
x10 <- 0x0000000000000000

clint mtime 0x0000000000000363 (mip.MTI <- 0b1, mip.STI <- 0b0)
mem[X,0x0000000080001B14] -> 0x0513
mem[X,0x0000000080001B16] -> 0xFFF5
[1734] [M]: 0x0000000080001B14 (0xFFF50513) addi x10, x10, -0x1                     inst_269+4
x10 <- 0xFFFFFFFFFFFFFFFF

mem[X,0x0000000080001B18] -> 0x1513
mem[X,0x0000000080001B1A] -> 0x00B5
[1735] [M]: 0x0000000080001B18 (0x00B51513) slli x10, x10, 0xb                      inst_269+8
x10 <- 0xFFFFFFFFFFFFF800

clint mtime 0x0000000000000364 (mip.MTI <- 0b1, mip.STI <- 0b0)
mem[X,0x0000000080001B1C] -> 0x0513
mem[X,0x0000000080001B1E] -> 0x2575
[1736] [M]: 0x0000000080001B1C (0x25750513) addi x10, x10, 0x257                    inst_269+12
x10 <- 0xFFFFFFFFFFFFFA57

mem[X,0x0000000080001B20] -> 0x1513
mem[X,0x0000000080001B22] -> 0x00B5
[1737] [M]: 0x0000000080001B20 (0x00B51513) slli x10, x10, 0xb                      inst_269+16
x10 <- 0xFFFFFFFFFFD2B800

clint mtime 0x0000000000000365 (mip.MTI <- 0b1, mip.STI <- 0b0)
mem[X,0x0000000080001B24] -> 0x0513
mem[X,0x0000000080001B26] -> 0x6C35
[1738] [M]: 0x0000000080001B24 (0x6C350513) addi x10, x10, 0x6c3                    inst_269+20
x10 <- 0xFFFFFFFFFFD2BEC3

mem[X,0x0000000080001B28] -> 0x1513
mem[X,0x0000000080001B2A] -> 0x00A5
[1739] [M]: 0x0000000080001B28 (0x00A51513) slli x10, x10, 0xa                      inst_269+24
x10 <- 0xFFFFFFFF4AFB0C00

clint mtime 0x0000000000000366 (mip.MTI <- 0b1, mip.STI <- 0b0)
mem[X,0x0000000080001B2C] -> 0x0513
mem[X,0x0000000080001B2E] -> 0x0CD5
[1740] [M]: 0x0000000080001B2C (0x0CD50513) addi x10, x10, 0xcd                     inst_269+28
x10 <- 0xFFFFFFFF4AFB0CCD

mem[X,0x0000000080001B30] -> 0x2593
mem[X,0x0000000080001B32] -> 0x3335
[1741] [M]: 0x0000000080001B30 (0x33352593) slti x11, x10, 0x333                    inst_269+32
x11 <- 0x0000000000000001

clint mtime 0x0000000000000367 (mip.MTI <- 0b1, mip.STI <- 0b0)
mem[X,0x0000000080001B34] -> 0x3C23
mem[X,0x0000000080001B36] -> 0x7AB1
[1742] [M]: 0x0000000080001B34 (0x7AB13C23) sd x11, 0x7b8(x2)                       inst_269+36
mem[W,0x0000000080007980] <- 0x0000000000000001

mem[X,0x0000000080001B38] -> 0x0537
mem[X,0x0000000080001B3A] -> 0x0000
[1743] [M]: 0x0000000080001B38 (0x00000537) lui x10, 0x0                            inst_270+0
x10 <- 0x0000000000000000

clint mtime 0x0000000000000368 (mip.MTI <- 0b1, mip.STI <- 0b0)
mem[X,0x0000000080001B3C] -> 0x0513
mem[X,0x0000000080001B3E] -> 0xFFF5
[1744] [M]: 0x0000000080001B3C (0xFFF50513) addi x10, x10, -0x1                     inst_270+4
x10 <- 0xFFFFFFFFFFFFFFFF

mem[X,0x0000000080001B40] -> 0x1513
mem[X,0x0000000080001B42] -> 0x00B5
[1745] [M]: 0x0000000080001B40 (0x00B51513) slli x10, x10, 0xb                      inst_270+8
x10 <- 0xFFFFFFFFFFFFF800

clint mtime 0x0000000000000369 (mip.MTI <- 0b1, mip.STI <- 0b0)
mem[X,0x0000000080001B44] -> 0x0513
mem[X,0x0000000080001B46] -> 0x2575
[1746] [M]: 0x0000000080001B44 (0x25750513) addi x10, x10, 0x257                    inst_270+12
x10 <- 0xFFFFFFFFFFFFFA57

mem[X,0x0000000080001B48] -> 0x1513
mem[X,0x0000000080001B4A] -> 0x00B5
[1747] [M]: 0x0000000080001B48 (0x00B51513) slli x10, x10, 0xb                      inst_270+16
x10 <- 0xFFFFFFFFFFD2B800

clint mtime 0x000000000000036A (mip.MTI <- 0b1, mip.STI <- 0b0)
mem[X,0x0000000080001B4C] -> 0x0513
mem[X,0x0000000080001B4E] -> 0x6C35
[1748] [M]: 0x0000000080001B4C (0x6C350513) addi x10, x10, 0x6c3                    inst_270+20
x10 <- 0xFFFFFFFFFFD2BEC3

mem[X,0x0000000080001B50] -> 0x1513
mem[X,0x0000000080001B52] -> 0x00A5
[1749] [M]: 0x0000000080001B50 (0x00A51513) slli x10, x10, 0xa                      inst_270+24
x10 <- 0xFFFFFFFF4AFB0C00

clint mtime 0x000000000000036B (mip.MTI <- 0b1, mip.STI <- 0b0)
mem[X,0x0000000080001B54] -> 0x0513
mem[X,0x0000000080001B56] -> 0x0CD5
[1750] [M]: 0x0000000080001B54 (0x0CD50513) addi x10, x10, 0xcd                     inst_270+28
x10 <- 0xFFFFFFFF4AFB0CCD

mem[X,0x0000000080001B58] -> 0x2593
mem[X,0x0000000080001B5A] -> 0x6665
[1751] [M]: 0x0000000080001B58 (0x66652593) slti x11, x10, 0x666                    inst_270+32
x11 <- 0x0000000000000001

clint mtime 0x000000000000036C (mip.MTI <- 0b1, mip.STI <- 0b0)
mem[X,0x0000000080001B5C] -> 0x3023
mem[X,0x0000000080001B5E] -> 0x7CB1
[1752] [M]: 0x0000000080001B5C (0x7CB13023) sd x11, 0x7c0(x2)                       inst_270+36
mem[W,0x0000000080007988] <- 0x0000000000000001

mem[X,0x0000000080001B60] -> 0x0537
mem[X,0x0000000080001B62] -> 0x0000
[1753] [M]: 0x0000000080001B60 (0x00000537) lui x10, 0x0                            inst_271+0
x10 <- 0x0000000000000000

clint mtime 0x000000000000036D (mip.MTI <- 0b1, mip.STI <- 0b0)
mem[X,0x0000000080001B64] -> 0x0513
mem[X,0x0000000080001B66] -> 0xFFF5
[1754] [M]: 0x0000000080001B64 (0xFFF50513) addi x10, x10, -0x1                     inst_271+4
x10 <- 0xFFFFFFFFFFFFFFFF

mem[X,0x0000000080001B68] -> 0x1513
mem[X,0x0000000080001B6A] -> 0x00B5
[1755] [M]: 0x0000000080001B68 (0x00B51513) slli x10, x10, 0xb                      inst_271+8
x10 <- 0xFFFFFFFFFFFFF800

clint mtime 0x000000000000036E (mip.MTI <- 0b1, mip.STI <- 0b0)
mem[X,0x0000000080001B6C] -> 0x0513
mem[X,0x0000000080001B6E] -> 0x2575
[1756] [M]: 0x0000000080001B6C (0x25750513) addi x10, x10, 0x257                    inst_271+12
x10 <- 0xFFFFFFFFFFFFFA57

mem[X,0x0000000080001B70] -> 0x1513
mem[X,0x0000000080001B72] -> 0x00B5
[1757] [M]: 0x0000000080001B70 (0x00B51513) slli x10, x10, 0xb                      inst_271+16
x10 <- 0xFFFFFFFFFFD2B800

clint mtime 0x000000000000036F (mip.MTI <- 0b1, mip.STI <- 0b0)
mem[X,0x0000000080001B74] -> 0x0513
mem[X,0x0000000080001B76] -> 0x6C35
[1758] [M]: 0x0000000080001B74 (0x6C350513) addi x10, x10, 0x6c3                    inst_271+20
x10 <- 0xFFFFFFFFFFD2BEC3

mem[X,0x0000000080001B78] -> 0x1513
mem[X,0x0000000080001B7A] -> 0x00A5
[1759] [M]: 0x0000000080001B78 (0x00A51513) slli x10, x10, 0xa                      inst_271+24
x10 <- 0xFFFFFFFF4AFB0C00

clint mtime 0x0000000000000370 (mip.MTI <- 0b1, mip.STI <- 0b0)
mem[X,0x0000000080001B7C] -> 0x0513
mem[X,0x0000000080001B7E] -> 0x0CD5
[1760] [M]: 0x0000000080001B7C (0x0CD50513) addi x10, x10, 0xcd                     inst_271+28
x10 <- 0xFFFFFFFF4AFB0CCD

mem[X,0x0000000080001B80] -> 0x2593
mem[X,0x0000000080001B82] -> 0xFD35
[1761] [M]: 0x0000000080001B80 (0xFD352593) slti x11, x10, -0x2d                    inst_271+32
x11 <- 0x0000000000000001

clint mtime 0x0000000000000371 (mip.MTI <- 0b1, mip.STI <- 0b0)
mem[X,0x0000000080001B84] -> 0x3423
mem[X,0x0000000080001B86] -> 0x7CB1
[1762] [M]: 0x0000000080001B84 (0x7CB13423) sd x11, 0x7c8(x2)                       inst_271+36
mem[W,0x0000000080007990] <- 0x0000000000000001

mem[X,0x0000000080001B88] -> 0x0537
mem[X,0x0000000080001B8A] -> 0x0000
[1763] [M]: 0x0000000080001B88 (0x00000537) lui x10, 0x0                            inst_272+0
x10 <- 0x0000000000000000

clint mtime 0x0000000000000372 (mip.MTI <- 0b1, mip.STI <- 0b0)
mem[X,0x0000000080001B8C] -> 0x0513
mem[X,0x0000000080001B8E] -> 0xFFF5
[1764] [M]: 0x0000000080001B8C (0xFFF50513) addi x10, x10, -0x1                     inst_272+4
x10 <- 0xFFFFFFFFFFFFFFFF

mem[X,0x0000000080001B90] -> 0x1513
mem[X,0x0000000080001B92] -> 0x00B5
[1765] [M]: 0x0000000080001B90 (0x00B51513) slli x10, x10, 0xb                      inst_272+8
x10 <- 0xFFFFFFFFFFFFF800

clint mtime 0x0000000000000373 (mip.MTI <- 0b1, mip.STI <- 0b0)
mem[X,0x0000000080001B94] -> 0x0513
mem[X,0x0000000080001B96] -> 0x2575
[1766] [M]: 0x0000000080001B94 (0x25750513) addi x10, x10, 0x257                    inst_272+12
x10 <- 0xFFFFFFFFFFFFFA57

mem[X,0x0000000080001B98] -> 0x1513
mem[X,0x0000000080001B9A] -> 0x00B5
[1767] [M]: 0x0000000080001B98 (0x00B51513) slli x10, x10, 0xb                      inst_272+16
x10 <- 0xFFFFFFFFFFD2B800

clint mtime 0x0000000000000374 (mip.MTI <- 0b1, mip.STI <- 0b0)
mem[X,0x0000000080001B9C] -> 0x0513
mem[X,0x0000000080001B9E] -> 0x6C35
[1768] [M]: 0x0000000080001B9C (0x6C350513) addi x10, x10, 0x6c3                    inst_272+20
x10 <- 0xFFFFFFFFFFD2BEC3

mem[X,0x0000000080001BA0] -> 0x1513
mem[X,0x0000000080001BA2] -> 0x00A5
[1769] [M]: 0x0000000080001BA0 (0x00A51513) slli x10, x10, 0xa                      inst_272+24
x10 <- 0xFFFFFFFF4AFB0C00

clint mtime 0x0000000000000375 (mip.MTI <- 0b1, mip.STI <- 0b0)
mem[X,0x0000000080001BA4] -> 0x0513
mem[X,0x0000000080001BA6] -> 0x0CD5
[1770] [M]: 0x0000000080001BA4 (0x0CD50513) addi x10, x10, 0xcd                     inst_272+28
x10 <- 0xFFFFFFFF4AFB0CCD

mem[X,0x0000000080001BA8] -> 0x2593
mem[X,0x0000000080001BAA] -> 0x02D5
[1771] [M]: 0x0000000080001BA8 (0x02D52593) slti x11, x10, 0x2d                     inst_272+32
x11 <- 0x0000000000000001

clint mtime 0x0000000000000376 (mip.MTI <- 0b1, mip.STI <- 0b0)
mem[X,0x0000000080001BAC] -> 0x3823
mem[X,0x0000000080001BAE] -> 0x7CB1
[1772] [M]: 0x0000000080001BAC (0x7CB13823) sd x11, 0x7d0(x2)                       inst_272+36
mem[W,0x0000000080007998] <- 0x0000000000000001

mem[X,0x0000000080001BB0] -> 0x0537
mem[X,0x0000000080001BB2] -> 0x0000
[1773] [M]: 0x0000000080001BB0 (0x00000537) lui x10, 0x0                            inst_273+0
x10 <- 0x0000000000000000

clint mtime 0x0000000000000377 (mip.MTI <- 0b1, mip.STI <- 0b0)
mem[X,0x0000000080001BB4] -> 0x0513
mem[X,0x0000000080001BB6] -> 0xFFF5
[1774] [M]: 0x0000000080001BB4 (0xFFF50513) addi x10, x10, -0x1                     inst_273+4
x10 <- 0xFFFFFFFFFFFFFFFF

mem[X,0x0000000080001BB8] -> 0x1513
mem[X,0x0000000080001BBA] -> 0x00B5
[1775] [M]: 0x0000000080001BB8 (0x00B51513) slli x10, x10, 0xb                      inst_273+8
x10 <- 0xFFFFFFFFFFFFF800

clint mtime 0x0000000000000378 (mip.MTI <- 0b1, mip.STI <- 0b0)
mem[X,0x0000000080001BBC] -> 0x0513
mem[X,0x0000000080001BBE] -> 0x2575
[1776] [M]: 0x0000000080001BBC (0x25750513) addi x10, x10, 0x257                    inst_273+12
x10 <- 0xFFFFFFFFFFFFFA57

mem[X,0x0000000080001BC0] -> 0x1513
mem[X,0x0000000080001BC2] -> 0x00B5
[1777] [M]: 0x0000000080001BC0 (0x00B51513) slli x10, x10, 0xb                      inst_273+16
x10 <- 0xFFFFFFFFFFD2B800

clint mtime 0x0000000000000379 (mip.MTI <- 0b1, mip.STI <- 0b0)
mem[X,0x0000000080001BC4] -> 0x0513
mem[X,0x0000000080001BC6] -> 0x6C35
[1778] [M]: 0x0000000080001BC4 (0x6C350513) addi x10, x10, 0x6c3                    inst_273+20
x10 <- 0xFFFFFFFFFFD2BEC3

mem[X,0x0000000080001BC8] -> 0x1513
mem[X,0x0000000080001BCA] -> 0x00A5
[1779] [M]: 0x0000000080001BC8 (0x00A51513) slli x10, x10, 0xa                      inst_273+24
x10 <- 0xFFFFFFFF4AFB0C00

clint mtime 0x000000000000037A (mip.MTI <- 0b1, mip.STI <- 0b0)
mem[X,0x0000000080001BCC] -> 0x0513
mem[X,0x0000000080001BCE] -> 0x0CD5
[1780] [M]: 0x0000000080001BCC (0x0CD50513) addi x10, x10, 0xcd                     inst_273+28
x10 <- 0xFFFFFFFF4AFB0CCD

mem[X,0x0000000080001BD0] -> 0x2593
mem[X,0x0000000080001BD2] -> 0x0025
[1781] [M]: 0x0000000080001BD0 (0x00252593) slti x11, x10, 0x2                      inst_273+32
x11 <- 0x0000000000000001

clint mtime 0x000000000000037B (mip.MTI <- 0b1, mip.STI <- 0b0)
mem[X,0x0000000080001BD4] -> 0x3C23
mem[X,0x0000000080001BD6] -> 0x7CB1
[1782] [M]: 0x0000000080001BD4 (0x7CB13C23) sd x11, 0x7d8(x2)                       inst_273+36
mem[W,0x00000000800079A0] <- 0x0000000000000001

mem[X,0x0000000080001BD8] -> 0x0537
mem[X,0x0000000080001BDA] -> 0x0000
[1783] [M]: 0x0000000080001BD8 (0x00000537) lui x10, 0x0                            inst_274+0
x10 <- 0x0000000000000000

clint mtime 0x000000000000037C (mip.MTI <- 0b1, mip.STI <- 0b0)
mem[X,0x0000000080001BDC] -> 0x0513
mem[X,0x0000000080001BDE] -> 0xFFF5
[1784] [M]: 0x0000000080001BDC (0xFFF50513) addi x10, x10, -0x1                     inst_274+4
x10 <- 0xFFFFFFFFFFFFFFFF

mem[X,0x0000000080001BE0] -> 0x1513
mem[X,0x0000000080001BE2] -> 0x00B5
[1785] [M]: 0x0000000080001BE0 (0x00B51513) slli x10, x10, 0xb                      inst_274+8
x10 <- 0xFFFFFFFFFFFFF800

clint mtime 0x000000000000037D (mip.MTI <- 0b1, mip.STI <- 0b0)
mem[X,0x0000000080001BE4] -> 0x0513
mem[X,0x0000000080001BE6] -> 0x2575
[1786] [M]: 0x0000000080001BE4 (0x25750513) addi x10, x10, 0x257                    inst_274+12
x10 <- 0xFFFFFFFFFFFFFA57

mem[X,0x0000000080001BE8] -> 0x1513
mem[X,0x0000000080001BEA] -> 0x00B5
[1787] [M]: 0x0000000080001BE8 (0x00B51513) slli x10, x10, 0xb                      inst_274+16
x10 <- 0xFFFFFFFFFFD2B800

clint mtime 0x000000000000037E (mip.MTI <- 0b1, mip.STI <- 0b0)
mem[X,0x0000000080001BEC] -> 0x0513
mem[X,0x0000000080001BEE] -> 0x6C35
[1788] [M]: 0x0000000080001BEC (0x6C350513) addi x10, x10, 0x6c3                    inst_274+20
x10 <- 0xFFFFFFFFFFD2BEC3

mem[X,0x0000000080001BF0] -> 0x1513
mem[X,0x0000000080001BF2] -> 0x00A5
[1789] [M]: 0x0000000080001BF0 (0x00A51513) slli x10, x10, 0xa                      inst_274+24
x10 <- 0xFFFFFFFF4AFB0C00

clint mtime 0x000000000000037F (mip.MTI <- 0b1, mip.STI <- 0b0)
mem[X,0x0000000080001BF4] -> 0x0513
mem[X,0x0000000080001BF6] -> 0x0CD5
[1790] [M]: 0x0000000080001BF4 (0x0CD50513) addi x10, x10, 0xcd                     inst_274+28
x10 <- 0xFFFFFFFF4AFB0CCD

mem[X,0x0000000080001BF8] -> 0x2593
mem[X,0x0000000080001BFA] -> 0x5545
[1791] [M]: 0x0000000080001BF8 (0x55452593) slti x11, x10, 0x554                    inst_274+32
x11 <- 0x0000000000000001

clint mtime 0x0000000000000380 (mip.MTI <- 0b1, mip.STI <- 0b0)
mem[X,0x0000000080001BFC] -> 0x3023
mem[X,0x0000000080001BFE] -> 0x7EB1
[1792] [M]: 0x0000000080001BFC (0x7EB13023) sd x11, 0x7e0(x2)                       inst_274+36
mem[W,0x00000000800079A8] <- 0x0000000000000001

mem[X,0x0000000080001C00] -> 0x0537
mem[X,0x0000000080001C02] -> 0x0000
[1793] [M]: 0x0000000080001C00 (0x00000537) lui x10, 0x0                            inst_275+0
x10 <- 0x0000000000000000

clint mtime 0x0000000000000381 (mip.MTI <- 0b1, mip.STI <- 0b0)
mem[X,0x0000000080001C04] -> 0x0513
mem[X,0x0000000080001C06] -> 0xFFF5
[1794] [M]: 0x0000000080001C04 (0xFFF50513) addi x10, x10, -0x1                     inst_275+4
x10 <- 0xFFFFFFFFFFFFFFFF

mem[X,0x0000000080001C08] -> 0x1513
mem[X,0x0000000080001C0A] -> 0x00B5
[1795] [M]: 0x0000000080001C08 (0x00B51513) slli x10, x10, 0xb                      inst_275+8
x10 <- 0xFFFFFFFFFFFFF800

clint mtime 0x0000000000000382 (mip.MTI <- 0b1, mip.STI <- 0b0)
mem[X,0x0000000080001C0C] -> 0x0513
mem[X,0x0000000080001C0E] -> 0x2575
[1796] [M]: 0x0000000080001C0C (0x25750513) addi x10, x10, 0x257                    inst_275+12
x10 <- 0xFFFFFFFFFFFFFA57

mem[X,0x0000000080001C10] -> 0x1513
mem[X,0x0000000080001C12] -> 0x00B5
[1797] [M]: 0x0000000080001C10 (0x00B51513) slli x10, x10, 0xb                      inst_275+16
x10 <- 0xFFFFFFFFFFD2B800

clint mtime 0x0000000000000383 (mip.MTI <- 0b1, mip.STI <- 0b0)
mem[X,0x0000000080001C14] -> 0x0513
mem[X,0x0000000080001C16] -> 0x6C35
[1798] [M]: 0x0000000080001C14 (0x6C350513) addi x10, x10, 0x6c3                    inst_275+20
x10 <- 0xFFFFFFFFFFD2BEC3

mem[X,0x0000000080001C18] -> 0x1513
mem[X,0x0000000080001C1A] -> 0x00A5
[1799] [M]: 0x0000000080001C18 (0x00A51513) slli x10, x10, 0xa                      inst_275+24
x10 <- 0xFFFFFFFF4AFB0C00

clint mtime 0x0000000000000384 (mip.MTI <- 0b1, mip.STI <- 0b0)
mem[X,0x0000000080001C1C] -> 0x0513
mem[X,0x0000000080001C1E] -> 0x0CD5
[1800] [M]: 0x0000000080001C1C (0x0CD50513) addi x10, x10, 0xcd                     inst_275+28
x10 <- 0xFFFFFFFF4AFB0CCD

mem[X,0x0000000080001C20] -> 0x2593
mem[X,0x0000000080001C22] -> 0x0005
[1801] [M]: 0x0000000080001C20 (0x00052593) slti x11, x10, 0x0                      inst_275+32
x11 <- 0x0000000000000001

clint mtime 0x0000000000000385 (mip.MTI <- 0b1, mip.STI <- 0b0)
mem[X,0x0000000080001C24] -> 0x3423
mem[X,0x0000000080001C26] -> 0x7EB1
[1802] [M]: 0x0000000080001C24 (0x7EB13423) sd x11, 0x7e8(x2)                       inst_275+36
mem[W,0x00000000800079B0] <- 0x0000000000000001

mem[X,0x0000000080001C28] -> 0x0537
mem[X,0x0000000080001C2A] -> 0x0000
[1803] [M]: 0x0000000080001C28 (0x00000537) lui x10, 0x0                            inst_276+0
x10 <- 0x0000000000000000

clint mtime 0x0000000000000386 (mip.MTI <- 0b1, mip.STI <- 0b0)
mem[X,0x0000000080001C2C] -> 0x0513
mem[X,0x0000000080001C2E] -> 0xFFF5
[1804] [M]: 0x0000000080001C2C (0xFFF50513) addi x10, x10, -0x1                     inst_276+4
x10 <- 0xFFFFFFFFFFFFFFFF

mem[X,0x0000000080001C30] -> 0x1513
mem[X,0x0000000080001C32] -> 0x00B5
[1805] [M]: 0x0000000080001C30 (0x00B51513) slli x10, x10, 0xb                      inst_276+8
x10 <- 0xFFFFFFFFFFFFF800

clint mtime 0x0000000000000387 (mip.MTI <- 0b1, mip.STI <- 0b0)
mem[X,0x0000000080001C34] -> 0x0513
mem[X,0x0000000080001C36] -> 0x2575
[1806] [M]: 0x0000000080001C34 (0x25750513) addi x10, x10, 0x257                    inst_276+12
x10 <- 0xFFFFFFFFFFFFFA57

mem[X,0x0000000080001C38] -> 0x1513
mem[X,0x0000000080001C3A] -> 0x00B5
[1807] [M]: 0x0000000080001C38 (0x00B51513) slli x10, x10, 0xb                      inst_276+16
x10 <- 0xFFFFFFFFFFD2B800

clint mtime 0x0000000000000388 (mip.MTI <- 0b1, mip.STI <- 0b0)
mem[X,0x0000000080001C3C] -> 0x0513
mem[X,0x0000000080001C3E] -> 0x6C35
[1808] [M]: 0x0000000080001C3C (0x6C350513) addi x10, x10, 0x6c3                    inst_276+20
x10 <- 0xFFFFFFFFFFD2BEC3

mem[X,0x0000000080001C40] -> 0x1513
mem[X,0x0000000080001C42] -> 0x00A5
[1809] [M]: 0x0000000080001C40 (0x00A51513) slli x10, x10, 0xa                      inst_276+24
x10 <- 0xFFFFFFFF4AFB0C00

clint mtime 0x0000000000000389 (mip.MTI <- 0b1, mip.STI <- 0b0)
mem[X,0x0000000080001C44] -> 0x0513
mem[X,0x0000000080001C46] -> 0x0CD5
[1810] [M]: 0x0000000080001C44 (0x0CD50513) addi x10, x10, 0xcd                     inst_276+28
x10 <- 0xFFFFFFFF4AFB0CCD

mem[X,0x0000000080001C48] -> 0x2593
mem[X,0x0000000080001C4A] -> 0x0045
[1811] [M]: 0x0000000080001C48 (0x00452593) slti x11, x10, 0x4                      inst_276+32
x11 <- 0x0000000000000001

clint mtime 0x000000000000038A (mip.MTI <- 0b1, mip.STI <- 0b0)
mem[X,0x0000000080001C4C] -> 0x3823
mem[X,0x0000000080001C4E] -> 0x7EB1
[1812] [M]: 0x0000000080001C4C (0x7EB13823) sd x11, 0x7f0(x2)                       inst_276+36
mem[W,0x00000000800079B8] <- 0x0000000000000001

mem[X,0x0000000080001C50] -> 0x0537
mem[X,0x0000000080001C52] -> 0x0000
[1813] [M]: 0x0000000080001C50 (0x00000537) lui x10, 0x0                            inst_277+0
x10 <- 0x0000000000000000

clint mtime 0x000000000000038B (mip.MTI <- 0b1, mip.STI <- 0b0)
mem[X,0x0000000080001C54] -> 0x0513
mem[X,0x0000000080001C56] -> 0xFFF5
[1814] [M]: 0x0000000080001C54 (0xFFF50513) addi x10, x10, -0x1                     inst_277+4
x10 <- 0xFFFFFFFFFFFFFFFF

mem[X,0x0000000080001C58] -> 0x1513
mem[X,0x0000000080001C5A] -> 0x00B5
[1815] [M]: 0x0000000080001C58 (0x00B51513) slli x10, x10, 0xb                      inst_277+8
x10 <- 0xFFFFFFFFFFFFF800

clint mtime 0x000000000000038C (mip.MTI <- 0b1, mip.STI <- 0b0)
mem[X,0x0000000080001C5C] -> 0x0513
mem[X,0x0000000080001C5E] -> 0x2575
[1816] [M]: 0x0000000080001C5C (0x25750513) addi x10, x10, 0x257                    inst_277+12
x10 <- 0xFFFFFFFFFFFFFA57

mem[X,0x0000000080001C60] -> 0x1513
mem[X,0x0000000080001C62] -> 0x00B5
[1817] [M]: 0x0000000080001C60 (0x00B51513) slli x10, x10, 0xb                      inst_277+16
x10 <- 0xFFFFFFFFFFD2B800

clint mtime 0x000000000000038D (mip.MTI <- 0b1, mip.STI <- 0b0)
mem[X,0x0000000080001C64] -> 0x0513
mem[X,0x0000000080001C66] -> 0x6C35
[1818] [M]: 0x0000000080001C64 (0x6C350513) addi x10, x10, 0x6c3                    inst_277+20
x10 <- 0xFFFFFFFFFFD2BEC3

mem[X,0x0000000080001C68] -> 0x1513
mem[X,0x0000000080001C6A] -> 0x00A5
[1819] [M]: 0x0000000080001C68 (0x00A51513) slli x10, x10, 0xa                      inst_277+24
x10 <- 0xFFFFFFFF4AFB0C00

clint mtime 0x000000000000038E (mip.MTI <- 0b1, mip.STI <- 0b0)
mem[X,0x0000000080001C6C] -> 0x0513
mem[X,0x0000000080001C6E] -> 0x0CD5
[1820] [M]: 0x0000000080001C6C (0x0CD50513) addi x10, x10, 0xcd                     inst_277+28
x10 <- 0xFFFFFFFF4AFB0CCD

mem[X,0x0000000080001C70] -> 0x2593
mem[X,0x0000000080001C72] -> 0x3325
[1821] [M]: 0x0000000080001C70 (0x33252593) slti x11, x10, 0x332                    inst_277+32
x11 <- 0x0000000000000001

clint mtime 0x000000000000038F (mip.MTI <- 0b1, mip.STI <- 0b0)
mem[X,0x0000000080001C74] -> 0x3C23
mem[X,0x0000000080001C76] -> 0x7EB1
[1822] [M]: 0x0000000080001C74 (0x7EB13C23) sd x11, 0x7f8(x2)                       inst_277+36
mem[W,0x00000000800079C0] <- 0x0000000000000001

mem[X,0x0000000080001C78] -> 0x0013
mem[X,0x0000000080001C7A] -> 0x0000
[1823] [M]: 0x0000000080001C78 (0x00000013) addi x0, x0, 0x0                        inst_277+40

clint mtime 0x0000000000000390 (mip.MTI <- 0b1, mip.STI <- 0b0)
mem[X,0x0000000080001C7C] -> 0x0013
mem[X,0x0000000080001C7E] -> 0x0000
[1824] [M]: 0x0000000080001C7C (0x00000013) addi x0, x0, 0x0                        inst_277+44

mem[X,0x0000000080001C80] -> 0x6117
mem[X,0x0000000080001C82] -> 0x0000
[1825] [M]: 0x0000000080001C80 (0x00006117) auipc x2, 0x6                           inst_277+48
x2 <- 0x0000000080007C80

clint mtime 0x0000000000000391 (mip.MTI <- 0b1, mip.STI <- 0b0)
mem[X,0x0000000080001C84] -> 0x0113
mem[X,0x0000000080001C86] -> 0xD481
[1826] [M]: 0x0000000080001C84 (0xD4810113) addi x2, x2, -0x2b8                     inst_277+52
x2 <- 0x00000000800079C8

mem[X,0x0000000080001C88] -> 0x0001
[1827] [M]: 0x0000000080001C88 (0x0001) c.nop                                       inst_277+56

clint mtime 0x0000000000000392 (mip.MTI <- 0b1, mip.STI <- 0b0)
mem[X,0x0000000080001C8A] -> 0x0013
mem[X,0x0000000080001C8C] -> 0x0000
[1828] [M]: 0x0000000080001C8A (0x00000013) addi x0, x0, 0x0                        inst_277+58

mem[X,0x0000000080001C8E] -> 0x0013
mem[X,0x0000000080001C90] -> 0x0000
[1829] [M]: 0x0000000080001C8E (0x00000013) addi x0, x0, 0x0                        inst_277+62

clint mtime 0x0000000000000393 (mip.MTI <- 0b1, mip.STI <- 0b0)
mem[X,0x0000000080001C92] -> 0x0013
mem[X,0x0000000080001C94] -> 0x0000
[1830] [M]: 0x0000000080001C92 (0x00000013) addi x0, x0, 0x0                        inst_277+66

mem[X,0x0000000080001C96] -> 0x0013
mem[X,0x0000000080001C98] -> 0x0000
[1831] [M]: 0x0000000080001C96 (0x00000013) addi x0, x0, 0x0                        inst_277+70

clint mtime 0x0000000000000394 (mip.MTI <- 0b1, mip.STI <- 0b0)
mem[X,0x0000000080001C9A] -> 0x0013
mem[X,0x0000000080001C9C] -> 0x0000
[1832] [M]: 0x0000000080001C9A (0x00000013) addi x0, x0, 0x0                        inst_277+74

mem[X,0x0000000080001C9E] -> 0x0001
[1833] [M]: 0x0000000080001C9E (0x0001) c.nop                                       inst_277+78

clint mtime 0x0000000000000395 (mip.MTI <- 0b1, mip.STI <- 0b0)
mem[X,0x0000000080001CA0] -> 0x0537
mem[X,0x0000000080001CA2] -> 0x0000
[1834] [M]: 0x0000000080001CA0 (0x00000537) lui x10, 0x0                            inst_278+0
x10 <- 0x0000000000000000

mem[X,0x0000000080001CA4] -> 0x0513
mem[X,0x0000000080001CA6] -> 0xFFF5
[1835] [M]: 0x0000000080001CA4 (0xFFF50513) addi x10, x10, -0x1                     inst_278+4
x10 <- 0xFFFFFFFFFFFFFFFF

clint mtime 0x0000000000000396 (mip.MTI <- 0b1, mip.STI <- 0b0)
mem[X,0x0000000080001CA8] -> 0x1513
mem[X,0x0000000080001CAA] -> 0x00B5
[1836] [M]: 0x0000000080001CA8 (0x00B51513) slli x10, x10, 0xb                      inst_278+8
x10 <- 0xFFFFFFFFFFFFF800

mem[X,0x0000000080001CAC] -> 0x0513
mem[X,0x0000000080001CAE] -> 0x2575
[1837] [M]: 0x0000000080001CAC (0x25750513) addi x10, x10, 0x257                    inst_278+12
x10 <- 0xFFFFFFFFFFFFFA57

clint mtime 0x0000000000000397 (mip.MTI <- 0b1, mip.STI <- 0b0)
mem[X,0x0000000080001CB0] -> 0x1513
mem[X,0x0000000080001CB2] -> 0x00B5
[1838] [M]: 0x0000000080001CB0 (0x00B51513) slli x10, x10, 0xb                      inst_278+16
x10 <- 0xFFFFFFFFFFD2B800

mem[X,0x0000000080001CB4] -> 0x0513
mem[X,0x0000000080001CB6] -> 0x6C35
[1839] [M]: 0x0000000080001CB4 (0x6C350513) addi x10, x10, 0x6c3                    inst_278+20
x10 <- 0xFFFFFFFFFFD2BEC3

clint mtime 0x0000000000000398 (mip.MTI <- 0b1, mip.STI <- 0b0)
mem[X,0x0000000080001CB8] -> 0x1513
mem[X,0x0000000080001CBA] -> 0x00A5
[1840] [M]: 0x0000000080001CB8 (0x00A51513) slli x10, x10, 0xa                      inst_278+24
x10 <- 0xFFFFFFFF4AFB0C00

mem[X,0x0000000080001CBC] -> 0x0513
mem[X,0x0000000080001CBE] -> 0x0CD5
[1841] [M]: 0x0000000080001CBC (0x0CD50513) addi x10, x10, 0xcd                     inst_278+28
x10 <- 0xFFFFFFFF4AFB0CCD

clint mtime 0x0000000000000399 (mip.MTI <- 0b1, mip.STI <- 0b0)
mem[X,0x0000000080001CC0] -> 0x2593
mem[X,0x0000000080001CC2] -> 0x6655
[1842] [M]: 0x0000000080001CC0 (0x66552593) slti x11, x10, 0x665                    inst_278+32
x11 <- 0x0000000000000001

mem[X,0x0000000080001CC4] -> 0x3023
mem[X,0x0000000080001CC6] -> 0x00B1
[1843] [M]: 0x0000000080001CC4 (0x00B13023) sd x11, 0x0(x2)                         inst_278+36
mem[W,0x00000000800079C8] <- 0x0000000000000001

clint mtime 0x000000000000039A (mip.MTI <- 0b1, mip.STI <- 0b0)
mem[X,0x0000000080001CC8] -> 0x0537
mem[X,0x0000000080001CCA] -> 0x0000
[1844] [M]: 0x0000000080001CC8 (0x00000537) lui x10, 0x0                            inst_279+0
x10 <- 0x0000000000000000

mem[X,0x0000000080001CCC] -> 0x0513
mem[X,0x0000000080001CCE] -> 0xFFF5
[1845] [M]: 0x0000000080001CCC (0xFFF50513) addi x10, x10, -0x1                     inst_279+4
x10 <- 0xFFFFFFFFFFFFFFFF

clint mtime 0x000000000000039B (mip.MTI <- 0b1, mip.STI <- 0b0)
mem[X,0x0000000080001CD0] -> 0x1513
mem[X,0x0000000080001CD2] -> 0x00B5
[1846] [M]: 0x0000000080001CD0 (0x00B51513) slli x10, x10, 0xb                      inst_279+8
x10 <- 0xFFFFFFFFFFFFF800

mem[X,0x0000000080001CD4] -> 0x0513
mem[X,0x0000000080001CD6] -> 0x2575
[1847] [M]: 0x0000000080001CD4 (0x25750513) addi x10, x10, 0x257                    inst_279+12
x10 <- 0xFFFFFFFFFFFFFA57

clint mtime 0x000000000000039C (mip.MTI <- 0b1, mip.STI <- 0b0)
mem[X,0x0000000080001CD8] -> 0x1513
mem[X,0x0000000080001CDA] -> 0x00B5
[1848] [M]: 0x0000000080001CD8 (0x00B51513) slli x10, x10, 0xb                      inst_279+16
x10 <- 0xFFFFFFFFFFD2B800

mem[X,0x0000000080001CDC] -> 0x0513
mem[X,0x0000000080001CDE] -> 0x6C35
[1849] [M]: 0x0000000080001CDC (0x6C350513) addi x10, x10, 0x6c3                    inst_279+20
x10 <- 0xFFFFFFFFFFD2BEC3

clint mtime 0x000000000000039D (mip.MTI <- 0b1, mip.STI <- 0b0)
mem[X,0x0000000080001CE0] -> 0x1513
mem[X,0x0000000080001CE2] -> 0x00A5
[1850] [M]: 0x0000000080001CE0 (0x00A51513) slli x10, x10, 0xa                      inst_279+24
x10 <- 0xFFFFFFFF4AFB0C00

mem[X,0x0000000080001CE4] -> 0x0513
mem[X,0x0000000080001CE6] -> 0x0CD5
[1851] [M]: 0x0000000080001CE4 (0x0CD50513) addi x10, x10, 0xcd                     inst_279+28
x10 <- 0xFFFFFFFF4AFB0CCD

clint mtime 0x000000000000039E (mip.MTI <- 0b1, mip.STI <- 0b0)
mem[X,0x0000000080001CE8] -> 0x2593
mem[X,0x0000000080001CEA] -> 0x02C5
[1852] [M]: 0x0000000080001CE8 (0x02C52593) slti x11, x10, 0x2c                     inst_279+32
x11 <- 0x0000000000000001

mem[X,0x0000000080001CEC] -> 0x3423
mem[X,0x0000000080001CEE] -> 0x00B1
[1853] [M]: 0x0000000080001CEC (0x00B13423) sd x11, 0x8(x2)                         inst_279+36
mem[W,0x00000000800079D0] <- 0x0000000000000001

clint mtime 0x000000000000039F (mip.MTI <- 0b1, mip.STI <- 0b0)
mem[X,0x0000000080001CF0] -> 0x0537
mem[X,0x0000000080001CF2] -> 0x0000
[1854] [M]: 0x0000000080001CF0 (0x00000537) lui x10, 0x0                            inst_280+0
x10 <- 0x0000000000000000

mem[X,0x0000000080001CF4] -> 0x0513
mem[X,0x0000000080001CF6] -> 0xFFF5
[1855] [M]: 0x0000000080001CF4 (0xFFF50513) addi x10, x10, -0x1                     inst_280+4
x10 <- 0xFFFFFFFFFFFFFFFF

clint mtime 0x00000000000003A0 (mip.MTI <- 0b1, mip.STI <- 0b0)
mem[X,0x0000000080001CF8] -> 0x1513
mem[X,0x0000000080001CFA] -> 0x00B5
[1856] [M]: 0x0000000080001CF8 (0x00B51513) slli x10, x10, 0xb                      inst_280+8
x10 <- 0xFFFFFFFFFFFFF800

mem[X,0x0000000080001CFC] -> 0x0513
mem[X,0x0000000080001CFE] -> 0x2575
[1857] [M]: 0x0000000080001CFC (0x25750513) addi x10, x10, 0x257                    inst_280+12
x10 <- 0xFFFFFFFFFFFFFA57

clint mtime 0x00000000000003A1 (mip.MTI <- 0b1, mip.STI <- 0b0)
mem[X,0x0000000080001D00] -> 0x1513
mem[X,0x0000000080001D02] -> 0x00B5
[1858] [M]: 0x0000000080001D00 (0x00B51513) slli x10, x10, 0xb                      inst_280+16
x10 <- 0xFFFFFFFFFFD2B800

mem[X,0x0000000080001D04] -> 0x0513
mem[X,0x0000000080001D06] -> 0x6C35
[1859] [M]: 0x0000000080001D04 (0x6C350513) addi x10, x10, 0x6c3                    inst_280+20
x10 <- 0xFFFFFFFFFFD2BEC3

clint mtime 0x00000000000003A2 (mip.MTI <- 0b1, mip.STI <- 0b0)
mem[X,0x0000000080001D08] -> 0x1513
mem[X,0x0000000080001D0A] -> 0x00A5
[1860] [M]: 0x0000000080001D08 (0x00A51513) slli x10, x10, 0xa                      inst_280+24
x10 <- 0xFFFFFFFF4AFB0C00

mem[X,0x0000000080001D0C] -> 0x0513
mem[X,0x0000000080001D0E] -> 0x0CD5
[1861] [M]: 0x0000000080001D0C (0x0CD50513) addi x10, x10, 0xcd                     inst_280+28
x10 <- 0xFFFFFFFF4AFB0CCD

clint mtime 0x00000000000003A3 (mip.MTI <- 0b1, mip.STI <- 0b0)
mem[X,0x0000000080001D10] -> 0x2593
mem[X,0x0000000080001D12] -> 0x5565
[1862] [M]: 0x0000000080001D10 (0x55652593) slti x11, x10, 0x556                    inst_280+32
x11 <- 0x0000000000000001

mem[X,0x0000000080001D14] -> 0x3823
mem[X,0x0000000080001D16] -> 0x00B1
[1863] [M]: 0x0000000080001D14 (0x00B13823) sd x11, 0x10(x2)                        inst_280+36
mem[W,0x00000000800079D8] <- 0x0000000000000001

clint mtime 0x00000000000003A4 (mip.MTI <- 0b1, mip.STI <- 0b0)
mem[X,0x0000000080001D18] -> 0x0537
mem[X,0x0000000080001D1A] -> 0x0000
[1864] [M]: 0x0000000080001D18 (0x00000537) lui x10, 0x0                            inst_281+0
x10 <- 0x0000000000000000

mem[X,0x0000000080001D1C] -> 0x0513
mem[X,0x0000000080001D1E] -> 0xFFF5
[1865] [M]: 0x0000000080001D1C (0xFFF50513) addi x10, x10, -0x1                     inst_281+4
x10 <- 0xFFFFFFFFFFFFFFFF

clint mtime 0x00000000000003A5 (mip.MTI <- 0b1, mip.STI <- 0b0)
mem[X,0x0000000080001D20] -> 0x1513
mem[X,0x0000000080001D22] -> 0x00B5
[1866] [M]: 0x0000000080001D20 (0x00B51513) slli x10, x10, 0xb                      inst_281+8
x10 <- 0xFFFFFFFFFFFFF800

mem[X,0x0000000080001D24] -> 0x0513
mem[X,0x0000000080001D26] -> 0x2575
[1867] [M]: 0x0000000080001D24 (0x25750513) addi x10, x10, 0x257                    inst_281+12
x10 <- 0xFFFFFFFFFFFFFA57

clint mtime 0x00000000000003A6 (mip.MTI <- 0b1, mip.STI <- 0b0)
mem[X,0x0000000080001D28] -> 0x1513
mem[X,0x0000000080001D2A] -> 0x00B5
[1868] [M]: 0x0000000080001D28 (0x00B51513) slli x10, x10, 0xb                      inst_281+16
x10 <- 0xFFFFFFFFFFD2B800

mem[X,0x0000000080001D2C] -> 0x0513
mem[X,0x0000000080001D2E] -> 0x6C35
[1869] [M]: 0x0000000080001D2C (0x6C350513) addi x10, x10, 0x6c3                    inst_281+20
x10 <- 0xFFFFFFFFFFD2BEC3

clint mtime 0x00000000000003A7 (mip.MTI <- 0b1, mip.STI <- 0b0)
mem[X,0x0000000080001D30] -> 0x1513
mem[X,0x0000000080001D32] -> 0x00A5
[1870] [M]: 0x0000000080001D30 (0x00A51513) slli x10, x10, 0xa                      inst_281+24
x10 <- 0xFFFFFFFF4AFB0C00

mem[X,0x0000000080001D34] -> 0x0513
mem[X,0x0000000080001D36] -> 0x0CD5
[1871] [M]: 0x0000000080001D34 (0x0CD50513) addi x10, x10, 0xcd                     inst_281+28
x10 <- 0xFFFFFFFF4AFB0CCD

clint mtime 0x00000000000003A8 (mip.MTI <- 0b1, mip.STI <- 0b0)
mem[X,0x0000000080001D38] -> 0x2593
mem[X,0x0000000080001D3A] -> 0xAAB5
[1872] [M]: 0x0000000080001D38 (0xAAB52593) slti x11, x10, -0x555                   inst_281+32
x11 <- 0x0000000000000001

mem[X,0x0000000080001D3C] -> 0x3C23
mem[X,0x0000000080001D3E] -> 0x00B1
[1873] [M]: 0x0000000080001D3C (0x00B13C23) sd x11, 0x18(x2)                        inst_281+36
mem[W,0x00000000800079E0] <- 0x0000000000000001

clint mtime 0x00000000000003A9 (mip.MTI <- 0b1, mip.STI <- 0b0)
mem[X,0x0000000080001D40] -> 0x0537
mem[X,0x0000000080001D42] -> 0x0000
[1874] [M]: 0x0000000080001D40 (0x00000537) lui x10, 0x0                            inst_282+0
x10 <- 0x0000000000000000

mem[X,0x0000000080001D44] -> 0x0513
mem[X,0x0000000080001D46] -> 0xFFF5
[1875] [M]: 0x0000000080001D44 (0xFFF50513) addi x10, x10, -0x1                     inst_282+4
x10 <- 0xFFFFFFFFFFFFFFFF

clint mtime 0x00000000000003AA (mip.MTI <- 0b1, mip.STI <- 0b0)
mem[X,0x0000000080001D48] -> 0x1513
mem[X,0x0000000080001D4A] -> 0x00B5
[1876] [M]: 0x0000000080001D48 (0x00B51513) slli x10, x10, 0xb                      inst_282+8
x10 <- 0xFFFFFFFFFFFFF800

mem[X,0x0000000080001D4C] -> 0x0513
mem[X,0x0000000080001D4E] -> 0x2575
[1877] [M]: 0x0000000080001D4C (0x25750513) addi x10, x10, 0x257                    inst_282+12
x10 <- 0xFFFFFFFFFFFFFA57

clint mtime 0x00000000000003AB (mip.MTI <- 0b1, mip.STI <- 0b0)
mem[X,0x0000000080001D50] -> 0x1513
mem[X,0x0000000080001D52] -> 0x00B5
[1878] [M]: 0x0000000080001D50 (0x00B51513) slli x10, x10, 0xb                      inst_282+16
x10 <- 0xFFFFFFFFFFD2B800

mem[X,0x0000000080001D54] -> 0x0513
mem[X,0x0000000080001D56] -> 0x6C35
[1879] [M]: 0x0000000080001D54 (0x6C350513) addi x10, x10, 0x6c3                    inst_282+20
x10 <- 0xFFFFFFFFFFD2BEC3

clint mtime 0x00000000000003AC (mip.MTI <- 0b1, mip.STI <- 0b0)
mem[X,0x0000000080001D58] -> 0x1513
mem[X,0x0000000080001D5A] -> 0x00A5
[1880] [M]: 0x0000000080001D58 (0x00A51513) slli x10, x10, 0xa                      inst_282+24
x10 <- 0xFFFFFFFF4AFB0C00

mem[X,0x0000000080001D5C] -> 0x0513
mem[X,0x0000000080001D5E] -> 0x0CD5
[1881] [M]: 0x0000000080001D5C (0x0CD50513) addi x10, x10, 0xcd                     inst_282+28
x10 <- 0xFFFFFFFF4AFB0CCD

clint mtime 0x00000000000003AD (mip.MTI <- 0b1, mip.STI <- 0b0)
mem[X,0x0000000080001D60] -> 0x2593
mem[X,0x0000000080001D62] -> 0x0065
[1882] [M]: 0x0000000080001D60 (0x00652593) slti x11, x10, 0x6                      inst_282+32
x11 <- 0x0000000000000001

mem[X,0x0000000080001D64] -> 0x3023
mem[X,0x0000000080001D66] -> 0x02B1
[1883] [M]: 0x0000000080001D64 (0x02B13023) sd x11, 0x20(x2)                        inst_282+36
mem[W,0x00000000800079E8] <- 0x0000000000000001

clint mtime 0x00000000000003AE (mip.MTI <- 0b1, mip.STI <- 0b0)
mem[X,0x0000000080001D68] -> 0x0537
mem[X,0x0000000080001D6A] -> 0x0000
[1884] [M]: 0x0000000080001D68 (0x00000537) lui x10, 0x0                            inst_283+0
x10 <- 0x0000000000000000

mem[X,0x0000000080001D6C] -> 0x0513
mem[X,0x0000000080001D6E] -> 0xFFF5
[1885] [M]: 0x0000000080001D6C (0xFFF50513) addi x10, x10, -0x1                     inst_283+4
x10 <- 0xFFFFFFFFFFFFFFFF

clint mtime 0x00000000000003AF (mip.MTI <- 0b1, mip.STI <- 0b0)
mem[X,0x0000000080001D70] -> 0x1513
mem[X,0x0000000080001D72] -> 0x00B5
[1886] [M]: 0x0000000080001D70 (0x00B51513) slli x10, x10, 0xb                      inst_283+8
x10 <- 0xFFFFFFFFFFFFF800

mem[X,0x0000000080001D74] -> 0x0513
mem[X,0x0000000080001D76] -> 0x2575
[1887] [M]: 0x0000000080001D74 (0x25750513) addi x10, x10, 0x257                    inst_283+12
x10 <- 0xFFFFFFFFFFFFFA57

clint mtime 0x00000000000003B0 (mip.MTI <- 0b1, mip.STI <- 0b0)
mem[X,0x0000000080001D78] -> 0x1513
mem[X,0x0000000080001D7A] -> 0x00B5
[1888] [M]: 0x0000000080001D78 (0x00B51513) slli x10, x10, 0xb                      inst_283+16
x10 <- 0xFFFFFFFFFFD2B800

mem[X,0x0000000080001D7C] -> 0x0513
mem[X,0x0000000080001D7E] -> 0x6C35
[1889] [M]: 0x0000000080001D7C (0x6C350513) addi x10, x10, 0x6c3                    inst_283+20
x10 <- 0xFFFFFFFFFFD2BEC3

clint mtime 0x00000000000003B1 (mip.MTI <- 0b1, mip.STI <- 0b0)
mem[X,0x0000000080001D80] -> 0x1513
mem[X,0x0000000080001D82] -> 0x00A5
[1890] [M]: 0x0000000080001D80 (0x00A51513) slli x10, x10, 0xa                      inst_283+24
x10 <- 0xFFFFFFFF4AFB0C00

mem[X,0x0000000080001D84] -> 0x0513
mem[X,0x0000000080001D86] -> 0x0CD5
[1891] [M]: 0x0000000080001D84 (0x0CD50513) addi x10, x10, 0xcd                     inst_283+28
x10 <- 0xFFFFFFFF4AFB0CCD

clint mtime 0x00000000000003B2 (mip.MTI <- 0b1, mip.STI <- 0b0)
mem[X,0x0000000080001D88] -> 0x2593
mem[X,0x0000000080001D8A] -> 0x3345
[1892] [M]: 0x0000000080001D88 (0x33452593) slti x11, x10, 0x334                    inst_283+32
x11 <- 0x0000000000000001

mem[X,0x0000000080001D8C] -> 0x3423
mem[X,0x0000000080001D8E] -> 0x02B1
[1893] [M]: 0x0000000080001D8C (0x02B13423) sd x11, 0x28(x2)                        inst_283+36
mem[W,0x00000000800079F0] <- 0x0000000000000001

clint mtime 0x00000000000003B3 (mip.MTI <- 0b1, mip.STI <- 0b0)
mem[X,0x0000000080001D90] -> 0x0537
mem[X,0x0000000080001D92] -> 0x0000
[1894] [M]: 0x0000000080001D90 (0x00000537) lui x10, 0x0                            inst_284+0
x10 <- 0x0000000000000000

mem[X,0x0000000080001D94] -> 0x0513
mem[X,0x0000000080001D96] -> 0xFFF5
[1895] [M]: 0x0000000080001D94 (0xFFF50513) addi x10, x10, -0x1                     inst_284+4
x10 <- 0xFFFFFFFFFFFFFFFF

clint mtime 0x00000000000003B4 (mip.MTI <- 0b1, mip.STI <- 0b0)
mem[X,0x0000000080001D98] -> 0x1513
mem[X,0x0000000080001D9A] -> 0x00B5
[1896] [M]: 0x0000000080001D98 (0x00B51513) slli x10, x10, 0xb                      inst_284+8
x10 <- 0xFFFFFFFFFFFFF800

mem[X,0x0000000080001D9C] -> 0x0513
mem[X,0x0000000080001D9E] -> 0x2575
[1897] [M]: 0x0000000080001D9C (0x25750513) addi x10, x10, 0x257                    inst_284+12
x10 <- 0xFFFFFFFFFFFFFA57

clint mtime 0x00000000000003B5 (mip.MTI <- 0b1, mip.STI <- 0b0)
mem[X,0x0000000080001DA0] -> 0x1513
mem[X,0x0000000080001DA2] -> 0x00B5
[1898] [M]: 0x0000000080001DA0 (0x00B51513) slli x10, x10, 0xb                      inst_284+16
x10 <- 0xFFFFFFFFFFD2B800

mem[X,0x0000000080001DA4] -> 0x0513
mem[X,0x0000000080001DA6] -> 0x6C35
[1899] [M]: 0x0000000080001DA4 (0x6C350513) addi x10, x10, 0x6c3                    inst_284+20
x10 <- 0xFFFFFFFFFFD2BEC3

clint mtime 0x00000000000003B6 (mip.MTI <- 0b1, mip.STI <- 0b0)
mem[X,0x0000000080001DA8] -> 0x1513
mem[X,0x0000000080001DAA] -> 0x00A5
[1900] [M]: 0x0000000080001DA8 (0x00A51513) slli x10, x10, 0xa                      inst_284+24
x10 <- 0xFFFFFFFF4AFB0C00

mem[X,0x0000000080001DAC] -> 0x0513
mem[X,0x0000000080001DAE] -> 0x0CD5
[1901] [M]: 0x0000000080001DAC (0x0CD50513) addi x10, x10, 0xcd                     inst_284+28
x10 <- 0xFFFFFFFF4AFB0CCD

clint mtime 0x00000000000003B7 (mip.MTI <- 0b1, mip.STI <- 0b0)
mem[X,0x0000000080001DB0] -> 0x2593
mem[X,0x0000000080001DB2] -> 0x6675
[1902] [M]: 0x0000000080001DB0 (0x66752593) slti x11, x10, 0x667                    inst_284+32
x11 <- 0x0000000000000001

mem[X,0x0000000080001DB4] -> 0x3823
mem[X,0x0000000080001DB6] -> 0x02B1
[1903] [M]: 0x0000000080001DB4 (0x02B13823) sd x11, 0x30(x2)                        inst_284+36
mem[W,0x00000000800079F8] <- 0x0000000000000001

clint mtime 0x00000000000003B8 (mip.MTI <- 0b1, mip.STI <- 0b0)
mem[X,0x0000000080001DB8] -> 0x0537
mem[X,0x0000000080001DBA] -> 0x0000
[1904] [M]: 0x0000000080001DB8 (0x00000537) lui x10, 0x0                            inst_285+0
x10 <- 0x0000000000000000

mem[X,0x0000000080001DBC] -> 0x0513
mem[X,0x0000000080001DBE] -> 0xFFF5
[1905] [M]: 0x0000000080001DBC (0xFFF50513) addi x10, x10, -0x1                     inst_285+4
x10 <- 0xFFFFFFFFFFFFFFFF

clint mtime 0x00000000000003B9 (mip.MTI <- 0b1, mip.STI <- 0b0)
mem[X,0x0000000080001DC0] -> 0x1513
mem[X,0x0000000080001DC2] -> 0x00B5
[1906] [M]: 0x0000000080001DC0 (0x00B51513) slli x10, x10, 0xb                      inst_285+8
x10 <- 0xFFFFFFFFFFFFF800

mem[X,0x0000000080001DC4] -> 0x0513
mem[X,0x0000000080001DC6] -> 0x2575
[1907] [M]: 0x0000000080001DC4 (0x25750513) addi x10, x10, 0x257                    inst_285+12
x10 <- 0xFFFFFFFFFFFFFA57

clint mtime 0x00000000000003BA (mip.MTI <- 0b1, mip.STI <- 0b0)
mem[X,0x0000000080001DC8] -> 0x1513
mem[X,0x0000000080001DCA] -> 0x00B5
[1908] [M]: 0x0000000080001DC8 (0x00B51513) slli x10, x10, 0xb                      inst_285+16
x10 <- 0xFFFFFFFFFFD2B800

mem[X,0x0000000080001DCC] -> 0x0513
mem[X,0x0000000080001DCE] -> 0x6C35
[1909] [M]: 0x0000000080001DCC (0x6C350513) addi x10, x10, 0x6c3                    inst_285+20
x10 <- 0xFFFFFFFFFFD2BEC3

clint mtime 0x00000000000003BB (mip.MTI <- 0b1, mip.STI <- 0b0)
mem[X,0x0000000080001DD0] -> 0x1513
mem[X,0x0000000080001DD2] -> 0x00A5
[1910] [M]: 0x0000000080001DD0 (0x00A51513) slli x10, x10, 0xa                      inst_285+24
x10 <- 0xFFFFFFFF4AFB0C00

mem[X,0x0000000080001DD4] -> 0x0513
mem[X,0x0000000080001DD6] -> 0x0CD5
[1911] [M]: 0x0000000080001DD4 (0x0CD50513) addi x10, x10, 0xcd                     inst_285+28
x10 <- 0xFFFFFFFF4AFB0CCD

clint mtime 0x00000000000003BC (mip.MTI <- 0b1, mip.STI <- 0b0)
mem[X,0x0000000080001DD8] -> 0x2593
mem[X,0x0000000080001DDA] -> 0xFD45
[1912] [M]: 0x0000000080001DD8 (0xFD452593) slti x11, x10, -0x2c                    inst_285+32
x11 <- 0x0000000000000001

mem[X,0x0000000080001DDC] -> 0x3C23
mem[X,0x0000000080001DDE] -> 0x02B1
[1913] [M]: 0x0000000080001DDC (0x02B13C23) sd x11, 0x38(x2)                        inst_285+36
mem[W,0x0000000080007A00] <- 0x0000000000000001

clint mtime 0x00000000000003BD (mip.MTI <- 0b1, mip.STI <- 0b0)
mem[X,0x0000000080001DE0] -> 0x0537
mem[X,0x0000000080001DE2] -> 0x0000
[1914] [M]: 0x0000000080001DE0 (0x00000537) lui x10, 0x0                            inst_286+0
x10 <- 0x0000000000000000

mem[X,0x0000000080001DE4] -> 0x0513
mem[X,0x0000000080001DE6] -> 0xFFF5
[1915] [M]: 0x0000000080001DE4 (0xFFF50513) addi x10, x10, -0x1                     inst_286+4
x10 <- 0xFFFFFFFFFFFFFFFF

clint mtime 0x00000000000003BE (mip.MTI <- 0b1, mip.STI <- 0b0)
mem[X,0x0000000080001DE8] -> 0x1513
mem[X,0x0000000080001DEA] -> 0x00B5
[1916] [M]: 0x0000000080001DE8 (0x00B51513) slli x10, x10, 0xb                      inst_286+8
x10 <- 0xFFFFFFFFFFFFF800

mem[X,0x0000000080001DEC] -> 0x0513
mem[X,0x0000000080001DEE] -> 0x2575
[1917] [M]: 0x0000000080001DEC (0x25750513) addi x10, x10, 0x257                    inst_286+12
x10 <- 0xFFFFFFFFFFFFFA57

clint mtime 0x00000000000003BF (mip.MTI <- 0b1, mip.STI <- 0b0)
mem[X,0x0000000080001DF0] -> 0x1513
mem[X,0x0000000080001DF2] -> 0x00B5
[1918] [M]: 0x0000000080001DF0 (0x00B51513) slli x10, x10, 0xb                      inst_286+16
x10 <- 0xFFFFFFFFFFD2B800

mem[X,0x0000000080001DF4] -> 0x0513
mem[X,0x0000000080001DF6] -> 0x6C35
[1919] [M]: 0x0000000080001DF4 (0x6C350513) addi x10, x10, 0x6c3                    inst_286+20
x10 <- 0xFFFFFFFFFFD2BEC3

clint mtime 0x00000000000003C0 (mip.MTI <- 0b1, mip.STI <- 0b0)
mem[X,0x0000000080001DF8] -> 0x1513
mem[X,0x0000000080001DFA] -> 0x00A5
[1920] [M]: 0x0000000080001DF8 (0x00A51513) slli x10, x10, 0xa                      inst_286+24
x10 <- 0xFFFFFFFF4AFB0C00

mem[X,0x0000000080001DFC] -> 0x0513
mem[X,0x0000000080001DFE] -> 0x0CD5
[1921] [M]: 0x0000000080001DFC (0x0CD50513) addi x10, x10, 0xcd                     inst_286+28
x10 <- 0xFFFFFFFF4AFB0CCD

clint mtime 0x00000000000003C1 (mip.MTI <- 0b1, mip.STI <- 0b0)
mem[X,0x0000000080001E00] -> 0x2593
mem[X,0x0000000080001E02] -> 0x02E5
[1922] [M]: 0x0000000080001E00 (0x02E52593) slti x11, x10, 0x2e                     inst_286+32
x11 <- 0x0000000000000001

mem[X,0x0000000080001E04] -> 0x3023
mem[X,0x0000000080001E06] -> 0x04B1
[1923] [M]: 0x0000000080001E04 (0x04B13023) sd x11, 0x40(x2)                        inst_286+36
mem[W,0x0000000080007A08] <- 0x0000000000000001

clint mtime 0x00000000000003C2 (mip.MTI <- 0b1, mip.STI <- 0b0)
mem[X,0x0000000080001E08] -> 0x0537
mem[X,0x0000000080001E0A] -> 0x0000
[1924] [M]: 0x0000000080001E08 (0x00000537) lui x10, 0x0                            inst_287+0
x10 <- 0x0000000000000000

mem[X,0x0000000080001E0C] -> 0x0513
mem[X,0x0000000080001E0E] -> 0x0005
[1925] [M]: 0x0000000080001E0C (0x00050513) addi x10, x10, 0x0                      inst_287+4
x10 <- 0x0000000000000000

clint mtime 0x00000000000003C3 (mip.MTI <- 0b1, mip.STI <- 0b0)
mem[X,0x0000000080001E10] -> 0x1513
mem[X,0x0000000080001E12] -> 0x00B5
[1926] [M]: 0x0000000080001E10 (0x00B51513) slli x10, x10, 0xb                      inst_287+8
x10 <- 0x0000000000000000

mem[X,0x0000000080001E14] -> 0x0513
mem[X,0x0000000080001E16] -> 0x5A85
[1927] [M]: 0x0000000080001E14 (0x5A850513) addi x10, x10, 0x5a8                    inst_287+12
x10 <- 0x00000000000005A8

clint mtime 0x00000000000003C4 (mip.MTI <- 0b1, mip.STI <- 0b0)
mem[X,0x0000000080001E18] -> 0x1513
mem[X,0x0000000080001E1A] -> 0x00B5
[1928] [M]: 0x0000000080001E18 (0x00B51513) slli x10, x10, 0xb                      inst_287+16
x10 <- 0x00000000002D4000

mem[X,0x0000000080001E1C] -> 0x0513
mem[X,0x0000000080001E1E] -> 0x13C5
[1929] [M]: 0x0000000080001E1C (0x13C50513) addi x10, x10, 0x13c                    inst_287+20
x10 <- 0x00000000002D413C

clint mtime 0x00000000000003C5 (mip.MTI <- 0b1, mip.STI <- 0b0)
mem[X,0x0000000080001E20] -> 0x1513
mem[X,0x0000000080001E22] -> 0x00A5
[1930] [M]: 0x0000000080001E20 (0x00A51513) slli x10, x10, 0xa                      inst_287+24
x10 <- 0x00000000B504F000

mem[X,0x0000000080001E24] -> 0x0513
mem[X,0x0000000080001E26] -> 0x3335
[1931] [M]: 0x0000000080001E24 (0x33350513) addi x10, x10, 0x333                    inst_287+28
x10 <- 0x00000000B504F333

clint mtime 0x00000000000003C6 (mip.MTI <- 0b1, mip.STI <- 0b0)
mem[X,0x0000000080001E28] -> 0x2593
mem[X,0x0000000080001E2A] -> 0x0035
[1932] [M]: 0x0000000080001E28 (0x00352593) slti x11, x10, 0x3                      inst_287+32
x11 <- 0x0000000000000000

mem[X,0x0000000080001E2C] -> 0x3423
mem[X,0x0000000080001E2E] -> 0x04B1
[1933] [M]: 0x0000000080001E2C (0x04B13423) sd x11, 0x48(x2)                        inst_287+36
mem[W,0x0000000080007A10] <- 0x0000000000000000

clint mtime 0x00000000000003C7 (mip.MTI <- 0b1, mip.STI <- 0b0)
mem[X,0x0000000080001E30] -> 0x0537
mem[X,0x0000000080001E32] -> 0x0000
[1934] [M]: 0x0000000080001E30 (0x00000537) lui x10, 0x0                            inst_288+0
x10 <- 0x0000000000000000

mem[X,0x0000000080001E34] -> 0x0513
mem[X,0x0000000080001E36] -> 0x0005
[1935] [M]: 0x0000000080001E34 (0x00050513) addi x10, x10, 0x0                      inst_288+4
x10 <- 0x0000000000000000

clint mtime 0x00000000000003C8 (mip.MTI <- 0b1, mip.STI <- 0b0)
mem[X,0x0000000080001E38] -> 0x1513
mem[X,0x0000000080001E3A] -> 0x00B5
[1936] [M]: 0x0000000080001E38 (0x00B51513) slli x10, x10, 0xb                      inst_288+8
x10 <- 0x0000000000000000

mem[X,0x0000000080001E3C] -> 0x0513
mem[X,0x0000000080001E3E] -> 0x5A85
[1937] [M]: 0x0000000080001E3C (0x5A850513) addi x10, x10, 0x5a8                    inst_288+12
x10 <- 0x00000000000005A8

clint mtime 0x00000000000003C9 (mip.MTI <- 0b1, mip.STI <- 0b0)
mem[X,0x0000000080001E40] -> 0x1513
mem[X,0x0000000080001E42] -> 0x00B5
[1938] [M]: 0x0000000080001E40 (0x00B51513) slli x10, x10, 0xb                      inst_288+16
x10 <- 0x00000000002D4000

mem[X,0x0000000080001E44] -> 0x0513
mem[X,0x0000000080001E46] -> 0x13C5
[1939] [M]: 0x0000000080001E44 (0x13C50513) addi x10, x10, 0x13c                    inst_288+20
x10 <- 0x00000000002D413C

clint mtime 0x00000000000003CA (mip.MTI <- 0b1, mip.STI <- 0b0)
mem[X,0x0000000080001E48] -> 0x1513
mem[X,0x0000000080001E4A] -> 0x00A5
[1940] [M]: 0x0000000080001E48 (0x00A51513) slli x10, x10, 0xa                      inst_288+24
x10 <- 0x00000000B504F000

mem[X,0x0000000080001E4C] -> 0x0513
mem[X,0x0000000080001E4E] -> 0x3335
[1941] [M]: 0x0000000080001E4C (0x33350513) addi x10, x10, 0x333                    inst_288+28
x10 <- 0x00000000B504F333

clint mtime 0x00000000000003CB (mip.MTI <- 0b1, mip.STI <- 0b0)
mem[X,0x0000000080001E50] -> 0x2593
mem[X,0x0000000080001E52] -> 0x5555
[1942] [M]: 0x0000000080001E50 (0x55552593) slti x11, x10, 0x555                    inst_288+32
x11 <- 0x0000000000000000

mem[X,0x0000000080001E54] -> 0x3823
mem[X,0x0000000080001E56] -> 0x04B1
[1943] [M]: 0x0000000080001E54 (0x04B13823) sd x11, 0x50(x2)                        inst_288+36
mem[W,0x0000000080007A18] <- 0x0000000000000000

clint mtime 0x00000000000003CC (mip.MTI <- 0b1, mip.STI <- 0b0)
mem[X,0x0000000080001E58] -> 0x0537
mem[X,0x0000000080001E5A] -> 0x0000
[1944] [M]: 0x0000000080001E58 (0x00000537) lui x10, 0x0                            inst_289+0
x10 <- 0x0000000000000000

mem[X,0x0000000080001E5C] -> 0x0513
mem[X,0x0000000080001E5E] -> 0x0005
[1945] [M]: 0x0000000080001E5C (0x00050513) addi x10, x10, 0x0                      inst_289+4
x10 <- 0x0000000000000000

clint mtime 0x00000000000003CD (mip.MTI <- 0b1, mip.STI <- 0b0)
mem[X,0x0000000080001E60] -> 0x1513
mem[X,0x0000000080001E62] -> 0x00B5
[1946] [M]: 0x0000000080001E60 (0x00B51513) slli x10, x10, 0xb                      inst_289+8
x10 <- 0x0000000000000000

mem[X,0x0000000080001E64] -> 0x0513
mem[X,0x0000000080001E66] -> 0x5A85
[1947] [M]: 0x0000000080001E64 (0x5A850513) addi x10, x10, 0x5a8                    inst_289+12
x10 <- 0x00000000000005A8

clint mtime 0x00000000000003CE (mip.MTI <- 0b1, mip.STI <- 0b0)
mem[X,0x0000000080001E68] -> 0x1513
mem[X,0x0000000080001E6A] -> 0x00B5
[1948] [M]: 0x0000000080001E68 (0x00B51513) slli x10, x10, 0xb                      inst_289+16
x10 <- 0x00000000002D4000

mem[X,0x0000000080001E6C] -> 0x0513
mem[X,0x0000000080001E6E] -> 0x13C5
[1949] [M]: 0x0000000080001E6C (0x13C50513) addi x10, x10, 0x13c                    inst_289+20
x10 <- 0x00000000002D413C

clint mtime 0x00000000000003CF (mip.MTI <- 0b1, mip.STI <- 0b0)
mem[X,0x0000000080001E70] -> 0x1513
mem[X,0x0000000080001E72] -> 0x00A5
[1950] [M]: 0x0000000080001E70 (0x00A51513) slli x10, x10, 0xa                      inst_289+24
x10 <- 0x00000000B504F000

mem[X,0x0000000080001E74] -> 0x0513
mem[X,0x0000000080001E76] -> 0x3335
[1951] [M]: 0x0000000080001E74 (0x33350513) addi x10, x10, 0x333                    inst_289+28
x10 <- 0x00000000B504F333

clint mtime 0x00000000000003D0 (mip.MTI <- 0b1, mip.STI <- 0b0)
mem[X,0x0000000080001E78] -> 0x2593
mem[X,0x0000000080001E7A] -> 0xAAA5
[1952] [M]: 0x0000000080001E78 (0xAAA52593) slti x11, x10, -0x556                   inst_289+32
x11 <- 0x0000000000000000

mem[X,0x0000000080001E7C] -> 0x3C23
mem[X,0x0000000080001E7E] -> 0x04B1
[1953] [M]: 0x0000000080001E7C (0x04B13C23) sd x11, 0x58(x2)                        inst_289+36
mem[W,0x0000000080007A20] <- 0x0000000000000000

clint mtime 0x00000000000003D1 (mip.MTI <- 0b1, mip.STI <- 0b0)
mem[X,0x0000000080001E80] -> 0x0537
mem[X,0x0000000080001E82] -> 0x0000
[1954] [M]: 0x0000000080001E80 (0x00000537) lui x10, 0x0                            inst_290+0
x10 <- 0x0000000000000000

mem[X,0x0000000080001E84] -> 0x0513
mem[X,0x0000000080001E86] -> 0x0005
[1955] [M]: 0x0000000080001E84 (0x00050513) addi x10, x10, 0x0                      inst_290+4
x10 <- 0x0000000000000000

clint mtime 0x00000000000003D2 (mip.MTI <- 0b1, mip.STI <- 0b0)
mem[X,0x0000000080001E88] -> 0x1513
mem[X,0x0000000080001E8A] -> 0x00B5
[1956] [M]: 0x0000000080001E88 (0x00B51513) slli x10, x10, 0xb                      inst_290+8
x10 <- 0x0000000000000000

mem[X,0x0000000080001E8C] -> 0x0513
mem[X,0x0000000080001E8E] -> 0x5A85
[1957] [M]: 0x0000000080001E8C (0x5A850513) addi x10, x10, 0x5a8                    inst_290+12
x10 <- 0x00000000000005A8

clint mtime 0x00000000000003D3 (mip.MTI <- 0b1, mip.STI <- 0b0)
mem[X,0x0000000080001E90] -> 0x1513
mem[X,0x0000000080001E92] -> 0x00B5
[1958] [M]: 0x0000000080001E90 (0x00B51513) slli x10, x10, 0xb                      inst_290+16
x10 <- 0x00000000002D4000

mem[X,0x0000000080001E94] -> 0x0513
mem[X,0x0000000080001E96] -> 0x13C5
[1959] [M]: 0x0000000080001E94 (0x13C50513) addi x10, x10, 0x13c                    inst_290+20
x10 <- 0x00000000002D413C

clint mtime 0x00000000000003D4 (mip.MTI <- 0b1, mip.STI <- 0b0)
mem[X,0x0000000080001E98] -> 0x1513
mem[X,0x0000000080001E9A] -> 0x00A5
[1960] [M]: 0x0000000080001E98 (0x00A51513) slli x10, x10, 0xa                      inst_290+24
x10 <- 0x00000000B504F000

mem[X,0x0000000080001E9C] -> 0x0513
mem[X,0x0000000080001E9E] -> 0x3335
[1961] [M]: 0x0000000080001E9C (0x33350513) addi x10, x10, 0x333                    inst_290+28
x10 <- 0x00000000B504F333

clint mtime 0x00000000000003D5 (mip.MTI <- 0b1, mip.STI <- 0b0)
mem[X,0x0000000080001EA0] -> 0x2593
mem[X,0x0000000080001EA2] -> 0x0055
[1962] [M]: 0x0000000080001EA0 (0x00552593) slti x11, x10, 0x5                      inst_290+32
x11 <- 0x0000000000000000

mem[X,0x0000000080001EA4] -> 0x3023
mem[X,0x0000000080001EA6] -> 0x06B1
[1963] [M]: 0x0000000080001EA4 (0x06B13023) sd x11, 0x60(x2)                        inst_290+36
mem[W,0x0000000080007A28] <- 0x0000000000000000

clint mtime 0x00000000000003D6 (mip.MTI <- 0b1, mip.STI <- 0b0)
mem[X,0x0000000080001EA8] -> 0x0537
mem[X,0x0000000080001EAA] -> 0x0000
[1964] [M]: 0x0000000080001EA8 (0x00000537) lui x10, 0x0                            inst_291+0
x10 <- 0x0000000000000000

mem[X,0x0000000080001EAC] -> 0x0513
mem[X,0x0000000080001EAE] -> 0x0005
[1965] [M]: 0x0000000080001EAC (0x00050513) addi x10, x10, 0x0                      inst_291+4
x10 <- 0x0000000000000000

clint mtime 0x00000000000003D7 (mip.MTI <- 0b1, mip.STI <- 0b0)
mem[X,0x0000000080001EB0] -> 0x1513
mem[X,0x0000000080001EB2] -> 0x00B5
[1966] [M]: 0x0000000080001EB0 (0x00B51513) slli x10, x10, 0xb                      inst_291+8
x10 <- 0x0000000000000000

mem[X,0x0000000080001EB4] -> 0x0513
mem[X,0x0000000080001EB6] -> 0x5A85
[1967] [M]: 0x0000000080001EB4 (0x5A850513) addi x10, x10, 0x5a8                    inst_291+12
x10 <- 0x00000000000005A8

clint mtime 0x00000000000003D8 (mip.MTI <- 0b1, mip.STI <- 0b0)
mem[X,0x0000000080001EB8] -> 0x1513
mem[X,0x0000000080001EBA] -> 0x00B5
[1968] [M]: 0x0000000080001EB8 (0x00B51513) slli x10, x10, 0xb                      inst_291+16
x10 <- 0x00000000002D4000

mem[X,0x0000000080001EBC] -> 0x0513
mem[X,0x0000000080001EBE] -> 0x13C5
[1969] [M]: 0x0000000080001EBC (0x13C50513) addi x10, x10, 0x13c                    inst_291+20
x10 <- 0x00000000002D413C

clint mtime 0x00000000000003D9 (mip.MTI <- 0b1, mip.STI <- 0b0)
mem[X,0x0000000080001EC0] -> 0x1513
mem[X,0x0000000080001EC2] -> 0x00A5
[1970] [M]: 0x0000000080001EC0 (0x00A51513) slli x10, x10, 0xa                      inst_291+24
x10 <- 0x00000000B504F000

mem[X,0x0000000080001EC4] -> 0x0513
mem[X,0x0000000080001EC6] -> 0x3335
[1971] [M]: 0x0000000080001EC4 (0x33350513) addi x10, x10, 0x333                    inst_291+28
x10 <- 0x00000000B504F333

clint mtime 0x00000000000003DA (mip.MTI <- 0b1, mip.STI <- 0b0)
mem[X,0x0000000080001EC8] -> 0x2593
mem[X,0x0000000080001ECA] -> 0x3335
[1972] [M]: 0x0000000080001EC8 (0x33352593) slti x11, x10, 0x333                    inst_291+32
x11 <- 0x0000000000000000

mem[X,0x0000000080001ECC] -> 0x3423
mem[X,0x0000000080001ECE] -> 0x06B1
[1973] [M]: 0x0000000080001ECC (0x06B13423) sd x11, 0x68(x2)                        inst_291+36
mem[W,0x0000000080007A30] <- 0x0000000000000000

clint mtime 0x00000000000003DB (mip.MTI <- 0b1, mip.STI <- 0b0)
mem[X,0x0000000080001ED0] -> 0x0537
mem[X,0x0000000080001ED2] -> 0x0000
[1974] [M]: 0x0000000080001ED0 (0x00000537) lui x10, 0x0                            inst_292+0
x10 <- 0x0000000000000000

mem[X,0x0000000080001ED4] -> 0x0513
mem[X,0x0000000080001ED6] -> 0x0005
[1975] [M]: 0x0000000080001ED4 (0x00050513) addi x10, x10, 0x0                      inst_292+4
x10 <- 0x0000000000000000

clint mtime 0x00000000000003DC (mip.MTI <- 0b1, mip.STI <- 0b0)
mem[X,0x0000000080001ED8] -> 0x1513
mem[X,0x0000000080001EDA] -> 0x00B5
[1976] [M]: 0x0000000080001ED8 (0x00B51513) slli x10, x10, 0xb                      inst_292+8
x10 <- 0x0000000000000000

mem[X,0x0000000080001EDC] -> 0x0513
mem[X,0x0000000080001EDE] -> 0x5A85
[1977] [M]: 0x0000000080001EDC (0x5A850513) addi x10, x10, 0x5a8                    inst_292+12
x10 <- 0x00000000000005A8

clint mtime 0x00000000000003DD (mip.MTI <- 0b1, mip.STI <- 0b0)
mem[X,0x0000000080001EE0] -> 0x1513
mem[X,0x0000000080001EE2] -> 0x00B5
[1978] [M]: 0x0000000080001EE0 (0x00B51513) slli x10, x10, 0xb                      inst_292+16
x10 <- 0x00000000002D4000

mem[X,0x0000000080001EE4] -> 0x0513
mem[X,0x0000000080001EE6] -> 0x13C5
[1979] [M]: 0x0000000080001EE4 (0x13C50513) addi x10, x10, 0x13c                    inst_292+20
x10 <- 0x00000000002D413C

clint mtime 0x00000000000003DE (mip.MTI <- 0b1, mip.STI <- 0b0)
mem[X,0x0000000080001EE8] -> 0x1513
mem[X,0x0000000080001EEA] -> 0x00A5
[1980] [M]: 0x0000000080001EE8 (0x00A51513) slli x10, x10, 0xa                      inst_292+24
x10 <- 0x00000000B504F000

mem[X,0x0000000080001EEC] -> 0x0513
mem[X,0x0000000080001EEE] -> 0x3335
[1981] [M]: 0x0000000080001EEC (0x33350513) addi x10, x10, 0x333                    inst_292+28
x10 <- 0x00000000B504F333

clint mtime 0x00000000000003DF (mip.MTI <- 0b1, mip.STI <- 0b0)
mem[X,0x0000000080001EF0] -> 0x2593
mem[X,0x0000000080001EF2] -> 0x6665
[1982] [M]: 0x0000000080001EF0 (0x66652593) slti x11, x10, 0x666                    inst_292+32
x11 <- 0x0000000000000000

mem[X,0x0000000080001EF4] -> 0x3823
mem[X,0x0000000080001EF6] -> 0x06B1
[1983] [M]: 0x0000000080001EF4 (0x06B13823) sd x11, 0x70(x2)                        inst_292+36
mem[W,0x0000000080007A38] <- 0x0000000000000000

clint mtime 0x00000000000003E0 (mip.MTI <- 0b1, mip.STI <- 0b0)
mem[X,0x0000000080001EF8] -> 0x0537
mem[X,0x0000000080001EFA] -> 0x0000
[1984] [M]: 0x0000000080001EF8 (0x00000537) lui x10, 0x0                            inst_293+0
x10 <- 0x0000000000000000

mem[X,0x0000000080001EFC] -> 0x0513
mem[X,0x0000000080001EFE] -> 0x0005
[1985] [M]: 0x0000000080001EFC (0x00050513) addi x10, x10, 0x0                      inst_293+4
x10 <- 0x0000000000000000

clint mtime 0x00000000000003E1 (mip.MTI <- 0b1, mip.STI <- 0b0)
mem[X,0x0000000080001F00] -> 0x1513
mem[X,0x0000000080001F02] -> 0x00B5
[1986] [M]: 0x0000000080001F00 (0x00B51513) slli x10, x10, 0xb                      inst_293+8
x10 <- 0x0000000000000000

mem[X,0x0000000080001F04] -> 0x0513
mem[X,0x0000000080001F06] -> 0x5A85
[1987] [M]: 0x0000000080001F04 (0x5A850513) addi x10, x10, 0x5a8                    inst_293+12
x10 <- 0x00000000000005A8

clint mtime 0x00000000000003E2 (mip.MTI <- 0b1, mip.STI <- 0b0)
mem[X,0x0000000080001F08] -> 0x1513
mem[X,0x0000000080001F0A] -> 0x00B5
[1988] [M]: 0x0000000080001F08 (0x00B51513) slli x10, x10, 0xb                      inst_293+16
x10 <- 0x00000000002D4000

mem[X,0x0000000080001F0C] -> 0x0513
mem[X,0x0000000080001F0E] -> 0x13C5
[1989] [M]: 0x0000000080001F0C (0x13C50513) addi x10, x10, 0x13c                    inst_293+20
x10 <- 0x00000000002D413C

clint mtime 0x00000000000003E3 (mip.MTI <- 0b1, mip.STI <- 0b0)
mem[X,0x0000000080001F10] -> 0x1513
mem[X,0x0000000080001F12] -> 0x00A5
[1990] [M]: 0x0000000080001F10 (0x00A51513) slli x10, x10, 0xa                      inst_293+24
x10 <- 0x00000000B504F000

mem[X,0x0000000080001F14] -> 0x0513
mem[X,0x0000000080001F16] -> 0x3335
[1991] [M]: 0x0000000080001F14 (0x33350513) addi x10, x10, 0x333                    inst_293+28
x10 <- 0x00000000B504F333

clint mtime 0x00000000000003E4 (mip.MTI <- 0b1, mip.STI <- 0b0)
mem[X,0x0000000080001F18] -> 0x2593
mem[X,0x0000000080001F1A] -> 0xFD35
[1992] [M]: 0x0000000080001F18 (0xFD352593) slti x11, x10, -0x2d                    inst_293+32
x11 <- 0x0000000000000000

mem[X,0x0000000080001F1C] -> 0x3C23
mem[X,0x0000000080001F1E] -> 0x06B1
[1993] [M]: 0x0000000080001F1C (0x06B13C23) sd x11, 0x78(x2)                        inst_293+36
mem[W,0x0000000080007A40] <- 0x0000000000000000

clint mtime 0x00000000000003E5 (mip.MTI <- 0b1, mip.STI <- 0b0)
mem[X,0x0000000080001F20] -> 0x0537
mem[X,0x0000000080001F22] -> 0x0000
[1994] [M]: 0x0000000080001F20 (0x00000537) lui x10, 0x0                            inst_294+0
x10 <- 0x0000000000000000

mem[X,0x0000000080001F24] -> 0x0513
mem[X,0x0000000080001F26] -> 0x0005
[1995] [M]: 0x0000000080001F24 (0x00050513) addi x10, x10, 0x0                      inst_294+4
x10 <- 0x0000000000000000

clint mtime 0x00000000000003E6 (mip.MTI <- 0b1, mip.STI <- 0b0)
mem[X,0x0000000080001F28] -> 0x1513
mem[X,0x0000000080001F2A] -> 0x00B5
[1996] [M]: 0x0000000080001F28 (0x00B51513) slli x10, x10, 0xb                      inst_294+8
x10 <- 0x0000000000000000

mem[X,0x0000000080001F2C] -> 0x0513
mem[X,0x0000000080001F2E] -> 0x5A85
[1997] [M]: 0x0000000080001F2C (0x5A850513) addi x10, x10, 0x5a8                    inst_294+12
x10 <- 0x00000000000005A8

clint mtime 0x00000000000003E7 (mip.MTI <- 0b1, mip.STI <- 0b0)
mem[X,0x0000000080001F30] -> 0x1513
mem[X,0x0000000080001F32] -> 0x00B5
[1998] [M]: 0x0000000080001F30 (0x00B51513) slli x10, x10, 0xb                      inst_294+16
x10 <- 0x00000000002D4000

mem[X,0x0000000080001F34] -> 0x0513
mem[X,0x0000000080001F36] -> 0x13C5
[1999] [M]: 0x0000000080001F34 (0x13C50513) addi x10, x10, 0x13c                    inst_294+20
x10 <- 0x00000000002D413C

clint mtime 0x00000000000003E8 (mip.MTI <- 0b1, mip.STI <- 0b0)
mem[X,0x0000000080001F38] -> 0x1513
mem[X,0x0000000080001F3A] -> 0x00A5
[2000] [M]: 0x0000000080001F38 (0x00A51513) slli x10, x10, 0xa                      inst_294+24
x10 <- 0x00000000B504F000

mem[X,0x0000000080001F3C] -> 0x0513
mem[X,0x0000000080001F3E] -> 0x3335
[2001] [M]: 0x0000000080001F3C (0x33350513) addi x10, x10, 0x333                    inst_294+28
x10 <- 0x00000000B504F333

clint mtime 0x00000000000003E9 (mip.MTI <- 0b1, mip.STI <- 0b0)
mem[X,0x0000000080001F40] -> 0x2593
mem[X,0x0000000080001F42] -> 0x02D5
[2002] [M]: 0x0000000080001F40 (0x02D52593) slti x11, x10, 0x2d                     inst_294+32
x11 <- 0x0000000000000000

mem[X,0x0000000080001F44] -> 0x3023
mem[X,0x0000000080001F46] -> 0x08B1
[2003] [M]: 0x0000000080001F44 (0x08B13023) sd x11, 0x80(x2)                        inst_294+36
mem[W,0x0000000080007A48] <- 0x0000000000000000

clint mtime 0x00000000000003EA (mip.MTI <- 0b1, mip.STI <- 0b0)
mem[X,0x0000000080001F48] -> 0x0537
mem[X,0x0000000080001F4A] -> 0x0000
[2004] [M]: 0x0000000080001F48 (0x00000537) lui x10, 0x0                            inst_295+0
x10 <- 0x0000000000000000

mem[X,0x0000000080001F4C] -> 0x0513
mem[X,0x0000000080001F4E] -> 0x0005
[2005] [M]: 0x0000000080001F4C (0x00050513) addi x10, x10, 0x0                      inst_295+4
x10 <- 0x0000000000000000

clint mtime 0x00000000000003EB (mip.MTI <- 0b1, mip.STI <- 0b0)
mem[X,0x0000000080001F50] -> 0x1513
mem[X,0x0000000080001F52] -> 0x00B5
[2006] [M]: 0x0000000080001F50 (0x00B51513) slli x10, x10, 0xb                      inst_295+8
x10 <- 0x0000000000000000

mem[X,0x0000000080001F54] -> 0x0513
mem[X,0x0000000080001F56] -> 0x5A85
[2007] [M]: 0x0000000080001F54 (0x5A850513) addi x10, x10, 0x5a8                    inst_295+12
x10 <- 0x00000000000005A8

clint mtime 0x00000000000003EC (mip.MTI <- 0b1, mip.STI <- 0b0)
mem[X,0x0000000080001F58] -> 0x1513
mem[X,0x0000000080001F5A] -> 0x00B5
[2008] [M]: 0x0000000080001F58 (0x00B51513) slli x10, x10, 0xb                      inst_295+16
x10 <- 0x00000000002D4000

mem[X,0x0000000080001F5C] -> 0x0513
mem[X,0x0000000080001F5E] -> 0x13C5
[2009] [M]: 0x0000000080001F5C (0x13C50513) addi x10, x10, 0x13c                    inst_295+20
x10 <- 0x00000000002D413C

clint mtime 0x00000000000003ED (mip.MTI <- 0b1, mip.STI <- 0b0)
mem[X,0x0000000080001F60] -> 0x1513
mem[X,0x0000000080001F62] -> 0x00A5
[2010] [M]: 0x0000000080001F60 (0x00A51513) slli x10, x10, 0xa                      inst_295+24
x10 <- 0x00000000B504F000

mem[X,0x0000000080001F64] -> 0x0513
mem[X,0x0000000080001F66] -> 0x3335
[2011] [M]: 0x0000000080001F64 (0x33350513) addi x10, x10, 0x333                    inst_295+28
x10 <- 0x00000000B504F333

clint mtime 0x00000000000003EE (mip.MTI <- 0b1, mip.STI <- 0b0)
mem[X,0x0000000080001F68] -> 0x2593
mem[X,0x0000000080001F6A] -> 0x0025
[2012] [M]: 0x0000000080001F68 (0x00252593) slti x11, x10, 0x2                      inst_295+32
x11 <- 0x0000000000000000

mem[X,0x0000000080001F6C] -> 0x3423
mem[X,0x0000000080001F6E] -> 0x08B1
[2013] [M]: 0x0000000080001F6C (0x08B13423) sd x11, 0x88(x2)                        inst_295+36
mem[W,0x0000000080007A50] <- 0x0000000000000000

clint mtime 0x00000000000003EF (mip.MTI <- 0b1, mip.STI <- 0b0)
mem[X,0x0000000080001F70] -> 0x0537
mem[X,0x0000000080001F72] -> 0x0000
[2014] [M]: 0x0000000080001F70 (0x00000537) lui x10, 0x0                            inst_296+0
x10 <- 0x0000000000000000

mem[X,0x0000000080001F74] -> 0x0513
mem[X,0x0000000080001F76] -> 0x0005
[2015] [M]: 0x0000000080001F74 (0x00050513) addi x10, x10, 0x0                      inst_296+4
x10 <- 0x0000000000000000

clint mtime 0x00000000000003F0 (mip.MTI <- 0b1, mip.STI <- 0b0)
mem[X,0x0000000080001F78] -> 0x1513
mem[X,0x0000000080001F7A] -> 0x00B5
[2016] [M]: 0x0000000080001F78 (0x00B51513) slli x10, x10, 0xb                      inst_296+8
x10 <- 0x0000000000000000

mem[X,0x0000000080001F7C] -> 0x0513
mem[X,0x0000000080001F7E] -> 0x5A85
[2017] [M]: 0x0000000080001F7C (0x5A850513) addi x10, x10, 0x5a8                    inst_296+12
x10 <- 0x00000000000005A8

clint mtime 0x00000000000003F1 (mip.MTI <- 0b1, mip.STI <- 0b0)
mem[X,0x0000000080001F80] -> 0x1513
mem[X,0x0000000080001F82] -> 0x00B5
[2018] [M]: 0x0000000080001F80 (0x00B51513) slli x10, x10, 0xb                      inst_296+16
x10 <- 0x00000000002D4000

mem[X,0x0000000080001F84] -> 0x0513
mem[X,0x0000000080001F86] -> 0x13C5
[2019] [M]: 0x0000000080001F84 (0x13C50513) addi x10, x10, 0x13c                    inst_296+20
x10 <- 0x00000000002D413C

clint mtime 0x00000000000003F2 (mip.MTI <- 0b1, mip.STI <- 0b0)
mem[X,0x0000000080001F88] -> 0x1513
mem[X,0x0000000080001F8A] -> 0x00A5
[2020] [M]: 0x0000000080001F88 (0x00A51513) slli x10, x10, 0xa                      inst_296+24
x10 <- 0x00000000B504F000

mem[X,0x0000000080001F8C] -> 0x0513
mem[X,0x0000000080001F8E] -> 0x3335
[2021] [M]: 0x0000000080001F8C (0x33350513) addi x10, x10, 0x333                    inst_296+28
x10 <- 0x00000000B504F333

clint mtime 0x00000000000003F3 (mip.MTI <- 0b1, mip.STI <- 0b0)
mem[X,0x0000000080001F90] -> 0x2593
mem[X,0x0000000080001F92] -> 0x5545
[2022] [M]: 0x0000000080001F90 (0x55452593) slti x11, x10, 0x554                    inst_296+32
x11 <- 0x0000000000000000

mem[X,0x0000000080001F94] -> 0x3823
mem[X,0x0000000080001F96] -> 0x08B1
[2023] [M]: 0x0000000080001F94 (0x08B13823) sd x11, 0x90(x2)                        inst_296+36
mem[W,0x0000000080007A58] <- 0x0000000000000000

clint mtime 0x00000000000003F4 (mip.MTI <- 0b1, mip.STI <- 0b0)
mem[X,0x0000000080001F98] -> 0x0537
mem[X,0x0000000080001F9A] -> 0x0000
[2024] [M]: 0x0000000080001F98 (0x00000537) lui x10, 0x0                            inst_297+0
x10 <- 0x0000000000000000

mem[X,0x0000000080001F9C] -> 0x0513
mem[X,0x0000000080001F9E] -> 0x0005
[2025] [M]: 0x0000000080001F9C (0x00050513) addi x10, x10, 0x0                      inst_297+4
x10 <- 0x0000000000000000

clint mtime 0x00000000000003F5 (mip.MTI <- 0b1, mip.STI <- 0b0)
mem[X,0x0000000080001FA0] -> 0x1513
mem[X,0x0000000080001FA2] -> 0x00B5
[2026] [M]: 0x0000000080001FA0 (0x00B51513) slli x10, x10, 0xb                      inst_297+8
x10 <- 0x0000000000000000

mem[X,0x0000000080001FA4] -> 0x0513
mem[X,0x0000000080001FA6] -> 0x5A85
[2027] [M]: 0x0000000080001FA4 (0x5A850513) addi x10, x10, 0x5a8                    inst_297+12
x10 <- 0x00000000000005A8

clint mtime 0x00000000000003F6 (mip.MTI <- 0b1, mip.STI <- 0b0)
mem[X,0x0000000080001FA8] -> 0x1513
mem[X,0x0000000080001FAA] -> 0x00B5
[2028] [M]: 0x0000000080001FA8 (0x00B51513) slli x10, x10, 0xb                      inst_297+16
x10 <- 0x00000000002D4000

mem[X,0x0000000080001FAC] -> 0x0513
mem[X,0x0000000080001FAE] -> 0x13C5
[2029] [M]: 0x0000000080001FAC (0x13C50513) addi x10, x10, 0x13c                    inst_297+20
x10 <- 0x00000000002D413C

clint mtime 0x00000000000003F7 (mip.MTI <- 0b1, mip.STI <- 0b0)
mem[X,0x0000000080001FB0] -> 0x1513
mem[X,0x0000000080001FB2] -> 0x00A5
[2030] [M]: 0x0000000080001FB0 (0x00A51513) slli x10, x10, 0xa                      inst_297+24
x10 <- 0x00000000B504F000

mem[X,0x0000000080001FB4] -> 0x0513
mem[X,0x0000000080001FB6] -> 0x3335
[2031] [M]: 0x0000000080001FB4 (0x33350513) addi x10, x10, 0x333                    inst_297+28
x10 <- 0x00000000B504F333

clint mtime 0x00000000000003F8 (mip.MTI <- 0b1, mip.STI <- 0b0)
mem[X,0x0000000080001FB8] -> 0x2593
mem[X,0x0000000080001FBA] -> 0x0005
[2032] [M]: 0x0000000080001FB8 (0x00052593) slti x11, x10, 0x0                      inst_297+32
x11 <- 0x0000000000000000

mem[X,0x0000000080001FBC] -> 0x3C23
mem[X,0x0000000080001FBE] -> 0x08B1
[2033] [M]: 0x0000000080001FBC (0x08B13C23) sd x11, 0x98(x2)                        inst_297+36
mem[W,0x0000000080007A60] <- 0x0000000000000000

clint mtime 0x00000000000003F9 (mip.MTI <- 0b1, mip.STI <- 0b0)
mem[X,0x0000000080001FC0] -> 0x0537
mem[X,0x0000000080001FC2] -> 0x0000
[2034] [M]: 0x0000000080001FC0 (0x00000537) lui x10, 0x0                            inst_298+0
x10 <- 0x0000000000000000

mem[X,0x0000000080001FC4] -> 0x0513
mem[X,0x0000000080001FC6] -> 0x0005
[2035] [M]: 0x0000000080001FC4 (0x00050513) addi x10, x10, 0x0                      inst_298+4
x10 <- 0x0000000000000000

clint mtime 0x00000000000003FA (mip.MTI <- 0b1, mip.STI <- 0b0)
mem[X,0x0000000080001FC8] -> 0x1513
mem[X,0x0000000080001FCA] -> 0x00B5
[2036] [M]: 0x0000000080001FC8 (0x00B51513) slli x10, x10, 0xb                      inst_298+8
x10 <- 0x0000000000000000

mem[X,0x0000000080001FCC] -> 0x0513
mem[X,0x0000000080001FCE] -> 0x5A85
[2037] [M]: 0x0000000080001FCC (0x5A850513) addi x10, x10, 0x5a8                    inst_298+12
x10 <- 0x00000000000005A8

clint mtime 0x00000000000003FB (mip.MTI <- 0b1, mip.STI <- 0b0)
mem[X,0x0000000080001FD0] -> 0x1513
mem[X,0x0000000080001FD2] -> 0x00B5
[2038] [M]: 0x0000000080001FD0 (0x00B51513) slli x10, x10, 0xb                      inst_298+16
x10 <- 0x00000000002D4000

mem[X,0x0000000080001FD4] -> 0x0513
mem[X,0x0000000080001FD6] -> 0x13C5
[2039] [M]: 0x0000000080001FD4 (0x13C50513) addi x10, x10, 0x13c                    inst_298+20
x10 <- 0x00000000002D413C

clint mtime 0x00000000000003FC (mip.MTI <- 0b1, mip.STI <- 0b0)
mem[X,0x0000000080001FD8] -> 0x1513
mem[X,0x0000000080001FDA] -> 0x00A5
[2040] [M]: 0x0000000080001FD8 (0x00A51513) slli x10, x10, 0xa                      inst_298+24
x10 <- 0x00000000B504F000

mem[X,0x0000000080001FDC] -> 0x0513
mem[X,0x0000000080001FDE] -> 0x3335
[2041] [M]: 0x0000000080001FDC (0x33350513) addi x10, x10, 0x333                    inst_298+28
x10 <- 0x00000000B504F333

clint mtime 0x00000000000003FD (mip.MTI <- 0b1, mip.STI <- 0b0)
mem[X,0x0000000080001FE0] -> 0x2593
mem[X,0x0000000080001FE2] -> 0x0045
[2042] [M]: 0x0000000080001FE0 (0x00452593) slti x11, x10, 0x4                      inst_298+32
x11 <- 0x0000000000000000

mem[X,0x0000000080001FE4] -> 0x3023
mem[X,0x0000000080001FE6] -> 0x0AB1
[2043] [M]: 0x0000000080001FE4 (0x0AB13023) sd x11, 0xa0(x2)                        inst_298+36
mem[W,0x0000000080007A68] <- 0x0000000000000000

clint mtime 0x00000000000003FE (mip.MTI <- 0b1, mip.STI <- 0b0)
mem[X,0x0000000080001FE8] -> 0x0537
mem[X,0x0000000080001FEA] -> 0x0000
[2044] [M]: 0x0000000080001FE8 (0x00000537) lui x10, 0x0                            inst_299+0
x10 <- 0x0000000000000000

mem[X,0x0000000080001FEC] -> 0x0513
mem[X,0x0000000080001FEE] -> 0x0005
[2045] [M]: 0x0000000080001FEC (0x00050513) addi x10, x10, 0x0                      inst_299+4
x10 <- 0x0000000000000000

clint mtime 0x00000000000003FF (mip.MTI <- 0b1, mip.STI <- 0b0)
mem[X,0x0000000080001FF0] -> 0x1513
mem[X,0x0000000080001FF2] -> 0x00B5
[2046] [M]: 0x0000000080001FF0 (0x00B51513) slli x10, x10, 0xb                      inst_299+8
x10 <- 0x0000000000000000

mem[X,0x0000000080001FF4] -> 0x0513
mem[X,0x0000000080001FF6] -> 0x5A85
[2047] [M]: 0x0000000080001FF4 (0x5A850513) addi x10, x10, 0x5a8                    inst_299+12
x10 <- 0x00000000000005A8

clint mtime 0x0000000000000400 (mip.MTI <- 0b1, mip.STI <- 0b0)
mem[X,0x0000000080001FF8] -> 0x1513
mem[X,0x0000000080001FFA] -> 0x00B5
[2048] [M]: 0x0000000080001FF8 (0x00B51513) slli x10, x10, 0xb                      inst_299+16
x10 <- 0x00000000002D4000

mem[X,0x0000000080001FFC] -> 0x0513
mem[X,0x0000000080001FFE] -> 0x13C5
[2049] [M]: 0x0000000080001FFC (0x13C50513) addi x10, x10, 0x13c                    inst_299+20
x10 <- 0x00000000002D413C

clint mtime 0x0000000000000401 (mip.MTI <- 0b1, mip.STI <- 0b0)
mem[X,0x0000000080002000] -> 0x1513
mem[X,0x0000000080002002] -> 0x00A5
[2050] [M]: 0x0000000080002000 (0x00A51513) slli x10, x10, 0xa                      inst_299+24
x10 <- 0x00000000B504F000

mem[X,0x0000000080002004] -> 0x0513
mem[X,0x0000000080002006] -> 0x3335
[2051] [M]: 0x0000000080002004 (0x33350513) addi x10, x10, 0x333                    inst_299+28
x10 <- 0x00000000B504F333

clint mtime 0x0000000000000402 (mip.MTI <- 0b1, mip.STI <- 0b0)
mem[X,0x0000000080002008] -> 0x2593
mem[X,0x000000008000200A] -> 0x3325
[2052] [M]: 0x0000000080002008 (0x33252593) slti x11, x10, 0x332                    inst_299+32
x11 <- 0x0000000000000000

mem[X,0x000000008000200C] -> 0x3423
mem[X,0x000000008000200E] -> 0x0AB1
[2053] [M]: 0x000000008000200C (0x0AB13423) sd x11, 0xa8(x2)                        inst_299+36
mem[W,0x0000000080007A70] <- 0x0000000000000000

clint mtime 0x0000000000000403 (mip.MTI <- 0b1, mip.STI <- 0b0)
mem[X,0x0000000080002010] -> 0x0537
mem[X,0x0000000080002012] -> 0x0000
[2054] [M]: 0x0000000080002010 (0x00000537) lui x10, 0x0                            inst_300+0
x10 <- 0x0000000000000000

mem[X,0x0000000080002014] -> 0x0513
mem[X,0x0000000080002016] -> 0x0005
[2055] [M]: 0x0000000080002014 (0x00050513) addi x10, x10, 0x0                      inst_300+4
x10 <- 0x0000000000000000

clint mtime 0x0000000000000404 (mip.MTI <- 0b1, mip.STI <- 0b0)
mem[X,0x0000000080002018] -> 0x1513
mem[X,0x000000008000201A] -> 0x00B5
[2056] [M]: 0x0000000080002018 (0x00B51513) slli x10, x10, 0xb                      inst_300+8
x10 <- 0x0000000000000000

mem[X,0x000000008000201C] -> 0x0513
mem[X,0x000000008000201E] -> 0x5A85
[2057] [M]: 0x000000008000201C (0x5A850513) addi x10, x10, 0x5a8                    inst_300+12
x10 <- 0x00000000000005A8

clint mtime 0x0000000000000405 (mip.MTI <- 0b1, mip.STI <- 0b0)
mem[X,0x0000000080002020] -> 0x1513
mem[X,0x0000000080002022] -> 0x00B5
[2058] [M]: 0x0000000080002020 (0x00B51513) slli x10, x10, 0xb                      inst_300+16
x10 <- 0x00000000002D4000

mem[X,0x0000000080002024] -> 0x0513
mem[X,0x0000000080002026] -> 0x13C5
[2059] [M]: 0x0000000080002024 (0x13C50513) addi x10, x10, 0x13c                    inst_300+20
x10 <- 0x00000000002D413C

clint mtime 0x0000000000000406 (mip.MTI <- 0b1, mip.STI <- 0b0)
mem[X,0x0000000080002028] -> 0x1513
mem[X,0x000000008000202A] -> 0x00A5
[2060] [M]: 0x0000000080002028 (0x00A51513) slli x10, x10, 0xa                      inst_300+24
x10 <- 0x00000000B504F000

mem[X,0x000000008000202C] -> 0x0513
mem[X,0x000000008000202E] -> 0x3335
[2061] [M]: 0x000000008000202C (0x33350513) addi x10, x10, 0x333                    inst_300+28
x10 <- 0x00000000B504F333

clint mtime 0x0000000000000407 (mip.MTI <- 0b1, mip.STI <- 0b0)
mem[X,0x0000000080002030] -> 0x2593
mem[X,0x0000000080002032] -> 0x6655
[2062] [M]: 0x0000000080002030 (0x66552593) slti x11, x10, 0x665                    inst_300+32
x11 <- 0x0000000000000000

mem[X,0x0000000080002034] -> 0x3823
mem[X,0x0000000080002036] -> 0x0AB1
[2063] [M]: 0x0000000080002034 (0x0AB13823) sd x11, 0xb0(x2)                        inst_300+36
mem[W,0x0000000080007A78] <- 0x0000000000000000

clint mtime 0x0000000000000408 (mip.MTI <- 0b1, mip.STI <- 0b0)
mem[X,0x0000000080002038] -> 0x0537
mem[X,0x000000008000203A] -> 0x0000
[2064] [M]: 0x0000000080002038 (0x00000537) lui x10, 0x0                            inst_301+0
x10 <- 0x0000000000000000

mem[X,0x000000008000203C] -> 0x0513
mem[X,0x000000008000203E] -> 0x0005
[2065] [M]: 0x000000008000203C (0x00050513) addi x10, x10, 0x0                      inst_301+4
x10 <- 0x0000000000000000

clint mtime 0x0000000000000409 (mip.MTI <- 0b1, mip.STI <- 0b0)
mem[X,0x0000000080002040] -> 0x1513
mem[X,0x0000000080002042] -> 0x00B5
[2066] [M]: 0x0000000080002040 (0x00B51513) slli x10, x10, 0xb                      inst_301+8
x10 <- 0x0000000000000000

mem[X,0x0000000080002044] -> 0x0513
mem[X,0x0000000080002046] -> 0x5A85
[2067] [M]: 0x0000000080002044 (0x5A850513) addi x10, x10, 0x5a8                    inst_301+12
x10 <- 0x00000000000005A8

clint mtime 0x000000000000040A (mip.MTI <- 0b1, mip.STI <- 0b0)
mem[X,0x0000000080002048] -> 0x1513
mem[X,0x000000008000204A] -> 0x00B5
[2068] [M]: 0x0000000080002048 (0x00B51513) slli x10, x10, 0xb                      inst_301+16
x10 <- 0x00000000002D4000

mem[X,0x000000008000204C] -> 0x0513
mem[X,0x000000008000204E] -> 0x13C5
[2069] [M]: 0x000000008000204C (0x13C50513) addi x10, x10, 0x13c                    inst_301+20
x10 <- 0x00000000002D413C

clint mtime 0x000000000000040B (mip.MTI <- 0b1, mip.STI <- 0b0)
mem[X,0x0000000080002050] -> 0x1513
mem[X,0x0000000080002052] -> 0x00A5
[2070] [M]: 0x0000000080002050 (0x00A51513) slli x10, x10, 0xa                      inst_301+24
x10 <- 0x00000000B504F000

mem[X,0x0000000080002054] -> 0x0513
mem[X,0x0000000080002056] -> 0x3335
[2071] [M]: 0x0000000080002054 (0x33350513) addi x10, x10, 0x333                    inst_301+28
x10 <- 0x00000000B504F333

clint mtime 0x000000000000040C (mip.MTI <- 0b1, mip.STI <- 0b0)
mem[X,0x0000000080002058] -> 0x2593
mem[X,0x000000008000205A] -> 0x02C5
[2072] [M]: 0x0000000080002058 (0x02C52593) slti x11, x10, 0x2c                     inst_301+32
x11 <- 0x0000000000000000

mem[X,0x000000008000205C] -> 0x3C23
mem[X,0x000000008000205E] -> 0x0AB1
[2073] [M]: 0x000000008000205C (0x0AB13C23) sd x11, 0xb8(x2)                        inst_301+36
mem[W,0x0000000080007A80] <- 0x0000000000000000

clint mtime 0x000000000000040D (mip.MTI <- 0b1, mip.STI <- 0b0)
mem[X,0x0000000080002060] -> 0x0537
mem[X,0x0000000080002062] -> 0x0000
[2074] [M]: 0x0000000080002060 (0x00000537) lui x10, 0x0                            inst_302+0
x10 <- 0x0000000000000000

mem[X,0x0000000080002064] -> 0x0513
mem[X,0x0000000080002066] -> 0x0005
[2075] [M]: 0x0000000080002064 (0x00050513) addi x10, x10, 0x0                      inst_302+4
x10 <- 0x0000000000000000

clint mtime 0x000000000000040E (mip.MTI <- 0b1, mip.STI <- 0b0)
mem[X,0x0000000080002068] -> 0x1513
mem[X,0x000000008000206A] -> 0x00B5
[2076] [M]: 0x0000000080002068 (0x00B51513) slli x10, x10, 0xb                      inst_302+8
x10 <- 0x0000000000000000

mem[X,0x000000008000206C] -> 0x0513
mem[X,0x000000008000206E] -> 0x5A85
[2077] [M]: 0x000000008000206C (0x5A850513) addi x10, x10, 0x5a8                    inst_302+12
x10 <- 0x00000000000005A8

clint mtime 0x000000000000040F (mip.MTI <- 0b1, mip.STI <- 0b0)
mem[X,0x0000000080002070] -> 0x1513
mem[X,0x0000000080002072] -> 0x00B5
[2078] [M]: 0x0000000080002070 (0x00B51513) slli x10, x10, 0xb                      inst_302+16
x10 <- 0x00000000002D4000

mem[X,0x0000000080002074] -> 0x0513
mem[X,0x0000000080002076] -> 0x13C5
[2079] [M]: 0x0000000080002074 (0x13C50513) addi x10, x10, 0x13c                    inst_302+20
x10 <- 0x00000000002D413C

clint mtime 0x0000000000000410 (mip.MTI <- 0b1, mip.STI <- 0b0)
mem[X,0x0000000080002078] -> 0x1513
mem[X,0x000000008000207A] -> 0x00A5
[2080] [M]: 0x0000000080002078 (0x00A51513) slli x10, x10, 0xa                      inst_302+24
x10 <- 0x00000000B504F000

mem[X,0x000000008000207C] -> 0x0513
mem[X,0x000000008000207E] -> 0x3335
[2081] [M]: 0x000000008000207C (0x33350513) addi x10, x10, 0x333                    inst_302+28
x10 <- 0x00000000B504F333

clint mtime 0x0000000000000411 (mip.MTI <- 0b1, mip.STI <- 0b0)
mem[X,0x0000000080002080] -> 0x2593
mem[X,0x0000000080002082] -> 0x5565
[2082] [M]: 0x0000000080002080 (0x55652593) slti x11, x10, 0x556                    inst_302+32
x11 <- 0x0000000000000000

mem[X,0x0000000080002084] -> 0x3023
mem[X,0x0000000080002086] -> 0x0CB1
[2083] [M]: 0x0000000080002084 (0x0CB13023) sd x11, 0xc0(x2)                        inst_302+36
mem[W,0x0000000080007A88] <- 0x0000000000000000

clint mtime 0x0000000000000412 (mip.MTI <- 0b1, mip.STI <- 0b0)
mem[X,0x0000000080002088] -> 0x0537
mem[X,0x000000008000208A] -> 0x0000
[2084] [M]: 0x0000000080002088 (0x00000537) lui x10, 0x0                            inst_303+0
x10 <- 0x0000000000000000

mem[X,0x000000008000208C] -> 0x0513
mem[X,0x000000008000208E] -> 0x0005
[2085] [M]: 0x000000008000208C (0x00050513) addi x10, x10, 0x0                      inst_303+4
x10 <- 0x0000000000000000

clint mtime 0x0000000000000413 (mip.MTI <- 0b1, mip.STI <- 0b0)
mem[X,0x0000000080002090] -> 0x1513
mem[X,0x0000000080002092] -> 0x00B5
[2086] [M]: 0x0000000080002090 (0x00B51513) slli x10, x10, 0xb                      inst_303+8
x10 <- 0x0000000000000000

mem[X,0x0000000080002094] -> 0x0513
mem[X,0x0000000080002096] -> 0x5A85
[2087] [M]: 0x0000000080002094 (0x5A850513) addi x10, x10, 0x5a8                    inst_303+12
x10 <- 0x00000000000005A8

clint mtime 0x0000000000000414 (mip.MTI <- 0b1, mip.STI <- 0b0)
mem[X,0x0000000080002098] -> 0x1513
mem[X,0x000000008000209A] -> 0x00B5
[2088] [M]: 0x0000000080002098 (0x00B51513) slli x10, x10, 0xb                      inst_303+16
x10 <- 0x00000000002D4000

mem[X,0x000000008000209C] -> 0x0513
mem[X,0x000000008000209E] -> 0x13C5
[2089] [M]: 0x000000008000209C (0x13C50513) addi x10, x10, 0x13c                    inst_303+20
x10 <- 0x00000000002D413C

clint mtime 0x0000000000000415 (mip.MTI <- 0b1, mip.STI <- 0b0)
mem[X,0x00000000800020A0] -> 0x1513
mem[X,0x00000000800020A2] -> 0x00A5
[2090] [M]: 0x00000000800020A0 (0x00A51513) slli x10, x10, 0xa                      inst_303+24
x10 <- 0x00000000B504F000

mem[X,0x00000000800020A4] -> 0x0513
mem[X,0x00000000800020A6] -> 0x3335
[2091] [M]: 0x00000000800020A4 (0x33350513) addi x10, x10, 0x333                    inst_303+28
x10 <- 0x00000000B504F333

clint mtime 0x0000000000000416 (mip.MTI <- 0b1, mip.STI <- 0b0)
mem[X,0x00000000800020A8] -> 0x2593
mem[X,0x00000000800020AA] -> 0xAAB5
[2092] [M]: 0x00000000800020A8 (0xAAB52593) slti x11, x10, -0x555                   inst_303+32
x11 <- 0x0000000000000000

mem[X,0x00000000800020AC] -> 0x3423
mem[X,0x00000000800020AE] -> 0x0CB1
[2093] [M]: 0x00000000800020AC (0x0CB13423) sd x11, 0xc8(x2)                        inst_303+36
mem[W,0x0000000080007A90] <- 0x0000000000000000

clint mtime 0x0000000000000417 (mip.MTI <- 0b1, mip.STI <- 0b0)
mem[X,0x00000000800020B0] -> 0x0537
mem[X,0x00000000800020B2] -> 0x0000
[2094] [M]: 0x00000000800020B0 (0x00000537) lui x10, 0x0                            inst_304+0
x10 <- 0x0000000000000000

mem[X,0x00000000800020B4] -> 0x0513
mem[X,0x00000000800020B6] -> 0x0005
[2095] [M]: 0x00000000800020B4 (0x00050513) addi x10, x10, 0x0                      inst_304+4
x10 <- 0x0000000000000000

clint mtime 0x0000000000000418 (mip.MTI <- 0b1, mip.STI <- 0b0)
mem[X,0x00000000800020B8] -> 0x1513
mem[X,0x00000000800020BA] -> 0x00B5
[2096] [M]: 0x00000000800020B8 (0x00B51513) slli x10, x10, 0xb                      inst_304+8
x10 <- 0x0000000000000000

mem[X,0x00000000800020BC] -> 0x0513
mem[X,0x00000000800020BE] -> 0x5A85
[2097] [M]: 0x00000000800020BC (0x5A850513) addi x10, x10, 0x5a8                    inst_304+12
x10 <- 0x00000000000005A8

clint mtime 0x0000000000000419 (mip.MTI <- 0b1, mip.STI <- 0b0)
mem[X,0x00000000800020C0] -> 0x1513
mem[X,0x00000000800020C2] -> 0x00B5
[2098] [M]: 0x00000000800020C0 (0x00B51513) slli x10, x10, 0xb                      inst_304+16
x10 <- 0x00000000002D4000

mem[X,0x00000000800020C4] -> 0x0513
mem[X,0x00000000800020C6] -> 0x13C5
[2099] [M]: 0x00000000800020C4 (0x13C50513) addi x10, x10, 0x13c                    inst_304+20
x10 <- 0x00000000002D413C

clint mtime 0x000000000000041A (mip.MTI <- 0b1, mip.STI <- 0b0)
mem[X,0x00000000800020C8] -> 0x1513
mem[X,0x00000000800020CA] -> 0x00A5
[2100] [M]: 0x00000000800020C8 (0x00A51513) slli x10, x10, 0xa                      inst_304+24
x10 <- 0x00000000B504F000

mem[X,0x00000000800020CC] -> 0x0513
mem[X,0x00000000800020CE] -> 0x3335
[2101] [M]: 0x00000000800020CC (0x33350513) addi x10, x10, 0x333                    inst_304+28
x10 <- 0x00000000B504F333

clint mtime 0x000000000000041B (mip.MTI <- 0b1, mip.STI <- 0b0)
mem[X,0x00000000800020D0] -> 0x2593
mem[X,0x00000000800020D2] -> 0x0065
[2102] [M]: 0x00000000800020D0 (0x00652593) slti x11, x10, 0x6                      inst_304+32
x11 <- 0x0000000000000000

mem[X,0x00000000800020D4] -> 0x3823
mem[X,0x00000000800020D6] -> 0x0CB1
[2103] [M]: 0x00000000800020D4 (0x0CB13823) sd x11, 0xd0(x2)                        inst_304+36
mem[W,0x0000000080007A98] <- 0x0000000000000000

clint mtime 0x000000000000041C (mip.MTI <- 0b1, mip.STI <- 0b0)
mem[X,0x00000000800020D8] -> 0x0537
mem[X,0x00000000800020DA] -> 0x0000
[2104] [M]: 0x00000000800020D8 (0x00000537) lui x10, 0x0                            inst_305+0
x10 <- 0x0000000000000000

mem[X,0x00000000800020DC] -> 0x0513
mem[X,0x00000000800020DE] -> 0x0005
[2105] [M]: 0x00000000800020DC (0x00050513) addi x10, x10, 0x0                      inst_305+4
x10 <- 0x0000000000000000

clint mtime 0x000000000000041D (mip.MTI <- 0b1, mip.STI <- 0b0)
mem[X,0x00000000800020E0] -> 0x1513
mem[X,0x00000000800020E2] -> 0x00B5
[2106] [M]: 0x00000000800020E0 (0x00B51513) slli x10, x10, 0xb                      inst_305+8
x10 <- 0x0000000000000000

mem[X,0x00000000800020E4] -> 0x0513
mem[X,0x00000000800020E6] -> 0x5A85
[2107] [M]: 0x00000000800020E4 (0x5A850513) addi x10, x10, 0x5a8                    inst_305+12
x10 <- 0x00000000000005A8

clint mtime 0x000000000000041E (mip.MTI <- 0b1, mip.STI <- 0b0)
mem[X,0x00000000800020E8] -> 0x1513
mem[X,0x00000000800020EA] -> 0x00B5
[2108] [M]: 0x00000000800020E8 (0x00B51513) slli x10, x10, 0xb                      inst_305+16
x10 <- 0x00000000002D4000

mem[X,0x00000000800020EC] -> 0x0513
mem[X,0x00000000800020EE] -> 0x13C5
[2109] [M]: 0x00000000800020EC (0x13C50513) addi x10, x10, 0x13c                    inst_305+20
x10 <- 0x00000000002D413C

clint mtime 0x000000000000041F (mip.MTI <- 0b1, mip.STI <- 0b0)
mem[X,0x00000000800020F0] -> 0x1513
mem[X,0x00000000800020F2] -> 0x00A5
[2110] [M]: 0x00000000800020F0 (0x00A51513) slli x10, x10, 0xa                      inst_305+24
x10 <- 0x00000000B504F000

mem[X,0x00000000800020F4] -> 0x0513
mem[X,0x00000000800020F6] -> 0x3335
[2111] [M]: 0x00000000800020F4 (0x33350513) addi x10, x10, 0x333                    inst_305+28
x10 <- 0x00000000B504F333

clint mtime 0x0000000000000420 (mip.MTI <- 0b1, mip.STI <- 0b0)
mem[X,0x00000000800020F8] -> 0x2593
mem[X,0x00000000800020FA] -> 0x3345
[2112] [M]: 0x00000000800020F8 (0x33452593) slti x11, x10, 0x334                    inst_305+32
x11 <- 0x0000000000000000

mem[X,0x00000000800020FC] -> 0x3C23
mem[X,0x00000000800020FE] -> 0x0CB1
[2113] [M]: 0x00000000800020FC (0x0CB13C23) sd x11, 0xd8(x2)                        inst_305+36
mem[W,0x0000000080007AA0] <- 0x0000000000000000

clint mtime 0x0000000000000421 (mip.MTI <- 0b1, mip.STI <- 0b0)
mem[X,0x0000000080002100] -> 0x0537
mem[X,0x0000000080002102] -> 0x0000
[2114] [M]: 0x0000000080002100 (0x00000537) lui x10, 0x0                            inst_306+0
x10 <- 0x0000000000000000

mem[X,0x0000000080002104] -> 0x0513
mem[X,0x0000000080002106] -> 0x0005
[2115] [M]: 0x0000000080002104 (0x00050513) addi x10, x10, 0x0                      inst_306+4
x10 <- 0x0000000000000000

clint mtime 0x0000000000000422 (mip.MTI <- 0b1, mip.STI <- 0b0)
mem[X,0x0000000080002108] -> 0x1513
mem[X,0x000000008000210A] -> 0x00B5
[2116] [M]: 0x0000000080002108 (0x00B51513) slli x10, x10, 0xb                      inst_306+8
x10 <- 0x0000000000000000

mem[X,0x000000008000210C] -> 0x0513
mem[X,0x000000008000210E] -> 0x5A85
[2117] [M]: 0x000000008000210C (0x5A850513) addi x10, x10, 0x5a8                    inst_306+12
x10 <- 0x00000000000005A8

clint mtime 0x0000000000000423 (mip.MTI <- 0b1, mip.STI <- 0b0)
mem[X,0x0000000080002110] -> 0x1513
mem[X,0x0000000080002112] -> 0x00B5
[2118] [M]: 0x0000000080002110 (0x00B51513) slli x10, x10, 0xb                      inst_306+16
x10 <- 0x00000000002D4000

mem[X,0x0000000080002114] -> 0x0513
mem[X,0x0000000080002116] -> 0x13C5
[2119] [M]: 0x0000000080002114 (0x13C50513) addi x10, x10, 0x13c                    inst_306+20
x10 <- 0x00000000002D413C

clint mtime 0x0000000000000424 (mip.MTI <- 0b1, mip.STI <- 0b0)
mem[X,0x0000000080002118] -> 0x1513
mem[X,0x000000008000211A] -> 0x00A5
[2120] [M]: 0x0000000080002118 (0x00A51513) slli x10, x10, 0xa                      inst_306+24
x10 <- 0x00000000B504F000

mem[X,0x000000008000211C] -> 0x0513
mem[X,0x000000008000211E] -> 0x3335
[2121] [M]: 0x000000008000211C (0x33350513) addi x10, x10, 0x333                    inst_306+28
x10 <- 0x00000000B504F333

clint mtime 0x0000000000000425 (mip.MTI <- 0b1, mip.STI <- 0b0)
mem[X,0x0000000080002120] -> 0x2593
mem[X,0x0000000080002122] -> 0x6675
[2122] [M]: 0x0000000080002120 (0x66752593) slti x11, x10, 0x667                    inst_306+32
x11 <- 0x0000000000000000

mem[X,0x0000000080002124] -> 0x3023
mem[X,0x0000000080002126] -> 0x0EB1
[2123] [M]: 0x0000000080002124 (0x0EB13023) sd x11, 0xe0(x2)                        inst_306+36
mem[W,0x0000000080007AA8] <- 0x0000000000000000

clint mtime 0x0000000000000426 (mip.MTI <- 0b1, mip.STI <- 0b0)
mem[X,0x0000000080002128] -> 0x0537
mem[X,0x000000008000212A] -> 0x0000
[2124] [M]: 0x0000000080002128 (0x00000537) lui x10, 0x0                            inst_307+0
x10 <- 0x0000000000000000

mem[X,0x000000008000212C] -> 0x0513
mem[X,0x000000008000212E] -> 0x0005
[2125] [M]: 0x000000008000212C (0x00050513) addi x10, x10, 0x0                      inst_307+4
x10 <- 0x0000000000000000

clint mtime 0x0000000000000427 (mip.MTI <- 0b1, mip.STI <- 0b0)
mem[X,0x0000000080002130] -> 0x1513
mem[X,0x0000000080002132] -> 0x00B5
[2126] [M]: 0x0000000080002130 (0x00B51513) slli x10, x10, 0xb                      inst_307+8
x10 <- 0x0000000000000000

mem[X,0x0000000080002134] -> 0x0513
mem[X,0x0000000080002136] -> 0x5A85
[2127] [M]: 0x0000000080002134 (0x5A850513) addi x10, x10, 0x5a8                    inst_307+12
x10 <- 0x00000000000005A8

clint mtime 0x0000000000000428 (mip.MTI <- 0b1, mip.STI <- 0b0)
mem[X,0x0000000080002138] -> 0x1513
mem[X,0x000000008000213A] -> 0x00B5
[2128] [M]: 0x0000000080002138 (0x00B51513) slli x10, x10, 0xb                      inst_307+16
x10 <- 0x00000000002D4000

mem[X,0x000000008000213C] -> 0x0513
mem[X,0x000000008000213E] -> 0x13C5
[2129] [M]: 0x000000008000213C (0x13C50513) addi x10, x10, 0x13c                    inst_307+20
x10 <- 0x00000000002D413C

clint mtime 0x0000000000000429 (mip.MTI <- 0b1, mip.STI <- 0b0)
mem[X,0x0000000080002140] -> 0x1513
mem[X,0x0000000080002142] -> 0x00A5
[2130] [M]: 0x0000000080002140 (0x00A51513) slli x10, x10, 0xa                      inst_307+24
x10 <- 0x00000000B504F000

mem[X,0x0000000080002144] -> 0x0513
mem[X,0x0000000080002146] -> 0x3335
[2131] [M]: 0x0000000080002144 (0x33350513) addi x10, x10, 0x333                    inst_307+28
x10 <- 0x00000000B504F333

clint mtime 0x000000000000042A (mip.MTI <- 0b1, mip.STI <- 0b0)
mem[X,0x0000000080002148] -> 0x2593
mem[X,0x000000008000214A] -> 0xFD45
[2132] [M]: 0x0000000080002148 (0xFD452593) slti x11, x10, -0x2c                    inst_307+32
x11 <- 0x0000000000000000

mem[X,0x000000008000214C] -> 0x3423
mem[X,0x000000008000214E] -> 0x0EB1
[2133] [M]: 0x000000008000214C (0x0EB13423) sd x11, 0xe8(x2)                        inst_307+36
mem[W,0x0000000080007AB0] <- 0x0000000000000000

clint mtime 0x000000000000042B (mip.MTI <- 0b1, mip.STI <- 0b0)
mem[X,0x0000000080002150] -> 0x0537
mem[X,0x0000000080002152] -> 0x0000
[2134] [M]: 0x0000000080002150 (0x00000537) lui x10, 0x0                            inst_308+0
x10 <- 0x0000000000000000

mem[X,0x0000000080002154] -> 0x0513
mem[X,0x0000000080002156] -> 0x0005
[2135] [M]: 0x0000000080002154 (0x00050513) addi x10, x10, 0x0                      inst_308+4
x10 <- 0x0000000000000000

clint mtime 0x000000000000042C (mip.MTI <- 0b1, mip.STI <- 0b0)
mem[X,0x0000000080002158] -> 0x1513
mem[X,0x000000008000215A] -> 0x00B5
[2136] [M]: 0x0000000080002158 (0x00B51513) slli x10, x10, 0xb                      inst_308+8
x10 <- 0x0000000000000000

mem[X,0x000000008000215C] -> 0x0513
mem[X,0x000000008000215E] -> 0x5A85
[2137] [M]: 0x000000008000215C (0x5A850513) addi x10, x10, 0x5a8                    inst_308+12
x10 <- 0x00000000000005A8

clint mtime 0x000000000000042D (mip.MTI <- 0b1, mip.STI <- 0b0)
mem[X,0x0000000080002160] -> 0x1513
mem[X,0x0000000080002162] -> 0x00B5
[2138] [M]: 0x0000000080002160 (0x00B51513) slli x10, x10, 0xb                      inst_308+16
x10 <- 0x00000000002D4000

mem[X,0x0000000080002164] -> 0x0513
mem[X,0x0000000080002166] -> 0x13C5
[2139] [M]: 0x0000000080002164 (0x13C50513) addi x10, x10, 0x13c                    inst_308+20
x10 <- 0x00000000002D413C

clint mtime 0x000000000000042E (mip.MTI <- 0b1, mip.STI <- 0b0)
mem[X,0x0000000080002168] -> 0x1513
mem[X,0x000000008000216A] -> 0x00A5
[2140] [M]: 0x0000000080002168 (0x00A51513) slli x10, x10, 0xa                      inst_308+24
x10 <- 0x00000000B504F000

mem[X,0x000000008000216C] -> 0x0513
mem[X,0x000000008000216E] -> 0x3335
[2141] [M]: 0x000000008000216C (0x33350513) addi x10, x10, 0x333                    inst_308+28
x10 <- 0x00000000B504F333

clint mtime 0x000000000000042F (mip.MTI <- 0b1, mip.STI <- 0b0)
mem[X,0x0000000080002170] -> 0x2593
mem[X,0x0000000080002172] -> 0x02E5
[2142] [M]: 0x0000000080002170 (0x02E52593) slti x11, x10, 0x2e                     inst_308+32
x11 <- 0x0000000000000000

mem[X,0x0000000080002174] -> 0x3823
mem[X,0x0000000080002176] -> 0x0EB1
[2143] [M]: 0x0000000080002174 (0x0EB13823) sd x11, 0xf0(x2)                        inst_308+36
mem[W,0x0000000080007AB8] <- 0x0000000000000000

clint mtime 0x0000000000000430 (mip.MTI <- 0b1, mip.STI <- 0b0)
mem[X,0x0000000080002178] -> 0x0513
mem[X,0x000000008000217A] -> 0x0020
[2144] [M]: 0x0000000080002178 (0x00200513) addi x10, x0, 0x2                       inst_309+0
x10 <- 0x0000000000000002

mem[X,0x000000008000217C] -> 0x2593
mem[X,0x000000008000217E] -> 0x0035
[2145] [M]: 0x000000008000217C (0x00352593) slti x11, x10, 0x3                      inst_309+4
x11 <- 0x0000000000000001

clint mtime 0x0000000000000431 (mip.MTI <- 0b1, mip.STI <- 0b0)
mem[X,0x0000000080002180] -> 0x3C23
mem[X,0x0000000080002182] -> 0x0EB1
[2146] [M]: 0x0000000080002180 (0x0EB13C23) sd x11, 0xf8(x2)                        inst_309+8
mem[W,0x0000000080007AC0] <- 0x0000000000000001

mem[X,0x0000000080002184] -> 0x0513
mem[X,0x0000000080002186] -> 0x0020
[2147] [M]: 0x0000000080002184 (0x00200513) addi x10, x0, 0x2                       inst_310+0
x10 <- 0x0000000000000002

clint mtime 0x0000000000000432 (mip.MTI <- 0b1, mip.STI <- 0b0)
mem[X,0x0000000080002188] -> 0x2593
mem[X,0x000000008000218A] -> 0x5555
[2148] [M]: 0x0000000080002188 (0x55552593) slti x11, x10, 0x555                    inst_310+4
x11 <- 0x0000000000000001

mem[X,0x000000008000218C] -> 0x3023
mem[X,0x000000008000218E] -> 0x10B1
[2149] [M]: 0x000000008000218C (0x10B13023) sd x11, 0x100(x2)                       inst_310+8
mem[W,0x0000000080007AC8] <- 0x0000000000000001

clint mtime 0x0000000000000433 (mip.MTI <- 0b1, mip.STI <- 0b0)
mem[X,0x0000000080002190] -> 0x0513
mem[X,0x0000000080002192] -> 0x0020
[2150] [M]: 0x0000000080002190 (0x00200513) addi x10, x0, 0x2                       inst_311+0
x10 <- 0x0000000000000002

mem[X,0x0000000080002194] -> 0x2593
mem[X,0x0000000080002196] -> 0xAAA5
[2151] [M]: 0x0000000080002194 (0xAAA52593) slti x11, x10, -0x556                   inst_311+4
x11 <- 0x0000000000000000

clint mtime 0x0000000000000434 (mip.MTI <- 0b1, mip.STI <- 0b0)
mem[X,0x0000000080002198] -> 0x3423
mem[X,0x000000008000219A] -> 0x10B1
[2152] [M]: 0x0000000080002198 (0x10B13423) sd x11, 0x108(x2)                       inst_311+8
mem[W,0x0000000080007AD0] <- 0x0000000000000000

mem[X,0x000000008000219C] -> 0x0513
mem[X,0x000000008000219E] -> 0x0020
[2153] [M]: 0x000000008000219C (0x00200513) addi x10, x0, 0x2                       inst_312+0
x10 <- 0x0000000000000002

clint mtime 0x0000000000000435 (mip.MTI <- 0b1, mip.STI <- 0b0)
mem[X,0x00000000800021A0] -> 0x2593
mem[X,0x00000000800021A2] -> 0x0055
[2154] [M]: 0x00000000800021A0 (0x00552593) slti x11, x10, 0x5                      inst_312+4
x11 <- 0x0000000000000001

mem[X,0x00000000800021A4] -> 0x3823
mem[X,0x00000000800021A6] -> 0x10B1
[2155] [M]: 0x00000000800021A4 (0x10B13823) sd x11, 0x110(x2)                       inst_312+8
mem[W,0x0000000080007AD8] <- 0x0000000000000001

clint mtime 0x0000000000000436 (mip.MTI <- 0b1, mip.STI <- 0b0)
mem[X,0x00000000800021A8] -> 0x0513
mem[X,0x00000000800021AA] -> 0x0020
[2156] [M]: 0x00000000800021A8 (0x00200513) addi x10, x0, 0x2                       inst_313+0
x10 <- 0x0000000000000002

mem[X,0x00000000800021AC] -> 0x2593
mem[X,0x00000000800021AE] -> 0x3335
[2157] [M]: 0x00000000800021AC (0x33352593) slti x11, x10, 0x333                    inst_313+4
x11 <- 0x0000000000000001

clint mtime 0x0000000000000437 (mip.MTI <- 0b1, mip.STI <- 0b0)
mem[X,0x00000000800021B0] -> 0x3C23
mem[X,0x00000000800021B2] -> 0x10B1
[2158] [M]: 0x00000000800021B0 (0x10B13C23) sd x11, 0x118(x2)                       inst_313+8
mem[W,0x0000000080007AE0] <- 0x0000000000000001

mem[X,0x00000000800021B4] -> 0x0513
mem[X,0x00000000800021B6] -> 0x0020
[2159] [M]: 0x00000000800021B4 (0x00200513) addi x10, x0, 0x2                       inst_314+0
x10 <- 0x0000000000000002

clint mtime 0x0000000000000438 (mip.MTI <- 0b1, mip.STI <- 0b0)
mem[X,0x00000000800021B8] -> 0x2593
mem[X,0x00000000800021BA] -> 0x6665
[2160] [M]: 0x00000000800021B8 (0x66652593) slti x11, x10, 0x666                    inst_314+4
x11 <- 0x0000000000000001

mem[X,0x00000000800021BC] -> 0x3023
mem[X,0x00000000800021BE] -> 0x12B1
[2161] [M]: 0x00000000800021BC (0x12B13023) sd x11, 0x120(x2)                       inst_314+8
mem[W,0x0000000080007AE8] <- 0x0000000000000001

clint mtime 0x0000000000000439 (mip.MTI <- 0b1, mip.STI <- 0b0)
mem[X,0x00000000800021C0] -> 0x0513
mem[X,0x00000000800021C2] -> 0x0020
[2162] [M]: 0x00000000800021C0 (0x00200513) addi x10, x0, 0x2                       inst_315+0
x10 <- 0x0000000000000002

mem[X,0x00000000800021C4] -> 0x2593
mem[X,0x00000000800021C6] -> 0xFD35
[2163] [M]: 0x00000000800021C4 (0xFD352593) slti x11, x10, -0x2d                    inst_315+4
x11 <- 0x0000000000000000

clint mtime 0x000000000000043A (mip.MTI <- 0b1, mip.STI <- 0b0)
mem[X,0x00000000800021C8] -> 0x3423
mem[X,0x00000000800021CA] -> 0x12B1
[2164] [M]: 0x00000000800021C8 (0x12B13423) sd x11, 0x128(x2)                       inst_315+8
mem[W,0x0000000080007AF0] <- 0x0000000000000000

mem[X,0x00000000800021CC] -> 0x0513
mem[X,0x00000000800021CE] -> 0x0020
[2165] [M]: 0x00000000800021CC (0x00200513) addi x10, x0, 0x2                       inst_316+0
x10 <- 0x0000000000000002

clint mtime 0x000000000000043B (mip.MTI <- 0b1, mip.STI <- 0b0)
mem[X,0x00000000800021D0] -> 0x2593
mem[X,0x00000000800021D2] -> 0x02D5
[2166] [M]: 0x00000000800021D0 (0x02D52593) slti x11, x10, 0x2d                     inst_316+4
x11 <- 0x0000000000000001

mem[X,0x00000000800021D4] -> 0x3823
mem[X,0x00000000800021D6] -> 0x12B1
[2167] [M]: 0x00000000800021D4 (0x12B13823) sd x11, 0x130(x2)                       inst_316+8
mem[W,0x0000000080007AF8] <- 0x0000000000000001

clint mtime 0x000000000000043C (mip.MTI <- 0b1, mip.STI <- 0b0)
mem[X,0x00000000800021D8] -> 0x0513
mem[X,0x00000000800021DA] -> 0x0020
[2168] [M]: 0x00000000800021D8 (0x00200513) addi x10, x0, 0x2                       inst_317+0
x10 <- 0x0000000000000002

mem[X,0x00000000800021DC] -> 0x2593
mem[X,0x00000000800021DE] -> 0x0025
[2169] [M]: 0x00000000800021DC (0x00252593) slti x11, x10, 0x2                      inst_317+4
x11 <- 0x0000000000000000

clint mtime 0x000000000000043D (mip.MTI <- 0b1, mip.STI <- 0b0)
mem[X,0x00000000800021E0] -> 0x3C23
mem[X,0x00000000800021E2] -> 0x12B1
[2170] [M]: 0x00000000800021E0 (0x12B13C23) sd x11, 0x138(x2)                       inst_317+8
mem[W,0x0000000080007B00] <- 0x0000000000000000

mem[X,0x00000000800021E4] -> 0x0513
mem[X,0x00000000800021E6] -> 0x0020
[2171] [M]: 0x00000000800021E4 (0x00200513) addi x10, x0, 0x2                       inst_318+0
x10 <- 0x0000000000000002

clint mtime 0x000000000000043E (mip.MTI <- 0b1, mip.STI <- 0b0)
mem[X,0x00000000800021E8] -> 0x2593
mem[X,0x00000000800021EA] -> 0x5545
[2172] [M]: 0x00000000800021E8 (0x55452593) slti x11, x10, 0x554                    inst_318+4
x11 <- 0x0000000000000001

mem[X,0x00000000800021EC] -> 0x3023
mem[X,0x00000000800021EE] -> 0x14B1
[2173] [M]: 0x00000000800021EC (0x14B13023) sd x11, 0x140(x2)                       inst_318+8
mem[W,0x0000000080007B08] <- 0x0000000000000001

clint mtime 0x000000000000043F (mip.MTI <- 0b1, mip.STI <- 0b0)
mem[X,0x00000000800021F0] -> 0x0513
mem[X,0x00000000800021F2] -> 0x0020
[2174] [M]: 0x00000000800021F0 (0x00200513) addi x10, x0, 0x2                       inst_319+0
x10 <- 0x0000000000000002

mem[X,0x00000000800021F4] -> 0x2593
mem[X,0x00000000800021F6] -> 0x0005
[2175] [M]: 0x00000000800021F4 (0x00052593) slti x11, x10, 0x0                      inst_319+4
x11 <- 0x0000000000000000

clint mtime 0x0000000000000440 (mip.MTI <- 0b1, mip.STI <- 0b0)
mem[X,0x00000000800021F8] -> 0x3423
mem[X,0x00000000800021FA] -> 0x14B1
[2176] [M]: 0x00000000800021F8 (0x14B13423) sd x11, 0x148(x2)                       inst_319+8
mem[W,0x0000000080007B10] <- 0x0000000000000000

mem[X,0x00000000800021FC] -> 0x0513
mem[X,0x00000000800021FE] -> 0x0020
[2177] [M]: 0x00000000800021FC (0x00200513) addi x10, x0, 0x2                       inst_320+0
x10 <- 0x0000000000000002

clint mtime 0x0000000000000441 (mip.MTI <- 0b1, mip.STI <- 0b0)
mem[X,0x0000000080002200] -> 0x2593
mem[X,0x0000000080002202] -> 0x0045
[2178] [M]: 0x0000000080002200 (0x00452593) slti x11, x10, 0x4                      inst_320+4
x11 <- 0x0000000000000001

mem[X,0x0000000080002204] -> 0x3823
mem[X,0x0000000080002206] -> 0x14B1
[2179] [M]: 0x0000000080002204 (0x14B13823) sd x11, 0x150(x2)                       inst_320+8
mem[W,0x0000000080007B18] <- 0x0000000000000001

clint mtime 0x0000000000000442 (mip.MTI <- 0b1, mip.STI <- 0b0)
mem[X,0x0000000080002208] -> 0x0513
mem[X,0x000000008000220A] -> 0x0020
[2180] [M]: 0x0000000080002208 (0x00200513) addi x10, x0, 0x2                       inst_321+0
x10 <- 0x0000000000000002

mem[X,0x000000008000220C] -> 0x2593
mem[X,0x000000008000220E] -> 0x3325
[2181] [M]: 0x000000008000220C (0x33252593) slti x11, x10, 0x332                    inst_321+4
x11 <- 0x0000000000000001

clint mtime 0x0000000000000443 (mip.MTI <- 0b1, mip.STI <- 0b0)
mem[X,0x0000000080002210] -> 0x3C23
mem[X,0x0000000080002212] -> 0x14B1
[2182] [M]: 0x0000000080002210 (0x14B13C23) sd x11, 0x158(x2)                       inst_321+8
mem[W,0x0000000080007B20] <- 0x0000000000000001

mem[X,0x0000000080002214] -> 0x0513
mem[X,0x0000000080002216] -> 0x0020
[2183] [M]: 0x0000000080002214 (0x00200513) addi x10, x0, 0x2                       inst_322+0
x10 <- 0x0000000000000002

clint mtime 0x0000000000000444 (mip.MTI <- 0b1, mip.STI <- 0b0)
mem[X,0x0000000080002218] -> 0x2593
mem[X,0x000000008000221A] -> 0x6655
[2184] [M]: 0x0000000080002218 (0x66552593) slti x11, x10, 0x665                    inst_322+4
x11 <- 0x0000000000000001

mem[X,0x000000008000221C] -> 0x3023
mem[X,0x000000008000221E] -> 0x16B1
[2185] [M]: 0x000000008000221C (0x16B13023) sd x11, 0x160(x2)                       inst_322+8
mem[W,0x0000000080007B28] <- 0x0000000000000001

clint mtime 0x0000000000000445 (mip.MTI <- 0b1, mip.STI <- 0b0)
mem[X,0x0000000080002220] -> 0x0513
mem[X,0x0000000080002222] -> 0x0020
[2186] [M]: 0x0000000080002220 (0x00200513) addi x10, x0, 0x2                       inst_323+0
x10 <- 0x0000000000000002

mem[X,0x0000000080002224] -> 0x2593
mem[X,0x0000000080002226] -> 0x02C5
[2187] [M]: 0x0000000080002224 (0x02C52593) slti x11, x10, 0x2c                     inst_323+4
x11 <- 0x0000000000000001

clint mtime 0x0000000000000446 (mip.MTI <- 0b1, mip.STI <- 0b0)
mem[X,0x0000000080002228] -> 0x3423
mem[X,0x000000008000222A] -> 0x16B1
[2188] [M]: 0x0000000080002228 (0x16B13423) sd x11, 0x168(x2)                       inst_323+8
mem[W,0x0000000080007B30] <- 0x0000000000000001

mem[X,0x000000008000222C] -> 0x0513
mem[X,0x000000008000222E] -> 0x0020
[2189] [M]: 0x000000008000222C (0x00200513) addi x10, x0, 0x2                       inst_324+0
x10 <- 0x0000000000000002

clint mtime 0x0000000000000447 (mip.MTI <- 0b1, mip.STI <- 0b0)
mem[X,0x0000000080002230] -> 0x2593
mem[X,0x0000000080002232] -> 0x5565
[2190] [M]: 0x0000000080002230 (0x55652593) slti x11, x10, 0x556                    inst_324+4
x11 <- 0x0000000000000001

mem[X,0x0000000080002234] -> 0x3823
mem[X,0x0000000080002236] -> 0x16B1
[2191] [M]: 0x0000000080002234 (0x16B13823) sd x11, 0x170(x2)                       inst_324+8
mem[W,0x0000000080007B38] <- 0x0000000000000001

clint mtime 0x0000000000000448 (mip.MTI <- 0b1, mip.STI <- 0b0)
mem[X,0x0000000080002238] -> 0x0513
mem[X,0x000000008000223A] -> 0x0020
[2192] [M]: 0x0000000080002238 (0x00200513) addi x10, x0, 0x2                       inst_325+0
x10 <- 0x0000000000000002

mem[X,0x000000008000223C] -> 0x2593
mem[X,0x000000008000223E] -> 0xAAB5
[2193] [M]: 0x000000008000223C (0xAAB52593) slti x11, x10, -0x555                   inst_325+4
x11 <- 0x0000000000000000

clint mtime 0x0000000000000449 (mip.MTI <- 0b1, mip.STI <- 0b0)
mem[X,0x0000000080002240] -> 0x3C23
mem[X,0x0000000080002242] -> 0x16B1
[2194] [M]: 0x0000000080002240 (0x16B13C23) sd x11, 0x178(x2)                       inst_325+8
mem[W,0x0000000080007B40] <- 0x0000000000000000

mem[X,0x0000000080002244] -> 0x0513
mem[X,0x0000000080002246] -> 0x0020
[2195] [M]: 0x0000000080002244 (0x00200513) addi x10, x0, 0x2                       inst_326+0
x10 <- 0x0000000000000002

clint mtime 0x000000000000044A (mip.MTI <- 0b1, mip.STI <- 0b0)
mem[X,0x0000000080002248] -> 0x2593
mem[X,0x000000008000224A] -> 0x0065
[2196] [M]: 0x0000000080002248 (0x00652593) slti x11, x10, 0x6                      inst_326+4
x11 <- 0x0000000000000001

mem[X,0x000000008000224C] -> 0x3023
mem[X,0x000000008000224E] -> 0x18B1
[2197] [M]: 0x000000008000224C (0x18B13023) sd x11, 0x180(x2)                       inst_326+8
mem[W,0x0000000080007B48] <- 0x0000000000000001

clint mtime 0x000000000000044B (mip.MTI <- 0b1, mip.STI <- 0b0)
mem[X,0x0000000080002250] -> 0x0513
mem[X,0x0000000080002252] -> 0x0020
[2198] [M]: 0x0000000080002250 (0x00200513) addi x10, x0, 0x2                       inst_327+0
x10 <- 0x0000000000000002

mem[X,0x0000000080002254] -> 0x2593
mem[X,0x0000000080002256] -> 0x3345
[2199] [M]: 0x0000000080002254 (0x33452593) slti x11, x10, 0x334                    inst_327+4
x11 <- 0x0000000000000001

clint mtime 0x000000000000044C (mip.MTI <- 0b1, mip.STI <- 0b0)
mem[X,0x0000000080002258] -> 0x3423
mem[X,0x000000008000225A] -> 0x18B1
[2200] [M]: 0x0000000080002258 (0x18B13423) sd x11, 0x188(x2)                       inst_327+8
mem[W,0x0000000080007B50] <- 0x0000000000000001

mem[X,0x000000008000225C] -> 0x0513
mem[X,0x000000008000225E] -> 0x0020
[2201] [M]: 0x000000008000225C (0x00200513) addi x10, x0, 0x2                       inst_328+0
x10 <- 0x0000000000000002

clint mtime 0x000000000000044D (mip.MTI <- 0b1, mip.STI <- 0b0)
mem[X,0x0000000080002260] -> 0x2593
mem[X,0x0000000080002262] -> 0x6675
[2202] [M]: 0x0000000080002260 (0x66752593) slti x11, x10, 0x667                    inst_328+4
x11 <- 0x0000000000000001

mem[X,0x0000000080002264] -> 0x3823
mem[X,0x0000000080002266] -> 0x18B1
[2203] [M]: 0x0000000080002264 (0x18B13823) sd x11, 0x190(x2)                       inst_328+8
mem[W,0x0000000080007B58] <- 0x0000000000000001

clint mtime 0x000000000000044E (mip.MTI <- 0b1, mip.STI <- 0b0)
mem[X,0x0000000080002268] -> 0x0513
mem[X,0x000000008000226A] -> 0x0020
[2204] [M]: 0x0000000080002268 (0x00200513) addi x10, x0, 0x2                       inst_329+0
x10 <- 0x0000000000000002

mem[X,0x000000008000226C] -> 0x2593
mem[X,0x000000008000226E] -> 0xFD45
[2205] [M]: 0x000000008000226C (0xFD452593) slti x11, x10, -0x2c                    inst_329+4
x11 <- 0x0000000000000000

clint mtime 0x000000000000044F (mip.MTI <- 0b1, mip.STI <- 0b0)
mem[X,0x0000000080002270] -> 0x3C23
mem[X,0x0000000080002272] -> 0x18B1
[2206] [M]: 0x0000000080002270 (0x18B13C23) sd x11, 0x198(x2)                       inst_329+8
mem[W,0x0000000080007B60] <- 0x0000000000000000

mem[X,0x0000000080002274] -> 0x0513
mem[X,0x0000000080002276] -> 0x0020
[2207] [M]: 0x0000000080002274 (0x00200513) addi x10, x0, 0x2                       inst_330+0
x10 <- 0x0000000000000002

clint mtime 0x0000000000000450 (mip.MTI <- 0b1, mip.STI <- 0b0)
mem[X,0x0000000080002278] -> 0x2593
mem[X,0x000000008000227A] -> 0x02E5
[2208] [M]: 0x0000000080002278 (0x02E52593) slti x11, x10, 0x2e                     inst_330+4
x11 <- 0x0000000000000001

mem[X,0x000000008000227C] -> 0x3023
mem[X,0x000000008000227E] -> 0x1AB1
[2209] [M]: 0x000000008000227C (0x1AB13023) sd x11, 0x1a0(x2)                       inst_330+8
mem[W,0x0000000080007B68] <- 0x0000000000000001

clint mtime 0x0000000000000451 (mip.MTI <- 0b1, mip.STI <- 0b0)
mem[X,0x0000000080002280] -> 0x5537
mem[X,0x0000000080002282] -> 0x5555
[2210] [M]: 0x0000000080002280 (0x55555537) lui x10, 0x55555                        inst_331+0
x10 <- 0x0000000055555000

mem[X,0x0000000080002284] -> 0x0513
mem[X,0x0000000080002286] -> 0x5555
[2211] [M]: 0x0000000080002284 (0x55550513) addi x10, x10, 0x555                    inst_331+4
x10 <- 0x0000000055555555

clint mtime 0x0000000000000452 (mip.MTI <- 0b1, mip.STI <- 0b0)
mem[X,0x0000000080002288] -> 0x1513
mem[X,0x000000008000228A] -> 0x00B5
[2212] [M]: 0x0000000080002288 (0x00B51513) slli x10, x10, 0xb                      inst_331+8
x10 <- 0x000002AAAAAAA800

mem[X,0x000000008000228C] -> 0x0513
mem[X,0x000000008000228E] -> 0x2AA5
[2213] [M]: 0x000000008000228C (0x2AA50513) addi x10, x10, 0x2aa                    inst_331+12
x10 <- 0x000002AAAAAAAAAA

clint mtime 0x0000000000000453 (mip.MTI <- 0b1, mip.STI <- 0b0)
mem[X,0x0000000080002290] -> 0x1513
mem[X,0x0000000080002292] -> 0x00B5
[2214] [M]: 0x0000000080002290 (0x00B51513) slli x10, x10, 0xb                      inst_331+16
x10 <- 0x0015555555555000

mem[X,0x0000000080002294] -> 0x0513
mem[X,0x0000000080002296] -> 0x5555
[2215] [M]: 0x0000000080002294 (0x55550513) addi x10, x10, 0x555                    inst_331+20
x10 <- 0x0015555555555555

clint mtime 0x0000000000000454 (mip.MTI <- 0b1, mip.STI <- 0b0)
mem[X,0x0000000080002298] -> 0x1513
mem[X,0x000000008000229A] -> 0x00A5
[2216] [M]: 0x0000000080002298 (0x00A51513) slli x10, x10, 0xa                      inst_331+24
x10 <- 0x5555555555555400

mem[X,0x000000008000229C] -> 0x0513
mem[X,0x000000008000229E] -> 0x1545
[2217] [M]: 0x000000008000229C (0x15450513) addi x10, x10, 0x154                    inst_331+28
x10 <- 0x5555555555555554

clint mtime 0x0000000000000455 (mip.MTI <- 0b1, mip.STI <- 0b0)
mem[X,0x00000000800022A0] -> 0x2593
mem[X,0x00000000800022A2] -> 0x0035
[2218] [M]: 0x00000000800022A0 (0x00352593) slti x11, x10, 0x3                      inst_331+32
x11 <- 0x0000000000000000

mem[X,0x00000000800022A4] -> 0x3423
mem[X,0x00000000800022A6] -> 0x1AB1
[2219] [M]: 0x00000000800022A4 (0x1AB13423) sd x11, 0x1a8(x2)                       inst_331+36
mem[W,0x0000000080007B70] <- 0x0000000000000000

clint mtime 0x0000000000000456 (mip.MTI <- 0b1, mip.STI <- 0b0)
mem[X,0x00000000800022A8] -> 0x5537
mem[X,0x00000000800022AA] -> 0x5555
[2220] [M]: 0x00000000800022A8 (0x55555537) lui x10, 0x55555                        inst_332+0
x10 <- 0x0000000055555000

mem[X,0x00000000800022AC] -> 0x0513
mem[X,0x00000000800022AE] -> 0x5555
[2221] [M]: 0x00000000800022AC (0x55550513) addi x10, x10, 0x555                    inst_332+4
x10 <- 0x0000000055555555

clint mtime 0x0000000000000457 (mip.MTI <- 0b1, mip.STI <- 0b0)
mem[X,0x00000000800022B0] -> 0x1513
mem[X,0x00000000800022B2] -> 0x00B5
[2222] [M]: 0x00000000800022B0 (0x00B51513) slli x10, x10, 0xb                      inst_332+8
x10 <- 0x000002AAAAAAA800

mem[X,0x00000000800022B4] -> 0x0513
mem[X,0x00000000800022B6] -> 0x2AA5
[2223] [M]: 0x00000000800022B4 (0x2AA50513) addi x10, x10, 0x2aa                    inst_332+12
x10 <- 0x000002AAAAAAAAAA

clint mtime 0x0000000000000458 (mip.MTI <- 0b1, mip.STI <- 0b0)
mem[X,0x00000000800022B8] -> 0x1513
mem[X,0x00000000800022BA] -> 0x00B5
[2224] [M]: 0x00000000800022B8 (0x00B51513) slli x10, x10, 0xb                      inst_332+16
x10 <- 0x0015555555555000

mem[X,0x00000000800022BC] -> 0x0513
mem[X,0x00000000800022BE] -> 0x5555
[2225] [M]: 0x00000000800022BC (0x55550513) addi x10, x10, 0x555                    inst_332+20
x10 <- 0x0015555555555555

clint mtime 0x0000000000000459 (mip.MTI <- 0b1, mip.STI <- 0b0)
mem[X,0x00000000800022C0] -> 0x1513
mem[X,0x00000000800022C2] -> 0x00A5
[2226] [M]: 0x00000000800022C0 (0x00A51513) slli x10, x10, 0xa                      inst_332+24
x10 <- 0x5555555555555400

mem[X,0x00000000800022C4] -> 0x0513
mem[X,0x00000000800022C6] -> 0x1545
[2227] [M]: 0x00000000800022C4 (0x15450513) addi x10, x10, 0x154                    inst_332+28
x10 <- 0x5555555555555554

clint mtime 0x000000000000045A (mip.MTI <- 0b1, mip.STI <- 0b0)
mem[X,0x00000000800022C8] -> 0x2593
mem[X,0x00000000800022CA] -> 0x5555
[2228] [M]: 0x00000000800022C8 (0x55552593) slti x11, x10, 0x555                    inst_332+32
x11 <- 0x0000000000000000

mem[X,0x00000000800022CC] -> 0x3823
mem[X,0x00000000800022CE] -> 0x1AB1
[2229] [M]: 0x00000000800022CC (0x1AB13823) sd x11, 0x1b0(x2)                       inst_332+36
mem[W,0x0000000080007B78] <- 0x0000000000000000

clint mtime 0x000000000000045B (mip.MTI <- 0b1, mip.STI <- 0b0)
mem[X,0x00000000800022D0] -> 0x5537
mem[X,0x00000000800022D2] -> 0x5555
[2230] [M]: 0x00000000800022D0 (0x55555537) lui x10, 0x55555                        inst_333+0
x10 <- 0x0000000055555000

mem[X,0x00000000800022D4] -> 0x0513
mem[X,0x00000000800022D6] -> 0x5555
[2231] [M]: 0x00000000800022D4 (0x55550513) addi x10, x10, 0x555                    inst_333+4
x10 <- 0x0000000055555555

clint mtime 0x000000000000045C (mip.MTI <- 0b1, mip.STI <- 0b0)
mem[X,0x00000000800022D8] -> 0x1513
mem[X,0x00000000800022DA] -> 0x00B5
[2232] [M]: 0x00000000800022D8 (0x00B51513) slli x10, x10, 0xb                      inst_333+8
x10 <- 0x000002AAAAAAA800

mem[X,0x00000000800022DC] -> 0x0513
mem[X,0x00000000800022DE] -> 0x2AA5
[2233] [M]: 0x00000000800022DC (0x2AA50513) addi x10, x10, 0x2aa                    inst_333+12
x10 <- 0x000002AAAAAAAAAA

clint mtime 0x000000000000045D (mip.MTI <- 0b1, mip.STI <- 0b0)
mem[X,0x00000000800022E0] -> 0x1513
mem[X,0x00000000800022E2] -> 0x00B5
[2234] [M]: 0x00000000800022E0 (0x00B51513) slli x10, x10, 0xb                      inst_333+16
x10 <- 0x0015555555555000

mem[X,0x00000000800022E4] -> 0x0513
mem[X,0x00000000800022E6] -> 0x5555
[2235] [M]: 0x00000000800022E4 (0x55550513) addi x10, x10, 0x555                    inst_333+20
x10 <- 0x0015555555555555

clint mtime 0x000000000000045E (mip.MTI <- 0b1, mip.STI <- 0b0)
mem[X,0x00000000800022E8] -> 0x1513
mem[X,0x00000000800022EA] -> 0x00A5
[2236] [M]: 0x00000000800022E8 (0x00A51513) slli x10, x10, 0xa                      inst_333+24
x10 <- 0x5555555555555400

mem[X,0x00000000800022EC] -> 0x0513
mem[X,0x00000000800022EE] -> 0x1545
[2237] [M]: 0x00000000800022EC (0x15450513) addi x10, x10, 0x154                    inst_333+28
x10 <- 0x5555555555555554

clint mtime 0x000000000000045F (mip.MTI <- 0b1, mip.STI <- 0b0)
mem[X,0x00000000800022F0] -> 0x2593
mem[X,0x00000000800022F2] -> 0xAAA5
[2238] [M]: 0x00000000800022F0 (0xAAA52593) slti x11, x10, -0x556                   inst_333+32
x11 <- 0x0000000000000000

mem[X,0x00000000800022F4] -> 0x3C23
mem[X,0x00000000800022F6] -> 0x1AB1
[2239] [M]: 0x00000000800022F4 (0x1AB13C23) sd x11, 0x1b8(x2)                       inst_333+36
mem[W,0x0000000080007B80] <- 0x0000000000000000

clint mtime 0x0000000000000460 (mip.MTI <- 0b1, mip.STI <- 0b0)
mem[X,0x00000000800022F8] -> 0x5537
mem[X,0x00000000800022FA] -> 0x5555
[2240] [M]: 0x00000000800022F8 (0x55555537) lui x10, 0x55555                        inst_334+0
x10 <- 0x0000000055555000

mem[X,0x00000000800022FC] -> 0x0513
mem[X,0x00000000800022FE] -> 0x5555
[2241] [M]: 0x00000000800022FC (0x55550513) addi x10, x10, 0x555                    inst_334+4
x10 <- 0x0000000055555555

clint mtime 0x0000000000000461 (mip.MTI <- 0b1, mip.STI <- 0b0)
mem[X,0x0000000080002300] -> 0x1513
mem[X,0x0000000080002302] -> 0x00B5
[2242] [M]: 0x0000000080002300 (0x00B51513) slli x10, x10, 0xb                      inst_334+8
x10 <- 0x000002AAAAAAA800

mem[X,0x0000000080002304] -> 0x0513
mem[X,0x0000000080002306] -> 0x2AA5
[2243] [M]: 0x0000000080002304 (0x2AA50513) addi x10, x10, 0x2aa                    inst_334+12
x10 <- 0x000002AAAAAAAAAA

clint mtime 0x0000000000000462 (mip.MTI <- 0b1, mip.STI <- 0b0)
mem[X,0x0000000080002308] -> 0x1513
mem[X,0x000000008000230A] -> 0x00B5
[2244] [M]: 0x0000000080002308 (0x00B51513) slli x10, x10, 0xb                      inst_334+16
x10 <- 0x0015555555555000

mem[X,0x000000008000230C] -> 0x0513
mem[X,0x000000008000230E] -> 0x5555
[2245] [M]: 0x000000008000230C (0x55550513) addi x10, x10, 0x555                    inst_334+20
x10 <- 0x0015555555555555

clint mtime 0x0000000000000463 (mip.MTI <- 0b1, mip.STI <- 0b0)
mem[X,0x0000000080002310] -> 0x1513
mem[X,0x0000000080002312] -> 0x00A5
[2246] [M]: 0x0000000080002310 (0x00A51513) slli x10, x10, 0xa                      inst_334+24
x10 <- 0x5555555555555400

mem[X,0x0000000080002314] -> 0x0513
mem[X,0x0000000080002316] -> 0x1545
[2247] [M]: 0x0000000080002314 (0x15450513) addi x10, x10, 0x154                    inst_334+28
x10 <- 0x5555555555555554

clint mtime 0x0000000000000464 (mip.MTI <- 0b1, mip.STI <- 0b0)
mem[X,0x0000000080002318] -> 0x2593
mem[X,0x000000008000231A] -> 0x0055
[2248] [M]: 0x0000000080002318 (0x00552593) slti x11, x10, 0x5                      inst_334+32
x11 <- 0x0000000000000000

mem[X,0x000000008000231C] -> 0x3023
mem[X,0x000000008000231E] -> 0x1CB1
[2249] [M]: 0x000000008000231C (0x1CB13023) sd x11, 0x1c0(x2)                       inst_334+36
mem[W,0x0000000080007B88] <- 0x0000000000000000

clint mtime 0x0000000000000465 (mip.MTI <- 0b1, mip.STI <- 0b0)
mem[X,0x0000000080002320] -> 0x5537
mem[X,0x0000000080002322] -> 0x5555
[2250] [M]: 0x0000000080002320 (0x55555537) lui x10, 0x55555                        inst_335+0
x10 <- 0x0000000055555000

mem[X,0x0000000080002324] -> 0x0513
mem[X,0x0000000080002326] -> 0x5555
[2251] [M]: 0x0000000080002324 (0x55550513) addi x10, x10, 0x555                    inst_335+4
x10 <- 0x0000000055555555

clint mtime 0x0000000000000466 (mip.MTI <- 0b1, mip.STI <- 0b0)
mem[X,0x0000000080002328] -> 0x1513
mem[X,0x000000008000232A] -> 0x00B5
[2252] [M]: 0x0000000080002328 (0x00B51513) slli x10, x10, 0xb                      inst_335+8
x10 <- 0x000002AAAAAAA800

mem[X,0x000000008000232C] -> 0x0513
mem[X,0x000000008000232E] -> 0x2AA5
[2253] [M]: 0x000000008000232C (0x2AA50513) addi x10, x10, 0x2aa                    inst_335+12
x10 <- 0x000002AAAAAAAAAA

clint mtime 0x0000000000000467 (mip.MTI <- 0b1, mip.STI <- 0b0)
mem[X,0x0000000080002330] -> 0x1513
mem[X,0x0000000080002332] -> 0x00B5
[2254] [M]: 0x0000000080002330 (0x00B51513) slli x10, x10, 0xb                      inst_335+16
x10 <- 0x0015555555555000

mem[X,0x0000000080002334] -> 0x0513
mem[X,0x0000000080002336] -> 0x5555
[2255] [M]: 0x0000000080002334 (0x55550513) addi x10, x10, 0x555                    inst_335+20
x10 <- 0x0015555555555555

clint mtime 0x0000000000000468 (mip.MTI <- 0b1, mip.STI <- 0b0)
mem[X,0x0000000080002338] -> 0x1513
mem[X,0x000000008000233A] -> 0x00A5
[2256] [M]: 0x0000000080002338 (0x00A51513) slli x10, x10, 0xa                      inst_335+24
x10 <- 0x5555555555555400

mem[X,0x000000008000233C] -> 0x0513
mem[X,0x000000008000233E] -> 0x1545
[2257] [M]: 0x000000008000233C (0x15450513) addi x10, x10, 0x154                    inst_335+28
x10 <- 0x5555555555555554

clint mtime 0x0000000000000469 (mip.MTI <- 0b1, mip.STI <- 0b0)
mem[X,0x0000000080002340] -> 0x2593
mem[X,0x0000000080002342] -> 0x3335
[2258] [M]: 0x0000000080002340 (0x33352593) slti x11, x10, 0x333                    inst_335+32
x11 <- 0x0000000000000000

mem[X,0x0000000080002344] -> 0x3423
mem[X,0x0000000080002346] -> 0x1CB1
[2259] [M]: 0x0000000080002344 (0x1CB13423) sd x11, 0x1c8(x2)                       inst_335+36
mem[W,0x0000000080007B90] <- 0x0000000000000000

clint mtime 0x000000000000046A (mip.MTI <- 0b1, mip.STI <- 0b0)
mem[X,0x0000000080002348] -> 0x5537
mem[X,0x000000008000234A] -> 0x5555
[2260] [M]: 0x0000000080002348 (0x55555537) lui x10, 0x55555                        inst_336+0
x10 <- 0x0000000055555000

mem[X,0x000000008000234C] -> 0x0513
mem[X,0x000000008000234E] -> 0x5555
[2261] [M]: 0x000000008000234C (0x55550513) addi x10, x10, 0x555                    inst_336+4
x10 <- 0x0000000055555555

clint mtime 0x000000000000046B (mip.MTI <- 0b1, mip.STI <- 0b0)
mem[X,0x0000000080002350] -> 0x1513
mem[X,0x0000000080002352] -> 0x00B5
[2262] [M]: 0x0000000080002350 (0x00B51513) slli x10, x10, 0xb                      inst_336+8
x10 <- 0x000002AAAAAAA800

mem[X,0x0000000080002354] -> 0x0513
mem[X,0x0000000080002356] -> 0x2AA5
[2263] [M]: 0x0000000080002354 (0x2AA50513) addi x10, x10, 0x2aa                    inst_336+12
x10 <- 0x000002AAAAAAAAAA

clint mtime 0x000000000000046C (mip.MTI <- 0b1, mip.STI <- 0b0)
mem[X,0x0000000080002358] -> 0x1513
mem[X,0x000000008000235A] -> 0x00B5
[2264] [M]: 0x0000000080002358 (0x00B51513) slli x10, x10, 0xb                      inst_336+16
x10 <- 0x0015555555555000

mem[X,0x000000008000235C] -> 0x0513
mem[X,0x000000008000235E] -> 0x5555
[2265] [M]: 0x000000008000235C (0x55550513) addi x10, x10, 0x555                    inst_336+20
x10 <- 0x0015555555555555

clint mtime 0x000000000000046D (mip.MTI <- 0b1, mip.STI <- 0b0)
mem[X,0x0000000080002360] -> 0x1513
mem[X,0x0000000080002362] -> 0x00A5
[2266] [M]: 0x0000000080002360 (0x00A51513) slli x10, x10, 0xa                      inst_336+24
x10 <- 0x5555555555555400

mem[X,0x0000000080002364] -> 0x0513
mem[X,0x0000000080002366] -> 0x1545
[2267] [M]: 0x0000000080002364 (0x15450513) addi x10, x10, 0x154                    inst_336+28
x10 <- 0x5555555555555554

clint mtime 0x000000000000046E (mip.MTI <- 0b1, mip.STI <- 0b0)
mem[X,0x0000000080002368] -> 0x2593
mem[X,0x000000008000236A] -> 0x6665
[2268] [M]: 0x0000000080002368 (0x66652593) slti x11, x10, 0x666                    inst_336+32
x11 <- 0x0000000000000000

mem[X,0x000000008000236C] -> 0x3823
mem[X,0x000000008000236E] -> 0x1CB1
[2269] [M]: 0x000000008000236C (0x1CB13823) sd x11, 0x1d0(x2)                       inst_336+36
mem[W,0x0000000080007B98] <- 0x0000000000000000

clint mtime 0x000000000000046F (mip.MTI <- 0b1, mip.STI <- 0b0)
mem[X,0x0000000080002370] -> 0x5537
mem[X,0x0000000080002372] -> 0x5555
[2270] [M]: 0x0000000080002370 (0x55555537) lui x10, 0x55555                        inst_337+0
x10 <- 0x0000000055555000

mem[X,0x0000000080002374] -> 0x0513
mem[X,0x0000000080002376] -> 0x5555
[2271] [M]: 0x0000000080002374 (0x55550513) addi x10, x10, 0x555                    inst_337+4
x10 <- 0x0000000055555555

clint mtime 0x0000000000000470 (mip.MTI <- 0b1, mip.STI <- 0b0)
mem[X,0x0000000080002378] -> 0x1513
mem[X,0x000000008000237A] -> 0x00B5
[2272] [M]: 0x0000000080002378 (0x00B51513) slli x10, x10, 0xb                      inst_337+8
x10 <- 0x000002AAAAAAA800

mem[X,0x000000008000237C] -> 0x0513
mem[X,0x000000008000237E] -> 0x2AA5
[2273] [M]: 0x000000008000237C (0x2AA50513) addi x10, x10, 0x2aa                    inst_337+12
x10 <- 0x000002AAAAAAAAAA

clint mtime 0x0000000000000471 (mip.MTI <- 0b1, mip.STI <- 0b0)
mem[X,0x0000000080002380] -> 0x1513
mem[X,0x0000000080002382] -> 0x00B5
[2274] [M]: 0x0000000080002380 (0x00B51513) slli x10, x10, 0xb                      inst_337+16
x10 <- 0x0015555555555000

mem[X,0x0000000080002384] -> 0x0513
mem[X,0x0000000080002386] -> 0x5555
[2275] [M]: 0x0000000080002384 (0x55550513) addi x10, x10, 0x555                    inst_337+20
x10 <- 0x0015555555555555

clint mtime 0x0000000000000472 (mip.MTI <- 0b1, mip.STI <- 0b0)
mem[X,0x0000000080002388] -> 0x1513
mem[X,0x000000008000238A] -> 0x00A5
[2276] [M]: 0x0000000080002388 (0x00A51513) slli x10, x10, 0xa                      inst_337+24
x10 <- 0x5555555555555400

mem[X,0x000000008000238C] -> 0x0513
mem[X,0x000000008000238E] -> 0x1545
[2277] [M]: 0x000000008000238C (0x15450513) addi x10, x10, 0x154                    inst_337+28
x10 <- 0x5555555555555554

clint mtime 0x0000000000000473 (mip.MTI <- 0b1, mip.STI <- 0b0)
mem[X,0x0000000080002390] -> 0x2593
mem[X,0x0000000080002392] -> 0xFD35
[2278] [M]: 0x0000000080002390 (0xFD352593) slti x11, x10, -0x2d                    inst_337+32
x11 <- 0x0000000000000000

mem[X,0x0000000080002394] -> 0x3C23
mem[X,0x0000000080002396] -> 0x1CB1
[2279] [M]: 0x0000000080002394 (0x1CB13C23) sd x11, 0x1d8(x2)                       inst_337+36
mem[W,0x0000000080007BA0] <- 0x0000000000000000

clint mtime 0x0000000000000474 (mip.MTI <- 0b1, mip.STI <- 0b0)
mem[X,0x0000000080002398] -> 0x5537
mem[X,0x000000008000239A] -> 0x5555
[2280] [M]: 0x0000000080002398 (0x55555537) lui x10, 0x55555                        inst_338+0
x10 <- 0x0000000055555000

mem[X,0x000000008000239C] -> 0x0513
mem[X,0x000000008000239E] -> 0x5555
[2281] [M]: 0x000000008000239C (0x55550513) addi x10, x10, 0x555                    inst_338+4
x10 <- 0x0000000055555555

clint mtime 0x0000000000000475 (mip.MTI <- 0b1, mip.STI <- 0b0)
mem[X,0x00000000800023A0] -> 0x1513
mem[X,0x00000000800023A2] -> 0x00B5
[2282] [M]: 0x00000000800023A0 (0x00B51513) slli x10, x10, 0xb                      inst_338+8
x10 <- 0x000002AAAAAAA800

mem[X,0x00000000800023A4] -> 0x0513
mem[X,0x00000000800023A6] -> 0x2AA5
[2283] [M]: 0x00000000800023A4 (0x2AA50513) addi x10, x10, 0x2aa                    inst_338+12
x10 <- 0x000002AAAAAAAAAA

clint mtime 0x0000000000000476 (mip.MTI <- 0b1, mip.STI <- 0b0)
mem[X,0x00000000800023A8] -> 0x1513
mem[X,0x00000000800023AA] -> 0x00B5
[2284] [M]: 0x00000000800023A8 (0x00B51513) slli x10, x10, 0xb                      inst_338+16
x10 <- 0x0015555555555000

mem[X,0x00000000800023AC] -> 0x0513
mem[X,0x00000000800023AE] -> 0x5555
[2285] [M]: 0x00000000800023AC (0x55550513) addi x10, x10, 0x555                    inst_338+20
x10 <- 0x0015555555555555

clint mtime 0x0000000000000477 (mip.MTI <- 0b1, mip.STI <- 0b0)
mem[X,0x00000000800023B0] -> 0x1513
mem[X,0x00000000800023B2] -> 0x00A5
[2286] [M]: 0x00000000800023B0 (0x00A51513) slli x10, x10, 0xa                      inst_338+24
x10 <- 0x5555555555555400

mem[X,0x00000000800023B4] -> 0x0513
mem[X,0x00000000800023B6] -> 0x1545
[2287] [M]: 0x00000000800023B4 (0x15450513) addi x10, x10, 0x154                    inst_338+28
x10 <- 0x5555555555555554

clint mtime 0x0000000000000478 (mip.MTI <- 0b1, mip.STI <- 0b0)
mem[X,0x00000000800023B8] -> 0x2593
mem[X,0x00000000800023BA] -> 0x02D5
[2288] [M]: 0x00000000800023B8 (0x02D52593) slti x11, x10, 0x2d                     inst_338+32
x11 <- 0x0000000000000000

mem[X,0x00000000800023BC] -> 0x3023
mem[X,0x00000000800023BE] -> 0x1EB1
[2289] [M]: 0x00000000800023BC (0x1EB13023) sd x11, 0x1e0(x2)                       inst_338+36
mem[W,0x0000000080007BA8] <- 0x0000000000000000

clint mtime 0x0000000000000479 (mip.MTI <- 0b1, mip.STI <- 0b0)
mem[X,0x00000000800023C0] -> 0x5537
mem[X,0x00000000800023C2] -> 0x5555
[2290] [M]: 0x00000000800023C0 (0x55555537) lui x10, 0x55555                        inst_339+0
x10 <- 0x0000000055555000

mem[X,0x00000000800023C4] -> 0x0513
mem[X,0x00000000800023C6] -> 0x5555
[2291] [M]: 0x00000000800023C4 (0x55550513) addi x10, x10, 0x555                    inst_339+4
x10 <- 0x0000000055555555

clint mtime 0x000000000000047A (mip.MTI <- 0b1, mip.STI <- 0b0)
mem[X,0x00000000800023C8] -> 0x1513
mem[X,0x00000000800023CA] -> 0x00B5
[2292] [M]: 0x00000000800023C8 (0x00B51513) slli x10, x10, 0xb                      inst_339+8
x10 <- 0x000002AAAAAAA800

mem[X,0x00000000800023CC] -> 0x0513
mem[X,0x00000000800023CE] -> 0x2AA5
[2293] [M]: 0x00000000800023CC (0x2AA50513) addi x10, x10, 0x2aa                    inst_339+12
x10 <- 0x000002AAAAAAAAAA

clint mtime 0x000000000000047B (mip.MTI <- 0b1, mip.STI <- 0b0)
mem[X,0x00000000800023D0] -> 0x1513
mem[X,0x00000000800023D2] -> 0x00B5
[2294] [M]: 0x00000000800023D0 (0x00B51513) slli x10, x10, 0xb                      inst_339+16
x10 <- 0x0015555555555000

mem[X,0x00000000800023D4] -> 0x0513
mem[X,0x00000000800023D6] -> 0x5555
[2295] [M]: 0x00000000800023D4 (0x55550513) addi x10, x10, 0x555                    inst_339+20
x10 <- 0x0015555555555555

clint mtime 0x000000000000047C (mip.MTI <- 0b1, mip.STI <- 0b0)
mem[X,0x00000000800023D8] -> 0x1513
mem[X,0x00000000800023DA] -> 0x00A5
[2296] [M]: 0x00000000800023D8 (0x00A51513) slli x10, x10, 0xa                      inst_339+24
x10 <- 0x5555555555555400

mem[X,0x00000000800023DC] -> 0x0513
mem[X,0x00000000800023DE] -> 0x1545
[2297] [M]: 0x00000000800023DC (0x15450513) addi x10, x10, 0x154                    inst_339+28
x10 <- 0x5555555555555554

clint mtime 0x000000000000047D (mip.MTI <- 0b1, mip.STI <- 0b0)
mem[X,0x00000000800023E0] -> 0x2593
mem[X,0x00000000800023E2] -> 0x0025
[2298] [M]: 0x00000000800023E0 (0x00252593) slti x11, x10, 0x2                      inst_339+32
x11 <- 0x0000000000000000

mem[X,0x00000000800023E4] -> 0x3423
mem[X,0x00000000800023E6] -> 0x1EB1
[2299] [M]: 0x00000000800023E4 (0x1EB13423) sd x11, 0x1e8(x2)                       inst_339+36
mem[W,0x0000000080007BB0] <- 0x0000000000000000

clint mtime 0x000000000000047E (mip.MTI <- 0b1, mip.STI <- 0b0)
mem[X,0x00000000800023E8] -> 0x5537
mem[X,0x00000000800023EA] -> 0x5555
[2300] [M]: 0x00000000800023E8 (0x55555537) lui x10, 0x55555                        inst_340+0
x10 <- 0x0000000055555000

mem[X,0x00000000800023EC] -> 0x0513
mem[X,0x00000000800023EE] -> 0x5555
[2301] [M]: 0x00000000800023EC (0x55550513) addi x10, x10, 0x555                    inst_340+4
x10 <- 0x0000000055555555

clint mtime 0x000000000000047F (mip.MTI <- 0b1, mip.STI <- 0b0)
mem[X,0x00000000800023F0] -> 0x1513
mem[X,0x00000000800023F2] -> 0x00B5
[2302] [M]: 0x00000000800023F0 (0x00B51513) slli x10, x10, 0xb                      inst_340+8
x10 <- 0x000002AAAAAAA800

mem[X,0x00000000800023F4] -> 0x0513
mem[X,0x00000000800023F6] -> 0x2AA5
[2303] [M]: 0x00000000800023F4 (0x2AA50513) addi x10, x10, 0x2aa                    inst_340+12
x10 <- 0x000002AAAAAAAAAA

clint mtime 0x0000000000000480 (mip.MTI <- 0b1, mip.STI <- 0b0)
mem[X,0x00000000800023F8] -> 0x1513
mem[X,0x00000000800023FA] -> 0x00B5
[2304] [M]: 0x00000000800023F8 (0x00B51513) slli x10, x10, 0xb                      inst_340+16
x10 <- 0x0015555555555000

mem[X,0x00000000800023FC] -> 0x0513
mem[X,0x00000000800023FE] -> 0x5555
[2305] [M]: 0x00000000800023FC (0x55550513) addi x10, x10, 0x555                    inst_340+20
x10 <- 0x0015555555555555

clint mtime 0x0000000000000481 (mip.MTI <- 0b1, mip.STI <- 0b0)
mem[X,0x0000000080002400] -> 0x1513
mem[X,0x0000000080002402] -> 0x00A5
[2306] [M]: 0x0000000080002400 (0x00A51513) slli x10, x10, 0xa                      inst_340+24
x10 <- 0x5555555555555400

mem[X,0x0000000080002404] -> 0x0513
mem[X,0x0000000080002406] -> 0x1545
[2307] [M]: 0x0000000080002404 (0x15450513) addi x10, x10, 0x154                    inst_340+28
x10 <- 0x5555555555555554

clint mtime 0x0000000000000482 (mip.MTI <- 0b1, mip.STI <- 0b0)
mem[X,0x0000000080002408] -> 0x2593
mem[X,0x000000008000240A] -> 0x5545
[2308] [M]: 0x0000000080002408 (0x55452593) slti x11, x10, 0x554                    inst_340+32
x11 <- 0x0000000000000000

mem[X,0x000000008000240C] -> 0x3823
mem[X,0x000000008000240E] -> 0x1EB1
[2309] [M]: 0x000000008000240C (0x1EB13823) sd x11, 0x1f0(x2)                       inst_340+36
mem[W,0x0000000080007BB8] <- 0x0000000000000000

clint mtime 0x0000000000000483 (mip.MTI <- 0b1, mip.STI <- 0b0)
mem[X,0x0000000080002410] -> 0x5537
mem[X,0x0000000080002412] -> 0x5555
[2310] [M]: 0x0000000080002410 (0x55555537) lui x10, 0x55555                        inst_341+0
x10 <- 0x0000000055555000

mem[X,0x0000000080002414] -> 0x0513
mem[X,0x0000000080002416] -> 0x5555
[2311] [M]: 0x0000000080002414 (0x55550513) addi x10, x10, 0x555                    inst_341+4
x10 <- 0x0000000055555555

clint mtime 0x0000000000000484 (mip.MTI <- 0b1, mip.STI <- 0b0)
mem[X,0x0000000080002418] -> 0x1513
mem[X,0x000000008000241A] -> 0x00B5
[2312] [M]: 0x0000000080002418 (0x00B51513) slli x10, x10, 0xb                      inst_341+8
x10 <- 0x000002AAAAAAA800

mem[X,0x000000008000241C] -> 0x0513
mem[X,0x000000008000241E] -> 0x2AA5
[2313] [M]: 0x000000008000241C (0x2AA50513) addi x10, x10, 0x2aa                    inst_341+12
x10 <- 0x000002AAAAAAAAAA

clint mtime 0x0000000000000485 (mip.MTI <- 0b1, mip.STI <- 0b0)
mem[X,0x0000000080002420] -> 0x1513
mem[X,0x0000000080002422] -> 0x00B5
[2314] [M]: 0x0000000080002420 (0x00B51513) slli x10, x10, 0xb                      inst_341+16
x10 <- 0x0015555555555000

mem[X,0x0000000080002424] -> 0x0513
mem[X,0x0000000080002426] -> 0x5555
[2315] [M]: 0x0000000080002424 (0x55550513) addi x10, x10, 0x555                    inst_341+20
x10 <- 0x0015555555555555

clint mtime 0x0000000000000486 (mip.MTI <- 0b1, mip.STI <- 0b0)
mem[X,0x0000000080002428] -> 0x1513
mem[X,0x000000008000242A] -> 0x00A5
[2316] [M]: 0x0000000080002428 (0x00A51513) slli x10, x10, 0xa                      inst_341+24
x10 <- 0x5555555555555400

mem[X,0x000000008000242C] -> 0x0513
mem[X,0x000000008000242E] -> 0x1545
[2317] [M]: 0x000000008000242C (0x15450513) addi x10, x10, 0x154                    inst_341+28
x10 <- 0x5555555555555554

clint mtime 0x0000000000000487 (mip.MTI <- 0b1, mip.STI <- 0b0)
mem[X,0x0000000080002430] -> 0x2593
mem[X,0x0000000080002432] -> 0x0005
[2318] [M]: 0x0000000080002430 (0x00052593) slti x11, x10, 0x0                      inst_341+32
x11 <- 0x0000000000000000

mem[X,0x0000000080002434] -> 0x3C23
mem[X,0x0000000080002436] -> 0x1EB1
[2319] [M]: 0x0000000080002434 (0x1EB13C23) sd x11, 0x1f8(x2)                       inst_341+36
mem[W,0x0000000080007BC0] <- 0x0000000000000000

clint mtime 0x0000000000000488 (mip.MTI <- 0b1, mip.STI <- 0b0)
mem[X,0x0000000080002438] -> 0x5537
mem[X,0x000000008000243A] -> 0x5555
[2320] [M]: 0x0000000080002438 (0x55555537) lui x10, 0x55555                        inst_342+0
x10 <- 0x0000000055555000

mem[X,0x000000008000243C] -> 0x0513
mem[X,0x000000008000243E] -> 0x5555
[2321] [M]: 0x000000008000243C (0x55550513) addi x10, x10, 0x555                    inst_342+4
x10 <- 0x0000000055555555

clint mtime 0x0000000000000489 (mip.MTI <- 0b1, mip.STI <- 0b0)
mem[X,0x0000000080002440] -> 0x1513
mem[X,0x0000000080002442] -> 0x00B5
[2322] [M]: 0x0000000080002440 (0x00B51513) slli x10, x10, 0xb                      inst_342+8
x10 <- 0x000002AAAAAAA800

mem[X,0x0000000080002444] -> 0x0513
mem[X,0x0000000080002446] -> 0x2AA5
[2323] [M]: 0x0000000080002444 (0x2AA50513) addi x10, x10, 0x2aa                    inst_342+12
x10 <- 0x000002AAAAAAAAAA

clint mtime 0x000000000000048A (mip.MTI <- 0b1, mip.STI <- 0b0)
mem[X,0x0000000080002448] -> 0x1513
mem[X,0x000000008000244A] -> 0x00B5
[2324] [M]: 0x0000000080002448 (0x00B51513) slli x10, x10, 0xb                      inst_342+16
x10 <- 0x0015555555555000

mem[X,0x000000008000244C] -> 0x0513
mem[X,0x000000008000244E] -> 0x5555
[2325] [M]: 0x000000008000244C (0x55550513) addi x10, x10, 0x555                    inst_342+20
x10 <- 0x0015555555555555

clint mtime 0x000000000000048B (mip.MTI <- 0b1, mip.STI <- 0b0)
mem[X,0x0000000080002450] -> 0x1513
mem[X,0x0000000080002452] -> 0x00A5
[2326] [M]: 0x0000000080002450 (0x00A51513) slli x10, x10, 0xa                      inst_342+24
x10 <- 0x5555555555555400

mem[X,0x0000000080002454] -> 0x0513
mem[X,0x0000000080002456] -> 0x1545
[2327] [M]: 0x0000000080002454 (0x15450513) addi x10, x10, 0x154                    inst_342+28
x10 <- 0x5555555555555554

clint mtime 0x000000000000048C (mip.MTI <- 0b1, mip.STI <- 0b0)
mem[X,0x0000000080002458] -> 0x2593
mem[X,0x000000008000245A] -> 0x0045
[2328] [M]: 0x0000000080002458 (0x00452593) slti x11, x10, 0x4                      inst_342+32
x11 <- 0x0000000000000000

mem[X,0x000000008000245C] -> 0x3023
mem[X,0x000000008000245E] -> 0x20B1
[2329] [M]: 0x000000008000245C (0x20B13023) sd x11, 0x200(x2)                       inst_342+36
mem[W,0x0000000080007BC8] <- 0x0000000000000000

clint mtime 0x000000000000048D (mip.MTI <- 0b1, mip.STI <- 0b0)
mem[X,0x0000000080002460] -> 0x5537
mem[X,0x0000000080002462] -> 0x5555
[2330] [M]: 0x0000000080002460 (0x55555537) lui x10, 0x55555                        inst_343+0
x10 <- 0x0000000055555000

mem[X,0x0000000080002464] -> 0x0513
mem[X,0x0000000080002466] -> 0x5555
[2331] [M]: 0x0000000080002464 (0x55550513) addi x10, x10, 0x555                    inst_343+4
x10 <- 0x0000000055555555

clint mtime 0x000000000000048E (mip.MTI <- 0b1, mip.STI <- 0b0)
mem[X,0x0000000080002468] -> 0x1513
mem[X,0x000000008000246A] -> 0x00B5
[2332] [M]: 0x0000000080002468 (0x00B51513) slli x10, x10, 0xb                      inst_343+8
x10 <- 0x000002AAAAAAA800

mem[X,0x000000008000246C] -> 0x0513
mem[X,0x000000008000246E] -> 0x2AA5
[2333] [M]: 0x000000008000246C (0x2AA50513) addi x10, x10, 0x2aa                    inst_343+12
x10 <- 0x000002AAAAAAAAAA

clint mtime 0x000000000000048F (mip.MTI <- 0b1, mip.STI <- 0b0)
mem[X,0x0000000080002470] -> 0x1513
mem[X,0x0000000080002472] -> 0x00B5
[2334] [M]: 0x0000000080002470 (0x00B51513) slli x10, x10, 0xb                      inst_343+16
x10 <- 0x0015555555555000

mem[X,0x0000000080002474] -> 0x0513
mem[X,0x0000000080002476] -> 0x5555
[2335] [M]: 0x0000000080002474 (0x55550513) addi x10, x10, 0x555                    inst_343+20
x10 <- 0x0015555555555555

clint mtime 0x0000000000000490 (mip.MTI <- 0b1, mip.STI <- 0b0)
mem[X,0x0000000080002478] -> 0x1513
mem[X,0x000000008000247A] -> 0x00A5
[2336] [M]: 0x0000000080002478 (0x00A51513) slli x10, x10, 0xa                      inst_343+24
x10 <- 0x5555555555555400

mem[X,0x000000008000247C] -> 0x0513
mem[X,0x000000008000247E] -> 0x1545
[2337] [M]: 0x000000008000247C (0x15450513) addi x10, x10, 0x154                    inst_343+28
x10 <- 0x5555555555555554

clint mtime 0x0000000000000491 (mip.MTI <- 0b1, mip.STI <- 0b0)
mem[X,0x0000000080002480] -> 0x2593
mem[X,0x0000000080002482] -> 0x3325
[2338] [M]: 0x0000000080002480 (0x33252593) slti x11, x10, 0x332                    inst_343+32
x11 <- 0x0000000000000000

mem[X,0x0000000080002484] -> 0x3423
mem[X,0x0000000080002486] -> 0x20B1
[2339] [M]: 0x0000000080002484 (0x20B13423) sd x11, 0x208(x2)                       inst_343+36
mem[W,0x0000000080007BD0] <- 0x0000000000000000

clint mtime 0x0000000000000492 (mip.MTI <- 0b1, mip.STI <- 0b0)
mem[X,0x0000000080002488] -> 0x5537
mem[X,0x000000008000248A] -> 0x5555
[2340] [M]: 0x0000000080002488 (0x55555537) lui x10, 0x55555                        inst_344+0
x10 <- 0x0000000055555000

mem[X,0x000000008000248C] -> 0x0513
mem[X,0x000000008000248E] -> 0x5555
[2341] [M]: 0x000000008000248C (0x55550513) addi x10, x10, 0x555                    inst_344+4
x10 <- 0x0000000055555555

clint mtime 0x0000000000000493 (mip.MTI <- 0b1, mip.STI <- 0b0)
mem[X,0x0000000080002490] -> 0x1513
mem[X,0x0000000080002492] -> 0x00B5
[2342] [M]: 0x0000000080002490 (0x00B51513) slli x10, x10, 0xb                      inst_344+8
x10 <- 0x000002AAAAAAA800

mem[X,0x0000000080002494] -> 0x0513
mem[X,0x0000000080002496] -> 0x2AA5
[2343] [M]: 0x0000000080002494 (0x2AA50513) addi x10, x10, 0x2aa                    inst_344+12
x10 <- 0x000002AAAAAAAAAA

clint mtime 0x0000000000000494 (mip.MTI <- 0b1, mip.STI <- 0b0)
mem[X,0x0000000080002498] -> 0x1513
mem[X,0x000000008000249A] -> 0x00B5
[2344] [M]: 0x0000000080002498 (0x00B51513) slli x10, x10, 0xb                      inst_344+16
x10 <- 0x0015555555555000

mem[X,0x000000008000249C] -> 0x0513
mem[X,0x000000008000249E] -> 0x5555
[2345] [M]: 0x000000008000249C (0x55550513) addi x10, x10, 0x555                    inst_344+20
x10 <- 0x0015555555555555

clint mtime 0x0000000000000495 (mip.MTI <- 0b1, mip.STI <- 0b0)
mem[X,0x00000000800024A0] -> 0x1513
mem[X,0x00000000800024A2] -> 0x00A5
[2346] [M]: 0x00000000800024A0 (0x00A51513) slli x10, x10, 0xa                      inst_344+24
x10 <- 0x5555555555555400

mem[X,0x00000000800024A4] -> 0x0513
mem[X,0x00000000800024A6] -> 0x1545
[2347] [M]: 0x00000000800024A4 (0x15450513) addi x10, x10, 0x154                    inst_344+28
x10 <- 0x5555555555555554

clint mtime 0x0000000000000496 (mip.MTI <- 0b1, mip.STI <- 0b0)
mem[X,0x00000000800024A8] -> 0x2593
mem[X,0x00000000800024AA] -> 0x6655
[2348] [M]: 0x00000000800024A8 (0x66552593) slti x11, x10, 0x665                    inst_344+32
x11 <- 0x0000000000000000

mem[X,0x00000000800024AC] -> 0x3823
mem[X,0x00000000800024AE] -> 0x20B1
[2349] [M]: 0x00000000800024AC (0x20B13823) sd x11, 0x210(x2)                       inst_344+36
mem[W,0x0000000080007BD8] <- 0x0000000000000000

clint mtime 0x0000000000000497 (mip.MTI <- 0b1, mip.STI <- 0b0)
mem[X,0x00000000800024B0] -> 0x5537
mem[X,0x00000000800024B2] -> 0x5555
[2350] [M]: 0x00000000800024B0 (0x55555537) lui x10, 0x55555                        inst_345+0
x10 <- 0x0000000055555000

mem[X,0x00000000800024B4] -> 0x0513
mem[X,0x00000000800024B6] -> 0x5555
[2351] [M]: 0x00000000800024B4 (0x55550513) addi x10, x10, 0x555                    inst_345+4
x10 <- 0x0000000055555555

clint mtime 0x0000000000000498 (mip.MTI <- 0b1, mip.STI <- 0b0)
mem[X,0x00000000800024B8] -> 0x1513
mem[X,0x00000000800024BA] -> 0x00B5
[2352] [M]: 0x00000000800024B8 (0x00B51513) slli x10, x10, 0xb                      inst_345+8
x10 <- 0x000002AAAAAAA800

mem[X,0x00000000800024BC] -> 0x0513
mem[X,0x00000000800024BE] -> 0x2AA5
[2353] [M]: 0x00000000800024BC (0x2AA50513) addi x10, x10, 0x2aa                    inst_345+12
x10 <- 0x000002AAAAAAAAAA

clint mtime 0x0000000000000499 (mip.MTI <- 0b1, mip.STI <- 0b0)
mem[X,0x00000000800024C0] -> 0x1513
mem[X,0x00000000800024C2] -> 0x00B5
[2354] [M]: 0x00000000800024C0 (0x00B51513) slli x10, x10, 0xb                      inst_345+16
x10 <- 0x0015555555555000

mem[X,0x00000000800024C4] -> 0x0513
mem[X,0x00000000800024C6] -> 0x5555
[2355] [M]: 0x00000000800024C4 (0x55550513) addi x10, x10, 0x555                    inst_345+20
x10 <- 0x0015555555555555

clint mtime 0x000000000000049A (mip.MTI <- 0b1, mip.STI <- 0b0)
mem[X,0x00000000800024C8] -> 0x1513
mem[X,0x00000000800024CA] -> 0x00A5
[2356] [M]: 0x00000000800024C8 (0x00A51513) slli x10, x10, 0xa                      inst_345+24
x10 <- 0x5555555555555400

mem[X,0x00000000800024CC] -> 0x0513
mem[X,0x00000000800024CE] -> 0x1545
[2357] [M]: 0x00000000800024CC (0x15450513) addi x10, x10, 0x154                    inst_345+28
x10 <- 0x5555555555555554

clint mtime 0x000000000000049B (mip.MTI <- 0b1, mip.STI <- 0b0)
mem[X,0x00000000800024D0] -> 0x2593
mem[X,0x00000000800024D2] -> 0x02C5
[2358] [M]: 0x00000000800024D0 (0x02C52593) slti x11, x10, 0x2c                     inst_345+32
x11 <- 0x0000000000000000

mem[X,0x00000000800024D4] -> 0x3C23
mem[X,0x00000000800024D6] -> 0x20B1
[2359] [M]: 0x00000000800024D4 (0x20B13C23) sd x11, 0x218(x2)                       inst_345+36
mem[W,0x0000000080007BE0] <- 0x0000000000000000

clint mtime 0x000000000000049C (mip.MTI <- 0b1, mip.STI <- 0b0)
mem[X,0x00000000800024D8] -> 0x5537
mem[X,0x00000000800024DA] -> 0x5555
[2360] [M]: 0x00000000800024D8 (0x55555537) lui x10, 0x55555                        inst_346+0
x10 <- 0x0000000055555000

mem[X,0x00000000800024DC] -> 0x0513
mem[X,0x00000000800024DE] -> 0x5555
[2361] [M]: 0x00000000800024DC (0x55550513) addi x10, x10, 0x555                    inst_346+4
x10 <- 0x0000000055555555

clint mtime 0x000000000000049D (mip.MTI <- 0b1, mip.STI <- 0b0)
mem[X,0x00000000800024E0] -> 0x1513
mem[X,0x00000000800024E2] -> 0x00B5
[2362] [M]: 0x00000000800024E0 (0x00B51513) slli x10, x10, 0xb                      inst_346+8
x10 <- 0x000002AAAAAAA800

mem[X,0x00000000800024E4] -> 0x0513
mem[X,0x00000000800024E6] -> 0x2AA5
[2363] [M]: 0x00000000800024E4 (0x2AA50513) addi x10, x10, 0x2aa                    inst_346+12
x10 <- 0x000002AAAAAAAAAA

clint mtime 0x000000000000049E (mip.MTI <- 0b1, mip.STI <- 0b0)
mem[X,0x00000000800024E8] -> 0x1513
mem[X,0x00000000800024EA] -> 0x00B5
[2364] [M]: 0x00000000800024E8 (0x00B51513) slli x10, x10, 0xb                      inst_346+16
x10 <- 0x0015555555555000

mem[X,0x00000000800024EC] -> 0x0513
mem[X,0x00000000800024EE] -> 0x5555
[2365] [M]: 0x00000000800024EC (0x55550513) addi x10, x10, 0x555                    inst_346+20
x10 <- 0x0015555555555555

clint mtime 0x000000000000049F (mip.MTI <- 0b1, mip.STI <- 0b0)
mem[X,0x00000000800024F0] -> 0x1513
mem[X,0x00000000800024F2] -> 0x00A5
[2366] [M]: 0x00000000800024F0 (0x00A51513) slli x10, x10, 0xa                      inst_346+24
x10 <- 0x5555555555555400

mem[X,0x00000000800024F4] -> 0x0513
mem[X,0x00000000800024F6] -> 0x1545
[2367] [M]: 0x00000000800024F4 (0x15450513) addi x10, x10, 0x154                    inst_346+28
x10 <- 0x5555555555555554

clint mtime 0x00000000000004A0 (mip.MTI <- 0b1, mip.STI <- 0b0)
mem[X,0x00000000800024F8] -> 0x2593
mem[X,0x00000000800024FA] -> 0x5565
[2368] [M]: 0x00000000800024F8 (0x55652593) slti x11, x10, 0x556                    inst_346+32
x11 <- 0x0000000000000000

mem[X,0x00000000800024FC] -> 0x3023
mem[X,0x00000000800024FE] -> 0x22B1
[2369] [M]: 0x00000000800024FC (0x22B13023) sd x11, 0x220(x2)                       inst_346+36
mem[W,0x0000000080007BE8] <- 0x0000000000000000

clint mtime 0x00000000000004A1 (mip.MTI <- 0b1, mip.STI <- 0b0)
mem[X,0x0000000080002500] -> 0x5537
mem[X,0x0000000080002502] -> 0x5555
[2370] [M]: 0x0000000080002500 (0x55555537) lui x10, 0x55555                        inst_347+0
x10 <- 0x0000000055555000

mem[X,0x0000000080002504] -> 0x0513
mem[X,0x0000000080002506] -> 0x5555
[2371] [M]: 0x0000000080002504 (0x55550513) addi x10, x10, 0x555                    inst_347+4
x10 <- 0x0000000055555555

clint mtime 0x00000000000004A2 (mip.MTI <- 0b1, mip.STI <- 0b0)
mem[X,0x0000000080002508] -> 0x1513
mem[X,0x000000008000250A] -> 0x00B5
[2372] [M]: 0x0000000080002508 (0x00B51513) slli x10, x10, 0xb                      inst_347+8
x10 <- 0x000002AAAAAAA800

mem[X,0x000000008000250C] -> 0x0513
mem[X,0x000000008000250E] -> 0x2AA5
[2373] [M]: 0x000000008000250C (0x2AA50513) addi x10, x10, 0x2aa                    inst_347+12
x10 <- 0x000002AAAAAAAAAA

clint mtime 0x00000000000004A3 (mip.MTI <- 0b1, mip.STI <- 0b0)
mem[X,0x0000000080002510] -> 0x1513
mem[X,0x0000000080002512] -> 0x00B5
[2374] [M]: 0x0000000080002510 (0x00B51513) slli x10, x10, 0xb                      inst_347+16
x10 <- 0x0015555555555000

mem[X,0x0000000080002514] -> 0x0513
mem[X,0x0000000080002516] -> 0x5555
[2375] [M]: 0x0000000080002514 (0x55550513) addi x10, x10, 0x555                    inst_347+20
x10 <- 0x0015555555555555

clint mtime 0x00000000000004A4 (mip.MTI <- 0b1, mip.STI <- 0b0)
mem[X,0x0000000080002518] -> 0x1513
mem[X,0x000000008000251A] -> 0x00A5
[2376] [M]: 0x0000000080002518 (0x00A51513) slli x10, x10, 0xa                      inst_347+24
x10 <- 0x5555555555555400

mem[X,0x000000008000251C] -> 0x0513
mem[X,0x000000008000251E] -> 0x1545
[2377] [M]: 0x000000008000251C (0x15450513) addi x10, x10, 0x154                    inst_347+28
x10 <- 0x5555555555555554

clint mtime 0x00000000000004A5 (mip.MTI <- 0b1, mip.STI <- 0b0)
mem[X,0x0000000080002520] -> 0x2593
mem[X,0x0000000080002522] -> 0xAAB5
[2378] [M]: 0x0000000080002520 (0xAAB52593) slti x11, x10, -0x555                   inst_347+32
x11 <- 0x0000000000000000

mem[X,0x0000000080002524] -> 0x3423
mem[X,0x0000000080002526] -> 0x22B1
[2379] [M]: 0x0000000080002524 (0x22B13423) sd x11, 0x228(x2)                       inst_347+36
mem[W,0x0000000080007BF0] <- 0x0000000000000000

clint mtime 0x00000000000004A6 (mip.MTI <- 0b1, mip.STI <- 0b0)
mem[X,0x0000000080002528] -> 0x5537
mem[X,0x000000008000252A] -> 0x5555
[2380] [M]: 0x0000000080002528 (0x55555537) lui x10, 0x55555                        inst_348+0
x10 <- 0x0000000055555000

mem[X,0x000000008000252C] -> 0x0513
mem[X,0x000000008000252E] -> 0x5555
[2381] [M]: 0x000000008000252C (0x55550513) addi x10, x10, 0x555                    inst_348+4
x10 <- 0x0000000055555555

clint mtime 0x00000000000004A7 (mip.MTI <- 0b1, mip.STI <- 0b0)
mem[X,0x0000000080002530] -> 0x1513
mem[X,0x0000000080002532] -> 0x00B5
[2382] [M]: 0x0000000080002530 (0x00B51513) slli x10, x10, 0xb                      inst_348+8
x10 <- 0x000002AAAAAAA800

mem[X,0x0000000080002534] -> 0x0513
mem[X,0x0000000080002536] -> 0x2AA5
[2383] [M]: 0x0000000080002534 (0x2AA50513) addi x10, x10, 0x2aa                    inst_348+12
x10 <- 0x000002AAAAAAAAAA

clint mtime 0x00000000000004A8 (mip.MTI <- 0b1, mip.STI <- 0b0)
mem[X,0x0000000080002538] -> 0x1513
mem[X,0x000000008000253A] -> 0x00B5
[2384] [M]: 0x0000000080002538 (0x00B51513) slli x10, x10, 0xb                      inst_348+16
x10 <- 0x0015555555555000

mem[X,0x000000008000253C] -> 0x0513
mem[X,0x000000008000253E] -> 0x5555
[2385] [M]: 0x000000008000253C (0x55550513) addi x10, x10, 0x555                    inst_348+20
x10 <- 0x0015555555555555

clint mtime 0x00000000000004A9 (mip.MTI <- 0b1, mip.STI <- 0b0)
mem[X,0x0000000080002540] -> 0x1513
mem[X,0x0000000080002542] -> 0x00A5
[2386] [M]: 0x0000000080002540 (0x00A51513) slli x10, x10, 0xa                      inst_348+24
x10 <- 0x5555555555555400

mem[X,0x0000000080002544] -> 0x0513
mem[X,0x0000000080002546] -> 0x1545
[2387] [M]: 0x0000000080002544 (0x15450513) addi x10, x10, 0x154                    inst_348+28
x10 <- 0x5555555555555554

clint mtime 0x00000000000004AA (mip.MTI <- 0b1, mip.STI <- 0b0)
mem[X,0x0000000080002548] -> 0x2593
mem[X,0x000000008000254A] -> 0x0065
[2388] [M]: 0x0000000080002548 (0x00652593) slti x11, x10, 0x6                      inst_348+32
x11 <- 0x0000000000000000

mem[X,0x000000008000254C] -> 0x3823
mem[X,0x000000008000254E] -> 0x22B1
[2389] [M]: 0x000000008000254C (0x22B13823) sd x11, 0x230(x2)                       inst_348+36
mem[W,0x0000000080007BF8] <- 0x0000000000000000

clint mtime 0x00000000000004AB (mip.MTI <- 0b1, mip.STI <- 0b0)
mem[X,0x0000000080002550] -> 0x5537
mem[X,0x0000000080002552] -> 0x5555
[2390] [M]: 0x0000000080002550 (0x55555537) lui x10, 0x55555                        inst_349+0
x10 <- 0x0000000055555000

mem[X,0x0000000080002554] -> 0x0513
mem[X,0x0000000080002556] -> 0x5555
[2391] [M]: 0x0000000080002554 (0x55550513) addi x10, x10, 0x555                    inst_349+4
x10 <- 0x0000000055555555

clint mtime 0x00000000000004AC (mip.MTI <- 0b1, mip.STI <- 0b0)
mem[X,0x0000000080002558] -> 0x1513
mem[X,0x000000008000255A] -> 0x00B5
[2392] [M]: 0x0000000080002558 (0x00B51513) slli x10, x10, 0xb                      inst_349+8
x10 <- 0x000002AAAAAAA800

mem[X,0x000000008000255C] -> 0x0513
mem[X,0x000000008000255E] -> 0x2AA5
[2393] [M]: 0x000000008000255C (0x2AA50513) addi x10, x10, 0x2aa                    inst_349+12
x10 <- 0x000002AAAAAAAAAA

clint mtime 0x00000000000004AD (mip.MTI <- 0b1, mip.STI <- 0b0)
mem[X,0x0000000080002560] -> 0x1513
mem[X,0x0000000080002562] -> 0x00B5
[2394] [M]: 0x0000000080002560 (0x00B51513) slli x10, x10, 0xb                      inst_349+16
x10 <- 0x0015555555555000

mem[X,0x0000000080002564] -> 0x0513
mem[X,0x0000000080002566] -> 0x5555
[2395] [M]: 0x0000000080002564 (0x55550513) addi x10, x10, 0x555                    inst_349+20
x10 <- 0x0015555555555555

clint mtime 0x00000000000004AE (mip.MTI <- 0b1, mip.STI <- 0b0)
mem[X,0x0000000080002568] -> 0x1513
mem[X,0x000000008000256A] -> 0x00A5
[2396] [M]: 0x0000000080002568 (0x00A51513) slli x10, x10, 0xa                      inst_349+24
x10 <- 0x5555555555555400

mem[X,0x000000008000256C] -> 0x0513
mem[X,0x000000008000256E] -> 0x1545
[2397] [M]: 0x000000008000256C (0x15450513) addi x10, x10, 0x154                    inst_349+28
x10 <- 0x5555555555555554

clint mtime 0x00000000000004AF (mip.MTI <- 0b1, mip.STI <- 0b0)
mem[X,0x0000000080002570] -> 0x2593
mem[X,0x0000000080002572] -> 0x3345
[2398] [M]: 0x0000000080002570 (0x33452593) slti x11, x10, 0x334                    inst_349+32
x11 <- 0x0000000000000000

mem[X,0x0000000080002574] -> 0x3C23
mem[X,0x0000000080002576] -> 0x22B1
[2399] [M]: 0x0000000080002574 (0x22B13C23) sd x11, 0x238(x2)                       inst_349+36
mem[W,0x0000000080007C00] <- 0x0000000000000000

clint mtime 0x00000000000004B0 (mip.MTI <- 0b1, mip.STI <- 0b0)
mem[X,0x0000000080002578] -> 0x5537
mem[X,0x000000008000257A] -> 0x5555
[2400] [M]: 0x0000000080002578 (0x55555537) lui x10, 0x55555                        inst_350+0
x10 <- 0x0000000055555000

mem[X,0x000000008000257C] -> 0x0513
mem[X,0x000000008000257E] -> 0x5555
[2401] [M]: 0x000000008000257C (0x55550513) addi x10, x10, 0x555                    inst_350+4
x10 <- 0x0000000055555555

clint mtime 0x00000000000004B1 (mip.MTI <- 0b1, mip.STI <- 0b0)
mem[X,0x0000000080002580] -> 0x1513
mem[X,0x0000000080002582] -> 0x00B5
[2402] [M]: 0x0000000080002580 (0x00B51513) slli x10, x10, 0xb                      inst_350+8
x10 <- 0x000002AAAAAAA800

mem[X,0x0000000080002584] -> 0x0513
mem[X,0x0000000080002586] -> 0x2AA5
[2403] [M]: 0x0000000080002584 (0x2AA50513) addi x10, x10, 0x2aa                    inst_350+12
x10 <- 0x000002AAAAAAAAAA

clint mtime 0x00000000000004B2 (mip.MTI <- 0b1, mip.STI <- 0b0)
mem[X,0x0000000080002588] -> 0x1513
mem[X,0x000000008000258A] -> 0x00B5
[2404] [M]: 0x0000000080002588 (0x00B51513) slli x10, x10, 0xb                      inst_350+16
x10 <- 0x0015555555555000

mem[X,0x000000008000258C] -> 0x0513
mem[X,0x000000008000258E] -> 0x5555
[2405] [M]: 0x000000008000258C (0x55550513) addi x10, x10, 0x555                    inst_350+20
x10 <- 0x0015555555555555

clint mtime 0x00000000000004B3 (mip.MTI <- 0b1, mip.STI <- 0b0)
mem[X,0x0000000080002590] -> 0x1513
mem[X,0x0000000080002592] -> 0x00A5
[2406] [M]: 0x0000000080002590 (0x00A51513) slli x10, x10, 0xa                      inst_350+24
x10 <- 0x5555555555555400

mem[X,0x0000000080002594] -> 0x0513
mem[X,0x0000000080002596] -> 0x1545
[2407] [M]: 0x0000000080002594 (0x15450513) addi x10, x10, 0x154                    inst_350+28
x10 <- 0x5555555555555554

clint mtime 0x00000000000004B4 (mip.MTI <- 0b1, mip.STI <- 0b0)
mem[X,0x0000000080002598] -> 0x2593
mem[X,0x000000008000259A] -> 0x6675
[2408] [M]: 0x0000000080002598 (0x66752593) slti x11, x10, 0x667                    inst_350+32
x11 <- 0x0000000000000000

mem[X,0x000000008000259C] -> 0x3023
mem[X,0x000000008000259E] -> 0x24B1
[2409] [M]: 0x000000008000259C (0x24B13023) sd x11, 0x240(x2)                       inst_350+36
mem[W,0x0000000080007C08] <- 0x0000000000000000

clint mtime 0x00000000000004B5 (mip.MTI <- 0b1, mip.STI <- 0b0)
mem[X,0x00000000800025A0] -> 0x5537
mem[X,0x00000000800025A2] -> 0x5555
[2410] [M]: 0x00000000800025A0 (0x55555537) lui x10, 0x55555                        inst_351+0
x10 <- 0x0000000055555000

mem[X,0x00000000800025A4] -> 0x0513
mem[X,0x00000000800025A6] -> 0x5555
[2411] [M]: 0x00000000800025A4 (0x55550513) addi x10, x10, 0x555                    inst_351+4
x10 <- 0x0000000055555555

clint mtime 0x00000000000004B6 (mip.MTI <- 0b1, mip.STI <- 0b0)
mem[X,0x00000000800025A8] -> 0x1513
mem[X,0x00000000800025AA] -> 0x00B5
[2412] [M]: 0x00000000800025A8 (0x00B51513) slli x10, x10, 0xb                      inst_351+8
x10 <- 0x000002AAAAAAA800

mem[X,0x00000000800025AC] -> 0x0513
mem[X,0x00000000800025AE] -> 0x2AA5
[2413] [M]: 0x00000000800025AC (0x2AA50513) addi x10, x10, 0x2aa                    inst_351+12
x10 <- 0x000002AAAAAAAAAA

clint mtime 0x00000000000004B7 (mip.MTI <- 0b1, mip.STI <- 0b0)
mem[X,0x00000000800025B0] -> 0x1513
mem[X,0x00000000800025B2] -> 0x00B5
[2414] [M]: 0x00000000800025B0 (0x00B51513) slli x10, x10, 0xb                      inst_351+16
x10 <- 0x0015555555555000

mem[X,0x00000000800025B4] -> 0x0513
mem[X,0x00000000800025B6] -> 0x5555
[2415] [M]: 0x00000000800025B4 (0x55550513) addi x10, x10, 0x555                    inst_351+20
x10 <- 0x0015555555555555

clint mtime 0x00000000000004B8 (mip.MTI <- 0b1, mip.STI <- 0b0)
mem[X,0x00000000800025B8] -> 0x1513
mem[X,0x00000000800025BA] -> 0x00A5
[2416] [M]: 0x00000000800025B8 (0x00A51513) slli x10, x10, 0xa                      inst_351+24
x10 <- 0x5555555555555400

mem[X,0x00000000800025BC] -> 0x0513
mem[X,0x00000000800025BE] -> 0x1545
[2417] [M]: 0x00000000800025BC (0x15450513) addi x10, x10, 0x154                    inst_351+28
x10 <- 0x5555555555555554

clint mtime 0x00000000000004B9 (mip.MTI <- 0b1, mip.STI <- 0b0)
mem[X,0x00000000800025C0] -> 0x2593
mem[X,0x00000000800025C2] -> 0xFD45
[2418] [M]: 0x00000000800025C0 (0xFD452593) slti x11, x10, -0x2c                    inst_351+32
x11 <- 0x0000000000000000

mem[X,0x00000000800025C4] -> 0x3423
mem[X,0x00000000800025C6] -> 0x24B1
[2419] [M]: 0x00000000800025C4 (0x24B13423) sd x11, 0x248(x2)                       inst_351+36
mem[W,0x0000000080007C10] <- 0x0000000000000000

clint mtime 0x00000000000004BA (mip.MTI <- 0b1, mip.STI <- 0b0)
mem[X,0x00000000800025C8] -> 0x5537
mem[X,0x00000000800025CA] -> 0x5555
[2420] [M]: 0x00000000800025C8 (0x55555537) lui x10, 0x55555                        inst_352+0
x10 <- 0x0000000055555000

mem[X,0x00000000800025CC] -> 0x0513
mem[X,0x00000000800025CE] -> 0x5555
[2421] [M]: 0x00000000800025CC (0x55550513) addi x10, x10, 0x555                    inst_352+4
x10 <- 0x0000000055555555

clint mtime 0x00000000000004BB (mip.MTI <- 0b1, mip.STI <- 0b0)
mem[X,0x00000000800025D0] -> 0x1513
mem[X,0x00000000800025D2] -> 0x00B5
[2422] [M]: 0x00000000800025D0 (0x00B51513) slli x10, x10, 0xb                      inst_352+8
x10 <- 0x000002AAAAAAA800

mem[X,0x00000000800025D4] -> 0x0513
mem[X,0x00000000800025D6] -> 0x2AA5
[2423] [M]: 0x00000000800025D4 (0x2AA50513) addi x10, x10, 0x2aa                    inst_352+12
x10 <- 0x000002AAAAAAAAAA

clint mtime 0x00000000000004BC (mip.MTI <- 0b1, mip.STI <- 0b0)
mem[X,0x00000000800025D8] -> 0x1513
mem[X,0x00000000800025DA] -> 0x00B5
[2424] [M]: 0x00000000800025D8 (0x00B51513) slli x10, x10, 0xb                      inst_352+16
x10 <- 0x0015555555555000

mem[X,0x00000000800025DC] -> 0x0513
mem[X,0x00000000800025DE] -> 0x5555
[2425] [M]: 0x00000000800025DC (0x55550513) addi x10, x10, 0x555                    inst_352+20
x10 <- 0x0015555555555555

clint mtime 0x00000000000004BD (mip.MTI <- 0b1, mip.STI <- 0b0)
mem[X,0x00000000800025E0] -> 0x1513
mem[X,0x00000000800025E2] -> 0x00A5
[2426] [M]: 0x00000000800025E0 (0x00A51513) slli x10, x10, 0xa                      inst_352+24
x10 <- 0x5555555555555400

mem[X,0x00000000800025E4] -> 0x0513
mem[X,0x00000000800025E6] -> 0x1545
[2427] [M]: 0x00000000800025E4 (0x15450513) addi x10, x10, 0x154                    inst_352+28
x10 <- 0x5555555555555554

clint mtime 0x00000000000004BE (mip.MTI <- 0b1, mip.STI <- 0b0)
mem[X,0x00000000800025E8] -> 0x2593
mem[X,0x00000000800025EA] -> 0x02E5
[2428] [M]: 0x00000000800025E8 (0x02E52593) slti x11, x10, 0x2e                     inst_352+32
x11 <- 0x0000000000000000

mem[X,0x00000000800025EC] -> 0x3823
mem[X,0x00000000800025EE] -> 0x24B1
[2429] [M]: 0x00000000800025EC (0x24B13823) sd x11, 0x250(x2)                       inst_352+36
mem[W,0x0000000080007C18] <- 0x0000000000000000

clint mtime 0x00000000000004BF (mip.MTI <- 0b1, mip.STI <- 0b0)
mem[X,0x00000000800025F0] -> 0x0513
mem[X,0x00000000800025F2] -> 0x0000
[2430] [M]: 0x00000000800025F0 (0x00000513) addi x10, x0, 0x0                       inst_353+0
x10 <- 0x0000000000000000

mem[X,0x00000000800025F4] -> 0x2593
mem[X,0x00000000800025F6] -> 0x0035
[2431] [M]: 0x00000000800025F4 (0x00352593) slti x11, x10, 0x3                      inst_353+4
x11 <- 0x0000000000000001

clint mtime 0x00000000000004C0 (mip.MTI <- 0b1, mip.STI <- 0b0)
mem[X,0x00000000800025F8] -> 0x3C23
mem[X,0x00000000800025FA] -> 0x24B1
[2432] [M]: 0x00000000800025F8 (0x24B13C23) sd x11, 0x258(x2)                       inst_353+8
mem[W,0x0000000080007C20] <- 0x0000000000000001

mem[X,0x00000000800025FC] -> 0x0513
mem[X,0x00000000800025FE] -> 0x0000
[2433] [M]: 0x00000000800025FC (0x00000513) addi x10, x0, 0x0                       inst_354+0
x10 <- 0x0000000000000000

clint mtime 0x00000000000004C1 (mip.MTI <- 0b1, mip.STI <- 0b0)
mem[X,0x0000000080002600] -> 0x2593
mem[X,0x0000000080002602] -> 0x5555
[2434] [M]: 0x0000000080002600 (0x55552593) slti x11, x10, 0x555                    inst_354+4
x11 <- 0x0000000000000001

mem[X,0x0000000080002604] -> 0x3023
mem[X,0x0000000080002606] -> 0x26B1
[2435] [M]: 0x0000000080002604 (0x26B13023) sd x11, 0x260(x2)                       inst_354+8
mem[W,0x0000000080007C28] <- 0x0000000000000001

clint mtime 0x00000000000004C2 (mip.MTI <- 0b1, mip.STI <- 0b0)
mem[X,0x0000000080002608] -> 0x0513
mem[X,0x000000008000260A] -> 0x0000
[2436] [M]: 0x0000000080002608 (0x00000513) addi x10, x0, 0x0                       inst_355+0
x10 <- 0x0000000000000000

mem[X,0x000000008000260C] -> 0x2593
mem[X,0x000000008000260E] -> 0xAAA5
[2437] [M]: 0x000000008000260C (0xAAA52593) slti x11, x10, -0x556                   inst_355+4
x11 <- 0x0000000000000000

clint mtime 0x00000000000004C3 (mip.MTI <- 0b1, mip.STI <- 0b0)
mem[X,0x0000000080002610] -> 0x3423
mem[X,0x0000000080002612] -> 0x26B1
[2438] [M]: 0x0000000080002610 (0x26B13423) sd x11, 0x268(x2)                       inst_355+8
mem[W,0x0000000080007C30] <- 0x0000000000000000

mem[X,0x0000000080002614] -> 0x0513
mem[X,0x0000000080002616] -> 0x0000
[2439] [M]: 0x0000000080002614 (0x00000513) addi x10, x0, 0x0                       inst_356+0
x10 <- 0x0000000000000000

clint mtime 0x00000000000004C4 (mip.MTI <- 0b1, mip.STI <- 0b0)
mem[X,0x0000000080002618] -> 0x2593
mem[X,0x000000008000261A] -> 0x0055
[2440] [M]: 0x0000000080002618 (0x00552593) slti x11, x10, 0x5                      inst_356+4
x11 <- 0x0000000000000001

mem[X,0x000000008000261C] -> 0x3823
mem[X,0x000000008000261E] -> 0x26B1
[2441] [M]: 0x000000008000261C (0x26B13823) sd x11, 0x270(x2)                       inst_356+8
mem[W,0x0000000080007C38] <- 0x0000000000000001

clint mtime 0x00000000000004C5 (mip.MTI <- 0b1, mip.STI <- 0b0)
mem[X,0x0000000080002620] -> 0x0513
mem[X,0x0000000080002622] -> 0x0000
[2442] [M]: 0x0000000080002620 (0x00000513) addi x10, x0, 0x0                       inst_357+0
x10 <- 0x0000000000000000

mem[X,0x0000000080002624] -> 0x2593
mem[X,0x0000000080002626] -> 0x3335
[2443] [M]: 0x0000000080002624 (0x33352593) slti x11, x10, 0x333                    inst_357+4
x11 <- 0x0000000000000001

clint mtime 0x00000000000004C6 (mip.MTI <- 0b1, mip.STI <- 0b0)
mem[X,0x0000000080002628] -> 0x3C23
mem[X,0x000000008000262A] -> 0x26B1
[2444] [M]: 0x0000000080002628 (0x26B13C23) sd x11, 0x278(x2)                       inst_357+8
mem[W,0x0000000080007C40] <- 0x0000000000000001

mem[X,0x000000008000262C] -> 0x0513
mem[X,0x000000008000262E] -> 0x0000
[2445] [M]: 0x000000008000262C (0x00000513) addi x10, x0, 0x0                       inst_358+0
x10 <- 0x0000000000000000

clint mtime 0x00000000000004C7 (mip.MTI <- 0b1, mip.STI <- 0b0)
mem[X,0x0000000080002630] -> 0x2593
mem[X,0x0000000080002632] -> 0x6665
[2446] [M]: 0x0000000080002630 (0x66652593) slti x11, x10, 0x666                    inst_358+4
x11 <- 0x0000000000000001

mem[X,0x0000000080002634] -> 0x3023
mem[X,0x0000000080002636] -> 0x28B1
[2447] [M]: 0x0000000080002634 (0x28B13023) sd x11, 0x280(x2)                       inst_358+8
mem[W,0x0000000080007C48] <- 0x0000000000000001

clint mtime 0x00000000000004C8 (mip.MTI <- 0b1, mip.STI <- 0b0)
mem[X,0x0000000080002638] -> 0x0513
mem[X,0x000000008000263A] -> 0x0000
[2448] [M]: 0x0000000080002638 (0x00000513) addi x10, x0, 0x0                       inst_359+0
x10 <- 0x0000000000000000

mem[X,0x000000008000263C] -> 0x2593
mem[X,0x000000008000263E] -> 0xFD35
[2449] [M]: 0x000000008000263C (0xFD352593) slti x11, x10, -0x2d                    inst_359+4
x11 <- 0x0000000000000000

clint mtime 0x00000000000004C9 (mip.MTI <- 0b1, mip.STI <- 0b0)
mem[X,0x0000000080002640] -> 0x3423
mem[X,0x0000000080002642] -> 0x28B1
[2450] [M]: 0x0000000080002640 (0x28B13423) sd x11, 0x288(x2)                       inst_359+8
mem[W,0x0000000080007C50] <- 0x0000000000000000

mem[X,0x0000000080002644] -> 0x0513
mem[X,0x0000000080002646] -> 0x0000
[2451] [M]: 0x0000000080002644 (0x00000513) addi x10, x0, 0x0                       inst_360+0
x10 <- 0x0000000000000000

clint mtime 0x00000000000004CA (mip.MTI <- 0b1, mip.STI <- 0b0)
mem[X,0x0000000080002648] -> 0x2593
mem[X,0x000000008000264A] -> 0x02D5
[2452] [M]: 0x0000000080002648 (0x02D52593) slti x11, x10, 0x2d                     inst_360+4
x11 <- 0x0000000000000001

mem[X,0x000000008000264C] -> 0x3823
mem[X,0x000000008000264E] -> 0x28B1
[2453] [M]: 0x000000008000264C (0x28B13823) sd x11, 0x290(x2)                       inst_360+8
mem[W,0x0000000080007C58] <- 0x0000000000000001

clint mtime 0x00000000000004CB (mip.MTI <- 0b1, mip.STI <- 0b0)
mem[X,0x0000000080002650] -> 0x5537
mem[X,0x0000000080002652] -> 0x5555
[2454] [M]: 0x0000000080002650 (0x55555537) lui x10, 0x55555                        inst_361+0
x10 <- 0x0000000055555000

mem[X,0x0000000080002654] -> 0x0513
mem[X,0x0000000080002656] -> 0x5555
[2455] [M]: 0x0000000080002654 (0x55550513) addi x10, x10, 0x555                    inst_361+4
x10 <- 0x0000000055555555

clint mtime 0x00000000000004CC (mip.MTI <- 0b1, mip.STI <- 0b0)
mem[X,0x0000000080002658] -> 0x1513
mem[X,0x000000008000265A] -> 0x00B5
[2456] [M]: 0x0000000080002658 (0x00B51513) slli x10, x10, 0xb                      inst_361+8
x10 <- 0x000002AAAAAAA800

mem[X,0x000000008000265C] -> 0x0513
mem[X,0x000000008000265E] -> 0x2AA5
[2457] [M]: 0x000000008000265C (0x2AA50513) addi x10, x10, 0x2aa                    inst_361+12
x10 <- 0x000002AAAAAAAAAA

clint mtime 0x00000000000004CD (mip.MTI <- 0b1, mip.STI <- 0b0)
mem[X,0x0000000080002660] -> 0x1513
mem[X,0x0000000080002662] -> 0x00B5
[2458] [M]: 0x0000000080002660 (0x00B51513) slli x10, x10, 0xb                      inst_361+16
x10 <- 0x0015555555555000

mem[X,0x0000000080002664] -> 0x0513
mem[X,0x0000000080002666] -> 0x5555
[2459] [M]: 0x0000000080002664 (0x55550513) addi x10, x10, 0x555                    inst_361+20
x10 <- 0x0015555555555555

clint mtime 0x00000000000004CE (mip.MTI <- 0b1, mip.STI <- 0b0)
mem[X,0x0000000080002668] -> 0x1513
mem[X,0x000000008000266A] -> 0x00A5
[2460] [M]: 0x0000000080002668 (0x00A51513) slli x10, x10, 0xa                      inst_361+24
x10 <- 0x5555555555555400

mem[X,0x000000008000266C] -> 0x0513
mem[X,0x000000008000266E] -> 0x1565
[2461] [M]: 0x000000008000266C (0x15650513) addi x10, x10, 0x156                    inst_361+28
x10 <- 0x5555555555555556

clint mtime 0x00000000000004CF (mip.MTI <- 0b1, mip.STI <- 0b0)
mem[X,0x0000000080002670] -> 0x2593
mem[X,0x0000000080002672] -> 0x02C5
[2462] [M]: 0x0000000080002670 (0x02C52593) slti x11, x10, 0x2c                     inst_361+32
x11 <- 0x0000000000000000

mem[X,0x0000000080002674] -> 0x3C23
mem[X,0x0000000080002676] -> 0x28B1
[2463] [M]: 0x0000000080002674 (0x28B13C23) sd x11, 0x298(x2)                       inst_361+36
mem[W,0x0000000080007C60] <- 0x0000000000000000

clint mtime 0x00000000000004D0 (mip.MTI <- 0b1, mip.STI <- 0b0)
mem[X,0x0000000080002678] -> 0x5537
mem[X,0x000000008000267A] -> 0x5555
[2464] [M]: 0x0000000080002678 (0x55555537) lui x10, 0x55555                        inst_362+0
x10 <- 0x0000000055555000

mem[X,0x000000008000267C] -> 0x0513
mem[X,0x000000008000267E] -> 0x5555
[2465] [M]: 0x000000008000267C (0x55550513) addi x10, x10, 0x555                    inst_362+4
x10 <- 0x0000000055555555

clint mtime 0x00000000000004D1 (mip.MTI <- 0b1, mip.STI <- 0b0)
mem[X,0x0000000080002680] -> 0x1513
mem[X,0x0000000080002682] -> 0x00B5
[2466] [M]: 0x0000000080002680 (0x00B51513) slli x10, x10, 0xb                      inst_362+8
x10 <- 0x000002AAAAAAA800

mem[X,0x0000000080002684] -> 0x0513
mem[X,0x0000000080002686] -> 0x2AA5
[2467] [M]: 0x0000000080002684 (0x2AA50513) addi x10, x10, 0x2aa                    inst_362+12
x10 <- 0x000002AAAAAAAAAA

clint mtime 0x00000000000004D2 (mip.MTI <- 0b1, mip.STI <- 0b0)
mem[X,0x0000000080002688] -> 0x1513
mem[X,0x000000008000268A] -> 0x00B5
[2468] [M]: 0x0000000080002688 (0x00B51513) slli x10, x10, 0xb                      inst_362+16
x10 <- 0x0015555555555000

mem[X,0x000000008000268C] -> 0x0513
mem[X,0x000000008000268E] -> 0x5555
[2469] [M]: 0x000000008000268C (0x55550513) addi x10, x10, 0x555                    inst_362+20
x10 <- 0x0015555555555555

clint mtime 0x00000000000004D3 (mip.MTI <- 0b1, mip.STI <- 0b0)
mem[X,0x0000000080002690] -> 0x1513
mem[X,0x0000000080002692] -> 0x00A5
[2470] [M]: 0x0000000080002690 (0x00A51513) slli x10, x10, 0xa                      inst_362+24
x10 <- 0x5555555555555400

mem[X,0x0000000080002694] -> 0x0513
mem[X,0x0000000080002696] -> 0x1565
[2471] [M]: 0x0000000080002694 (0x15650513) addi x10, x10, 0x156                    inst_362+28
x10 <- 0x5555555555555556

clint mtime 0x00000000000004D4 (mip.MTI <- 0b1, mip.STI <- 0b0)
mem[X,0x0000000080002698] -> 0x2593
mem[X,0x000000008000269A] -> 0x5565
[2472] [M]: 0x0000000080002698 (0x55652593) slti x11, x10, 0x556                    inst_362+32
x11 <- 0x0000000000000000

mem[X,0x000000008000269C] -> 0x3023
mem[X,0x000000008000269E] -> 0x2AB1
[2473] [M]: 0x000000008000269C (0x2AB13023) sd x11, 0x2a0(x2)                       inst_362+36
mem[W,0x0000000080007C68] <- 0x0000000000000000

clint mtime 0x00000000000004D5 (mip.MTI <- 0b1, mip.STI <- 0b0)
mem[X,0x00000000800026A0] -> 0x5537
mem[X,0x00000000800026A2] -> 0x5555
[2474] [M]: 0x00000000800026A0 (0x55555537) lui x10, 0x55555                        inst_363+0
x10 <- 0x0000000055555000

mem[X,0x00000000800026A4] -> 0x0513
mem[X,0x00000000800026A6] -> 0x5555
[2475] [M]: 0x00000000800026A4 (0x55550513) addi x10, x10, 0x555                    inst_363+4
x10 <- 0x0000000055555555

clint mtime 0x00000000000004D6 (mip.MTI <- 0b1, mip.STI <- 0b0)
mem[X,0x00000000800026A8] -> 0x1513
mem[X,0x00000000800026AA] -> 0x00B5
[2476] [M]: 0x00000000800026A8 (0x00B51513) slli x10, x10, 0xb                      inst_363+8
x10 <- 0x000002AAAAAAA800

mem[X,0x00000000800026AC] -> 0x0513
mem[X,0x00000000800026AE] -> 0x2AA5
[2477] [M]: 0x00000000800026AC (0x2AA50513) addi x10, x10, 0x2aa                    inst_363+12
x10 <- 0x000002AAAAAAAAAA

clint mtime 0x00000000000004D7 (mip.MTI <- 0b1, mip.STI <- 0b0)
mem[X,0x00000000800026B0] -> 0x1513
mem[X,0x00000000800026B2] -> 0x00B5
[2478] [M]: 0x00000000800026B0 (0x00B51513) slli x10, x10, 0xb                      inst_363+16
x10 <- 0x0015555555555000

mem[X,0x00000000800026B4] -> 0x0513
mem[X,0x00000000800026B6] -> 0x5555
[2479] [M]: 0x00000000800026B4 (0x55550513) addi x10, x10, 0x555                    inst_363+20
x10 <- 0x0015555555555555

clint mtime 0x00000000000004D8 (mip.MTI <- 0b1, mip.STI <- 0b0)
mem[X,0x00000000800026B8] -> 0x1513
mem[X,0x00000000800026BA] -> 0x00A5
[2480] [M]: 0x00000000800026B8 (0x00A51513) slli x10, x10, 0xa                      inst_363+24
x10 <- 0x5555555555555400

mem[X,0x00000000800026BC] -> 0x0513
mem[X,0x00000000800026BE] -> 0x1565
[2481] [M]: 0x00000000800026BC (0x15650513) addi x10, x10, 0x156                    inst_363+28
x10 <- 0x5555555555555556

clint mtime 0x00000000000004D9 (mip.MTI <- 0b1, mip.STI <- 0b0)
mem[X,0x00000000800026C0] -> 0x2593
mem[X,0x00000000800026C2] -> 0xAAB5
[2482] [M]: 0x00000000800026C0 (0xAAB52593) slti x11, x10, -0x555                   inst_363+32
x11 <- 0x0000000000000000

mem[X,0x00000000800026C4] -> 0x3423
mem[X,0x00000000800026C6] -> 0x2AB1
[2483] [M]: 0x00000000800026C4 (0x2AB13423) sd x11, 0x2a8(x2)                       inst_363+36
mem[W,0x0000000080007C70] <- 0x0000000000000000

clint mtime 0x00000000000004DA (mip.MTI <- 0b1, mip.STI <- 0b0)
mem[X,0x00000000800026C8] -> 0x5537
mem[X,0x00000000800026CA] -> 0x5555
[2484] [M]: 0x00000000800026C8 (0x55555537) lui x10, 0x55555                        inst_364+0
x10 <- 0x0000000055555000

mem[X,0x00000000800026CC] -> 0x0513
mem[X,0x00000000800026CE] -> 0x5555
[2485] [M]: 0x00000000800026CC (0x55550513) addi x10, x10, 0x555                    inst_364+4
x10 <- 0x0000000055555555

clint mtime 0x00000000000004DB (mip.MTI <- 0b1, mip.STI <- 0b0)
mem[X,0x00000000800026D0] -> 0x1513
mem[X,0x00000000800026D2] -> 0x00B5
[2486] [M]: 0x00000000800026D0 (0x00B51513) slli x10, x10, 0xb                      inst_364+8
x10 <- 0x000002AAAAAAA800

mem[X,0x00000000800026D4] -> 0x0513
mem[X,0x00000000800026D6] -> 0x2AA5
[2487] [M]: 0x00000000800026D4 (0x2AA50513) addi x10, x10, 0x2aa                    inst_364+12
x10 <- 0x000002AAAAAAAAAA

clint mtime 0x00000000000004DC (mip.MTI <- 0b1, mip.STI <- 0b0)
mem[X,0x00000000800026D8] -> 0x1513
mem[X,0x00000000800026DA] -> 0x00B5
[2488] [M]: 0x00000000800026D8 (0x00B51513) slli x10, x10, 0xb                      inst_364+16
x10 <- 0x0015555555555000

mem[X,0x00000000800026DC] -> 0x0513
mem[X,0x00000000800026DE] -> 0x5555
[2489] [M]: 0x00000000800026DC (0x55550513) addi x10, x10, 0x555                    inst_364+20
x10 <- 0x0015555555555555

clint mtime 0x00000000000004DD (mip.MTI <- 0b1, mip.STI <- 0b0)
mem[X,0x00000000800026E0] -> 0x1513
mem[X,0x00000000800026E2] -> 0x00A5
[2490] [M]: 0x00000000800026E0 (0x00A51513) slli x10, x10, 0xa                      inst_364+24
x10 <- 0x5555555555555400

mem[X,0x00000000800026E4] -> 0x0513
mem[X,0x00000000800026E6] -> 0x1565
[2491] [M]: 0x00000000800026E4 (0x15650513) addi x10, x10, 0x156                    inst_364+28
x10 <- 0x5555555555555556

clint mtime 0x00000000000004DE (mip.MTI <- 0b1, mip.STI <- 0b0)
mem[X,0x00000000800026E8] -> 0x2593
mem[X,0x00000000800026EA] -> 0x0065
[2492] [M]: 0x00000000800026E8 (0x00652593) slti x11, x10, 0x6                      inst_364+32
x11 <- 0x0000000000000000

mem[X,0x00000000800026EC] -> 0x3823
mem[X,0x00000000800026EE] -> 0x2AB1
[2493] [M]: 0x00000000800026EC (0x2AB13823) sd x11, 0x2b0(x2)                       inst_364+36
mem[W,0x0000000080007C78] <- 0x0000000000000000

clint mtime 0x00000000000004DF (mip.MTI <- 0b1, mip.STI <- 0b0)
mem[X,0x00000000800026F0] -> 0x5537
mem[X,0x00000000800026F2] -> 0x5555
[2494] [M]: 0x00000000800026F0 (0x55555537) lui x10, 0x55555                        inst_365+0
x10 <- 0x0000000055555000

mem[X,0x00000000800026F4] -> 0x0513
mem[X,0x00000000800026F6] -> 0x5555
[2495] [M]: 0x00000000800026F4 (0x55550513) addi x10, x10, 0x555                    inst_365+4
x10 <- 0x0000000055555555

clint mtime 0x00000000000004E0 (mip.MTI <- 0b1, mip.STI <- 0b0)
mem[X,0x00000000800026F8] -> 0x1513
mem[X,0x00000000800026FA] -> 0x00B5
[2496] [M]: 0x00000000800026F8 (0x00B51513) slli x10, x10, 0xb                      inst_365+8
x10 <- 0x000002AAAAAAA800

mem[X,0x00000000800026FC] -> 0x0513
mem[X,0x00000000800026FE] -> 0x2AA5
[2497] [M]: 0x00000000800026FC (0x2AA50513) addi x10, x10, 0x2aa                    inst_365+12
x10 <- 0x000002AAAAAAAAAA

clint mtime 0x00000000000004E1 (mip.MTI <- 0b1, mip.STI <- 0b0)
mem[X,0x0000000080002700] -> 0x1513
mem[X,0x0000000080002702] -> 0x00B5
[2498] [M]: 0x0000000080002700 (0x00B51513) slli x10, x10, 0xb                      inst_365+16
x10 <- 0x0015555555555000

mem[X,0x0000000080002704] -> 0x0513
mem[X,0x0000000080002706] -> 0x5555
[2499] [M]: 0x0000000080002704 (0x55550513) addi x10, x10, 0x555                    inst_365+20
x10 <- 0x0015555555555555

clint mtime 0x00000000000004E2 (mip.MTI <- 0b1, mip.STI <- 0b0)
mem[X,0x0000000080002708] -> 0x1513
mem[X,0x000000008000270A] -> 0x00A5
[2500] [M]: 0x0000000080002708 (0x00A51513) slli x10, x10, 0xa                      inst_365+24
x10 <- 0x5555555555555400

mem[X,0x000000008000270C] -> 0x0513
mem[X,0x000000008000270E] -> 0x1565
[2501] [M]: 0x000000008000270C (0x15650513) addi x10, x10, 0x156                    inst_365+28
x10 <- 0x5555555555555556

clint mtime 0x00000000000004E3 (mip.MTI <- 0b1, mip.STI <- 0b0)
mem[X,0x0000000080002710] -> 0x2593
mem[X,0x0000000080002712] -> 0x3345
[2502] [M]: 0x0000000080002710 (0x33452593) slti x11, x10, 0x334                    inst_365+32
x11 <- 0x0000000000000000

mem[X,0x0000000080002714] -> 0x3C23
mem[X,0x0000000080002716] -> 0x2AB1
[2503] [M]: 0x0000000080002714 (0x2AB13C23) sd x11, 0x2b8(x2)                       inst_365+36
mem[W,0x0000000080007C80] <- 0x0000000000000000

clint mtime 0x00000000000004E4 (mip.MTI <- 0b1, mip.STI <- 0b0)
mem[X,0x0000000080002718] -> 0x5537
mem[X,0x000000008000271A] -> 0x5555
[2504] [M]: 0x0000000080002718 (0x55555537) lui x10, 0x55555                        inst_366+0
x10 <- 0x0000000055555000

mem[X,0x000000008000271C] -> 0x0513
mem[X,0x000000008000271E] -> 0x5555
[2505] [M]: 0x000000008000271C (0x55550513) addi x10, x10, 0x555                    inst_366+4
x10 <- 0x0000000055555555

clint mtime 0x00000000000004E5 (mip.MTI <- 0b1, mip.STI <- 0b0)
mem[X,0x0000000080002720] -> 0x1513
mem[X,0x0000000080002722] -> 0x00B5
[2506] [M]: 0x0000000080002720 (0x00B51513) slli x10, x10, 0xb                      inst_366+8
x10 <- 0x000002AAAAAAA800

mem[X,0x0000000080002724] -> 0x0513
mem[X,0x0000000080002726] -> 0x2AA5
[2507] [M]: 0x0000000080002724 (0x2AA50513) addi x10, x10, 0x2aa                    inst_366+12
x10 <- 0x000002AAAAAAAAAA

clint mtime 0x00000000000004E6 (mip.MTI <- 0b1, mip.STI <- 0b0)
mem[X,0x0000000080002728] -> 0x1513
mem[X,0x000000008000272A] -> 0x00B5
[2508] [M]: 0x0000000080002728 (0x00B51513) slli x10, x10, 0xb                      inst_366+16
x10 <- 0x0015555555555000

mem[X,0x000000008000272C] -> 0x0513
mem[X,0x000000008000272E] -> 0x5555
[2509] [M]: 0x000000008000272C (0x55550513) addi x10, x10, 0x555                    inst_366+20
x10 <- 0x0015555555555555

clint mtime 0x00000000000004E7 (mip.MTI <- 0b1, mip.STI <- 0b0)
mem[X,0x0000000080002730] -> 0x1513
mem[X,0x0000000080002732] -> 0x00A5
[2510] [M]: 0x0000000080002730 (0x00A51513) slli x10, x10, 0xa                      inst_366+24
x10 <- 0x5555555555555400

mem[X,0x0000000080002734] -> 0x0513
mem[X,0x0000000080002736] -> 0x1565
[2511] [M]: 0x0000000080002734 (0x15650513) addi x10, x10, 0x156                    inst_366+28
x10 <- 0x5555555555555556

clint mtime 0x00000000000004E8 (mip.MTI <- 0b1, mip.STI <- 0b0)
mem[X,0x0000000080002738] -> 0x2593
mem[X,0x000000008000273A] -> 0x6675
[2512] [M]: 0x0000000080002738 (0x66752593) slti x11, x10, 0x667                    inst_366+32
x11 <- 0x0000000000000000

mem[X,0x000000008000273C] -> 0x3023
mem[X,0x000000008000273E] -> 0x2CB1
[2513] [M]: 0x000000008000273C (0x2CB13023) sd x11, 0x2c0(x2)                       inst_366+36
mem[W,0x0000000080007C88] <- 0x0000000000000000

clint mtime 0x00000000000004E9 (mip.MTI <- 0b1, mip.STI <- 0b0)
mem[X,0x0000000080002740] -> 0x5537
mem[X,0x0000000080002742] -> 0x5555
[2514] [M]: 0x0000000080002740 (0x55555537) lui x10, 0x55555                        inst_367+0
x10 <- 0x0000000055555000

mem[X,0x0000000080002744] -> 0x0513
mem[X,0x0000000080002746] -> 0x5555
[2515] [M]: 0x0000000080002744 (0x55550513) addi x10, x10, 0x555                    inst_367+4
x10 <- 0x0000000055555555

clint mtime 0x00000000000004EA (mip.MTI <- 0b1, mip.STI <- 0b0)
mem[X,0x0000000080002748] -> 0x1513
mem[X,0x000000008000274A] -> 0x00B5
[2516] [M]: 0x0000000080002748 (0x00B51513) slli x10, x10, 0xb                      inst_367+8
x10 <- 0x000002AAAAAAA800

mem[X,0x000000008000274C] -> 0x0513
mem[X,0x000000008000274E] -> 0x2AA5
[2517] [M]: 0x000000008000274C (0x2AA50513) addi x10, x10, 0x2aa                    inst_367+12
x10 <- 0x000002AAAAAAAAAA

clint mtime 0x00000000000004EB (mip.MTI <- 0b1, mip.STI <- 0b0)
mem[X,0x0000000080002750] -> 0x1513
mem[X,0x0000000080002752] -> 0x00B5
[2518] [M]: 0x0000000080002750 (0x00B51513) slli x10, x10, 0xb                      inst_367+16
x10 <- 0x0015555555555000

mem[X,0x0000000080002754] -> 0x0513
mem[X,0x0000000080002756] -> 0x5555
[2519] [M]: 0x0000000080002754 (0x55550513) addi x10, x10, 0x555                    inst_367+20
x10 <- 0x0015555555555555

clint mtime 0x00000000000004EC (mip.MTI <- 0b1, mip.STI <- 0b0)
mem[X,0x0000000080002758] -> 0x1513
mem[X,0x000000008000275A] -> 0x00A5
[2520] [M]: 0x0000000080002758 (0x00A51513) slli x10, x10, 0xa                      inst_367+24
x10 <- 0x5555555555555400

mem[X,0x000000008000275C] -> 0x0513
mem[X,0x000000008000275E] -> 0x1565
[2521] [M]: 0x000000008000275C (0x15650513) addi x10, x10, 0x156                    inst_367+28
x10 <- 0x5555555555555556

clint mtime 0x00000000000004ED (mip.MTI <- 0b1, mip.STI <- 0b0)
mem[X,0x0000000080002760] -> 0x2593
mem[X,0x0000000080002762] -> 0xFD45
[2522] [M]: 0x0000000080002760 (0xFD452593) slti x11, x10, -0x2c                    inst_367+32
x11 <- 0x0000000000000000

mem[X,0x0000000080002764] -> 0x3423
mem[X,0x0000000080002766] -> 0x2CB1
[2523] [M]: 0x0000000080002764 (0x2CB13423) sd x11, 0x2c8(x2)                       inst_367+36
mem[W,0x0000000080007C90] <- 0x0000000000000000

clint mtime 0x00000000000004EE (mip.MTI <- 0b1, mip.STI <- 0b0)
mem[X,0x0000000080002768] -> 0x5537
mem[X,0x000000008000276A] -> 0x5555
[2524] [M]: 0x0000000080002768 (0x55555537) lui x10, 0x55555                        inst_368+0
x10 <- 0x0000000055555000

mem[X,0x000000008000276C] -> 0x0513
mem[X,0x000000008000276E] -> 0x5555
[2525] [M]: 0x000000008000276C (0x55550513) addi x10, x10, 0x555                    inst_368+4
x10 <- 0x0000000055555555

clint mtime 0x00000000000004EF (mip.MTI <- 0b1, mip.STI <- 0b0)
mem[X,0x0000000080002770] -> 0x1513
mem[X,0x0000000080002772] -> 0x00B5
[2526] [M]: 0x0000000080002770 (0x00B51513) slli x10, x10, 0xb                      inst_368+8
x10 <- 0x000002AAAAAAA800

mem[X,0x0000000080002774] -> 0x0513
mem[X,0x0000000080002776] -> 0x2AA5
[2527] [M]: 0x0000000080002774 (0x2AA50513) addi x10, x10, 0x2aa                    inst_368+12
x10 <- 0x000002AAAAAAAAAA

clint mtime 0x00000000000004F0 (mip.MTI <- 0b1, mip.STI <- 0b0)
mem[X,0x0000000080002778] -> 0x1513
mem[X,0x000000008000277A] -> 0x00B5
[2528] [M]: 0x0000000080002778 (0x00B51513) slli x10, x10, 0xb                      inst_368+16
x10 <- 0x0015555555555000

mem[X,0x000000008000277C] -> 0x0513
mem[X,0x000000008000277E] -> 0x5555
[2529] [M]: 0x000000008000277C (0x55550513) addi x10, x10, 0x555                    inst_368+20
x10 <- 0x0015555555555555

clint mtime 0x00000000000004F1 (mip.MTI <- 0b1, mip.STI <- 0b0)
mem[X,0x0000000080002780] -> 0x1513
mem[X,0x0000000080002782] -> 0x00A5
[2530] [M]: 0x0000000080002780 (0x00A51513) slli x10, x10, 0xa                      inst_368+24
x10 <- 0x5555555555555400

mem[X,0x0000000080002784] -> 0x0513
mem[X,0x0000000080002786] -> 0x1565
[2531] [M]: 0x0000000080002784 (0x15650513) addi x10, x10, 0x156                    inst_368+28
x10 <- 0x5555555555555556

clint mtime 0x00000000000004F2 (mip.MTI <- 0b1, mip.STI <- 0b0)
mem[X,0x0000000080002788] -> 0x2593
mem[X,0x000000008000278A] -> 0x02E5
[2532] [M]: 0x0000000080002788 (0x02E52593) slti x11, x10, 0x2e                     inst_368+32
x11 <- 0x0000000000000000

mem[X,0x000000008000278C] -> 0x3823
mem[X,0x000000008000278E] -> 0x2CB1
[2533] [M]: 0x000000008000278C (0x2CB13823) sd x11, 0x2d0(x2)                       inst_368+36
mem[W,0x0000000080007C98] <- 0x0000000000000000

clint mtime 0x00000000000004F3 (mip.MTI <- 0b1, mip.STI <- 0b0)
mem[X,0x0000000080002790] -> 0xB537
mem[X,0x0000000080002792] -> 0xAAAA
[2534] [M]: 0x0000000080002790 (0xAAAAB537) lui x10, -0x55555                       inst_369+0
x10 <- 0xFFFFFFFFAAAAB000

mem[X,0x0000000080002794] -> 0x0513
mem[X,0x0000000080002796] -> 0xAAA5
[2535] [M]: 0x0000000080002794 (0xAAA50513) addi x10, x10, -0x556                   inst_369+4
x10 <- 0xFFFFFFFFAAAAAAAA

clint mtime 0x00000000000004F4 (mip.MTI <- 0b1, mip.STI <- 0b0)
mem[X,0x0000000080002798] -> 0x1513
mem[X,0x000000008000279A] -> 0x00B5
[2536] [M]: 0x0000000080002798 (0x00B51513) slli x10, x10, 0xb                      inst_369+8
x10 <- 0xFFFFFD5555555000

mem[X,0x000000008000279C] -> 0x0513
mem[X,0x000000008000279E] -> 0x5555
[2537] [M]: 0x000000008000279C (0x55550513) addi x10, x10, 0x555                    inst_369+12
x10 <- 0xFFFFFD5555555555

clint mtime 0x00000000000004F5 (mip.MTI <- 0b1, mip.STI <- 0b0)
mem[X,0x00000000800027A0] -> 0x1513
mem[X,0x00000000800027A2] -> 0x00B5
[2538] [M]: 0x00000000800027A0 (0x00B51513) slli x10, x10, 0xb                      inst_369+16
x10 <- 0xFFEAAAAAAAAAA800

mem[X,0x00000000800027A4] -> 0x0513
mem[X,0x00000000800027A6] -> 0x2AA5
[2539] [M]: 0x00000000800027A4 (0x2AA50513) addi x10, x10, 0x2aa                    inst_369+20
x10 <- 0xFFEAAAAAAAAAAAAA

clint mtime 0x00000000000004F6 (mip.MTI <- 0b1, mip.STI <- 0b0)
mem[X,0x00000000800027A8] -> 0x1513
mem[X,0x00000000800027AA] -> 0x00A5
[2540] [M]: 0x00000000800027A8 (0x00A51513) slli x10, x10, 0xa                      inst_369+24
x10 <- 0xAAAAAAAAAAAAA800

mem[X,0x00000000800027AC] -> 0x0513
mem[X,0x00000000800027AE] -> 0x2AB5
[2541] [M]: 0x00000000800027AC (0x2AB50513) addi x10, x10, 0x2ab                    inst_369+28
x10 <- 0xAAAAAAAAAAAAAAAB

clint mtime 0x00000000000004F7 (mip.MTI <- 0b1, mip.STI <- 0b0)
mem[X,0x00000000800027B0] -> 0x2593
mem[X,0x00000000800027B2] -> 0x0035
[2542] [M]: 0x00000000800027B0 (0x00352593) slti x11, x10, 0x3                      inst_369+32
x11 <- 0x0000000000000001

mem[X,0x00000000800027B4] -> 0x3C23
mem[X,0x00000000800027B6] -> 0x2CB1
[2543] [M]: 0x00000000800027B4 (0x2CB13C23) sd x11, 0x2d8(x2)                       inst_369+36
mem[W,0x0000000080007CA0] <- 0x0000000000000001

clint mtime 0x00000000000004F8 (mip.MTI <- 0b1, mip.STI <- 0b0)
mem[X,0x00000000800027B8] -> 0xB537
mem[X,0x00000000800027BA] -> 0xAAAA
[2544] [M]: 0x00000000800027B8 (0xAAAAB537) lui x10, -0x55555                       inst_370+0
x10 <- 0xFFFFFFFFAAAAB000

mem[X,0x00000000800027BC] -> 0x0513
mem[X,0x00000000800027BE] -> 0xAAA5
[2545] [M]: 0x00000000800027BC (0xAAA50513) addi x10, x10, -0x556                   inst_370+4
x10 <- 0xFFFFFFFFAAAAAAAA

clint mtime 0x00000000000004F9 (mip.MTI <- 0b1, mip.STI <- 0b0)
mem[X,0x00000000800027C0] -> 0x1513
mem[X,0x00000000800027C2] -> 0x00B5
[2546] [M]: 0x00000000800027C0 (0x00B51513) slli x10, x10, 0xb                      inst_370+8
x10 <- 0xFFFFFD5555555000

mem[X,0x00000000800027C4] -> 0x0513
mem[X,0x00000000800027C6] -> 0x5555
[2547] [M]: 0x00000000800027C4 (0x55550513) addi x10, x10, 0x555                    inst_370+12
x10 <- 0xFFFFFD5555555555

clint mtime 0x00000000000004FA (mip.MTI <- 0b1, mip.STI <- 0b0)
mem[X,0x00000000800027C8] -> 0x1513
mem[X,0x00000000800027CA] -> 0x00B5
[2548] [M]: 0x00000000800027C8 (0x00B51513) slli x10, x10, 0xb                      inst_370+16
x10 <- 0xFFEAAAAAAAAAA800

mem[X,0x00000000800027CC] -> 0x0513
mem[X,0x00000000800027CE] -> 0x2AA5
[2549] [M]: 0x00000000800027CC (0x2AA50513) addi x10, x10, 0x2aa                    inst_370+20
x10 <- 0xFFEAAAAAAAAAAAAA

clint mtime 0x00000000000004FB (mip.MTI <- 0b1, mip.STI <- 0b0)
mem[X,0x00000000800027D0] -> 0x1513
mem[X,0x00000000800027D2] -> 0x00A5
[2550] [M]: 0x00000000800027D0 (0x00A51513) slli x10, x10, 0xa                      inst_370+24
x10 <- 0xAAAAAAAAAAAAA800

mem[X,0x00000000800027D4] -> 0x0513
mem[X,0x00000000800027D6] -> 0x2AB5
[2551] [M]: 0x00000000800027D4 (0x2AB50513) addi x10, x10, 0x2ab                    inst_370+28
x10 <- 0xAAAAAAAAAAAAAAAB

clint mtime 0x00000000000004FC (mip.MTI <- 0b1, mip.STI <- 0b0)
mem[X,0x00000000800027D8] -> 0x2593
mem[X,0x00000000800027DA] -> 0x5555
[2552] [M]: 0x00000000800027D8 (0x55552593) slti x11, x10, 0x555                    inst_370+32
x11 <- 0x0000000000000001

mem[X,0x00000000800027DC] -> 0x3023
mem[X,0x00000000800027DE] -> 0x2EB1
[2553] [M]: 0x00000000800027DC (0x2EB13023) sd x11, 0x2e0(x2)                       inst_370+36
mem[W,0x0000000080007CA8] <- 0x0000000000000001

clint mtime 0x00000000000004FD (mip.MTI <- 0b1, mip.STI <- 0b0)
mem[X,0x00000000800027E0] -> 0xB537
mem[X,0x00000000800027E2] -> 0xAAAA
[2554] [M]: 0x00000000800027E0 (0xAAAAB537) lui x10, -0x55555                       inst_371+0
x10 <- 0xFFFFFFFFAAAAB000

mem[X,0x00000000800027E4] -> 0x0513
mem[X,0x00000000800027E6] -> 0xAAA5
[2555] [M]: 0x00000000800027E4 (0xAAA50513) addi x10, x10, -0x556                   inst_371+4
x10 <- 0xFFFFFFFFAAAAAAAA

clint mtime 0x00000000000004FE (mip.MTI <- 0b1, mip.STI <- 0b0)
mem[X,0x00000000800027E8] -> 0x1513
mem[X,0x00000000800027EA] -> 0x00B5
[2556] [M]: 0x00000000800027E8 (0x00B51513) slli x10, x10, 0xb                      inst_371+8
x10 <- 0xFFFFFD5555555000

mem[X,0x00000000800027EC] -> 0x0513
mem[X,0x00000000800027EE] -> 0x5555
[2557] [M]: 0x00000000800027EC (0x55550513) addi x10, x10, 0x555                    inst_371+12
x10 <- 0xFFFFFD5555555555

clint mtime 0x00000000000004FF (mip.MTI <- 0b1, mip.STI <- 0b0)
mem[X,0x00000000800027F0] -> 0x1513
mem[X,0x00000000800027F2] -> 0x00B5
[2558] [M]: 0x00000000800027F0 (0x00B51513) slli x10, x10, 0xb                      inst_371+16
x10 <- 0xFFEAAAAAAAAAA800

mem[X,0x00000000800027F4] -> 0x0513
mem[X,0x00000000800027F6] -> 0x2AA5
[2559] [M]: 0x00000000800027F4 (0x2AA50513) addi x10, x10, 0x2aa                    inst_371+20
x10 <- 0xFFEAAAAAAAAAAAAA

clint mtime 0x0000000000000500 (mip.MTI <- 0b1, mip.STI <- 0b0)
mem[X,0x00000000800027F8] -> 0x1513
mem[X,0x00000000800027FA] -> 0x00A5
[2560] [M]: 0x00000000800027F8 (0x00A51513) slli x10, x10, 0xa                      inst_371+24
x10 <- 0xAAAAAAAAAAAAA800

mem[X,0x00000000800027FC] -> 0x0513
mem[X,0x00000000800027FE] -> 0x2AB5
[2561] [M]: 0x00000000800027FC (0x2AB50513) addi x10, x10, 0x2ab                    inst_371+28
x10 <- 0xAAAAAAAAAAAAAAAB

clint mtime 0x0000000000000501 (mip.MTI <- 0b1, mip.STI <- 0b0)
mem[X,0x0000000080002800] -> 0x2593
mem[X,0x0000000080002802] -> 0xAAA5
[2562] [M]: 0x0000000080002800 (0xAAA52593) slti x11, x10, -0x556                   inst_371+32
x11 <- 0x0000000000000001

mem[X,0x0000000080002804] -> 0x3423
mem[X,0x0000000080002806] -> 0x2EB1
[2563] [M]: 0x0000000080002804 (0x2EB13423) sd x11, 0x2e8(x2)                       inst_371+36
mem[W,0x0000000080007CB0] <- 0x0000000000000001

clint mtime 0x0000000000000502 (mip.MTI <- 0b1, mip.STI <- 0b0)
mem[X,0x0000000080002808] -> 0xB537
mem[X,0x000000008000280A] -> 0xAAAA
[2564] [M]: 0x0000000080002808 (0xAAAAB537) lui x10, -0x55555                       inst_372+0
x10 <- 0xFFFFFFFFAAAAB000

mem[X,0x000000008000280C] -> 0x0513
mem[X,0x000000008000280E] -> 0xAAA5
[2565] [M]: 0x000000008000280C (0xAAA50513) addi x10, x10, -0x556                   inst_372+4
x10 <- 0xFFFFFFFFAAAAAAAA

clint mtime 0x0000000000000503 (mip.MTI <- 0b1, mip.STI <- 0b0)
mem[X,0x0000000080002810] -> 0x1513
mem[X,0x0000000080002812] -> 0x00B5
[2566] [M]: 0x0000000080002810 (0x00B51513) slli x10, x10, 0xb                      inst_372+8
x10 <- 0xFFFFFD5555555000

mem[X,0x0000000080002814] -> 0x0513
mem[X,0x0000000080002816] -> 0x5555
[2567] [M]: 0x0000000080002814 (0x55550513) addi x10, x10, 0x555                    inst_372+12
x10 <- 0xFFFFFD5555555555

clint mtime 0x0000000000000504 (mip.MTI <- 0b1, mip.STI <- 0b0)
mem[X,0x0000000080002818] -> 0x1513
mem[X,0x000000008000281A] -> 0x00B5
[2568] [M]: 0x0000000080002818 (0x00B51513) slli x10, x10, 0xb                      inst_372+16
x10 <- 0xFFEAAAAAAAAAA800

mem[X,0x000000008000281C] -> 0x0513
mem[X,0x000000008000281E] -> 0x2AA5
[2569] [M]: 0x000000008000281C (0x2AA50513) addi x10, x10, 0x2aa                    inst_372+20
x10 <- 0xFFEAAAAAAAAAAAAA

clint mtime 0x0000000000000505 (mip.MTI <- 0b1, mip.STI <- 0b0)
mem[X,0x0000000080002820] -> 0x1513
mem[X,0x0000000080002822] -> 0x00A5
[2570] [M]: 0x0000000080002820 (0x00A51513) slli x10, x10, 0xa                      inst_372+24
x10 <- 0xAAAAAAAAAAAAA800

mem[X,0x0000000080002824] -> 0x0513
mem[X,0x0000000080002826] -> 0x2AB5
[2571] [M]: 0x0000000080002824 (0x2AB50513) addi x10, x10, 0x2ab                    inst_372+28
x10 <- 0xAAAAAAAAAAAAAAAB

clint mtime 0x0000000000000506 (mip.MTI <- 0b1, mip.STI <- 0b0)
mem[X,0x0000000080002828] -> 0x2593
mem[X,0x000000008000282A] -> 0x0055
[2572] [M]: 0x0000000080002828 (0x00552593) slti x11, x10, 0x5                      inst_372+32
x11 <- 0x0000000000000001

mem[X,0x000000008000282C] -> 0x3823
mem[X,0x000000008000282E] -> 0x2EB1
[2573] [M]: 0x000000008000282C (0x2EB13823) sd x11, 0x2f0(x2)                       inst_372+36
mem[W,0x0000000080007CB8] <- 0x0000000000000001

clint mtime 0x0000000000000507 (mip.MTI <- 0b1, mip.STI <- 0b0)
mem[X,0x0000000080002830] -> 0xB537
mem[X,0x0000000080002832] -> 0xAAAA
[2574] [M]: 0x0000000080002830 (0xAAAAB537) lui x10, -0x55555                       inst_373+0
x10 <- 0xFFFFFFFFAAAAB000

mem[X,0x0000000080002834] -> 0x0513
mem[X,0x0000000080002836] -> 0xAAA5
[2575] [M]: 0x0000000080002834 (0xAAA50513) addi x10, x10, -0x556                   inst_373+4
x10 <- 0xFFFFFFFFAAAAAAAA

clint mtime 0x0000000000000508 (mip.MTI <- 0b1, mip.STI <- 0b0)
mem[X,0x0000000080002838] -> 0x1513
mem[X,0x000000008000283A] -> 0x00B5
[2576] [M]: 0x0000000080002838 (0x00B51513) slli x10, x10, 0xb                      inst_373+8
x10 <- 0xFFFFFD5555555000

mem[X,0x000000008000283C] -> 0x0513
mem[X,0x000000008000283E] -> 0x5555
[2577] [M]: 0x000000008000283C (0x55550513) addi x10, x10, 0x555                    inst_373+12
x10 <- 0xFFFFFD5555555555

clint mtime 0x0000000000000509 (mip.MTI <- 0b1, mip.STI <- 0b0)
mem[X,0x0000000080002840] -> 0x1513
mem[X,0x0000000080002842] -> 0x00B5
[2578] [M]: 0x0000000080002840 (0x00B51513) slli x10, x10, 0xb                      inst_373+16
x10 <- 0xFFEAAAAAAAAAA800

mem[X,0x0000000080002844] -> 0x0513
mem[X,0x0000000080002846] -> 0x2AA5
[2579] [M]: 0x0000000080002844 (0x2AA50513) addi x10, x10, 0x2aa                    inst_373+20
x10 <- 0xFFEAAAAAAAAAAAAA

clint mtime 0x000000000000050A (mip.MTI <- 0b1, mip.STI <- 0b0)
mem[X,0x0000000080002848] -> 0x1513
mem[X,0x000000008000284A] -> 0x00A5
[2580] [M]: 0x0000000080002848 (0x00A51513) slli x10, x10, 0xa                      inst_373+24
x10 <- 0xAAAAAAAAAAAAA800

mem[X,0x000000008000284C] -> 0x0513
mem[X,0x000000008000284E] -> 0x2AB5
[2581] [M]: 0x000000008000284C (0x2AB50513) addi x10, x10, 0x2ab                    inst_373+28
x10 <- 0xAAAAAAAAAAAAAAAB

clint mtime 0x000000000000050B (mip.MTI <- 0b1, mip.STI <- 0b0)
mem[X,0x0000000080002850] -> 0x2593
mem[X,0x0000000080002852] -> 0x3335
[2582] [M]: 0x0000000080002850 (0x33352593) slti x11, x10, 0x333                    inst_373+32
x11 <- 0x0000000000000001

mem[X,0x0000000080002854] -> 0x3C23
mem[X,0x0000000080002856] -> 0x2EB1
[2583] [M]: 0x0000000080002854 (0x2EB13C23) sd x11, 0x2f8(x2)                       inst_373+36
mem[W,0x0000000080007CC0] <- 0x0000000000000001

clint mtime 0x000000000000050C (mip.MTI <- 0b1, mip.STI <- 0b0)
mem[X,0x0000000080002858] -> 0xB537
mem[X,0x000000008000285A] -> 0xAAAA
[2584] [M]: 0x0000000080002858 (0xAAAAB537) lui x10, -0x55555                       inst_374+0
x10 <- 0xFFFFFFFFAAAAB000

mem[X,0x000000008000285C] -> 0x0513
mem[X,0x000000008000285E] -> 0xAAA5
[2585] [M]: 0x000000008000285C (0xAAA50513) addi x10, x10, -0x556                   inst_374+4
x10 <- 0xFFFFFFFFAAAAAAAA

clint mtime 0x000000000000050D (mip.MTI <- 0b1, mip.STI <- 0b0)
mem[X,0x0000000080002860] -> 0x1513
mem[X,0x0000000080002862] -> 0x00B5
[2586] [M]: 0x0000000080002860 (0x00B51513) slli x10, x10, 0xb                      inst_374+8
x10 <- 0xFFFFFD5555555000

mem[X,0x0000000080002864] -> 0x0513
mem[X,0x0000000080002866] -> 0x5555
[2587] [M]: 0x0000000080002864 (0x55550513) addi x10, x10, 0x555                    inst_374+12
x10 <- 0xFFFFFD5555555555

clint mtime 0x000000000000050E (mip.MTI <- 0b1, mip.STI <- 0b0)
mem[X,0x0000000080002868] -> 0x1513
mem[X,0x000000008000286A] -> 0x00B5
[2588] [M]: 0x0000000080002868 (0x00B51513) slli x10, x10, 0xb                      inst_374+16
x10 <- 0xFFEAAAAAAAAAA800

mem[X,0x000000008000286C] -> 0x0513
mem[X,0x000000008000286E] -> 0x2AA5
[2589] [M]: 0x000000008000286C (0x2AA50513) addi x10, x10, 0x2aa                    inst_374+20
x10 <- 0xFFEAAAAAAAAAAAAA

clint mtime 0x000000000000050F (mip.MTI <- 0b1, mip.STI <- 0b0)
mem[X,0x0000000080002870] -> 0x1513
mem[X,0x0000000080002872] -> 0x00A5
[2590] [M]: 0x0000000080002870 (0x00A51513) slli x10, x10, 0xa                      inst_374+24
x10 <- 0xAAAAAAAAAAAAA800

mem[X,0x0000000080002874] -> 0x0513
mem[X,0x0000000080002876] -> 0x2AB5
[2591] [M]: 0x0000000080002874 (0x2AB50513) addi x10, x10, 0x2ab                    inst_374+28
x10 <- 0xAAAAAAAAAAAAAAAB

clint mtime 0x0000000000000510 (mip.MTI <- 0b1, mip.STI <- 0b0)
mem[X,0x0000000080002878] -> 0x2593
mem[X,0x000000008000287A] -> 0x6665
[2592] [M]: 0x0000000080002878 (0x66652593) slti x11, x10, 0x666                    inst_374+32
x11 <- 0x0000000000000001

mem[X,0x000000008000287C] -> 0x3023
mem[X,0x000000008000287E] -> 0x30B1
[2593] [M]: 0x000000008000287C (0x30B13023) sd x11, 0x300(x2)                       inst_374+36
mem[W,0x0000000080007CC8] <- 0x0000000000000001

clint mtime 0x0000000000000511 (mip.MTI <- 0b1, mip.STI <- 0b0)
mem[X,0x0000000080002880] -> 0xB537
mem[X,0x0000000080002882] -> 0xAAAA
[2594] [M]: 0x0000000080002880 (0xAAAAB537) lui x10, -0x55555                       inst_375+0
x10 <- 0xFFFFFFFFAAAAB000

mem[X,0x0000000080002884] -> 0x0513
mem[X,0x0000000080002886] -> 0xAAA5
[2595] [M]: 0x0000000080002884 (0xAAA50513) addi x10, x10, -0x556                   inst_375+4
x10 <- 0xFFFFFFFFAAAAAAAA

clint mtime 0x0000000000000512 (mip.MTI <- 0b1, mip.STI <- 0b0)
mem[X,0x0000000080002888] -> 0x1513
mem[X,0x000000008000288A] -> 0x00B5
[2596] [M]: 0x0000000080002888 (0x00B51513) slli x10, x10, 0xb                      inst_375+8
x10 <- 0xFFFFFD5555555000

mem[X,0x000000008000288C] -> 0x0513
mem[X,0x000000008000288E] -> 0x5555
[2597] [M]: 0x000000008000288C (0x55550513) addi x10, x10, 0x555                    inst_375+12
x10 <- 0xFFFFFD5555555555

clint mtime 0x0000000000000513 (mip.MTI <- 0b1, mip.STI <- 0b0)
mem[X,0x0000000080002890] -> 0x1513
mem[X,0x0000000080002892] -> 0x00B5
[2598] [M]: 0x0000000080002890 (0x00B51513) slli x10, x10, 0xb                      inst_375+16
x10 <- 0xFFEAAAAAAAAAA800

mem[X,0x0000000080002894] -> 0x0513
mem[X,0x0000000080002896] -> 0x2AA5
[2599] [M]: 0x0000000080002894 (0x2AA50513) addi x10, x10, 0x2aa                    inst_375+20
x10 <- 0xFFEAAAAAAAAAAAAA

clint mtime 0x0000000000000514 (mip.MTI <- 0b1, mip.STI <- 0b0)
mem[X,0x0000000080002898] -> 0x1513
mem[X,0x000000008000289A] -> 0x00A5
[2600] [M]: 0x0000000080002898 (0x00A51513) slli x10, x10, 0xa                      inst_375+24
x10 <- 0xAAAAAAAAAAAAA800

mem[X,0x000000008000289C] -> 0x0513
mem[X,0x000000008000289E] -> 0x2AB5
[2601] [M]: 0x000000008000289C (0x2AB50513) addi x10, x10, 0x2ab                    inst_375+28
x10 <- 0xAAAAAAAAAAAAAAAB

clint mtime 0x0000000000000515 (mip.MTI <- 0b1, mip.STI <- 0b0)
mem[X,0x00000000800028A0] -> 0x2593
mem[X,0x00000000800028A2] -> 0xFD35
[2602] [M]: 0x00000000800028A0 (0xFD352593) slti x11, x10, -0x2d                    inst_375+32
x11 <- 0x0000000000000001

mem[X,0x00000000800028A4] -> 0x3423
mem[X,0x00000000800028A6] -> 0x30B1
[2603] [M]: 0x00000000800028A4 (0x30B13423) sd x11, 0x308(x2)                       inst_375+36
mem[W,0x0000000080007CD0] <- 0x0000000000000001

clint mtime 0x0000000000000516 (mip.MTI <- 0b1, mip.STI <- 0b0)
mem[X,0x00000000800028A8] -> 0xB537
mem[X,0x00000000800028AA] -> 0xAAAA
[2604] [M]: 0x00000000800028A8 (0xAAAAB537) lui x10, -0x55555                       inst_376+0
x10 <- 0xFFFFFFFFAAAAB000

mem[X,0x00000000800028AC] -> 0x0513
mem[X,0x00000000800028AE] -> 0xAAA5
[2605] [M]: 0x00000000800028AC (0xAAA50513) addi x10, x10, -0x556                   inst_376+4
x10 <- 0xFFFFFFFFAAAAAAAA

clint mtime 0x0000000000000517 (mip.MTI <- 0b1, mip.STI <- 0b0)
mem[X,0x00000000800028B0] -> 0x1513
mem[X,0x00000000800028B2] -> 0x00B5
[2606] [M]: 0x00000000800028B0 (0x00B51513) slli x10, x10, 0xb                      inst_376+8
x10 <- 0xFFFFFD5555555000

mem[X,0x00000000800028B4] -> 0x0513
mem[X,0x00000000800028B6] -> 0x5555
[2607] [M]: 0x00000000800028B4 (0x55550513) addi x10, x10, 0x555                    inst_376+12
x10 <- 0xFFFFFD5555555555

clint mtime 0x0000000000000518 (mip.MTI <- 0b1, mip.STI <- 0b0)
mem[X,0x00000000800028B8] -> 0x1513
mem[X,0x00000000800028BA] -> 0x00B5
[2608] [M]: 0x00000000800028B8 (0x00B51513) slli x10, x10, 0xb                      inst_376+16
x10 <- 0xFFEAAAAAAAAAA800

mem[X,0x00000000800028BC] -> 0x0513
mem[X,0x00000000800028BE] -> 0x2AA5
[2609] [M]: 0x00000000800028BC (0x2AA50513) addi x10, x10, 0x2aa                    inst_376+20
x10 <- 0xFFEAAAAAAAAAAAAA

clint mtime 0x0000000000000519 (mip.MTI <- 0b1, mip.STI <- 0b0)
mem[X,0x00000000800028C0] -> 0x1513
mem[X,0x00000000800028C2] -> 0x00A5
[2610] [M]: 0x00000000800028C0 (0x00A51513) slli x10, x10, 0xa                      inst_376+24
x10 <- 0xAAAAAAAAAAAAA800

mem[X,0x00000000800028C4] -> 0x0513
mem[X,0x00000000800028C6] -> 0x2AB5
[2611] [M]: 0x00000000800028C4 (0x2AB50513) addi x10, x10, 0x2ab                    inst_376+28
x10 <- 0xAAAAAAAAAAAAAAAB

clint mtime 0x000000000000051A (mip.MTI <- 0b1, mip.STI <- 0b0)
mem[X,0x00000000800028C8] -> 0x2593
mem[X,0x00000000800028CA] -> 0x02D5
[2612] [M]: 0x00000000800028C8 (0x02D52593) slti x11, x10, 0x2d                     inst_376+32
x11 <- 0x0000000000000001

mem[X,0x00000000800028CC] -> 0x3823
mem[X,0x00000000800028CE] -> 0x30B1
[2613] [M]: 0x00000000800028CC (0x30B13823) sd x11, 0x310(x2)                       inst_376+36
mem[W,0x0000000080007CD8] <- 0x0000000000000001

clint mtime 0x000000000000051B (mip.MTI <- 0b1, mip.STI <- 0b0)
mem[X,0x00000000800028D0] -> 0xB537
mem[X,0x00000000800028D2] -> 0xAAAA
[2614] [M]: 0x00000000800028D0 (0xAAAAB537) lui x10, -0x55555                       inst_377+0
x10 <- 0xFFFFFFFFAAAAB000

mem[X,0x00000000800028D4] -> 0x0513
mem[X,0x00000000800028D6] -> 0xAAA5
[2615] [M]: 0x00000000800028D4 (0xAAA50513) addi x10, x10, -0x556                   inst_377+4
x10 <- 0xFFFFFFFFAAAAAAAA

clint mtime 0x000000000000051C (mip.MTI <- 0b1, mip.STI <- 0b0)
mem[X,0x00000000800028D8] -> 0x1513
mem[X,0x00000000800028DA] -> 0x00B5
[2616] [M]: 0x00000000800028D8 (0x00B51513) slli x10, x10, 0xb                      inst_377+8
x10 <- 0xFFFFFD5555555000

mem[X,0x00000000800028DC] -> 0x0513
mem[X,0x00000000800028DE] -> 0x5555
[2617] [M]: 0x00000000800028DC (0x55550513) addi x10, x10, 0x555                    inst_377+12
x10 <- 0xFFFFFD5555555555

clint mtime 0x000000000000051D (mip.MTI <- 0b1, mip.STI <- 0b0)
mem[X,0x00000000800028E0] -> 0x1513
mem[X,0x00000000800028E2] -> 0x00B5
[2618] [M]: 0x00000000800028E0 (0x00B51513) slli x10, x10, 0xb                      inst_377+16
x10 <- 0xFFEAAAAAAAAAA800

mem[X,0x00000000800028E4] -> 0x0513
mem[X,0x00000000800028E6] -> 0x2AA5
[2619] [M]: 0x00000000800028E4 (0x2AA50513) addi x10, x10, 0x2aa                    inst_377+20
x10 <- 0xFFEAAAAAAAAAAAAA

clint mtime 0x000000000000051E (mip.MTI <- 0b1, mip.STI <- 0b0)
mem[X,0x00000000800028E8] -> 0x1513
mem[X,0x00000000800028EA] -> 0x00A5
[2620] [M]: 0x00000000800028E8 (0x00A51513) slli x10, x10, 0xa                      inst_377+24
x10 <- 0xAAAAAAAAAAAAA800

mem[X,0x00000000800028EC] -> 0x0513
mem[X,0x00000000800028EE] -> 0x2AB5
[2621] [M]: 0x00000000800028EC (0x2AB50513) addi x10, x10, 0x2ab                    inst_377+28
x10 <- 0xAAAAAAAAAAAAAAAB

clint mtime 0x000000000000051F (mip.MTI <- 0b1, mip.STI <- 0b0)
mem[X,0x00000000800028F0] -> 0x2593
mem[X,0x00000000800028F2] -> 0x0025
[2622] [M]: 0x00000000800028F0 (0x00252593) slti x11, x10, 0x2                      inst_377+32
x11 <- 0x0000000000000001

mem[X,0x00000000800028F4] -> 0x3C23
mem[X,0x00000000800028F6] -> 0x30B1
[2623] [M]: 0x00000000800028F4 (0x30B13C23) sd x11, 0x318(x2)                       inst_377+36
mem[W,0x0000000080007CE0] <- 0x0000000000000001

clint mtime 0x0000000000000520 (mip.MTI <- 0b1, mip.STI <- 0b0)
mem[X,0x00000000800028F8] -> 0xB537
mem[X,0x00000000800028FA] -> 0xAAAA
[2624] [M]: 0x00000000800028F8 (0xAAAAB537) lui x10, -0x55555                       inst_378+0
x10 <- 0xFFFFFFFFAAAAB000

mem[X,0x00000000800028FC] -> 0x0513
mem[X,0x00000000800028FE] -> 0xAAA5
[2625] [M]: 0x00000000800028FC (0xAAA50513) addi x10, x10, -0x556                   inst_378+4
x10 <- 0xFFFFFFFFAAAAAAAA

clint mtime 0x0000000000000521 (mip.MTI <- 0b1, mip.STI <- 0b0)
mem[X,0x0000000080002900] -> 0x1513
mem[X,0x0000000080002902] -> 0x00B5
[2626] [M]: 0x0000000080002900 (0x00B51513) slli x10, x10, 0xb                      inst_378+8
x10 <- 0xFFFFFD5555555000

mem[X,0x0000000080002904] -> 0x0513
mem[X,0x0000000080002906] -> 0x5555
[2627] [M]: 0x0000000080002904 (0x55550513) addi x10, x10, 0x555                    inst_378+12
x10 <- 0xFFFFFD5555555555

clint mtime 0x0000000000000522 (mip.MTI <- 0b1, mip.STI <- 0b0)
mem[X,0x0000000080002908] -> 0x1513
mem[X,0x000000008000290A] -> 0x00B5
[2628] [M]: 0x0000000080002908 (0x00B51513) slli x10, x10, 0xb                      inst_378+16
x10 <- 0xFFEAAAAAAAAAA800

mem[X,0x000000008000290C] -> 0x0513
mem[X,0x000000008000290E] -> 0x2AA5
[2629] [M]: 0x000000008000290C (0x2AA50513) addi x10, x10, 0x2aa                    inst_378+20
x10 <- 0xFFEAAAAAAAAAAAAA

clint mtime 0x0000000000000523 (mip.MTI <- 0b1, mip.STI <- 0b0)
mem[X,0x0000000080002910] -> 0x1513
mem[X,0x0000000080002912] -> 0x00A5
[2630] [M]: 0x0000000080002910 (0x00A51513) slli x10, x10, 0xa                      inst_378+24
x10 <- 0xAAAAAAAAAAAAA800

mem[X,0x0000000080002914] -> 0x0513
mem[X,0x0000000080002916] -> 0x2AB5
[2631] [M]: 0x0000000080002914 (0x2AB50513) addi x10, x10, 0x2ab                    inst_378+28
x10 <- 0xAAAAAAAAAAAAAAAB

clint mtime 0x0000000000000524 (mip.MTI <- 0b1, mip.STI <- 0b0)
mem[X,0x0000000080002918] -> 0x2593
mem[X,0x000000008000291A] -> 0x5545
[2632] [M]: 0x0000000080002918 (0x55452593) slti x11, x10, 0x554                    inst_378+32
x11 <- 0x0000000000000001

mem[X,0x000000008000291C] -> 0x3023
mem[X,0x000000008000291E] -> 0x32B1
[2633] [M]: 0x000000008000291C (0x32B13023) sd x11, 0x320(x2)                       inst_378+36
mem[W,0x0000000080007CE8] <- 0x0000000000000001

clint mtime 0x0000000000000525 (mip.MTI <- 0b1, mip.STI <- 0b0)
mem[X,0x0000000080002920] -> 0xB537
mem[X,0x0000000080002922] -> 0xAAAA
[2634] [M]: 0x0000000080002920 (0xAAAAB537) lui x10, -0x55555                       inst_379+0
x10 <- 0xFFFFFFFFAAAAB000

mem[X,0x0000000080002924] -> 0x0513
mem[X,0x0000000080002926] -> 0xAAA5
[2635] [M]: 0x0000000080002924 (0xAAA50513) addi x10, x10, -0x556                   inst_379+4
x10 <- 0xFFFFFFFFAAAAAAAA

clint mtime 0x0000000000000526 (mip.MTI <- 0b1, mip.STI <- 0b0)
mem[X,0x0000000080002928] -> 0x1513
mem[X,0x000000008000292A] -> 0x00B5
[2636] [M]: 0x0000000080002928 (0x00B51513) slli x10, x10, 0xb                      inst_379+8
x10 <- 0xFFFFFD5555555000

mem[X,0x000000008000292C] -> 0x0513
mem[X,0x000000008000292E] -> 0x5555
[2637] [M]: 0x000000008000292C (0x55550513) addi x10, x10, 0x555                    inst_379+12
x10 <- 0xFFFFFD5555555555

clint mtime 0x0000000000000527 (mip.MTI <- 0b1, mip.STI <- 0b0)
mem[X,0x0000000080002930] -> 0x1513
mem[X,0x0000000080002932] -> 0x00B5
[2638] [M]: 0x0000000080002930 (0x00B51513) slli x10, x10, 0xb                      inst_379+16
x10 <- 0xFFEAAAAAAAAAA800

mem[X,0x0000000080002934] -> 0x0513
mem[X,0x0000000080002936] -> 0x2AA5
[2639] [M]: 0x0000000080002934 (0x2AA50513) addi x10, x10, 0x2aa                    inst_379+20
x10 <- 0xFFEAAAAAAAAAAAAA

clint mtime 0x0000000000000528 (mip.MTI <- 0b1, mip.STI <- 0b0)
mem[X,0x0000000080002938] -> 0x1513
mem[X,0x000000008000293A] -> 0x00A5
[2640] [M]: 0x0000000080002938 (0x00A51513) slli x10, x10, 0xa                      inst_379+24
x10 <- 0xAAAAAAAAAAAAA800

mem[X,0x000000008000293C] -> 0x0513
mem[X,0x000000008000293E] -> 0x2AB5
[2641] [M]: 0x000000008000293C (0x2AB50513) addi x10, x10, 0x2ab                    inst_379+28
x10 <- 0xAAAAAAAAAAAAAAAB

clint mtime 0x0000000000000529 (mip.MTI <- 0b1, mip.STI <- 0b0)
mem[X,0x0000000080002940] -> 0x2593
mem[X,0x0000000080002942] -> 0x0005
[2642] [M]: 0x0000000080002940 (0x00052593) slti x11, x10, 0x0                      inst_379+32
x11 <- 0x0000000000000001

mem[X,0x0000000080002944] -> 0x3423
mem[X,0x0000000080002946] -> 0x32B1
[2643] [M]: 0x0000000080002944 (0x32B13423) sd x11, 0x328(x2)                       inst_379+36
mem[W,0x0000000080007CF0] <- 0x0000000000000001

clint mtime 0x000000000000052A (mip.MTI <- 0b1, mip.STI <- 0b0)
mem[X,0x0000000080002948] -> 0xB537
mem[X,0x000000008000294A] -> 0xAAAA
[2644] [M]: 0x0000000080002948 (0xAAAAB537) lui x10, -0x55555                       inst_380+0
x10 <- 0xFFFFFFFFAAAAB000

mem[X,0x000000008000294C] -> 0x0513
mem[X,0x000000008000294E] -> 0xAAA5
[2645] [M]: 0x000000008000294C (0xAAA50513) addi x10, x10, -0x556                   inst_380+4
x10 <- 0xFFFFFFFFAAAAAAAA

clint mtime 0x000000000000052B (mip.MTI <- 0b1, mip.STI <- 0b0)
mem[X,0x0000000080002950] -> 0x1513
mem[X,0x0000000080002952] -> 0x00B5
[2646] [M]: 0x0000000080002950 (0x00B51513) slli x10, x10, 0xb                      inst_380+8
x10 <- 0xFFFFFD5555555000

mem[X,0x0000000080002954] -> 0x0513
mem[X,0x0000000080002956] -> 0x5555
[2647] [M]: 0x0000000080002954 (0x55550513) addi x10, x10, 0x555                    inst_380+12
x10 <- 0xFFFFFD5555555555

clint mtime 0x000000000000052C (mip.MTI <- 0b1, mip.STI <- 0b0)
mem[X,0x0000000080002958] -> 0x1513
mem[X,0x000000008000295A] -> 0x00B5
[2648] [M]: 0x0000000080002958 (0x00B51513) slli x10, x10, 0xb                      inst_380+16
x10 <- 0xFFEAAAAAAAAAA800

mem[X,0x000000008000295C] -> 0x0513
mem[X,0x000000008000295E] -> 0x2AA5
[2649] [M]: 0x000000008000295C (0x2AA50513) addi x10, x10, 0x2aa                    inst_380+20
x10 <- 0xFFEAAAAAAAAAAAAA

clint mtime 0x000000000000052D (mip.MTI <- 0b1, mip.STI <- 0b0)
mem[X,0x0000000080002960] -> 0x1513
mem[X,0x0000000080002962] -> 0x00A5
[2650] [M]: 0x0000000080002960 (0x00A51513) slli x10, x10, 0xa                      inst_380+24
x10 <- 0xAAAAAAAAAAAAA800

mem[X,0x0000000080002964] -> 0x0513
mem[X,0x0000000080002966] -> 0x2AB5
[2651] [M]: 0x0000000080002964 (0x2AB50513) addi x10, x10, 0x2ab                    inst_380+28
x10 <- 0xAAAAAAAAAAAAAAAB

clint mtime 0x000000000000052E (mip.MTI <- 0b1, mip.STI <- 0b0)
mem[X,0x0000000080002968] -> 0x2593
mem[X,0x000000008000296A] -> 0x0045
[2652] [M]: 0x0000000080002968 (0x00452593) slti x11, x10, 0x4                      inst_380+32
x11 <- 0x0000000000000001

mem[X,0x000000008000296C] -> 0x3823
mem[X,0x000000008000296E] -> 0x32B1
[2653] [M]: 0x000000008000296C (0x32B13823) sd x11, 0x330(x2)                       inst_380+36
mem[W,0x0000000080007CF8] <- 0x0000000000000001

clint mtime 0x000000000000052F (mip.MTI <- 0b1, mip.STI <- 0b0)
mem[X,0x0000000080002970] -> 0xB537
mem[X,0x0000000080002972] -> 0xAAAA
[2654] [M]: 0x0000000080002970 (0xAAAAB537) lui x10, -0x55555                       inst_381+0
x10 <- 0xFFFFFFFFAAAAB000

mem[X,0x0000000080002974] -> 0x0513
mem[X,0x0000000080002976] -> 0xAAA5
[2655] [M]: 0x0000000080002974 (0xAAA50513) addi x10, x10, -0x556                   inst_381+4
x10 <- 0xFFFFFFFFAAAAAAAA

clint mtime 0x0000000000000530 (mip.MTI <- 0b1, mip.STI <- 0b0)
mem[X,0x0000000080002978] -> 0x1513
mem[X,0x000000008000297A] -> 0x00B5
[2656] [M]: 0x0000000080002978 (0x00B51513) slli x10, x10, 0xb                      inst_381+8
x10 <- 0xFFFFFD5555555000

mem[X,0x000000008000297C] -> 0x0513
mem[X,0x000000008000297E] -> 0x5555
[2657] [M]: 0x000000008000297C (0x55550513) addi x10, x10, 0x555                    inst_381+12
x10 <- 0xFFFFFD5555555555

clint mtime 0x0000000000000531 (mip.MTI <- 0b1, mip.STI <- 0b0)
mem[X,0x0000000080002980] -> 0x1513
mem[X,0x0000000080002982] -> 0x00B5
[2658] [M]: 0x0000000080002980 (0x00B51513) slli x10, x10, 0xb                      inst_381+16
x10 <- 0xFFEAAAAAAAAAA800

mem[X,0x0000000080002984] -> 0x0513
mem[X,0x0000000080002986] -> 0x2AA5
[2659] [M]: 0x0000000080002984 (0x2AA50513) addi x10, x10, 0x2aa                    inst_381+20
x10 <- 0xFFEAAAAAAAAAAAAA

clint mtime 0x0000000000000532 (mip.MTI <- 0b1, mip.STI <- 0b0)
mem[X,0x0000000080002988] -> 0x1513
mem[X,0x000000008000298A] -> 0x00A5
[2660] [M]: 0x0000000080002988 (0x00A51513) slli x10, x10, 0xa                      inst_381+24
x10 <- 0xAAAAAAAAAAAAA800

mem[X,0x000000008000298C] -> 0x0513
mem[X,0x000000008000298E] -> 0x2AB5
[2661] [M]: 0x000000008000298C (0x2AB50513) addi x10, x10, 0x2ab                    inst_381+28
x10 <- 0xAAAAAAAAAAAAAAAB

clint mtime 0x0000000000000533 (mip.MTI <- 0b1, mip.STI <- 0b0)
mem[X,0x0000000080002990] -> 0x2593
mem[X,0x0000000080002992] -> 0x3325
[2662] [M]: 0x0000000080002990 (0x33252593) slti x11, x10, 0x332                    inst_381+32
x11 <- 0x0000000000000001

mem[X,0x0000000080002994] -> 0x3C23
mem[X,0x0000000080002996] -> 0x32B1
[2663] [M]: 0x0000000080002994 (0x32B13C23) sd x11, 0x338(x2)                       inst_381+36
mem[W,0x0000000080007D00] <- 0x0000000000000001

clint mtime 0x0000000000000534 (mip.MTI <- 0b1, mip.STI <- 0b0)
mem[X,0x0000000080002998] -> 0xB537
mem[X,0x000000008000299A] -> 0xAAAA
[2664] [M]: 0x0000000080002998 (0xAAAAB537) lui x10, -0x55555                       inst_382+0
x10 <- 0xFFFFFFFFAAAAB000

mem[X,0x000000008000299C] -> 0x0513
mem[X,0x000000008000299E] -> 0xAAA5
[2665] [M]: 0x000000008000299C (0xAAA50513) addi x10, x10, -0x556                   inst_382+4
x10 <- 0xFFFFFFFFAAAAAAAA

clint mtime 0x0000000000000535 (mip.MTI <- 0b1, mip.STI <- 0b0)
mem[X,0x00000000800029A0] -> 0x1513
mem[X,0x00000000800029A2] -> 0x00B5
[2666] [M]: 0x00000000800029A0 (0x00B51513) slli x10, x10, 0xb                      inst_382+8
x10 <- 0xFFFFFD5555555000

mem[X,0x00000000800029A4] -> 0x0513
mem[X,0x00000000800029A6] -> 0x5555
[2667] [M]: 0x00000000800029A4 (0x55550513) addi x10, x10, 0x555                    inst_382+12
x10 <- 0xFFFFFD5555555555

clint mtime 0x0000000000000536 (mip.MTI <- 0b1, mip.STI <- 0b0)
mem[X,0x00000000800029A8] -> 0x1513
mem[X,0x00000000800029AA] -> 0x00B5
[2668] [M]: 0x00000000800029A8 (0x00B51513) slli x10, x10, 0xb                      inst_382+16
x10 <- 0xFFEAAAAAAAAAA800

mem[X,0x00000000800029AC] -> 0x0513
mem[X,0x00000000800029AE] -> 0x2AA5
[2669] [M]: 0x00000000800029AC (0x2AA50513) addi x10, x10, 0x2aa                    inst_382+20
x10 <- 0xFFEAAAAAAAAAAAAA

clint mtime 0x0000000000000537 (mip.MTI <- 0b1, mip.STI <- 0b0)
mem[X,0x00000000800029B0] -> 0x1513
mem[X,0x00000000800029B2] -> 0x00A5
[2670] [M]: 0x00000000800029B0 (0x00A51513) slli x10, x10, 0xa                      inst_382+24
x10 <- 0xAAAAAAAAAAAAA800

mem[X,0x00000000800029B4] -> 0x0513
mem[X,0x00000000800029B6] -> 0x2AB5
[2671] [M]: 0x00000000800029B4 (0x2AB50513) addi x10, x10, 0x2ab                    inst_382+28
x10 <- 0xAAAAAAAAAAAAAAAB

clint mtime 0x0000000000000538 (mip.MTI <- 0b1, mip.STI <- 0b0)
mem[X,0x00000000800029B8] -> 0x2593
mem[X,0x00000000800029BA] -> 0x6655
[2672] [M]: 0x00000000800029B8 (0x66552593) slti x11, x10, 0x665                    inst_382+32
x11 <- 0x0000000000000001

mem[X,0x00000000800029BC] -> 0x3023
mem[X,0x00000000800029BE] -> 0x34B1
[2673] [M]: 0x00000000800029BC (0x34B13023) sd x11, 0x340(x2)                       inst_382+36
mem[W,0x0000000080007D08] <- 0x0000000000000001

clint mtime 0x0000000000000539 (mip.MTI <- 0b1, mip.STI <- 0b0)
mem[X,0x00000000800029C0] -> 0xB537
mem[X,0x00000000800029C2] -> 0xAAAA
[2674] [M]: 0x00000000800029C0 (0xAAAAB537) lui x10, -0x55555                       inst_383+0
x10 <- 0xFFFFFFFFAAAAB000

mem[X,0x00000000800029C4] -> 0x0513
mem[X,0x00000000800029C6] -> 0xAAA5
[2675] [M]: 0x00000000800029C4 (0xAAA50513) addi x10, x10, -0x556                   inst_383+4
x10 <- 0xFFFFFFFFAAAAAAAA

clint mtime 0x000000000000053A (mip.MTI <- 0b1, mip.STI <- 0b0)
mem[X,0x00000000800029C8] -> 0x1513
mem[X,0x00000000800029CA] -> 0x00B5
[2676] [M]: 0x00000000800029C8 (0x00B51513) slli x10, x10, 0xb                      inst_383+8
x10 <- 0xFFFFFD5555555000

mem[X,0x00000000800029CC] -> 0x0513
mem[X,0x00000000800029CE] -> 0x5555
[2677] [M]: 0x00000000800029CC (0x55550513) addi x10, x10, 0x555                    inst_383+12
x10 <- 0xFFFFFD5555555555

clint mtime 0x000000000000053B (mip.MTI <- 0b1, mip.STI <- 0b0)
mem[X,0x00000000800029D0] -> 0x1513
mem[X,0x00000000800029D2] -> 0x00B5
[2678] [M]: 0x00000000800029D0 (0x00B51513) slli x10, x10, 0xb                      inst_383+16
x10 <- 0xFFEAAAAAAAAAA800

mem[X,0x00000000800029D4] -> 0x0513
mem[X,0x00000000800029D6] -> 0x2AA5
[2679] [M]: 0x00000000800029D4 (0x2AA50513) addi x10, x10, 0x2aa                    inst_383+20
x10 <- 0xFFEAAAAAAAAAAAAA

clint mtime 0x000000000000053C (mip.MTI <- 0b1, mip.STI <- 0b0)
mem[X,0x00000000800029D8] -> 0x1513
mem[X,0x00000000800029DA] -> 0x00A5
[2680] [M]: 0x00000000800029D8 (0x00A51513) slli x10, x10, 0xa                      inst_383+24
x10 <- 0xAAAAAAAAAAAAA800

mem[X,0x00000000800029DC] -> 0x0513
mem[X,0x00000000800029DE] -> 0x2AB5
[2681] [M]: 0x00000000800029DC (0x2AB50513) addi x10, x10, 0x2ab                    inst_383+28
x10 <- 0xAAAAAAAAAAAAAAAB

clint mtime 0x000000000000053D (mip.MTI <- 0b1, mip.STI <- 0b0)
mem[X,0x00000000800029E0] -> 0x2593
mem[X,0x00000000800029E2] -> 0x02C5
[2682] [M]: 0x00000000800029E0 (0x02C52593) slti x11, x10, 0x2c                     inst_383+32
x11 <- 0x0000000000000001

mem[X,0x00000000800029E4] -> 0x3423
mem[X,0x00000000800029E6] -> 0x34B1
[2683] [M]: 0x00000000800029E4 (0x34B13423) sd x11, 0x348(x2)                       inst_383+36
mem[W,0x0000000080007D10] <- 0x0000000000000001

clint mtime 0x000000000000053E (mip.MTI <- 0b1, mip.STI <- 0b0)
mem[X,0x00000000800029E8] -> 0xB537
mem[X,0x00000000800029EA] -> 0xAAAA
[2684] [M]: 0x00000000800029E8 (0xAAAAB537) lui x10, -0x55555                       inst_384+0
x10 <- 0xFFFFFFFFAAAAB000

mem[X,0x00000000800029EC] -> 0x0513
mem[X,0x00000000800029EE] -> 0xAAA5
[2685] [M]: 0x00000000800029EC (0xAAA50513) addi x10, x10, -0x556                   inst_384+4
x10 <- 0xFFFFFFFFAAAAAAAA

clint mtime 0x000000000000053F (mip.MTI <- 0b1, mip.STI <- 0b0)
mem[X,0x00000000800029F0] -> 0x1513
mem[X,0x00000000800029F2] -> 0x00B5
[2686] [M]: 0x00000000800029F0 (0x00B51513) slli x10, x10, 0xb                      inst_384+8
x10 <- 0xFFFFFD5555555000

mem[X,0x00000000800029F4] -> 0x0513
mem[X,0x00000000800029F6] -> 0x5555
[2687] [M]: 0x00000000800029F4 (0x55550513) addi x10, x10, 0x555                    inst_384+12
x10 <- 0xFFFFFD5555555555

clint mtime 0x0000000000000540 (mip.MTI <- 0b1, mip.STI <- 0b0)
mem[X,0x00000000800029F8] -> 0x1513
mem[X,0x00000000800029FA] -> 0x00B5
[2688] [M]: 0x00000000800029F8 (0x00B51513) slli x10, x10, 0xb                      inst_384+16
x10 <- 0xFFEAAAAAAAAAA800

mem[X,0x00000000800029FC] -> 0x0513
mem[X,0x00000000800029FE] -> 0x2AA5
[2689] [M]: 0x00000000800029FC (0x2AA50513) addi x10, x10, 0x2aa                    inst_384+20
x10 <- 0xFFEAAAAAAAAAAAAA

clint mtime 0x0000000000000541 (mip.MTI <- 0b1, mip.STI <- 0b0)
mem[X,0x0000000080002A00] -> 0x1513
mem[X,0x0000000080002A02] -> 0x00A5
[2690] [M]: 0x0000000080002A00 (0x00A51513) slli x10, x10, 0xa                      inst_384+24
x10 <- 0xAAAAAAAAAAAAA800

mem[X,0x0000000080002A04] -> 0x0513
mem[X,0x0000000080002A06] -> 0x2AB5
[2691] [M]: 0x0000000080002A04 (0x2AB50513) addi x10, x10, 0x2ab                    inst_384+28
x10 <- 0xAAAAAAAAAAAAAAAB

clint mtime 0x0000000000000542 (mip.MTI <- 0b1, mip.STI <- 0b0)
mem[X,0x0000000080002A08] -> 0x2593
mem[X,0x0000000080002A0A] -> 0x5565
[2692] [M]: 0x0000000080002A08 (0x55652593) slti x11, x10, 0x556                    inst_384+32
x11 <- 0x0000000000000001

mem[X,0x0000000080002A0C] -> 0x3823
mem[X,0x0000000080002A0E] -> 0x34B1
[2693] [M]: 0x0000000080002A0C (0x34B13823) sd x11, 0x350(x2)                       inst_384+36
mem[W,0x0000000080007D18] <- 0x0000000000000001

clint mtime 0x0000000000000543 (mip.MTI <- 0b1, mip.STI <- 0b0)
mem[X,0x0000000080002A10] -> 0xB537
mem[X,0x0000000080002A12] -> 0xAAAA
[2694] [M]: 0x0000000080002A10 (0xAAAAB537) lui x10, -0x55555                       inst_385+0
x10 <- 0xFFFFFFFFAAAAB000

mem[X,0x0000000080002A14] -> 0x0513
mem[X,0x0000000080002A16] -> 0xAAA5
[2695] [M]: 0x0000000080002A14 (0xAAA50513) addi x10, x10, -0x556                   inst_385+4
x10 <- 0xFFFFFFFFAAAAAAAA

clint mtime 0x0000000000000544 (mip.MTI <- 0b1, mip.STI <- 0b0)
mem[X,0x0000000080002A18] -> 0x1513
mem[X,0x0000000080002A1A] -> 0x00B5
[2696] [M]: 0x0000000080002A18 (0x00B51513) slli x10, x10, 0xb                      inst_385+8
x10 <- 0xFFFFFD5555555000

mem[X,0x0000000080002A1C] -> 0x0513
mem[X,0x0000000080002A1E] -> 0x5555
[2697] [M]: 0x0000000080002A1C (0x55550513) addi x10, x10, 0x555                    inst_385+12
x10 <- 0xFFFFFD5555555555

clint mtime 0x0000000000000545 (mip.MTI <- 0b1, mip.STI <- 0b0)
mem[X,0x0000000080002A20] -> 0x1513
mem[X,0x0000000080002A22] -> 0x00B5
[2698] [M]: 0x0000000080002A20 (0x00B51513) slli x10, x10, 0xb                      inst_385+16
x10 <- 0xFFEAAAAAAAAAA800

mem[X,0x0000000080002A24] -> 0x0513
mem[X,0x0000000080002A26] -> 0x2AA5
[2699] [M]: 0x0000000080002A24 (0x2AA50513) addi x10, x10, 0x2aa                    inst_385+20
x10 <- 0xFFEAAAAAAAAAAAAA

clint mtime 0x0000000000000546 (mip.MTI <- 0b1, mip.STI <- 0b0)
mem[X,0x0000000080002A28] -> 0x1513
mem[X,0x0000000080002A2A] -> 0x00A5
[2700] [M]: 0x0000000080002A28 (0x00A51513) slli x10, x10, 0xa                      inst_385+24
x10 <- 0xAAAAAAAAAAAAA800

mem[X,0x0000000080002A2C] -> 0x0513
mem[X,0x0000000080002A2E] -> 0x2AB5
[2701] [M]: 0x0000000080002A2C (0x2AB50513) addi x10, x10, 0x2ab                    inst_385+28
x10 <- 0xAAAAAAAAAAAAAAAB

clint mtime 0x0000000000000547 (mip.MTI <- 0b1, mip.STI <- 0b0)
mem[X,0x0000000080002A30] -> 0x2593
mem[X,0x0000000080002A32] -> 0xAAB5
[2702] [M]: 0x0000000080002A30 (0xAAB52593) slti x11, x10, -0x555                   inst_385+32
x11 <- 0x0000000000000001

mem[X,0x0000000080002A34] -> 0x3C23
mem[X,0x0000000080002A36] -> 0x34B1
[2703] [M]: 0x0000000080002A34 (0x34B13C23) sd x11, 0x358(x2)                       inst_385+36
mem[W,0x0000000080007D20] <- 0x0000000000000001

clint mtime 0x0000000000000548 (mip.MTI <- 0b1, mip.STI <- 0b0)
mem[X,0x0000000080002A38] -> 0xB537
mem[X,0x0000000080002A3A] -> 0xAAAA
[2704] [M]: 0x0000000080002A38 (0xAAAAB537) lui x10, -0x55555                       inst_386+0
x10 <- 0xFFFFFFFFAAAAB000

mem[X,0x0000000080002A3C] -> 0x0513
mem[X,0x0000000080002A3E] -> 0xAAA5
[2705] [M]: 0x0000000080002A3C (0xAAA50513) addi x10, x10, -0x556                   inst_386+4
x10 <- 0xFFFFFFFFAAAAAAAA

clint mtime 0x0000000000000549 (mip.MTI <- 0b1, mip.STI <- 0b0)
mem[X,0x0000000080002A40] -> 0x1513
mem[X,0x0000000080002A42] -> 0x00B5
[2706] [M]: 0x0000000080002A40 (0x00B51513) slli x10, x10, 0xb                      inst_386+8
x10 <- 0xFFFFFD5555555000

mem[X,0x0000000080002A44] -> 0x0513
mem[X,0x0000000080002A46] -> 0x5555
[2707] [M]: 0x0000000080002A44 (0x55550513) addi x10, x10, 0x555                    inst_386+12
x10 <- 0xFFFFFD5555555555

clint mtime 0x000000000000054A (mip.MTI <- 0b1, mip.STI <- 0b0)
mem[X,0x0000000080002A48] -> 0x1513
mem[X,0x0000000080002A4A] -> 0x00B5
[2708] [M]: 0x0000000080002A48 (0x00B51513) slli x10, x10, 0xb                      inst_386+16
x10 <- 0xFFEAAAAAAAAAA800

mem[X,0x0000000080002A4C] -> 0x0513
mem[X,0x0000000080002A4E] -> 0x2AA5
[2709] [M]: 0x0000000080002A4C (0x2AA50513) addi x10, x10, 0x2aa                    inst_386+20
x10 <- 0xFFEAAAAAAAAAAAAA

clint mtime 0x000000000000054B (mip.MTI <- 0b1, mip.STI <- 0b0)
mem[X,0x0000000080002A50] -> 0x1513
mem[X,0x0000000080002A52] -> 0x00A5
[2710] [M]: 0x0000000080002A50 (0x00A51513) slli x10, x10, 0xa                      inst_386+24
x10 <- 0xAAAAAAAAAAAAA800

mem[X,0x0000000080002A54] -> 0x0513
mem[X,0x0000000080002A56] -> 0x2AB5
[2711] [M]: 0x0000000080002A54 (0x2AB50513) addi x10, x10, 0x2ab                    inst_386+28
x10 <- 0xAAAAAAAAAAAAAAAB

clint mtime 0x000000000000054C (mip.MTI <- 0b1, mip.STI <- 0b0)
mem[X,0x0000000080002A58] -> 0x2593
mem[X,0x0000000080002A5A] -> 0x0065
[2712] [M]: 0x0000000080002A58 (0x00652593) slti x11, x10, 0x6                      inst_386+32
x11 <- 0x0000000000000001

mem[X,0x0000000080002A5C] -> 0x3023
mem[X,0x0000000080002A5E] -> 0x36B1
[2713] [M]: 0x0000000080002A5C (0x36B13023) sd x11, 0x360(x2)                       inst_386+36
mem[W,0x0000000080007D28] <- 0x0000000000000001

clint mtime 0x000000000000054D (mip.MTI <- 0b1, mip.STI <- 0b0)
mem[X,0x0000000080002A60] -> 0xB537
mem[X,0x0000000080002A62] -> 0xAAAA
[2714] [M]: 0x0000000080002A60 (0xAAAAB537) lui x10, -0x55555                       inst_387+0
x10 <- 0xFFFFFFFFAAAAB000

mem[X,0x0000000080002A64] -> 0x0513
mem[X,0x0000000080002A66] -> 0xAAA5
[2715] [M]: 0x0000000080002A64 (0xAAA50513) addi x10, x10, -0x556                   inst_387+4
x10 <- 0xFFFFFFFFAAAAAAAA

clint mtime 0x000000000000054E (mip.MTI <- 0b1, mip.STI <- 0b0)
mem[X,0x0000000080002A68] -> 0x1513
mem[X,0x0000000080002A6A] -> 0x00B5
[2716] [M]: 0x0000000080002A68 (0x00B51513) slli x10, x10, 0xb                      inst_387+8
x10 <- 0xFFFFFD5555555000

mem[X,0x0000000080002A6C] -> 0x0513
mem[X,0x0000000080002A6E] -> 0x5555
[2717] [M]: 0x0000000080002A6C (0x55550513) addi x10, x10, 0x555                    inst_387+12
x10 <- 0xFFFFFD5555555555

clint mtime 0x000000000000054F (mip.MTI <- 0b1, mip.STI <- 0b0)
mem[X,0x0000000080002A70] -> 0x1513
mem[X,0x0000000080002A72] -> 0x00B5
[2718] [M]: 0x0000000080002A70 (0x00B51513) slli x10, x10, 0xb                      inst_387+16
x10 <- 0xFFEAAAAAAAAAA800

mem[X,0x0000000080002A74] -> 0x0513
mem[X,0x0000000080002A76] -> 0x2AA5
[2719] [M]: 0x0000000080002A74 (0x2AA50513) addi x10, x10, 0x2aa                    inst_387+20
x10 <- 0xFFEAAAAAAAAAAAAA

clint mtime 0x0000000000000550 (mip.MTI <- 0b1, mip.STI <- 0b0)
mem[X,0x0000000080002A78] -> 0x1513
mem[X,0x0000000080002A7A] -> 0x00A5
[2720] [M]: 0x0000000080002A78 (0x00A51513) slli x10, x10, 0xa                      inst_387+24
x10 <- 0xAAAAAAAAAAAAA800

mem[X,0x0000000080002A7C] -> 0x0513
mem[X,0x0000000080002A7E] -> 0x2AB5
[2721] [M]: 0x0000000080002A7C (0x2AB50513) addi x10, x10, 0x2ab                    inst_387+28
x10 <- 0xAAAAAAAAAAAAAAAB

clint mtime 0x0000000000000551 (mip.MTI <- 0b1, mip.STI <- 0b0)
mem[X,0x0000000080002A80] -> 0x2593
mem[X,0x0000000080002A82] -> 0x3345
[2722] [M]: 0x0000000080002A80 (0x33452593) slti x11, x10, 0x334                    inst_387+32
x11 <- 0x0000000000000001

mem[X,0x0000000080002A84] -> 0x3423
mem[X,0x0000000080002A86] -> 0x36B1
[2723] [M]: 0x0000000080002A84 (0x36B13423) sd x11, 0x368(x2)                       inst_387+36
mem[W,0x0000000080007D30] <- 0x0000000000000001

clint mtime 0x0000000000000552 (mip.MTI <- 0b1, mip.STI <- 0b0)
mem[X,0x0000000080002A88] -> 0xB537
mem[X,0x0000000080002A8A] -> 0xAAAA
[2724] [M]: 0x0000000080002A88 (0xAAAAB537) lui x10, -0x55555                       inst_388+0
x10 <- 0xFFFFFFFFAAAAB000

mem[X,0x0000000080002A8C] -> 0x0513
mem[X,0x0000000080002A8E] -> 0xAAA5
[2725] [M]: 0x0000000080002A8C (0xAAA50513) addi x10, x10, -0x556                   inst_388+4
x10 <- 0xFFFFFFFFAAAAAAAA

clint mtime 0x0000000000000553 (mip.MTI <- 0b1, mip.STI <- 0b0)
mem[X,0x0000000080002A90] -> 0x1513
mem[X,0x0000000080002A92] -> 0x00B5
[2726] [M]: 0x0000000080002A90 (0x00B51513) slli x10, x10, 0xb                      inst_388+8
x10 <- 0xFFFFFD5555555000

mem[X,0x0000000080002A94] -> 0x0513
mem[X,0x0000000080002A96] -> 0x5555
[2727] [M]: 0x0000000080002A94 (0x55550513) addi x10, x10, 0x555                    inst_388+12
x10 <- 0xFFFFFD5555555555

clint mtime 0x0000000000000554 (mip.MTI <- 0b1, mip.STI <- 0b0)
mem[X,0x0000000080002A98] -> 0x1513
mem[X,0x0000000080002A9A] -> 0x00B5
[2728] [M]: 0x0000000080002A98 (0x00B51513) slli x10, x10, 0xb                      inst_388+16
x10 <- 0xFFEAAAAAAAAAA800

mem[X,0x0000000080002A9C] -> 0x0513
mem[X,0x0000000080002A9E] -> 0x2AA5
[2729] [M]: 0x0000000080002A9C (0x2AA50513) addi x10, x10, 0x2aa                    inst_388+20
x10 <- 0xFFEAAAAAAAAAAAAA

clint mtime 0x0000000000000555 (mip.MTI <- 0b1, mip.STI <- 0b0)
mem[X,0x0000000080002AA0] -> 0x1513
mem[X,0x0000000080002AA2] -> 0x00A5
[2730] [M]: 0x0000000080002AA0 (0x00A51513) slli x10, x10, 0xa                      inst_388+24
x10 <- 0xAAAAAAAAAAAAA800

mem[X,0x0000000080002AA4] -> 0x0513
mem[X,0x0000000080002AA6] -> 0x2AB5
[2731] [M]: 0x0000000080002AA4 (0x2AB50513) addi x10, x10, 0x2ab                    inst_388+28
x10 <- 0xAAAAAAAAAAAAAAAB

clint mtime 0x0000000000000556 (mip.MTI <- 0b1, mip.STI <- 0b0)
mem[X,0x0000000080002AA8] -> 0x2593
mem[X,0x0000000080002AAA] -> 0x6675
[2732] [M]: 0x0000000080002AA8 (0x66752593) slti x11, x10, 0x667                    inst_388+32
x11 <- 0x0000000000000001

mem[X,0x0000000080002AAC] -> 0x3823
mem[X,0x0000000080002AAE] -> 0x36B1
[2733] [M]: 0x0000000080002AAC (0x36B13823) sd x11, 0x370(x2)                       inst_388+36
mem[W,0x0000000080007D38] <- 0x0000000000000001

clint mtime 0x0000000000000557 (mip.MTI <- 0b1, mip.STI <- 0b0)
mem[X,0x0000000080002AB0] -> 0xB537
mem[X,0x0000000080002AB2] -> 0xAAAA
[2734] [M]: 0x0000000080002AB0 (0xAAAAB537) lui x10, -0x55555                       inst_389+0
x10 <- 0xFFFFFFFFAAAAB000

mem[X,0x0000000080002AB4] -> 0x0513
mem[X,0x0000000080002AB6] -> 0xAAA5
[2735] [M]: 0x0000000080002AB4 (0xAAA50513) addi x10, x10, -0x556                   inst_389+4
x10 <- 0xFFFFFFFFAAAAAAAA

clint mtime 0x0000000000000558 (mip.MTI <- 0b1, mip.STI <- 0b0)
mem[X,0x0000000080002AB8] -> 0x1513
mem[X,0x0000000080002ABA] -> 0x00B5
[2736] [M]: 0x0000000080002AB8 (0x00B51513) slli x10, x10, 0xb                      inst_389+8
x10 <- 0xFFFFFD5555555000

mem[X,0x0000000080002ABC] -> 0x0513
mem[X,0x0000000080002ABE] -> 0x5555
[2737] [M]: 0x0000000080002ABC (0x55550513) addi x10, x10, 0x555                    inst_389+12
x10 <- 0xFFFFFD5555555555

clint mtime 0x0000000000000559 (mip.MTI <- 0b1, mip.STI <- 0b0)
mem[X,0x0000000080002AC0] -> 0x1513
mem[X,0x0000000080002AC2] -> 0x00B5
[2738] [M]: 0x0000000080002AC0 (0x00B51513) slli x10, x10, 0xb                      inst_389+16
x10 <- 0xFFEAAAAAAAAAA800

mem[X,0x0000000080002AC4] -> 0x0513
mem[X,0x0000000080002AC6] -> 0x2AA5
[2739] [M]: 0x0000000080002AC4 (0x2AA50513) addi x10, x10, 0x2aa                    inst_389+20
x10 <- 0xFFEAAAAAAAAAAAAA

clint mtime 0x000000000000055A (mip.MTI <- 0b1, mip.STI <- 0b0)
mem[X,0x0000000080002AC8] -> 0x1513
mem[X,0x0000000080002ACA] -> 0x00A5
[2740] [M]: 0x0000000080002AC8 (0x00A51513) slli x10, x10, 0xa                      inst_389+24
x10 <- 0xAAAAAAAAAAAAA800

mem[X,0x0000000080002ACC] -> 0x0513
mem[X,0x0000000080002ACE] -> 0x2AB5
[2741] [M]: 0x0000000080002ACC (0x2AB50513) addi x10, x10, 0x2ab                    inst_389+28
x10 <- 0xAAAAAAAAAAAAAAAB

clint mtime 0x000000000000055B (mip.MTI <- 0b1, mip.STI <- 0b0)
mem[X,0x0000000080002AD0] -> 0x2593
mem[X,0x0000000080002AD2] -> 0xFD45
[2742] [M]: 0x0000000080002AD0 (0xFD452593) slti x11, x10, -0x2c                    inst_389+32
x11 <- 0x0000000000000001

mem[X,0x0000000080002AD4] -> 0x3C23
mem[X,0x0000000080002AD6] -> 0x36B1
[2743] [M]: 0x0000000080002AD4 (0x36B13C23) sd x11, 0x378(x2)                       inst_389+36
mem[W,0x0000000080007D40] <- 0x0000000000000001

clint mtime 0x000000000000055C (mip.MTI <- 0b1, mip.STI <- 0b0)
mem[X,0x0000000080002AD8] -> 0xB537
mem[X,0x0000000080002ADA] -> 0xAAAA
[2744] [M]: 0x0000000080002AD8 (0xAAAAB537) lui x10, -0x55555                       inst_390+0
x10 <- 0xFFFFFFFFAAAAB000

mem[X,0x0000000080002ADC] -> 0x0513
mem[X,0x0000000080002ADE] -> 0xAAA5
[2745] [M]: 0x0000000080002ADC (0xAAA50513) addi x10, x10, -0x556                   inst_390+4
x10 <- 0xFFFFFFFFAAAAAAAA

clint mtime 0x000000000000055D (mip.MTI <- 0b1, mip.STI <- 0b0)
mem[X,0x0000000080002AE0] -> 0x1513
mem[X,0x0000000080002AE2] -> 0x00B5
[2746] [M]: 0x0000000080002AE0 (0x00B51513) slli x10, x10, 0xb                      inst_390+8
x10 <- 0xFFFFFD5555555000

mem[X,0x0000000080002AE4] -> 0x0513
mem[X,0x0000000080002AE6] -> 0x5555
[2747] [M]: 0x0000000080002AE4 (0x55550513) addi x10, x10, 0x555                    inst_390+12
x10 <- 0xFFFFFD5555555555

clint mtime 0x000000000000055E (mip.MTI <- 0b1, mip.STI <- 0b0)
mem[X,0x0000000080002AE8] -> 0x1513
mem[X,0x0000000080002AEA] -> 0x00B5
[2748] [M]: 0x0000000080002AE8 (0x00B51513) slli x10, x10, 0xb                      inst_390+16
x10 <- 0xFFEAAAAAAAAAA800

mem[X,0x0000000080002AEC] -> 0x0513
mem[X,0x0000000080002AEE] -> 0x2AA5
[2749] [M]: 0x0000000080002AEC (0x2AA50513) addi x10, x10, 0x2aa                    inst_390+20
x10 <- 0xFFEAAAAAAAAAAAAA

clint mtime 0x000000000000055F (mip.MTI <- 0b1, mip.STI <- 0b0)
mem[X,0x0000000080002AF0] -> 0x1513
mem[X,0x0000000080002AF2] -> 0x00A5
[2750] [M]: 0x0000000080002AF0 (0x00A51513) slli x10, x10, 0xa                      inst_390+24
x10 <- 0xAAAAAAAAAAAAA800

mem[X,0x0000000080002AF4] -> 0x0513
mem[X,0x0000000080002AF6] -> 0x2AB5
[2751] [M]: 0x0000000080002AF4 (0x2AB50513) addi x10, x10, 0x2ab                    inst_390+28
x10 <- 0xAAAAAAAAAAAAAAAB

clint mtime 0x0000000000000560 (mip.MTI <- 0b1, mip.STI <- 0b0)
mem[X,0x0000000080002AF8] -> 0x2593
mem[X,0x0000000080002AFA] -> 0x02E5
[2752] [M]: 0x0000000080002AF8 (0x02E52593) slti x11, x10, 0x2e                     inst_390+32
x11 <- 0x0000000000000001

mem[X,0x0000000080002AFC] -> 0x3023
mem[X,0x0000000080002AFE] -> 0x38B1
[2753] [M]: 0x0000000080002AFC (0x38B13023) sd x11, 0x380(x2)                       inst_390+36
mem[W,0x0000000080007D48] <- 0x0000000000000001

clint mtime 0x0000000000000561 (mip.MTI <- 0b1, mip.STI <- 0b0)
mem[X,0x0000000080002B00] -> 0x0513
mem[X,0x0000000080002B02] -> 0x0060
[2754] [M]: 0x0000000080002B00 (0x00600513) addi x10, x0, 0x6                       inst_391+0
x10 <- 0x0000000000000006

mem[X,0x0000000080002B04] -> 0x2593
mem[X,0x0000000080002B06] -> 0x0035
[2755] [M]: 0x0000000080002B04 (0x00352593) slti x11, x10, 0x3                      inst_391+4
x11 <- 0x0000000000000000

clint mtime 0x0000000000000562 (mip.MTI <- 0b1, mip.STI <- 0b0)
mem[X,0x0000000080002B08] -> 0x3423
mem[X,0x0000000080002B0A] -> 0x38B1
[2756] [M]: 0x0000000080002B08 (0x38B13423) sd x11, 0x388(x2)                       inst_391+8
mem[W,0x0000000080007D50] <- 0x0000000000000000

mem[X,0x0000000080002B0C] -> 0x0513
mem[X,0x0000000080002B0E] -> 0x0060
[2757] [M]: 0x0000000080002B0C (0x00600513) addi x10, x0, 0x6                       inst_392+0
x10 <- 0x0000000000000006

clint mtime 0x0000000000000563 (mip.MTI <- 0b1, mip.STI <- 0b0)
mem[X,0x0000000080002B10] -> 0x2593
mem[X,0x0000000080002B12] -> 0x5555
[2758] [M]: 0x0000000080002B10 (0x55552593) slti x11, x10, 0x555                    inst_392+4
x11 <- 0x0000000000000001

mem[X,0x0000000080002B14] -> 0x3823
mem[X,0x0000000080002B16] -> 0x38B1
[2759] [M]: 0x0000000080002B14 (0x38B13823) sd x11, 0x390(x2)                       inst_392+8
mem[W,0x0000000080007D58] <- 0x0000000000000001

clint mtime 0x0000000000000564 (mip.MTI <- 0b1, mip.STI <- 0b0)
mem[X,0x0000000080002B18] -> 0x0513
mem[X,0x0000000080002B1A] -> 0x0060
[2760] [M]: 0x0000000080002B18 (0x00600513) addi x10, x0, 0x6                       inst_393+0
x10 <- 0x0000000000000006

mem[X,0x0000000080002B1C] -> 0x2593
mem[X,0x0000000080002B1E] -> 0xAAA5
[2761] [M]: 0x0000000080002B1C (0xAAA52593) slti x11, x10, -0x556                   inst_393+4
x11 <- 0x0000000000000000

clint mtime 0x0000000000000565 (mip.MTI <- 0b1, mip.STI <- 0b0)
mem[X,0x0000000080002B20] -> 0x3C23
mem[X,0x0000000080002B22] -> 0x38B1
[2762] [M]: 0x0000000080002B20 (0x38B13C23) sd x11, 0x398(x2)                       inst_393+8
mem[W,0x0000000080007D60] <- 0x0000000000000000

mem[X,0x0000000080002B24] -> 0x0513
mem[X,0x0000000080002B26] -> 0x0060
[2763] [M]: 0x0000000080002B24 (0x00600513) addi x10, x0, 0x6                       inst_394+0
x10 <- 0x0000000000000006

clint mtime 0x0000000000000566 (mip.MTI <- 0b1, mip.STI <- 0b0)
mem[X,0x0000000080002B28] -> 0x2593
mem[X,0x0000000080002B2A] -> 0x0055
[2764] [M]: 0x0000000080002B28 (0x00552593) slti x11, x10, 0x5                      inst_394+4
x11 <- 0x0000000000000000

mem[X,0x0000000080002B2C] -> 0x3023
mem[X,0x0000000080002B2E] -> 0x3AB1
[2765] [M]: 0x0000000080002B2C (0x3AB13023) sd x11, 0x3a0(x2)                       inst_394+8
mem[W,0x0000000080007D68] <- 0x0000000000000000

clint mtime 0x0000000000000567 (mip.MTI <- 0b1, mip.STI <- 0b0)
mem[X,0x0000000080002B30] -> 0x0513
mem[X,0x0000000080002B32] -> 0x0060
[2766] [M]: 0x0000000080002B30 (0x00600513) addi x10, x0, 0x6                       inst_395+0
x10 <- 0x0000000000000006

mem[X,0x0000000080002B34] -> 0x2593
mem[X,0x0000000080002B36] -> 0x3335
[2767] [M]: 0x0000000080002B34 (0x33352593) slti x11, x10, 0x333                    inst_395+4
x11 <- 0x0000000000000001

clint mtime 0x0000000000000568 (mip.MTI <- 0b1, mip.STI <- 0b0)
mem[X,0x0000000080002B38] -> 0x3423
mem[X,0x0000000080002B3A] -> 0x3AB1
[2768] [M]: 0x0000000080002B38 (0x3AB13423) sd x11, 0x3a8(x2)                       inst_395+8
mem[W,0x0000000080007D70] <- 0x0000000000000001

mem[X,0x0000000080002B3C] -> 0x0513
mem[X,0x0000000080002B3E] -> 0x0060
[2769] [M]: 0x0000000080002B3C (0x00600513) addi x10, x0, 0x6                       inst_396+0
x10 <- 0x0000000000000006

clint mtime 0x0000000000000569 (mip.MTI <- 0b1, mip.STI <- 0b0)
mem[X,0x0000000080002B40] -> 0x2593
mem[X,0x0000000080002B42] -> 0x6665
[2770] [M]: 0x0000000080002B40 (0x66652593) slti x11, x10, 0x666                    inst_396+4
x11 <- 0x0000000000000001

mem[X,0x0000000080002B44] -> 0x3823
mem[X,0x0000000080002B46] -> 0x3AB1
[2771] [M]: 0x0000000080002B44 (0x3AB13823) sd x11, 0x3b0(x2)                       inst_396+8
mem[W,0x0000000080007D78] <- 0x0000000000000001

clint mtime 0x000000000000056A (mip.MTI <- 0b1, mip.STI <- 0b0)
mem[X,0x0000000080002B48] -> 0x0513
mem[X,0x0000000080002B4A] -> 0x0060
[2772] [M]: 0x0000000080002B48 (0x00600513) addi x10, x0, 0x6                       inst_397+0
x10 <- 0x0000000000000006

mem[X,0x0000000080002B4C] -> 0x2593
mem[X,0x0000000080002B4E] -> 0xFD35
[2773] [M]: 0x0000000080002B4C (0xFD352593) slti x11, x10, -0x2d                    inst_397+4
x11 <- 0x0000000000000000

clint mtime 0x000000000000056B (mip.MTI <- 0b1, mip.STI <- 0b0)
mem[X,0x0000000080002B50] -> 0x3C23
mem[X,0x0000000080002B52] -> 0x3AB1
[2774] [M]: 0x0000000080002B50 (0x3AB13C23) sd x11, 0x3b8(x2)                       inst_397+8
mem[W,0x0000000080007D80] <- 0x0000000000000000

mem[X,0x0000000080002B54] -> 0x0513
mem[X,0x0000000080002B56] -> 0x0060
[2775] [M]: 0x0000000080002B54 (0x00600513) addi x10, x0, 0x6                       inst_398+0
x10 <- 0x0000000000000006

clint mtime 0x000000000000056C (mip.MTI <- 0b1, mip.STI <- 0b0)
mem[X,0x0000000080002B58] -> 0x2593
mem[X,0x0000000080002B5A] -> 0x02D5
[2776] [M]: 0x0000000080002B58 (0x02D52593) slti x11, x10, 0x2d                     inst_398+4
x11 <- 0x0000000000000001

mem[X,0x0000000080002B5C] -> 0x3023
mem[X,0x0000000080002B5E] -> 0x3CB1
[2777] [M]: 0x0000000080002B5C (0x3CB13023) sd x11, 0x3c0(x2)                       inst_398+8
mem[W,0x0000000080007D88] <- 0x0000000000000001

clint mtime 0x000000000000056D (mip.MTI <- 0b1, mip.STI <- 0b0)
mem[X,0x0000000080002B60] -> 0x0513
mem[X,0x0000000080002B62] -> 0x0060
[2778] [M]: 0x0000000080002B60 (0x00600513) addi x10, x0, 0x6                       inst_399+0
x10 <- 0x0000000000000006

mem[X,0x0000000080002B64] -> 0x2593
mem[X,0x0000000080002B66] -> 0x0025
[2779] [M]: 0x0000000080002B64 (0x00252593) slti x11, x10, 0x2                      inst_399+4
x11 <- 0x0000000000000000

clint mtime 0x000000000000056E (mip.MTI <- 0b1, mip.STI <- 0b0)
mem[X,0x0000000080002B68] -> 0x3423
mem[X,0x0000000080002B6A] -> 0x3CB1
[2780] [M]: 0x0000000080002B68 (0x3CB13423) sd x11, 0x3c8(x2)                       inst_399+8
mem[W,0x0000000080007D90] <- 0x0000000000000000

mem[X,0x0000000080002B6C] -> 0x0513
mem[X,0x0000000080002B6E] -> 0x0060
[2781] [M]: 0x0000000080002B6C (0x00600513) addi x10, x0, 0x6                       inst_400+0
x10 <- 0x0000000000000006

clint mtime 0x000000000000056F (mip.MTI <- 0b1, mip.STI <- 0b0)
mem[X,0x0000000080002B70] -> 0x2593
mem[X,0x0000000080002B72] -> 0x5545
[2782] [M]: 0x0000000080002B70 (0x55452593) slti x11, x10, 0x554                    inst_400+4
x11 <- 0x0000000000000001

mem[X,0x0000000080002B74] -> 0x3823
mem[X,0x0000000080002B76] -> 0x3CB1
[2783] [M]: 0x0000000080002B74 (0x3CB13823) sd x11, 0x3d0(x2)                       inst_400+8
mem[W,0x0000000080007D98] <- 0x0000000000000001

clint mtime 0x0000000000000570 (mip.MTI <- 0b1, mip.STI <- 0b0)
mem[X,0x0000000080002B78] -> 0x0513
mem[X,0x0000000080002B7A] -> 0x0060
[2784] [M]: 0x0000000080002B78 (0x00600513) addi x10, x0, 0x6                       inst_401+0
x10 <- 0x0000000000000006

mem[X,0x0000000080002B7C] -> 0x2593
mem[X,0x0000000080002B7E] -> 0x0005
[2785] [M]: 0x0000000080002B7C (0x00052593) slti x11, x10, 0x0                      inst_401+4
x11 <- 0x0000000000000000

clint mtime 0x0000000000000571 (mip.MTI <- 0b1, mip.STI <- 0b0)
mem[X,0x0000000080002B80] -> 0x3C23
mem[X,0x0000000080002B82] -> 0x3CB1
[2786] [M]: 0x0000000080002B80 (0x3CB13C23) sd x11, 0x3d8(x2)                       inst_401+8
mem[W,0x0000000080007DA0] <- 0x0000000000000000

mem[X,0x0000000080002B84] -> 0x0513
mem[X,0x0000000080002B86] -> 0x0060
[2787] [M]: 0x0000000080002B84 (0x00600513) addi x10, x0, 0x6                       inst_402+0
x10 <- 0x0000000000000006

clint mtime 0x0000000000000572 (mip.MTI <- 0b1, mip.STI <- 0b0)
mem[X,0x0000000080002B88] -> 0x2593
mem[X,0x0000000080002B8A] -> 0x0045
[2788] [M]: 0x0000000080002B88 (0x00452593) slti x11, x10, 0x4                      inst_402+4
x11 <- 0x0000000000000000

mem[X,0x0000000080002B8C] -> 0x3023
mem[X,0x0000000080002B8E] -> 0x3EB1
[2789] [M]: 0x0000000080002B8C (0x3EB13023) sd x11, 0x3e0(x2)                       inst_402+8
mem[W,0x0000000080007DA8] <- 0x0000000000000000

clint mtime 0x0000000000000573 (mip.MTI <- 0b1, mip.STI <- 0b0)
mem[X,0x0000000080002B90] -> 0x0513
mem[X,0x0000000080002B92] -> 0x0060
[2790] [M]: 0x0000000080002B90 (0x00600513) addi x10, x0, 0x6                       inst_403+0
x10 <- 0x0000000000000006

mem[X,0x0000000080002B94] -> 0x2593
mem[X,0x0000000080002B96] -> 0x3325
[2791] [M]: 0x0000000080002B94 (0x33252593) slti x11, x10, 0x332                    inst_403+4
x11 <- 0x0000000000000001

clint mtime 0x0000000000000574 (mip.MTI <- 0b1, mip.STI <- 0b0)
mem[X,0x0000000080002B98] -> 0x3423
mem[X,0x0000000080002B9A] -> 0x3EB1
[2792] [M]: 0x0000000080002B98 (0x3EB13423) sd x11, 0x3e8(x2)                       inst_403+8
mem[W,0x0000000080007DB0] <- 0x0000000000000001

mem[X,0x0000000080002B9C] -> 0x0513
mem[X,0x0000000080002B9E] -> 0x0060
[2793] [M]: 0x0000000080002B9C (0x00600513) addi x10, x0, 0x6                       inst_404+0
x10 <- 0x0000000000000006

clint mtime 0x0000000000000575 (mip.MTI <- 0b1, mip.STI <- 0b0)
mem[X,0x0000000080002BA0] -> 0x2593
mem[X,0x0000000080002BA2] -> 0x6655
[2794] [M]: 0x0000000080002BA0 (0x66552593) slti x11, x10, 0x665                    inst_404+4
x11 <- 0x0000000000000001

mem[X,0x0000000080002BA4] -> 0x3823
mem[X,0x0000000080002BA6] -> 0x3EB1
[2795] [M]: 0x0000000080002BA4 (0x3EB13823) sd x11, 0x3f0(x2)                       inst_404+8
mem[W,0x0000000080007DB8] <- 0x0000000000000001

clint mtime 0x0000000000000576 (mip.MTI <- 0b1, mip.STI <- 0b0)
mem[X,0x0000000080002BA8] -> 0x0513
mem[X,0x0000000080002BAA] -> 0x0060
[2796] [M]: 0x0000000080002BA8 (0x00600513) addi x10, x0, 0x6                       inst_405+0
x10 <- 0x0000000000000006

mem[X,0x0000000080002BAC] -> 0x2593
mem[X,0x0000000080002BAE] -> 0x02C5
[2797] [M]: 0x0000000080002BAC (0x02C52593) slti x11, x10, 0x2c                     inst_405+4
x11 <- 0x0000000000000001

clint mtime 0x0000000000000577 (mip.MTI <- 0b1, mip.STI <- 0b0)
mem[X,0x0000000080002BB0] -> 0x3C23
mem[X,0x0000000080002BB2] -> 0x3EB1
[2798] [M]: 0x0000000080002BB0 (0x3EB13C23) sd x11, 0x3f8(x2)                       inst_405+8
mem[W,0x0000000080007DC0] <- 0x0000000000000001

mem[X,0x0000000080002BB4] -> 0x0513
mem[X,0x0000000080002BB6] -> 0x0060
[2799] [M]: 0x0000000080002BB4 (0x00600513) addi x10, x0, 0x6                       inst_406+0
x10 <- 0x0000000000000006

clint mtime 0x0000000000000578 (mip.MTI <- 0b1, mip.STI <- 0b0)
mem[X,0x0000000080002BB8] -> 0x2593
mem[X,0x0000000080002BBA] -> 0x5565
[2800] [M]: 0x0000000080002BB8 (0x55652593) slti x11, x10, 0x556                    inst_406+4
x11 <- 0x0000000000000001

mem[X,0x0000000080002BBC] -> 0x3023
mem[X,0x0000000080002BBE] -> 0x40B1
[2801] [M]: 0x0000000080002BBC (0x40B13023) sd x11, 0x400(x2)                       inst_406+8
mem[W,0x0000000080007DC8] <- 0x0000000000000001

clint mtime 0x0000000000000579 (mip.MTI <- 0b1, mip.STI <- 0b0)
mem[X,0x0000000080002BC0] -> 0x0513
mem[X,0x0000000080002BC2] -> 0x0060
[2802] [M]: 0x0000000080002BC0 (0x00600513) addi x10, x0, 0x6                       inst_407+0
x10 <- 0x0000000000000006

mem[X,0x0000000080002BC4] -> 0x2593
mem[X,0x0000000080002BC6] -> 0xAAB5
[2803] [M]: 0x0000000080002BC4 (0xAAB52593) slti x11, x10, -0x555                   inst_407+4
x11 <- 0x0000000000000000

clint mtime 0x000000000000057A (mip.MTI <- 0b1, mip.STI <- 0b0)
mem[X,0x0000000080002BC8] -> 0x3423
mem[X,0x0000000080002BCA] -> 0x40B1
[2804] [M]: 0x0000000080002BC8 (0x40B13423) sd x11, 0x408(x2)                       inst_407+8
mem[W,0x0000000080007DD0] <- 0x0000000000000000

mem[X,0x0000000080002BCC] -> 0x0513
mem[X,0x0000000080002BCE] -> 0x0060
[2805] [M]: 0x0000000080002BCC (0x00600513) addi x10, x0, 0x6                       inst_408+0
x10 <- 0x0000000000000006

clint mtime 0x000000000000057B (mip.MTI <- 0b1, mip.STI <- 0b0)
mem[X,0x0000000080002BD0] -> 0x2593
mem[X,0x0000000080002BD2] -> 0x0065
[2806] [M]: 0x0000000080002BD0 (0x00652593) slti x11, x10, 0x6                      inst_408+4
x11 <- 0x0000000000000000

mem[X,0x0000000080002BD4] -> 0x3823
mem[X,0x0000000080002BD6] -> 0x40B1
[2807] [M]: 0x0000000080002BD4 (0x40B13823) sd x11, 0x410(x2)                       inst_408+8
mem[W,0x0000000080007DD8] <- 0x0000000000000000

clint mtime 0x000000000000057C (mip.MTI <- 0b1, mip.STI <- 0b0)
mem[X,0x0000000080002BD8] -> 0x0513
mem[X,0x0000000080002BDA] -> 0x0060
[2808] [M]: 0x0000000080002BD8 (0x00600513) addi x10, x0, 0x6                       inst_409+0
x10 <- 0x0000000000000006

mem[X,0x0000000080002BDC] -> 0x2593
mem[X,0x0000000080002BDE] -> 0x3345
[2809] [M]: 0x0000000080002BDC (0x33452593) slti x11, x10, 0x334                    inst_409+4
x11 <- 0x0000000000000001

clint mtime 0x000000000000057D (mip.MTI <- 0b1, mip.STI <- 0b0)
mem[X,0x0000000080002BE0] -> 0x3C23
mem[X,0x0000000080002BE2] -> 0x40B1
[2810] [M]: 0x0000000080002BE0 (0x40B13C23) sd x11, 0x418(x2)                       inst_409+8
mem[W,0x0000000080007DE0] <- 0x0000000000000001

mem[X,0x0000000080002BE4] -> 0x0513
mem[X,0x0000000080002BE6] -> 0x0060
[2811] [M]: 0x0000000080002BE4 (0x00600513) addi x10, x0, 0x6                       inst_410+0
x10 <- 0x0000000000000006

clint mtime 0x000000000000057E (mip.MTI <- 0b1, mip.STI <- 0b0)
mem[X,0x0000000080002BE8] -> 0x2593
mem[X,0x0000000080002BEA] -> 0x6675
[2812] [M]: 0x0000000080002BE8 (0x66752593) slti x11, x10, 0x667                    inst_410+4
x11 <- 0x0000000000000001

mem[X,0x0000000080002BEC] -> 0x3023
mem[X,0x0000000080002BEE] -> 0x42B1
[2813] [M]: 0x0000000080002BEC (0x42B13023) sd x11, 0x420(x2)                       inst_410+8
mem[W,0x0000000080007DE8] <- 0x0000000000000001

clint mtime 0x000000000000057F (mip.MTI <- 0b1, mip.STI <- 0b0)
mem[X,0x0000000080002BF0] -> 0x0513
mem[X,0x0000000080002BF2] -> 0x0060
[2814] [M]: 0x0000000080002BF0 (0x00600513) addi x10, x0, 0x6                       inst_411+0
x10 <- 0x0000000000000006

mem[X,0x0000000080002BF4] -> 0x2593
mem[X,0x0000000080002BF6] -> 0xFD45
[2815] [M]: 0x0000000080002BF4 (0xFD452593) slti x11, x10, -0x2c                    inst_411+4
x11 <- 0x0000000000000000

clint mtime 0x0000000000000580 (mip.MTI <- 0b1, mip.STI <- 0b0)
mem[X,0x0000000080002BF8] -> 0x3423
mem[X,0x0000000080002BFA] -> 0x42B1
[2816] [M]: 0x0000000080002BF8 (0x42B13423) sd x11, 0x428(x2)                       inst_411+8
mem[W,0x0000000080007DF0] <- 0x0000000000000000

mem[X,0x0000000080002BFC] -> 0x0513
mem[X,0x0000000080002BFE] -> 0x0060
[2817] [M]: 0x0000000080002BFC (0x00600513) addi x10, x0, 0x6                       inst_412+0
x10 <- 0x0000000000000006

clint mtime 0x0000000000000581 (mip.MTI <- 0b1, mip.STI <- 0b0)
mem[X,0x0000000080002C00] -> 0x2593
mem[X,0x0000000080002C02] -> 0x02E5
[2818] [M]: 0x0000000080002C00 (0x02E52593) slti x11, x10, 0x2e                     inst_412+4
x11 <- 0x0000000000000001

mem[X,0x0000000080002C04] -> 0x3823
mem[X,0x0000000080002C06] -> 0x42B1
[2819] [M]: 0x0000000080002C04 (0x42B13823) sd x11, 0x430(x2)                       inst_412+8
mem[W,0x0000000080007DF8] <- 0x0000000000000001

clint mtime 0x0000000000000582 (mip.MTI <- 0b1, mip.STI <- 0b0)
mem[X,0x0000000080002C08] -> 0x3537
mem[X,0x0000000080002C0A] -> 0x3333
[2820] [M]: 0x0000000080002C08 (0x33333537) lui x10, 0x33333                        inst_413+0
x10 <- 0x0000000033333000

mem[X,0x0000000080002C0C] -> 0x0513
mem[X,0x0000000080002C0E] -> 0x3335
[2821] [M]: 0x0000000080002C0C (0x33350513) addi x10, x10, 0x333                    inst_413+4
x10 <- 0x0000000033333333

clint mtime 0x0000000000000583 (mip.MTI <- 0b1, mip.STI <- 0b0)
mem[X,0x0000000080002C10] -> 0x1513
mem[X,0x0000000080002C12] -> 0x00B5
[2822] [M]: 0x0000000080002C10 (0x00B51513) slli x10, x10, 0xb                      inst_413+8
x10 <- 0x0000019999999800

mem[X,0x0000000080002C14] -> 0x0513
mem[X,0x0000000080002C16] -> 0x1995
[2823] [M]: 0x0000000080002C14 (0x19950513) addi x10, x10, 0x199                    inst_413+12
x10 <- 0x0000019999999999

clint mtime 0x0000000000000584 (mip.MTI <- 0b1, mip.STI <- 0b0)
mem[X,0x0000000080002C18] -> 0x1513
mem[X,0x0000000080002C1A] -> 0x00B5
[2824] [M]: 0x0000000080002C18 (0x00B51513) slli x10, x10, 0xb                      inst_413+16
x10 <- 0x000CCCCCCCCCC800

mem[X,0x0000000080002C1C] -> 0x0513
mem[X,0x0000000080002C1E] -> 0x4CC5
[2825] [M]: 0x0000000080002C1C (0x4CC50513) addi x10, x10, 0x4cc                    inst_413+20
x10 <- 0x000CCCCCCCCCCCCC

clint mtime 0x0000000000000585 (mip.MTI <- 0b1, mip.STI <- 0b0)
mem[X,0x0000000080002C20] -> 0x1513
mem[X,0x0000000080002C22] -> 0x00A5
[2826] [M]: 0x0000000080002C20 (0x00A51513) slli x10, x10, 0xa                      inst_413+24
x10 <- 0x3333333333333000

mem[X,0x0000000080002C24] -> 0x0513
mem[X,0x0000000080002C26] -> 0x3345
[2827] [M]: 0x0000000080002C24 (0x33450513) addi x10, x10, 0x334                    inst_413+28
x10 <- 0x3333333333333334

clint mtime 0x0000000000000586 (mip.MTI <- 0b1, mip.STI <- 0b0)
mem[X,0x0000000080002C28] -> 0x2593
mem[X,0x0000000080002C2A] -> 0x0035
[2828] [M]: 0x0000000080002C28 (0x00352593) slti x11, x10, 0x3                      inst_413+32
x11 <- 0x0000000000000000

mem[X,0x0000000080002C2C] -> 0x3C23
mem[X,0x0000000080002C2E] -> 0x42B1
[2829] [M]: 0x0000000080002C2C (0x42B13C23) sd x11, 0x438(x2)                       inst_413+36
mem[W,0x0000000080007E00] <- 0x0000000000000000

clint mtime 0x0000000000000587 (mip.MTI <- 0b1, mip.STI <- 0b0)
mem[X,0x0000000080002C30] -> 0x3537
mem[X,0x0000000080002C32] -> 0x3333
[2830] [M]: 0x0000000080002C30 (0x33333537) lui x10, 0x33333                        inst_414+0
x10 <- 0x0000000033333000

mem[X,0x0000000080002C34] -> 0x0513
mem[X,0x0000000080002C36] -> 0x3335
[2831] [M]: 0x0000000080002C34 (0x33350513) addi x10, x10, 0x333                    inst_414+4
x10 <- 0x0000000033333333

clint mtime 0x0000000000000588 (mip.MTI <- 0b1, mip.STI <- 0b0)
mem[X,0x0000000080002C38] -> 0x1513
mem[X,0x0000000080002C3A] -> 0x00B5
[2832] [M]: 0x0000000080002C38 (0x00B51513) slli x10, x10, 0xb                      inst_414+8
x10 <- 0x0000019999999800

mem[X,0x0000000080002C3C] -> 0x0513
mem[X,0x0000000080002C3E] -> 0x1995
[2833] [M]: 0x0000000080002C3C (0x19950513) addi x10, x10, 0x199                    inst_414+12
x10 <- 0x0000019999999999

clint mtime 0x0000000000000589 (mip.MTI <- 0b1, mip.STI <- 0b0)
mem[X,0x0000000080002C40] -> 0x1513
mem[X,0x0000000080002C42] -> 0x00B5
[2834] [M]: 0x0000000080002C40 (0x00B51513) slli x10, x10, 0xb                      inst_414+16
x10 <- 0x000CCCCCCCCCC800

mem[X,0x0000000080002C44] -> 0x0513
mem[X,0x0000000080002C46] -> 0x4CC5
[2835] [M]: 0x0000000080002C44 (0x4CC50513) addi x10, x10, 0x4cc                    inst_414+20
x10 <- 0x000CCCCCCCCCCCCC

clint mtime 0x000000000000058A (mip.MTI <- 0b1, mip.STI <- 0b0)
mem[X,0x0000000080002C48] -> 0x1513
mem[X,0x0000000080002C4A] -> 0x00A5
[2836] [M]: 0x0000000080002C48 (0x00A51513) slli x10, x10, 0xa                      inst_414+24
x10 <- 0x3333333333333000

mem[X,0x0000000080002C4C] -> 0x0513
mem[X,0x0000000080002C4E] -> 0x3345
[2837] [M]: 0x0000000080002C4C (0x33450513) addi x10, x10, 0x334                    inst_414+28
x10 <- 0x3333333333333334

clint mtime 0x000000000000058B (mip.MTI <- 0b1, mip.STI <- 0b0)
mem[X,0x0000000080002C50] -> 0x2593
mem[X,0x0000000080002C52] -> 0x5555
[2838] [M]: 0x0000000080002C50 (0x55552593) slti x11, x10, 0x555                    inst_414+32
x11 <- 0x0000000000000000

mem[X,0x0000000080002C54] -> 0x3023
mem[X,0x0000000080002C56] -> 0x44B1
[2839] [M]: 0x0000000080002C54 (0x44B13023) sd x11, 0x440(x2)                       inst_414+36
mem[W,0x0000000080007E08] <- 0x0000000000000000

clint mtime 0x000000000000058C (mip.MTI <- 0b1, mip.STI <- 0b0)
mem[X,0x0000000080002C58] -> 0x3537
mem[X,0x0000000080002C5A] -> 0x3333
[2840] [M]: 0x0000000080002C58 (0x33333537) lui x10, 0x33333                        inst_415+0
x10 <- 0x0000000033333000

mem[X,0x0000000080002C5C] -> 0x0513
mem[X,0x0000000080002C5E] -> 0x3335
[2841] [M]: 0x0000000080002C5C (0x33350513) addi x10, x10, 0x333                    inst_415+4
x10 <- 0x0000000033333333

clint mtime 0x000000000000058D (mip.MTI <- 0b1, mip.STI <- 0b0)
mem[X,0x0000000080002C60] -> 0x1513
mem[X,0x0000000080002C62] -> 0x00B5
[2842] [M]: 0x0000000080002C60 (0x00B51513) slli x10, x10, 0xb                      inst_415+8
x10 <- 0x0000019999999800

mem[X,0x0000000080002C64] -> 0x0513
mem[X,0x0000000080002C66] -> 0x1995
[2843] [M]: 0x0000000080002C64 (0x19950513) addi x10, x10, 0x199                    inst_415+12
x10 <- 0x0000019999999999

clint mtime 0x000000000000058E (mip.MTI <- 0b1, mip.STI <- 0b0)
mem[X,0x0000000080002C68] -> 0x1513
mem[X,0x0000000080002C6A] -> 0x00B5
[2844] [M]: 0x0000000080002C68 (0x00B51513) slli x10, x10, 0xb                      inst_415+16
x10 <- 0x000CCCCCCCCCC800

mem[X,0x0000000080002C6C] -> 0x0513
mem[X,0x0000000080002C6E] -> 0x4CC5
[2845] [M]: 0x0000000080002C6C (0x4CC50513) addi x10, x10, 0x4cc                    inst_415+20
x10 <- 0x000CCCCCCCCCCCCC

clint mtime 0x000000000000058F (mip.MTI <- 0b1, mip.STI <- 0b0)
mem[X,0x0000000080002C70] -> 0x1513
mem[X,0x0000000080002C72] -> 0x00A5
[2846] [M]: 0x0000000080002C70 (0x00A51513) slli x10, x10, 0xa                      inst_415+24
x10 <- 0x3333333333333000

mem[X,0x0000000080002C74] -> 0x0513
mem[X,0x0000000080002C76] -> 0x3345
[2847] [M]: 0x0000000080002C74 (0x33450513) addi x10, x10, 0x334                    inst_415+28
x10 <- 0x3333333333333334

clint mtime 0x0000000000000590 (mip.MTI <- 0b1, mip.STI <- 0b0)
mem[X,0x0000000080002C78] -> 0x2593
mem[X,0x0000000080002C7A] -> 0xAAA5
[2848] [M]: 0x0000000080002C78 (0xAAA52593) slti x11, x10, -0x556                   inst_415+32
x11 <- 0x0000000000000000

mem[X,0x0000000080002C7C] -> 0x3423
mem[X,0x0000000080002C7E] -> 0x44B1
[2849] [M]: 0x0000000080002C7C (0x44B13423) sd x11, 0x448(x2)                       inst_415+36
mem[W,0x0000000080007E10] <- 0x0000000000000000

clint mtime 0x0000000000000591 (mip.MTI <- 0b1, mip.STI <- 0b0)
mem[X,0x0000000080002C80] -> 0x3537
mem[X,0x0000000080002C82] -> 0x3333
[2850] [M]: 0x0000000080002C80 (0x33333537) lui x10, 0x33333                        inst_416+0
x10 <- 0x0000000033333000

mem[X,0x0000000080002C84] -> 0x0513
mem[X,0x0000000080002C86] -> 0x3335
[2851] [M]: 0x0000000080002C84 (0x33350513) addi x10, x10, 0x333                    inst_416+4
x10 <- 0x0000000033333333

clint mtime 0x0000000000000592 (mip.MTI <- 0b1, mip.STI <- 0b0)
mem[X,0x0000000080002C88] -> 0x1513
mem[X,0x0000000080002C8A] -> 0x00B5
[2852] [M]: 0x0000000080002C88 (0x00B51513) slli x10, x10, 0xb                      inst_416+8
x10 <- 0x0000019999999800

mem[X,0x0000000080002C8C] -> 0x0513
mem[X,0x0000000080002C8E] -> 0x1995
[2853] [M]: 0x0000000080002C8C (0x19950513) addi x10, x10, 0x199                    inst_416+12
x10 <- 0x0000019999999999

clint mtime 0x0000000000000593 (mip.MTI <- 0b1, mip.STI <- 0b0)
mem[X,0x0000000080002C90] -> 0x1513
mem[X,0x0000000080002C92] -> 0x00B5
[2854] [M]: 0x0000000080002C90 (0x00B51513) slli x10, x10, 0xb                      inst_416+16
x10 <- 0x000CCCCCCCCCC800

mem[X,0x0000000080002C94] -> 0x0513
mem[X,0x0000000080002C96] -> 0x4CC5
[2855] [M]: 0x0000000080002C94 (0x4CC50513) addi x10, x10, 0x4cc                    inst_416+20
x10 <- 0x000CCCCCCCCCCCCC

clint mtime 0x0000000000000594 (mip.MTI <- 0b1, mip.STI <- 0b0)
mem[X,0x0000000080002C98] -> 0x1513
mem[X,0x0000000080002C9A] -> 0x00A5
[2856] [M]: 0x0000000080002C98 (0x00A51513) slli x10, x10, 0xa                      inst_416+24
x10 <- 0x3333333333333000

mem[X,0x0000000080002C9C] -> 0x0513
mem[X,0x0000000080002C9E] -> 0x3345
[2857] [M]: 0x0000000080002C9C (0x33450513) addi x10, x10, 0x334                    inst_416+28
x10 <- 0x3333333333333334

clint mtime 0x0000000000000595 (mip.MTI <- 0b1, mip.STI <- 0b0)
mem[X,0x0000000080002CA0] -> 0x2593
mem[X,0x0000000080002CA2] -> 0x0055
[2858] [M]: 0x0000000080002CA0 (0x00552593) slti x11, x10, 0x5                      inst_416+32
x11 <- 0x0000000000000000

mem[X,0x0000000080002CA4] -> 0x3823
mem[X,0x0000000080002CA6] -> 0x44B1
[2859] [M]: 0x0000000080002CA4 (0x44B13823) sd x11, 0x450(x2)                       inst_416+36
mem[W,0x0000000080007E18] <- 0x0000000000000000

clint mtime 0x0000000000000596 (mip.MTI <- 0b1, mip.STI <- 0b0)
mem[X,0x0000000080002CA8] -> 0x3537
mem[X,0x0000000080002CAA] -> 0x3333
[2860] [M]: 0x0000000080002CA8 (0x33333537) lui x10, 0x33333                        inst_417+0
x10 <- 0x0000000033333000

mem[X,0x0000000080002CAC] -> 0x0513
mem[X,0x0000000080002CAE] -> 0x3335
[2861] [M]: 0x0000000080002CAC (0x33350513) addi x10, x10, 0x333                    inst_417+4
x10 <- 0x0000000033333333

clint mtime 0x0000000000000597 (mip.MTI <- 0b1, mip.STI <- 0b0)
mem[X,0x0000000080002CB0] -> 0x1513
mem[X,0x0000000080002CB2] -> 0x00B5
[2862] [M]: 0x0000000080002CB0 (0x00B51513) slli x10, x10, 0xb                      inst_417+8
x10 <- 0x0000019999999800

mem[X,0x0000000080002CB4] -> 0x0513
mem[X,0x0000000080002CB6] -> 0x1995
[2863] [M]: 0x0000000080002CB4 (0x19950513) addi x10, x10, 0x199                    inst_417+12
x10 <- 0x0000019999999999

clint mtime 0x0000000000000598 (mip.MTI <- 0b1, mip.STI <- 0b0)
mem[X,0x0000000080002CB8] -> 0x1513
mem[X,0x0000000080002CBA] -> 0x00B5
[2864] [M]: 0x0000000080002CB8 (0x00B51513) slli x10, x10, 0xb                      inst_417+16
x10 <- 0x000CCCCCCCCCC800

mem[X,0x0000000080002CBC] -> 0x0513
mem[X,0x0000000080002CBE] -> 0x4CC5
[2865] [M]: 0x0000000080002CBC (0x4CC50513) addi x10, x10, 0x4cc                    inst_417+20
x10 <- 0x000CCCCCCCCCCCCC

clint mtime 0x0000000000000599 (mip.MTI <- 0b1, mip.STI <- 0b0)
mem[X,0x0000000080002CC0] -> 0x1513
mem[X,0x0000000080002CC2] -> 0x00A5
[2866] [M]: 0x0000000080002CC0 (0x00A51513) slli x10, x10, 0xa                      inst_417+24
x10 <- 0x3333333333333000

mem[X,0x0000000080002CC4] -> 0x0513
mem[X,0x0000000080002CC6] -> 0x3345
[2867] [M]: 0x0000000080002CC4 (0x33450513) addi x10, x10, 0x334                    inst_417+28
x10 <- 0x3333333333333334

clint mtime 0x000000000000059A (mip.MTI <- 0b1, mip.STI <- 0b0)
mem[X,0x0000000080002CC8] -> 0x2593
mem[X,0x0000000080002CCA] -> 0x3335
[2868] [M]: 0x0000000080002CC8 (0x33352593) slti x11, x10, 0x333                    inst_417+32
x11 <- 0x0000000000000000

mem[X,0x0000000080002CCC] -> 0x3C23
mem[X,0x0000000080002CCE] -> 0x44B1
[2869] [M]: 0x0000000080002CCC (0x44B13C23) sd x11, 0x458(x2)                       inst_417+36
mem[W,0x0000000080007E20] <- 0x0000000000000000

clint mtime 0x000000000000059B (mip.MTI <- 0b1, mip.STI <- 0b0)
mem[X,0x0000000080002CD0] -> 0x3537
mem[X,0x0000000080002CD2] -> 0x3333
[2870] [M]: 0x0000000080002CD0 (0x33333537) lui x10, 0x33333                        inst_418+0
x10 <- 0x0000000033333000

mem[X,0x0000000080002CD4] -> 0x0513
mem[X,0x0000000080002CD6] -> 0x3335
[2871] [M]: 0x0000000080002CD4 (0x33350513) addi x10, x10, 0x333                    inst_418+4
x10 <- 0x0000000033333333

clint mtime 0x000000000000059C (mip.MTI <- 0b1, mip.STI <- 0b0)
mem[X,0x0000000080002CD8] -> 0x1513
mem[X,0x0000000080002CDA] -> 0x00B5
[2872] [M]: 0x0000000080002CD8 (0x00B51513) slli x10, x10, 0xb                      inst_418+8
x10 <- 0x0000019999999800

mem[X,0x0000000080002CDC] -> 0x0513
mem[X,0x0000000080002CDE] -> 0x1995
[2873] [M]: 0x0000000080002CDC (0x19950513) addi x10, x10, 0x199                    inst_418+12
x10 <- 0x0000019999999999

clint mtime 0x000000000000059D (mip.MTI <- 0b1, mip.STI <- 0b0)
mem[X,0x0000000080002CE0] -> 0x1513
mem[X,0x0000000080002CE2] -> 0x00B5
[2874] [M]: 0x0000000080002CE0 (0x00B51513) slli x10, x10, 0xb                      inst_418+16
x10 <- 0x000CCCCCCCCCC800

mem[X,0x0000000080002CE4] -> 0x0513
mem[X,0x0000000080002CE6] -> 0x4CC5
[2875] [M]: 0x0000000080002CE4 (0x4CC50513) addi x10, x10, 0x4cc                    inst_418+20
x10 <- 0x000CCCCCCCCCCCCC

clint mtime 0x000000000000059E (mip.MTI <- 0b1, mip.STI <- 0b0)
mem[X,0x0000000080002CE8] -> 0x1513
mem[X,0x0000000080002CEA] -> 0x00A5
[2876] [M]: 0x0000000080002CE8 (0x00A51513) slli x10, x10, 0xa                      inst_418+24
x10 <- 0x3333333333333000

mem[X,0x0000000080002CEC] -> 0x0513
mem[X,0x0000000080002CEE] -> 0x3345
[2877] [M]: 0x0000000080002CEC (0x33450513) addi x10, x10, 0x334                    inst_418+28
x10 <- 0x3333333333333334

clint mtime 0x000000000000059F (mip.MTI <- 0b1, mip.STI <- 0b0)
mem[X,0x0000000080002CF0] -> 0x2593
mem[X,0x0000000080002CF2] -> 0x6665
[2878] [M]: 0x0000000080002CF0 (0x66652593) slti x11, x10, 0x666                    inst_418+32
x11 <- 0x0000000000000000

mem[X,0x0000000080002CF4] -> 0x3023
mem[X,0x0000000080002CF6] -> 0x46B1
[2879] [M]: 0x0000000080002CF4 (0x46B13023) sd x11, 0x460(x2)                       inst_418+36
mem[W,0x0000000080007E28] <- 0x0000000000000000

clint mtime 0x00000000000005A0 (mip.MTI <- 0b1, mip.STI <- 0b0)
mem[X,0x0000000080002CF8] -> 0x3537
mem[X,0x0000000080002CFA] -> 0x3333
[2880] [M]: 0x0000000080002CF8 (0x33333537) lui x10, 0x33333                        inst_419+0
x10 <- 0x0000000033333000

mem[X,0x0000000080002CFC] -> 0x0513
mem[X,0x0000000080002CFE] -> 0x3335
[2881] [M]: 0x0000000080002CFC (0x33350513) addi x10, x10, 0x333                    inst_419+4
x10 <- 0x0000000033333333

clint mtime 0x00000000000005A1 (mip.MTI <- 0b1, mip.STI <- 0b0)
mem[X,0x0000000080002D00] -> 0x1513
mem[X,0x0000000080002D02] -> 0x00B5
[2882] [M]: 0x0000000080002D00 (0x00B51513) slli x10, x10, 0xb                      inst_419+8
x10 <- 0x0000019999999800

mem[X,0x0000000080002D04] -> 0x0513
mem[X,0x0000000080002D06] -> 0x1995
[2883] [M]: 0x0000000080002D04 (0x19950513) addi x10, x10, 0x199                    inst_419+12
x10 <- 0x0000019999999999

clint mtime 0x00000000000005A2 (mip.MTI <- 0b1, mip.STI <- 0b0)
mem[X,0x0000000080002D08] -> 0x1513
mem[X,0x0000000080002D0A] -> 0x00B5
[2884] [M]: 0x0000000080002D08 (0x00B51513) slli x10, x10, 0xb                      inst_419+16
x10 <- 0x000CCCCCCCCCC800

mem[X,0x0000000080002D0C] -> 0x0513
mem[X,0x0000000080002D0E] -> 0x4CC5
[2885] [M]: 0x0000000080002D0C (0x4CC50513) addi x10, x10, 0x4cc                    inst_419+20
x10 <- 0x000CCCCCCCCCCCCC

clint mtime 0x00000000000005A3 (mip.MTI <- 0b1, mip.STI <- 0b0)
mem[X,0x0000000080002D10] -> 0x1513
mem[X,0x0000000080002D12] -> 0x00A5
[2886] [M]: 0x0000000080002D10 (0x00A51513) slli x10, x10, 0xa                      inst_419+24
x10 <- 0x3333333333333000

mem[X,0x0000000080002D14] -> 0x0513
mem[X,0x0000000080002D16] -> 0x3345
[2887] [M]: 0x0000000080002D14 (0x33450513) addi x10, x10, 0x334                    inst_419+28
x10 <- 0x3333333333333334

clint mtime 0x00000000000005A4 (mip.MTI <- 0b1, mip.STI <- 0b0)
mem[X,0x0000000080002D18] -> 0x2593
mem[X,0x0000000080002D1A] -> 0xFD35
[2888] [M]: 0x0000000080002D18 (0xFD352593) slti x11, x10, -0x2d                    inst_419+32
x11 <- 0x0000000000000000

mem[X,0x0000000080002D1C] -> 0x3423
mem[X,0x0000000080002D1E] -> 0x46B1
[2889] [M]: 0x0000000080002D1C (0x46B13423) sd x11, 0x468(x2)                       inst_419+36
mem[W,0x0000000080007E30] <- 0x0000000000000000

clint mtime 0x00000000000005A5 (mip.MTI <- 0b1, mip.STI <- 0b0)
mem[X,0x0000000080002D20] -> 0x3537
mem[X,0x0000000080002D22] -> 0x3333
[2890] [M]: 0x0000000080002D20 (0x33333537) lui x10, 0x33333                        inst_420+0
x10 <- 0x0000000033333000

mem[X,0x0000000080002D24] -> 0x0513
mem[X,0x0000000080002D26] -> 0x3335
[2891] [M]: 0x0000000080002D24 (0x33350513) addi x10, x10, 0x333                    inst_420+4
x10 <- 0x0000000033333333

clint mtime 0x00000000000005A6 (mip.MTI <- 0b1, mip.STI <- 0b0)
mem[X,0x0000000080002D28] -> 0x1513
mem[X,0x0000000080002D2A] -> 0x00B5
[2892] [M]: 0x0000000080002D28 (0x00B51513) slli x10, x10, 0xb                      inst_420+8
x10 <- 0x0000019999999800

mem[X,0x0000000080002D2C] -> 0x0513
mem[X,0x0000000080002D2E] -> 0x1995
[2893] [M]: 0x0000000080002D2C (0x19950513) addi x10, x10, 0x199                    inst_420+12
x10 <- 0x0000019999999999

clint mtime 0x00000000000005A7 (mip.MTI <- 0b1, mip.STI <- 0b0)
mem[X,0x0000000080002D30] -> 0x1513
mem[X,0x0000000080002D32] -> 0x00B5
[2894] [M]: 0x0000000080002D30 (0x00B51513) slli x10, x10, 0xb                      inst_420+16
x10 <- 0x000CCCCCCCCCC800

mem[X,0x0000000080002D34] -> 0x0513
mem[X,0x0000000080002D36] -> 0x4CC5
[2895] [M]: 0x0000000080002D34 (0x4CC50513) addi x10, x10, 0x4cc                    inst_420+20
x10 <- 0x000CCCCCCCCCCCCC

clint mtime 0x00000000000005A8 (mip.MTI <- 0b1, mip.STI <- 0b0)
mem[X,0x0000000080002D38] -> 0x1513
mem[X,0x0000000080002D3A] -> 0x00A5
[2896] [M]: 0x0000000080002D38 (0x00A51513) slli x10, x10, 0xa                      inst_420+24
x10 <- 0x3333333333333000

mem[X,0x0000000080002D3C] -> 0x0513
mem[X,0x0000000080002D3E] -> 0x3345
[2897] [M]: 0x0000000080002D3C (0x33450513) addi x10, x10, 0x334                    inst_420+28
x10 <- 0x3333333333333334

clint mtime 0x00000000000005A9 (mip.MTI <- 0b1, mip.STI <- 0b0)
mem[X,0x0000000080002D40] -> 0x2593
mem[X,0x0000000080002D42] -> 0x02D5
[2898] [M]: 0x0000000080002D40 (0x02D52593) slti x11, x10, 0x2d                     inst_420+32
x11 <- 0x0000000000000000

mem[X,0x0000000080002D44] -> 0x3823
mem[X,0x0000000080002D46] -> 0x46B1
[2899] [M]: 0x0000000080002D44 (0x46B13823) sd x11, 0x470(x2)                       inst_420+36
mem[W,0x0000000080007E38] <- 0x0000000000000000

clint mtime 0x00000000000005AA (mip.MTI <- 0b1, mip.STI <- 0b0)
mem[X,0x0000000080002D48] -> 0x3537
mem[X,0x0000000080002D4A] -> 0x3333
[2900] [M]: 0x0000000080002D48 (0x33333537) lui x10, 0x33333                        inst_421+0
x10 <- 0x0000000033333000

mem[X,0x0000000080002D4C] -> 0x0513
mem[X,0x0000000080002D4E] -> 0x3335
[2901] [M]: 0x0000000080002D4C (0x33350513) addi x10, x10, 0x333                    inst_421+4
x10 <- 0x0000000033333333

clint mtime 0x00000000000005AB (mip.MTI <- 0b1, mip.STI <- 0b0)
mem[X,0x0000000080002D50] -> 0x1513
mem[X,0x0000000080002D52] -> 0x00B5
[2902] [M]: 0x0000000080002D50 (0x00B51513) slli x10, x10, 0xb                      inst_421+8
x10 <- 0x0000019999999800

mem[X,0x0000000080002D54] -> 0x0513
mem[X,0x0000000080002D56] -> 0x1995
[2903] [M]: 0x0000000080002D54 (0x19950513) addi x10, x10, 0x199                    inst_421+12
x10 <- 0x0000019999999999

clint mtime 0x00000000000005AC (mip.MTI <- 0b1, mip.STI <- 0b0)
mem[X,0x0000000080002D58] -> 0x1513
mem[X,0x0000000080002D5A] -> 0x00B5
[2904] [M]: 0x0000000080002D58 (0x00B51513) slli x10, x10, 0xb                      inst_421+16
x10 <- 0x000CCCCCCCCCC800

mem[X,0x0000000080002D5C] -> 0x0513
mem[X,0x0000000080002D5E] -> 0x4CC5
[2905] [M]: 0x0000000080002D5C (0x4CC50513) addi x10, x10, 0x4cc                    inst_421+20
x10 <- 0x000CCCCCCCCCCCCC

clint mtime 0x00000000000005AD (mip.MTI <- 0b1, mip.STI <- 0b0)
mem[X,0x0000000080002D60] -> 0x1513
mem[X,0x0000000080002D62] -> 0x00A5
[2906] [M]: 0x0000000080002D60 (0x00A51513) slli x10, x10, 0xa                      inst_421+24
x10 <- 0x3333333333333000

mem[X,0x0000000080002D64] -> 0x0513
mem[X,0x0000000080002D66] -> 0x3345
[2907] [M]: 0x0000000080002D64 (0x33450513) addi x10, x10, 0x334                    inst_421+28
x10 <- 0x3333333333333334

clint mtime 0x00000000000005AE (mip.MTI <- 0b1, mip.STI <- 0b0)
mem[X,0x0000000080002D68] -> 0x2593
mem[X,0x0000000080002D6A] -> 0x0025
[2908] [M]: 0x0000000080002D68 (0x00252593) slti x11, x10, 0x2                      inst_421+32
x11 <- 0x0000000000000000

mem[X,0x0000000080002D6C] -> 0x3C23
mem[X,0x0000000080002D6E] -> 0x46B1
[2909] [M]: 0x0000000080002D6C (0x46B13C23) sd x11, 0x478(x2)                       inst_421+36
mem[W,0x0000000080007E40] <- 0x0000000000000000

clint mtime 0x00000000000005AF (mip.MTI <- 0b1, mip.STI <- 0b0)
mem[X,0x0000000080002D70] -> 0x3537
mem[X,0x0000000080002D72] -> 0x3333
[2910] [M]: 0x0000000080002D70 (0x33333537) lui x10, 0x33333                        inst_422+0
x10 <- 0x0000000033333000

mem[X,0x0000000080002D74] -> 0x0513
mem[X,0x0000000080002D76] -> 0x3335
[2911] [M]: 0x0000000080002D74 (0x33350513) addi x10, x10, 0x333                    inst_422+4
x10 <- 0x0000000033333333

clint mtime 0x00000000000005B0 (mip.MTI <- 0b1, mip.STI <- 0b0)
mem[X,0x0000000080002D78] -> 0x1513
mem[X,0x0000000080002D7A] -> 0x00B5
[2912] [M]: 0x0000000080002D78 (0x00B51513) slli x10, x10, 0xb                      inst_422+8
x10 <- 0x0000019999999800

mem[X,0x0000000080002D7C] -> 0x0513
mem[X,0x0000000080002D7E] -> 0x1995
[2913] [M]: 0x0000000080002D7C (0x19950513) addi x10, x10, 0x199                    inst_422+12
x10 <- 0x0000019999999999

clint mtime 0x00000000000005B1 (mip.MTI <- 0b1, mip.STI <- 0b0)
mem[X,0x0000000080002D80] -> 0x1513
mem[X,0x0000000080002D82] -> 0x00B5
[2914] [M]: 0x0000000080002D80 (0x00B51513) slli x10, x10, 0xb                      inst_422+16
x10 <- 0x000CCCCCCCCCC800

mem[X,0x0000000080002D84] -> 0x0513
mem[X,0x0000000080002D86] -> 0x4CC5
[2915] [M]: 0x0000000080002D84 (0x4CC50513) addi x10, x10, 0x4cc                    inst_422+20
x10 <- 0x000CCCCCCCCCCCCC

clint mtime 0x00000000000005B2 (mip.MTI <- 0b1, mip.STI <- 0b0)
mem[X,0x0000000080002D88] -> 0x1513
mem[X,0x0000000080002D8A] -> 0x00A5
[2916] [M]: 0x0000000080002D88 (0x00A51513) slli x10, x10, 0xa                      inst_422+24
x10 <- 0x3333333333333000

mem[X,0x0000000080002D8C] -> 0x0513
mem[X,0x0000000080002D8E] -> 0x3345
[2917] [M]: 0x0000000080002D8C (0x33450513) addi x10, x10, 0x334                    inst_422+28
x10 <- 0x3333333333333334

clint mtime 0x00000000000005B3 (mip.MTI <- 0b1, mip.STI <- 0b0)
mem[X,0x0000000080002D90] -> 0x2593
mem[X,0x0000000080002D92] -> 0x5545
[2918] [M]: 0x0000000080002D90 (0x55452593) slti x11, x10, 0x554                    inst_422+32
x11 <- 0x0000000000000000

mem[X,0x0000000080002D94] -> 0x3023
mem[X,0x0000000080002D96] -> 0x48B1
[2919] [M]: 0x0000000080002D94 (0x48B13023) sd x11, 0x480(x2)                       inst_422+36
mem[W,0x0000000080007E48] <- 0x0000000000000000

clint mtime 0x00000000000005B4 (mip.MTI <- 0b1, mip.STI <- 0b0)
mem[X,0x0000000080002D98] -> 0x3537
mem[X,0x0000000080002D9A] -> 0x3333
[2920] [M]: 0x0000000080002D98 (0x33333537) lui x10, 0x33333                        inst_423+0
x10 <- 0x0000000033333000

mem[X,0x0000000080002D9C] -> 0x0513
mem[X,0x0000000080002D9E] -> 0x3335
[2921] [M]: 0x0000000080002D9C (0x33350513) addi x10, x10, 0x333                    inst_423+4
x10 <- 0x0000000033333333

clint mtime 0x00000000000005B5 (mip.MTI <- 0b1, mip.STI <- 0b0)
mem[X,0x0000000080002DA0] -> 0x1513
mem[X,0x0000000080002DA2] -> 0x00B5
[2922] [M]: 0x0000000080002DA0 (0x00B51513) slli x10, x10, 0xb                      inst_423+8
x10 <- 0x0000019999999800

mem[X,0x0000000080002DA4] -> 0x0513
mem[X,0x0000000080002DA6] -> 0x1995
[2923] [M]: 0x0000000080002DA4 (0x19950513) addi x10, x10, 0x199                    inst_423+12
x10 <- 0x0000019999999999

clint mtime 0x00000000000005B6 (mip.MTI <- 0b1, mip.STI <- 0b0)
mem[X,0x0000000080002DA8] -> 0x1513
mem[X,0x0000000080002DAA] -> 0x00B5
[2924] [M]: 0x0000000080002DA8 (0x00B51513) slli x10, x10, 0xb                      inst_423+16
x10 <- 0x000CCCCCCCCCC800

mem[X,0x0000000080002DAC] -> 0x0513
mem[X,0x0000000080002DAE] -> 0x4CC5
[2925] [M]: 0x0000000080002DAC (0x4CC50513) addi x10, x10, 0x4cc                    inst_423+20
x10 <- 0x000CCCCCCCCCCCCC

clint mtime 0x00000000000005B7 (mip.MTI <- 0b1, mip.STI <- 0b0)
mem[X,0x0000000080002DB0] -> 0x1513
mem[X,0x0000000080002DB2] -> 0x00A5
[2926] [M]: 0x0000000080002DB0 (0x00A51513) slli x10, x10, 0xa                      inst_423+24
x10 <- 0x3333333333333000

mem[X,0x0000000080002DB4] -> 0x0513
mem[X,0x0000000080002DB6] -> 0x3345
[2927] [M]: 0x0000000080002DB4 (0x33450513) addi x10, x10, 0x334                    inst_423+28
x10 <- 0x3333333333333334

clint mtime 0x00000000000005B8 (mip.MTI <- 0b1, mip.STI <- 0b0)
mem[X,0x0000000080002DB8] -> 0x2593
mem[X,0x0000000080002DBA] -> 0x0005
[2928] [M]: 0x0000000080002DB8 (0x00052593) slti x11, x10, 0x0                      inst_423+32
x11 <- 0x0000000000000000

mem[X,0x0000000080002DBC] -> 0x3423
mem[X,0x0000000080002DBE] -> 0x48B1
[2929] [M]: 0x0000000080002DBC (0x48B13423) sd x11, 0x488(x2)                       inst_423+36
mem[W,0x0000000080007E50] <- 0x0000000000000000

clint mtime 0x00000000000005B9 (mip.MTI <- 0b1, mip.STI <- 0b0)
mem[X,0x0000000080002DC0] -> 0x3537
mem[X,0x0000000080002DC2] -> 0x3333
[2930] [M]: 0x0000000080002DC0 (0x33333537) lui x10, 0x33333                        inst_424+0
x10 <- 0x0000000033333000

mem[X,0x0000000080002DC4] -> 0x0513
mem[X,0x0000000080002DC6] -> 0x3335
[2931] [M]: 0x0000000080002DC4 (0x33350513) addi x10, x10, 0x333                    inst_424+4
x10 <- 0x0000000033333333

clint mtime 0x00000000000005BA (mip.MTI <- 0b1, mip.STI <- 0b0)
mem[X,0x0000000080002DC8] -> 0x1513
mem[X,0x0000000080002DCA] -> 0x00B5
[2932] [M]: 0x0000000080002DC8 (0x00B51513) slli x10, x10, 0xb                      inst_424+8
x10 <- 0x0000019999999800

mem[X,0x0000000080002DCC] -> 0x0513
mem[X,0x0000000080002DCE] -> 0x1995
[2933] [M]: 0x0000000080002DCC (0x19950513) addi x10, x10, 0x199                    inst_424+12
x10 <- 0x0000019999999999

clint mtime 0x00000000000005BB (mip.MTI <- 0b1, mip.STI <- 0b0)
mem[X,0x0000000080002DD0] -> 0x1513
mem[X,0x0000000080002DD2] -> 0x00B5
[2934] [M]: 0x0000000080002DD0 (0x00B51513) slli x10, x10, 0xb                      inst_424+16
x10 <- 0x000CCCCCCCCCC800

mem[X,0x0000000080002DD4] -> 0x0513
mem[X,0x0000000080002DD6] -> 0x4CC5
[2935] [M]: 0x0000000080002DD4 (0x4CC50513) addi x10, x10, 0x4cc                    inst_424+20
x10 <- 0x000CCCCCCCCCCCCC

clint mtime 0x00000000000005BC (mip.MTI <- 0b1, mip.STI <- 0b0)
mem[X,0x0000000080002DD8] -> 0x1513
mem[X,0x0000000080002DDA] -> 0x00A5
[2936] [M]: 0x0000000080002DD8 (0x00A51513) slli x10, x10, 0xa                      inst_424+24
x10 <- 0x3333333333333000

mem[X,0x0000000080002DDC] -> 0x0513
mem[X,0x0000000080002DDE] -> 0x3345
[2937] [M]: 0x0000000080002DDC (0x33450513) addi x10, x10, 0x334                    inst_424+28
x10 <- 0x3333333333333334

clint mtime 0x00000000000005BD (mip.MTI <- 0b1, mip.STI <- 0b0)
mem[X,0x0000000080002DE0] -> 0x2593
mem[X,0x0000000080002DE2] -> 0x0045
[2938] [M]: 0x0000000080002DE0 (0x00452593) slti x11, x10, 0x4                      inst_424+32
x11 <- 0x0000000000000000

mem[X,0x0000000080002DE4] -> 0x3823
mem[X,0x0000000080002DE6] -> 0x48B1
[2939] [M]: 0x0000000080002DE4 (0x48B13823) sd x11, 0x490(x2)                       inst_424+36
mem[W,0x0000000080007E58] <- 0x0000000000000000

clint mtime 0x00000000000005BE (mip.MTI <- 0b1, mip.STI <- 0b0)
mem[X,0x0000000080002DE8] -> 0x3537
mem[X,0x0000000080002DEA] -> 0x3333
[2940] [M]: 0x0000000080002DE8 (0x33333537) lui x10, 0x33333                        inst_425+0
x10 <- 0x0000000033333000

mem[X,0x0000000080002DEC] -> 0x0513
mem[X,0x0000000080002DEE] -> 0x3335
[2941] [M]: 0x0000000080002DEC (0x33350513) addi x10, x10, 0x333                    inst_425+4
x10 <- 0x0000000033333333

clint mtime 0x00000000000005BF (mip.MTI <- 0b1, mip.STI <- 0b0)
mem[X,0x0000000080002DF0] -> 0x1513
mem[X,0x0000000080002DF2] -> 0x00B5
[2942] [M]: 0x0000000080002DF0 (0x00B51513) slli x10, x10, 0xb                      inst_425+8
x10 <- 0x0000019999999800

mem[X,0x0000000080002DF4] -> 0x0513
mem[X,0x0000000080002DF6] -> 0x1995
[2943] [M]: 0x0000000080002DF4 (0x19950513) addi x10, x10, 0x199                    inst_425+12
x10 <- 0x0000019999999999

clint mtime 0x00000000000005C0 (mip.MTI <- 0b1, mip.STI <- 0b0)
mem[X,0x0000000080002DF8] -> 0x1513
mem[X,0x0000000080002DFA] -> 0x00B5
[2944] [M]: 0x0000000080002DF8 (0x00B51513) slli x10, x10, 0xb                      inst_425+16
x10 <- 0x000CCCCCCCCCC800

mem[X,0x0000000080002DFC] -> 0x0513
mem[X,0x0000000080002DFE] -> 0x4CC5
[2945] [M]: 0x0000000080002DFC (0x4CC50513) addi x10, x10, 0x4cc                    inst_425+20
x10 <- 0x000CCCCCCCCCCCCC

clint mtime 0x00000000000005C1 (mip.MTI <- 0b1, mip.STI <- 0b0)
mem[X,0x0000000080002E00] -> 0x1513
mem[X,0x0000000080002E02] -> 0x00A5
[2946] [M]: 0x0000000080002E00 (0x00A51513) slli x10, x10, 0xa                      inst_425+24
x10 <- 0x3333333333333000

mem[X,0x0000000080002E04] -> 0x0513
mem[X,0x0000000080002E06] -> 0x3345
[2947] [M]: 0x0000000080002E04 (0x33450513) addi x10, x10, 0x334                    inst_425+28
x10 <- 0x3333333333333334

clint mtime 0x00000000000005C2 (mip.MTI <- 0b1, mip.STI <- 0b0)
mem[X,0x0000000080002E08] -> 0x2593
mem[X,0x0000000080002E0A] -> 0x3325
[2948] [M]: 0x0000000080002E08 (0x33252593) slti x11, x10, 0x332                    inst_425+32
x11 <- 0x0000000000000000

mem[X,0x0000000080002E0C] -> 0x3C23
mem[X,0x0000000080002E0E] -> 0x48B1
[2949] [M]: 0x0000000080002E0C (0x48B13C23) sd x11, 0x498(x2)                       inst_425+36
mem[W,0x0000000080007E60] <- 0x0000000000000000

clint mtime 0x00000000000005C3 (mip.MTI <- 0b1, mip.STI <- 0b0)
mem[X,0x0000000080002E10] -> 0x3537
mem[X,0x0000000080002E12] -> 0x3333
[2950] [M]: 0x0000000080002E10 (0x33333537) lui x10, 0x33333                        inst_426+0
x10 <- 0x0000000033333000

mem[X,0x0000000080002E14] -> 0x0513
mem[X,0x0000000080002E16] -> 0x3335
[2951] [M]: 0x0000000080002E14 (0x33350513) addi x10, x10, 0x333                    inst_426+4
x10 <- 0x0000000033333333

clint mtime 0x00000000000005C4 (mip.MTI <- 0b1, mip.STI <- 0b0)
mem[X,0x0000000080002E18] -> 0x1513
mem[X,0x0000000080002E1A] -> 0x00B5
[2952] [M]: 0x0000000080002E18 (0x00B51513) slli x10, x10, 0xb                      inst_426+8
x10 <- 0x0000019999999800

mem[X,0x0000000080002E1C] -> 0x0513
mem[X,0x0000000080002E1E] -> 0x1995
[2953] [M]: 0x0000000080002E1C (0x19950513) addi x10, x10, 0x199                    inst_426+12
x10 <- 0x0000019999999999

clint mtime 0x00000000000005C5 (mip.MTI <- 0b1, mip.STI <- 0b0)
mem[X,0x0000000080002E20] -> 0x1513
mem[X,0x0000000080002E22] -> 0x00B5
[2954] [M]: 0x0000000080002E20 (0x00B51513) slli x10, x10, 0xb                      inst_426+16
x10 <- 0x000CCCCCCCCCC800

mem[X,0x0000000080002E24] -> 0x0513
mem[X,0x0000000080002E26] -> 0x4CC5
[2955] [M]: 0x0000000080002E24 (0x4CC50513) addi x10, x10, 0x4cc                    inst_426+20
x10 <- 0x000CCCCCCCCCCCCC

clint mtime 0x00000000000005C6 (mip.MTI <- 0b1, mip.STI <- 0b0)
mem[X,0x0000000080002E28] -> 0x1513
mem[X,0x0000000080002E2A] -> 0x00A5
[2956] [M]: 0x0000000080002E28 (0x00A51513) slli x10, x10, 0xa                      inst_426+24
x10 <- 0x3333333333333000

mem[X,0x0000000080002E2C] -> 0x0513
mem[X,0x0000000080002E2E] -> 0x3345
[2957] [M]: 0x0000000080002E2C (0x33450513) addi x10, x10, 0x334                    inst_426+28
x10 <- 0x3333333333333334

clint mtime 0x00000000000005C7 (mip.MTI <- 0b1, mip.STI <- 0b0)
mem[X,0x0000000080002E30] -> 0x2593
mem[X,0x0000000080002E32] -> 0x6655
[2958] [M]: 0x0000000080002E30 (0x66552593) slti x11, x10, 0x665                    inst_426+32
x11 <- 0x0000000000000000

mem[X,0x0000000080002E34] -> 0x3023
mem[X,0x0000000080002E36] -> 0x4AB1
[2959] [M]: 0x0000000080002E34 (0x4AB13023) sd x11, 0x4a0(x2)                       inst_426+36
mem[W,0x0000000080007E68] <- 0x0000000000000000

clint mtime 0x00000000000005C8 (mip.MTI <- 0b1, mip.STI <- 0b0)
mem[X,0x0000000080002E38] -> 0x3537
mem[X,0x0000000080002E3A] -> 0x3333
[2960] [M]: 0x0000000080002E38 (0x33333537) lui x10, 0x33333                        inst_427+0
x10 <- 0x0000000033333000

mem[X,0x0000000080002E3C] -> 0x0513
mem[X,0x0000000080002E3E] -> 0x3335
[2961] [M]: 0x0000000080002E3C (0x33350513) addi x10, x10, 0x333                    inst_427+4
x10 <- 0x0000000033333333

clint mtime 0x00000000000005C9 (mip.MTI <- 0b1, mip.STI <- 0b0)
mem[X,0x0000000080002E40] -> 0x1513
mem[X,0x0000000080002E42] -> 0x00B5
[2962] [M]: 0x0000000080002E40 (0x00B51513) slli x10, x10, 0xb                      inst_427+8
x10 <- 0x0000019999999800

mem[X,0x0000000080002E44] -> 0x0513
mem[X,0x0000000080002E46] -> 0x1995
[2963] [M]: 0x0000000080002E44 (0x19950513) addi x10, x10, 0x199                    inst_427+12
x10 <- 0x0000019999999999

clint mtime 0x00000000000005CA (mip.MTI <- 0b1, mip.STI <- 0b0)
mem[X,0x0000000080002E48] -> 0x1513
mem[X,0x0000000080002E4A] -> 0x00B5
[2964] [M]: 0x0000000080002E48 (0x00B51513) slli x10, x10, 0xb                      inst_427+16
x10 <- 0x000CCCCCCCCCC800

mem[X,0x0000000080002E4C] -> 0x0513
mem[X,0x0000000080002E4E] -> 0x4CC5
[2965] [M]: 0x0000000080002E4C (0x4CC50513) addi x10, x10, 0x4cc                    inst_427+20
x10 <- 0x000CCCCCCCCCCCCC

clint mtime 0x00000000000005CB (mip.MTI <- 0b1, mip.STI <- 0b0)
mem[X,0x0000000080002E50] -> 0x1513
mem[X,0x0000000080002E52] -> 0x00A5
[2966] [M]: 0x0000000080002E50 (0x00A51513) slli x10, x10, 0xa                      inst_427+24
x10 <- 0x3333333333333000

mem[X,0x0000000080002E54] -> 0x0513
mem[X,0x0000000080002E56] -> 0x3345
[2967] [M]: 0x0000000080002E54 (0x33450513) addi x10, x10, 0x334                    inst_427+28
x10 <- 0x3333333333333334

clint mtime 0x00000000000005CC (mip.MTI <- 0b1, mip.STI <- 0b0)
mem[X,0x0000000080002E58] -> 0x2593
mem[X,0x0000000080002E5A] -> 0x02C5
[2968] [M]: 0x0000000080002E58 (0x02C52593) slti x11, x10, 0x2c                     inst_427+32
x11 <- 0x0000000000000000

mem[X,0x0000000080002E5C] -> 0x3423
mem[X,0x0000000080002E5E] -> 0x4AB1
[2969] [M]: 0x0000000080002E5C (0x4AB13423) sd x11, 0x4a8(x2)                       inst_427+36
mem[W,0x0000000080007E70] <- 0x0000000000000000

clint mtime 0x00000000000005CD (mip.MTI <- 0b1, mip.STI <- 0b0)
mem[X,0x0000000080002E60] -> 0x3537
mem[X,0x0000000080002E62] -> 0x3333
[2970] [M]: 0x0000000080002E60 (0x33333537) lui x10, 0x33333                        inst_428+0
x10 <- 0x0000000033333000

mem[X,0x0000000080002E64] -> 0x0513
mem[X,0x0000000080002E66] -> 0x3335
[2971] [M]: 0x0000000080002E64 (0x33350513) addi x10, x10, 0x333                    inst_428+4
x10 <- 0x0000000033333333

clint mtime 0x00000000000005CE (mip.MTI <- 0b1, mip.STI <- 0b0)
mem[X,0x0000000080002E68] -> 0x1513
mem[X,0x0000000080002E6A] -> 0x00B5
[2972] [M]: 0x0000000080002E68 (0x00B51513) slli x10, x10, 0xb                      inst_428+8
x10 <- 0x0000019999999800

mem[X,0x0000000080002E6C] -> 0x0513
mem[X,0x0000000080002E6E] -> 0x1995
[2973] [M]: 0x0000000080002E6C (0x19950513) addi x10, x10, 0x199                    inst_428+12
x10 <- 0x0000019999999999

clint mtime 0x00000000000005CF (mip.MTI <- 0b1, mip.STI <- 0b0)
mem[X,0x0000000080002E70] -> 0x1513
mem[X,0x0000000080002E72] -> 0x00B5
[2974] [M]: 0x0000000080002E70 (0x00B51513) slli x10, x10, 0xb                      inst_428+16
x10 <- 0x000CCCCCCCCCC800

mem[X,0x0000000080002E74] -> 0x0513
mem[X,0x0000000080002E76] -> 0x4CC5
[2975] [M]: 0x0000000080002E74 (0x4CC50513) addi x10, x10, 0x4cc                    inst_428+20
x10 <- 0x000CCCCCCCCCCCCC

clint mtime 0x00000000000005D0 (mip.MTI <- 0b1, mip.STI <- 0b0)
mem[X,0x0000000080002E78] -> 0x1513
mem[X,0x0000000080002E7A] -> 0x00A5
[2976] [M]: 0x0000000080002E78 (0x00A51513) slli x10, x10, 0xa                      inst_428+24
x10 <- 0x3333333333333000

mem[X,0x0000000080002E7C] -> 0x0513
mem[X,0x0000000080002E7E] -> 0x3345
[2977] [M]: 0x0000000080002E7C (0x33450513) addi x10, x10, 0x334                    inst_428+28
x10 <- 0x3333333333333334

clint mtime 0x00000000000005D1 (mip.MTI <- 0b1, mip.STI <- 0b0)
mem[X,0x0000000080002E80] -> 0x2593
mem[X,0x0000000080002E82] -> 0x5565
[2978] [M]: 0x0000000080002E80 (0x55652593) slti x11, x10, 0x556                    inst_428+32
x11 <- 0x0000000000000000

mem[X,0x0000000080002E84] -> 0x3823
mem[X,0x0000000080002E86] -> 0x4AB1
[2979] [M]: 0x0000000080002E84 (0x4AB13823) sd x11, 0x4b0(x2)                       inst_428+36
mem[W,0x0000000080007E78] <- 0x0000000000000000

clint mtime 0x00000000000005D2 (mip.MTI <- 0b1, mip.STI <- 0b0)
mem[X,0x0000000080002E88] -> 0x3537
mem[X,0x0000000080002E8A] -> 0x3333
[2980] [M]: 0x0000000080002E88 (0x33333537) lui x10, 0x33333                        inst_429+0
x10 <- 0x0000000033333000

mem[X,0x0000000080002E8C] -> 0x0513
mem[X,0x0000000080002E8E] -> 0x3335
[2981] [M]: 0x0000000080002E8C (0x33350513) addi x10, x10, 0x333                    inst_429+4
x10 <- 0x0000000033333333

clint mtime 0x00000000000005D3 (mip.MTI <- 0b1, mip.STI <- 0b0)
mem[X,0x0000000080002E90] -> 0x1513
mem[X,0x0000000080002E92] -> 0x00B5
[2982] [M]: 0x0000000080002E90 (0x00B51513) slli x10, x10, 0xb                      inst_429+8
x10 <- 0x0000019999999800

mem[X,0x0000000080002E94] -> 0x0513
mem[X,0x0000000080002E96] -> 0x1995
[2983] [M]: 0x0000000080002E94 (0x19950513) addi x10, x10, 0x199                    inst_429+12
x10 <- 0x0000019999999999

clint mtime 0x00000000000005D4 (mip.MTI <- 0b1, mip.STI <- 0b0)
mem[X,0x0000000080002E98] -> 0x1513
mem[X,0x0000000080002E9A] -> 0x00B5
[2984] [M]: 0x0000000080002E98 (0x00B51513) slli x10, x10, 0xb                      inst_429+16
x10 <- 0x000CCCCCCCCCC800

mem[X,0x0000000080002E9C] -> 0x0513
mem[X,0x0000000080002E9E] -> 0x4CC5
[2985] [M]: 0x0000000080002E9C (0x4CC50513) addi x10, x10, 0x4cc                    inst_429+20
x10 <- 0x000CCCCCCCCCCCCC

clint mtime 0x00000000000005D5 (mip.MTI <- 0b1, mip.STI <- 0b0)
mem[X,0x0000000080002EA0] -> 0x1513
mem[X,0x0000000080002EA2] -> 0x00A5
[2986] [M]: 0x0000000080002EA0 (0x00A51513) slli x10, x10, 0xa                      inst_429+24
x10 <- 0x3333333333333000

mem[X,0x0000000080002EA4] -> 0x0513
mem[X,0x0000000080002EA6] -> 0x3345
[2987] [M]: 0x0000000080002EA4 (0x33450513) addi x10, x10, 0x334                    inst_429+28
x10 <- 0x3333333333333334

clint mtime 0x00000000000005D6 (mip.MTI <- 0b1, mip.STI <- 0b0)
mem[X,0x0000000080002EA8] -> 0x2593
mem[X,0x0000000080002EAA] -> 0xAAB5
[2988] [M]: 0x0000000080002EA8 (0xAAB52593) slti x11, x10, -0x555                   inst_429+32
x11 <- 0x0000000000000000

mem[X,0x0000000080002EAC] -> 0x3C23
mem[X,0x0000000080002EAE] -> 0x4AB1
[2989] [M]: 0x0000000080002EAC (0x4AB13C23) sd x11, 0x4b8(x2)                       inst_429+36
mem[W,0x0000000080007E80] <- 0x0000000000000000

clint mtime 0x00000000000005D7 (mip.MTI <- 0b1, mip.STI <- 0b0)
mem[X,0x0000000080002EB0] -> 0x3537
mem[X,0x0000000080002EB2] -> 0x3333
[2990] [M]: 0x0000000080002EB0 (0x33333537) lui x10, 0x33333                        inst_430+0
x10 <- 0x0000000033333000

mem[X,0x0000000080002EB4] -> 0x0513
mem[X,0x0000000080002EB6] -> 0x3335
[2991] [M]: 0x0000000080002EB4 (0x33350513) addi x10, x10, 0x333                    inst_430+4
x10 <- 0x0000000033333333

clint mtime 0x00000000000005D8 (mip.MTI <- 0b1, mip.STI <- 0b0)
mem[X,0x0000000080002EB8] -> 0x1513
mem[X,0x0000000080002EBA] -> 0x00B5
[2992] [M]: 0x0000000080002EB8 (0x00B51513) slli x10, x10, 0xb                      inst_430+8
x10 <- 0x0000019999999800

mem[X,0x0000000080002EBC] -> 0x0513
mem[X,0x0000000080002EBE] -> 0x1995
[2993] [M]: 0x0000000080002EBC (0x19950513) addi x10, x10, 0x199                    inst_430+12
x10 <- 0x0000019999999999

clint mtime 0x00000000000005D9 (mip.MTI <- 0b1, mip.STI <- 0b0)
mem[X,0x0000000080002EC0] -> 0x1513
mem[X,0x0000000080002EC2] -> 0x00B5
[2994] [M]: 0x0000000080002EC0 (0x00B51513) slli x10, x10, 0xb                      inst_430+16
x10 <- 0x000CCCCCCCCCC800

mem[X,0x0000000080002EC4] -> 0x0513
mem[X,0x0000000080002EC6] -> 0x4CC5
[2995] [M]: 0x0000000080002EC4 (0x4CC50513) addi x10, x10, 0x4cc                    inst_430+20
x10 <- 0x000CCCCCCCCCCCCC

clint mtime 0x00000000000005DA (mip.MTI <- 0b1, mip.STI <- 0b0)
mem[X,0x0000000080002EC8] -> 0x1513
mem[X,0x0000000080002ECA] -> 0x00A5
[2996] [M]: 0x0000000080002EC8 (0x00A51513) slli x10, x10, 0xa                      inst_430+24
x10 <- 0x3333333333333000

mem[X,0x0000000080002ECC] -> 0x0513
mem[X,0x0000000080002ECE] -> 0x3345
[2997] [M]: 0x0000000080002ECC (0x33450513) addi x10, x10, 0x334                    inst_430+28
x10 <- 0x3333333333333334

clint mtime 0x00000000000005DB (mip.MTI <- 0b1, mip.STI <- 0b0)
mem[X,0x0000000080002ED0] -> 0x2593
mem[X,0x0000000080002ED2] -> 0x0065
[2998] [M]: 0x0000000080002ED0 (0x00652593) slti x11, x10, 0x6                      inst_430+32
x11 <- 0x0000000000000000

mem[X,0x0000000080002ED4] -> 0x3023
mem[X,0x0000000080002ED6] -> 0x4CB1
[2999] [M]: 0x0000000080002ED4 (0x4CB13023) sd x11, 0x4c0(x2)                       inst_430+36
mem[W,0x0000000080007E88] <- 0x0000000000000000

clint mtime 0x00000000000005DC (mip.MTI <- 0b1, mip.STI <- 0b0)
mem[X,0x0000000080002ED8] -> 0x3537
mem[X,0x0000000080002EDA] -> 0x3333
[3000] [M]: 0x0000000080002ED8 (0x33333537) lui x10, 0x33333                        inst_431+0
x10 <- 0x0000000033333000

mem[X,0x0000000080002EDC] -> 0x0513
mem[X,0x0000000080002EDE] -> 0x3335
[3001] [M]: 0x0000000080002EDC (0x33350513) addi x10, x10, 0x333                    inst_431+4
x10 <- 0x0000000033333333

clint mtime 0x00000000000005DD (mip.MTI <- 0b1, mip.STI <- 0b0)
mem[X,0x0000000080002EE0] -> 0x1513
mem[X,0x0000000080002EE2] -> 0x00B5
[3002] [M]: 0x0000000080002EE0 (0x00B51513) slli x10, x10, 0xb                      inst_431+8
x10 <- 0x0000019999999800

mem[X,0x0000000080002EE4] -> 0x0513
mem[X,0x0000000080002EE6] -> 0x1995
[3003] [M]: 0x0000000080002EE4 (0x19950513) addi x10, x10, 0x199                    inst_431+12
x10 <- 0x0000019999999999

clint mtime 0x00000000000005DE (mip.MTI <- 0b1, mip.STI <- 0b0)
mem[X,0x0000000080002EE8] -> 0x1513
mem[X,0x0000000080002EEA] -> 0x00B5
[3004] [M]: 0x0000000080002EE8 (0x00B51513) slli x10, x10, 0xb                      inst_431+16
x10 <- 0x000CCCCCCCCCC800

mem[X,0x0000000080002EEC] -> 0x0513
mem[X,0x0000000080002EEE] -> 0x4CC5
[3005] [M]: 0x0000000080002EEC (0x4CC50513) addi x10, x10, 0x4cc                    inst_431+20
x10 <- 0x000CCCCCCCCCCCCC

clint mtime 0x00000000000005DF (mip.MTI <- 0b1, mip.STI <- 0b0)
mem[X,0x0000000080002EF0] -> 0x1513
mem[X,0x0000000080002EF2] -> 0x00A5
[3006] [M]: 0x0000000080002EF0 (0x00A51513) slli x10, x10, 0xa                      inst_431+24
x10 <- 0x3333333333333000

mem[X,0x0000000080002EF4] -> 0x0513
mem[X,0x0000000080002EF6] -> 0x3345
[3007] [M]: 0x0000000080002EF4 (0x33450513) addi x10, x10, 0x334                    inst_431+28
x10 <- 0x3333333333333334

clint mtime 0x00000000000005E0 (mip.MTI <- 0b1, mip.STI <- 0b0)
mem[X,0x0000000080002EF8] -> 0x2593
mem[X,0x0000000080002EFA] -> 0x3345
[3008] [M]: 0x0000000080002EF8 (0x33452593) slti x11, x10, 0x334                    inst_431+32
x11 <- 0x0000000000000000

mem[X,0x0000000080002EFC] -> 0x3423
mem[X,0x0000000080002EFE] -> 0x4CB1
[3009] [M]: 0x0000000080002EFC (0x4CB13423) sd x11, 0x4c8(x2)                       inst_431+36
mem[W,0x0000000080007E90] <- 0x0000000000000000

clint mtime 0x00000000000005E1 (mip.MTI <- 0b1, mip.STI <- 0b0)
mem[X,0x0000000080002F00] -> 0x3537
mem[X,0x0000000080002F02] -> 0x3333
[3010] [M]: 0x0000000080002F00 (0x33333537) lui x10, 0x33333                        inst_432+0
x10 <- 0x0000000033333000

mem[X,0x0000000080002F04] -> 0x0513
mem[X,0x0000000080002F06] -> 0x3335
[3011] [M]: 0x0000000080002F04 (0x33350513) addi x10, x10, 0x333                    inst_432+4
x10 <- 0x0000000033333333

clint mtime 0x00000000000005E2 (mip.MTI <- 0b1, mip.STI <- 0b0)
mem[X,0x0000000080002F08] -> 0x1513
mem[X,0x0000000080002F0A] -> 0x00B5
[3012] [M]: 0x0000000080002F08 (0x00B51513) slli x10, x10, 0xb                      inst_432+8
x10 <- 0x0000019999999800

mem[X,0x0000000080002F0C] -> 0x0513
mem[X,0x0000000080002F0E] -> 0x1995
[3013] [M]: 0x0000000080002F0C (0x19950513) addi x10, x10, 0x199                    inst_432+12
x10 <- 0x0000019999999999

clint mtime 0x00000000000005E3 (mip.MTI <- 0b1, mip.STI <- 0b0)
mem[X,0x0000000080002F10] -> 0x1513
mem[X,0x0000000080002F12] -> 0x00B5
[3014] [M]: 0x0000000080002F10 (0x00B51513) slli x10, x10, 0xb                      inst_432+16
x10 <- 0x000CCCCCCCCCC800

mem[X,0x0000000080002F14] -> 0x0513
mem[X,0x0000000080002F16] -> 0x4CC5
[3015] [M]: 0x0000000080002F14 (0x4CC50513) addi x10, x10, 0x4cc                    inst_432+20
x10 <- 0x000CCCCCCCCCCCCC

clint mtime 0x00000000000005E4 (mip.MTI <- 0b1, mip.STI <- 0b0)
mem[X,0x0000000080002F18] -> 0x1513
mem[X,0x0000000080002F1A] -> 0x00A5
[3016] [M]: 0x0000000080002F18 (0x00A51513) slli x10, x10, 0xa                      inst_432+24
x10 <- 0x3333333333333000

mem[X,0x0000000080002F1C] -> 0x0513
mem[X,0x0000000080002F1E] -> 0x3345
[3017] [M]: 0x0000000080002F1C (0x33450513) addi x10, x10, 0x334                    inst_432+28
x10 <- 0x3333333333333334

clint mtime 0x00000000000005E5 (mip.MTI <- 0b1, mip.STI <- 0b0)
mem[X,0x0000000080002F20] -> 0x2593
mem[X,0x0000000080002F22] -> 0x6675
[3018] [M]: 0x0000000080002F20 (0x66752593) slti x11, x10, 0x667                    inst_432+32
x11 <- 0x0000000000000000

mem[X,0x0000000080002F24] -> 0x3823
mem[X,0x0000000080002F26] -> 0x4CB1
[3019] [M]: 0x0000000080002F24 (0x4CB13823) sd x11, 0x4d0(x2)                       inst_432+36
mem[W,0x0000000080007E98] <- 0x0000000000000000

clint mtime 0x00000000000005E6 (mip.MTI <- 0b1, mip.STI <- 0b0)
mem[X,0x0000000080002F28] -> 0x3537
mem[X,0x0000000080002F2A] -> 0x3333
[3020] [M]: 0x0000000080002F28 (0x33333537) lui x10, 0x33333                        inst_433+0
x10 <- 0x0000000033333000

mem[X,0x0000000080002F2C] -> 0x0513
mem[X,0x0000000080002F2E] -> 0x3335
[3021] [M]: 0x0000000080002F2C (0x33350513) addi x10, x10, 0x333                    inst_433+4
x10 <- 0x0000000033333333

clint mtime 0x00000000000005E7 (mip.MTI <- 0b1, mip.STI <- 0b0)
mem[X,0x0000000080002F30] -> 0x1513
mem[X,0x0000000080002F32] -> 0x00B5
[3022] [M]: 0x0000000080002F30 (0x00B51513) slli x10, x10, 0xb                      inst_433+8
x10 <- 0x0000019999999800

mem[X,0x0000000080002F34] -> 0x0513
mem[X,0x0000000080002F36] -> 0x1995
[3023] [M]: 0x0000000080002F34 (0x19950513) addi x10, x10, 0x199                    inst_433+12
x10 <- 0x0000019999999999

clint mtime 0x00000000000005E8 (mip.MTI <- 0b1, mip.STI <- 0b0)
mem[X,0x0000000080002F38] -> 0x1513
mem[X,0x0000000080002F3A] -> 0x00B5
[3024] [M]: 0x0000000080002F38 (0x00B51513) slli x10, x10, 0xb                      inst_433+16
x10 <- 0x000CCCCCCCCCC800

mem[X,0x0000000080002F3C] -> 0x0513
mem[X,0x0000000080002F3E] -> 0x4CC5
[3025] [M]: 0x0000000080002F3C (0x4CC50513) addi x10, x10, 0x4cc                    inst_433+20
x10 <- 0x000CCCCCCCCCCCCC

clint mtime 0x00000000000005E9 (mip.MTI <- 0b1, mip.STI <- 0b0)
mem[X,0x0000000080002F40] -> 0x1513
mem[X,0x0000000080002F42] -> 0x00A5
[3026] [M]: 0x0000000080002F40 (0x00A51513) slli x10, x10, 0xa                      inst_433+24
x10 <- 0x3333333333333000

mem[X,0x0000000080002F44] -> 0x0513
mem[X,0x0000000080002F46] -> 0x3345
[3027] [M]: 0x0000000080002F44 (0x33450513) addi x10, x10, 0x334                    inst_433+28
x10 <- 0x3333333333333334

clint mtime 0x00000000000005EA (mip.MTI <- 0b1, mip.STI <- 0b0)
mem[X,0x0000000080002F48] -> 0x2593
mem[X,0x0000000080002F4A] -> 0xFD45
[3028] [M]: 0x0000000080002F48 (0xFD452593) slti x11, x10, -0x2c                    inst_433+32
x11 <- 0x0000000000000000

mem[X,0x0000000080002F4C] -> 0x3C23
mem[X,0x0000000080002F4E] -> 0x4CB1
[3029] [M]: 0x0000000080002F4C (0x4CB13C23) sd x11, 0x4d8(x2)                       inst_433+36
mem[W,0x0000000080007EA0] <- 0x0000000000000000

clint mtime 0x00000000000005EB (mip.MTI <- 0b1, mip.STI <- 0b0)
mem[X,0x0000000080002F50] -> 0x3537
mem[X,0x0000000080002F52] -> 0x3333
[3030] [M]: 0x0000000080002F50 (0x33333537) lui x10, 0x33333                        inst_434+0
x10 <- 0x0000000033333000

mem[X,0x0000000080002F54] -> 0x0513
mem[X,0x0000000080002F56] -> 0x3335
[3031] [M]: 0x0000000080002F54 (0x33350513) addi x10, x10, 0x333                    inst_434+4
x10 <- 0x0000000033333333

clint mtime 0x00000000000005EC (mip.MTI <- 0b1, mip.STI <- 0b0)
mem[X,0x0000000080002F58] -> 0x1513
mem[X,0x0000000080002F5A] -> 0x00B5
[3032] [M]: 0x0000000080002F58 (0x00B51513) slli x10, x10, 0xb                      inst_434+8
x10 <- 0x0000019999999800

mem[X,0x0000000080002F5C] -> 0x0513
mem[X,0x0000000080002F5E] -> 0x1995
[3033] [M]: 0x0000000080002F5C (0x19950513) addi x10, x10, 0x199                    inst_434+12
x10 <- 0x0000019999999999

clint mtime 0x00000000000005ED (mip.MTI <- 0b1, mip.STI <- 0b0)
mem[X,0x0000000080002F60] -> 0x1513
mem[X,0x0000000080002F62] -> 0x00B5
[3034] [M]: 0x0000000080002F60 (0x00B51513) slli x10, x10, 0xb                      inst_434+16
x10 <- 0x000CCCCCCCCCC800

mem[X,0x0000000080002F64] -> 0x0513
mem[X,0x0000000080002F66] -> 0x4CC5
[3035] [M]: 0x0000000080002F64 (0x4CC50513) addi x10, x10, 0x4cc                    inst_434+20
x10 <- 0x000CCCCCCCCCCCCC

clint mtime 0x00000000000005EE (mip.MTI <- 0b1, mip.STI <- 0b0)
mem[X,0x0000000080002F68] -> 0x1513
mem[X,0x0000000080002F6A] -> 0x00A5
[3036] [M]: 0x0000000080002F68 (0x00A51513) slli x10, x10, 0xa                      inst_434+24
x10 <- 0x3333333333333000

mem[X,0x0000000080002F6C] -> 0x0513
mem[X,0x0000000080002F6E] -> 0x3345
[3037] [M]: 0x0000000080002F6C (0x33450513) addi x10, x10, 0x334                    inst_434+28
x10 <- 0x3333333333333334

clint mtime 0x00000000000005EF (mip.MTI <- 0b1, mip.STI <- 0b0)
mem[X,0x0000000080002F70] -> 0x2593
mem[X,0x0000000080002F72] -> 0x02E5
[3038] [M]: 0x0000000080002F70 (0x02E52593) slti x11, x10, 0x2e                     inst_434+32
x11 <- 0x0000000000000000

mem[X,0x0000000080002F74] -> 0x3023
mem[X,0x0000000080002F76] -> 0x4EB1
[3039] [M]: 0x0000000080002F74 (0x4EB13023) sd x11, 0x4e0(x2)                       inst_434+36
mem[W,0x0000000080007EA8] <- 0x0000000000000000

clint mtime 0x00000000000005F0 (mip.MTI <- 0b1, mip.STI <- 0b0)
mem[X,0x0000000080002F78] -> 0x6537
mem[X,0x0000000080002F7A] -> 0x6666
[3040] [M]: 0x0000000080002F78 (0x66666537) lui x10, 0x66666                        inst_435+0
x10 <- 0x0000000066666000

mem[X,0x0000000080002F7C] -> 0x0513
mem[X,0x0000000080002F7E] -> 0x6665
[3041] [M]: 0x0000000080002F7C (0x66650513) addi x10, x10, 0x666                    inst_435+4
x10 <- 0x0000000066666666

clint mtime 0x00000000000005F1 (mip.MTI <- 0b1, mip.STI <- 0b0)
mem[X,0x0000000080002F80] -> 0x1513
mem[X,0x0000000080002F82] -> 0x00B5
[3042] [M]: 0x0000000080002F80 (0x00B51513) slli x10, x10, 0xb                      inst_435+8
x10 <- 0x0000033333333000

mem[X,0x0000000080002F84] -> 0x0513
mem[X,0x0000000080002F86] -> 0x3335
[3043] [M]: 0x0000000080002F84 (0x33350513) addi x10, x10, 0x333                    inst_435+12
x10 <- 0x0000033333333333

clint mtime 0x00000000000005F2 (mip.MTI <- 0b1, mip.STI <- 0b0)
mem[X,0x0000000080002F88] -> 0x1513
mem[X,0x0000000080002F8A] -> 0x00B5
[3044] [M]: 0x0000000080002F88 (0x00B51513) slli x10, x10, 0xb                      inst_435+16
x10 <- 0x0019999999999800

mem[X,0x0000000080002F8C] -> 0x0513
mem[X,0x0000000080002F8E] -> 0x1995
[3045] [M]: 0x0000000080002F8C (0x19950513) addi x10, x10, 0x199                    inst_435+20
x10 <- 0x0019999999999999

clint mtime 0x00000000000005F3 (mip.MTI <- 0b1, mip.STI <- 0b0)
mem[X,0x0000000080002F90] -> 0x1513
mem[X,0x0000000080002F92] -> 0x00A5
[3046] [M]: 0x0000000080002F90 (0x00A51513) slli x10, x10, 0xa                      inst_435+24
x10 <- 0x6666666666666400

mem[X,0x0000000080002F94] -> 0x0513
mem[X,0x0000000080002F96] -> 0x2675
[3047] [M]: 0x0000000080002F94 (0x26750513) addi x10, x10, 0x267                    inst_435+28
x10 <- 0x6666666666666667

clint mtime 0x00000000000005F4 (mip.MTI <- 0b1, mip.STI <- 0b0)
mem[X,0x0000000080002F98] -> 0x2593
mem[X,0x0000000080002F9A] -> 0x0035
[3048] [M]: 0x0000000080002F98 (0x00352593) slti x11, x10, 0x3                      inst_435+32
x11 <- 0x0000000000000000

mem[X,0x0000000080002F9C] -> 0x3423
mem[X,0x0000000080002F9E] -> 0x4EB1
[3049] [M]: 0x0000000080002F9C (0x4EB13423) sd x11, 0x4e8(x2)                       inst_435+36
mem[W,0x0000000080007EB0] <- 0x0000000000000000

clint mtime 0x00000000000005F5 (mip.MTI <- 0b1, mip.STI <- 0b0)
mem[X,0x0000000080002FA0] -> 0x6537
mem[X,0x0000000080002FA2] -> 0x6666
[3050] [M]: 0x0000000080002FA0 (0x66666537) lui x10, 0x66666                        inst_436+0
x10 <- 0x0000000066666000

mem[X,0x0000000080002FA4] -> 0x0513
mem[X,0x0000000080002FA6] -> 0x6665
[3051] [M]: 0x0000000080002FA4 (0x66650513) addi x10, x10, 0x666                    inst_436+4
x10 <- 0x0000000066666666

clint mtime 0x00000000000005F6 (mip.MTI <- 0b1, mip.STI <- 0b0)
mem[X,0x0000000080002FA8] -> 0x1513
mem[X,0x0000000080002FAA] -> 0x00B5
[3052] [M]: 0x0000000080002FA8 (0x00B51513) slli x10, x10, 0xb                      inst_436+8
x10 <- 0x0000033333333000

mem[X,0x0000000080002FAC] -> 0x0513
mem[X,0x0000000080002FAE] -> 0x3335
[3053] [M]: 0x0000000080002FAC (0x33350513) addi x10, x10, 0x333                    inst_436+12
x10 <- 0x0000033333333333

clint mtime 0x00000000000005F7 (mip.MTI <- 0b1, mip.STI <- 0b0)
mem[X,0x0000000080002FB0] -> 0x1513
mem[X,0x0000000080002FB2] -> 0x00B5
[3054] [M]: 0x0000000080002FB0 (0x00B51513) slli x10, x10, 0xb                      inst_436+16
x10 <- 0x0019999999999800

mem[X,0x0000000080002FB4] -> 0x0513
mem[X,0x0000000080002FB6] -> 0x1995
[3055] [M]: 0x0000000080002FB4 (0x19950513) addi x10, x10, 0x199                    inst_436+20
x10 <- 0x0019999999999999

clint mtime 0x00000000000005F8 (mip.MTI <- 0b1, mip.STI <- 0b0)
mem[X,0x0000000080002FB8] -> 0x1513
mem[X,0x0000000080002FBA] -> 0x00A5
[3056] [M]: 0x0000000080002FB8 (0x00A51513) slli x10, x10, 0xa                      inst_436+24
x10 <- 0x6666666666666400

mem[X,0x0000000080002FBC] -> 0x0513
mem[X,0x0000000080002FBE] -> 0x2675
[3057] [M]: 0x0000000080002FBC (0x26750513) addi x10, x10, 0x267                    inst_436+28
x10 <- 0x6666666666666667

clint mtime 0x00000000000005F9 (mip.MTI <- 0b1, mip.STI <- 0b0)
mem[X,0x0000000080002FC0] -> 0x2593
mem[X,0x0000000080002FC2] -> 0x5555
[3058] [M]: 0x0000000080002FC0 (0x55552593) slti x11, x10, 0x555                    inst_436+32
x11 <- 0x0000000000000000

mem[X,0x0000000080002FC4] -> 0x3823
mem[X,0x0000000080002FC6] -> 0x4EB1
[3059] [M]: 0x0000000080002FC4 (0x4EB13823) sd x11, 0x4f0(x2)                       inst_436+36
mem[W,0x0000000080007EB8] <- 0x0000000000000000

clint mtime 0x00000000000005FA (mip.MTI <- 0b1, mip.STI <- 0b0)
mem[X,0x0000000080002FC8] -> 0x6537
mem[X,0x0000000080002FCA] -> 0x6666
[3060] [M]: 0x0000000080002FC8 (0x66666537) lui x10, 0x66666                        inst_437+0
x10 <- 0x0000000066666000

mem[X,0x0000000080002FCC] -> 0x0513
mem[X,0x0000000080002FCE] -> 0x6665
[3061] [M]: 0x0000000080002FCC (0x66650513) addi x10, x10, 0x666                    inst_437+4
x10 <- 0x0000000066666666

clint mtime 0x00000000000005FB (mip.MTI <- 0b1, mip.STI <- 0b0)
mem[X,0x0000000080002FD0] -> 0x1513
mem[X,0x0000000080002FD2] -> 0x00B5
[3062] [M]: 0x0000000080002FD0 (0x00B51513) slli x10, x10, 0xb                      inst_437+8
x10 <- 0x0000033333333000

mem[X,0x0000000080002FD4] -> 0x0513
mem[X,0x0000000080002FD6] -> 0x3335
[3063] [M]: 0x0000000080002FD4 (0x33350513) addi x10, x10, 0x333                    inst_437+12
x10 <- 0x0000033333333333

clint mtime 0x00000000000005FC (mip.MTI <- 0b1, mip.STI <- 0b0)
mem[X,0x0000000080002FD8] -> 0x1513
mem[X,0x0000000080002FDA] -> 0x00B5
[3064] [M]: 0x0000000080002FD8 (0x00B51513) slli x10, x10, 0xb                      inst_437+16
x10 <- 0x0019999999999800

mem[X,0x0000000080002FDC] -> 0x0513
mem[X,0x0000000080002FDE] -> 0x1995
[3065] [M]: 0x0000000080002FDC (0x19950513) addi x10, x10, 0x199                    inst_437+20
x10 <- 0x0019999999999999

clint mtime 0x00000000000005FD (mip.MTI <- 0b1, mip.STI <- 0b0)
mem[X,0x0000000080002FE0] -> 0x1513
mem[X,0x0000000080002FE2] -> 0x00A5
[3066] [M]: 0x0000000080002FE0 (0x00A51513) slli x10, x10, 0xa                      inst_437+24
x10 <- 0x6666666666666400

mem[X,0x0000000080002FE4] -> 0x0513
mem[X,0x0000000080002FE6] -> 0x2675
[3067] [M]: 0x0000000080002FE4 (0x26750513) addi x10, x10, 0x267                    inst_437+28
x10 <- 0x6666666666666667

clint mtime 0x00000000000005FE (mip.MTI <- 0b1, mip.STI <- 0b0)
mem[X,0x0000000080002FE8] -> 0x2593
mem[X,0x0000000080002FEA] -> 0xAAA5
[3068] [M]: 0x0000000080002FE8 (0xAAA52593) slti x11, x10, -0x556                   inst_437+32
x11 <- 0x0000000000000000

mem[X,0x0000000080002FEC] -> 0x3C23
mem[X,0x0000000080002FEE] -> 0x4EB1
[3069] [M]: 0x0000000080002FEC (0x4EB13C23) sd x11, 0x4f8(x2)                       inst_437+36
mem[W,0x0000000080007EC0] <- 0x0000000000000000

clint mtime 0x00000000000005FF (mip.MTI <- 0b1, mip.STI <- 0b0)
mem[X,0x0000000080002FF0] -> 0x6537
mem[X,0x0000000080002FF2] -> 0x6666
[3070] [M]: 0x0000000080002FF0 (0x66666537) lui x10, 0x66666                        inst_438+0
x10 <- 0x0000000066666000

mem[X,0x0000000080002FF4] -> 0x0513
mem[X,0x0000000080002FF6] -> 0x6665
[3071] [M]: 0x0000000080002FF4 (0x66650513) addi x10, x10, 0x666                    inst_438+4
x10 <- 0x0000000066666666

clint mtime 0x0000000000000600 (mip.MTI <- 0b1, mip.STI <- 0b0)
mem[X,0x0000000080002FF8] -> 0x1513
mem[X,0x0000000080002FFA] -> 0x00B5
[3072] [M]: 0x0000000080002FF8 (0x00B51513) slli x10, x10, 0xb                      inst_438+8
x10 <- 0x0000033333333000

mem[X,0x0000000080002FFC] -> 0x0513
mem[X,0x0000000080002FFE] -> 0x3335
[3073] [M]: 0x0000000080002FFC (0x33350513) addi x10, x10, 0x333                    inst_438+12
x10 <- 0x0000033333333333

clint mtime 0x0000000000000601 (mip.MTI <- 0b1, mip.STI <- 0b0)
mem[X,0x0000000080003000] -> 0x1513
mem[X,0x0000000080003002] -> 0x00B5
[3074] [M]: 0x0000000080003000 (0x00B51513) slli x10, x10, 0xb                      inst_438+16
x10 <- 0x0019999999999800

mem[X,0x0000000080003004] -> 0x0513
mem[X,0x0000000080003006] -> 0x1995
[3075] [M]: 0x0000000080003004 (0x19950513) addi x10, x10, 0x199                    inst_438+20
x10 <- 0x0019999999999999

clint mtime 0x0000000000000602 (mip.MTI <- 0b1, mip.STI <- 0b0)
mem[X,0x0000000080003008] -> 0x1513
mem[X,0x000000008000300A] -> 0x00A5
[3076] [M]: 0x0000000080003008 (0x00A51513) slli x10, x10, 0xa                      inst_438+24
x10 <- 0x6666666666666400

mem[X,0x000000008000300C] -> 0x0513
mem[X,0x000000008000300E] -> 0x2675
[3077] [M]: 0x000000008000300C (0x26750513) addi x10, x10, 0x267                    inst_438+28
x10 <- 0x6666666666666667

clint mtime 0x0000000000000603 (mip.MTI <- 0b1, mip.STI <- 0b0)
mem[X,0x0000000080003010] -> 0x2593
mem[X,0x0000000080003012] -> 0x0055
[3078] [M]: 0x0000000080003010 (0x00552593) slti x11, x10, 0x5                      inst_438+32
x11 <- 0x0000000000000000

mem[X,0x0000000080003014] -> 0x3023
mem[X,0x0000000080003016] -> 0x50B1
[3079] [M]: 0x0000000080003014 (0x50B13023) sd x11, 0x500(x2)                       inst_438+36
mem[W,0x0000000080007EC8] <- 0x0000000000000000

clint mtime 0x0000000000000604 (mip.MTI <- 0b1, mip.STI <- 0b0)
mem[X,0x0000000080003018] -> 0x6537
mem[X,0x000000008000301A] -> 0x6666
[3080] [M]: 0x0000000080003018 (0x66666537) lui x10, 0x66666                        inst_439+0
x10 <- 0x0000000066666000

mem[X,0x000000008000301C] -> 0x0513
mem[X,0x000000008000301E] -> 0x6665
[3081] [M]: 0x000000008000301C (0x66650513) addi x10, x10, 0x666                    inst_439+4
x10 <- 0x0000000066666666

clint mtime 0x0000000000000605 (mip.MTI <- 0b1, mip.STI <- 0b0)
mem[X,0x0000000080003020] -> 0x1513
mem[X,0x0000000080003022] -> 0x00B5
[3082] [M]: 0x0000000080003020 (0x00B51513) slli x10, x10, 0xb                      inst_439+8
x10 <- 0x0000033333333000

mem[X,0x0000000080003024] -> 0x0513
mem[X,0x0000000080003026] -> 0x3335
[3083] [M]: 0x0000000080003024 (0x33350513) addi x10, x10, 0x333                    inst_439+12
x10 <- 0x0000033333333333

clint mtime 0x0000000000000606 (mip.MTI <- 0b1, mip.STI <- 0b0)
mem[X,0x0000000080003028] -> 0x1513
mem[X,0x000000008000302A] -> 0x00B5
[3084] [M]: 0x0000000080003028 (0x00B51513) slli x10, x10, 0xb                      inst_439+16
x10 <- 0x0019999999999800

mem[X,0x000000008000302C] -> 0x0513
mem[X,0x000000008000302E] -> 0x1995
[3085] [M]: 0x000000008000302C (0x19950513) addi x10, x10, 0x199                    inst_439+20
x10 <- 0x0019999999999999

clint mtime 0x0000000000000607 (mip.MTI <- 0b1, mip.STI <- 0b0)
mem[X,0x0000000080003030] -> 0x1513
mem[X,0x0000000080003032] -> 0x00A5
[3086] [M]: 0x0000000080003030 (0x00A51513) slli x10, x10, 0xa                      inst_439+24
x10 <- 0x6666666666666400

mem[X,0x0000000080003034] -> 0x0513
mem[X,0x0000000080003036] -> 0x2675
[3087] [M]: 0x0000000080003034 (0x26750513) addi x10, x10, 0x267                    inst_439+28
x10 <- 0x6666666666666667

clint mtime 0x0000000000000608 (mip.MTI <- 0b1, mip.STI <- 0b0)
mem[X,0x0000000080003038] -> 0x2593
mem[X,0x000000008000303A] -> 0x3335
[3088] [M]: 0x0000000080003038 (0x33352593) slti x11, x10, 0x333                    inst_439+32
x11 <- 0x0000000000000000

mem[X,0x000000008000303C] -> 0x3423
mem[X,0x000000008000303E] -> 0x50B1
[3089] [M]: 0x000000008000303C (0x50B13423) sd x11, 0x508(x2)                       inst_439+36
mem[W,0x0000000080007ED0] <- 0x0000000000000000

clint mtime 0x0000000000000609 (mip.MTI <- 0b1, mip.STI <- 0b0)
mem[X,0x0000000080003040] -> 0x6537
mem[X,0x0000000080003042] -> 0x6666
[3090] [M]: 0x0000000080003040 (0x66666537) lui x10, 0x66666                        inst_440+0
x10 <- 0x0000000066666000

mem[X,0x0000000080003044] -> 0x0513
mem[X,0x0000000080003046] -> 0x6665
[3091] [M]: 0x0000000080003044 (0x66650513) addi x10, x10, 0x666                    inst_440+4
x10 <- 0x0000000066666666

clint mtime 0x000000000000060A (mip.MTI <- 0b1, mip.STI <- 0b0)
mem[X,0x0000000080003048] -> 0x1513
mem[X,0x000000008000304A] -> 0x00B5
[3092] [M]: 0x0000000080003048 (0x00B51513) slli x10, x10, 0xb                      inst_440+8
x10 <- 0x0000033333333000

mem[X,0x000000008000304C] -> 0x0513
mem[X,0x000000008000304E] -> 0x3335
[3093] [M]: 0x000000008000304C (0x33350513) addi x10, x10, 0x333                    inst_440+12
x10 <- 0x0000033333333333

clint mtime 0x000000000000060B (mip.MTI <- 0b1, mip.STI <- 0b0)
mem[X,0x0000000080003050] -> 0x1513
mem[X,0x0000000080003052] -> 0x00B5
[3094] [M]: 0x0000000080003050 (0x00B51513) slli x10, x10, 0xb                      inst_440+16
x10 <- 0x0019999999999800

mem[X,0x0000000080003054] -> 0x0513
mem[X,0x0000000080003056] -> 0x1995
[3095] [M]: 0x0000000080003054 (0x19950513) addi x10, x10, 0x199                    inst_440+20
x10 <- 0x0019999999999999

clint mtime 0x000000000000060C (mip.MTI <- 0b1, mip.STI <- 0b0)
mem[X,0x0000000080003058] -> 0x1513
mem[X,0x000000008000305A] -> 0x00A5
[3096] [M]: 0x0000000080003058 (0x00A51513) slli x10, x10, 0xa                      inst_440+24
x10 <- 0x6666666666666400

mem[X,0x000000008000305C] -> 0x0513
mem[X,0x000000008000305E] -> 0x2675
[3097] [M]: 0x000000008000305C (0x26750513) addi x10, x10, 0x267                    inst_440+28
x10 <- 0x6666666666666667

clint mtime 0x000000000000060D (mip.MTI <- 0b1, mip.STI <- 0b0)
mem[X,0x0000000080003060] -> 0x2593
mem[X,0x0000000080003062] -> 0x6665
[3098] [M]: 0x0000000080003060 (0x66652593) slti x11, x10, 0x666                    inst_440+32
x11 <- 0x0000000000000000

mem[X,0x0000000080003064] -> 0x3823
mem[X,0x0000000080003066] -> 0x50B1
[3099] [M]: 0x0000000080003064 (0x50B13823) sd x11, 0x510(x2)                       inst_440+36
mem[W,0x0000000080007ED8] <- 0x0000000000000000

clint mtime 0x000000000000060E (mip.MTI <- 0b1, mip.STI <- 0b0)
mem[X,0x0000000080003068] -> 0x6537
mem[X,0x000000008000306A] -> 0x6666
[3100] [M]: 0x0000000080003068 (0x66666537) lui x10, 0x66666                        inst_441+0
x10 <- 0x0000000066666000

mem[X,0x000000008000306C] -> 0x0513
mem[X,0x000000008000306E] -> 0x6665
[3101] [M]: 0x000000008000306C (0x66650513) addi x10, x10, 0x666                    inst_441+4
x10 <- 0x0000000066666666

clint mtime 0x000000000000060F (mip.MTI <- 0b1, mip.STI <- 0b0)
mem[X,0x0000000080003070] -> 0x1513
mem[X,0x0000000080003072] -> 0x00B5
[3102] [M]: 0x0000000080003070 (0x00B51513) slli x10, x10, 0xb                      inst_441+8
x10 <- 0x0000033333333000

mem[X,0x0000000080003074] -> 0x0513
mem[X,0x0000000080003076] -> 0x3335
[3103] [M]: 0x0000000080003074 (0x33350513) addi x10, x10, 0x333                    inst_441+12
x10 <- 0x0000033333333333

clint mtime 0x0000000000000610 (mip.MTI <- 0b1, mip.STI <- 0b0)
mem[X,0x0000000080003078] -> 0x1513
mem[X,0x000000008000307A] -> 0x00B5
[3104] [M]: 0x0000000080003078 (0x00B51513) slli x10, x10, 0xb                      inst_441+16
x10 <- 0x0019999999999800

mem[X,0x000000008000307C] -> 0x0513
mem[X,0x000000008000307E] -> 0x1995
[3105] [M]: 0x000000008000307C (0x19950513) addi x10, x10, 0x199                    inst_441+20
x10 <- 0x0019999999999999

clint mtime 0x0000000000000611 (mip.MTI <- 0b1, mip.STI <- 0b0)
mem[X,0x0000000080003080] -> 0x1513
mem[X,0x0000000080003082] -> 0x00A5
[3106] [M]: 0x0000000080003080 (0x00A51513) slli x10, x10, 0xa                      inst_441+24
x10 <- 0x6666666666666400

mem[X,0x0000000080003084] -> 0x0513
mem[X,0x0000000080003086] -> 0x2675
[3107] [M]: 0x0000000080003084 (0x26750513) addi x10, x10, 0x267                    inst_441+28
x10 <- 0x6666666666666667

clint mtime 0x0000000000000612 (mip.MTI <- 0b1, mip.STI <- 0b0)
mem[X,0x0000000080003088] -> 0x2593
mem[X,0x000000008000308A] -> 0xFD35
[3108] [M]: 0x0000000080003088 (0xFD352593) slti x11, x10, -0x2d                    inst_441+32
x11 <- 0x0000000000000000

mem[X,0x000000008000308C] -> 0x3C23
mem[X,0x000000008000308E] -> 0x50B1
[3109] [M]: 0x000000008000308C (0x50B13C23) sd x11, 0x518(x2)                       inst_441+36
mem[W,0x0000000080007EE0] <- 0x0000000000000000

clint mtime 0x0000000000000613 (mip.MTI <- 0b1, mip.STI <- 0b0)
mem[X,0x0000000080003090] -> 0x6537
mem[X,0x0000000080003092] -> 0x6666
[3110] [M]: 0x0000000080003090 (0x66666537) lui x10, 0x66666                        inst_442+0
x10 <- 0x0000000066666000

mem[X,0x0000000080003094] -> 0x0513
mem[X,0x0000000080003096] -> 0x6665
[3111] [M]: 0x0000000080003094 (0x66650513) addi x10, x10, 0x666                    inst_442+4
x10 <- 0x0000000066666666

clint mtime 0x0000000000000614 (mip.MTI <- 0b1, mip.STI <- 0b0)
mem[X,0x0000000080003098] -> 0x1513
mem[X,0x000000008000309A] -> 0x00B5
[3112] [M]: 0x0000000080003098 (0x00B51513) slli x10, x10, 0xb                      inst_442+8
x10 <- 0x0000033333333000

mem[X,0x000000008000309C] -> 0x0513
mem[X,0x000000008000309E] -> 0x3335
[3113] [M]: 0x000000008000309C (0x33350513) addi x10, x10, 0x333                    inst_442+12
x10 <- 0x0000033333333333

clint mtime 0x0000000000000615 (mip.MTI <- 0b1, mip.STI <- 0b0)
mem[X,0x00000000800030A0] -> 0x1513
mem[X,0x00000000800030A2] -> 0x00B5
[3114] [M]: 0x00000000800030A0 (0x00B51513) slli x10, x10, 0xb                      inst_442+16
x10 <- 0x0019999999999800

mem[X,0x00000000800030A4] -> 0x0513
mem[X,0x00000000800030A6] -> 0x1995
[3115] [M]: 0x00000000800030A4 (0x19950513) addi x10, x10, 0x199                    inst_442+20
x10 <- 0x0019999999999999

clint mtime 0x0000000000000616 (mip.MTI <- 0b1, mip.STI <- 0b0)
mem[X,0x00000000800030A8] -> 0x1513
mem[X,0x00000000800030AA] -> 0x00A5
[3116] [M]: 0x00000000800030A8 (0x00A51513) slli x10, x10, 0xa                      inst_442+24
x10 <- 0x6666666666666400

mem[X,0x00000000800030AC] -> 0x0513
mem[X,0x00000000800030AE] -> 0x2675
[3117] [M]: 0x00000000800030AC (0x26750513) addi x10, x10, 0x267                    inst_442+28
x10 <- 0x6666666666666667

clint mtime 0x0000000000000617 (mip.MTI <- 0b1, mip.STI <- 0b0)
mem[X,0x00000000800030B0] -> 0x2593
mem[X,0x00000000800030B2] -> 0x02D5
[3118] [M]: 0x00000000800030B0 (0x02D52593) slti x11, x10, 0x2d                     inst_442+32
x11 <- 0x0000000000000000

mem[X,0x00000000800030B4] -> 0x3023
mem[X,0x00000000800030B6] -> 0x52B1
[3119] [M]: 0x00000000800030B4 (0x52B13023) sd x11, 0x520(x2)                       inst_442+36
mem[W,0x0000000080007EE8] <- 0x0000000000000000

clint mtime 0x0000000000000618 (mip.MTI <- 0b1, mip.STI <- 0b0)
mem[X,0x00000000800030B8] -> 0x6537
mem[X,0x00000000800030BA] -> 0x6666
[3120] [M]: 0x00000000800030B8 (0x66666537) lui x10, 0x66666                        inst_443+0
x10 <- 0x0000000066666000

mem[X,0x00000000800030BC] -> 0x0513
mem[X,0x00000000800030BE] -> 0x6665
[3121] [M]: 0x00000000800030BC (0x66650513) addi x10, x10, 0x666                    inst_443+4
x10 <- 0x0000000066666666

clint mtime 0x0000000000000619 (mip.MTI <- 0b1, mip.STI <- 0b0)
mem[X,0x00000000800030C0] -> 0x1513
mem[X,0x00000000800030C2] -> 0x00B5
[3122] [M]: 0x00000000800030C0 (0x00B51513) slli x10, x10, 0xb                      inst_443+8
x10 <- 0x0000033333333000

mem[X,0x00000000800030C4] -> 0x0513
mem[X,0x00000000800030C6] -> 0x3335
[3123] [M]: 0x00000000800030C4 (0x33350513) addi x10, x10, 0x333                    inst_443+12
x10 <- 0x0000033333333333

clint mtime 0x000000000000061A (mip.MTI <- 0b1, mip.STI <- 0b0)
mem[X,0x00000000800030C8] -> 0x1513
mem[X,0x00000000800030CA] -> 0x00B5
[3124] [M]: 0x00000000800030C8 (0x00B51513) slli x10, x10, 0xb                      inst_443+16
x10 <- 0x0019999999999800

mem[X,0x00000000800030CC] -> 0x0513
mem[X,0x00000000800030CE] -> 0x1995
[3125] [M]: 0x00000000800030CC (0x19950513) addi x10, x10, 0x199                    inst_443+20
x10 <- 0x0019999999999999

clint mtime 0x000000000000061B (mip.MTI <- 0b1, mip.STI <- 0b0)
mem[X,0x00000000800030D0] -> 0x1513
mem[X,0x00000000800030D2] -> 0x00A5
[3126] [M]: 0x00000000800030D0 (0x00A51513) slli x10, x10, 0xa                      inst_443+24
x10 <- 0x6666666666666400

mem[X,0x00000000800030D4] -> 0x0513
mem[X,0x00000000800030D6] -> 0x2675
[3127] [M]: 0x00000000800030D4 (0x26750513) addi x10, x10, 0x267                    inst_443+28
x10 <- 0x6666666666666667

clint mtime 0x000000000000061C (mip.MTI <- 0b1, mip.STI <- 0b0)
mem[X,0x00000000800030D8] -> 0x2593
mem[X,0x00000000800030DA] -> 0x0025
[3128] [M]: 0x00000000800030D8 (0x00252593) slti x11, x10, 0x2                      inst_443+32
x11 <- 0x0000000000000000

mem[X,0x00000000800030DC] -> 0x3423
mem[X,0x00000000800030DE] -> 0x52B1
[3129] [M]: 0x00000000800030DC (0x52B13423) sd x11, 0x528(x2)                       inst_443+36
mem[W,0x0000000080007EF0] <- 0x0000000000000000

clint mtime 0x000000000000061D (mip.MTI <- 0b1, mip.STI <- 0b0)
mem[X,0x00000000800030E0] -> 0x6537
mem[X,0x00000000800030E2] -> 0x6666
[3130] [M]: 0x00000000800030E0 (0x66666537) lui x10, 0x66666                        inst_444+0
x10 <- 0x0000000066666000

mem[X,0x00000000800030E4] -> 0x0513
mem[X,0x00000000800030E6] -> 0x6665
[3131] [M]: 0x00000000800030E4 (0x66650513) addi x10, x10, 0x666                    inst_444+4
x10 <- 0x0000000066666666

clint mtime 0x000000000000061E (mip.MTI <- 0b1, mip.STI <- 0b0)
mem[X,0x00000000800030E8] -> 0x1513
mem[X,0x00000000800030EA] -> 0x00B5
[3132] [M]: 0x00000000800030E8 (0x00B51513) slli x10, x10, 0xb                      inst_444+8
x10 <- 0x0000033333333000

mem[X,0x00000000800030EC] -> 0x0513
mem[X,0x00000000800030EE] -> 0x3335
[3133] [M]: 0x00000000800030EC (0x33350513) addi x10, x10, 0x333                    inst_444+12
x10 <- 0x0000033333333333

clint mtime 0x000000000000061F (mip.MTI <- 0b1, mip.STI <- 0b0)
mem[X,0x00000000800030F0] -> 0x1513
mem[X,0x00000000800030F2] -> 0x00B5
[3134] [M]: 0x00000000800030F0 (0x00B51513) slli x10, x10, 0xb                      inst_444+16
x10 <- 0x0019999999999800

mem[X,0x00000000800030F4] -> 0x0513
mem[X,0x00000000800030F6] -> 0x1995
[3135] [M]: 0x00000000800030F4 (0x19950513) addi x10, x10, 0x199                    inst_444+20
x10 <- 0x0019999999999999

clint mtime 0x0000000000000620 (mip.MTI <- 0b1, mip.STI <- 0b0)
mem[X,0x00000000800030F8] -> 0x1513
mem[X,0x00000000800030FA] -> 0x00A5
[3136] [M]: 0x00000000800030F8 (0x00A51513) slli x10, x10, 0xa                      inst_444+24
x10 <- 0x6666666666666400

mem[X,0x00000000800030FC] -> 0x0513
mem[X,0x00000000800030FE] -> 0x2675
[3137] [M]: 0x00000000800030FC (0x26750513) addi x10, x10, 0x267                    inst_444+28
x10 <- 0x6666666666666667

clint mtime 0x0000000000000621 (mip.MTI <- 0b1, mip.STI <- 0b0)
mem[X,0x0000000080003100] -> 0x2593
mem[X,0x0000000080003102] -> 0x5545
[3138] [M]: 0x0000000080003100 (0x55452593) slti x11, x10, 0x554                    inst_444+32
x11 <- 0x0000000000000000

mem[X,0x0000000080003104] -> 0x3823
mem[X,0x0000000080003106] -> 0x52B1
[3139] [M]: 0x0000000080003104 (0x52B13823) sd x11, 0x530(x2)                       inst_444+36
mem[W,0x0000000080007EF8] <- 0x0000000000000000

clint mtime 0x0000000000000622 (mip.MTI <- 0b1, mip.STI <- 0b0)
mem[X,0x0000000080003108] -> 0x6537
mem[X,0x000000008000310A] -> 0x6666
[3140] [M]: 0x0000000080003108 (0x66666537) lui x10, 0x66666                        inst_445+0
x10 <- 0x0000000066666000

mem[X,0x000000008000310C] -> 0x0513
mem[X,0x000000008000310E] -> 0x6665
[3141] [M]: 0x000000008000310C (0x66650513) addi x10, x10, 0x666                    inst_445+4
x10 <- 0x0000000066666666

clint mtime 0x0000000000000623 (mip.MTI <- 0b1, mip.STI <- 0b0)
mem[X,0x0000000080003110] -> 0x1513
mem[X,0x0000000080003112] -> 0x00B5
[3142] [M]: 0x0000000080003110 (0x00B51513) slli x10, x10, 0xb                      inst_445+8
x10 <- 0x0000033333333000

mem[X,0x0000000080003114] -> 0x0513
mem[X,0x0000000080003116] -> 0x3335
[3143] [M]: 0x0000000080003114 (0x33350513) addi x10, x10, 0x333                    inst_445+12
x10 <- 0x0000033333333333

clint mtime 0x0000000000000624 (mip.MTI <- 0b1, mip.STI <- 0b0)
mem[X,0x0000000080003118] -> 0x1513
mem[X,0x000000008000311A] -> 0x00B5
[3144] [M]: 0x0000000080003118 (0x00B51513) slli x10, x10, 0xb                      inst_445+16
x10 <- 0x0019999999999800

mem[X,0x000000008000311C] -> 0x0513
mem[X,0x000000008000311E] -> 0x1995
[3145] [M]: 0x000000008000311C (0x19950513) addi x10, x10, 0x199                    inst_445+20
x10 <- 0x0019999999999999

clint mtime 0x0000000000000625 (mip.MTI <- 0b1, mip.STI <- 0b0)
mem[X,0x0000000080003120] -> 0x1513
mem[X,0x0000000080003122] -> 0x00A5
[3146] [M]: 0x0000000080003120 (0x00A51513) slli x10, x10, 0xa                      inst_445+24
x10 <- 0x6666666666666400

mem[X,0x0000000080003124] -> 0x0513
mem[X,0x0000000080003126] -> 0x2675
[3147] [M]: 0x0000000080003124 (0x26750513) addi x10, x10, 0x267                    inst_445+28
x10 <- 0x6666666666666667

clint mtime 0x0000000000000626 (mip.MTI <- 0b1, mip.STI <- 0b0)
mem[X,0x0000000080003128] -> 0x2593
mem[X,0x000000008000312A] -> 0x0005
[3148] [M]: 0x0000000080003128 (0x00052593) slti x11, x10, 0x0                      inst_445+32
x11 <- 0x0000000000000000

mem[X,0x000000008000312C] -> 0x3C23
mem[X,0x000000008000312E] -> 0x52B1
[3149] [M]: 0x000000008000312C (0x52B13C23) sd x11, 0x538(x2)                       inst_445+36
mem[W,0x0000000080007F00] <- 0x0000000000000000

clint mtime 0x0000000000000627 (mip.MTI <- 0b1, mip.STI <- 0b0)
mem[X,0x0000000080003130] -> 0x6537
mem[X,0x0000000080003132] -> 0x6666
[3150] [M]: 0x0000000080003130 (0x66666537) lui x10, 0x66666                        inst_446+0
x10 <- 0x0000000066666000

mem[X,0x0000000080003134] -> 0x0513
mem[X,0x0000000080003136] -> 0x6665
[3151] [M]: 0x0000000080003134 (0x66650513) addi x10, x10, 0x666                    inst_446+4
x10 <- 0x0000000066666666

clint mtime 0x0000000000000628 (mip.MTI <- 0b1, mip.STI <- 0b0)
mem[X,0x0000000080003138] -> 0x1513
mem[X,0x000000008000313A] -> 0x00B5
[3152] [M]: 0x0000000080003138 (0x00B51513) slli x10, x10, 0xb                      inst_446+8
x10 <- 0x0000033333333000

mem[X,0x000000008000313C] -> 0x0513
mem[X,0x000000008000313E] -> 0x3335
[3153] [M]: 0x000000008000313C (0x33350513) addi x10, x10, 0x333                    inst_446+12
x10 <- 0x0000033333333333

clint mtime 0x0000000000000629 (mip.MTI <- 0b1, mip.STI <- 0b0)
mem[X,0x0000000080003140] -> 0x1513
mem[X,0x0000000080003142] -> 0x00B5
[3154] [M]: 0x0000000080003140 (0x00B51513) slli x10, x10, 0xb                      inst_446+16
x10 <- 0x0019999999999800

mem[X,0x0000000080003144] -> 0x0513
mem[X,0x0000000080003146] -> 0x1995
[3155] [M]: 0x0000000080003144 (0x19950513) addi x10, x10, 0x199                    inst_446+20
x10 <- 0x0019999999999999

clint mtime 0x000000000000062A (mip.MTI <- 0b1, mip.STI <- 0b0)
mem[X,0x0000000080003148] -> 0x1513
mem[X,0x000000008000314A] -> 0x00A5
[3156] [M]: 0x0000000080003148 (0x00A51513) slli x10, x10, 0xa                      inst_446+24
x10 <- 0x6666666666666400

mem[X,0x000000008000314C] -> 0x0513
mem[X,0x000000008000314E] -> 0x2675
[3157] [M]: 0x000000008000314C (0x26750513) addi x10, x10, 0x267                    inst_446+28
x10 <- 0x6666666666666667

clint mtime 0x000000000000062B (mip.MTI <- 0b1, mip.STI <- 0b0)
mem[X,0x0000000080003150] -> 0x2593
mem[X,0x0000000080003152] -> 0x0045
[3158] [M]: 0x0000000080003150 (0x00452593) slti x11, x10, 0x4                      inst_446+32
x11 <- 0x0000000000000000

mem[X,0x0000000080003154] -> 0x3023
mem[X,0x0000000080003156] -> 0x54B1
[3159] [M]: 0x0000000080003154 (0x54B13023) sd x11, 0x540(x2)                       inst_446+36
mem[W,0x0000000080007F08] <- 0x0000000000000000

clint mtime 0x000000000000062C (mip.MTI <- 0b1, mip.STI <- 0b0)
mem[X,0x0000000080003158] -> 0x6537
mem[X,0x000000008000315A] -> 0x6666
[3160] [M]: 0x0000000080003158 (0x66666537) lui x10, 0x66666                        inst_447+0
x10 <- 0x0000000066666000

mem[X,0x000000008000315C] -> 0x0513
mem[X,0x000000008000315E] -> 0x6665
[3161] [M]: 0x000000008000315C (0x66650513) addi x10, x10, 0x666                    inst_447+4
x10 <- 0x0000000066666666

clint mtime 0x000000000000062D (mip.MTI <- 0b1, mip.STI <- 0b0)
mem[X,0x0000000080003160] -> 0x1513
mem[X,0x0000000080003162] -> 0x00B5
[3162] [M]: 0x0000000080003160 (0x00B51513) slli x10, x10, 0xb                      inst_447+8
x10 <- 0x0000033333333000

mem[X,0x0000000080003164] -> 0x0513
mem[X,0x0000000080003166] -> 0x3335
[3163] [M]: 0x0000000080003164 (0x33350513) addi x10, x10, 0x333                    inst_447+12
x10 <- 0x0000033333333333

clint mtime 0x000000000000062E (mip.MTI <- 0b1, mip.STI <- 0b0)
mem[X,0x0000000080003168] -> 0x1513
mem[X,0x000000008000316A] -> 0x00B5
[3164] [M]: 0x0000000080003168 (0x00B51513) slli x10, x10, 0xb                      inst_447+16
x10 <- 0x0019999999999800

mem[X,0x000000008000316C] -> 0x0513
mem[X,0x000000008000316E] -> 0x1995
[3165] [M]: 0x000000008000316C (0x19950513) addi x10, x10, 0x199                    inst_447+20
x10 <- 0x0019999999999999

clint mtime 0x000000000000062F (mip.MTI <- 0b1, mip.STI <- 0b0)
mem[X,0x0000000080003170] -> 0x1513
mem[X,0x0000000080003172] -> 0x00A5
[3166] [M]: 0x0000000080003170 (0x00A51513) slli x10, x10, 0xa                      inst_447+24
x10 <- 0x6666666666666400

mem[X,0x0000000080003174] -> 0x0513
mem[X,0x0000000080003176] -> 0x2675
[3167] [M]: 0x0000000080003174 (0x26750513) addi x10, x10, 0x267                    inst_447+28
x10 <- 0x6666666666666667

clint mtime 0x0000000000000630 (mip.MTI <- 0b1, mip.STI <- 0b0)
mem[X,0x0000000080003178] -> 0x2593
mem[X,0x000000008000317A] -> 0x3325
[3168] [M]: 0x0000000080003178 (0x33252593) slti x11, x10, 0x332                    inst_447+32
x11 <- 0x0000000000000000

mem[X,0x000000008000317C] -> 0x3423
mem[X,0x000000008000317E] -> 0x54B1
[3169] [M]: 0x000000008000317C (0x54B13423) sd x11, 0x548(x2)                       inst_447+36
mem[W,0x0000000080007F10] <- 0x0000000000000000

clint mtime 0x0000000000000631 (mip.MTI <- 0b1, mip.STI <- 0b0)
mem[X,0x0000000080003180] -> 0x6537
mem[X,0x0000000080003182] -> 0x6666
[3170] [M]: 0x0000000080003180 (0x66666537) lui x10, 0x66666                        inst_448+0
x10 <- 0x0000000066666000

mem[X,0x0000000080003184] -> 0x0513
mem[X,0x0000000080003186] -> 0x6665
[3171] [M]: 0x0000000080003184 (0x66650513) addi x10, x10, 0x666                    inst_448+4
x10 <- 0x0000000066666666

clint mtime 0x0000000000000632 (mip.MTI <- 0b1, mip.STI <- 0b0)
mem[X,0x0000000080003188] -> 0x1513
mem[X,0x000000008000318A] -> 0x00B5
[3172] [M]: 0x0000000080003188 (0x00B51513) slli x10, x10, 0xb                      inst_448+8
x10 <- 0x0000033333333000

mem[X,0x000000008000318C] -> 0x0513
mem[X,0x000000008000318E] -> 0x3335
[3173] [M]: 0x000000008000318C (0x33350513) addi x10, x10, 0x333                    inst_448+12
x10 <- 0x0000033333333333

clint mtime 0x0000000000000633 (mip.MTI <- 0b1, mip.STI <- 0b0)
mem[X,0x0000000080003190] -> 0x1513
mem[X,0x0000000080003192] -> 0x00B5
[3174] [M]: 0x0000000080003190 (0x00B51513) slli x10, x10, 0xb                      inst_448+16
x10 <- 0x0019999999999800

mem[X,0x0000000080003194] -> 0x0513
mem[X,0x0000000080003196] -> 0x1995
[3175] [M]: 0x0000000080003194 (0x19950513) addi x10, x10, 0x199                    inst_448+20
x10 <- 0x0019999999999999

clint mtime 0x0000000000000634 (mip.MTI <- 0b1, mip.STI <- 0b0)
mem[X,0x0000000080003198] -> 0x1513
mem[X,0x000000008000319A] -> 0x00A5
[3176] [M]: 0x0000000080003198 (0x00A51513) slli x10, x10, 0xa                      inst_448+24
x10 <- 0x6666666666666400

mem[X,0x000000008000319C] -> 0x0513
mem[X,0x000000008000319E] -> 0x2675
[3177] [M]: 0x000000008000319C (0x26750513) addi x10, x10, 0x267                    inst_448+28
x10 <- 0x6666666666666667

clint mtime 0x0000000000000635 (mip.MTI <- 0b1, mip.STI <- 0b0)
mem[X,0x00000000800031A0] -> 0x2593
mem[X,0x00000000800031A2] -> 0x6655
[3178] [M]: 0x00000000800031A0 (0x66552593) slti x11, x10, 0x665                    inst_448+32
x11 <- 0x0000000000000000

mem[X,0x00000000800031A4] -> 0x3823
mem[X,0x00000000800031A6] -> 0x54B1
[3179] [M]: 0x00000000800031A4 (0x54B13823) sd x11, 0x550(x2)                       inst_448+36
mem[W,0x0000000080007F18] <- 0x0000000000000000

clint mtime 0x0000000000000636 (mip.MTI <- 0b1, mip.STI <- 0b0)
mem[X,0x00000000800031A8] -> 0x6537
mem[X,0x00000000800031AA] -> 0x6666
[3180] [M]: 0x00000000800031A8 (0x66666537) lui x10, 0x66666                        inst_449+0
x10 <- 0x0000000066666000

mem[X,0x00000000800031AC] -> 0x0513
mem[X,0x00000000800031AE] -> 0x6665
[3181] [M]: 0x00000000800031AC (0x66650513) addi x10, x10, 0x666                    inst_449+4
x10 <- 0x0000000066666666

clint mtime 0x0000000000000637 (mip.MTI <- 0b1, mip.STI <- 0b0)
mem[X,0x00000000800031B0] -> 0x1513
mem[X,0x00000000800031B2] -> 0x00B5
[3182] [M]: 0x00000000800031B0 (0x00B51513) slli x10, x10, 0xb                      inst_449+8
x10 <- 0x0000033333333000

mem[X,0x00000000800031B4] -> 0x0513
mem[X,0x00000000800031B6] -> 0x3335
[3183] [M]: 0x00000000800031B4 (0x33350513) addi x10, x10, 0x333                    inst_449+12
x10 <- 0x0000033333333333

clint mtime 0x0000000000000638 (mip.MTI <- 0b1, mip.STI <- 0b0)
mem[X,0x00000000800031B8] -> 0x1513
mem[X,0x00000000800031BA] -> 0x00B5
[3184] [M]: 0x00000000800031B8 (0x00B51513) slli x10, x10, 0xb                      inst_449+16
x10 <- 0x0019999999999800

mem[X,0x00000000800031BC] -> 0x0513
mem[X,0x00000000800031BE] -> 0x1995
[3185] [M]: 0x00000000800031BC (0x19950513) addi x10, x10, 0x199                    inst_449+20
x10 <- 0x0019999999999999

clint mtime 0x0000000000000639 (mip.MTI <- 0b1, mip.STI <- 0b0)
mem[X,0x00000000800031C0] -> 0x1513
mem[X,0x00000000800031C2] -> 0x00A5
[3186] [M]: 0x00000000800031C0 (0x00A51513) slli x10, x10, 0xa                      inst_449+24
x10 <- 0x6666666666666400

mem[X,0x00000000800031C4] -> 0x0513
mem[X,0x00000000800031C6] -> 0x2675
[3187] [M]: 0x00000000800031C4 (0x26750513) addi x10, x10, 0x267                    inst_449+28
x10 <- 0x6666666666666667

clint mtime 0x000000000000063A (mip.MTI <- 0b1, mip.STI <- 0b0)
mem[X,0x00000000800031C8] -> 0x2593
mem[X,0x00000000800031CA] -> 0x02C5
[3188] [M]: 0x00000000800031C8 (0x02C52593) slti x11, x10, 0x2c                     inst_449+32
x11 <- 0x0000000000000000

mem[X,0x00000000800031CC] -> 0x3C23
mem[X,0x00000000800031CE] -> 0x54B1
[3189] [M]: 0x00000000800031CC (0x54B13C23) sd x11, 0x558(x2)                       inst_449+36
mem[W,0x0000000080007F20] <- 0x0000000000000000

clint mtime 0x000000000000063B (mip.MTI <- 0b1, mip.STI <- 0b0)
mem[X,0x00000000800031D0] -> 0x6537
mem[X,0x00000000800031D2] -> 0x6666
[3190] [M]: 0x00000000800031D0 (0x66666537) lui x10, 0x66666                        inst_450+0
x10 <- 0x0000000066666000

mem[X,0x00000000800031D4] -> 0x0513
mem[X,0x00000000800031D6] -> 0x6665
[3191] [M]: 0x00000000800031D4 (0x66650513) addi x10, x10, 0x666                    inst_450+4
x10 <- 0x0000000066666666

clint mtime 0x000000000000063C (mip.MTI <- 0b1, mip.STI <- 0b0)
mem[X,0x00000000800031D8] -> 0x1513
mem[X,0x00000000800031DA] -> 0x00B5
[3192] [M]: 0x00000000800031D8 (0x00B51513) slli x10, x10, 0xb                      inst_450+8
x10 <- 0x0000033333333000

mem[X,0x00000000800031DC] -> 0x0513
mem[X,0x00000000800031DE] -> 0x3335
[3193] [M]: 0x00000000800031DC (0x33350513) addi x10, x10, 0x333                    inst_450+12
x10 <- 0x0000033333333333

clint mtime 0x000000000000063D (mip.MTI <- 0b1, mip.STI <- 0b0)
mem[X,0x00000000800031E0] -> 0x1513
mem[X,0x00000000800031E2] -> 0x00B5
[3194] [M]: 0x00000000800031E0 (0x00B51513) slli x10, x10, 0xb                      inst_450+16
x10 <- 0x0019999999999800

mem[X,0x00000000800031E4] -> 0x0513
mem[X,0x00000000800031E6] -> 0x1995
[3195] [M]: 0x00000000800031E4 (0x19950513) addi x10, x10, 0x199                    inst_450+20
x10 <- 0x0019999999999999

clint mtime 0x000000000000063E (mip.MTI <- 0b1, mip.STI <- 0b0)
mem[X,0x00000000800031E8] -> 0x1513
mem[X,0x00000000800031EA] -> 0x00A5
[3196] [M]: 0x00000000800031E8 (0x00A51513) slli x10, x10, 0xa                      inst_450+24
x10 <- 0x6666666666666400

mem[X,0x00000000800031EC] -> 0x0513
mem[X,0x00000000800031EE] -> 0x2675
[3197] [M]: 0x00000000800031EC (0x26750513) addi x10, x10, 0x267                    inst_450+28
x10 <- 0x6666666666666667

clint mtime 0x000000000000063F (mip.MTI <- 0b1, mip.STI <- 0b0)
mem[X,0x00000000800031F0] -> 0x2593
mem[X,0x00000000800031F2] -> 0x5565
[3198] [M]: 0x00000000800031F0 (0x55652593) slti x11, x10, 0x556                    inst_450+32
x11 <- 0x0000000000000000

mem[X,0x00000000800031F4] -> 0x3023
mem[X,0x00000000800031F6] -> 0x56B1
[3199] [M]: 0x00000000800031F4 (0x56B13023) sd x11, 0x560(x2)                       inst_450+36
mem[W,0x0000000080007F28] <- 0x0000000000000000

clint mtime 0x0000000000000640 (mip.MTI <- 0b1, mip.STI <- 0b0)
mem[X,0x00000000800031F8] -> 0x6537
mem[X,0x00000000800031FA] -> 0x6666
[3200] [M]: 0x00000000800031F8 (0x66666537) lui x10, 0x66666                        inst_451+0
x10 <- 0x0000000066666000

mem[X,0x00000000800031FC] -> 0x0513
mem[X,0x00000000800031FE] -> 0x6665
[3201] [M]: 0x00000000800031FC (0x66650513) addi x10, x10, 0x666                    inst_451+4
x10 <- 0x0000000066666666

clint mtime 0x0000000000000641 (mip.MTI <- 0b1, mip.STI <- 0b0)
mem[X,0x0000000080003200] -> 0x1513
mem[X,0x0000000080003202] -> 0x00B5
[3202] [M]: 0x0000000080003200 (0x00B51513) slli x10, x10, 0xb                      inst_451+8
x10 <- 0x0000033333333000

mem[X,0x0000000080003204] -> 0x0513
mem[X,0x0000000080003206] -> 0x3335
[3203] [M]: 0x0000000080003204 (0x33350513) addi x10, x10, 0x333                    inst_451+12
x10 <- 0x0000033333333333

clint mtime 0x0000000000000642 (mip.MTI <- 0b1, mip.STI <- 0b0)
mem[X,0x0000000080003208] -> 0x1513
mem[X,0x000000008000320A] -> 0x00B5
[3204] [M]: 0x0000000080003208 (0x00B51513) slli x10, x10, 0xb                      inst_451+16
x10 <- 0x0019999999999800

mem[X,0x000000008000320C] -> 0x0513
mem[X,0x000000008000320E] -> 0x1995
[3205] [M]: 0x000000008000320C (0x19950513) addi x10, x10, 0x199                    inst_451+20
x10 <- 0x0019999999999999

clint mtime 0x0000000000000643 (mip.MTI <- 0b1, mip.STI <- 0b0)
mem[X,0x0000000080003210] -> 0x1513
mem[X,0x0000000080003212] -> 0x00A5
[3206] [M]: 0x0000000080003210 (0x00A51513) slli x10, x10, 0xa                      inst_451+24
x10 <- 0x6666666666666400

mem[X,0x0000000080003214] -> 0x0513
mem[X,0x0000000080003216] -> 0x2675
[3207] [M]: 0x0000000080003214 (0x26750513) addi x10, x10, 0x267                    inst_451+28
x10 <- 0x6666666666666667

clint mtime 0x0000000000000644 (mip.MTI <- 0b1, mip.STI <- 0b0)
mem[X,0x0000000080003218] -> 0x2593
mem[X,0x000000008000321A] -> 0xAAB5
[3208] [M]: 0x0000000080003218 (0xAAB52593) slti x11, x10, -0x555                   inst_451+32
x11 <- 0x0000000000000000

mem[X,0x000000008000321C] -> 0x3423
mem[X,0x000000008000321E] -> 0x56B1
[3209] [M]: 0x000000008000321C (0x56B13423) sd x11, 0x568(x2)                       inst_451+36
mem[W,0x0000000080007F30] <- 0x0000000000000000

clint mtime 0x0000000000000645 (mip.MTI <- 0b1, mip.STI <- 0b0)
mem[X,0x0000000080003220] -> 0x6537
mem[X,0x0000000080003222] -> 0x6666
[3210] [M]: 0x0000000080003220 (0x66666537) lui x10, 0x66666                        inst_452+0
x10 <- 0x0000000066666000

mem[X,0x0000000080003224] -> 0x0513
mem[X,0x0000000080003226] -> 0x6665
[3211] [M]: 0x0000000080003224 (0x66650513) addi x10, x10, 0x666                    inst_452+4
x10 <- 0x0000000066666666

clint mtime 0x0000000000000646 (mip.MTI <- 0b1, mip.STI <- 0b0)
mem[X,0x0000000080003228] -> 0x1513
mem[X,0x000000008000322A] -> 0x00B5
[3212] [M]: 0x0000000080003228 (0x00B51513) slli x10, x10, 0xb                      inst_452+8
x10 <- 0x0000033333333000

mem[X,0x000000008000322C] -> 0x0513
mem[X,0x000000008000322E] -> 0x3335
[3213] [M]: 0x000000008000322C (0x33350513) addi x10, x10, 0x333                    inst_452+12
x10 <- 0x0000033333333333

clint mtime 0x0000000000000647 (mip.MTI <- 0b1, mip.STI <- 0b0)
mem[X,0x0000000080003230] -> 0x1513
mem[X,0x0000000080003232] -> 0x00B5
[3214] [M]: 0x0000000080003230 (0x00B51513) slli x10, x10, 0xb                      inst_452+16
x10 <- 0x0019999999999800

mem[X,0x0000000080003234] -> 0x0513
mem[X,0x0000000080003236] -> 0x1995
[3215] [M]: 0x0000000080003234 (0x19950513) addi x10, x10, 0x199                    inst_452+20
x10 <- 0x0019999999999999

clint mtime 0x0000000000000648 (mip.MTI <- 0b1, mip.STI <- 0b0)
mem[X,0x0000000080003238] -> 0x1513
mem[X,0x000000008000323A] -> 0x00A5
[3216] [M]: 0x0000000080003238 (0x00A51513) slli x10, x10, 0xa                      inst_452+24
x10 <- 0x6666666666666400

mem[X,0x000000008000323C] -> 0x0513
mem[X,0x000000008000323E] -> 0x2675
[3217] [M]: 0x000000008000323C (0x26750513) addi x10, x10, 0x267                    inst_452+28
x10 <- 0x6666666666666667

clint mtime 0x0000000000000649 (mip.MTI <- 0b1, mip.STI <- 0b0)
mem[X,0x0000000080003240] -> 0x2593
mem[X,0x0000000080003242] -> 0x0065
[3218] [M]: 0x0000000080003240 (0x00652593) slti x11, x10, 0x6                      inst_452+32
x11 <- 0x0000000000000000

mem[X,0x0000000080003244] -> 0x3823
mem[X,0x0000000080003246] -> 0x56B1
[3219] [M]: 0x0000000080003244 (0x56B13823) sd x11, 0x570(x2)                       inst_452+36
mem[W,0x0000000080007F38] <- 0x0000000000000000

clint mtime 0x000000000000064A (mip.MTI <- 0b1, mip.STI <- 0b0)
mem[X,0x0000000080003248] -> 0x6537
mem[X,0x000000008000324A] -> 0x6666
[3220] [M]: 0x0000000080003248 (0x66666537) lui x10, 0x66666                        inst_453+0
x10 <- 0x0000000066666000

mem[X,0x000000008000324C] -> 0x0513
mem[X,0x000000008000324E] -> 0x6665
[3221] [M]: 0x000000008000324C (0x66650513) addi x10, x10, 0x666                    inst_453+4
x10 <- 0x0000000066666666

clint mtime 0x000000000000064B (mip.MTI <- 0b1, mip.STI <- 0b0)
mem[X,0x0000000080003250] -> 0x1513
mem[X,0x0000000080003252] -> 0x00B5
[3222] [M]: 0x0000000080003250 (0x00B51513) slli x10, x10, 0xb                      inst_453+8
x10 <- 0x0000033333333000

mem[X,0x0000000080003254] -> 0x0513
mem[X,0x0000000080003256] -> 0x3335
[3223] [M]: 0x0000000080003254 (0x33350513) addi x10, x10, 0x333                    inst_453+12
x10 <- 0x0000033333333333

clint mtime 0x000000000000064C (mip.MTI <- 0b1, mip.STI <- 0b0)
mem[X,0x0000000080003258] -> 0x1513
mem[X,0x000000008000325A] -> 0x00B5
[3224] [M]: 0x0000000080003258 (0x00B51513) slli x10, x10, 0xb                      inst_453+16
x10 <- 0x0019999999999800

mem[X,0x000000008000325C] -> 0x0513
mem[X,0x000000008000325E] -> 0x1995
[3225] [M]: 0x000000008000325C (0x19950513) addi x10, x10, 0x199                    inst_453+20
x10 <- 0x0019999999999999

clint mtime 0x000000000000064D (mip.MTI <- 0b1, mip.STI <- 0b0)
mem[X,0x0000000080003260] -> 0x1513
mem[X,0x0000000080003262] -> 0x00A5
[3226] [M]: 0x0000000080003260 (0x00A51513) slli x10, x10, 0xa                      inst_453+24
x10 <- 0x6666666666666400

mem[X,0x0000000080003264] -> 0x0513
mem[X,0x0000000080003266] -> 0x2675
[3227] [M]: 0x0000000080003264 (0x26750513) addi x10, x10, 0x267                    inst_453+28
x10 <- 0x6666666666666667

clint mtime 0x000000000000064E (mip.MTI <- 0b1, mip.STI <- 0b0)
mem[X,0x0000000080003268] -> 0x2593
mem[X,0x000000008000326A] -> 0x3345
[3228] [M]: 0x0000000080003268 (0x33452593) slti x11, x10, 0x334                    inst_453+32
x11 <- 0x0000000000000000

mem[X,0x000000008000326C] -> 0x3C23
mem[X,0x000000008000326E] -> 0x56B1
[3229] [M]: 0x000000008000326C (0x56B13C23) sd x11, 0x578(x2)                       inst_453+36
mem[W,0x0000000080007F40] <- 0x0000000000000000

clint mtime 0x000000000000064F (mip.MTI <- 0b1, mip.STI <- 0b0)
mem[X,0x0000000080003270] -> 0x6537
mem[X,0x0000000080003272] -> 0x6666
[3230] [M]: 0x0000000080003270 (0x66666537) lui x10, 0x66666                        inst_454+0
x10 <- 0x0000000066666000

mem[X,0x0000000080003274] -> 0x0513
mem[X,0x0000000080003276] -> 0x6665
[3231] [M]: 0x0000000080003274 (0x66650513) addi x10, x10, 0x666                    inst_454+4
x10 <- 0x0000000066666666

clint mtime 0x0000000000000650 (mip.MTI <- 0b1, mip.STI <- 0b0)
mem[X,0x0000000080003278] -> 0x1513
mem[X,0x000000008000327A] -> 0x00B5
[3232] [M]: 0x0000000080003278 (0x00B51513) slli x10, x10, 0xb                      inst_454+8
x10 <- 0x0000033333333000

mem[X,0x000000008000327C] -> 0x0513
mem[X,0x000000008000327E] -> 0x3335
[3233] [M]: 0x000000008000327C (0x33350513) addi x10, x10, 0x333                    inst_454+12
x10 <- 0x0000033333333333

clint mtime 0x0000000000000651 (mip.MTI <- 0b1, mip.STI <- 0b0)
mem[X,0x0000000080003280] -> 0x1513
mem[X,0x0000000080003282] -> 0x00B5
[3234] [M]: 0x0000000080003280 (0x00B51513) slli x10, x10, 0xb                      inst_454+16
x10 <- 0x0019999999999800

mem[X,0x0000000080003284] -> 0x0513
mem[X,0x0000000080003286] -> 0x1995
[3235] [M]: 0x0000000080003284 (0x19950513) addi x10, x10, 0x199                    inst_454+20
x10 <- 0x0019999999999999

clint mtime 0x0000000000000652 (mip.MTI <- 0b1, mip.STI <- 0b0)
mem[X,0x0000000080003288] -> 0x1513
mem[X,0x000000008000328A] -> 0x00A5
[3236] [M]: 0x0000000080003288 (0x00A51513) slli x10, x10, 0xa                      inst_454+24
x10 <- 0x6666666666666400

mem[X,0x000000008000328C] -> 0x0513
mem[X,0x000000008000328E] -> 0x2675
[3237] [M]: 0x000000008000328C (0x26750513) addi x10, x10, 0x267                    inst_454+28
x10 <- 0x6666666666666667

clint mtime 0x0000000000000653 (mip.MTI <- 0b1, mip.STI <- 0b0)
mem[X,0x0000000080003290] -> 0x2593
mem[X,0x0000000080003292] -> 0x6675
[3238] [M]: 0x0000000080003290 (0x66752593) slti x11, x10, 0x667                    inst_454+32
x11 <- 0x0000000000000000

mem[X,0x0000000080003294] -> 0x3023
mem[X,0x0000000080003296] -> 0x58B1
[3239] [M]: 0x0000000080003294 (0x58B13023) sd x11, 0x580(x2)                       inst_454+36
mem[W,0x0000000080007F48] <- 0x0000000000000000

clint mtime 0x0000000000000654 (mip.MTI <- 0b1, mip.STI <- 0b0)
mem[X,0x0000000080003298] -> 0x6537
mem[X,0x000000008000329A] -> 0x6666
[3240] [M]: 0x0000000080003298 (0x66666537) lui x10, 0x66666                        inst_455+0
x10 <- 0x0000000066666000

mem[X,0x000000008000329C] -> 0x0513
mem[X,0x000000008000329E] -> 0x6665
[3241] [M]: 0x000000008000329C (0x66650513) addi x10, x10, 0x666                    inst_455+4
x10 <- 0x0000000066666666

clint mtime 0x0000000000000655 (mip.MTI <- 0b1, mip.STI <- 0b0)
mem[X,0x00000000800032A0] -> 0x1513
mem[X,0x00000000800032A2] -> 0x00B5
[3242] [M]: 0x00000000800032A0 (0x00B51513) slli x10, x10, 0xb                      inst_455+8
x10 <- 0x0000033333333000

mem[X,0x00000000800032A4] -> 0x0513
mem[X,0x00000000800032A6] -> 0x3335
[3243] [M]: 0x00000000800032A4 (0x33350513) addi x10, x10, 0x333                    inst_455+12
x10 <- 0x0000033333333333

clint mtime 0x0000000000000656 (mip.MTI <- 0b1, mip.STI <- 0b0)
mem[X,0x00000000800032A8] -> 0x1513
mem[X,0x00000000800032AA] -> 0x00B5
[3244] [M]: 0x00000000800032A8 (0x00B51513) slli x10, x10, 0xb                      inst_455+16
x10 <- 0x0019999999999800

mem[X,0x00000000800032AC] -> 0x0513
mem[X,0x00000000800032AE] -> 0x1995
[3245] [M]: 0x00000000800032AC (0x19950513) addi x10, x10, 0x199                    inst_455+20
x10 <- 0x0019999999999999

clint mtime 0x0000000000000657 (mip.MTI <- 0b1, mip.STI <- 0b0)
mem[X,0x00000000800032B0] -> 0x1513
mem[X,0x00000000800032B2] -> 0x00A5
[3246] [M]: 0x00000000800032B0 (0x00A51513) slli x10, x10, 0xa                      inst_455+24
x10 <- 0x6666666666666400

mem[X,0x00000000800032B4] -> 0x0513
mem[X,0x00000000800032B6] -> 0x2675
[3247] [M]: 0x00000000800032B4 (0x26750513) addi x10, x10, 0x267                    inst_455+28
x10 <- 0x6666666666666667

clint mtime 0x0000000000000658 (mip.MTI <- 0b1, mip.STI <- 0b0)
mem[X,0x00000000800032B8] -> 0x2593
mem[X,0x00000000800032BA] -> 0xFD45
[3248] [M]: 0x00000000800032B8 (0xFD452593) slti x11, x10, -0x2c                    inst_455+32
x11 <- 0x0000000000000000

mem[X,0x00000000800032BC] -> 0x3423
mem[X,0x00000000800032BE] -> 0x58B1
[3249] [M]: 0x00000000800032BC (0x58B13423) sd x11, 0x588(x2)                       inst_455+36
mem[W,0x0000000080007F50] <- 0x0000000000000000

clint mtime 0x0000000000000659 (mip.MTI <- 0b1, mip.STI <- 0b0)
mem[X,0x00000000800032C0] -> 0x6537
mem[X,0x00000000800032C2] -> 0x6666
[3250] [M]: 0x00000000800032C0 (0x66666537) lui x10, 0x66666                        inst_456+0
x10 <- 0x0000000066666000

mem[X,0x00000000800032C4] -> 0x0513
mem[X,0x00000000800032C6] -> 0x6665
[3251] [M]: 0x00000000800032C4 (0x66650513) addi x10, x10, 0x666                    inst_456+4
x10 <- 0x0000000066666666

clint mtime 0x000000000000065A (mip.MTI <- 0b1, mip.STI <- 0b0)
mem[X,0x00000000800032C8] -> 0x1513
mem[X,0x00000000800032CA] -> 0x00B5
[3252] [M]: 0x00000000800032C8 (0x00B51513) slli x10, x10, 0xb                      inst_456+8
x10 <- 0x0000033333333000

mem[X,0x00000000800032CC] -> 0x0513
mem[X,0x00000000800032CE] -> 0x3335
[3253] [M]: 0x00000000800032CC (0x33350513) addi x10, x10, 0x333                    inst_456+12
x10 <- 0x0000033333333333

clint mtime 0x000000000000065B (mip.MTI <- 0b1, mip.STI <- 0b0)
mem[X,0x00000000800032D0] -> 0x1513
mem[X,0x00000000800032D2] -> 0x00B5
[3254] [M]: 0x00000000800032D0 (0x00B51513) slli x10, x10, 0xb                      inst_456+16
x10 <- 0x0019999999999800

mem[X,0x00000000800032D4] -> 0x0513
mem[X,0x00000000800032D6] -> 0x1995
[3255] [M]: 0x00000000800032D4 (0x19950513) addi x10, x10, 0x199                    inst_456+20
x10 <- 0x0019999999999999

clint mtime 0x000000000000065C (mip.MTI <- 0b1, mip.STI <- 0b0)
mem[X,0x00000000800032D8] -> 0x1513
mem[X,0x00000000800032DA] -> 0x00A5
[3256] [M]: 0x00000000800032D8 (0x00A51513) slli x10, x10, 0xa                      inst_456+24
x10 <- 0x6666666666666400

mem[X,0x00000000800032DC] -> 0x0513
mem[X,0x00000000800032DE] -> 0x2675
[3257] [M]: 0x00000000800032DC (0x26750513) addi x10, x10, 0x267                    inst_456+28
x10 <- 0x6666666666666667

clint mtime 0x000000000000065D (mip.MTI <- 0b1, mip.STI <- 0b0)
mem[X,0x00000000800032E0] -> 0x2593
mem[X,0x00000000800032E2] -> 0x02E5
[3258] [M]: 0x00000000800032E0 (0x02E52593) slti x11, x10, 0x2e                     inst_456+32
x11 <- 0x0000000000000000

mem[X,0x00000000800032E4] -> 0x3823
mem[X,0x00000000800032E6] -> 0x58B1
[3259] [M]: 0x00000000800032E4 (0x58B13823) sd x11, 0x590(x2)                       inst_456+36
mem[W,0x0000000080007F58] <- 0x0000000000000000

clint mtime 0x000000000000065E (mip.MTI <- 0b1, mip.STI <- 0b0)
mem[X,0x00000000800032E8] -> 0x0537
mem[X,0x00000000800032EA] -> 0x0000
[3260] [M]: 0x00000000800032E8 (0x00000537) lui x10, 0x0                            inst_457+0
x10 <- 0x0000000000000000

mem[X,0x00000000800032EC] -> 0x0513
mem[X,0x00000000800032EE] -> 0xFFF5
[3261] [M]: 0x00000000800032EC (0xFFF50513) addi x10, x10, -0x1                     inst_457+4
x10 <- 0xFFFFFFFFFFFFFFFF

clint mtime 0x000000000000065F (mip.MTI <- 0b1, mip.STI <- 0b0)
mem[X,0x00000000800032F0] -> 0x1513
mem[X,0x00000000800032F2] -> 0x00B5
[3262] [M]: 0x00000000800032F0 (0x00B51513) slli x10, x10, 0xb                      inst_457+8
x10 <- 0xFFFFFFFFFFFFF800

mem[X,0x00000000800032F4] -> 0x0513
mem[X,0x00000000800032F6] -> 0x2575
[3263] [M]: 0x00000000800032F4 (0x25750513) addi x10, x10, 0x257                    inst_457+12
x10 <- 0xFFFFFFFFFFFFFA57

clint mtime 0x0000000000000660 (mip.MTI <- 0b1, mip.STI <- 0b0)
mem[X,0x00000000800032F8] -> 0x1513
mem[X,0x00000000800032FA] -> 0x00B5
[3264] [M]: 0x00000000800032F8 (0x00B51513) slli x10, x10, 0xb                      inst_457+16
x10 <- 0xFFFFFFFFFFD2B800

mem[X,0x00000000800032FC] -> 0x0513
mem[X,0x00000000800032FE] -> 0x6C35
[3265] [M]: 0x00000000800032FC (0x6C350513) addi x10, x10, 0x6c3                    inst_457+20
x10 <- 0xFFFFFFFFFFD2BEC3

clint mtime 0x0000000000000661 (mip.MTI <- 0b1, mip.STI <- 0b0)
mem[X,0x0000000080003300] -> 0x1513
mem[X,0x0000000080003302] -> 0x00A5
[3266] [M]: 0x0000000080003300 (0x00A51513) slli x10, x10, 0xa                      inst_457+24
x10 <- 0xFFFFFFFF4AFB0C00

mem[X,0x0000000080003304] -> 0x0513
mem[X,0x0000000080003306] -> 0x0CE5
[3267] [M]: 0x0000000080003304 (0x0CE50513) addi x10, x10, 0xce                     inst_457+28
x10 <- 0xFFFFFFFF4AFB0CCE

clint mtime 0x0000000000000662 (mip.MTI <- 0b1, mip.STI <- 0b0)
mem[X,0x0000000080003308] -> 0x2593
mem[X,0x000000008000330A] -> 0x0035
[3268] [M]: 0x0000000080003308 (0x00352593) slti x11, x10, 0x3                      inst_457+32
x11 <- 0x0000000000000001

mem[X,0x000000008000330C] -> 0x3C23
mem[X,0x000000008000330E] -> 0x58B1
[3269] [M]: 0x000000008000330C (0x58B13C23) sd x11, 0x598(x2)                       inst_457+36
mem[W,0x0000000080007F60] <- 0x0000000000000001

clint mtime 0x0000000000000663 (mip.MTI <- 0b1, mip.STI <- 0b0)
mem[X,0x0000000080003310] -> 0x0537
mem[X,0x0000000080003312] -> 0x0000
[3270] [M]: 0x0000000080003310 (0x00000537) lui x10, 0x0                            inst_458+0
x10 <- 0x0000000000000000

mem[X,0x0000000080003314] -> 0x0513
mem[X,0x0000000080003316] -> 0xFFF5
[3271] [M]: 0x0000000080003314 (0xFFF50513) addi x10, x10, -0x1                     inst_458+4
x10 <- 0xFFFFFFFFFFFFFFFF

clint mtime 0x0000000000000664 (mip.MTI <- 0b1, mip.STI <- 0b0)
mem[X,0x0000000080003318] -> 0x1513
mem[X,0x000000008000331A] -> 0x00B5
[3272] [M]: 0x0000000080003318 (0x00B51513) slli x10, x10, 0xb                      inst_458+8
x10 <- 0xFFFFFFFFFFFFF800

mem[X,0x000000008000331C] -> 0x0513
mem[X,0x000000008000331E] -> 0x2575
[3273] [M]: 0x000000008000331C (0x25750513) addi x10, x10, 0x257                    inst_458+12
x10 <- 0xFFFFFFFFFFFFFA57

clint mtime 0x0000000000000665 (mip.MTI <- 0b1, mip.STI <- 0b0)
mem[X,0x0000000080003320] -> 0x1513
mem[X,0x0000000080003322] -> 0x00B5
[3274] [M]: 0x0000000080003320 (0x00B51513) slli x10, x10, 0xb                      inst_458+16
x10 <- 0xFFFFFFFFFFD2B800

mem[X,0x0000000080003324] -> 0x0513
mem[X,0x0000000080003326] -> 0x6C35
[3275] [M]: 0x0000000080003324 (0x6C350513) addi x10, x10, 0x6c3                    inst_458+20
x10 <- 0xFFFFFFFFFFD2BEC3

clint mtime 0x0000000000000666 (mip.MTI <- 0b1, mip.STI <- 0b0)
mem[X,0x0000000080003328] -> 0x1513
mem[X,0x000000008000332A] -> 0x00A5
[3276] [M]: 0x0000000080003328 (0x00A51513) slli x10, x10, 0xa                      inst_458+24
x10 <- 0xFFFFFFFF4AFB0C00

mem[X,0x000000008000332C] -> 0x0513
mem[X,0x000000008000332E] -> 0x0CE5
[3277] [M]: 0x000000008000332C (0x0CE50513) addi x10, x10, 0xce                     inst_458+28
x10 <- 0xFFFFFFFF4AFB0CCE

clint mtime 0x0000000000000667 (mip.MTI <- 0b1, mip.STI <- 0b0)
mem[X,0x0000000080003330] -> 0x2593
mem[X,0x0000000080003332] -> 0x5555
[3278] [M]: 0x0000000080003330 (0x55552593) slti x11, x10, 0x555                    inst_458+32
x11 <- 0x0000000000000001

mem[X,0x0000000080003334] -> 0x3023
mem[X,0x0000000080003336] -> 0x5AB1
[3279] [M]: 0x0000000080003334 (0x5AB13023) sd x11, 0x5a0(x2)                       inst_458+36
mem[W,0x0000000080007F68] <- 0x0000000000000001

clint mtime 0x0000000000000668 (mip.MTI <- 0b1, mip.STI <- 0b0)
mem[X,0x0000000080003338] -> 0x0537
mem[X,0x000000008000333A] -> 0x0000
[3280] [M]: 0x0000000080003338 (0x00000537) lui x10, 0x0                            inst_459+0
x10 <- 0x0000000000000000

mem[X,0x000000008000333C] -> 0x0513
mem[X,0x000000008000333E] -> 0xFFF5
[3281] [M]: 0x000000008000333C (0xFFF50513) addi x10, x10, -0x1                     inst_459+4
x10 <- 0xFFFFFFFFFFFFFFFF

clint mtime 0x0000000000000669 (mip.MTI <- 0b1, mip.STI <- 0b0)
mem[X,0x0000000080003340] -> 0x1513
mem[X,0x0000000080003342] -> 0x00B5
[3282] [M]: 0x0000000080003340 (0x00B51513) slli x10, x10, 0xb                      inst_459+8
x10 <- 0xFFFFFFFFFFFFF800

mem[X,0x0000000080003344] -> 0x0513
mem[X,0x0000000080003346] -> 0x2575
[3283] [M]: 0x0000000080003344 (0x25750513) addi x10, x10, 0x257                    inst_459+12
x10 <- 0xFFFFFFFFFFFFFA57

clint mtime 0x000000000000066A (mip.MTI <- 0b1, mip.STI <- 0b0)
mem[X,0x0000000080003348] -> 0x1513
mem[X,0x000000008000334A] -> 0x00B5
[3284] [M]: 0x0000000080003348 (0x00B51513) slli x10, x10, 0xb                      inst_459+16
x10 <- 0xFFFFFFFFFFD2B800

mem[X,0x000000008000334C] -> 0x0513
mem[X,0x000000008000334E] -> 0x6C35
[3285] [M]: 0x000000008000334C (0x6C350513) addi x10, x10, 0x6c3                    inst_459+20
x10 <- 0xFFFFFFFFFFD2BEC3

clint mtime 0x000000000000066B (mip.MTI <- 0b1, mip.STI <- 0b0)
mem[X,0x0000000080003350] -> 0x1513
mem[X,0x0000000080003352] -> 0x00A5
[3286] [M]: 0x0000000080003350 (0x00A51513) slli x10, x10, 0xa                      inst_459+24
x10 <- 0xFFFFFFFF4AFB0C00

mem[X,0x0000000080003354] -> 0x0513
mem[X,0x0000000080003356] -> 0x0CE5
[3287] [M]: 0x0000000080003354 (0x0CE50513) addi x10, x10, 0xce                     inst_459+28
x10 <- 0xFFFFFFFF4AFB0CCE

clint mtime 0x000000000000066C (mip.MTI <- 0b1, mip.STI <- 0b0)
mem[X,0x0000000080003358] -> 0x2593
mem[X,0x000000008000335A] -> 0xAAA5
[3288] [M]: 0x0000000080003358 (0xAAA52593) slti x11, x10, -0x556                   inst_459+32
x11 <- 0x0000000000000001

mem[X,0x000000008000335C] -> 0x3423
mem[X,0x000000008000335E] -> 0x5AB1
[3289] [M]: 0x000000008000335C (0x5AB13423) sd x11, 0x5a8(x2)                       inst_459+36
mem[W,0x0000000080007F70] <- 0x0000000000000001

clint mtime 0x000000000000066D (mip.MTI <- 0b1, mip.STI <- 0b0)
mem[X,0x0000000080003360] -> 0x0537
mem[X,0x0000000080003362] -> 0x0000
[3290] [M]: 0x0000000080003360 (0x00000537) lui x10, 0x0                            inst_460+0
x10 <- 0x0000000000000000

mem[X,0x0000000080003364] -> 0x0513
mem[X,0x0000000080003366] -> 0xFFF5
[3291] [M]: 0x0000000080003364 (0xFFF50513) addi x10, x10, -0x1                     inst_460+4
x10 <- 0xFFFFFFFFFFFFFFFF

clint mtime 0x000000000000066E (mip.MTI <- 0b1, mip.STI <- 0b0)
mem[X,0x0000000080003368] -> 0x1513
mem[X,0x000000008000336A] -> 0x00B5
[3292] [M]: 0x0000000080003368 (0x00B51513) slli x10, x10, 0xb                      inst_460+8
x10 <- 0xFFFFFFFFFFFFF800

mem[X,0x000000008000336C] -> 0x0513
mem[X,0x000000008000336E] -> 0x2575
[3293] [M]: 0x000000008000336C (0x25750513) addi x10, x10, 0x257                    inst_460+12
x10 <- 0xFFFFFFFFFFFFFA57

clint mtime 0x000000000000066F (mip.MTI <- 0b1, mip.STI <- 0b0)
mem[X,0x0000000080003370] -> 0x1513
mem[X,0x0000000080003372] -> 0x00B5
[3294] [M]: 0x0000000080003370 (0x00B51513) slli x10, x10, 0xb                      inst_460+16
x10 <- 0xFFFFFFFFFFD2B800

mem[X,0x0000000080003374] -> 0x0513
mem[X,0x0000000080003376] -> 0x6C35
[3295] [M]: 0x0000000080003374 (0x6C350513) addi x10, x10, 0x6c3                    inst_460+20
x10 <- 0xFFFFFFFFFFD2BEC3

clint mtime 0x0000000000000670 (mip.MTI <- 0b1, mip.STI <- 0b0)
mem[X,0x0000000080003378] -> 0x1513
mem[X,0x000000008000337A] -> 0x00A5
[3296] [M]: 0x0000000080003378 (0x00A51513) slli x10, x10, 0xa                      inst_460+24
x10 <- 0xFFFFFFFF4AFB0C00

mem[X,0x000000008000337C] -> 0x0513
mem[X,0x000000008000337E] -> 0x0CE5
[3297] [M]: 0x000000008000337C (0x0CE50513) addi x10, x10, 0xce                     inst_460+28
x10 <- 0xFFFFFFFF4AFB0CCE

clint mtime 0x0000000000000671 (mip.MTI <- 0b1, mip.STI <- 0b0)
mem[X,0x0000000080003380] -> 0x2593
mem[X,0x0000000080003382] -> 0x0055
[3298] [M]: 0x0000000080003380 (0x00552593) slti x11, x10, 0x5                      inst_460+32
x11 <- 0x0000000000000001

mem[X,0x0000000080003384] -> 0x3823
mem[X,0x0000000080003386] -> 0x5AB1
[3299] [M]: 0x0000000080003384 (0x5AB13823) sd x11, 0x5b0(x2)                       inst_460+36
mem[W,0x0000000080007F78] <- 0x0000000000000001

clint mtime 0x0000000000000672 (mip.MTI <- 0b1, mip.STI <- 0b0)
mem[X,0x0000000080003388] -> 0x0537
mem[X,0x000000008000338A] -> 0x0000
[3300] [M]: 0x0000000080003388 (0x00000537) lui x10, 0x0                            inst_461+0
x10 <- 0x0000000000000000

mem[X,0x000000008000338C] -> 0x0513
mem[X,0x000000008000338E] -> 0xFFF5
[3301] [M]: 0x000000008000338C (0xFFF50513) addi x10, x10, -0x1                     inst_461+4
x10 <- 0xFFFFFFFFFFFFFFFF

clint mtime 0x0000000000000673 (mip.MTI <- 0b1, mip.STI <- 0b0)
mem[X,0x0000000080003390] -> 0x1513
mem[X,0x0000000080003392] -> 0x00B5
[3302] [M]: 0x0000000080003390 (0x00B51513) slli x10, x10, 0xb                      inst_461+8
x10 <- 0xFFFFFFFFFFFFF800

mem[X,0x0000000080003394] -> 0x0513
mem[X,0x0000000080003396] -> 0x2575
[3303] [M]: 0x0000000080003394 (0x25750513) addi x10, x10, 0x257                    inst_461+12
x10 <- 0xFFFFFFFFFFFFFA57

clint mtime 0x0000000000000674 (mip.MTI <- 0b1, mip.STI <- 0b0)
mem[X,0x0000000080003398] -> 0x1513
mem[X,0x000000008000339A] -> 0x00B5
[3304] [M]: 0x0000000080003398 (0x00B51513) slli x10, x10, 0xb                      inst_461+16
x10 <- 0xFFFFFFFFFFD2B800

mem[X,0x000000008000339C] -> 0x0513
mem[X,0x000000008000339E] -> 0x6C35
[3305] [M]: 0x000000008000339C (0x6C350513) addi x10, x10, 0x6c3                    inst_461+20
x10 <- 0xFFFFFFFFFFD2BEC3

clint mtime 0x0000000000000675 (mip.MTI <- 0b1, mip.STI <- 0b0)
mem[X,0x00000000800033A0] -> 0x1513
mem[X,0x00000000800033A2] -> 0x00A5
[3306] [M]: 0x00000000800033A0 (0x00A51513) slli x10, x10, 0xa                      inst_461+24
x10 <- 0xFFFFFFFF4AFB0C00

mem[X,0x00000000800033A4] -> 0x0513
mem[X,0x00000000800033A6] -> 0x0CE5
[3307] [M]: 0x00000000800033A4 (0x0CE50513) addi x10, x10, 0xce                     inst_461+28
x10 <- 0xFFFFFFFF4AFB0CCE

clint mtime 0x0000000000000676 (mip.MTI <- 0b1, mip.STI <- 0b0)
mem[X,0x00000000800033A8] -> 0x2593
mem[X,0x00000000800033AA] -> 0x3335
[3308] [M]: 0x00000000800033A8 (0x33352593) slti x11, x10, 0x333                    inst_461+32
x11 <- 0x0000000000000001

mem[X,0x00000000800033AC] -> 0x3C23
mem[X,0x00000000800033AE] -> 0x5AB1
[3309] [M]: 0x00000000800033AC (0x5AB13C23) sd x11, 0x5b8(x2)                       inst_461+36
mem[W,0x0000000080007F80] <- 0x0000000000000001

clint mtime 0x0000000000000677 (mip.MTI <- 0b1, mip.STI <- 0b0)
mem[X,0x00000000800033B0] -> 0x0537
mem[X,0x00000000800033B2] -> 0x0000
[3310] [M]: 0x00000000800033B0 (0x00000537) lui x10, 0x0                            inst_462+0
x10 <- 0x0000000000000000

mem[X,0x00000000800033B4] -> 0x0513
mem[X,0x00000000800033B6] -> 0xFFF5
[3311] [M]: 0x00000000800033B4 (0xFFF50513) addi x10, x10, -0x1                     inst_462+4
x10 <- 0xFFFFFFFFFFFFFFFF

clint mtime 0x0000000000000678 (mip.MTI <- 0b1, mip.STI <- 0b0)
mem[X,0x00000000800033B8] -> 0x1513
mem[X,0x00000000800033BA] -> 0x00B5
[3312] [M]: 0x00000000800033B8 (0x00B51513) slli x10, x10, 0xb                      inst_462+8
x10 <- 0xFFFFFFFFFFFFF800

mem[X,0x00000000800033BC] -> 0x0513
mem[X,0x00000000800033BE] -> 0x2575
[3313] [M]: 0x00000000800033BC (0x25750513) addi x10, x10, 0x257                    inst_462+12
x10 <- 0xFFFFFFFFFFFFFA57

clint mtime 0x0000000000000679 (mip.MTI <- 0b1, mip.STI <- 0b0)
mem[X,0x00000000800033C0] -> 0x1513
mem[X,0x00000000800033C2] -> 0x00B5
[3314] [M]: 0x00000000800033C0 (0x00B51513) slli x10, x10, 0xb                      inst_462+16
x10 <- 0xFFFFFFFFFFD2B800

mem[X,0x00000000800033C4] -> 0x0513
mem[X,0x00000000800033C6] -> 0x6C35
[3315] [M]: 0x00000000800033C4 (0x6C350513) addi x10, x10, 0x6c3                    inst_462+20
x10 <- 0xFFFFFFFFFFD2BEC3

clint mtime 0x000000000000067A (mip.MTI <- 0b1, mip.STI <- 0b0)
mem[X,0x00000000800033C8] -> 0x1513
mem[X,0x00000000800033CA] -> 0x00A5
[3316] [M]: 0x00000000800033C8 (0x00A51513) slli x10, x10, 0xa                      inst_462+24
x10 <- 0xFFFFFFFF4AFB0C00

mem[X,0x00000000800033CC] -> 0x0513
mem[X,0x00000000800033CE] -> 0x0CE5
[3317] [M]: 0x00000000800033CC (0x0CE50513) addi x10, x10, 0xce                     inst_462+28
x10 <- 0xFFFFFFFF4AFB0CCE

clint mtime 0x000000000000067B (mip.MTI <- 0b1, mip.STI <- 0b0)
mem[X,0x00000000800033D0] -> 0x2593
mem[X,0x00000000800033D2] -> 0x6665
[3318] [M]: 0x00000000800033D0 (0x66652593) slti x11, x10, 0x666                    inst_462+32
x11 <- 0x0000000000000001

mem[X,0x00000000800033D4] -> 0x3023
mem[X,0x00000000800033D6] -> 0x5CB1
[3319] [M]: 0x00000000800033D4 (0x5CB13023) sd x11, 0x5c0(x2)                       inst_462+36
mem[W,0x0000000080007F88] <- 0x0000000000000001

clint mtime 0x000000000000067C (mip.MTI <- 0b1, mip.STI <- 0b0)
mem[X,0x00000000800033D8] -> 0x0537
mem[X,0x00000000800033DA] -> 0x0000
[3320] [M]: 0x00000000800033D8 (0x00000537) lui x10, 0x0                            inst_463+0
x10 <- 0x0000000000000000

mem[X,0x00000000800033DC] -> 0x0513
mem[X,0x00000000800033DE] -> 0xFFF5
[3321] [M]: 0x00000000800033DC (0xFFF50513) addi x10, x10, -0x1                     inst_463+4
x10 <- 0xFFFFFFFFFFFFFFFF

clint mtime 0x000000000000067D (mip.MTI <- 0b1, mip.STI <- 0b0)
mem[X,0x00000000800033E0] -> 0x1513
mem[X,0x00000000800033E2] -> 0x00B5
[3322] [M]: 0x00000000800033E0 (0x00B51513) slli x10, x10, 0xb                      inst_463+8
x10 <- 0xFFFFFFFFFFFFF800

mem[X,0x00000000800033E4] -> 0x0513
mem[X,0x00000000800033E6] -> 0x2575
[3323] [M]: 0x00000000800033E4 (0x25750513) addi x10, x10, 0x257                    inst_463+12
x10 <- 0xFFFFFFFFFFFFFA57

clint mtime 0x000000000000067E (mip.MTI <- 0b1, mip.STI <- 0b0)
mem[X,0x00000000800033E8] -> 0x1513
mem[X,0x00000000800033EA] -> 0x00B5
[3324] [M]: 0x00000000800033E8 (0x00B51513) slli x10, x10, 0xb                      inst_463+16
x10 <- 0xFFFFFFFFFFD2B800

mem[X,0x00000000800033EC] -> 0x0513
mem[X,0x00000000800033EE] -> 0x6C35
[3325] [M]: 0x00000000800033EC (0x6C350513) addi x10, x10, 0x6c3                    inst_463+20
x10 <- 0xFFFFFFFFFFD2BEC3

clint mtime 0x000000000000067F (mip.MTI <- 0b1, mip.STI <- 0b0)
mem[X,0x00000000800033F0] -> 0x1513
mem[X,0x00000000800033F2] -> 0x00A5
[3326] [M]: 0x00000000800033F0 (0x00A51513) slli x10, x10, 0xa                      inst_463+24
x10 <- 0xFFFFFFFF4AFB0C00

mem[X,0x00000000800033F4] -> 0x0513
mem[X,0x00000000800033F6] -> 0x0CE5
[3327] [M]: 0x00000000800033F4 (0x0CE50513) addi x10, x10, 0xce                     inst_463+28
x10 <- 0xFFFFFFFF4AFB0CCE

clint mtime 0x0000000000000680 (mip.MTI <- 0b1, mip.STI <- 0b0)
mem[X,0x00000000800033F8] -> 0x2593
mem[X,0x00000000800033FA] -> 0xFD35
[3328] [M]: 0x00000000800033F8 (0xFD352593) slti x11, x10, -0x2d                    inst_463+32
x11 <- 0x0000000000000001

mem[X,0x00000000800033FC] -> 0x3423
mem[X,0x00000000800033FE] -> 0x5CB1
[3329] [M]: 0x00000000800033FC (0x5CB13423) sd x11, 0x5c8(x2)                       inst_463+36
mem[W,0x0000000080007F90] <- 0x0000000000000001

clint mtime 0x0000000000000681 (mip.MTI <- 0b1, mip.STI <- 0b0)
mem[X,0x0000000080003400] -> 0x0537
mem[X,0x0000000080003402] -> 0x0000
[3330] [M]: 0x0000000080003400 (0x00000537) lui x10, 0x0                            inst_464+0
x10 <- 0x0000000000000000

mem[X,0x0000000080003404] -> 0x0513
mem[X,0x0000000080003406] -> 0xFFF5
[3331] [M]: 0x0000000080003404 (0xFFF50513) addi x10, x10, -0x1                     inst_464+4
x10 <- 0xFFFFFFFFFFFFFFFF

clint mtime 0x0000000000000682 (mip.MTI <- 0b1, mip.STI <- 0b0)
mem[X,0x0000000080003408] -> 0x1513
mem[X,0x000000008000340A] -> 0x00B5
[3332] [M]: 0x0000000080003408 (0x00B51513) slli x10, x10, 0xb                      inst_464+8
x10 <- 0xFFFFFFFFFFFFF800

mem[X,0x000000008000340C] -> 0x0513
mem[X,0x000000008000340E] -> 0x2575
[3333] [M]: 0x000000008000340C (0x25750513) addi x10, x10, 0x257                    inst_464+12
x10 <- 0xFFFFFFFFFFFFFA57

clint mtime 0x0000000000000683 (mip.MTI <- 0b1, mip.STI <- 0b0)
mem[X,0x0000000080003410] -> 0x1513
mem[X,0x0000000080003412] -> 0x00B5
[3334] [M]: 0x0000000080003410 (0x00B51513) slli x10, x10, 0xb                      inst_464+16
x10 <- 0xFFFFFFFFFFD2B800

mem[X,0x0000000080003414] -> 0x0513
mem[X,0x0000000080003416] -> 0x6C35
[3335] [M]: 0x0000000080003414 (0x6C350513) addi x10, x10, 0x6c3                    inst_464+20
x10 <- 0xFFFFFFFFFFD2BEC3

clint mtime 0x0000000000000684 (mip.MTI <- 0b1, mip.STI <- 0b0)
mem[X,0x0000000080003418] -> 0x1513
mem[X,0x000000008000341A] -> 0x00A5
[3336] [M]: 0x0000000080003418 (0x00A51513) slli x10, x10, 0xa                      inst_464+24
x10 <- 0xFFFFFFFF4AFB0C00

mem[X,0x000000008000341C] -> 0x0513
mem[X,0x000000008000341E] -> 0x0CE5
[3337] [M]: 0x000000008000341C (0x0CE50513) addi x10, x10, 0xce                     inst_464+28
x10 <- 0xFFFFFFFF4AFB0CCE

clint mtime 0x0000000000000685 (mip.MTI <- 0b1, mip.STI <- 0b0)
mem[X,0x0000000080003420] -> 0x2593
mem[X,0x0000000080003422] -> 0x02D5
[3338] [M]: 0x0000000080003420 (0x02D52593) slti x11, x10, 0x2d                     inst_464+32
x11 <- 0x0000000000000001

mem[X,0x0000000080003424] -> 0x3823
mem[X,0x0000000080003426] -> 0x5CB1
[3339] [M]: 0x0000000080003424 (0x5CB13823) sd x11, 0x5d0(x2)                       inst_464+36
mem[W,0x0000000080007F98] <- 0x0000000000000001

clint mtime 0x0000000000000686 (mip.MTI <- 0b1, mip.STI <- 0b0)
mem[X,0x0000000080003428] -> 0x0537
mem[X,0x000000008000342A] -> 0x0000
[3340] [M]: 0x0000000080003428 (0x00000537) lui x10, 0x0                            inst_465+0
x10 <- 0x0000000000000000

mem[X,0x000000008000342C] -> 0x0513
mem[X,0x000000008000342E] -> 0xFFF5
[3341] [M]: 0x000000008000342C (0xFFF50513) addi x10, x10, -0x1                     inst_465+4
x10 <- 0xFFFFFFFFFFFFFFFF

clint mtime 0x0000000000000687 (mip.MTI <- 0b1, mip.STI <- 0b0)
mem[X,0x0000000080003430] -> 0x1513
mem[X,0x0000000080003432] -> 0x00B5
[3342] [M]: 0x0000000080003430 (0x00B51513) slli x10, x10, 0xb                      inst_465+8
x10 <- 0xFFFFFFFFFFFFF800

mem[X,0x0000000080003434] -> 0x0513
mem[X,0x0000000080003436] -> 0x2575
[3343] [M]: 0x0000000080003434 (0x25750513) addi x10, x10, 0x257                    inst_465+12
x10 <- 0xFFFFFFFFFFFFFA57

clint mtime 0x0000000000000688 (mip.MTI <- 0b1, mip.STI <- 0b0)
mem[X,0x0000000080003438] -> 0x1513
mem[X,0x000000008000343A] -> 0x00B5
[3344] [M]: 0x0000000080003438 (0x00B51513) slli x10, x10, 0xb                      inst_465+16
x10 <- 0xFFFFFFFFFFD2B800

mem[X,0x000000008000343C] -> 0x0513
mem[X,0x000000008000343E] -> 0x6C35
[3345] [M]: 0x000000008000343C (0x6C350513) addi x10, x10, 0x6c3                    inst_465+20
x10 <- 0xFFFFFFFFFFD2BEC3

clint mtime 0x0000000000000689 (mip.MTI <- 0b1, mip.STI <- 0b0)
mem[X,0x0000000080003440] -> 0x1513
mem[X,0x0000000080003442] -> 0x00A5
[3346] [M]: 0x0000000080003440 (0x00A51513) slli x10, x10, 0xa                      inst_465+24
x10 <- 0xFFFFFFFF4AFB0C00

mem[X,0x0000000080003444] -> 0x0513
mem[X,0x0000000080003446] -> 0x0CE5
[3347] [M]: 0x0000000080003444 (0x0CE50513) addi x10, x10, 0xce                     inst_465+28
x10 <- 0xFFFFFFFF4AFB0CCE

clint mtime 0x000000000000068A (mip.MTI <- 0b1, mip.STI <- 0b0)
mem[X,0x0000000080003448] -> 0x2593
mem[X,0x000000008000344A] -> 0x0025
[3348] [M]: 0x0000000080003448 (0x00252593) slti x11, x10, 0x2                      inst_465+32
x11 <- 0x0000000000000001

mem[X,0x000000008000344C] -> 0x3C23
mem[X,0x000000008000344E] -> 0x5CB1
[3349] [M]: 0x000000008000344C (0x5CB13C23) sd x11, 0x5d8(x2)                       inst_465+36
mem[W,0x0000000080007FA0] <- 0x0000000000000001

clint mtime 0x000000000000068B (mip.MTI <- 0b1, mip.STI <- 0b0)
mem[X,0x0000000080003450] -> 0x0537
mem[X,0x0000000080003452] -> 0x0000
[3350] [M]: 0x0000000080003450 (0x00000537) lui x10, 0x0                            inst_466+0
x10 <- 0x0000000000000000

mem[X,0x0000000080003454] -> 0x0513
mem[X,0x0000000080003456] -> 0xFFF5
[3351] [M]: 0x0000000080003454 (0xFFF50513) addi x10, x10, -0x1                     inst_466+4
x10 <- 0xFFFFFFFFFFFFFFFF

clint mtime 0x000000000000068C (mip.MTI <- 0b1, mip.STI <- 0b0)
mem[X,0x0000000080003458] -> 0x1513
mem[X,0x000000008000345A] -> 0x00B5
[3352] [M]: 0x0000000080003458 (0x00B51513) slli x10, x10, 0xb                      inst_466+8
x10 <- 0xFFFFFFFFFFFFF800

mem[X,0x000000008000345C] -> 0x0513
mem[X,0x000000008000345E] -> 0x2575
[3353] [M]: 0x000000008000345C (0x25750513) addi x10, x10, 0x257                    inst_466+12
x10 <- 0xFFFFFFFFFFFFFA57

clint mtime 0x000000000000068D (mip.MTI <- 0b1, mip.STI <- 0b0)
mem[X,0x0000000080003460] -> 0x1513
mem[X,0x0000000080003462] -> 0x00B5
[3354] [M]: 0x0000000080003460 (0x00B51513) slli x10, x10, 0xb                      inst_466+16
x10 <- 0xFFFFFFFFFFD2B800

mem[X,0x0000000080003464] -> 0x0513
mem[X,0x0000000080003466] -> 0x6C35
[3355] [M]: 0x0000000080003464 (0x6C350513) addi x10, x10, 0x6c3                    inst_466+20
x10 <- 0xFFFFFFFFFFD2BEC3

clint mtime 0x000000000000068E (mip.MTI <- 0b1, mip.STI <- 0b0)
mem[X,0x0000000080003468] -> 0x1513
mem[X,0x000000008000346A] -> 0x00A5
[3356] [M]: 0x0000000080003468 (0x00A51513) slli x10, x10, 0xa                      inst_466+24
x10 <- 0xFFFFFFFF4AFB0C00

mem[X,0x000000008000346C] -> 0x0513
mem[X,0x000000008000346E] -> 0x0CE5
[3357] [M]: 0x000000008000346C (0x0CE50513) addi x10, x10, 0xce                     inst_466+28
x10 <- 0xFFFFFFFF4AFB0CCE

clint mtime 0x000000000000068F (mip.MTI <- 0b1, mip.STI <- 0b0)
mem[X,0x0000000080003470] -> 0x2593
mem[X,0x0000000080003472] -> 0x5545
[3358] [M]: 0x0000000080003470 (0x55452593) slti x11, x10, 0x554                    inst_466+32
x11 <- 0x0000000000000001

mem[X,0x0000000080003474] -> 0x3023
mem[X,0x0000000080003476] -> 0x5EB1
[3359] [M]: 0x0000000080003474 (0x5EB13023) sd x11, 0x5e0(x2)                       inst_466+36
mem[W,0x0000000080007FA8] <- 0x0000000000000001

clint mtime 0x0000000000000690 (mip.MTI <- 0b1, mip.STI <- 0b0)
mem[X,0x0000000080003478] -> 0x0537
mem[X,0x000000008000347A] -> 0x0000
[3360] [M]: 0x0000000080003478 (0x00000537) lui x10, 0x0                            inst_467+0
x10 <- 0x0000000000000000

mem[X,0x000000008000347C] -> 0x0513
mem[X,0x000000008000347E] -> 0xFFF5
[3361] [M]: 0x000000008000347C (0xFFF50513) addi x10, x10, -0x1                     inst_467+4
x10 <- 0xFFFFFFFFFFFFFFFF

clint mtime 0x0000000000000691 (mip.MTI <- 0b1, mip.STI <- 0b0)
mem[X,0x0000000080003480] -> 0x1513
mem[X,0x0000000080003482] -> 0x00B5
[3362] [M]: 0x0000000080003480 (0x00B51513) slli x10, x10, 0xb                      inst_467+8
x10 <- 0xFFFFFFFFFFFFF800

mem[X,0x0000000080003484] -> 0x0513
mem[X,0x0000000080003486] -> 0x2575
[3363] [M]: 0x0000000080003484 (0x25750513) addi x10, x10, 0x257                    inst_467+12
x10 <- 0xFFFFFFFFFFFFFA57

clint mtime 0x0000000000000692 (mip.MTI <- 0b1, mip.STI <- 0b0)
mem[X,0x0000000080003488] -> 0x1513
mem[X,0x000000008000348A] -> 0x00B5
[3364] [M]: 0x0000000080003488 (0x00B51513) slli x10, x10, 0xb                      inst_467+16
x10 <- 0xFFFFFFFFFFD2B800

mem[X,0x000000008000348C] -> 0x0513
mem[X,0x000000008000348E] -> 0x6C35
[3365] [M]: 0x000000008000348C (0x6C350513) addi x10, x10, 0x6c3                    inst_467+20
x10 <- 0xFFFFFFFFFFD2BEC3

clint mtime 0x0000000000000693 (mip.MTI <- 0b1, mip.STI <- 0b0)
mem[X,0x0000000080003490] -> 0x1513
mem[X,0x0000000080003492] -> 0x00A5
[3366] [M]: 0x0000000080003490 (0x00A51513) slli x10, x10, 0xa                      inst_467+24
x10 <- 0xFFFFFFFF4AFB0C00

mem[X,0x0000000080003494] -> 0x0513
mem[X,0x0000000080003496] -> 0x0CE5
[3367] [M]: 0x0000000080003494 (0x0CE50513) addi x10, x10, 0xce                     inst_467+28
x10 <- 0xFFFFFFFF4AFB0CCE

clint mtime 0x0000000000000694 (mip.MTI <- 0b1, mip.STI <- 0b0)
mem[X,0x0000000080003498] -> 0x2593
mem[X,0x000000008000349A] -> 0x0005
[3368] [M]: 0x0000000080003498 (0x00052593) slti x11, x10, 0x0                      inst_467+32
x11 <- 0x0000000000000001

mem[X,0x000000008000349C] -> 0x3423
mem[X,0x000000008000349E] -> 0x5EB1
[3369] [M]: 0x000000008000349C (0x5EB13423) sd x11, 0x5e8(x2)                       inst_467+36
mem[W,0x0000000080007FB0] <- 0x0000000000000001

clint mtime 0x0000000000000695 (mip.MTI <- 0b1, mip.STI <- 0b0)
mem[X,0x00000000800034A0] -> 0x0537
mem[X,0x00000000800034A2] -> 0x0000
[3370] [M]: 0x00000000800034A0 (0x00000537) lui x10, 0x0                            inst_468+0
x10 <- 0x0000000000000000

mem[X,0x00000000800034A4] -> 0x0513
mem[X,0x00000000800034A6] -> 0xFFF5
[3371] [M]: 0x00000000800034A4 (0xFFF50513) addi x10, x10, -0x1                     inst_468+4
x10 <- 0xFFFFFFFFFFFFFFFF

clint mtime 0x0000000000000696 (mip.MTI <- 0b1, mip.STI <- 0b0)
mem[X,0x00000000800034A8] -> 0x1513
mem[X,0x00000000800034AA] -> 0x00B5
[3372] [M]: 0x00000000800034A8 (0x00B51513) slli x10, x10, 0xb                      inst_468+8
x10 <- 0xFFFFFFFFFFFFF800

mem[X,0x00000000800034AC] -> 0x0513
mem[X,0x00000000800034AE] -> 0x2575
[3373] [M]: 0x00000000800034AC (0x25750513) addi x10, x10, 0x257                    inst_468+12
x10 <- 0xFFFFFFFFFFFFFA57

clint mtime 0x0000000000000697 (mip.MTI <- 0b1, mip.STI <- 0b0)
mem[X,0x00000000800034B0] -> 0x1513
mem[X,0x00000000800034B2] -> 0x00B5
[3374] [M]: 0x00000000800034B0 (0x00B51513) slli x10, x10, 0xb                      inst_468+16
x10 <- 0xFFFFFFFFFFD2B800

mem[X,0x00000000800034B4] -> 0x0513
mem[X,0x00000000800034B6] -> 0x6C35
[3375] [M]: 0x00000000800034B4 (0x6C350513) addi x10, x10, 0x6c3                    inst_468+20
x10 <- 0xFFFFFFFFFFD2BEC3

clint mtime 0x0000000000000698 (mip.MTI <- 0b1, mip.STI <- 0b0)
mem[X,0x00000000800034B8] -> 0x1513
mem[X,0x00000000800034BA] -> 0x00A5
[3376] [M]: 0x00000000800034B8 (0x00A51513) slli x10, x10, 0xa                      inst_468+24
x10 <- 0xFFFFFFFF4AFB0C00

mem[X,0x00000000800034BC] -> 0x0513
mem[X,0x00000000800034BE] -> 0x0CE5
[3377] [M]: 0x00000000800034BC (0x0CE50513) addi x10, x10, 0xce                     inst_468+28
x10 <- 0xFFFFFFFF4AFB0CCE

clint mtime 0x0000000000000699 (mip.MTI <- 0b1, mip.STI <- 0b0)
mem[X,0x00000000800034C0] -> 0x2593
mem[X,0x00000000800034C2] -> 0x0045
[3378] [M]: 0x00000000800034C0 (0x00452593) slti x11, x10, 0x4                      inst_468+32
x11 <- 0x0000000000000001

mem[X,0x00000000800034C4] -> 0x3823
mem[X,0x00000000800034C6] -> 0x5EB1
[3379] [M]: 0x00000000800034C4 (0x5EB13823) sd x11, 0x5f0(x2)                       inst_468+36
mem[W,0x0000000080007FB8] <- 0x0000000000000001

clint mtime 0x000000000000069A (mip.MTI <- 0b1, mip.STI <- 0b0)
mem[X,0x00000000800034C8] -> 0x0537
mem[X,0x00000000800034CA] -> 0x0000
[3380] [M]: 0x00000000800034C8 (0x00000537) lui x10, 0x0                            inst_469+0
x10 <- 0x0000000000000000

mem[X,0x00000000800034CC] -> 0x0513
mem[X,0x00000000800034CE] -> 0xFFF5
[3381] [M]: 0x00000000800034CC (0xFFF50513) addi x10, x10, -0x1                     inst_469+4
x10 <- 0xFFFFFFFFFFFFFFFF

clint mtime 0x000000000000069B (mip.MTI <- 0b1, mip.STI <- 0b0)
mem[X,0x00000000800034D0] -> 0x1513
mem[X,0x00000000800034D2] -> 0x00B5
[3382] [M]: 0x00000000800034D0 (0x00B51513) slli x10, x10, 0xb                      inst_469+8
x10 <- 0xFFFFFFFFFFFFF800

mem[X,0x00000000800034D4] -> 0x0513
mem[X,0x00000000800034D6] -> 0x2575
[3383] [M]: 0x00000000800034D4 (0x25750513) addi x10, x10, 0x257                    inst_469+12
x10 <- 0xFFFFFFFFFFFFFA57

clint mtime 0x000000000000069C (mip.MTI <- 0b1, mip.STI <- 0b0)
mem[X,0x00000000800034D8] -> 0x1513
mem[X,0x00000000800034DA] -> 0x00B5
[3384] [M]: 0x00000000800034D8 (0x00B51513) slli x10, x10, 0xb                      inst_469+16
x10 <- 0xFFFFFFFFFFD2B800

mem[X,0x00000000800034DC] -> 0x0513
mem[X,0x00000000800034DE] -> 0x6C35
[3385] [M]: 0x00000000800034DC (0x6C350513) addi x10, x10, 0x6c3                    inst_469+20
x10 <- 0xFFFFFFFFFFD2BEC3

clint mtime 0x000000000000069D (mip.MTI <- 0b1, mip.STI <- 0b0)
mem[X,0x00000000800034E0] -> 0x1513
mem[X,0x00000000800034E2] -> 0x00A5
[3386] [M]: 0x00000000800034E0 (0x00A51513) slli x10, x10, 0xa                      inst_469+24
x10 <- 0xFFFFFFFF4AFB0C00

mem[X,0x00000000800034E4] -> 0x0513
mem[X,0x00000000800034E6] -> 0x0CE5
[3387] [M]: 0x00000000800034E4 (0x0CE50513) addi x10, x10, 0xce                     inst_469+28
x10 <- 0xFFFFFFFF4AFB0CCE

clint mtime 0x000000000000069E (mip.MTI <- 0b1, mip.STI <- 0b0)
mem[X,0x00000000800034E8] -> 0x2593
mem[X,0x00000000800034EA] -> 0x3325
[3388] [M]: 0x00000000800034E8 (0x33252593) slti x11, x10, 0x332                    inst_469+32
x11 <- 0x0000000000000001

mem[X,0x00000000800034EC] -> 0x3C23
mem[X,0x00000000800034EE] -> 0x5EB1
[3389] [M]: 0x00000000800034EC (0x5EB13C23) sd x11, 0x5f8(x2)                       inst_469+36
mem[W,0x0000000080007FC0] <- 0x0000000000000001

clint mtime 0x000000000000069F (mip.MTI <- 0b1, mip.STI <- 0b0)
mem[X,0x00000000800034F0] -> 0x0537
mem[X,0x00000000800034F2] -> 0x0000
[3390] [M]: 0x00000000800034F0 (0x00000537) lui x10, 0x0                            inst_470+0
x10 <- 0x0000000000000000

mem[X,0x00000000800034F4] -> 0x0513
mem[X,0x00000000800034F6] -> 0xFFF5
[3391] [M]: 0x00000000800034F4 (0xFFF50513) addi x10, x10, -0x1                     inst_470+4
x10 <- 0xFFFFFFFFFFFFFFFF

clint mtime 0x00000000000006A0 (mip.MTI <- 0b1, mip.STI <- 0b0)
mem[X,0x00000000800034F8] -> 0x1513
mem[X,0x00000000800034FA] -> 0x00B5
[3392] [M]: 0x00000000800034F8 (0x00B51513) slli x10, x10, 0xb                      inst_470+8
x10 <- 0xFFFFFFFFFFFFF800

mem[X,0x00000000800034FC] -> 0x0513
mem[X,0x00000000800034FE] -> 0x2575
[3393] [M]: 0x00000000800034FC (0x25750513) addi x10, x10, 0x257                    inst_470+12
x10 <- 0xFFFFFFFFFFFFFA57

clint mtime 0x00000000000006A1 (mip.MTI <- 0b1, mip.STI <- 0b0)
mem[X,0x0000000080003500] -> 0x1513
mem[X,0x0000000080003502] -> 0x00B5
[3394] [M]: 0x0000000080003500 (0x00B51513) slli x10, x10, 0xb                      inst_470+16
x10 <- 0xFFFFFFFFFFD2B800

mem[X,0x0000000080003504] -> 0x0513
mem[X,0x0000000080003506] -> 0x6C35
[3395] [M]: 0x0000000080003504 (0x6C350513) addi x10, x10, 0x6c3                    inst_470+20
x10 <- 0xFFFFFFFFFFD2BEC3

clint mtime 0x00000000000006A2 (mip.MTI <- 0b1, mip.STI <- 0b0)
mem[X,0x0000000080003508] -> 0x1513
mem[X,0x000000008000350A] -> 0x00A5
[3396] [M]: 0x0000000080003508 (0x00A51513) slli x10, x10, 0xa                      inst_470+24
x10 <- 0xFFFFFFFF4AFB0C00

mem[X,0x000000008000350C] -> 0x0513
mem[X,0x000000008000350E] -> 0x0CE5
[3397] [M]: 0x000000008000350C (0x0CE50513) addi x10, x10, 0xce                     inst_470+28
x10 <- 0xFFFFFFFF4AFB0CCE

clint mtime 0x00000000000006A3 (mip.MTI <- 0b1, mip.STI <- 0b0)
mem[X,0x0000000080003510] -> 0x2593
mem[X,0x0000000080003512] -> 0x6655
[3398] [M]: 0x0000000080003510 (0x66552593) slti x11, x10, 0x665                    inst_470+32
x11 <- 0x0000000000000001

mem[X,0x0000000080003514] -> 0x3023
mem[X,0x0000000080003516] -> 0x60B1
[3399] [M]: 0x0000000080003514 (0x60B13023) sd x11, 0x600(x2)                       inst_470+36
mem[W,0x0000000080007FC8] <- 0x0000000000000001

clint mtime 0x00000000000006A4 (mip.MTI <- 0b1, mip.STI <- 0b0)
mem[X,0x0000000080003518] -> 0x0537
mem[X,0x000000008000351A] -> 0x0000
[3400] [M]: 0x0000000080003518 (0x00000537) lui x10, 0x0                            inst_471+0
x10 <- 0x0000000000000000

mem[X,0x000000008000351C] -> 0x0513
mem[X,0x000000008000351E] -> 0xFFF5
[3401] [M]: 0x000000008000351C (0xFFF50513) addi x10, x10, -0x1                     inst_471+4
x10 <- 0xFFFFFFFFFFFFFFFF

clint mtime 0x00000000000006A5 (mip.MTI <- 0b1, mip.STI <- 0b0)
mem[X,0x0000000080003520] -> 0x1513
mem[X,0x0000000080003522] -> 0x00B5
[3402] [M]: 0x0000000080003520 (0x00B51513) slli x10, x10, 0xb                      inst_471+8
x10 <- 0xFFFFFFFFFFFFF800

mem[X,0x0000000080003524] -> 0x0513
mem[X,0x0000000080003526] -> 0x2575
[3403] [M]: 0x0000000080003524 (0x25750513) addi x10, x10, 0x257                    inst_471+12
x10 <- 0xFFFFFFFFFFFFFA57

clint mtime 0x00000000000006A6 (mip.MTI <- 0b1, mip.STI <- 0b0)
mem[X,0x0000000080003528] -> 0x1513
mem[X,0x000000008000352A] -> 0x00B5
[3404] [M]: 0x0000000080003528 (0x00B51513) slli x10, x10, 0xb                      inst_471+16
x10 <- 0xFFFFFFFFFFD2B800

mem[X,0x000000008000352C] -> 0x0513
mem[X,0x000000008000352E] -> 0x6C35
[3405] [M]: 0x000000008000352C (0x6C350513) addi x10, x10, 0x6c3                    inst_471+20
x10 <- 0xFFFFFFFFFFD2BEC3

clint mtime 0x00000000000006A7 (mip.MTI <- 0b1, mip.STI <- 0b0)
mem[X,0x0000000080003530] -> 0x1513
mem[X,0x0000000080003532] -> 0x00A5
[3406] [M]: 0x0000000080003530 (0x00A51513) slli x10, x10, 0xa                      inst_471+24
x10 <- 0xFFFFFFFF4AFB0C00

mem[X,0x0000000080003534] -> 0x0513
mem[X,0x0000000080003536] -> 0x0CE5
[3407] [M]: 0x0000000080003534 (0x0CE50513) addi x10, x10, 0xce                     inst_471+28
x10 <- 0xFFFFFFFF4AFB0CCE

clint mtime 0x00000000000006A8 (mip.MTI <- 0b1, mip.STI <- 0b0)
mem[X,0x0000000080003538] -> 0x2593
mem[X,0x000000008000353A] -> 0x02C5
[3408] [M]: 0x0000000080003538 (0x02C52593) slti x11, x10, 0x2c                     inst_471+32
x11 <- 0x0000000000000001

mem[X,0x000000008000353C] -> 0x3423
mem[X,0x000000008000353E] -> 0x60B1
[3409] [M]: 0x000000008000353C (0x60B13423) sd x11, 0x608(x2)                       inst_471+36
mem[W,0x0000000080007FD0] <- 0x0000000000000001

clint mtime 0x00000000000006A9 (mip.MTI <- 0b1, mip.STI <- 0b0)
mem[X,0x0000000080003540] -> 0x0537
mem[X,0x0000000080003542] -> 0x0000
[3410] [M]: 0x0000000080003540 (0x00000537) lui x10, 0x0                            inst_472+0
x10 <- 0x0000000000000000

mem[X,0x0000000080003544] -> 0x0513
mem[X,0x0000000080003546] -> 0xFFF5
[3411] [M]: 0x0000000080003544 (0xFFF50513) addi x10, x10, -0x1                     inst_472+4
x10 <- 0xFFFFFFFFFFFFFFFF

clint mtime 0x00000000000006AA (mip.MTI <- 0b1, mip.STI <- 0b0)
mem[X,0x0000000080003548] -> 0x1513
mem[X,0x000000008000354A] -> 0x00B5
[3412] [M]: 0x0000000080003548 (0x00B51513) slli x10, x10, 0xb                      inst_472+8
x10 <- 0xFFFFFFFFFFFFF800

mem[X,0x000000008000354C] -> 0x0513
mem[X,0x000000008000354E] -> 0x2575
[3413] [M]: 0x000000008000354C (0x25750513) addi x10, x10, 0x257                    inst_472+12
x10 <- 0xFFFFFFFFFFFFFA57

clint mtime 0x00000000000006AB (mip.MTI <- 0b1, mip.STI <- 0b0)
mem[X,0x0000000080003550] -> 0x1513
mem[X,0x0000000080003552] -> 0x00B5
[3414] [M]: 0x0000000080003550 (0x00B51513) slli x10, x10, 0xb                      inst_472+16
x10 <- 0xFFFFFFFFFFD2B800

mem[X,0x0000000080003554] -> 0x0513
mem[X,0x0000000080003556] -> 0x6C35
[3415] [M]: 0x0000000080003554 (0x6C350513) addi x10, x10, 0x6c3                    inst_472+20
x10 <- 0xFFFFFFFFFFD2BEC3

clint mtime 0x00000000000006AC (mip.MTI <- 0b1, mip.STI <- 0b0)
mem[X,0x0000000080003558] -> 0x1513
mem[X,0x000000008000355A] -> 0x00A5
[3416] [M]: 0x0000000080003558 (0x00A51513) slli x10, x10, 0xa                      inst_472+24
x10 <- 0xFFFFFFFF4AFB0C00

mem[X,0x000000008000355C] -> 0x0513
mem[X,0x000000008000355E] -> 0x0CE5
[3417] [M]: 0x000000008000355C (0x0CE50513) addi x10, x10, 0xce                     inst_472+28
x10 <- 0xFFFFFFFF4AFB0CCE

clint mtime 0x00000000000006AD (mip.MTI <- 0b1, mip.STI <- 0b0)
mem[X,0x0000000080003560] -> 0x2593
mem[X,0x0000000080003562] -> 0x5565
[3418] [M]: 0x0000000080003560 (0x55652593) slti x11, x10, 0x556                    inst_472+32
x11 <- 0x0000000000000001

mem[X,0x0000000080003564] -> 0x3823
mem[X,0x0000000080003566] -> 0x60B1
[3419] [M]: 0x0000000080003564 (0x60B13823) sd x11, 0x610(x2)                       inst_472+36
mem[W,0x0000000080007FD8] <- 0x0000000000000001

clint mtime 0x00000000000006AE (mip.MTI <- 0b1, mip.STI <- 0b0)
mem[X,0x0000000080003568] -> 0x0537
mem[X,0x000000008000356A] -> 0x0000
[3420] [M]: 0x0000000080003568 (0x00000537) lui x10, 0x0                            inst_473+0
x10 <- 0x0000000000000000

mem[X,0x000000008000356C] -> 0x0513
mem[X,0x000000008000356E] -> 0xFFF5
[3421] [M]: 0x000000008000356C (0xFFF50513) addi x10, x10, -0x1                     inst_473+4
x10 <- 0xFFFFFFFFFFFFFFFF

clint mtime 0x00000000000006AF (mip.MTI <- 0b1, mip.STI <- 0b0)
mem[X,0x0000000080003570] -> 0x1513
mem[X,0x0000000080003572] -> 0x00B5
[3422] [M]: 0x0000000080003570 (0x00B51513) slli x10, x10, 0xb                      inst_473+8
x10 <- 0xFFFFFFFFFFFFF800

mem[X,0x0000000080003574] -> 0x0513
mem[X,0x0000000080003576] -> 0x2575
[3423] [M]: 0x0000000080003574 (0x25750513) addi x10, x10, 0x257                    inst_473+12
x10 <- 0xFFFFFFFFFFFFFA57

clint mtime 0x00000000000006B0 (mip.MTI <- 0b1, mip.STI <- 0b0)
mem[X,0x0000000080003578] -> 0x1513
mem[X,0x000000008000357A] -> 0x00B5
[3424] [M]: 0x0000000080003578 (0x00B51513) slli x10, x10, 0xb                      inst_473+16
x10 <- 0xFFFFFFFFFFD2B800

mem[X,0x000000008000357C] -> 0x0513
mem[X,0x000000008000357E] -> 0x6C35
[3425] [M]: 0x000000008000357C (0x6C350513) addi x10, x10, 0x6c3                    inst_473+20
x10 <- 0xFFFFFFFFFFD2BEC3

clint mtime 0x00000000000006B1 (mip.MTI <- 0b1, mip.STI <- 0b0)
mem[X,0x0000000080003580] -> 0x1513
mem[X,0x0000000080003582] -> 0x00A5
[3426] [M]: 0x0000000080003580 (0x00A51513) slli x10, x10, 0xa                      inst_473+24
x10 <- 0xFFFFFFFF4AFB0C00

mem[X,0x0000000080003584] -> 0x0513
mem[X,0x0000000080003586] -> 0x0CE5
[3427] [M]: 0x0000000080003584 (0x0CE50513) addi x10, x10, 0xce                     inst_473+28
x10 <- 0xFFFFFFFF4AFB0CCE

clint mtime 0x00000000000006B2 (mip.MTI <- 0b1, mip.STI <- 0b0)
mem[X,0x0000000080003588] -> 0x2593
mem[X,0x000000008000358A] -> 0xAAB5
[3428] [M]: 0x0000000080003588 (0xAAB52593) slti x11, x10, -0x555                   inst_473+32
x11 <- 0x0000000000000001

mem[X,0x000000008000358C] -> 0x3C23
mem[X,0x000000008000358E] -> 0x60B1
[3429] [M]: 0x000000008000358C (0x60B13C23) sd x11, 0x618(x2)                       inst_473+36
mem[W,0x0000000080007FE0] <- 0x0000000000000001

clint mtime 0x00000000000006B3 (mip.MTI <- 0b1, mip.STI <- 0b0)
mem[X,0x0000000080003590] -> 0x0537
mem[X,0x0000000080003592] -> 0x0000
[3430] [M]: 0x0000000080003590 (0x00000537) lui x10, 0x0                            inst_474+0
x10 <- 0x0000000000000000

mem[X,0x0000000080003594] -> 0x0513
mem[X,0x0000000080003596] -> 0xFFF5
[3431] [M]: 0x0000000080003594 (0xFFF50513) addi x10, x10, -0x1                     inst_474+4
x10 <- 0xFFFFFFFFFFFFFFFF

clint mtime 0x00000000000006B4 (mip.MTI <- 0b1, mip.STI <- 0b0)
mem[X,0x0000000080003598] -> 0x1513
mem[X,0x000000008000359A] -> 0x00B5
[3432] [M]: 0x0000000080003598 (0x00B51513) slli x10, x10, 0xb                      inst_474+8
x10 <- 0xFFFFFFFFFFFFF800

mem[X,0x000000008000359C] -> 0x0513
mem[X,0x000000008000359E] -> 0x2575
[3433] [M]: 0x000000008000359C (0x25750513) addi x10, x10, 0x257                    inst_474+12
x10 <- 0xFFFFFFFFFFFFFA57

clint mtime 0x00000000000006B5 (mip.MTI <- 0b1, mip.STI <- 0b0)
mem[X,0x00000000800035A0] -> 0x1513
mem[X,0x00000000800035A2] -> 0x00B5
[3434] [M]: 0x00000000800035A0 (0x00B51513) slli x10, x10, 0xb                      inst_474+16
x10 <- 0xFFFFFFFFFFD2B800

mem[X,0x00000000800035A4] -> 0x0513
mem[X,0x00000000800035A6] -> 0x6C35
[3435] [M]: 0x00000000800035A4 (0x6C350513) addi x10, x10, 0x6c3                    inst_474+20
x10 <- 0xFFFFFFFFFFD2BEC3

clint mtime 0x00000000000006B6 (mip.MTI <- 0b1, mip.STI <- 0b0)
mem[X,0x00000000800035A8] -> 0x1513
mem[X,0x00000000800035AA] -> 0x00A5
[3436] [M]: 0x00000000800035A8 (0x00A51513) slli x10, x10, 0xa                      inst_474+24
x10 <- 0xFFFFFFFF4AFB0C00

mem[X,0x00000000800035AC] -> 0x0513
mem[X,0x00000000800035AE] -> 0x0CE5
[3437] [M]: 0x00000000800035AC (0x0CE50513) addi x10, x10, 0xce                     inst_474+28
x10 <- 0xFFFFFFFF4AFB0CCE

clint mtime 0x00000000000006B7 (mip.MTI <- 0b1, mip.STI <- 0b0)
mem[X,0x00000000800035B0] -> 0x2593
mem[X,0x00000000800035B2] -> 0x0065
[3438] [M]: 0x00000000800035B0 (0x00652593) slti x11, x10, 0x6                      inst_474+32
x11 <- 0x0000000000000001

mem[X,0x00000000800035B4] -> 0x3023
mem[X,0x00000000800035B6] -> 0x62B1
[3439] [M]: 0x00000000800035B4 (0x62B13023) sd x11, 0x620(x2)                       inst_474+36
mem[W,0x0000000080007FE8] <- 0x0000000000000001

clint mtime 0x00000000000006B8 (mip.MTI <- 0b1, mip.STI <- 0b0)
mem[X,0x00000000800035B8] -> 0x0537
mem[X,0x00000000800035BA] -> 0x0000
[3440] [M]: 0x00000000800035B8 (0x00000537) lui x10, 0x0                            inst_475+0
x10 <- 0x0000000000000000

mem[X,0x00000000800035BC] -> 0x0513
mem[X,0x00000000800035BE] -> 0xFFF5
[3441] [M]: 0x00000000800035BC (0xFFF50513) addi x10, x10, -0x1                     inst_475+4
x10 <- 0xFFFFFFFFFFFFFFFF

clint mtime 0x00000000000006B9 (mip.MTI <- 0b1, mip.STI <- 0b0)
mem[X,0x00000000800035C0] -> 0x1513
mem[X,0x00000000800035C2] -> 0x00B5
[3442] [M]: 0x00000000800035C0 (0x00B51513) slli x10, x10, 0xb                      inst_475+8
x10 <- 0xFFFFFFFFFFFFF800

mem[X,0x00000000800035C4] -> 0x0513
mem[X,0x00000000800035C6] -> 0x2575
[3443] [M]: 0x00000000800035C4 (0x25750513) addi x10, x10, 0x257                    inst_475+12
x10 <- 0xFFFFFFFFFFFFFA57

clint mtime 0x00000000000006BA (mip.MTI <- 0b1, mip.STI <- 0b0)
mem[X,0x00000000800035C8] -> 0x1513
mem[X,0x00000000800035CA] -> 0x00B5
[3444] [M]: 0x00000000800035C8 (0x00B51513) slli x10, x10, 0xb                      inst_475+16
x10 <- 0xFFFFFFFFFFD2B800

mem[X,0x00000000800035CC] -> 0x0513
mem[X,0x00000000800035CE] -> 0x6C35
[3445] [M]: 0x00000000800035CC (0x6C350513) addi x10, x10, 0x6c3                    inst_475+20
x10 <- 0xFFFFFFFFFFD2BEC3

clint mtime 0x00000000000006BB (mip.MTI <- 0b1, mip.STI <- 0b0)
mem[X,0x00000000800035D0] -> 0x1513
mem[X,0x00000000800035D2] -> 0x00A5
[3446] [M]: 0x00000000800035D0 (0x00A51513) slli x10, x10, 0xa                      inst_475+24
x10 <- 0xFFFFFFFF4AFB0C00

mem[X,0x00000000800035D4] -> 0x0513
mem[X,0x00000000800035D6] -> 0x0CE5
[3447] [M]: 0x00000000800035D4 (0x0CE50513) addi x10, x10, 0xce                     inst_475+28
x10 <- 0xFFFFFFFF4AFB0CCE

clint mtime 0x00000000000006BC (mip.MTI <- 0b1, mip.STI <- 0b0)
mem[X,0x00000000800035D8] -> 0x2593
mem[X,0x00000000800035DA] -> 0x3345
[3448] [M]: 0x00000000800035D8 (0x33452593) slti x11, x10, 0x334                    inst_475+32
x11 <- 0x0000000000000001

mem[X,0x00000000800035DC] -> 0x3423
mem[X,0x00000000800035DE] -> 0x62B1
[3449] [M]: 0x00000000800035DC (0x62B13423) sd x11, 0x628(x2)                       inst_475+36
mem[W,0x0000000080007FF0] <- 0x0000000000000001

clint mtime 0x00000000000006BD (mip.MTI <- 0b1, mip.STI <- 0b0)
mem[X,0x00000000800035E0] -> 0x0537
mem[X,0x00000000800035E2] -> 0x0000
[3450] [M]: 0x00000000800035E0 (0x00000537) lui x10, 0x0                            inst_476+0
x10 <- 0x0000000000000000

mem[X,0x00000000800035E4] -> 0x0513
mem[X,0x00000000800035E6] -> 0xFFF5
[3451] [M]: 0x00000000800035E4 (0xFFF50513) addi x10, x10, -0x1                     inst_476+4
x10 <- 0xFFFFFFFFFFFFFFFF

clint mtime 0x00000000000006BE (mip.MTI <- 0b1, mip.STI <- 0b0)
mem[X,0x00000000800035E8] -> 0x1513
mem[X,0x00000000800035EA] -> 0x00B5
[3452] [M]: 0x00000000800035E8 (0x00B51513) slli x10, x10, 0xb                      inst_476+8
x10 <- 0xFFFFFFFFFFFFF800

mem[X,0x00000000800035EC] -> 0x0513
mem[X,0x00000000800035EE] -> 0x2575
[3453] [M]: 0x00000000800035EC (0x25750513) addi x10, x10, 0x257                    inst_476+12
x10 <- 0xFFFFFFFFFFFFFA57

clint mtime 0x00000000000006BF (mip.MTI <- 0b1, mip.STI <- 0b0)
mem[X,0x00000000800035F0] -> 0x1513
mem[X,0x00000000800035F2] -> 0x00B5
[3454] [M]: 0x00000000800035F0 (0x00B51513) slli x10, x10, 0xb                      inst_476+16
x10 <- 0xFFFFFFFFFFD2B800

mem[X,0x00000000800035F4] -> 0x0513
mem[X,0x00000000800035F6] -> 0x6C35
[3455] [M]: 0x00000000800035F4 (0x6C350513) addi x10, x10, 0x6c3                    inst_476+20
x10 <- 0xFFFFFFFFFFD2BEC3

clint mtime 0x00000000000006C0 (mip.MTI <- 0b1, mip.STI <- 0b0)
mem[X,0x00000000800035F8] -> 0x1513
mem[X,0x00000000800035FA] -> 0x00A5
[3456] [M]: 0x00000000800035F8 (0x00A51513) slli x10, x10, 0xa                      inst_476+24
x10 <- 0xFFFFFFFF4AFB0C00

mem[X,0x00000000800035FC] -> 0x0513
mem[X,0x00000000800035FE] -> 0x0CE5
[3457] [M]: 0x00000000800035FC (0x0CE50513) addi x10, x10, 0xce                     inst_476+28
x10 <- 0xFFFFFFFF4AFB0CCE

clint mtime 0x00000000000006C1 (mip.MTI <- 0b1, mip.STI <- 0b0)
mem[X,0x0000000080003600] -> 0x2593
mem[X,0x0000000080003602] -> 0x6675
[3458] [M]: 0x0000000080003600 (0x66752593) slti x11, x10, 0x667                    inst_476+32
x11 <- 0x0000000000000001

mem[X,0x0000000080003604] -> 0x3823
mem[X,0x0000000080003606] -> 0x62B1
[3459] [M]: 0x0000000080003604 (0x62B13823) sd x11, 0x630(x2)                       inst_476+36
mem[W,0x0000000080007FF8] <- 0x0000000000000001

clint mtime 0x00000000000006C2 (mip.MTI <- 0b1, mip.STI <- 0b0)
mem[X,0x0000000080003608] -> 0x0537
mem[X,0x000000008000360A] -> 0x0000
[3460] [M]: 0x0000000080003608 (0x00000537) lui x10, 0x0                            inst_477+0
x10 <- 0x0000000000000000

mem[X,0x000000008000360C] -> 0x0513
mem[X,0x000000008000360E] -> 0xFFF5
[3461] [M]: 0x000000008000360C (0xFFF50513) addi x10, x10, -0x1                     inst_477+4
x10 <- 0xFFFFFFFFFFFFFFFF

clint mtime 0x00000000000006C3 (mip.MTI <- 0b1, mip.STI <- 0b0)
mem[X,0x0000000080003610] -> 0x1513
mem[X,0x0000000080003612] -> 0x00B5
[3462] [M]: 0x0000000080003610 (0x00B51513) slli x10, x10, 0xb                      inst_477+8
x10 <- 0xFFFFFFFFFFFFF800

mem[X,0x0000000080003614] -> 0x0513
mem[X,0x0000000080003616] -> 0x2575
[3463] [M]: 0x0000000080003614 (0x25750513) addi x10, x10, 0x257                    inst_477+12
x10 <- 0xFFFFFFFFFFFFFA57

clint mtime 0x00000000000006C4 (mip.MTI <- 0b1, mip.STI <- 0b0)
mem[X,0x0000000080003618] -> 0x1513
mem[X,0x000000008000361A] -> 0x00B5
[3464] [M]: 0x0000000080003618 (0x00B51513) slli x10, x10, 0xb                      inst_477+16
x10 <- 0xFFFFFFFFFFD2B800

mem[X,0x000000008000361C] -> 0x0513
mem[X,0x000000008000361E] -> 0x6C35
[3465] [M]: 0x000000008000361C (0x6C350513) addi x10, x10, 0x6c3                    inst_477+20
x10 <- 0xFFFFFFFFFFD2BEC3

clint mtime 0x00000000000006C5 (mip.MTI <- 0b1, mip.STI <- 0b0)
mem[X,0x0000000080003620] -> 0x1513
mem[X,0x0000000080003622] -> 0x00A5
[3466] [M]: 0x0000000080003620 (0x00A51513) slli x10, x10, 0xa                      inst_477+24
x10 <- 0xFFFFFFFF4AFB0C00

mem[X,0x0000000080003624] -> 0x0513
mem[X,0x0000000080003626] -> 0x0CE5
[3467] [M]: 0x0000000080003624 (0x0CE50513) addi x10, x10, 0xce                     inst_477+28
x10 <- 0xFFFFFFFF4AFB0CCE

clint mtime 0x00000000000006C6 (mip.MTI <- 0b1, mip.STI <- 0b0)
mem[X,0x0000000080003628] -> 0x2593
mem[X,0x000000008000362A] -> 0xFD45
[3468] [M]: 0x0000000080003628 (0xFD452593) slti x11, x10, -0x2c                    inst_477+32
x11 <- 0x0000000000000001

mem[X,0x000000008000362C] -> 0x3C23
mem[X,0x000000008000362E] -> 0x62B1
[3469] [M]: 0x000000008000362C (0x62B13C23) sd x11, 0x638(x2)                       inst_477+36
mem[W,0x0000000080008000] <- 0x0000000000000001

clint mtime 0x00000000000006C7 (mip.MTI <- 0b1, mip.STI <- 0b0)
mem[X,0x0000000080003630] -> 0x0537
mem[X,0x0000000080003632] -> 0x0000
[3470] [M]: 0x0000000080003630 (0x00000537) lui x10, 0x0                            inst_478+0
x10 <- 0x0000000000000000

mem[X,0x0000000080003634] -> 0x0513
mem[X,0x0000000080003636] -> 0xFFF5
[3471] [M]: 0x0000000080003634 (0xFFF50513) addi x10, x10, -0x1                     inst_478+4
x10 <- 0xFFFFFFFFFFFFFFFF

clint mtime 0x00000000000006C8 (mip.MTI <- 0b1, mip.STI <- 0b0)
mem[X,0x0000000080003638] -> 0x1513
mem[X,0x000000008000363A] -> 0x00B5
[3472] [M]: 0x0000000080003638 (0x00B51513) slli x10, x10, 0xb                      inst_478+8
x10 <- 0xFFFFFFFFFFFFF800

mem[X,0x000000008000363C] -> 0x0513
mem[X,0x000000008000363E] -> 0x2575
[3473] [M]: 0x000000008000363C (0x25750513) addi x10, x10, 0x257                    inst_478+12
x10 <- 0xFFFFFFFFFFFFFA57

clint mtime 0x00000000000006C9 (mip.MTI <- 0b1, mip.STI <- 0b0)
mem[X,0x0000000080003640] -> 0x1513
mem[X,0x0000000080003642] -> 0x00B5
[3474] [M]: 0x0000000080003640 (0x00B51513) slli x10, x10, 0xb                      inst_478+16
x10 <- 0xFFFFFFFFFFD2B800

mem[X,0x0000000080003644] -> 0x0513
mem[X,0x0000000080003646] -> 0x6C35
[3475] [M]: 0x0000000080003644 (0x6C350513) addi x10, x10, 0x6c3                    inst_478+20
x10 <- 0xFFFFFFFFFFD2BEC3

clint mtime 0x00000000000006CA (mip.MTI <- 0b1, mip.STI <- 0b0)
mem[X,0x0000000080003648] -> 0x1513
mem[X,0x000000008000364A] -> 0x00A5
[3476] [M]: 0x0000000080003648 (0x00A51513) slli x10, x10, 0xa                      inst_478+24
x10 <- 0xFFFFFFFF4AFB0C00

mem[X,0x000000008000364C] -> 0x0513
mem[X,0x000000008000364E] -> 0x0CE5
[3477] [M]: 0x000000008000364C (0x0CE50513) addi x10, x10, 0xce                     inst_478+28
x10 <- 0xFFFFFFFF4AFB0CCE

clint mtime 0x00000000000006CB (mip.MTI <- 0b1, mip.STI <- 0b0)
mem[X,0x0000000080003650] -> 0x2593
mem[X,0x0000000080003652] -> 0x02E5
[3478] [M]: 0x0000000080003650 (0x02E52593) slti x11, x10, 0x2e                     inst_478+32
x11 <- 0x0000000000000001

mem[X,0x0000000080003654] -> 0x3023
mem[X,0x0000000080003656] -> 0x64B1
[3479] [M]: 0x0000000080003654 (0x64B13023) sd x11, 0x640(x2)                       inst_478+36
mem[W,0x0000000080008008] <- 0x0000000000000001

clint mtime 0x00000000000006CC (mip.MTI <- 0b1, mip.STI <- 0b0)
mem[X,0x0000000080003658] -> 0x0537
mem[X,0x000000008000365A] -> 0x0000
[3480] [M]: 0x0000000080003658 (0x00000537) lui x10, 0x0                            inst_479+0
x10 <- 0x0000000000000000

mem[X,0x000000008000365C] -> 0x0513
mem[X,0x000000008000365E] -> 0x0005
[3481] [M]: 0x000000008000365C (0x00050513) addi x10, x10, 0x0                      inst_479+4
x10 <- 0x0000000000000000

clint mtime 0x00000000000006CD (mip.MTI <- 0b1, mip.STI <- 0b0)
mem[X,0x0000000080003660] -> 0x1513
mem[X,0x0000000080003662] -> 0x00B5
[3482] [M]: 0x0000000080003660 (0x00B51513) slli x10, x10, 0xb                      inst_479+8
x10 <- 0x0000000000000000

mem[X,0x0000000080003664] -> 0x0513
mem[X,0x0000000080003666] -> 0x5A85
[3483] [M]: 0x0000000080003664 (0x5A850513) addi x10, x10, 0x5a8                    inst_479+12
x10 <- 0x00000000000005A8

clint mtime 0x00000000000006CE (mip.MTI <- 0b1, mip.STI <- 0b0)
mem[X,0x0000000080003668] -> 0x1513
mem[X,0x000000008000366A] -> 0x00B5
[3484] [M]: 0x0000000080003668 (0x00B51513) slli x10, x10, 0xb                      inst_479+16
x10 <- 0x00000000002D4000

mem[X,0x000000008000366C] -> 0x0513
mem[X,0x000000008000366E] -> 0x13C5
[3485] [M]: 0x000000008000366C (0x13C50513) addi x10, x10, 0x13c                    inst_479+20
x10 <- 0x00000000002D413C

clint mtime 0x00000000000006CF (mip.MTI <- 0b1, mip.STI <- 0b0)
mem[X,0x0000000080003670] -> 0x1513
mem[X,0x0000000080003672] -> 0x00A5
[3486] [M]: 0x0000000080003670 (0x00A51513) slli x10, x10, 0xa                      inst_479+24
x10 <- 0x00000000B504F000

mem[X,0x0000000080003674] -> 0x0513
mem[X,0x0000000080003676] -> 0x3345
[3487] [M]: 0x0000000080003674 (0x33450513) addi x10, x10, 0x334                    inst_479+28
x10 <- 0x00000000B504F334

clint mtime 0x00000000000006D0 (mip.MTI <- 0b1, mip.STI <- 0b0)
mem[X,0x0000000080003678] -> 0x2593
mem[X,0x000000008000367A] -> 0x0035
[3488] [M]: 0x0000000080003678 (0x00352593) slti x11, x10, 0x3                      inst_479+32
x11 <- 0x0000000000000000

mem[X,0x000000008000367C] -> 0x3423
mem[X,0x000000008000367E] -> 0x64B1
[3489] [M]: 0x000000008000367C (0x64B13423) sd x11, 0x648(x2)                       inst_479+36
mem[W,0x0000000080008010] <- 0x0000000000000000

clint mtime 0x00000000000006D1 (mip.MTI <- 0b1, mip.STI <- 0b0)
mem[X,0x0000000080003680] -> 0x0537
mem[X,0x0000000080003682] -> 0x0000
[3490] [M]: 0x0000000080003680 (0x00000537) lui x10, 0x0                            inst_480+0
x10 <- 0x0000000000000000

mem[X,0x0000000080003684] -> 0x0513
mem[X,0x0000000080003686] -> 0x0005
[3491] [M]: 0x0000000080003684 (0x00050513) addi x10, x10, 0x0                      inst_480+4
x10 <- 0x0000000000000000

clint mtime 0x00000000000006D2 (mip.MTI <- 0b1, mip.STI <- 0b0)
mem[X,0x0000000080003688] -> 0x1513
mem[X,0x000000008000368A] -> 0x00B5
[3492] [M]: 0x0000000080003688 (0x00B51513) slli x10, x10, 0xb                      inst_480+8
x10 <- 0x0000000000000000

mem[X,0x000000008000368C] -> 0x0513
mem[X,0x000000008000368E] -> 0x5A85
[3493] [M]: 0x000000008000368C (0x5A850513) addi x10, x10, 0x5a8                    inst_480+12
x10 <- 0x00000000000005A8

clint mtime 0x00000000000006D3 (mip.MTI <- 0b1, mip.STI <- 0b0)
mem[X,0x0000000080003690] -> 0x1513
mem[X,0x0000000080003692] -> 0x00B5
[3494] [M]: 0x0000000080003690 (0x00B51513) slli x10, x10, 0xb                      inst_480+16
x10 <- 0x00000000002D4000

mem[X,0x0000000080003694] -> 0x0513
mem[X,0x0000000080003696] -> 0x13C5
[3495] [M]: 0x0000000080003694 (0x13C50513) addi x10, x10, 0x13c                    inst_480+20
x10 <- 0x00000000002D413C

clint mtime 0x00000000000006D4 (mip.MTI <- 0b1, mip.STI <- 0b0)
mem[X,0x0000000080003698] -> 0x1513
mem[X,0x000000008000369A] -> 0x00A5
[3496] [M]: 0x0000000080003698 (0x00A51513) slli x10, x10, 0xa                      inst_480+24
x10 <- 0x00000000B504F000

mem[X,0x000000008000369C] -> 0x0513
mem[X,0x000000008000369E] -> 0x3345
[3497] [M]: 0x000000008000369C (0x33450513) addi x10, x10, 0x334                    inst_480+28
x10 <- 0x00000000B504F334

clint mtime 0x00000000000006D5 (mip.MTI <- 0b1, mip.STI <- 0b0)
mem[X,0x00000000800036A0] -> 0x2593
mem[X,0x00000000800036A2] -> 0x5555
[3498] [M]: 0x00000000800036A0 (0x55552593) slti x11, x10, 0x555                    inst_480+32
x11 <- 0x0000000000000000

mem[X,0x00000000800036A4] -> 0x3823
mem[X,0x00000000800036A6] -> 0x64B1
[3499] [M]: 0x00000000800036A4 (0x64B13823) sd x11, 0x650(x2)                       inst_480+36
mem[W,0x0000000080008018] <- 0x0000000000000000

clint mtime 0x00000000000006D6 (mip.MTI <- 0b1, mip.STI <- 0b0)
mem[X,0x00000000800036A8] -> 0x0537
mem[X,0x00000000800036AA] -> 0x0000
[3500] [M]: 0x00000000800036A8 (0x00000537) lui x10, 0x0                            inst_481+0
x10 <- 0x0000000000000000

mem[X,0x00000000800036AC] -> 0x0513
mem[X,0x00000000800036AE] -> 0x0005
[3501] [M]: 0x00000000800036AC (0x00050513) addi x10, x10, 0x0                      inst_481+4
x10 <- 0x0000000000000000

clint mtime 0x00000000000006D7 (mip.MTI <- 0b1, mip.STI <- 0b0)
mem[X,0x00000000800036B0] -> 0x1513
mem[X,0x00000000800036B2] -> 0x00B5
[3502] [M]: 0x00000000800036B0 (0x00B51513) slli x10, x10, 0xb                      inst_481+8
x10 <- 0x0000000000000000

mem[X,0x00000000800036B4] -> 0x0513
mem[X,0x00000000800036B6] -> 0x5A85
[3503] [M]: 0x00000000800036B4 (0x5A850513) addi x10, x10, 0x5a8                    inst_481+12
x10 <- 0x00000000000005A8

clint mtime 0x00000000000006D8 (mip.MTI <- 0b1, mip.STI <- 0b0)
mem[X,0x00000000800036B8] -> 0x1513
mem[X,0x00000000800036BA] -> 0x00B5
[3504] [M]: 0x00000000800036B8 (0x00B51513) slli x10, x10, 0xb                      inst_481+16
x10 <- 0x00000000002D4000

mem[X,0x00000000800036BC] -> 0x0513
mem[X,0x00000000800036BE] -> 0x13C5
[3505] [M]: 0x00000000800036BC (0x13C50513) addi x10, x10, 0x13c                    inst_481+20
x10 <- 0x00000000002D413C

clint mtime 0x00000000000006D9 (mip.MTI <- 0b1, mip.STI <- 0b0)
mem[X,0x00000000800036C0] -> 0x1513
mem[X,0x00000000800036C2] -> 0x00A5
[3506] [M]: 0x00000000800036C0 (0x00A51513) slli x10, x10, 0xa                      inst_481+24
x10 <- 0x00000000B504F000

mem[X,0x00000000800036C4] -> 0x0513
mem[X,0x00000000800036C6] -> 0x3345
[3507] [M]: 0x00000000800036C4 (0x33450513) addi x10, x10, 0x334                    inst_481+28
x10 <- 0x00000000B504F334

clint mtime 0x00000000000006DA (mip.MTI <- 0b1, mip.STI <- 0b0)
mem[X,0x00000000800036C8] -> 0x2593
mem[X,0x00000000800036CA] -> 0xAAA5
[3508] [M]: 0x00000000800036C8 (0xAAA52593) slti x11, x10, -0x556                   inst_481+32
x11 <- 0x0000000000000000

mem[X,0x00000000800036CC] -> 0x3C23
mem[X,0x00000000800036CE] -> 0x64B1
[3509] [M]: 0x00000000800036CC (0x64B13C23) sd x11, 0x658(x2)                       inst_481+36
mem[W,0x0000000080008020] <- 0x0000000000000000

clint mtime 0x00000000000006DB (mip.MTI <- 0b1, mip.STI <- 0b0)
mem[X,0x00000000800036D0] -> 0x0537
mem[X,0x00000000800036D2] -> 0x0000
[3510] [M]: 0x00000000800036D0 (0x00000537) lui x10, 0x0                            inst_482+0
x10 <- 0x0000000000000000

mem[X,0x00000000800036D4] -> 0x0513
mem[X,0x00000000800036D6] -> 0x0005
[3511] [M]: 0x00000000800036D4 (0x00050513) addi x10, x10, 0x0                      inst_482+4
x10 <- 0x0000000000000000

clint mtime 0x00000000000006DC (mip.MTI <- 0b1, mip.STI <- 0b0)
mem[X,0x00000000800036D8] -> 0x1513
mem[X,0x00000000800036DA] -> 0x00B5
[3512] [M]: 0x00000000800036D8 (0x00B51513) slli x10, x10, 0xb                      inst_482+8
x10 <- 0x0000000000000000

mem[X,0x00000000800036DC] -> 0x0513
mem[X,0x00000000800036DE] -> 0x5A85
[3513] [M]: 0x00000000800036DC (0x5A850513) addi x10, x10, 0x5a8                    inst_482+12
x10 <- 0x00000000000005A8

clint mtime 0x00000000000006DD (mip.MTI <- 0b1, mip.STI <- 0b0)
mem[X,0x00000000800036E0] -> 0x1513
mem[X,0x00000000800036E2] -> 0x00B5
[3514] [M]: 0x00000000800036E0 (0x00B51513) slli x10, x10, 0xb                      inst_482+16
x10 <- 0x00000000002D4000

mem[X,0x00000000800036E4] -> 0x0513
mem[X,0x00000000800036E6] -> 0x13C5
[3515] [M]: 0x00000000800036E4 (0x13C50513) addi x10, x10, 0x13c                    inst_482+20
x10 <- 0x00000000002D413C

clint mtime 0x00000000000006DE (mip.MTI <- 0b1, mip.STI <- 0b0)
mem[X,0x00000000800036E8] -> 0x1513
mem[X,0x00000000800036EA] -> 0x00A5
[3516] [M]: 0x00000000800036E8 (0x00A51513) slli x10, x10, 0xa                      inst_482+24
x10 <- 0x00000000B504F000

mem[X,0x00000000800036EC] -> 0x0513
mem[X,0x00000000800036EE] -> 0x3345
[3517] [M]: 0x00000000800036EC (0x33450513) addi x10, x10, 0x334                    inst_482+28
x10 <- 0x00000000B504F334

clint mtime 0x00000000000006DF (mip.MTI <- 0b1, mip.STI <- 0b0)
mem[X,0x00000000800036F0] -> 0x2593
mem[X,0x00000000800036F2] -> 0x0055
[3518] [M]: 0x00000000800036F0 (0x00552593) slti x11, x10, 0x5                      inst_482+32
x11 <- 0x0000000000000000

mem[X,0x00000000800036F4] -> 0x3023
mem[X,0x00000000800036F6] -> 0x66B1
[3519] [M]: 0x00000000800036F4 (0x66B13023) sd x11, 0x660(x2)                       inst_482+36
mem[W,0x0000000080008028] <- 0x0000000000000000

clint mtime 0x00000000000006E0 (mip.MTI <- 0b1, mip.STI <- 0b0)
mem[X,0x00000000800036F8] -> 0x0537
mem[X,0x00000000800036FA] -> 0x0000
[3520] [M]: 0x00000000800036F8 (0x00000537) lui x10, 0x0                            inst_483+0
x10 <- 0x0000000000000000

mem[X,0x00000000800036FC] -> 0x0513
mem[X,0x00000000800036FE] -> 0x0005
[3521] [M]: 0x00000000800036FC (0x00050513) addi x10, x10, 0x0                      inst_483+4
x10 <- 0x0000000000000000

clint mtime 0x00000000000006E1 (mip.MTI <- 0b1, mip.STI <- 0b0)
mem[X,0x0000000080003700] -> 0x1513
mem[X,0x0000000080003702] -> 0x00B5
[3522] [M]: 0x0000000080003700 (0x00B51513) slli x10, x10, 0xb                      inst_483+8
x10 <- 0x0000000000000000

mem[X,0x0000000080003704] -> 0x0513
mem[X,0x0000000080003706] -> 0x5A85
[3523] [M]: 0x0000000080003704 (0x5A850513) addi x10, x10, 0x5a8                    inst_483+12
x10 <- 0x00000000000005A8

clint mtime 0x00000000000006E2 (mip.MTI <- 0b1, mip.STI <- 0b0)
mem[X,0x0000000080003708] -> 0x1513
mem[X,0x000000008000370A] -> 0x00B5
[3524] [M]: 0x0000000080003708 (0x00B51513) slli x10, x10, 0xb                      inst_483+16
x10 <- 0x00000000002D4000

mem[X,0x000000008000370C] -> 0x0513
mem[X,0x000000008000370E] -> 0x13C5
[3525] [M]: 0x000000008000370C (0x13C50513) addi x10, x10, 0x13c                    inst_483+20
x10 <- 0x00000000002D413C

clint mtime 0x00000000000006E3 (mip.MTI <- 0b1, mip.STI <- 0b0)
mem[X,0x0000000080003710] -> 0x1513
mem[X,0x0000000080003712] -> 0x00A5
[3526] [M]: 0x0000000080003710 (0x00A51513) slli x10, x10, 0xa                      inst_483+24
x10 <- 0x00000000B504F000

mem[X,0x0000000080003714] -> 0x0513
mem[X,0x0000000080003716] -> 0x3345
[3527] [M]: 0x0000000080003714 (0x33450513) addi x10, x10, 0x334                    inst_483+28
x10 <- 0x00000000B504F334

clint mtime 0x00000000000006E4 (mip.MTI <- 0b1, mip.STI <- 0b0)
mem[X,0x0000000080003718] -> 0x2593
mem[X,0x000000008000371A] -> 0x3335
[3528] [M]: 0x0000000080003718 (0x33352593) slti x11, x10, 0x333                    inst_483+32
x11 <- 0x0000000000000000

mem[X,0x000000008000371C] -> 0x3423
mem[X,0x000000008000371E] -> 0x66B1
[3529] [M]: 0x000000008000371C (0x66B13423) sd x11, 0x668(x2)                       inst_483+36
mem[W,0x0000000080008030] <- 0x0000000000000000

clint mtime 0x00000000000006E5 (mip.MTI <- 0b1, mip.STI <- 0b0)
mem[X,0x0000000080003720] -> 0x0537
mem[X,0x0000000080003722] -> 0x0000
[3530] [M]: 0x0000000080003720 (0x00000537) lui x10, 0x0                            inst_484+0
x10 <- 0x0000000000000000

mem[X,0x0000000080003724] -> 0x0513
mem[X,0x0000000080003726] -> 0x0005
[3531] [M]: 0x0000000080003724 (0x00050513) addi x10, x10, 0x0                      inst_484+4
x10 <- 0x0000000000000000

clint mtime 0x00000000000006E6 (mip.MTI <- 0b1, mip.STI <- 0b0)
mem[X,0x0000000080003728] -> 0x1513
mem[X,0x000000008000372A] -> 0x00B5
[3532] [M]: 0x0000000080003728 (0x00B51513) slli x10, x10, 0xb                      inst_484+8
x10 <- 0x0000000000000000

mem[X,0x000000008000372C] -> 0x0513
mem[X,0x000000008000372E] -> 0x5A85
[3533] [M]: 0x000000008000372C (0x5A850513) addi x10, x10, 0x5a8                    inst_484+12
x10 <- 0x00000000000005A8

clint mtime 0x00000000000006E7 (mip.MTI <- 0b1, mip.STI <- 0b0)
mem[X,0x0000000080003730] -> 0x1513
mem[X,0x0000000080003732] -> 0x00B5
[3534] [M]: 0x0000000080003730 (0x00B51513) slli x10, x10, 0xb                      inst_484+16
x10 <- 0x00000000002D4000

mem[X,0x0000000080003734] -> 0x0513
mem[X,0x0000000080003736] -> 0x13C5
[3535] [M]: 0x0000000080003734 (0x13C50513) addi x10, x10, 0x13c                    inst_484+20
x10 <- 0x00000000002D413C

clint mtime 0x00000000000006E8 (mip.MTI <- 0b1, mip.STI <- 0b0)
mem[X,0x0000000080003738] -> 0x1513
mem[X,0x000000008000373A] -> 0x00A5
[3536] [M]: 0x0000000080003738 (0x00A51513) slli x10, x10, 0xa                      inst_484+24
x10 <- 0x00000000B504F000

mem[X,0x000000008000373C] -> 0x0513
mem[X,0x000000008000373E] -> 0x3345
[3537] [M]: 0x000000008000373C (0x33450513) addi x10, x10, 0x334                    inst_484+28
x10 <- 0x00000000B504F334

clint mtime 0x00000000000006E9 (mip.MTI <- 0b1, mip.STI <- 0b0)
mem[X,0x0000000080003740] -> 0x2593
mem[X,0x0000000080003742] -> 0x6665
[3538] [M]: 0x0000000080003740 (0x66652593) slti x11, x10, 0x666                    inst_484+32
x11 <- 0x0000000000000000

mem[X,0x0000000080003744] -> 0x3823
mem[X,0x0000000080003746] -> 0x66B1
[3539] [M]: 0x0000000080003744 (0x66B13823) sd x11, 0x670(x2)                       inst_484+36
mem[W,0x0000000080008038] <- 0x0000000000000000

clint mtime 0x00000000000006EA (mip.MTI <- 0b1, mip.STI <- 0b0)
mem[X,0x0000000080003748] -> 0x0537
mem[X,0x000000008000374A] -> 0x0000
[3540] [M]: 0x0000000080003748 (0x00000537) lui x10, 0x0                            inst_485+0
x10 <- 0x0000000000000000

mem[X,0x000000008000374C] -> 0x0513
mem[X,0x000000008000374E] -> 0x0005
[3541] [M]: 0x000000008000374C (0x00050513) addi x10, x10, 0x0                      inst_485+4
x10 <- 0x0000000000000000

clint mtime 0x00000000000006EB (mip.MTI <- 0b1, mip.STI <- 0b0)
mem[X,0x0000000080003750] -> 0x1513
mem[X,0x0000000080003752] -> 0x00B5
[3542] [M]: 0x0000000080003750 (0x00B51513) slli x10, x10, 0xb                      inst_485+8
x10 <- 0x0000000000000000

mem[X,0x0000000080003754] -> 0x0513
mem[X,0x0000000080003756] -> 0x5A85
[3543] [M]: 0x0000000080003754 (0x5A850513) addi x10, x10, 0x5a8                    inst_485+12
x10 <- 0x00000000000005A8

clint mtime 0x00000000000006EC (mip.MTI <- 0b1, mip.STI <- 0b0)
mem[X,0x0000000080003758] -> 0x1513
mem[X,0x000000008000375A] -> 0x00B5
[3544] [M]: 0x0000000080003758 (0x00B51513) slli x10, x10, 0xb                      inst_485+16
x10 <- 0x00000000002D4000

mem[X,0x000000008000375C] -> 0x0513
mem[X,0x000000008000375E] -> 0x13C5
[3545] [M]: 0x000000008000375C (0x13C50513) addi x10, x10, 0x13c                    inst_485+20
x10 <- 0x00000000002D413C

clint mtime 0x00000000000006ED (mip.MTI <- 0b1, mip.STI <- 0b0)
mem[X,0x0000000080003760] -> 0x1513
mem[X,0x0000000080003762] -> 0x00A5
[3546] [M]: 0x0000000080003760 (0x00A51513) slli x10, x10, 0xa                      inst_485+24
x10 <- 0x00000000B504F000

mem[X,0x0000000080003764] -> 0x0513
mem[X,0x0000000080003766] -> 0x3345
[3547] [M]: 0x0000000080003764 (0x33450513) addi x10, x10, 0x334                    inst_485+28
x10 <- 0x00000000B504F334

clint mtime 0x00000000000006EE (mip.MTI <- 0b1, mip.STI <- 0b0)
mem[X,0x0000000080003768] -> 0x2593
mem[X,0x000000008000376A] -> 0xFD35
[3548] [M]: 0x0000000080003768 (0xFD352593) slti x11, x10, -0x2d                    inst_485+32
x11 <- 0x0000000000000000

mem[X,0x000000008000376C] -> 0x3C23
mem[X,0x000000008000376E] -> 0x66B1
[3549] [M]: 0x000000008000376C (0x66B13C23) sd x11, 0x678(x2)                       inst_485+36
mem[W,0x0000000080008040] <- 0x0000000000000000

clint mtime 0x00000000000006EF (mip.MTI <- 0b1, mip.STI <- 0b0)
mem[X,0x0000000080003770] -> 0x0537
mem[X,0x0000000080003772] -> 0x0000
[3550] [M]: 0x0000000080003770 (0x00000537) lui x10, 0x0                            inst_486+0
x10 <- 0x0000000000000000

mem[X,0x0000000080003774] -> 0x0513
mem[X,0x0000000080003776] -> 0x0005
[3551] [M]: 0x0000000080003774 (0x00050513) addi x10, x10, 0x0                      inst_486+4
x10 <- 0x0000000000000000

clint mtime 0x00000000000006F0 (mip.MTI <- 0b1, mip.STI <- 0b0)
mem[X,0x0000000080003778] -> 0x1513
mem[X,0x000000008000377A] -> 0x00B5
[3552] [M]: 0x0000000080003778 (0x00B51513) slli x10, x10, 0xb                      inst_486+8
x10 <- 0x0000000000000000

mem[X,0x000000008000377C] -> 0x0513
mem[X,0x000000008000377E] -> 0x5A85
[3553] [M]: 0x000000008000377C (0x5A850513) addi x10, x10, 0x5a8                    inst_486+12
x10 <- 0x00000000000005A8

clint mtime 0x00000000000006F1 (mip.MTI <- 0b1, mip.STI <- 0b0)
mem[X,0x0000000080003780] -> 0x1513
mem[X,0x0000000080003782] -> 0x00B5
[3554] [M]: 0x0000000080003780 (0x00B51513) slli x10, x10, 0xb                      inst_486+16
x10 <- 0x00000000002D4000

mem[X,0x0000000080003784] -> 0x0513
mem[X,0x0000000080003786] -> 0x13C5
[3555] [M]: 0x0000000080003784 (0x13C50513) addi x10, x10, 0x13c                    inst_486+20
x10 <- 0x00000000002D413C

clint mtime 0x00000000000006F2 (mip.MTI <- 0b1, mip.STI <- 0b0)
mem[X,0x0000000080003788] -> 0x1513
mem[X,0x000000008000378A] -> 0x00A5
[3556] [M]: 0x0000000080003788 (0x00A51513) slli x10, x10, 0xa                      inst_486+24
x10 <- 0x00000000B504F000

mem[X,0x000000008000378C] -> 0x0513
mem[X,0x000000008000378E] -> 0x3345
[3557] [M]: 0x000000008000378C (0x33450513) addi x10, x10, 0x334                    inst_486+28
x10 <- 0x00000000B504F334

clint mtime 0x00000000000006F3 (mip.MTI <- 0b1, mip.STI <- 0b0)
mem[X,0x0000000080003790] -> 0x2593
mem[X,0x0000000080003792] -> 0x02D5
[3558] [M]: 0x0000000080003790 (0x02D52593) slti x11, x10, 0x2d                     inst_486+32
x11 <- 0x0000000000000000

mem[X,0x0000000080003794] -> 0x3023
mem[X,0x0000000080003796] -> 0x68B1
[3559] [M]: 0x0000000080003794 (0x68B13023) sd x11, 0x680(x2)                       inst_486+36
mem[W,0x0000000080008048] <- 0x0000000000000000

clint mtime 0x00000000000006F4 (mip.MTI <- 0b1, mip.STI <- 0b0)
mem[X,0x0000000080003798] -> 0x0537
mem[X,0x000000008000379A] -> 0x0000
[3560] [M]: 0x0000000080003798 (0x00000537) lui x10, 0x0                            inst_487+0
x10 <- 0x0000000000000000

mem[X,0x000000008000379C] -> 0x0513
mem[X,0x000000008000379E] -> 0x0005
[3561] [M]: 0x000000008000379C (0x00050513) addi x10, x10, 0x0                      inst_487+4
x10 <- 0x0000000000000000

clint mtime 0x00000000000006F5 (mip.MTI <- 0b1, mip.STI <- 0b0)
mem[X,0x00000000800037A0] -> 0x1513
mem[X,0x00000000800037A2] -> 0x00B5
[3562] [M]: 0x00000000800037A0 (0x00B51513) slli x10, x10, 0xb                      inst_487+8
x10 <- 0x0000000000000000

mem[X,0x00000000800037A4] -> 0x0513
mem[X,0x00000000800037A6] -> 0x5A85
[3563] [M]: 0x00000000800037A4 (0x5A850513) addi x10, x10, 0x5a8                    inst_487+12
x10 <- 0x00000000000005A8

clint mtime 0x00000000000006F6 (mip.MTI <- 0b1, mip.STI <- 0b0)
mem[X,0x00000000800037A8] -> 0x1513
mem[X,0x00000000800037AA] -> 0x00B5
[3564] [M]: 0x00000000800037A8 (0x00B51513) slli x10, x10, 0xb                      inst_487+16
x10 <- 0x00000000002D4000

mem[X,0x00000000800037AC] -> 0x0513
mem[X,0x00000000800037AE] -> 0x13C5
[3565] [M]: 0x00000000800037AC (0x13C50513) addi x10, x10, 0x13c                    inst_487+20
x10 <- 0x00000000002D413C

clint mtime 0x00000000000006F7 (mip.MTI <- 0b1, mip.STI <- 0b0)
mem[X,0x00000000800037B0] -> 0x1513
mem[X,0x00000000800037B2] -> 0x00A5
[3566] [M]: 0x00000000800037B0 (0x00A51513) slli x10, x10, 0xa                      inst_487+24
x10 <- 0x00000000B504F000

mem[X,0x00000000800037B4] -> 0x0513
mem[X,0x00000000800037B6] -> 0x3345
[3567] [M]: 0x00000000800037B4 (0x33450513) addi x10, x10, 0x334                    inst_487+28
x10 <- 0x00000000B504F334

clint mtime 0x00000000000006F8 (mip.MTI <- 0b1, mip.STI <- 0b0)
mem[X,0x00000000800037B8] -> 0x2593
mem[X,0x00000000800037BA] -> 0x0025
[3568] [M]: 0x00000000800037B8 (0x00252593) slti x11, x10, 0x2                      inst_487+32
x11 <- 0x0000000000000000

mem[X,0x00000000800037BC] -> 0x3423
mem[X,0x00000000800037BE] -> 0x68B1
[3569] [M]: 0x00000000800037BC (0x68B13423) sd x11, 0x688(x2)                       inst_487+36
mem[W,0x0000000080008050] <- 0x0000000000000000

clint mtime 0x00000000000006F9 (mip.MTI <- 0b1, mip.STI <- 0b0)
mem[X,0x00000000800037C0] -> 0x0537
mem[X,0x00000000800037C2] -> 0x0000
[3570] [M]: 0x00000000800037C0 (0x00000537) lui x10, 0x0                            inst_488+0
x10 <- 0x0000000000000000

mem[X,0x00000000800037C4] -> 0x0513
mem[X,0x00000000800037C6] -> 0x0005
[3571] [M]: 0x00000000800037C4 (0x00050513) addi x10, x10, 0x0                      inst_488+4
x10 <- 0x0000000000000000

clint mtime 0x00000000000006FA (mip.MTI <- 0b1, mip.STI <- 0b0)
mem[X,0x00000000800037C8] -> 0x1513
mem[X,0x00000000800037CA] -> 0x00B5
[3572] [M]: 0x00000000800037C8 (0x00B51513) slli x10, x10, 0xb                      inst_488+8
x10 <- 0x0000000000000000

mem[X,0x00000000800037CC] -> 0x0513
mem[X,0x00000000800037CE] -> 0x5A85
[3573] [M]: 0x00000000800037CC (0x5A850513) addi x10, x10, 0x5a8                    inst_488+12
x10 <- 0x00000000000005A8

clint mtime 0x00000000000006FB (mip.MTI <- 0b1, mip.STI <- 0b0)
mem[X,0x00000000800037D0] -> 0x1513
mem[X,0x00000000800037D2] -> 0x00B5
[3574] [M]: 0x00000000800037D0 (0x00B51513) slli x10, x10, 0xb                      inst_488+16
x10 <- 0x00000000002D4000

mem[X,0x00000000800037D4] -> 0x0513
mem[X,0x00000000800037D6] -> 0x13C5
[3575] [M]: 0x00000000800037D4 (0x13C50513) addi x10, x10, 0x13c                    inst_488+20
x10 <- 0x00000000002D413C

clint mtime 0x00000000000006FC (mip.MTI <- 0b1, mip.STI <- 0b0)
mem[X,0x00000000800037D8] -> 0x1513
mem[X,0x00000000800037DA] -> 0x00A5
[3576] [M]: 0x00000000800037D8 (0x00A51513) slli x10, x10, 0xa                      inst_488+24
x10 <- 0x00000000B504F000

mem[X,0x00000000800037DC] -> 0x0513
mem[X,0x00000000800037DE] -> 0x3345
[3577] [M]: 0x00000000800037DC (0x33450513) addi x10, x10, 0x334                    inst_488+28
x10 <- 0x00000000B504F334

clint mtime 0x00000000000006FD (mip.MTI <- 0b1, mip.STI <- 0b0)
mem[X,0x00000000800037E0] -> 0x2593
mem[X,0x00000000800037E2] -> 0x5545
[3578] [M]: 0x00000000800037E0 (0x55452593) slti x11, x10, 0x554                    inst_488+32
x11 <- 0x0000000000000000

mem[X,0x00000000800037E4] -> 0x3823
mem[X,0x00000000800037E6] -> 0x68B1
[3579] [M]: 0x00000000800037E4 (0x68B13823) sd x11, 0x690(x2)                       inst_488+36
mem[W,0x0000000080008058] <- 0x0000000000000000

clint mtime 0x00000000000006FE (mip.MTI <- 0b1, mip.STI <- 0b0)
mem[X,0x00000000800037E8] -> 0x0537
mem[X,0x00000000800037EA] -> 0x0000
[3580] [M]: 0x00000000800037E8 (0x00000537) lui x10, 0x0                            inst_489+0
x10 <- 0x0000000000000000

mem[X,0x00000000800037EC] -> 0x0513
mem[X,0x00000000800037EE] -> 0x0005
[3581] [M]: 0x00000000800037EC (0x00050513) addi x10, x10, 0x0                      inst_489+4
x10 <- 0x0000000000000000

clint mtime 0x00000000000006FF (mip.MTI <- 0b1, mip.STI <- 0b0)
mem[X,0x00000000800037F0] -> 0x1513
mem[X,0x00000000800037F2] -> 0x00B5
[3582] [M]: 0x00000000800037F0 (0x00B51513) slli x10, x10, 0xb                      inst_489+8
x10 <- 0x0000000000000000

mem[X,0x00000000800037F4] -> 0x0513
mem[X,0x00000000800037F6] -> 0x5A85
[3583] [M]: 0x00000000800037F4 (0x5A850513) addi x10, x10, 0x5a8                    inst_489+12
x10 <- 0x00000000000005A8

clint mtime 0x0000000000000700 (mip.MTI <- 0b1, mip.STI <- 0b0)
mem[X,0x00000000800037F8] -> 0x1513
mem[X,0x00000000800037FA] -> 0x00B5
[3584] [M]: 0x00000000800037F8 (0x00B51513) slli x10, x10, 0xb                      inst_489+16
x10 <- 0x00000000002D4000

mem[X,0x00000000800037FC] -> 0x0513
mem[X,0x00000000800037FE] -> 0x13C5
[3585] [M]: 0x00000000800037FC (0x13C50513) addi x10, x10, 0x13c                    inst_489+20
x10 <- 0x00000000002D413C

clint mtime 0x0000000000000701 (mip.MTI <- 0b1, mip.STI <- 0b0)
mem[X,0x0000000080003800] -> 0x1513
mem[X,0x0000000080003802] -> 0x00A5
[3586] [M]: 0x0000000080003800 (0x00A51513) slli x10, x10, 0xa                      inst_489+24
x10 <- 0x00000000B504F000

mem[X,0x0000000080003804] -> 0x0513
mem[X,0x0000000080003806] -> 0x3345
[3587] [M]: 0x0000000080003804 (0x33450513) addi x10, x10, 0x334                    inst_489+28
x10 <- 0x00000000B504F334

clint mtime 0x0000000000000702 (mip.MTI <- 0b1, mip.STI <- 0b0)
mem[X,0x0000000080003808] -> 0x2593
mem[X,0x000000008000380A] -> 0x0005
[3588] [M]: 0x0000000080003808 (0x00052593) slti x11, x10, 0x0                      inst_489+32
x11 <- 0x0000000000000000

mem[X,0x000000008000380C] -> 0x3C23
mem[X,0x000000008000380E] -> 0x68B1
[3589] [M]: 0x000000008000380C (0x68B13C23) sd x11, 0x698(x2)                       inst_489+36
mem[W,0x0000000080008060] <- 0x0000000000000000

clint mtime 0x0000000000000703 (mip.MTI <- 0b1, mip.STI <- 0b0)
mem[X,0x0000000080003810] -> 0x0537
mem[X,0x0000000080003812] -> 0x0000
[3590] [M]: 0x0000000080003810 (0x00000537) lui x10, 0x0                            inst_490+0
x10 <- 0x0000000000000000

mem[X,0x0000000080003814] -> 0x0513
mem[X,0x0000000080003816] -> 0x0005
[3591] [M]: 0x0000000080003814 (0x00050513) addi x10, x10, 0x0                      inst_490+4
x10 <- 0x0000000000000000

clint mtime 0x0000000000000704 (mip.MTI <- 0b1, mip.STI <- 0b0)
mem[X,0x0000000080003818] -> 0x1513
mem[X,0x000000008000381A] -> 0x00B5
[3592] [M]: 0x0000000080003818 (0x00B51513) slli x10, x10, 0xb                      inst_490+8
x10 <- 0x0000000000000000

mem[X,0x000000008000381C] -> 0x0513
mem[X,0x000000008000381E] -> 0x5A85
[3593] [M]: 0x000000008000381C (0x5A850513) addi x10, x10, 0x5a8                    inst_490+12
x10 <- 0x00000000000005A8

clint mtime 0x0000000000000705 (mip.MTI <- 0b1, mip.STI <- 0b0)
mem[X,0x0000000080003820] -> 0x1513
mem[X,0x0000000080003822] -> 0x00B5
[3594] [M]: 0x0000000080003820 (0x00B51513) slli x10, x10, 0xb                      inst_490+16
x10 <- 0x00000000002D4000

mem[X,0x0000000080003824] -> 0x0513
mem[X,0x0000000080003826] -> 0x13C5
[3595] [M]: 0x0000000080003824 (0x13C50513) addi x10, x10, 0x13c                    inst_490+20
x10 <- 0x00000000002D413C

clint mtime 0x0000000000000706 (mip.MTI <- 0b1, mip.STI <- 0b0)
mem[X,0x0000000080003828] -> 0x1513
mem[X,0x000000008000382A] -> 0x00A5
[3596] [M]: 0x0000000080003828 (0x00A51513) slli x10, x10, 0xa                      inst_490+24
x10 <- 0x00000000B504F000

mem[X,0x000000008000382C] -> 0x0513
mem[X,0x000000008000382E] -> 0x3345
[3597] [M]: 0x000000008000382C (0x33450513) addi x10, x10, 0x334                    inst_490+28
x10 <- 0x00000000B504F334

clint mtime 0x0000000000000707 (mip.MTI <- 0b1, mip.STI <- 0b0)
mem[X,0x0000000080003830] -> 0x2593
mem[X,0x0000000080003832] -> 0x0045
[3598] [M]: 0x0000000080003830 (0x00452593) slti x11, x10, 0x4                      inst_490+32
x11 <- 0x0000000000000000

mem[X,0x0000000080003834] -> 0x3023
mem[X,0x0000000080003836] -> 0x6AB1
[3599] [M]: 0x0000000080003834 (0x6AB13023) sd x11, 0x6a0(x2)                       inst_490+36
mem[W,0x0000000080008068] <- 0x0000000000000000

clint mtime 0x0000000000000708 (mip.MTI <- 0b1, mip.STI <- 0b0)
mem[X,0x0000000080003838] -> 0x0537
mem[X,0x000000008000383A] -> 0x0000
[3600] [M]: 0x0000000080003838 (0x00000537) lui x10, 0x0                            inst_491+0
x10 <- 0x0000000000000000

mem[X,0x000000008000383C] -> 0x0513
mem[X,0x000000008000383E] -> 0x0005
[3601] [M]: 0x000000008000383C (0x00050513) addi x10, x10, 0x0                      inst_491+4
x10 <- 0x0000000000000000

clint mtime 0x0000000000000709 (mip.MTI <- 0b1, mip.STI <- 0b0)
mem[X,0x0000000080003840] -> 0x1513
mem[X,0x0000000080003842] -> 0x00B5
[3602] [M]: 0x0000000080003840 (0x00B51513) slli x10, x10, 0xb                      inst_491+8
x10 <- 0x0000000000000000

mem[X,0x0000000080003844] -> 0x0513
mem[X,0x0000000080003846] -> 0x5A85
[3603] [M]: 0x0000000080003844 (0x5A850513) addi x10, x10, 0x5a8                    inst_491+12
x10 <- 0x00000000000005A8

clint mtime 0x000000000000070A (mip.MTI <- 0b1, mip.STI <- 0b0)
mem[X,0x0000000080003848] -> 0x1513
mem[X,0x000000008000384A] -> 0x00B5
[3604] [M]: 0x0000000080003848 (0x00B51513) slli x10, x10, 0xb                      inst_491+16
x10 <- 0x00000000002D4000

mem[X,0x000000008000384C] -> 0x0513
mem[X,0x000000008000384E] -> 0x13C5
[3605] [M]: 0x000000008000384C (0x13C50513) addi x10, x10, 0x13c                    inst_491+20
x10 <- 0x00000000002D413C

clint mtime 0x000000000000070B (mip.MTI <- 0b1, mip.STI <- 0b0)
mem[X,0x0000000080003850] -> 0x1513
mem[X,0x0000000080003852] -> 0x00A5
[3606] [M]: 0x0000000080003850 (0x00A51513) slli x10, x10, 0xa                      inst_491+24
x10 <- 0x00000000B504F000

mem[X,0x0000000080003854] -> 0x0513
mem[X,0x0000000080003856] -> 0x3345
[3607] [M]: 0x0000000080003854 (0x33450513) addi x10, x10, 0x334                    inst_491+28
x10 <- 0x00000000B504F334

clint mtime 0x000000000000070C (mip.MTI <- 0b1, mip.STI <- 0b0)
mem[X,0x0000000080003858] -> 0x2593
mem[X,0x000000008000385A] -> 0x3325
[3608] [M]: 0x0000000080003858 (0x33252593) slti x11, x10, 0x332                    inst_491+32
x11 <- 0x0000000000000000

mem[X,0x000000008000385C] -> 0x3423
mem[X,0x000000008000385E] -> 0x6AB1
[3609] [M]: 0x000000008000385C (0x6AB13423) sd x11, 0x6a8(x2)                       inst_491+36
mem[W,0x0000000080008070] <- 0x0000000000000000

clint mtime 0x000000000000070D (mip.MTI <- 0b1, mip.STI <- 0b0)
mem[X,0x0000000080003860] -> 0x0537
mem[X,0x0000000080003862] -> 0x0000
[3610] [M]: 0x0000000080003860 (0x00000537) lui x10, 0x0                            inst_492+0
x10 <- 0x0000000000000000

mem[X,0x0000000080003864] -> 0x0513
mem[X,0x0000000080003866] -> 0x0005
[3611] [M]: 0x0000000080003864 (0x00050513) addi x10, x10, 0x0                      inst_492+4
x10 <- 0x0000000000000000

clint mtime 0x000000000000070E (mip.MTI <- 0b1, mip.STI <- 0b0)
mem[X,0x0000000080003868] -> 0x1513
mem[X,0x000000008000386A] -> 0x00B5
[3612] [M]: 0x0000000080003868 (0x00B51513) slli x10, x10, 0xb                      inst_492+8
x10 <- 0x0000000000000000

mem[X,0x000000008000386C] -> 0x0513
mem[X,0x000000008000386E] -> 0x5A85
[3613] [M]: 0x000000008000386C (0x5A850513) addi x10, x10, 0x5a8                    inst_492+12
x10 <- 0x00000000000005A8

clint mtime 0x000000000000070F (mip.MTI <- 0b1, mip.STI <- 0b0)
mem[X,0x0000000080003870] -> 0x1513
mem[X,0x0000000080003872] -> 0x00B5
[3614] [M]: 0x0000000080003870 (0x00B51513) slli x10, x10, 0xb                      inst_492+16
x10 <- 0x00000000002D4000

mem[X,0x0000000080003874] -> 0x0513
mem[X,0x0000000080003876] -> 0x13C5
[3615] [M]: 0x0000000080003874 (0x13C50513) addi x10, x10, 0x13c                    inst_492+20
x10 <- 0x00000000002D413C

clint mtime 0x0000000000000710 (mip.MTI <- 0b1, mip.STI <- 0b0)
mem[X,0x0000000080003878] -> 0x1513
mem[X,0x000000008000387A] -> 0x00A5
[3616] [M]: 0x0000000080003878 (0x00A51513) slli x10, x10, 0xa                      inst_492+24
x10 <- 0x00000000B504F000

mem[X,0x000000008000387C] -> 0x0513
mem[X,0x000000008000387E] -> 0x3345
[3617] [M]: 0x000000008000387C (0x33450513) addi x10, x10, 0x334                    inst_492+28
x10 <- 0x00000000B504F334

clint mtime 0x0000000000000711 (mip.MTI <- 0b1, mip.STI <- 0b0)
mem[X,0x0000000080003880] -> 0x2593
mem[X,0x0000000080003882] -> 0x6655
[3618] [M]: 0x0000000080003880 (0x66552593) slti x11, x10, 0x665                    inst_492+32
x11 <- 0x0000000000000000

mem[X,0x0000000080003884] -> 0x3823
mem[X,0x0000000080003886] -> 0x6AB1
[3619] [M]: 0x0000000080003884 (0x6AB13823) sd x11, 0x6b0(x2)                       inst_492+36
mem[W,0x0000000080008078] <- 0x0000000000000000

clint mtime 0x0000000000000712 (mip.MTI <- 0b1, mip.STI <- 0b0)
mem[X,0x0000000080003888] -> 0x0537
mem[X,0x000000008000388A] -> 0x0000
[3620] [M]: 0x0000000080003888 (0x00000537) lui x10, 0x0                            inst_493+0
x10 <- 0x0000000000000000

mem[X,0x000000008000388C] -> 0x0513
mem[X,0x000000008000388E] -> 0x0005
[3621] [M]: 0x000000008000388C (0x00050513) addi x10, x10, 0x0                      inst_493+4
x10 <- 0x0000000000000000

clint mtime 0x0000000000000713 (mip.MTI <- 0b1, mip.STI <- 0b0)
mem[X,0x0000000080003890] -> 0x1513
mem[X,0x0000000080003892] -> 0x00B5
[3622] [M]: 0x0000000080003890 (0x00B51513) slli x10, x10, 0xb                      inst_493+8
x10 <- 0x0000000000000000

mem[X,0x0000000080003894] -> 0x0513
mem[X,0x0000000080003896] -> 0x5A85
[3623] [M]: 0x0000000080003894 (0x5A850513) addi x10, x10, 0x5a8                    inst_493+12
x10 <- 0x00000000000005A8

clint mtime 0x0000000000000714 (mip.MTI <- 0b1, mip.STI <- 0b0)
mem[X,0x0000000080003898] -> 0x1513
mem[X,0x000000008000389A] -> 0x00B5
[3624] [M]: 0x0000000080003898 (0x00B51513) slli x10, x10, 0xb                      inst_493+16
x10 <- 0x00000000002D4000

mem[X,0x000000008000389C] -> 0x0513
mem[X,0x000000008000389E] -> 0x13C5
[3625] [M]: 0x000000008000389C (0x13C50513) addi x10, x10, 0x13c                    inst_493+20
x10 <- 0x00000000002D413C

clint mtime 0x0000000000000715 (mip.MTI <- 0b1, mip.STI <- 0b0)
mem[X,0x00000000800038A0] -> 0x1513
mem[X,0x00000000800038A2] -> 0x00A5
[3626] [M]: 0x00000000800038A0 (0x00A51513) slli x10, x10, 0xa                      inst_493+24
x10 <- 0x00000000B504F000

mem[X,0x00000000800038A4] -> 0x0513
mem[X,0x00000000800038A6] -> 0x3345
[3627] [M]: 0x00000000800038A4 (0x33450513) addi x10, x10, 0x334                    inst_493+28
x10 <- 0x00000000B504F334

clint mtime 0x0000000000000716 (mip.MTI <- 0b1, mip.STI <- 0b0)
mem[X,0x00000000800038A8] -> 0x2593
mem[X,0x00000000800038AA] -> 0x02C5
[3628] [M]: 0x00000000800038A8 (0x02C52593) slti x11, x10, 0x2c                     inst_493+32
x11 <- 0x0000000000000000

mem[X,0x00000000800038AC] -> 0x3C23
mem[X,0x00000000800038AE] -> 0x6AB1
[3629] [M]: 0x00000000800038AC (0x6AB13C23) sd x11, 0x6b8(x2)                       inst_493+36
mem[W,0x0000000080008080] <- 0x0000000000000000

clint mtime 0x0000000000000717 (mip.MTI <- 0b1, mip.STI <- 0b0)
mem[X,0x00000000800038B0] -> 0x0537
mem[X,0x00000000800038B2] -> 0x0000
[3630] [M]: 0x00000000800038B0 (0x00000537) lui x10, 0x0                            inst_494+0
x10 <- 0x0000000000000000

mem[X,0x00000000800038B4] -> 0x0513
mem[X,0x00000000800038B6] -> 0x0005
[3631] [M]: 0x00000000800038B4 (0x00050513) addi x10, x10, 0x0                      inst_494+4
x10 <- 0x0000000000000000

clint mtime 0x0000000000000718 (mip.MTI <- 0b1, mip.STI <- 0b0)
mem[X,0x00000000800038B8] -> 0x1513
mem[X,0x00000000800038BA] -> 0x00B5
[3632] [M]: 0x00000000800038B8 (0x00B51513) slli x10, x10, 0xb                      inst_494+8
x10 <- 0x0000000000000000

mem[X,0x00000000800038BC] -> 0x0513
mem[X,0x00000000800038BE] -> 0x5A85
[3633] [M]: 0x00000000800038BC (0x5A850513) addi x10, x10, 0x5a8                    inst_494+12
x10 <- 0x00000000000005A8

clint mtime 0x0000000000000719 (mip.MTI <- 0b1, mip.STI <- 0b0)
mem[X,0x00000000800038C0] -> 0x1513
mem[X,0x00000000800038C2] -> 0x00B5
[3634] [M]: 0x00000000800038C0 (0x00B51513) slli x10, x10, 0xb                      inst_494+16
x10 <- 0x00000000002D4000

mem[X,0x00000000800038C4] -> 0x0513
mem[X,0x00000000800038C6] -> 0x13C5
[3635] [M]: 0x00000000800038C4 (0x13C50513) addi x10, x10, 0x13c                    inst_494+20
x10 <- 0x00000000002D413C

clint mtime 0x000000000000071A (mip.MTI <- 0b1, mip.STI <- 0b0)
mem[X,0x00000000800038C8] -> 0x1513
mem[X,0x00000000800038CA] -> 0x00A5
[3636] [M]: 0x00000000800038C8 (0x00A51513) slli x10, x10, 0xa                      inst_494+24
x10 <- 0x00000000B504F000

mem[X,0x00000000800038CC] -> 0x0513
mem[X,0x00000000800038CE] -> 0x3345
[3637] [M]: 0x00000000800038CC (0x33450513) addi x10, x10, 0x334                    inst_494+28
x10 <- 0x00000000B504F334

clint mtime 0x000000000000071B (mip.MTI <- 0b1, mip.STI <- 0b0)
mem[X,0x00000000800038D0] -> 0x2593
mem[X,0x00000000800038D2] -> 0x5565
[3638] [M]: 0x00000000800038D0 (0x55652593) slti x11, x10, 0x556                    inst_494+32
x11 <- 0x0000000000000000

mem[X,0x00000000800038D4] -> 0x3023
mem[X,0x00000000800038D6] -> 0x6CB1
[3639] [M]: 0x00000000800038D4 (0x6CB13023) sd x11, 0x6c0(x2)                       inst_494+36
mem[W,0x0000000080008088] <- 0x0000000000000000

clint mtime 0x000000000000071C (mip.MTI <- 0b1, mip.STI <- 0b0)
mem[X,0x00000000800038D8] -> 0x0537
mem[X,0x00000000800038DA] -> 0x0000
[3640] [M]: 0x00000000800038D8 (0x00000537) lui x10, 0x0                            inst_495+0
x10 <- 0x0000000000000000

mem[X,0x00000000800038DC] -> 0x0513
mem[X,0x00000000800038DE] -> 0x0005
[3641] [M]: 0x00000000800038DC (0x00050513) addi x10, x10, 0x0                      inst_495+4
x10 <- 0x0000000000000000

clint mtime 0x000000000000071D (mip.MTI <- 0b1, mip.STI <- 0b0)
mem[X,0x00000000800038E0] -> 0x1513
mem[X,0x00000000800038E2] -> 0x00B5
[3642] [M]: 0x00000000800038E0 (0x00B51513) slli x10, x10, 0xb                      inst_495+8
x10 <- 0x0000000000000000

mem[X,0x00000000800038E4] -> 0x0513
mem[X,0x00000000800038E6] -> 0x5A85
[3643] [M]: 0x00000000800038E4 (0x5A850513) addi x10, x10, 0x5a8                    inst_495+12
x10 <- 0x00000000000005A8

clint mtime 0x000000000000071E (mip.MTI <- 0b1, mip.STI <- 0b0)
mem[X,0x00000000800038E8] -> 0x1513
mem[X,0x00000000800038EA] -> 0x00B5
[3644] [M]: 0x00000000800038E8 (0x00B51513) slli x10, x10, 0xb                      inst_495+16
x10 <- 0x00000000002D4000

mem[X,0x00000000800038EC] -> 0x0513
mem[X,0x00000000800038EE] -> 0x13C5
[3645] [M]: 0x00000000800038EC (0x13C50513) addi x10, x10, 0x13c                    inst_495+20
x10 <- 0x00000000002D413C

clint mtime 0x000000000000071F (mip.MTI <- 0b1, mip.STI <- 0b0)
mem[X,0x00000000800038F0] -> 0x1513
mem[X,0x00000000800038F2] -> 0x00A5
[3646] [M]: 0x00000000800038F0 (0x00A51513) slli x10, x10, 0xa                      inst_495+24
x10 <- 0x00000000B504F000

mem[X,0x00000000800038F4] -> 0x0513
mem[X,0x00000000800038F6] -> 0x3345
[3647] [M]: 0x00000000800038F4 (0x33450513) addi x10, x10, 0x334                    inst_495+28
x10 <- 0x00000000B504F334

clint mtime 0x0000000000000720 (mip.MTI <- 0b1, mip.STI <- 0b0)
mem[X,0x00000000800038F8] -> 0x2593
mem[X,0x00000000800038FA] -> 0xAAB5
[3648] [M]: 0x00000000800038F8 (0xAAB52593) slti x11, x10, -0x555                   inst_495+32
x11 <- 0x0000000000000000

mem[X,0x00000000800038FC] -> 0x3423
mem[X,0x00000000800038FE] -> 0x6CB1
[3649] [M]: 0x00000000800038FC (0x6CB13423) sd x11, 0x6c8(x2)                       inst_495+36
mem[W,0x0000000080008090] <- 0x0000000000000000

clint mtime 0x0000000000000721 (mip.MTI <- 0b1, mip.STI <- 0b0)
mem[X,0x0000000080003900] -> 0x0537
mem[X,0x0000000080003902] -> 0x0000
[3650] [M]: 0x0000000080003900 (0x00000537) lui x10, 0x0                            inst_496+0
x10 <- 0x0000000000000000

mem[X,0x0000000080003904] -> 0x0513
mem[X,0x0000000080003906] -> 0x0005
[3651] [M]: 0x0000000080003904 (0x00050513) addi x10, x10, 0x0                      inst_496+4
x10 <- 0x0000000000000000

clint mtime 0x0000000000000722 (mip.MTI <- 0b1, mip.STI <- 0b0)
mem[X,0x0000000080003908] -> 0x1513
mem[X,0x000000008000390A] -> 0x00B5
[3652] [M]: 0x0000000080003908 (0x00B51513) slli x10, x10, 0xb                      inst_496+8
x10 <- 0x0000000000000000

mem[X,0x000000008000390C] -> 0x0513
mem[X,0x000000008000390E] -> 0x5A85
[3653] [M]: 0x000000008000390C (0x5A850513) addi x10, x10, 0x5a8                    inst_496+12
x10 <- 0x00000000000005A8

clint mtime 0x0000000000000723 (mip.MTI <- 0b1, mip.STI <- 0b0)
mem[X,0x0000000080003910] -> 0x1513
mem[X,0x0000000080003912] -> 0x00B5
[3654] [M]: 0x0000000080003910 (0x00B51513) slli x10, x10, 0xb                      inst_496+16
x10 <- 0x00000000002D4000

mem[X,0x0000000080003914] -> 0x0513
mem[X,0x0000000080003916] -> 0x13C5
[3655] [M]: 0x0000000080003914 (0x13C50513) addi x10, x10, 0x13c                    inst_496+20
x10 <- 0x00000000002D413C

clint mtime 0x0000000000000724 (mip.MTI <- 0b1, mip.STI <- 0b0)
mem[X,0x0000000080003918] -> 0x1513
mem[X,0x000000008000391A] -> 0x00A5
[3656] [M]: 0x0000000080003918 (0x00A51513) slli x10, x10, 0xa                      inst_496+24
x10 <- 0x00000000B504F000

mem[X,0x000000008000391C] -> 0x0513
mem[X,0x000000008000391E] -> 0x3345
[3657] [M]: 0x000000008000391C (0x33450513) addi x10, x10, 0x334                    inst_496+28
x10 <- 0x00000000B504F334

clint mtime 0x0000000000000725 (mip.MTI <- 0b1, mip.STI <- 0b0)
mem[X,0x0000000080003920] -> 0x2593
mem[X,0x0000000080003922] -> 0x0065
[3658] [M]: 0x0000000080003920 (0x00652593) slti x11, x10, 0x6                      inst_496+32
x11 <- 0x0000000000000000

mem[X,0x0000000080003924] -> 0x3823
mem[X,0x0000000080003926] -> 0x6CB1
[3659] [M]: 0x0000000080003924 (0x6CB13823) sd x11, 0x6d0(x2)                       inst_496+36
mem[W,0x0000000080008098] <- 0x0000000000000000

clint mtime 0x0000000000000726 (mip.MTI <- 0b1, mip.STI <- 0b0)
mem[X,0x0000000080003928] -> 0x0537
mem[X,0x000000008000392A] -> 0x0000
[3660] [M]: 0x0000000080003928 (0x00000537) lui x10, 0x0                            inst_497+0
x10 <- 0x0000000000000000

mem[X,0x000000008000392C] -> 0x0513
mem[X,0x000000008000392E] -> 0x0005
[3661] [M]: 0x000000008000392C (0x00050513) addi x10, x10, 0x0                      inst_497+4
x10 <- 0x0000000000000000

clint mtime 0x0000000000000727 (mip.MTI <- 0b1, mip.STI <- 0b0)
mem[X,0x0000000080003930] -> 0x1513
mem[X,0x0000000080003932] -> 0x00B5
[3662] [M]: 0x0000000080003930 (0x00B51513) slli x10, x10, 0xb                      inst_497+8
x10 <- 0x0000000000000000

mem[X,0x0000000080003934] -> 0x0513
mem[X,0x0000000080003936] -> 0x5A85
[3663] [M]: 0x0000000080003934 (0x5A850513) addi x10, x10, 0x5a8                    inst_497+12
x10 <- 0x00000000000005A8

clint mtime 0x0000000000000728 (mip.MTI <- 0b1, mip.STI <- 0b0)
mem[X,0x0000000080003938] -> 0x1513
mem[X,0x000000008000393A] -> 0x00B5
[3664] [M]: 0x0000000080003938 (0x00B51513) slli x10, x10, 0xb                      inst_497+16
x10 <- 0x00000000002D4000

mem[X,0x000000008000393C] -> 0x0513
mem[X,0x000000008000393E] -> 0x13C5
[3665] [M]: 0x000000008000393C (0x13C50513) addi x10, x10, 0x13c                    inst_497+20
x10 <- 0x00000000002D413C

clint mtime 0x0000000000000729 (mip.MTI <- 0b1, mip.STI <- 0b0)
mem[X,0x0000000080003940] -> 0x1513
mem[X,0x0000000080003942] -> 0x00A5
[3666] [M]: 0x0000000080003940 (0x00A51513) slli x10, x10, 0xa                      inst_497+24
x10 <- 0x00000000B504F000

mem[X,0x0000000080003944] -> 0x0513
mem[X,0x0000000080003946] -> 0x3345
[3667] [M]: 0x0000000080003944 (0x33450513) addi x10, x10, 0x334                    inst_497+28
x10 <- 0x00000000B504F334

clint mtime 0x000000000000072A (mip.MTI <- 0b1, mip.STI <- 0b0)
mem[X,0x0000000080003948] -> 0x2593
mem[X,0x000000008000394A] -> 0x3345
[3668] [M]: 0x0000000080003948 (0x33452593) slti x11, x10, 0x334                    inst_497+32
x11 <- 0x0000000000000000

mem[X,0x000000008000394C] -> 0x3C23
mem[X,0x000000008000394E] -> 0x6CB1
[3669] [M]: 0x000000008000394C (0x6CB13C23) sd x11, 0x6d8(x2)                       inst_497+36
mem[W,0x00000000800080A0] <- 0x0000000000000000

clint mtime 0x000000000000072B (mip.MTI <- 0b1, mip.STI <- 0b0)
mem[X,0x0000000080003950] -> 0x0537
mem[X,0x0000000080003952] -> 0x0000
[3670] [M]: 0x0000000080003950 (0x00000537) lui x10, 0x0                            inst_498+0
x10 <- 0x0000000000000000

mem[X,0x0000000080003954] -> 0x0513
mem[X,0x0000000080003956] -> 0x0005
[3671] [M]: 0x0000000080003954 (0x00050513) addi x10, x10, 0x0                      inst_498+4
x10 <- 0x0000000000000000

clint mtime 0x000000000000072C (mip.MTI <- 0b1, mip.STI <- 0b0)
mem[X,0x0000000080003958] -> 0x1513
mem[X,0x000000008000395A] -> 0x00B5
[3672] [M]: 0x0000000080003958 (0x00B51513) slli x10, x10, 0xb                      inst_498+8
x10 <- 0x0000000000000000

mem[X,0x000000008000395C] -> 0x0513
mem[X,0x000000008000395E] -> 0x5A85
[3673] [M]: 0x000000008000395C (0x5A850513) addi x10, x10, 0x5a8                    inst_498+12
x10 <- 0x00000000000005A8

clint mtime 0x000000000000072D (mip.MTI <- 0b1, mip.STI <- 0b0)
mem[X,0x0000000080003960] -> 0x1513
mem[X,0x0000000080003962] -> 0x00B5
[3674] [M]: 0x0000000080003960 (0x00B51513) slli x10, x10, 0xb                      inst_498+16
x10 <- 0x00000000002D4000

mem[X,0x0000000080003964] -> 0x0513
mem[X,0x0000000080003966] -> 0x13C5
[3675] [M]: 0x0000000080003964 (0x13C50513) addi x10, x10, 0x13c                    inst_498+20
x10 <- 0x00000000002D413C

clint mtime 0x000000000000072E (mip.MTI <- 0b1, mip.STI <- 0b0)
mem[X,0x0000000080003968] -> 0x1513
mem[X,0x000000008000396A] -> 0x00A5
[3676] [M]: 0x0000000080003968 (0x00A51513) slli x10, x10, 0xa                      inst_498+24
x10 <- 0x00000000B504F000

mem[X,0x000000008000396C] -> 0x0513
mem[X,0x000000008000396E] -> 0x3345
[3677] [M]: 0x000000008000396C (0x33450513) addi x10, x10, 0x334                    inst_498+28
x10 <- 0x00000000B504F334

clint mtime 0x000000000000072F (mip.MTI <- 0b1, mip.STI <- 0b0)
mem[X,0x0000000080003970] -> 0x2593
mem[X,0x0000000080003972] -> 0x6675
[3678] [M]: 0x0000000080003970 (0x66752593) slti x11, x10, 0x667                    inst_498+32
x11 <- 0x0000000000000000

mem[X,0x0000000080003974] -> 0x3023
mem[X,0x0000000080003976] -> 0x6EB1
[3679] [M]: 0x0000000080003974 (0x6EB13023) sd x11, 0x6e0(x2)                       inst_498+36
mem[W,0x00000000800080A8] <- 0x0000000000000000

clint mtime 0x0000000000000730 (mip.MTI <- 0b1, mip.STI <- 0b0)
mem[X,0x0000000080003978] -> 0x0537
mem[X,0x000000008000397A] -> 0x0000
[3680] [M]: 0x0000000080003978 (0x00000537) lui x10, 0x0                            inst_499+0
x10 <- 0x0000000000000000

mem[X,0x000000008000397C] -> 0x0513
mem[X,0x000000008000397E] -> 0x0005
[3681] [M]: 0x000000008000397C (0x00050513) addi x10, x10, 0x0                      inst_499+4
x10 <- 0x0000000000000000

clint mtime 0x0000000000000731 (mip.MTI <- 0b1, mip.STI <- 0b0)
mem[X,0x0000000080003980] -> 0x1513
mem[X,0x0000000080003982] -> 0x00B5
[3682] [M]: 0x0000000080003980 (0x00B51513) slli x10, x10, 0xb                      inst_499+8
x10 <- 0x0000000000000000

mem[X,0x0000000080003984] -> 0x0513
mem[X,0x0000000080003986] -> 0x5A85
[3683] [M]: 0x0000000080003984 (0x5A850513) addi x10, x10, 0x5a8                    inst_499+12
x10 <- 0x00000000000005A8

clint mtime 0x0000000000000732 (mip.MTI <- 0b1, mip.STI <- 0b0)
mem[X,0x0000000080003988] -> 0x1513
mem[X,0x000000008000398A] -> 0x00B5
[3684] [M]: 0x0000000080003988 (0x00B51513) slli x10, x10, 0xb                      inst_499+16
x10 <- 0x00000000002D4000

mem[X,0x000000008000398C] -> 0x0513
mem[X,0x000000008000398E] -> 0x13C5
[3685] [M]: 0x000000008000398C (0x13C50513) addi x10, x10, 0x13c                    inst_499+20
x10 <- 0x00000000002D413C

clint mtime 0x0000000000000733 (mip.MTI <- 0b1, mip.STI <- 0b0)
mem[X,0x0000000080003990] -> 0x1513
mem[X,0x0000000080003992] -> 0x00A5
[3686] [M]: 0x0000000080003990 (0x00A51513) slli x10, x10, 0xa                      inst_499+24
x10 <- 0x00000000B504F000

mem[X,0x0000000080003994] -> 0x0513
mem[X,0x0000000080003996] -> 0x3345
[3687] [M]: 0x0000000080003994 (0x33450513) addi x10, x10, 0x334                    inst_499+28
x10 <- 0x00000000B504F334

clint mtime 0x0000000000000734 (mip.MTI <- 0b1, mip.STI <- 0b0)
mem[X,0x0000000080003998] -> 0x2593
mem[X,0x000000008000399A] -> 0xFD45
[3688] [M]: 0x0000000080003998 (0xFD452593) slti x11, x10, -0x2c                    inst_499+32
x11 <- 0x0000000000000000

mem[X,0x000000008000399C] -> 0x3423
mem[X,0x000000008000399E] -> 0x6EB1
[3689] [M]: 0x000000008000399C (0x6EB13423) sd x11, 0x6e8(x2)                       inst_499+36
mem[W,0x00000000800080B0] <- 0x0000000000000000

clint mtime 0x0000000000000735 (mip.MTI <- 0b1, mip.STI <- 0b0)
mem[X,0x00000000800039A0] -> 0x0537
mem[X,0x00000000800039A2] -> 0x0000
[3690] [M]: 0x00000000800039A0 (0x00000537) lui x10, 0x0                            inst_500+0
x10 <- 0x0000000000000000

mem[X,0x00000000800039A4] -> 0x0513
mem[X,0x00000000800039A6] -> 0x0005
[3691] [M]: 0x00000000800039A4 (0x00050513) addi x10, x10, 0x0                      inst_500+4
x10 <- 0x0000000000000000

clint mtime 0x0000000000000736 (mip.MTI <- 0b1, mip.STI <- 0b0)
mem[X,0x00000000800039A8] -> 0x1513
mem[X,0x00000000800039AA] -> 0x00B5
[3692] [M]: 0x00000000800039A8 (0x00B51513) slli x10, x10, 0xb                      inst_500+8
x10 <- 0x0000000000000000

mem[X,0x00000000800039AC] -> 0x0513
mem[X,0x00000000800039AE] -> 0x5A85
[3693] [M]: 0x00000000800039AC (0x5A850513) addi x10, x10, 0x5a8                    inst_500+12
x10 <- 0x00000000000005A8

clint mtime 0x0000000000000737 (mip.MTI <- 0b1, mip.STI <- 0b0)
mem[X,0x00000000800039B0] -> 0x1513
mem[X,0x00000000800039B2] -> 0x00B5
[3694] [M]: 0x00000000800039B0 (0x00B51513) slli x10, x10, 0xb                      inst_500+16
x10 <- 0x00000000002D4000

mem[X,0x00000000800039B4] -> 0x0513
mem[X,0x00000000800039B6] -> 0x13C5
[3695] [M]: 0x00000000800039B4 (0x13C50513) addi x10, x10, 0x13c                    inst_500+20
x10 <- 0x00000000002D413C

clint mtime 0x0000000000000738 (mip.MTI <- 0b1, mip.STI <- 0b0)
mem[X,0x00000000800039B8] -> 0x1513
mem[X,0x00000000800039BA] -> 0x00A5
[3696] [M]: 0x00000000800039B8 (0x00A51513) slli x10, x10, 0xa                      inst_500+24
x10 <- 0x00000000B504F000

mem[X,0x00000000800039BC] -> 0x0513
mem[X,0x00000000800039BE] -> 0x3345
[3697] [M]: 0x00000000800039BC (0x33450513) addi x10, x10, 0x334                    inst_500+28
x10 <- 0x00000000B504F334

clint mtime 0x0000000000000739 (mip.MTI <- 0b1, mip.STI <- 0b0)
mem[X,0x00000000800039C0] -> 0x2593
mem[X,0x00000000800039C2] -> 0x02E5
[3698] [M]: 0x00000000800039C0 (0x02E52593) slti x11, x10, 0x2e                     inst_500+32
x11 <- 0x0000000000000000

mem[X,0x00000000800039C4] -> 0x3823
mem[X,0x00000000800039C6] -> 0x6EB1
[3699] [M]: 0x00000000800039C4 (0x6EB13823) sd x11, 0x6f0(x2)                       inst_500+36
mem[W,0x00000000800080B8] <- 0x0000000000000000

clint mtime 0x000000000000073A (mip.MTI <- 0b1, mip.STI <- 0b0)
mem[X,0x00000000800039C8] -> 0x0513
mem[X,0x00000000800039CA] -> 0x0000
[3700] [M]: 0x00000000800039C8 (0x00000513) addi x10, x0, 0x0                       inst_501+0
x10 <- 0x0000000000000000

mem[X,0x00000000800039CC] -> 0x2593
mem[X,0x00000000800039CE] -> 0x0025
[3701] [M]: 0x00000000800039CC (0x00252593) slti x11, x10, 0x2                      inst_501+4
x11 <- 0x0000000000000001

clint mtime 0x000000000000073B (mip.MTI <- 0b1, mip.STI <- 0b0)
mem[X,0x00000000800039D0] -> 0x3C23
mem[X,0x00000000800039D2] -> 0x6EB1
[3702] [M]: 0x00000000800039D0 (0x6EB13C23) sd x11, 0x6f8(x2)                       inst_501+8
mem[W,0x00000000800080C0] <- 0x0000000000000001

mem[X,0x00000000800039D4] -> 0x0513
mem[X,0x00000000800039D6] -> 0x0000
[3703] [M]: 0x00000000800039D4 (0x00000513) addi x10, x0, 0x0                       inst_502+0
x10 <- 0x0000000000000000

clint mtime 0x000000000000073C (mip.MTI <- 0b1, mip.STI <- 0b0)
mem[X,0x00000000800039D8] -> 0x2593
mem[X,0x00000000800039DA] -> 0x5545
[3704] [M]: 0x00000000800039D8 (0x55452593) slti x11, x10, 0x554                    inst_502+4
x11 <- 0x0000000000000001

mem[X,0x00000000800039DC] -> 0x3023
mem[X,0x00000000800039DE] -> 0x70B1
[3705] [M]: 0x00000000800039DC (0x70B13023) sd x11, 0x700(x2)                       inst_502+8
mem[W,0x00000000800080C8] <- 0x0000000000000001

clint mtime 0x000000000000073D (mip.MTI <- 0b1, mip.STI <- 0b0)
mem[X,0x00000000800039E0] -> 0x0513
mem[X,0x00000000800039E2] -> 0x0000
[3706] [M]: 0x00000000800039E0 (0x00000513) addi x10, x0, 0x0                       inst_503+0
x10 <- 0x0000000000000000

mem[X,0x00000000800039E4] -> 0x2593
mem[X,0x00000000800039E6] -> 0x0045
[3707] [M]: 0x00000000800039E4 (0x00452593) slti x11, x10, 0x4                      inst_503+4
x11 <- 0x0000000000000001

clint mtime 0x000000000000073E (mip.MTI <- 0b1, mip.STI <- 0b0)
mem[X,0x00000000800039E8] -> 0x3423
mem[X,0x00000000800039EA] -> 0x70B1
[3708] [M]: 0x00000000800039E8 (0x70B13423) sd x11, 0x708(x2)                       inst_503+8
mem[W,0x00000000800080D0] <- 0x0000000000000001

mem[X,0x00000000800039EC] -> 0x0513
mem[X,0x00000000800039EE] -> 0x0000
[3709] [M]: 0x00000000800039EC (0x00000513) addi x10, x0, 0x0                       inst_504+0
x10 <- 0x0000000000000000

clint mtime 0x000000000000073F (mip.MTI <- 0b1, mip.STI <- 0b0)
mem[X,0x00000000800039F0] -> 0x2593
mem[X,0x00000000800039F2] -> 0x3325
[3710] [M]: 0x00000000800039F0 (0x33252593) slti x11, x10, 0x332                    inst_504+4
x11 <- 0x0000000000000001

mem[X,0x00000000800039F4] -> 0x3823
mem[X,0x00000000800039F6] -> 0x70B1
[3711] [M]: 0x00000000800039F4 (0x70B13823) sd x11, 0x710(x2)                       inst_504+8
mem[W,0x00000000800080D8] <- 0x0000000000000001

clint mtime 0x0000000000000740 (mip.MTI <- 0b1, mip.STI <- 0b0)
mem[X,0x00000000800039F8] -> 0x0513
mem[X,0x00000000800039FA] -> 0x0000
[3712] [M]: 0x00000000800039F8 (0x00000513) addi x10, x0, 0x0                       inst_505+0
x10 <- 0x0000000000000000

mem[X,0x00000000800039FC] -> 0x2593
mem[X,0x00000000800039FE] -> 0x6655
[3713] [M]: 0x00000000800039FC (0x66552593) slti x11, x10, 0x665                    inst_505+4
x11 <- 0x0000000000000001

clint mtime 0x0000000000000741 (mip.MTI <- 0b1, mip.STI <- 0b0)
mem[X,0x0000000080003A00] -> 0x3C23
mem[X,0x0000000080003A02] -> 0x70B1
[3714] [M]: 0x0000000080003A00 (0x70B13C23) sd x11, 0x718(x2)                       inst_505+8
mem[W,0x00000000800080E0] <- 0x0000000000000001

mem[X,0x0000000080003A04] -> 0x0513
mem[X,0x0000000080003A06] -> 0x0000
[3715] [M]: 0x0000000080003A04 (0x00000513) addi x10, x0, 0x0                       inst_506+0
x10 <- 0x0000000000000000

clint mtime 0x0000000000000742 (mip.MTI <- 0b1, mip.STI <- 0b0)
mem[X,0x0000000080003A08] -> 0x2593
mem[X,0x0000000080003A0A] -> 0x02C5
[3716] [M]: 0x0000000080003A08 (0x02C52593) slti x11, x10, 0x2c                     inst_506+4
x11 <- 0x0000000000000001

mem[X,0x0000000080003A0C] -> 0x3023
mem[X,0x0000000080003A0E] -> 0x72B1
[3717] [M]: 0x0000000080003A0C (0x72B13023) sd x11, 0x720(x2)                       inst_506+8
mem[W,0x00000000800080E8] <- 0x0000000000000001

clint mtime 0x0000000000000743 (mip.MTI <- 0b1, mip.STI <- 0b0)
mem[X,0x0000000080003A10] -> 0x0513
mem[X,0x0000000080003A12] -> 0x0000
[3718] [M]: 0x0000000080003A10 (0x00000513) addi x10, x0, 0x0                       inst_507+0
x10 <- 0x0000000000000000

mem[X,0x0000000080003A14] -> 0x2593
mem[X,0x0000000080003A16] -> 0x5565
[3719] [M]: 0x0000000080003A14 (0x55652593) slti x11, x10, 0x556                    inst_507+4
x11 <- 0x0000000000000001

clint mtime 0x0000000000000744 (mip.MTI <- 0b1, mip.STI <- 0b0)
mem[X,0x0000000080003A18] -> 0x3423
mem[X,0x0000000080003A1A] -> 0x72B1
[3720] [M]: 0x0000000080003A18 (0x72B13423) sd x11, 0x728(x2)                       inst_507+8
mem[W,0x00000000800080F0] <- 0x0000000000000001

mem[X,0x0000000080003A1C] -> 0x0513
mem[X,0x0000000080003A1E] -> 0x0000
[3721] [M]: 0x0000000080003A1C (0x00000513) addi x10, x0, 0x0                       inst_508+0
x10 <- 0x0000000000000000

clint mtime 0x0000000000000745 (mip.MTI <- 0b1, mip.STI <- 0b0)
mem[X,0x0000000080003A20] -> 0x2593
mem[X,0x0000000080003A22] -> 0xAAB5
[3722] [M]: 0x0000000080003A20 (0xAAB52593) slti x11, x10, -0x555                   inst_508+4
x11 <- 0x0000000000000000

mem[X,0x0000000080003A24] -> 0x3823
mem[X,0x0000000080003A26] -> 0x72B1
[3723] [M]: 0x0000000080003A24 (0x72B13823) sd x11, 0x730(x2)                       inst_508+8
mem[W,0x00000000800080F8] <- 0x0000000000000000

clint mtime 0x0000000000000746 (mip.MTI <- 0b1, mip.STI <- 0b0)
mem[X,0x0000000080003A28] -> 0x0513
mem[X,0x0000000080003A2A] -> 0x0000
[3724] [M]: 0x0000000080003A28 (0x00000513) addi x10, x0, 0x0                       inst_509+0
x10 <- 0x0000000000000000

mem[X,0x0000000080003A2C] -> 0x2593
mem[X,0x0000000080003A2E] -> 0x0065
[3725] [M]: 0x0000000080003A2C (0x00652593) slti x11, x10, 0x6                      inst_509+4
x11 <- 0x0000000000000001

clint mtime 0x0000000000000747 (mip.MTI <- 0b1, mip.STI <- 0b0)
mem[X,0x0000000080003A30] -> 0x3C23
mem[X,0x0000000080003A32] -> 0x72B1
[3726] [M]: 0x0000000080003A30 (0x72B13C23) sd x11, 0x738(x2)                       inst_509+8
mem[W,0x0000000080008100] <- 0x0000000000000001

mem[X,0x0000000080003A34] -> 0x0513
mem[X,0x0000000080003A36] -> 0x0000
[3727] [M]: 0x0000000080003A34 (0x00000513) addi x10, x0, 0x0                       inst_510+0
x10 <- 0x0000000000000000

clint mtime 0x0000000000000748 (mip.MTI <- 0b1, mip.STI <- 0b0)
mem[X,0x0000000080003A38] -> 0x2593
mem[X,0x0000000080003A3A] -> 0x3345
[3728] [M]: 0x0000000080003A38 (0x33452593) slti x11, x10, 0x334                    inst_510+4
x11 <- 0x0000000000000001

mem[X,0x0000000080003A3C] -> 0x3023
mem[X,0x0000000080003A3E] -> 0x74B1
[3729] [M]: 0x0000000080003A3C (0x74B13023) sd x11, 0x740(x2)                       inst_510+8
mem[W,0x0000000080008108] <- 0x0000000000000001

clint mtime 0x0000000000000749 (mip.MTI <- 0b1, mip.STI <- 0b0)
mem[X,0x0000000080003A40] -> 0x0513
mem[X,0x0000000080003A42] -> 0x0000
[3730] [M]: 0x0000000080003A40 (0x00000513) addi x10, x0, 0x0                       inst_511+0
x10 <- 0x0000000000000000

mem[X,0x0000000080003A44] -> 0x2593
mem[X,0x0000000080003A46] -> 0x6675
[3731] [M]: 0x0000000080003A44 (0x66752593) slti x11, x10, 0x667                    inst_511+4
x11 <- 0x0000000000000001

clint mtime 0x000000000000074A (mip.MTI <- 0b1, mip.STI <- 0b0)
mem[X,0x0000000080003A48] -> 0x3423
mem[X,0x0000000080003A4A] -> 0x74B1
[3732] [M]: 0x0000000080003A48 (0x74B13423) sd x11, 0x748(x2)                       inst_511+8
mem[W,0x0000000080008110] <- 0x0000000000000001

mem[X,0x0000000080003A4C] -> 0x0513
mem[X,0x0000000080003A4E] -> 0x0000
[3733] [M]: 0x0000000080003A4C (0x00000513) addi x10, x0, 0x0                       inst_512+0
x10 <- 0x0000000000000000

clint mtime 0x000000000000074B (mip.MTI <- 0b1, mip.STI <- 0b0)
mem[X,0x0000000080003A50] -> 0x2593
mem[X,0x0000000080003A52] -> 0xFD45
[3734] [M]: 0x0000000080003A50 (0xFD452593) slti x11, x10, -0x2c                    inst_512+4
x11 <- 0x0000000000000000

mem[X,0x0000000080003A54] -> 0x3823
mem[X,0x0000000080003A56] -> 0x74B1
[3735] [M]: 0x0000000080003A54 (0x74B13823) sd x11, 0x750(x2)                       inst_512+8
mem[W,0x0000000080008118] <- 0x0000000000000000

clint mtime 0x000000000000074C (mip.MTI <- 0b1, mip.STI <- 0b0)
mem[X,0x0000000080003A58] -> 0x0513
mem[X,0x0000000080003A5A] -> 0x0000
[3736] [M]: 0x0000000080003A58 (0x00000513) addi x10, x0, 0x0                       inst_513+0
x10 <- 0x0000000000000000

mem[X,0x0000000080003A5C] -> 0x2593
mem[X,0x0000000080003A5E] -> 0x02E5
[3737] [M]: 0x0000000080003A5C (0x02E52593) slti x11, x10, 0x2e                     inst_513+4
x11 <- 0x0000000000000001

clint mtime 0x000000000000074D (mip.MTI <- 0b1, mip.STI <- 0b0)
mem[X,0x0000000080003A60] -> 0x3C23
mem[X,0x0000000080003A62] -> 0x74B1
[3738] [M]: 0x0000000080003A60 (0x74B13C23) sd x11, 0x758(x2)                       inst_513+8
mem[W,0x0000000080008120] <- 0x0000000000000001

mem[X,0x0000000080003A64] -> 0x0513
mem[X,0x0000000080003A66] -> 0x0040
[3739] [M]: 0x0000000080003A64 (0x00400513) addi x10, x0, 0x4                       inst_514+0
x10 <- 0x0000000000000004

clint mtime 0x000000000000074E (mip.MTI <- 0b1, mip.STI <- 0b0)
mem[X,0x0000000080003A68] -> 0x2593
mem[X,0x0000000080003A6A] -> 0x0035
[3740] [M]: 0x0000000080003A68 (0x00352593) slti x11, x10, 0x3                      inst_514+4
x11 <- 0x0000000000000000

mem[X,0x0000000080003A6C] -> 0x3023
mem[X,0x0000000080003A6E] -> 0x76B1
[3741] [M]: 0x0000000080003A6C (0x76B13023) sd x11, 0x760(x2)                       inst_514+8
mem[W,0x0000000080008128] <- 0x0000000000000000

clint mtime 0x000000000000074F (mip.MTI <- 0b1, mip.STI <- 0b0)
mem[X,0x0000000080003A70] -> 0x0513
mem[X,0x0000000080003A72] -> 0x0040
[3742] [M]: 0x0000000080003A70 (0x00400513) addi x10, x0, 0x4                       inst_515+0
x10 <- 0x0000000000000004

mem[X,0x0000000080003A74] -> 0x2593
mem[X,0x0000000080003A76] -> 0x5555
[3743] [M]: 0x0000000080003A74 (0x55552593) slti x11, x10, 0x555                    inst_515+4
x11 <- 0x0000000000000001

clint mtime 0x0000000000000750 (mip.MTI <- 0b1, mip.STI <- 0b0)
mem[X,0x0000000080003A78] -> 0x3423
mem[X,0x0000000080003A7A] -> 0x76B1
[3744] [M]: 0x0000000080003A78 (0x76B13423) sd x11, 0x768(x2)                       inst_515+8
mem[W,0x0000000080008130] <- 0x0000000000000001

mem[X,0x0000000080003A7C] -> 0x0513
mem[X,0x0000000080003A7E] -> 0x0040
[3745] [M]: 0x0000000080003A7C (0x00400513) addi x10, x0, 0x4                       inst_516+0
x10 <- 0x0000000000000004

clint mtime 0x0000000000000751 (mip.MTI <- 0b1, mip.STI <- 0b0)
mem[X,0x0000000080003A80] -> 0x2593
mem[X,0x0000000080003A82] -> 0xAAA5
[3746] [M]: 0x0000000080003A80 (0xAAA52593) slti x11, x10, -0x556                   inst_516+4
x11 <- 0x0000000000000000

mem[X,0x0000000080003A84] -> 0x3823
mem[X,0x0000000080003A86] -> 0x76B1
[3747] [M]: 0x0000000080003A84 (0x76B13823) sd x11, 0x770(x2)                       inst_516+8
mem[W,0x0000000080008138] <- 0x0000000000000000

clint mtime 0x0000000000000752 (mip.MTI <- 0b1, mip.STI <- 0b0)
mem[X,0x0000000080003A88] -> 0x0513
mem[X,0x0000000080003A8A] -> 0x0040
[3748] [M]: 0x0000000080003A88 (0x00400513) addi x10, x0, 0x4                       inst_517+0
x10 <- 0x0000000000000004

mem[X,0x0000000080003A8C] -> 0x2593
mem[X,0x0000000080003A8E] -> 0x0055
[3749] [M]: 0x0000000080003A8C (0x00552593) slti x11, x10, 0x5                      inst_517+4
x11 <- 0x0000000000000001

clint mtime 0x0000000000000753 (mip.MTI <- 0b1, mip.STI <- 0b0)
mem[X,0x0000000080003A90] -> 0x3C23
mem[X,0x0000000080003A92] -> 0x76B1
[3750] [M]: 0x0000000080003A90 (0x76B13C23) sd x11, 0x778(x2)                       inst_517+8
mem[W,0x0000000080008140] <- 0x0000000000000001

mem[X,0x0000000080003A94] -> 0x0513
mem[X,0x0000000080003A96] -> 0x0040
[3751] [M]: 0x0000000080003A94 (0x00400513) addi x10, x0, 0x4                       inst_518+0
x10 <- 0x0000000000000004

clint mtime 0x0000000000000754 (mip.MTI <- 0b1, mip.STI <- 0b0)
mem[X,0x0000000080003A98] -> 0x2593
mem[X,0x0000000080003A9A] -> 0x3335
[3752] [M]: 0x0000000080003A98 (0x33352593) slti x11, x10, 0x333                    inst_518+4
x11 <- 0x0000000000000001

mem[X,0x0000000080003A9C] -> 0x3023
mem[X,0x0000000080003A9E] -> 0x78B1
[3753] [M]: 0x0000000080003A9C (0x78B13023) sd x11, 0x780(x2)                       inst_518+8
mem[W,0x0000000080008148] <- 0x0000000000000001

clint mtime 0x0000000000000755 (mip.MTI <- 0b1, mip.STI <- 0b0)
mem[X,0x0000000080003AA0] -> 0x0513
mem[X,0x0000000080003AA2] -> 0x0040
[3754] [M]: 0x0000000080003AA0 (0x00400513) addi x10, x0, 0x4                       inst_519+0
x10 <- 0x0000000000000004

mem[X,0x0000000080003AA4] -> 0x2593
mem[X,0x0000000080003AA6] -> 0x6665
[3755] [M]: 0x0000000080003AA4 (0x66652593) slti x11, x10, 0x666                    inst_519+4
x11 <- 0x0000000000000001

clint mtime 0x0000000000000756 (mip.MTI <- 0b1, mip.STI <- 0b0)
mem[X,0x0000000080003AA8] -> 0x3423
mem[X,0x0000000080003AAA] -> 0x78B1
[3756] [M]: 0x0000000080003AA8 (0x78B13423) sd x11, 0x788(x2)                       inst_519+8
mem[W,0x0000000080008150] <- 0x0000000000000001

mem[X,0x0000000080003AAC] -> 0x0513
mem[X,0x0000000080003AAE] -> 0x0040
[3757] [M]: 0x0000000080003AAC (0x00400513) addi x10, x0, 0x4                       inst_520+0
x10 <- 0x0000000000000004

clint mtime 0x0000000000000757 (mip.MTI <- 0b1, mip.STI <- 0b0)
mem[X,0x0000000080003AB0] -> 0x2593
mem[X,0x0000000080003AB2] -> 0xFD35
[3758] [M]: 0x0000000080003AB0 (0xFD352593) slti x11, x10, -0x2d                    inst_520+4
x11 <- 0x0000000000000000

mem[X,0x0000000080003AB4] -> 0x3823
mem[X,0x0000000080003AB6] -> 0x78B1
[3759] [M]: 0x0000000080003AB4 (0x78B13823) sd x11, 0x790(x2)                       inst_520+8
mem[W,0x0000000080008158] <- 0x0000000000000000

clint mtime 0x0000000000000758 (mip.MTI <- 0b1, mip.STI <- 0b0)
mem[X,0x0000000080003AB8] -> 0x0513
mem[X,0x0000000080003ABA] -> 0x0040
[3760] [M]: 0x0000000080003AB8 (0x00400513) addi x10, x0, 0x4                       inst_521+0
x10 <- 0x0000000000000004

mem[X,0x0000000080003ABC] -> 0x2593
mem[X,0x0000000080003ABE] -> 0x02D5
[3761] [M]: 0x0000000080003ABC (0x02D52593) slti x11, x10, 0x2d                     inst_521+4
x11 <- 0x0000000000000001

clint mtime 0x0000000000000759 (mip.MTI <- 0b1, mip.STI <- 0b0)
mem[X,0x0000000080003AC0] -> 0x3C23
mem[X,0x0000000080003AC2] -> 0x78B1
[3762] [M]: 0x0000000080003AC0 (0x78B13C23) sd x11, 0x798(x2)                       inst_521+8
mem[W,0x0000000080008160] <- 0x0000000000000001

mem[X,0x0000000080003AC4] -> 0x0513
mem[X,0x0000000080003AC6] -> 0x0040
[3763] [M]: 0x0000000080003AC4 (0x00400513) addi x10, x0, 0x4                       inst_522+0
x10 <- 0x0000000000000004

clint mtime 0x000000000000075A (mip.MTI <- 0b1, mip.STI <- 0b0)
mem[X,0x0000000080003AC8] -> 0x2593
mem[X,0x0000000080003ACA] -> 0x0025
[3764] [M]: 0x0000000080003AC8 (0x00252593) slti x11, x10, 0x2                      inst_522+4
x11 <- 0x0000000000000000

mem[X,0x0000000080003ACC] -> 0x3023
mem[X,0x0000000080003ACE] -> 0x7AB1
[3765] [M]: 0x0000000080003ACC (0x7AB13023) sd x11, 0x7a0(x2)                       inst_522+8
mem[W,0x0000000080008168] <- 0x0000000000000000

clint mtime 0x000000000000075B (mip.MTI <- 0b1, mip.STI <- 0b0)
mem[X,0x0000000080003AD0] -> 0x0513
mem[X,0x0000000080003AD2] -> 0x0040
[3766] [M]: 0x0000000080003AD0 (0x00400513) addi x10, x0, 0x4                       inst_523+0
x10 <- 0x0000000000000004

mem[X,0x0000000080003AD4] -> 0x2593
mem[X,0x0000000080003AD6] -> 0x5545
[3767] [M]: 0x0000000080003AD4 (0x55452593) slti x11, x10, 0x554                    inst_523+4
x11 <- 0x0000000000000001

clint mtime 0x000000000000075C (mip.MTI <- 0b1, mip.STI <- 0b0)
mem[X,0x0000000080003AD8] -> 0x3423
mem[X,0x0000000080003ADA] -> 0x7AB1
[3768] [M]: 0x0000000080003AD8 (0x7AB13423) sd x11, 0x7a8(x2)                       inst_523+8
mem[W,0x0000000080008170] <- 0x0000000000000001

mem[X,0x0000000080003ADC] -> 0x0513
mem[X,0x0000000080003ADE] -> 0x0040
[3769] [M]: 0x0000000080003ADC (0x00400513) addi x10, x0, 0x4                       inst_524+0
x10 <- 0x0000000000000004

clint mtime 0x000000000000075D (mip.MTI <- 0b1, mip.STI <- 0b0)
mem[X,0x0000000080003AE0] -> 0x2593
mem[X,0x0000000080003AE2] -> 0x0005
[3770] [M]: 0x0000000080003AE0 (0x00052593) slti x11, x10, 0x0                      inst_524+4
x11 <- 0x0000000000000000

mem[X,0x0000000080003AE4] -> 0x3823
mem[X,0x0000000080003AE6] -> 0x7AB1
[3771] [M]: 0x0000000080003AE4 (0x7AB13823) sd x11, 0x7b0(x2)                       inst_524+8
mem[W,0x0000000080008178] <- 0x0000000000000000

clint mtime 0x000000000000075E (mip.MTI <- 0b1, mip.STI <- 0b0)
mem[X,0x0000000080003AE8] -> 0x0513
mem[X,0x0000000080003AEA] -> 0x0040
[3772] [M]: 0x0000000080003AE8 (0x00400513) addi x10, x0, 0x4                       inst_525+0
x10 <- 0x0000000000000004

mem[X,0x0000000080003AEC] -> 0x2593
mem[X,0x0000000080003AEE] -> 0x0045
[3773] [M]: 0x0000000080003AEC (0x00452593) slti x11, x10, 0x4                      inst_525+4
x11 <- 0x0000000000000000

clint mtime 0x000000000000075F (mip.MTI <- 0b1, mip.STI <- 0b0)
mem[X,0x0000000080003AF0] -> 0x3C23
mem[X,0x0000000080003AF2] -> 0x7AB1
[3774] [M]: 0x0000000080003AF0 (0x7AB13C23) sd x11, 0x7b8(x2)                       inst_525+8
mem[W,0x0000000080008180] <- 0x0000000000000000

mem[X,0x0000000080003AF4] -> 0x0513
mem[X,0x0000000080003AF6] -> 0x0040
[3775] [M]: 0x0000000080003AF4 (0x00400513) addi x10, x0, 0x4                       inst_526+0
x10 <- 0x0000000000000004

clint mtime 0x0000000000000760 (mip.MTI <- 0b1, mip.STI <- 0b0)
mem[X,0x0000000080003AF8] -> 0x2593
mem[X,0x0000000080003AFA] -> 0x3325
[3776] [M]: 0x0000000080003AF8 (0x33252593) slti x11, x10, 0x332                    inst_526+4
x11 <- 0x0000000000000001

mem[X,0x0000000080003AFC] -> 0x3023
mem[X,0x0000000080003AFE] -> 0x7CB1
[3777] [M]: 0x0000000080003AFC (0x7CB13023) sd x11, 0x7c0(x2)                       inst_526+8
mem[W,0x0000000080008188] <- 0x0000000000000001

clint mtime 0x0000000000000761 (mip.MTI <- 0b1, mip.STI <- 0b0)
mem[X,0x0000000080003B00] -> 0x0513
mem[X,0x0000000080003B02] -> 0x0040
[3778] [M]: 0x0000000080003B00 (0x00400513) addi x10, x0, 0x4                       inst_527+0
x10 <- 0x0000000000000004

mem[X,0x0000000080003B04] -> 0x2593
mem[X,0x0000000080003B06] -> 0x6655
[3779] [M]: 0x0000000080003B04 (0x66552593) slti x11, x10, 0x665                    inst_527+4
x11 <- 0x0000000000000001

clint mtime 0x0000000000000762 (mip.MTI <- 0b1, mip.STI <- 0b0)
mem[X,0x0000000080003B08] -> 0x3423
mem[X,0x0000000080003B0A] -> 0x7CB1
[3780] [M]: 0x0000000080003B08 (0x7CB13423) sd x11, 0x7c8(x2)                       inst_527+8
mem[W,0x0000000080008190] <- 0x0000000000000001

mem[X,0x0000000080003B0C] -> 0x0513
mem[X,0x0000000080003B0E] -> 0x0040
[3781] [M]: 0x0000000080003B0C (0x00400513) addi x10, x0, 0x4                       inst_528+0
x10 <- 0x0000000000000004

clint mtime 0x0000000000000763 (mip.MTI <- 0b1, mip.STI <- 0b0)
mem[X,0x0000000080003B10] -> 0x2593
mem[X,0x0000000080003B12] -> 0x02C5
[3782] [M]: 0x0000000080003B10 (0x02C52593) slti x11, x10, 0x2c                     inst_528+4
x11 <- 0x0000000000000001

mem[X,0x0000000080003B14] -> 0x3823
mem[X,0x0000000080003B16] -> 0x7CB1
[3783] [M]: 0x0000000080003B14 (0x7CB13823) sd x11, 0x7d0(x2)                       inst_528+8
mem[W,0x0000000080008198] <- 0x0000000000000001

clint mtime 0x0000000000000764 (mip.MTI <- 0b1, mip.STI <- 0b0)
mem[X,0x0000000080003B18] -> 0x0513
mem[X,0x0000000080003B1A] -> 0x0040
[3784] [M]: 0x0000000080003B18 (0x00400513) addi x10, x0, 0x4                       inst_529+0
x10 <- 0x0000000000000004

mem[X,0x0000000080003B1C] -> 0x2593
mem[X,0x0000000080003B1E] -> 0x5565
[3785] [M]: 0x0000000080003B1C (0x55652593) slti x11, x10, 0x556                    inst_529+4
x11 <- 0x0000000000000001

clint mtime 0x0000000000000765 (mip.MTI <- 0b1, mip.STI <- 0b0)
mem[X,0x0000000080003B20] -> 0x3C23
mem[X,0x0000000080003B22] -> 0x7CB1
[3786] [M]: 0x0000000080003B20 (0x7CB13C23) sd x11, 0x7d8(x2)                       inst_529+8
mem[W,0x00000000800081A0] <- 0x0000000000000001

mem[X,0x0000000080003B24] -> 0x0513
mem[X,0x0000000080003B26] -> 0x0040
[3787] [M]: 0x0000000080003B24 (0x00400513) addi x10, x0, 0x4                       inst_530+0
x10 <- 0x0000000000000004

clint mtime 0x0000000000000766 (mip.MTI <- 0b1, mip.STI <- 0b0)
mem[X,0x0000000080003B28] -> 0x2593
mem[X,0x0000000080003B2A] -> 0xAAB5
[3788] [M]: 0x0000000080003B28 (0xAAB52593) slti x11, x10, -0x555                   inst_530+4
x11 <- 0x0000000000000000

mem[X,0x0000000080003B2C] -> 0x3023
mem[X,0x0000000080003B2E] -> 0x7EB1
[3789] [M]: 0x0000000080003B2C (0x7EB13023) sd x11, 0x7e0(x2)                       inst_530+8
mem[W,0x00000000800081A8] <- 0x0000000000000000

clint mtime 0x0000000000000767 (mip.MTI <- 0b1, mip.STI <- 0b0)
mem[X,0x0000000080003B30] -> 0x0513
mem[X,0x0000000080003B32] -> 0x0040
[3790] [M]: 0x0000000080003B30 (0x00400513) addi x10, x0, 0x4                       inst_531+0
x10 <- 0x0000000000000004

mem[X,0x0000000080003B34] -> 0x2593
mem[X,0x0000000080003B36] -> 0x0065
[3791] [M]: 0x0000000080003B34 (0x00652593) slti x11, x10, 0x6                      inst_531+4
x11 <- 0x0000000000000001

clint mtime 0x0000000000000768 (mip.MTI <- 0b1, mip.STI <- 0b0)
mem[X,0x0000000080003B38] -> 0x3423
mem[X,0x0000000080003B3A] -> 0x7EB1
[3792] [M]: 0x0000000080003B38 (0x7EB13423) sd x11, 0x7e8(x2)                       inst_531+8
mem[W,0x00000000800081B0] <- 0x0000000000000001

mem[X,0x0000000080003B3C] -> 0x0513
mem[X,0x0000000080003B3E] -> 0x0040
[3793] [M]: 0x0000000080003B3C (0x00400513) addi x10, x0, 0x4                       inst_532+0
x10 <- 0x0000000000000004

clint mtime 0x0000000000000769 (mip.MTI <- 0b1, mip.STI <- 0b0)
mem[X,0x0000000080003B40] -> 0x2593
mem[X,0x0000000080003B42] -> 0x3345
[3794] [M]: 0x0000000080003B40 (0x33452593) slti x11, x10, 0x334                    inst_532+4
x11 <- 0x0000000000000001

mem[X,0x0000000080003B44] -> 0x3823
mem[X,0x0000000080003B46] -> 0x7EB1
[3795] [M]: 0x0000000080003B44 (0x7EB13823) sd x11, 0x7f0(x2)                       inst_532+8
mem[W,0x00000000800081B8] <- 0x0000000000000001

clint mtime 0x000000000000076A (mip.MTI <- 0b1, mip.STI <- 0b0)
mem[X,0x0000000080003B48] -> 0x0513
mem[X,0x0000000080003B4A] -> 0x0040
[3796] [M]: 0x0000000080003B48 (0x00400513) addi x10, x0, 0x4                       inst_533+0
x10 <- 0x0000000000000004

mem[X,0x0000000080003B4C] -> 0x2593
mem[X,0x0000000080003B4E] -> 0x6675
[3797] [M]: 0x0000000080003B4C (0x66752593) slti x11, x10, 0x667                    inst_533+4
x11 <- 0x0000000000000001

clint mtime 0x000000000000076B (mip.MTI <- 0b1, mip.STI <- 0b0)
mem[X,0x0000000080003B50] -> 0x3C23
mem[X,0x0000000080003B52] -> 0x7EB1
[3798] [M]: 0x0000000080003B50 (0x7EB13C23) sd x11, 0x7f8(x2)                       inst_533+8
mem[W,0x00000000800081C0] <- 0x0000000000000001

mem[X,0x0000000080003B54] -> 0x0013
mem[X,0x0000000080003B56] -> 0x0000
[3799] [M]: 0x0000000080003B54 (0x00000013) addi x0, x0, 0x0                        inst_533+12

clint mtime 0x000000000000076C (mip.MTI <- 0b1, mip.STI <- 0b0)
mem[X,0x0000000080003B58] -> 0x0013
mem[X,0x0000000080003B5A] -> 0x0000
[3800] [M]: 0x0000000080003B58 (0x00000013) addi x0, x0, 0x0                        inst_533+16

mem[X,0x0000000080003B5C] -> 0x0013
mem[X,0x0000000080003B5E] -> 0x0000
[3801] [M]: 0x0000000080003B5C (0x00000013) addi x0, x0, 0x0                        inst_533+20

clint mtime 0x000000000000076D (mip.MTI <- 0b1, mip.STI <- 0b0)
mem[X,0x0000000080003B60] -> 0x4117
mem[X,0x0000000080003B62] -> 0x0000
[3802] [M]: 0x0000000080003B60 (0x00004117) auipc x2, 0x4                           inst_533+24
x2 <- 0x0000000080007B60

mem[X,0x0000000080003B64] -> 0x0113
mem[X,0x0000000080003B66] -> 0x6681
[3803] [M]: 0x0000000080003B64 (0x66810113) addi x2, x2, 0x668                      inst_533+28
x2 <- 0x00000000800081C8

clint mtime 0x000000000000076E (mip.MTI <- 0b1, mip.STI <- 0b0)
mem[X,0x0000000080003B68] -> 0x0001
[3804] [M]: 0x0000000080003B68 (0x0001) c.nop                                       inst_533+32

mem[X,0x0000000080003B6A] -> 0x0013
mem[X,0x0000000080003B6C] -> 0x0000
[3805] [M]: 0x0000000080003B6A (0x00000013) addi x0, x0, 0x0                        inst_533+34

clint mtime 0x000000000000076F (mip.MTI <- 0b1, mip.STI <- 0b0)
mem[X,0x0000000080003B6E] -> 0x0013
mem[X,0x0000000080003B70] -> 0x0000
[3806] [M]: 0x0000000080003B6E (0x00000013) addi x0, x0, 0x0                        inst_533+38

mem[X,0x0000000080003B72] -> 0x0013
mem[X,0x0000000080003B74] -> 0x0000
[3807] [M]: 0x0000000080003B72 (0x00000013) addi x0, x0, 0x0                        inst_533+42

clint mtime 0x0000000000000770 (mip.MTI <- 0b1, mip.STI <- 0b0)
mem[X,0x0000000080003B76] -> 0x0013
mem[X,0x0000000080003B78] -> 0x0000
[3808] [M]: 0x0000000080003B76 (0x00000013) addi x0, x0, 0x0                        inst_533+46

mem[X,0x0000000080003B7A] -> 0x0013
mem[X,0x0000000080003B7C] -> 0x0000
[3809] [M]: 0x0000000080003B7A (0x00000013) addi x0, x0, 0x0                        inst_533+50

clint mtime 0x0000000000000771 (mip.MTI <- 0b1, mip.STI <- 0b0)
mem[X,0x0000000080003B7E] -> 0x0001
[3810] [M]: 0x0000000080003B7E (0x0001) c.nop                                       inst_533+54

mem[X,0x0000000080003B80] -> 0x0513
mem[X,0x0000000080003B82] -> 0x0040
[3811] [M]: 0x0000000080003B80 (0x00400513) addi x10, x0, 0x4                       inst_534+0
x10 <- 0x0000000000000004

clint mtime 0x0000000000000772 (mip.MTI <- 0b1, mip.STI <- 0b0)
mem[X,0x0000000080003B84] -> 0x2593
mem[X,0x0000000080003B86] -> 0xFD45
[3812] [M]: 0x0000000080003B84 (0xFD452593) slti x11, x10, -0x2c                    inst_534+4
x11 <- 0x0000000000000000

mem[X,0x0000000080003B88] -> 0x3023
mem[X,0x0000000080003B8A] -> 0x00B1
[3813] [M]: 0x0000000080003B88 (0x00B13023) sd x11, 0x0(x2)                         inst_534+8
mem[W,0x00000000800081C8] <- 0x0000000000000000

clint mtime 0x0000000000000773 (mip.MTI <- 0b1, mip.STI <- 0b0)
mem[X,0x0000000080003B8C] -> 0x0513
mem[X,0x0000000080003B8E] -> 0x0040
[3814] [M]: 0x0000000080003B8C (0x00400513) addi x10, x0, 0x4                       inst_535+0
x10 <- 0x0000000000000004

mem[X,0x0000000080003B90] -> 0x2593
mem[X,0x0000000080003B92] -> 0x02E5
[3815] [M]: 0x0000000080003B90 (0x02E52593) slti x11, x10, 0x2e                     inst_535+4
x11 <- 0x0000000000000001

clint mtime 0x0000000000000774 (mip.MTI <- 0b1, mip.STI <- 0b0)
mem[X,0x0000000080003B94] -> 0x3423
mem[X,0x0000000080003B96] -> 0x00B1
[3816] [M]: 0x0000000080003B94 (0x00B13423) sd x11, 0x8(x2)                         inst_535+8
mem[W,0x00000000800081D0] <- 0x0000000000000001

mem[X,0x0000000080003B98] -> 0x3537
mem[X,0x0000000080003B9A] -> 0x3333
[3817] [M]: 0x0000000080003B98 (0x33333537) lui x10, 0x33333                        inst_536+0
x10 <- 0x0000000033333000

clint mtime 0x0000000000000775 (mip.MTI <- 0b1, mip.STI <- 0b0)
mem[X,0x0000000080003B9C] -> 0x0513
mem[X,0x0000000080003B9E] -> 0x3335
[3818] [M]: 0x0000000080003B9C (0x33350513) addi x10, x10, 0x333                    inst_536+4
x10 <- 0x0000000033333333

mem[X,0x0000000080003BA0] -> 0x1513
mem[X,0x0000000080003BA2] -> 0x00B5
[3819] [M]: 0x0000000080003BA0 (0x00B51513) slli x10, x10, 0xb                      inst_536+8
x10 <- 0x0000019999999800

clint mtime 0x0000000000000776 (mip.MTI <- 0b1, mip.STI <- 0b0)
mem[X,0x0000000080003BA4] -> 0x0513
mem[X,0x0000000080003BA6] -> 0x1995
[3820] [M]: 0x0000000080003BA4 (0x19950513) addi x10, x10, 0x199                    inst_536+12
x10 <- 0x0000019999999999

mem[X,0x0000000080003BA8] -> 0x1513
mem[X,0x0000000080003BAA] -> 0x00B5
[3821] [M]: 0x0000000080003BA8 (0x00B51513) slli x10, x10, 0xb                      inst_536+16
x10 <- 0x000CCCCCCCCCC800

clint mtime 0x0000000000000777 (mip.MTI <- 0b1, mip.STI <- 0b0)
mem[X,0x0000000080003BAC] -> 0x0513
mem[X,0x0000000080003BAE] -> 0x4CC5
[3822] [M]: 0x0000000080003BAC (0x4CC50513) addi x10, x10, 0x4cc                    inst_536+20
x10 <- 0x000CCCCCCCCCCCCC

mem[X,0x0000000080003BB0] -> 0x1513
mem[X,0x0000000080003BB2] -> 0x00A5
[3823] [M]: 0x0000000080003BB0 (0x00A51513) slli x10, x10, 0xa                      inst_536+24
x10 <- 0x3333333333333000

clint mtime 0x0000000000000778 (mip.MTI <- 0b1, mip.STI <- 0b0)
mem[X,0x0000000080003BB4] -> 0x0513
mem[X,0x0000000080003BB6] -> 0x3325
[3824] [M]: 0x0000000080003BB4 (0x33250513) addi x10, x10, 0x332                    inst_536+28
x10 <- 0x3333333333333332

mem[X,0x0000000080003BB8] -> 0x2593
mem[X,0x0000000080003BBA] -> 0x0035
[3825] [M]: 0x0000000080003BB8 (0x00352593) slti x11, x10, 0x3                      inst_536+32
x11 <- 0x0000000000000000

clint mtime 0x0000000000000779 (mip.MTI <- 0b1, mip.STI <- 0b0)
mem[X,0x0000000080003BBC] -> 0x3823
mem[X,0x0000000080003BBE] -> 0x00B1
[3826] [M]: 0x0000000080003BBC (0x00B13823) sd x11, 0x10(x2)                        inst_536+36
mem[W,0x00000000800081D8] <- 0x0000000000000000

mem[X,0x0000000080003BC0] -> 0x3537
mem[X,0x0000000080003BC2] -> 0x3333
[3827] [M]: 0x0000000080003BC0 (0x33333537) lui x10, 0x33333                        inst_537+0
x10 <- 0x0000000033333000

clint mtime 0x000000000000077A (mip.MTI <- 0b1, mip.STI <- 0b0)
mem[X,0x0000000080003BC4] -> 0x0513
mem[X,0x0000000080003BC6] -> 0x3335
[3828] [M]: 0x0000000080003BC4 (0x33350513) addi x10, x10, 0x333                    inst_537+4
x10 <- 0x0000000033333333

mem[X,0x0000000080003BC8] -> 0x1513
mem[X,0x0000000080003BCA] -> 0x00B5
[3829] [M]: 0x0000000080003BC8 (0x00B51513) slli x10, x10, 0xb                      inst_537+8
x10 <- 0x0000019999999800

clint mtime 0x000000000000077B (mip.MTI <- 0b1, mip.STI <- 0b0)
mem[X,0x0000000080003BCC] -> 0x0513
mem[X,0x0000000080003BCE] -> 0x1995
[3830] [M]: 0x0000000080003BCC (0x19950513) addi x10, x10, 0x199                    inst_537+12
x10 <- 0x0000019999999999

mem[X,0x0000000080003BD0] -> 0x1513
mem[X,0x0000000080003BD2] -> 0x00B5
[3831] [M]: 0x0000000080003BD0 (0x00B51513) slli x10, x10, 0xb                      inst_537+16
x10 <- 0x000CCCCCCCCCC800

clint mtime 0x000000000000077C (mip.MTI <- 0b1, mip.STI <- 0b0)
mem[X,0x0000000080003BD4] -> 0x0513
mem[X,0x0000000080003BD6] -> 0x4CC5
[3832] [M]: 0x0000000080003BD4 (0x4CC50513) addi x10, x10, 0x4cc                    inst_537+20
x10 <- 0x000CCCCCCCCCCCCC

mem[X,0x0000000080003BD8] -> 0x1513
mem[X,0x0000000080003BDA] -> 0x00A5
[3833] [M]: 0x0000000080003BD8 (0x00A51513) slli x10, x10, 0xa                      inst_537+24
x10 <- 0x3333333333333000

clint mtime 0x000000000000077D (mip.MTI <- 0b1, mip.STI <- 0b0)
mem[X,0x0000000080003BDC] -> 0x0513
mem[X,0x0000000080003BDE] -> 0x3325
[3834] [M]: 0x0000000080003BDC (0x33250513) addi x10, x10, 0x332                    inst_537+28
x10 <- 0x3333333333333332

mem[X,0x0000000080003BE0] -> 0x2593
mem[X,0x0000000080003BE2] -> 0x5555
[3835] [M]: 0x0000000080003BE0 (0x55552593) slti x11, x10, 0x555                    inst_537+32
x11 <- 0x0000000000000000

clint mtime 0x000000000000077E (mip.MTI <- 0b1, mip.STI <- 0b0)
mem[X,0x0000000080003BE4] -> 0x3C23
mem[X,0x0000000080003BE6] -> 0x00B1
[3836] [M]: 0x0000000080003BE4 (0x00B13C23) sd x11, 0x18(x2)                        inst_537+36
mem[W,0x00000000800081E0] <- 0x0000000000000000

mem[X,0x0000000080003BE8] -> 0x3537
mem[X,0x0000000080003BEA] -> 0x3333
[3837] [M]: 0x0000000080003BE8 (0x33333537) lui x10, 0x33333                        inst_538+0
x10 <- 0x0000000033333000

clint mtime 0x000000000000077F (mip.MTI <- 0b1, mip.STI <- 0b0)
mem[X,0x0000000080003BEC] -> 0x0513
mem[X,0x0000000080003BEE] -> 0x3335
[3838] [M]: 0x0000000080003BEC (0x33350513) addi x10, x10, 0x333                    inst_538+4
x10 <- 0x0000000033333333

mem[X,0x0000000080003BF0] -> 0x1513
mem[X,0x0000000080003BF2] -> 0x00B5
[3839] [M]: 0x0000000080003BF0 (0x00B51513) slli x10, x10, 0xb                      inst_538+8
x10 <- 0x0000019999999800

clint mtime 0x0000000000000780 (mip.MTI <- 0b1, mip.STI <- 0b0)
mem[X,0x0000000080003BF4] -> 0x0513
mem[X,0x0000000080003BF6] -> 0x1995
[3840] [M]: 0x0000000080003BF4 (0x19950513) addi x10, x10, 0x199                    inst_538+12
x10 <- 0x0000019999999999

mem[X,0x0000000080003BF8] -> 0x1513
mem[X,0x0000000080003BFA] -> 0x00B5
[3841] [M]: 0x0000000080003BF8 (0x00B51513) slli x10, x10, 0xb                      inst_538+16
x10 <- 0x000CCCCCCCCCC800

clint mtime 0x0000000000000781 (mip.MTI <- 0b1, mip.STI <- 0b0)
mem[X,0x0000000080003BFC] -> 0x0513
mem[X,0x0000000080003BFE] -> 0x4CC5
[3842] [M]: 0x0000000080003BFC (0x4CC50513) addi x10, x10, 0x4cc                    inst_538+20
x10 <- 0x000CCCCCCCCCCCCC

mem[X,0x0000000080003C00] -> 0x1513
mem[X,0x0000000080003C02] -> 0x00A5
[3843] [M]: 0x0000000080003C00 (0x00A51513) slli x10, x10, 0xa                      inst_538+24
x10 <- 0x3333333333333000

clint mtime 0x0000000000000782 (mip.MTI <- 0b1, mip.STI <- 0b0)
mem[X,0x0000000080003C04] -> 0x0513
mem[X,0x0000000080003C06] -> 0x3325
[3844] [M]: 0x0000000080003C04 (0x33250513) addi x10, x10, 0x332                    inst_538+28
x10 <- 0x3333333333333332

mem[X,0x0000000080003C08] -> 0x2593
mem[X,0x0000000080003C0A] -> 0xAAA5
[3845] [M]: 0x0000000080003C08 (0xAAA52593) slti x11, x10, -0x556                   inst_538+32
x11 <- 0x0000000000000000

clint mtime 0x0000000000000783 (mip.MTI <- 0b1, mip.STI <- 0b0)
mem[X,0x0000000080003C0C] -> 0x3023
mem[X,0x0000000080003C0E] -> 0x02B1
[3846] [M]: 0x0000000080003C0C (0x02B13023) sd x11, 0x20(x2)                        inst_538+36
mem[W,0x00000000800081E8] <- 0x0000000000000000

mem[X,0x0000000080003C10] -> 0x3537
mem[X,0x0000000080003C12] -> 0x3333
[3847] [M]: 0x0000000080003C10 (0x33333537) lui x10, 0x33333                        inst_539+0
x10 <- 0x0000000033333000

clint mtime 0x0000000000000784 (mip.MTI <- 0b1, mip.STI <- 0b0)
mem[X,0x0000000080003C14] -> 0x0513
mem[X,0x0000000080003C16] -> 0x3335
[3848] [M]: 0x0000000080003C14 (0x33350513) addi x10, x10, 0x333                    inst_539+4
x10 <- 0x0000000033333333

mem[X,0x0000000080003C18] -> 0x1513
mem[X,0x0000000080003C1A] -> 0x00B5
[3849] [M]: 0x0000000080003C18 (0x00B51513) slli x10, x10, 0xb                      inst_539+8
x10 <- 0x0000019999999800

clint mtime 0x0000000000000785 (mip.MTI <- 0b1, mip.STI <- 0b0)
mem[X,0x0000000080003C1C] -> 0x0513
mem[X,0x0000000080003C1E] -> 0x1995
[3850] [M]: 0x0000000080003C1C (0x19950513) addi x10, x10, 0x199                    inst_539+12
x10 <- 0x0000019999999999

mem[X,0x0000000080003C20] -> 0x1513
mem[X,0x0000000080003C22] -> 0x00B5
[3851] [M]: 0x0000000080003C20 (0x00B51513) slli x10, x10, 0xb                      inst_539+16
x10 <- 0x000CCCCCCCCCC800

clint mtime 0x0000000000000786 (mip.MTI <- 0b1, mip.STI <- 0b0)
mem[X,0x0000000080003C24] -> 0x0513
mem[X,0x0000000080003C26] -> 0x4CC5
[3852] [M]: 0x0000000080003C24 (0x4CC50513) addi x10, x10, 0x4cc                    inst_539+20
x10 <- 0x000CCCCCCCCCCCCC

mem[X,0x0000000080003C28] -> 0x1513
mem[X,0x0000000080003C2A] -> 0x00A5
[3853] [M]: 0x0000000080003C28 (0x00A51513) slli x10, x10, 0xa                      inst_539+24
x10 <- 0x3333333333333000

clint mtime 0x0000000000000787 (mip.MTI <- 0b1, mip.STI <- 0b0)
mem[X,0x0000000080003C2C] -> 0x0513
mem[X,0x0000000080003C2E] -> 0x3325
[3854] [M]: 0x0000000080003C2C (0x33250513) addi x10, x10, 0x332                    inst_539+28
x10 <- 0x3333333333333332

mem[X,0x0000000080003C30] -> 0x2593
mem[X,0x0000000080003C32] -> 0x0055
[3855] [M]: 0x0000000080003C30 (0x00552593) slti x11, x10, 0x5                      inst_539+32
x11 <- 0x0000000000000000

clint mtime 0x0000000000000788 (mip.MTI <- 0b1, mip.STI <- 0b0)
mem[X,0x0000000080003C34] -> 0x3423
mem[X,0x0000000080003C36] -> 0x02B1
[3856] [M]: 0x0000000080003C34 (0x02B13423) sd x11, 0x28(x2)                        inst_539+36
mem[W,0x00000000800081F0] <- 0x0000000000000000

mem[X,0x0000000080003C38] -> 0x3537
mem[X,0x0000000080003C3A] -> 0x3333
[3857] [M]: 0x0000000080003C38 (0x33333537) lui x10, 0x33333                        inst_540+0
x10 <- 0x0000000033333000

clint mtime 0x0000000000000789 (mip.MTI <- 0b1, mip.STI <- 0b0)
mem[X,0x0000000080003C3C] -> 0x0513
mem[X,0x0000000080003C3E] -> 0x3335
[3858] [M]: 0x0000000080003C3C (0x33350513) addi x10, x10, 0x333                    inst_540+4
x10 <- 0x0000000033333333

mem[X,0x0000000080003C40] -> 0x1513
mem[X,0x0000000080003C42] -> 0x00B5
[3859] [M]: 0x0000000080003C40 (0x00B51513) slli x10, x10, 0xb                      inst_540+8
x10 <- 0x0000019999999800

clint mtime 0x000000000000078A (mip.MTI <- 0b1, mip.STI <- 0b0)
mem[X,0x0000000080003C44] -> 0x0513
mem[X,0x0000000080003C46] -> 0x1995
[3860] [M]: 0x0000000080003C44 (0x19950513) addi x10, x10, 0x199                    inst_540+12
x10 <- 0x0000019999999999

mem[X,0x0000000080003C48] -> 0x1513
mem[X,0x0000000080003C4A] -> 0x00B5
[3861] [M]: 0x0000000080003C48 (0x00B51513) slli x10, x10, 0xb                      inst_540+16
x10 <- 0x000CCCCCCCCCC800

clint mtime 0x000000000000078B (mip.MTI <- 0b1, mip.STI <- 0b0)
mem[X,0x0000000080003C4C] -> 0x0513
mem[X,0x0000000080003C4E] -> 0x4CC5
[3862] [M]: 0x0000000080003C4C (0x4CC50513) addi x10, x10, 0x4cc                    inst_540+20
x10 <- 0x000CCCCCCCCCCCCC

mem[X,0x0000000080003C50] -> 0x1513
mem[X,0x0000000080003C52] -> 0x00A5
[3863] [M]: 0x0000000080003C50 (0x00A51513) slli x10, x10, 0xa                      inst_540+24
x10 <- 0x3333333333333000

clint mtime 0x000000000000078C (mip.MTI <- 0b1, mip.STI <- 0b0)
mem[X,0x0000000080003C54] -> 0x0513
mem[X,0x0000000080003C56] -> 0x3325
[3864] [M]: 0x0000000080003C54 (0x33250513) addi x10, x10, 0x332                    inst_540+28
x10 <- 0x3333333333333332

mem[X,0x0000000080003C58] -> 0x2593
mem[X,0x0000000080003C5A] -> 0x3335
[3865] [M]: 0x0000000080003C58 (0x33352593) slti x11, x10, 0x333                    inst_540+32
x11 <- 0x0000000000000000

clint mtime 0x000000000000078D (mip.MTI <- 0b1, mip.STI <- 0b0)
mem[X,0x0000000080003C5C] -> 0x3823
mem[X,0x0000000080003C5E] -> 0x02B1
[3866] [M]: 0x0000000080003C5C (0x02B13823) sd x11, 0x30(x2)                        inst_540+36
mem[W,0x00000000800081F8] <- 0x0000000000000000

mem[X,0x0000000080003C60] -> 0x3537
mem[X,0x0000000080003C62] -> 0x3333
[3867] [M]: 0x0000000080003C60 (0x33333537) lui x10, 0x33333                        inst_541+0
x10 <- 0x0000000033333000

clint mtime 0x000000000000078E (mip.MTI <- 0b1, mip.STI <- 0b0)
mem[X,0x0000000080003C64] -> 0x0513
mem[X,0x0000000080003C66] -> 0x3335
[3868] [M]: 0x0000000080003C64 (0x33350513) addi x10, x10, 0x333                    inst_541+4
x10 <- 0x0000000033333333

mem[X,0x0000000080003C68] -> 0x1513
mem[X,0x0000000080003C6A] -> 0x00B5
[3869] [M]: 0x0000000080003C68 (0x00B51513) slli x10, x10, 0xb                      inst_541+8
x10 <- 0x0000019999999800

clint mtime 0x000000000000078F (mip.MTI <- 0b1, mip.STI <- 0b0)
mem[X,0x0000000080003C6C] -> 0x0513
mem[X,0x0000000080003C6E] -> 0x1995
[3870] [M]: 0x0000000080003C6C (0x19950513) addi x10, x10, 0x199                    inst_541+12
x10 <- 0x0000019999999999

mem[X,0x0000000080003C70] -> 0x1513
mem[X,0x0000000080003C72] -> 0x00B5
[3871] [M]: 0x0000000080003C70 (0x00B51513) slli x10, x10, 0xb                      inst_541+16
x10 <- 0x000CCCCCCCCCC800

clint mtime 0x0000000000000790 (mip.MTI <- 0b1, mip.STI <- 0b0)
mem[X,0x0000000080003C74] -> 0x0513
mem[X,0x0000000080003C76] -> 0x4CC5
[3872] [M]: 0x0000000080003C74 (0x4CC50513) addi x10, x10, 0x4cc                    inst_541+20
x10 <- 0x000CCCCCCCCCCCCC

mem[X,0x0000000080003C78] -> 0x1513
mem[X,0x0000000080003C7A] -> 0x00A5
[3873] [M]: 0x0000000080003C78 (0x00A51513) slli x10, x10, 0xa                      inst_541+24
x10 <- 0x3333333333333000

clint mtime 0x0000000000000791 (mip.MTI <- 0b1, mip.STI <- 0b0)
mem[X,0x0000000080003C7C] -> 0x0513
mem[X,0x0000000080003C7E] -> 0x3325
[3874] [M]: 0x0000000080003C7C (0x33250513) addi x10, x10, 0x332                    inst_541+28
x10 <- 0x3333333333333332

mem[X,0x0000000080003C80] -> 0x2593
mem[X,0x0000000080003C82] -> 0x6665
[3875] [M]: 0x0000000080003C80 (0x66652593) slti x11, x10, 0x666                    inst_541+32
x11 <- 0x0000000000000000

clint mtime 0x0000000000000792 (mip.MTI <- 0b1, mip.STI <- 0b0)
mem[X,0x0000000080003C84] -> 0x3C23
mem[X,0x0000000080003C86] -> 0x02B1
[3876] [M]: 0x0000000080003C84 (0x02B13C23) sd x11, 0x38(x2)                        inst_541+36
mem[W,0x0000000080008200] <- 0x0000000000000000

mem[X,0x0000000080003C88] -> 0x3537
mem[X,0x0000000080003C8A] -> 0x3333
[3877] [M]: 0x0000000080003C88 (0x33333537) lui x10, 0x33333                        inst_542+0
x10 <- 0x0000000033333000

clint mtime 0x0000000000000793 (mip.MTI <- 0b1, mip.STI <- 0b0)
mem[X,0x0000000080003C8C] -> 0x0513
mem[X,0x0000000080003C8E] -> 0x3335
[3878] [M]: 0x0000000080003C8C (0x33350513) addi x10, x10, 0x333                    inst_542+4
x10 <- 0x0000000033333333

mem[X,0x0000000080003C90] -> 0x1513
mem[X,0x0000000080003C92] -> 0x00B5
[3879] [M]: 0x0000000080003C90 (0x00B51513) slli x10, x10, 0xb                      inst_542+8
x10 <- 0x0000019999999800

clint mtime 0x0000000000000794 (mip.MTI <- 0b1, mip.STI <- 0b0)
mem[X,0x0000000080003C94] -> 0x0513
mem[X,0x0000000080003C96] -> 0x1995
[3880] [M]: 0x0000000080003C94 (0x19950513) addi x10, x10, 0x199                    inst_542+12
x10 <- 0x0000019999999999

mem[X,0x0000000080003C98] -> 0x1513
mem[X,0x0000000080003C9A] -> 0x00B5
[3881] [M]: 0x0000000080003C98 (0x00B51513) slli x10, x10, 0xb                      inst_542+16
x10 <- 0x000CCCCCCCCCC800

clint mtime 0x0000000000000795 (mip.MTI <- 0b1, mip.STI <- 0b0)
mem[X,0x0000000080003C9C] -> 0x0513
mem[X,0x0000000080003C9E] -> 0x4CC5
[3882] [M]: 0x0000000080003C9C (0x4CC50513) addi x10, x10, 0x4cc                    inst_542+20
x10 <- 0x000CCCCCCCCCCCCC

mem[X,0x0000000080003CA0] -> 0x1513
mem[X,0x0000000080003CA2] -> 0x00A5
[3883] [M]: 0x0000000080003CA0 (0x00A51513) slli x10, x10, 0xa                      inst_542+24
x10 <- 0x3333333333333000

clint mtime 0x0000000000000796 (mip.MTI <- 0b1, mip.STI <- 0b0)
mem[X,0x0000000080003CA4] -> 0x0513
mem[X,0x0000000080003CA6] -> 0x3325
[3884] [M]: 0x0000000080003CA4 (0x33250513) addi x10, x10, 0x332                    inst_542+28
x10 <- 0x3333333333333332

mem[X,0x0000000080003CA8] -> 0x2593
mem[X,0x0000000080003CAA] -> 0xFD35
[3885] [M]: 0x0000000080003CA8 (0xFD352593) slti x11, x10, -0x2d                    inst_542+32
x11 <- 0x0000000000000000

clint mtime 0x0000000000000797 (mip.MTI <- 0b1, mip.STI <- 0b0)
mem[X,0x0000000080003CAC] -> 0x3023
mem[X,0x0000000080003CAE] -> 0x04B1
[3886] [M]: 0x0000000080003CAC (0x04B13023) sd x11, 0x40(x2)                        inst_542+36
mem[W,0x0000000080008208] <- 0x0000000000000000

mem[X,0x0000000080003CB0] -> 0x3537
mem[X,0x0000000080003CB2] -> 0x3333
[3887] [M]: 0x0000000080003CB0 (0x33333537) lui x10, 0x33333                        inst_543+0
x10 <- 0x0000000033333000

clint mtime 0x0000000000000798 (mip.MTI <- 0b1, mip.STI <- 0b0)
mem[X,0x0000000080003CB4] -> 0x0513
mem[X,0x0000000080003CB6] -> 0x3335
[3888] [M]: 0x0000000080003CB4 (0x33350513) addi x10, x10, 0x333                    inst_543+4
x10 <- 0x0000000033333333

mem[X,0x0000000080003CB8] -> 0x1513
mem[X,0x0000000080003CBA] -> 0x00B5
[3889] [M]: 0x0000000080003CB8 (0x00B51513) slli x10, x10, 0xb                      inst_543+8
x10 <- 0x0000019999999800

clint mtime 0x0000000000000799 (mip.MTI <- 0b1, mip.STI <- 0b0)
mem[X,0x0000000080003CBC] -> 0x0513
mem[X,0x0000000080003CBE] -> 0x1995
[3890] [M]: 0x0000000080003CBC (0x19950513) addi x10, x10, 0x199                    inst_543+12
x10 <- 0x0000019999999999

mem[X,0x0000000080003CC0] -> 0x1513
mem[X,0x0000000080003CC2] -> 0x00B5
[3891] [M]: 0x0000000080003CC0 (0x00B51513) slli x10, x10, 0xb                      inst_543+16
x10 <- 0x000CCCCCCCCCC800

clint mtime 0x000000000000079A (mip.MTI <- 0b1, mip.STI <- 0b0)
mem[X,0x0000000080003CC4] -> 0x0513
mem[X,0x0000000080003CC6] -> 0x4CC5
[3892] [M]: 0x0000000080003CC4 (0x4CC50513) addi x10, x10, 0x4cc                    inst_543+20
x10 <- 0x000CCCCCCCCCCCCC

mem[X,0x0000000080003CC8] -> 0x1513
mem[X,0x0000000080003CCA] -> 0x00A5
[3893] [M]: 0x0000000080003CC8 (0x00A51513) slli x10, x10, 0xa                      inst_543+24
x10 <- 0x3333333333333000

clint mtime 0x000000000000079B (mip.MTI <- 0b1, mip.STI <- 0b0)
mem[X,0x0000000080003CCC] -> 0x0513
mem[X,0x0000000080003CCE] -> 0x3325
[3894] [M]: 0x0000000080003CCC (0x33250513) addi x10, x10, 0x332                    inst_543+28
x10 <- 0x3333333333333332

mem[X,0x0000000080003CD0] -> 0x2593
mem[X,0x0000000080003CD2] -> 0x02D5
[3895] [M]: 0x0000000080003CD0 (0x02D52593) slti x11, x10, 0x2d                     inst_543+32
x11 <- 0x0000000000000000

clint mtime 0x000000000000079C (mip.MTI <- 0b1, mip.STI <- 0b0)
mem[X,0x0000000080003CD4] -> 0x3423
mem[X,0x0000000080003CD6] -> 0x04B1
[3896] [M]: 0x0000000080003CD4 (0x04B13423) sd x11, 0x48(x2)                        inst_543+36
mem[W,0x0000000080008210] <- 0x0000000000000000

mem[X,0x0000000080003CD8] -> 0x3537
mem[X,0x0000000080003CDA] -> 0x3333
[3897] [M]: 0x0000000080003CD8 (0x33333537) lui x10, 0x33333                        inst_544+0
x10 <- 0x0000000033333000

clint mtime 0x000000000000079D (mip.MTI <- 0b1, mip.STI <- 0b0)
mem[X,0x0000000080003CDC] -> 0x0513
mem[X,0x0000000080003CDE] -> 0x3335
[3898] [M]: 0x0000000080003CDC (0x33350513) addi x10, x10, 0x333                    inst_544+4
x10 <- 0x0000000033333333

mem[X,0x0000000080003CE0] -> 0x1513
mem[X,0x0000000080003CE2] -> 0x00B5
[3899] [M]: 0x0000000080003CE0 (0x00B51513) slli x10, x10, 0xb                      inst_544+8
x10 <- 0x0000019999999800

clint mtime 0x000000000000079E (mip.MTI <- 0b1, mip.STI <- 0b0)
mem[X,0x0000000080003CE4] -> 0x0513
mem[X,0x0000000080003CE6] -> 0x1995
[3900] [M]: 0x0000000080003CE4 (0x19950513) addi x10, x10, 0x199                    inst_544+12
x10 <- 0x0000019999999999

mem[X,0x0000000080003CE8] -> 0x1513
mem[X,0x0000000080003CEA] -> 0x00B5
[3901] [M]: 0x0000000080003CE8 (0x00B51513) slli x10, x10, 0xb                      inst_544+16
x10 <- 0x000CCCCCCCCCC800

clint mtime 0x000000000000079F (mip.MTI <- 0b1, mip.STI <- 0b0)
mem[X,0x0000000080003CEC] -> 0x0513
mem[X,0x0000000080003CEE] -> 0x4CC5
[3902] [M]: 0x0000000080003CEC (0x4CC50513) addi x10, x10, 0x4cc                    inst_544+20
x10 <- 0x000CCCCCCCCCCCCC

mem[X,0x0000000080003CF0] -> 0x1513
mem[X,0x0000000080003CF2] -> 0x00A5
[3903] [M]: 0x0000000080003CF0 (0x00A51513) slli x10, x10, 0xa                      inst_544+24
x10 <- 0x3333333333333000

clint mtime 0x00000000000007A0 (mip.MTI <- 0b1, mip.STI <- 0b0)
mem[X,0x0000000080003CF4] -> 0x0513
mem[X,0x0000000080003CF6] -> 0x3325
[3904] [M]: 0x0000000080003CF4 (0x33250513) addi x10, x10, 0x332                    inst_544+28
x10 <- 0x3333333333333332

mem[X,0x0000000080003CF8] -> 0x2593
mem[X,0x0000000080003CFA] -> 0x0025
[3905] [M]: 0x0000000080003CF8 (0x00252593) slti x11, x10, 0x2                      inst_544+32
x11 <- 0x0000000000000000

clint mtime 0x00000000000007A1 (mip.MTI <- 0b1, mip.STI <- 0b0)
mem[X,0x0000000080003CFC] -> 0x3823
mem[X,0x0000000080003CFE] -> 0x04B1
[3906] [M]: 0x0000000080003CFC (0x04B13823) sd x11, 0x50(x2)                        inst_544+36
mem[W,0x0000000080008218] <- 0x0000000000000000

mem[X,0x0000000080003D00] -> 0x3537
mem[X,0x0000000080003D02] -> 0x3333
[3907] [M]: 0x0000000080003D00 (0x33333537) lui x10, 0x33333                        inst_545+0
x10 <- 0x0000000033333000

clint mtime 0x00000000000007A2 (mip.MTI <- 0b1, mip.STI <- 0b0)
mem[X,0x0000000080003D04] -> 0x0513
mem[X,0x0000000080003D06] -> 0x3335
[3908] [M]: 0x0000000080003D04 (0x33350513) addi x10, x10, 0x333                    inst_545+4
x10 <- 0x0000000033333333

mem[X,0x0000000080003D08] -> 0x1513
mem[X,0x0000000080003D0A] -> 0x00B5
[3909] [M]: 0x0000000080003D08 (0x00B51513) slli x10, x10, 0xb                      inst_545+8
x10 <- 0x0000019999999800

clint mtime 0x00000000000007A3 (mip.MTI <- 0b1, mip.STI <- 0b0)
mem[X,0x0000000080003D0C] -> 0x0513
mem[X,0x0000000080003D0E] -> 0x1995
[3910] [M]: 0x0000000080003D0C (0x19950513) addi x10, x10, 0x199                    inst_545+12
x10 <- 0x0000019999999999

mem[X,0x0000000080003D10] -> 0x1513
mem[X,0x0000000080003D12] -> 0x00B5
[3911] [M]: 0x0000000080003D10 (0x00B51513) slli x10, x10, 0xb                      inst_545+16
x10 <- 0x000CCCCCCCCCC800

clint mtime 0x00000000000007A4 (mip.MTI <- 0b1, mip.STI <- 0b0)
mem[X,0x0000000080003D14] -> 0x0513
mem[X,0x0000000080003D16] -> 0x4CC5
[3912] [M]: 0x0000000080003D14 (0x4CC50513) addi x10, x10, 0x4cc                    inst_545+20
x10 <- 0x000CCCCCCCCCCCCC

mem[X,0x0000000080003D18] -> 0x1513
mem[X,0x0000000080003D1A] -> 0x00A5
[3913] [M]: 0x0000000080003D18 (0x00A51513) slli x10, x10, 0xa                      inst_545+24
x10 <- 0x3333333333333000

clint mtime 0x00000000000007A5 (mip.MTI <- 0b1, mip.STI <- 0b0)
mem[X,0x0000000080003D1C] -> 0x0513
mem[X,0x0000000080003D1E] -> 0x3325
[3914] [M]: 0x0000000080003D1C (0x33250513) addi x10, x10, 0x332                    inst_545+28
x10 <- 0x3333333333333332

mem[X,0x0000000080003D20] -> 0x2593
mem[X,0x0000000080003D22] -> 0x5545
[3915] [M]: 0x0000000080003D20 (0x55452593) slti x11, x10, 0x554                    inst_545+32
x11 <- 0x0000000000000000

clint mtime 0x00000000000007A6 (mip.MTI <- 0b1, mip.STI <- 0b0)
mem[X,0x0000000080003D24] -> 0x3C23
mem[X,0x0000000080003D26] -> 0x04B1
[3916] [M]: 0x0000000080003D24 (0x04B13C23) sd x11, 0x58(x2)                        inst_545+36
mem[W,0x0000000080008220] <- 0x0000000000000000

mem[X,0x0000000080003D28] -> 0x3537
mem[X,0x0000000080003D2A] -> 0x3333
[3917] [M]: 0x0000000080003D28 (0x33333537) lui x10, 0x33333                        inst_546+0
x10 <- 0x0000000033333000

clint mtime 0x00000000000007A7 (mip.MTI <- 0b1, mip.STI <- 0b0)
mem[X,0x0000000080003D2C] -> 0x0513
mem[X,0x0000000080003D2E] -> 0x3335
[3918] [M]: 0x0000000080003D2C (0x33350513) addi x10, x10, 0x333                    inst_546+4
x10 <- 0x0000000033333333

mem[X,0x0000000080003D30] -> 0x1513
mem[X,0x0000000080003D32] -> 0x00B5
[3919] [M]: 0x0000000080003D30 (0x00B51513) slli x10, x10, 0xb                      inst_546+8
x10 <- 0x0000019999999800

clint mtime 0x00000000000007A8 (mip.MTI <- 0b1, mip.STI <- 0b0)
mem[X,0x0000000080003D34] -> 0x0513
mem[X,0x0000000080003D36] -> 0x1995
[3920] [M]: 0x0000000080003D34 (0x19950513) addi x10, x10, 0x199                    inst_546+12
x10 <- 0x0000019999999999

mem[X,0x0000000080003D38] -> 0x1513
mem[X,0x0000000080003D3A] -> 0x00B5
[3921] [M]: 0x0000000080003D38 (0x00B51513) slli x10, x10, 0xb                      inst_546+16
x10 <- 0x000CCCCCCCCCC800

clint mtime 0x00000000000007A9 (mip.MTI <- 0b1, mip.STI <- 0b0)
mem[X,0x0000000080003D3C] -> 0x0513
mem[X,0x0000000080003D3E] -> 0x4CC5
[3922] [M]: 0x0000000080003D3C (0x4CC50513) addi x10, x10, 0x4cc                    inst_546+20
x10 <- 0x000CCCCCCCCCCCCC

mem[X,0x0000000080003D40] -> 0x1513
mem[X,0x0000000080003D42] -> 0x00A5
[3923] [M]: 0x0000000080003D40 (0x00A51513) slli x10, x10, 0xa                      inst_546+24
x10 <- 0x3333333333333000

clint mtime 0x00000000000007AA (mip.MTI <- 0b1, mip.STI <- 0b0)
mem[X,0x0000000080003D44] -> 0x0513
mem[X,0x0000000080003D46] -> 0x3325
[3924] [M]: 0x0000000080003D44 (0x33250513) addi x10, x10, 0x332                    inst_546+28
x10 <- 0x3333333333333332

mem[X,0x0000000080003D48] -> 0x2593
mem[X,0x0000000080003D4A] -> 0x0005
[3925] [M]: 0x0000000080003D48 (0x00052593) slti x11, x10, 0x0                      inst_546+32
x11 <- 0x0000000000000000

clint mtime 0x00000000000007AB (mip.MTI <- 0b1, mip.STI <- 0b0)
mem[X,0x0000000080003D4C] -> 0x3023
mem[X,0x0000000080003D4E] -> 0x06B1
[3926] [M]: 0x0000000080003D4C (0x06B13023) sd x11, 0x60(x2)                        inst_546+36
mem[W,0x0000000080008228] <- 0x0000000000000000

mem[X,0x0000000080003D50] -> 0x3537
mem[X,0x0000000080003D52] -> 0x3333
[3927] [M]: 0x0000000080003D50 (0x33333537) lui x10, 0x33333                        inst_547+0
x10 <- 0x0000000033333000

clint mtime 0x00000000000007AC (mip.MTI <- 0b1, mip.STI <- 0b0)
mem[X,0x0000000080003D54] -> 0x0513
mem[X,0x0000000080003D56] -> 0x3335
[3928] [M]: 0x0000000080003D54 (0x33350513) addi x10, x10, 0x333                    inst_547+4
x10 <- 0x0000000033333333

mem[X,0x0000000080003D58] -> 0x1513
mem[X,0x0000000080003D5A] -> 0x00B5
[3929] [M]: 0x0000000080003D58 (0x00B51513) slli x10, x10, 0xb                      inst_547+8
x10 <- 0x0000019999999800

clint mtime 0x00000000000007AD (mip.MTI <- 0b1, mip.STI <- 0b0)
mem[X,0x0000000080003D5C] -> 0x0513
mem[X,0x0000000080003D5E] -> 0x1995
[3930] [M]: 0x0000000080003D5C (0x19950513) addi x10, x10, 0x199                    inst_547+12
x10 <- 0x0000019999999999

mem[X,0x0000000080003D60] -> 0x1513
mem[X,0x0000000080003D62] -> 0x00B5
[3931] [M]: 0x0000000080003D60 (0x00B51513) slli x10, x10, 0xb                      inst_547+16
x10 <- 0x000CCCCCCCCCC800

clint mtime 0x00000000000007AE (mip.MTI <- 0b1, mip.STI <- 0b0)
mem[X,0x0000000080003D64] -> 0x0513
mem[X,0x0000000080003D66] -> 0x4CC5
[3932] [M]: 0x0000000080003D64 (0x4CC50513) addi x10, x10, 0x4cc                    inst_547+20
x10 <- 0x000CCCCCCCCCCCCC

mem[X,0x0000000080003D68] -> 0x1513
mem[X,0x0000000080003D6A] -> 0x00A5
[3933] [M]: 0x0000000080003D68 (0x00A51513) slli x10, x10, 0xa                      inst_547+24
x10 <- 0x3333333333333000

clint mtime 0x00000000000007AF (mip.MTI <- 0b1, mip.STI <- 0b0)
mem[X,0x0000000080003D6C] -> 0x0513
mem[X,0x0000000080003D6E] -> 0x3325
[3934] [M]: 0x0000000080003D6C (0x33250513) addi x10, x10, 0x332                    inst_547+28
x10 <- 0x3333333333333332

mem[X,0x0000000080003D70] -> 0x2593
mem[X,0x0000000080003D72] -> 0x0045
[3935] [M]: 0x0000000080003D70 (0x00452593) slti x11, x10, 0x4                      inst_547+32
x11 <- 0x0000000000000000

clint mtime 0x00000000000007B0 (mip.MTI <- 0b1, mip.STI <- 0b0)
mem[X,0x0000000080003D74] -> 0x3423
mem[X,0x0000000080003D76] -> 0x06B1
[3936] [M]: 0x0000000080003D74 (0x06B13423) sd x11, 0x68(x2)                        inst_547+36
mem[W,0x0000000080008230] <- 0x0000000000000000

mem[X,0x0000000080003D78] -> 0x3537
mem[X,0x0000000080003D7A] -> 0x3333
[3937] [M]: 0x0000000080003D78 (0x33333537) lui x10, 0x33333                        inst_548+0
x10 <- 0x0000000033333000

clint mtime 0x00000000000007B1 (mip.MTI <- 0b1, mip.STI <- 0b0)
mem[X,0x0000000080003D7C] -> 0x0513
mem[X,0x0000000080003D7E] -> 0x3335
[3938] [M]: 0x0000000080003D7C (0x33350513) addi x10, x10, 0x333                    inst_548+4
x10 <- 0x0000000033333333

mem[X,0x0000000080003D80] -> 0x1513
mem[X,0x0000000080003D82] -> 0x00B5
[3939] [M]: 0x0000000080003D80 (0x00B51513) slli x10, x10, 0xb                      inst_548+8
x10 <- 0x0000019999999800

clint mtime 0x00000000000007B2 (mip.MTI <- 0b1, mip.STI <- 0b0)
mem[X,0x0000000080003D84] -> 0x0513
mem[X,0x0000000080003D86] -> 0x1995
[3940] [M]: 0x0000000080003D84 (0x19950513) addi x10, x10, 0x199                    inst_548+12
x10 <- 0x0000019999999999

mem[X,0x0000000080003D88] -> 0x1513
mem[X,0x0000000080003D8A] -> 0x00B5
[3941] [M]: 0x0000000080003D88 (0x00B51513) slli x10, x10, 0xb                      inst_548+16
x10 <- 0x000CCCCCCCCCC800

clint mtime 0x00000000000007B3 (mip.MTI <- 0b1, mip.STI <- 0b0)
mem[X,0x0000000080003D8C] -> 0x0513
mem[X,0x0000000080003D8E] -> 0x4CC5
[3942] [M]: 0x0000000080003D8C (0x4CC50513) addi x10, x10, 0x4cc                    inst_548+20
x10 <- 0x000CCCCCCCCCCCCC

mem[X,0x0000000080003D90] -> 0x1513
mem[X,0x0000000080003D92] -> 0x00A5
[3943] [M]: 0x0000000080003D90 (0x00A51513) slli x10, x10, 0xa                      inst_548+24
x10 <- 0x3333333333333000

clint mtime 0x00000000000007B4 (mip.MTI <- 0b1, mip.STI <- 0b0)
mem[X,0x0000000080003D94] -> 0x0513
mem[X,0x0000000080003D96] -> 0x3325
[3944] [M]: 0x0000000080003D94 (0x33250513) addi x10, x10, 0x332                    inst_548+28
x10 <- 0x3333333333333332

mem[X,0x0000000080003D98] -> 0x2593
mem[X,0x0000000080003D9A] -> 0x3325
[3945] [M]: 0x0000000080003D98 (0x33252593) slti x11, x10, 0x332                    inst_548+32
x11 <- 0x0000000000000000

clint mtime 0x00000000000007B5 (mip.MTI <- 0b1, mip.STI <- 0b0)
mem[X,0x0000000080003D9C] -> 0x3823
mem[X,0x0000000080003D9E] -> 0x06B1
[3946] [M]: 0x0000000080003D9C (0x06B13823) sd x11, 0x70(x2)                        inst_548+36
mem[W,0x0000000080008238] <- 0x0000000000000000

mem[X,0x0000000080003DA0] -> 0x3537
mem[X,0x0000000080003DA2] -> 0x3333
[3947] [M]: 0x0000000080003DA0 (0x33333537) lui x10, 0x33333                        inst_549+0
x10 <- 0x0000000033333000

clint mtime 0x00000000000007B6 (mip.MTI <- 0b1, mip.STI <- 0b0)
mem[X,0x0000000080003DA4] -> 0x0513
mem[X,0x0000000080003DA6] -> 0x3335
[3948] [M]: 0x0000000080003DA4 (0x33350513) addi x10, x10, 0x333                    inst_549+4
x10 <- 0x0000000033333333

mem[X,0x0000000080003DA8] -> 0x1513
mem[X,0x0000000080003DAA] -> 0x00B5
[3949] [M]: 0x0000000080003DA8 (0x00B51513) slli x10, x10, 0xb                      inst_549+8
x10 <- 0x0000019999999800

clint mtime 0x00000000000007B7 (mip.MTI <- 0b1, mip.STI <- 0b0)
mem[X,0x0000000080003DAC] -> 0x0513
mem[X,0x0000000080003DAE] -> 0x1995
[3950] [M]: 0x0000000080003DAC (0x19950513) addi x10, x10, 0x199                    inst_549+12
x10 <- 0x0000019999999999

mem[X,0x0000000080003DB0] -> 0x1513
mem[X,0x0000000080003DB2] -> 0x00B5
[3951] [M]: 0x0000000080003DB0 (0x00B51513) slli x10, x10, 0xb                      inst_549+16
x10 <- 0x000CCCCCCCCCC800

clint mtime 0x00000000000007B8 (mip.MTI <- 0b1, mip.STI <- 0b0)
mem[X,0x0000000080003DB4] -> 0x0513
mem[X,0x0000000080003DB6] -> 0x4CC5
[3952] [M]: 0x0000000080003DB4 (0x4CC50513) addi x10, x10, 0x4cc                    inst_549+20
x10 <- 0x000CCCCCCCCCCCCC

mem[X,0x0000000080003DB8] -> 0x1513
mem[X,0x0000000080003DBA] -> 0x00A5
[3953] [M]: 0x0000000080003DB8 (0x00A51513) slli x10, x10, 0xa                      inst_549+24
x10 <- 0x3333333333333000

clint mtime 0x00000000000007B9 (mip.MTI <- 0b1, mip.STI <- 0b0)
mem[X,0x0000000080003DBC] -> 0x0513
mem[X,0x0000000080003DBE] -> 0x3325
[3954] [M]: 0x0000000080003DBC (0x33250513) addi x10, x10, 0x332                    inst_549+28
x10 <- 0x3333333333333332

mem[X,0x0000000080003DC0] -> 0x2593
mem[X,0x0000000080003DC2] -> 0x6655
[3955] [M]: 0x0000000080003DC0 (0x66552593) slti x11, x10, 0x665                    inst_549+32
x11 <- 0x0000000000000000

clint mtime 0x00000000000007BA (mip.MTI <- 0b1, mip.STI <- 0b0)
mem[X,0x0000000080003DC4] -> 0x3C23
mem[X,0x0000000080003DC6] -> 0x06B1
[3956] [M]: 0x0000000080003DC4 (0x06B13C23) sd x11, 0x78(x2)                        inst_549+36
mem[W,0x0000000080008240] <- 0x0000000000000000

mem[X,0x0000000080003DC8] -> 0x3537
mem[X,0x0000000080003DCA] -> 0x3333
[3957] [M]: 0x0000000080003DC8 (0x33333537) lui x10, 0x33333                        inst_550+0
x10 <- 0x0000000033333000

clint mtime 0x00000000000007BB (mip.MTI <- 0b1, mip.STI <- 0b0)
mem[X,0x0000000080003DCC] -> 0x0513
mem[X,0x0000000080003DCE] -> 0x3335
[3958] [M]: 0x0000000080003DCC (0x33350513) addi x10, x10, 0x333                    inst_550+4
x10 <- 0x0000000033333333

mem[X,0x0000000080003DD0] -> 0x1513
mem[X,0x0000000080003DD2] -> 0x00B5
[3959] [M]: 0x0000000080003DD0 (0x00B51513) slli x10, x10, 0xb                      inst_550+8
x10 <- 0x0000019999999800

clint mtime 0x00000000000007BC (mip.MTI <- 0b1, mip.STI <- 0b0)
mem[X,0x0000000080003DD4] -> 0x0513
mem[X,0x0000000080003DD6] -> 0x1995
[3960] [M]: 0x0000000080003DD4 (0x19950513) addi x10, x10, 0x199                    inst_550+12
x10 <- 0x0000019999999999

mem[X,0x0000000080003DD8] -> 0x1513
mem[X,0x0000000080003DDA] -> 0x00B5
[3961] [M]: 0x0000000080003DD8 (0x00B51513) slli x10, x10, 0xb                      inst_550+16
x10 <- 0x000CCCCCCCCCC800

clint mtime 0x00000000000007BD (mip.MTI <- 0b1, mip.STI <- 0b0)
mem[X,0x0000000080003DDC] -> 0x0513
mem[X,0x0000000080003DDE] -> 0x4CC5
[3962] [M]: 0x0000000080003DDC (0x4CC50513) addi x10, x10, 0x4cc                    inst_550+20
x10 <- 0x000CCCCCCCCCCCCC

mem[X,0x0000000080003DE0] -> 0x1513
mem[X,0x0000000080003DE2] -> 0x00A5
[3963] [M]: 0x0000000080003DE0 (0x00A51513) slli x10, x10, 0xa                      inst_550+24
x10 <- 0x3333333333333000

clint mtime 0x00000000000007BE (mip.MTI <- 0b1, mip.STI <- 0b0)
mem[X,0x0000000080003DE4] -> 0x0513
mem[X,0x0000000080003DE6] -> 0x3325
[3964] [M]: 0x0000000080003DE4 (0x33250513) addi x10, x10, 0x332                    inst_550+28
x10 <- 0x3333333333333332

mem[X,0x0000000080003DE8] -> 0x2593
mem[X,0x0000000080003DEA] -> 0x02C5
[3965] [M]: 0x0000000080003DE8 (0x02C52593) slti x11, x10, 0x2c                     inst_550+32
x11 <- 0x0000000000000000

clint mtime 0x00000000000007BF (mip.MTI <- 0b1, mip.STI <- 0b0)
mem[X,0x0000000080003DEC] -> 0x3023
mem[X,0x0000000080003DEE] -> 0x08B1
[3966] [M]: 0x0000000080003DEC (0x08B13023) sd x11, 0x80(x2)                        inst_550+36
mem[W,0x0000000080008248] <- 0x0000000000000000

mem[X,0x0000000080003DF0] -> 0x3537
mem[X,0x0000000080003DF2] -> 0x3333
[3967] [M]: 0x0000000080003DF0 (0x33333537) lui x10, 0x33333                        inst_551+0
x10 <- 0x0000000033333000

clint mtime 0x00000000000007C0 (mip.MTI <- 0b1, mip.STI <- 0b0)
mem[X,0x0000000080003DF4] -> 0x0513
mem[X,0x0000000080003DF6] -> 0x3335
[3968] [M]: 0x0000000080003DF4 (0x33350513) addi x10, x10, 0x333                    inst_551+4
x10 <- 0x0000000033333333

mem[X,0x0000000080003DF8] -> 0x1513
mem[X,0x0000000080003DFA] -> 0x00B5
[3969] [M]: 0x0000000080003DF8 (0x00B51513) slli x10, x10, 0xb                      inst_551+8
x10 <- 0x0000019999999800

clint mtime 0x00000000000007C1 (mip.MTI <- 0b1, mip.STI <- 0b0)
mem[X,0x0000000080003DFC] -> 0x0513
mem[X,0x0000000080003DFE] -> 0x1995
[3970] [M]: 0x0000000080003DFC (0x19950513) addi x10, x10, 0x199                    inst_551+12
x10 <- 0x0000019999999999

mem[X,0x0000000080003E00] -> 0x1513
mem[X,0x0000000080003E02] -> 0x00B5
[3971] [M]: 0x0000000080003E00 (0x00B51513) slli x10, x10, 0xb                      inst_551+16
x10 <- 0x000CCCCCCCCCC800

clint mtime 0x00000000000007C2 (mip.MTI <- 0b1, mip.STI <- 0b0)
mem[X,0x0000000080003E04] -> 0x0513
mem[X,0x0000000080003E06] -> 0x4CC5
[3972] [M]: 0x0000000080003E04 (0x4CC50513) addi x10, x10, 0x4cc                    inst_551+20
x10 <- 0x000CCCCCCCCCCCCC

mem[X,0x0000000080003E08] -> 0x1513
mem[X,0x0000000080003E0A] -> 0x00A5
[3973] [M]: 0x0000000080003E08 (0x00A51513) slli x10, x10, 0xa                      inst_551+24
x10 <- 0x3333333333333000

clint mtime 0x00000000000007C3 (mip.MTI <- 0b1, mip.STI <- 0b0)
mem[X,0x0000000080003E0C] -> 0x0513
mem[X,0x0000000080003E0E] -> 0x3325
[3974] [M]: 0x0000000080003E0C (0x33250513) addi x10, x10, 0x332                    inst_551+28
x10 <- 0x3333333333333332

mem[X,0x0000000080003E10] -> 0x2593
mem[X,0x0000000080003E12] -> 0x5565
[3975] [M]: 0x0000000080003E10 (0x55652593) slti x11, x10, 0x556                    inst_551+32
x11 <- 0x0000000000000000

clint mtime 0x00000000000007C4 (mip.MTI <- 0b1, mip.STI <- 0b0)
mem[X,0x0000000080003E14] -> 0x3423
mem[X,0x0000000080003E16] -> 0x08B1
[3976] [M]: 0x0000000080003E14 (0x08B13423) sd x11, 0x88(x2)                        inst_551+36
mem[W,0x0000000080008250] <- 0x0000000000000000

mem[X,0x0000000080003E18] -> 0x3537
mem[X,0x0000000080003E1A] -> 0x3333
[3977] [M]: 0x0000000080003E18 (0x33333537) lui x10, 0x33333                        inst_552+0
x10 <- 0x0000000033333000

clint mtime 0x00000000000007C5 (mip.MTI <- 0b1, mip.STI <- 0b0)
mem[X,0x0000000080003E1C] -> 0x0513
mem[X,0x0000000080003E1E] -> 0x3335
[3978] [M]: 0x0000000080003E1C (0x33350513) addi x10, x10, 0x333                    inst_552+4
x10 <- 0x0000000033333333

mem[X,0x0000000080003E20] -> 0x1513
mem[X,0x0000000080003E22] -> 0x00B5
[3979] [M]: 0x0000000080003E20 (0x00B51513) slli x10, x10, 0xb                      inst_552+8
x10 <- 0x0000019999999800

clint mtime 0x00000000000007C6 (mip.MTI <- 0b1, mip.STI <- 0b0)
mem[X,0x0000000080003E24] -> 0x0513
mem[X,0x0000000080003E26] -> 0x1995
[3980] [M]: 0x0000000080003E24 (0x19950513) addi x10, x10, 0x199                    inst_552+12
x10 <- 0x0000019999999999

mem[X,0x0000000080003E28] -> 0x1513
mem[X,0x0000000080003E2A] -> 0x00B5
[3981] [M]: 0x0000000080003E28 (0x00B51513) slli x10, x10, 0xb                      inst_552+16
x10 <- 0x000CCCCCCCCCC800

clint mtime 0x00000000000007C7 (mip.MTI <- 0b1, mip.STI <- 0b0)
mem[X,0x0000000080003E2C] -> 0x0513
mem[X,0x0000000080003E2E] -> 0x4CC5
[3982] [M]: 0x0000000080003E2C (0x4CC50513) addi x10, x10, 0x4cc                    inst_552+20
x10 <- 0x000CCCCCCCCCCCCC

mem[X,0x0000000080003E30] -> 0x1513
mem[X,0x0000000080003E32] -> 0x00A5
[3983] [M]: 0x0000000080003E30 (0x00A51513) slli x10, x10, 0xa                      inst_552+24
x10 <- 0x3333333333333000

clint mtime 0x00000000000007C8 (mip.MTI <- 0b1, mip.STI <- 0b0)
mem[X,0x0000000080003E34] -> 0x0513
mem[X,0x0000000080003E36] -> 0x3325
[3984] [M]: 0x0000000080003E34 (0x33250513) addi x10, x10, 0x332                    inst_552+28
x10 <- 0x3333333333333332

mem[X,0x0000000080003E38] -> 0x2593
mem[X,0x0000000080003E3A] -> 0xAAB5
[3985] [M]: 0x0000000080003E38 (0xAAB52593) slti x11, x10, -0x555                   inst_552+32
x11 <- 0x0000000000000000

clint mtime 0x00000000000007C9 (mip.MTI <- 0b1, mip.STI <- 0b0)
mem[X,0x0000000080003E3C] -> 0x3823
mem[X,0x0000000080003E3E] -> 0x08B1
[3986] [M]: 0x0000000080003E3C (0x08B13823) sd x11, 0x90(x2)                        inst_552+36
mem[W,0x0000000080008258] <- 0x0000000000000000

mem[X,0x0000000080003E40] -> 0x3537
mem[X,0x0000000080003E42] -> 0x3333
[3987] [M]: 0x0000000080003E40 (0x33333537) lui x10, 0x33333                        inst_553+0
x10 <- 0x0000000033333000

clint mtime 0x00000000000007CA (mip.MTI <- 0b1, mip.STI <- 0b0)
mem[X,0x0000000080003E44] -> 0x0513
mem[X,0x0000000080003E46] -> 0x3335
[3988] [M]: 0x0000000080003E44 (0x33350513) addi x10, x10, 0x333                    inst_553+4
x10 <- 0x0000000033333333

mem[X,0x0000000080003E48] -> 0x1513
mem[X,0x0000000080003E4A] -> 0x00B5
[3989] [M]: 0x0000000080003E48 (0x00B51513) slli x10, x10, 0xb                      inst_553+8
x10 <- 0x0000019999999800

clint mtime 0x00000000000007CB (mip.MTI <- 0b1, mip.STI <- 0b0)
mem[X,0x0000000080003E4C] -> 0x0513
mem[X,0x0000000080003E4E] -> 0x1995
[3990] [M]: 0x0000000080003E4C (0x19950513) addi x10, x10, 0x199                    inst_553+12
x10 <- 0x0000019999999999

mem[X,0x0000000080003E50] -> 0x1513
mem[X,0x0000000080003E52] -> 0x00B5
[3991] [M]: 0x0000000080003E50 (0x00B51513) slli x10, x10, 0xb                      inst_553+16
x10 <- 0x000CCCCCCCCCC800

clint mtime 0x00000000000007CC (mip.MTI <- 0b1, mip.STI <- 0b0)
mem[X,0x0000000080003E54] -> 0x0513
mem[X,0x0000000080003E56] -> 0x4CC5
[3992] [M]: 0x0000000080003E54 (0x4CC50513) addi x10, x10, 0x4cc                    inst_553+20
x10 <- 0x000CCCCCCCCCCCCC

mem[X,0x0000000080003E58] -> 0x1513
mem[X,0x0000000080003E5A] -> 0x00A5
[3993] [M]: 0x0000000080003E58 (0x00A51513) slli x10, x10, 0xa                      inst_553+24
x10 <- 0x3333333333333000

clint mtime 0x00000000000007CD (mip.MTI <- 0b1, mip.STI <- 0b0)
mem[X,0x0000000080003E5C] -> 0x0513
mem[X,0x0000000080003E5E] -> 0x3325
[3994] [M]: 0x0000000080003E5C (0x33250513) addi x10, x10, 0x332                    inst_553+28
x10 <- 0x3333333333333332

mem[X,0x0000000080003E60] -> 0x2593
mem[X,0x0000000080003E62] -> 0x0065
[3995] [M]: 0x0000000080003E60 (0x00652593) slti x11, x10, 0x6                      inst_553+32
x11 <- 0x0000000000000000

clint mtime 0x00000000000007CE (mip.MTI <- 0b1, mip.STI <- 0b0)
mem[X,0x0000000080003E64] -> 0x3C23
mem[X,0x0000000080003E66] -> 0x08B1
[3996] [M]: 0x0000000080003E64 (0x08B13C23) sd x11, 0x98(x2)                        inst_553+36
mem[W,0x0000000080008260] <- 0x0000000000000000

mem[X,0x0000000080003E68] -> 0x3537
mem[X,0x0000000080003E6A] -> 0x3333
[3997] [M]: 0x0000000080003E68 (0x33333537) lui x10, 0x33333                        inst_554+0
x10 <- 0x0000000033333000

clint mtime 0x00000000000007CF (mip.MTI <- 0b1, mip.STI <- 0b0)
mem[X,0x0000000080003E6C] -> 0x0513
mem[X,0x0000000080003E6E] -> 0x3335
[3998] [M]: 0x0000000080003E6C (0x33350513) addi x10, x10, 0x333                    inst_554+4
x10 <- 0x0000000033333333

mem[X,0x0000000080003E70] -> 0x1513
mem[X,0x0000000080003E72] -> 0x00B5
[3999] [M]: 0x0000000080003E70 (0x00B51513) slli x10, x10, 0xb                      inst_554+8
x10 <- 0x0000019999999800

clint mtime 0x00000000000007D0 (mip.MTI <- 0b1, mip.STI <- 0b0)
mem[X,0x0000000080003E74] -> 0x0513
mem[X,0x0000000080003E76] -> 0x1995
[4000] [M]: 0x0000000080003E74 (0x19950513) addi x10, x10, 0x199                    inst_554+12
x10 <- 0x0000019999999999

mem[X,0x0000000080003E78] -> 0x1513
mem[X,0x0000000080003E7A] -> 0x00B5
[4001] [M]: 0x0000000080003E78 (0x00B51513) slli x10, x10, 0xb                      inst_554+16
x10 <- 0x000CCCCCCCCCC800

clint mtime 0x00000000000007D1 (mip.MTI <- 0b1, mip.STI <- 0b0)
mem[X,0x0000000080003E7C] -> 0x0513
mem[X,0x0000000080003E7E] -> 0x4CC5
[4002] [M]: 0x0000000080003E7C (0x4CC50513) addi x10, x10, 0x4cc                    inst_554+20
x10 <- 0x000CCCCCCCCCCCCC

mem[X,0x0000000080003E80] -> 0x1513
mem[X,0x0000000080003E82] -> 0x00A5
[4003] [M]: 0x0000000080003E80 (0x00A51513) slli x10, x10, 0xa                      inst_554+24
x10 <- 0x3333333333333000

clint mtime 0x00000000000007D2 (mip.MTI <- 0b1, mip.STI <- 0b0)
mem[X,0x0000000080003E84] -> 0x0513
mem[X,0x0000000080003E86] -> 0x3325
[4004] [M]: 0x0000000080003E84 (0x33250513) addi x10, x10, 0x332                    inst_554+28
x10 <- 0x3333333333333332

mem[X,0x0000000080003E88] -> 0x2593
mem[X,0x0000000080003E8A] -> 0x3345
[4005] [M]: 0x0000000080003E88 (0x33452593) slti x11, x10, 0x334                    inst_554+32
x11 <- 0x0000000000000000

clint mtime 0x00000000000007D3 (mip.MTI <- 0b1, mip.STI <- 0b0)
mem[X,0x0000000080003E8C] -> 0x3023
mem[X,0x0000000080003E8E] -> 0x0AB1
[4006] [M]: 0x0000000080003E8C (0x0AB13023) sd x11, 0xa0(x2)                        inst_554+36
mem[W,0x0000000080008268] <- 0x0000000000000000

mem[X,0x0000000080003E90] -> 0x3537
mem[X,0x0000000080003E92] -> 0x3333
[4007] [M]: 0x0000000080003E90 (0x33333537) lui x10, 0x33333                        inst_555+0
x10 <- 0x0000000033333000

clint mtime 0x00000000000007D4 (mip.MTI <- 0b1, mip.STI <- 0b0)
mem[X,0x0000000080003E94] -> 0x0513
mem[X,0x0000000080003E96] -> 0x3335
[4008] [M]: 0x0000000080003E94 (0x33350513) addi x10, x10, 0x333                    inst_555+4
x10 <- 0x0000000033333333

mem[X,0x0000000080003E98] -> 0x1513
mem[X,0x0000000080003E9A] -> 0x00B5
[4009] [M]: 0x0000000080003E98 (0x00B51513) slli x10, x10, 0xb                      inst_555+8
x10 <- 0x0000019999999800

clint mtime 0x00000000000007D5 (mip.MTI <- 0b1, mip.STI <- 0b0)
mem[X,0x0000000080003E9C] -> 0x0513
mem[X,0x0000000080003E9E] -> 0x1995
[4010] [M]: 0x0000000080003E9C (0x19950513) addi x10, x10, 0x199                    inst_555+12
x10 <- 0x0000019999999999

mem[X,0x0000000080003EA0] -> 0x1513
mem[X,0x0000000080003EA2] -> 0x00B5
[4011] [M]: 0x0000000080003EA0 (0x00B51513) slli x10, x10, 0xb                      inst_555+16
x10 <- 0x000CCCCCCCCCC800

clint mtime 0x00000000000007D6 (mip.MTI <- 0b1, mip.STI <- 0b0)
mem[X,0x0000000080003EA4] -> 0x0513
mem[X,0x0000000080003EA6] -> 0x4CC5
[4012] [M]: 0x0000000080003EA4 (0x4CC50513) addi x10, x10, 0x4cc                    inst_555+20
x10 <- 0x000CCCCCCCCCCCCC

mem[X,0x0000000080003EA8] -> 0x1513
mem[X,0x0000000080003EAA] -> 0x00A5
[4013] [M]: 0x0000000080003EA8 (0x00A51513) slli x10, x10, 0xa                      inst_555+24
x10 <- 0x3333333333333000

clint mtime 0x00000000000007D7 (mip.MTI <- 0b1, mip.STI <- 0b0)
mem[X,0x0000000080003EAC] -> 0x0513
mem[X,0x0000000080003EAE] -> 0x3325
[4014] [M]: 0x0000000080003EAC (0x33250513) addi x10, x10, 0x332                    inst_555+28
x10 <- 0x3333333333333332

mem[X,0x0000000080003EB0] -> 0x2593
mem[X,0x0000000080003EB2] -> 0x6675
[4015] [M]: 0x0000000080003EB0 (0x66752593) slti x11, x10, 0x667                    inst_555+32
x11 <- 0x0000000000000000

clint mtime 0x00000000000007D8 (mip.MTI <- 0b1, mip.STI <- 0b0)
mem[X,0x0000000080003EB4] -> 0x3423
mem[X,0x0000000080003EB6] -> 0x0AB1
[4016] [M]: 0x0000000080003EB4 (0x0AB13423) sd x11, 0xa8(x2)                        inst_555+36
mem[W,0x0000000080008270] <- 0x0000000000000000

mem[X,0x0000000080003EB8] -> 0x3537
mem[X,0x0000000080003EBA] -> 0x3333
[4017] [M]: 0x0000000080003EB8 (0x33333537) lui x10, 0x33333                        inst_556+0
x10 <- 0x0000000033333000

clint mtime 0x00000000000007D9 (mip.MTI <- 0b1, mip.STI <- 0b0)
mem[X,0x0000000080003EBC] -> 0x0513
mem[X,0x0000000080003EBE] -> 0x3335
[4018] [M]: 0x0000000080003EBC (0x33350513) addi x10, x10, 0x333                    inst_556+4
x10 <- 0x0000000033333333

mem[X,0x0000000080003EC0] -> 0x1513
mem[X,0x0000000080003EC2] -> 0x00B5
[4019] [M]: 0x0000000080003EC0 (0x00B51513) slli x10, x10, 0xb                      inst_556+8
x10 <- 0x0000019999999800

clint mtime 0x00000000000007DA (mip.MTI <- 0b1, mip.STI <- 0b0)
mem[X,0x0000000080003EC4] -> 0x0513
mem[X,0x0000000080003EC6] -> 0x1995
[4020] [M]: 0x0000000080003EC4 (0x19950513) addi x10, x10, 0x199                    inst_556+12
x10 <- 0x0000019999999999

mem[X,0x0000000080003EC8] -> 0x1513
mem[X,0x0000000080003ECA] -> 0x00B5
[4021] [M]: 0x0000000080003EC8 (0x00B51513) slli x10, x10, 0xb                      inst_556+16
x10 <- 0x000CCCCCCCCCC800

clint mtime 0x00000000000007DB (mip.MTI <- 0b1, mip.STI <- 0b0)
mem[X,0x0000000080003ECC] -> 0x0513
mem[X,0x0000000080003ECE] -> 0x4CC5
[4022] [M]: 0x0000000080003ECC (0x4CC50513) addi x10, x10, 0x4cc                    inst_556+20
x10 <- 0x000CCCCCCCCCCCCC

mem[X,0x0000000080003ED0] -> 0x1513
mem[X,0x0000000080003ED2] -> 0x00A5
[4023] [M]: 0x0000000080003ED0 (0x00A51513) slli x10, x10, 0xa                      inst_556+24
x10 <- 0x3333333333333000

clint mtime 0x00000000000007DC (mip.MTI <- 0b1, mip.STI <- 0b0)
mem[X,0x0000000080003ED4] -> 0x0513
mem[X,0x0000000080003ED6] -> 0x3325
[4024] [M]: 0x0000000080003ED4 (0x33250513) addi x10, x10, 0x332                    inst_556+28
x10 <- 0x3333333333333332

mem[X,0x0000000080003ED8] -> 0x2593
mem[X,0x0000000080003EDA] -> 0xFD45
[4025] [M]: 0x0000000080003ED8 (0xFD452593) slti x11, x10, -0x2c                    inst_556+32
x11 <- 0x0000000000000000

clint mtime 0x00000000000007DD (mip.MTI <- 0b1, mip.STI <- 0b0)
mem[X,0x0000000080003EDC] -> 0x3823
mem[X,0x0000000080003EDE] -> 0x0AB1
[4026] [M]: 0x0000000080003EDC (0x0AB13823) sd x11, 0xb0(x2)                        inst_556+36
mem[W,0x0000000080008278] <- 0x0000000000000000

mem[X,0x0000000080003EE0] -> 0x3537
mem[X,0x0000000080003EE2] -> 0x3333
[4027] [M]: 0x0000000080003EE0 (0x33333537) lui x10, 0x33333                        inst_557+0
x10 <- 0x0000000033333000

clint mtime 0x00000000000007DE (mip.MTI <- 0b1, mip.STI <- 0b0)
mem[X,0x0000000080003EE4] -> 0x0513
mem[X,0x0000000080003EE6] -> 0x3335
[4028] [M]: 0x0000000080003EE4 (0x33350513) addi x10, x10, 0x333                    inst_557+4
x10 <- 0x0000000033333333

mem[X,0x0000000080003EE8] -> 0x1513
mem[X,0x0000000080003EEA] -> 0x00B5
[4029] [M]: 0x0000000080003EE8 (0x00B51513) slli x10, x10, 0xb                      inst_557+8
x10 <- 0x0000019999999800

clint mtime 0x00000000000007DF (mip.MTI <- 0b1, mip.STI <- 0b0)
mem[X,0x0000000080003EEC] -> 0x0513
mem[X,0x0000000080003EEE] -> 0x1995
[4030] [M]: 0x0000000080003EEC (0x19950513) addi x10, x10, 0x199                    inst_557+12
x10 <- 0x0000019999999999

mem[X,0x0000000080003EF0] -> 0x1513
mem[X,0x0000000080003EF2] -> 0x00B5
[4031] [M]: 0x0000000080003EF0 (0x00B51513) slli x10, x10, 0xb                      inst_557+16
x10 <- 0x000CCCCCCCCCC800

clint mtime 0x00000000000007E0 (mip.MTI <- 0b1, mip.STI <- 0b0)
mem[X,0x0000000080003EF4] -> 0x0513
mem[X,0x0000000080003EF6] -> 0x4CC5
[4032] [M]: 0x0000000080003EF4 (0x4CC50513) addi x10, x10, 0x4cc                    inst_557+20
x10 <- 0x000CCCCCCCCCCCCC

mem[X,0x0000000080003EF8] -> 0x1513
mem[X,0x0000000080003EFA] -> 0x00A5
[4033] [M]: 0x0000000080003EF8 (0x00A51513) slli x10, x10, 0xa                      inst_557+24
x10 <- 0x3333333333333000

clint mtime 0x00000000000007E1 (mip.MTI <- 0b1, mip.STI <- 0b0)
mem[X,0x0000000080003EFC] -> 0x0513
mem[X,0x0000000080003EFE] -> 0x3325
[4034] [M]: 0x0000000080003EFC (0x33250513) addi x10, x10, 0x332                    inst_557+28
x10 <- 0x3333333333333332

mem[X,0x0000000080003F00] -> 0x2593
mem[X,0x0000000080003F02] -> 0x02E5
[4035] [M]: 0x0000000080003F00 (0x02E52593) slti x11, x10, 0x2e                     inst_557+32
x11 <- 0x0000000000000000

clint mtime 0x00000000000007E2 (mip.MTI <- 0b1, mip.STI <- 0b0)
mem[X,0x0000000080003F04] -> 0x3C23
mem[X,0x0000000080003F06] -> 0x0AB1
[4036] [M]: 0x0000000080003F04 (0x0AB13C23) sd x11, 0xb8(x2)                        inst_557+36
mem[W,0x0000000080008280] <- 0x0000000000000000

mem[X,0x0000000080003F08] -> 0x6537
mem[X,0x0000000080003F0A] -> 0x6666
[4037] [M]: 0x0000000080003F08 (0x66666537) lui x10, 0x66666                        inst_558+0
x10 <- 0x0000000066666000

clint mtime 0x00000000000007E3 (mip.MTI <- 0b1, mip.STI <- 0b0)
mem[X,0x0000000080003F0C] -> 0x0513
mem[X,0x0000000080003F0E] -> 0x6665
[4038] [M]: 0x0000000080003F0C (0x66650513) addi x10, x10, 0x666                    inst_558+4
x10 <- 0x0000000066666666

mem[X,0x0000000080003F10] -> 0x1513
mem[X,0x0000000080003F12] -> 0x00B5
[4039] [M]: 0x0000000080003F10 (0x00B51513) slli x10, x10, 0xb                      inst_558+8
x10 <- 0x0000033333333000

clint mtime 0x00000000000007E4 (mip.MTI <- 0b1, mip.STI <- 0b0)
mem[X,0x0000000080003F14] -> 0x0513
mem[X,0x0000000080003F16] -> 0x3335
[4040] [M]: 0x0000000080003F14 (0x33350513) addi x10, x10, 0x333                    inst_558+12
x10 <- 0x0000033333333333

mem[X,0x0000000080003F18] -> 0x1513
mem[X,0x0000000080003F1A] -> 0x00B5
[4041] [M]: 0x0000000080003F18 (0x00B51513) slli x10, x10, 0xb                      inst_558+16
x10 <- 0x0019999999999800

clint mtime 0x00000000000007E5 (mip.MTI <- 0b1, mip.STI <- 0b0)
mem[X,0x0000000080003F1C] -> 0x0513
mem[X,0x0000000080003F1E] -> 0x1995
[4042] [M]: 0x0000000080003F1C (0x19950513) addi x10, x10, 0x199                    inst_558+20
x10 <- 0x0019999999999999

mem[X,0x0000000080003F20] -> 0x1513
mem[X,0x0000000080003F22] -> 0x00A5
[4043] [M]: 0x0000000080003F20 (0x00A51513) slli x10, x10, 0xa                      inst_558+24
x10 <- 0x6666666666666400

clint mtime 0x00000000000007E6 (mip.MTI <- 0b1, mip.STI <- 0b0)
mem[X,0x0000000080003F24] -> 0x0513
mem[X,0x0000000080003F26] -> 0x2655
[4044] [M]: 0x0000000080003F24 (0x26550513) addi x10, x10, 0x265                    inst_558+28
x10 <- 0x6666666666666665

mem[X,0x0000000080003F28] -> 0x2593
mem[X,0x0000000080003F2A] -> 0x0035
[4045] [M]: 0x0000000080003F28 (0x00352593) slti x11, x10, 0x3                      inst_558+32
x11 <- 0x0000000000000000

clint mtime 0x00000000000007E7 (mip.MTI <- 0b1, mip.STI <- 0b0)
mem[X,0x0000000080003F2C] -> 0x3023
mem[X,0x0000000080003F2E] -> 0x0CB1
[4046] [M]: 0x0000000080003F2C (0x0CB13023) sd x11, 0xc0(x2)                        inst_558+36
mem[W,0x0000000080008288] <- 0x0000000000000000

mem[X,0x0000000080003F30] -> 0x6537
mem[X,0x0000000080003F32] -> 0x6666
[4047] [M]: 0x0000000080003F30 (0x66666537) lui x10, 0x66666                        inst_559+0
x10 <- 0x0000000066666000

clint mtime 0x00000000000007E8 (mip.MTI <- 0b1, mip.STI <- 0b0)
mem[X,0x0000000080003F34] -> 0x0513
mem[X,0x0000000080003F36] -> 0x6665
[4048] [M]: 0x0000000080003F34 (0x66650513) addi x10, x10, 0x666                    inst_559+4
x10 <- 0x0000000066666666

mem[X,0x0000000080003F38] -> 0x1513
mem[X,0x0000000080003F3A] -> 0x00B5
[4049] [M]: 0x0000000080003F38 (0x00B51513) slli x10, x10, 0xb                      inst_559+8
x10 <- 0x0000033333333000

clint mtime 0x00000000000007E9 (mip.MTI <- 0b1, mip.STI <- 0b0)
mem[X,0x0000000080003F3C] -> 0x0513
mem[X,0x0000000080003F3E] -> 0x3335
[4050] [M]: 0x0000000080003F3C (0x33350513) addi x10, x10, 0x333                    inst_559+12
x10 <- 0x0000033333333333

mem[X,0x0000000080003F40] -> 0x1513
mem[X,0x0000000080003F42] -> 0x00B5
[4051] [M]: 0x0000000080003F40 (0x00B51513) slli x10, x10, 0xb                      inst_559+16
x10 <- 0x0019999999999800

clint mtime 0x00000000000007EA (mip.MTI <- 0b1, mip.STI <- 0b0)
mem[X,0x0000000080003F44] -> 0x0513
mem[X,0x0000000080003F46] -> 0x1995
[4052] [M]: 0x0000000080003F44 (0x19950513) addi x10, x10, 0x199                    inst_559+20
x10 <- 0x0019999999999999

mem[X,0x0000000080003F48] -> 0x1513
mem[X,0x0000000080003F4A] -> 0x00A5
[4053] [M]: 0x0000000080003F48 (0x00A51513) slli x10, x10, 0xa                      inst_559+24
x10 <- 0x6666666666666400

clint mtime 0x00000000000007EB (mip.MTI <- 0b1, mip.STI <- 0b0)
mem[X,0x0000000080003F4C] -> 0x0513
mem[X,0x0000000080003F4E] -> 0x2655
[4054] [M]: 0x0000000080003F4C (0x26550513) addi x10, x10, 0x265                    inst_559+28
x10 <- 0x6666666666666665

mem[X,0x0000000080003F50] -> 0x2593
mem[X,0x0000000080003F52] -> 0x5555
[4055] [M]: 0x0000000080003F50 (0x55552593) slti x11, x10, 0x555                    inst_559+32
x11 <- 0x0000000000000000

clint mtime 0x00000000000007EC (mip.MTI <- 0b1, mip.STI <- 0b0)
mem[X,0x0000000080003F54] -> 0x3423
mem[X,0x0000000080003F56] -> 0x0CB1
[4056] [M]: 0x0000000080003F54 (0x0CB13423) sd x11, 0xc8(x2)                        inst_559+36
mem[W,0x0000000080008290] <- 0x0000000000000000

mem[X,0x0000000080003F58] -> 0x6537
mem[X,0x0000000080003F5A] -> 0x6666
[4057] [M]: 0x0000000080003F58 (0x66666537) lui x10, 0x66666                        inst_560+0
x10 <- 0x0000000066666000

clint mtime 0x00000000000007ED (mip.MTI <- 0b1, mip.STI <- 0b0)
mem[X,0x0000000080003F5C] -> 0x0513
mem[X,0x0000000080003F5E] -> 0x6665
[4058] [M]: 0x0000000080003F5C (0x66650513) addi x10, x10, 0x666                    inst_560+4
x10 <- 0x0000000066666666

mem[X,0x0000000080003F60] -> 0x1513
mem[X,0x0000000080003F62] -> 0x00B5
[4059] [M]: 0x0000000080003F60 (0x00B51513) slli x10, x10, 0xb                      inst_560+8
x10 <- 0x0000033333333000

clint mtime 0x00000000000007EE (mip.MTI <- 0b1, mip.STI <- 0b0)
mem[X,0x0000000080003F64] -> 0x0513
mem[X,0x0000000080003F66] -> 0x3335
[4060] [M]: 0x0000000080003F64 (0x33350513) addi x10, x10, 0x333                    inst_560+12
x10 <- 0x0000033333333333

mem[X,0x0000000080003F68] -> 0x1513
mem[X,0x0000000080003F6A] -> 0x00B5
[4061] [M]: 0x0000000080003F68 (0x00B51513) slli x10, x10, 0xb                      inst_560+16
x10 <- 0x0019999999999800

clint mtime 0x00000000000007EF (mip.MTI <- 0b1, mip.STI <- 0b0)
mem[X,0x0000000080003F6C] -> 0x0513
mem[X,0x0000000080003F6E] -> 0x1995
[4062] [M]: 0x0000000080003F6C (0x19950513) addi x10, x10, 0x199                    inst_560+20
x10 <- 0x0019999999999999

mem[X,0x0000000080003F70] -> 0x1513
mem[X,0x0000000080003F72] -> 0x00A5
[4063] [M]: 0x0000000080003F70 (0x00A51513) slli x10, x10, 0xa                      inst_560+24
x10 <- 0x6666666666666400

clint mtime 0x00000000000007F0 (mip.MTI <- 0b1, mip.STI <- 0b0)
mem[X,0x0000000080003F74] -> 0x0513
mem[X,0x0000000080003F76] -> 0x2655
[4064] [M]: 0x0000000080003F74 (0x26550513) addi x10, x10, 0x265                    inst_560+28
x10 <- 0x6666666666666665

mem[X,0x0000000080003F78] -> 0x2593
mem[X,0x0000000080003F7A] -> 0xAAA5
[4065] [M]: 0x0000000080003F78 (0xAAA52593) slti x11, x10, -0x556                   inst_560+32
x11 <- 0x0000000000000000

clint mtime 0x00000000000007F1 (mip.MTI <- 0b1, mip.STI <- 0b0)
mem[X,0x0000000080003F7C] -> 0x3823
mem[X,0x0000000080003F7E] -> 0x0CB1
[4066] [M]: 0x0000000080003F7C (0x0CB13823) sd x11, 0xd0(x2)                        inst_560+36
mem[W,0x0000000080008298] <- 0x0000000000000000

mem[X,0x0000000080003F80] -> 0x6537
mem[X,0x0000000080003F82] -> 0x6666
[4067] [M]: 0x0000000080003F80 (0x66666537) lui x10, 0x66666                        inst_561+0
x10 <- 0x0000000066666000

clint mtime 0x00000000000007F2 (mip.MTI <- 0b1, mip.STI <- 0b0)
mem[X,0x0000000080003F84] -> 0x0513
mem[X,0x0000000080003F86] -> 0x6665
[4068] [M]: 0x0000000080003F84 (0x66650513) addi x10, x10, 0x666                    inst_561+4
x10 <- 0x0000000066666666

mem[X,0x0000000080003F88] -> 0x1513
mem[X,0x0000000080003F8A] -> 0x00B5
[4069] [M]: 0x0000000080003F88 (0x00B51513) slli x10, x10, 0xb                      inst_561+8
x10 <- 0x0000033333333000

clint mtime 0x00000000000007F3 (mip.MTI <- 0b1, mip.STI <- 0b0)
mem[X,0x0000000080003F8C] -> 0x0513
mem[X,0x0000000080003F8E] -> 0x3335
[4070] [M]: 0x0000000080003F8C (0x33350513) addi x10, x10, 0x333                    inst_561+12
x10 <- 0x0000033333333333

mem[X,0x0000000080003F90] -> 0x1513
mem[X,0x0000000080003F92] -> 0x00B5
[4071] [M]: 0x0000000080003F90 (0x00B51513) slli x10, x10, 0xb                      inst_561+16
x10 <- 0x0019999999999800

clint mtime 0x00000000000007F4 (mip.MTI <- 0b1, mip.STI <- 0b0)
mem[X,0x0000000080003F94] -> 0x0513
mem[X,0x0000000080003F96] -> 0x1995
[4072] [M]: 0x0000000080003F94 (0x19950513) addi x10, x10, 0x199                    inst_561+20
x10 <- 0x0019999999999999

mem[X,0x0000000080003F98] -> 0x1513
mem[X,0x0000000080003F9A] -> 0x00A5
[4073] [M]: 0x0000000080003F98 (0x00A51513) slli x10, x10, 0xa                      inst_561+24
x10 <- 0x6666666666666400

clint mtime 0x00000000000007F5 (mip.MTI <- 0b1, mip.STI <- 0b0)
mem[X,0x0000000080003F9C] -> 0x0513
mem[X,0x0000000080003F9E] -> 0x2655
[4074] [M]: 0x0000000080003F9C (0x26550513) addi x10, x10, 0x265                    inst_561+28
x10 <- 0x6666666666666665

mem[X,0x0000000080003FA0] -> 0x2593
mem[X,0x0000000080003FA2] -> 0x0055
[4075] [M]: 0x0000000080003FA0 (0x00552593) slti x11, x10, 0x5                      inst_561+32
x11 <- 0x0000000000000000

clint mtime 0x00000000000007F6 (mip.MTI <- 0b1, mip.STI <- 0b0)
mem[X,0x0000000080003FA4] -> 0x3C23
mem[X,0x0000000080003FA6] -> 0x0CB1
[4076] [M]: 0x0000000080003FA4 (0x0CB13C23) sd x11, 0xd8(x2)                        inst_561+36
mem[W,0x00000000800082A0] <- 0x0000000000000000

mem[X,0x0000000080003FA8] -> 0x6537
mem[X,0x0000000080003FAA] -> 0x6666
[4077] [M]: 0x0000000080003FA8 (0x66666537) lui x10, 0x66666                        inst_562+0
x10 <- 0x0000000066666000

clint mtime 0x00000000000007F7 (mip.MTI <- 0b1, mip.STI <- 0b0)
mem[X,0x0000000080003FAC] -> 0x0513
mem[X,0x0000000080003FAE] -> 0x6665
[4078] [M]: 0x0000000080003FAC (0x66650513) addi x10, x10, 0x666                    inst_562+4
x10 <- 0x0000000066666666

mem[X,0x0000000080003FB0] -> 0x1513
mem[X,0x0000000080003FB2] -> 0x00B5
[4079] [M]: 0x0000000080003FB0 (0x00B51513) slli x10, x10, 0xb                      inst_562+8
x10 <- 0x0000033333333000

clint mtime 0x00000000000007F8 (mip.MTI <- 0b1, mip.STI <- 0b0)
mem[X,0x0000000080003FB4] -> 0x0513
mem[X,0x0000000080003FB6] -> 0x3335
[4080] [M]: 0x0000000080003FB4 (0x33350513) addi x10, x10, 0x333                    inst_562+12
x10 <- 0x0000033333333333

mem[X,0x0000000080003FB8] -> 0x1513
mem[X,0x0000000080003FBA] -> 0x00B5
[4081] [M]: 0x0000000080003FB8 (0x00B51513) slli x10, x10, 0xb                      inst_562+16
x10 <- 0x0019999999999800

clint mtime 0x00000000000007F9 (mip.MTI <- 0b1, mip.STI <- 0b0)
mem[X,0x0000000080003FBC] -> 0x0513
mem[X,0x0000000080003FBE] -> 0x1995
[4082] [M]: 0x0000000080003FBC (0x19950513) addi x10, x10, 0x199                    inst_562+20
x10 <- 0x0019999999999999

mem[X,0x0000000080003FC0] -> 0x1513
mem[X,0x0000000080003FC2] -> 0x00A5
[4083] [M]: 0x0000000080003FC0 (0x00A51513) slli x10, x10, 0xa                      inst_562+24
x10 <- 0x6666666666666400

clint mtime 0x00000000000007FA (mip.MTI <- 0b1, mip.STI <- 0b0)
mem[X,0x0000000080003FC4] -> 0x0513
mem[X,0x0000000080003FC6] -> 0x2655
[4084] [M]: 0x0000000080003FC4 (0x26550513) addi x10, x10, 0x265                    inst_562+28
x10 <- 0x6666666666666665

mem[X,0x0000000080003FC8] -> 0x2593
mem[X,0x0000000080003FCA] -> 0x3335
[4085] [M]: 0x0000000080003FC8 (0x33352593) slti x11, x10, 0x333                    inst_562+32
x11 <- 0x0000000000000000

clint mtime 0x00000000000007FB (mip.MTI <- 0b1, mip.STI <- 0b0)
mem[X,0x0000000080003FCC] -> 0x3023
mem[X,0x0000000080003FCE] -> 0x0EB1
[4086] [M]: 0x0000000080003FCC (0x0EB13023) sd x11, 0xe0(x2)                        inst_562+36
mem[W,0x00000000800082A8] <- 0x0000000000000000

mem[X,0x0000000080003FD0] -> 0x6537
mem[X,0x0000000080003FD2] -> 0x6666
[4087] [M]: 0x0000000080003FD0 (0x66666537) lui x10, 0x66666                        inst_563+0
x10 <- 0x0000000066666000

clint mtime 0x00000000000007FC (mip.MTI <- 0b1, mip.STI <- 0b0)
mem[X,0x0000000080003FD4] -> 0x0513
mem[X,0x0000000080003FD6] -> 0x6665
[4088] [M]: 0x0000000080003FD4 (0x66650513) addi x10, x10, 0x666                    inst_563+4
x10 <- 0x0000000066666666

mem[X,0x0000000080003FD8] -> 0x1513
mem[X,0x0000000080003FDA] -> 0x00B5
[4089] [M]: 0x0000000080003FD8 (0x00B51513) slli x10, x10, 0xb                      inst_563+8
x10 <- 0x0000033333333000

clint mtime 0x00000000000007FD (mip.MTI <- 0b1, mip.STI <- 0b0)
mem[X,0x0000000080003FDC] -> 0x0513
mem[X,0x0000000080003FDE] -> 0x3335
[4090] [M]: 0x0000000080003FDC (0x33350513) addi x10, x10, 0x333                    inst_563+12
x10 <- 0x0000033333333333

mem[X,0x0000000080003FE0] -> 0x1513
mem[X,0x0000000080003FE2] -> 0x00B5
[4091] [M]: 0x0000000080003FE0 (0x00B51513) slli x10, x10, 0xb                      inst_563+16
x10 <- 0x0019999999999800

clint mtime 0x00000000000007FE (mip.MTI <- 0b1, mip.STI <- 0b0)
mem[X,0x0000000080003FE4] -> 0x0513
mem[X,0x0000000080003FE6] -> 0x1995
[4092] [M]: 0x0000000080003FE4 (0x19950513) addi x10, x10, 0x199                    inst_563+20
x10 <- 0x0019999999999999

mem[X,0x0000000080003FE8] -> 0x1513
mem[X,0x0000000080003FEA] -> 0x00A5
[4093] [M]: 0x0000000080003FE8 (0x00A51513) slli x10, x10, 0xa                      inst_563+24
x10 <- 0x6666666666666400

clint mtime 0x00000000000007FF (mip.MTI <- 0b1, mip.STI <- 0b0)
mem[X,0x0000000080003FEC] -> 0x0513
mem[X,0x0000000080003FEE] -> 0x2655
[4094] [M]: 0x0000000080003FEC (0x26550513) addi x10, x10, 0x265                    inst_563+28
x10 <- 0x6666666666666665

mem[X,0x0000000080003FF0] -> 0x2593
mem[X,0x0000000080003FF2] -> 0x6665
[4095] [M]: 0x0000000080003FF0 (0x66652593) slti x11, x10, 0x666                    inst_563+32
x11 <- 0x0000000000000000

clint mtime 0x0000000000000800 (mip.MTI <- 0b1, mip.STI <- 0b0)
mem[X,0x0000000080003FF4] -> 0x3423
mem[X,0x0000000080003FF6] -> 0x0EB1
[4096] [M]: 0x0000000080003FF4 (0x0EB13423) sd x11, 0xe8(x2)                        inst_563+36
mem[W,0x00000000800082B0] <- 0x0000000000000000

mem[X,0x0000000080003FF8] -> 0x6537
mem[X,0x0000000080003FFA] -> 0x6666
[4097] [M]: 0x0000000080003FF8 (0x66666537) lui x10, 0x66666                        inst_564+0
x10 <- 0x0000000066666000

clint mtime 0x0000000000000801 (mip.MTI <- 0b1, mip.STI <- 0b0)
mem[X,0x0000000080003FFC] -> 0x0513
mem[X,0x0000000080003FFE] -> 0x6665
[4098] [M]: 0x0000000080003FFC (0x66650513) addi x10, x10, 0x666                    inst_564+4
x10 <- 0x0000000066666666

mem[X,0x0000000080004000] -> 0x1513
mem[X,0x0000000080004002] -> 0x00B5
[4099] [M]: 0x0000000080004000 (0x00B51513) slli x10, x10, 0xb                      inst_564+8
x10 <- 0x0000033333333000

clint mtime 0x0000000000000802 (mip.MTI <- 0b1, mip.STI <- 0b0)
mem[X,0x0000000080004004] -> 0x0513
mem[X,0x0000000080004006] -> 0x3335
[4100] [M]: 0x0000000080004004 (0x33350513) addi x10, x10, 0x333                    inst_564+12
x10 <- 0x0000033333333333

mem[X,0x0000000080004008] -> 0x1513
mem[X,0x000000008000400A] -> 0x00B5
[4101] [M]: 0x0000000080004008 (0x00B51513) slli x10, x10, 0xb                      inst_564+16
x10 <- 0x0019999999999800

clint mtime 0x0000000000000803 (mip.MTI <- 0b1, mip.STI <- 0b0)
mem[X,0x000000008000400C] -> 0x0513
mem[X,0x000000008000400E] -> 0x1995
[4102] [M]: 0x000000008000400C (0x19950513) addi x10, x10, 0x199                    inst_564+20
x10 <- 0x0019999999999999

mem[X,0x0000000080004010] -> 0x1513
mem[X,0x0000000080004012] -> 0x00A5
[4103] [M]: 0x0000000080004010 (0x00A51513) slli x10, x10, 0xa                      inst_564+24
x10 <- 0x6666666666666400

clint mtime 0x0000000000000804 (mip.MTI <- 0b1, mip.STI <- 0b0)
mem[X,0x0000000080004014] -> 0x0513
mem[X,0x0000000080004016] -> 0x2655
[4104] [M]: 0x0000000080004014 (0x26550513) addi x10, x10, 0x265                    inst_564+28
x10 <- 0x6666666666666665

mem[X,0x0000000080004018] -> 0x2593
mem[X,0x000000008000401A] -> 0xFD35
[4105] [M]: 0x0000000080004018 (0xFD352593) slti x11, x10, -0x2d                    inst_564+32
x11 <- 0x0000000000000000

clint mtime 0x0000000000000805 (mip.MTI <- 0b1, mip.STI <- 0b0)
mem[X,0x000000008000401C] -> 0x3823
mem[X,0x000000008000401E] -> 0x0EB1
[4106] [M]: 0x000000008000401C (0x0EB13823) sd x11, 0xf0(x2)                        inst_564+36
mem[W,0x00000000800082B8] <- 0x0000000000000000

mem[X,0x0000000080004020] -> 0x6537
mem[X,0x0000000080004022] -> 0x6666
[4107] [M]: 0x0000000080004020 (0x66666537) lui x10, 0x66666                        inst_565+0
x10 <- 0x0000000066666000

clint mtime 0x0000000000000806 (mip.MTI <- 0b1, mip.STI <- 0b0)
mem[X,0x0000000080004024] -> 0x0513
mem[X,0x0000000080004026] -> 0x6665
[4108] [M]: 0x0000000080004024 (0x66650513) addi x10, x10, 0x666                    inst_565+4
x10 <- 0x0000000066666666

mem[X,0x0000000080004028] -> 0x1513
mem[X,0x000000008000402A] -> 0x00B5
[4109] [M]: 0x0000000080004028 (0x00B51513) slli x10, x10, 0xb                      inst_565+8
x10 <- 0x0000033333333000

clint mtime 0x0000000000000807 (mip.MTI <- 0b1, mip.STI <- 0b0)
mem[X,0x000000008000402C] -> 0x0513
mem[X,0x000000008000402E] -> 0x3335
[4110] [M]: 0x000000008000402C (0x33350513) addi x10, x10, 0x333                    inst_565+12
x10 <- 0x0000033333333333

mem[X,0x0000000080004030] -> 0x1513
mem[X,0x0000000080004032] -> 0x00B5
[4111] [M]: 0x0000000080004030 (0x00B51513) slli x10, x10, 0xb                      inst_565+16
x10 <- 0x0019999999999800

clint mtime 0x0000000000000808 (mip.MTI <- 0b1, mip.STI <- 0b0)
mem[X,0x0000000080004034] -> 0x0513
mem[X,0x0000000080004036] -> 0x1995
[4112] [M]: 0x0000000080004034 (0x19950513) addi x10, x10, 0x199                    inst_565+20
x10 <- 0x0019999999999999

mem[X,0x0000000080004038] -> 0x1513
mem[X,0x000000008000403A] -> 0x00A5
[4113] [M]: 0x0000000080004038 (0x00A51513) slli x10, x10, 0xa                      inst_565+24
x10 <- 0x6666666666666400

clint mtime 0x0000000000000809 (mip.MTI <- 0b1, mip.STI <- 0b0)
mem[X,0x000000008000403C] -> 0x0513
mem[X,0x000000008000403E] -> 0x2655
[4114] [M]: 0x000000008000403C (0x26550513) addi x10, x10, 0x265                    inst_565+28
x10 <- 0x6666666666666665

mem[X,0x0000000080004040] -> 0x2593
mem[X,0x0000000080004042] -> 0x02D5
[4115] [M]: 0x0000000080004040 (0x02D52593) slti x11, x10, 0x2d                     inst_565+32
x11 <- 0x0000000000000000

clint mtime 0x000000000000080A (mip.MTI <- 0b1, mip.STI <- 0b0)
mem[X,0x0000000080004044] -> 0x3C23
mem[X,0x0000000080004046] -> 0x0EB1
[4116] [M]: 0x0000000080004044 (0x0EB13C23) sd x11, 0xf8(x2)                        inst_565+36
mem[W,0x00000000800082C0] <- 0x0000000000000000

mem[X,0x0000000080004048] -> 0x6537
mem[X,0x000000008000404A] -> 0x6666
[4117] [M]: 0x0000000080004048 (0x66666537) lui x10, 0x66666                        inst_566+0
x10 <- 0x0000000066666000

clint mtime 0x000000000000080B (mip.MTI <- 0b1, mip.STI <- 0b0)
mem[X,0x000000008000404C] -> 0x0513
mem[X,0x000000008000404E] -> 0x6665
[4118] [M]: 0x000000008000404C (0x66650513) addi x10, x10, 0x666                    inst_566+4
x10 <- 0x0000000066666666

mem[X,0x0000000080004050] -> 0x1513
mem[X,0x0000000080004052] -> 0x00B5
[4119] [M]: 0x0000000080004050 (0x00B51513) slli x10, x10, 0xb                      inst_566+8
x10 <- 0x0000033333333000

clint mtime 0x000000000000080C (mip.MTI <- 0b1, mip.STI <- 0b0)
mem[X,0x0000000080004054] -> 0x0513
mem[X,0x0000000080004056] -> 0x3335
[4120] [M]: 0x0000000080004054 (0x33350513) addi x10, x10, 0x333                    inst_566+12
x10 <- 0x0000033333333333

mem[X,0x0000000080004058] -> 0x1513
mem[X,0x000000008000405A] -> 0x00B5
[4121] [M]: 0x0000000080004058 (0x00B51513) slli x10, x10, 0xb                      inst_566+16
x10 <- 0x0019999999999800

clint mtime 0x000000000000080D (mip.MTI <- 0b1, mip.STI <- 0b0)
mem[X,0x000000008000405C] -> 0x0513
mem[X,0x000000008000405E] -> 0x1995
[4122] [M]: 0x000000008000405C (0x19950513) addi x10, x10, 0x199                    inst_566+20
x10 <- 0x0019999999999999

mem[X,0x0000000080004060] -> 0x1513
mem[X,0x0000000080004062] -> 0x00A5
[4123] [M]: 0x0000000080004060 (0x00A51513) slli x10, x10, 0xa                      inst_566+24
x10 <- 0x6666666666666400

clint mtime 0x000000000000080E (mip.MTI <- 0b1, mip.STI <- 0b0)
mem[X,0x0000000080004064] -> 0x0513
mem[X,0x0000000080004066] -> 0x2655
[4124] [M]: 0x0000000080004064 (0x26550513) addi x10, x10, 0x265                    inst_566+28
x10 <- 0x6666666666666665

mem[X,0x0000000080004068] -> 0x2593
mem[X,0x000000008000406A] -> 0x0025
[4125] [M]: 0x0000000080004068 (0x00252593) slti x11, x10, 0x2                      inst_566+32
x11 <- 0x0000000000000000

clint mtime 0x000000000000080F (mip.MTI <- 0b1, mip.STI <- 0b0)
mem[X,0x000000008000406C] -> 0x3023
mem[X,0x000000008000406E] -> 0x10B1
[4126] [M]: 0x000000008000406C (0x10B13023) sd x11, 0x100(x2)                       inst_566+36
mem[W,0x00000000800082C8] <- 0x0000000000000000

mem[X,0x0000000080004070] -> 0x6537
mem[X,0x0000000080004072] -> 0x6666
[4127] [M]: 0x0000000080004070 (0x66666537) lui x10, 0x66666                        inst_567+0
x10 <- 0x0000000066666000

clint mtime 0x0000000000000810 (mip.MTI <- 0b1, mip.STI <- 0b0)
mem[X,0x0000000080004074] -> 0x0513
mem[X,0x0000000080004076] -> 0x6665
[4128] [M]: 0x0000000080004074 (0x66650513) addi x10, x10, 0x666                    inst_567+4
x10 <- 0x0000000066666666

mem[X,0x0000000080004078] -> 0x1513
mem[X,0x000000008000407A] -> 0x00B5
[4129] [M]: 0x0000000080004078 (0x00B51513) slli x10, x10, 0xb                      inst_567+8
x10 <- 0x0000033333333000

clint mtime 0x0000000000000811 (mip.MTI <- 0b1, mip.STI <- 0b0)
mem[X,0x000000008000407C] -> 0x0513
mem[X,0x000000008000407E] -> 0x3335
[4130] [M]: 0x000000008000407C (0x33350513) addi x10, x10, 0x333                    inst_567+12
x10 <- 0x0000033333333333

mem[X,0x0000000080004080] -> 0x1513
mem[X,0x0000000080004082] -> 0x00B5
[4131] [M]: 0x0000000080004080 (0x00B51513) slli x10, x10, 0xb                      inst_567+16
x10 <- 0x0019999999999800

clint mtime 0x0000000000000812 (mip.MTI <- 0b1, mip.STI <- 0b0)
mem[X,0x0000000080004084] -> 0x0513
mem[X,0x0000000080004086] -> 0x1995
[4132] [M]: 0x0000000080004084 (0x19950513) addi x10, x10, 0x199                    inst_567+20
x10 <- 0x0019999999999999

mem[X,0x0000000080004088] -> 0x1513
mem[X,0x000000008000408A] -> 0x00A5
[4133] [M]: 0x0000000080004088 (0x00A51513) slli x10, x10, 0xa                      inst_567+24
x10 <- 0x6666666666666400

clint mtime 0x0000000000000813 (mip.MTI <- 0b1, mip.STI <- 0b0)
mem[X,0x000000008000408C] -> 0x0513
mem[X,0x000000008000408E] -> 0x2655
[4134] [M]: 0x000000008000408C (0x26550513) addi x10, x10, 0x265                    inst_567+28
x10 <- 0x6666666666666665

mem[X,0x0000000080004090] -> 0x2593
mem[X,0x0000000080004092] -> 0x5545
[4135] [M]: 0x0000000080004090 (0x55452593) slti x11, x10, 0x554                    inst_567+32
x11 <- 0x0000000000000000

clint mtime 0x0000000000000814 (mip.MTI <- 0b1, mip.STI <- 0b0)
mem[X,0x0000000080004094] -> 0x3423
mem[X,0x0000000080004096] -> 0x10B1
[4136] [M]: 0x0000000080004094 (0x10B13423) sd x11, 0x108(x2)                       inst_567+36
mem[W,0x00000000800082D0] <- 0x0000000000000000

mem[X,0x0000000080004098] -> 0x6537
mem[X,0x000000008000409A] -> 0x6666
[4137] [M]: 0x0000000080004098 (0x66666537) lui x10, 0x66666                        inst_568+0
x10 <- 0x0000000066666000

clint mtime 0x0000000000000815 (mip.MTI <- 0b1, mip.STI <- 0b0)
mem[X,0x000000008000409C] -> 0x0513
mem[X,0x000000008000409E] -> 0x6665
[4138] [M]: 0x000000008000409C (0x66650513) addi x10, x10, 0x666                    inst_568+4
x10 <- 0x0000000066666666

mem[X,0x00000000800040A0] -> 0x1513
mem[X,0x00000000800040A2] -> 0x00B5
[4139] [M]: 0x00000000800040A0 (0x00B51513) slli x10, x10, 0xb                      inst_568+8
x10 <- 0x0000033333333000

clint mtime 0x0000000000000816 (mip.MTI <- 0b1, mip.STI <- 0b0)
mem[X,0x00000000800040A4] -> 0x0513
mem[X,0x00000000800040A6] -> 0x3335
[4140] [M]: 0x00000000800040A4 (0x33350513) addi x10, x10, 0x333                    inst_568+12
x10 <- 0x0000033333333333

mem[X,0x00000000800040A8] -> 0x1513
mem[X,0x00000000800040AA] -> 0x00B5
[4141] [M]: 0x00000000800040A8 (0x00B51513) slli x10, x10, 0xb                      inst_568+16
x10 <- 0x0019999999999800

clint mtime 0x0000000000000817 (mip.MTI <- 0b1, mip.STI <- 0b0)
mem[X,0x00000000800040AC] -> 0x0513
mem[X,0x00000000800040AE] -> 0x1995
[4142] [M]: 0x00000000800040AC (0x19950513) addi x10, x10, 0x199                    inst_568+20
x10 <- 0x0019999999999999

mem[X,0x00000000800040B0] -> 0x1513
mem[X,0x00000000800040B2] -> 0x00A5
[4143] [M]: 0x00000000800040B0 (0x00A51513) slli x10, x10, 0xa                      inst_568+24
x10 <- 0x6666666666666400

clint mtime 0x0000000000000818 (mip.MTI <- 0b1, mip.STI <- 0b0)
mem[X,0x00000000800040B4] -> 0x0513
mem[X,0x00000000800040B6] -> 0x2655
[4144] [M]: 0x00000000800040B4 (0x26550513) addi x10, x10, 0x265                    inst_568+28
x10 <- 0x6666666666666665

mem[X,0x00000000800040B8] -> 0x2593
mem[X,0x00000000800040BA] -> 0x0005
[4145] [M]: 0x00000000800040B8 (0x00052593) slti x11, x10, 0x0                      inst_568+32
x11 <- 0x0000000000000000

clint mtime 0x0000000000000819 (mip.MTI <- 0b1, mip.STI <- 0b0)
mem[X,0x00000000800040BC] -> 0x3823
mem[X,0x00000000800040BE] -> 0x10B1
[4146] [M]: 0x00000000800040BC (0x10B13823) sd x11, 0x110(x2)                       inst_568+36
mem[W,0x00000000800082D8] <- 0x0000000000000000

mem[X,0x00000000800040C0] -> 0x6537
mem[X,0x00000000800040C2] -> 0x6666
[4147] [M]: 0x00000000800040C0 (0x66666537) lui x10, 0x66666                        inst_569+0
x10 <- 0x0000000066666000

clint mtime 0x000000000000081A (mip.MTI <- 0b1, mip.STI <- 0b0)
mem[X,0x00000000800040C4] -> 0x0513
mem[X,0x00000000800040C6] -> 0x6665
[4148] [M]: 0x00000000800040C4 (0x66650513) addi x10, x10, 0x666                    inst_569+4
x10 <- 0x0000000066666666

mem[X,0x00000000800040C8] -> 0x1513
mem[X,0x00000000800040CA] -> 0x00B5
[4149] [M]: 0x00000000800040C8 (0x00B51513) slli x10, x10, 0xb                      inst_569+8
x10 <- 0x0000033333333000

clint mtime 0x000000000000081B (mip.MTI <- 0b1, mip.STI <- 0b0)
mem[X,0x00000000800040CC] -> 0x0513
mem[X,0x00000000800040CE] -> 0x3335
[4150] [M]: 0x00000000800040CC (0x33350513) addi x10, x10, 0x333                    inst_569+12
x10 <- 0x0000033333333333

mem[X,0x00000000800040D0] -> 0x1513
mem[X,0x00000000800040D2] -> 0x00B5
[4151] [M]: 0x00000000800040D0 (0x00B51513) slli x10, x10, 0xb                      inst_569+16
x10 <- 0x0019999999999800

clint mtime 0x000000000000081C (mip.MTI <- 0b1, mip.STI <- 0b0)
mem[X,0x00000000800040D4] -> 0x0513
mem[X,0x00000000800040D6] -> 0x1995
[4152] [M]: 0x00000000800040D4 (0x19950513) addi x10, x10, 0x199                    inst_569+20
x10 <- 0x0019999999999999

mem[X,0x00000000800040D8] -> 0x1513
mem[X,0x00000000800040DA] -> 0x00A5
[4153] [M]: 0x00000000800040D8 (0x00A51513) slli x10, x10, 0xa                      inst_569+24
x10 <- 0x6666666666666400

clint mtime 0x000000000000081D (mip.MTI <- 0b1, mip.STI <- 0b0)
mem[X,0x00000000800040DC] -> 0x0513
mem[X,0x00000000800040DE] -> 0x2655
[4154] [M]: 0x00000000800040DC (0x26550513) addi x10, x10, 0x265                    inst_569+28
x10 <- 0x6666666666666665

mem[X,0x00000000800040E0] -> 0x2593
mem[X,0x00000000800040E2] -> 0x0045
[4155] [M]: 0x00000000800040E0 (0x00452593) slti x11, x10, 0x4                      inst_569+32
x11 <- 0x0000000000000000

clint mtime 0x000000000000081E (mip.MTI <- 0b1, mip.STI <- 0b0)
mem[X,0x00000000800040E4] -> 0x3C23
mem[X,0x00000000800040E6] -> 0x10B1
[4156] [M]: 0x00000000800040E4 (0x10B13C23) sd x11, 0x118(x2)                       inst_569+36
mem[W,0x00000000800082E0] <- 0x0000000000000000

mem[X,0x00000000800040E8] -> 0x6537
mem[X,0x00000000800040EA] -> 0x6666
[4157] [M]: 0x00000000800040E8 (0x66666537) lui x10, 0x66666                        inst_570+0
x10 <- 0x0000000066666000

clint mtime 0x000000000000081F (mip.MTI <- 0b1, mip.STI <- 0b0)
mem[X,0x00000000800040EC] -> 0x0513
mem[X,0x00000000800040EE] -> 0x6665
[4158] [M]: 0x00000000800040EC (0x66650513) addi x10, x10, 0x666                    inst_570+4
x10 <- 0x0000000066666666

mem[X,0x00000000800040F0] -> 0x1513
mem[X,0x00000000800040F2] -> 0x00B5
[4159] [M]: 0x00000000800040F0 (0x00B51513) slli x10, x10, 0xb                      inst_570+8
x10 <- 0x0000033333333000

clint mtime 0x0000000000000820 (mip.MTI <- 0b1, mip.STI <- 0b0)
mem[X,0x00000000800040F4] -> 0x0513
mem[X,0x00000000800040F6] -> 0x3335
[4160] [M]: 0x00000000800040F4 (0x33350513) addi x10, x10, 0x333                    inst_570+12
x10 <- 0x0000033333333333

mem[X,0x00000000800040F8] -> 0x1513
mem[X,0x00000000800040FA] -> 0x00B5
[4161] [M]: 0x00000000800040F8 (0x00B51513) slli x10, x10, 0xb                      inst_570+16
x10 <- 0x0019999999999800

clint mtime 0x0000000000000821 (mip.MTI <- 0b1, mip.STI <- 0b0)
mem[X,0x00000000800040FC] -> 0x0513
mem[X,0x00000000800040FE] -> 0x1995
[4162] [M]: 0x00000000800040FC (0x19950513) addi x10, x10, 0x199                    inst_570+20
x10 <- 0x0019999999999999

mem[X,0x0000000080004100] -> 0x1513
mem[X,0x0000000080004102] -> 0x00A5
[4163] [M]: 0x0000000080004100 (0x00A51513) slli x10, x10, 0xa                      inst_570+24
x10 <- 0x6666666666666400

clint mtime 0x0000000000000822 (mip.MTI <- 0b1, mip.STI <- 0b0)
mem[X,0x0000000080004104] -> 0x0513
mem[X,0x0000000080004106] -> 0x2655
[4164] [M]: 0x0000000080004104 (0x26550513) addi x10, x10, 0x265                    inst_570+28
x10 <- 0x6666666666666665

mem[X,0x0000000080004108] -> 0x2593
mem[X,0x000000008000410A] -> 0x3325
[4165] [M]: 0x0000000080004108 (0x33252593) slti x11, x10, 0x332                    inst_570+32
x11 <- 0x0000000000000000

clint mtime 0x0000000000000823 (mip.MTI <- 0b1, mip.STI <- 0b0)
mem[X,0x000000008000410C] -> 0x3023
mem[X,0x000000008000410E] -> 0x12B1
[4166] [M]: 0x000000008000410C (0x12B13023) sd x11, 0x120(x2)                       inst_570+36
mem[W,0x00000000800082E8] <- 0x0000000000000000

mem[X,0x0000000080004110] -> 0x6537
mem[X,0x0000000080004112] -> 0x6666
[4167] [M]: 0x0000000080004110 (0x66666537) lui x10, 0x66666                        inst_571+0
x10 <- 0x0000000066666000

clint mtime 0x0000000000000824 (mip.MTI <- 0b1, mip.STI <- 0b0)
mem[X,0x0000000080004114] -> 0x0513
mem[X,0x0000000080004116] -> 0x6665
[4168] [M]: 0x0000000080004114 (0x66650513) addi x10, x10, 0x666                    inst_571+4
x10 <- 0x0000000066666666

mem[X,0x0000000080004118] -> 0x1513
mem[X,0x000000008000411A] -> 0x00B5
[4169] [M]: 0x0000000080004118 (0x00B51513) slli x10, x10, 0xb                      inst_571+8
x10 <- 0x0000033333333000

clint mtime 0x0000000000000825 (mip.MTI <- 0b1, mip.STI <- 0b0)
mem[X,0x000000008000411C] -> 0x0513
mem[X,0x000000008000411E] -> 0x3335
[4170] [M]: 0x000000008000411C (0x33350513) addi x10, x10, 0x333                    inst_571+12
x10 <- 0x0000033333333333

mem[X,0x0000000080004120] -> 0x1513
mem[X,0x0000000080004122] -> 0x00B5
[4171] [M]: 0x0000000080004120 (0x00B51513) slli x10, x10, 0xb                      inst_571+16
x10 <- 0x0019999999999800

clint mtime 0x0000000000000826 (mip.MTI <- 0b1, mip.STI <- 0b0)
mem[X,0x0000000080004124] -> 0x0513
mem[X,0x0000000080004126] -> 0x1995
[4172] [M]: 0x0000000080004124 (0x19950513) addi x10, x10, 0x199                    inst_571+20
x10 <- 0x0019999999999999

mem[X,0x0000000080004128] -> 0x1513
mem[X,0x000000008000412A] -> 0x00A5
[4173] [M]: 0x0000000080004128 (0x00A51513) slli x10, x10, 0xa                      inst_571+24
x10 <- 0x6666666666666400

clint mtime 0x0000000000000827 (mip.MTI <- 0b1, mip.STI <- 0b0)
mem[X,0x000000008000412C] -> 0x0513
mem[X,0x000000008000412E] -> 0x2655
[4174] [M]: 0x000000008000412C (0x26550513) addi x10, x10, 0x265                    inst_571+28
x10 <- 0x6666666666666665

mem[X,0x0000000080004130] -> 0x2593
mem[X,0x0000000080004132] -> 0x6655
[4175] [M]: 0x0000000080004130 (0x66552593) slti x11, x10, 0x665                    inst_571+32
x11 <- 0x0000000000000000

clint mtime 0x0000000000000828 (mip.MTI <- 0b1, mip.STI <- 0b0)
mem[X,0x0000000080004134] -> 0x3423
mem[X,0x0000000080004136] -> 0x12B1
[4176] [M]: 0x0000000080004134 (0x12B13423) sd x11, 0x128(x2)                       inst_571+36
mem[W,0x00000000800082F0] <- 0x0000000000000000

mem[X,0x0000000080004138] -> 0x6537
mem[X,0x000000008000413A] -> 0x6666
[4177] [M]: 0x0000000080004138 (0x66666537) lui x10, 0x66666                        inst_572+0
x10 <- 0x0000000066666000

clint mtime 0x0000000000000829 (mip.MTI <- 0b1, mip.STI <- 0b0)
mem[X,0x000000008000413C] -> 0x0513
mem[X,0x000000008000413E] -> 0x6665
[4178] [M]: 0x000000008000413C (0x66650513) addi x10, x10, 0x666                    inst_572+4
x10 <- 0x0000000066666666

mem[X,0x0000000080004140] -> 0x1513
mem[X,0x0000000080004142] -> 0x00B5
[4179] [M]: 0x0000000080004140 (0x00B51513) slli x10, x10, 0xb                      inst_572+8
x10 <- 0x0000033333333000

clint mtime 0x000000000000082A (mip.MTI <- 0b1, mip.STI <- 0b0)
mem[X,0x0000000080004144] -> 0x0513
mem[X,0x0000000080004146] -> 0x3335
[4180] [M]: 0x0000000080004144 (0x33350513) addi x10, x10, 0x333                    inst_572+12
x10 <- 0x0000033333333333

mem[X,0x0000000080004148] -> 0x1513
mem[X,0x000000008000414A] -> 0x00B5
[4181] [M]: 0x0000000080004148 (0x00B51513) slli x10, x10, 0xb                      inst_572+16
x10 <- 0x0019999999999800

clint mtime 0x000000000000082B (mip.MTI <- 0b1, mip.STI <- 0b0)
mem[X,0x000000008000414C] -> 0x0513
mem[X,0x000000008000414E] -> 0x1995
[4182] [M]: 0x000000008000414C (0x19950513) addi x10, x10, 0x199                    inst_572+20
x10 <- 0x0019999999999999

mem[X,0x0000000080004150] -> 0x1513
mem[X,0x0000000080004152] -> 0x00A5
[4183] [M]: 0x0000000080004150 (0x00A51513) slli x10, x10, 0xa                      inst_572+24
x10 <- 0x6666666666666400

clint mtime 0x000000000000082C (mip.MTI <- 0b1, mip.STI <- 0b0)
mem[X,0x0000000080004154] -> 0x0513
mem[X,0x0000000080004156] -> 0x2655
[4184] [M]: 0x0000000080004154 (0x26550513) addi x10, x10, 0x265                    inst_572+28
x10 <- 0x6666666666666665

mem[X,0x0000000080004158] -> 0x2593
mem[X,0x000000008000415A] -> 0x02C5
[4185] [M]: 0x0000000080004158 (0x02C52593) slti x11, x10, 0x2c                     inst_572+32
x11 <- 0x0000000000000000

clint mtime 0x000000000000082D (mip.MTI <- 0b1, mip.STI <- 0b0)
mem[X,0x000000008000415C] -> 0x3823
mem[X,0x000000008000415E] -> 0x12B1
[4186] [M]: 0x000000008000415C (0x12B13823) sd x11, 0x130(x2)                       inst_572+36
mem[W,0x00000000800082F8] <- 0x0000000000000000

mem[X,0x0000000080004160] -> 0x6537
mem[X,0x0000000080004162] -> 0x6666
[4187] [M]: 0x0000000080004160 (0x66666537) lui x10, 0x66666                        inst_573+0
x10 <- 0x0000000066666000

clint mtime 0x000000000000082E (mip.MTI <- 0b1, mip.STI <- 0b0)
mem[X,0x0000000080004164] -> 0x0513
mem[X,0x0000000080004166] -> 0x6665
[4188] [M]: 0x0000000080004164 (0x66650513) addi x10, x10, 0x666                    inst_573+4
x10 <- 0x0000000066666666

mem[X,0x0000000080004168] -> 0x1513
mem[X,0x000000008000416A] -> 0x00B5
[4189] [M]: 0x0000000080004168 (0x00B51513) slli x10, x10, 0xb                      inst_573+8
x10 <- 0x0000033333333000

clint mtime 0x000000000000082F (mip.MTI <- 0b1, mip.STI <- 0b0)
mem[X,0x000000008000416C] -> 0x0513
mem[X,0x000000008000416E] -> 0x3335
[4190] [M]: 0x000000008000416C (0x33350513) addi x10, x10, 0x333                    inst_573+12
x10 <- 0x0000033333333333

mem[X,0x0000000080004170] -> 0x1513
mem[X,0x0000000080004172] -> 0x00B5
[4191] [M]: 0x0000000080004170 (0x00B51513) slli x10, x10, 0xb                      inst_573+16
x10 <- 0x0019999999999800

clint mtime 0x0000000000000830 (mip.MTI <- 0b1, mip.STI <- 0b0)
mem[X,0x0000000080004174] -> 0x0513
mem[X,0x0000000080004176] -> 0x1995
[4192] [M]: 0x0000000080004174 (0x19950513) addi x10, x10, 0x199                    inst_573+20
x10 <- 0x0019999999999999

mem[X,0x0000000080004178] -> 0x1513
mem[X,0x000000008000417A] -> 0x00A5
[4193] [M]: 0x0000000080004178 (0x00A51513) slli x10, x10, 0xa                      inst_573+24
x10 <- 0x6666666666666400

clint mtime 0x0000000000000831 (mip.MTI <- 0b1, mip.STI <- 0b0)
mem[X,0x000000008000417C] -> 0x0513
mem[X,0x000000008000417E] -> 0x2655
[4194] [M]: 0x000000008000417C (0x26550513) addi x10, x10, 0x265                    inst_573+28
x10 <- 0x6666666666666665

mem[X,0x0000000080004180] -> 0x2593
mem[X,0x0000000080004182] -> 0x5565
[4195] [M]: 0x0000000080004180 (0x55652593) slti x11, x10, 0x556                    inst_573+32
x11 <- 0x0000000000000000

clint mtime 0x0000000000000832 (mip.MTI <- 0b1, mip.STI <- 0b0)
mem[X,0x0000000080004184] -> 0x3C23
mem[X,0x0000000080004186] -> 0x12B1
[4196] [M]: 0x0000000080004184 (0x12B13C23) sd x11, 0x138(x2)                       inst_573+36
mem[W,0x0000000080008300] <- 0x0000000000000000

mem[X,0x0000000080004188] -> 0x6537
mem[X,0x000000008000418A] -> 0x6666
[4197] [M]: 0x0000000080004188 (0x66666537) lui x10, 0x66666                        inst_574+0
x10 <- 0x0000000066666000

clint mtime 0x0000000000000833 (mip.MTI <- 0b1, mip.STI <- 0b0)
mem[X,0x000000008000418C] -> 0x0513
mem[X,0x000000008000418E] -> 0x6665
[4198] [M]: 0x000000008000418C (0x66650513) addi x10, x10, 0x666                    inst_574+4
x10 <- 0x0000000066666666

mem[X,0x0000000080004190] -> 0x1513
mem[X,0x0000000080004192] -> 0x00B5
[4199] [M]: 0x0000000080004190 (0x00B51513) slli x10, x10, 0xb                      inst_574+8
x10 <- 0x0000033333333000

clint mtime 0x0000000000000834 (mip.MTI <- 0b1, mip.STI <- 0b0)
mem[X,0x0000000080004194] -> 0x0513
mem[X,0x0000000080004196] -> 0x3335
[4200] [M]: 0x0000000080004194 (0x33350513) addi x10, x10, 0x333                    inst_574+12
x10 <- 0x0000033333333333

mem[X,0x0000000080004198] -> 0x1513
mem[X,0x000000008000419A] -> 0x00B5
[4201] [M]: 0x0000000080004198 (0x00B51513) slli x10, x10, 0xb                      inst_574+16
x10 <- 0x0019999999999800

clint mtime 0x0000000000000835 (mip.MTI <- 0b1, mip.STI <- 0b0)
mem[X,0x000000008000419C] -> 0x0513
mem[X,0x000000008000419E] -> 0x1995
[4202] [M]: 0x000000008000419C (0x19950513) addi x10, x10, 0x199                    inst_574+20
x10 <- 0x0019999999999999

mem[X,0x00000000800041A0] -> 0x1513
mem[X,0x00000000800041A2] -> 0x00A5
[4203] [M]: 0x00000000800041A0 (0x00A51513) slli x10, x10, 0xa                      inst_574+24
x10 <- 0x6666666666666400

clint mtime 0x0000000000000836 (mip.MTI <- 0b1, mip.STI <- 0b0)
mem[X,0x00000000800041A4] -> 0x0513
mem[X,0x00000000800041A6] -> 0x2655
[4204] [M]: 0x00000000800041A4 (0x26550513) addi x10, x10, 0x265                    inst_574+28
x10 <- 0x6666666666666665

mem[X,0x00000000800041A8] -> 0x2593
mem[X,0x00000000800041AA] -> 0xAAB5
[4205] [M]: 0x00000000800041A8 (0xAAB52593) slti x11, x10, -0x555                   inst_574+32
x11 <- 0x0000000000000000

clint mtime 0x0000000000000837 (mip.MTI <- 0b1, mip.STI <- 0b0)
mem[X,0x00000000800041AC] -> 0x3023
mem[X,0x00000000800041AE] -> 0x14B1
[4206] [M]: 0x00000000800041AC (0x14B13023) sd x11, 0x140(x2)                       inst_574+36
mem[W,0x0000000080008308] <- 0x0000000000000000

mem[X,0x00000000800041B0] -> 0x6537
mem[X,0x00000000800041B2] -> 0x6666
[4207] [M]: 0x00000000800041B0 (0x66666537) lui x10, 0x66666                        inst_575+0
x10 <- 0x0000000066666000

clint mtime 0x0000000000000838 (mip.MTI <- 0b1, mip.STI <- 0b0)
mem[X,0x00000000800041B4] -> 0x0513
mem[X,0x00000000800041B6] -> 0x6665
[4208] [M]: 0x00000000800041B4 (0x66650513) addi x10, x10, 0x666                    inst_575+4
x10 <- 0x0000000066666666

mem[X,0x00000000800041B8] -> 0x1513
mem[X,0x00000000800041BA] -> 0x00B5
[4209] [M]: 0x00000000800041B8 (0x00B51513) slli x10, x10, 0xb                      inst_575+8
x10 <- 0x0000033333333000

clint mtime 0x0000000000000839 (mip.MTI <- 0b1, mip.STI <- 0b0)
mem[X,0x00000000800041BC] -> 0x0513
mem[X,0x00000000800041BE] -> 0x3335
[4210] [M]: 0x00000000800041BC (0x33350513) addi x10, x10, 0x333                    inst_575+12
x10 <- 0x0000033333333333

mem[X,0x00000000800041C0] -> 0x1513
mem[X,0x00000000800041C2] -> 0x00B5
[4211] [M]: 0x00000000800041C0 (0x00B51513) slli x10, x10, 0xb                      inst_575+16
x10 <- 0x0019999999999800

clint mtime 0x000000000000083A (mip.MTI <- 0b1, mip.STI <- 0b0)
mem[X,0x00000000800041C4] -> 0x0513
mem[X,0x00000000800041C6] -> 0x1995
[4212] [M]: 0x00000000800041C4 (0x19950513) addi x10, x10, 0x199                    inst_575+20
x10 <- 0x0019999999999999

mem[X,0x00000000800041C8] -> 0x1513
mem[X,0x00000000800041CA] -> 0x00A5
[4213] [M]: 0x00000000800041C8 (0x00A51513) slli x10, x10, 0xa                      inst_575+24
x10 <- 0x6666666666666400

clint mtime 0x000000000000083B (mip.MTI <- 0b1, mip.STI <- 0b0)
mem[X,0x00000000800041CC] -> 0x0513
mem[X,0x00000000800041CE] -> 0x2655
[4214] [M]: 0x00000000800041CC (0x26550513) addi x10, x10, 0x265                    inst_575+28
x10 <- 0x6666666666666665

mem[X,0x00000000800041D0] -> 0x2593
mem[X,0x00000000800041D2] -> 0x0065
[4215] [M]: 0x00000000800041D0 (0x00652593) slti x11, x10, 0x6                      inst_575+32
x11 <- 0x0000000000000000

clint mtime 0x000000000000083C (mip.MTI <- 0b1, mip.STI <- 0b0)
mem[X,0x00000000800041D4] -> 0x3423
mem[X,0x00000000800041D6] -> 0x14B1
[4216] [M]: 0x00000000800041D4 (0x14B13423) sd x11, 0x148(x2)                       inst_575+36
mem[W,0x0000000080008310] <- 0x0000000000000000

mem[X,0x00000000800041D8] -> 0x6537
mem[X,0x00000000800041DA] -> 0x6666
[4217] [M]: 0x00000000800041D8 (0x66666537) lui x10, 0x66666                        inst_576+0
x10 <- 0x0000000066666000

clint mtime 0x000000000000083D (mip.MTI <- 0b1, mip.STI <- 0b0)
mem[X,0x00000000800041DC] -> 0x0513
mem[X,0x00000000800041DE] -> 0x6665
[4218] [M]: 0x00000000800041DC (0x66650513) addi x10, x10, 0x666                    inst_576+4
x10 <- 0x0000000066666666

mem[X,0x00000000800041E0] -> 0x1513
mem[X,0x00000000800041E2] -> 0x00B5
[4219] [M]: 0x00000000800041E0 (0x00B51513) slli x10, x10, 0xb                      inst_576+8
x10 <- 0x0000033333333000

clint mtime 0x000000000000083E (mip.MTI <- 0b1, mip.STI <- 0b0)
mem[X,0x00000000800041E4] -> 0x0513
mem[X,0x00000000800041E6] -> 0x3335
[4220] [M]: 0x00000000800041E4 (0x33350513) addi x10, x10, 0x333                    inst_576+12
x10 <- 0x0000033333333333

mem[X,0x00000000800041E8] -> 0x1513
mem[X,0x00000000800041EA] -> 0x00B5
[4221] [M]: 0x00000000800041E8 (0x00B51513) slli x10, x10, 0xb                      inst_576+16
x10 <- 0x0019999999999800

clint mtime 0x000000000000083F (mip.MTI <- 0b1, mip.STI <- 0b0)
mem[X,0x00000000800041EC] -> 0x0513
mem[X,0x00000000800041EE] -> 0x1995
[4222] [M]: 0x00000000800041EC (0x19950513) addi x10, x10, 0x199                    inst_576+20
x10 <- 0x0019999999999999

mem[X,0x00000000800041F0] -> 0x1513
mem[X,0x00000000800041F2] -> 0x00A5
[4223] [M]: 0x00000000800041F0 (0x00A51513) slli x10, x10, 0xa                      inst_576+24
x10 <- 0x6666666666666400

clint mtime 0x0000000000000840 (mip.MTI <- 0b1, mip.STI <- 0b0)
mem[X,0x00000000800041F4] -> 0x0513
mem[X,0x00000000800041F6] -> 0x2655
[4224] [M]: 0x00000000800041F4 (0x26550513) addi x10, x10, 0x265                    inst_576+28
x10 <- 0x6666666666666665

mem[X,0x00000000800041F8] -> 0x2593
mem[X,0x00000000800041FA] -> 0x3345
[4225] [M]: 0x00000000800041F8 (0x33452593) slti x11, x10, 0x334                    inst_576+32
x11 <- 0x0000000000000000

clint mtime 0x0000000000000841 (mip.MTI <- 0b1, mip.STI <- 0b0)
mem[X,0x00000000800041FC] -> 0x3823
mem[X,0x00000000800041FE] -> 0x14B1
[4226] [M]: 0x00000000800041FC (0x14B13823) sd x11, 0x150(x2)                       inst_576+36
mem[W,0x0000000080008318] <- 0x0000000000000000

mem[X,0x0000000080004200] -> 0x6537
mem[X,0x0000000080004202] -> 0x6666
[4227] [M]: 0x0000000080004200 (0x66666537) lui x10, 0x66666                        inst_577+0
x10 <- 0x0000000066666000

clint mtime 0x0000000000000842 (mip.MTI <- 0b1, mip.STI <- 0b0)
mem[X,0x0000000080004204] -> 0x0513
mem[X,0x0000000080004206] -> 0x6665
[4228] [M]: 0x0000000080004204 (0x66650513) addi x10, x10, 0x666                    inst_577+4
x10 <- 0x0000000066666666

mem[X,0x0000000080004208] -> 0x1513
mem[X,0x000000008000420A] -> 0x00B5
[4229] [M]: 0x0000000080004208 (0x00B51513) slli x10, x10, 0xb                      inst_577+8
x10 <- 0x0000033333333000

clint mtime 0x0000000000000843 (mip.MTI <- 0b1, mip.STI <- 0b0)
mem[X,0x000000008000420C] -> 0x0513
mem[X,0x000000008000420E] -> 0x3335
[4230] [M]: 0x000000008000420C (0x33350513) addi x10, x10, 0x333                    inst_577+12
x10 <- 0x0000033333333333

mem[X,0x0000000080004210] -> 0x1513
mem[X,0x0000000080004212] -> 0x00B5
[4231] [M]: 0x0000000080004210 (0x00B51513) slli x10, x10, 0xb                      inst_577+16
x10 <- 0x0019999999999800

clint mtime 0x0000000000000844 (mip.MTI <- 0b1, mip.STI <- 0b0)
mem[X,0x0000000080004214] -> 0x0513
mem[X,0x0000000080004216] -> 0x1995
[4232] [M]: 0x0000000080004214 (0x19950513) addi x10, x10, 0x199                    inst_577+20
x10 <- 0x0019999999999999

mem[X,0x0000000080004218] -> 0x1513
mem[X,0x000000008000421A] -> 0x00A5
[4233] [M]: 0x0000000080004218 (0x00A51513) slli x10, x10, 0xa                      inst_577+24
x10 <- 0x6666666666666400

clint mtime 0x0000000000000845 (mip.MTI <- 0b1, mip.STI <- 0b0)
mem[X,0x000000008000421C] -> 0x0513
mem[X,0x000000008000421E] -> 0x2655
[4234] [M]: 0x000000008000421C (0x26550513) addi x10, x10, 0x265                    inst_577+28
x10 <- 0x6666666666666665

mem[X,0x0000000080004220] -> 0x2593
mem[X,0x0000000080004222] -> 0x6675
[4235] [M]: 0x0000000080004220 (0x66752593) slti x11, x10, 0x667                    inst_577+32
x11 <- 0x0000000000000000

clint mtime 0x0000000000000846 (mip.MTI <- 0b1, mip.STI <- 0b0)
mem[X,0x0000000080004224] -> 0x3C23
mem[X,0x0000000080004226] -> 0x14B1
[4236] [M]: 0x0000000080004224 (0x14B13C23) sd x11, 0x158(x2)                       inst_577+36
mem[W,0x0000000080008320] <- 0x0000000000000000

mem[X,0x0000000080004228] -> 0x6537
mem[X,0x000000008000422A] -> 0x6666
[4237] [M]: 0x0000000080004228 (0x66666537) lui x10, 0x66666                        inst_578+0
x10 <- 0x0000000066666000

clint mtime 0x0000000000000847 (mip.MTI <- 0b1, mip.STI <- 0b0)
mem[X,0x000000008000422C] -> 0x0513
mem[X,0x000000008000422E] -> 0x6665
[4238] [M]: 0x000000008000422C (0x66650513) addi x10, x10, 0x666                    inst_578+4
x10 <- 0x0000000066666666

mem[X,0x0000000080004230] -> 0x1513
mem[X,0x0000000080004232] -> 0x00B5
[4239] [M]: 0x0000000080004230 (0x00B51513) slli x10, x10, 0xb                      inst_578+8
x10 <- 0x0000033333333000

clint mtime 0x0000000000000848 (mip.MTI <- 0b1, mip.STI <- 0b0)
mem[X,0x0000000080004234] -> 0x0513
mem[X,0x0000000080004236] -> 0x3335
[4240] [M]: 0x0000000080004234 (0x33350513) addi x10, x10, 0x333                    inst_578+12
x10 <- 0x0000033333333333

mem[X,0x0000000080004238] -> 0x1513
mem[X,0x000000008000423A] -> 0x00B5
[4241] [M]: 0x0000000080004238 (0x00B51513) slli x10, x10, 0xb                      inst_578+16
x10 <- 0x0019999999999800

clint mtime 0x0000000000000849 (mip.MTI <- 0b1, mip.STI <- 0b0)
mem[X,0x000000008000423C] -> 0x0513
mem[X,0x000000008000423E] -> 0x1995
[4242] [M]: 0x000000008000423C (0x19950513) addi x10, x10, 0x199                    inst_578+20
x10 <- 0x0019999999999999

mem[X,0x0000000080004240] -> 0x1513
mem[X,0x0000000080004242] -> 0x00A5
[4243] [M]: 0x0000000080004240 (0x00A51513) slli x10, x10, 0xa                      inst_578+24
x10 <- 0x6666666666666400

clint mtime 0x000000000000084A (mip.MTI <- 0b1, mip.STI <- 0b0)
mem[X,0x0000000080004244] -> 0x0513
mem[X,0x0000000080004246] -> 0x2655
[4244] [M]: 0x0000000080004244 (0x26550513) addi x10, x10, 0x265                    inst_578+28
x10 <- 0x6666666666666665

mem[X,0x0000000080004248] -> 0x2593
mem[X,0x000000008000424A] -> 0xFD45
[4245] [M]: 0x0000000080004248 (0xFD452593) slti x11, x10, -0x2c                    inst_578+32
x11 <- 0x0000000000000000

clint mtime 0x000000000000084B (mip.MTI <- 0b1, mip.STI <- 0b0)
mem[X,0x000000008000424C] -> 0x3023
mem[X,0x000000008000424E] -> 0x16B1
[4246] [M]: 0x000000008000424C (0x16B13023) sd x11, 0x160(x2)                       inst_578+36
mem[W,0x0000000080008328] <- 0x0000000000000000

mem[X,0x0000000080004250] -> 0x6537
mem[X,0x0000000080004252] -> 0x6666
[4247] [M]: 0x0000000080004250 (0x66666537) lui x10, 0x66666                        inst_579+0
x10 <- 0x0000000066666000

clint mtime 0x000000000000084C (mip.MTI <- 0b1, mip.STI <- 0b0)
mem[X,0x0000000080004254] -> 0x0513
mem[X,0x0000000080004256] -> 0x6665
[4248] [M]: 0x0000000080004254 (0x66650513) addi x10, x10, 0x666                    inst_579+4
x10 <- 0x0000000066666666

mem[X,0x0000000080004258] -> 0x1513
mem[X,0x000000008000425A] -> 0x00B5
[4249] [M]: 0x0000000080004258 (0x00B51513) slli x10, x10, 0xb                      inst_579+8
x10 <- 0x0000033333333000

clint mtime 0x000000000000084D (mip.MTI <- 0b1, mip.STI <- 0b0)
mem[X,0x000000008000425C] -> 0x0513
mem[X,0x000000008000425E] -> 0x3335
[4250] [M]: 0x000000008000425C (0x33350513) addi x10, x10, 0x333                    inst_579+12
x10 <- 0x0000033333333333

mem[X,0x0000000080004260] -> 0x1513
mem[X,0x0000000080004262] -> 0x00B5
[4251] [M]: 0x0000000080004260 (0x00B51513) slli x10, x10, 0xb                      inst_579+16
x10 <- 0x0019999999999800

clint mtime 0x000000000000084E (mip.MTI <- 0b1, mip.STI <- 0b0)
mem[X,0x0000000080004264] -> 0x0513
mem[X,0x0000000080004266] -> 0x1995
[4252] [M]: 0x0000000080004264 (0x19950513) addi x10, x10, 0x199                    inst_579+20
x10 <- 0x0019999999999999

mem[X,0x0000000080004268] -> 0x1513
mem[X,0x000000008000426A] -> 0x00A5
[4253] [M]: 0x0000000080004268 (0x00A51513) slli x10, x10, 0xa                      inst_579+24
x10 <- 0x6666666666666400

clint mtime 0x000000000000084F (mip.MTI <- 0b1, mip.STI <- 0b0)
mem[X,0x000000008000426C] -> 0x0513
mem[X,0x000000008000426E] -> 0x2655
[4254] [M]: 0x000000008000426C (0x26550513) addi x10, x10, 0x265                    inst_579+28
x10 <- 0x6666666666666665

mem[X,0x0000000080004270] -> 0x2593
mem[X,0x0000000080004272] -> 0x02E5
[4255] [M]: 0x0000000080004270 (0x02E52593) slti x11, x10, 0x2e                     inst_579+32
x11 <- 0x0000000000000000

clint mtime 0x0000000000000850 (mip.MTI <- 0b1, mip.STI <- 0b0)
mem[X,0x0000000080004274] -> 0x3423
mem[X,0x0000000080004276] -> 0x16B1
[4256] [M]: 0x0000000080004274 (0x16B13423) sd x11, 0x168(x2)                       inst_579+36
mem[W,0x0000000080008330] <- 0x0000000000000000

mem[X,0x0000000080004278] -> 0x0537
mem[X,0x000000008000427A] -> 0x0000
[4257] [M]: 0x0000000080004278 (0x00000537) lui x10, 0x0                            inst_580+0
x10 <- 0x0000000000000000

clint mtime 0x0000000000000851 (mip.MTI <- 0b1, mip.STI <- 0b0)
mem[X,0x000000008000427C] -> 0x0513
mem[X,0x000000008000427E] -> 0x0005
[4258] [M]: 0x000000008000427C (0x00050513) addi x10, x10, 0x0                      inst_580+4
x10 <- 0x0000000000000000

mem[X,0x0000000080004280] -> 0x1513
mem[X,0x0000000080004282] -> 0x00B5
[4259] [M]: 0x0000000080004280 (0x00B51513) slli x10, x10, 0xb                      inst_580+8
x10 <- 0x0000000000000000

clint mtime 0x0000000000000852 (mip.MTI <- 0b1, mip.STI <- 0b0)
mem[X,0x0000000080004284] -> 0x0513
mem[X,0x0000000080004286] -> 0x5A85
[4260] [M]: 0x0000000080004284 (0x5A850513) addi x10, x10, 0x5a8                    inst_580+12
x10 <- 0x00000000000005A8

mem[X,0x0000000080004288] -> 0x1513
mem[X,0x000000008000428A] -> 0x00B5
[4261] [M]: 0x0000000080004288 (0x00B51513) slli x10, x10, 0xb                      inst_580+16
x10 <- 0x00000000002D4000

clint mtime 0x0000000000000853 (mip.MTI <- 0b1, mip.STI <- 0b0)
mem[X,0x000000008000428C] -> 0x0513
mem[X,0x000000008000428E] -> 0x13C5
[4262] [M]: 0x000000008000428C (0x13C50513) addi x10, x10, 0x13c                    inst_580+20
x10 <- 0x00000000002D413C

mem[X,0x0000000080004290] -> 0x1513
mem[X,0x0000000080004292] -> 0x00A5
[4263] [M]: 0x0000000080004290 (0x00A51513) slli x10, x10, 0xa                      inst_580+24
x10 <- 0x00000000B504F000

clint mtime 0x0000000000000854 (mip.MTI <- 0b1, mip.STI <- 0b0)
mem[X,0x0000000080004294] -> 0x0513
mem[X,0x0000000080004296] -> 0x3325
[4264] [M]: 0x0000000080004294 (0x33250513) addi x10, x10, 0x332                    inst_580+28
x10 <- 0x00000000B504F332

mem[X,0x0000000080004298] -> 0x2593
mem[X,0x000000008000429A] -> 0x0035
[4265] [M]: 0x0000000080004298 (0x00352593) slti x11, x10, 0x3                      inst_580+32
x11 <- 0x0000000000000000

clint mtime 0x0000000000000855 (mip.MTI <- 0b1, mip.STI <- 0b0)
mem[X,0x000000008000429C] -> 0x3823
mem[X,0x000000008000429E] -> 0x16B1
[4266] [M]: 0x000000008000429C (0x16B13823) sd x11, 0x170(x2)                       inst_580+36
mem[W,0x0000000080008338] <- 0x0000000000000000

mem[X,0x00000000800042A0] -> 0x0537
mem[X,0x00000000800042A2] -> 0x0000
[4267] [M]: 0x00000000800042A0 (0x00000537) lui x10, 0x0                            inst_581+0
x10 <- 0x0000000000000000

clint mtime 0x0000000000000856 (mip.MTI <- 0b1, mip.STI <- 0b0)
mem[X,0x00000000800042A4] -> 0x0513
mem[X,0x00000000800042A6] -> 0x0005
[4268] [M]: 0x00000000800042A4 (0x00050513) addi x10, x10, 0x0                      inst_581+4
x10 <- 0x0000000000000000

mem[X,0x00000000800042A8] -> 0x1513
mem[X,0x00000000800042AA] -> 0x00B5
[4269] [M]: 0x00000000800042A8 (0x00B51513) slli x10, x10, 0xb                      inst_581+8
x10 <- 0x0000000000000000

clint mtime 0x0000000000000857 (mip.MTI <- 0b1, mip.STI <- 0b0)
mem[X,0x00000000800042AC] -> 0x0513
mem[X,0x00000000800042AE] -> 0x5A85
[4270] [M]: 0x00000000800042AC (0x5A850513) addi x10, x10, 0x5a8                    inst_581+12
x10 <- 0x00000000000005A8

mem[X,0x00000000800042B0] -> 0x1513
mem[X,0x00000000800042B2] -> 0x00B5
[4271] [M]: 0x00000000800042B0 (0x00B51513) slli x10, x10, 0xb                      inst_581+16
x10 <- 0x00000000002D4000

clint mtime 0x0000000000000858 (mip.MTI <- 0b1, mip.STI <- 0b0)
mem[X,0x00000000800042B4] -> 0x0513
mem[X,0x00000000800042B6] -> 0x13C5
[4272] [M]: 0x00000000800042B4 (0x13C50513) addi x10, x10, 0x13c                    inst_581+20
x10 <- 0x00000000002D413C

mem[X,0x00000000800042B8] -> 0x1513
mem[X,0x00000000800042BA] -> 0x00A5
[4273] [M]: 0x00000000800042B8 (0x00A51513) slli x10, x10, 0xa                      inst_581+24
x10 <- 0x00000000B504F000

clint mtime 0x0000000000000859 (mip.MTI <- 0b1, mip.STI <- 0b0)
mem[X,0x00000000800042BC] -> 0x0513
mem[X,0x00000000800042BE] -> 0x3325
[4274] [M]: 0x00000000800042BC (0x33250513) addi x10, x10, 0x332                    inst_581+28
x10 <- 0x00000000B504F332

mem[X,0x00000000800042C0] -> 0x2593
mem[X,0x00000000800042C2] -> 0x5555
[4275] [M]: 0x00000000800042C0 (0x55552593) slti x11, x10, 0x555                    inst_581+32
x11 <- 0x0000000000000000

clint mtime 0x000000000000085A (mip.MTI <- 0b1, mip.STI <- 0b0)
mem[X,0x00000000800042C4] -> 0x3C23
mem[X,0x00000000800042C6] -> 0x16B1
[4276] [M]: 0x00000000800042C4 (0x16B13C23) sd x11, 0x178(x2)                       inst_581+36
mem[W,0x0000000080008340] <- 0x0000000000000000

mem[X,0x00000000800042C8] -> 0x0537
mem[X,0x00000000800042CA] -> 0x0000
[4277] [M]: 0x00000000800042C8 (0x00000537) lui x10, 0x0                            inst_582+0
x10 <- 0x0000000000000000

clint mtime 0x000000000000085B (mip.MTI <- 0b1, mip.STI <- 0b0)
mem[X,0x00000000800042CC] -> 0x0513
mem[X,0x00000000800042CE] -> 0x0005
[4278] [M]: 0x00000000800042CC (0x00050513) addi x10, x10, 0x0                      inst_582+4
x10 <- 0x0000000000000000

mem[X,0x00000000800042D0] -> 0x1513
mem[X,0x00000000800042D2] -> 0x00B5
[4279] [M]: 0x00000000800042D0 (0x00B51513) slli x10, x10, 0xb                      inst_582+8
x10 <- 0x0000000000000000

clint mtime 0x000000000000085C (mip.MTI <- 0b1, mip.STI <- 0b0)
mem[X,0x00000000800042D4] -> 0x0513
mem[X,0x00000000800042D6] -> 0x5A85
[4280] [M]: 0x00000000800042D4 (0x5A850513) addi x10, x10, 0x5a8                    inst_582+12
x10 <- 0x00000000000005A8

mem[X,0x00000000800042D8] -> 0x1513
mem[X,0x00000000800042DA] -> 0x00B5
[4281] [M]: 0x00000000800042D8 (0x00B51513) slli x10, x10, 0xb                      inst_582+16
x10 <- 0x00000000002D4000

clint mtime 0x000000000000085D (mip.MTI <- 0b1, mip.STI <- 0b0)
mem[X,0x00000000800042DC] -> 0x0513
mem[X,0x00000000800042DE] -> 0x13C5
[4282] [M]: 0x00000000800042DC (0x13C50513) addi x10, x10, 0x13c                    inst_582+20
x10 <- 0x00000000002D413C

mem[X,0x00000000800042E0] -> 0x1513
mem[X,0x00000000800042E2] -> 0x00A5
[4283] [M]: 0x00000000800042E0 (0x00A51513) slli x10, x10, 0xa                      inst_582+24
x10 <- 0x00000000B504F000

clint mtime 0x000000000000085E (mip.MTI <- 0b1, mip.STI <- 0b0)
mem[X,0x00000000800042E4] -> 0x0513
mem[X,0x00000000800042E6] -> 0x3325
[4284] [M]: 0x00000000800042E4 (0x33250513) addi x10, x10, 0x332                    inst_582+28
x10 <- 0x00000000B504F332

mem[X,0x00000000800042E8] -> 0x2593
mem[X,0x00000000800042EA] -> 0xAAA5
[4285] [M]: 0x00000000800042E8 (0xAAA52593) slti x11, x10, -0x556                   inst_582+32
x11 <- 0x0000000000000000

clint mtime 0x000000000000085F (mip.MTI <- 0b1, mip.STI <- 0b0)
mem[X,0x00000000800042EC] -> 0x3023
mem[X,0x00000000800042EE] -> 0x18B1
[4286] [M]: 0x00000000800042EC (0x18B13023) sd x11, 0x180(x2)                       inst_582+36
mem[W,0x0000000080008348] <- 0x0000000000000000

mem[X,0x00000000800042F0] -> 0x0537
mem[X,0x00000000800042F2] -> 0x0000
[4287] [M]: 0x00000000800042F0 (0x00000537) lui x10, 0x0                            inst_583+0
x10 <- 0x0000000000000000

clint mtime 0x0000000000000860 (mip.MTI <- 0b1, mip.STI <- 0b0)
mem[X,0x00000000800042F4] -> 0x0513
mem[X,0x00000000800042F6] -> 0x0005
[4288] [M]: 0x00000000800042F4 (0x00050513) addi x10, x10, 0x0                      inst_583+4
x10 <- 0x0000000000000000

mem[X,0x00000000800042F8] -> 0x1513
mem[X,0x00000000800042FA] -> 0x00B5
[4289] [M]: 0x00000000800042F8 (0x00B51513) slli x10, x10, 0xb                      inst_583+8
x10 <- 0x0000000000000000

clint mtime 0x0000000000000861 (mip.MTI <- 0b1, mip.STI <- 0b0)
mem[X,0x00000000800042FC] -> 0x0513
mem[X,0x00000000800042FE] -> 0x5A85
[4290] [M]: 0x00000000800042FC (0x5A850513) addi x10, x10, 0x5a8                    inst_583+12
x10 <- 0x00000000000005A8

mem[X,0x0000000080004300] -> 0x1513
mem[X,0x0000000080004302] -> 0x00B5
[4291] [M]: 0x0000000080004300 (0x00B51513) slli x10, x10, 0xb                      inst_583+16
x10 <- 0x00000000002D4000

clint mtime 0x0000000000000862 (mip.MTI <- 0b1, mip.STI <- 0b0)
mem[X,0x0000000080004304] -> 0x0513
mem[X,0x0000000080004306] -> 0x13C5
[4292] [M]: 0x0000000080004304 (0x13C50513) addi x10, x10, 0x13c                    inst_583+20
x10 <- 0x00000000002D413C

mem[X,0x0000000080004308] -> 0x1513
mem[X,0x000000008000430A] -> 0x00A5
[4293] [M]: 0x0000000080004308 (0x00A51513) slli x10, x10, 0xa                      inst_583+24
x10 <- 0x00000000B504F000

clint mtime 0x0000000000000863 (mip.MTI <- 0b1, mip.STI <- 0b0)
mem[X,0x000000008000430C] -> 0x0513
mem[X,0x000000008000430E] -> 0x3325
[4294] [M]: 0x000000008000430C (0x33250513) addi x10, x10, 0x332                    inst_583+28
x10 <- 0x00000000B504F332

mem[X,0x0000000080004310] -> 0x2593
mem[X,0x0000000080004312] -> 0x0055
[4295] [M]: 0x0000000080004310 (0x00552593) slti x11, x10, 0x5                      inst_583+32
x11 <- 0x0000000000000000

clint mtime 0x0000000000000864 (mip.MTI <- 0b1, mip.STI <- 0b0)
mem[X,0x0000000080004314] -> 0x3423
mem[X,0x0000000080004316] -> 0x18B1
[4296] [M]: 0x0000000080004314 (0x18B13423) sd x11, 0x188(x2)                       inst_583+36
mem[W,0x0000000080008350] <- 0x0000000000000000

mem[X,0x0000000080004318] -> 0x0537
mem[X,0x000000008000431A] -> 0x0000
[4297] [M]: 0x0000000080004318 (0x00000537) lui x10, 0x0                            inst_584+0
x10 <- 0x0000000000000000

clint mtime 0x0000000000000865 (mip.MTI <- 0b1, mip.STI <- 0b0)
mem[X,0x000000008000431C] -> 0x0513
mem[X,0x000000008000431E] -> 0x0005
[4298] [M]: 0x000000008000431C (0x00050513) addi x10, x10, 0x0                      inst_584+4
x10 <- 0x0000000000000000

mem[X,0x0000000080004320] -> 0x1513
mem[X,0x0000000080004322] -> 0x00B5
[4299] [M]: 0x0000000080004320 (0x00B51513) slli x10, x10, 0xb                      inst_584+8
x10 <- 0x0000000000000000

clint mtime 0x0000000000000866 (mip.MTI <- 0b1, mip.STI <- 0b0)
mem[X,0x0000000080004324] -> 0x0513
mem[X,0x0000000080004326] -> 0x5A85
[4300] [M]: 0x0000000080004324 (0x5A850513) addi x10, x10, 0x5a8                    inst_584+12
x10 <- 0x00000000000005A8

mem[X,0x0000000080004328] -> 0x1513
mem[X,0x000000008000432A] -> 0x00B5
[4301] [M]: 0x0000000080004328 (0x00B51513) slli x10, x10, 0xb                      inst_584+16
x10 <- 0x00000000002D4000

clint mtime 0x0000000000000867 (mip.MTI <- 0b1, mip.STI <- 0b0)
mem[X,0x000000008000432C] -> 0x0513
mem[X,0x000000008000432E] -> 0x13C5
[4302] [M]: 0x000000008000432C (0x13C50513) addi x10, x10, 0x13c                    inst_584+20
x10 <- 0x00000000002D413C

mem[X,0x0000000080004330] -> 0x1513
mem[X,0x0000000080004332] -> 0x00A5
[4303] [M]: 0x0000000080004330 (0x00A51513) slli x10, x10, 0xa                      inst_584+24
x10 <- 0x00000000B504F000

clint mtime 0x0000000000000868 (mip.MTI <- 0b1, mip.STI <- 0b0)
mem[X,0x0000000080004334] -> 0x0513
mem[X,0x0000000080004336] -> 0x3325
[4304] [M]: 0x0000000080004334 (0x33250513) addi x10, x10, 0x332                    inst_584+28
x10 <- 0x00000000B504F332

mem[X,0x0000000080004338] -> 0x2593
mem[X,0x000000008000433A] -> 0x3335
[4305] [M]: 0x0000000080004338 (0x33352593) slti x11, x10, 0x333                    inst_584+32
x11 <- 0x0000000000000000

clint mtime 0x0000000000000869 (mip.MTI <- 0b1, mip.STI <- 0b0)
mem[X,0x000000008000433C] -> 0x3823
mem[X,0x000000008000433E] -> 0x18B1
[4306] [M]: 0x000000008000433C (0x18B13823) sd x11, 0x190(x2)                       inst_584+36
mem[W,0x0000000080008358] <- 0x0000000000000000

mem[X,0x0000000080004340] -> 0x0537
mem[X,0x0000000080004342] -> 0x0000
[4307] [M]: 0x0000000080004340 (0x00000537) lui x10, 0x0                            inst_585+0
x10 <- 0x0000000000000000

clint mtime 0x000000000000086A (mip.MTI <- 0b1, mip.STI <- 0b0)
mem[X,0x0000000080004344] -> 0x0513
mem[X,0x0000000080004346] -> 0x0005
[4308] [M]: 0x0000000080004344 (0x00050513) addi x10, x10, 0x0                      inst_585+4
x10 <- 0x0000000000000000

mem[X,0x0000000080004348] -> 0x1513
mem[X,0x000000008000434A] -> 0x00B5
[4309] [M]: 0x0000000080004348 (0x00B51513) slli x10, x10, 0xb                      inst_585+8
x10 <- 0x0000000000000000

clint mtime 0x000000000000086B (mip.MTI <- 0b1, mip.STI <- 0b0)
mem[X,0x000000008000434C] -> 0x0513
mem[X,0x000000008000434E] -> 0x5A85
[4310] [M]: 0x000000008000434C (0x5A850513) addi x10, x10, 0x5a8                    inst_585+12
x10 <- 0x00000000000005A8

mem[X,0x0000000080004350] -> 0x1513
mem[X,0x0000000080004352] -> 0x00B5
[4311] [M]: 0x0000000080004350 (0x00B51513) slli x10, x10, 0xb                      inst_585+16
x10 <- 0x00000000002D4000

clint mtime 0x000000000000086C (mip.MTI <- 0b1, mip.STI <- 0b0)
mem[X,0x0000000080004354] -> 0x0513
mem[X,0x0000000080004356] -> 0x13C5
[4312] [M]: 0x0000000080004354 (0x13C50513) addi x10, x10, 0x13c                    inst_585+20
x10 <- 0x00000000002D413C

mem[X,0x0000000080004358] -> 0x1513
mem[X,0x000000008000435A] -> 0x00A5
[4313] [M]: 0x0000000080004358 (0x00A51513) slli x10, x10, 0xa                      inst_585+24
x10 <- 0x00000000B504F000

clint mtime 0x000000000000086D (mip.MTI <- 0b1, mip.STI <- 0b0)
mem[X,0x000000008000435C] -> 0x0513
mem[X,0x000000008000435E] -> 0x3325
[4314] [M]: 0x000000008000435C (0x33250513) addi x10, x10, 0x332                    inst_585+28
x10 <- 0x00000000B504F332

mem[X,0x0000000080004360] -> 0x2593
mem[X,0x0000000080004362] -> 0x6665
[4315] [M]: 0x0000000080004360 (0x66652593) slti x11, x10, 0x666                    inst_585+32
x11 <- 0x0000000000000000

clint mtime 0x000000000000086E (mip.MTI <- 0b1, mip.STI <- 0b0)
mem[X,0x0000000080004364] -> 0x3C23
mem[X,0x0000000080004366] -> 0x18B1
[4316] [M]: 0x0000000080004364 (0x18B13C23) sd x11, 0x198(x2)                       inst_585+36
mem[W,0x0000000080008360] <- 0x0000000000000000

mem[X,0x0000000080004368] -> 0x0537
mem[X,0x000000008000436A] -> 0x0000
[4317] [M]: 0x0000000080004368 (0x00000537) lui x10, 0x0                            inst_586+0
x10 <- 0x0000000000000000

clint mtime 0x000000000000086F (mip.MTI <- 0b1, mip.STI <- 0b0)
mem[X,0x000000008000436C] -> 0x0513
mem[X,0x000000008000436E] -> 0x0005
[4318] [M]: 0x000000008000436C (0x00050513) addi x10, x10, 0x0                      inst_586+4
x10 <- 0x0000000000000000

mem[X,0x0000000080004370] -> 0x1513
mem[X,0x0000000080004372] -> 0x00B5
[4319] [M]: 0x0000000080004370 (0x00B51513) slli x10, x10, 0xb                      inst_586+8
x10 <- 0x0000000000000000

clint mtime 0x0000000000000870 (mip.MTI <- 0b1, mip.STI <- 0b0)
mem[X,0x0000000080004374] -> 0x0513
mem[X,0x0000000080004376] -> 0x5A85
[4320] [M]: 0x0000000080004374 (0x5A850513) addi x10, x10, 0x5a8                    inst_586+12
x10 <- 0x00000000000005A8

mem[X,0x0000000080004378] -> 0x1513
mem[X,0x000000008000437A] -> 0x00B5
[4321] [M]: 0x0000000080004378 (0x00B51513) slli x10, x10, 0xb                      inst_586+16
x10 <- 0x00000000002D4000

clint mtime 0x0000000000000871 (mip.MTI <- 0b1, mip.STI <- 0b0)
mem[X,0x000000008000437C] -> 0x0513
mem[X,0x000000008000437E] -> 0x13C5
[4322] [M]: 0x000000008000437C (0x13C50513) addi x10, x10, 0x13c                    inst_586+20
x10 <- 0x00000000002D413C

mem[X,0x0000000080004380] -> 0x1513
mem[X,0x0000000080004382] -> 0x00A5
[4323] [M]: 0x0000000080004380 (0x00A51513) slli x10, x10, 0xa                      inst_586+24
x10 <- 0x00000000B504F000

clint mtime 0x0000000000000872 (mip.MTI <- 0b1, mip.STI <- 0b0)
mem[X,0x0000000080004384] -> 0x0513
mem[X,0x0000000080004386] -> 0x3325
[4324] [M]: 0x0000000080004384 (0x33250513) addi x10, x10, 0x332                    inst_586+28
x10 <- 0x00000000B504F332

mem[X,0x0000000080004388] -> 0x2593
mem[X,0x000000008000438A] -> 0xFD35
[4325] [M]: 0x0000000080004388 (0xFD352593) slti x11, x10, -0x2d                    inst_586+32
x11 <- 0x0000000000000000

clint mtime 0x0000000000000873 (mip.MTI <- 0b1, mip.STI <- 0b0)
mem[X,0x000000008000438C] -> 0x3023
mem[X,0x000000008000438E] -> 0x1AB1
[4326] [M]: 0x000000008000438C (0x1AB13023) sd x11, 0x1a0(x2)                       inst_586+36
mem[W,0x0000000080008368] <- 0x0000000000000000

mem[X,0x0000000080004390] -> 0x0537
mem[X,0x0000000080004392] -> 0x0000
[4327] [M]: 0x0000000080004390 (0x00000537) lui x10, 0x0                            inst_587+0
x10 <- 0x0000000000000000

clint mtime 0x0000000000000874 (mip.MTI <- 0b1, mip.STI <- 0b0)
mem[X,0x0000000080004394] -> 0x0513
mem[X,0x0000000080004396] -> 0x0005
[4328] [M]: 0x0000000080004394 (0x00050513) addi x10, x10, 0x0                      inst_587+4
x10 <- 0x0000000000000000

mem[X,0x0000000080004398] -> 0x1513
mem[X,0x000000008000439A] -> 0x00B5
[4329] [M]: 0x0000000080004398 (0x00B51513) slli x10, x10, 0xb                      inst_587+8
x10 <- 0x0000000000000000

clint mtime 0x0000000000000875 (mip.MTI <- 0b1, mip.STI <- 0b0)
mem[X,0x000000008000439C] -> 0x0513
mem[X,0x000000008000439E] -> 0x5A85
[4330] [M]: 0x000000008000439C (0x5A850513) addi x10, x10, 0x5a8                    inst_587+12
x10 <- 0x00000000000005A8

mem[X,0x00000000800043A0] -> 0x1513
mem[X,0x00000000800043A2] -> 0x00B5
[4331] [M]: 0x00000000800043A0 (0x00B51513) slli x10, x10, 0xb                      inst_587+16
x10 <- 0x00000000002D4000

clint mtime 0x0000000000000876 (mip.MTI <- 0b1, mip.STI <- 0b0)
mem[X,0x00000000800043A4] -> 0x0513
mem[X,0x00000000800043A6] -> 0x13C5
[4332] [M]: 0x00000000800043A4 (0x13C50513) addi x10, x10, 0x13c                    inst_587+20
x10 <- 0x00000000002D413C

mem[X,0x00000000800043A8] -> 0x1513
mem[X,0x00000000800043AA] -> 0x00A5
[4333] [M]: 0x00000000800043A8 (0x00A51513) slli x10, x10, 0xa                      inst_587+24
x10 <- 0x00000000B504F000

clint mtime 0x0000000000000877 (mip.MTI <- 0b1, mip.STI <- 0b0)
mem[X,0x00000000800043AC] -> 0x0513
mem[X,0x00000000800043AE] -> 0x3325
[4334] [M]: 0x00000000800043AC (0x33250513) addi x10, x10, 0x332                    inst_587+28
x10 <- 0x00000000B504F332

mem[X,0x00000000800043B0] -> 0x2593
mem[X,0x00000000800043B2] -> 0x02D5
[4335] [M]: 0x00000000800043B0 (0x02D52593) slti x11, x10, 0x2d                     inst_587+32
x11 <- 0x0000000000000000

clint mtime 0x0000000000000878 (mip.MTI <- 0b1, mip.STI <- 0b0)
mem[X,0x00000000800043B4] -> 0x3423
mem[X,0x00000000800043B6] -> 0x1AB1
[4336] [M]: 0x00000000800043B4 (0x1AB13423) sd x11, 0x1a8(x2)                       inst_587+36
mem[W,0x0000000080008370] <- 0x0000000000000000

mem[X,0x00000000800043B8] -> 0x0537
mem[X,0x00000000800043BA] -> 0x0000
[4337] [M]: 0x00000000800043B8 (0x00000537) lui x10, 0x0                            inst_588+0
x10 <- 0x0000000000000000

clint mtime 0x0000000000000879 (mip.MTI <- 0b1, mip.STI <- 0b0)
mem[X,0x00000000800043BC] -> 0x0513
mem[X,0x00000000800043BE] -> 0x0005
[4338] [M]: 0x00000000800043BC (0x00050513) addi x10, x10, 0x0                      inst_588+4
x10 <- 0x0000000000000000

mem[X,0x00000000800043C0] -> 0x1513
mem[X,0x00000000800043C2] -> 0x00B5
[4339] [M]: 0x00000000800043C0 (0x00B51513) slli x10, x10, 0xb                      inst_588+8
x10 <- 0x0000000000000000

clint mtime 0x000000000000087A (mip.MTI <- 0b1, mip.STI <- 0b0)
mem[X,0x00000000800043C4] -> 0x0513
mem[X,0x00000000800043C6] -> 0x5A85
[4340] [M]: 0x00000000800043C4 (0x5A850513) addi x10, x10, 0x5a8                    inst_588+12
x10 <- 0x00000000000005A8

mem[X,0x00000000800043C8] -> 0x1513
mem[X,0x00000000800043CA] -> 0x00B5
[4341] [M]: 0x00000000800043C8 (0x00B51513) slli x10, x10, 0xb                      inst_588+16
x10 <- 0x00000000002D4000

clint mtime 0x000000000000087B (mip.MTI <- 0b1, mip.STI <- 0b0)
mem[X,0x00000000800043CC] -> 0x0513
mem[X,0x00000000800043CE] -> 0x13C5
[4342] [M]: 0x00000000800043CC (0x13C50513) addi x10, x10, 0x13c                    inst_588+20
x10 <- 0x00000000002D413C

mem[X,0x00000000800043D0] -> 0x1513
mem[X,0x00000000800043D2] -> 0x00A5
[4343] [M]: 0x00000000800043D0 (0x00A51513) slli x10, x10, 0xa                      inst_588+24
x10 <- 0x00000000B504F000

clint mtime 0x000000000000087C (mip.MTI <- 0b1, mip.STI <- 0b0)
mem[X,0x00000000800043D4] -> 0x0513
mem[X,0x00000000800043D6] -> 0x3325
[4344] [M]: 0x00000000800043D4 (0x33250513) addi x10, x10, 0x332                    inst_588+28
x10 <- 0x00000000B504F332

mem[X,0x00000000800043D8] -> 0x2593
mem[X,0x00000000800043DA] -> 0x0025
[4345] [M]: 0x00000000800043D8 (0x00252593) slti x11, x10, 0x2                      inst_588+32
x11 <- 0x0000000000000000

clint mtime 0x000000000000087D (mip.MTI <- 0b1, mip.STI <- 0b0)
mem[X,0x00000000800043DC] -> 0x3823
mem[X,0x00000000800043DE] -> 0x1AB1
[4346] [M]: 0x00000000800043DC (0x1AB13823) sd x11, 0x1b0(x2)                       inst_588+36
mem[W,0x0000000080008378] <- 0x0000000000000000

mem[X,0x00000000800043E0] -> 0x0537
mem[X,0x00000000800043E2] -> 0x0000
[4347] [M]: 0x00000000800043E0 (0x00000537) lui x10, 0x0                            inst_589+0
x10 <- 0x0000000000000000

clint mtime 0x000000000000087E (mip.MTI <- 0b1, mip.STI <- 0b0)
mem[X,0x00000000800043E4] -> 0x0513
mem[X,0x00000000800043E6] -> 0x0005
[4348] [M]: 0x00000000800043E4 (0x00050513) addi x10, x10, 0x0                      inst_589+4
x10 <- 0x0000000000000000

mem[X,0x00000000800043E8] -> 0x1513
mem[X,0x00000000800043EA] -> 0x00B5
[4349] [M]: 0x00000000800043E8 (0x00B51513) slli x10, x10, 0xb                      inst_589+8
x10 <- 0x0000000000000000

clint mtime 0x000000000000087F (mip.MTI <- 0b1, mip.STI <- 0b0)
mem[X,0x00000000800043EC] -> 0x0513
mem[X,0x00000000800043EE] -> 0x5A85
[4350] [M]: 0x00000000800043EC (0x5A850513) addi x10, x10, 0x5a8                    inst_589+12
x10 <- 0x00000000000005A8

mem[X,0x00000000800043F0] -> 0x1513
mem[X,0x00000000800043F2] -> 0x00B5
[4351] [M]: 0x00000000800043F0 (0x00B51513) slli x10, x10, 0xb                      inst_589+16
x10 <- 0x00000000002D4000

clint mtime 0x0000000000000880 (mip.MTI <- 0b1, mip.STI <- 0b0)
mem[X,0x00000000800043F4] -> 0x0513
mem[X,0x00000000800043F6] -> 0x13C5
[4352] [M]: 0x00000000800043F4 (0x13C50513) addi x10, x10, 0x13c                    inst_589+20
x10 <- 0x00000000002D413C

mem[X,0x00000000800043F8] -> 0x1513
mem[X,0x00000000800043FA] -> 0x00A5
[4353] [M]: 0x00000000800043F8 (0x00A51513) slli x10, x10, 0xa                      inst_589+24
x10 <- 0x00000000B504F000

clint mtime 0x0000000000000881 (mip.MTI <- 0b1, mip.STI <- 0b0)
mem[X,0x00000000800043FC] -> 0x0513
mem[X,0x00000000800043FE] -> 0x3325
[4354] [M]: 0x00000000800043FC (0x33250513) addi x10, x10, 0x332                    inst_589+28
x10 <- 0x00000000B504F332

mem[X,0x0000000080004400] -> 0x2593
mem[X,0x0000000080004402] -> 0x5545
[4355] [M]: 0x0000000080004400 (0x55452593) slti x11, x10, 0x554                    inst_589+32
x11 <- 0x0000000000000000

clint mtime 0x0000000000000882 (mip.MTI <- 0b1, mip.STI <- 0b0)
mem[X,0x0000000080004404] -> 0x3C23
mem[X,0x0000000080004406] -> 0x1AB1
[4356] [M]: 0x0000000080004404 (0x1AB13C23) sd x11, 0x1b8(x2)                       inst_589+36
mem[W,0x0000000080008380] <- 0x0000000000000000

mem[X,0x0000000080004408] -> 0x0537
mem[X,0x000000008000440A] -> 0x0000
[4357] [M]: 0x0000000080004408 (0x00000537) lui x10, 0x0                            inst_590+0
x10 <- 0x0000000000000000

clint mtime 0x0000000000000883 (mip.MTI <- 0b1, mip.STI <- 0b0)
mem[X,0x000000008000440C] -> 0x0513
mem[X,0x000000008000440E] -> 0x0005
[4358] [M]: 0x000000008000440C (0x00050513) addi x10, x10, 0x0                      inst_590+4
x10 <- 0x0000000000000000

mem[X,0x0000000080004410] -> 0x1513
mem[X,0x0000000080004412] -> 0x00B5
[4359] [M]: 0x0000000080004410 (0x00B51513) slli x10, x10, 0xb                      inst_590+8
x10 <- 0x0000000000000000

clint mtime 0x0000000000000884 (mip.MTI <- 0b1, mip.STI <- 0b0)
mem[X,0x0000000080004414] -> 0x0513
mem[X,0x0000000080004416] -> 0x5A85
[4360] [M]: 0x0000000080004414 (0x5A850513) addi x10, x10, 0x5a8                    inst_590+12
x10 <- 0x00000000000005A8

mem[X,0x0000000080004418] -> 0x1513
mem[X,0x000000008000441A] -> 0x00B5
[4361] [M]: 0x0000000080004418 (0x00B51513) slli x10, x10, 0xb                      inst_590+16
x10 <- 0x00000000002D4000

clint mtime 0x0000000000000885 (mip.MTI <- 0b1, mip.STI <- 0b0)
mem[X,0x000000008000441C] -> 0x0513
mem[X,0x000000008000441E] -> 0x13C5
[4362] [M]: 0x000000008000441C (0x13C50513) addi x10, x10, 0x13c                    inst_590+20
x10 <- 0x00000000002D413C

mem[X,0x0000000080004420] -> 0x1513
mem[X,0x0000000080004422] -> 0x00A5
[4363] [M]: 0x0000000080004420 (0x00A51513) slli x10, x10, 0xa                      inst_590+24
x10 <- 0x00000000B504F000

clint mtime 0x0000000000000886 (mip.MTI <- 0b1, mip.STI <- 0b0)
mem[X,0x0000000080004424] -> 0x0513
mem[X,0x0000000080004426] -> 0x3325
[4364] [M]: 0x0000000080004424 (0x33250513) addi x10, x10, 0x332                    inst_590+28
x10 <- 0x00000000B504F332

mem[X,0x0000000080004428] -> 0x2593
mem[X,0x000000008000442A] -> 0x0005
[4365] [M]: 0x0000000080004428 (0x00052593) slti x11, x10, 0x0                      inst_590+32
x11 <- 0x0000000000000000

clint mtime 0x0000000000000887 (mip.MTI <- 0b1, mip.STI <- 0b0)
mem[X,0x000000008000442C] -> 0x3023
mem[X,0x000000008000442E] -> 0x1CB1
[4366] [M]: 0x000000008000442C (0x1CB13023) sd x11, 0x1c0(x2)                       inst_590+36
mem[W,0x0000000080008388] <- 0x0000000000000000

mem[X,0x0000000080004430] -> 0x0537
mem[X,0x0000000080004432] -> 0x0000
[4367] [M]: 0x0000000080004430 (0x00000537) lui x10, 0x0                            inst_591+0
x10 <- 0x0000000000000000

clint mtime 0x0000000000000888 (mip.MTI <- 0b1, mip.STI <- 0b0)
mem[X,0x0000000080004434] -> 0x0513
mem[X,0x0000000080004436] -> 0x0005
[4368] [M]: 0x0000000080004434 (0x00050513) addi x10, x10, 0x0                      inst_591+4
x10 <- 0x0000000000000000

mem[X,0x0000000080004438] -> 0x1513
mem[X,0x000000008000443A] -> 0x00B5
[4369] [M]: 0x0000000080004438 (0x00B51513) slli x10, x10, 0xb                      inst_591+8
x10 <- 0x0000000000000000

clint mtime 0x0000000000000889 (mip.MTI <- 0b1, mip.STI <- 0b0)
mem[X,0x000000008000443C] -> 0x0513
mem[X,0x000000008000443E] -> 0x5A85
[4370] [M]: 0x000000008000443C (0x5A850513) addi x10, x10, 0x5a8                    inst_591+12
x10 <- 0x00000000000005A8

mem[X,0x0000000080004440] -> 0x1513
mem[X,0x0000000080004442] -> 0x00B5
[4371] [M]: 0x0000000080004440 (0x00B51513) slli x10, x10, 0xb                      inst_591+16
x10 <- 0x00000000002D4000

clint mtime 0x000000000000088A (mip.MTI <- 0b1, mip.STI <- 0b0)
mem[X,0x0000000080004444] -> 0x0513
mem[X,0x0000000080004446] -> 0x13C5
[4372] [M]: 0x0000000080004444 (0x13C50513) addi x10, x10, 0x13c                    inst_591+20
x10 <- 0x00000000002D413C

mem[X,0x0000000080004448] -> 0x1513
mem[X,0x000000008000444A] -> 0x00A5
[4373] [M]: 0x0000000080004448 (0x00A51513) slli x10, x10, 0xa                      inst_591+24
x10 <- 0x00000000B504F000

clint mtime 0x000000000000088B (mip.MTI <- 0b1, mip.STI <- 0b0)
mem[X,0x000000008000444C] -> 0x0513
mem[X,0x000000008000444E] -> 0x3325
[4374] [M]: 0x000000008000444C (0x33250513) addi x10, x10, 0x332                    inst_591+28
x10 <- 0x00000000B504F332

mem[X,0x0000000080004450] -> 0x2593
mem[X,0x0000000080004452] -> 0x0045
[4375] [M]: 0x0000000080004450 (0x00452593) slti x11, x10, 0x4                      inst_591+32
x11 <- 0x0000000000000000

clint mtime 0x000000000000088C (mip.MTI <- 0b1, mip.STI <- 0b0)
mem[X,0x0000000080004454] -> 0x3423
mem[X,0x0000000080004456] -> 0x1CB1
[4376] [M]: 0x0000000080004454 (0x1CB13423) sd x11, 0x1c8(x2)                       inst_591+36
mem[W,0x0000000080008390] <- 0x0000000000000000

mem[X,0x0000000080004458] -> 0x0537
mem[X,0x000000008000445A] -> 0x0000
[4377] [M]: 0x0000000080004458 (0x00000537) lui x10, 0x0                            inst_592+0
x10 <- 0x0000000000000000

clint mtime 0x000000000000088D (mip.MTI <- 0b1, mip.STI <- 0b0)
mem[X,0x000000008000445C] -> 0x0513
mem[X,0x000000008000445E] -> 0x0005
[4378] [M]: 0x000000008000445C (0x00050513) addi x10, x10, 0x0                      inst_592+4
x10 <- 0x0000000000000000

mem[X,0x0000000080004460] -> 0x1513
mem[X,0x0000000080004462] -> 0x00B5
[4379] [M]: 0x0000000080004460 (0x00B51513) slli x10, x10, 0xb                      inst_592+8
x10 <- 0x0000000000000000

clint mtime 0x000000000000088E (mip.MTI <- 0b1, mip.STI <- 0b0)
mem[X,0x0000000080004464] -> 0x0513
mem[X,0x0000000080004466] -> 0x5A85
[4380] [M]: 0x0000000080004464 (0x5A850513) addi x10, x10, 0x5a8                    inst_592+12
x10 <- 0x00000000000005A8

mem[X,0x0000000080004468] -> 0x1513
mem[X,0x000000008000446A] -> 0x00B5
[4381] [M]: 0x0000000080004468 (0x00B51513) slli x10, x10, 0xb                      inst_592+16
x10 <- 0x00000000002D4000

clint mtime 0x000000000000088F (mip.MTI <- 0b1, mip.STI <- 0b0)
mem[X,0x000000008000446C] -> 0x0513
mem[X,0x000000008000446E] -> 0x13C5
[4382] [M]: 0x000000008000446C (0x13C50513) addi x10, x10, 0x13c                    inst_592+20
x10 <- 0x00000000002D413C

mem[X,0x0000000080004470] -> 0x1513
mem[X,0x0000000080004472] -> 0x00A5
[4383] [M]: 0x0000000080004470 (0x00A51513) slli x10, x10, 0xa                      inst_592+24
x10 <- 0x00000000B504F000

clint mtime 0x0000000000000890 (mip.MTI <- 0b1, mip.STI <- 0b0)
mem[X,0x0000000080004474] -> 0x0513
mem[X,0x0000000080004476] -> 0x3325
[4384] [M]: 0x0000000080004474 (0x33250513) addi x10, x10, 0x332                    inst_592+28
x10 <- 0x00000000B504F332

mem[X,0x0000000080004478] -> 0x2593
mem[X,0x000000008000447A] -> 0x3325
[4385] [M]: 0x0000000080004478 (0x33252593) slti x11, x10, 0x332                    inst_592+32
x11 <- 0x0000000000000000

clint mtime 0x0000000000000891 (mip.MTI <- 0b1, mip.STI <- 0b0)
mem[X,0x000000008000447C] -> 0x3823
mem[X,0x000000008000447E] -> 0x1CB1
[4386] [M]: 0x000000008000447C (0x1CB13823) sd x11, 0x1d0(x2)                       inst_592+36
mem[W,0x0000000080008398] <- 0x0000000000000000

mem[X,0x0000000080004480] -> 0x0537
mem[X,0x0000000080004482] -> 0x0000
[4387] [M]: 0x0000000080004480 (0x00000537) lui x10, 0x0                            inst_593+0
x10 <- 0x0000000000000000

clint mtime 0x0000000000000892 (mip.MTI <- 0b1, mip.STI <- 0b0)
mem[X,0x0000000080004484] -> 0x0513
mem[X,0x0000000080004486] -> 0x0005
[4388] [M]: 0x0000000080004484 (0x00050513) addi x10, x10, 0x0                      inst_593+4
x10 <- 0x0000000000000000

mem[X,0x0000000080004488] -> 0x1513
mem[X,0x000000008000448A] -> 0x00B5
[4389] [M]: 0x0000000080004488 (0x00B51513) slli x10, x10, 0xb                      inst_593+8
x10 <- 0x0000000000000000

clint mtime 0x0000000000000893 (mip.MTI <- 0b1, mip.STI <- 0b0)
mem[X,0x000000008000448C] -> 0x0513
mem[X,0x000000008000448E] -> 0x5A85
[4390] [M]: 0x000000008000448C (0x5A850513) addi x10, x10, 0x5a8                    inst_593+12
x10 <- 0x00000000000005A8

mem[X,0x0000000080004490] -> 0x1513
mem[X,0x0000000080004492] -> 0x00B5
[4391] [M]: 0x0000000080004490 (0x00B51513) slli x10, x10, 0xb                      inst_593+16
x10 <- 0x00000000002D4000

clint mtime 0x0000000000000894 (mip.MTI <- 0b1, mip.STI <- 0b0)
mem[X,0x0000000080004494] -> 0x0513
mem[X,0x0000000080004496] -> 0x13C5
[4392] [M]: 0x0000000080004494 (0x13C50513) addi x10, x10, 0x13c                    inst_593+20
x10 <- 0x00000000002D413C

mem[X,0x0000000080004498] -> 0x1513
mem[X,0x000000008000449A] -> 0x00A5
[4393] [M]: 0x0000000080004498 (0x00A51513) slli x10, x10, 0xa                      inst_593+24
x10 <- 0x00000000B504F000

clint mtime 0x0000000000000895 (mip.MTI <- 0b1, mip.STI <- 0b0)
mem[X,0x000000008000449C] -> 0x0513
mem[X,0x000000008000449E] -> 0x3325
[4394] [M]: 0x000000008000449C (0x33250513) addi x10, x10, 0x332                    inst_593+28
x10 <- 0x00000000B504F332

mem[X,0x00000000800044A0] -> 0x2593
mem[X,0x00000000800044A2] -> 0x6655
[4395] [M]: 0x00000000800044A0 (0x66552593) slti x11, x10, 0x665                    inst_593+32
x11 <- 0x0000000000000000

clint mtime 0x0000000000000896 (mip.MTI <- 0b1, mip.STI <- 0b0)
mem[X,0x00000000800044A4] -> 0x3C23
mem[X,0x00000000800044A6] -> 0x1CB1
[4396] [M]: 0x00000000800044A4 (0x1CB13C23) sd x11, 0x1d8(x2)                       inst_593+36
mem[W,0x00000000800083A0] <- 0x0000000000000000

mem[X,0x00000000800044A8] -> 0x0537
mem[X,0x00000000800044AA] -> 0x0000
[4397] [M]: 0x00000000800044A8 (0x00000537) lui x10, 0x0                            inst_594+0
x10 <- 0x0000000000000000

clint mtime 0x0000000000000897 (mip.MTI <- 0b1, mip.STI <- 0b0)
mem[X,0x00000000800044AC] -> 0x0513
mem[X,0x00000000800044AE] -> 0x0005
[4398] [M]: 0x00000000800044AC (0x00050513) addi x10, x10, 0x0                      inst_594+4
x10 <- 0x0000000000000000

mem[X,0x00000000800044B0] -> 0x1513
mem[X,0x00000000800044B2] -> 0x00B5
[4399] [M]: 0x00000000800044B0 (0x00B51513) slli x10, x10, 0xb                      inst_594+8
x10 <- 0x0000000000000000

clint mtime 0x0000000000000898 (mip.MTI <- 0b1, mip.STI <- 0b0)
mem[X,0x00000000800044B4] -> 0x0513
mem[X,0x00000000800044B6] -> 0x5A85
[4400] [M]: 0x00000000800044B4 (0x5A850513) addi x10, x10, 0x5a8                    inst_594+12
x10 <- 0x00000000000005A8

mem[X,0x00000000800044B8] -> 0x1513
mem[X,0x00000000800044BA] -> 0x00B5
[4401] [M]: 0x00000000800044B8 (0x00B51513) slli x10, x10, 0xb                      inst_594+16
x10 <- 0x00000000002D4000

clint mtime 0x0000000000000899 (mip.MTI <- 0b1, mip.STI <- 0b0)
mem[X,0x00000000800044BC] -> 0x0513
mem[X,0x00000000800044BE] -> 0x13C5
[4402] [M]: 0x00000000800044BC (0x13C50513) addi x10, x10, 0x13c                    inst_594+20
x10 <- 0x00000000002D413C

mem[X,0x00000000800044C0] -> 0x1513
mem[X,0x00000000800044C2] -> 0x00A5
[4403] [M]: 0x00000000800044C0 (0x00A51513) slli x10, x10, 0xa                      inst_594+24
x10 <- 0x00000000B504F000

clint mtime 0x000000000000089A (mip.MTI <- 0b1, mip.STI <- 0b0)
mem[X,0x00000000800044C4] -> 0x0513
mem[X,0x00000000800044C6] -> 0x3325
[4404] [M]: 0x00000000800044C4 (0x33250513) addi x10, x10, 0x332                    inst_594+28
x10 <- 0x00000000B504F332

mem[X,0x00000000800044C8] -> 0x2593
mem[X,0x00000000800044CA] -> 0x02C5
[4405] [M]: 0x00000000800044C8 (0x02C52593) slti x11, x10, 0x2c                     inst_594+32
x11 <- 0x0000000000000000

clint mtime 0x000000000000089B (mip.MTI <- 0b1, mip.STI <- 0b0)
mem[X,0x00000000800044CC] -> 0x3023
mem[X,0x00000000800044CE] -> 0x1EB1
[4406] [M]: 0x00000000800044CC (0x1EB13023) sd x11, 0x1e0(x2)                       inst_594+36
mem[W,0x00000000800083A8] <- 0x0000000000000000

mem[X,0x00000000800044D0] -> 0x0537
mem[X,0x00000000800044D2] -> 0x0000
[4407] [M]: 0x00000000800044D0 (0x00000537) lui x10, 0x0                            inst_595+0
x10 <- 0x0000000000000000

clint mtime 0x000000000000089C (mip.MTI <- 0b1, mip.STI <- 0b0)
mem[X,0x00000000800044D4] -> 0x0513
mem[X,0x00000000800044D6] -> 0x0005
[4408] [M]: 0x00000000800044D4 (0x00050513) addi x10, x10, 0x0                      inst_595+4
x10 <- 0x0000000000000000

mem[X,0x00000000800044D8] -> 0x1513
mem[X,0x00000000800044DA] -> 0x00B5
[4409] [M]: 0x00000000800044D8 (0x00B51513) slli x10, x10, 0xb                      inst_595+8
x10 <- 0x0000000000000000

clint mtime 0x000000000000089D (mip.MTI <- 0b1, mip.STI <- 0b0)
mem[X,0x00000000800044DC] -> 0x0513
mem[X,0x00000000800044DE] -> 0x5A85
[4410] [M]: 0x00000000800044DC (0x5A850513) addi x10, x10, 0x5a8                    inst_595+12
x10 <- 0x00000000000005A8

mem[X,0x00000000800044E0] -> 0x1513
mem[X,0x00000000800044E2] -> 0x00B5
[4411] [M]: 0x00000000800044E0 (0x00B51513) slli x10, x10, 0xb                      inst_595+16
x10 <- 0x00000000002D4000

clint mtime 0x000000000000089E (mip.MTI <- 0b1, mip.STI <- 0b0)
mem[X,0x00000000800044E4] -> 0x0513
mem[X,0x00000000800044E6] -> 0x13C5
[4412] [M]: 0x00000000800044E4 (0x13C50513) addi x10, x10, 0x13c                    inst_595+20
x10 <- 0x00000000002D413C

mem[X,0x00000000800044E8] -> 0x1513
mem[X,0x00000000800044EA] -> 0x00A5
[4413] [M]: 0x00000000800044E8 (0x00A51513) slli x10, x10, 0xa                      inst_595+24
x10 <- 0x00000000B504F000

clint mtime 0x000000000000089F (mip.MTI <- 0b1, mip.STI <- 0b0)
mem[X,0x00000000800044EC] -> 0x0513
mem[X,0x00000000800044EE] -> 0x3325
[4414] [M]: 0x00000000800044EC (0x33250513) addi x10, x10, 0x332                    inst_595+28
x10 <- 0x00000000B504F332

mem[X,0x00000000800044F0] -> 0x2593
mem[X,0x00000000800044F2] -> 0x5565
[4415] [M]: 0x00000000800044F0 (0x55652593) slti x11, x10, 0x556                    inst_595+32
x11 <- 0x0000000000000000

clint mtime 0x00000000000008A0 (mip.MTI <- 0b1, mip.STI <- 0b0)
mem[X,0x00000000800044F4] -> 0x3423
mem[X,0x00000000800044F6] -> 0x1EB1
[4416] [M]: 0x00000000800044F4 (0x1EB13423) sd x11, 0x1e8(x2)                       inst_595+36
mem[W,0x00000000800083B0] <- 0x0000000000000000

mem[X,0x00000000800044F8] -> 0x0537
mem[X,0x00000000800044FA] -> 0x0000
[4417] [M]: 0x00000000800044F8 (0x00000537) lui x10, 0x0                            inst_596+0
x10 <- 0x0000000000000000

clint mtime 0x00000000000008A1 (mip.MTI <- 0b1, mip.STI <- 0b0)
mem[X,0x00000000800044FC] -> 0x0513
mem[X,0x00000000800044FE] -> 0x0005
[4418] [M]: 0x00000000800044FC (0x00050513) addi x10, x10, 0x0                      inst_596+4
x10 <- 0x0000000000000000

mem[X,0x0000000080004500] -> 0x1513
mem[X,0x0000000080004502] -> 0x00B5
[4419] [M]: 0x0000000080004500 (0x00B51513) slli x10, x10, 0xb                      inst_596+8
x10 <- 0x0000000000000000

clint mtime 0x00000000000008A2 (mip.MTI <- 0b1, mip.STI <- 0b0)
mem[X,0x0000000080004504] -> 0x0513
mem[X,0x0000000080004506] -> 0x5A85
[4420] [M]: 0x0000000080004504 (0x5A850513) addi x10, x10, 0x5a8                    inst_596+12
x10 <- 0x00000000000005A8

mem[X,0x0000000080004508] -> 0x1513
mem[X,0x000000008000450A] -> 0x00B5
[4421] [M]: 0x0000000080004508 (0x00B51513) slli x10, x10, 0xb                      inst_596+16
x10 <- 0x00000000002D4000

clint mtime 0x00000000000008A3 (mip.MTI <- 0b1, mip.STI <- 0b0)
mem[X,0x000000008000450C] -> 0x0513
mem[X,0x000000008000450E] -> 0x13C5
[4422] [M]: 0x000000008000450C (0x13C50513) addi x10, x10, 0x13c                    inst_596+20
x10 <- 0x00000000002D413C

mem[X,0x0000000080004510] -> 0x1513
mem[X,0x0000000080004512] -> 0x00A5
[4423] [M]: 0x0000000080004510 (0x00A51513) slli x10, x10, 0xa                      inst_596+24
x10 <- 0x00000000B504F000

clint mtime 0x00000000000008A4 (mip.MTI <- 0b1, mip.STI <- 0b0)
mem[X,0x0000000080004514] -> 0x0513
mem[X,0x0000000080004516] -> 0x3325
[4424] [M]: 0x0000000080004514 (0x33250513) addi x10, x10, 0x332                    inst_596+28
x10 <- 0x00000000B504F332

mem[X,0x0000000080004518] -> 0x2593
mem[X,0x000000008000451A] -> 0xAAB5
[4425] [M]: 0x0000000080004518 (0xAAB52593) slti x11, x10, -0x555                   inst_596+32
x11 <- 0x0000000000000000

clint mtime 0x00000000000008A5 (mip.MTI <- 0b1, mip.STI <- 0b0)
mem[X,0x000000008000451C] -> 0x3823
mem[X,0x000000008000451E] -> 0x1EB1
[4426] [M]: 0x000000008000451C (0x1EB13823) sd x11, 0x1f0(x2)                       inst_596+36
mem[W,0x00000000800083B8] <- 0x0000000000000000

mem[X,0x0000000080004520] -> 0x0537
mem[X,0x0000000080004522] -> 0x0000
[4427] [M]: 0x0000000080004520 (0x00000537) lui x10, 0x0                            inst_597+0
x10 <- 0x0000000000000000

clint mtime 0x00000000000008A6 (mip.MTI <- 0b1, mip.STI <- 0b0)
mem[X,0x0000000080004524] -> 0x0513
mem[X,0x0000000080004526] -> 0x0005
[4428] [M]: 0x0000000080004524 (0x00050513) addi x10, x10, 0x0                      inst_597+4
x10 <- 0x0000000000000000

mem[X,0x0000000080004528] -> 0x1513
mem[X,0x000000008000452A] -> 0x00B5
[4429] [M]: 0x0000000080004528 (0x00B51513) slli x10, x10, 0xb                      inst_597+8
x10 <- 0x0000000000000000

clint mtime 0x00000000000008A7 (mip.MTI <- 0b1, mip.STI <- 0b0)
mem[X,0x000000008000452C] -> 0x0513
mem[X,0x000000008000452E] -> 0x5A85
[4430] [M]: 0x000000008000452C (0x5A850513) addi x10, x10, 0x5a8                    inst_597+12
x10 <- 0x00000000000005A8

mem[X,0x0000000080004530] -> 0x1513
mem[X,0x0000000080004532] -> 0x00B5
[4431] [M]: 0x0000000080004530 (0x00B51513) slli x10, x10, 0xb                      inst_597+16
x10 <- 0x00000000002D4000

clint mtime 0x00000000000008A8 (mip.MTI <- 0b1, mip.STI <- 0b0)
mem[X,0x0000000080004534] -> 0x0513
mem[X,0x0000000080004536] -> 0x13C5
[4432] [M]: 0x0000000080004534 (0x13C50513) addi x10, x10, 0x13c                    inst_597+20
x10 <- 0x00000000002D413C

mem[X,0x0000000080004538] -> 0x1513
mem[X,0x000000008000453A] -> 0x00A5
[4433] [M]: 0x0000000080004538 (0x00A51513) slli x10, x10, 0xa                      inst_597+24
x10 <- 0x00000000B504F000

clint mtime 0x00000000000008A9 (mip.MTI <- 0b1, mip.STI <- 0b0)
mem[X,0x000000008000453C] -> 0x0513
mem[X,0x000000008000453E] -> 0x3325
[4434] [M]: 0x000000008000453C (0x33250513) addi x10, x10, 0x332                    inst_597+28
x10 <- 0x00000000B504F332

mem[X,0x0000000080004540] -> 0x2593
mem[X,0x0000000080004542] -> 0x0065
[4435] [M]: 0x0000000080004540 (0x00652593) slti x11, x10, 0x6                      inst_597+32
x11 <- 0x0000000000000000

clint mtime 0x00000000000008AA (mip.MTI <- 0b1, mip.STI <- 0b0)
mem[X,0x0000000080004544] -> 0x3C23
mem[X,0x0000000080004546] -> 0x1EB1
[4436] [M]: 0x0000000080004544 (0x1EB13C23) sd x11, 0x1f8(x2)                       inst_597+36
mem[W,0x00000000800083C0] <- 0x0000000000000000

mem[X,0x0000000080004548] -> 0x0537
mem[X,0x000000008000454A] -> 0x0000
[4437] [M]: 0x0000000080004548 (0x00000537) lui x10, 0x0                            inst_598+0
x10 <- 0x0000000000000000

clint mtime 0x00000000000008AB (mip.MTI <- 0b1, mip.STI <- 0b0)
mem[X,0x000000008000454C] -> 0x0513
mem[X,0x000000008000454E] -> 0x0005
[4438] [M]: 0x000000008000454C (0x00050513) addi x10, x10, 0x0                      inst_598+4
x10 <- 0x0000000000000000

mem[X,0x0000000080004550] -> 0x1513
mem[X,0x0000000080004552] -> 0x00B5
[4439] [M]: 0x0000000080004550 (0x00B51513) slli x10, x10, 0xb                      inst_598+8
x10 <- 0x0000000000000000

clint mtime 0x00000000000008AC (mip.MTI <- 0b1, mip.STI <- 0b0)
mem[X,0x0000000080004554] -> 0x0513
mem[X,0x0000000080004556] -> 0x5A85
[4440] [M]: 0x0000000080004554 (0x5A850513) addi x10, x10, 0x5a8                    inst_598+12
x10 <- 0x00000000000005A8

mem[X,0x0000000080004558] -> 0x1513
mem[X,0x000000008000455A] -> 0x00B5
[4441] [M]: 0x0000000080004558 (0x00B51513) slli x10, x10, 0xb                      inst_598+16
x10 <- 0x00000000002D4000

clint mtime 0x00000000000008AD (mip.MTI <- 0b1, mip.STI <- 0b0)
mem[X,0x000000008000455C] -> 0x0513
mem[X,0x000000008000455E] -> 0x13C5
[4442] [M]: 0x000000008000455C (0x13C50513) addi x10, x10, 0x13c                    inst_598+20
x10 <- 0x00000000002D413C

mem[X,0x0000000080004560] -> 0x1513
mem[X,0x0000000080004562] -> 0x00A5
[4443] [M]: 0x0000000080004560 (0x00A51513) slli x10, x10, 0xa                      inst_598+24
x10 <- 0x00000000B504F000

clint mtime 0x00000000000008AE (mip.MTI <- 0b1, mip.STI <- 0b0)
mem[X,0x0000000080004564] -> 0x0513
mem[X,0x0000000080004566] -> 0x3325
[4444] [M]: 0x0000000080004564 (0x33250513) addi x10, x10, 0x332                    inst_598+28
x10 <- 0x00000000B504F332

mem[X,0x0000000080004568] -> 0x2593
mem[X,0x000000008000456A] -> 0x3345
[4445] [M]: 0x0000000080004568 (0x33452593) slti x11, x10, 0x334                    inst_598+32
x11 <- 0x0000000000000000

clint mtime 0x00000000000008AF (mip.MTI <- 0b1, mip.STI <- 0b0)
mem[X,0x000000008000456C] -> 0x3023
mem[X,0x000000008000456E] -> 0x20B1
[4446] [M]: 0x000000008000456C (0x20B13023) sd x11, 0x200(x2)                       inst_598+36
mem[W,0x00000000800083C8] <- 0x0000000000000000

mem[X,0x0000000080004570] -> 0x0537
mem[X,0x0000000080004572] -> 0x0000
[4447] [M]: 0x0000000080004570 (0x00000537) lui x10, 0x0                            inst_599+0
x10 <- 0x0000000000000000

clint mtime 0x00000000000008B0 (mip.MTI <- 0b1, mip.STI <- 0b0)
mem[X,0x0000000080004574] -> 0x0513
mem[X,0x0000000080004576] -> 0x0005
[4448] [M]: 0x0000000080004574 (0x00050513) addi x10, x10, 0x0                      inst_599+4
x10 <- 0x0000000000000000

mem[X,0x0000000080004578] -> 0x1513
mem[X,0x000000008000457A] -> 0x00B5
[4449] [M]: 0x0000000080004578 (0x00B51513) slli x10, x10, 0xb                      inst_599+8
x10 <- 0x0000000000000000

clint mtime 0x00000000000008B1 (mip.MTI <- 0b1, mip.STI <- 0b0)
mem[X,0x000000008000457C] -> 0x0513
mem[X,0x000000008000457E] -> 0x5A85
[4450] [M]: 0x000000008000457C (0x5A850513) addi x10, x10, 0x5a8                    inst_599+12
x10 <- 0x00000000000005A8

mem[X,0x0000000080004580] -> 0x1513
mem[X,0x0000000080004582] -> 0x00B5
[4451] [M]: 0x0000000080004580 (0x00B51513) slli x10, x10, 0xb                      inst_599+16
x10 <- 0x00000000002D4000

clint mtime 0x00000000000008B2 (mip.MTI <- 0b1, mip.STI <- 0b0)
mem[X,0x0000000080004584] -> 0x0513
mem[X,0x0000000080004586] -> 0x13C5
[4452] [M]: 0x0000000080004584 (0x13C50513) addi x10, x10, 0x13c                    inst_599+20
x10 <- 0x00000000002D413C

mem[X,0x0000000080004588] -> 0x1513
mem[X,0x000000008000458A] -> 0x00A5
[4453] [M]: 0x0000000080004588 (0x00A51513) slli x10, x10, 0xa                      inst_599+24
x10 <- 0x00000000B504F000

clint mtime 0x00000000000008B3 (mip.MTI <- 0b1, mip.STI <- 0b0)
mem[X,0x000000008000458C] -> 0x0513
mem[X,0x000000008000458E] -> 0x3325
[4454] [M]: 0x000000008000458C (0x33250513) addi x10, x10, 0x332                    inst_599+28
x10 <- 0x00000000B504F332

mem[X,0x0000000080004590] -> 0x2593
mem[X,0x0000000080004592] -> 0x6675
[4455] [M]: 0x0000000080004590 (0x66752593) slti x11, x10, 0x667                    inst_599+32
x11 <- 0x0000000000000000

clint mtime 0x00000000000008B4 (mip.MTI <- 0b1, mip.STI <- 0b0)
mem[X,0x0000000080004594] -> 0x3423
mem[X,0x0000000080004596] -> 0x20B1
[4456] [M]: 0x0000000080004594 (0x20B13423) sd x11, 0x208(x2)                       inst_599+36
mem[W,0x00000000800083D0] <- 0x0000000000000000

mem[X,0x0000000080004598] -> 0x0537
mem[X,0x000000008000459A] -> 0x0000
[4457] [M]: 0x0000000080004598 (0x00000537) lui x10, 0x0                            inst_600+0
x10 <- 0x0000000000000000

clint mtime 0x00000000000008B5 (mip.MTI <- 0b1, mip.STI <- 0b0)
mem[X,0x000000008000459C] -> 0x0513
mem[X,0x000000008000459E] -> 0x0005
[4458] [M]: 0x000000008000459C (0x00050513) addi x10, x10, 0x0                      inst_600+4
x10 <- 0x0000000000000000

mem[X,0x00000000800045A0] -> 0x1513
mem[X,0x00000000800045A2] -> 0x00B5
[4459] [M]: 0x00000000800045A0 (0x00B51513) slli x10, x10, 0xb                      inst_600+8
x10 <- 0x0000000000000000

clint mtime 0x00000000000008B6 (mip.MTI <- 0b1, mip.STI <- 0b0)
mem[X,0x00000000800045A4] -> 0x0513
mem[X,0x00000000800045A6] -> 0x5A85
[4460] [M]: 0x00000000800045A4 (0x5A850513) addi x10, x10, 0x5a8                    inst_600+12
x10 <- 0x00000000000005A8

mem[X,0x00000000800045A8] -> 0x1513
mem[X,0x00000000800045AA] -> 0x00B5
[4461] [M]: 0x00000000800045A8 (0x00B51513) slli x10, x10, 0xb                      inst_600+16
x10 <- 0x00000000002D4000

clint mtime 0x00000000000008B7 (mip.MTI <- 0b1, mip.STI <- 0b0)
mem[X,0x00000000800045AC] -> 0x0513
mem[X,0x00000000800045AE] -> 0x13C5
[4462] [M]: 0x00000000800045AC (0x13C50513) addi x10, x10, 0x13c                    inst_600+20
x10 <- 0x00000000002D413C

mem[X,0x00000000800045B0] -> 0x1513
mem[X,0x00000000800045B2] -> 0x00A5
[4463] [M]: 0x00000000800045B0 (0x00A51513) slli x10, x10, 0xa                      inst_600+24
x10 <- 0x00000000B504F000

clint mtime 0x00000000000008B8 (mip.MTI <- 0b1, mip.STI <- 0b0)
mem[X,0x00000000800045B4] -> 0x0513
mem[X,0x00000000800045B6] -> 0x3325
[4464] [M]: 0x00000000800045B4 (0x33250513) addi x10, x10, 0x332                    inst_600+28
x10 <- 0x00000000B504F332

mem[X,0x00000000800045B8] -> 0x2593
mem[X,0x00000000800045BA] -> 0xFD45
[4465] [M]: 0x00000000800045B8 (0xFD452593) slti x11, x10, -0x2c                    inst_600+32
x11 <- 0x0000000000000000

clint mtime 0x00000000000008B9 (mip.MTI <- 0b1, mip.STI <- 0b0)
mem[X,0x00000000800045BC] -> 0x3823
mem[X,0x00000000800045BE] -> 0x20B1
[4466] [M]: 0x00000000800045BC (0x20B13823) sd x11, 0x210(x2)                       inst_600+36
mem[W,0x00000000800083D8] <- 0x0000000000000000

mem[X,0x00000000800045C0] -> 0x0537
mem[X,0x00000000800045C2] -> 0x0000
[4467] [M]: 0x00000000800045C0 (0x00000537) lui x10, 0x0                            inst_601+0
x10 <- 0x0000000000000000

clint mtime 0x00000000000008BA (mip.MTI <- 0b1, mip.STI <- 0b0)
mem[X,0x00000000800045C4] -> 0x0513
mem[X,0x00000000800045C6] -> 0x0005
[4468] [M]: 0x00000000800045C4 (0x00050513) addi x10, x10, 0x0                      inst_601+4
x10 <- 0x0000000000000000

mem[X,0x00000000800045C8] -> 0x1513
mem[X,0x00000000800045CA] -> 0x00B5
[4469] [M]: 0x00000000800045C8 (0x00B51513) slli x10, x10, 0xb                      inst_601+8
x10 <- 0x0000000000000000

clint mtime 0x00000000000008BB (mip.MTI <- 0b1, mip.STI <- 0b0)
mem[X,0x00000000800045CC] -> 0x0513
mem[X,0x00000000800045CE] -> 0x5A85
[4470] [M]: 0x00000000800045CC (0x5A850513) addi x10, x10, 0x5a8                    inst_601+12
x10 <- 0x00000000000005A8

mem[X,0x00000000800045D0] -> 0x1513
mem[X,0x00000000800045D2] -> 0x00B5
[4471] [M]: 0x00000000800045D0 (0x00B51513) slli x10, x10, 0xb                      inst_601+16
x10 <- 0x00000000002D4000

clint mtime 0x00000000000008BC (mip.MTI <- 0b1, mip.STI <- 0b0)
mem[X,0x00000000800045D4] -> 0x0513
mem[X,0x00000000800045D6] -> 0x13C5
[4472] [M]: 0x00000000800045D4 (0x13C50513) addi x10, x10, 0x13c                    inst_601+20
x10 <- 0x00000000002D413C

mem[X,0x00000000800045D8] -> 0x1513
mem[X,0x00000000800045DA] -> 0x00A5
[4473] [M]: 0x00000000800045D8 (0x00A51513) slli x10, x10, 0xa                      inst_601+24
x10 <- 0x00000000B504F000

clint mtime 0x00000000000008BD (mip.MTI <- 0b1, mip.STI <- 0b0)
mem[X,0x00000000800045DC] -> 0x0513
mem[X,0x00000000800045DE] -> 0x3325
[4474] [M]: 0x00000000800045DC (0x33250513) addi x10, x10, 0x332                    inst_601+28
x10 <- 0x00000000B504F332

mem[X,0x00000000800045E0] -> 0x2593
mem[X,0x00000000800045E2] -> 0x02E5
[4475] [M]: 0x00000000800045E0 (0x02E52593) slti x11, x10, 0x2e                     inst_601+32
x11 <- 0x0000000000000000

clint mtime 0x00000000000008BE (mip.MTI <- 0b1, mip.STI <- 0b0)
mem[X,0x00000000800045E4] -> 0x3C23
mem[X,0x00000000800045E6] -> 0x20B1
[4476] [M]: 0x00000000800045E4 (0x20B13C23) sd x11, 0x218(x2)                       inst_601+36
mem[W,0x00000000800083E0] <- 0x0000000000000000

mem[X,0x00000000800045E8] -> 0x5537
mem[X,0x00000000800045EA] -> 0x5555
[4477] [M]: 0x00000000800045E8 (0x55555537) lui x10, 0x55555                        inst_602+0
x10 <- 0x0000000055555000

clint mtime 0x00000000000008BF (mip.MTI <- 0b1, mip.STI <- 0b0)
mem[X,0x00000000800045EC] -> 0x0513
mem[X,0x00000000800045EE] -> 0x5555
[4478] [M]: 0x00000000800045EC (0x55550513) addi x10, x10, 0x555                    inst_602+4
x10 <- 0x0000000055555555

mem[X,0x00000000800045F0] -> 0x1513
mem[X,0x00000000800045F2] -> 0x00B5
[4479] [M]: 0x00000000800045F0 (0x00B51513) slli x10, x10, 0xb                      inst_602+8
x10 <- 0x000002AAAAAAA800

clint mtime 0x00000000000008C0 (mip.MTI <- 0b1, mip.STI <- 0b0)
mem[X,0x00000000800045F4] -> 0x0513
mem[X,0x00000000800045F6] -> 0x2AA5
[4480] [M]: 0x00000000800045F4 (0x2AA50513) addi x10, x10, 0x2aa                    inst_602+12
x10 <- 0x000002AAAAAAAAAA

mem[X,0x00000000800045F8] -> 0x1513
mem[X,0x00000000800045FA] -> 0x00B5
[4481] [M]: 0x00000000800045F8 (0x00B51513) slli x10, x10, 0xb                      inst_602+16
x10 <- 0x0015555555555000

clint mtime 0x00000000000008C1 (mip.MTI <- 0b1, mip.STI <- 0b0)
mem[X,0x00000000800045FC] -> 0x0513
mem[X,0x00000000800045FE] -> 0x5555
[4482] [M]: 0x00000000800045FC (0x55550513) addi x10, x10, 0x555                    inst_602+20
x10 <- 0x0015555555555555

mem[X,0x0000000080004600] -> 0x1513
mem[X,0x0000000080004602] -> 0x00A5
[4483] [M]: 0x0000000080004600 (0x00A51513) slli x10, x10, 0xa                      inst_602+24
x10 <- 0x5555555555555400

clint mtime 0x00000000000008C2 (mip.MTI <- 0b1, mip.STI <- 0b0)
mem[X,0x0000000080004604] -> 0x0513
mem[X,0x0000000080004606] -> 0x1565
[4484] [M]: 0x0000000080004604 (0x15650513) addi x10, x10, 0x156                    inst_602+28
x10 <- 0x5555555555555556

mem[X,0x0000000080004608] -> 0x2593
mem[X,0x000000008000460A] -> 0x0035
[4485] [M]: 0x0000000080004608 (0x00352593) slti x11, x10, 0x3                      inst_602+32
x11 <- 0x0000000000000000

clint mtime 0x00000000000008C3 (mip.MTI <- 0b1, mip.STI <- 0b0)
mem[X,0x000000008000460C] -> 0x3023
mem[X,0x000000008000460E] -> 0x22B1
[4486] [M]: 0x000000008000460C (0x22B13023) sd x11, 0x220(x2)                       inst_602+36
mem[W,0x00000000800083E8] <- 0x0000000000000000

mem[X,0x0000000080004610] -> 0x5537
mem[X,0x0000000080004612] -> 0x5555
[4487] [M]: 0x0000000080004610 (0x55555537) lui x10, 0x55555                        inst_603+0
x10 <- 0x0000000055555000

clint mtime 0x00000000000008C4 (mip.MTI <- 0b1, mip.STI <- 0b0)
mem[X,0x0000000080004614] -> 0x0513
mem[X,0x0000000080004616] -> 0x5555
[4488] [M]: 0x0000000080004614 (0x55550513) addi x10, x10, 0x555                    inst_603+4
x10 <- 0x0000000055555555

mem[X,0x0000000080004618] -> 0x1513
mem[X,0x000000008000461A] -> 0x00B5
[4489] [M]: 0x0000000080004618 (0x00B51513) slli x10, x10, 0xb                      inst_603+8
x10 <- 0x000002AAAAAAA800

clint mtime 0x00000000000008C5 (mip.MTI <- 0b1, mip.STI <- 0b0)
mem[X,0x000000008000461C] -> 0x0513
mem[X,0x000000008000461E] -> 0x2AA5
[4490] [M]: 0x000000008000461C (0x2AA50513) addi x10, x10, 0x2aa                    inst_603+12
x10 <- 0x000002AAAAAAAAAA

mem[X,0x0000000080004620] -> 0x1513
mem[X,0x0000000080004622] -> 0x00B5
[4491] [M]: 0x0000000080004620 (0x00B51513) slli x10, x10, 0xb                      inst_603+16
x10 <- 0x0015555555555000

clint mtime 0x00000000000008C6 (mip.MTI <- 0b1, mip.STI <- 0b0)
mem[X,0x0000000080004624] -> 0x0513
mem[X,0x0000000080004626] -> 0x5555
[4492] [M]: 0x0000000080004624 (0x55550513) addi x10, x10, 0x555                    inst_603+20
x10 <- 0x0015555555555555

mem[X,0x0000000080004628] -> 0x1513
mem[X,0x000000008000462A] -> 0x00A5
[4493] [M]: 0x0000000080004628 (0x00A51513) slli x10, x10, 0xa                      inst_603+24
x10 <- 0x5555555555555400

clint mtime 0x00000000000008C7 (mip.MTI <- 0b1, mip.STI <- 0b0)
mem[X,0x000000008000462C] -> 0x0513
mem[X,0x000000008000462E] -> 0x1565
[4494] [M]: 0x000000008000462C (0x15650513) addi x10, x10, 0x156                    inst_603+28
x10 <- 0x5555555555555556

mem[X,0x0000000080004630] -> 0x2593
mem[X,0x0000000080004632] -> 0x5555
[4495] [M]: 0x0000000080004630 (0x55552593) slti x11, x10, 0x555                    inst_603+32
x11 <- 0x0000000000000000

clint mtime 0x00000000000008C8 (mip.MTI <- 0b1, mip.STI <- 0b0)
mem[X,0x0000000080004634] -> 0x3423
mem[X,0x0000000080004636] -> 0x22B1
[4496] [M]: 0x0000000080004634 (0x22B13423) sd x11, 0x228(x2)                       inst_603+36
mem[W,0x00000000800083F0] <- 0x0000000000000000

mem[X,0x0000000080004638] -> 0x5537
mem[X,0x000000008000463A] -> 0x5555
[4497] [M]: 0x0000000080004638 (0x55555537) lui x10, 0x55555                        inst_604+0
x10 <- 0x0000000055555000

clint mtime 0x00000000000008C9 (mip.MTI <- 0b1, mip.STI <- 0b0)
mem[X,0x000000008000463C] -> 0x0513
mem[X,0x000000008000463E] -> 0x5555
[4498] [M]: 0x000000008000463C (0x55550513) addi x10, x10, 0x555                    inst_604+4
x10 <- 0x0000000055555555

mem[X,0x0000000080004640] -> 0x1513
mem[X,0x0000000080004642] -> 0x00B5
[4499] [M]: 0x0000000080004640 (0x00B51513) slli x10, x10, 0xb                      inst_604+8
x10 <- 0x000002AAAAAAA800

clint mtime 0x00000000000008CA (mip.MTI <- 0b1, mip.STI <- 0b0)
mem[X,0x0000000080004644] -> 0x0513
mem[X,0x0000000080004646] -> 0x2AA5
[4500] [M]: 0x0000000080004644 (0x2AA50513) addi x10, x10, 0x2aa                    inst_604+12
x10 <- 0x000002AAAAAAAAAA

mem[X,0x0000000080004648] -> 0x1513
mem[X,0x000000008000464A] -> 0x00B5
[4501] [M]: 0x0000000080004648 (0x00B51513) slli x10, x10, 0xb                      inst_604+16
x10 <- 0x0015555555555000

clint mtime 0x00000000000008CB (mip.MTI <- 0b1, mip.STI <- 0b0)
mem[X,0x000000008000464C] -> 0x0513
mem[X,0x000000008000464E] -> 0x5555
[4502] [M]: 0x000000008000464C (0x55550513) addi x10, x10, 0x555                    inst_604+20
x10 <- 0x0015555555555555

mem[X,0x0000000080004650] -> 0x1513
mem[X,0x0000000080004652] -> 0x00A5
[4503] [M]: 0x0000000080004650 (0x00A51513) slli x10, x10, 0xa                      inst_604+24
x10 <- 0x5555555555555400

clint mtime 0x00000000000008CC (mip.MTI <- 0b1, mip.STI <- 0b0)
mem[X,0x0000000080004654] -> 0x0513
mem[X,0x0000000080004656] -> 0x1565
[4504] [M]: 0x0000000080004654 (0x15650513) addi x10, x10, 0x156                    inst_604+28
x10 <- 0x5555555555555556

mem[X,0x0000000080004658] -> 0x2593
mem[X,0x000000008000465A] -> 0xAAA5
[4505] [M]: 0x0000000080004658 (0xAAA52593) slti x11, x10, -0x556                   inst_604+32
x11 <- 0x0000000000000000

clint mtime 0x00000000000008CD (mip.MTI <- 0b1, mip.STI <- 0b0)
mem[X,0x000000008000465C] -> 0x3823
mem[X,0x000000008000465E] -> 0x22B1
[4506] [M]: 0x000000008000465C (0x22B13823) sd x11, 0x230(x2)                       inst_604+36
mem[W,0x00000000800083F8] <- 0x0000000000000000

mem[X,0x0000000080004660] -> 0x5537
mem[X,0x0000000080004662] -> 0x5555
[4507] [M]: 0x0000000080004660 (0x55555537) lui x10, 0x55555                        inst_605+0
x10 <- 0x0000000055555000

clint mtime 0x00000000000008CE (mip.MTI <- 0b1, mip.STI <- 0b0)
mem[X,0x0000000080004664] -> 0x0513
mem[X,0x0000000080004666] -> 0x5555
[4508] [M]: 0x0000000080004664 (0x55550513) addi x10, x10, 0x555                    inst_605+4
x10 <- 0x0000000055555555

mem[X,0x0000000080004668] -> 0x1513
mem[X,0x000000008000466A] -> 0x00B5
[4509] [M]: 0x0000000080004668 (0x00B51513) slli x10, x10, 0xb                      inst_605+8
x10 <- 0x000002AAAAAAA800

clint mtime 0x00000000000008CF (mip.MTI <- 0b1, mip.STI <- 0b0)
mem[X,0x000000008000466C] -> 0x0513
mem[X,0x000000008000466E] -> 0x2AA5
[4510] [M]: 0x000000008000466C (0x2AA50513) addi x10, x10, 0x2aa                    inst_605+12
x10 <- 0x000002AAAAAAAAAA

mem[X,0x0000000080004670] -> 0x1513
mem[X,0x0000000080004672] -> 0x00B5
[4511] [M]: 0x0000000080004670 (0x00B51513) slli x10, x10, 0xb                      inst_605+16
x10 <- 0x0015555555555000

clint mtime 0x00000000000008D0 (mip.MTI <- 0b1, mip.STI <- 0b0)
mem[X,0x0000000080004674] -> 0x0513
mem[X,0x0000000080004676] -> 0x5555
[4512] [M]: 0x0000000080004674 (0x55550513) addi x10, x10, 0x555                    inst_605+20
x10 <- 0x0015555555555555

mem[X,0x0000000080004678] -> 0x1513
mem[X,0x000000008000467A] -> 0x00A5
[4513] [M]: 0x0000000080004678 (0x00A51513) slli x10, x10, 0xa                      inst_605+24
x10 <- 0x5555555555555400

clint mtime 0x00000000000008D1 (mip.MTI <- 0b1, mip.STI <- 0b0)
mem[X,0x000000008000467C] -> 0x0513
mem[X,0x000000008000467E] -> 0x1565
[4514] [M]: 0x000000008000467C (0x15650513) addi x10, x10, 0x156                    inst_605+28
x10 <- 0x5555555555555556

mem[X,0x0000000080004680] -> 0x2593
mem[X,0x0000000080004682] -> 0x0055
[4515] [M]: 0x0000000080004680 (0x00552593) slti x11, x10, 0x5                      inst_605+32
x11 <- 0x0000000000000000

clint mtime 0x00000000000008D2 (mip.MTI <- 0b1, mip.STI <- 0b0)
mem[X,0x0000000080004684] -> 0x3C23
mem[X,0x0000000080004686] -> 0x22B1
[4516] [M]: 0x0000000080004684 (0x22B13C23) sd x11, 0x238(x2)                       inst_605+36
mem[W,0x0000000080008400] <- 0x0000000000000000

mem[X,0x0000000080004688] -> 0x5537
mem[X,0x000000008000468A] -> 0x5555
[4517] [M]: 0x0000000080004688 (0x55555537) lui x10, 0x55555                        inst_606+0
x10 <- 0x0000000055555000

clint mtime 0x00000000000008D3 (mip.MTI <- 0b1, mip.STI <- 0b0)
mem[X,0x000000008000468C] -> 0x0513
mem[X,0x000000008000468E] -> 0x5555
[4518] [M]: 0x000000008000468C (0x55550513) addi x10, x10, 0x555                    inst_606+4
x10 <- 0x0000000055555555

mem[X,0x0000000080004690] -> 0x1513
mem[X,0x0000000080004692] -> 0x00B5
[4519] [M]: 0x0000000080004690 (0x00B51513) slli x10, x10, 0xb                      inst_606+8
x10 <- 0x000002AAAAAAA800

clint mtime 0x00000000000008D4 (mip.MTI <- 0b1, mip.STI <- 0b0)
mem[X,0x0000000080004694] -> 0x0513
mem[X,0x0000000080004696] -> 0x2AA5
[4520] [M]: 0x0000000080004694 (0x2AA50513) addi x10, x10, 0x2aa                    inst_606+12
x10 <- 0x000002AAAAAAAAAA

mem[X,0x0000000080004698] -> 0x1513
mem[X,0x000000008000469A] -> 0x00B5
[4521] [M]: 0x0000000080004698 (0x00B51513) slli x10, x10, 0xb                      inst_606+16
x10 <- 0x0015555555555000

clint mtime 0x00000000000008D5 (mip.MTI <- 0b1, mip.STI <- 0b0)
mem[X,0x000000008000469C] -> 0x0513
mem[X,0x000000008000469E] -> 0x5555
[4522] [M]: 0x000000008000469C (0x55550513) addi x10, x10, 0x555                    inst_606+20
x10 <- 0x0015555555555555

mem[X,0x00000000800046A0] -> 0x1513
mem[X,0x00000000800046A2] -> 0x00A5
[4523] [M]: 0x00000000800046A0 (0x00A51513) slli x10, x10, 0xa                      inst_606+24
x10 <- 0x5555555555555400

clint mtime 0x00000000000008D6 (mip.MTI <- 0b1, mip.STI <- 0b0)
mem[X,0x00000000800046A4] -> 0x0513
mem[X,0x00000000800046A6] -> 0x1565
[4524] [M]: 0x00000000800046A4 (0x15650513) addi x10, x10, 0x156                    inst_606+28
x10 <- 0x5555555555555556

mem[X,0x00000000800046A8] -> 0x2593
mem[X,0x00000000800046AA] -> 0x3335
[4525] [M]: 0x00000000800046A8 (0x33352593) slti x11, x10, 0x333                    inst_606+32
x11 <- 0x0000000000000000

clint mtime 0x00000000000008D7 (mip.MTI <- 0b1, mip.STI <- 0b0)
mem[X,0x00000000800046AC] -> 0x3023
mem[X,0x00000000800046AE] -> 0x24B1
[4526] [M]: 0x00000000800046AC (0x24B13023) sd x11, 0x240(x2)                       inst_606+36
mem[W,0x0000000080008408] <- 0x0000000000000000

mem[X,0x00000000800046B0] -> 0x5537
mem[X,0x00000000800046B2] -> 0x5555
[4527] [M]: 0x00000000800046B0 (0x55555537) lui x10, 0x55555                        inst_607+0
x10 <- 0x0000000055555000

clint mtime 0x00000000000008D8 (mip.MTI <- 0b1, mip.STI <- 0b0)
mem[X,0x00000000800046B4] -> 0x0513
mem[X,0x00000000800046B6] -> 0x5555
[4528] [M]: 0x00000000800046B4 (0x55550513) addi x10, x10, 0x555                    inst_607+4
x10 <- 0x0000000055555555

mem[X,0x00000000800046B8] -> 0x1513
mem[X,0x00000000800046BA] -> 0x00B5
[4529] [M]: 0x00000000800046B8 (0x00B51513) slli x10, x10, 0xb                      inst_607+8
x10 <- 0x000002AAAAAAA800

clint mtime 0x00000000000008D9 (mip.MTI <- 0b1, mip.STI <- 0b0)
mem[X,0x00000000800046BC] -> 0x0513
mem[X,0x00000000800046BE] -> 0x2AA5
[4530] [M]: 0x00000000800046BC (0x2AA50513) addi x10, x10, 0x2aa                    inst_607+12
x10 <- 0x000002AAAAAAAAAA

mem[X,0x00000000800046C0] -> 0x1513
mem[X,0x00000000800046C2] -> 0x00B5
[4531] [M]: 0x00000000800046C0 (0x00B51513) slli x10, x10, 0xb                      inst_607+16
x10 <- 0x0015555555555000

clint mtime 0x00000000000008DA (mip.MTI <- 0b1, mip.STI <- 0b0)
mem[X,0x00000000800046C4] -> 0x0513
mem[X,0x00000000800046C6] -> 0x5555
[4532] [M]: 0x00000000800046C4 (0x55550513) addi x10, x10, 0x555                    inst_607+20
x10 <- 0x0015555555555555

mem[X,0x00000000800046C8] -> 0x1513
mem[X,0x00000000800046CA] -> 0x00A5
[4533] [M]: 0x00000000800046C8 (0x00A51513) slli x10, x10, 0xa                      inst_607+24
x10 <- 0x5555555555555400

clint mtime 0x00000000000008DB (mip.MTI <- 0b1, mip.STI <- 0b0)
mem[X,0x00000000800046CC] -> 0x0513
mem[X,0x00000000800046CE] -> 0x1565
[4534] [M]: 0x00000000800046CC (0x15650513) addi x10, x10, 0x156                    inst_607+28
x10 <- 0x5555555555555556

mem[X,0x00000000800046D0] -> 0x2593
mem[X,0x00000000800046D2] -> 0x6665
[4535] [M]: 0x00000000800046D0 (0x66652593) slti x11, x10, 0x666                    inst_607+32
x11 <- 0x0000000000000000

clint mtime 0x00000000000008DC (mip.MTI <- 0b1, mip.STI <- 0b0)
mem[X,0x00000000800046D4] -> 0x3423
mem[X,0x00000000800046D6] -> 0x24B1
[4536] [M]: 0x00000000800046D4 (0x24B13423) sd x11, 0x248(x2)                       inst_607+36
mem[W,0x0000000080008410] <- 0x0000000000000000

mem[X,0x00000000800046D8] -> 0x5537
mem[X,0x00000000800046DA] -> 0x5555
[4537] [M]: 0x00000000800046D8 (0x55555537) lui x10, 0x55555                        inst_608+0
x10 <- 0x0000000055555000

clint mtime 0x00000000000008DD (mip.MTI <- 0b1, mip.STI <- 0b0)
mem[X,0x00000000800046DC] -> 0x0513
mem[X,0x00000000800046DE] -> 0x5555
[4538] [M]: 0x00000000800046DC (0x55550513) addi x10, x10, 0x555                    inst_608+4
x10 <- 0x0000000055555555

mem[X,0x00000000800046E0] -> 0x1513
mem[X,0x00000000800046E2] -> 0x00B5
[4539] [M]: 0x00000000800046E0 (0x00B51513) slli x10, x10, 0xb                      inst_608+8
x10 <- 0x000002AAAAAAA800

clint mtime 0x00000000000008DE (mip.MTI <- 0b1, mip.STI <- 0b0)
mem[X,0x00000000800046E4] -> 0x0513
mem[X,0x00000000800046E6] -> 0x2AA5
[4540] [M]: 0x00000000800046E4 (0x2AA50513) addi x10, x10, 0x2aa                    inst_608+12
x10 <- 0x000002AAAAAAAAAA

mem[X,0x00000000800046E8] -> 0x1513
mem[X,0x00000000800046EA] -> 0x00B5
[4541] [M]: 0x00000000800046E8 (0x00B51513) slli x10, x10, 0xb                      inst_608+16
x10 <- 0x0015555555555000

clint mtime 0x00000000000008DF (mip.MTI <- 0b1, mip.STI <- 0b0)
mem[X,0x00000000800046EC] -> 0x0513
mem[X,0x00000000800046EE] -> 0x5555
[4542] [M]: 0x00000000800046EC (0x55550513) addi x10, x10, 0x555                    inst_608+20
x10 <- 0x0015555555555555

mem[X,0x00000000800046F0] -> 0x1513
mem[X,0x00000000800046F2] -> 0x00A5
[4543] [M]: 0x00000000800046F0 (0x00A51513) slli x10, x10, 0xa                      inst_608+24
x10 <- 0x5555555555555400

clint mtime 0x00000000000008E0 (mip.MTI <- 0b1, mip.STI <- 0b0)
mem[X,0x00000000800046F4] -> 0x0513
mem[X,0x00000000800046F6] -> 0x1565
[4544] [M]: 0x00000000800046F4 (0x15650513) addi x10, x10, 0x156                    inst_608+28
x10 <- 0x5555555555555556

mem[X,0x00000000800046F8] -> 0x2593
mem[X,0x00000000800046FA] -> 0xFD35
[4545] [M]: 0x00000000800046F8 (0xFD352593) slti x11, x10, -0x2d                    inst_608+32
x11 <- 0x0000000000000000

clint mtime 0x00000000000008E1 (mip.MTI <- 0b1, mip.STI <- 0b0)
mem[X,0x00000000800046FC] -> 0x3823
mem[X,0x00000000800046FE] -> 0x24B1
[4546] [M]: 0x00000000800046FC (0x24B13823) sd x11, 0x250(x2)                       inst_608+36
mem[W,0x0000000080008418] <- 0x0000000000000000

mem[X,0x0000000080004700] -> 0x5537
mem[X,0x0000000080004702] -> 0x5555
[4547] [M]: 0x0000000080004700 (0x55555537) lui x10, 0x55555                        inst_609+0
x10 <- 0x0000000055555000

clint mtime 0x00000000000008E2 (mip.MTI <- 0b1, mip.STI <- 0b0)
mem[X,0x0000000080004704] -> 0x0513
mem[X,0x0000000080004706] -> 0x5555
[4548] [M]: 0x0000000080004704 (0x55550513) addi x10, x10, 0x555                    inst_609+4
x10 <- 0x0000000055555555

mem[X,0x0000000080004708] -> 0x1513
mem[X,0x000000008000470A] -> 0x00B5
[4549] [M]: 0x0000000080004708 (0x00B51513) slli x10, x10, 0xb                      inst_609+8
x10 <- 0x000002AAAAAAA800

clint mtime 0x00000000000008E3 (mip.MTI <- 0b1, mip.STI <- 0b0)
mem[X,0x000000008000470C] -> 0x0513
mem[X,0x000000008000470E] -> 0x2AA5
[4550] [M]: 0x000000008000470C (0x2AA50513) addi x10, x10, 0x2aa                    inst_609+12
x10 <- 0x000002AAAAAAAAAA

mem[X,0x0000000080004710] -> 0x1513
mem[X,0x0000000080004712] -> 0x00B5
[4551] [M]: 0x0000000080004710 (0x00B51513) slli x10, x10, 0xb                      inst_609+16
x10 <- 0x0015555555555000

clint mtime 0x00000000000008E4 (mip.MTI <- 0b1, mip.STI <- 0b0)
mem[X,0x0000000080004714] -> 0x0513
mem[X,0x0000000080004716] -> 0x5555
[4552] [M]: 0x0000000080004714 (0x55550513) addi x10, x10, 0x555                    inst_609+20
x10 <- 0x0015555555555555

mem[X,0x0000000080004718] -> 0x1513
mem[X,0x000000008000471A] -> 0x00A5
[4553] [M]: 0x0000000080004718 (0x00A51513) slli x10, x10, 0xa                      inst_609+24
x10 <- 0x5555555555555400

clint mtime 0x00000000000008E5 (mip.MTI <- 0b1, mip.STI <- 0b0)
mem[X,0x000000008000471C] -> 0x0513
mem[X,0x000000008000471E] -> 0x1565
[4554] [M]: 0x000000008000471C (0x15650513) addi x10, x10, 0x156                    inst_609+28
x10 <- 0x5555555555555556

mem[X,0x0000000080004720] -> 0x2593
mem[X,0x0000000080004722] -> 0x02D5
[4555] [M]: 0x0000000080004720 (0x02D52593) slti x11, x10, 0x2d                     inst_609+32
x11 <- 0x0000000000000000

clint mtime 0x00000000000008E6 (mip.MTI <- 0b1, mip.STI <- 0b0)
mem[X,0x0000000080004724] -> 0x3C23
mem[X,0x0000000080004726] -> 0x24B1
[4556] [M]: 0x0000000080004724 (0x24B13C23) sd x11, 0x258(x2)                       inst_609+36
mem[W,0x0000000080008420] <- 0x0000000000000000

mem[X,0x0000000080004728] -> 0x5537
mem[X,0x000000008000472A] -> 0x5555
[4557] [M]: 0x0000000080004728 (0x55555537) lui x10, 0x55555                        inst_610+0
x10 <- 0x0000000055555000

clint mtime 0x00000000000008E7 (mip.MTI <- 0b1, mip.STI <- 0b0)
mem[X,0x000000008000472C] -> 0x0513
mem[X,0x000000008000472E] -> 0x5555
[4558] [M]: 0x000000008000472C (0x55550513) addi x10, x10, 0x555                    inst_610+4
x10 <- 0x0000000055555555

mem[X,0x0000000080004730] -> 0x1513
mem[X,0x0000000080004732] -> 0x00B5
[4559] [M]: 0x0000000080004730 (0x00B51513) slli x10, x10, 0xb                      inst_610+8
x10 <- 0x000002AAAAAAA800

clint mtime 0x00000000000008E8 (mip.MTI <- 0b1, mip.STI <- 0b0)
mem[X,0x0000000080004734] -> 0x0513
mem[X,0x0000000080004736] -> 0x2AA5
[4560] [M]: 0x0000000080004734 (0x2AA50513) addi x10, x10, 0x2aa                    inst_610+12
x10 <- 0x000002AAAAAAAAAA

mem[X,0x0000000080004738] -> 0x1513
mem[X,0x000000008000473A] -> 0x00B5
[4561] [M]: 0x0000000080004738 (0x00B51513) slli x10, x10, 0xb                      inst_610+16
x10 <- 0x0015555555555000

clint mtime 0x00000000000008E9 (mip.MTI <- 0b1, mip.STI <- 0b0)
mem[X,0x000000008000473C] -> 0x0513
mem[X,0x000000008000473E] -> 0x5555
[4562] [M]: 0x000000008000473C (0x55550513) addi x10, x10, 0x555                    inst_610+20
x10 <- 0x0015555555555555

mem[X,0x0000000080004740] -> 0x1513
mem[X,0x0000000080004742] -> 0x00A5
[4563] [M]: 0x0000000080004740 (0x00A51513) slli x10, x10, 0xa                      inst_610+24
x10 <- 0x5555555555555400

clint mtime 0x00000000000008EA (mip.MTI <- 0b1, mip.STI <- 0b0)
mem[X,0x0000000080004744] -> 0x0513
mem[X,0x0000000080004746] -> 0x1565
[4564] [M]: 0x0000000080004744 (0x15650513) addi x10, x10, 0x156                    inst_610+28
x10 <- 0x5555555555555556

mem[X,0x0000000080004748] -> 0x2593
mem[X,0x000000008000474A] -> 0x0025
[4565] [M]: 0x0000000080004748 (0x00252593) slti x11, x10, 0x2                      inst_610+32
x11 <- 0x0000000000000000

clint mtime 0x00000000000008EB (mip.MTI <- 0b1, mip.STI <- 0b0)
mem[X,0x000000008000474C] -> 0x3023
mem[X,0x000000008000474E] -> 0x26B1
[4566] [M]: 0x000000008000474C (0x26B13023) sd x11, 0x260(x2)                       inst_610+36
mem[W,0x0000000080008428] <- 0x0000000000000000

mem[X,0x0000000080004750] -> 0x5537
mem[X,0x0000000080004752] -> 0x5555
[4567] [M]: 0x0000000080004750 (0x55555537) lui x10, 0x55555                        inst_611+0
x10 <- 0x0000000055555000

clint mtime 0x00000000000008EC (mip.MTI <- 0b1, mip.STI <- 0b0)
mem[X,0x0000000080004754] -> 0x0513
mem[X,0x0000000080004756] -> 0x5555
[4568] [M]: 0x0000000080004754 (0x55550513) addi x10, x10, 0x555                    inst_611+4
x10 <- 0x0000000055555555

mem[X,0x0000000080004758] -> 0x1513
mem[X,0x000000008000475A] -> 0x00B5
[4569] [M]: 0x0000000080004758 (0x00B51513) slli x10, x10, 0xb                      inst_611+8
x10 <- 0x000002AAAAAAA800

clint mtime 0x00000000000008ED (mip.MTI <- 0b1, mip.STI <- 0b0)
mem[X,0x000000008000475C] -> 0x0513
mem[X,0x000000008000475E] -> 0x2AA5
[4570] [M]: 0x000000008000475C (0x2AA50513) addi x10, x10, 0x2aa                    inst_611+12
x10 <- 0x000002AAAAAAAAAA

mem[X,0x0000000080004760] -> 0x1513
mem[X,0x0000000080004762] -> 0x00B5
[4571] [M]: 0x0000000080004760 (0x00B51513) slli x10, x10, 0xb                      inst_611+16
x10 <- 0x0015555555555000

clint mtime 0x00000000000008EE (mip.MTI <- 0b1, mip.STI <- 0b0)
mem[X,0x0000000080004764] -> 0x0513
mem[X,0x0000000080004766] -> 0x5555
[4572] [M]: 0x0000000080004764 (0x55550513) addi x10, x10, 0x555                    inst_611+20
x10 <- 0x0015555555555555

mem[X,0x0000000080004768] -> 0x1513
mem[X,0x000000008000476A] -> 0x00A5
[4573] [M]: 0x0000000080004768 (0x00A51513) slli x10, x10, 0xa                      inst_611+24
x10 <- 0x5555555555555400

clint mtime 0x00000000000008EF (mip.MTI <- 0b1, mip.STI <- 0b0)
mem[X,0x000000008000476C] -> 0x0513
mem[X,0x000000008000476E] -> 0x1565
[4574] [M]: 0x000000008000476C (0x15650513) addi x10, x10, 0x156                    inst_611+28
x10 <- 0x5555555555555556

mem[X,0x0000000080004770] -> 0x2593
mem[X,0x0000000080004772] -> 0x5545
[4575] [M]: 0x0000000080004770 (0x55452593) slti x11, x10, 0x554                    inst_611+32
x11 <- 0x0000000000000000

clint mtime 0x00000000000008F0 (mip.MTI <- 0b1, mip.STI <- 0b0)
mem[X,0x0000000080004774] -> 0x3423
mem[X,0x0000000080004776] -> 0x26B1
[4576] [M]: 0x0000000080004774 (0x26B13423) sd x11, 0x268(x2)                       inst_611+36
mem[W,0x0000000080008430] <- 0x0000000000000000

mem[X,0x0000000080004778] -> 0x5537
mem[X,0x000000008000477A] -> 0x5555
[4577] [M]: 0x0000000080004778 (0x55555537) lui x10, 0x55555                        inst_612+0
x10 <- 0x0000000055555000

clint mtime 0x00000000000008F1 (mip.MTI <- 0b1, mip.STI <- 0b0)
mem[X,0x000000008000477C] -> 0x0513
mem[X,0x000000008000477E] -> 0x5555
[4578] [M]: 0x000000008000477C (0x55550513) addi x10, x10, 0x555                    inst_612+4
x10 <- 0x0000000055555555

mem[X,0x0000000080004780] -> 0x1513
mem[X,0x0000000080004782] -> 0x00B5
[4579] [M]: 0x0000000080004780 (0x00B51513) slli x10, x10, 0xb                      inst_612+8
x10 <- 0x000002AAAAAAA800

clint mtime 0x00000000000008F2 (mip.MTI <- 0b1, mip.STI <- 0b0)
mem[X,0x0000000080004784] -> 0x0513
mem[X,0x0000000080004786] -> 0x2AA5
[4580] [M]: 0x0000000080004784 (0x2AA50513) addi x10, x10, 0x2aa                    inst_612+12
x10 <- 0x000002AAAAAAAAAA

mem[X,0x0000000080004788] -> 0x1513
mem[X,0x000000008000478A] -> 0x00B5
[4581] [M]: 0x0000000080004788 (0x00B51513) slli x10, x10, 0xb                      inst_612+16
x10 <- 0x0015555555555000

clint mtime 0x00000000000008F3 (mip.MTI <- 0b1, mip.STI <- 0b0)
mem[X,0x000000008000478C] -> 0x0513
mem[X,0x000000008000478E] -> 0x5555
[4582] [M]: 0x000000008000478C (0x55550513) addi x10, x10, 0x555                    inst_612+20
x10 <- 0x0015555555555555

mem[X,0x0000000080004790] -> 0x1513
mem[X,0x0000000080004792] -> 0x00A5
[4583] [M]: 0x0000000080004790 (0x00A51513) slli x10, x10, 0xa                      inst_612+24
x10 <- 0x5555555555555400

clint mtime 0x00000000000008F4 (mip.MTI <- 0b1, mip.STI <- 0b0)
mem[X,0x0000000080004794] -> 0x0513
mem[X,0x0000000080004796] -> 0x1565
[4584] [M]: 0x0000000080004794 (0x15650513) addi x10, x10, 0x156                    inst_612+28
x10 <- 0x5555555555555556

mem[X,0x0000000080004798] -> 0x2593
mem[X,0x000000008000479A] -> 0x0005
[4585] [M]: 0x0000000080004798 (0x00052593) slti x11, x10, 0x0                      inst_612+32
x11 <- 0x0000000000000000

clint mtime 0x00000000000008F5 (mip.MTI <- 0b1, mip.STI <- 0b0)
mem[X,0x000000008000479C] -> 0x3823
mem[X,0x000000008000479E] -> 0x26B1
[4586] [M]: 0x000000008000479C (0x26B13823) sd x11, 0x270(x2)                       inst_612+36
mem[W,0x0000000080008438] <- 0x0000000000000000

mem[X,0x00000000800047A0] -> 0x5537
mem[X,0x00000000800047A2] -> 0x5555
[4587] [M]: 0x00000000800047A0 (0x55555537) lui x10, 0x55555                        inst_613+0
x10 <- 0x0000000055555000

clint mtime 0x00000000000008F6 (mip.MTI <- 0b1, mip.STI <- 0b0)
mem[X,0x00000000800047A4] -> 0x0513
mem[X,0x00000000800047A6] -> 0x5555
[4588] [M]: 0x00000000800047A4 (0x55550513) addi x10, x10, 0x555                    inst_613+4
x10 <- 0x0000000055555555

mem[X,0x00000000800047A8] -> 0x1513
mem[X,0x00000000800047AA] -> 0x00B5
[4589] [M]: 0x00000000800047A8 (0x00B51513) slli x10, x10, 0xb                      inst_613+8
x10 <- 0x000002AAAAAAA800

clint mtime 0x00000000000008F7 (mip.MTI <- 0b1, mip.STI <- 0b0)
mem[X,0x00000000800047AC] -> 0x0513
mem[X,0x00000000800047AE] -> 0x2AA5
[4590] [M]: 0x00000000800047AC (0x2AA50513) addi x10, x10, 0x2aa                    inst_613+12
x10 <- 0x000002AAAAAAAAAA

mem[X,0x00000000800047B0] -> 0x1513
mem[X,0x00000000800047B2] -> 0x00B5
[4591] [M]: 0x00000000800047B0 (0x00B51513) slli x10, x10, 0xb                      inst_613+16
x10 <- 0x0015555555555000

clint mtime 0x00000000000008F8 (mip.MTI <- 0b1, mip.STI <- 0b0)
mem[X,0x00000000800047B4] -> 0x0513
mem[X,0x00000000800047B6] -> 0x5555
[4592] [M]: 0x00000000800047B4 (0x55550513) addi x10, x10, 0x555                    inst_613+20
x10 <- 0x0015555555555555

mem[X,0x00000000800047B8] -> 0x1513
mem[X,0x00000000800047BA] -> 0x00A5
[4593] [M]: 0x00000000800047B8 (0x00A51513) slli x10, x10, 0xa                      inst_613+24
x10 <- 0x5555555555555400

clint mtime 0x00000000000008F9 (mip.MTI <- 0b1, mip.STI <- 0b0)
mem[X,0x00000000800047BC] -> 0x0513
mem[X,0x00000000800047BE] -> 0x1565
[4594] [M]: 0x00000000800047BC (0x15650513) addi x10, x10, 0x156                    inst_613+28
x10 <- 0x5555555555555556

mem[X,0x00000000800047C0] -> 0x2593
mem[X,0x00000000800047C2] -> 0x0045
[4595] [M]: 0x00000000800047C0 (0x00452593) slti x11, x10, 0x4                      inst_613+32
x11 <- 0x0000000000000000

clint mtime 0x00000000000008FA (mip.MTI <- 0b1, mip.STI <- 0b0)
mem[X,0x00000000800047C4] -> 0x3C23
mem[X,0x00000000800047C6] -> 0x26B1
[4596] [M]: 0x00000000800047C4 (0x26B13C23) sd x11, 0x278(x2)                       inst_613+36
mem[W,0x0000000080008440] <- 0x0000000000000000

mem[X,0x00000000800047C8] -> 0x5537
mem[X,0x00000000800047CA] -> 0x5555
[4597] [M]: 0x00000000800047C8 (0x55555537) lui x10, 0x55555                        inst_614+0
x10 <- 0x0000000055555000

clint mtime 0x00000000000008FB (mip.MTI <- 0b1, mip.STI <- 0b0)
mem[X,0x00000000800047CC] -> 0x0513
mem[X,0x00000000800047CE] -> 0x5555
[4598] [M]: 0x00000000800047CC (0x55550513) addi x10, x10, 0x555                    inst_614+4
x10 <- 0x0000000055555555

mem[X,0x00000000800047D0] -> 0x1513
mem[X,0x00000000800047D2] -> 0x00B5
[4599] [M]: 0x00000000800047D0 (0x00B51513) slli x10, x10, 0xb                      inst_614+8
x10 <- 0x000002AAAAAAA800

clint mtime 0x00000000000008FC (mip.MTI <- 0b1, mip.STI <- 0b0)
mem[X,0x00000000800047D4] -> 0x0513
mem[X,0x00000000800047D6] -> 0x2AA5
[4600] [M]: 0x00000000800047D4 (0x2AA50513) addi x10, x10, 0x2aa                    inst_614+12
x10 <- 0x000002AAAAAAAAAA

mem[X,0x00000000800047D8] -> 0x1513
mem[X,0x00000000800047DA] -> 0x00B5
[4601] [M]: 0x00000000800047D8 (0x00B51513) slli x10, x10, 0xb                      inst_614+16
x10 <- 0x0015555555555000

clint mtime 0x00000000000008FD (mip.MTI <- 0b1, mip.STI <- 0b0)
mem[X,0x00000000800047DC] -> 0x0513
mem[X,0x00000000800047DE] -> 0x5555
[4602] [M]: 0x00000000800047DC (0x55550513) addi x10, x10, 0x555                    inst_614+20
x10 <- 0x0015555555555555

mem[X,0x00000000800047E0] -> 0x1513
mem[X,0x00000000800047E2] -> 0x00A5
[4603] [M]: 0x00000000800047E0 (0x00A51513) slli x10, x10, 0xa                      inst_614+24
x10 <- 0x5555555555555400

clint mtime 0x00000000000008FE (mip.MTI <- 0b1, mip.STI <- 0b0)
mem[X,0x00000000800047E4] -> 0x0513
mem[X,0x00000000800047E6] -> 0x1565
[4604] [M]: 0x00000000800047E4 (0x15650513) addi x10, x10, 0x156                    inst_614+28
x10 <- 0x5555555555555556

mem[X,0x00000000800047E8] -> 0x2593
mem[X,0x00000000800047EA] -> 0x3325
[4605] [M]: 0x00000000800047E8 (0x33252593) slti x11, x10, 0x332                    inst_614+32
x11 <- 0x0000000000000000

clint mtime 0x00000000000008FF (mip.MTI <- 0b1, mip.STI <- 0b0)
mem[X,0x00000000800047EC] -> 0x3023
mem[X,0x00000000800047EE] -> 0x28B1
[4606] [M]: 0x00000000800047EC (0x28B13023) sd x11, 0x280(x2)                       inst_614+36
mem[W,0x0000000080008448] <- 0x0000000000000000

mem[X,0x00000000800047F0] -> 0x5537
mem[X,0x00000000800047F2] -> 0x5555
[4607] [M]: 0x00000000800047F0 (0x55555537) lui x10, 0x55555                        inst_615+0
x10 <- 0x0000000055555000

clint mtime 0x0000000000000900 (mip.MTI <- 0b1, mip.STI <- 0b0)
mem[X,0x00000000800047F4] -> 0x0513
mem[X,0x00000000800047F6] -> 0x5555
[4608] [M]: 0x00000000800047F4 (0x55550513) addi x10, x10, 0x555                    inst_615+4
x10 <- 0x0000000055555555

mem[X,0x00000000800047F8] -> 0x1513
mem[X,0x00000000800047FA] -> 0x00B5
[4609] [M]: 0x00000000800047F8 (0x00B51513) slli x10, x10, 0xb                      inst_615+8
x10 <- 0x000002AAAAAAA800

clint mtime 0x0000000000000901 (mip.MTI <- 0b1, mip.STI <- 0b0)
mem[X,0x00000000800047FC] -> 0x0513
mem[X,0x00000000800047FE] -> 0x2AA5
[4610] [M]: 0x00000000800047FC (0x2AA50513) addi x10, x10, 0x2aa                    inst_615+12
x10 <- 0x000002AAAAAAAAAA

mem[X,0x0000000080004800] -> 0x1513
mem[X,0x0000000080004802] -> 0x00B5
[4611] [M]: 0x0000000080004800 (0x00B51513) slli x10, x10, 0xb                      inst_615+16
x10 <- 0x0015555555555000

clint mtime 0x0000000000000902 (mip.MTI <- 0b1, mip.STI <- 0b0)
mem[X,0x0000000080004804] -> 0x0513
mem[X,0x0000000080004806] -> 0x5555
[4612] [M]: 0x0000000080004804 (0x55550513) addi x10, x10, 0x555                    inst_615+20
x10 <- 0x0015555555555555

mem[X,0x0000000080004808] -> 0x1513
mem[X,0x000000008000480A] -> 0x00A5
[4613] [M]: 0x0000000080004808 (0x00A51513) slli x10, x10, 0xa                      inst_615+24
x10 <- 0x5555555555555400

clint mtime 0x0000000000000903 (mip.MTI <- 0b1, mip.STI <- 0b0)
mem[X,0x000000008000480C] -> 0x0513
mem[X,0x000000008000480E] -> 0x1565
[4614] [M]: 0x000000008000480C (0x15650513) addi x10, x10, 0x156                    inst_615+28
x10 <- 0x5555555555555556

mem[X,0x0000000080004810] -> 0x2593
mem[X,0x0000000080004812] -> 0x6655
[4615] [M]: 0x0000000080004810 (0x66552593) slti x11, x10, 0x665                    inst_615+32
x11 <- 0x0000000000000000

clint mtime 0x0000000000000904 (mip.MTI <- 0b1, mip.STI <- 0b0)
mem[X,0x0000000080004814] -> 0x3423
mem[X,0x0000000080004816] -> 0x28B1
[4616] [M]: 0x0000000080004814 (0x28B13423) sd x11, 0x288(x2)                       inst_615+36
mem[W,0x0000000080008450] <- 0x0000000000000000

mem[X,0x0000000080004818] -> 0x0513
mem[X,0x000000008000481A] -> 0xFFF0
[4617] [M]: 0x0000000080004818 (0xFFF00513) addi x10, x0, -0x1                      inst_616+0
x10 <- 0xFFFFFFFFFFFFFFFF

clint mtime 0x0000000000000905 (mip.MTI <- 0b1, mip.STI <- 0b0)
mem[X,0x000000008000481C] -> 0x5513
mem[X,0x000000008000481E] -> 0x0015
[4618] [M]: 0x000000008000481C (0x00155513) srli x10, x10, 0x1                      inst_616+4
x10 <- 0x7FFFFFFFFFFFFFFF

mem[X,0x0000000080004820] -> 0x2593
mem[X,0x0000000080004822] -> 0x0005
[4619] [M]: 0x0000000080004820 (0x00052593) slti x11, x10, 0x0                      inst_616+8
x11 <- 0x0000000000000000

clint mtime 0x0000000000000906 (mip.MTI <- 0b1, mip.STI <- 0b0)
mem[X,0x0000000080004824] -> 0x3823
mem[X,0x0000000080004826] -> 0x28B1
[4620] [M]: 0x0000000080004824 (0x28B13823) sd x11, 0x290(x2)                       inst_616+12
mem[W,0x0000000080008458] <- 0x0000000000000000

mem[X,0x0000000080004828] -> 0x006F
mem[X,0x000000008000482A] -> 0x0380
[4621] [M]: 0x0000000080004828 (0x0380006F) jal x0, 0x38                            rvtest_code_end+0

clint mtime 0x0000000000000907 (mip.MTI <- 0b1, mip.STI <- 0b0)
mem[X,0x0000000080004860] -> 0x0093
mem[X,0x0000000080004862] -> 0x0010
[4622] [M]: 0x0000000080004860 (0x00100093) addi x1, x0, 0x1                        exit_cleanup+0
x1 <- 0x0000000000000001

mem[X,0x0000000080004864] -> 0x0397
mem[X,0x0000000080004866] -> 0x0000
[4623] [M]: 0x0000000080004864 (0x00000397) auipc x7, 0x0                           exit_cleanup+4
x7 <- 0x0000000080004864

clint mtime 0x0000000000000908 (mip.MTI <- 0b1, mip.STI <- 0b0)
mem[X,0x0000000080004868] -> 0xAE23
mem[X,0x000000008000486A] -> 0x7813
[4624] [M]: 0x0000000080004868 (0x7813AE23) sw x1, 0x79c(x7)                        exit_cleanup+8
htif[0x0000000080005000] <- 0x00000001
mem[W,0x0000000080005000] <- 0x00000001

mem[X,0x000000008000486C] -> 0xF06F
mem[X,0x000000008000486E] -> 0xFF9F
[4625] [M]: 0x000000008000486C (0xFF9FF06F) jal x0, -0x8                            exit_cleanup+12

clint mtime 0x0000000000000909 (mip.MTI <- 0b1, mip.STI <- 0b0)
mem[X,0x0000000080004864] -> 0x0397
mem[X,0x0000000080004866] -> 0x0000
[4626] [M]: 0x0000000080004864 (0x00000397) auipc x7, 0x0                           exit_cleanup+4
x7 <- 0x0000000080004864

mem[X,0x0000000080004868] -> 0xAE23
mem[X,0x000000008000486A] -> 0x7813
[4627] [M]: 0x0000000080004868 (0x7813AE23) sw x1, 0x79c(x7)                        exit_cleanup+8
htif[0x0000000080005000] <- 0x00000001
mem[W,0x0000000080005000] <- 0x00000001

clint mtime 0x000000000000090A (mip.MTI <- 0b1, mip.STI <- 0b0)
mem[X,0x000000008000486C] -> 0xF06F
mem[X,0x000000008000486E] -> 0xFF9F
[4628] [M]: 0x000000008000486C (0xFF9FF06F) jal x0, -0x8                            exit_cleanup+12

mem[X,0x0000000080004864] -> 0x0397
mem[X,0x0000000080004866] -> 0x0000
[4629] [M]: 0x0000000080004864 (0x00000397) auipc x7, 0x0                           exit_cleanup+4
x7 <- 0x0000000080004864

clint mtime 0x000000000000090B (mip.MTI <- 0b1, mip.STI <- 0b0)
mem[X,0x0000000080004868] -> 0xAE23
mem[X,0x000000008000486A] -> 0x7813
[4630] [M]: 0x0000000080004868 (0x7813AE23) sw x1, 0x79c(x7)                        exit_cleanup+8
htif[0x0000000080005000] <- 0x00000001
htif-syscall-proxy cmd: 0x000000000001
mem[W,0x0000000080005000] <- 0x00000001

SUCCESS
