using /opt/riscv-arch-test/riscof-plugins/rv64/riscof_work/vm_pmp/src/sv39/sv39_pmp_on_pa_S_mode.S/ref/Reference-sail_c_simulator.signature for test-signature output.
setting signature-granularity to 8 bytes
HTIF located at 0x80004000
begin_signature: 0x80009110
end_signature: 0x80009520
Entry point: 0x80000000
CSR mstatus (0x300) <- 0x0000000A00000000
CSR misa (0x301) <- 0x800000000034112F
CSR mcause (0x342) <- 0x0000000000000000
x10 <- 0x0000000000000000
x11 <- 0x0000000000001000
mem[X,0x0000000080000000] -> 0x006F
mem[X,0x0000000080000002] -> 0x0010
[0] [M]: 0x0000000080000000 (0x0010006F) jal x0, 0x800                              rvtest_entry_point+0

mem[X,0x0000000080000800] -> 0x5317
mem[X,0x0000000080000802] -> 0x0000
[1] [M]: 0x0000000080000800 (0x00005317) auipc x6, 0x5                              starting_point+0
x6 <- 0x0000000080005800

clint mtime 0x0000000000000001 (mip.MTI <- 0b1, mip.STI <- 0b0)
mem[X,0x0000000080000804] -> 0x0313
mem[X,0x0000000080000806] -> 0x8003
[2] [M]: 0x0000000080000804 (0x80030313) addi x6, x6, -0x800                        starting_point+4
x6 <- 0x0000000080005000

mem[X,0x0000000080000808] -> 0x0013
mem[X,0x000000008000080A] -> 0x0000
[3] [M]: 0x0000000080000808 (0x00000013) addi x0, x0, 0x0                           starting_point+8

clint mtime 0x0000000000000002 (mip.MTI <- 0b1, mip.STI <- 0b0)
mem[X,0x000000008000080C] -> 0x0013
mem[X,0x000000008000080E] -> 0x0000
[4] [M]: 0x000000008000080C (0x00000013) addi x0, x0, 0x0                           starting_point+12

mem[X,0x0000000080000810] -> 0x0013
mem[X,0x0000000080000812] -> 0x0000
[5] [M]: 0x0000000080000810 (0x00000013) addi x0, x0, 0x0                           starting_point+16

clint mtime 0x0000000000000003 (mip.MTI <- 0b1, mip.STI <- 0b0)
mem[X,0x0000000080000814] -> 0x0013
mem[X,0x0000000080000816] -> 0x0000
[6] [M]: 0x0000000080000814 (0x00000013) addi x0, x0, 0x0                           starting_point+20

mem[X,0x0000000080000818] -> 0x0013
mem[X,0x000000008000081A] -> 0x0000
[7] [M]: 0x0000000080000818 (0x00000013) addi x0, x0, 0x0                           starting_point+24

clint mtime 0x0000000000000004 (mip.MTI <- 0b1, mip.STI <- 0b0)
mem[X,0x000000008000081C] -> 0x0013
mem[X,0x000000008000081E] -> 0x0000
[8] [M]: 0x000000008000081C (0x00000013) addi x0, x0, 0x0                           starting_point+28

mem[X,0x0000000080000820] -> 0x1473
mem[X,0x0000000080000822] -> 0x3403
[9] [M]: 0x0000000080000820 (0x34031473) csrrw x8, mscratch, x6                     init_Mscratch+0
CSR mscratch (0x340) <- 0x0000000080005000
x8 <- 0x0000000000000000

clint mtime 0x0000000000000005 (mip.MTI <- 0b1, mip.STI <- 0b0)
mem[X,0x0000000080000824] -> 0x3823
mem[X,0x0000000080000826] -> 0x2483
[10] [M]: 0x0000000080000824 (0x24833823) sd x8, 0x250(x6)                          init_Mscratch+4
mem[W,0x0000000080005250] <- 0x0000000000000000

mem[X,0x0000000080000828] -> 0x0393
mem[X,0x000000008000082A] -> 0x0000
[11] [M]: 0x0000000080000828 (0x00000393) addi x7, x0, 0x0                          init_Medeleg+0
x7 <- 0x0000000000000000

clint mtime 0x0000000000000006 (mip.MTI <- 0b1, mip.STI <- 0b0)
mem[X,0x000000008000082C] -> 0x93F3
mem[X,0x000000008000082E] -> 0x3023
[12] [M]: 0x000000008000082C (0x302393F3) csrrw x7, medeleg, x7                     init_Medeleg+4
CSR medeleg (0x302) <- 0x0000000000000000
x7 <- 0x0000000000000000

mem[X,0x0000000080000830] -> 0x3C23
mem[X,0x0000000080000832] -> 0x2273
[13] [M]: 0x0000000080000830 (0x22733C23) sd x7, 0x238(x6)                          init_Medeleg+8
mem[W,0x0000000080005238] <- 0x0000000000000000

clint mtime 0x0000000000000007 (mip.MTI <- 0b1, mip.STI <- 0b0)
mem[X,0x0000000080000834] -> 0x2473
mem[X,0x0000000080000836] -> 0x3050
[14] [M]: 0x0000000080000834 (0x30502473) csrrs x8, mtvec, x0                       init_Mtvec+0
CSR mtvec (0x305) -> 0x0000000000000000
x8 <- 0x0000000000000000

mem[X,0x0000000080000838] -> 0x3423
mem[X,0x000000008000083A] -> 0x2483
[15] [M]: 0x0000000080000838 (0x24833423) sd x8, 0x248(x6)                          init_Mtvec+4
mem[W,0x0000000080005248] <- 0x0000000000000000

clint mtime 0x0000000000000008 (mip.MTI <- 0b1, mip.STI <- 0b0)
mem[X,0x000000008000083C] -> 0x7393
mem[X,0x000000008000083E] -> 0x0034
[16] [M]: 0x000000008000083C (0x00347393) andi x7, x8, 0x3                          init_Mtvec+8
x7 <- 0x0000000000000000

mem[X,0x0000000080000840] -> 0x3483
mem[X,0x0000000080000842] -> 0x2303
[17] [M]: 0x0000000080000840 (0x23033483) ld x9, 0x230(x6)                          init_Mtvec+12
mem[R,0x0000000080005230] -> 0x0000000080002154
x9 <- 0x0000000080002154

clint mtime 0x0000000000000009 (mip.MTI <- 0b1, mip.STI <- 0b0)
mem[X,0x0000000080000844] -> 0x8493
mem[X,0x0000000080000846] -> 0xE2C4
[18] [M]: 0x0000000080000844 (0xE2C48493) addi x9, x9, -0x1d4                       init_Mtvec+16
x9 <- 0x0000000080001F80

mem[X,0x0000000080000848] -> 0xE3B3
mem[X,0x000000008000084A] -> 0x0074
[19] [M]: 0x0000000080000848 (0x0074E3B3) or x7, x9, x7                             init_Mtvec+20
x7 <- 0x0000000080001F80

clint mtime 0x000000000000000A (mip.MTI <- 0b1, mip.STI <- 0b0)
mem[X,0x000000008000084C] -> 0x3023
mem[X,0x000000008000084E] -> 0x2473
[20] [M]: 0x000000008000084C (0x24733023) sd x7, 0x240(x6)                          init_Mtvec+24
mem[W,0x0000000080005240] <- 0x0000000080001F80

mem[X,0x0000000080000850] -> 0x9073
mem[X,0x0000000080000852] -> 0x3053
[21] [M]: 0x0000000080000850 (0x30539073) csrrw x0, mtvec, x7                       init_Mtvec+28
CSR mtvec (0x305) <- 0x0000000080001F80

clint mtime 0x000000000000000B (mip.MTI <- 0b1, mip.STI <- 0b0)
mem[X,0x0000000080000854] -> 0x2573
mem[X,0x0000000080000856] -> 0x3050
[22] [M]: 0x0000000080000854 (0x30502573) csrrs x10, mtvec, x0                      init_Mtvec+32
CSR mtvec (0x305) -> 0x0000000080001F80
x10 <- 0x0000000080001F80

mem[X,0x0000000080000858] -> 0x0663
mem[X,0x000000008000085A] -> 0x0875
[23] [M]: 0x0000000080000858 (0x08750663) beq x10, x7, 0x8c                         init_Mtvec+36

clint mtime 0x000000000000000C (mip.MTI <- 0b1, mip.STI <- 0b0)
mem[X,0x00000000800008E4] -> 0x0013
mem[X,0x00000000800008E6] -> 0x0000
[24] [M]: 0x00000000800008E4 (0x00000013) addi x0, x0, 0x0                          rvtest_Mprolog_done+0

mem[X,0x00000000800008E8] -> 0x0013
mem[X,0x00000000800008EA] -> 0x0000
[25] [M]: 0x00000000800008E8 (0x00000013) addi x0, x0, 0x0                          rvtest_Mprolog_done+4

clint mtime 0x000000000000000D (mip.MTI <- 0b1, mip.STI <- 0b0)
mem[X,0x00000000800008EC] -> 0x0013
mem[X,0x00000000800008EE] -> 0x0000
[26] [M]: 0x00000000800008EC (0x00000013) addi x0, x0, 0x0                          rvtest_Mprolog_done+8

mem[X,0x00000000800008F0] -> 0x0013
mem[X,0x00000000800008F2] -> 0x0000
[27] [M]: 0x00000000800008F0 (0x00000013) addi x0, x0, 0x0                          rvtest_Mprolog_done+12

clint mtime 0x000000000000000E (mip.MTI <- 0b1, mip.STI <- 0b0)
mem[X,0x00000000800008F4] -> 0x0013
mem[X,0x00000000800008F6] -> 0x0000
[28] [M]: 0x00000000800008F4 (0x00000013) addi x0, x0, 0x0                          rvtest_Mprolog_done+16

mem[X,0x00000000800008F8] -> 0x0013
mem[X,0x00000000800008FA] -> 0x0000
[29] [M]: 0x00000000800008F8 (0x00000013) addi x0, x0, 0x0                          rvtest_Mprolog_done+20

clint mtime 0x000000000000000F (mip.MTI <- 0b1, mip.STI <- 0b0)
mem[X,0x00000000800008FC] -> 0x0013
mem[X,0x00000000800008FE] -> 0x0000
[30] [M]: 0x00000000800008FC (0x00000013) addi x0, x0, 0x0                          rvtest_Mprolog_done+24

mem[X,0x0000000080000900] -> 0x5317
mem[X,0x0000000080000902] -> 0x0000
[31] [M]: 0x0000000080000900 (0x00005317) auipc x6, 0x5                             rvtest_Mprolog_done+28
x6 <- 0x0000000080005900

clint mtime 0x0000000000000010 (mip.MTI <- 0b1, mip.STI <- 0b0)
mem[X,0x0000000080000904] -> 0x0313
mem[X,0x0000000080000906] -> 0x9983
[32] [M]: 0x0000000080000904 (0x99830313) addi x6, x6, -0x668                       rvtest_Mprolog_done+32
x6 <- 0x0000000080005298

mem[X,0x0000000080000908] -> 0x0001
[33] [M]: 0x0000000080000908 (0x0001) c.nop                                         rvtest_Mprolog_done+36

clint mtime 0x0000000000000011 (mip.MTI <- 0b1, mip.STI <- 0b0)
mem[X,0x000000008000090A] -> 0x0013
mem[X,0x000000008000090C] -> 0x0000
[34] [M]: 0x000000008000090A (0x00000013) addi x0, x0, 0x0                          rvtest_Mprolog_done+38

mem[X,0x000000008000090E] -> 0x0013
mem[X,0x0000000080000910] -> 0x0000
[35] [M]: 0x000000008000090E (0x00000013) addi x0, x0, 0x0                          rvtest_Mprolog_done+42

clint mtime 0x0000000000000012 (mip.MTI <- 0b1, mip.STI <- 0b0)
mem[X,0x0000000080000912] -> 0x0013
mem[X,0x0000000080000914] -> 0x0000
[36] [M]: 0x0000000080000912 (0x00000013) addi x0, x0, 0x0                          rvtest_Mprolog_done+46

mem[X,0x0000000080000916] -> 0x0013
mem[X,0x0000000080000918] -> 0x0000
[37] [M]: 0x0000000080000916 (0x00000013) addi x0, x0, 0x0                          rvtest_Mprolog_done+50

clint mtime 0x0000000000000013 (mip.MTI <- 0b1, mip.STI <- 0b0)
mem[X,0x000000008000091A] -> 0x0013
mem[X,0x000000008000091C] -> 0x0000
[38] [M]: 0x000000008000091A (0x00000013) addi x0, x0, 0x0                          rvtest_Mprolog_done+54

mem[X,0x000000008000091E] -> 0x0001
[39] [M]: 0x000000008000091E (0x0001) c.nop                                         rvtest_Mprolog_done+58

clint mtime 0x0000000000000014 (mip.MTI <- 0b1, mip.STI <- 0b0)
mem[X,0x0000000080000920] -> 0x1473
mem[X,0x0000000080000922] -> 0x1403
[40] [M]: 0x0000000080000920 (0x14031473) csrrw x8, sscratch, x6                    init_Sscratch+0
CSR sscratch (0x140) <- 0x0000000080005298
x8 <- 0x0000000000000000

mem[X,0x0000000080000924] -> 0x3823
mem[X,0x0000000080000926] -> 0x2483
[41] [M]: 0x0000000080000924 (0x24833823) sd x8, 0x250(x6)                          init_Sscratch+4
mem[W,0x00000000800054E8] <- 0x0000000000000000

clint mtime 0x0000000000000015 (mip.MTI <- 0b1, mip.STI <- 0b0)
mem[X,0x0000000080000928] -> 0x0393
mem[X,0x000000008000092A] -> 0x0000
[42] [M]: 0x0000000080000928 (0x00000393) addi x7, x0, 0x0                          init_Sedeleg+0
x7 <- 0x0000000000000000

mem[X,0x000000008000092C] -> 0x3C23
mem[X,0x000000008000092E] -> 0x2273
[43] [M]: 0x000000008000092C (0x22733C23) sd x7, 0x238(x6)                          init_Sedeleg+4
mem[W,0x00000000800054D0] <- 0x0000000000000000

clint mtime 0x0000000000000016 (mip.MTI <- 0b1, mip.STI <- 0b0)
mem[X,0x0000000080000930] -> 0x0013
mem[X,0x0000000080000932] -> 0x0000
[44] [M]: 0x0000000080000930 (0x00000013) addi x0, x0, 0x0                          init_Ssatp+0

mem[X,0x0000000080000934] -> 0x0013
mem[X,0x0000000080000936] -> 0x0000
[45] [M]: 0x0000000080000934 (0x00000013) addi x0, x0, 0x0                          init_Ssatp+4

clint mtime 0x0000000000000017 (mip.MTI <- 0b1, mip.STI <- 0b0)
mem[X,0x0000000080000938] -> 0x0013
mem[X,0x000000008000093A] -> 0x0000
[46] [M]: 0x0000000080000938 (0x00000013) addi x0, x0, 0x0                          init_Ssatp+8

mem[X,0x000000008000093C] -> 0x0013
mem[X,0x000000008000093E] -> 0x0000
[47] [M]: 0x000000008000093C (0x00000013) addi x0, x0, 0x0                          init_Ssatp+12

clint mtime 0x0000000000000018 (mip.MTI <- 0b1, mip.STI <- 0b0)
mem[X,0x0000000080000940] -> 0x7497
mem[X,0x0000000080000942] -> 0x0000
[48] [M]: 0x0000000080000940 (0x00007497) auipc x9, 0x7                             init_Ssatp+16
x9 <- 0x0000000080007940

mem[X,0x0000000080000944] -> 0x8493
mem[X,0x0000000080000946] -> 0x6C04
[49] [M]: 0x0000000080000944 (0x6C048493) addi x9, x9, 0x6c0                        init_Ssatp+20
x9 <- 0x0000000080008000

clint mtime 0x0000000000000019 (mip.MTI <- 0b1, mip.STI <- 0b0)
mem[X,0x0000000080000948] -> 0x0001
[50] [M]: 0x0000000080000948 (0x0001) c.nop                                         init_Ssatp+24

mem[X,0x000000008000094A] -> 0x0013
mem[X,0x000000008000094C] -> 0x0000
[51] [M]: 0x000000008000094A (0x00000013) addi x0, x0, 0x0                          init_Ssatp+26

clint mtime 0x000000000000001A (mip.MTI <- 0b1, mip.STI <- 0b0)
mem[X,0x000000008000094E] -> 0x0013
mem[X,0x0000000080000950] -> 0x0000
[52] [M]: 0x000000008000094E (0x00000013) addi x0, x0, 0x0                          init_Ssatp+30

mem[X,0x0000000080000952] -> 0x0013
mem[X,0x0000000080000954] -> 0x0000
[53] [M]: 0x0000000080000952 (0x00000013) addi x0, x0, 0x0                          init_Ssatp+34

clint mtime 0x000000000000001B (mip.MTI <- 0b1, mip.STI <- 0b0)
mem[X,0x0000000080000956] -> 0x0013
mem[X,0x0000000080000958] -> 0x0000
[54] [M]: 0x0000000080000956 (0x00000013) addi x0, x0, 0x0                          init_Ssatp+38

mem[X,0x000000008000095A] -> 0x0013
mem[X,0x000000008000095C] -> 0x0000
[55] [M]: 0x000000008000095A (0x00000013) addi x0, x0, 0x0                          init_Ssatp+42

clint mtime 0x000000000000001C (mip.MTI <- 0b1, mip.STI <- 0b0)
mem[X,0x000000008000095E] -> 0x0001
[56] [M]: 0x000000008000095E (0x0001) c.nop                                         init_Ssatp+46

mem[X,0x0000000080000960] -> 0xD493
mem[X,0x0000000080000962] -> 0x00C4
[57] [M]: 0x0000000080000960 (0x00C4D493) srli x9, x9, 0xc                          init_Ssatp+48
x9 <- 0x0000000000080008

clint mtime 0x000000000000001D (mip.MTI <- 0b1, mip.STI <- 0b0)
mem[X,0x0000000080000964] -> 0x0413
mem[X,0x0000000080000966] -> 0xFFF0
[58] [M]: 0x0000000080000964 (0xFFF00413) addi x8, x0, -0x1                         init_Ssatp+52
x8 <- 0xFFFFFFFFFFFFFFFF

mem[X,0x0000000080000968] -> 0x1413
mem[X,0x000000008000096A] -> 0x03F4
[59] [M]: 0x0000000080000968 (0x03F41413) slli x8, x8, 0x3f                         init_Ssatp+56
x8 <- 0x8000000000000000

clint mtime 0x000000000000001E (mip.MTI <- 0b1, mip.STI <- 0b0)
mem[X,0x000000008000096C] -> 0xE4B3
mem[X,0x000000008000096E] -> 0x0084
[60] [M]: 0x000000008000096C (0x0084E4B3) or x9, x9, x8                             init_Ssatp+60
x9 <- 0x8000000000080008

mem[X,0x0000000080000970] -> 0x94F3
mem[X,0x0000000080000972] -> 0x1804
[61] [M]: 0x0000000080000970 (0x180494F3) csrrw x9, satp, x9                        init_Ssatp+64
CSR satp (0x180) <- 0x8000000000080008
x9 <- 0x0000000000000000

clint mtime 0x000000000000001F (mip.MTI <- 0b1, mip.STI <- 0b0)
mem[X,0x0000000080000974] -> 0x3023
mem[X,0x0000000080000976] -> 0x2293
[62] [M]: 0x0000000080000974 (0x22933023) sd x9, 0x220(x6)                          init_Ssatp+68
mem[W,0x00000000800054B8] <- 0x0000000000000000

mem[X,0x0000000080000978] -> 0x2473
mem[X,0x000000008000097A] -> 0x1050
[63] [M]: 0x0000000080000978 (0x10502473) csrrs x8, stvec, x0                       init_Stvec+0
CSR stvec (0x105) -> 0x0000000000000000
x8 <- 0x0000000000000000

clint mtime 0x0000000000000020 (mip.MTI <- 0b1, mip.STI <- 0b0)
mem[X,0x000000008000097C] -> 0x3423
mem[X,0x000000008000097E] -> 0x2483
[64] [M]: 0x000000008000097C (0x24833423) sd x8, 0x248(x6)                          init_Stvec+4
mem[W,0x00000000800054E0] <- 0x0000000000000000

mem[X,0x0000000080000980] -> 0x7393
mem[X,0x0000000080000982] -> 0x0034
[65] [M]: 0x0000000080000980 (0x00347393) andi x7, x8, 0x3                          init_Stvec+8
x7 <- 0x0000000000000000

clint mtime 0x0000000000000021 (mip.MTI <- 0b1, mip.STI <- 0b0)
mem[X,0x0000000080000984] -> 0x3483
mem[X,0x0000000080000986] -> 0x2303
[66] [M]: 0x0000000080000984 (0x23033483) ld x9, 0x230(x6)                          init_Stvec+12
mem[R,0x00000000800054C8] -> 0x0000000080002AD4
x9 <- 0x0000000080002AD4

mem[X,0x0000000080000988] -> 0x8493
mem[X,0x000000008000098A] -> 0xE2C4
[67] [M]: 0x0000000080000988 (0xE2C48493) addi x9, x9, -0x1d4                       init_Stvec+16
x9 <- 0x0000000080002900

clint mtime 0x0000000000000022 (mip.MTI <- 0b1, mip.STI <- 0b0)
mem[X,0x000000008000098C] -> 0xE3B3
mem[X,0x000000008000098E] -> 0x0074
[68] [M]: 0x000000008000098C (0x0074E3B3) or x7, x9, x7                             init_Stvec+20
x7 <- 0x0000000080002900

mem[X,0x0000000080000990] -> 0x3023
mem[X,0x0000000080000992] -> 0x2473
[69] [M]: 0x0000000080000990 (0x24733023) sd x7, 0x240(x6)                          init_Stvec+24
mem[W,0x00000000800054D8] <- 0x0000000080002900

clint mtime 0x0000000000000023 (mip.MTI <- 0b1, mip.STI <- 0b0)
mem[X,0x0000000080000994] -> 0x9073
mem[X,0x0000000080000996] -> 0x1053
[70] [M]: 0x0000000080000994 (0x10539073) csrrw x0, stvec, x7                       init_Stvec+28
CSR stvec (0x105) <- 0x0000000080002900

mem[X,0x0000000080000998] -> 0x2573
mem[X,0x000000008000099A] -> 0x1050
[71] [M]: 0x0000000080000998 (0x10502573) csrrs x10, stvec, x0                      init_Stvec+32
CSR stvec (0x105) -> 0x0000000080002900
x10 <- 0x0000000080002900

clint mtime 0x0000000000000024 (mip.MTI <- 0b1, mip.STI <- 0b0)
mem[X,0x000000008000099C] -> 0x0463
mem[X,0x000000008000099E] -> 0x0875
[72] [M]: 0x000000008000099C (0x08750463) beq x10, x7, 0x88                         init_Stvec+36

mem[X,0x0000000080000A24] -> 0x0093
mem[X,0x0000000080000A26] -> 0x0000
[73] [M]: 0x0000000080000A24 (0x00000093) addi x1, x0, 0x0                          rvtest_entrypoint+0
x1 <- 0x0000000000000000

clint mtime 0x0000000000000025 (mip.MTI <- 0b1, mip.STI <- 0b0)
mem[X,0x0000000080000A28] -> 0x9073
mem[X,0x0000000080000A2A] -> 0x3000
[74] [M]: 0x0000000080000A28 (0x30009073) csrrw x0, mstatus, x1                     rvtest_entrypoint+4
CSR mstatus (0x300) <- 0x0000000A00000000

mem[X,0x0000000080000A2C] -> 0x9073
mem[X,0x0000000080000A2E] -> 0x3410
[75] [M]: 0x0000000080000A2C (0x34109073) csrrw x0, mepc, x1                        rvtest_entrypoint+8
CSR mepc (0x341) <- 0x0000000000000000

clint mtime 0x0000000000000026 (mip.MTI <- 0b1, mip.STI <- 0b0)
mem[X,0x0000000080000A30] -> 0x9073
mem[X,0x0000000080000A32] -> 0x3440
[76] [M]: 0x0000000080000A30 (0x34409073) csrrw x0, mip, x1                         rvtest_entrypoint+12
CSR mip (0x344) <- 0x0000000000000080

mem[X,0x0000000080000A34] -> 0x9073
mem[X,0x0000000080000A36] -> 0x3430
[77] [M]: 0x0000000080000A34 (0x34309073) csrrw x0, mtval, x1                       rvtest_entrypoint+16
CSR mtval (0x343) <- 0x0000000000000000

clint mtime 0x0000000000000027 (mip.MTI <- 0b1, mip.STI <- 0b0)
mem[X,0x0000000080000A38] -> 0x9073
mem[X,0x0000000080000A3A] -> 0x3420
[78] [M]: 0x0000000080000A38 (0x34209073) csrrw x0, mcause, x1                      rvtest_entrypoint+20
CSR mcause (0x342) <- 0x0000000000000000

mem[X,0x0000000080000A3C] -> 0x0837
mem[X,0x0000000080000A3E] -> 0x7D5C
[79] [M]: 0x0000000080000A3C (0x7D5C0837) lui x16, 0x7d5c0                          rvtest_entrypoint+24
x16 <- 0x000000007D5C0000

clint mtime 0x0000000000000028 (mip.MTI <- 0b1, mip.STI <- 0b0)
mem[X,0x0000000080000A40] -> 0x0813
mem[X,0x0000000080000A42] -> 0xDDB8
[80] [M]: 0x0000000080000A40 (0xDDB80813) addi x16, x16, -0x225                     rvtest_entrypoint+28
x16 <- 0x000000007D5BFDDB

mem[X,0x0000000080000A44] -> 0x1813
mem[X,0x0000000080000A46] -> 0x00B8
[81] [M]: 0x0000000080000A44 (0x00B81813) slli x16, x16, 0xb                        rvtest_entrypoint+32
x16 <- 0x000003EADFEED800

clint mtime 0x0000000000000029 (mip.MTI <- 0b1, mip.STI <- 0b0)
mem[X,0x0000000080000A48] -> 0x0813
mem[X,0x0000000080000A4A] -> 0x3EA8
[82] [M]: 0x0000000080000A48 (0x3EA80813) addi x16, x16, 0x3ea                      rvtest_entrypoint+36
x16 <- 0x000003EADFEEDBEA

mem[X,0x0000000080000A4C] -> 0x1813
mem[X,0x0000000080000A4E] -> 0x00B8
[83] [M]: 0x0000000080000A4C (0x00B81813) slli x16, x16, 0xb                        rvtest_entrypoint+40
x16 <- 0x001F56FF76DF5000

clint mtime 0x000000000000002A (mip.MTI <- 0b1, mip.STI <- 0b0)
mem[X,0x0000000080000A50] -> 0x0813
mem[X,0x0000000080000A52] -> 0x6FF8
[84] [M]: 0x0000000080000A50 (0x6FF80813) addi x16, x16, 0x6ff                      rvtest_entrypoint+44
x16 <- 0x001F56FF76DF56FF

mem[X,0x0000000080000A54] -> 0x1813
mem[X,0x0000000080000A56] -> 0x00A8
[85] [M]: 0x0000000080000A54 (0x00A81813) slli x16, x16, 0xa                        rvtest_entrypoint+48
x16 <- 0x7D5BFDDB7D5BFC00

clint mtime 0x000000000000002B (mip.MTI <- 0b1, mip.STI <- 0b0)
mem[X,0x0000000080000A58] -> 0x0813
mem[X,0x0000000080000A5A] -> 0x1DB8
[86] [M]: 0x0000000080000A58 (0x1DB80813) addi x16, x16, 0x1db                      rvtest_entrypoint+52
x16 <- 0x7D5BFDDB7D5BFDDB

mem[X,0x0000000080000A5C] -> 0x5893
mem[X,0x0000000080000A5E] -> 0x0078
[87] [M]: 0x0000000080000A5C (0x00785893) srli x17, x16, 0x7                        rvtest_entrypoint+56
x17 <- 0x00FAB7FBB6FAB7FB

clint mtime 0x000000000000002C (mip.MTI <- 0b1, mip.STI <- 0b0)
mem[X,0x0000000080000A60] -> 0x5793
mem[X,0x0000000080000A62] -> 0x0398
[88] [M]: 0x0000000080000A60 (0x03985793) srli x15, x16, 0x39                       rvtest_entrypoint+60
x15 <- 0x000000000000003E

mem[X,0x0000000080000A64] -> 0xE8B3
mem[X,0x0000000080000A66] -> 0x00F8
[89] [M]: 0x0000000080000A64 (0x00F8E8B3) or x17, x17, x15                          rvtest_entrypoint+64
x17 <- 0x00FAB7FBB6FAB7FF

clint mtime 0x000000000000002D (mip.MTI <- 0b1, mip.STI <- 0b0)
mem[X,0x0000000080000A68] -> 0xD913
mem[X,0x0000000080000A6A] -> 0x0078
[90] [M]: 0x0000000080000A68 (0x0078D913) srli x18, x17, 0x7                        rvtest_entrypoint+68
x18 <- 0x0001F56FF76DF56F

mem[X,0x0000000080000A6C] -> 0xD793
mem[X,0x0000000080000A6E] -> 0x0398
[91] [M]: 0x0000000080000A6C (0x0398D793) srli x15, x17, 0x39                       rvtest_entrypoint+72
x15 <- 0x0000000000000000

clint mtime 0x000000000000002E (mip.MTI <- 0b1, mip.STI <- 0b0)
mem[X,0x0000000080000A70] -> 0x6933
mem[X,0x0000000080000A72] -> 0x00F9
[92] [M]: 0x0000000080000A70 (0x00F96933) or x18, x18, x15                          rvtest_entrypoint+76
x18 <- 0x0001F56FF76DF56F

mem[X,0x0000000080000A74] -> 0x5993
mem[X,0x0000000080000A76] -> 0x0079
[93] [M]: 0x0000000080000A74 (0x00795993) srli x19, x18, 0x7                        rvtest_entrypoint+80
x19 <- 0x000003EADFEEDBEA

clint mtime 0x000000000000002F (mip.MTI <- 0b1, mip.STI <- 0b0)
mem[X,0x0000000080000A78] -> 0x5793
mem[X,0x0000000080000A7A] -> 0x0399
[94] [M]: 0x0000000080000A78 (0x03995793) srli x15, x18, 0x39                       rvtest_entrypoint+84
x15 <- 0x0000000000000000

mem[X,0x0000000080000A7C] -> 0xE9B3
mem[X,0x0000000080000A7E] -> 0x00F9
[95] [M]: 0x0000000080000A7C (0x00F9E9B3) or x19, x19, x15                          rvtest_entrypoint+88
x19 <- 0x000003EADFEEDBEA

clint mtime 0x0000000000000030 (mip.MTI <- 0b1, mip.STI <- 0b0)
mem[X,0x0000000080000A80] -> 0xDA13
mem[X,0x0000000080000A82] -> 0x0079
[96] [M]: 0x0000000080000A80 (0x0079DA13) srli x20, x19, 0x7                        rvtest_entrypoint+92
x20 <- 0x00000007D5BFDDB7

mem[X,0x0000000080000A84] -> 0xD793
mem[X,0x0000000080000A86] -> 0x0399
[97] [M]: 0x0000000080000A84 (0x0399D793) srli x15, x19, 0x39                       rvtest_entrypoint+96
x15 <- 0x0000000000000000

clint mtime 0x0000000000000031 (mip.MTI <- 0b1, mip.STI <- 0b0)
mem[X,0x0000000080000A88] -> 0x6A33
mem[X,0x0000000080000A8A] -> 0x00FA
[98] [M]: 0x0000000080000A88 (0x00FA6A33) or x20, x20, x15                          rvtest_entrypoint+100
x20 <- 0x00000007D5BFDDB7

mem[X,0x0000000080000A8C] -> 0x5A93
mem[X,0x0000000080000A8E] -> 0x007A
[99] [M]: 0x0000000080000A8C (0x007A5A93) srli x21, x20, 0x7                        rvtest_entrypoint+104
x21 <- 0x000000000FAB7FBB

clint mtime 0x0000000000000032 (mip.MTI <- 0b1, mip.STI <- 0b0)
mem[X,0x0000000080000A90] -> 0x5793
mem[X,0x0000000080000A92] -> 0x039A
[100] [M]: 0x0000000080000A90 (0x039A5793) srli x15, x20, 0x39                      rvtest_entrypoint+108
x15 <- 0x0000000000000000

mem[X,0x0000000080000A94] -> 0xEAB3
mem[X,0x0000000080000A96] -> 0x00FA
[101] [M]: 0x0000000080000A94 (0x00FAEAB3) or x21, x21, x15                         rvtest_entrypoint+112
x21 <- 0x000000000FAB7FBB

clint mtime 0x0000000000000033 (mip.MTI <- 0b1, mip.STI <- 0b0)
mem[X,0x0000000080000A98] -> 0xDB13
mem[X,0x0000000080000A9A] -> 0x007A
[102] [M]: 0x0000000080000A98 (0x007ADB13) srli x22, x21, 0x7                       rvtest_entrypoint+116
x22 <- 0x00000000001F56FF

mem[X,0x0000000080000A9C] -> 0xD793
mem[X,0x0000000080000A9E] -> 0x039A
[103] [M]: 0x0000000080000A9C (0x039AD793) srli x15, x21, 0x39                      rvtest_entrypoint+120
x15 <- 0x0000000000000000

clint mtime 0x0000000000000034 (mip.MTI <- 0b1, mip.STI <- 0b0)
mem[X,0x0000000080000AA0] -> 0x6B33
mem[X,0x0000000080000AA2] -> 0x00FB
[104] [M]: 0x0000000080000AA0 (0x00FB6B33) or x22, x22, x15                         rvtest_entrypoint+124
x22 <- 0x00000000001F56FF

mem[X,0x0000000080000AA4] -> 0x5B93
mem[X,0x0000000080000AA6] -> 0x007B
[105] [M]: 0x0000000080000AA4 (0x007B5B93) srli x23, x22, 0x7                       rvtest_entrypoint+128
x23 <- 0x0000000000003EAD

clint mtime 0x0000000000000035 (mip.MTI <- 0b1, mip.STI <- 0b0)
mem[X,0x0000000080000AA8] -> 0x5793
mem[X,0x0000000080000AAA] -> 0x039B
[106] [M]: 0x0000000080000AA8 (0x039B5793) srli x15, x22, 0x39                      rvtest_entrypoint+132
x15 <- 0x0000000000000000

mem[X,0x0000000080000AAC] -> 0xEBB3
mem[X,0x0000000080000AAE] -> 0x00FB
[107] [M]: 0x0000000080000AAC (0x00FBEBB3) or x23, x23, x15                         rvtest_entrypoint+136
x23 <- 0x0000000000003EAD

clint mtime 0x0000000000000036 (mip.MTI <- 0b1, mip.STI <- 0b0)
mem[X,0x0000000080000AB0] -> 0xDC13
mem[X,0x0000000080000AB2] -> 0x007B
[108] [M]: 0x0000000080000AB0 (0x007BDC13) srli x24, x23, 0x7                       rvtest_entrypoint+140
x24 <- 0x000000000000007D

mem[X,0x0000000080000AB4] -> 0xD793
mem[X,0x0000000080000AB6] -> 0x039B
[109] [M]: 0x0000000080000AB4 (0x039BD793) srli x15, x23, 0x39                      rvtest_entrypoint+144
x15 <- 0x0000000000000000

clint mtime 0x0000000000000037 (mip.MTI <- 0b1, mip.STI <- 0b0)
mem[X,0x0000000080000AB8] -> 0x6C33
mem[X,0x0000000080000ABA] -> 0x00FC
[110] [M]: 0x0000000080000AB8 (0x00FC6C33) or x24, x24, x15                         rvtest_entrypoint+148
x24 <- 0x000000000000007D

mem[X,0x0000000080000ABC] -> 0x5C93
mem[X,0x0000000080000ABE] -> 0x007C
[111] [M]: 0x0000000080000ABC (0x007C5C93) srli x25, x24, 0x7                       rvtest_entrypoint+152
x25 <- 0x0000000000000000

clint mtime 0x0000000000000038 (mip.MTI <- 0b1, mip.STI <- 0b0)
mem[X,0x0000000080000AC0] -> 0x5793
mem[X,0x0000000080000AC2] -> 0x039C
[112] [M]: 0x0000000080000AC0 (0x039C5793) srli x15, x24, 0x39                      rvtest_entrypoint+156
x15 <- 0x0000000000000000

mem[X,0x0000000080000AC4] -> 0xECB3
mem[X,0x0000000080000AC6] -> 0x00FC
[113] [M]: 0x0000000080000AC4 (0x00FCECB3) or x25, x25, x15                         rvtest_entrypoint+160
x25 <- 0x0000000000000000

clint mtime 0x0000000000000039 (mip.MTI <- 0b1, mip.STI <- 0b0)
mem[X,0x0000000080000AC8] -> 0xDD13
mem[X,0x0000000080000ACA] -> 0x007C
[114] [M]: 0x0000000080000AC8 (0x007CDD13) srli x26, x25, 0x7                       rvtest_entrypoint+164
x26 <- 0x0000000000000000

mem[X,0x0000000080000ACC] -> 0xD793
mem[X,0x0000000080000ACE] -> 0x039C
[115] [M]: 0x0000000080000ACC (0x039CD793) srli x15, x25, 0x39                      rvtest_entrypoint+168
x15 <- 0x0000000000000000

clint mtime 0x000000000000003A (mip.MTI <- 0b1, mip.STI <- 0b0)
mem[X,0x0000000080000AD0] -> 0x6D33
mem[X,0x0000000080000AD2] -> 0x00FD
[116] [M]: 0x0000000080000AD0 (0x00FD6D33) or x26, x26, x15                         rvtest_entrypoint+172
x26 <- 0x0000000000000000

mem[X,0x0000000080000AD4] -> 0x5D93
mem[X,0x0000000080000AD6] -> 0x007D
[117] [M]: 0x0000000080000AD4 (0x007D5D93) srli x27, x26, 0x7                       rvtest_entrypoint+176
x27 <- 0x0000000000000000

clint mtime 0x000000000000003B (mip.MTI <- 0b1, mip.STI <- 0b0)
mem[X,0x0000000080000AD8] -> 0x5793
mem[X,0x0000000080000ADA] -> 0x039D
[118] [M]: 0x0000000080000AD8 (0x039D5793) srli x15, x26, 0x39                      rvtest_entrypoint+180
x15 <- 0x0000000000000000

mem[X,0x0000000080000ADC] -> 0xEDB3
mem[X,0x0000000080000ADE] -> 0x00FD
[119] [M]: 0x0000000080000ADC (0x00FDEDB3) or x27, x27, x15                         rvtest_entrypoint+184
x27 <- 0x0000000000000000

clint mtime 0x000000000000003C (mip.MTI <- 0b1, mip.STI <- 0b0)
mem[X,0x0000000080000AE0] -> 0xDE13
mem[X,0x0000000080000AE2] -> 0x007D
[120] [M]: 0x0000000080000AE0 (0x007DDE13) srli x28, x27, 0x7                       rvtest_entrypoint+188
x28 <- 0x0000000000000000

mem[X,0x0000000080000AE4] -> 0xD793
mem[X,0x0000000080000AE6] -> 0x039D
[121] [M]: 0x0000000080000AE4 (0x039DD793) srli x15, x27, 0x39                      rvtest_entrypoint+192
x15 <- 0x0000000000000000

clint mtime 0x000000000000003D (mip.MTI <- 0b1, mip.STI <- 0b0)
mem[X,0x0000000080000AE8] -> 0x6E33
mem[X,0x0000000080000AEA] -> 0x00FE
[122] [M]: 0x0000000080000AE8 (0x00FE6E33) or x28, x28, x15                         rvtest_entrypoint+196
x28 <- 0x0000000000000000

mem[X,0x0000000080000AEC] -> 0x5E93
mem[X,0x0000000080000AEE] -> 0x007E
[123] [M]: 0x0000000080000AEC (0x007E5E93) srli x29, x28, 0x7                       rvtest_entrypoint+200
x29 <- 0x0000000000000000

clint mtime 0x000000000000003E (mip.MTI <- 0b1, mip.STI <- 0b0)
mem[X,0x0000000080000AF0] -> 0x5793
mem[X,0x0000000080000AF2] -> 0x039E
[124] [M]: 0x0000000080000AF0 (0x039E5793) srli x15, x28, 0x39                      rvtest_entrypoint+204
x15 <- 0x0000000000000000

mem[X,0x0000000080000AF4] -> 0xEEB3
mem[X,0x0000000080000AF6] -> 0x00FE
[125] [M]: 0x0000000080000AF4 (0x00FEEEB3) or x29, x29, x15                         rvtest_entrypoint+208
x29 <- 0x0000000000000000

clint mtime 0x000000000000003F (mip.MTI <- 0b1, mip.STI <- 0b0)
mem[X,0x0000000080000AF8] -> 0xDF13
mem[X,0x0000000080000AFA] -> 0x007E
[126] [M]: 0x0000000080000AF8 (0x007EDF13) srli x30, x29, 0x7                       rvtest_entrypoint+212
x30 <- 0x0000000000000000

mem[X,0x0000000080000AFC] -> 0xD793
mem[X,0x0000000080000AFE] -> 0x039E
[127] [M]: 0x0000000080000AFC (0x039ED793) srli x15, x29, 0x39                      rvtest_entrypoint+216
x15 <- 0x0000000000000000

clint mtime 0x0000000000000040 (mip.MTI <- 0b1, mip.STI <- 0b0)
mem[X,0x0000000080000B00] -> 0x6F33
mem[X,0x0000000080000B02] -> 0x00FF
[128] [M]: 0x0000000080000B00 (0x00FF6F33) or x30, x30, x15                         rvtest_entrypoint+220
x30 <- 0x0000000000000000

mem[X,0x0000000080000B04] -> 0xC0B7
mem[X,0x0000000080000B06] -> 0xFEED
[129] [M]: 0x0000000080000B04 (0xFEEDC0B7) lui x1, -0x1124                          rvtest_entrypoint+224
x1 <- 0xFFFFFFFFFEEDC000

clint mtime 0x0000000000000041 (mip.MTI <- 0b1, mip.STI <- 0b0)
mem[X,0x0000000080000B08] -> 0x8093
mem[X,0x0000000080000B0A] -> 0xEAD0
[130] [M]: 0x0000000080000B08 (0xEAD08093) addi x1, x1, -0x153                      rvtest_entrypoint+228
x1 <- 0xFFFFFFFFFEEDBEAD

mem[X,0x0000000080000B0C] -> 0x9093
mem[X,0x0000000080000B0E] -> 0x00B0
[131] [M]: 0x0000000080000B0C (0x00B09093) slli x1, x1, 0xb                         rvtest_entrypoint+232
x1 <- 0xFFFFFFF76DF56800

clint mtime 0x0000000000000042 (mip.MTI <- 0b1, mip.STI <- 0b0)
mem[X,0x0000000080000B10] -> 0x8093
mem[X,0x0000000080000B12] -> 0x7F70
[132] [M]: 0x0000000080000B10 (0x7F708093) addi x1, x1, 0x7f7                       rvtest_entrypoint+236
x1 <- 0xFFFFFFF76DF56FF7

mem[X,0x0000000080000B14] -> 0x9093
mem[X,0x0000000080000B16] -> 0x00B0
[133] [M]: 0x0000000080000B14 (0x00B09093) slli x1, x1, 0xb                         rvtest_entrypoint+240
x1 <- 0xFFFFBB6FAB7FB800

clint mtime 0x0000000000000043 (mip.MTI <- 0b1, mip.STI <- 0b0)
mem[X,0x0000000080000B18] -> 0x8093
mem[X,0x0000000080000B1A] -> 0x36F0
[134] [M]: 0x0000000080000B18 (0x36F08093) addi x1, x1, 0x36f                       rvtest_entrypoint+244
x1 <- 0xFFFFBB6FAB7FBB6F

mem[X,0x0000000080000B1C] -> 0x9093
mem[X,0x0000000080000B1E] -> 0x00A0
[135] [M]: 0x0000000080000B1C (0x00A09093) slli x1, x1, 0xa                         rvtest_entrypoint+248
x1 <- 0xFEEDBEADFEEDBC00

clint mtime 0x0000000000000044 (mip.MTI <- 0b1, mip.STI <- 0b0)
mem[X,0x0000000080000B20] -> 0x8093
mem[X,0x0000000080000B22] -> 0x2AD0
[136] [M]: 0x0000000080000B20 (0x2AD08093) addi x1, x1, 0x2ad                       rvtest_entrypoint+252
x1 <- 0xFEEDBEADFEEDBEAD

mem[X,0x0000000080000B24] -> 0xD113
mem[X,0x0000000080000B26] -> 0x0070
[137] [M]: 0x0000000080000B24 (0x0070D113) srli x2, x1, 0x7                         rvtest_entrypoint+256
x2 <- 0x01FDDB7D5BFDDB7D

clint mtime 0x0000000000000045 (mip.MTI <- 0b1, mip.STI <- 0b0)
mem[X,0x0000000080000B28] -> 0xD793
mem[X,0x0000000080000B2A] -> 0x0390
[138] [M]: 0x0000000080000B28 (0x0390D793) srli x15, x1, 0x39                       rvtest_entrypoint+260
x15 <- 0x000000000000007F

mem[X,0x0000000080000B2C] -> 0x6133
mem[X,0x0000000080000B2E] -> 0x00F1
[139] [M]: 0x0000000080000B2C (0x00F16133) or x2, x2, x15                           rvtest_entrypoint+264
x2 <- 0x01FDDB7D5BFDDB7F

clint mtime 0x0000000000000046 (mip.MTI <- 0b1, mip.STI <- 0b0)
mem[X,0x0000000080000B30] -> 0x5193
mem[X,0x0000000080000B32] -> 0x0071
[140] [M]: 0x0000000080000B30 (0x00715193) srli x3, x2, 0x7                         rvtest_entrypoint+268
x3 <- 0x0003FBB6FAB7FBB6

mem[X,0x0000000080000B34] -> 0x5793
mem[X,0x0000000080000B36] -> 0x0391
[141] [M]: 0x0000000080000B34 (0x03915793) srli x15, x2, 0x39                       rvtest_entrypoint+272
x15 <- 0x0000000000000000

clint mtime 0x0000000000000047 (mip.MTI <- 0b1, mip.STI <- 0b0)
mem[X,0x0000000080000B38] -> 0xE1B3
mem[X,0x0000000080000B3A] -> 0x00F1
[142] [M]: 0x0000000080000B38 (0x00F1E1B3) or x3, x3, x15                           rvtest_entrypoint+276
x3 <- 0x0003FBB6FAB7FBB6

mem[X,0x0000000080000B3C] -> 0xD213
mem[X,0x0000000080000B3E] -> 0x0071
[143] [M]: 0x0000000080000B3C (0x0071D213) srli x4, x3, 0x7                         rvtest_entrypoint+280
x4 <- 0x000007F76DF56FF7

clint mtime 0x0000000000000048 (mip.MTI <- 0b1, mip.STI <- 0b0)
mem[X,0x0000000080000B40] -> 0xD793
mem[X,0x0000000080000B42] -> 0x0391
[144] [M]: 0x0000000080000B40 (0x0391D793) srli x15, x3, 0x39                       rvtest_entrypoint+284
x15 <- 0x0000000000000000

mem[X,0x0000000080000B44] -> 0x6233
mem[X,0x0000000080000B46] -> 0x00F2
[145] [M]: 0x0000000080000B44 (0x00F26233) or x4, x4, x15                           rvtest_entrypoint+288
x4 <- 0x000007F76DF56FF7

clint mtime 0x0000000000000049 (mip.MTI <- 0b1, mip.STI <- 0b0)
mem[X,0x0000000080000B48] -> 0x5293
mem[X,0x0000000080000B4A] -> 0x0072
[146] [M]: 0x0000000080000B48 (0x00725293) srli x5, x4, 0x7                         rvtest_entrypoint+292
x5 <- 0x0000000FEEDBEADF

mem[X,0x0000000080000B4C] -> 0x5793
mem[X,0x0000000080000B4E] -> 0x0392
[147] [M]: 0x0000000080000B4C (0x03925793) srli x15, x4, 0x39                       rvtest_entrypoint+296
x15 <- 0x0000000000000000

clint mtime 0x000000000000004A (mip.MTI <- 0b1, mip.STI <- 0b0)
mem[X,0x0000000080000B50] -> 0xE2B3
mem[X,0x0000000080000B52] -> 0x00F2
[148] [M]: 0x0000000080000B50 (0x00F2E2B3) or x5, x5, x15                           rvtest_entrypoint+300
x5 <- 0x0000000FEEDBEADF

mem[X,0x0000000080000B54] -> 0xD313
mem[X,0x0000000080000B56] -> 0x0072
[149] [M]: 0x0000000080000B54 (0x0072D313) srli x6, x5, 0x7                         rvtest_entrypoint+304
x6 <- 0x000000001FDDB7D5

clint mtime 0x000000000000004B (mip.MTI <- 0b1, mip.STI <- 0b0)
mem[X,0x0000000080000B58] -> 0xD793
mem[X,0x0000000080000B5A] -> 0x0392
[150] [M]: 0x0000000080000B58 (0x0392D793) srli x15, x5, 0x39                       rvtest_entrypoint+308
x15 <- 0x0000000000000000

mem[X,0x0000000080000B5C] -> 0x6333
mem[X,0x0000000080000B5E] -> 0x00F3
[151] [M]: 0x0000000080000B5C (0x00F36333) or x6, x6, x15                           rvtest_entrypoint+312
x6 <- 0x000000001FDDB7D5

clint mtime 0x000000000000004C (mip.MTI <- 0b1, mip.STI <- 0b0)
mem[X,0x0000000080000B60] -> 0x5393
mem[X,0x0000000080000B62] -> 0x0073
[152] [M]: 0x0000000080000B60 (0x00735393) srli x7, x6, 0x7                         rvtest_entrypoint+316
x7 <- 0x00000000003FBB6F

mem[X,0x0000000080000B64] -> 0x5793
mem[X,0x0000000080000B66] -> 0x0393
[153] [M]: 0x0000000080000B64 (0x03935793) srli x15, x6, 0x39                       rvtest_entrypoint+320
x15 <- 0x0000000000000000

clint mtime 0x000000000000004D (mip.MTI <- 0b1, mip.STI <- 0b0)
mem[X,0x0000000080000B68] -> 0xE3B3
mem[X,0x0000000080000B6A] -> 0x00F3
[154] [M]: 0x0000000080000B68 (0x00F3E3B3) or x7, x7, x15                           rvtest_entrypoint+324
x7 <- 0x00000000003FBB6F

mem[X,0x0000000080000B6C] -> 0xD413
mem[X,0x0000000080000B6E] -> 0x0073
[155] [M]: 0x0000000080000B6C (0x0073D413) srli x8, x7, 0x7                         rvtest_entrypoint+328
x8 <- 0x0000000000007F76

clint mtime 0x000000000000004E (mip.MTI <- 0b1, mip.STI <- 0b0)
mem[X,0x0000000080000B70] -> 0xD793
mem[X,0x0000000080000B72] -> 0x0393
[156] [M]: 0x0000000080000B70 (0x0393D793) srli x15, x7, 0x39                       rvtest_entrypoint+332
x15 <- 0x0000000000000000

mem[X,0x0000000080000B74] -> 0x6433
mem[X,0x0000000080000B76] -> 0x00F4
[157] [M]: 0x0000000080000B74 (0x00F46433) or x8, x8, x15                           rvtest_entrypoint+336
x8 <- 0x0000000000007F76

clint mtime 0x000000000000004F (mip.MTI <- 0b1, mip.STI <- 0b0)
mem[X,0x0000000080000B78] -> 0x5493
mem[X,0x0000000080000B7A] -> 0x0074
[158] [M]: 0x0000000080000B78 (0x00745493) srli x9, x8, 0x7                         rvtest_entrypoint+340
x9 <- 0x00000000000000FE

mem[X,0x0000000080000B7C] -> 0x5793
mem[X,0x0000000080000B7E] -> 0x0394
[159] [M]: 0x0000000080000B7C (0x03945793) srli x15, x8, 0x39                       rvtest_entrypoint+344
x15 <- 0x0000000000000000

clint mtime 0x0000000000000050 (mip.MTI <- 0b1, mip.STI <- 0b0)
mem[X,0x0000000080000B80] -> 0xE4B3
mem[X,0x0000000080000B82] -> 0x00F4
[160] [M]: 0x0000000080000B80 (0x00F4E4B3) or x9, x9, x15                           rvtest_entrypoint+348
x9 <- 0x00000000000000FE

mem[X,0x0000000080000B84] -> 0xD513
mem[X,0x0000000080000B86] -> 0x0074
[161] [M]: 0x0000000080000B84 (0x0074D513) srli x10, x9, 0x7                        rvtest_entrypoint+352
x10 <- 0x0000000000000001

clint mtime 0x0000000000000051 (mip.MTI <- 0b1, mip.STI <- 0b0)
mem[X,0x0000000080000B88] -> 0xD793
mem[X,0x0000000080000B8A] -> 0x0394
[162] [M]: 0x0000000080000B88 (0x0394D793) srli x15, x9, 0x39                       rvtest_entrypoint+356
x15 <- 0x0000000000000000

mem[X,0x0000000080000B8C] -> 0x6533
mem[X,0x0000000080000B8E] -> 0x00F5
[163] [M]: 0x0000000080000B8C (0x00F56533) or x10, x10, x15                         rvtest_entrypoint+360
x10 <- 0x0000000000000001

clint mtime 0x0000000000000052 (mip.MTI <- 0b1, mip.STI <- 0b0)
mem[X,0x0000000080000B90] -> 0x5593
mem[X,0x0000000080000B92] -> 0x0075
[164] [M]: 0x0000000080000B90 (0x00755593) srli x11, x10, 0x7                       rvtest_entrypoint+364
x11 <- 0x0000000000000000

mem[X,0x0000000080000B94] -> 0x5793
mem[X,0x0000000080000B96] -> 0x0395
[165] [M]: 0x0000000080000B94 (0x03955793) srli x15, x10, 0x39                      rvtest_entrypoint+368
x15 <- 0x0000000000000000

clint mtime 0x0000000000000053 (mip.MTI <- 0b1, mip.STI <- 0b0)
mem[X,0x0000000080000B98] -> 0xE5B3
mem[X,0x0000000080000B9A] -> 0x00F5
[166] [M]: 0x0000000080000B98 (0x00F5E5B3) or x11, x11, x15                         rvtest_entrypoint+372
x11 <- 0x0000000000000000

mem[X,0x0000000080000B9C] -> 0xD613
mem[X,0x0000000080000B9E] -> 0x0075
[167] [M]: 0x0000000080000B9C (0x0075D613) srli x12, x11, 0x7                       rvtest_entrypoint+376
x12 <- 0x0000000000000000

clint mtime 0x0000000000000054 (mip.MTI <- 0b1, mip.STI <- 0b0)
mem[X,0x0000000080000BA0] -> 0xD793
mem[X,0x0000000080000BA2] -> 0x0395
[168] [M]: 0x0000000080000BA0 (0x0395D793) srli x15, x11, 0x39                      rvtest_entrypoint+380
x15 <- 0x0000000000000000

mem[X,0x0000000080000BA4] -> 0x6633
mem[X,0x0000000080000BA6] -> 0x00F6
[169] [M]: 0x0000000080000BA4 (0x00F66633) or x12, x12, x15                         rvtest_entrypoint+384
x12 <- 0x0000000000000000

clint mtime 0x0000000000000055 (mip.MTI <- 0b1, mip.STI <- 0b0)
mem[X,0x0000000080000BA8] -> 0x5693
mem[X,0x0000000080000BAA] -> 0x0076
[170] [M]: 0x0000000080000BA8 (0x00765693) srli x13, x12, 0x7                       rvtest_entrypoint+388
x13 <- 0x0000000000000000

mem[X,0x0000000080000BAC] -> 0x5793
mem[X,0x0000000080000BAE] -> 0x0396
[171] [M]: 0x0000000080000BAC (0x03965793) srli x15, x12, 0x39                      rvtest_entrypoint+392
x15 <- 0x0000000000000000

clint mtime 0x0000000000000056 (mip.MTI <- 0b1, mip.STI <- 0b0)
mem[X,0x0000000080000BB0] -> 0xE6B3
mem[X,0x0000000080000BB2] -> 0x00F6
[172] [M]: 0x0000000080000BB0 (0x00F6E6B3) or x13, x13, x15                         rvtest_entrypoint+396
x13 <- 0x0000000000000000

mem[X,0x0000000080000BB4] -> 0x0013
mem[X,0x0000000080000BB6] -> 0x0000
[173] [M]: 0x0000000080000BB4 (0x00000013) addi x0, x0, 0x0                         rvtest_code_begin+0

clint mtime 0x0000000000000057 (mip.MTI <- 0b1, mip.STI <- 0b0)
mem[X,0x0000000080000BB8] -> 0x0013
mem[X,0x0000000080000BBA] -> 0x0000
[174] [M]: 0x0000000080000BB8 (0x00000013) addi x0, x0, 0x0                         rvtest_code_begin+4

mem[X,0x0000000080000BBC] -> 0x0013
mem[X,0x0000000080000BBE] -> 0x0000
[175] [M]: 0x0000000080000BBC (0x00000013) addi x0, x0, 0x0                         rvtest_code_begin+8

clint mtime 0x0000000000000058 (mip.MTI <- 0b1, mip.STI <- 0b0)
mem[X,0x0000000080000BC0] -> 0x8697
mem[X,0x0000000080000BC2] -> 0x0000
[176] [M]: 0x0000000080000BC0 (0x00008697) auipc x13, 0x8                           rvtest_code_begin+12
x13 <- 0x0000000080008BC0

mem[X,0x0000000080000BC4] -> 0x8693
mem[X,0x0000000080000BC6] -> 0x5586
[177] [M]: 0x0000000080000BC4 (0x55868693) addi x13, x13, 0x558                     rvtest_code_begin+16
x13 <- 0x0000000080009118

clint mtime 0x0000000000000059 (mip.MTI <- 0b1, mip.STI <- 0b0)
mem[X,0x0000000080000BC8] -> 0x0001
[178] [M]: 0x0000000080000BC8 (0x0001) c.nop                                        rvtest_code_begin+20

mem[X,0x0000000080000BCA] -> 0x0013
mem[X,0x0000000080000BCC] -> 0x0000
[179] [M]: 0x0000000080000BCA (0x00000013) addi x0, x0, 0x0                         rvtest_code_begin+22

clint mtime 0x000000000000005A (mip.MTI <- 0b1, mip.STI <- 0b0)
mem[X,0x0000000080000BCE] -> 0x0013
mem[X,0x0000000080000BD0] -> 0x0000
[180] [M]: 0x0000000080000BCE (0x00000013) addi x0, x0, 0x0                         rvtest_code_begin+26

mem[X,0x0000000080000BD2] -> 0x0013
mem[X,0x0000000080000BD4] -> 0x0000
[181] [M]: 0x0000000080000BD2 (0x00000013) addi x0, x0, 0x0                         rvtest_code_begin+30

clint mtime 0x000000000000005B (mip.MTI <- 0b1, mip.STI <- 0b0)
mem[X,0x0000000080000BD6] -> 0x0013
mem[X,0x0000000080000BD8] -> 0x0000
[182] [M]: 0x0000000080000BD6 (0x00000013) addi x0, x0, 0x0                         rvtest_code_begin+34

mem[X,0x0000000080000BDA] -> 0x0013
mem[X,0x0000000080000BDC] -> 0x0000
[183] [M]: 0x0000000080000BDA (0x00000013) addi x0, x0, 0x0                         rvtest_code_begin+38

clint mtime 0x000000000000005C (mip.MTI <- 0b1, mip.STI <- 0b0)
mem[X,0x0000000080000BDE] -> 0x0001
[184] [M]: 0x0000000080000BDE (0x0001) c.nop                                        rvtest_code_begin+42

mem[X,0x0000000080000BE0] -> 0xD737
mem[X,0x0000000080000BE2] -> 0x0000
[185] [M]: 0x0000000080000BE0 (0x0000D737) lui x14, 0xd                             main+0
x14 <- 0x000000000000D000

clint mtime 0x000000000000005D (mip.MTI <- 0b1, mip.STI <- 0b0)
mem[X,0x0000000080000BE4] -> 0x071B
mem[X,0x0000000080000BE6] -> 0xEED7
[186] [M]: 0x0000000080000BE4 (0xEED7071B) addiw x14, x14, -0x113                   main+4
x14 <- 0x000000000000CEED

mem[X,0x0000000080000BE8] -> 0xB023
mem[X,0x0000000080000BEA] -> 0x00E6
[187] [M]: 0x0000000080000BE8 (0x00E6B023) sd x14, 0x0(x13)                         main+8
mem[W,0x0000000080009118] <- 0x000000000000CEED

clint mtime 0x000000000000005E (mip.MTI <- 0b1, mip.STI <- 0b0)
mem[X,0x0000000080000BEC] -> 0xC737
mem[X,0x0000000080000BEE] -> 0x0000
[188] [M]: 0x0000000080000BEC (0x0000C737) lui x14, 0xc                             main+12
x14 <- 0x000000000000C000

mem[X,0x0000000080000BF0] -> 0x071B
mem[X,0x0000000080000BF2] -> 0xEED7
[189] [M]: 0x0000000080000BF0 (0xEED7071B) addiw x14, x14, -0x113                   main+16
x14 <- 0x000000000000BEED

clint mtime 0x000000000000005F (mip.MTI <- 0b1, mip.STI <- 0b0)
mem[X,0x0000000080000BF4] -> 0xB423
mem[X,0x0000000080000BF6] -> 0x00E6
[190] [M]: 0x0000000080000BF4 (0x00E6B423) sd x14, 0x8(x13)                         main+20
mem[W,0x0000000080009120] <- 0x000000000000BEED

mem[X,0x0000000080000BF8] -> 0x1073
mem[X,0x0000000080000BFA] -> 0x1800
[191] [M]: 0x0000000080000BF8 (0x18001073) csrrw x0, satp, x0                       main+24
CSR satp (0x180) <- 0x0000000000000000

clint mtime 0x0000000000000060 (mip.MTI <- 0b1, mip.STI <- 0b0)
mem[X,0x0000000080000BFC] -> 0x0393
mem[X,0x0000000080000BFE] -> 0x0000
[192] [M]: 0x0000000080000BFC (0x00000393) addi x7, x0, 0x0                         main+28
x7 <- 0x0000000000000000

mem[X,0x0000000080000C00] -> 0x9073
mem[X,0x0000000080000C02] -> 0x3B23
[193] [M]: 0x0000000080000C00 (0x3B239073) csrrw x0, pmpaddr2, x7                   main+32
CSR pmpaddr2 (0x3B2) <- 0x0000000000000000

clint mtime 0x0000000000000061 (mip.MTI <- 0b1, mip.STI <- 0b0)
mem[X,0x0000000080000C04] -> 0x0393
mem[X,0x0000000080000C06] -> 0xFFF0
[194] [M]: 0x0000000080000C04 (0xFFF00393) addi x7, x0, -0x1                        main+36
x7 <- 0xFFFFFFFFFFFFFFFF

mem[X,0x0000000080000C08] -> 0x9073
mem[X,0x0000000080000C0A] -> 0x3B33
[195] [M]: 0x0000000080000C08 (0x3B339073) csrrw x0, pmpaddr3, x7                   main+40
CSR pmpaddr3 (0x3B3) <- 0x003FFFFFFFFFFFFF

clint mtime 0x0000000000000062 (mip.MTI <- 0b1, mip.STI <- 0b0)
mem[X,0x0000000080000C0C] -> 0x0393
mem[X,0x0000000080000C0E] -> 0x0010
[196] [M]: 0x0000000080000C0C (0x00100393) addi x7, x0, 0x1                         main+44
x7 <- 0x0000000000000001

mem[X,0x0000000080000C10] -> 0x9393
mem[X,0x0000000080000C12] -> 0x01F3
[197] [M]: 0x0000000080000C10 (0x01F39393) slli x7, x7, 0x1f                        main+48
x7 <- 0x0000000080000000

clint mtime 0x0000000000000063 (mip.MTI <- 0b1, mip.STI <- 0b0)
mem[X,0x0000000080000C14] -> 0xD393
mem[X,0x0000000080000C16] -> 0x0023
[198] [M]: 0x0000000080000C14 (0x0023D393) srli x7, x7, 0x2                         main+52
x7 <- 0x0000000020000000

mem[X,0x0000000080000C18] -> 0x0313
mem[X,0x0000000080000C1A] -> 0x0FF0
[199] [M]: 0x0000000080000C18 (0x0FF00313) addi x6, x0, 0xff                        main+56
x6 <- 0x00000000000000FF

clint mtime 0x0000000000000064 (mip.MTI <- 0b1, mip.STI <- 0b0)
mem[X,0x0000000080000C1C] -> 0xE3B3
mem[X,0x0000000080000C1E] -> 0x0063
[200] [M]: 0x0000000080000C1C (0x0063E3B3) or x7, x7, x6                            main+60
x7 <- 0x00000000200000FF

mem[X,0x0000000080000C20] -> 0x9073
mem[X,0x0000000080000C22] -> 0x3B13
[201] [M]: 0x0000000080000C20 (0x3B139073) csrrw x0, pmpaddr1, x7                   main+64
CSR pmpaddr1 (0x3B1) <- 0x00000000200000FF

clint mtime 0x0000000000000065 (mip.MTI <- 0b1, mip.STI <- 0b0)
mem[X,0x0000000080000C24] -> 0x0013
mem[X,0x0000000080000C26] -> 0x0000
[202] [M]: 0x0000000080000C24 (0x00000013) addi x0, x0, 0x0                         main+68

mem[X,0x0000000080000C28] -> 0x0013
mem[X,0x0000000080000C2A] -> 0x0000
[203] [M]: 0x0000000080000C28 (0x00000013) addi x0, x0, 0x0                         main+72

clint mtime 0x0000000000000066 (mip.MTI <- 0b1, mip.STI <- 0b0)
mem[X,0x0000000080000C2C] -> 0x0013
mem[X,0x0000000080000C2E] -> 0x0000
[204] [M]: 0x0000000080000C2C (0x00000013) addi x0, x0, 0x0                         main+76

mem[X,0x0000000080000C30] -> 0x0013
mem[X,0x0000000080000C32] -> 0x0000
[205] [M]: 0x0000000080000C30 (0x00000013) addi x0, x0, 0x0                         main+80

clint mtime 0x0000000000000067 (mip.MTI <- 0b1, mip.STI <- 0b0)
mem[X,0x0000000080000C34] -> 0x0013
mem[X,0x0000000080000C36] -> 0x0000
[206] [M]: 0x0000000080000C34 (0x00000013) addi x0, x0, 0x0                         main+84

mem[X,0x0000000080000C38] -> 0x0013
mem[X,0x0000000080000C3A] -> 0x0000
[207] [M]: 0x0000000080000C38 (0x00000013) addi x0, x0, 0x0                         main+88

clint mtime 0x0000000000000068 (mip.MTI <- 0b1, mip.STI <- 0b0)
mem[X,0x0000000080000C3C] -> 0x0013
mem[X,0x0000000080000C3E] -> 0x0000
[208] [M]: 0x0000000080000C3C (0x00000013) addi x0, x0, 0x0                         main+92

mem[X,0x0000000080000C40] -> 0x0517
mem[X,0x0000000080000C42] -> 0x0000
[209] [M]: 0x0000000080000C40 (0x00000517) auipc x10, 0x0                           main+96
x10 <- 0x0000000080000C40

clint mtime 0x0000000000000069 (mip.MTI <- 0b1, mip.STI <- 0b0)
mem[X,0x0000000080000C44] -> 0x0513
mem[X,0x0000000080000C46] -> 0xF745
[210] [M]: 0x0000000080000C44 (0xF7450513) addi x10, x10, -0x8c                     main+100
x10 <- 0x0000000080000BB4

mem[X,0x0000000080000C48] -> 0x0001
[211] [M]: 0x0000000080000C48 (0x0001) c.nop                                        main+104

clint mtime 0x000000000000006A (mip.MTI <- 0b1, mip.STI <- 0b0)
mem[X,0x0000000080000C4A] -> 0x0013
mem[X,0x0000000080000C4C] -> 0x0000
[212] [M]: 0x0000000080000C4A (0x00000013) addi x0, x0, 0x0                         main+106

mem[X,0x0000000080000C4E] -> 0x0013
mem[X,0x0000000080000C50] -> 0x0000
[213] [M]: 0x0000000080000C4E (0x00000013) addi x0, x0, 0x0                         main+110

clint mtime 0x000000000000006B (mip.MTI <- 0b1, mip.STI <- 0b0)
mem[X,0x0000000080000C52] -> 0x0013
mem[X,0x0000000080000C54] -> 0x0000
[214] [M]: 0x0000000080000C52 (0x00000013) addi x0, x0, 0x0                         main+114

mem[X,0x0000000080000C56] -> 0x0013
mem[X,0x0000000080000C58] -> 0x0000
[215] [M]: 0x0000000080000C56 (0x00000013) addi x0, x0, 0x0                         main+118

clint mtime 0x000000000000006C (mip.MTI <- 0b1, mip.STI <- 0b0)
mem[X,0x0000000080000C5A] -> 0x0013
mem[X,0x0000000080000C5C] -> 0x0000
[216] [M]: 0x0000000080000C5A (0x00000013) addi x0, x0, 0x0                         main+122

mem[X,0x0000000080000C5E] -> 0x0001
[217] [M]: 0x0000000080000C5E (0x0001) c.nop                                        main+126

clint mtime 0x000000000000006D (mip.MTI <- 0b1, mip.STI <- 0b0)
mem[X,0x0000000080000C60] -> 0x0593
mem[X,0x0000000080000C62] -> 0x0CB0
[218] [M]: 0x0000000080000C60 (0x0CB00593) addi x11, x0, 0xcb                       main+128
x11 <- 0x00000000000000CB

mem[X,0x0000000080000C64] -> 0x5513
mem[X,0x0000000080000C66] -> 0x00C5
[219] [M]: 0x0000000080000C64 (0x00C55513) srli x10, x10, 0xc                       main+132
x10 <- 0x0000000000080000

clint mtime 0x000000000000006E (mip.MTI <- 0b1, mip.STI <- 0b0)
mem[X,0x0000000080000C68] -> 0x1513
mem[X,0x0000000080000C6A] -> 0x00A5
[220] [M]: 0x0000000080000C68 (0x00A51513) slli x10, x10, 0xa                       main+136
x10 <- 0x0000000020000000

mem[X,0x0000000080000C6C] -> 0x6533
mem[X,0x0000000080000C6E] -> 0x00B5
[221] [M]: 0x0000000080000C6C (0x00B56533) or x10, x10, x11                         main+140
x10 <- 0x00000000200000CB

clint mtime 0x000000000000006F (mip.MTI <- 0b1, mip.STI <- 0b0)
mem[X,0x0000000080000C70] -> 0x0013
mem[X,0x0000000080000C72] -> 0x0000
[222] [M]: 0x0000000080000C70 (0x00000013) addi x0, x0, 0x0                         main+144

mem[X,0x0000000080000C74] -> 0x0013
mem[X,0x0000000080000C76] -> 0x0000
[223] [M]: 0x0000000080000C74 (0x00000013) addi x0, x0, 0x0                         main+148

clint mtime 0x0000000000000070 (mip.MTI <- 0b1, mip.STI <- 0b0)
mem[X,0x0000000080000C78] -> 0x0013
mem[X,0x0000000080000C7A] -> 0x0000
[224] [M]: 0x0000000080000C78 (0x00000013) addi x0, x0, 0x0                         main+152

mem[X,0x0000000080000C7C] -> 0x0013
mem[X,0x0000000080000C7E] -> 0x0000
[225] [M]: 0x0000000080000C7C (0x00000013) addi x0, x0, 0x0                         main+156

clint mtime 0x0000000000000071 (mip.MTI <- 0b1, mip.STI <- 0b0)
mem[X,0x0000000080000C80] -> 0x7317
mem[X,0x0000000080000C82] -> 0x0000
[226] [M]: 0x0000000080000C80 (0x00007317) auipc x6, 0x7                            main+160
x6 <- 0x0000000080007C80

mem[X,0x0000000080000C84] -> 0x0313
mem[X,0x0000000080000C86] -> 0x3803
[227] [M]: 0x0000000080000C84 (0x38030313) addi x6, x6, 0x380                       main+164
x6 <- 0x0000000080008000

clint mtime 0x0000000000000072 (mip.MTI <- 0b1, mip.STI <- 0b0)
mem[X,0x0000000080000C88] -> 0x0001
[228] [M]: 0x0000000080000C88 (0x0001) c.nop                                        main+168

mem[X,0x0000000080000C8A] -> 0x0013
mem[X,0x0000000080000C8C] -> 0x0000
[229] [M]: 0x0000000080000C8A (0x00000013) addi x0, x0, 0x0                         main+170

clint mtime 0x0000000000000073 (mip.MTI <- 0b1, mip.STI <- 0b0)
mem[X,0x0000000080000C8E] -> 0x0013
mem[X,0x0000000080000C90] -> 0x0000
[230] [M]: 0x0000000080000C8E (0x00000013) addi x0, x0, 0x0                         main+174

mem[X,0x0000000080000C92] -> 0x0013
mem[X,0x0000000080000C94] -> 0x0000
[231] [M]: 0x0000000080000C92 (0x00000013) addi x0, x0, 0x0                         main+178

clint mtime 0x0000000000000074 (mip.MTI <- 0b1, mip.STI <- 0b0)
mem[X,0x0000000080000C96] -> 0x0013
mem[X,0x0000000080000C98] -> 0x0000
[232] [M]: 0x0000000080000C96 (0x00000013) addi x0, x0, 0x0                         main+182

mem[X,0x0000000080000C9A] -> 0x0013
mem[X,0x0000000080000C9C] -> 0x0000
[233] [M]: 0x0000000080000C9A (0x00000013) addi x0, x0, 0x0                         main+186

clint mtime 0x0000000000000075 (mip.MTI <- 0b1, mip.STI <- 0b0)
mem[X,0x0000000080000C9E] -> 0x0001
[234] [M]: 0x0000000080000C9E (0x0001) c.nop                                        main+190

mem[X,0x0000000080000CA0] -> 0x0293
mem[X,0x0000000080000CA2] -> 0x0300
[235] [M]: 0x0000000080000CA0 (0x03000293) addi x5, x0, 0x30                        main+192
x5 <- 0x0000000000000030

clint mtime 0x0000000000000076 (mip.MTI <- 0b1, mip.STI <- 0b0)
mem[X,0x0000000080000CA4] -> 0x0333
mem[X,0x0000000080000CA6] -> 0x0053
[236] [M]: 0x0000000080000CA4 (0x00530333) add x6, x6, x5                           main+196
x6 <- 0x0000000080008030

mem[X,0x0000000080000CA8] -> 0x3023
mem[X,0x0000000080000CAA] -> 0x00A3
[237] [M]: 0x0000000080000CA8 (0x00A33023) sd x10, 0x0(x6)                          main+200
mem[W,0x0000000080008030] <- 0x00000000200000CB

clint mtime 0x0000000000000077 (mip.MTI <- 0b1, mip.STI <- 0b0)
mem[X,0x0000000080000CAC] -> 0x0293
mem[X,0x0000000080000CAE] -> 0xFFF0
[238] [M]: 0x0000000080000CAC (0xFFF00293) addi x5, x0, -0x1                        main+204
x5 <- 0xFFFFFFFFFFFFFFFF

mem[X,0x0000000080000CB0] -> 0xD293
mem[X,0x0000000080000CB2] -> 0x02E2
[239] [M]: 0x0000000080000CB0 (0x02E2D293) srli x5, x5, 0x2e                        main+208
x5 <- 0x000000000003FFFF

clint mtime 0x0000000000000078 (mip.MTI <- 0b1, mip.STI <- 0b0)
mem[X,0x0000000080000CB4] -> 0x9293
mem[X,0x0000000080000CB6] -> 0x00A2
[240] [M]: 0x0000000080000CB4 (0x00A29293) slli x5, x5, 0xa                         main+212
x5 <- 0x000000000FFFFC00

mem[X,0x0000000080000CB8] -> 0xC293
mem[X,0x0000000080000CBA] -> 0xFFF2
[241] [M]: 0x0000000080000CB8 (0xFFF2C293) xori x5, x5, -0x1                        main+216
x5 <- 0xFFFFFFFFF00003FF

clint mtime 0x0000000000000079 (mip.MTI <- 0b1, mip.STI <- 0b0)
mem[X,0x0000000080000CBC] -> 0x7533
mem[X,0x0000000080000CBE] -> 0x0055
[242] [M]: 0x0000000080000CBC (0x00557533) and x10, x10, x5                         main+220
x10 <- 0x00000000200000CB

mem[X,0x0000000080000CC0] -> 0x3023
mem[X,0x0000000080000CC2] -> 0x00A3
[243] [M]: 0x0000000080000CC0 (0x00A33023) sd x10, 0x0(x6)                          main+224
mem[W,0x0000000080008030] <- 0x00000000200000CB

clint mtime 0x000000000000007A (mip.MTI <- 0b1, mip.STI <- 0b0)
mem[X,0x0000000080000CC4] -> 0x0073
mem[X,0x0000000080000CC6] -> 0x1200
[244] [M]: 0x0000000080000CC4 (0x12000073) sfence.vma x0, x0                        main+228

mem[X,0x0000000080000CC8] -> 0x0013
mem[X,0x0000000080000CCA] -> 0x0000
[245] [M]: 0x0000000080000CC8 (0x00000013) addi x0, x0, 0x0                         main+232

clint mtime 0x000000000000007B (mip.MTI <- 0b1, mip.STI <- 0b0)
mem[X,0x0000000080000CCC] -> 0x0013
mem[X,0x0000000080000CCE] -> 0x0000
[246] [M]: 0x0000000080000CCC (0x00000013) addi x0, x0, 0x0                         main+236

mem[X,0x0000000080000CD0] -> 0x0013
mem[X,0x0000000080000CD2] -> 0x0000
[247] [M]: 0x0000000080000CD0 (0x00000013) addi x0, x0, 0x0                         main+240

clint mtime 0x000000000000007C (mip.MTI <- 0b1, mip.STI <- 0b0)
mem[X,0x0000000080000CD4] -> 0x0013
mem[X,0x0000000080000CD6] -> 0x0000
[248] [M]: 0x0000000080000CD4 (0x00000013) addi x0, x0, 0x0                         main+244

mem[X,0x0000000080000CD8] -> 0x0013
mem[X,0x0000000080000CDA] -> 0x0000
[249] [M]: 0x0000000080000CD8 (0x00000013) addi x0, x0, 0x0                         main+248

clint mtime 0x000000000000007D (mip.MTI <- 0b1, mip.STI <- 0b0)
mem[X,0x0000000080000CDC] -> 0x0013
mem[X,0x0000000080000CDE] -> 0x0000
[250] [M]: 0x0000000080000CDC (0x00000013) addi x0, x0, 0x0                         main+252

mem[X,0x0000000080000CE0] -> 0x5517
mem[X,0x0000000080000CE2] -> 0x0000
[251] [M]: 0x0000000080000CE0 (0x00005517) auipc x10, 0x5                           main+256
x10 <- 0x0000000080005CE0

clint mtime 0x000000000000007E (mip.MTI <- 0b1, mip.STI <- 0b0)
mem[X,0x0000000080000CE4] -> 0x0513
mem[X,0x0000000080000CE6] -> 0x8505
[252] [M]: 0x0000000080000CE4 (0x85050513) addi x10, x10, -0x7b0                    main+260
x10 <- 0x0000000080005530

mem[X,0x0000000080000CE8] -> 0x0001
[253] [M]: 0x0000000080000CE8 (0x0001) c.nop                                        main+264

clint mtime 0x000000000000007F (mip.MTI <- 0b1, mip.STI <- 0b0)
mem[X,0x0000000080000CEA] -> 0x0013
mem[X,0x0000000080000CEC] -> 0x0000
[254] [M]: 0x0000000080000CEA (0x00000013) addi x0, x0, 0x0                         main+266

mem[X,0x0000000080000CEE] -> 0x0013
mem[X,0x0000000080000CF0] -> 0x0000
[255] [M]: 0x0000000080000CEE (0x00000013) addi x0, x0, 0x0                         main+270

clint mtime 0x0000000000000080 (mip.MTI <- 0b1, mip.STI <- 0b0)
mem[X,0x0000000080000CF2] -> 0x0013
mem[X,0x0000000080000CF4] -> 0x0000
[256] [M]: 0x0000000080000CF2 (0x00000013) addi x0, x0, 0x0                         main+274

mem[X,0x0000000080000CF6] -> 0x0013
mem[X,0x0000000080000CF8] -> 0x0000
[257] [M]: 0x0000000080000CF6 (0x00000013) addi x0, x0, 0x0                         main+278

clint mtime 0x0000000000000081 (mip.MTI <- 0b1, mip.STI <- 0b0)
mem[X,0x0000000080000CFA] -> 0x0013
mem[X,0x0000000080000CFC] -> 0x0000
[258] [M]: 0x0000000080000CFA (0x00000013) addi x0, x0, 0x0                         main+282

mem[X,0x0000000080000CFE] -> 0x0001
[259] [M]: 0x0000000080000CFE (0x0001) c.nop                                        main+286

clint mtime 0x0000000000000082 (mip.MTI <- 0b1, mip.STI <- 0b0)
mem[X,0x0000000080000D00] -> 0x0593
mem[X,0x0000000080000D02] -> 0x0CF0
[260] [M]: 0x0000000080000D00 (0x0CF00593) addi x11, x0, 0xcf                       main+288
x11 <- 0x00000000000000CF

mem[X,0x0000000080000D04] -> 0x5513
mem[X,0x0000000080000D06] -> 0x00C5
[261] [M]: 0x0000000080000D04 (0x00C55513) srli x10, x10, 0xc                       main+292
x10 <- 0x0000000000080005

clint mtime 0x0000000000000083 (mip.MTI <- 0b1, mip.STI <- 0b0)
mem[X,0x0000000080000D08] -> 0x1513
mem[X,0x0000000080000D0A] -> 0x00A5
[262] [M]: 0x0000000080000D08 (0x00A51513) slli x10, x10, 0xa                       main+296
x10 <- 0x0000000020001400

mem[X,0x0000000080000D0C] -> 0x6533
mem[X,0x0000000080000D0E] -> 0x00B5
[263] [M]: 0x0000000080000D0C (0x00B56533) or x10, x10, x11                         main+300
x10 <- 0x00000000200014CF

clint mtime 0x0000000000000084 (mip.MTI <- 0b1, mip.STI <- 0b0)
mem[X,0x0000000080000D10] -> 0x0013
mem[X,0x0000000080000D12] -> 0x0000
[264] [M]: 0x0000000080000D10 (0x00000013) addi x0, x0, 0x0                         main+304

mem[X,0x0000000080000D14] -> 0x0013
mem[X,0x0000000080000D16] -> 0x0000
[265] [M]: 0x0000000080000D14 (0x00000013) addi x0, x0, 0x0                         main+308

clint mtime 0x0000000000000085 (mip.MTI <- 0b1, mip.STI <- 0b0)
mem[X,0x0000000080000D18] -> 0x0013
mem[X,0x0000000080000D1A] -> 0x0000
[266] [M]: 0x0000000080000D18 (0x00000013) addi x0, x0, 0x0                         main+312

mem[X,0x0000000080000D1C] -> 0x0013
mem[X,0x0000000080000D1E] -> 0x0000
[267] [M]: 0x0000000080000D1C (0x00000013) addi x0, x0, 0x0                         main+316

clint mtime 0x0000000000000086 (mip.MTI <- 0b1, mip.STI <- 0b0)
mem[X,0x0000000080000D20] -> 0x7317
mem[X,0x0000000080000D22] -> 0x0000
[268] [M]: 0x0000000080000D20 (0x00007317) auipc x6, 0x7                            main+320
x6 <- 0x0000000080007D20

mem[X,0x0000000080000D24] -> 0x0313
mem[X,0x0000000080000D26] -> 0x2E03
[269] [M]: 0x0000000080000D24 (0x2E030313) addi x6, x6, 0x2e0                       main+324
x6 <- 0x0000000080008000

clint mtime 0x0000000000000087 (mip.MTI <- 0b1, mip.STI <- 0b0)
mem[X,0x0000000080000D28] -> 0x0001
[270] [M]: 0x0000000080000D28 (0x0001) c.nop                                        main+328

mem[X,0x0000000080000D2A] -> 0x0013
mem[X,0x0000000080000D2C] -> 0x0000
[271] [M]: 0x0000000080000D2A (0x00000013) addi x0, x0, 0x0                         main+330

clint mtime 0x0000000000000088 (mip.MTI <- 0b1, mip.STI <- 0b0)
mem[X,0x0000000080000D2E] -> 0x0013
mem[X,0x0000000080000D30] -> 0x0000
[272] [M]: 0x0000000080000D2E (0x00000013) addi x0, x0, 0x0                         main+334

mem[X,0x0000000080000D32] -> 0x0013
mem[X,0x0000000080000D34] -> 0x0000
[273] [M]: 0x0000000080000D32 (0x00000013) addi x0, x0, 0x0                         main+338

clint mtime 0x0000000000000089 (mip.MTI <- 0b1, mip.STI <- 0b0)
mem[X,0x0000000080000D36] -> 0x0013
mem[X,0x0000000080000D38] -> 0x0000
[274] [M]: 0x0000000080000D36 (0x00000013) addi x0, x0, 0x0                         main+342

mem[X,0x0000000080000D3A] -> 0x0013
mem[X,0x0000000080000D3C] -> 0x0000
[275] [M]: 0x0000000080000D3A (0x00000013) addi x0, x0, 0x0                         main+346

clint mtime 0x000000000000008A (mip.MTI <- 0b1, mip.STI <- 0b0)
mem[X,0x0000000080000D3E] -> 0x0001
[276] [M]: 0x0000000080000D3E (0x0001) c.nop                                        main+350

mem[X,0x0000000080000D40] -> 0x0293
mem[X,0x0000000080000D42] -> 0x0380
[277] [M]: 0x0000000080000D40 (0x03800293) addi x5, x0, 0x38                        main+352
x5 <- 0x0000000000000038

clint mtime 0x000000000000008B (mip.MTI <- 0b1, mip.STI <- 0b0)
mem[X,0x0000000080000D44] -> 0x0333
mem[X,0x0000000080000D46] -> 0x0053
[278] [M]: 0x0000000080000D44 (0x00530333) add x6, x6, x5                           main+356
x6 <- 0x0000000080008038

mem[X,0x0000000080000D48] -> 0x3023
mem[X,0x0000000080000D4A] -> 0x00A3
[279] [M]: 0x0000000080000D48 (0x00A33023) sd x10, 0x0(x6)                          main+360
mem[W,0x0000000080008038] <- 0x00000000200014CF

clint mtime 0x000000000000008C (mip.MTI <- 0b1, mip.STI <- 0b0)
mem[X,0x0000000080000D4C] -> 0x0073
mem[X,0x0000000080000D4E] -> 0x1200
[280] [M]: 0x0000000080000D4C (0x12000073) sfence.vma x0, x0                        main+364

mem[X,0x0000000080000D50] -> 0x02B7
mem[X,0x0000000080000D52] -> 0x1C00
[281] [M]: 0x0000000080000D50 (0x1C0002B7) lui x5, 0x1c000                          main+368
x5 <- 0x000000001C000000

clint mtime 0x000000000000008D (mip.MTI <- 0b1, mip.STI <- 0b0)
mem[X,0x0000000080000D54] -> 0x8293
mem[X,0x0000000080000D56] -> 0x0532
[282] [M]: 0x0000000080000D54 (0x05328293) addi x5, x5, 0x53                        main+372
x5 <- 0x000000001C000053

mem[X,0x0000000080000D58] -> 0x9293
mem[X,0x0000000080000D5A] -> 0x0042
[283] [M]: 0x0000000080000D58 (0x00429293) slli x5, x5, 0x4                         main+376
x5 <- 0x00000001C0000530

clint mtime 0x000000000000008E (mip.MTI <- 0b1, mip.STI <- 0b0)
mem[X,0x0000000080000D5C] -> 0x0013
mem[X,0x0000000080000D5E] -> 0x0000
[284] [M]: 0x0000000080000D5C (0x00000013) addi x0, x0, 0x0                         main+380

mem[X,0x0000000080000D60] -> 0x4317
mem[X,0x0000000080000D62] -> 0x0000
[285] [M]: 0x0000000080000D60 (0x00004317) auipc x6, 0x4                            main+384
x6 <- 0x0000000080004D60

clint mtime 0x000000000000008F (mip.MTI <- 0b1, mip.STI <- 0b0)
mem[X,0x0000000080000D64] -> 0x0313
mem[X,0x0000000080000D66] -> 0x7D03
[286] [M]: 0x0000000080000D64 (0x7D030313) addi x6, x6, 0x7d0                       main+388
x6 <- 0x0000000080005530

mem[X,0x0000000080000D68] -> 0x0001
[287] [M]: 0x0000000080000D68 (0x0001) c.nop                                        main+392

clint mtime 0x0000000000000090 (mip.MTI <- 0b1, mip.STI <- 0b0)
mem[X,0x0000000080000D6A] -> 0x0013
mem[X,0x0000000080000D6C] -> 0x0000
[288] [M]: 0x0000000080000D6A (0x00000013) addi x0, x0, 0x0                         main+394

mem[X,0x0000000080000D6E] -> 0x0013
mem[X,0x0000000080000D70] -> 0x0000
[289] [M]: 0x0000000080000D6E (0x00000013) addi x0, x0, 0x0                         main+398

clint mtime 0x0000000000000091 (mip.MTI <- 0b1, mip.STI <- 0b0)
mem[X,0x0000000080000D72] -> 0x0013
mem[X,0x0000000080000D74] -> 0x0000
[290] [M]: 0x0000000080000D72 (0x00000013) addi x0, x0, 0x0                         main+402

mem[X,0x0000000080000D76] -> 0x0013
mem[X,0x0000000080000D78] -> 0x0000
[291] [M]: 0x0000000080000D76 (0x00000013) addi x0, x0, 0x0                         main+406

clint mtime 0x0000000000000092 (mip.MTI <- 0b1, mip.STI <- 0b0)
mem[X,0x0000000080000D7A] -> 0x0013
mem[X,0x0000000080000D7C] -> 0x0000
[292] [M]: 0x0000000080000D7A (0x00000013) addi x0, x0, 0x0                         main+410

mem[X,0x0000000080000D7E] -> 0x0001
[293] [M]: 0x0000000080000D7E (0x0001) c.nop                                        main+414

clint mtime 0x0000000000000093 (mip.MTI <- 0b1, mip.STI <- 0b0)
mem[X,0x0000000080000D80] -> 0x82B3
mem[X,0x0000000080000D82] -> 0x4062
[294] [M]: 0x0000000080000D80 (0x406282B3) sub x5, x5, x6                           main+416
x5 <- 0x000000013FFFB000

mem[X,0x0000000080000D84] -> 0x8E13
mem[X,0x0000000080000D86] -> 0x2982
[295] [M]: 0x0000000080000D84 (0x29828E13) addi x28, x5, 0x298                      main+420
x28 <- 0x000000013FFFB298

clint mtime 0x0000000000000094 (mip.MTI <- 0b1, mip.STI <- 0b0)
mem[X,0x0000000080000D88] -> 0x2173
mem[X,0x0000000080000D8A] -> 0x3400
[296] [M]: 0x0000000080000D88 (0x34002173) csrrs x2, mscratch, x0                   main+424
CSR mscratch (0x340) -> 0x0000000080005000
x2 <- 0x0000000080005000

mem[X,0x0000000080000D8C] -> 0x0333
mem[X,0x0000000080000D8E] -> 0x01C1
[297] [M]: 0x0000000080000D8C (0x01C10333) add x6, x2, x28                          main+428
x6 <- 0x00000001C0000298

clint mtime 0x0000000000000095 (mip.MTI <- 0b1, mip.STI <- 0b0)
mem[X,0x0000000080000D90] -> 0x1073
mem[X,0x0000000080000D92] -> 0x1403
[298] [M]: 0x0000000080000D90 (0x14031073) csrrw x0, sscratch, x6                   main+432
CSR sscratch (0x140) <- 0x00000001C0000298

mem[X,0x0000000080000D94] -> 0x2173
mem[X,0x0000000080000D96] -> 0x3400
[299] [M]: 0x0000000080000D94 (0x34002173) csrrs x2, mscratch, x0                   main+436
CSR mscratch (0x340) -> 0x0000000080005000
x2 <- 0x0000000080005000

clint mtime 0x0000000000000096 (mip.MTI <- 0b1, mip.STI <- 0b0)
mem[X,0x0000000080000D98] -> 0x02B7
mem[X,0x0000000080000D9A] -> 0x6000
[300] [M]: 0x0000000080000D98 (0x600002B7) lui x5, 0x60000                          main+440
x5 <- 0x0000000060000000

mem[X,0x0000000080000D9C] -> 0x8293
mem[X,0x0000000080000D9E] -> 0x2E72
[301] [M]: 0x0000000080000D9C (0x2E728293) addi x5, x5, 0x2e7                       main+444
x5 <- 0x00000000600002E7

clint mtime 0x0000000000000097 (mip.MTI <- 0b1, mip.STI <- 0b0)
mem[X,0x0000000080000DA0] -> 0x9293
mem[X,0x0000000080000DA2] -> 0x0022
[302] [M]: 0x0000000080000DA0 (0x00229293) slli x5, x5, 0x2                         main+448
x5 <- 0x0000000180000B9C

mem[X,0x0000000080000DA4] -> 0x0013
mem[X,0x0000000080000DA6] -> 0x0000
[303] [M]: 0x0000000080000DA4 (0x00000013) addi x0, x0, 0x0                         main+452

clint mtime 0x0000000000000098 (mip.MTI <- 0b1, mip.STI <- 0b0)
mem[X,0x0000000080000DA8] -> 0x0013
mem[X,0x0000000080000DAA] -> 0x0000
[304] [M]: 0x0000000080000DA8 (0x00000013) addi x0, x0, 0x0                         main+456

mem[X,0x0000000080000DAC] -> 0x0013
mem[X,0x0000000080000DAE] -> 0x0000
[305] [M]: 0x0000000080000DAC (0x00000013) addi x0, x0, 0x0                         main+460

clint mtime 0x0000000000000099 (mip.MTI <- 0b1, mip.STI <- 0b0)
mem[X,0x0000000080000DB0] -> 0x0013
mem[X,0x0000000080000DB2] -> 0x0000
[306] [M]: 0x0000000080000DB0 (0x00000013) addi x0, x0, 0x0                         main+464

mem[X,0x0000000080000DB4] -> 0x0013
mem[X,0x0000000080000DB6] -> 0x0000
[307] [M]: 0x0000000080000DB4 (0x00000013) addi x0, x0, 0x0                         main+468

clint mtime 0x000000000000009A (mip.MTI <- 0b1, mip.STI <- 0b0)
mem[X,0x0000000080000DB8] -> 0x0013
mem[X,0x0000000080000DBA] -> 0x0000
[308] [M]: 0x0000000080000DB8 (0x00000013) addi x0, x0, 0x0                         main+472

mem[X,0x0000000080000DBC] -> 0x0013
mem[X,0x0000000080000DBE] -> 0x0000
[309] [M]: 0x0000000080000DBC (0x00000013) addi x0, x0, 0x0                         main+476

clint mtime 0x000000000000009B (mip.MTI <- 0b1, mip.STI <- 0b0)
mem[X,0x0000000080000DC0] -> 0x0317
mem[X,0x0000000080000DC2] -> 0x0000
[310] [M]: 0x0000000080000DC0 (0x00000317) auipc x6, 0x0                            main+480
x6 <- 0x0000000080000DC0

mem[X,0x0000000080000DC4] -> 0x0313
mem[X,0x0000000080000DC6] -> 0xDF43
[311] [M]: 0x0000000080000DC4 (0xDF430313) addi x6, x6, -0x20c                      main+484
x6 <- 0x0000000080000BB4

clint mtime 0x000000000000009C (mip.MTI <- 0b1, mip.STI <- 0b0)
mem[X,0x0000000080000DC8] -> 0x0001
[312] [M]: 0x0000000080000DC8 (0x0001) c.nop                                        main+488

mem[X,0x0000000080000DCA] -> 0x0013
mem[X,0x0000000080000DCC] -> 0x0000
[313] [M]: 0x0000000080000DCA (0x00000013) addi x0, x0, 0x0                         main+490

clint mtime 0x000000000000009D (mip.MTI <- 0b1, mip.STI <- 0b0)
mem[X,0x0000000080000DCE] -> 0x0013
mem[X,0x0000000080000DD0] -> 0x0000
[314] [M]: 0x0000000080000DCE (0x00000013) addi x0, x0, 0x0                         main+494

mem[X,0x0000000080000DD2] -> 0x0013
mem[X,0x0000000080000DD4] -> 0x0000
[315] [M]: 0x0000000080000DD2 (0x00000013) addi x0, x0, 0x0                         main+498

clint mtime 0x000000000000009E (mip.MTI <- 0b1, mip.STI <- 0b0)
mem[X,0x0000000080000DD6] -> 0x0013
mem[X,0x0000000080000DD8] -> 0x0000
[316] [M]: 0x0000000080000DD6 (0x00000013) addi x0, x0, 0x0                         main+502

mem[X,0x0000000080000DDA] -> 0x0013
mem[X,0x0000000080000DDC] -> 0x0000
[317] [M]: 0x0000000080000DDA (0x00000013) addi x0, x0, 0x0                         main+506

clint mtime 0x000000000000009F (mip.MTI <- 0b1, mip.STI <- 0b0)
mem[X,0x0000000080000DDE] -> 0x0001
[318] [M]: 0x0000000080000DDE (0x0001) c.nop                                        main+510

mem[X,0x0000000080000DE0] -> 0x82B3
mem[X,0x0000000080000DE2] -> 0x4062
[319] [M]: 0x0000000080000DE0 (0x406282B3) sub x5, x5, x6                           main+512
x5 <- 0x00000000FFFFFFE8

clint mtime 0x00000000000000A0 (mip.MTI <- 0b1, mip.STI <- 0b0)
mem[X,0x0000000080000DE4] -> 0x3303
mem[X,0x0000000080000DE6] -> 0x1D81
[320] [M]: 0x0000000080000DE4 (0x1D813303) ld x6, 0x1d8(x2)                         main+516
mem[R,0x00000000800051D8] -> 0x0000000080000BB4
x6 <- 0x0000000080000BB4

mem[X,0x0000000080000DE8] -> 0x03B3
mem[X,0x0000000080000DEA] -> 0x0053
[321] [M]: 0x0000000080000DE8 (0x005303B3) add x7, x6, x5                           main+520
x7 <- 0x0000000180000B9C

clint mtime 0x00000000000000A1 (mip.MTI <- 0b1, mip.STI <- 0b0)
mem[X,0x0000000080000DEC] -> 0x3823
mem[X,0x0000000080000DEE] -> 0x4671
[322] [M]: 0x0000000080000DEC (0x46713823) sd x7, 0x470(x2)                         main+524
mem[W,0x0000000080005470] <- 0x0000000180000B9C

mem[X,0x0000000080000DF0] -> 0x02B7
mem[X,0x0000000080000DF2] -> 0x1C00
[323] [M]: 0x0000000080000DF0 (0x1C0002B7) lui x5, 0x1c000                          main+528
x5 <- 0x000000001C000000

clint mtime 0x00000000000000A2 (mip.MTI <- 0b1, mip.STI <- 0b0)
mem[X,0x0000000080000DF4] -> 0x8293
mem[X,0x0000000080000DF6] -> 0x0532
[324] [M]: 0x0000000080000DF4 (0x05328293) addi x5, x5, 0x53                        main+532
x5 <- 0x000000001C000053

mem[X,0x0000000080000DF8] -> 0x9293
mem[X,0x0000000080000DFA] -> 0x0042
[325] [M]: 0x0000000080000DF8 (0x00429293) slli x5, x5, 0x4                         main+536
x5 <- 0x00000001C0000530

clint mtime 0x00000000000000A3 (mip.MTI <- 0b1, mip.STI <- 0b0)
mem[X,0x0000000080000DFC] -> 0x0013
mem[X,0x0000000080000DFE] -> 0x0000
[326] [M]: 0x0000000080000DFC (0x00000013) addi x0, x0, 0x0                         main+540

mem[X,0x0000000080000E00] -> 0x4317
mem[X,0x0000000080000E02] -> 0x0000
[327] [M]: 0x0000000080000E00 (0x00004317) auipc x6, 0x4                            main+544
x6 <- 0x0000000080004E00

clint mtime 0x00000000000000A4 (mip.MTI <- 0b1, mip.STI <- 0b0)
mem[X,0x0000000080000E04] -> 0x0313
mem[X,0x0000000080000E06] -> 0x7303
[328] [M]: 0x0000000080000E04 (0x73030313) addi x6, x6, 0x730                       main+548
x6 <- 0x0000000080005530

mem[X,0x0000000080000E08] -> 0x0001
[329] [M]: 0x0000000080000E08 (0x0001) c.nop                                        main+552

clint mtime 0x00000000000000A5 (mip.MTI <- 0b1, mip.STI <- 0b0)
mem[X,0x0000000080000E0A] -> 0x0013
mem[X,0x0000000080000E0C] -> 0x0000
[330] [M]: 0x0000000080000E0A (0x00000013) addi x0, x0, 0x0                         main+554

mem[X,0x0000000080000E0E] -> 0x0013
mem[X,0x0000000080000E10] -> 0x0000
[331] [M]: 0x0000000080000E0E (0x00000013) addi x0, x0, 0x0                         main+558

clint mtime 0x00000000000000A6 (mip.MTI <- 0b1, mip.STI <- 0b0)
mem[X,0x0000000080000E12] -> 0x0013
mem[X,0x0000000080000E14] -> 0x0000
[332] [M]: 0x0000000080000E12 (0x00000013) addi x0, x0, 0x0                         main+562

mem[X,0x0000000080000E16] -> 0x0013
mem[X,0x0000000080000E18] -> 0x0000
[333] [M]: 0x0000000080000E16 (0x00000013) addi x0, x0, 0x0                         main+566

clint mtime 0x00000000000000A7 (mip.MTI <- 0b1, mip.STI <- 0b0)
mem[X,0x0000000080000E1A] -> 0x0013
mem[X,0x0000000080000E1C] -> 0x0000
[334] [M]: 0x0000000080000E1A (0x00000013) addi x0, x0, 0x0                         main+570

mem[X,0x0000000080000E1E] -> 0x0001
[335] [M]: 0x0000000080000E1E (0x0001) c.nop                                        main+574

clint mtime 0x00000000000000A8 (mip.MTI <- 0b1, mip.STI <- 0b0)
mem[X,0x0000000080000E20] -> 0x82B3
mem[X,0x0000000080000E22] -> 0x4062
[336] [M]: 0x0000000080000E20 (0x406282B3) sub x5, x5, x6                           main+576
x5 <- 0x000000013FFFB000

mem[X,0x0000000080000E24] -> 0x3303
mem[X,0x0000000080000E26] -> 0x1E81
[337] [M]: 0x0000000080000E24 (0x1E813303) ld x6, 0x1e8(x2)                         main+580
mem[R,0x00000000800051E8] -> 0x0000000080005530
x6 <- 0x0000000080005530

clint mtime 0x00000000000000A9 (mip.MTI <- 0b1, mip.STI <- 0b0)
mem[X,0x0000000080000E28] -> 0x03B3
mem[X,0x0000000080000E2A] -> 0x0053
[338] [M]: 0x0000000080000E28 (0x005303B3) add x7, x6, x5                           main+584
x7 <- 0x00000001C0000530

mem[X,0x0000000080000E2C] -> 0x3023
mem[X,0x0000000080000E2E] -> 0x4871
[339] [M]: 0x0000000080000E2C (0x48713023) sd x7, 0x480(x2)                         main+588
mem[W,0x0000000080005480] <- 0x00000001C0000530

clint mtime 0x00000000000000AA (mip.MTI <- 0b1, mip.STI <- 0b0)
mem[X,0x0000000080000E30] -> 0x0013
mem[X,0x0000000080000E32] -> 0x0000
[340] [M]: 0x0000000080000E30 (0x00000013) addi x0, x0, 0x0                         main+592

mem[X,0x0000000080000E34] -> 0x0013
mem[X,0x0000000080000E36] -> 0x0000
[341] [M]: 0x0000000080000E34 (0x00000013) addi x0, x0, 0x0                         main+596

clint mtime 0x00000000000000AB (mip.MTI <- 0b1, mip.STI <- 0b0)
mem[X,0x0000000080000E38] -> 0x0013
mem[X,0x0000000080000E3A] -> 0x0000
[342] [M]: 0x0000000080000E38 (0x00000013) addi x0, x0, 0x0                         main+600

mem[X,0x0000000080000E3C] -> 0x0013
mem[X,0x0000000080000E3E] -> 0x0000
[343] [M]: 0x0000000080000E3C (0x00000013) addi x0, x0, 0x0                         main+604

clint mtime 0x00000000000000AC (mip.MTI <- 0b1, mip.STI <- 0b0)
mem[X,0x0000000080000E40] -> 0x7F97
mem[X,0x0000000080000E42] -> 0x0000
[344] [M]: 0x0000000080000E40 (0x00007F97) auipc x31, 0x7                           main+608
x31 <- 0x0000000080007E40

mem[X,0x0000000080000E44] -> 0x8F93
mem[X,0x0000000080000E46] -> 0x1C0F
[345] [M]: 0x0000000080000E44 (0x1C0F8F93) addi x31, x31, 0x1c0                     main+612
x31 <- 0x0000000080008000

clint mtime 0x00000000000000AD (mip.MTI <- 0b1, mip.STI <- 0b0)
mem[X,0x0000000080000E48] -> 0x0001
[346] [M]: 0x0000000080000E48 (0x0001) c.nop                                        main+616

mem[X,0x0000000080000E4A] -> 0x0013
mem[X,0x0000000080000E4C] -> 0x0000
[347] [M]: 0x0000000080000E4A (0x00000013) addi x0, x0, 0x0                         main+618

clint mtime 0x00000000000000AE (mip.MTI <- 0b1, mip.STI <- 0b0)
mem[X,0x0000000080000E4E] -> 0x0013
mem[X,0x0000000080000E50] -> 0x0000
[348] [M]: 0x0000000080000E4E (0x00000013) addi x0, x0, 0x0                         main+622

mem[X,0x0000000080000E52] -> 0x0013
mem[X,0x0000000080000E54] -> 0x0000
[349] [M]: 0x0000000080000E52 (0x00000013) addi x0, x0, 0x0                         main+626

clint mtime 0x00000000000000AF (mip.MTI <- 0b1, mip.STI <- 0b0)
mem[X,0x0000000080000E56] -> 0x0013
mem[X,0x0000000080000E58] -> 0x0000
[350] [M]: 0x0000000080000E56 (0x00000013) addi x0, x0, 0x0                         main+630

mem[X,0x0000000080000E5A] -> 0x0013
mem[X,0x0000000080000E5C] -> 0x0000
[351] [M]: 0x0000000080000E5A (0x00000013) addi x0, x0, 0x0                         main+634

clint mtime 0x00000000000000B0 (mip.MTI <- 0b1, mip.STI <- 0b0)
mem[X,0x0000000080000E5E] -> 0x0001
[352] [M]: 0x0000000080000E5E (0x0001) c.nop                                        main+638

mem[X,0x0000000080000E60] -> 0x0F13
mem[X,0x0000000080000E62] -> 0xFFF0
[353] [M]: 0x0000000080000E60 (0xFFF00F13) addi x30, x0, -0x1                       main+640
x30 <- 0xFFFFFFFFFFFFFFFF

clint mtime 0x00000000000000B1 (mip.MTI <- 0b1, mip.STI <- 0b0)
mem[X,0x0000000080000E64] -> 0x1F13
mem[X,0x0000000080000E66] -> 0x03FF
[354] [M]: 0x0000000080000E64 (0x03FF1F13) slli x30, x30, 0x3f                      main+644
x30 <- 0x8000000000000000

mem[X,0x0000000080000E68] -> 0xDF93
mem[X,0x0000000080000E6A] -> 0x00CF
[355] [M]: 0x0000000080000E68 (0x00CFDF93) srli x31, x31, 0xc                       main+648
x31 <- 0x0000000000080008

clint mtime 0x00000000000000B2 (mip.MTI <- 0b1, mip.STI <- 0b0)
mem[X,0x0000000080000E6C] -> 0xEFB3
mem[X,0x0000000080000E6E] -> 0x01EF
[356] [M]: 0x0000000080000E6C (0x01EFEFB3) or x31, x31, x30                         main+652
x31 <- 0x8000000000080008

mem[X,0x0000000080000E70] -> 0x9073
mem[X,0x0000000080000E72] -> 0x180F
[357] [M]: 0x0000000080000E70 (0x180F9073) csrrw x0, satp, x31                      main+656
CSR satp (0x180) <- 0x8000000000080008

clint mtime 0x00000000000000B3 (mip.MTI <- 0b1, mip.STI <- 0b0)
mem[X,0x0000000080000E74] -> 0x0073
mem[X,0x0000000080000E76] -> 0x1200
[358] [M]: 0x0000000080000E74 (0x12000073) sfence.vma x0, x0                        main+660

mem[X,0x0000000080000E78] -> 0x03B7
mem[X,0x0000000080000E7A] -> 0x000F
[359] [M]: 0x0000000080000E78 (0x000F03B7) lui x7, 0xf0                             main+664
x7 <- 0x00000000000F0000

clint mtime 0x00000000000000B4 (mip.MTI <- 0b1, mip.STI <- 0b0)
mem[X,0x0000000080000E7C] -> 0x8393
mem[X,0x0000000080000E7E] -> 0x01D3
[360] [M]: 0x0000000080000E7C (0x01D38393) addi x7, x7, 0x1d                        main+668
x7 <- 0x00000000000F001D

mem[X,0x0000000080000E80] -> 0x9393
mem[X,0x0000000080000E82] -> 0x0083
[361] [M]: 0x0000000080000E80 (0x00839393) slli x7, x7, 0x8                         main+672
x7 <- 0x000000000F001D00

clint mtime 0x00000000000000B5 (mip.MTI <- 0b1, mip.STI <- 0b0)
mem[X,0x0000000080000E84] -> 0x9073
mem[X,0x0000000080000E86] -> 0x3A03
[362] [M]: 0x0000000080000E84 (0x3A039073) csrrw x0, pmpcfg0, x7                    main+676
CSR pmpcfg0 (0x3A0) <- 0x000000000F001D00

mem[X,0x0000000080000E88] -> 0x0013
mem[X,0x0000000080000E8A] -> 0x0000
[363] [M]: 0x0000000080000E88 (0x00000013) addi x0, x0, 0x0                         main+680

clint mtime 0x00000000000000B6 (mip.MTI <- 0b1, mip.STI <- 0b0)
mem[X,0x0000000080000E8C] -> 0x0013
mem[X,0x0000000080000E8E] -> 0x0000
[364] [M]: 0x0000000080000E8C (0x00000013) addi x0, x0, 0x0                         main+684

mem[X,0x0000000080000E90] -> 0x0013
mem[X,0x0000000080000E92] -> 0x0000
[365] [M]: 0x0000000080000E90 (0x00000013) addi x0, x0, 0x0                         main+688

clint mtime 0x00000000000000B7 (mip.MTI <- 0b1, mip.STI <- 0b0)
mem[X,0x0000000080000E94] -> 0x0013
mem[X,0x0000000080000E96] -> 0x0000
[366] [M]: 0x0000000080000E94 (0x00000013) addi x0, x0, 0x0                         main+692

mem[X,0x0000000080000E98] -> 0x0013
mem[X,0x0000000080000E9A] -> 0x0000
[367] [M]: 0x0000000080000E98 (0x00000013) addi x0, x0, 0x0                         main+696

clint mtime 0x00000000000000B8 (mip.MTI <- 0b1, mip.STI <- 0b0)
mem[X,0x0000000080000E9C] -> 0x0013
mem[X,0x0000000080000E9E] -> 0x0000
[368] [M]: 0x0000000080000E9C (0x00000013) addi x0, x0, 0x0                         main+700

mem[X,0x0000000080000EA0] -> 0xF517
mem[X,0x0000000080000EA2] -> 0xFFFF
[369] [M]: 0x0000000080000EA0 (0xFFFFF517) auipc x10, -0x1                          main+704
x10 <- 0x000000007FFFFEA0

clint mtime 0x00000000000000B9 (mip.MTI <- 0b1, mip.STI <- 0b0)
mem[X,0x0000000080000EA4] -> 0x0513
mem[X,0x0000000080000EA6] -> 0x5605
[370] [M]: 0x0000000080000EA4 (0x56050513) addi x10, x10, 0x560                     main+708
x10 <- 0x0000000080000400

mem[X,0x0000000080000EA8] -> 0x0001
[371] [M]: 0x0000000080000EA8 (0x0001) c.nop                                        main+712

clint mtime 0x00000000000000BA (mip.MTI <- 0b1, mip.STI <- 0b0)
mem[X,0x0000000080000EAA] -> 0x0013
mem[X,0x0000000080000EAC] -> 0x0000
[372] [M]: 0x0000000080000EAA (0x00000013) addi x0, x0, 0x0                         main+714

mem[X,0x0000000080000EAE] -> 0x0013
mem[X,0x0000000080000EB0] -> 0x0000
[373] [M]: 0x0000000080000EAE (0x00000013) addi x0, x0, 0x0                         main+718

clint mtime 0x00000000000000BB (mip.MTI <- 0b1, mip.STI <- 0b0)
mem[X,0x0000000080000EB2] -> 0x0013
mem[X,0x0000000080000EB4] -> 0x0000
[374] [M]: 0x0000000080000EB2 (0x00000013) addi x0, x0, 0x0                         main+722

mem[X,0x0000000080000EB6] -> 0x0013
mem[X,0x0000000080000EB8] -> 0x0000
[375] [M]: 0x0000000080000EB6 (0x00000013) addi x0, x0, 0x0                         main+726

clint mtime 0x00000000000000BC (mip.MTI <- 0b1, mip.STI <- 0b0)
mem[X,0x0000000080000EBA] -> 0x0013
mem[X,0x0000000080000EBC] -> 0x0000
[376] [M]: 0x0000000080000EBA (0x00000013) addi x0, x0, 0x0                         main+730

mem[X,0x0000000080000EBE] -> 0x0001
[377] [M]: 0x0000000080000EBE (0x0001) c.nop                                        main+734

clint mtime 0x00000000000000BD (mip.MTI <- 0b1, mip.STI <- 0b0)
mem[X,0x0000000080000EC0] -> 0x0593
mem[X,0x0000000080000EC2] -> 0x0CF0
[378] [M]: 0x0000000080000EC0 (0x0CF00593) addi x11, x0, 0xcf                       main+736
x11 <- 0x00000000000000CF

mem[X,0x0000000080000EC4] -> 0x5513
mem[X,0x0000000080000EC6] -> 0x00C5
[379] [M]: 0x0000000080000EC4 (0x00C55513) srli x10, x10, 0xc                       main+740
x10 <- 0x0000000000080000

clint mtime 0x00000000000000BE (mip.MTI <- 0b1, mip.STI <- 0b0)
mem[X,0x0000000080000EC8] -> 0x1513
mem[X,0x0000000080000ECA] -> 0x00A5
[380] [M]: 0x0000000080000EC8 (0x00A51513) slli x10, x10, 0xa                       main+744
x10 <- 0x0000000020000000

mem[X,0x0000000080000ECC] -> 0x6533
mem[X,0x0000000080000ECE] -> 0x00B5
[381] [M]: 0x0000000080000ECC (0x00B56533) or x10, x10, x11                         main+748
x10 <- 0x00000000200000CF

clint mtime 0x00000000000000BF (mip.MTI <- 0b1, mip.STI <- 0b0)
mem[X,0x0000000080000ED0] -> 0x0013
mem[X,0x0000000080000ED2] -> 0x0000
[382] [M]: 0x0000000080000ED0 (0x00000013) addi x0, x0, 0x0                         main+752

mem[X,0x0000000080000ED4] -> 0x0013
mem[X,0x0000000080000ED6] -> 0x0000
[383] [M]: 0x0000000080000ED4 (0x00000013) addi x0, x0, 0x0                         main+756

clint mtime 0x00000000000000C0 (mip.MTI <- 0b1, mip.STI <- 0b0)
mem[X,0x0000000080000ED8] -> 0x0013
mem[X,0x0000000080000EDA] -> 0x0000
[384] [M]: 0x0000000080000ED8 (0x00000013) addi x0, x0, 0x0                         main+760

mem[X,0x0000000080000EDC] -> 0x0013
mem[X,0x0000000080000EDE] -> 0x0000
[385] [M]: 0x0000000080000EDC (0x00000013) addi x0, x0, 0x0                         main+764

clint mtime 0x00000000000000C1 (mip.MTI <- 0b1, mip.STI <- 0b0)
mem[X,0x0000000080000EE0] -> 0x7317
mem[X,0x0000000080000EE2] -> 0x0000
[386] [M]: 0x0000000080000EE0 (0x00007317) auipc x6, 0x7                            main+768
x6 <- 0x0000000080007EE0

mem[X,0x0000000080000EE4] -> 0x0313
mem[X,0x0000000080000EE6] -> 0x1203
[387] [M]: 0x0000000080000EE4 (0x12030313) addi x6, x6, 0x120                       main+772
x6 <- 0x0000000080008000

clint mtime 0x00000000000000C2 (mip.MTI <- 0b1, mip.STI <- 0b0)
mem[X,0x0000000080000EE8] -> 0x0001
[388] [M]: 0x0000000080000EE8 (0x0001) c.nop                                        main+776

mem[X,0x0000000080000EEA] -> 0x0013
mem[X,0x0000000080000EEC] -> 0x0000
[389] [M]: 0x0000000080000EEA (0x00000013) addi x0, x0, 0x0                         main+778

clint mtime 0x00000000000000C3 (mip.MTI <- 0b1, mip.STI <- 0b0)
mem[X,0x0000000080000EEE] -> 0x0013
mem[X,0x0000000080000EF0] -> 0x0000
[390] [M]: 0x0000000080000EEE (0x00000013) addi x0, x0, 0x0                         main+782

mem[X,0x0000000080000EF2] -> 0x0013
mem[X,0x0000000080000EF4] -> 0x0000
[391] [M]: 0x0000000080000EF2 (0x00000013) addi x0, x0, 0x0                         main+786

clint mtime 0x00000000000000C4 (mip.MTI <- 0b1, mip.STI <- 0b0)
mem[X,0x0000000080000EF6] -> 0x0013
mem[X,0x0000000080000EF8] -> 0x0000
[392] [M]: 0x0000000080000EF6 (0x00000013) addi x0, x0, 0x0                         main+790

mem[X,0x0000000080000EFA] -> 0x0013
mem[X,0x0000000080000EFC] -> 0x0000
[393] [M]: 0x0000000080000EFA (0x00000013) addi x0, x0, 0x0                         main+794

clint mtime 0x00000000000000C5 (mip.MTI <- 0b1, mip.STI <- 0b0)
mem[X,0x0000000080000EFE] -> 0x0001
[394] [M]: 0x0000000080000EFE (0x0001) c.nop                                        main+798

mem[X,0x0000000080000F00] -> 0x0293
mem[X,0x0000000080000F02] -> 0x0280
[395] [M]: 0x0000000080000F00 (0x02800293) addi x5, x0, 0x28                        main+800
x5 <- 0x0000000000000028

clint mtime 0x00000000000000C6 (mip.MTI <- 0b1, mip.STI <- 0b0)
mem[X,0x0000000080000F04] -> 0x0333
mem[X,0x0000000080000F06] -> 0x0053
[396] [M]: 0x0000000080000F04 (0x00530333) add x6, x6, x5                           main+804
x6 <- 0x0000000080008028

mem[X,0x0000000080000F08] -> 0x3023
mem[X,0x0000000080000F0A] -> 0x00A3
[397] [M]: 0x0000000080000F08 (0x00A33023) sd x10, 0x0(x6)                          main+808
mem[W,0x0000000080008028] <- 0x00000000200000CF

clint mtime 0x00000000000000C7 (mip.MTI <- 0b1, mip.STI <- 0b0)
mem[X,0x0000000080000F0C] -> 0x0073
mem[X,0x0000000080000F0E] -> 0x1200
[398] [M]: 0x0000000080000F0C (0x12000073) sfence.vma x0, x0                        main+812

mem[X,0x0000000080000F10] -> 0x0493
mem[X,0x0000000080000F12] -> 0x0010
[399] [M]: 0x0000000080000F10 (0x00100493) addi x9, x0, 0x1                         main+816
x9 <- 0x0000000000000001

clint mtime 0x00000000000000C8 (mip.MTI <- 0b1, mip.STI <- 0b0)
mem[X,0x0000000080000F14] -> 0x9493
mem[X,0x0000000080000F16] -> 0x00B4
[400] [M]: 0x0000000080000F14 (0x00B49493) slli x9, x9, 0xb                         main+820
x9 <- 0x0000000000000800

mem[X,0x0000000080000F18] -> 0xB073
mem[X,0x0000000080000F1A] -> 0x3004
[401] [M]: 0x0000000080000F18 (0x3004B073) csrrc x0, mstatus, x9                    main+824
CSR mstatus (0x300) <- 0x0000000A00000000

clint mtime 0x00000000000000C9 (mip.MTI <- 0b1, mip.STI <- 0b0)
mem[X,0x0000000080000F1C] -> 0x0493
mem[X,0x0000000080000F1E] -> 0x0010
[402] [M]: 0x0000000080000F1C (0x00100493) addi x9, x0, 0x1                         main+828
x9 <- 0x0000000000000001

mem[X,0x0000000080000F20] -> 0x9493
mem[X,0x0000000080000F22] -> 0x00B4
[403] [M]: 0x0000000080000F20 (0x00B49493) slli x9, x9, 0xb                         main+832
x9 <- 0x0000000000000800

clint mtime 0x00000000000000CA (mip.MTI <- 0b1, mip.STI <- 0b0)
mem[X,0x0000000080000F24] -> 0xA073
mem[X,0x0000000080000F26] -> 0x3004
[404] [M]: 0x0000000080000F24 (0x3004A073) csrrs x0, mstatus, x9                    main+836
CSR mstatus (0x300) <- 0x0000000A00000800

mem[X,0x0000000080000F28] -> 0x23F3
mem[X,0x0000000080000F2A] -> 0x3400
[405] [M]: 0x0000000080000F28 (0x340023F3) csrrs x7, mscratch, x0                   main+840
CSR mscratch (0x340) -> 0x0000000080005000
x7 <- 0x0000000080005000

clint mtime 0x00000000000000CB (mip.MTI <- 0b1, mip.STI <- 0b0)
mem[X,0x0000000080000F2C] -> 0xB303
mem[X,0x0000000080000F2E] -> 0x4703
[406] [M]: 0x0000000080000F2C (0x4703B303) ld x6, 0x470(x7)                         main+844
mem[R,0x0000000080005470] -> 0x0000000180000B9C
x6 <- 0x0000000180000B9C

mem[X,0x0000000080000F30] -> 0xB483
mem[X,0x0000000080000F32] -> 0x1D83
[407] [M]: 0x0000000080000F30 (0x1D83B483) ld x9, 0x1d8(x7)                         main+848
mem[R,0x00000000800051D8] -> 0x0000000080000BB4
x9 <- 0x0000000080000BB4

clint mtime 0x00000000000000CC (mip.MTI <- 0b1, mip.STI <- 0b0)
mem[X,0x0000000080000F34] -> 0x0333
mem[X,0x0000000080000F36] -> 0x4093
[408] [M]: 0x0000000080000F34 (0x40930333) sub x6, x6, x9                           main+852
x6 <- 0x00000000FFFFFFE8

mem[X,0x0000000080000F38] -> 0x0313
mem[X,0x0000000080000F3A] -> 0x0103
[409] [M]: 0x0000000080000F38 (0x01030313) addi x6, x6, 0x10                        main+856
x6 <- 0x00000000FFFFFFF8

clint mtime 0x00000000000000CD (mip.MTI <- 0b1, mip.STI <- 0b0)
mem[X,0x0000000080000F3C] -> 0x0497
mem[X,0x0000000080000F3E] -> 0x0000
[410] [M]: 0x0000000080000F3C (0x00000497) auipc x9, 0x0                            main+860
x9 <- 0x0000000080000F3C

mem[X,0x0000000080000F40] -> 0x84B3
mem[X,0x0000000080000F42] -> 0x0064
[411] [M]: 0x0000000080000F40 (0x006484B3) add x9, x9, x6                           main+864
x9 <- 0x0000000180000F34

clint mtime 0x00000000000000CE (mip.MTI <- 0b1, mip.STI <- 0b0)
mem[X,0x0000000080000F44] -> 0x94F3
mem[X,0x0000000080000F46] -> 0x3414
[412] [M]: 0x0000000080000F44 (0x341494F3) csrrw x9, mepc, x9                       main+868
CSR mepc (0x341) <- 0x0000000180000F34
x9 <- 0x0000000000000000

mem[X,0x0000000080000F48] -> 0x0073
mem[X,0x0000000080000F4A] -> 0x3020
[413] [M]: 0x0000000080000F48 (0x30200073) mret                                     main+872
CSR mstatus (0x300) <- 0x0000000A00000080
ret-ing from M to S

clint mtime 0x00000000000000CF (mip.MTI <- 0b1, mip.STI <- 0b0)
PTW: Start, vpn=0x180000, access_type=X, privilege=Smem[R,0x0000000080008030] -> 0x00000000200000CB
PTW: Step, level=2, pte=0x200000CB, pte_addr=0x80008030
PTW: Success, final_ppn=0x80000, level=2mem[X,0x0000000080000F34] -> 0x0333
mem[X,0x0000000080000F36] -> 0x4093
[414] [S]: 0x0000000180000F34 (0x40930333) sub x6, x6, x9                           va_rvtest_code_begin+920
x6 <- 0x00000000FFFFFFF8

mem[X,0x0000000080000F38] -> 0x0313
mem[X,0x0000000080000F3A] -> 0x0103
[415] [S]: 0x0000000180000F38 (0x01030313) addi x6, x6, 0x10                        va_rvtest_code_begin+924
x6 <- 0x0000000100000008

clint mtime 0x00000000000000D0 (mip.MTI <- 0b1, mip.STI <- 0b0)
mem[X,0x0000000080000F3C] -> 0x0497
mem[X,0x0000000080000F3E] -> 0x0000
[416] [S]: 0x0000000180000F3C (0x00000497) auipc x9, 0x0                            va_rvtest_code_begin+928
x9 <- 0x0000000180000F3C

mem[X,0x0000000080000F40] -> 0x84B3
mem[X,0x0000000080000F42] -> 0x0064
[417] [S]: 0x0000000180000F40 (0x006484B3) add x9, x9, x6                           va_rvtest_code_begin+932
x9 <- 0x0000000280000F44

clint mtime 0x00000000000000D1 (mip.MTI <- 0b1, mip.STI <- 0b0)
mem[X,0x0000000080000F44] -> 0x94F3
mem[X,0x0000000080000F46] -> 0x3414
[418] [S]: 0x0000000180000F44 (0x341494F3) csrrw x9, mepc, x9                       va_rvtest_code_begin+936
trapping from S to M to handle illegal-instruction
handling exc#illegal-instruction at priv M with tval 0x00000000341494F3
CSR mstatus (0x300) <- 0x0000000A00000800
CSR mcause (0x342) <- 0x0000000000000002
CSR mtval (0x343) <- 0x00000000341494F3
CSR mepc (0x341) <- 0x0000000180000F44

mem[X,0x0000000080001F80] -> 0x006F
mem[X,0x0000000080001F82] -> 0x1000
[419] [M]: 0x0000000080001F80 (0x1000006F) jal x0, 0x100                            Mtrampoline+0

clint mtime 0x00000000000000D2 (mip.MTI <- 0b1, mip.STI <- 0b0)
mem[X,0x0000000080002080] -> 0x1173
mem[X,0x0000000080002082] -> 0x3401
[420] [M]: 0x0000000080002080 (0x34011173) csrrw x2, mscratch, x2                   trap_Mhandler+0
CSR mscratch (0x340) <- 0x0000000080005000
x2 <- 0x0000000080005000

mem[X,0x0000000080002084] -> 0x3423
mem[X,0x0000000080002086] -> 0x28B1
[421] [M]: 0x0000000080002084 (0x28B13423) sd x11, 0x288(x2)                        trap_Mhandler+4
mem[W,0x0000000080005288] <- 0x00000000000000CF

clint mtime 0x00000000000000D3 (mip.MTI <- 0b1, mip.STI <- 0b0)
mem[X,0x0000000080002088] -> 0x05EF
mem[X,0x000000008000208A] -> 0x0B80
[422] [M]: 0x0000000080002088 (0x0B8005EF) jal x11, 0xb8                            trap_Mhandler+8
x11 <- 0x000000008000208C

mem[X,0x0000000080002140] -> 0x3023
mem[X,0x0000000080002142] -> 0x28A1
[423] [M]: 0x0000000080002140 (0x28A13023) sd x10, 0x280(x2)                        common_Mhandler+0
mem[W,0x0000000080005280] <- 0x00000000200000CF

clint mtime 0x00000000000000D4 (mip.MTI <- 0b1, mip.STI <- 0b0)
mem[X,0x0000000080002144] -> 0x1573
mem[X,0x0000000080002146] -> 0x3401
[424] [M]: 0x0000000080002144 (0x34011573) csrrw x10, mscratch, x2                  common_Mhandler+4
CSR mscratch (0x340) <- 0x0000000080005000
x10 <- 0x0000000080005000

mem[X,0x0000000080002148] -> 0x3823
mem[X,0x000000008000214A] -> 0x28A1
[425] [M]: 0x0000000080002148 (0x28A13823) sd x10, 0x290(x2)                        common_Mhandler+8
mem[W,0x0000000080005290] <- 0x0000000080005000

clint mtime 0x00000000000000D5 (mip.MTI <- 0b1, mip.STI <- 0b0)
mem[X,0x000000008000214C] -> 0x3503
mem[X,0x000000008000214E] -> 0x2301
[426] [M]: 0x000000008000214C (0x23013503) ld x10, 0x230(x2)                        common_Mhandler+12
mem[R,0x0000000080005230] -> 0x0000000080002154
x10 <- 0x0000000080002154

mem[X,0x0000000080002150] -> 0x0067
mem[X,0x0000000080002152] -> 0x0005
[427] [M]: 0x0000000080002150 (0x00050067) jalr x0, 0x0(x10)                        common_Mhandler+16

clint mtime 0x00000000000000D6 (mip.MTI <- 0b1, mip.STI <- 0b0)
mem[X,0x0000000080002154] -> 0x3C23
mem[X,0x0000000080002156] -> 0x2691
[428] [M]: 0x0000000080002154 (0x26913C23) sd x9, 0x278(x2)                         common_Mentry+0
mem[W,0x0000000080005278] <- 0x0000000280000F44

mem[X,0x0000000080002158] -> 0x3823
mem[X,0x000000008000215A] -> 0x2681
[429] [M]: 0x0000000080002158 (0x26813823) sd x8, 0x270(x2)                         common_Mentry+4
mem[W,0x0000000080005270] <- 0x0000000000007F76

clint mtime 0x00000000000000D7 (mip.MTI <- 0b1, mip.STI <- 0b0)
mem[X,0x000000008000215C] -> 0x3423
mem[X,0x000000008000215E] -> 0x2671
[430] [M]: 0x000000008000215C (0x26713423) sd x7, 0x268(x2)                         common_Mentry+8
mem[W,0x0000000080005268] <- 0x0000000080005000

mem[X,0x0000000080002160] -> 0x3023
mem[X,0x0000000080002162] -> 0x2661
[431] [M]: 0x0000000080002160 (0x26613023) sd x6, 0x260(x2)                         common_Mentry+12
mem[W,0x0000000080005260] <- 0x0000000100000008

clint mtime 0x00000000000000D8 (mip.MTI <- 0b1, mip.STI <- 0b0)
mem[X,0x0000000080002164] -> 0x2573
mem[X,0x0000000080002166] -> 0x3420
[432] [M]: 0x0000000080002164 (0x34202573) csrrs x10, mcause, x0                    spcl_M2mmode_test+0
CSR mcause (0x342) -> 0x0000000000000002
x10 <- 0x0000000000000002

mem[X,0x0000000080002168] -> 0x04B7
mem[X,0x000000008000216A] -> 0x8000
[433] [M]: 0x0000000080002168 (0x800004B7) lui x9, -0x80000                         spcl_M2mmode_test+4
x9 <- 0xFFFFFFFF80000000

clint mtime 0x00000000000000D9 (mip.MTI <- 0b1, mip.STI <- 0b0)
mem[X,0x000000008000216C] -> 0x8493
mem[X,0x000000008000216E] -> 0x0004
[434] [M]: 0x000000008000216C (0x00048493) addi x9, x9, 0x0                         spcl_M2mmode_test+8
x9 <- 0xFFFFFFFF80000000

mem[X,0x0000000080002170] -> 0x9493
mem[X,0x0000000080002172] -> 0x00B4
[435] [M]: 0x0000000080002170 (0x00B49493) slli x9, x9, 0xb                         spcl_M2mmode_test+12
x9 <- 0xFFFFFC0000000000

clint mtime 0x00000000000000DA (mip.MTI <- 0b1, mip.STI <- 0b0)
mem[X,0x0000000080002174] -> 0x8493
mem[X,0x0000000080002176] -> 0x0004
[436] [M]: 0x0000000080002174 (0x00048493) addi x9, x9, 0x0                         spcl_M2mmode_test+16
x9 <- 0xFFFFFC0000000000

mem[X,0x0000000080002178] -> 0x9493
mem[X,0x000000008000217A] -> 0x00B4
[437] [M]: 0x0000000080002178 (0x00B49493) slli x9, x9, 0xb                         spcl_M2mmode_test+20
x9 <- 0xFFE0000000000000

clint mtime 0x00000000000000DB (mip.MTI <- 0b1, mip.STI <- 0b0)
mem[X,0x000000008000217C] -> 0x8493
mem[X,0x000000008000217E] -> 0x0034
[438] [M]: 0x000000008000217C (0x00348493) addi x9, x9, 0x3                         spcl_M2mmode_test+24
x9 <- 0xFFE0000000000003

mem[X,0x0000000080002180] -> 0x9493
mem[X,0x0000000080002182] -> 0x00A4
[439] [M]: 0x0000000080002180 (0x00A49493) slli x9, x9, 0xa                         spcl_M2mmode_test+28
x9 <- 0x8000000000000C00

clint mtime 0x00000000000000DC (mip.MTI <- 0b1, mip.STI <- 0b0)
mem[X,0x0000000080002184] -> 0x8493
mem[X,0x0000000080002186] -> 0x3FC4
[440] [M]: 0x0000000080002184 (0x3FC48493) addi x9, x9, 0x3fc                       spcl_M2mmode_test+32
x9 <- 0x8000000000000FFC

mem[X,0x0000000080002188] -> 0xF4B3
mem[X,0x000000008000218A] -> 0x00A4
[441] [M]: 0x0000000080002188 (0x00A4F4B3) and x9, x9, x10                          spcl_M2mmode_test+36
x9 <- 0x0000000000000000

clint mtime 0x00000000000000DD (mip.MTI <- 0b1, mip.STI <- 0b0)
mem[X,0x000000008000218C] -> 0x8493
mem[X,0x000000008000218E] -> 0xFF84
[442] [M]: 0x000000008000218C (0xFF848493) addi x9, x9, -0x8                        spcl_M2mmode_test+40
x9 <- 0xFFFFFFFFFFFFFFF8

mem[X,0x0000000080002190] -> 0x9663
mem[X,0x0000000080002192] -> 0x0004
[443] [M]: 0x0000000080002190 (0x00049663) bne x9, x0, 0xc                          spcl_M2mmode_test+44

clint mtime 0x00000000000000DE (mip.MTI <- 0b1, mip.STI <- 0b0)
mem[X,0x000000008000219C] -> 0x0393
mem[X,0x000000008000219E] -> 0x0200
[444] [M]: 0x000000008000219C (0x02000393) addi x7, x0, 0x20                        Mtrapsig_ptr_upd+0
x7 <- 0x0000000000000020

mem[X,0x00000000800021A0] -> 0x5263
mem[X,0x00000000800021A2] -> 0x0405
[445] [M]: 0x00000000800021A0 (0x04055263) bge x10, x0, 0x44                        Mtrapsig_ptr_upd+4

clint mtime 0x00000000000000DF (mip.MTI <- 0b1, mip.STI <- 0b0)
mem[X,0x00000000800021E4] -> 0x2373
mem[X,0x00000000800021E6] -> 0x3010
[446] [M]: 0x00000000800021E4 (0x30102373) csrrs x6, misa, x0                       Mxcpt_sig_sv+0
CSR misa (0x301) -> 0x800000000034112F
x6 <- 0x800000000034112F

mem[X,0x00000000800021E8] -> 0x1313
mem[X,0x00000000800021EA] -> 0x0383
[447] [M]: 0x00000000800021E8 (0x03831313) slli x6, x6, 0x38                        Mxcpt_sig_sv+4
x6 <- 0x2F00000000000000

clint mtime 0x00000000000000E0 (mip.MTI <- 0b1, mip.STI <- 0b0)
mem[X,0x00000000800021EC] -> 0x5463
mem[X,0x00000000800021EE] -> 0x0003
[448] [M]: 0x00000000800021EC (0x00035463) bge x6, x0, 0x8                          Mxcpt_sig_sv+8

mem[X,0x00000000800021F4] -> 0x3303
mem[X,0x00000000800021F6] -> 0x2181
[449] [M]: 0x00000000800021F4 (0x21813303) ld x6, 0x218(x2)                         Mtrap_sig_sv+0
mem[R,0x0000000080005218] -> 0x0000000080009318
x6 <- 0x0000000080009318

clint mtime 0x00000000000000E1 (mip.MTI <- 0b1, mip.STI <- 0b0)
mem[X,0x00000000800021F8] -> 0x04B3
mem[X,0x00000000800021FA] -> 0x0073
[450] [M]: 0x00000000800021F8 (0x007304B3) add x9, x6, x7                           Mtrap_sig_sv+4
x9 <- 0x0000000080009338

mem[X,0x00000000800021FC] -> 0x3C23
mem[X,0x00000000800021FE] -> 0x2091
[451] [M]: 0x00000000800021FC (0x20913C23) sd x9, 0x218(x2)                         Mtrap_sig_sv+8
mem[W,0x0000000080005218] <- 0x0000000080009338

clint mtime 0x00000000000000E2 (mip.MTI <- 0b1, mip.STI <- 0b0)
mem[X,0x0000000080002200] -> 0x3403
mem[X,0x0000000080002202] -> 0x1F81
[452] [M]: 0x0000000080002200 (0x1F813403) ld x8, 0x1f8(x2)                         Mtrap_sig_sv+12
mem[R,0x00000000800051F8] -> 0x0000000080009110
x8 <- 0x0000000080009110

mem[X,0x0000000080002204] -> 0x0333
mem[X,0x0000000080002206] -> 0x4083
[453] [M]: 0x0000000080002204 (0x40830333) sub x6, x6, x8                           Mtrap_sig_sv+16
x6 <- 0x0000000000000208

clint mtime 0x00000000000000E3 (mip.MTI <- 0b1, mip.STI <- 0b0)
mem[X,0x0000000080002208] -> 0x3403
mem[X,0x000000008000220A] -> 0x1F81
[454] [M]: 0x0000000080002208 (0x1F813403) ld x8, 0x1f8(x2)                         Mtrap_sig_sv+20
mem[R,0x00000000800051F8] -> 0x0000000080009110
x8 <- 0x0000000080009110

mem[X,0x000000008000220C] -> 0x0333
mem[X,0x000000008000220E] -> 0x0083
[455] [M]: 0x000000008000220C (0x00830333) add x6, x6, x8                           Mtrap_sig_sv+24
x6 <- 0x0000000080009318

clint mtime 0x00000000000000E4 (mip.MTI <- 0b1, mip.STI <- 0b0)
mem[X,0x0000000080002210] -> 0x3403
mem[X,0x0000000080002212] -> 0x2401
[456] [M]: 0x0000000080002210 (0x24013403) ld x8, 0x240(x2)                         Mtrap_sig_sv+28
mem[R,0x0000000080005240] -> 0x0000000080001F80
x8 <- 0x0000000080001F80

mem[X,0x0000000080002214] -> 0x85B3
mem[X,0x0000000080002216] -> 0x4085
[457] [M]: 0x0000000080002214 (0x408585B3) sub x11, x11, x8                         sv_Mvect+0
x11 <- 0x000000000000010C

clint mtime 0x00000000000000E5 (mip.MTI <- 0b1, mip.STI <- 0b0)
mem[X,0x0000000080002218] -> 0x9593
mem[X,0x000000008000221A] -> 0x0045
[458] [M]: 0x0000000080002218 (0x00459593) slli x11, x11, 0x4                       sv_Mvect+4
x11 <- 0x00000000000010C0

mem[X,0x000000008000221C] -> 0xE5B3
mem[X,0x000000008000221E] -> 0x0075
[459] [M]: 0x000000008000221C (0x0075E5B3) or x11, x11, x7                          sv_Mvect+8
x11 <- 0x00000000000010E0

clint mtime 0x00000000000000E6 (mip.MTI <- 0b1, mip.STI <- 0b0)
mem[X,0x0000000080002220] -> 0x8593
mem[X,0x0000000080002222] -> 0x0035
[460] [M]: 0x0000000080002220 (0x00358593) addi x11, x11, 0x3                       sv_Mvect+12
x11 <- 0x00000000000010E3

mem[X,0x0000000080002224] -> 0x3023
mem[X,0x0000000080002226] -> 0x00B3
[461] [M]: 0x0000000080002224 (0x00B33023) sd x11, 0x0(x6)                          sv_Mvect+16
mem[W,0x0000000080009318] <- 0x00000000000010E3

clint mtime 0x00000000000000E7 (mip.MTI <- 0b1, mip.STI <- 0b0)
mem[X,0x0000000080002228] -> 0x3423
mem[X,0x000000008000222A] -> 0x00A3
[462] [M]: 0x0000000080002228 (0x00A33423) sd x10, 0x8(x6)                          sv_Mcause+0
mem[W,0x0000000080009320] <- 0x0000000000000002

mem[X,0x000000008000222C] -> 0x4663
mem[X,0x000000008000222E] -> 0x1A05
[463] [M]: 0x000000008000222C (0x1A054663) blt x10, x0, 0x1ac                       sv_Mcause+4

clint mtime 0x00000000000000E8 (mip.MTI <- 0b1, mip.STI <- 0b0)
mem[X,0x0000000080002230] -> 0x25F3
mem[X,0x0000000080002232] -> 0x3000
[464] [M]: 0x0000000080002230 (0x300025F3) csrrs x11, mstatus, x0                   common_Mexcpt_handler+0
CSR mstatus (0x300) -> 0x0000000A00000800
x11 <- 0x0000000A00000800

mem[X,0x0000000080002234] -> 0x9413
mem[X,0x0000000080002236] -> 0x02E5
[465] [M]: 0x0000000080002234 (0x02E59413) slli x8, x11, 0x2e                       common_Mexcpt_handler+4
x8 <- 0x0200000000000000

clint mtime 0x00000000000000E9 (mip.MTI <- 0b1, mip.STI <- 0b0)
mem[X,0x0000000080002238] -> 0x5463
mem[X,0x000000008000223A] -> 0x0004
[466] [M]: 0x0000000080002238 (0x00045463) bge x8, x0, 0x8                          common_Mexcpt_handler+8

mem[X,0x0000000080002240] -> 0xD493
mem[X,0x0000000080002242] -> 0x00B5
[467] [M]: 0x0000000080002240 (0x00B5D493) srli x9, x11, 0xb                        common_Mexcpt_handler+16
x9 <- 0x0000000001400001

clint mtime 0x00000000000000EA (mip.MTI <- 0b1, mip.STI <- 0b0)
mem[X,0x0000000080002244] -> 0xF493
mem[X,0x0000000080002246] -> 0x0034
[468] [M]: 0x0000000080002244 (0x0034F493) andi x9, x9, 0x3                         common_Mexcpt_handler+20
x9 <- 0x0000000000000001

mem[X,0x0000000080002248] -> 0x8493
mem[X,0x000000008000224A] -> 0x0014
[469] [M]: 0x0000000080002248 (0x00148493) addi x9, x9, 0x1                         common_Mexcpt_handler+24
x9 <- 0x0000000000000002

clint mtime 0x00000000000000EB (mip.MTI <- 0b1, mip.STI <- 0b0)
mem[X,0x000000008000224C] -> 0xF493
mem[X,0x000000008000224E] -> 0x0044
[470] [M]: 0x000000008000224C (0x0044F493) andi x9, x9, 0x4                         common_Mexcpt_handler+28
x9 <- 0x0000000000000000

mem[X,0x0000000080002250] -> 0x0593
mem[X,0x0000000080002252] -> 0x05D0
[471] [M]: 0x0000000080002250 (0x05D00593) addi x11, x0, 0x5d                       common_Mexcpt_handler+32
x11 <- 0x000000000000005D

clint mtime 0x00000000000000EC (mip.MTI <- 0b1, mip.STI <- 0b0)
mem[X,0x0000000080002254] -> 0xD5B3
mem[X,0x0000000080002256] -> 0x0095
[472] [M]: 0x0000000080002254 (0x0095D5B3) srl x11, x11, x9                         common_Mexcpt_handler+36
x11 <- 0x000000000000005D

mem[X,0x0000000080002258] -> 0xF593
mem[X,0x000000008000225A] -> 0x0015
[473] [M]: 0x0000000080002258 (0x0015F593) andi x11, x11, 0x1                       common_Mexcpt_handler+40
x11 <- 0x0000000000000001

clint mtime 0x00000000000000ED (mip.MTI <- 0b1, mip.STI <- 0b0)
mem[X,0x000000008000225C] -> 0x8EE3
mem[X,0x000000008000225E] -> 0xF405
[474] [M]: 0x000000008000225C (0xF4058EE3) beq x11, x0, -0xa4                       common_Mexcpt_handler+44

mem[X,0x0000000080002260] -> 0x0593
mem[X,0x0000000080002262] -> 0x2980
[475] [M]: 0x0000000080002260 (0x29800593) addi x11, x0, 0x298                      common_Mexcpt_handler+48
x11 <- 0x0000000000000298

clint mtime 0x00000000000000EE (mip.MTI <- 0b1, mip.STI <- 0b0)
mem[X,0x0000000080002264] -> 0xF413
mem[X,0x0000000080002266] -> 0x0014
[476] [M]: 0x0000000080002264 (0x0014F413) andi x8, x9, 0x1                         common_Mexcpt_handler+52
x8 <- 0x0000000000000000

mem[X,0x0000000080002268] -> 0x95B3
mem[X,0x000000008000226A] -> 0x0085
[477] [M]: 0x0000000080002268 (0x008595B3) sll x11, x11, x8                         common_Mexcpt_handler+56
x11 <- 0x0000000000000298

clint mtime 0x00000000000000EF (mip.MTI <- 0b1, mip.STI <- 0b0)
mem[X,0x000000008000226C] -> 0x9413
mem[X,0x000000008000226E] -> 0x03D4
[478] [M]: 0x000000008000226C (0x03D49413) slli x8, x9, 0x3d                        common_Mexcpt_handler+60
x8 <- 0x0000000000000000

mem[X,0x0000000080002270] -> 0x5413
mem[X,0x0000000080002272] -> 0x43F4
[479] [M]: 0x0000000080002270 (0x43F45413) srai x8, x8, 0x3f                        common_Mexcpt_handler+64
x8 <- 0x0000000000000000

clint mtime 0x00000000000000F0 (mip.MTI <- 0b1, mip.STI <- 0b0)
mem[X,0x0000000080002274] -> 0x4413
mem[X,0x0000000080002276] -> 0xFFF4
[480] [M]: 0x0000000080002274 (0xFFF44413) xori x8, x8, -0x1                        common_Mexcpt_handler+68
x8 <- 0xFFFFFFFFFFFFFFFF

mem[X,0x0000000080002278] -> 0xF4B3
mem[X,0x000000008000227A] -> 0x0085
[481] [M]: 0x0000000080002278 (0x0085F4B3) and x9, x11, x8                          common_Mexcpt_handler+72
x9 <- 0x0000000000000298

clint mtime 0x00000000000000F1 (mip.MTI <- 0b1, mip.STI <- 0b0)
mem[X,0x000000008000227C] -> 0x84B3
mem[X,0x000000008000227E] -> 0x0024
[482] [M]: 0x000000008000227C (0x002484B3) add x9, x9, x2                           vmem_adj_Mepc+0
x9 <- 0x0000000080005298

mem[X,0x0000000080002280] -> 0x23F3
mem[X,0x0000000080002282] -> 0x3410
[483] [M]: 0x0000000080002280 (0x341023F3) csrrs x7, mepc, x0                       vmem_adj_Mepc+4
CSR mepc (0x341) -> 0x0000000180000F44
x7 <- 0x0000000180000F44

clint mtime 0x00000000000000F2 (mip.MTI <- 0b1, mip.STI <- 0b0)
mem[X,0x0000000080002284] -> 0x0413
mem[X,0x0000000080002286] -> 0x0004
[484] [M]: 0x0000000080002284 (0x00040413) addi x8, x8, 0x0                         vmem_adj_Mepc+8
x8 <- 0xFFFFFFFFFFFFFFFF

mem[X,0x0000000080002288] -> 0x006F
mem[X,0x000000008000228A] -> 0x0400
[485] [M]: 0x0000000080002288 (0x0400006F) jal x0, 0x40                             vmem_adj_Mepc+12

clint mtime 0x00000000000000F3 (mip.MTI <- 0b1, mip.STI <- 0b0)
mem[X,0x00000000800022C8] -> 0x8433
mem[X,0x00000000800022CA] -> 0x4083
[486] [M]: 0x00000000800022C8 (0x40838433) sub x8, x7, x8                           adj_Mepc+0
x8 <- 0x0000000180000F45

mem[X,0x00000000800022CC] -> 0x3823
mem[X,0x00000000800022CE] -> 0x0083
[487] [M]: 0x00000000800022CC (0x00833823) sd x8, 0x10(x6)                          sv_Mepc+0
mem[W,0x0000000080009328] <- 0x0000000180000F45

clint mtime 0x00000000000000F4 (mip.MTI <- 0b1, mip.STI <- 0b0)
mem[X,0x00000000800022D0] -> 0x55B7
mem[X,0x00000000800022D2] -> 0x0000
[488] [M]: 0x00000000800022D0 (0x000055B7) lui x11, 0x5                             sv_Mepc+4
x11 <- 0x0000000000005000

mem[X,0x00000000800022D4] -> 0x8593
mem[X,0x00000000800022D6] -> 0x6675
[489] [M]: 0x00000000800022D4 (0x66758593) addi x11, x11, 0x667                     sv_Mepc+8
x11 <- 0x0000000000005667

clint mtime 0x00000000000000F5 (mip.MTI <- 0b1, mip.STI <- 0b0)
mem[X,0x00000000800022D8] -> 0x9593
mem[X,0x00000000800022DA] -> 0x0015
[490] [M]: 0x00000000800022D8 (0x00159593) slli x11, x11, 0x1                       sv_Mepc+12
x11 <- 0x000000000000ACCE

mem[X,0x00000000800022DC] -> 0x9063
mem[X,0x00000000800022DE] -> 0x02B1
[491] [M]: 0x00000000800022DC (0x02B19063) bne x3, x11, 0x20                        sv_Mepc+16

clint mtime 0x00000000000000F6 (mip.MTI <- 0b1, mip.STI <- 0b0)
mem[X,0x00000000800022FC] -> 0xF593
mem[X,0x00000000800022FE] -> 0xFFC3
[492] [M]: 0x00000000800022FC (0xFFC3F593) andi x11, x7, -0x4                       adj_Mepc_rtn+0
x11 <- 0x0000000180000F44

mem[X,0x0000000080002300] -> 0x8593
mem[X,0x0000000080002302] -> 0x0085
[493] [M]: 0x0000000080002300 (0x00858593) addi x11, x11, 0x8                       adj_Mepc_rtn+4
x11 <- 0x0000000180000F4C

clint mtime 0x00000000000000F7 (mip.MTI <- 0b1, mip.STI <- 0b0)
mem[X,0x0000000080002304] -> 0x9073
mem[X,0x0000000080002306] -> 0x3415
[494] [M]: 0x0000000080002304 (0x34159073) csrrw x0, mepc, x11                      adj_Mepc_rtn+8
CSR mepc (0x341) <- 0x0000000180000F4C

mem[X,0x0000000080002308] -> 0x23F3
mem[X,0x000000008000230A] -> 0x3430
[495] [M]: 0x0000000080002308 (0x343023F3) csrrs x7, mtval, x0                      skp_adj_Mepc+0
CSR mtval (0x343) -> 0x00000000341494F3
x7 <- 0x00000000341494F3

clint mtime 0x00000000000000F8 (mip.MTI <- 0b1, mip.STI <- 0b0)
mem[X,0x000000008000230C] -> 0x0413
mem[X,0x000000008000230E] -> 0x0004
[496] [M]: 0x000000008000230C (0x00040413) addi x8, x8, 0x0                         skp_adj_Mepc+4
x8 <- 0x0000000180000F45

mem[X,0x0000000080002310] -> 0x006F
mem[X,0x0000000080002312] -> 0x0840
[497] [M]: 0x0000000080002310 (0x0840006F) jal x0, 0x84                             skp_adj_Mepc+8

clint mtime 0x00000000000000F9 (mip.MTI <- 0b1, mip.STI <- 0b0)
mem[X,0x0000000080002394] -> 0x8433
mem[X,0x0000000080002396] -> 0x4083
[498] [M]: 0x0000000080002394 (0x40838433) sub x8, x7, x8                           adj_Mtval+0
x8 <- 0xFFFFFFFEB41485AE

mem[X,0x0000000080002398] -> 0x3C23
mem[X,0x000000008000239A] -> 0x0083
[499] [M]: 0x0000000080002398 (0x00833C23) sd x8, 0x18(x6)                          sv_Mtval+0
mem[W,0x0000000080009330] <- 0xFFFFFFFEB41485AE

clint mtime 0x00000000000000FA (mip.MTI <- 0b1, mip.STI <- 0b0)
mem[X,0x000000008000239C] -> 0x3483
mem[X,0x000000008000239E] -> 0x2181
[500] [M]: 0x000000008000239C (0x21813483) ld x9, 0x218(x2)                         skp_Mtval+0
mem[R,0x0000000080005218] -> 0x0000000080009338
x9 <- 0x0000000080009338

mem[X,0x00000000800023A0] -> 0x3383
mem[X,0x00000000800023A2] -> 0x1F81
[501] [M]: 0x00000000800023A0 (0x1F813383) ld x7, 0x1f8(x2)                         skp_Mtval+4
mem[R,0x00000000800051F8] -> 0x0000000080009110
x7 <- 0x0000000080009110

clint mtime 0x00000000000000FB (mip.MTI <- 0b1, mip.STI <- 0b0)
mem[X,0x00000000800023A4] -> 0x3303
mem[X,0x00000000800023A6] -> 0x2001
[502] [M]: 0x00000000800023A4 (0x20013303) ld x6, 0x200(x2)                         skp_Mtval+8
mem[R,0x0000000080005200] -> 0x0000000000000410
x6 <- 0x0000000000000410

mem[X,0x00000000800023A8] -> 0x0333
mem[X,0x00000000800023AA] -> 0x0073
[503] [M]: 0x00000000800023A8 (0x00730333) add x6, x6, x7                           skp_Mtval+12
x6 <- 0x0000000080009520

clint mtime 0x00000000000000FC (mip.MTI <- 0b1, mip.STI <- 0b0)
mem[X,0x00000000800023AC] -> 0x6AE3
mem[X,0x00000000800023AE] -> 0xAE93
[504] [M]: 0x00000000800023AC (0xAE936AE3) bltu x6, x9, -0x50c                      skp_Mtval+16

mem[X,0x00000000800023B0] -> 0x0393
mem[X,0x00000000800023B2] -> 0x2000
[505] [M]: 0x00000000800023B0 (0x20000393) addi x7, x0, 0x200                       skp_Mtval+20
x7 <- 0x0000000000000200

clint mtime 0x00000000000000FD (mip.MTI <- 0b1, mip.STI <- 0b0)
mem[X,0x00000000800023B4] -> 0x006F
mem[X,0x00000000800023B6] -> 0x0400
[506] [M]: 0x00000000800023B4 (0x0400006F) jal x0, 0x40                             skp_Mtval+24

mem[X,0x00000000800023F4] -> 0x0417
mem[X,0x00000000800023F6] -> 0x0000
[507] [M]: 0x00000000800023F4 (0x00000417) auipc x8, 0x0                            spcl_Mhandler+0
x8 <- 0x00000000800023F4

clint mtime 0x00000000000000FE (mip.MTI <- 0b1, mip.STI <- 0b0)
mem[X,0x00000000800023F8] -> 0x0413
mem[X,0x00000000800023FA] -> 0x03C4
[508] [M]: 0x00000000800023F8 (0x03C40413) addi x8, x8, 0x3c                        spcl_Mhandler+4
x8 <- 0x0000000080002430

mem[X,0x00000000800023FC] -> 0x0433
mem[X,0x00000000800023FE] -> 0x0074
[509] [M]: 0x00000000800023FC (0x00740433) add x8, x8, x7                           spcl_Mhandler+8
x8 <- 0x0000000080002630

clint mtime 0x00000000000000FF (mip.MTI <- 0b1, mip.STI <- 0b0)
mem[X,0x0000000080002400] -> 0x1393
mem[X,0x0000000080002402] -> 0x0035
[510] [M]: 0x0000000080002400 (0x00351393) slli x7, x10, 0x3                        spcl_Mhandler+12
x7 <- 0x0000000000000010

mem[X,0x0000000080002404] -> 0x0433
mem[X,0x0000000080002406] -> 0x0074
[511] [M]: 0x0000000080002404 (0x00740433) add x8, x8, x7                           spcl_Mhandler+16
x8 <- 0x0000000080002640

clint mtime 0x0000000000000100 (mip.MTI <- 0b1, mip.STI <- 0b0)
mem[X,0x0000000080002408] -> 0x7413
mem[X,0x000000008000240A] -> 0xFF84
[512] [M]: 0x0000000080002408 (0xFF847413) andi x8, x8, -0x8                        spcl_Mhandler+20
x8 <- 0x0000000080002640

mem[X,0x000000008000240C] -> 0x3403
mem[X,0x000000008000240E] -> 0x0004
[513] [M]: 0x000000008000240C (0x00043403) ld x8, 0x0(x8)                           spcl_Mhandler+24
mem[R,0x0000000080002640] -> 0x0000000000000005
x8 <- 0x0000000000000005

clint mtime 0x0000000000000101 (mip.MTI <- 0b1, mip.STI <- 0b0)
mem[X,0x0000000080002410] -> 0x02E3
mem[X,0x0000000080002412] -> 0xB204
[514] [M]: 0x0000000080002410 (0xB20402E3) beq x8, x0, -0x4dc                       spcl_Mdispatch_hndling+0

mem[X,0x0000000080002414] -> 0x1393
mem[X,0x0000000080002416] -> 0x03F4
[515] [M]: 0x0000000080002414 (0x03F41393) slli x7, x8, 0x3f                        spcl_Mdispatch_hndling+4
x7 <- 0x8000000000000000

clint mtime 0x0000000000000102 (mip.MTI <- 0b1, mip.STI <- 0b0)
mem[X,0x0000000080002418] -> 0xD863
mem[X,0x000000008000241A] -> 0x0003
[516] [M]: 0x0000000080002418 (0x0003D863) bge x7, x0, 0x10                         spcl_Mdispatch_hndling+8

mem[X,0x000000008000241C] -> 0x5413
mem[X,0x000000008000241E] -> 0x0014
[517] [M]: 0x000000008000241C (0x00145413) srli x8, x8, 0x1                         spcl_Mdispatch_hndling+12
x8 <- 0x0000000000000002

clint mtime 0x0000000000000103 (mip.MTI <- 0b1, mip.STI <- 0b0)
mem[X,0x0000000080002420] -> 0x0CE3
mem[X,0x0000000080002422] -> 0xF885
[518] [M]: 0x0000000080002420 (0xF8850CE3) beq x10, x8, -0x68                       spcl_Mdispatch_hndling+16

mem[X,0x00000000800023B8] -> 0x3303
mem[X,0x00000000800023BA] -> 0x2601
[519] [M]: 0x00000000800023B8 (0x26013303) ld x6, 0x260(x2)                         resto_Mrtn+0
mem[R,0x0000000080005260] -> 0x0000000100000008
x6 <- 0x0000000100000008

clint mtime 0x0000000000000104 (mip.MTI <- 0b1, mip.STI <- 0b0)
mem[X,0x00000000800023BC] -> 0x3383
mem[X,0x00000000800023BE] -> 0x2681
[520] [M]: 0x00000000800023BC (0x26813383) ld x7, 0x268(x2)                         resto_Mrtn+4
mem[R,0x0000000080005268] -> 0x0000000080005000
x7 <- 0x0000000080005000

mem[X,0x00000000800023C0] -> 0x3403
mem[X,0x00000000800023C2] -> 0x2701
[521] [M]: 0x00000000800023C0 (0x27013403) ld x8, 0x270(x2)                         resto_Mrtn+8
mem[R,0x0000000080005270] -> 0x0000000000007F76
x8 <- 0x0000000000007F76

clint mtime 0x0000000000000105 (mip.MTI <- 0b1, mip.STI <- 0b0)
mem[X,0x00000000800023C4] -> 0x3483
mem[X,0x00000000800023C6] -> 0x2781
[522] [M]: 0x00000000800023C4 (0x27813483) ld x9, 0x278(x2)                         resto_Mrtn+12
mem[R,0x0000000080005278] -> 0x0000000280000F44
x9 <- 0x0000000280000F44

mem[X,0x00000000800023C8] -> 0x3503
mem[X,0x00000000800023CA] -> 0x2801
[523] [M]: 0x00000000800023C8 (0x28013503) ld x10, 0x280(x2)                        resto_Mrtn+16
mem[R,0x0000000080005280] -> 0x00000000200000CF
x10 <- 0x00000000200000CF

clint mtime 0x0000000000000106 (mip.MTI <- 0b1, mip.STI <- 0b0)
mem[X,0x00000000800023CC] -> 0x3583
mem[X,0x00000000800023CE] -> 0x2881
[524] [M]: 0x00000000800023CC (0x28813583) ld x11, 0x288(x2)                        resto_Mrtn+20
mem[R,0x0000000080005288] -> 0x00000000000000CF
x11 <- 0x00000000000000CF

mem[X,0x00000000800023D0] -> 0x3103
mem[X,0x00000000800023D2] -> 0x2901
[525] [M]: 0x00000000800023D0 (0x29013103) ld x2, 0x290(x2)                         resto_Mrtn+24
mem[R,0x0000000080005290] -> 0x0000000080005000
x2 <- 0x0000000080005000

clint mtime 0x0000000000000107 (mip.MTI <- 0b1, mip.STI <- 0b0)
mem[X,0x00000000800023D4] -> 0x0073
mem[X,0x00000000800023D6] -> 0x3020
[526] [M]: 0x00000000800023D4 (0x30200073) mret                                     resto_Mrtn+28
CSR mstatus (0x300) <- 0x0000000A00000080
ret-ing from M to S

mem[X,0x0000000080000F4C] -> 0x07B7
mem[X,0x0000000080000F4E] -> 0x0050
[527] [S]: 0x0000000180000F4C (0x005007B7) lui x15, 0x500                           va_rvtest_code_begin+944
x15 <- 0x0000000000500000

clint mtime 0x0000000000000108 (mip.MTI <- 0b1, mip.STI <- 0b0)
mem[X,0x0000000080000F50] -> 0x8793
mem[X,0x0000000080000F52] -> 0x0017
[528] [S]: 0x0000000180000F50 (0x00178793) addi x15, x15, 0x1                       va_rvtest_code_begin+948
x15 <- 0x0000000000500001

mem[X,0x0000000080000F54] -> 0x9793
mem[X,0x0000000080000F56] -> 0x00A7
[529] [S]: 0x0000000180000F54 (0x00A79793) slli x15, x15, 0xa                       va_rvtest_code_begin+952
x15 <- 0x0000000140000400

clint mtime 0x0000000000000109 (mip.MTI <- 0b1, mip.STI <- 0b0)
mem[X,0x0000000080000F58] -> 0x0613
mem[X,0x0000000080000F5A] -> 0x0106
[530] [S]: 0x0000000180000F58 (0x01060613) addi x12, x12, 0x10                      va_rvtest_code_begin+956
x12 <- 0x0000000000000010

mem[X,0x0000000080000F5C] -> 0xAA23
mem[X,0x0000000080000F5E] -> 0x00C7
[531] [S]: 0x0000000180000F5C (0x00C7AA23) sw x12, 0x14(x15)                        va_rvtest_code_begin+960
PTW: Start, vpn=0x140000, access_type=W, privilege=Smem[R,0x0000000080008028] -> 0x00000000200000CF
PTW: Step, level=2, pte=0x200000CF, pte_addr=0x80008028
PTW: Success, final_ppn=0x80000, level=2trapping from S to M to handle store/amo-access-fault
handling exc#store/amo-access-fault at priv M with tval 0x0000000140000414
CSR mstatus (0x300) <- 0x0000000A00000800
CSR mcause (0x342) <- 0x0000000000000007
CSR mtval (0x343) <- 0x0000000140000414
CSR mepc (0x341) <- 0x0000000180000F5C

clint mtime 0x000000000000010A (mip.MTI <- 0b1, mip.STI <- 0b0)
mem[X,0x0000000080001F80] -> 0x006F
mem[X,0x0000000080001F82] -> 0x1000
[532] [M]: 0x0000000080001F80 (0x1000006F) jal x0, 0x100                            Mtrampoline+0

mem[X,0x0000000080002080] -> 0x1173
mem[X,0x0000000080002082] -> 0x3401
[533] [M]: 0x0000000080002080 (0x34011173) csrrw x2, mscratch, x2                   trap_Mhandler+0
CSR mscratch (0x340) <- 0x0000000080005000
x2 <- 0x0000000080005000

clint mtime 0x000000000000010B (mip.MTI <- 0b1, mip.STI <- 0b0)
mem[X,0x0000000080002084] -> 0x3423
mem[X,0x0000000080002086] -> 0x28B1
[534] [M]: 0x0000000080002084 (0x28B13423) sd x11, 0x288(x2)                        trap_Mhandler+4
mem[W,0x0000000080005288] <- 0x00000000000000CF

mem[X,0x0000000080002088] -> 0x05EF
mem[X,0x000000008000208A] -> 0x0B80
[535] [M]: 0x0000000080002088 (0x0B8005EF) jal x11, 0xb8                            trap_Mhandler+8
x11 <- 0x000000008000208C

clint mtime 0x000000000000010C (mip.MTI <- 0b1, mip.STI <- 0b0)
mem[X,0x0000000080002140] -> 0x3023
mem[X,0x0000000080002142] -> 0x28A1
[536] [M]: 0x0000000080002140 (0x28A13023) sd x10, 0x280(x2)                        common_Mhandler+0
mem[W,0x0000000080005280] <- 0x00000000200000CF

mem[X,0x0000000080002144] -> 0x1573
mem[X,0x0000000080002146] -> 0x3401
[537] [M]: 0x0000000080002144 (0x34011573) csrrw x10, mscratch, x2                  common_Mhandler+4
CSR mscratch (0x340) <- 0x0000000080005000
x10 <- 0x0000000080005000

clint mtime 0x000000000000010D (mip.MTI <- 0b1, mip.STI <- 0b0)
mem[X,0x0000000080002148] -> 0x3823
mem[X,0x000000008000214A] -> 0x28A1
[538] [M]: 0x0000000080002148 (0x28A13823) sd x10, 0x290(x2)                        common_Mhandler+8
mem[W,0x0000000080005290] <- 0x0000000080005000

mem[X,0x000000008000214C] -> 0x3503
mem[X,0x000000008000214E] -> 0x2301
[539] [M]: 0x000000008000214C (0x23013503) ld x10, 0x230(x2)                        common_Mhandler+12
mem[R,0x0000000080005230] -> 0x0000000080002154
x10 <- 0x0000000080002154

clint mtime 0x000000000000010E (mip.MTI <- 0b1, mip.STI <- 0b0)
mem[X,0x0000000080002150] -> 0x0067
mem[X,0x0000000080002152] -> 0x0005
[540] [M]: 0x0000000080002150 (0x00050067) jalr x0, 0x0(x10)                        common_Mhandler+16

mem[X,0x0000000080002154] -> 0x3C23
mem[X,0x0000000080002156] -> 0x2691
[541] [M]: 0x0000000080002154 (0x26913C23) sd x9, 0x278(x2)                         common_Mentry+0
mem[W,0x0000000080005278] <- 0x0000000280000F44

clint mtime 0x000000000000010F (mip.MTI <- 0b1, mip.STI <- 0b0)
mem[X,0x0000000080002158] -> 0x3823
mem[X,0x000000008000215A] -> 0x2681
[542] [M]: 0x0000000080002158 (0x26813823) sd x8, 0x270(x2)                         common_Mentry+4
mem[W,0x0000000080005270] <- 0x0000000000007F76

mem[X,0x000000008000215C] -> 0x3423
mem[X,0x000000008000215E] -> 0x2671
[543] [M]: 0x000000008000215C (0x26713423) sd x7, 0x268(x2)                         common_Mentry+8
mem[W,0x0000000080005268] <- 0x0000000080005000

clint mtime 0x0000000000000110 (mip.MTI <- 0b1, mip.STI <- 0b0)
mem[X,0x0000000080002160] -> 0x3023
mem[X,0x0000000080002162] -> 0x2661
[544] [M]: 0x0000000080002160 (0x26613023) sd x6, 0x260(x2)                         common_Mentry+12
mem[W,0x0000000080005260] <- 0x0000000100000008

mem[X,0x0000000080002164] -> 0x2573
mem[X,0x0000000080002166] -> 0x3420
[545] [M]: 0x0000000080002164 (0x34202573) csrrs x10, mcause, x0                    spcl_M2mmode_test+0
CSR mcause (0x342) -> 0x0000000000000007
x10 <- 0x0000000000000007

clint mtime 0x0000000000000111 (mip.MTI <- 0b1, mip.STI <- 0b0)
mem[X,0x0000000080002168] -> 0x04B7
mem[X,0x000000008000216A] -> 0x8000
[546] [M]: 0x0000000080002168 (0x800004B7) lui x9, -0x80000                         spcl_M2mmode_test+4
x9 <- 0xFFFFFFFF80000000

mem[X,0x000000008000216C] -> 0x8493
mem[X,0x000000008000216E] -> 0x0004
[547] [M]: 0x000000008000216C (0x00048493) addi x9, x9, 0x0                         spcl_M2mmode_test+8
x9 <- 0xFFFFFFFF80000000

clint mtime 0x0000000000000112 (mip.MTI <- 0b1, mip.STI <- 0b0)
mem[X,0x0000000080002170] -> 0x9493
mem[X,0x0000000080002172] -> 0x00B4
[548] [M]: 0x0000000080002170 (0x00B49493) slli x9, x9, 0xb                         spcl_M2mmode_test+12
x9 <- 0xFFFFFC0000000000

mem[X,0x0000000080002174] -> 0x8493
mem[X,0x0000000080002176] -> 0x0004
[549] [M]: 0x0000000080002174 (0x00048493) addi x9, x9, 0x0                         spcl_M2mmode_test+16
x9 <- 0xFFFFFC0000000000

clint mtime 0x0000000000000113 (mip.MTI <- 0b1, mip.STI <- 0b0)
mem[X,0x0000000080002178] -> 0x9493
mem[X,0x000000008000217A] -> 0x00B4
[550] [M]: 0x0000000080002178 (0x00B49493) slli x9, x9, 0xb                         spcl_M2mmode_test+20
x9 <- 0xFFE0000000000000

mem[X,0x000000008000217C] -> 0x8493
mem[X,0x000000008000217E] -> 0x0034
[551] [M]: 0x000000008000217C (0x00348493) addi x9, x9, 0x3                         spcl_M2mmode_test+24
x9 <- 0xFFE0000000000003

clint mtime 0x0000000000000114 (mip.MTI <- 0b1, mip.STI <- 0b0)
mem[X,0x0000000080002180] -> 0x9493
mem[X,0x0000000080002182] -> 0x00A4
[552] [M]: 0x0000000080002180 (0x00A49493) slli x9, x9, 0xa                         spcl_M2mmode_test+28
x9 <- 0x8000000000000C00

mem[X,0x0000000080002184] -> 0x8493
mem[X,0x0000000080002186] -> 0x3FC4
[553] [M]: 0x0000000080002184 (0x3FC48493) addi x9, x9, 0x3fc                       spcl_M2mmode_test+32
x9 <- 0x8000000000000FFC

clint mtime 0x0000000000000115 (mip.MTI <- 0b1, mip.STI <- 0b0)
mem[X,0x0000000080002188] -> 0xF4B3
mem[X,0x000000008000218A] -> 0x00A4
[554] [M]: 0x0000000080002188 (0x00A4F4B3) and x9, x9, x10                          spcl_M2mmode_test+36
x9 <- 0x0000000000000004

mem[X,0x000000008000218C] -> 0x8493
mem[X,0x000000008000218E] -> 0xFF84
[555] [M]: 0x000000008000218C (0xFF848493) addi x9, x9, -0x8                        spcl_M2mmode_test+40
x9 <- 0xFFFFFFFFFFFFFFFC

clint mtime 0x0000000000000116 (mip.MTI <- 0b1, mip.STI <- 0b0)
mem[X,0x0000000080002190] -> 0x9663
mem[X,0x0000000080002192] -> 0x0004
[556] [M]: 0x0000000080002190 (0x00049663) bne x9, x0, 0xc                          spcl_M2mmode_test+44

mem[X,0x000000008000219C] -> 0x0393
mem[X,0x000000008000219E] -> 0x0200
[557] [M]: 0x000000008000219C (0x02000393) addi x7, x0, 0x20                        Mtrapsig_ptr_upd+0
x7 <- 0x0000000000000020

clint mtime 0x0000000000000117 (mip.MTI <- 0b1, mip.STI <- 0b0)
mem[X,0x00000000800021A0] -> 0x5263
mem[X,0x00000000800021A2] -> 0x0405
[558] [M]: 0x00000000800021A0 (0x04055263) bge x10, x0, 0x44                        Mtrapsig_ptr_upd+4

mem[X,0x00000000800021E4] -> 0x2373
mem[X,0x00000000800021E6] -> 0x3010
[559] [M]: 0x00000000800021E4 (0x30102373) csrrs x6, misa, x0                       Mxcpt_sig_sv+0
CSR misa (0x301) -> 0x800000000034112F
x6 <- 0x800000000034112F

clint mtime 0x0000000000000118 (mip.MTI <- 0b1, mip.STI <- 0b0)
mem[X,0x00000000800021E8] -> 0x1313
mem[X,0x00000000800021EA] -> 0x0383
[560] [M]: 0x00000000800021E8 (0x03831313) slli x6, x6, 0x38                        Mxcpt_sig_sv+4
x6 <- 0x2F00000000000000

mem[X,0x00000000800021EC] -> 0x5463
mem[X,0x00000000800021EE] -> 0x0003
[561] [M]: 0x00000000800021EC (0x00035463) bge x6, x0, 0x8                          Mxcpt_sig_sv+8

clint mtime 0x0000000000000119 (mip.MTI <- 0b1, mip.STI <- 0b0)
mem[X,0x00000000800021F4] -> 0x3303
mem[X,0x00000000800021F6] -> 0x2181
[562] [M]: 0x00000000800021F4 (0x21813303) ld x6, 0x218(x2)                         Mtrap_sig_sv+0
mem[R,0x0000000080005218] -> 0x0000000080009338
x6 <- 0x0000000080009338

mem[X,0x00000000800021F8] -> 0x04B3
mem[X,0x00000000800021FA] -> 0x0073
[563] [M]: 0x00000000800021F8 (0x007304B3) add x9, x6, x7                           Mtrap_sig_sv+4
x9 <- 0x0000000080009358

clint mtime 0x000000000000011A (mip.MTI <- 0b1, mip.STI <- 0b0)
mem[X,0x00000000800021FC] -> 0x3C23
mem[X,0x00000000800021FE] -> 0x2091
[564] [M]: 0x00000000800021FC (0x20913C23) sd x9, 0x218(x2)                         Mtrap_sig_sv+8
mem[W,0x0000000080005218] <- 0x0000000080009358

mem[X,0x0000000080002200] -> 0x3403
mem[X,0x0000000080002202] -> 0x1F81
[565] [M]: 0x0000000080002200 (0x1F813403) ld x8, 0x1f8(x2)                         Mtrap_sig_sv+12
mem[R,0x00000000800051F8] -> 0x0000000080009110
x8 <- 0x0000000080009110

clint mtime 0x000000000000011B (mip.MTI <- 0b1, mip.STI <- 0b0)
mem[X,0x0000000080002204] -> 0x0333
mem[X,0x0000000080002206] -> 0x4083
[566] [M]: 0x0000000080002204 (0x40830333) sub x6, x6, x8                           Mtrap_sig_sv+16
x6 <- 0x0000000000000228

mem[X,0x0000000080002208] -> 0x3403
mem[X,0x000000008000220A] -> 0x1F81
[567] [M]: 0x0000000080002208 (0x1F813403) ld x8, 0x1f8(x2)                         Mtrap_sig_sv+20
mem[R,0x00000000800051F8] -> 0x0000000080009110
x8 <- 0x0000000080009110

clint mtime 0x000000000000011C (mip.MTI <- 0b1, mip.STI <- 0b0)
mem[X,0x000000008000220C] -> 0x0333
mem[X,0x000000008000220E] -> 0x0083
[568] [M]: 0x000000008000220C (0x00830333) add x6, x6, x8                           Mtrap_sig_sv+24
x6 <- 0x0000000080009338

mem[X,0x0000000080002210] -> 0x3403
mem[X,0x0000000080002212] -> 0x2401
[569] [M]: 0x0000000080002210 (0x24013403) ld x8, 0x240(x2)                         Mtrap_sig_sv+28
mem[R,0x0000000080005240] -> 0x0000000080001F80
x8 <- 0x0000000080001F80

clint mtime 0x000000000000011D (mip.MTI <- 0b1, mip.STI <- 0b0)
mem[X,0x0000000080002214] -> 0x85B3
mem[X,0x0000000080002216] -> 0x4085
[570] [M]: 0x0000000080002214 (0x408585B3) sub x11, x11, x8                         sv_Mvect+0
x11 <- 0x000000000000010C

mem[X,0x0000000080002218] -> 0x9593
mem[X,0x000000008000221A] -> 0x0045
[571] [M]: 0x0000000080002218 (0x00459593) slli x11, x11, 0x4                       sv_Mvect+4
x11 <- 0x00000000000010C0

clint mtime 0x000000000000011E (mip.MTI <- 0b1, mip.STI <- 0b0)
mem[X,0x000000008000221C] -> 0xE5B3
mem[X,0x000000008000221E] -> 0x0075
[572] [M]: 0x000000008000221C (0x0075E5B3) or x11, x11, x7                          sv_Mvect+8
x11 <- 0x00000000000010E0

mem[X,0x0000000080002220] -> 0x8593
mem[X,0x0000000080002222] -> 0x0035
[573] [M]: 0x0000000080002220 (0x00358593) addi x11, x11, 0x3                       sv_Mvect+12
x11 <- 0x00000000000010E3

clint mtime 0x000000000000011F (mip.MTI <- 0b1, mip.STI <- 0b0)
mem[X,0x0000000080002224] -> 0x3023
mem[X,0x0000000080002226] -> 0x00B3
[574] [M]: 0x0000000080002224 (0x00B33023) sd x11, 0x0(x6)                          sv_Mvect+16
mem[W,0x0000000080009338] <- 0x00000000000010E3

mem[X,0x0000000080002228] -> 0x3423
mem[X,0x000000008000222A] -> 0x00A3
[575] [M]: 0x0000000080002228 (0x00A33423) sd x10, 0x8(x6)                          sv_Mcause+0
mem[W,0x0000000080009340] <- 0x0000000000000007

clint mtime 0x0000000000000120 (mip.MTI <- 0b1, mip.STI <- 0b0)
mem[X,0x000000008000222C] -> 0x4663
mem[X,0x000000008000222E] -> 0x1A05
[576] [M]: 0x000000008000222C (0x1A054663) blt x10, x0, 0x1ac                       sv_Mcause+4

mem[X,0x0000000080002230] -> 0x25F3
mem[X,0x0000000080002232] -> 0x3000
[577] [M]: 0x0000000080002230 (0x300025F3) csrrs x11, mstatus, x0                   common_Mexcpt_handler+0
CSR mstatus (0x300) -> 0x0000000A00000800
x11 <- 0x0000000A00000800

clint mtime 0x0000000000000121 (mip.MTI <- 0b1, mip.STI <- 0b0)
mem[X,0x0000000080002234] -> 0x9413
mem[X,0x0000000080002236] -> 0x02E5
[578] [M]: 0x0000000080002234 (0x02E59413) slli x8, x11, 0x2e                       common_Mexcpt_handler+4
x8 <- 0x0200000000000000

mem[X,0x0000000080002238] -> 0x5463
mem[X,0x000000008000223A] -> 0x0004
[579] [M]: 0x0000000080002238 (0x00045463) bge x8, x0, 0x8                          common_Mexcpt_handler+8

clint mtime 0x0000000000000122 (mip.MTI <- 0b1, mip.STI <- 0b0)
mem[X,0x0000000080002240] -> 0xD493
mem[X,0x0000000080002242] -> 0x00B5
[580] [M]: 0x0000000080002240 (0x00B5D493) srli x9, x11, 0xb                        common_Mexcpt_handler+16
x9 <- 0x0000000001400001

mem[X,0x0000000080002244] -> 0xF493
mem[X,0x0000000080002246] -> 0x0034
[581] [M]: 0x0000000080002244 (0x0034F493) andi x9, x9, 0x3                         common_Mexcpt_handler+20
x9 <- 0x0000000000000001

clint mtime 0x0000000000000123 (mip.MTI <- 0b1, mip.STI <- 0b0)
mem[X,0x0000000080002248] -> 0x8493
mem[X,0x000000008000224A] -> 0x0014
[582] [M]: 0x0000000080002248 (0x00148493) addi x9, x9, 0x1                         common_Mexcpt_handler+24
x9 <- 0x0000000000000002

mem[X,0x000000008000224C] -> 0xF493
mem[X,0x000000008000224E] -> 0x0044
[583] [M]: 0x000000008000224C (0x0044F493) andi x9, x9, 0x4                         common_Mexcpt_handler+28
x9 <- 0x0000000000000000

clint mtime 0x0000000000000124 (mip.MTI <- 0b1, mip.STI <- 0b0)
mem[X,0x0000000080002250] -> 0x0593
mem[X,0x0000000080002252] -> 0x05D0
[584] [M]: 0x0000000080002250 (0x05D00593) addi x11, x0, 0x5d                       common_Mexcpt_handler+32
x11 <- 0x000000000000005D

mem[X,0x0000000080002254] -> 0xD5B3
mem[X,0x0000000080002256] -> 0x0095
[585] [M]: 0x0000000080002254 (0x0095D5B3) srl x11, x11, x9                         common_Mexcpt_handler+36
x11 <- 0x000000000000005D

clint mtime 0x0000000000000125 (mip.MTI <- 0b1, mip.STI <- 0b0)
mem[X,0x0000000080002258] -> 0xF593
mem[X,0x000000008000225A] -> 0x0015
[586] [M]: 0x0000000080002258 (0x0015F593) andi x11, x11, 0x1                       common_Mexcpt_handler+40
x11 <- 0x0000000000000001

mem[X,0x000000008000225C] -> 0x8EE3
mem[X,0x000000008000225E] -> 0xF405
[587] [M]: 0x000000008000225C (0xF4058EE3) beq x11, x0, -0xa4                       common_Mexcpt_handler+44

clint mtime 0x0000000000000126 (mip.MTI <- 0b1, mip.STI <- 0b0)
mem[X,0x0000000080002260] -> 0x0593
mem[X,0x0000000080002262] -> 0x2980
[588] [M]: 0x0000000080002260 (0x29800593) addi x11, x0, 0x298                      common_Mexcpt_handler+48
x11 <- 0x0000000000000298

mem[X,0x0000000080002264] -> 0xF413
mem[X,0x0000000080002266] -> 0x0014
[589] [M]: 0x0000000080002264 (0x0014F413) andi x8, x9, 0x1                         common_Mexcpt_handler+52
x8 <- 0x0000000000000000

clint mtime 0x0000000000000127 (mip.MTI <- 0b1, mip.STI <- 0b0)
mem[X,0x0000000080002268] -> 0x95B3
mem[X,0x000000008000226A] -> 0x0085
[590] [M]: 0x0000000080002268 (0x008595B3) sll x11, x11, x8                         common_Mexcpt_handler+56
x11 <- 0x0000000000000298

mem[X,0x000000008000226C] -> 0x9413
mem[X,0x000000008000226E] -> 0x03D4
[591] [M]: 0x000000008000226C (0x03D49413) slli x8, x9, 0x3d                        common_Mexcpt_handler+60
x8 <- 0x0000000000000000

clint mtime 0x0000000000000128 (mip.MTI <- 0b1, mip.STI <- 0b0)
mem[X,0x0000000080002270] -> 0x5413
mem[X,0x0000000080002272] -> 0x43F4
[592] [M]: 0x0000000080002270 (0x43F45413) srai x8, x8, 0x3f                        common_Mexcpt_handler+64
x8 <- 0x0000000000000000

mem[X,0x0000000080002274] -> 0x4413
mem[X,0x0000000080002276] -> 0xFFF4
[593] [M]: 0x0000000080002274 (0xFFF44413) xori x8, x8, -0x1                        common_Mexcpt_handler+68
x8 <- 0xFFFFFFFFFFFFFFFF

clint mtime 0x0000000000000129 (mip.MTI <- 0b1, mip.STI <- 0b0)
mem[X,0x0000000080002278] -> 0xF4B3
mem[X,0x000000008000227A] -> 0x0085
[594] [M]: 0x0000000080002278 (0x0085F4B3) and x9, x11, x8                          common_Mexcpt_handler+72
x9 <- 0x0000000000000298

mem[X,0x000000008000227C] -> 0x84B3
mem[X,0x000000008000227E] -> 0x0024
[595] [M]: 0x000000008000227C (0x002484B3) add x9, x9, x2                           vmem_adj_Mepc+0
x9 <- 0x0000000080005298

clint mtime 0x000000000000012A (mip.MTI <- 0b1, mip.STI <- 0b0)
mem[X,0x0000000080002280] -> 0x23F3
mem[X,0x0000000080002282] -> 0x3410
[596] [M]: 0x0000000080002280 (0x341023F3) csrrs x7, mepc, x0                       vmem_adj_Mepc+4
CSR mepc (0x341) -> 0x0000000180000F5C
x7 <- 0x0000000180000F5C

mem[X,0x0000000080002284] -> 0x0413
mem[X,0x0000000080002286] -> 0x0004
[597] [M]: 0x0000000080002284 (0x00040413) addi x8, x8, 0x0                         vmem_adj_Mepc+8
x8 <- 0xFFFFFFFFFFFFFFFF

clint mtime 0x000000000000012B (mip.MTI <- 0b1, mip.STI <- 0b0)
mem[X,0x0000000080002288] -> 0x006F
mem[X,0x000000008000228A] -> 0x0400
[598] [M]: 0x0000000080002288 (0x0400006F) jal x0, 0x40                             vmem_adj_Mepc+12

mem[X,0x00000000800022C8] -> 0x8433
mem[X,0x00000000800022CA] -> 0x4083
[599] [M]: 0x00000000800022C8 (0x40838433) sub x8, x7, x8                           adj_Mepc+0
x8 <- 0x0000000180000F5D

clint mtime 0x000000000000012C (mip.MTI <- 0b1, mip.STI <- 0b0)
mem[X,0x00000000800022CC] -> 0x3823
mem[X,0x00000000800022CE] -> 0x0083
[600] [M]: 0x00000000800022CC (0x00833823) sd x8, 0x10(x6)                          sv_Mepc+0
mem[W,0x0000000080009348] <- 0x0000000180000F5D

mem[X,0x00000000800022D0] -> 0x55B7
mem[X,0x00000000800022D2] -> 0x0000
[601] [M]: 0x00000000800022D0 (0x000055B7) lui x11, 0x5                             sv_Mepc+4
x11 <- 0x0000000000005000

clint mtime 0x000000000000012D (mip.MTI <- 0b1, mip.STI <- 0b0)
mem[X,0x00000000800022D4] -> 0x8593
mem[X,0x00000000800022D6] -> 0x6675
[602] [M]: 0x00000000800022D4 (0x66758593) addi x11, x11, 0x667                     sv_Mepc+8
x11 <- 0x0000000000005667

mem[X,0x00000000800022D8] -> 0x9593
mem[X,0x00000000800022DA] -> 0x0015
[603] [M]: 0x00000000800022D8 (0x00159593) slli x11, x11, 0x1                       sv_Mepc+12
x11 <- 0x000000000000ACCE

clint mtime 0x000000000000012E (mip.MTI <- 0b1, mip.STI <- 0b0)
mem[X,0x00000000800022DC] -> 0x9063
mem[X,0x00000000800022DE] -> 0x02B1
[604] [M]: 0x00000000800022DC (0x02B19063) bne x3, x11, 0x20                        sv_Mepc+16

mem[X,0x00000000800022FC] -> 0xF593
mem[X,0x00000000800022FE] -> 0xFFC3
[605] [M]: 0x00000000800022FC (0xFFC3F593) andi x11, x7, -0x4                       adj_Mepc_rtn+0
x11 <- 0x0000000180000F5C

clint mtime 0x000000000000012F (mip.MTI <- 0b1, mip.STI <- 0b0)
mem[X,0x0000000080002300] -> 0x8593
mem[X,0x0000000080002302] -> 0x0085
[606] [M]: 0x0000000080002300 (0x00858593) addi x11, x11, 0x8                       adj_Mepc_rtn+4
x11 <- 0x0000000180000F64

mem[X,0x0000000080002304] -> 0x9073
mem[X,0x0000000080002306] -> 0x3415
[607] [M]: 0x0000000080002304 (0x34159073) csrrw x0, mepc, x11                      adj_Mepc_rtn+8
CSR mepc (0x341) <- 0x0000000180000F64

clint mtime 0x0000000000000130 (mip.MTI <- 0b1, mip.STI <- 0b0)
mem[X,0x0000000080002308] -> 0x23F3
mem[X,0x000000008000230A] -> 0x3430
[608] [M]: 0x0000000080002308 (0x343023F3) csrrs x7, mtval, x0                      skp_adj_Mepc+0
CSR mtval (0x343) -> 0x0000000140000414
x7 <- 0x0000000140000414

mem[X,0x000000008000230C] -> 0x0413
mem[X,0x000000008000230E] -> 0x0004
[609] [M]: 0x000000008000230C (0x00040413) addi x8, x8, 0x0                         skp_adj_Mepc+4
x8 <- 0x0000000180000F5D

clint mtime 0x0000000000000131 (mip.MTI <- 0b1, mip.STI <- 0b0)
mem[X,0x0000000080002310] -> 0x006F
mem[X,0x0000000080002312] -> 0x0840
[610] [M]: 0x0000000080002310 (0x0840006F) jal x0, 0x84                             skp_adj_Mepc+8

mem[X,0x0000000080002394] -> 0x8433
mem[X,0x0000000080002396] -> 0x4083
[611] [M]: 0x0000000080002394 (0x40838433) sub x8, x7, x8                           adj_Mtval+0
x8 <- 0xFFFFFFFFBFFFF4B7

clint mtime 0x0000000000000132 (mip.MTI <- 0b1, mip.STI <- 0b0)
mem[X,0x0000000080002398] -> 0x3C23
mem[X,0x000000008000239A] -> 0x0083
[612] [M]: 0x0000000080002398 (0x00833C23) sd x8, 0x18(x6)                          sv_Mtval+0
mem[W,0x0000000080009350] <- 0xFFFFFFFFBFFFF4B7

mem[X,0x000000008000239C] -> 0x3483
mem[X,0x000000008000239E] -> 0x2181
[613] [M]: 0x000000008000239C (0x21813483) ld x9, 0x218(x2)                         skp_Mtval+0
mem[R,0x0000000080005218] -> 0x0000000080009358
x9 <- 0x0000000080009358

clint mtime 0x0000000000000133 (mip.MTI <- 0b1, mip.STI <- 0b0)
mem[X,0x00000000800023A0] -> 0x3383
mem[X,0x00000000800023A2] -> 0x1F81
[614] [M]: 0x00000000800023A0 (0x1F813383) ld x7, 0x1f8(x2)                         skp_Mtval+4
mem[R,0x00000000800051F8] -> 0x0000000080009110
x7 <- 0x0000000080009110

mem[X,0x00000000800023A4] -> 0x3303
mem[X,0x00000000800023A6] -> 0x2001
[615] [M]: 0x00000000800023A4 (0x20013303) ld x6, 0x200(x2)                         skp_Mtval+8
mem[R,0x0000000080005200] -> 0x0000000000000410
x6 <- 0x0000000000000410

clint mtime 0x0000000000000134 (mip.MTI <- 0b1, mip.STI <- 0b0)
mem[X,0x00000000800023A8] -> 0x0333
mem[X,0x00000000800023AA] -> 0x0073
[616] [M]: 0x00000000800023A8 (0x00730333) add x6, x6, x7                           skp_Mtval+12
x6 <- 0x0000000080009520

mem[X,0x00000000800023AC] -> 0x6AE3
mem[X,0x00000000800023AE] -> 0xAE93
[617] [M]: 0x00000000800023AC (0xAE936AE3) bltu x6, x9, -0x50c                      skp_Mtval+16

clint mtime 0x0000000000000135 (mip.MTI <- 0b1, mip.STI <- 0b0)
mem[X,0x00000000800023B0] -> 0x0393
mem[X,0x00000000800023B2] -> 0x2000
[618] [M]: 0x00000000800023B0 (0x20000393) addi x7, x0, 0x200                       skp_Mtval+20
x7 <- 0x0000000000000200

mem[X,0x00000000800023B4] -> 0x006F
mem[X,0x00000000800023B6] -> 0x0400
[619] [M]: 0x00000000800023B4 (0x0400006F) jal x0, 0x40                             skp_Mtval+24

clint mtime 0x0000000000000136 (mip.MTI <- 0b1, mip.STI <- 0b0)
mem[X,0x00000000800023F4] -> 0x0417
mem[X,0x00000000800023F6] -> 0x0000
[620] [M]: 0x00000000800023F4 (0x00000417) auipc x8, 0x0                            spcl_Mhandler+0
x8 <- 0x00000000800023F4

mem[X,0x00000000800023F8] -> 0x0413
mem[X,0x00000000800023FA] -> 0x03C4
[621] [M]: 0x00000000800023F8 (0x03C40413) addi x8, x8, 0x3c                        spcl_Mhandler+4
x8 <- 0x0000000080002430

clint mtime 0x0000000000000137 (mip.MTI <- 0b1, mip.STI <- 0b0)
mem[X,0x00000000800023FC] -> 0x0433
mem[X,0x00000000800023FE] -> 0x0074
[622] [M]: 0x00000000800023FC (0x00740433) add x8, x8, x7                           spcl_Mhandler+8
x8 <- 0x0000000080002630

mem[X,0x0000000080002400] -> 0x1393
mem[X,0x0000000080002402] -> 0x0035
[623] [M]: 0x0000000080002400 (0x00351393) slli x7, x10, 0x3                        spcl_Mhandler+12
x7 <- 0x0000000000000038

clint mtime 0x0000000000000138 (mip.MTI <- 0b1, mip.STI <- 0b0)
mem[X,0x0000000080002404] -> 0x0433
mem[X,0x0000000080002406] -> 0x0074
[624] [M]: 0x0000000080002404 (0x00740433) add x8, x8, x7                           spcl_Mhandler+16
x8 <- 0x0000000080002668

mem[X,0x0000000080002408] -> 0x7413
mem[X,0x000000008000240A] -> 0xFF84
[625] [M]: 0x0000000080002408 (0xFF847413) andi x8, x8, -0x8                        spcl_Mhandler+20
x8 <- 0x0000000080002668

clint mtime 0x0000000000000139 (mip.MTI <- 0b1, mip.STI <- 0b0)
mem[X,0x000000008000240C] -> 0x3403
mem[X,0x000000008000240E] -> 0x0004
[626] [M]: 0x000000008000240C (0x00043403) ld x8, 0x0(x8)                           spcl_Mhandler+24
mem[R,0x0000000080002668] -> 0x000000000000000F
x8 <- 0x000000000000000F

mem[X,0x0000000080002410] -> 0x02E3
mem[X,0x0000000080002412] -> 0xB204
[627] [M]: 0x0000000080002410 (0xB20402E3) beq x8, x0, -0x4dc                       spcl_Mdispatch_hndling+0

clint mtime 0x000000000000013A (mip.MTI <- 0b1, mip.STI <- 0b0)
mem[X,0x0000000080002414] -> 0x1393
mem[X,0x0000000080002416] -> 0x03F4
[628] [M]: 0x0000000080002414 (0x03F41393) slli x7, x8, 0x3f                        spcl_Mdispatch_hndling+4
x7 <- 0x8000000000000000

mem[X,0x0000000080002418] -> 0xD863
mem[X,0x000000008000241A] -> 0x0003
[629] [M]: 0x0000000080002418 (0x0003D863) bge x7, x0, 0x10                         spcl_Mdispatch_hndling+8

clint mtime 0x000000000000013B (mip.MTI <- 0b1, mip.STI <- 0b0)
mem[X,0x000000008000241C] -> 0x5413
mem[X,0x000000008000241E] -> 0x0014
[630] [M]: 0x000000008000241C (0x00145413) srli x8, x8, 0x1                         spcl_Mdispatch_hndling+12
x8 <- 0x0000000000000007

mem[X,0x0000000080002420] -> 0x0CE3
mem[X,0x0000000080002422] -> 0xF885
[631] [M]: 0x0000000080002420 (0xF8850CE3) beq x10, x8, -0x68                       spcl_Mdispatch_hndling+16

clint mtime 0x000000000000013C (mip.MTI <- 0b1, mip.STI <- 0b0)
mem[X,0x00000000800023B8] -> 0x3303
mem[X,0x00000000800023BA] -> 0x2601
[632] [M]: 0x00000000800023B8 (0x26013303) ld x6, 0x260(x2)                         resto_Mrtn+0
mem[R,0x0000000080005260] -> 0x0000000100000008
x6 <- 0x0000000100000008

mem[X,0x00000000800023BC] -> 0x3383
mem[X,0x00000000800023BE] -> 0x2681
[633] [M]: 0x00000000800023BC (0x26813383) ld x7, 0x268(x2)                         resto_Mrtn+4
mem[R,0x0000000080005268] -> 0x0000000080005000
x7 <- 0x0000000080005000

clint mtime 0x000000000000013D (mip.MTI <- 0b1, mip.STI <- 0b0)
mem[X,0x00000000800023C0] -> 0x3403
mem[X,0x00000000800023C2] -> 0x2701
[634] [M]: 0x00000000800023C0 (0x27013403) ld x8, 0x270(x2)                         resto_Mrtn+8
mem[R,0x0000000080005270] -> 0x0000000000007F76
x8 <- 0x0000000000007F76

mem[X,0x00000000800023C4] -> 0x3483
mem[X,0x00000000800023C6] -> 0x2781
[635] [M]: 0x00000000800023C4 (0x27813483) ld x9, 0x278(x2)                         resto_Mrtn+12
mem[R,0x0000000080005278] -> 0x0000000280000F44
x9 <- 0x0000000280000F44

clint mtime 0x000000000000013E (mip.MTI <- 0b1, mip.STI <- 0b0)
mem[X,0x00000000800023C8] -> 0x3503
mem[X,0x00000000800023CA] -> 0x2801
[636] [M]: 0x00000000800023C8 (0x28013503) ld x10, 0x280(x2)                        resto_Mrtn+16
mem[R,0x0000000080005280] -> 0x00000000200000CF
x10 <- 0x00000000200000CF

mem[X,0x00000000800023CC] -> 0x3583
mem[X,0x00000000800023CE] -> 0x2881
[637] [M]: 0x00000000800023CC (0x28813583) ld x11, 0x288(x2)                        resto_Mrtn+20
mem[R,0x0000000080005288] -> 0x00000000000000CF
x11 <- 0x00000000000000CF

clint mtime 0x000000000000013F (mip.MTI <- 0b1, mip.STI <- 0b0)
mem[X,0x00000000800023D0] -> 0x3103
mem[X,0x00000000800023D2] -> 0x2901
[638] [M]: 0x00000000800023D0 (0x29013103) ld x2, 0x290(x2)                         resto_Mrtn+24
mem[R,0x0000000080005290] -> 0x0000000080005000
x2 <- 0x0000000080005000

mem[X,0x00000000800023D4] -> 0x0073
mem[X,0x00000000800023D6] -> 0x3020
[639] [M]: 0x00000000800023D4 (0x30200073) mret                                     resto_Mrtn+28
CSR mstatus (0x300) <- 0x0000000A00000080
ret-ing from M to S

clint mtime 0x0000000000000140 (mip.MTI <- 0b1, mip.STI <- 0b0)
PTW: Start, vpn=0x180000, access_type=X, privilege=Smem[R,0x0000000080008030] -> 0x00000000200000CB
PTW: Step, level=2, pte=0x200000CB, pte_addr=0x80008030
PTW: Success, final_ppn=0x80000, level=2mem[X,0x0000000080000F64] -> 0xA703
mem[X,0x0000000080000F66] -> 0x0147
[640] [S]: 0x0000000180000F64 (0x0147A703) lw x14, 0x14(x15)                        va_rvtest_code_begin+968
PTW: Start, vpn=0x140000, access_type=R, privilege=Smem[R,0x0000000080008028] -> 0x00000000200000CF
PTW: Step, level=2, pte=0x200000CF, pte_addr=0x80008028
PTW: Success, final_ppn=0x80000, level=2mem[R,0x0000000080000414] -> 0xBEEFCAF2
x14 <- 0xFFFFFFFFBEEFCAF2

PTW: Start, vpn=0x180000, access_type=X, privilege=Smem[R,0x0000000080008030] -> 0x00000000200000CB
PTW: Step, level=2, pte=0x200000CB, pte_addr=0x80008030
PTW: Success, final_ppn=0x80000, level=2mem[X,0x0000000080000F68] -> 0x0013
mem[X,0x0000000080000F6A] -> 0x0000
[641] [S]: 0x0000000180000F68 (0x00000013) addi x0, x0, 0x0                         va_rvtest_code_begin+972

clint mtime 0x0000000000000141 (mip.MTI <- 0b1, mip.STI <- 0b0)
mem[X,0x0000000080000F6C] -> 0x51B7
mem[X,0x0000000080000F6E] -> 0x0000
[642] [S]: 0x0000000180000F6C (0x000051B7) lui x3, 0x5                              va_rvtest_code_begin+976
x3 <- 0x0000000000005000

mem[X,0x0000000080000F70] -> 0x8193
mem[X,0x0000000080000F72] -> 0x6671
[643] [S]: 0x0000000180000F70 (0x66718193) addi x3, x3, 0x667                       va_rvtest_code_begin+980
x3 <- 0x0000000000005667

clint mtime 0x0000000000000142 (mip.MTI <- 0b1, mip.STI <- 0b0)
mem[X,0x0000000080000F74] -> 0x9193
mem[X,0x0000000080000F76] -> 0x0011
[644] [S]: 0x0000000180000F74 (0x00119193) slli x3, x3, 0x1                         va_rvtest_code_begin+984
x3 <- 0x000000000000ACCE

mem[X,0x0000000080000F78] -> 0x0013
mem[X,0x0000000080000F7A] -> 0x0000
[645] [S]: 0x0000000180000F78 (0x00000013) addi x0, x0, 0x0                         va_rvtest_code_begin+988

clint mtime 0x0000000000000143 (mip.MTI <- 0b1, mip.STI <- 0b0)
mem[X,0x0000000080000F7C] -> 0x0013
mem[X,0x0000000080000F7E] -> 0x0000
[646] [S]: 0x0000000180000F7C (0x00000013) addi x0, x0, 0x0                         va_rvtest_code_begin+992

mem[X,0x0000000080000F80] -> 0x0217
mem[X,0x0000000080000F82] -> 0x0000
[647] [S]: 0x0000000180000F80 (0x00000217) auipc x4, 0x0                            va_rvtest_code_begin+996
x4 <- 0x0000000180000F80

clint mtime 0x0000000000000144 (mip.MTI <- 0b1, mip.STI <- 0b0)
mem[X,0x0000000080000F84] -> 0x0213
mem[X,0x0000000080000F86] -> 0x02C2
[648] [S]: 0x0000000180000F84 (0x02C20213) addi x4, x4, 0x2c                        va_rvtest_code_begin+1000
x4 <- 0x0000000180000FAC

mem[X,0x0000000080000F88] -> 0x0001
[649] [S]: 0x0000000180000F88 (0x0001) c.nop                                        va_rvtest_code_begin+1004

clint mtime 0x0000000000000145 (mip.MTI <- 0b1, mip.STI <- 0b0)
mem[X,0x0000000080000F8A] -> 0x0013
mem[X,0x0000000080000F8C] -> 0x0000
[650] [S]: 0x0000000180000F8A (0x00000013) addi x0, x0, 0x0                         va_rvtest_code_begin+1006

mem[X,0x0000000080000F8E] -> 0x0013
mem[X,0x0000000080000F90] -> 0x0000
[651] [S]: 0x0000000180000F8E (0x00000013) addi x0, x0, 0x0                         va_rvtest_code_begin+1010

clint mtime 0x0000000000000146 (mip.MTI <- 0b1, mip.STI <- 0b0)
mem[X,0x0000000080000F92] -> 0x0013
mem[X,0x0000000080000F94] -> 0x0000
[652] [S]: 0x0000000180000F92 (0x00000013) addi x0, x0, 0x0                         va_rvtest_code_begin+1014

mem[X,0x0000000080000F96] -> 0x0013
mem[X,0x0000000080000F98] -> 0x0000
[653] [S]: 0x0000000180000F96 (0x00000013) addi x0, x0, 0x0                         va_rvtest_code_begin+1018

clint mtime 0x0000000000000147 (mip.MTI <- 0b1, mip.STI <- 0b0)
mem[X,0x0000000080000F9A] -> 0x0013
mem[X,0x0000000080000F9C] -> 0x0000
[654] [S]: 0x0000000180000F9A (0x00000013) addi x0, x0, 0x0                         va_rvtest_code_begin+1022

mem[X,0x0000000080000F9E] -> 0x0001
[655] [S]: 0x0000000180000F9E (0x0001) c.nop                                        va_rvtest_code_begin+1026

clint mtime 0x0000000000000148 (mip.MTI <- 0b1, mip.STI <- 0b0)
mem[X,0x0000000080000FA0] -> 0x80E7
mem[X,0x0000000080000FA2] -> 0x0007
[656] [S]: 0x0000000180000FA0 (0x000780E7) jalr x1, 0x0(x15)                        va_rvtest_code_begin+1028
x1 <- 0x0000000180000FA4

PTW: Start, vpn=0x140000, access_type=X, privilege=Smem[R,0x0000000080008028] -> 0x00000000200000CF
PTW: Step, level=2, pte=0x200000CF, pte_addr=0x80008028
PTW: Success, final_ppn=0x80000, level=2mem[X,0x0000000080000400] -> 0x0013
mem[X,0x0000000080000402] -> 0x0000
[657] [S]: 0x0000000140000400 (0x00000013) addi x0, x0, 0x0                         va_data+0

clint mtime 0x0000000000000149 (mip.MTI <- 0b1, mip.STI <- 0b0)
mem[X,0x0000000080000404] -> 0x8093
mem[X,0x0000000080000406] -> 0x0080
[658] [S]: 0x0000000140000404 (0x00808093) addi x1, x1, 0x8                         va_data+4
x1 <- 0x0000000180000FAC

mem[X,0x0000000080000408] -> 0x8067
mem[X,0x000000008000040A] -> 0x0000
[659] [S]: 0x0000000140000408 (0x00008067) jalr x0, 0x0(x1)                         va_data+8

clint mtime 0x000000000000014A (mip.MTI <- 0b1, mip.STI <- 0b0)
PTW: Start, vpn=0x180000, access_type=X, privilege=Smem[R,0x0000000080008030] -> 0x00000000200000CB
PTW: Step, level=2, pte=0x200000CB, pte_addr=0x80008030
PTW: Success, final_ppn=0x80000, level=2mem[X,0x0000000080000FAC] -> 0x0013
mem[X,0x0000000080000FAE] -> 0x0000
[660] [S]: 0x0000000180000FAC (0x00000013) addi x0, x0, 0x0                         va_rvtest_code_begin+1040

mem[X,0x0000000080000FB0] -> 0x0013
mem[X,0x0000000080000FB2] -> 0x0000
[661] [S]: 0x0000000180000FB0 (0x00000013) addi x0, x0, 0x0                         va_rvtest_code_begin+1044

clint mtime 0x000000000000014B (mip.MTI <- 0b1, mip.STI <- 0b0)
mem[X,0x0000000080000FB4] -> 0x0013
mem[X,0x0000000080000FB6] -> 0x0000
[662] [S]: 0x0000000180000FB4 (0x00000013) addi x0, x0, 0x0                         va_rvtest_code_begin+1048

mem[X,0x0000000080000FB8] -> 0x0113
mem[X,0x0000000080000FBA] -> 0x0000
[663] [S]: 0x0000000180000FB8 (0x00000113) addi x2, x0, 0x0                         va_rvtest_code_begin+1052
x2 <- 0x0000000000000000

clint mtime 0x000000000000014C (mip.MTI <- 0b1, mip.STI <- 0b0)
mem[X,0x0000000080000FBC] -> 0x0073
mem[X,0x0000000080000FBE] -> 0x0000
[664] [S]: 0x0000000180000FBC (0x00000073) ecall                                    va_rvtest_code_begin+1056
trapping from S to M to handle s-call
handling exc#s-call at priv M with tval 0x0000000000000000
CSR mstatus (0x300) <- 0x0000000A00000800
CSR mcause (0x342) <- 0x0000000000000009
CSR mtval (0x343) <- 0x0000000000000000
CSR mepc (0x341) <- 0x0000000180000FBC

mem[X,0x0000000080001F80] -> 0x006F
mem[X,0x0000000080001F82] -> 0x1000
[665] [M]: 0x0000000080001F80 (0x1000006F) jal x0, 0x100                            Mtrampoline+0

clint mtime 0x000000000000014D (mip.MTI <- 0b1, mip.STI <- 0b0)
mem[X,0x0000000080002080] -> 0x1173
mem[X,0x0000000080002082] -> 0x3401
[666] [M]: 0x0000000080002080 (0x34011173) csrrw x2, mscratch, x2                   trap_Mhandler+0
CSR mscratch (0x340) <- 0x0000000000000000
x2 <- 0x0000000080005000

mem[X,0x0000000080002084] -> 0x3423
mem[X,0x0000000080002086] -> 0x28B1
[667] [M]: 0x0000000080002084 (0x28B13423) sd x11, 0x288(x2)                        trap_Mhandler+4
mem[W,0x0000000080005288] <- 0x00000000000000CF

clint mtime 0x000000000000014E (mip.MTI <- 0b1, mip.STI <- 0b0)
mem[X,0x0000000080002088] -> 0x05EF
mem[X,0x000000008000208A] -> 0x0B80
[668] [M]: 0x0000000080002088 (0x0B8005EF) jal x11, 0xb8                            trap_Mhandler+8
x11 <- 0x000000008000208C

mem[X,0x0000000080002140] -> 0x3023
mem[X,0x0000000080002142] -> 0x28A1
[669] [M]: 0x0000000080002140 (0x28A13023) sd x10, 0x280(x2)                        common_Mhandler+0
mem[W,0x0000000080005280] <- 0x00000000200000CF

clint mtime 0x000000000000014F (mip.MTI <- 0b1, mip.STI <- 0b0)
mem[X,0x0000000080002144] -> 0x1573
mem[X,0x0000000080002146] -> 0x3401
[670] [M]: 0x0000000080002144 (0x34011573) csrrw x10, mscratch, x2                  common_Mhandler+4
CSR mscratch (0x340) <- 0x0000000080005000
x10 <- 0x0000000000000000

mem[X,0x0000000080002148] -> 0x3823
mem[X,0x000000008000214A] -> 0x28A1
[671] [M]: 0x0000000080002148 (0x28A13823) sd x10, 0x290(x2)                        common_Mhandler+8
mem[W,0x0000000080005290] <- 0x0000000000000000

clint mtime 0x0000000000000150 (mip.MTI <- 0b1, mip.STI <- 0b0)
mem[X,0x000000008000214C] -> 0x3503
mem[X,0x000000008000214E] -> 0x2301
[672] [M]: 0x000000008000214C (0x23013503) ld x10, 0x230(x2)                        common_Mhandler+12
mem[R,0x0000000080005230] -> 0x0000000080002154
x10 <- 0x0000000080002154

mem[X,0x0000000080002150] -> 0x0067
mem[X,0x0000000080002152] -> 0x0005
[673] [M]: 0x0000000080002150 (0x00050067) jalr x0, 0x0(x10)                        common_Mhandler+16

clint mtime 0x0000000000000151 (mip.MTI <- 0b1, mip.STI <- 0b0)
mem[X,0x0000000080002154] -> 0x3C23
mem[X,0x0000000080002156] -> 0x2691
[674] [M]: 0x0000000080002154 (0x26913C23) sd x9, 0x278(x2)                         common_Mentry+0
mem[W,0x0000000080005278] <- 0x0000000280000F44

mem[X,0x0000000080002158] -> 0x3823
mem[X,0x000000008000215A] -> 0x2681
[675] [M]: 0x0000000080002158 (0x26813823) sd x8, 0x270(x2)                         common_Mentry+4
mem[W,0x0000000080005270] <- 0x0000000000007F76

clint mtime 0x0000000000000152 (mip.MTI <- 0b1, mip.STI <- 0b0)
mem[X,0x000000008000215C] -> 0x3423
mem[X,0x000000008000215E] -> 0x2671
[676] [M]: 0x000000008000215C (0x26713423) sd x7, 0x268(x2)                         common_Mentry+8
mem[W,0x0000000080005268] <- 0x0000000080005000

mem[X,0x0000000080002160] -> 0x3023
mem[X,0x0000000080002162] -> 0x2661
[677] [M]: 0x0000000080002160 (0x26613023) sd x6, 0x260(x2)                         common_Mentry+12
mem[W,0x0000000080005260] <- 0x0000000100000008

clint mtime 0x0000000000000153 (mip.MTI <- 0b1, mip.STI <- 0b0)
mem[X,0x0000000080002164] -> 0x2573
mem[X,0x0000000080002166] -> 0x3420
[678] [M]: 0x0000000080002164 (0x34202573) csrrs x10, mcause, x0                    spcl_M2mmode_test+0
CSR mcause (0x342) -> 0x0000000000000009
x10 <- 0x0000000000000009

mem[X,0x0000000080002168] -> 0x04B7
mem[X,0x000000008000216A] -> 0x8000
[679] [M]: 0x0000000080002168 (0x800004B7) lui x9, -0x80000                         spcl_M2mmode_test+4
x9 <- 0xFFFFFFFF80000000

clint mtime 0x0000000000000154 (mip.MTI <- 0b1, mip.STI <- 0b0)
mem[X,0x000000008000216C] -> 0x8493
mem[X,0x000000008000216E] -> 0x0004
[680] [M]: 0x000000008000216C (0x00048493) addi x9, x9, 0x0                         spcl_M2mmode_test+8
x9 <- 0xFFFFFFFF80000000

mem[X,0x0000000080002170] -> 0x9493
mem[X,0x0000000080002172] -> 0x00B4
[681] [M]: 0x0000000080002170 (0x00B49493) slli x9, x9, 0xb                         spcl_M2mmode_test+12
x9 <- 0xFFFFFC0000000000

clint mtime 0x0000000000000155 (mip.MTI <- 0b1, mip.STI <- 0b0)
mem[X,0x0000000080002174] -> 0x8493
mem[X,0x0000000080002176] -> 0x0004
[682] [M]: 0x0000000080002174 (0x00048493) addi x9, x9, 0x0                         spcl_M2mmode_test+16
x9 <- 0xFFFFFC0000000000

mem[X,0x0000000080002178] -> 0x9493
mem[X,0x000000008000217A] -> 0x00B4
[683] [M]: 0x0000000080002178 (0x00B49493) slli x9, x9, 0xb                         spcl_M2mmode_test+20
x9 <- 0xFFE0000000000000

clint mtime 0x0000000000000156 (mip.MTI <- 0b1, mip.STI <- 0b0)
mem[X,0x000000008000217C] -> 0x8493
mem[X,0x000000008000217E] -> 0x0034
[684] [M]: 0x000000008000217C (0x00348493) addi x9, x9, 0x3                         spcl_M2mmode_test+24
x9 <- 0xFFE0000000000003

mem[X,0x0000000080002180] -> 0x9493
mem[X,0x0000000080002182] -> 0x00A4
[685] [M]: 0x0000000080002180 (0x00A49493) slli x9, x9, 0xa                         spcl_M2mmode_test+28
x9 <- 0x8000000000000C00

clint mtime 0x0000000000000157 (mip.MTI <- 0b1, mip.STI <- 0b0)
mem[X,0x0000000080002184] -> 0x8493
mem[X,0x0000000080002186] -> 0x3FC4
[686] [M]: 0x0000000080002184 (0x3FC48493) addi x9, x9, 0x3fc                       spcl_M2mmode_test+32
x9 <- 0x8000000000000FFC

mem[X,0x0000000080002188] -> 0xF4B3
mem[X,0x000000008000218A] -> 0x00A4
[687] [M]: 0x0000000080002188 (0x00A4F4B3) and x9, x9, x10                          spcl_M2mmode_test+36
x9 <- 0x0000000000000008

clint mtime 0x0000000000000158 (mip.MTI <- 0b1, mip.STI <- 0b0)
mem[X,0x000000008000218C] -> 0x8493
mem[X,0x000000008000218E] -> 0xFF84
[688] [M]: 0x000000008000218C (0xFF848493) addi x9, x9, -0x8                        spcl_M2mmode_test+40
x9 <- 0x0000000000000000

mem[X,0x0000000080002190] -> 0x9663
mem[X,0x0000000080002192] -> 0x0004
[689] [M]: 0x0000000080002190 (0x00049663) bne x9, x0, 0xc                          spcl_M2mmode_test+44

clint mtime 0x0000000000000159 (mip.MTI <- 0b1, mip.STI <- 0b0)
mem[X,0x0000000080002194] -> 0x3383
mem[X,0x0000000080002196] -> 0x2901
[690] [M]: 0x0000000080002194 (0x29013383) ld x7, 0x290(x2)                         spcl_M2mmode_test+48
mem[R,0x0000000080005290] -> 0x0000000000000000
x7 <- 0x0000000000000000

mem[X,0x0000000080002198] -> 0x8663
mem[X,0x000000008000219A] -> 0x6E03
[691] [M]: 0x0000000080002198 (0x6E038663) beq x7, x0, 0x6ec                        spcl_M2mmode_test+52

clint mtime 0x000000000000015A (mip.MTI <- 0b1, mip.STI <- 0b0)
mem[X,0x0000000080002884] -> 0x0493
mem[X,0x0000000080002886] -> 0xFF55
[692] [M]: 0x0000000080002884 (0xFF550493) addi x9, x10, -0xb                       rtn2mmode+0
x9 <- 0xFFFFFFFFFFFFFFFE

mem[X,0x0000000080002888] -> 0x8C63
mem[X,0x000000008000288A] -> 0x0004
[693] [M]: 0x0000000080002888 (0x00048C63) beq x9, x0, 0x18                         rtn2mmode+4

clint mtime 0x000000000000015B (mip.MTI <- 0b1, mip.STI <- 0b0)
mem[X,0x000000008000288C] -> 0x3583
mem[X,0x000000008000288E] -> 0x4701
[694] [M]: 0x000000008000288C (0x47013583) ld x11, 0x470(x2)                        rtn2mmode+8
mem[R,0x0000000080005470] -> 0x0000000180000B9C
x11 <- 0x0000000180000B9C

mem[X,0x0000000080002890] -> 0xD463
mem[X,0x0000000080002892] -> 0x0003
[695] [M]: 0x0000000080002890 (0x0003D463) bge x7, x0, 0x8                          rtn2mmode+12

clint mtime 0x000000000000015C (mip.MTI <- 0b1, mip.STI <- 0b0)
mem[X,0x0000000080002898] -> 0x3483
mem[X,0x000000008000289A] -> 0x1D81
[696] [M]: 0x0000000080002898 (0x1D813483) ld x9, 0x1d8(x2)                         from_u_s+0
mem[R,0x00000000800051D8] -> 0x0000000080000BB4
x9 <- 0x0000000080000BB4

mem[X,0x000000008000289C] -> 0x84B3
mem[X,0x000000008000289E] -> 0x40B4
[697] [M]: 0x000000008000289C (0x40B484B3) sub x9, x9, x11                          from_u_s+4
x9 <- 0xFFFFFFFF00000018

clint mtime 0x000000000000015D (mip.MTI <- 0b1, mip.STI <- 0b0)
mem[X,0x00000000800028A0] -> 0x23F3
mem[X,0x00000000800028A2] -> 0x3410
[698] [M]: 0x00000000800028A0 (0x341023F3) csrrs x7, mepc, x0                       rtn_fm_mmode+0
CSR mepc (0x341) -> 0x0000000180000FBC
x7 <- 0x0000000180000FBC

mem[X,0x00000000800028A4] -> 0x83B3
mem[X,0x00000000800028A6] -> 0x0093
[699] [M]: 0x00000000800028A4 (0x009383B3) add x7, x7, x9                           rtn_fm_mmode+4
x7 <- 0x0000000080000FD4

clint mtime 0x000000000000015E (mip.MTI <- 0b1, mip.STI <- 0b0)
mem[X,0x00000000800028A8] -> 0x3303
mem[X,0x00000000800028AA] -> 0x2601
[700] [M]: 0x00000000800028A8 (0x26013303) ld x6, 0x260(x2)                         rtn_fm_mmode+8
mem[R,0x0000000080005260] -> 0x0000000100000008
x6 <- 0x0000000100000008

mem[X,0x00000000800028AC] -> 0x3403
mem[X,0x00000000800028AE] -> 0x2701
[701] [M]: 0x00000000800028AC (0x27013403) ld x8, 0x270(x2)                         rtn_fm_mmode+12
mem[R,0x0000000080005270] -> 0x0000000000007F76
x8 <- 0x0000000000007F76

clint mtime 0x000000000000015F (mip.MTI <- 0b1, mip.STI <- 0b0)
mem[X,0x00000000800028B0] -> 0x3483
mem[X,0x00000000800028B2] -> 0x2781
[702] [M]: 0x00000000800028B0 (0x27813483) ld x9, 0x278(x2)                         rtn_fm_mmode+16
mem[R,0x0000000080005278] -> 0x0000000280000F44
x9 <- 0x0000000280000F44

mem[X,0x00000000800028B4] -> 0x3503
mem[X,0x00000000800028B6] -> 0x2801
[703] [M]: 0x00000000800028B4 (0x28013503) ld x10, 0x280(x2)                        rtn_fm_mmode+20
mem[R,0x0000000080005280] -> 0x00000000200000CF
x10 <- 0x00000000200000CF

clint mtime 0x0000000000000160 (mip.MTI <- 0b1, mip.STI <- 0b0)
mem[X,0x00000000800028B8] -> 0x3583
mem[X,0x00000000800028BA] -> 0x2881
[704] [M]: 0x00000000800028B8 (0x28813583) ld x11, 0x288(x2)                        rtn_fm_mmode+24
mem[R,0x0000000080005288] -> 0x00000000000000CF
x11 <- 0x00000000000000CF

mem[X,0x00000000800028BC] -> 0x3103
mem[X,0x00000000800028BE] -> 0x2901
[705] [M]: 0x00000000800028BC (0x29013103) ld x2, 0x290(x2)                         rtn_fm_mmode+28
mem[R,0x0000000080005290] -> 0x0000000000000000
x2 <- 0x0000000000000000

clint mtime 0x0000000000000161 (mip.MTI <- 0b1, mip.STI <- 0b0)
mem[X,0x00000000800028C0] -> 0x8067
mem[X,0x00000000800028C2] -> 0x0043
[706] [M]: 0x00000000800028C0 (0x00438067) jalr x0, 0x4(x7)                         rtn_fm_mmode+32

mem[X,0x0000000080000FD8] -> 0x0013
mem[X,0x0000000080000FDA] -> 0x0000
[707] [M]: 0x0000000080000FD8 (0x00000013) addi x0, x0, 0x0                         main+1016

clint mtime 0x0000000000000162 (mip.MTI <- 0b1, mip.STI <- 0b0)
mem[X,0x0000000080000FDC] -> 0x0013
mem[X,0x0000000080000FDE] -> 0x0000
[708] [M]: 0x0000000080000FDC (0x00000013) addi x0, x0, 0x0                         main+1020

mem[X,0x0000000080000FE0] -> 0x6517
mem[X,0x0000000080000FE2] -> 0x0000
[709] [M]: 0x0000000080000FE0 (0x00006517) auipc x10, 0x6                           main+1024
x10 <- 0x0000000080006FE0

clint mtime 0x0000000000000163 (mip.MTI <- 0b1, mip.STI <- 0b0)
mem[X,0x0000000080000FE4] -> 0x0513
mem[X,0x0000000080000FE6] -> 0x0205
[710] [M]: 0x0000000080000FE4 (0x02050513) addi x10, x10, 0x20                      main+1028
x10 <- 0x0000000080007000

mem[X,0x0000000080000FE8] -> 0x0001
[711] [M]: 0x0000000080000FE8 (0x0001) c.nop                                        main+1032

clint mtime 0x0000000000000164 (mip.MTI <- 0b1, mip.STI <- 0b0)
mem[X,0x0000000080000FEA] -> 0x0013
mem[X,0x0000000080000FEC] -> 0x0000
[712] [M]: 0x0000000080000FEA (0x00000013) addi x0, x0, 0x0                         main+1034

mem[X,0x0000000080000FEE] -> 0x0013
mem[X,0x0000000080000FF0] -> 0x0000
[713] [M]: 0x0000000080000FEE (0x00000013) addi x0, x0, 0x0                         main+1038

clint mtime 0x0000000000000165 (mip.MTI <- 0b1, mip.STI <- 0b0)
mem[X,0x0000000080000FF2] -> 0x0013
mem[X,0x0000000080000FF4] -> 0x0000
[714] [M]: 0x0000000080000FF2 (0x00000013) addi x0, x0, 0x0                         main+1042

mem[X,0x0000000080000FF6] -> 0x0013
mem[X,0x0000000080000FF8] -> 0x0000
[715] [M]: 0x0000000080000FF6 (0x00000013) addi x0, x0, 0x0                         main+1046

clint mtime 0x0000000000000166 (mip.MTI <- 0b1, mip.STI <- 0b0)
mem[X,0x0000000080000FFA] -> 0x0013
mem[X,0x0000000080000FFC] -> 0x0000
[716] [M]: 0x0000000080000FFA (0x00000013) addi x0, x0, 0x0                         main+1050

mem[X,0x0000000080000FFE] -> 0x0001
[717] [M]: 0x0000000080000FFE (0x0001) c.nop                                        main+1054

clint mtime 0x0000000000000167 (mip.MTI <- 0b1, mip.STI <- 0b0)
mem[X,0x0000000080001000] -> 0x0593
mem[X,0x0000000080001002] -> 0x0010
[718] [M]: 0x0000000080001000 (0x00100593) addi x11, x0, 0x1                        main+1056
x11 <- 0x0000000000000001

mem[X,0x0000000080001004] -> 0x5513
mem[X,0x0000000080001006] -> 0x00C5
[719] [M]: 0x0000000080001004 (0x00C55513) srli x10, x10, 0xc                       main+1060
x10 <- 0x0000000000080007

clint mtime 0x0000000000000168 (mip.MTI <- 0b1, mip.STI <- 0b0)
mem[X,0x0000000080001008] -> 0x1513
mem[X,0x000000008000100A] -> 0x00A5
[720] [M]: 0x0000000080001008 (0x00A51513) slli x10, x10, 0xa                       main+1064
x10 <- 0x0000000020001C00

mem[X,0x000000008000100C] -> 0x6533
mem[X,0x000000008000100E] -> 0x00B5
[721] [M]: 0x000000008000100C (0x00B56533) or x10, x10, x11                         main+1068
x10 <- 0x0000000020001C01

clint mtime 0x0000000000000169 (mip.MTI <- 0b1, mip.STI <- 0b0)
mem[X,0x0000000080001010] -> 0x0013
mem[X,0x0000000080001012] -> 0x0000
[722] [M]: 0x0000000080001010 (0x00000013) addi x0, x0, 0x0                         main+1072

mem[X,0x0000000080001014] -> 0x0013
mem[X,0x0000000080001016] -> 0x0000
[723] [M]: 0x0000000080001014 (0x00000013) addi x0, x0, 0x0                         main+1076

clint mtime 0x000000000000016A (mip.MTI <- 0b1, mip.STI <- 0b0)
mem[X,0x0000000080001018] -> 0x0013
mem[X,0x000000008000101A] -> 0x0000
[724] [M]: 0x0000000080001018 (0x00000013) addi x0, x0, 0x0                         main+1080

mem[X,0x000000008000101C] -> 0x0013
mem[X,0x000000008000101E] -> 0x0000
[725] [M]: 0x000000008000101C (0x00000013) addi x0, x0, 0x0                         main+1084

clint mtime 0x000000000000016B (mip.MTI <- 0b1, mip.STI <- 0b0)
mem[X,0x0000000080001020] -> 0x7317
mem[X,0x0000000080001022] -> 0x0000
[726] [M]: 0x0000000080001020 (0x00007317) auipc x6, 0x7                            main+1088
x6 <- 0x0000000080008020

mem[X,0x0000000080001024] -> 0x0313
mem[X,0x0000000080001026] -> 0xFE03
[727] [M]: 0x0000000080001024 (0xFE030313) addi x6, x6, -0x20                       main+1092
x6 <- 0x0000000080008000

clint mtime 0x000000000000016C (mip.MTI <- 0b1, mip.STI <- 0b0)
mem[X,0x0000000080001028] -> 0x0001
[728] [M]: 0x0000000080001028 (0x0001) c.nop                                        main+1096

mem[X,0x000000008000102A] -> 0x0013
mem[X,0x000000008000102C] -> 0x0000
[729] [M]: 0x000000008000102A (0x00000013) addi x0, x0, 0x0                         main+1098

clint mtime 0x000000000000016D (mip.MTI <- 0b1, mip.STI <- 0b0)
mem[X,0x000000008000102E] -> 0x0013
mem[X,0x0000000080001030] -> 0x0000
[730] [M]: 0x000000008000102E (0x00000013) addi x0, x0, 0x0                         main+1102

mem[X,0x0000000080001032] -> 0x0013
mem[X,0x0000000080001034] -> 0x0000
[731] [M]: 0x0000000080001032 (0x00000013) addi x0, x0, 0x0                         main+1106

clint mtime 0x000000000000016E (mip.MTI <- 0b1, mip.STI <- 0b0)
mem[X,0x0000000080001036] -> 0x0013
mem[X,0x0000000080001038] -> 0x0000
[732] [M]: 0x0000000080001036 (0x00000013) addi x0, x0, 0x0                         main+1110

mem[X,0x000000008000103A] -> 0x0013
mem[X,0x000000008000103C] -> 0x0000
[733] [M]: 0x000000008000103A (0x00000013) addi x0, x0, 0x0                         main+1114

clint mtime 0x000000000000016F (mip.MTI <- 0b1, mip.STI <- 0b0)
mem[X,0x000000008000103E] -> 0x0001
[734] [M]: 0x000000008000103E (0x0001) c.nop                                        main+1118

mem[X,0x0000000080001040] -> 0x0293
mem[X,0x0000000080001042] -> 0x0280
[735] [M]: 0x0000000080001040 (0x02800293) addi x5, x0, 0x28                        main+1120
x5 <- 0x0000000000000028

clint mtime 0x0000000000000170 (mip.MTI <- 0b1, mip.STI <- 0b0)
mem[X,0x0000000080001044] -> 0x0333
mem[X,0x0000000080001046] -> 0x0053
[736] [M]: 0x0000000080001044 (0x00530333) add x6, x6, x5                           main+1124
x6 <- 0x0000000080008028

mem[X,0x0000000080001048] -> 0x3023
mem[X,0x000000008000104A] -> 0x00A3
[737] [M]: 0x0000000080001048 (0x00A33023) sd x10, 0x0(x6)                          main+1128
mem[W,0x0000000080008028] <- 0x0000000020001C01

clint mtime 0x0000000000000171 (mip.MTI <- 0b1, mip.STI <- 0b0)
mem[X,0x000000008000104C] -> 0x0013
mem[X,0x000000008000104E] -> 0x0000
[738] [M]: 0x000000008000104C (0x00000013) addi x0, x0, 0x0                         main+1132

mem[X,0x0000000080001050] -> 0x0013
mem[X,0x0000000080001052] -> 0x0000
[739] [M]: 0x0000000080001050 (0x00000013) addi x0, x0, 0x0                         main+1136

clint mtime 0x0000000000000172 (mip.MTI <- 0b1, mip.STI <- 0b0)
mem[X,0x0000000080001054] -> 0x0013
mem[X,0x0000000080001056] -> 0x0000
[740] [M]: 0x0000000080001054 (0x00000013) addi x0, x0, 0x0                         main+1140

mem[X,0x0000000080001058] -> 0x0013
mem[X,0x000000008000105A] -> 0x0000
[741] [M]: 0x0000000080001058 (0x00000013) addi x0, x0, 0x0                         main+1144

clint mtime 0x0000000000000173 (mip.MTI <- 0b1, mip.STI <- 0b0)
mem[X,0x000000008000105C] -> 0x0013
mem[X,0x000000008000105E] -> 0x0000
[742] [M]: 0x000000008000105C (0x00000013) addi x0, x0, 0x0                         main+1148

mem[X,0x0000000080001060] -> 0xF517
mem[X,0x0000000080001062] -> 0xFFFF
[743] [M]: 0x0000000080001060 (0xFFFFF517) auipc x10, -0x1                          main+1152
x10 <- 0x0000000080000060

clint mtime 0x0000000000000174 (mip.MTI <- 0b1, mip.STI <- 0b0)
mem[X,0x0000000080001064] -> 0x0513
mem[X,0x0000000080001066] -> 0x3A05
[744] [M]: 0x0000000080001064 (0x3A050513) addi x10, x10, 0x3a0                     main+1156
x10 <- 0x0000000080000400

mem[X,0x0000000080001068] -> 0x0001
[745] [M]: 0x0000000080001068 (0x0001) c.nop                                        main+1160

clint mtime 0x0000000000000175 (mip.MTI <- 0b1, mip.STI <- 0b0)
mem[X,0x000000008000106A] -> 0x0013
mem[X,0x000000008000106C] -> 0x0000
[746] [M]: 0x000000008000106A (0x00000013) addi x0, x0, 0x0                         main+1162

mem[X,0x000000008000106E] -> 0x0013
mem[X,0x0000000080001070] -> 0x0000
[747] [M]: 0x000000008000106E (0x00000013) addi x0, x0, 0x0                         main+1166

clint mtime 0x0000000000000176 (mip.MTI <- 0b1, mip.STI <- 0b0)
mem[X,0x0000000080001072] -> 0x0013
mem[X,0x0000000080001074] -> 0x0000
[748] [M]: 0x0000000080001072 (0x00000013) addi x0, x0, 0x0                         main+1170

mem[X,0x0000000080001076] -> 0x0013
mem[X,0x0000000080001078] -> 0x0000
[749] [M]: 0x0000000080001076 (0x00000013) addi x0, x0, 0x0                         main+1174

clint mtime 0x0000000000000177 (mip.MTI <- 0b1, mip.STI <- 0b0)
mem[X,0x000000008000107A] -> 0x0013
mem[X,0x000000008000107C] -> 0x0000
[750] [M]: 0x000000008000107A (0x00000013) addi x0, x0, 0x0                         main+1178

mem[X,0x000000008000107E] -> 0x0001
[751] [M]: 0x000000008000107E (0x0001) c.nop                                        main+1182

clint mtime 0x0000000000000178 (mip.MTI <- 0b1, mip.STI <- 0b0)
mem[X,0x0000000080001080] -> 0x0593
mem[X,0x0000000080001082] -> 0x0CF0
[752] [M]: 0x0000000080001080 (0x0CF00593) addi x11, x0, 0xcf                       main+1184
x11 <- 0x00000000000000CF

mem[X,0x0000000080001084] -> 0x5513
mem[X,0x0000000080001086] -> 0x00C5
[753] [M]: 0x0000000080001084 (0x00C55513) srli x10, x10, 0xc                       main+1188
x10 <- 0x0000000000080000

clint mtime 0x0000000000000179 (mip.MTI <- 0b1, mip.STI <- 0b0)
mem[X,0x0000000080001088] -> 0x1513
mem[X,0x000000008000108A] -> 0x00A5
[754] [M]: 0x0000000080001088 (0x00A51513) slli x10, x10, 0xa                       main+1192
x10 <- 0x0000000020000000

mem[X,0x000000008000108C] -> 0x6533
mem[X,0x000000008000108E] -> 0x00B5
[755] [M]: 0x000000008000108C (0x00B56533) or x10, x10, x11                         main+1196
x10 <- 0x00000000200000CF

clint mtime 0x000000000000017A (mip.MTI <- 0b1, mip.STI <- 0b0)
mem[X,0x0000000080001090] -> 0x0013
mem[X,0x0000000080001092] -> 0x0000
[756] [M]: 0x0000000080001090 (0x00000013) addi x0, x0, 0x0                         main+1200

mem[X,0x0000000080001094] -> 0x0013
mem[X,0x0000000080001096] -> 0x0000
[757] [M]: 0x0000000080001094 (0x00000013) addi x0, x0, 0x0                         main+1204

clint mtime 0x000000000000017B (mip.MTI <- 0b1, mip.STI <- 0b0)
mem[X,0x0000000080001098] -> 0x0013
mem[X,0x000000008000109A] -> 0x0000
[758] [M]: 0x0000000080001098 (0x00000013) addi x0, x0, 0x0                         main+1208

mem[X,0x000000008000109C] -> 0x0013
mem[X,0x000000008000109E] -> 0x0000
[759] [M]: 0x000000008000109C (0x00000013) addi x0, x0, 0x0                         main+1212

clint mtime 0x000000000000017C (mip.MTI <- 0b1, mip.STI <- 0b0)
mem[X,0x00000000800010A0] -> 0x6317
mem[X,0x00000000800010A2] -> 0x0000
[760] [M]: 0x00000000800010A0 (0x00006317) auipc x6, 0x6                            main+1216
x6 <- 0x00000000800070A0

mem[X,0x00000000800010A4] -> 0x0313
mem[X,0x00000000800010A6] -> 0xF603
[761] [M]: 0x00000000800010A4 (0xF6030313) addi x6, x6, -0xa0                       main+1220
x6 <- 0x0000000080007000

clint mtime 0x000000000000017D (mip.MTI <- 0b1, mip.STI <- 0b0)
mem[X,0x00000000800010A8] -> 0x0001
[762] [M]: 0x00000000800010A8 (0x0001) c.nop                                        main+1224

mem[X,0x00000000800010AA] -> 0x0013
mem[X,0x00000000800010AC] -> 0x0000
[763] [M]: 0x00000000800010AA (0x00000013) addi x0, x0, 0x0                         main+1226

clint mtime 0x000000000000017E (mip.MTI <- 0b1, mip.STI <- 0b0)
mem[X,0x00000000800010AE] -> 0x0013
mem[X,0x00000000800010B0] -> 0x0000
[764] [M]: 0x00000000800010AE (0x00000013) addi x0, x0, 0x0                         main+1230

mem[X,0x00000000800010B2] -> 0x0013
mem[X,0x00000000800010B4] -> 0x0000
[765] [M]: 0x00000000800010B2 (0x00000013) addi x0, x0, 0x0                         main+1234

clint mtime 0x000000000000017F (mip.MTI <- 0b1, mip.STI <- 0b0)
mem[X,0x00000000800010B6] -> 0x0013
mem[X,0x00000000800010B8] -> 0x0000
[766] [M]: 0x00000000800010B6 (0x00000013) addi x0, x0, 0x0                         main+1238

mem[X,0x00000000800010BA] -> 0x0013
mem[X,0x00000000800010BC] -> 0x0000
[767] [M]: 0x00000000800010BA (0x00000013) addi x0, x0, 0x0                         main+1242

clint mtime 0x0000000000000180 (mip.MTI <- 0b1, mip.STI <- 0b0)
mem[X,0x00000000800010BE] -> 0x0001
[768] [M]: 0x00000000800010BE (0x0001) c.nop                                        main+1246

mem[X,0x00000000800010C0] -> 0x0293
mem[X,0x00000000800010C2] -> 0x0000
[769] [M]: 0x00000000800010C0 (0x00000293) addi x5, x0, 0x0                         main+1248
x5 <- 0x0000000000000000

clint mtime 0x0000000000000181 (mip.MTI <- 0b1, mip.STI <- 0b0)
mem[X,0x00000000800010C4] -> 0x0333
mem[X,0x00000000800010C6] -> 0x0053
[770] [M]: 0x00000000800010C4 (0x00530333) add x6, x6, x5                           main+1252
x6 <- 0x0000000080007000

mem[X,0x00000000800010C8] -> 0x3023
mem[X,0x00000000800010CA] -> 0x00A3
[771] [M]: 0x00000000800010C8 (0x00A33023) sd x10, 0x0(x6)                          main+1256
mem[W,0x0000000080007000] <- 0x00000000200000CF

clint mtime 0x0000000000000182 (mip.MTI <- 0b1, mip.STI <- 0b0)
mem[X,0x00000000800010CC] -> 0x0073
mem[X,0x00000000800010CE] -> 0x1200
[772] [M]: 0x00000000800010CC (0x12000073) sfence.vma x0, x0                        main+1260

mem[X,0x00000000800010D0] -> 0x0493
mem[X,0x00000000800010D2] -> 0x0010
[773] [M]: 0x00000000800010D0 (0x00100493) addi x9, x0, 0x1                         main+1264
x9 <- 0x0000000000000001

clint mtime 0x0000000000000183 (mip.MTI <- 0b1, mip.STI <- 0b0)
mem[X,0x00000000800010D4] -> 0x9493
mem[X,0x00000000800010D6] -> 0x00B4
[774] [M]: 0x00000000800010D4 (0x00B49493) slli x9, x9, 0xb                         main+1268
x9 <- 0x0000000000000800

mem[X,0x00000000800010D8] -> 0xB073
mem[X,0x00000000800010DA] -> 0x3004
[775] [M]: 0x00000000800010D8 (0x3004B073) csrrc x0, mstatus, x9                    main+1272
CSR mstatus (0x300) <- 0x0000000A00000000

clint mtime 0x0000000000000184 (mip.MTI <- 0b1, mip.STI <- 0b0)
mem[X,0x00000000800010DC] -> 0x0493
mem[X,0x00000000800010DE] -> 0x0010
[776] [M]: 0x00000000800010DC (0x00100493) addi x9, x0, 0x1                         main+1276
x9 <- 0x0000000000000001

mem[X,0x00000000800010E0] -> 0x9493
mem[X,0x00000000800010E2] -> 0x00B4
[777] [M]: 0x00000000800010E0 (0x00B49493) slli x9, x9, 0xb                         main+1280
x9 <- 0x0000000000000800

clint mtime 0x0000000000000185 (mip.MTI <- 0b1, mip.STI <- 0b0)
mem[X,0x00000000800010E4] -> 0xA073
mem[X,0x00000000800010E6] -> 0x3004
[778] [M]: 0x00000000800010E4 (0x3004A073) csrrs x0, mstatus, x9                    main+1284
CSR mstatus (0x300) <- 0x0000000A00000800

mem[X,0x00000000800010E8] -> 0x23F3
mem[X,0x00000000800010EA] -> 0x3400
[779] [M]: 0x00000000800010E8 (0x340023F3) csrrs x7, mscratch, x0                   main+1288
CSR mscratch (0x340) -> 0x0000000080005000
x7 <- 0x0000000080005000

clint mtime 0x0000000000000186 (mip.MTI <- 0b1, mip.STI <- 0b0)
mem[X,0x00000000800010EC] -> 0xB303
mem[X,0x00000000800010EE] -> 0x4703
[780] [M]: 0x00000000800010EC (0x4703B303) ld x6, 0x470(x7)                         main+1292
mem[R,0x0000000080005470] -> 0x0000000180000B9C
x6 <- 0x0000000180000B9C

mem[X,0x00000000800010F0] -> 0xB483
mem[X,0x00000000800010F2] -> 0x1D83
[781] [M]: 0x00000000800010F0 (0x1D83B483) ld x9, 0x1d8(x7)                         main+1296
mem[R,0x00000000800051D8] -> 0x0000000080000BB4
x9 <- 0x0000000080000BB4

clint mtime 0x0000000000000187 (mip.MTI <- 0b1, mip.STI <- 0b0)
mem[X,0x00000000800010F4] -> 0x0333
mem[X,0x00000000800010F6] -> 0x4093
[782] [M]: 0x00000000800010F4 (0x40930333) sub x6, x6, x9                           main+1300
x6 <- 0x00000000FFFFFFE8

mem[X,0x00000000800010F8] -> 0x0313
mem[X,0x00000000800010FA] -> 0x0103
[783] [M]: 0x00000000800010F8 (0x01030313) addi x6, x6, 0x10                        main+1304
x6 <- 0x00000000FFFFFFF8

clint mtime 0x0000000000000188 (mip.MTI <- 0b1, mip.STI <- 0b0)
mem[X,0x00000000800010FC] -> 0x0497
mem[X,0x00000000800010FE] -> 0x0000
[784] [M]: 0x00000000800010FC (0x00000497) auipc x9, 0x0                            main+1308
x9 <- 0x00000000800010FC

mem[X,0x0000000080001100] -> 0x84B3
mem[X,0x0000000080001102] -> 0x0064
[785] [M]: 0x0000000080001100 (0x006484B3) add x9, x9, x6                           main+1312
x9 <- 0x00000001800010F4

clint mtime 0x0000000000000189 (mip.MTI <- 0b1, mip.STI <- 0b0)
mem[X,0x0000000080001104] -> 0x94F3
mem[X,0x0000000080001106] -> 0x3414
[786] [M]: 0x0000000080001104 (0x341494F3) csrrw x9, mepc, x9                       main+1316
CSR mepc (0x341) <- 0x00000001800010F4
x9 <- 0x0000000180000FBC

mem[X,0x0000000080001108] -> 0x0073
mem[X,0x000000008000110A] -> 0x3020
[787] [M]: 0x0000000080001108 (0x30200073) mret                                     main+1320
CSR mstatus (0x300) <- 0x0000000A00000080
ret-ing from M to S

clint mtime 0x000000000000018A (mip.MTI <- 0b1, mip.STI <- 0b0)
PTW: Start, vpn=0x180001, access_type=X, privilege=Smem[R,0x0000000080008030] -> 0x00000000200000CB
PTW: Step, level=2, pte=0x200000CB, pte_addr=0x80008030
PTW: Success, final_ppn=0x80001, level=2mem[X,0x00000000800010F4] -> 0x0333
PTW: Start, vpn=0x180001, access_type=X, privilege=Smem[R,0x0000000080008030] -> 0x00000000200000CB
PTW: Step, level=2, pte=0x200000CB, pte_addr=0x80008030
PTW: Success, final_ppn=0x80001, level=2mem[X,0x00000000800010F6] -> 0x4093
[788] [S]: 0x00000001800010F4 (0x40930333) sub x6, x6, x9                           va_rvtest_code_begin+1368
x6 <- 0xFFFFFFFF7FFFF03C

PTW: Start, vpn=0x180001, access_type=X, privilege=Smem[R,0x0000000080008030] -> 0x00000000200000CB
PTW: Step, level=2, pte=0x200000CB, pte_addr=0x80008030
PTW: Success, final_ppn=0x80001, level=2mem[X,0x00000000800010F8] -> 0x0313
PTW: Start, vpn=0x180001, access_type=X, privilege=Smem[R,0x0000000080008030] -> 0x00000000200000CB
PTW: Step, level=2, pte=0x200000CB, pte_addr=0x80008030
PTW: Success, final_ppn=0x80001, level=2mem[X,0x00000000800010FA] -> 0x0103
[789] [S]: 0x00000001800010F8 (0x01030313) addi x6, x6, 0x10                        va_rvtest_code_begin+1372
x6 <- 0xFFFFFFFF7FFFF04C

clint mtime 0x000000000000018B (mip.MTI <- 0b1, mip.STI <- 0b0)
PTW: Start, vpn=0x180001, access_type=X, privilege=Smem[R,0x0000000080008030] -> 0x00000000200000CB
PTW: Step, level=2, pte=0x200000CB, pte_addr=0x80008030
PTW: Success, final_ppn=0x80001, level=2mem[X,0x00000000800010FC] -> 0x0497
PTW: Start, vpn=0x180001, access_type=X, privilege=Smem[R,0x0000000080008030] -> 0x00000000200000CB
PTW: Step, level=2, pte=0x200000CB, pte_addr=0x80008030
PTW: Success, final_ppn=0x80001, level=2mem[X,0x00000000800010FE] -> 0x0000
[790] [S]: 0x00000001800010FC (0x00000497) auipc x9, 0x0                            va_rvtest_code_begin+1376
x9 <- 0x00000001800010FC

PTW: Start, vpn=0x180001, access_type=X, privilege=Smem[R,0x0000000080008030] -> 0x00000000200000CB
PTW: Step, level=2, pte=0x200000CB, pte_addr=0x80008030
PTW: Success, final_ppn=0x80001, level=2mem[X,0x0000000080001100] -> 0x84B3
PTW: Start, vpn=0x180001, access_type=X, privilege=Smem[R,0x0000000080008030] -> 0x00000000200000CB
PTW: Step, level=2, pte=0x200000CB, pte_addr=0x80008030
PTW: Success, final_ppn=0x80001, level=2mem[X,0x0000000080001102] -> 0x0064
[791] [S]: 0x0000000180001100 (0x006484B3) add x9, x9, x6                           va_rvtest_code_begin+1380
x9 <- 0x0000000100000148

clint mtime 0x000000000000018C (mip.MTI <- 0b1, mip.STI <- 0b0)
PTW: Start, vpn=0x180001, access_type=X, privilege=Smem[R,0x0000000080008030] -> 0x00000000200000CB
PTW: Step, level=2, pte=0x200000CB, pte_addr=0x80008030
PTW: Success, final_ppn=0x80001, level=2mem[X,0x0000000080001104] -> 0x94F3
PTW: Start, vpn=0x180001, access_type=X, privilege=Smem[R,0x0000000080008030] -> 0x00000000200000CB
PTW: Step, level=2, pte=0x200000CB, pte_addr=0x80008030
PTW: Success, final_ppn=0x80001, level=2mem[X,0x0000000080001106] -> 0x3414
[792] [S]: 0x0000000180001104 (0x341494F3) csrrw x9, mepc, x9                       va_rvtest_code_begin+1384
trapping from S to M to handle illegal-instruction
handling exc#illegal-instruction at priv M with tval 0x00000000341494F3
CSR mstatus (0x300) <- 0x0000000A00000800
CSR mcause (0x342) <- 0x0000000000000002
CSR mtval (0x343) <- 0x00000000341494F3
CSR mepc (0x341) <- 0x0000000180001104

mem[X,0x0000000080001F80] -> 0x006F
mem[X,0x0000000080001F82] -> 0x1000
[793] [M]: 0x0000000080001F80 (0x1000006F) jal x0, 0x100                            Mtrampoline+0

clint mtime 0x000000000000018D (mip.MTI <- 0b1, mip.STI <- 0b0)
mem[X,0x0000000080002080] -> 0x1173
mem[X,0x0000000080002082] -> 0x3401
[794] [M]: 0x0000000080002080 (0x34011173) csrrw x2, mscratch, x2                   trap_Mhandler+0
CSR mscratch (0x340) <- 0x0000000000000000
x2 <- 0x0000000080005000

mem[X,0x0000000080002084] -> 0x3423
mem[X,0x0000000080002086] -> 0x28B1
[795] [M]: 0x0000000080002084 (0x28B13423) sd x11, 0x288(x2)                        trap_Mhandler+4
mem[W,0x0000000080005288] <- 0x00000000000000CF

clint mtime 0x000000000000018E (mip.MTI <- 0b1, mip.STI <- 0b0)
mem[X,0x0000000080002088] -> 0x05EF
mem[X,0x000000008000208A] -> 0x0B80
[796] [M]: 0x0000000080002088 (0x0B8005EF) jal x11, 0xb8                            trap_Mhandler+8
x11 <- 0x000000008000208C

mem[X,0x0000000080002140] -> 0x3023
mem[X,0x0000000080002142] -> 0x28A1
[797] [M]: 0x0000000080002140 (0x28A13023) sd x10, 0x280(x2)                        common_Mhandler+0
mem[W,0x0000000080005280] <- 0x00000000200000CF

clint mtime 0x000000000000018F (mip.MTI <- 0b1, mip.STI <- 0b0)
mem[X,0x0000000080002144] -> 0x1573
mem[X,0x0000000080002146] -> 0x3401
[798] [M]: 0x0000000080002144 (0x34011573) csrrw x10, mscratch, x2                  common_Mhandler+4
CSR mscratch (0x340) <- 0x0000000080005000
x10 <- 0x0000000000000000

mem[X,0x0000000080002148] -> 0x3823
mem[X,0x000000008000214A] -> 0x28A1
[799] [M]: 0x0000000080002148 (0x28A13823) sd x10, 0x290(x2)                        common_Mhandler+8
mem[W,0x0000000080005290] <- 0x0000000000000000

clint mtime 0x0000000000000190 (mip.MTI <- 0b1, mip.STI <- 0b0)
mem[X,0x000000008000214C] -> 0x3503
mem[X,0x000000008000214E] -> 0x2301
[800] [M]: 0x000000008000214C (0x23013503) ld x10, 0x230(x2)                        common_Mhandler+12
mem[R,0x0000000080005230] -> 0x0000000080002154
x10 <- 0x0000000080002154

mem[X,0x0000000080002150] -> 0x0067
mem[X,0x0000000080002152] -> 0x0005
[801] [M]: 0x0000000080002150 (0x00050067) jalr x0, 0x0(x10)                        common_Mhandler+16

clint mtime 0x0000000000000191 (mip.MTI <- 0b1, mip.STI <- 0b0)
mem[X,0x0000000080002154] -> 0x3C23
mem[X,0x0000000080002156] -> 0x2691
[802] [M]: 0x0000000080002154 (0x26913C23) sd x9, 0x278(x2)                         common_Mentry+0
mem[W,0x0000000080005278] <- 0x0000000100000148

mem[X,0x0000000080002158] -> 0x3823
mem[X,0x000000008000215A] -> 0x2681
[803] [M]: 0x0000000080002158 (0x26813823) sd x8, 0x270(x2)                         common_Mentry+4
mem[W,0x0000000080005270] <- 0x0000000000007F76

clint mtime 0x0000000000000192 (mip.MTI <- 0b1, mip.STI <- 0b0)
mem[X,0x000000008000215C] -> 0x3423
mem[X,0x000000008000215E] -> 0x2671
[804] [M]: 0x000000008000215C (0x26713423) sd x7, 0x268(x2)                         common_Mentry+8
mem[W,0x0000000080005268] <- 0x0000000080005000

mem[X,0x0000000080002160] -> 0x3023
mem[X,0x0000000080002162] -> 0x2661
[805] [M]: 0x0000000080002160 (0x26613023) sd x6, 0x260(x2)                         common_Mentry+12
mem[W,0x0000000080005260] <- 0xFFFFFFFF7FFFF04C

clint mtime 0x0000000000000193 (mip.MTI <- 0b1, mip.STI <- 0b0)
mem[X,0x0000000080002164] -> 0x2573
mem[X,0x0000000080002166] -> 0x3420
[806] [M]: 0x0000000080002164 (0x34202573) csrrs x10, mcause, x0                    spcl_M2mmode_test+0
CSR mcause (0x342) -> 0x0000000000000002
x10 <- 0x0000000000000002

mem[X,0x0000000080002168] -> 0x04B7
mem[X,0x000000008000216A] -> 0x8000
[807] [M]: 0x0000000080002168 (0x800004B7) lui x9, -0x80000                         spcl_M2mmode_test+4
x9 <- 0xFFFFFFFF80000000

clint mtime 0x0000000000000194 (mip.MTI <- 0b1, mip.STI <- 0b0)
mem[X,0x000000008000216C] -> 0x8493
mem[X,0x000000008000216E] -> 0x0004
[808] [M]: 0x000000008000216C (0x00048493) addi x9, x9, 0x0                         spcl_M2mmode_test+8
x9 <- 0xFFFFFFFF80000000

mem[X,0x0000000080002170] -> 0x9493
mem[X,0x0000000080002172] -> 0x00B4
[809] [M]: 0x0000000080002170 (0x00B49493) slli x9, x9, 0xb                         spcl_M2mmode_test+12
x9 <- 0xFFFFFC0000000000

clint mtime 0x0000000000000195 (mip.MTI <- 0b1, mip.STI <- 0b0)
mem[X,0x0000000080002174] -> 0x8493
mem[X,0x0000000080002176] -> 0x0004
[810] [M]: 0x0000000080002174 (0x00048493) addi x9, x9, 0x0                         spcl_M2mmode_test+16
x9 <- 0xFFFFFC0000000000

mem[X,0x0000000080002178] -> 0x9493
mem[X,0x000000008000217A] -> 0x00B4
[811] [M]: 0x0000000080002178 (0x00B49493) slli x9, x9, 0xb                         spcl_M2mmode_test+20
x9 <- 0xFFE0000000000000

clint mtime 0x0000000000000196 (mip.MTI <- 0b1, mip.STI <- 0b0)
mem[X,0x000000008000217C] -> 0x8493
mem[X,0x000000008000217E] -> 0x0034
[812] [M]: 0x000000008000217C (0x00348493) addi x9, x9, 0x3                         spcl_M2mmode_test+24
x9 <- 0xFFE0000000000003

mem[X,0x0000000080002180] -> 0x9493
mem[X,0x0000000080002182] -> 0x00A4
[813] [M]: 0x0000000080002180 (0x00A49493) slli x9, x9, 0xa                         spcl_M2mmode_test+28
x9 <- 0x8000000000000C00

clint mtime 0x0000000000000197 (mip.MTI <- 0b1, mip.STI <- 0b0)
mem[X,0x0000000080002184] -> 0x8493
mem[X,0x0000000080002186] -> 0x3FC4
[814] [M]: 0x0000000080002184 (0x3FC48493) addi x9, x9, 0x3fc                       spcl_M2mmode_test+32
x9 <- 0x8000000000000FFC

mem[X,0x0000000080002188] -> 0xF4B3
mem[X,0x000000008000218A] -> 0x00A4
[815] [M]: 0x0000000080002188 (0x00A4F4B3) and x9, x9, x10                          spcl_M2mmode_test+36
x9 <- 0x0000000000000000

clint mtime 0x0000000000000198 (mip.MTI <- 0b1, mip.STI <- 0b0)
mem[X,0x000000008000218C] -> 0x8493
mem[X,0x000000008000218E] -> 0xFF84
[816] [M]: 0x000000008000218C (0xFF848493) addi x9, x9, -0x8                        spcl_M2mmode_test+40
x9 <- 0xFFFFFFFFFFFFFFF8

mem[X,0x0000000080002190] -> 0x9663
mem[X,0x0000000080002192] -> 0x0004
[817] [M]: 0x0000000080002190 (0x00049663) bne x9, x0, 0xc                          spcl_M2mmode_test+44

clint mtime 0x0000000000000199 (mip.MTI <- 0b1, mip.STI <- 0b0)
mem[X,0x000000008000219C] -> 0x0393
mem[X,0x000000008000219E] -> 0x0200
[818] [M]: 0x000000008000219C (0x02000393) addi x7, x0, 0x20                        Mtrapsig_ptr_upd+0
x7 <- 0x0000000000000020

mem[X,0x00000000800021A0] -> 0x5263
mem[X,0x00000000800021A2] -> 0x0405
[819] [M]: 0x00000000800021A0 (0x04055263) bge x10, x0, 0x44                        Mtrapsig_ptr_upd+4

clint mtime 0x000000000000019A (mip.MTI <- 0b1, mip.STI <- 0b0)
mem[X,0x00000000800021E4] -> 0x2373
mem[X,0x00000000800021E6] -> 0x3010
[820] [M]: 0x00000000800021E4 (0x30102373) csrrs x6, misa, x0                       Mxcpt_sig_sv+0
CSR misa (0x301) -> 0x800000000034112F
x6 <- 0x800000000034112F

mem[X,0x00000000800021E8] -> 0x1313
mem[X,0x00000000800021EA] -> 0x0383
[821] [M]: 0x00000000800021E8 (0x03831313) slli x6, x6, 0x38                        Mxcpt_sig_sv+4
x6 <- 0x2F00000000000000

clint mtime 0x000000000000019B (mip.MTI <- 0b1, mip.STI <- 0b0)
mem[X,0x00000000800021EC] -> 0x5463
mem[X,0x00000000800021EE] -> 0x0003
[822] [M]: 0x00000000800021EC (0x00035463) bge x6, x0, 0x8                          Mxcpt_sig_sv+8

mem[X,0x00000000800021F4] -> 0x3303
mem[X,0x00000000800021F6] -> 0x2181
[823] [M]: 0x00000000800021F4 (0x21813303) ld x6, 0x218(x2)                         Mtrap_sig_sv+0
mem[R,0x0000000080005218] -> 0x0000000080009358
x6 <- 0x0000000080009358

clint mtime 0x000000000000019C (mip.MTI <- 0b1, mip.STI <- 0b0)
mem[X,0x00000000800021F8] -> 0x04B3
mem[X,0x00000000800021FA] -> 0x0073
[824] [M]: 0x00000000800021F8 (0x007304B3) add x9, x6, x7                           Mtrap_sig_sv+4
x9 <- 0x0000000080009378

mem[X,0x00000000800021FC] -> 0x3C23
mem[X,0x00000000800021FE] -> 0x2091
[825] [M]: 0x00000000800021FC (0x20913C23) sd x9, 0x218(x2)                         Mtrap_sig_sv+8
mem[W,0x0000000080005218] <- 0x0000000080009378

clint mtime 0x000000000000019D (mip.MTI <- 0b1, mip.STI <- 0b0)
mem[X,0x0000000080002200] -> 0x3403
mem[X,0x0000000080002202] -> 0x1F81
[826] [M]: 0x0000000080002200 (0x1F813403) ld x8, 0x1f8(x2)                         Mtrap_sig_sv+12
mem[R,0x00000000800051F8] -> 0x0000000080009110
x8 <- 0x0000000080009110

mem[X,0x0000000080002204] -> 0x0333
mem[X,0x0000000080002206] -> 0x4083
[827] [M]: 0x0000000080002204 (0x40830333) sub x6, x6, x8                           Mtrap_sig_sv+16
x6 <- 0x0000000000000248

clint mtime 0x000000000000019E (mip.MTI <- 0b1, mip.STI <- 0b0)
mem[X,0x0000000080002208] -> 0x3403
mem[X,0x000000008000220A] -> 0x1F81
[828] [M]: 0x0000000080002208 (0x1F813403) ld x8, 0x1f8(x2)                         Mtrap_sig_sv+20
mem[R,0x00000000800051F8] -> 0x0000000080009110
x8 <- 0x0000000080009110

mem[X,0x000000008000220C] -> 0x0333
mem[X,0x000000008000220E] -> 0x0083
[829] [M]: 0x000000008000220C (0x00830333) add x6, x6, x8                           Mtrap_sig_sv+24
x6 <- 0x0000000080009358

clint mtime 0x000000000000019F (mip.MTI <- 0b1, mip.STI <- 0b0)
mem[X,0x0000000080002210] -> 0x3403
mem[X,0x0000000080002212] -> 0x2401
[830] [M]: 0x0000000080002210 (0x24013403) ld x8, 0x240(x2)                         Mtrap_sig_sv+28
mem[R,0x0000000080005240] -> 0x0000000080001F80
x8 <- 0x0000000080001F80

mem[X,0x0000000080002214] -> 0x85B3
mem[X,0x0000000080002216] -> 0x4085
[831] [M]: 0x0000000080002214 (0x408585B3) sub x11, x11, x8                         sv_Mvect+0
x11 <- 0x000000000000010C

clint mtime 0x00000000000001A0 (mip.MTI <- 0b1, mip.STI <- 0b0)
mem[X,0x0000000080002218] -> 0x9593
mem[X,0x000000008000221A] -> 0x0045
[832] [M]: 0x0000000080002218 (0x00459593) slli x11, x11, 0x4                       sv_Mvect+4
x11 <- 0x00000000000010C0

mem[X,0x000000008000221C] -> 0xE5B3
mem[X,0x000000008000221E] -> 0x0075
[833] [M]: 0x000000008000221C (0x0075E5B3) or x11, x11, x7                          sv_Mvect+8
x11 <- 0x00000000000010E0

clint mtime 0x00000000000001A1 (mip.MTI <- 0b1, mip.STI <- 0b0)
mem[X,0x0000000080002220] -> 0x8593
mem[X,0x0000000080002222] -> 0x0035
[834] [M]: 0x0000000080002220 (0x00358593) addi x11, x11, 0x3                       sv_Mvect+12
x11 <- 0x00000000000010E3

mem[X,0x0000000080002224] -> 0x3023
mem[X,0x0000000080002226] -> 0x00B3
[835] [M]: 0x0000000080002224 (0x00B33023) sd x11, 0x0(x6)                          sv_Mvect+16
mem[W,0x0000000080009358] <- 0x00000000000010E3

clint mtime 0x00000000000001A2 (mip.MTI <- 0b1, mip.STI <- 0b0)
mem[X,0x0000000080002228] -> 0x3423
mem[X,0x000000008000222A] -> 0x00A3
[836] [M]: 0x0000000080002228 (0x00A33423) sd x10, 0x8(x6)                          sv_Mcause+0
mem[W,0x0000000080009360] <- 0x0000000000000002

mem[X,0x000000008000222C] -> 0x4663
mem[X,0x000000008000222E] -> 0x1A05
[837] [M]: 0x000000008000222C (0x1A054663) blt x10, x0, 0x1ac                       sv_Mcause+4

clint mtime 0x00000000000001A3 (mip.MTI <- 0b1, mip.STI <- 0b0)
mem[X,0x0000000080002230] -> 0x25F3
mem[X,0x0000000080002232] -> 0x3000
[838] [M]: 0x0000000080002230 (0x300025F3) csrrs x11, mstatus, x0                   common_Mexcpt_handler+0
CSR mstatus (0x300) -> 0x0000000A00000800
x11 <- 0x0000000A00000800

mem[X,0x0000000080002234] -> 0x9413
mem[X,0x0000000080002236] -> 0x02E5
[839] [M]: 0x0000000080002234 (0x02E59413) slli x8, x11, 0x2e                       common_Mexcpt_handler+4
x8 <- 0x0200000000000000

clint mtime 0x00000000000001A4 (mip.MTI <- 0b1, mip.STI <- 0b0)
mem[X,0x0000000080002238] -> 0x5463
mem[X,0x000000008000223A] -> 0x0004
[840] [M]: 0x0000000080002238 (0x00045463) bge x8, x0, 0x8                          common_Mexcpt_handler+8

mem[X,0x0000000080002240] -> 0xD493
mem[X,0x0000000080002242] -> 0x00B5
[841] [M]: 0x0000000080002240 (0x00B5D493) srli x9, x11, 0xb                        common_Mexcpt_handler+16
x9 <- 0x0000000001400001

clint mtime 0x00000000000001A5 (mip.MTI <- 0b1, mip.STI <- 0b0)
mem[X,0x0000000080002244] -> 0xF493
mem[X,0x0000000080002246] -> 0x0034
[842] [M]: 0x0000000080002244 (0x0034F493) andi x9, x9, 0x3                         common_Mexcpt_handler+20
x9 <- 0x0000000000000001

mem[X,0x0000000080002248] -> 0x8493
mem[X,0x000000008000224A] -> 0x0014
[843] [M]: 0x0000000080002248 (0x00148493) addi x9, x9, 0x1                         common_Mexcpt_handler+24
x9 <- 0x0000000000000002

clint mtime 0x00000000000001A6 (mip.MTI <- 0b1, mip.STI <- 0b0)
mem[X,0x000000008000224C] -> 0xF493
mem[X,0x000000008000224E] -> 0x0044
[844] [M]: 0x000000008000224C (0x0044F493) andi x9, x9, 0x4                         common_Mexcpt_handler+28
x9 <- 0x0000000000000000

mem[X,0x0000000080002250] -> 0x0593
mem[X,0x0000000080002252] -> 0x05D0
[845] [M]: 0x0000000080002250 (0x05D00593) addi x11, x0, 0x5d                       common_Mexcpt_handler+32
x11 <- 0x000000000000005D

clint mtime 0x00000000000001A7 (mip.MTI <- 0b1, mip.STI <- 0b0)
mem[X,0x0000000080002254] -> 0xD5B3
mem[X,0x0000000080002256] -> 0x0095
[846] [M]: 0x0000000080002254 (0x0095D5B3) srl x11, x11, x9                         common_Mexcpt_handler+36
x11 <- 0x000000000000005D

mem[X,0x0000000080002258] -> 0xF593
mem[X,0x000000008000225A] -> 0x0015
[847] [M]: 0x0000000080002258 (0x0015F593) andi x11, x11, 0x1                       common_Mexcpt_handler+40
x11 <- 0x0000000000000001

clint mtime 0x00000000000001A8 (mip.MTI <- 0b1, mip.STI <- 0b0)
mem[X,0x000000008000225C] -> 0x8EE3
mem[X,0x000000008000225E] -> 0xF405
[848] [M]: 0x000000008000225C (0xF4058EE3) beq x11, x0, -0xa4                       common_Mexcpt_handler+44

mem[X,0x0000000080002260] -> 0x0593
mem[X,0x0000000080002262] -> 0x2980
[849] [M]: 0x0000000080002260 (0x29800593) addi x11, x0, 0x298                      common_Mexcpt_handler+48
x11 <- 0x0000000000000298

clint mtime 0x00000000000001A9 (mip.MTI <- 0b1, mip.STI <- 0b0)
mem[X,0x0000000080002264] -> 0xF413
mem[X,0x0000000080002266] -> 0x0014
[850] [M]: 0x0000000080002264 (0x0014F413) andi x8, x9, 0x1                         common_Mexcpt_handler+52
x8 <- 0x0000000000000000

mem[X,0x0000000080002268] -> 0x95B3
mem[X,0x000000008000226A] -> 0x0085
[851] [M]: 0x0000000080002268 (0x008595B3) sll x11, x11, x8                         common_Mexcpt_handler+56
x11 <- 0x0000000000000298

clint mtime 0x00000000000001AA (mip.MTI <- 0b1, mip.STI <- 0b0)
mem[X,0x000000008000226C] -> 0x9413
mem[X,0x000000008000226E] -> 0x03D4
[852] [M]: 0x000000008000226C (0x03D49413) slli x8, x9, 0x3d                        common_Mexcpt_handler+60
x8 <- 0x0000000000000000

mem[X,0x0000000080002270] -> 0x5413
mem[X,0x0000000080002272] -> 0x43F4
[853] [M]: 0x0000000080002270 (0x43F45413) srai x8, x8, 0x3f                        common_Mexcpt_handler+64
x8 <- 0x0000000000000000

clint mtime 0x00000000000001AB (mip.MTI <- 0b1, mip.STI <- 0b0)
mem[X,0x0000000080002274] -> 0x4413
mem[X,0x0000000080002276] -> 0xFFF4
[854] [M]: 0x0000000080002274 (0xFFF44413) xori x8, x8, -0x1                        common_Mexcpt_handler+68
x8 <- 0xFFFFFFFFFFFFFFFF

mem[X,0x0000000080002278] -> 0xF4B3
mem[X,0x000000008000227A] -> 0x0085
[855] [M]: 0x0000000080002278 (0x0085F4B3) and x9, x11, x8                          common_Mexcpt_handler+72
x9 <- 0x0000000000000298

clint mtime 0x00000000000001AC (mip.MTI <- 0b1, mip.STI <- 0b0)
mem[X,0x000000008000227C] -> 0x84B3
mem[X,0x000000008000227E] -> 0x0024
[856] [M]: 0x000000008000227C (0x002484B3) add x9, x9, x2                           vmem_adj_Mepc+0
x9 <- 0x0000000080005298

mem[X,0x0000000080002280] -> 0x23F3
mem[X,0x0000000080002282] -> 0x3410
[857] [M]: 0x0000000080002280 (0x341023F3) csrrs x7, mepc, x0                       vmem_adj_Mepc+4
CSR mepc (0x341) -> 0x0000000180001104
x7 <- 0x0000000180001104

clint mtime 0x00000000000001AD (mip.MTI <- 0b1, mip.STI <- 0b0)
mem[X,0x0000000080002284] -> 0x0413
mem[X,0x0000000080002286] -> 0x0004
[858] [M]: 0x0000000080002284 (0x00040413) addi x8, x8, 0x0                         vmem_adj_Mepc+8
x8 <- 0xFFFFFFFFFFFFFFFF

mem[X,0x0000000080002288] -> 0x006F
mem[X,0x000000008000228A] -> 0x0400
[859] [M]: 0x0000000080002288 (0x0400006F) jal x0, 0x40                             vmem_adj_Mepc+12

clint mtime 0x00000000000001AE (mip.MTI <- 0b1, mip.STI <- 0b0)
mem[X,0x00000000800022C8] -> 0x8433
mem[X,0x00000000800022CA] -> 0x4083
[860] [M]: 0x00000000800022C8 (0x40838433) sub x8, x7, x8                           adj_Mepc+0
x8 <- 0x0000000180001105

mem[X,0x00000000800022CC] -> 0x3823
mem[X,0x00000000800022CE] -> 0x0083
[861] [M]: 0x00000000800022CC (0x00833823) sd x8, 0x10(x6)                          sv_Mepc+0
mem[W,0x0000000080009368] <- 0x0000000180001105

clint mtime 0x00000000000001AF (mip.MTI <- 0b1, mip.STI <- 0b0)
mem[X,0x00000000800022D0] -> 0x55B7
mem[X,0x00000000800022D2] -> 0x0000
[862] [M]: 0x00000000800022D0 (0x000055B7) lui x11, 0x5                             sv_Mepc+4
x11 <- 0x0000000000005000

mem[X,0x00000000800022D4] -> 0x8593
mem[X,0x00000000800022D6] -> 0x6675
[863] [M]: 0x00000000800022D4 (0x66758593) addi x11, x11, 0x667                     sv_Mepc+8
x11 <- 0x0000000000005667

clint mtime 0x00000000000001B0 (mip.MTI <- 0b1, mip.STI <- 0b0)
mem[X,0x00000000800022D8] -> 0x9593
mem[X,0x00000000800022DA] -> 0x0015
[864] [M]: 0x00000000800022D8 (0x00159593) slli x11, x11, 0x1                       sv_Mepc+12
x11 <- 0x000000000000ACCE

mem[X,0x00000000800022DC] -> 0x9063
mem[X,0x00000000800022DE] -> 0x02B1
[865] [M]: 0x00000000800022DC (0x02B19063) bne x3, x11, 0x20                        sv_Mepc+16

clint mtime 0x00000000000001B1 (mip.MTI <- 0b1, mip.STI <- 0b0)
mem[X,0x00000000800022E0] -> 0x2473
mem[X,0x00000000800022E2] -> 0x3420
[866] [M]: 0x00000000800022E0 (0x34202473) csrrs x8, mcause, x0                     sv_Mepc+20
CSR mcause (0x342) -> 0x0000000000000002
x8 <- 0x0000000000000002

mem[X,0x00000000800022E4] -> 0x0593
mem[X,0x00000000800022E6] -> 0x00C0
[867] [M]: 0x00000000800022E4 (0x00C00593) addi x11, x0, 0xc                        sv_Mepc+24
x11 <- 0x000000000000000C

clint mtime 0x00000000000001B2 (mip.MTI <- 0b1, mip.STI <- 0b0)
mem[X,0x00000000800022E8] -> 0x0663
mem[X,0x00000000800022EA] -> 0x00B4
[868] [M]: 0x00000000800022E8 (0x00B40663) beq x8, x11, 0xc                         sv_Mepc+28

mem[X,0x00000000800022EC] -> 0x0593
mem[X,0x00000000800022EE] -> 0x0010
[869] [M]: 0x00000000800022EC (0x00100593) addi x11, x0, 0x1                        sv_Mepc+32
x11 <- 0x0000000000000001

clint mtime 0x00000000000001B3 (mip.MTI <- 0b1, mip.STI <- 0b0)
mem[X,0x00000000800022F0] -> 0x1663
mem[X,0x00000000800022F2] -> 0x00B4
[870] [M]: 0x00000000800022F0 (0x00B41663) bne x8, x11, 0xc                         sv_Mepc+36

mem[X,0x00000000800022FC] -> 0xF593
mem[X,0x00000000800022FE] -> 0xFFC3
[871] [M]: 0x00000000800022FC (0xFFC3F593) andi x11, x7, -0x4                       adj_Mepc_rtn+0
x11 <- 0x0000000180001104

clint mtime 0x00000000000001B4 (mip.MTI <- 0b1, mip.STI <- 0b0)
mem[X,0x0000000080002300] -> 0x8593
mem[X,0x0000000080002302] -> 0x0085
[872] [M]: 0x0000000080002300 (0x00858593) addi x11, x11, 0x8                       adj_Mepc_rtn+4
x11 <- 0x000000018000110C

mem[X,0x0000000080002304] -> 0x9073
mem[X,0x0000000080002306] -> 0x3415
[873] [M]: 0x0000000080002304 (0x34159073) csrrw x0, mepc, x11                      adj_Mepc_rtn+8
CSR mepc (0x341) <- 0x000000018000110C

clint mtime 0x00000000000001B5 (mip.MTI <- 0b1, mip.STI <- 0b0)
mem[X,0x0000000080002308] -> 0x23F3
mem[X,0x000000008000230A] -> 0x3430
[874] [M]: 0x0000000080002308 (0x343023F3) csrrs x7, mtval, x0                      skp_adj_Mepc+0
CSR mtval (0x343) -> 0x00000000341494F3
x7 <- 0x00000000341494F3

mem[X,0x000000008000230C] -> 0x0413
mem[X,0x000000008000230E] -> 0x0004
[875] [M]: 0x000000008000230C (0x00040413) addi x8, x8, 0x0                         skp_adj_Mepc+4
x8 <- 0x0000000000000002

clint mtime 0x00000000000001B6 (mip.MTI <- 0b1, mip.STI <- 0b0)
mem[X,0x0000000080002310] -> 0x006F
mem[X,0x0000000080002312] -> 0x0840
[876] [M]: 0x0000000080002310 (0x0840006F) jal x0, 0x84                             skp_adj_Mepc+8

mem[X,0x0000000080002394] -> 0x8433
mem[X,0x0000000080002396] -> 0x4083
[877] [M]: 0x0000000080002394 (0x40838433) sub x8, x7, x8                           adj_Mtval+0
x8 <- 0x00000000341494F1

clint mtime 0x00000000000001B7 (mip.MTI <- 0b1, mip.STI <- 0b0)
mem[X,0x0000000080002398] -> 0x3C23
mem[X,0x000000008000239A] -> 0x0083
[878] [M]: 0x0000000080002398 (0x00833C23) sd x8, 0x18(x6)                          sv_Mtval+0
mem[W,0x0000000080009370] <- 0x00000000341494F1

mem[X,0x000000008000239C] -> 0x3483
mem[X,0x000000008000239E] -> 0x2181
[879] [M]: 0x000000008000239C (0x21813483) ld x9, 0x218(x2)                         skp_Mtval+0
mem[R,0x0000000080005218] -> 0x0000000080009378
x9 <- 0x0000000080009378

clint mtime 0x00000000000001B8 (mip.MTI <- 0b1, mip.STI <- 0b0)
mem[X,0x00000000800023A0] -> 0x3383
mem[X,0x00000000800023A2] -> 0x1F81
[880] [M]: 0x00000000800023A0 (0x1F813383) ld x7, 0x1f8(x2)                         skp_Mtval+4
mem[R,0x00000000800051F8] -> 0x0000000080009110
x7 <- 0x0000000080009110

mem[X,0x00000000800023A4] -> 0x3303
mem[X,0x00000000800023A6] -> 0x2001
[881] [M]: 0x00000000800023A4 (0x20013303) ld x6, 0x200(x2)                         skp_Mtval+8
mem[R,0x0000000080005200] -> 0x0000000000000410
x6 <- 0x0000000000000410

clint mtime 0x00000000000001B9 (mip.MTI <- 0b1, mip.STI <- 0b0)
mem[X,0x00000000800023A8] -> 0x0333
mem[X,0x00000000800023AA] -> 0x0073
[882] [M]: 0x00000000800023A8 (0x00730333) add x6, x6, x7                           skp_Mtval+12
x6 <- 0x0000000080009520

mem[X,0x00000000800023AC] -> 0x6AE3
mem[X,0x00000000800023AE] -> 0xAE93
[883] [M]: 0x00000000800023AC (0xAE936AE3) bltu x6, x9, -0x50c                      skp_Mtval+16

clint mtime 0x00000000000001BA (mip.MTI <- 0b1, mip.STI <- 0b0)
mem[X,0x00000000800023B0] -> 0x0393
mem[X,0x00000000800023B2] -> 0x2000
[884] [M]: 0x00000000800023B0 (0x20000393) addi x7, x0, 0x200                       skp_Mtval+20
x7 <- 0x0000000000000200

mem[X,0x00000000800023B4] -> 0x006F
mem[X,0x00000000800023B6] -> 0x0400
[885] [M]: 0x00000000800023B4 (0x0400006F) jal x0, 0x40                             skp_Mtval+24

clint mtime 0x00000000000001BB (mip.MTI <- 0b1, mip.STI <- 0b0)
mem[X,0x00000000800023F4] -> 0x0417
mem[X,0x00000000800023F6] -> 0x0000
[886] [M]: 0x00000000800023F4 (0x00000417) auipc x8, 0x0                            spcl_Mhandler+0
x8 <- 0x00000000800023F4

mem[X,0x00000000800023F8] -> 0x0413
mem[X,0x00000000800023FA] -> 0x03C4
[887] [M]: 0x00000000800023F8 (0x03C40413) addi x8, x8, 0x3c                        spcl_Mhandler+4
x8 <- 0x0000000080002430

clint mtime 0x00000000000001BC (mip.MTI <- 0b1, mip.STI <- 0b0)
mem[X,0x00000000800023FC] -> 0x0433
mem[X,0x00000000800023FE] -> 0x0074
[888] [M]: 0x00000000800023FC (0x00740433) add x8, x8, x7                           spcl_Mhandler+8
x8 <- 0x0000000080002630

mem[X,0x0000000080002400] -> 0x1393
mem[X,0x0000000080002402] -> 0x0035
[889] [M]: 0x0000000080002400 (0x00351393) slli x7, x10, 0x3                        spcl_Mhandler+12
x7 <- 0x0000000000000010

clint mtime 0x00000000000001BD (mip.MTI <- 0b1, mip.STI <- 0b0)
mem[X,0x0000000080002404] -> 0x0433
mem[X,0x0000000080002406] -> 0x0074
[890] [M]: 0x0000000080002404 (0x00740433) add x8, x8, x7                           spcl_Mhandler+16
x8 <- 0x0000000080002640

mem[X,0x0000000080002408] -> 0x7413
mem[X,0x000000008000240A] -> 0xFF84
[891] [M]: 0x0000000080002408 (0xFF847413) andi x8, x8, -0x8                        spcl_Mhandler+20
x8 <- 0x0000000080002640

clint mtime 0x00000000000001BE (mip.MTI <- 0b1, mip.STI <- 0b0)
mem[X,0x000000008000240C] -> 0x3403
mem[X,0x000000008000240E] -> 0x0004
[892] [M]: 0x000000008000240C (0x00043403) ld x8, 0x0(x8)                           spcl_Mhandler+24
mem[R,0x0000000080002640] -> 0x0000000000000005
x8 <- 0x0000000000000005

mem[X,0x0000000080002410] -> 0x02E3
mem[X,0x0000000080002412] -> 0xB204
[893] [M]: 0x0000000080002410 (0xB20402E3) beq x8, x0, -0x4dc                       spcl_Mdispatch_hndling+0

clint mtime 0x00000000000001BF (mip.MTI <- 0b1, mip.STI <- 0b0)
mem[X,0x0000000080002414] -> 0x1393
mem[X,0x0000000080002416] -> 0x03F4
[894] [M]: 0x0000000080002414 (0x03F41393) slli x7, x8, 0x3f                        spcl_Mdispatch_hndling+4
x7 <- 0x8000000000000000

mem[X,0x0000000080002418] -> 0xD863
mem[X,0x000000008000241A] -> 0x0003
[895] [M]: 0x0000000080002418 (0x0003D863) bge x7, x0, 0x10                         spcl_Mdispatch_hndling+8

clint mtime 0x00000000000001C0 (mip.MTI <- 0b1, mip.STI <- 0b0)
mem[X,0x000000008000241C] -> 0x5413
mem[X,0x000000008000241E] -> 0x0014
[896] [M]: 0x000000008000241C (0x00145413) srli x8, x8, 0x1                         spcl_Mdispatch_hndling+12
x8 <- 0x0000000000000002

mem[X,0x0000000080002420] -> 0x0CE3
mem[X,0x0000000080002422] -> 0xF885
[897] [M]: 0x0000000080002420 (0xF8850CE3) beq x10, x8, -0x68                       spcl_Mdispatch_hndling+16

clint mtime 0x00000000000001C1 (mip.MTI <- 0b1, mip.STI <- 0b0)
mem[X,0x00000000800023B8] -> 0x3303
mem[X,0x00000000800023BA] -> 0x2601
[898] [M]: 0x00000000800023B8 (0x26013303) ld x6, 0x260(x2)                         resto_Mrtn+0
mem[R,0x0000000080005260] -> 0xFFFFFFFF7FFFF04C
x6 <- 0xFFFFFFFF7FFFF04C

mem[X,0x00000000800023BC] -> 0x3383
mem[X,0x00000000800023BE] -> 0x2681
[899] [M]: 0x00000000800023BC (0x26813383) ld x7, 0x268(x2)                         resto_Mrtn+4
mem[R,0x0000000080005268] -> 0x0000000080005000
x7 <- 0x0000000080005000

clint mtime 0x00000000000001C2 (mip.MTI <- 0b1, mip.STI <- 0b0)
mem[X,0x00000000800023C0] -> 0x3403
mem[X,0x00000000800023C2] -> 0x2701
[900] [M]: 0x00000000800023C0 (0x27013403) ld x8, 0x270(x2)                         resto_Mrtn+8
mem[R,0x0000000080005270] -> 0x0000000000007F76
x8 <- 0x0000000000007F76

mem[X,0x00000000800023C4] -> 0x3483
mem[X,0x00000000800023C6] -> 0x2781
[901] [M]: 0x00000000800023C4 (0x27813483) ld x9, 0x278(x2)                         resto_Mrtn+12
mem[R,0x0000000080005278] -> 0x0000000100000148
x9 <- 0x0000000100000148

clint mtime 0x00000000000001C3 (mip.MTI <- 0b1, mip.STI <- 0b0)
mem[X,0x00000000800023C8] -> 0x3503
mem[X,0x00000000800023CA] -> 0x2801
[902] [M]: 0x00000000800023C8 (0x28013503) ld x10, 0x280(x2)                        resto_Mrtn+16
mem[R,0x0000000080005280] -> 0x00000000200000CF
x10 <- 0x00000000200000CF

mem[X,0x00000000800023CC] -> 0x3583
mem[X,0x00000000800023CE] -> 0x2881
[903] [M]: 0x00000000800023CC (0x28813583) ld x11, 0x288(x2)                        resto_Mrtn+20
mem[R,0x0000000080005288] -> 0x00000000000000CF
x11 <- 0x00000000000000CF

clint mtime 0x00000000000001C4 (mip.MTI <- 0b1, mip.STI <- 0b0)
mem[X,0x00000000800023D0] -> 0x3103
mem[X,0x00000000800023D2] -> 0x2901
[904] [M]: 0x00000000800023D0 (0x29013103) ld x2, 0x290(x2)                         resto_Mrtn+24
mem[R,0x0000000080005290] -> 0x0000000000000000
x2 <- 0x0000000000000000

mem[X,0x00000000800023D4] -> 0x0073
mem[X,0x00000000800023D6] -> 0x3020
[905] [M]: 0x00000000800023D4 (0x30200073) mret                                     resto_Mrtn+28
CSR mstatus (0x300) <- 0x0000000A00000080
ret-ing from M to S

clint mtime 0x00000000000001C5 (mip.MTI <- 0b1, mip.STI <- 0b0)
PTW: Start, vpn=0x180001, access_type=X, privilege=Smem[R,0x0000000080008030] -> 0x00000000200000CB
PTW: Step, level=2, pte=0x200000CB, pte_addr=0x80008030
PTW: Success, final_ppn=0x80001, level=2mem[X,0x000000008000110C] -> 0x07B7
PTW: Start, vpn=0x180001, access_type=X, privilege=Smem[R,0x0000000080008030] -> 0x00000000200000CB
PTW: Step, level=2, pte=0x200000CB, pte_addr=0x80008030
PTW: Success, final_ppn=0x80001, level=2mem[X,0x000000008000110E] -> 0x0050
[906] [S]: 0x000000018000110C (0x005007B7) lui x15, 0x500                           va_rvtest_code_begin+1392
x15 <- 0x0000000000500000

PTW: Start, vpn=0x180001, access_type=X, privilege=Smem[R,0x0000000080008030] -> 0x00000000200000CB
PTW: Step, level=2, pte=0x200000CB, pte_addr=0x80008030
PTW: Success, final_ppn=0x80001, level=2mem[X,0x0000000080001110] -> 0x8793
PTW: Start, vpn=0x180001, access_type=X, privilege=Smem[R,0x0000000080008030] -> 0x00000000200000CB
PTW: Step, level=2, pte=0x200000CB, pte_addr=0x80008030
PTW: Success, final_ppn=0x80001, level=2mem[X,0x0000000080001112] -> 0x0017
[907] [S]: 0x0000000180001110 (0x00178793) addi x15, x15, 0x1                       va_rvtest_code_begin+1396
x15 <- 0x0000000000500001

clint mtime 0x00000000000001C6 (mip.MTI <- 0b1, mip.STI <- 0b0)
PTW: Start, vpn=0x180001, access_type=X, privilege=Smem[R,0x0000000080008030] -> 0x00000000200000CB
PTW: Step, level=2, pte=0x200000CB, pte_addr=0x80008030
PTW: Success, final_ppn=0x80001, level=2mem[X,0x0000000080001114] -> 0x9793
PTW: Start, vpn=0x180001, access_type=X, privilege=Smem[R,0x0000000080008030] -> 0x00000000200000CB
PTW: Step, level=2, pte=0x200000CB, pte_addr=0x80008030
PTW: Success, final_ppn=0x80001, level=2mem[X,0x0000000080001116] -> 0x00A7
[908] [S]: 0x0000000180001114 (0x00A79793) slli x15, x15, 0xa                       va_rvtest_code_begin+1400
x15 <- 0x0000000140000400

PTW: Start, vpn=0x180001, access_type=X, privilege=Smem[R,0x0000000080008030] -> 0x00000000200000CB
PTW: Step, level=2, pte=0x200000CB, pte_addr=0x80008030
PTW: Success, final_ppn=0x80001, level=2mem[X,0x0000000080001118] -> 0x0613
PTW: Start, vpn=0x180001, access_type=X, privilege=Smem[R,0x0000000080008030] -> 0x00000000200000CB
PTW: Step, level=2, pte=0x200000CB, pte_addr=0x80008030
PTW: Success, final_ppn=0x80001, level=2mem[X,0x000000008000111A] -> 0x0106
[909] [S]: 0x0000000180001118 (0x01060613) addi x12, x12, 0x10                      va_rvtest_code_begin+1404
x12 <- 0x0000000000000020

clint mtime 0x00000000000001C7 (mip.MTI <- 0b1, mip.STI <- 0b0)
PTW: Start, vpn=0x180001, access_type=X, privilege=Smem[R,0x0000000080008030] -> 0x00000000200000CB
PTW: Step, level=2, pte=0x200000CB, pte_addr=0x80008030
PTW: Success, final_ppn=0x80001, level=2mem[X,0x000000008000111C] -> 0xAA23
PTW: Start, vpn=0x180001, access_type=X, privilege=Smem[R,0x0000000080008030] -> 0x00000000200000CB
PTW: Step, level=2, pte=0x200000CB, pte_addr=0x80008030
PTW: Success, final_ppn=0x80001, level=2mem[X,0x000000008000111E] -> 0x00C7
[910] [S]: 0x000000018000111C (0x00C7AA23) sw x12, 0x14(x15)                        va_rvtest_code_begin+1408
PTW: Start, vpn=0x140000, access_type=W, privilege=Smem[R,0x0000000080008028] -> 0x0000000020001C01
PTW: Step, level=2, pte=0x20001C01, pte_addr=0x80008028
PTW: Start, vpn=0x140000, access_type=W, privilege=Smem[R,0x0000000080007000] -> 0x00000000200000CF
PTW: Step, level=1, pte=0x200000CF, pte_addr=0x80007000
PTW: Success, final_ppn=0x80000, level=1trapping from S to M to handle store/amo-access-fault
handling exc#store/amo-access-fault at priv M with tval 0x0000000140000414
CSR mstatus (0x300) <- 0x0000000A00000800
CSR mcause (0x342) <- 0x0000000000000007
CSR mtval (0x343) <- 0x0000000140000414
CSR mepc (0x341) <- 0x000000018000111C

mem[X,0x0000000080001F80] -> 0x006F
mem[X,0x0000000080001F82] -> 0x1000
[911] [M]: 0x0000000080001F80 (0x1000006F) jal x0, 0x100                            Mtrampoline+0

clint mtime 0x00000000000001C8 (mip.MTI <- 0b1, mip.STI <- 0b0)
mem[X,0x0000000080002080] -> 0x1173
mem[X,0x0000000080002082] -> 0x3401
[912] [M]: 0x0000000080002080 (0x34011173) csrrw x2, mscratch, x2                   trap_Mhandler+0
CSR mscratch (0x340) <- 0x0000000000000000
x2 <- 0x0000000080005000

mem[X,0x0000000080002084] -> 0x3423
mem[X,0x0000000080002086] -> 0x28B1
[913] [M]: 0x0000000080002084 (0x28B13423) sd x11, 0x288(x2)                        trap_Mhandler+4
mem[W,0x0000000080005288] <- 0x00000000000000CF

clint mtime 0x00000000000001C9 (mip.MTI <- 0b1, mip.STI <- 0b0)
mem[X,0x0000000080002088] -> 0x05EF
mem[X,0x000000008000208A] -> 0x0B80
[914] [M]: 0x0000000080002088 (0x0B8005EF) jal x11, 0xb8                            trap_Mhandler+8
x11 <- 0x000000008000208C

mem[X,0x0000000080002140] -> 0x3023
mem[X,0x0000000080002142] -> 0x28A1
[915] [M]: 0x0000000080002140 (0x28A13023) sd x10, 0x280(x2)                        common_Mhandler+0
mem[W,0x0000000080005280] <- 0x00000000200000CF

clint mtime 0x00000000000001CA (mip.MTI <- 0b1, mip.STI <- 0b0)
mem[X,0x0000000080002144] -> 0x1573
mem[X,0x0000000080002146] -> 0x3401
[916] [M]: 0x0000000080002144 (0x34011573) csrrw x10, mscratch, x2                  common_Mhandler+4
CSR mscratch (0x340) <- 0x0000000080005000
x10 <- 0x0000000000000000

mem[X,0x0000000080002148] -> 0x3823
mem[X,0x000000008000214A] -> 0x28A1
[917] [M]: 0x0000000080002148 (0x28A13823) sd x10, 0x290(x2)                        common_Mhandler+8
mem[W,0x0000000080005290] <- 0x0000000000000000

clint mtime 0x00000000000001CB (mip.MTI <- 0b1, mip.STI <- 0b0)
mem[X,0x000000008000214C] -> 0x3503
mem[X,0x000000008000214E] -> 0x2301
[918] [M]: 0x000000008000214C (0x23013503) ld x10, 0x230(x2)                        common_Mhandler+12
mem[R,0x0000000080005230] -> 0x0000000080002154
x10 <- 0x0000000080002154

mem[X,0x0000000080002150] -> 0x0067
mem[X,0x0000000080002152] -> 0x0005
[919] [M]: 0x0000000080002150 (0x00050067) jalr x0, 0x0(x10)                        common_Mhandler+16

clint mtime 0x00000000000001CC (mip.MTI <- 0b1, mip.STI <- 0b0)
mem[X,0x0000000080002154] -> 0x3C23
mem[X,0x0000000080002156] -> 0x2691
[920] [M]: 0x0000000080002154 (0x26913C23) sd x9, 0x278(x2)                         common_Mentry+0
mem[W,0x0000000080005278] <- 0x0000000100000148

mem[X,0x0000000080002158] -> 0x3823
mem[X,0x000000008000215A] -> 0x2681
[921] [M]: 0x0000000080002158 (0x26813823) sd x8, 0x270(x2)                         common_Mentry+4
mem[W,0x0000000080005270] <- 0x0000000000007F76

clint mtime 0x00000000000001CD (mip.MTI <- 0b1, mip.STI <- 0b0)
mem[X,0x000000008000215C] -> 0x3423
mem[X,0x000000008000215E] -> 0x2671
[922] [M]: 0x000000008000215C (0x26713423) sd x7, 0x268(x2)                         common_Mentry+8
mem[W,0x0000000080005268] <- 0x0000000080005000

mem[X,0x0000000080002160] -> 0x3023
mem[X,0x0000000080002162] -> 0x2661
[923] [M]: 0x0000000080002160 (0x26613023) sd x6, 0x260(x2)                         common_Mentry+12
mem[W,0x0000000080005260] <- 0xFFFFFFFF7FFFF04C

clint mtime 0x00000000000001CE (mip.MTI <- 0b1, mip.STI <- 0b0)
mem[X,0x0000000080002164] -> 0x2573
mem[X,0x0000000080002166] -> 0x3420
[924] [M]: 0x0000000080002164 (0x34202573) csrrs x10, mcause, x0                    spcl_M2mmode_test+0
CSR mcause (0x342) -> 0x0000000000000007
x10 <- 0x0000000000000007

mem[X,0x0000000080002168] -> 0x04B7
mem[X,0x000000008000216A] -> 0x8000
[925] [M]: 0x0000000080002168 (0x800004B7) lui x9, -0x80000                         spcl_M2mmode_test+4
x9 <- 0xFFFFFFFF80000000

clint mtime 0x00000000000001CF (mip.MTI <- 0b1, mip.STI <- 0b0)
mem[X,0x000000008000216C] -> 0x8493
mem[X,0x000000008000216E] -> 0x0004
[926] [M]: 0x000000008000216C (0x00048493) addi x9, x9, 0x0                         spcl_M2mmode_test+8
x9 <- 0xFFFFFFFF80000000

mem[X,0x0000000080002170] -> 0x9493
mem[X,0x0000000080002172] -> 0x00B4
[927] [M]: 0x0000000080002170 (0x00B49493) slli x9, x9, 0xb                         spcl_M2mmode_test+12
x9 <- 0xFFFFFC0000000000

clint mtime 0x00000000000001D0 (mip.MTI <- 0b1, mip.STI <- 0b0)
mem[X,0x0000000080002174] -> 0x8493
mem[X,0x0000000080002176] -> 0x0004
[928] [M]: 0x0000000080002174 (0x00048493) addi x9, x9, 0x0                         spcl_M2mmode_test+16
x9 <- 0xFFFFFC0000000000

mem[X,0x0000000080002178] -> 0x9493
mem[X,0x000000008000217A] -> 0x00B4
[929] [M]: 0x0000000080002178 (0x00B49493) slli x9, x9, 0xb                         spcl_M2mmode_test+20
x9 <- 0xFFE0000000000000

clint mtime 0x00000000000001D1 (mip.MTI <- 0b1, mip.STI <- 0b0)
mem[X,0x000000008000217C] -> 0x8493
mem[X,0x000000008000217E] -> 0x0034
[930] [M]: 0x000000008000217C (0x00348493) addi x9, x9, 0x3                         spcl_M2mmode_test+24
x9 <- 0xFFE0000000000003

mem[X,0x0000000080002180] -> 0x9493
mem[X,0x0000000080002182] -> 0x00A4
[931] [M]: 0x0000000080002180 (0x00A49493) slli x9, x9, 0xa                         spcl_M2mmode_test+28
x9 <- 0x8000000000000C00

clint mtime 0x00000000000001D2 (mip.MTI <- 0b1, mip.STI <- 0b0)
mem[X,0x0000000080002184] -> 0x8493
mem[X,0x0000000080002186] -> 0x3FC4
[932] [M]: 0x0000000080002184 (0x3FC48493) addi x9, x9, 0x3fc                       spcl_M2mmode_test+32
x9 <- 0x8000000000000FFC

mem[X,0x0000000080002188] -> 0xF4B3
mem[X,0x000000008000218A] -> 0x00A4
[933] [M]: 0x0000000080002188 (0x00A4F4B3) and x9, x9, x10                          spcl_M2mmode_test+36
x9 <- 0x0000000000000004

clint mtime 0x00000000000001D3 (mip.MTI <- 0b1, mip.STI <- 0b0)
mem[X,0x000000008000218C] -> 0x8493
mem[X,0x000000008000218E] -> 0xFF84
[934] [M]: 0x000000008000218C (0xFF848493) addi x9, x9, -0x8                        spcl_M2mmode_test+40
x9 <- 0xFFFFFFFFFFFFFFFC

mem[X,0x0000000080002190] -> 0x9663
mem[X,0x0000000080002192] -> 0x0004
[935] [M]: 0x0000000080002190 (0x00049663) bne x9, x0, 0xc                          spcl_M2mmode_test+44

clint mtime 0x00000000000001D4 (mip.MTI <- 0b1, mip.STI <- 0b0)
mem[X,0x000000008000219C] -> 0x0393
mem[X,0x000000008000219E] -> 0x0200
[936] [M]: 0x000000008000219C (0x02000393) addi x7, x0, 0x20                        Mtrapsig_ptr_upd+0
x7 <- 0x0000000000000020

mem[X,0x00000000800021A0] -> 0x5263
mem[X,0x00000000800021A2] -> 0x0405
[937] [M]: 0x00000000800021A0 (0x04055263) bge x10, x0, 0x44                        Mtrapsig_ptr_upd+4

clint mtime 0x00000000000001D5 (mip.MTI <- 0b1, mip.STI <- 0b0)
mem[X,0x00000000800021E4] -> 0x2373
mem[X,0x00000000800021E6] -> 0x3010
[938] [M]: 0x00000000800021E4 (0x30102373) csrrs x6, misa, x0                       Mxcpt_sig_sv+0
CSR misa (0x301) -> 0x800000000034112F
x6 <- 0x800000000034112F

mem[X,0x00000000800021E8] -> 0x1313
mem[X,0x00000000800021EA] -> 0x0383
[939] [M]: 0x00000000800021E8 (0x03831313) slli x6, x6, 0x38                        Mxcpt_sig_sv+4
x6 <- 0x2F00000000000000

clint mtime 0x00000000000001D6 (mip.MTI <- 0b1, mip.STI <- 0b0)
mem[X,0x00000000800021EC] -> 0x5463
mem[X,0x00000000800021EE] -> 0x0003
[940] [M]: 0x00000000800021EC (0x00035463) bge x6, x0, 0x8                          Mxcpt_sig_sv+8

mem[X,0x00000000800021F4] -> 0x3303
mem[X,0x00000000800021F6] -> 0x2181
[941] [M]: 0x00000000800021F4 (0x21813303) ld x6, 0x218(x2)                         Mtrap_sig_sv+0
mem[R,0x0000000080005218] -> 0x0000000080009378
x6 <- 0x0000000080009378

clint mtime 0x00000000000001D7 (mip.MTI <- 0b1, mip.STI <- 0b0)
mem[X,0x00000000800021F8] -> 0x04B3
mem[X,0x00000000800021FA] -> 0x0073
[942] [M]: 0x00000000800021F8 (0x007304B3) add x9, x6, x7                           Mtrap_sig_sv+4
x9 <- 0x0000000080009398

mem[X,0x00000000800021FC] -> 0x3C23
mem[X,0x00000000800021FE] -> 0x2091
[943] [M]: 0x00000000800021FC (0x20913C23) sd x9, 0x218(x2)                         Mtrap_sig_sv+8
mem[W,0x0000000080005218] <- 0x0000000080009398

clint mtime 0x00000000000001D8 (mip.MTI <- 0b1, mip.STI <- 0b0)
mem[X,0x0000000080002200] -> 0x3403
mem[X,0x0000000080002202] -> 0x1F81
[944] [M]: 0x0000000080002200 (0x1F813403) ld x8, 0x1f8(x2)                         Mtrap_sig_sv+12
mem[R,0x00000000800051F8] -> 0x0000000080009110
x8 <- 0x0000000080009110

mem[X,0x0000000080002204] -> 0x0333
mem[X,0x0000000080002206] -> 0x4083
[945] [M]: 0x0000000080002204 (0x40830333) sub x6, x6, x8                           Mtrap_sig_sv+16
x6 <- 0x0000000000000268

clint mtime 0x00000000000001D9 (mip.MTI <- 0b1, mip.STI <- 0b0)
mem[X,0x0000000080002208] -> 0x3403
mem[X,0x000000008000220A] -> 0x1F81
[946] [M]: 0x0000000080002208 (0x1F813403) ld x8, 0x1f8(x2)                         Mtrap_sig_sv+20
mem[R,0x00000000800051F8] -> 0x0000000080009110
x8 <- 0x0000000080009110

mem[X,0x000000008000220C] -> 0x0333
mem[X,0x000000008000220E] -> 0x0083
[947] [M]: 0x000000008000220C (0x00830333) add x6, x6, x8                           Mtrap_sig_sv+24
x6 <- 0x0000000080009378

clint mtime 0x00000000000001DA (mip.MTI <- 0b1, mip.STI <- 0b0)
mem[X,0x0000000080002210] -> 0x3403
mem[X,0x0000000080002212] -> 0x2401
[948] [M]: 0x0000000080002210 (0x24013403) ld x8, 0x240(x2)                         Mtrap_sig_sv+28
mem[R,0x0000000080005240] -> 0x0000000080001F80
x8 <- 0x0000000080001F80

mem[X,0x0000000080002214] -> 0x85B3
mem[X,0x0000000080002216] -> 0x4085
[949] [M]: 0x0000000080002214 (0x408585B3) sub x11, x11, x8                         sv_Mvect+0
x11 <- 0x000000000000010C

clint mtime 0x00000000000001DB (mip.MTI <- 0b1, mip.STI <- 0b0)
mem[X,0x0000000080002218] -> 0x9593
mem[X,0x000000008000221A] -> 0x0045
[950] [M]: 0x0000000080002218 (0x00459593) slli x11, x11, 0x4                       sv_Mvect+4
x11 <- 0x00000000000010C0

mem[X,0x000000008000221C] -> 0xE5B3
mem[X,0x000000008000221E] -> 0x0075
[951] [M]: 0x000000008000221C (0x0075E5B3) or x11, x11, x7                          sv_Mvect+8
x11 <- 0x00000000000010E0

clint mtime 0x00000000000001DC (mip.MTI <- 0b1, mip.STI <- 0b0)
mem[X,0x0000000080002220] -> 0x8593
mem[X,0x0000000080002222] -> 0x0035
[952] [M]: 0x0000000080002220 (0x00358593) addi x11, x11, 0x3                       sv_Mvect+12
x11 <- 0x00000000000010E3

mem[X,0x0000000080002224] -> 0x3023
mem[X,0x0000000080002226] -> 0x00B3
[953] [M]: 0x0000000080002224 (0x00B33023) sd x11, 0x0(x6)                          sv_Mvect+16
mem[W,0x0000000080009378] <- 0x00000000000010E3

clint mtime 0x00000000000001DD (mip.MTI <- 0b1, mip.STI <- 0b0)
mem[X,0x0000000080002228] -> 0x3423
mem[X,0x000000008000222A] -> 0x00A3
[954] [M]: 0x0000000080002228 (0x00A33423) sd x10, 0x8(x6)                          sv_Mcause+0
mem[W,0x0000000080009380] <- 0x0000000000000007

mem[X,0x000000008000222C] -> 0x4663
mem[X,0x000000008000222E] -> 0x1A05
[955] [M]: 0x000000008000222C (0x1A054663) blt x10, x0, 0x1ac                       sv_Mcause+4

clint mtime 0x00000000000001DE (mip.MTI <- 0b1, mip.STI <- 0b0)
mem[X,0x0000000080002230] -> 0x25F3
mem[X,0x0000000080002232] -> 0x3000
[956] [M]: 0x0000000080002230 (0x300025F3) csrrs x11, mstatus, x0                   common_Mexcpt_handler+0
CSR mstatus (0x300) -> 0x0000000A00000800
x11 <- 0x0000000A00000800

mem[X,0x0000000080002234] -> 0x9413
mem[X,0x0000000080002236] -> 0x02E5
[957] [M]: 0x0000000080002234 (0x02E59413) slli x8, x11, 0x2e                       common_Mexcpt_handler+4
x8 <- 0x0200000000000000

clint mtime 0x00000000000001DF (mip.MTI <- 0b1, mip.STI <- 0b0)
mem[X,0x0000000080002238] -> 0x5463
mem[X,0x000000008000223A] -> 0x0004
[958] [M]: 0x0000000080002238 (0x00045463) bge x8, x0, 0x8                          common_Mexcpt_handler+8

mem[X,0x0000000080002240] -> 0xD493
mem[X,0x0000000080002242] -> 0x00B5
[959] [M]: 0x0000000080002240 (0x00B5D493) srli x9, x11, 0xb                        common_Mexcpt_handler+16
x9 <- 0x0000000001400001

clint mtime 0x00000000000001E0 (mip.MTI <- 0b1, mip.STI <- 0b0)
mem[X,0x0000000080002244] -> 0xF493
mem[X,0x0000000080002246] -> 0x0034
[960] [M]: 0x0000000080002244 (0x0034F493) andi x9, x9, 0x3                         common_Mexcpt_handler+20
x9 <- 0x0000000000000001

mem[X,0x0000000080002248] -> 0x8493
mem[X,0x000000008000224A] -> 0x0014
[961] [M]: 0x0000000080002248 (0x00148493) addi x9, x9, 0x1                         common_Mexcpt_handler+24
x9 <- 0x0000000000000002

clint mtime 0x00000000000001E1 (mip.MTI <- 0b1, mip.STI <- 0b0)
mem[X,0x000000008000224C] -> 0xF493
mem[X,0x000000008000224E] -> 0x0044
[962] [M]: 0x000000008000224C (0x0044F493) andi x9, x9, 0x4                         common_Mexcpt_handler+28
x9 <- 0x0000000000000000

mem[X,0x0000000080002250] -> 0x0593
mem[X,0x0000000080002252] -> 0x05D0
[963] [M]: 0x0000000080002250 (0x05D00593) addi x11, x0, 0x5d                       common_Mexcpt_handler+32
x11 <- 0x000000000000005D

clint mtime 0x00000000000001E2 (mip.MTI <- 0b1, mip.STI <- 0b0)
mem[X,0x0000000080002254] -> 0xD5B3
mem[X,0x0000000080002256] -> 0x0095
[964] [M]: 0x0000000080002254 (0x0095D5B3) srl x11, x11, x9                         common_Mexcpt_handler+36
x11 <- 0x000000000000005D

mem[X,0x0000000080002258] -> 0xF593
mem[X,0x000000008000225A] -> 0x0015
[965] [M]: 0x0000000080002258 (0x0015F593) andi x11, x11, 0x1                       common_Mexcpt_handler+40
x11 <- 0x0000000000000001

clint mtime 0x00000000000001E3 (mip.MTI <- 0b1, mip.STI <- 0b0)
mem[X,0x000000008000225C] -> 0x8EE3
mem[X,0x000000008000225E] -> 0xF405
[966] [M]: 0x000000008000225C (0xF4058EE3) beq x11, x0, -0xa4                       common_Mexcpt_handler+44

mem[X,0x0000000080002260] -> 0x0593
mem[X,0x0000000080002262] -> 0x2980
[967] [M]: 0x0000000080002260 (0x29800593) addi x11, x0, 0x298                      common_Mexcpt_handler+48
x11 <- 0x0000000000000298

clint mtime 0x00000000000001E4 (mip.MTI <- 0b1, mip.STI <- 0b0)
mem[X,0x0000000080002264] -> 0xF413
mem[X,0x0000000080002266] -> 0x0014
[968] [M]: 0x0000000080002264 (0x0014F413) andi x8, x9, 0x1                         common_Mexcpt_handler+52
x8 <- 0x0000000000000000

mem[X,0x0000000080002268] -> 0x95B3
mem[X,0x000000008000226A] -> 0x0085
[969] [M]: 0x0000000080002268 (0x008595B3) sll x11, x11, x8                         common_Mexcpt_handler+56
x11 <- 0x0000000000000298

clint mtime 0x00000000000001E5 (mip.MTI <- 0b1, mip.STI <- 0b0)
mem[X,0x000000008000226C] -> 0x9413
mem[X,0x000000008000226E] -> 0x03D4
[970] [M]: 0x000000008000226C (0x03D49413) slli x8, x9, 0x3d                        common_Mexcpt_handler+60
x8 <- 0x0000000000000000

mem[X,0x0000000080002270] -> 0x5413
mem[X,0x0000000080002272] -> 0x43F4
[971] [M]: 0x0000000080002270 (0x43F45413) srai x8, x8, 0x3f                        common_Mexcpt_handler+64
x8 <- 0x0000000000000000

clint mtime 0x00000000000001E6 (mip.MTI <- 0b1, mip.STI <- 0b0)
mem[X,0x0000000080002274] -> 0x4413
mem[X,0x0000000080002276] -> 0xFFF4
[972] [M]: 0x0000000080002274 (0xFFF44413) xori x8, x8, -0x1                        common_Mexcpt_handler+68
x8 <- 0xFFFFFFFFFFFFFFFF

mem[X,0x0000000080002278] -> 0xF4B3
mem[X,0x000000008000227A] -> 0x0085
[973] [M]: 0x0000000080002278 (0x0085F4B3) and x9, x11, x8                          common_Mexcpt_handler+72
x9 <- 0x0000000000000298

clint mtime 0x00000000000001E7 (mip.MTI <- 0b1, mip.STI <- 0b0)
mem[X,0x000000008000227C] -> 0x84B3
mem[X,0x000000008000227E] -> 0x0024
[974] [M]: 0x000000008000227C (0x002484B3) add x9, x9, x2                           vmem_adj_Mepc+0
x9 <- 0x0000000080005298

mem[X,0x0000000080002280] -> 0x23F3
mem[X,0x0000000080002282] -> 0x3410
[975] [M]: 0x0000000080002280 (0x341023F3) csrrs x7, mepc, x0                       vmem_adj_Mepc+4
CSR mepc (0x341) -> 0x000000018000111C
x7 <- 0x000000018000111C

clint mtime 0x00000000000001E8 (mip.MTI <- 0b1, mip.STI <- 0b0)
mem[X,0x0000000080002284] -> 0x0413
mem[X,0x0000000080002286] -> 0x0004
[976] [M]: 0x0000000080002284 (0x00040413) addi x8, x8, 0x0                         vmem_adj_Mepc+8
x8 <- 0xFFFFFFFFFFFFFFFF

mem[X,0x0000000080002288] -> 0x006F
mem[X,0x000000008000228A] -> 0x0400
[977] [M]: 0x0000000080002288 (0x0400006F) jal x0, 0x40                             vmem_adj_Mepc+12

clint mtime 0x00000000000001E9 (mip.MTI <- 0b1, mip.STI <- 0b0)
mem[X,0x00000000800022C8] -> 0x8433
mem[X,0x00000000800022CA] -> 0x4083
[978] [M]: 0x00000000800022C8 (0x40838433) sub x8, x7, x8                           adj_Mepc+0
x8 <- 0x000000018000111D

mem[X,0x00000000800022CC] -> 0x3823
mem[X,0x00000000800022CE] -> 0x0083
[979] [M]: 0x00000000800022CC (0x00833823) sd x8, 0x10(x6)                          sv_Mepc+0
mem[W,0x0000000080009388] <- 0x000000018000111D

clint mtime 0x00000000000001EA (mip.MTI <- 0b1, mip.STI <- 0b0)
mem[X,0x00000000800022D0] -> 0x55B7
mem[X,0x00000000800022D2] -> 0x0000
[980] [M]: 0x00000000800022D0 (0x000055B7) lui x11, 0x5                             sv_Mepc+4
x11 <- 0x0000000000005000

mem[X,0x00000000800022D4] -> 0x8593
mem[X,0x00000000800022D6] -> 0x6675
[981] [M]: 0x00000000800022D4 (0x66758593) addi x11, x11, 0x667                     sv_Mepc+8
x11 <- 0x0000000000005667

clint mtime 0x00000000000001EB (mip.MTI <- 0b1, mip.STI <- 0b0)
mem[X,0x00000000800022D8] -> 0x9593
mem[X,0x00000000800022DA] -> 0x0015
[982] [M]: 0x00000000800022D8 (0x00159593) slli x11, x11, 0x1                       sv_Mepc+12
x11 <- 0x000000000000ACCE

mem[X,0x00000000800022DC] -> 0x9063
mem[X,0x00000000800022DE] -> 0x02B1
[983] [M]: 0x00000000800022DC (0x02B19063) bne x3, x11, 0x20                        sv_Mepc+16

clint mtime 0x00000000000001EC (mip.MTI <- 0b1, mip.STI <- 0b0)
mem[X,0x00000000800022E0] -> 0x2473
mem[X,0x00000000800022E2] -> 0x3420
[984] [M]: 0x00000000800022E0 (0x34202473) csrrs x8, mcause, x0                     sv_Mepc+20
CSR mcause (0x342) -> 0x0000000000000007
x8 <- 0x0000000000000007

mem[X,0x00000000800022E4] -> 0x0593
mem[X,0x00000000800022E6] -> 0x00C0
[985] [M]: 0x00000000800022E4 (0x00C00593) addi x11, x0, 0xc                        sv_Mepc+24
x11 <- 0x000000000000000C

clint mtime 0x00000000000001ED (mip.MTI <- 0b1, mip.STI <- 0b0)
mem[X,0x00000000800022E8] -> 0x0663
mem[X,0x00000000800022EA] -> 0x00B4
[986] [M]: 0x00000000800022E8 (0x00B40663) beq x8, x11, 0xc                         sv_Mepc+28

mem[X,0x00000000800022EC] -> 0x0593
mem[X,0x00000000800022EE] -> 0x0010
[987] [M]: 0x00000000800022EC (0x00100593) addi x11, x0, 0x1                        sv_Mepc+32
x11 <- 0x0000000000000001

clint mtime 0x00000000000001EE (mip.MTI <- 0b1, mip.STI <- 0b0)
mem[X,0x00000000800022F0] -> 0x1663
mem[X,0x00000000800022F2] -> 0x00B4
[988] [M]: 0x00000000800022F0 (0x00B41663) bne x8, x11, 0xc                         sv_Mepc+36

mem[X,0x00000000800022FC] -> 0xF593
mem[X,0x00000000800022FE] -> 0xFFC3
[989] [M]: 0x00000000800022FC (0xFFC3F593) andi x11, x7, -0x4                       adj_Mepc_rtn+0
x11 <- 0x000000018000111C

clint mtime 0x00000000000001EF (mip.MTI <- 0b1, mip.STI <- 0b0)
mem[X,0x0000000080002300] -> 0x8593
mem[X,0x0000000080002302] -> 0x0085
[990] [M]: 0x0000000080002300 (0x00858593) addi x11, x11, 0x8                       adj_Mepc_rtn+4
x11 <- 0x0000000180001124

mem[X,0x0000000080002304] -> 0x9073
mem[X,0x0000000080002306] -> 0x3415
[991] [M]: 0x0000000080002304 (0x34159073) csrrw x0, mepc, x11                      adj_Mepc_rtn+8
CSR mepc (0x341) <- 0x0000000180001124

clint mtime 0x00000000000001F0 (mip.MTI <- 0b1, mip.STI <- 0b0)
mem[X,0x0000000080002308] -> 0x23F3
mem[X,0x000000008000230A] -> 0x3430
[992] [M]: 0x0000000080002308 (0x343023F3) csrrs x7, mtval, x0                      skp_adj_Mepc+0
CSR mtval (0x343) -> 0x0000000140000414
x7 <- 0x0000000140000414

mem[X,0x000000008000230C] -> 0x0413
mem[X,0x000000008000230E] -> 0x0004
[993] [M]: 0x000000008000230C (0x00040413) addi x8, x8, 0x0                         skp_adj_Mepc+4
x8 <- 0x0000000000000007

clint mtime 0x00000000000001F1 (mip.MTI <- 0b1, mip.STI <- 0b0)
mem[X,0x0000000080002310] -> 0x006F
mem[X,0x0000000080002312] -> 0x0840
[994] [M]: 0x0000000080002310 (0x0840006F) jal x0, 0x84                             skp_adj_Mepc+8

mem[X,0x0000000080002394] -> 0x8433
mem[X,0x0000000080002396] -> 0x4083
[995] [M]: 0x0000000080002394 (0x40838433) sub x8, x7, x8                           adj_Mtval+0
x8 <- 0x000000014000040D

clint mtime 0x00000000000001F2 (mip.MTI <- 0b1, mip.STI <- 0b0)
mem[X,0x0000000080002398] -> 0x3C23
mem[X,0x000000008000239A] -> 0x0083
[996] [M]: 0x0000000080002398 (0x00833C23) sd x8, 0x18(x6)                          sv_Mtval+0
mem[W,0x0000000080009390] <- 0x000000014000040D

mem[X,0x000000008000239C] -> 0x3483
mem[X,0x000000008000239E] -> 0x2181
[997] [M]: 0x000000008000239C (0x21813483) ld x9, 0x218(x2)                         skp_Mtval+0
mem[R,0x0000000080005218] -> 0x0000000080009398
x9 <- 0x0000000080009398

clint mtime 0x00000000000001F3 (mip.MTI <- 0b1, mip.STI <- 0b0)
mem[X,0x00000000800023A0] -> 0x3383
mem[X,0x00000000800023A2] -> 0x1F81
[998] [M]: 0x00000000800023A0 (0x1F813383) ld x7, 0x1f8(x2)                         skp_Mtval+4
mem[R,0x00000000800051F8] -> 0x0000000080009110
x7 <- 0x0000000080009110

mem[X,0x00000000800023A4] -> 0x3303
mem[X,0x00000000800023A6] -> 0x2001
[999] [M]: 0x00000000800023A4 (0x20013303) ld x6, 0x200(x2)                         skp_Mtval+8
mem[R,0x0000000080005200] -> 0x0000000000000410
x6 <- 0x0000000000000410

clint mtime 0x00000000000001F4 (mip.MTI <- 0b1, mip.STI <- 0b0)
mem[X,0x00000000800023A8] -> 0x0333
mem[X,0x00000000800023AA] -> 0x0073
[1000] [M]: 0x00000000800023A8 (0x00730333) add x6, x6, x7                          skp_Mtval+12
x6 <- 0x0000000080009520

mem[X,0x00000000800023AC] -> 0x6AE3
mem[X,0x00000000800023AE] -> 0xAE93
[1001] [M]: 0x00000000800023AC (0xAE936AE3) bltu x6, x9, -0x50c                     skp_Mtval+16

clint mtime 0x00000000000001F5 (mip.MTI <- 0b1, mip.STI <- 0b0)
mem[X,0x00000000800023B0] -> 0x0393
mem[X,0x00000000800023B2] -> 0x2000
[1002] [M]: 0x00000000800023B0 (0x20000393) addi x7, x0, 0x200                      skp_Mtval+20
x7 <- 0x0000000000000200

mem[X,0x00000000800023B4] -> 0x006F
mem[X,0x00000000800023B6] -> 0x0400
[1003] [M]: 0x00000000800023B4 (0x0400006F) jal x0, 0x40                            skp_Mtval+24

clint mtime 0x00000000000001F6 (mip.MTI <- 0b1, mip.STI <- 0b0)
mem[X,0x00000000800023F4] -> 0x0417
mem[X,0x00000000800023F6] -> 0x0000
[1004] [M]: 0x00000000800023F4 (0x00000417) auipc x8, 0x0                           spcl_Mhandler+0
x8 <- 0x00000000800023F4

mem[X,0x00000000800023F8] -> 0x0413
mem[X,0x00000000800023FA] -> 0x03C4
[1005] [M]: 0x00000000800023F8 (0x03C40413) addi x8, x8, 0x3c                       spcl_Mhandler+4
x8 <- 0x0000000080002430

clint mtime 0x00000000000001F7 (mip.MTI <- 0b1, mip.STI <- 0b0)
mem[X,0x00000000800023FC] -> 0x0433
mem[X,0x00000000800023FE] -> 0x0074
[1006] [M]: 0x00000000800023FC (0x00740433) add x8, x8, x7                          spcl_Mhandler+8
x8 <- 0x0000000080002630

mem[X,0x0000000080002400] -> 0x1393
mem[X,0x0000000080002402] -> 0x0035
[1007] [M]: 0x0000000080002400 (0x00351393) slli x7, x10, 0x3                       spcl_Mhandler+12
x7 <- 0x0000000000000038

clint mtime 0x00000000000001F8 (mip.MTI <- 0b1, mip.STI <- 0b0)
mem[X,0x0000000080002404] -> 0x0433
mem[X,0x0000000080002406] -> 0x0074
[1008] [M]: 0x0000000080002404 (0x00740433) add x8, x8, x7                          spcl_Mhandler+16
x8 <- 0x0000000080002668

mem[X,0x0000000080002408] -> 0x7413
mem[X,0x000000008000240A] -> 0xFF84
[1009] [M]: 0x0000000080002408 (0xFF847413) andi x8, x8, -0x8                       spcl_Mhandler+20
x8 <- 0x0000000080002668

clint mtime 0x00000000000001F9 (mip.MTI <- 0b1, mip.STI <- 0b0)
mem[X,0x000000008000240C] -> 0x3403
mem[X,0x000000008000240E] -> 0x0004
[1010] [M]: 0x000000008000240C (0x00043403) ld x8, 0x0(x8)                          spcl_Mhandler+24
mem[R,0x0000000080002668] -> 0x000000000000000F
x8 <- 0x000000000000000F

mem[X,0x0000000080002410] -> 0x02E3
mem[X,0x0000000080002412] -> 0xB204
[1011] [M]: 0x0000000080002410 (0xB20402E3) beq x8, x0, -0x4dc                      spcl_Mdispatch_hndling+0

clint mtime 0x00000000000001FA (mip.MTI <- 0b1, mip.STI <- 0b0)
mem[X,0x0000000080002414] -> 0x1393
mem[X,0x0000000080002416] -> 0x03F4
[1012] [M]: 0x0000000080002414 (0x03F41393) slli x7, x8, 0x3f                       spcl_Mdispatch_hndling+4
x7 <- 0x8000000000000000

mem[X,0x0000000080002418] -> 0xD863
mem[X,0x000000008000241A] -> 0x0003
[1013] [M]: 0x0000000080002418 (0x0003D863) bge x7, x0, 0x10                        spcl_Mdispatch_hndling+8

clint mtime 0x00000000000001FB (mip.MTI <- 0b1, mip.STI <- 0b0)
mem[X,0x000000008000241C] -> 0x5413
mem[X,0x000000008000241E] -> 0x0014
[1014] [M]: 0x000000008000241C (0x00145413) srli x8, x8, 0x1                        spcl_Mdispatch_hndling+12
x8 <- 0x0000000000000007

mem[X,0x0000000080002420] -> 0x0CE3
mem[X,0x0000000080002422] -> 0xF885
[1015] [M]: 0x0000000080002420 (0xF8850CE3) beq x10, x8, -0x68                      spcl_Mdispatch_hndling+16

clint mtime 0x00000000000001FC (mip.MTI <- 0b1, mip.STI <- 0b0)
mem[X,0x00000000800023B8] -> 0x3303
mem[X,0x00000000800023BA] -> 0x2601
[1016] [M]: 0x00000000800023B8 (0x26013303) ld x6, 0x260(x2)                        resto_Mrtn+0
mem[R,0x0000000080005260] -> 0xFFFFFFFF7FFFF04C
x6 <- 0xFFFFFFFF7FFFF04C

mem[X,0x00000000800023BC] -> 0x3383
mem[X,0x00000000800023BE] -> 0x2681
[1017] [M]: 0x00000000800023BC (0x26813383) ld x7, 0x268(x2)                        resto_Mrtn+4
mem[R,0x0000000080005268] -> 0x0000000080005000
x7 <- 0x0000000080005000

clint mtime 0x00000000000001FD (mip.MTI <- 0b1, mip.STI <- 0b0)
mem[X,0x00000000800023C0] -> 0x3403
mem[X,0x00000000800023C2] -> 0x2701
[1018] [M]: 0x00000000800023C0 (0x27013403) ld x8, 0x270(x2)                        resto_Mrtn+8
mem[R,0x0000000080005270] -> 0x0000000000007F76
x8 <- 0x0000000000007F76

mem[X,0x00000000800023C4] -> 0x3483
mem[X,0x00000000800023C6] -> 0x2781
[1019] [M]: 0x00000000800023C4 (0x27813483) ld x9, 0x278(x2)                        resto_Mrtn+12
mem[R,0x0000000080005278] -> 0x0000000100000148
x9 <- 0x0000000100000148

clint mtime 0x00000000000001FE (mip.MTI <- 0b1, mip.STI <- 0b0)
mem[X,0x00000000800023C8] -> 0x3503
mem[X,0x00000000800023CA] -> 0x2801
[1020] [M]: 0x00000000800023C8 (0x28013503) ld x10, 0x280(x2)                       resto_Mrtn+16
mem[R,0x0000000080005280] -> 0x00000000200000CF
x10 <- 0x00000000200000CF

mem[X,0x00000000800023CC] -> 0x3583
mem[X,0x00000000800023CE] -> 0x2881
[1021] [M]: 0x00000000800023CC (0x28813583) ld x11, 0x288(x2)                       resto_Mrtn+20
mem[R,0x0000000080005288] -> 0x00000000000000CF
x11 <- 0x00000000000000CF

clint mtime 0x00000000000001FF (mip.MTI <- 0b1, mip.STI <- 0b0)
mem[X,0x00000000800023D0] -> 0x3103
mem[X,0x00000000800023D2] -> 0x2901
[1022] [M]: 0x00000000800023D0 (0x29013103) ld x2, 0x290(x2)                        resto_Mrtn+24
mem[R,0x0000000080005290] -> 0x0000000000000000
x2 <- 0x0000000000000000

mem[X,0x00000000800023D4] -> 0x0073
mem[X,0x00000000800023D6] -> 0x3020
[1023] [M]: 0x00000000800023D4 (0x30200073) mret                                    resto_Mrtn+28
CSR mstatus (0x300) <- 0x0000000A00000080
ret-ing from M to S

clint mtime 0x0000000000000200 (mip.MTI <- 0b1, mip.STI <- 0b0)
PTW: Start, vpn=0x180001, access_type=X, privilege=Smem[R,0x0000000080008030] -> 0x00000000200000CB
PTW: Step, level=2, pte=0x200000CB, pte_addr=0x80008030
PTW: Success, final_ppn=0x80001, level=2mem[X,0x0000000080001124] -> 0xA703
PTW: Start, vpn=0x180001, access_type=X, privilege=Smem[R,0x0000000080008030] -> 0x00000000200000CB
PTW: Step, level=2, pte=0x200000CB, pte_addr=0x80008030
PTW: Success, final_ppn=0x80001, level=2mem[X,0x0000000080001126] -> 0x0147
[1024] [S]: 0x0000000180001124 (0x0147A703) lw x14, 0x14(x15)                       va_rvtest_code_begin+1416
PTW: Start, vpn=0x140000, access_type=R, privilege=Smem[R,0x0000000080008028] -> 0x0000000020001C01
PTW: Step, level=2, pte=0x20001C01, pte_addr=0x80008028
PTW: Start, vpn=0x140000, access_type=R, privilege=Smem[R,0x0000000080007000] -> 0x00000000200000CF
PTW: Step, level=1, pte=0x200000CF, pte_addr=0x80007000
PTW: Success, final_ppn=0x80000, level=1mem[R,0x0000000080000414] -> 0xBEEFCAF2
x14 <- 0xFFFFFFFFBEEFCAF2

PTW: Start, vpn=0x180001, access_type=X, privilege=Smem[R,0x0000000080008030] -> 0x00000000200000CB
PTW: Step, level=2, pte=0x200000CB, pte_addr=0x80008030
PTW: Success, final_ppn=0x80001, level=2mem[X,0x0000000080001128] -> 0x0013
PTW: Start, vpn=0x180001, access_type=X, privilege=Smem[R,0x0000000080008030] -> 0x00000000200000CB
PTW: Step, level=2, pte=0x200000CB, pte_addr=0x80008030
PTW: Success, final_ppn=0x80001, level=2mem[X,0x000000008000112A] -> 0x0000
[1025] [S]: 0x0000000180001128 (0x00000013) addi x0, x0, 0x0                        va_rvtest_code_begin+1420

clint mtime 0x0000000000000201 (mip.MTI <- 0b1, mip.STI <- 0b0)
PTW: Start, vpn=0x180001, access_type=X, privilege=Smem[R,0x0000000080008030] -> 0x00000000200000CB
PTW: Step, level=2, pte=0x200000CB, pte_addr=0x80008030
PTW: Success, final_ppn=0x80001, level=2mem[X,0x000000008000112C] -> 0x51B7
PTW: Start, vpn=0x180001, access_type=X, privilege=Smem[R,0x0000000080008030] -> 0x00000000200000CB
PTW: Step, level=2, pte=0x200000CB, pte_addr=0x80008030
PTW: Success, final_ppn=0x80001, level=2mem[X,0x000000008000112E] -> 0x0000
[1026] [S]: 0x000000018000112C (0x000051B7) lui x3, 0x5                             va_rvtest_code_begin+1424
x3 <- 0x0000000000005000

PTW: Start, vpn=0x180001, access_type=X, privilege=Smem[R,0x0000000080008030] -> 0x00000000200000CB
PTW: Step, level=2, pte=0x200000CB, pte_addr=0x80008030
PTW: Success, final_ppn=0x80001, level=2mem[X,0x0000000080001130] -> 0x8193
PTW: Start, vpn=0x180001, access_type=X, privilege=Smem[R,0x0000000080008030] -> 0x00000000200000CB
PTW: Step, level=2, pte=0x200000CB, pte_addr=0x80008030
PTW: Success, final_ppn=0x80001, level=2mem[X,0x0000000080001132] -> 0x6671
[1027] [S]: 0x0000000180001130 (0x66718193) addi x3, x3, 0x667                      va_rvtest_code_begin+1428
x3 <- 0x0000000000005667

clint mtime 0x0000000000000202 (mip.MTI <- 0b1, mip.STI <- 0b0)
PTW: Start, vpn=0x180001, access_type=X, privilege=Smem[R,0x0000000080008030] -> 0x00000000200000CB
PTW: Step, level=2, pte=0x200000CB, pte_addr=0x80008030
PTW: Success, final_ppn=0x80001, level=2mem[X,0x0000000080001134] -> 0x9193
PTW: Start, vpn=0x180001, access_type=X, privilege=Smem[R,0x0000000080008030] -> 0x00000000200000CB
PTW: Step, level=2, pte=0x200000CB, pte_addr=0x80008030
PTW: Success, final_ppn=0x80001, level=2mem[X,0x0000000080001136] -> 0x0011
[1028] [S]: 0x0000000180001134 (0x00119193) slli x3, x3, 0x1                        va_rvtest_code_begin+1432
x3 <- 0x000000000000ACCE

PTW: Start, vpn=0x180001, access_type=X, privilege=Smem[R,0x0000000080008030] -> 0x00000000200000CB
PTW: Step, level=2, pte=0x200000CB, pte_addr=0x80008030
PTW: Success, final_ppn=0x80001, level=2mem[X,0x0000000080001138] -> 0x0013
PTW: Start, vpn=0x180001, access_type=X, privilege=Smem[R,0x0000000080008030] -> 0x00000000200000CB
PTW: Step, level=2, pte=0x200000CB, pte_addr=0x80008030
PTW: Success, final_ppn=0x80001, level=2mem[X,0x000000008000113A] -> 0x0000
[1029] [S]: 0x0000000180001138 (0x00000013) addi x0, x0, 0x0                        va_rvtest_code_begin+1436

clint mtime 0x0000000000000203 (mip.MTI <- 0b1, mip.STI <- 0b0)
PTW: Start, vpn=0x180001, access_type=X, privilege=Smem[R,0x0000000080008030] -> 0x00000000200000CB
PTW: Step, level=2, pte=0x200000CB, pte_addr=0x80008030
PTW: Success, final_ppn=0x80001, level=2mem[X,0x000000008000113C] -> 0x0013
PTW: Start, vpn=0x180001, access_type=X, privilege=Smem[R,0x0000000080008030] -> 0x00000000200000CB
PTW: Step, level=2, pte=0x200000CB, pte_addr=0x80008030
PTW: Success, final_ppn=0x80001, level=2mem[X,0x000000008000113E] -> 0x0000
[1030] [S]: 0x000000018000113C (0x00000013) addi x0, x0, 0x0                        va_rvtest_code_begin+1440

PTW: Start, vpn=0x180001, access_type=X, privilege=Smem[R,0x0000000080008030] -> 0x00000000200000CB
PTW: Step, level=2, pte=0x200000CB, pte_addr=0x80008030
PTW: Success, final_ppn=0x80001, level=2mem[X,0x0000000080001140] -> 0x0217
PTW: Start, vpn=0x180001, access_type=X, privilege=Smem[R,0x0000000080008030] -> 0x00000000200000CB
PTW: Step, level=2, pte=0x200000CB, pte_addr=0x80008030
PTW: Success, final_ppn=0x80001, level=2mem[X,0x0000000080001142] -> 0x0000
[1031] [S]: 0x0000000180001140 (0x00000217) auipc x4, 0x0                           va_rvtest_code_begin+1444
x4 <- 0x0000000180001140

clint mtime 0x0000000000000204 (mip.MTI <- 0b1, mip.STI <- 0b0)
PTW: Start, vpn=0x180001, access_type=X, privilege=Smem[R,0x0000000080008030] -> 0x00000000200000CB
PTW: Step, level=2, pte=0x200000CB, pte_addr=0x80008030
PTW: Success, final_ppn=0x80001, level=2mem[X,0x0000000080001144] -> 0x0213
PTW: Start, vpn=0x180001, access_type=X, privilege=Smem[R,0x0000000080008030] -> 0x00000000200000CB
PTW: Step, level=2, pte=0x200000CB, pte_addr=0x80008030
PTW: Success, final_ppn=0x80001, level=2mem[X,0x0000000080001146] -> 0x02C2
[1032] [S]: 0x0000000180001144 (0x02C20213) addi x4, x4, 0x2c                       va_rvtest_code_begin+1448
x4 <- 0x000000018000116C

PTW: Start, vpn=0x180001, access_type=X, privilege=Smem[R,0x0000000080008030] -> 0x00000000200000CB
PTW: Step, level=2, pte=0x200000CB, pte_addr=0x80008030
PTW: Success, final_ppn=0x80001, level=2mem[X,0x0000000080001148] -> 0x0001
[1033] [S]: 0x0000000180001148 (0x0001) c.nop                                       va_rvtest_code_begin+1452

clint mtime 0x0000000000000205 (mip.MTI <- 0b1, mip.STI <- 0b0)
PTW: Start, vpn=0x180001, access_type=X, privilege=Smem[R,0x0000000080008030] -> 0x00000000200000CB
PTW: Step, level=2, pte=0x200000CB, pte_addr=0x80008030
PTW: Success, final_ppn=0x80001, level=2mem[X,0x000000008000114A] -> 0x0013
PTW: Start, vpn=0x180001, access_type=X, privilege=Smem[R,0x0000000080008030] -> 0x00000000200000CB
PTW: Step, level=2, pte=0x200000CB, pte_addr=0x80008030
PTW: Success, final_ppn=0x80001, level=2mem[X,0x000000008000114C] -> 0x0000
[1034] [S]: 0x000000018000114A (0x00000013) addi x0, x0, 0x0                        va_rvtest_code_begin+1454

PTW: Start, vpn=0x180001, access_type=X, privilege=Smem[R,0x0000000080008030] -> 0x00000000200000CB
PTW: Step, level=2, pte=0x200000CB, pte_addr=0x80008030
PTW: Success, final_ppn=0x80001, level=2mem[X,0x000000008000114E] -> 0x0013
PTW: Start, vpn=0x180001, access_type=X, privilege=Smem[R,0x0000000080008030] -> 0x00000000200000CB
PTW: Step, level=2, pte=0x200000CB, pte_addr=0x80008030
PTW: Success, final_ppn=0x80001, level=2mem[X,0x0000000080001150] -> 0x0000
[1035] [S]: 0x000000018000114E (0x00000013) addi x0, x0, 0x0                        va_rvtest_code_begin+1458

clint mtime 0x0000000000000206 (mip.MTI <- 0b1, mip.STI <- 0b0)
PTW: Start, vpn=0x180001, access_type=X, privilege=Smem[R,0x0000000080008030] -> 0x00000000200000CB
PTW: Step, level=2, pte=0x200000CB, pte_addr=0x80008030
PTW: Success, final_ppn=0x80001, level=2mem[X,0x0000000080001152] -> 0x0013
PTW: Start, vpn=0x180001, access_type=X, privilege=Smem[R,0x0000000080008030] -> 0x00000000200000CB
PTW: Step, level=2, pte=0x200000CB, pte_addr=0x80008030
PTW: Success, final_ppn=0x80001, level=2mem[X,0x0000000080001154] -> 0x0000
[1036] [S]: 0x0000000180001152 (0x00000013) addi x0, x0, 0x0                        va_rvtest_code_begin+1462

PTW: Start, vpn=0x180001, access_type=X, privilege=Smem[R,0x0000000080008030] -> 0x00000000200000CB
PTW: Step, level=2, pte=0x200000CB, pte_addr=0x80008030
PTW: Success, final_ppn=0x80001, level=2mem[X,0x0000000080001156] -> 0x0013
PTW: Start, vpn=0x180001, access_type=X, privilege=Smem[R,0x0000000080008030] -> 0x00000000200000CB
PTW: Step, level=2, pte=0x200000CB, pte_addr=0x80008030
PTW: Success, final_ppn=0x80001, level=2mem[X,0x0000000080001158] -> 0x0000
[1037] [S]: 0x0000000180001156 (0x00000013) addi x0, x0, 0x0                        va_rvtest_code_begin+1466

clint mtime 0x0000000000000207 (mip.MTI <- 0b1, mip.STI <- 0b0)
PTW: Start, vpn=0x180001, access_type=X, privilege=Smem[R,0x0000000080008030] -> 0x00000000200000CB
PTW: Step, level=2, pte=0x200000CB, pte_addr=0x80008030
PTW: Success, final_ppn=0x80001, level=2mem[X,0x000000008000115A] -> 0x0013
PTW: Start, vpn=0x180001, access_type=X, privilege=Smem[R,0x0000000080008030] -> 0x00000000200000CB
PTW: Step, level=2, pte=0x200000CB, pte_addr=0x80008030
PTW: Success, final_ppn=0x80001, level=2mem[X,0x000000008000115C] -> 0x0000
[1038] [S]: 0x000000018000115A (0x00000013) addi x0, x0, 0x0                        va_rvtest_code_begin+1470

PTW: Start, vpn=0x180001, access_type=X, privilege=Smem[R,0x0000000080008030] -> 0x00000000200000CB
PTW: Step, level=2, pte=0x200000CB, pte_addr=0x80008030
PTW: Success, final_ppn=0x80001, level=2mem[X,0x000000008000115E] -> 0x0001
[1039] [S]: 0x000000018000115E (0x0001) c.nop                                       va_rvtest_code_begin+1474

clint mtime 0x0000000000000208 (mip.MTI <- 0b1, mip.STI <- 0b0)
PTW: Start, vpn=0x180001, access_type=X, privilege=Smem[R,0x0000000080008030] -> 0x00000000200000CB
PTW: Step, level=2, pte=0x200000CB, pte_addr=0x80008030
PTW: Success, final_ppn=0x80001, level=2mem[X,0x0000000080001160] -> 0x80E7
PTW: Start, vpn=0x180001, access_type=X, privilege=Smem[R,0x0000000080008030] -> 0x00000000200000CB
PTW: Step, level=2, pte=0x200000CB, pte_addr=0x80008030
PTW: Success, final_ppn=0x80001, level=2mem[X,0x0000000080001162] -> 0x0007
[1040] [S]: 0x0000000180001160 (0x000780E7) jalr x1, 0x0(x15)                       va_rvtest_code_begin+1476
x1 <- 0x0000000180001164

PTW: Start, vpn=0x140000, access_type=X, privilege=Smem[R,0x0000000080008028] -> 0x0000000020001C01
PTW: Step, level=2, pte=0x20001C01, pte_addr=0x80008028
PTW: Start, vpn=0x140000, access_type=X, privilege=Smem[R,0x0000000080007000] -> 0x00000000200000CF
PTW: Step, level=1, pte=0x200000CF, pte_addr=0x80007000
PTW: Success, final_ppn=0x80000, level=1mem[X,0x0000000080000400] -> 0x0013
mem[X,0x0000000080000402] -> 0x0000
[1041] [S]: 0x0000000140000400 (0x00000013) addi x0, x0, 0x0                        va_data+0

clint mtime 0x0000000000000209 (mip.MTI <- 0b1, mip.STI <- 0b0)
mem[X,0x0000000080000404] -> 0x8093
mem[X,0x0000000080000406] -> 0x0080
[1042] [S]: 0x0000000140000404 (0x00808093) addi x1, x1, 0x8                        va_data+4
x1 <- 0x000000018000116C

mem[X,0x0000000080000408] -> 0x8067
mem[X,0x000000008000040A] -> 0x0000
[1043] [S]: 0x0000000140000408 (0x00008067) jalr x0, 0x0(x1)                        va_data+8

clint mtime 0x000000000000020A (mip.MTI <- 0b1, mip.STI <- 0b0)
PTW: Start, vpn=0x180001, access_type=X, privilege=Smem[R,0x0000000080008030] -> 0x00000000200000CB
PTW: Step, level=2, pte=0x200000CB, pte_addr=0x80008030
PTW: Success, final_ppn=0x80001, level=2mem[X,0x000000008000116C] -> 0x0013
PTW: Start, vpn=0x180001, access_type=X, privilege=Smem[R,0x0000000080008030] -> 0x00000000200000CB
PTW: Step, level=2, pte=0x200000CB, pte_addr=0x80008030
PTW: Success, final_ppn=0x80001, level=2mem[X,0x000000008000116E] -> 0x0000
[1044] [S]: 0x000000018000116C (0x00000013) addi x0, x0, 0x0                        va_rvtest_code_begin+1488

PTW: Start, vpn=0x180001, access_type=X, privilege=Smem[R,0x0000000080008030] -> 0x00000000200000CB
PTW: Step, level=2, pte=0x200000CB, pte_addr=0x80008030
PTW: Success, final_ppn=0x80001, level=2mem[X,0x0000000080001170] -> 0x0013
PTW: Start, vpn=0x180001, access_type=X, privilege=Smem[R,0x0000000080008030] -> 0x00000000200000CB
PTW: Step, level=2, pte=0x200000CB, pte_addr=0x80008030
PTW: Success, final_ppn=0x80001, level=2mem[X,0x0000000080001172] -> 0x0000
[1045] [S]: 0x0000000180001170 (0x00000013) addi x0, x0, 0x0                        va_rvtest_code_begin+1492

clint mtime 0x000000000000020B (mip.MTI <- 0b1, mip.STI <- 0b0)
PTW: Start, vpn=0x180001, access_type=X, privilege=Smem[R,0x0000000080008030] -> 0x00000000200000CB
PTW: Step, level=2, pte=0x200000CB, pte_addr=0x80008030
PTW: Success, final_ppn=0x80001, level=2mem[X,0x0000000080001174] -> 0x0013
PTW: Start, vpn=0x180001, access_type=X, privilege=Smem[R,0x0000000080008030] -> 0x00000000200000CB
PTW: Step, level=2, pte=0x200000CB, pte_addr=0x80008030
PTW: Success, final_ppn=0x80001, level=2mem[X,0x0000000080001176] -> 0x0000
[1046] [S]: 0x0000000180001174 (0x00000013) addi x0, x0, 0x0                        va_rvtest_code_begin+1496

PTW: Start, vpn=0x180001, access_type=X, privilege=Smem[R,0x0000000080008030] -> 0x00000000200000CB
PTW: Step, level=2, pte=0x200000CB, pte_addr=0x80008030
PTW: Success, final_ppn=0x80001, level=2mem[X,0x0000000080001178] -> 0x0113
PTW: Start, vpn=0x180001, access_type=X, privilege=Smem[R,0x0000000080008030] -> 0x00000000200000CB
PTW: Step, level=2, pte=0x200000CB, pte_addr=0x80008030
PTW: Success, final_ppn=0x80001, level=2mem[X,0x000000008000117A] -> 0x0000
[1047] [S]: 0x0000000180001178 (0x00000113) addi x2, x0, 0x0                        va_rvtest_code_begin+1500
x2 <- 0x0000000000000000

clint mtime 0x000000000000020C (mip.MTI <- 0b1, mip.STI <- 0b0)
PTW: Start, vpn=0x180001, access_type=X, privilege=Smem[R,0x0000000080008030] -> 0x00000000200000CB
PTW: Step, level=2, pte=0x200000CB, pte_addr=0x80008030
PTW: Success, final_ppn=0x80001, level=2mem[X,0x000000008000117C] -> 0x0073
PTW: Start, vpn=0x180001, access_type=X, privilege=Smem[R,0x0000000080008030] -> 0x00000000200000CB
PTW: Step, level=2, pte=0x200000CB, pte_addr=0x80008030
PTW: Success, final_ppn=0x80001, level=2mem[X,0x000000008000117E] -> 0x0000
[1048] [S]: 0x000000018000117C (0x00000073) ecall                                   va_rvtest_code_begin+1504
trapping from S to M to handle s-call
handling exc#s-call at priv M with tval 0x0000000000000000
CSR mstatus (0x300) <- 0x0000000A00000800
CSR mcause (0x342) <- 0x0000000000000009
CSR mtval (0x343) <- 0x0000000000000000
CSR mepc (0x341) <- 0x000000018000117C

mem[X,0x0000000080001F80] -> 0x006F
mem[X,0x0000000080001F82] -> 0x1000
[1049] [M]: 0x0000000080001F80 (0x1000006F) jal x0, 0x100                           Mtrampoline+0

clint mtime 0x000000000000020D (mip.MTI <- 0b1, mip.STI <- 0b0)
mem[X,0x0000000080002080] -> 0x1173
mem[X,0x0000000080002082] -> 0x3401
[1050] [M]: 0x0000000080002080 (0x34011173) csrrw x2, mscratch, x2                  trap_Mhandler+0
CSR mscratch (0x340) <- 0x0000000000000000
x2 <- 0x0000000080005000

mem[X,0x0000000080002084] -> 0x3423
mem[X,0x0000000080002086] -> 0x28B1
[1051] [M]: 0x0000000080002084 (0x28B13423) sd x11, 0x288(x2)                       trap_Mhandler+4
mem[W,0x0000000080005288] <- 0x00000000000000CF

clint mtime 0x000000000000020E (mip.MTI <- 0b1, mip.STI <- 0b0)
mem[X,0x0000000080002088] -> 0x05EF
mem[X,0x000000008000208A] -> 0x0B80
[1052] [M]: 0x0000000080002088 (0x0B8005EF) jal x11, 0xb8                           trap_Mhandler+8
x11 <- 0x000000008000208C

mem[X,0x0000000080002140] -> 0x3023
mem[X,0x0000000080002142] -> 0x28A1
[1053] [M]: 0x0000000080002140 (0x28A13023) sd x10, 0x280(x2)                       common_Mhandler+0
mem[W,0x0000000080005280] <- 0x00000000200000CF

clint mtime 0x000000000000020F (mip.MTI <- 0b1, mip.STI <- 0b0)
mem[X,0x0000000080002144] -> 0x1573
mem[X,0x0000000080002146] -> 0x3401
[1054] [M]: 0x0000000080002144 (0x34011573) csrrw x10, mscratch, x2                 common_Mhandler+4
CSR mscratch (0x340) <- 0x0000000080005000
x10 <- 0x0000000000000000

mem[X,0x0000000080002148] -> 0x3823
mem[X,0x000000008000214A] -> 0x28A1
[1055] [M]: 0x0000000080002148 (0x28A13823) sd x10, 0x290(x2)                       common_Mhandler+8
mem[W,0x0000000080005290] <- 0x0000000000000000

clint mtime 0x0000000000000210 (mip.MTI <- 0b1, mip.STI <- 0b0)
mem[X,0x000000008000214C] -> 0x3503
mem[X,0x000000008000214E] -> 0x2301
[1056] [M]: 0x000000008000214C (0x23013503) ld x10, 0x230(x2)                       common_Mhandler+12
mem[R,0x0000000080005230] -> 0x0000000080002154
x10 <- 0x0000000080002154

mem[X,0x0000000080002150] -> 0x0067
mem[X,0x0000000080002152] -> 0x0005
[1057] [M]: 0x0000000080002150 (0x00050067) jalr x0, 0x0(x10)                       common_Mhandler+16

clint mtime 0x0000000000000211 (mip.MTI <- 0b1, mip.STI <- 0b0)
mem[X,0x0000000080002154] -> 0x3C23
mem[X,0x0000000080002156] -> 0x2691
[1058] [M]: 0x0000000080002154 (0x26913C23) sd x9, 0x278(x2)                        common_Mentry+0
mem[W,0x0000000080005278] <- 0x0000000100000148

mem[X,0x0000000080002158] -> 0x3823
mem[X,0x000000008000215A] -> 0x2681
[1059] [M]: 0x0000000080002158 (0x26813823) sd x8, 0x270(x2)                        common_Mentry+4
mem[W,0x0000000080005270] <- 0x0000000000007F76

clint mtime 0x0000000000000212 (mip.MTI <- 0b1, mip.STI <- 0b0)
mem[X,0x000000008000215C] -> 0x3423
mem[X,0x000000008000215E] -> 0x2671
[1060] [M]: 0x000000008000215C (0x26713423) sd x7, 0x268(x2)                        common_Mentry+8
mem[W,0x0000000080005268] <- 0x0000000080005000

mem[X,0x0000000080002160] -> 0x3023
mem[X,0x0000000080002162] -> 0x2661
[1061] [M]: 0x0000000080002160 (0x26613023) sd x6, 0x260(x2)                        common_Mentry+12
mem[W,0x0000000080005260] <- 0xFFFFFFFF7FFFF04C

clint mtime 0x0000000000000213 (mip.MTI <- 0b1, mip.STI <- 0b0)
mem[X,0x0000000080002164] -> 0x2573
mem[X,0x0000000080002166] -> 0x3420
[1062] [M]: 0x0000000080002164 (0x34202573) csrrs x10, mcause, x0                   spcl_M2mmode_test+0
CSR mcause (0x342) -> 0x0000000000000009
x10 <- 0x0000000000000009

mem[X,0x0000000080002168] -> 0x04B7
mem[X,0x000000008000216A] -> 0x8000
[1063] [M]: 0x0000000080002168 (0x800004B7) lui x9, -0x80000                        spcl_M2mmode_test+4
x9 <- 0xFFFFFFFF80000000

clint mtime 0x0000000000000214 (mip.MTI <- 0b1, mip.STI <- 0b0)
mem[X,0x000000008000216C] -> 0x8493
mem[X,0x000000008000216E] -> 0x0004
[1064] [M]: 0x000000008000216C (0x00048493) addi x9, x9, 0x0                        spcl_M2mmode_test+8
x9 <- 0xFFFFFFFF80000000

mem[X,0x0000000080002170] -> 0x9493
mem[X,0x0000000080002172] -> 0x00B4
[1065] [M]: 0x0000000080002170 (0x00B49493) slli x9, x9, 0xb                        spcl_M2mmode_test+12
x9 <- 0xFFFFFC0000000000

clint mtime 0x0000000000000215 (mip.MTI <- 0b1, mip.STI <- 0b0)
mem[X,0x0000000080002174] -> 0x8493
mem[X,0x0000000080002176] -> 0x0004
[1066] [M]: 0x0000000080002174 (0x00048493) addi x9, x9, 0x0                        spcl_M2mmode_test+16
x9 <- 0xFFFFFC0000000000

mem[X,0x0000000080002178] -> 0x9493
mem[X,0x000000008000217A] -> 0x00B4
[1067] [M]: 0x0000000080002178 (0x00B49493) slli x9, x9, 0xb                        spcl_M2mmode_test+20
x9 <- 0xFFE0000000000000

clint mtime 0x0000000000000216 (mip.MTI <- 0b1, mip.STI <- 0b0)
mem[X,0x000000008000217C] -> 0x8493
mem[X,0x000000008000217E] -> 0x0034
[1068] [M]: 0x000000008000217C (0x00348493) addi x9, x9, 0x3                        spcl_M2mmode_test+24
x9 <- 0xFFE0000000000003

mem[X,0x0000000080002180] -> 0x9493
mem[X,0x0000000080002182] -> 0x00A4
[1069] [M]: 0x0000000080002180 (0x00A49493) slli x9, x9, 0xa                        spcl_M2mmode_test+28
x9 <- 0x8000000000000C00

clint mtime 0x0000000000000217 (mip.MTI <- 0b1, mip.STI <- 0b0)
mem[X,0x0000000080002184] -> 0x8493
mem[X,0x0000000080002186] -> 0x3FC4
[1070] [M]: 0x0000000080002184 (0x3FC48493) addi x9, x9, 0x3fc                      spcl_M2mmode_test+32
x9 <- 0x8000000000000FFC

mem[X,0x0000000080002188] -> 0xF4B3
mem[X,0x000000008000218A] -> 0x00A4
[1071] [M]: 0x0000000080002188 (0x00A4F4B3) and x9, x9, x10                         spcl_M2mmode_test+36
x9 <- 0x0000000000000008

clint mtime 0x0000000000000218 (mip.MTI <- 0b1, mip.STI <- 0b0)
mem[X,0x000000008000218C] -> 0x8493
mem[X,0x000000008000218E] -> 0xFF84
[1072] [M]: 0x000000008000218C (0xFF848493) addi x9, x9, -0x8                       spcl_M2mmode_test+40
x9 <- 0x0000000000000000

mem[X,0x0000000080002190] -> 0x9663
mem[X,0x0000000080002192] -> 0x0004
[1073] [M]: 0x0000000080002190 (0x00049663) bne x9, x0, 0xc                         spcl_M2mmode_test+44

clint mtime 0x0000000000000219 (mip.MTI <- 0b1, mip.STI <- 0b0)
mem[X,0x0000000080002194] -> 0x3383
mem[X,0x0000000080002196] -> 0x2901
[1074] [M]: 0x0000000080002194 (0x29013383) ld x7, 0x290(x2)                        spcl_M2mmode_test+48
mem[R,0x0000000080005290] -> 0x0000000000000000
x7 <- 0x0000000000000000

mem[X,0x0000000080002198] -> 0x8663
mem[X,0x000000008000219A] -> 0x6E03
[1075] [M]: 0x0000000080002198 (0x6E038663) beq x7, x0, 0x6ec                       spcl_M2mmode_test+52

clint mtime 0x000000000000021A (mip.MTI <- 0b1, mip.STI <- 0b0)
mem[X,0x0000000080002884] -> 0x0493
mem[X,0x0000000080002886] -> 0xFF55
[1076] [M]: 0x0000000080002884 (0xFF550493) addi x9, x10, -0xb                      rtn2mmode+0
x9 <- 0xFFFFFFFFFFFFFFFE

mem[X,0x0000000080002888] -> 0x8C63
mem[X,0x000000008000288A] -> 0x0004
[1077] [M]: 0x0000000080002888 (0x00048C63) beq x9, x0, 0x18                        rtn2mmode+4

clint mtime 0x000000000000021B (mip.MTI <- 0b1, mip.STI <- 0b0)
mem[X,0x000000008000288C] -> 0x3583
mem[X,0x000000008000288E] -> 0x4701
[1078] [M]: 0x000000008000288C (0x47013583) ld x11, 0x470(x2)                       rtn2mmode+8
mem[R,0x0000000080005470] -> 0x0000000180000B9C
x11 <- 0x0000000180000B9C

mem[X,0x0000000080002890] -> 0xD463
mem[X,0x0000000080002892] -> 0x0003
[1079] [M]: 0x0000000080002890 (0x0003D463) bge x7, x0, 0x8                         rtn2mmode+12

clint mtime 0x000000000000021C (mip.MTI <- 0b1, mip.STI <- 0b0)
mem[X,0x0000000080002898] -> 0x3483
mem[X,0x000000008000289A] -> 0x1D81
[1080] [M]: 0x0000000080002898 (0x1D813483) ld x9, 0x1d8(x2)                        from_u_s+0
mem[R,0x00000000800051D8] -> 0x0000000080000BB4
x9 <- 0x0000000080000BB4

mem[X,0x000000008000289C] -> 0x84B3
mem[X,0x000000008000289E] -> 0x40B4
[1081] [M]: 0x000000008000289C (0x40B484B3) sub x9, x9, x11                         from_u_s+4
x9 <- 0xFFFFFFFF00000018

clint mtime 0x000000000000021D (mip.MTI <- 0b1, mip.STI <- 0b0)
mem[X,0x00000000800028A0] -> 0x23F3
mem[X,0x00000000800028A2] -> 0x3410
[1082] [M]: 0x00000000800028A0 (0x341023F3) csrrs x7, mepc, x0                      rtn_fm_mmode+0
CSR mepc (0x341) -> 0x000000018000117C
x7 <- 0x000000018000117C

mem[X,0x00000000800028A4] -> 0x83B3
mem[X,0x00000000800028A6] -> 0x0093
[1083] [M]: 0x00000000800028A4 (0x009383B3) add x7, x7, x9                          rtn_fm_mmode+4
x7 <- 0x0000000080001194

clint mtime 0x000000000000021E (mip.MTI <- 0b1, mip.STI <- 0b0)
mem[X,0x00000000800028A8] -> 0x3303
mem[X,0x00000000800028AA] -> 0x2601
[1084] [M]: 0x00000000800028A8 (0x26013303) ld x6, 0x260(x2)                        rtn_fm_mmode+8
mem[R,0x0000000080005260] -> 0xFFFFFFFF7FFFF04C
x6 <- 0xFFFFFFFF7FFFF04C

mem[X,0x00000000800028AC] -> 0x3403
mem[X,0x00000000800028AE] -> 0x2701
[1085] [M]: 0x00000000800028AC (0x27013403) ld x8, 0x270(x2)                        rtn_fm_mmode+12
mem[R,0x0000000080005270] -> 0x0000000000007F76
x8 <- 0x0000000000007F76

clint mtime 0x000000000000021F (mip.MTI <- 0b1, mip.STI <- 0b0)
mem[X,0x00000000800028B0] -> 0x3483
mem[X,0x00000000800028B2] -> 0x2781
[1086] [M]: 0x00000000800028B0 (0x27813483) ld x9, 0x278(x2)                        rtn_fm_mmode+16
mem[R,0x0000000080005278] -> 0x0000000100000148
x9 <- 0x0000000100000148

mem[X,0x00000000800028B4] -> 0x3503
mem[X,0x00000000800028B6] -> 0x2801
[1087] [M]: 0x00000000800028B4 (0x28013503) ld x10, 0x280(x2)                       rtn_fm_mmode+20
mem[R,0x0000000080005280] -> 0x00000000200000CF
x10 <- 0x00000000200000CF

clint mtime 0x0000000000000220 (mip.MTI <- 0b1, mip.STI <- 0b0)
mem[X,0x00000000800028B8] -> 0x3583
mem[X,0x00000000800028BA] -> 0x2881
[1088] [M]: 0x00000000800028B8 (0x28813583) ld x11, 0x288(x2)                       rtn_fm_mmode+24
mem[R,0x0000000080005288] -> 0x00000000000000CF
x11 <- 0x00000000000000CF

mem[X,0x00000000800028BC] -> 0x3103
mem[X,0x00000000800028BE] -> 0x2901
[1089] [M]: 0x00000000800028BC (0x29013103) ld x2, 0x290(x2)                        rtn_fm_mmode+28
mem[R,0x0000000080005290] -> 0x0000000000000000
x2 <- 0x0000000000000000

clint mtime 0x0000000000000221 (mip.MTI <- 0b1, mip.STI <- 0b0)
mem[X,0x00000000800028C0] -> 0x8067
mem[X,0x00000000800028C2] -> 0x0043
[1090] [M]: 0x00000000800028C0 (0x00438067) jalr x0, 0x4(x7)                        rtn_fm_mmode+32

mem[X,0x0000000080001198] -> 0x0013
mem[X,0x000000008000119A] -> 0x0000
[1091] [M]: 0x0000000080001198 (0x00000013) addi x0, x0, 0x0                        main+1464

clint mtime 0x0000000000000222 (mip.MTI <- 0b1, mip.STI <- 0b0)
mem[X,0x000000008000119C] -> 0x0013
mem[X,0x000000008000119E] -> 0x0000
[1092] [M]: 0x000000008000119C (0x00000013) addi x0, x0, 0x0                        main+1468

mem[X,0x00000000800011A0] -> 0x6517
mem[X,0x00000000800011A2] -> 0x0000
[1093] [M]: 0x00000000800011A0 (0x00006517) auipc x10, 0x6                          main+1472
x10 <- 0x00000000800071A0

clint mtime 0x0000000000000223 (mip.MTI <- 0b1, mip.STI <- 0b0)
mem[X,0x00000000800011A4] -> 0x0513
mem[X,0x00000000800011A6] -> 0xE605
[1094] [M]: 0x00000000800011A4 (0xE6050513) addi x10, x10, -0x1a0                   main+1476
x10 <- 0x0000000080007000

mem[X,0x00000000800011A8] -> 0x0001
[1095] [M]: 0x00000000800011A8 (0x0001) c.nop                                       main+1480

clint mtime 0x0000000000000224 (mip.MTI <- 0b1, mip.STI <- 0b0)
mem[X,0x00000000800011AA] -> 0x0013
mem[X,0x00000000800011AC] -> 0x0000
[1096] [M]: 0x00000000800011AA (0x00000013) addi x0, x0, 0x0                        main+1482

mem[X,0x00000000800011AE] -> 0x0013
mem[X,0x00000000800011B0] -> 0x0000
[1097] [M]: 0x00000000800011AE (0x00000013) addi x0, x0, 0x0                        main+1486

clint mtime 0x0000000000000225 (mip.MTI <- 0b1, mip.STI <- 0b0)
mem[X,0x00000000800011B2] -> 0x0013
mem[X,0x00000000800011B4] -> 0x0000
[1098] [M]: 0x00000000800011B2 (0x00000013) addi x0, x0, 0x0                        main+1490

mem[X,0x00000000800011B6] -> 0x0013
mem[X,0x00000000800011B8] -> 0x0000
[1099] [M]: 0x00000000800011B6 (0x00000013) addi x0, x0, 0x0                        main+1494

clint mtime 0x0000000000000226 (mip.MTI <- 0b1, mip.STI <- 0b0)
mem[X,0x00000000800011BA] -> 0x0013
mem[X,0x00000000800011BC] -> 0x0000
[1100] [M]: 0x00000000800011BA (0x00000013) addi x0, x0, 0x0                        main+1498

mem[X,0x00000000800011BE] -> 0x0001
[1101] [M]: 0x00000000800011BE (0x0001) c.nop                                       main+1502

clint mtime 0x0000000000000227 (mip.MTI <- 0b1, mip.STI <- 0b0)
mem[X,0x00000000800011C0] -> 0x0593
mem[X,0x00000000800011C2] -> 0x0010
[1102] [M]: 0x00000000800011C0 (0x00100593) addi x11, x0, 0x1                       main+1504
x11 <- 0x0000000000000001

mem[X,0x00000000800011C4] -> 0x5513
mem[X,0x00000000800011C6] -> 0x00C5
[1103] [M]: 0x00000000800011C4 (0x00C55513) srli x10, x10, 0xc                      main+1508
x10 <- 0x0000000000080007

clint mtime 0x0000000000000228 (mip.MTI <- 0b1, mip.STI <- 0b0)
mem[X,0x00000000800011C8] -> 0x1513
mem[X,0x00000000800011CA] -> 0x00A5
[1104] [M]: 0x00000000800011C8 (0x00A51513) slli x10, x10, 0xa                      main+1512
x10 <- 0x0000000020001C00

mem[X,0x00000000800011CC] -> 0x6533
mem[X,0x00000000800011CE] -> 0x00B5
[1105] [M]: 0x00000000800011CC (0x00B56533) or x10, x10, x11                        main+1516
x10 <- 0x0000000020001C01

clint mtime 0x0000000000000229 (mip.MTI <- 0b1, mip.STI <- 0b0)
mem[X,0x00000000800011D0] -> 0x0013
mem[X,0x00000000800011D2] -> 0x0000
[1106] [M]: 0x00000000800011D0 (0x00000013) addi x0, x0, 0x0                        main+1520

mem[X,0x00000000800011D4] -> 0x0013
mem[X,0x00000000800011D6] -> 0x0000
[1107] [M]: 0x00000000800011D4 (0x00000013) addi x0, x0, 0x0                        main+1524

clint mtime 0x000000000000022A (mip.MTI <- 0b1, mip.STI <- 0b0)
mem[X,0x00000000800011D8] -> 0x0013
mem[X,0x00000000800011DA] -> 0x0000
[1108] [M]: 0x00000000800011D8 (0x00000013) addi x0, x0, 0x0                        main+1528

mem[X,0x00000000800011DC] -> 0x0013
mem[X,0x00000000800011DE] -> 0x0000
[1109] [M]: 0x00000000800011DC (0x00000013) addi x0, x0, 0x0                        main+1532

clint mtime 0x000000000000022B (mip.MTI <- 0b1, mip.STI <- 0b0)
mem[X,0x00000000800011E0] -> 0x7317
mem[X,0x00000000800011E2] -> 0x0000
[1110] [M]: 0x00000000800011E0 (0x00007317) auipc x6, 0x7                           main+1536
x6 <- 0x00000000800081E0

mem[X,0x00000000800011E4] -> 0x0313
mem[X,0x00000000800011E6] -> 0xE203
[1111] [M]: 0x00000000800011E4 (0xE2030313) addi x6, x6, -0x1e0                     main+1540
x6 <- 0x0000000080008000

clint mtime 0x000000000000022C (mip.MTI <- 0b1, mip.STI <- 0b0)
mem[X,0x00000000800011E8] -> 0x0001
[1112] [M]: 0x00000000800011E8 (0x0001) c.nop                                       main+1544

mem[X,0x00000000800011EA] -> 0x0013
mem[X,0x00000000800011EC] -> 0x0000
[1113] [M]: 0x00000000800011EA (0x00000013) addi x0, x0, 0x0                        main+1546

clint mtime 0x000000000000022D (mip.MTI <- 0b1, mip.STI <- 0b0)
mem[X,0x00000000800011EE] -> 0x0013
mem[X,0x00000000800011F0] -> 0x0000
[1114] [M]: 0x00000000800011EE (0x00000013) addi x0, x0, 0x0                        main+1550

mem[X,0x00000000800011F2] -> 0x0013
mem[X,0x00000000800011F4] -> 0x0000
[1115] [M]: 0x00000000800011F2 (0x00000013) addi x0, x0, 0x0                        main+1554

clint mtime 0x000000000000022E (mip.MTI <- 0b1, mip.STI <- 0b0)
mem[X,0x00000000800011F6] -> 0x0013
mem[X,0x00000000800011F8] -> 0x0000
[1116] [M]: 0x00000000800011F6 (0x00000013) addi x0, x0, 0x0                        main+1558

mem[X,0x00000000800011FA] -> 0x0013
mem[X,0x00000000800011FC] -> 0x0000
[1117] [M]: 0x00000000800011FA (0x00000013) addi x0, x0, 0x0                        main+1562

clint mtime 0x000000000000022F (mip.MTI <- 0b1, mip.STI <- 0b0)
mem[X,0x00000000800011FE] -> 0x0001
[1118] [M]: 0x00000000800011FE (0x0001) c.nop                                       main+1566

mem[X,0x0000000080001200] -> 0x0293
mem[X,0x0000000080001202] -> 0x0280
[1119] [M]: 0x0000000080001200 (0x02800293) addi x5, x0, 0x28                       main+1568
x5 <- 0x0000000000000028

clint mtime 0x0000000000000230 (mip.MTI <- 0b1, mip.STI <- 0b0)
mem[X,0x0000000080001204] -> 0x0333
mem[X,0x0000000080001206] -> 0x0053
[1120] [M]: 0x0000000080001204 (0x00530333) add x6, x6, x5                          main+1572
x6 <- 0x0000000080008028

mem[X,0x0000000080001208] -> 0x3023
mem[X,0x000000008000120A] -> 0x00A3
[1121] [M]: 0x0000000080001208 (0x00A33023) sd x10, 0x0(x6)                         main+1576
mem[W,0x0000000080008028] <- 0x0000000020001C01

clint mtime 0x0000000000000231 (mip.MTI <- 0b1, mip.STI <- 0b0)
mem[X,0x000000008000120C] -> 0x0013
mem[X,0x000000008000120E] -> 0x0000
[1122] [M]: 0x000000008000120C (0x00000013) addi x0, x0, 0x0                        main+1580

mem[X,0x0000000080001210] -> 0x0013
mem[X,0x0000000080001212] -> 0x0000
[1123] [M]: 0x0000000080001210 (0x00000013) addi x0, x0, 0x0                        main+1584

clint mtime 0x0000000000000232 (mip.MTI <- 0b1, mip.STI <- 0b0)
mem[X,0x0000000080001214] -> 0x0013
mem[X,0x0000000080001216] -> 0x0000
[1124] [M]: 0x0000000080001214 (0x00000013) addi x0, x0, 0x0                        main+1588

mem[X,0x0000000080001218] -> 0x0013
mem[X,0x000000008000121A] -> 0x0000
[1125] [M]: 0x0000000080001218 (0x00000013) addi x0, x0, 0x0                        main+1592

clint mtime 0x0000000000000233 (mip.MTI <- 0b1, mip.STI <- 0b0)
mem[X,0x000000008000121C] -> 0x0013
mem[X,0x000000008000121E] -> 0x0000
[1126] [M]: 0x000000008000121C (0x00000013) addi x0, x0, 0x0                        main+1596

mem[X,0x0000000080001220] -> 0x5517
mem[X,0x0000000080001222] -> 0x0000
[1127] [M]: 0x0000000080001220 (0x00005517) auipc x10, 0x5                          main+1600
x10 <- 0x0000000080006220

clint mtime 0x0000000000000234 (mip.MTI <- 0b1, mip.STI <- 0b0)
mem[X,0x0000000080001224] -> 0x0513
mem[X,0x0000000080001226] -> 0xDE05
[1128] [M]: 0x0000000080001224 (0xDE050513) addi x10, x10, -0x220                   main+1604
x10 <- 0x0000000080006000

mem[X,0x0000000080001228] -> 0x0001
[1129] [M]: 0x0000000080001228 (0x0001) c.nop                                       main+1608

clint mtime 0x0000000000000235 (mip.MTI <- 0b1, mip.STI <- 0b0)
mem[X,0x000000008000122A] -> 0x0013
mem[X,0x000000008000122C] -> 0x0000
[1130] [M]: 0x000000008000122A (0x00000013) addi x0, x0, 0x0                        main+1610

mem[X,0x000000008000122E] -> 0x0013
mem[X,0x0000000080001230] -> 0x0000
[1131] [M]: 0x000000008000122E (0x00000013) addi x0, x0, 0x0                        main+1614

clint mtime 0x0000000000000236 (mip.MTI <- 0b1, mip.STI <- 0b0)
mem[X,0x0000000080001232] -> 0x0013
mem[X,0x0000000080001234] -> 0x0000
[1132] [M]: 0x0000000080001232 (0x00000013) addi x0, x0, 0x0                        main+1618

mem[X,0x0000000080001236] -> 0x0013
mem[X,0x0000000080001238] -> 0x0000
[1133] [M]: 0x0000000080001236 (0x00000013) addi x0, x0, 0x0                        main+1622

clint mtime 0x0000000000000237 (mip.MTI <- 0b1, mip.STI <- 0b0)
mem[X,0x000000008000123A] -> 0x0013
mem[X,0x000000008000123C] -> 0x0000
[1134] [M]: 0x000000008000123A (0x00000013) addi x0, x0, 0x0                        main+1626

mem[X,0x000000008000123E] -> 0x0001
[1135] [M]: 0x000000008000123E (0x0001) c.nop                                       main+1630

clint mtime 0x0000000000000238 (mip.MTI <- 0b1, mip.STI <- 0b0)
mem[X,0x0000000080001240] -> 0x0593
mem[X,0x0000000080001242] -> 0x0010
[1136] [M]: 0x0000000080001240 (0x00100593) addi x11, x0, 0x1                       main+1632
x11 <- 0x0000000000000001

mem[X,0x0000000080001244] -> 0x5513
mem[X,0x0000000080001246] -> 0x00C5
[1137] [M]: 0x0000000080001244 (0x00C55513) srli x10, x10, 0xc                      main+1636
x10 <- 0x0000000000080006

clint mtime 0x0000000000000239 (mip.MTI <- 0b1, mip.STI <- 0b0)
mem[X,0x0000000080001248] -> 0x1513
mem[X,0x000000008000124A] -> 0x00A5
[1138] [M]: 0x0000000080001248 (0x00A51513) slli x10, x10, 0xa                      main+1640
x10 <- 0x0000000020001800

mem[X,0x000000008000124C] -> 0x6533
mem[X,0x000000008000124E] -> 0x00B5
[1139] [M]: 0x000000008000124C (0x00B56533) or x10, x10, x11                        main+1644
x10 <- 0x0000000020001801

clint mtime 0x000000000000023A (mip.MTI <- 0b1, mip.STI <- 0b0)
mem[X,0x0000000080001250] -> 0x0013
mem[X,0x0000000080001252] -> 0x0000
[1140] [M]: 0x0000000080001250 (0x00000013) addi x0, x0, 0x0                        main+1648

mem[X,0x0000000080001254] -> 0x0013
mem[X,0x0000000080001256] -> 0x0000
[1141] [M]: 0x0000000080001254 (0x00000013) addi x0, x0, 0x0                        main+1652

clint mtime 0x000000000000023B (mip.MTI <- 0b1, mip.STI <- 0b0)
mem[X,0x0000000080001258] -> 0x0013
mem[X,0x000000008000125A] -> 0x0000
[1142] [M]: 0x0000000080001258 (0x00000013) addi x0, x0, 0x0                        main+1656

mem[X,0x000000008000125C] -> 0x0013
mem[X,0x000000008000125E] -> 0x0000
[1143] [M]: 0x000000008000125C (0x00000013) addi x0, x0, 0x0                        main+1660

clint mtime 0x000000000000023C (mip.MTI <- 0b1, mip.STI <- 0b0)
mem[X,0x0000000080001260] -> 0x6317
mem[X,0x0000000080001262] -> 0x0000
[1144] [M]: 0x0000000080001260 (0x00006317) auipc x6, 0x6                           main+1664
x6 <- 0x0000000080007260

mem[X,0x0000000080001264] -> 0x0313
mem[X,0x0000000080001266] -> 0xDA03
[1145] [M]: 0x0000000080001264 (0xDA030313) addi x6, x6, -0x260                     main+1668
x6 <- 0x0000000080007000

clint mtime 0x000000000000023D (mip.MTI <- 0b1, mip.STI <- 0b0)
mem[X,0x0000000080001268] -> 0x0001
[1146] [M]: 0x0000000080001268 (0x0001) c.nop                                       main+1672

mem[X,0x000000008000126A] -> 0x0013
mem[X,0x000000008000126C] -> 0x0000
[1147] [M]: 0x000000008000126A (0x00000013) addi x0, x0, 0x0                        main+1674

clint mtime 0x000000000000023E (mip.MTI <- 0b1, mip.STI <- 0b0)
mem[X,0x000000008000126E] -> 0x0013
mem[X,0x0000000080001270] -> 0x0000
[1148] [M]: 0x000000008000126E (0x00000013) addi x0, x0, 0x0                        main+1678

mem[X,0x0000000080001272] -> 0x0013
mem[X,0x0000000080001274] -> 0x0000
[1149] [M]: 0x0000000080001272 (0x00000013) addi x0, x0, 0x0                        main+1682

clint mtime 0x000000000000023F (mip.MTI <- 0b1, mip.STI <- 0b0)
mem[X,0x0000000080001276] -> 0x0013
mem[X,0x0000000080001278] -> 0x0000
[1150] [M]: 0x0000000080001276 (0x00000013) addi x0, x0, 0x0                        main+1686

mem[X,0x000000008000127A] -> 0x0013
mem[X,0x000000008000127C] -> 0x0000
[1151] [M]: 0x000000008000127A (0x00000013) addi x0, x0, 0x0                        main+1690

clint mtime 0x0000000000000240 (mip.MTI <- 0b1, mip.STI <- 0b0)
mem[X,0x000000008000127E] -> 0x0001
[1152] [M]: 0x000000008000127E (0x0001) c.nop                                       main+1694

mem[X,0x0000000080001280] -> 0x0293
mem[X,0x0000000080001282] -> 0x0000
[1153] [M]: 0x0000000080001280 (0x00000293) addi x5, x0, 0x0                        main+1696
x5 <- 0x0000000000000000

clint mtime 0x0000000000000241 (mip.MTI <- 0b1, mip.STI <- 0b0)
mem[X,0x0000000080001284] -> 0x0333
mem[X,0x0000000080001286] -> 0x0053
[1154] [M]: 0x0000000080001284 (0x00530333) add x6, x6, x5                          main+1700
x6 <- 0x0000000080007000

mem[X,0x0000000080001288] -> 0x3023
mem[X,0x000000008000128A] -> 0x00A3
[1155] [M]: 0x0000000080001288 (0x00A33023) sd x10, 0x0(x6)                         main+1704
mem[W,0x0000000080007000] <- 0x0000000020001801

clint mtime 0x0000000000000242 (mip.MTI <- 0b1, mip.STI <- 0b0)
mem[X,0x000000008000128C] -> 0x0013
mem[X,0x000000008000128E] -> 0x0000
[1156] [M]: 0x000000008000128C (0x00000013) addi x0, x0, 0x0                        main+1708

mem[X,0x0000000080001290] -> 0x0013
mem[X,0x0000000080001292] -> 0x0000
[1157] [M]: 0x0000000080001290 (0x00000013) addi x0, x0, 0x0                        main+1712

clint mtime 0x0000000000000243 (mip.MTI <- 0b1, mip.STI <- 0b0)
mem[X,0x0000000080001294] -> 0x0013
mem[X,0x0000000080001296] -> 0x0000
[1158] [M]: 0x0000000080001294 (0x00000013) addi x0, x0, 0x0                        main+1716

mem[X,0x0000000080001298] -> 0x0013
mem[X,0x000000008000129A] -> 0x0000
[1159] [M]: 0x0000000080001298 (0x00000013) addi x0, x0, 0x0                        main+1720

clint mtime 0x0000000000000244 (mip.MTI <- 0b1, mip.STI <- 0b0)
mem[X,0x000000008000129C] -> 0x0013
mem[X,0x000000008000129E] -> 0x0000
[1160] [M]: 0x000000008000129C (0x00000013) addi x0, x0, 0x0                        main+1724

mem[X,0x00000000800012A0] -> 0xF517
mem[X,0x00000000800012A2] -> 0xFFFF
[1161] [M]: 0x00000000800012A0 (0xFFFFF517) auipc x10, -0x1                         main+1728
x10 <- 0x00000000800002A0

clint mtime 0x0000000000000245 (mip.MTI <- 0b1, mip.STI <- 0b0)
mem[X,0x00000000800012A4] -> 0x0513
mem[X,0x00000000800012A6] -> 0x1605
[1162] [M]: 0x00000000800012A4 (0x16050513) addi x10, x10, 0x160                    main+1732
x10 <- 0x0000000080000400

mem[X,0x00000000800012A8] -> 0x0001
[1163] [M]: 0x00000000800012A8 (0x0001) c.nop                                       main+1736

clint mtime 0x0000000000000246 (mip.MTI <- 0b1, mip.STI <- 0b0)
mem[X,0x00000000800012AA] -> 0x0013
mem[X,0x00000000800012AC] -> 0x0000
[1164] [M]: 0x00000000800012AA (0x00000013) addi x0, x0, 0x0                        main+1738

mem[X,0x00000000800012AE] -> 0x0013
mem[X,0x00000000800012B0] -> 0x0000
[1165] [M]: 0x00000000800012AE (0x00000013) addi x0, x0, 0x0                        main+1742

clint mtime 0x0000000000000247 (mip.MTI <- 0b1, mip.STI <- 0b0)
mem[X,0x00000000800012B2] -> 0x0013
mem[X,0x00000000800012B4] -> 0x0000
[1166] [M]: 0x00000000800012B2 (0x00000013) addi x0, x0, 0x0                        main+1746

mem[X,0x00000000800012B6] -> 0x0013
mem[X,0x00000000800012B8] -> 0x0000
[1167] [M]: 0x00000000800012B6 (0x00000013) addi x0, x0, 0x0                        main+1750

clint mtime 0x0000000000000248 (mip.MTI <- 0b1, mip.STI <- 0b0)
mem[X,0x00000000800012BA] -> 0x0013
mem[X,0x00000000800012BC] -> 0x0000
[1168] [M]: 0x00000000800012BA (0x00000013) addi x0, x0, 0x0                        main+1754

mem[X,0x00000000800012BE] -> 0x0001
[1169] [M]: 0x00000000800012BE (0x0001) c.nop                                       main+1758

clint mtime 0x0000000000000249 (mip.MTI <- 0b1, mip.STI <- 0b0)
mem[X,0x00000000800012C0] -> 0x0593
mem[X,0x00000000800012C2] -> 0x0CF0
[1170] [M]: 0x00000000800012C0 (0x0CF00593) addi x11, x0, 0xcf                      main+1760
x11 <- 0x00000000000000CF

mem[X,0x00000000800012C4] -> 0x5513
mem[X,0x00000000800012C6] -> 0x00C5
[1171] [M]: 0x00000000800012C4 (0x00C55513) srli x10, x10, 0xc                      main+1764
x10 <- 0x0000000000080000

clint mtime 0x000000000000024A (mip.MTI <- 0b1, mip.STI <- 0b0)
mem[X,0x00000000800012C8] -> 0x1513
mem[X,0x00000000800012CA] -> 0x00A5
[1172] [M]: 0x00000000800012C8 (0x00A51513) slli x10, x10, 0xa                      main+1768
x10 <- 0x0000000020000000

mem[X,0x00000000800012CC] -> 0x6533
mem[X,0x00000000800012CE] -> 0x00B5
[1173] [M]: 0x00000000800012CC (0x00B56533) or x10, x10, x11                        main+1772
x10 <- 0x00000000200000CF

clint mtime 0x000000000000024B (mip.MTI <- 0b1, mip.STI <- 0b0)
mem[X,0x00000000800012D0] -> 0x0013
mem[X,0x00000000800012D2] -> 0x0000
[1174] [M]: 0x00000000800012D0 (0x00000013) addi x0, x0, 0x0                        main+1776

mem[X,0x00000000800012D4] -> 0x0013
mem[X,0x00000000800012D6] -> 0x0000
[1175] [M]: 0x00000000800012D4 (0x00000013) addi x0, x0, 0x0                        main+1780

clint mtime 0x000000000000024C (mip.MTI <- 0b1, mip.STI <- 0b0)
mem[X,0x00000000800012D8] -> 0x0013
mem[X,0x00000000800012DA] -> 0x0000
[1176] [M]: 0x00000000800012D8 (0x00000013) addi x0, x0, 0x0                        main+1784

mem[X,0x00000000800012DC] -> 0x0013
mem[X,0x00000000800012DE] -> 0x0000
[1177] [M]: 0x00000000800012DC (0x00000013) addi x0, x0, 0x0                        main+1788

clint mtime 0x000000000000024D (mip.MTI <- 0b1, mip.STI <- 0b0)
mem[X,0x00000000800012E0] -> 0x5317
mem[X,0x00000000800012E2] -> 0x0000
[1178] [M]: 0x00000000800012E0 (0x00005317) auipc x6, 0x5                           main+1792
x6 <- 0x00000000800062E0

mem[X,0x00000000800012E4] -> 0x0313
mem[X,0x00000000800012E6] -> 0xD203
[1179] [M]: 0x00000000800012E4 (0xD2030313) addi x6, x6, -0x2e0                     main+1796
x6 <- 0x0000000080006000

clint mtime 0x000000000000024E (mip.MTI <- 0b1, mip.STI <- 0b0)
mem[X,0x00000000800012E8] -> 0x0001
[1180] [M]: 0x00000000800012E8 (0x0001) c.nop                                       main+1800

mem[X,0x00000000800012EA] -> 0x0013
mem[X,0x00000000800012EC] -> 0x0000
[1181] [M]: 0x00000000800012EA (0x00000013) addi x0, x0, 0x0                        main+1802

clint mtime 0x000000000000024F (mip.MTI <- 0b1, mip.STI <- 0b0)
mem[X,0x00000000800012EE] -> 0x0013
mem[X,0x00000000800012F0] -> 0x0000
[1182] [M]: 0x00000000800012EE (0x00000013) addi x0, x0, 0x0                        main+1806

mem[X,0x00000000800012F2] -> 0x0013
mem[X,0x00000000800012F4] -> 0x0000
[1183] [M]: 0x00000000800012F2 (0x00000013) addi x0, x0, 0x0                        main+1810

clint mtime 0x0000000000000250 (mip.MTI <- 0b1, mip.STI <- 0b0)
mem[X,0x00000000800012F6] -> 0x0013
mem[X,0x00000000800012F8] -> 0x0000
[1184] [M]: 0x00000000800012F6 (0x00000013) addi x0, x0, 0x0                        main+1814

mem[X,0x00000000800012FA] -> 0x0013
mem[X,0x00000000800012FC] -> 0x0000
[1185] [M]: 0x00000000800012FA (0x00000013) addi x0, x0, 0x0                        main+1818

clint mtime 0x0000000000000251 (mip.MTI <- 0b1, mip.STI <- 0b0)
mem[X,0x00000000800012FE] -> 0x0001
[1186] [M]: 0x00000000800012FE (0x0001) c.nop                                       main+1822

mem[X,0x0000000080001300] -> 0x0293
mem[X,0x0000000080001302] -> 0x0000
[1187] [M]: 0x0000000080001300 (0x00000293) addi x5, x0, 0x0                        main+1824
x5 <- 0x0000000000000000

clint mtime 0x0000000000000252 (mip.MTI <- 0b1, mip.STI <- 0b0)
mem[X,0x0000000080001304] -> 0x0333
mem[X,0x0000000080001306] -> 0x0053
[1188] [M]: 0x0000000080001304 (0x00530333) add x6, x6, x5                          main+1828
x6 <- 0x0000000080006000

mem[X,0x0000000080001308] -> 0x3023
mem[X,0x000000008000130A] -> 0x00A3
[1189] [M]: 0x0000000080001308 (0x00A33023) sd x10, 0x0(x6)                         main+1832
mem[W,0x0000000080006000] <- 0x00000000200000CF

clint mtime 0x0000000000000253 (mip.MTI <- 0b1, mip.STI <- 0b0)
mem[X,0x000000008000130C] -> 0x0073
mem[X,0x000000008000130E] -> 0x1200
[1190] [M]: 0x000000008000130C (0x12000073) sfence.vma x0, x0                       main+1836

mem[X,0x0000000080001310] -> 0x0493
mem[X,0x0000000080001312] -> 0x0010
[1191] [M]: 0x0000000080001310 (0x00100493) addi x9, x0, 0x1                        main+1840
x9 <- 0x0000000000000001

clint mtime 0x0000000000000254 (mip.MTI <- 0b1, mip.STI <- 0b0)
mem[X,0x0000000080001314] -> 0x9493
mem[X,0x0000000080001316] -> 0x00B4
[1192] [M]: 0x0000000080001314 (0x00B49493) slli x9, x9, 0xb                        main+1844
x9 <- 0x0000000000000800

mem[X,0x0000000080001318] -> 0xB073
mem[X,0x000000008000131A] -> 0x3004
[1193] [M]: 0x0000000080001318 (0x3004B073) csrrc x0, mstatus, x9                   main+1848
CSR mstatus (0x300) <- 0x0000000A00000000

clint mtime 0x0000000000000255 (mip.MTI <- 0b1, mip.STI <- 0b0)
mem[X,0x000000008000131C] -> 0x0493
mem[X,0x000000008000131E] -> 0x0010
[1194] [M]: 0x000000008000131C (0x00100493) addi x9, x0, 0x1                        main+1852
x9 <- 0x0000000000000001

mem[X,0x0000000080001320] -> 0x9493
mem[X,0x0000000080001322] -> 0x00B4
[1195] [M]: 0x0000000080001320 (0x00B49493) slli x9, x9, 0xb                        main+1856
x9 <- 0x0000000000000800

clint mtime 0x0000000000000256 (mip.MTI <- 0b1, mip.STI <- 0b0)
mem[X,0x0000000080001324] -> 0xA073
mem[X,0x0000000080001326] -> 0x3004
[1196] [M]: 0x0000000080001324 (0x3004A073) csrrs x0, mstatus, x9                   main+1860
CSR mstatus (0x300) <- 0x0000000A00000800

mem[X,0x0000000080001328] -> 0x23F3
mem[X,0x000000008000132A] -> 0x3400
[1197] [M]: 0x0000000080001328 (0x340023F3) csrrs x7, mscratch, x0                  main+1864
CSR mscratch (0x340) -> 0x0000000080005000
x7 <- 0x0000000080005000

clint mtime 0x0000000000000257 (mip.MTI <- 0b1, mip.STI <- 0b0)
mem[X,0x000000008000132C] -> 0xB303
mem[X,0x000000008000132E] -> 0x4703
[1198] [M]: 0x000000008000132C (0x4703B303) ld x6, 0x470(x7)                        main+1868
mem[R,0x0000000080005470] -> 0x0000000180000B9C
x6 <- 0x0000000180000B9C

mem[X,0x0000000080001330] -> 0xB483
mem[X,0x0000000080001332] -> 0x1D83
[1199] [M]: 0x0000000080001330 (0x1D83B483) ld x9, 0x1d8(x7)                        main+1872
mem[R,0x00000000800051D8] -> 0x0000000080000BB4
x9 <- 0x0000000080000BB4

clint mtime 0x0000000000000258 (mip.MTI <- 0b1, mip.STI <- 0b0)
mem[X,0x0000000080001334] -> 0x0333
mem[X,0x0000000080001336] -> 0x4093
[1200] [M]: 0x0000000080001334 (0x40930333) sub x6, x6, x9                          main+1876
x6 <- 0x00000000FFFFFFE8

mem[X,0x0000000080001338] -> 0x0313
mem[X,0x000000008000133A] -> 0x0103
[1201] [M]: 0x0000000080001338 (0x01030313) addi x6, x6, 0x10                       main+1880
x6 <- 0x00000000FFFFFFF8

clint mtime 0x0000000000000259 (mip.MTI <- 0b1, mip.STI <- 0b0)
mem[X,0x000000008000133C] -> 0x0497
mem[X,0x000000008000133E] -> 0x0000
[1202] [M]: 0x000000008000133C (0x00000497) auipc x9, 0x0                           main+1884
x9 <- 0x000000008000133C

mem[X,0x0000000080001340] -> 0x84B3
mem[X,0x0000000080001342] -> 0x0064
[1203] [M]: 0x0000000080001340 (0x006484B3) add x9, x9, x6                          main+1888
x9 <- 0x0000000180001334

clint mtime 0x000000000000025A (mip.MTI <- 0b1, mip.STI <- 0b0)
mem[X,0x0000000080001344] -> 0x94F3
mem[X,0x0000000080001346] -> 0x3414
[1204] [M]: 0x0000000080001344 (0x341494F3) csrrw x9, mepc, x9                      main+1892
CSR mepc (0x341) <- 0x0000000180001334
x9 <- 0x000000018000117C

mem[X,0x0000000080001348] -> 0x0073
mem[X,0x000000008000134A] -> 0x3020
[1205] [M]: 0x0000000080001348 (0x30200073) mret                                    main+1896
CSR mstatus (0x300) <- 0x0000000A00000080
ret-ing from M to S

clint mtime 0x000000000000025B (mip.MTI <- 0b1, mip.STI <- 0b0)
PTW: Start, vpn=0x180001, access_type=X, privilege=Smem[R,0x0000000080008030] -> 0x00000000200000CB
PTW: Step, level=2, pte=0x200000CB, pte_addr=0x80008030
PTW: Success, final_ppn=0x80001, level=2mem[X,0x0000000080001334] -> 0x0333
PTW: Start, vpn=0x180001, access_type=X, privilege=Smem[R,0x0000000080008030] -> 0x00000000200000CB
PTW: Step, level=2, pte=0x200000CB, pte_addr=0x80008030
PTW: Success, final_ppn=0x80001, level=2mem[X,0x0000000080001336] -> 0x4093
[1206] [S]: 0x0000000180001334 (0x40930333) sub x6, x6, x9                          va_rvtest_code_begin+1944
x6 <- 0xFFFFFFFF7FFFEE7C

PTW: Start, vpn=0x180001, access_type=X, privilege=Smem[R,0x0000000080008030] -> 0x00000000200000CB
PTW: Step, level=2, pte=0x200000CB, pte_addr=0x80008030
PTW: Success, final_ppn=0x80001, level=2mem[X,0x0000000080001338] -> 0x0313
PTW: Start, vpn=0x180001, access_type=X, privilege=Smem[R,0x0000000080008030] -> 0x00000000200000CB
PTW: Step, level=2, pte=0x200000CB, pte_addr=0x80008030
PTW: Success, final_ppn=0x80001, level=2mem[X,0x000000008000133A] -> 0x0103
[1207] [S]: 0x0000000180001338 (0x01030313) addi x6, x6, 0x10                       va_rvtest_code_begin+1948
x6 <- 0xFFFFFFFF7FFFEE8C

clint mtime 0x000000000000025C (mip.MTI <- 0b1, mip.STI <- 0b0)
PTW: Start, vpn=0x180001, access_type=X, privilege=Smem[R,0x0000000080008030] -> 0x00000000200000CB
PTW: Step, level=2, pte=0x200000CB, pte_addr=0x80008030
PTW: Success, final_ppn=0x80001, level=2mem[X,0x000000008000133C] -> 0x0497
PTW: Start, vpn=0x180001, access_type=X, privilege=Smem[R,0x0000000080008030] -> 0x00000000200000CB
PTW: Step, level=2, pte=0x200000CB, pte_addr=0x80008030
PTW: Success, final_ppn=0x80001, level=2mem[X,0x000000008000133E] -> 0x0000
[1208] [S]: 0x000000018000133C (0x00000497) auipc x9, 0x0                           va_rvtest_code_begin+1952
x9 <- 0x000000018000133C

PTW: Start, vpn=0x180001, access_type=X, privilege=Smem[R,0x0000000080008030] -> 0x00000000200000CB
PTW: Step, level=2, pte=0x200000CB, pte_addr=0x80008030
PTW: Success, final_ppn=0x80001, level=2mem[X,0x0000000080001340] -> 0x84B3
PTW: Start, vpn=0x180001, access_type=X, privilege=Smem[R,0x0000000080008030] -> 0x00000000200000CB
PTW: Step, level=2, pte=0x200000CB, pte_addr=0x80008030
PTW: Success, final_ppn=0x80001, level=2mem[X,0x0000000080001342] -> 0x0064
[1209] [S]: 0x0000000180001340 (0x006484B3) add x9, x9, x6                          va_rvtest_code_begin+1956
x9 <- 0x00000001000001C8

clint mtime 0x000000000000025D (mip.MTI <- 0b1, mip.STI <- 0b0)
PTW: Start, vpn=0x180001, access_type=X, privilege=Smem[R,0x0000000080008030] -> 0x00000000200000CB
PTW: Step, level=2, pte=0x200000CB, pte_addr=0x80008030
PTW: Success, final_ppn=0x80001, level=2mem[X,0x0000000080001344] -> 0x94F3
PTW: Start, vpn=0x180001, access_type=X, privilege=Smem[R,0x0000000080008030] -> 0x00000000200000CB
PTW: Step, level=2, pte=0x200000CB, pte_addr=0x80008030
PTW: Success, final_ppn=0x80001, level=2mem[X,0x0000000080001346] -> 0x3414
[1210] [S]: 0x0000000180001344 (0x341494F3) csrrw x9, mepc, x9                      va_rvtest_code_begin+1960
trapping from S to M to handle illegal-instruction
handling exc#illegal-instruction at priv M with tval 0x00000000341494F3
CSR mstatus (0x300) <- 0x0000000A00000800
CSR mcause (0x342) <- 0x0000000000000002
CSR mtval (0x343) <- 0x00000000341494F3
CSR mepc (0x341) <- 0x0000000180001344

mem[X,0x0000000080001F80] -> 0x006F
mem[X,0x0000000080001F82] -> 0x1000
[1211] [M]: 0x0000000080001F80 (0x1000006F) jal x0, 0x100                           Mtrampoline+0

clint mtime 0x000000000000025E (mip.MTI <- 0b1, mip.STI <- 0b0)
mem[X,0x0000000080002080] -> 0x1173
mem[X,0x0000000080002082] -> 0x3401
[1212] [M]: 0x0000000080002080 (0x34011173) csrrw x2, mscratch, x2                  trap_Mhandler+0
CSR mscratch (0x340) <- 0x0000000000000000
x2 <- 0x0000000080005000

mem[X,0x0000000080002084] -> 0x3423
mem[X,0x0000000080002086] -> 0x28B1
[1213] [M]: 0x0000000080002084 (0x28B13423) sd x11, 0x288(x2)                       trap_Mhandler+4
mem[W,0x0000000080005288] <- 0x00000000000000CF

clint mtime 0x000000000000025F (mip.MTI <- 0b1, mip.STI <- 0b0)
mem[X,0x0000000080002088] -> 0x05EF
mem[X,0x000000008000208A] -> 0x0B80
[1214] [M]: 0x0000000080002088 (0x0B8005EF) jal x11, 0xb8                           trap_Mhandler+8
x11 <- 0x000000008000208C

mem[X,0x0000000080002140] -> 0x3023
mem[X,0x0000000080002142] -> 0x28A1
[1215] [M]: 0x0000000080002140 (0x28A13023) sd x10, 0x280(x2)                       common_Mhandler+0
mem[W,0x0000000080005280] <- 0x00000000200000CF

clint mtime 0x0000000000000260 (mip.MTI <- 0b1, mip.STI <- 0b0)
mem[X,0x0000000080002144] -> 0x1573
mem[X,0x0000000080002146] -> 0x3401
[1216] [M]: 0x0000000080002144 (0x34011573) csrrw x10, mscratch, x2                 common_Mhandler+4
CSR mscratch (0x340) <- 0x0000000080005000
x10 <- 0x0000000000000000

mem[X,0x0000000080002148] -> 0x3823
mem[X,0x000000008000214A] -> 0x28A1
[1217] [M]: 0x0000000080002148 (0x28A13823) sd x10, 0x290(x2)                       common_Mhandler+8
mem[W,0x0000000080005290] <- 0x0000000000000000

clint mtime 0x0000000000000261 (mip.MTI <- 0b1, mip.STI <- 0b0)
mem[X,0x000000008000214C] -> 0x3503
mem[X,0x000000008000214E] -> 0x2301
[1218] [M]: 0x000000008000214C (0x23013503) ld x10, 0x230(x2)                       common_Mhandler+12
mem[R,0x0000000080005230] -> 0x0000000080002154
x10 <- 0x0000000080002154

mem[X,0x0000000080002150] -> 0x0067
mem[X,0x0000000080002152] -> 0x0005
[1219] [M]: 0x0000000080002150 (0x00050067) jalr x0, 0x0(x10)                       common_Mhandler+16

clint mtime 0x0000000000000262 (mip.MTI <- 0b1, mip.STI <- 0b0)
mem[X,0x0000000080002154] -> 0x3C23
mem[X,0x0000000080002156] -> 0x2691
[1220] [M]: 0x0000000080002154 (0x26913C23) sd x9, 0x278(x2)                        common_Mentry+0
mem[W,0x0000000080005278] <- 0x00000001000001C8

mem[X,0x0000000080002158] -> 0x3823
mem[X,0x000000008000215A] -> 0x2681
[1221] [M]: 0x0000000080002158 (0x26813823) sd x8, 0x270(x2)                        common_Mentry+4
mem[W,0x0000000080005270] <- 0x0000000000007F76

clint mtime 0x0000000000000263 (mip.MTI <- 0b1, mip.STI <- 0b0)
mem[X,0x000000008000215C] -> 0x3423
mem[X,0x000000008000215E] -> 0x2671
[1222] [M]: 0x000000008000215C (0x26713423) sd x7, 0x268(x2)                        common_Mentry+8
mem[W,0x0000000080005268] <- 0x0000000080005000

mem[X,0x0000000080002160] -> 0x3023
mem[X,0x0000000080002162] -> 0x2661
[1223] [M]: 0x0000000080002160 (0x26613023) sd x6, 0x260(x2)                        common_Mentry+12
mem[W,0x0000000080005260] <- 0xFFFFFFFF7FFFEE8C

clint mtime 0x0000000000000264 (mip.MTI <- 0b1, mip.STI <- 0b0)
mem[X,0x0000000080002164] -> 0x2573
mem[X,0x0000000080002166] -> 0x3420
[1224] [M]: 0x0000000080002164 (0x34202573) csrrs x10, mcause, x0                   spcl_M2mmode_test+0
CSR mcause (0x342) -> 0x0000000000000002
x10 <- 0x0000000000000002

mem[X,0x0000000080002168] -> 0x04B7
mem[X,0x000000008000216A] -> 0x8000
[1225] [M]: 0x0000000080002168 (0x800004B7) lui x9, -0x80000                        spcl_M2mmode_test+4
x9 <- 0xFFFFFFFF80000000

clint mtime 0x0000000000000265 (mip.MTI <- 0b1, mip.STI <- 0b0)
mem[X,0x000000008000216C] -> 0x8493
mem[X,0x000000008000216E] -> 0x0004
[1226] [M]: 0x000000008000216C (0x00048493) addi x9, x9, 0x0                        spcl_M2mmode_test+8
x9 <- 0xFFFFFFFF80000000

mem[X,0x0000000080002170] -> 0x9493
mem[X,0x0000000080002172] -> 0x00B4
[1227] [M]: 0x0000000080002170 (0x00B49493) slli x9, x9, 0xb                        spcl_M2mmode_test+12
x9 <- 0xFFFFFC0000000000

clint mtime 0x0000000000000266 (mip.MTI <- 0b1, mip.STI <- 0b0)
mem[X,0x0000000080002174] -> 0x8493
mem[X,0x0000000080002176] -> 0x0004
[1228] [M]: 0x0000000080002174 (0x00048493) addi x9, x9, 0x0                        spcl_M2mmode_test+16
x9 <- 0xFFFFFC0000000000

mem[X,0x0000000080002178] -> 0x9493
mem[X,0x000000008000217A] -> 0x00B4
[1229] [M]: 0x0000000080002178 (0x00B49493) slli x9, x9, 0xb                        spcl_M2mmode_test+20
x9 <- 0xFFE0000000000000

clint mtime 0x0000000000000267 (mip.MTI <- 0b1, mip.STI <- 0b0)
mem[X,0x000000008000217C] -> 0x8493
mem[X,0x000000008000217E] -> 0x0034
[1230] [M]: 0x000000008000217C (0x00348493) addi x9, x9, 0x3                        spcl_M2mmode_test+24
x9 <- 0xFFE0000000000003

mem[X,0x0000000080002180] -> 0x9493
mem[X,0x0000000080002182] -> 0x00A4
[1231] [M]: 0x0000000080002180 (0x00A49493) slli x9, x9, 0xa                        spcl_M2mmode_test+28
x9 <- 0x8000000000000C00

clint mtime 0x0000000000000268 (mip.MTI <- 0b1, mip.STI <- 0b0)
mem[X,0x0000000080002184] -> 0x8493
mem[X,0x0000000080002186] -> 0x3FC4
[1232] [M]: 0x0000000080002184 (0x3FC48493) addi x9, x9, 0x3fc                      spcl_M2mmode_test+32
x9 <- 0x8000000000000FFC

mem[X,0x0000000080002188] -> 0xF4B3
mem[X,0x000000008000218A] -> 0x00A4
[1233] [M]: 0x0000000080002188 (0x00A4F4B3) and x9, x9, x10                         spcl_M2mmode_test+36
x9 <- 0x0000000000000000

clint mtime 0x0000000000000269 (mip.MTI <- 0b1, mip.STI <- 0b0)
mem[X,0x000000008000218C] -> 0x8493
mem[X,0x000000008000218E] -> 0xFF84
[1234] [M]: 0x000000008000218C (0xFF848493) addi x9, x9, -0x8                       spcl_M2mmode_test+40
x9 <- 0xFFFFFFFFFFFFFFF8

mem[X,0x0000000080002190] -> 0x9663
mem[X,0x0000000080002192] -> 0x0004
[1235] [M]: 0x0000000080002190 (0x00049663) bne x9, x0, 0xc                         spcl_M2mmode_test+44

clint mtime 0x000000000000026A (mip.MTI <- 0b1, mip.STI <- 0b0)
mem[X,0x000000008000219C] -> 0x0393
mem[X,0x000000008000219E] -> 0x0200
[1236] [M]: 0x000000008000219C (0x02000393) addi x7, x0, 0x20                       Mtrapsig_ptr_upd+0
x7 <- 0x0000000000000020

mem[X,0x00000000800021A0] -> 0x5263
mem[X,0x00000000800021A2] -> 0x0405
[1237] [M]: 0x00000000800021A0 (0x04055263) bge x10, x0, 0x44                       Mtrapsig_ptr_upd+4

clint mtime 0x000000000000026B (mip.MTI <- 0b1, mip.STI <- 0b0)
mem[X,0x00000000800021E4] -> 0x2373
mem[X,0x00000000800021E6] -> 0x3010
[1238] [M]: 0x00000000800021E4 (0x30102373) csrrs x6, misa, x0                      Mxcpt_sig_sv+0
CSR misa (0x301) -> 0x800000000034112F
x6 <- 0x800000000034112F

mem[X,0x00000000800021E8] -> 0x1313
mem[X,0x00000000800021EA] -> 0x0383
[1239] [M]: 0x00000000800021E8 (0x03831313) slli x6, x6, 0x38                       Mxcpt_sig_sv+4
x6 <- 0x2F00000000000000

clint mtime 0x000000000000026C (mip.MTI <- 0b1, mip.STI <- 0b0)
mem[X,0x00000000800021EC] -> 0x5463
mem[X,0x00000000800021EE] -> 0x0003
[1240] [M]: 0x00000000800021EC (0x00035463) bge x6, x0, 0x8                         Mxcpt_sig_sv+8

mem[X,0x00000000800021F4] -> 0x3303
mem[X,0x00000000800021F6] -> 0x2181
[1241] [M]: 0x00000000800021F4 (0x21813303) ld x6, 0x218(x2)                        Mtrap_sig_sv+0
mem[R,0x0000000080005218] -> 0x0000000080009398
x6 <- 0x0000000080009398

clint mtime 0x000000000000026D (mip.MTI <- 0b1, mip.STI <- 0b0)
mem[X,0x00000000800021F8] -> 0x04B3
mem[X,0x00000000800021FA] -> 0x0073
[1242] [M]: 0x00000000800021F8 (0x007304B3) add x9, x6, x7                          Mtrap_sig_sv+4
x9 <- 0x00000000800093B8

mem[X,0x00000000800021FC] -> 0x3C23
mem[X,0x00000000800021FE] -> 0x2091
[1243] [M]: 0x00000000800021FC (0x20913C23) sd x9, 0x218(x2)                        Mtrap_sig_sv+8
mem[W,0x0000000080005218] <- 0x00000000800093B8

clint mtime 0x000000000000026E (mip.MTI <- 0b1, mip.STI <- 0b0)
mem[X,0x0000000080002200] -> 0x3403
mem[X,0x0000000080002202] -> 0x1F81
[1244] [M]: 0x0000000080002200 (0x1F813403) ld x8, 0x1f8(x2)                        Mtrap_sig_sv+12
mem[R,0x00000000800051F8] -> 0x0000000080009110
x8 <- 0x0000000080009110

mem[X,0x0000000080002204] -> 0x0333
mem[X,0x0000000080002206] -> 0x4083
[1245] [M]: 0x0000000080002204 (0x40830333) sub x6, x6, x8                          Mtrap_sig_sv+16
x6 <- 0x0000000000000288

clint mtime 0x000000000000026F (mip.MTI <- 0b1, mip.STI <- 0b0)
mem[X,0x0000000080002208] -> 0x3403
mem[X,0x000000008000220A] -> 0x1F81
[1246] [M]: 0x0000000080002208 (0x1F813403) ld x8, 0x1f8(x2)                        Mtrap_sig_sv+20
mem[R,0x00000000800051F8] -> 0x0000000080009110
x8 <- 0x0000000080009110

mem[X,0x000000008000220C] -> 0x0333
mem[X,0x000000008000220E] -> 0x0083
[1247] [M]: 0x000000008000220C (0x00830333) add x6, x6, x8                          Mtrap_sig_sv+24
x6 <- 0x0000000080009398

clint mtime 0x0000000000000270 (mip.MTI <- 0b1, mip.STI <- 0b0)
mem[X,0x0000000080002210] -> 0x3403
mem[X,0x0000000080002212] -> 0x2401
[1248] [M]: 0x0000000080002210 (0x24013403) ld x8, 0x240(x2)                        Mtrap_sig_sv+28
mem[R,0x0000000080005240] -> 0x0000000080001F80
x8 <- 0x0000000080001F80

mem[X,0x0000000080002214] -> 0x85B3
mem[X,0x0000000080002216] -> 0x4085
[1249] [M]: 0x0000000080002214 (0x408585B3) sub x11, x11, x8                        sv_Mvect+0
x11 <- 0x000000000000010C

clint mtime 0x0000000000000271 (mip.MTI <- 0b1, mip.STI <- 0b0)
mem[X,0x0000000080002218] -> 0x9593
mem[X,0x000000008000221A] -> 0x0045
[1250] [M]: 0x0000000080002218 (0x00459593) slli x11, x11, 0x4                      sv_Mvect+4
x11 <- 0x00000000000010C0

mem[X,0x000000008000221C] -> 0xE5B3
mem[X,0x000000008000221E] -> 0x0075
[1251] [M]: 0x000000008000221C (0x0075E5B3) or x11, x11, x7                         sv_Mvect+8
x11 <- 0x00000000000010E0

clint mtime 0x0000000000000272 (mip.MTI <- 0b1, mip.STI <- 0b0)
mem[X,0x0000000080002220] -> 0x8593
mem[X,0x0000000080002222] -> 0x0035
[1252] [M]: 0x0000000080002220 (0x00358593) addi x11, x11, 0x3                      sv_Mvect+12
x11 <- 0x00000000000010E3

mem[X,0x0000000080002224] -> 0x3023
mem[X,0x0000000080002226] -> 0x00B3
[1253] [M]: 0x0000000080002224 (0x00B33023) sd x11, 0x0(x6)                         sv_Mvect+16
mem[W,0x0000000080009398] <- 0x00000000000010E3

clint mtime 0x0000000000000273 (mip.MTI <- 0b1, mip.STI <- 0b0)
mem[X,0x0000000080002228] -> 0x3423
mem[X,0x000000008000222A] -> 0x00A3
[1254] [M]: 0x0000000080002228 (0x00A33423) sd x10, 0x8(x6)                         sv_Mcause+0
mem[W,0x00000000800093A0] <- 0x0000000000000002

mem[X,0x000000008000222C] -> 0x4663
mem[X,0x000000008000222E] -> 0x1A05
[1255] [M]: 0x000000008000222C (0x1A054663) blt x10, x0, 0x1ac                      sv_Mcause+4

clint mtime 0x0000000000000274 (mip.MTI <- 0b1, mip.STI <- 0b0)
mem[X,0x0000000080002230] -> 0x25F3
mem[X,0x0000000080002232] -> 0x3000
[1256] [M]: 0x0000000080002230 (0x300025F3) csrrs x11, mstatus, x0                  common_Mexcpt_handler+0
CSR mstatus (0x300) -> 0x0000000A00000800
x11 <- 0x0000000A00000800

mem[X,0x0000000080002234] -> 0x9413
mem[X,0x0000000080002236] -> 0x02E5
[1257] [M]: 0x0000000080002234 (0x02E59413) slli x8, x11, 0x2e                      common_Mexcpt_handler+4
x8 <- 0x0200000000000000

clint mtime 0x0000000000000275 (mip.MTI <- 0b1, mip.STI <- 0b0)
mem[X,0x0000000080002238] -> 0x5463
mem[X,0x000000008000223A] -> 0x0004
[1258] [M]: 0x0000000080002238 (0x00045463) bge x8, x0, 0x8                         common_Mexcpt_handler+8

mem[X,0x0000000080002240] -> 0xD493
mem[X,0x0000000080002242] -> 0x00B5
[1259] [M]: 0x0000000080002240 (0x00B5D493) srli x9, x11, 0xb                       common_Mexcpt_handler+16
x9 <- 0x0000000001400001

clint mtime 0x0000000000000276 (mip.MTI <- 0b1, mip.STI <- 0b0)
mem[X,0x0000000080002244] -> 0xF493
mem[X,0x0000000080002246] -> 0x0034
[1260] [M]: 0x0000000080002244 (0x0034F493) andi x9, x9, 0x3                        common_Mexcpt_handler+20
x9 <- 0x0000000000000001

mem[X,0x0000000080002248] -> 0x8493
mem[X,0x000000008000224A] -> 0x0014
[1261] [M]: 0x0000000080002248 (0x00148493) addi x9, x9, 0x1                        common_Mexcpt_handler+24
x9 <- 0x0000000000000002

clint mtime 0x0000000000000277 (mip.MTI <- 0b1, mip.STI <- 0b0)
mem[X,0x000000008000224C] -> 0xF493
mem[X,0x000000008000224E] -> 0x0044
[1262] [M]: 0x000000008000224C (0x0044F493) andi x9, x9, 0x4                        common_Mexcpt_handler+28
x9 <- 0x0000000000000000

mem[X,0x0000000080002250] -> 0x0593
mem[X,0x0000000080002252] -> 0x05D0
[1263] [M]: 0x0000000080002250 (0x05D00593) addi x11, x0, 0x5d                      common_Mexcpt_handler+32
x11 <- 0x000000000000005D

clint mtime 0x0000000000000278 (mip.MTI <- 0b1, mip.STI <- 0b0)
mem[X,0x0000000080002254] -> 0xD5B3
mem[X,0x0000000080002256] -> 0x0095
[1264] [M]: 0x0000000080002254 (0x0095D5B3) srl x11, x11, x9                        common_Mexcpt_handler+36
x11 <- 0x000000000000005D

mem[X,0x0000000080002258] -> 0xF593
mem[X,0x000000008000225A] -> 0x0015
[1265] [M]: 0x0000000080002258 (0x0015F593) andi x11, x11, 0x1                      common_Mexcpt_handler+40
x11 <- 0x0000000000000001

clint mtime 0x0000000000000279 (mip.MTI <- 0b1, mip.STI <- 0b0)
mem[X,0x000000008000225C] -> 0x8EE3
mem[X,0x000000008000225E] -> 0xF405
[1266] [M]: 0x000000008000225C (0xF4058EE3) beq x11, x0, -0xa4                      common_Mexcpt_handler+44

mem[X,0x0000000080002260] -> 0x0593
mem[X,0x0000000080002262] -> 0x2980
[1267] [M]: 0x0000000080002260 (0x29800593) addi x11, x0, 0x298                     common_Mexcpt_handler+48
x11 <- 0x0000000000000298

clint mtime 0x000000000000027A (mip.MTI <- 0b1, mip.STI <- 0b0)
mem[X,0x0000000080002264] -> 0xF413
mem[X,0x0000000080002266] -> 0x0014
[1268] [M]: 0x0000000080002264 (0x0014F413) andi x8, x9, 0x1                        common_Mexcpt_handler+52
x8 <- 0x0000000000000000

mem[X,0x0000000080002268] -> 0x95B3
mem[X,0x000000008000226A] -> 0x0085
[1269] [M]: 0x0000000080002268 (0x008595B3) sll x11, x11, x8                        common_Mexcpt_handler+56
x11 <- 0x0000000000000298

clint mtime 0x000000000000027B (mip.MTI <- 0b1, mip.STI <- 0b0)
mem[X,0x000000008000226C] -> 0x9413
mem[X,0x000000008000226E] -> 0x03D4
[1270] [M]: 0x000000008000226C (0x03D49413) slli x8, x9, 0x3d                       common_Mexcpt_handler+60
x8 <- 0x0000000000000000

mem[X,0x0000000080002270] -> 0x5413
mem[X,0x0000000080002272] -> 0x43F4
[1271] [M]: 0x0000000080002270 (0x43F45413) srai x8, x8, 0x3f                       common_Mexcpt_handler+64
x8 <- 0x0000000000000000

clint mtime 0x000000000000027C (mip.MTI <- 0b1, mip.STI <- 0b0)
mem[X,0x0000000080002274] -> 0x4413
mem[X,0x0000000080002276] -> 0xFFF4
[1272] [M]: 0x0000000080002274 (0xFFF44413) xori x8, x8, -0x1                       common_Mexcpt_handler+68
x8 <- 0xFFFFFFFFFFFFFFFF

mem[X,0x0000000080002278] -> 0xF4B3
mem[X,0x000000008000227A] -> 0x0085
[1273] [M]: 0x0000000080002278 (0x0085F4B3) and x9, x11, x8                         common_Mexcpt_handler+72
x9 <- 0x0000000000000298

clint mtime 0x000000000000027D (mip.MTI <- 0b1, mip.STI <- 0b0)
mem[X,0x000000008000227C] -> 0x84B3
mem[X,0x000000008000227E] -> 0x0024
[1274] [M]: 0x000000008000227C (0x002484B3) add x9, x9, x2                          vmem_adj_Mepc+0
x9 <- 0x0000000080005298

mem[X,0x0000000080002280] -> 0x23F3
mem[X,0x0000000080002282] -> 0x3410
[1275] [M]: 0x0000000080002280 (0x341023F3) csrrs x7, mepc, x0                      vmem_adj_Mepc+4
CSR mepc (0x341) -> 0x0000000180001344
x7 <- 0x0000000180001344

clint mtime 0x000000000000027E (mip.MTI <- 0b1, mip.STI <- 0b0)
mem[X,0x0000000080002284] -> 0x0413
mem[X,0x0000000080002286] -> 0x0004
[1276] [M]: 0x0000000080002284 (0x00040413) addi x8, x8, 0x0                        vmem_adj_Mepc+8
x8 <- 0xFFFFFFFFFFFFFFFF

mem[X,0x0000000080002288] -> 0x006F
mem[X,0x000000008000228A] -> 0x0400
[1277] [M]: 0x0000000080002288 (0x0400006F) jal x0, 0x40                            vmem_adj_Mepc+12

clint mtime 0x000000000000027F (mip.MTI <- 0b1, mip.STI <- 0b0)
mem[X,0x00000000800022C8] -> 0x8433
mem[X,0x00000000800022CA] -> 0x4083
[1278] [M]: 0x00000000800022C8 (0x40838433) sub x8, x7, x8                          adj_Mepc+0
x8 <- 0x0000000180001345

mem[X,0x00000000800022CC] -> 0x3823
mem[X,0x00000000800022CE] -> 0x0083
[1279] [M]: 0x00000000800022CC (0x00833823) sd x8, 0x10(x6)                         sv_Mepc+0
mem[W,0x00000000800093A8] <- 0x0000000180001345

clint mtime 0x0000000000000280 (mip.MTI <- 0b1, mip.STI <- 0b0)
mem[X,0x00000000800022D0] -> 0x55B7
mem[X,0x00000000800022D2] -> 0x0000
[1280] [M]: 0x00000000800022D0 (0x000055B7) lui x11, 0x5                            sv_Mepc+4
x11 <- 0x0000000000005000

mem[X,0x00000000800022D4] -> 0x8593
mem[X,0x00000000800022D6] -> 0x6675
[1281] [M]: 0x00000000800022D4 (0x66758593) addi x11, x11, 0x667                    sv_Mepc+8
x11 <- 0x0000000000005667

clint mtime 0x0000000000000281 (mip.MTI <- 0b1, mip.STI <- 0b0)
mem[X,0x00000000800022D8] -> 0x9593
mem[X,0x00000000800022DA] -> 0x0015
[1282] [M]: 0x00000000800022D8 (0x00159593) slli x11, x11, 0x1                      sv_Mepc+12
x11 <- 0x000000000000ACCE

mem[X,0x00000000800022DC] -> 0x9063
mem[X,0x00000000800022DE] -> 0x02B1
[1283] [M]: 0x00000000800022DC (0x02B19063) bne x3, x11, 0x20                       sv_Mepc+16

clint mtime 0x0000000000000282 (mip.MTI <- 0b1, mip.STI <- 0b0)
mem[X,0x00000000800022E0] -> 0x2473
mem[X,0x00000000800022E2] -> 0x3420
[1284] [M]: 0x00000000800022E0 (0x34202473) csrrs x8, mcause, x0                    sv_Mepc+20
CSR mcause (0x342) -> 0x0000000000000002
x8 <- 0x0000000000000002

mem[X,0x00000000800022E4] -> 0x0593
mem[X,0x00000000800022E6] -> 0x00C0
[1285] [M]: 0x00000000800022E4 (0x00C00593) addi x11, x0, 0xc                       sv_Mepc+24
x11 <- 0x000000000000000C

clint mtime 0x0000000000000283 (mip.MTI <- 0b1, mip.STI <- 0b0)
mem[X,0x00000000800022E8] -> 0x0663
mem[X,0x00000000800022EA] -> 0x00B4
[1286] [M]: 0x00000000800022E8 (0x00B40663) beq x8, x11, 0xc                        sv_Mepc+28

mem[X,0x00000000800022EC] -> 0x0593
mem[X,0x00000000800022EE] -> 0x0010
[1287] [M]: 0x00000000800022EC (0x00100593) addi x11, x0, 0x1                       sv_Mepc+32
x11 <- 0x0000000000000001

clint mtime 0x0000000000000284 (mip.MTI <- 0b1, mip.STI <- 0b0)
mem[X,0x00000000800022F0] -> 0x1663
mem[X,0x00000000800022F2] -> 0x00B4
[1288] [M]: 0x00000000800022F0 (0x00B41663) bne x8, x11, 0xc                        sv_Mepc+36

mem[X,0x00000000800022FC] -> 0xF593
mem[X,0x00000000800022FE] -> 0xFFC3
[1289] [M]: 0x00000000800022FC (0xFFC3F593) andi x11, x7, -0x4                      adj_Mepc_rtn+0
x11 <- 0x0000000180001344

clint mtime 0x0000000000000285 (mip.MTI <- 0b1, mip.STI <- 0b0)
mem[X,0x0000000080002300] -> 0x8593
mem[X,0x0000000080002302] -> 0x0085
[1290] [M]: 0x0000000080002300 (0x00858593) addi x11, x11, 0x8                      adj_Mepc_rtn+4
x11 <- 0x000000018000134C

mem[X,0x0000000080002304] -> 0x9073
mem[X,0x0000000080002306] -> 0x3415
[1291] [M]: 0x0000000080002304 (0x34159073) csrrw x0, mepc, x11                     adj_Mepc_rtn+8
CSR mepc (0x341) <- 0x000000018000134C

clint mtime 0x0000000000000286 (mip.MTI <- 0b1, mip.STI <- 0b0)
mem[X,0x0000000080002308] -> 0x23F3
mem[X,0x000000008000230A] -> 0x3430
[1292] [M]: 0x0000000080002308 (0x343023F3) csrrs x7, mtval, x0                     skp_adj_Mepc+0
CSR mtval (0x343) -> 0x00000000341494F3
x7 <- 0x00000000341494F3

mem[X,0x000000008000230C] -> 0x0413
mem[X,0x000000008000230E] -> 0x0004
[1293] [M]: 0x000000008000230C (0x00040413) addi x8, x8, 0x0                        skp_adj_Mepc+4
x8 <- 0x0000000000000002

clint mtime 0x0000000000000287 (mip.MTI <- 0b1, mip.STI <- 0b0)
mem[X,0x0000000080002310] -> 0x006F
mem[X,0x0000000080002312] -> 0x0840
[1294] [M]: 0x0000000080002310 (0x0840006F) jal x0, 0x84                            skp_adj_Mepc+8

mem[X,0x0000000080002394] -> 0x8433
mem[X,0x0000000080002396] -> 0x4083
[1295] [M]: 0x0000000080002394 (0x40838433) sub x8, x7, x8                          adj_Mtval+0
x8 <- 0x00000000341494F1

clint mtime 0x0000000000000288 (mip.MTI <- 0b1, mip.STI <- 0b0)
mem[X,0x0000000080002398] -> 0x3C23
mem[X,0x000000008000239A] -> 0x0083
[1296] [M]: 0x0000000080002398 (0x00833C23) sd x8, 0x18(x6)                         sv_Mtval+0
mem[W,0x00000000800093B0] <- 0x00000000341494F1

mem[X,0x000000008000239C] -> 0x3483
mem[X,0x000000008000239E] -> 0x2181
[1297] [M]: 0x000000008000239C (0x21813483) ld x9, 0x218(x2)                        skp_Mtval+0
mem[R,0x0000000080005218] -> 0x00000000800093B8
x9 <- 0x00000000800093B8

clint mtime 0x0000000000000289 (mip.MTI <- 0b1, mip.STI <- 0b0)
mem[X,0x00000000800023A0] -> 0x3383
mem[X,0x00000000800023A2] -> 0x1F81
[1298] [M]: 0x00000000800023A0 (0x1F813383) ld x7, 0x1f8(x2)                        skp_Mtval+4
mem[R,0x00000000800051F8] -> 0x0000000080009110
x7 <- 0x0000000080009110

mem[X,0x00000000800023A4] -> 0x3303
mem[X,0x00000000800023A6] -> 0x2001
[1299] [M]: 0x00000000800023A4 (0x20013303) ld x6, 0x200(x2)                        skp_Mtval+8
mem[R,0x0000000080005200] -> 0x0000000000000410
x6 <- 0x0000000000000410

clint mtime 0x000000000000028A (mip.MTI <- 0b1, mip.STI <- 0b0)
mem[X,0x00000000800023A8] -> 0x0333
mem[X,0x00000000800023AA] -> 0x0073
[1300] [M]: 0x00000000800023A8 (0x00730333) add x6, x6, x7                          skp_Mtval+12
x6 <- 0x0000000080009520

mem[X,0x00000000800023AC] -> 0x6AE3
mem[X,0x00000000800023AE] -> 0xAE93
[1301] [M]: 0x00000000800023AC (0xAE936AE3) bltu x6, x9, -0x50c                     skp_Mtval+16

clint mtime 0x000000000000028B (mip.MTI <- 0b1, mip.STI <- 0b0)
mem[X,0x00000000800023B0] -> 0x0393
mem[X,0x00000000800023B2] -> 0x2000
[1302] [M]: 0x00000000800023B0 (0x20000393) addi x7, x0, 0x200                      skp_Mtval+20
x7 <- 0x0000000000000200

mem[X,0x00000000800023B4] -> 0x006F
mem[X,0x00000000800023B6] -> 0x0400
[1303] [M]: 0x00000000800023B4 (0x0400006F) jal x0, 0x40                            skp_Mtval+24

clint mtime 0x000000000000028C (mip.MTI <- 0b1, mip.STI <- 0b0)
mem[X,0x00000000800023F4] -> 0x0417
mem[X,0x00000000800023F6] -> 0x0000
[1304] [M]: 0x00000000800023F4 (0x00000417) auipc x8, 0x0                           spcl_Mhandler+0
x8 <- 0x00000000800023F4

mem[X,0x00000000800023F8] -> 0x0413
mem[X,0x00000000800023FA] -> 0x03C4
[1305] [M]: 0x00000000800023F8 (0x03C40413) addi x8, x8, 0x3c                       spcl_Mhandler+4
x8 <- 0x0000000080002430

clint mtime 0x000000000000028D (mip.MTI <- 0b1, mip.STI <- 0b0)
mem[X,0x00000000800023FC] -> 0x0433
mem[X,0x00000000800023FE] -> 0x0074
[1306] [M]: 0x00000000800023FC (0x00740433) add x8, x8, x7                          spcl_Mhandler+8
x8 <- 0x0000000080002630

mem[X,0x0000000080002400] -> 0x1393
mem[X,0x0000000080002402] -> 0x0035
[1307] [M]: 0x0000000080002400 (0x00351393) slli x7, x10, 0x3                       spcl_Mhandler+12
x7 <- 0x0000000000000010

clint mtime 0x000000000000028E (mip.MTI <- 0b1, mip.STI <- 0b0)
mem[X,0x0000000080002404] -> 0x0433
mem[X,0x0000000080002406] -> 0x0074
[1308] [M]: 0x0000000080002404 (0x00740433) add x8, x8, x7                          spcl_Mhandler+16
x8 <- 0x0000000080002640

mem[X,0x0000000080002408] -> 0x7413
mem[X,0x000000008000240A] -> 0xFF84
[1309] [M]: 0x0000000080002408 (0xFF847413) andi x8, x8, -0x8                       spcl_Mhandler+20
x8 <- 0x0000000080002640

clint mtime 0x000000000000028F (mip.MTI <- 0b1, mip.STI <- 0b0)
mem[X,0x000000008000240C] -> 0x3403
mem[X,0x000000008000240E] -> 0x0004
[1310] [M]: 0x000000008000240C (0x00043403) ld x8, 0x0(x8)                          spcl_Mhandler+24
mem[R,0x0000000080002640] -> 0x0000000000000005
x8 <- 0x0000000000000005

mem[X,0x0000000080002410] -> 0x02E3
mem[X,0x0000000080002412] -> 0xB204
[1311] [M]: 0x0000000080002410 (0xB20402E3) beq x8, x0, -0x4dc                      spcl_Mdispatch_hndling+0

clint mtime 0x0000000000000290 (mip.MTI <- 0b1, mip.STI <- 0b0)
mem[X,0x0000000080002414] -> 0x1393
mem[X,0x0000000080002416] -> 0x03F4
[1312] [M]: 0x0000000080002414 (0x03F41393) slli x7, x8, 0x3f                       spcl_Mdispatch_hndling+4
x7 <- 0x8000000000000000

mem[X,0x0000000080002418] -> 0xD863
mem[X,0x000000008000241A] -> 0x0003
[1313] [M]: 0x0000000080002418 (0x0003D863) bge x7, x0, 0x10                        spcl_Mdispatch_hndling+8

clint mtime 0x0000000000000291 (mip.MTI <- 0b1, mip.STI <- 0b0)
mem[X,0x000000008000241C] -> 0x5413
mem[X,0x000000008000241E] -> 0x0014
[1314] [M]: 0x000000008000241C (0x00145413) srli x8, x8, 0x1                        spcl_Mdispatch_hndling+12
x8 <- 0x0000000000000002

mem[X,0x0000000080002420] -> 0x0CE3
mem[X,0x0000000080002422] -> 0xF885
[1315] [M]: 0x0000000080002420 (0xF8850CE3) beq x10, x8, -0x68                      spcl_Mdispatch_hndling+16

clint mtime 0x0000000000000292 (mip.MTI <- 0b1, mip.STI <- 0b0)
mem[X,0x00000000800023B8] -> 0x3303
mem[X,0x00000000800023BA] -> 0x2601
[1316] [M]: 0x00000000800023B8 (0x26013303) ld x6, 0x260(x2)                        resto_Mrtn+0
mem[R,0x0000000080005260] -> 0xFFFFFFFF7FFFEE8C
x6 <- 0xFFFFFFFF7FFFEE8C

mem[X,0x00000000800023BC] -> 0x3383
mem[X,0x00000000800023BE] -> 0x2681
[1317] [M]: 0x00000000800023BC (0x26813383) ld x7, 0x268(x2)                        resto_Mrtn+4
mem[R,0x0000000080005268] -> 0x0000000080005000
x7 <- 0x0000000080005000

clint mtime 0x0000000000000293 (mip.MTI <- 0b1, mip.STI <- 0b0)
mem[X,0x00000000800023C0] -> 0x3403
mem[X,0x00000000800023C2] -> 0x2701
[1318] [M]: 0x00000000800023C0 (0x27013403) ld x8, 0x270(x2)                        resto_Mrtn+8
mem[R,0x0000000080005270] -> 0x0000000000007F76
x8 <- 0x0000000000007F76

mem[X,0x00000000800023C4] -> 0x3483
mem[X,0x00000000800023C6] -> 0x2781
[1319] [M]: 0x00000000800023C4 (0x27813483) ld x9, 0x278(x2)                        resto_Mrtn+12
mem[R,0x0000000080005278] -> 0x00000001000001C8
x9 <- 0x00000001000001C8

clint mtime 0x0000000000000294 (mip.MTI <- 0b1, mip.STI <- 0b0)
mem[X,0x00000000800023C8] -> 0x3503
mem[X,0x00000000800023CA] -> 0x2801
[1320] [M]: 0x00000000800023C8 (0x28013503) ld x10, 0x280(x2)                       resto_Mrtn+16
mem[R,0x0000000080005280] -> 0x00000000200000CF
x10 <- 0x00000000200000CF

mem[X,0x00000000800023CC] -> 0x3583
mem[X,0x00000000800023CE] -> 0x2881
[1321] [M]: 0x00000000800023CC (0x28813583) ld x11, 0x288(x2)                       resto_Mrtn+20
mem[R,0x0000000080005288] -> 0x00000000000000CF
x11 <- 0x00000000000000CF

clint mtime 0x0000000000000295 (mip.MTI <- 0b1, mip.STI <- 0b0)
mem[X,0x00000000800023D0] -> 0x3103
mem[X,0x00000000800023D2] -> 0x2901
[1322] [M]: 0x00000000800023D0 (0x29013103) ld x2, 0x290(x2)                        resto_Mrtn+24
mem[R,0x0000000080005290] -> 0x0000000000000000
x2 <- 0x0000000000000000

mem[X,0x00000000800023D4] -> 0x0073
mem[X,0x00000000800023D6] -> 0x3020
[1323] [M]: 0x00000000800023D4 (0x30200073) mret                                    resto_Mrtn+28
CSR mstatus (0x300) <- 0x0000000A00000080
ret-ing from M to S

clint mtime 0x0000000000000296 (mip.MTI <- 0b1, mip.STI <- 0b0)
PTW: Start, vpn=0x180001, access_type=X, privilege=Smem[R,0x0000000080008030] -> 0x00000000200000CB
PTW: Step, level=2, pte=0x200000CB, pte_addr=0x80008030
PTW: Success, final_ppn=0x80001, level=2mem[X,0x000000008000134C] -> 0x07B7
PTW: Start, vpn=0x180001, access_type=X, privilege=Smem[R,0x0000000080008030] -> 0x00000000200000CB
PTW: Step, level=2, pte=0x200000CB, pte_addr=0x80008030
PTW: Success, final_ppn=0x80001, level=2mem[X,0x000000008000134E] -> 0x0050
[1324] [S]: 0x000000018000134C (0x005007B7) lui x15, 0x500                          va_rvtest_code_begin+1968
x15 <- 0x0000000000500000

PTW: Start, vpn=0x180001, access_type=X, privilege=Smem[R,0x0000000080008030] -> 0x00000000200000CB
PTW: Step, level=2, pte=0x200000CB, pte_addr=0x80008030
PTW: Success, final_ppn=0x80001, level=2mem[X,0x0000000080001350] -> 0x8793
PTW: Start, vpn=0x180001, access_type=X, privilege=Smem[R,0x0000000080008030] -> 0x00000000200000CB
PTW: Step, level=2, pte=0x200000CB, pte_addr=0x80008030
PTW: Success, final_ppn=0x80001, level=2mem[X,0x0000000080001352] -> 0x0017
[1325] [S]: 0x0000000180001350 (0x00178793) addi x15, x15, 0x1                      va_rvtest_code_begin+1972
x15 <- 0x0000000000500001

clint mtime 0x0000000000000297 (mip.MTI <- 0b1, mip.STI <- 0b0)
PTW: Start, vpn=0x180001, access_type=X, privilege=Smem[R,0x0000000080008030] -> 0x00000000200000CB
PTW: Step, level=2, pte=0x200000CB, pte_addr=0x80008030
PTW: Success, final_ppn=0x80001, level=2mem[X,0x0000000080001354] -> 0x9793
PTW: Start, vpn=0x180001, access_type=X, privilege=Smem[R,0x0000000080008030] -> 0x00000000200000CB
PTW: Step, level=2, pte=0x200000CB, pte_addr=0x80008030
PTW: Success, final_ppn=0x80001, level=2mem[X,0x0000000080001356] -> 0x00A7
[1326] [S]: 0x0000000180001354 (0x00A79793) slli x15, x15, 0xa                      va_rvtest_code_begin+1976
x15 <- 0x0000000140000400

PTW: Start, vpn=0x180001, access_type=X, privilege=Smem[R,0x0000000080008030] -> 0x00000000200000CB
PTW: Step, level=2, pte=0x200000CB, pte_addr=0x80008030
PTW: Success, final_ppn=0x80001, level=2mem[X,0x0000000080001358] -> 0x0613
PTW: Start, vpn=0x180001, access_type=X, privilege=Smem[R,0x0000000080008030] -> 0x00000000200000CB
PTW: Step, level=2, pte=0x200000CB, pte_addr=0x80008030
PTW: Success, final_ppn=0x80001, level=2mem[X,0x000000008000135A] -> 0x0106
[1327] [S]: 0x0000000180001358 (0x01060613) addi x12, x12, 0x10                     va_rvtest_code_begin+1980
x12 <- 0x0000000000000030

clint mtime 0x0000000000000298 (mip.MTI <- 0b1, mip.STI <- 0b0)
PTW: Start, vpn=0x180001, access_type=X, privilege=Smem[R,0x0000000080008030] -> 0x00000000200000CB
PTW: Step, level=2, pte=0x200000CB, pte_addr=0x80008030
PTW: Success, final_ppn=0x80001, level=2mem[X,0x000000008000135C] -> 0xAA23
PTW: Start, vpn=0x180001, access_type=X, privilege=Smem[R,0x0000000080008030] -> 0x00000000200000CB
PTW: Step, level=2, pte=0x200000CB, pte_addr=0x80008030
PTW: Success, final_ppn=0x80001, level=2mem[X,0x000000008000135E] -> 0x00C7
[1328] [S]: 0x000000018000135C (0x00C7AA23) sw x12, 0x14(x15)                       va_rvtest_code_begin+1984
PTW: Start, vpn=0x140000, access_type=W, privilege=Smem[R,0x0000000080008028] -> 0x0000000020001C01
PTW: Step, level=2, pte=0x20001C01, pte_addr=0x80008028
PTW: Start, vpn=0x140000, access_type=W, privilege=Smem[R,0x0000000080007000] -> 0x0000000020001801
PTW: Step, level=1, pte=0x20001801, pte_addr=0x80007000
PTW: Start, vpn=0x140000, access_type=W, privilege=Smem[R,0x0000000080006000] -> 0x00000000200000CF
PTW: Step, level=0, pte=0x200000CF, pte_addr=0x80006000
PTW: Success, final_ppn=0x80000, level=0trapping from S to M to handle store/amo-access-fault
handling exc#store/amo-access-fault at priv M with tval 0x0000000140000414
CSR mstatus (0x300) <- 0x0000000A00000800
CSR mcause (0x342) <- 0x0000000000000007
CSR mtval (0x343) <- 0x0000000140000414
CSR mepc (0x341) <- 0x000000018000135C

mem[X,0x0000000080001F80] -> 0x006F
mem[X,0x0000000080001F82] -> 0x1000
[1329] [M]: 0x0000000080001F80 (0x1000006F) jal x0, 0x100                           Mtrampoline+0

clint mtime 0x0000000000000299 (mip.MTI <- 0b1, mip.STI <- 0b0)
mem[X,0x0000000080002080] -> 0x1173
mem[X,0x0000000080002082] -> 0x3401
[1330] [M]: 0x0000000080002080 (0x34011173) csrrw x2, mscratch, x2                  trap_Mhandler+0
CSR mscratch (0x340) <- 0x0000000000000000
x2 <- 0x0000000080005000

mem[X,0x0000000080002084] -> 0x3423
mem[X,0x0000000080002086] -> 0x28B1
[1331] [M]: 0x0000000080002084 (0x28B13423) sd x11, 0x288(x2)                       trap_Mhandler+4
mem[W,0x0000000080005288] <- 0x00000000000000CF

clint mtime 0x000000000000029A (mip.MTI <- 0b1, mip.STI <- 0b0)
mem[X,0x0000000080002088] -> 0x05EF
mem[X,0x000000008000208A] -> 0x0B80
[1332] [M]: 0x0000000080002088 (0x0B8005EF) jal x11, 0xb8                           trap_Mhandler+8
x11 <- 0x000000008000208C

mem[X,0x0000000080002140] -> 0x3023
mem[X,0x0000000080002142] -> 0x28A1
[1333] [M]: 0x0000000080002140 (0x28A13023) sd x10, 0x280(x2)                       common_Mhandler+0
mem[W,0x0000000080005280] <- 0x00000000200000CF

clint mtime 0x000000000000029B (mip.MTI <- 0b1, mip.STI <- 0b0)
mem[X,0x0000000080002144] -> 0x1573
mem[X,0x0000000080002146] -> 0x3401
[1334] [M]: 0x0000000080002144 (0x34011573) csrrw x10, mscratch, x2                 common_Mhandler+4
CSR mscratch (0x340) <- 0x0000000080005000
x10 <- 0x0000000000000000

mem[X,0x0000000080002148] -> 0x3823
mem[X,0x000000008000214A] -> 0x28A1
[1335] [M]: 0x0000000080002148 (0x28A13823) sd x10, 0x290(x2)                       common_Mhandler+8
mem[W,0x0000000080005290] <- 0x0000000000000000

clint mtime 0x000000000000029C (mip.MTI <- 0b1, mip.STI <- 0b0)
mem[X,0x000000008000214C] -> 0x3503
mem[X,0x000000008000214E] -> 0x2301
[1336] [M]: 0x000000008000214C (0x23013503) ld x10, 0x230(x2)                       common_Mhandler+12
mem[R,0x0000000080005230] -> 0x0000000080002154
x10 <- 0x0000000080002154

mem[X,0x0000000080002150] -> 0x0067
mem[X,0x0000000080002152] -> 0x0005
[1337] [M]: 0x0000000080002150 (0x00050067) jalr x0, 0x0(x10)                       common_Mhandler+16

clint mtime 0x000000000000029D (mip.MTI <- 0b1, mip.STI <- 0b0)
mem[X,0x0000000080002154] -> 0x3C23
mem[X,0x0000000080002156] -> 0x2691
[1338] [M]: 0x0000000080002154 (0x26913C23) sd x9, 0x278(x2)                        common_Mentry+0
mem[W,0x0000000080005278] <- 0x00000001000001C8

mem[X,0x0000000080002158] -> 0x3823
mem[X,0x000000008000215A] -> 0x2681
[1339] [M]: 0x0000000080002158 (0x26813823) sd x8, 0x270(x2)                        common_Mentry+4
mem[W,0x0000000080005270] <- 0x0000000000007F76

clint mtime 0x000000000000029E (mip.MTI <- 0b1, mip.STI <- 0b0)
mem[X,0x000000008000215C] -> 0x3423
mem[X,0x000000008000215E] -> 0x2671
[1340] [M]: 0x000000008000215C (0x26713423) sd x7, 0x268(x2)                        common_Mentry+8
mem[W,0x0000000080005268] <- 0x0000000080005000

mem[X,0x0000000080002160] -> 0x3023
mem[X,0x0000000080002162] -> 0x2661
[1341] [M]: 0x0000000080002160 (0x26613023) sd x6, 0x260(x2)                        common_Mentry+12
mem[W,0x0000000080005260] <- 0xFFFFFFFF7FFFEE8C

clint mtime 0x000000000000029F (mip.MTI <- 0b1, mip.STI <- 0b0)
mem[X,0x0000000080002164] -> 0x2573
mem[X,0x0000000080002166] -> 0x3420
[1342] [M]: 0x0000000080002164 (0x34202573) csrrs x10, mcause, x0                   spcl_M2mmode_test+0
CSR mcause (0x342) -> 0x0000000000000007
x10 <- 0x0000000000000007

mem[X,0x0000000080002168] -> 0x04B7
mem[X,0x000000008000216A] -> 0x8000
[1343] [M]: 0x0000000080002168 (0x800004B7) lui x9, -0x80000                        spcl_M2mmode_test+4
x9 <- 0xFFFFFFFF80000000

clint mtime 0x00000000000002A0 (mip.MTI <- 0b1, mip.STI <- 0b0)
mem[X,0x000000008000216C] -> 0x8493
mem[X,0x000000008000216E] -> 0x0004
[1344] [M]: 0x000000008000216C (0x00048493) addi x9, x9, 0x0                        spcl_M2mmode_test+8
x9 <- 0xFFFFFFFF80000000

mem[X,0x0000000080002170] -> 0x9493
mem[X,0x0000000080002172] -> 0x00B4
[1345] [M]: 0x0000000080002170 (0x00B49493) slli x9, x9, 0xb                        spcl_M2mmode_test+12
x9 <- 0xFFFFFC0000000000

clint mtime 0x00000000000002A1 (mip.MTI <- 0b1, mip.STI <- 0b0)
mem[X,0x0000000080002174] -> 0x8493
mem[X,0x0000000080002176] -> 0x0004
[1346] [M]: 0x0000000080002174 (0x00048493) addi x9, x9, 0x0                        spcl_M2mmode_test+16
x9 <- 0xFFFFFC0000000000

mem[X,0x0000000080002178] -> 0x9493
mem[X,0x000000008000217A] -> 0x00B4
[1347] [M]: 0x0000000080002178 (0x00B49493) slli x9, x9, 0xb                        spcl_M2mmode_test+20
x9 <- 0xFFE0000000000000

clint mtime 0x00000000000002A2 (mip.MTI <- 0b1, mip.STI <- 0b0)
mem[X,0x000000008000217C] -> 0x8493
mem[X,0x000000008000217E] -> 0x0034
[1348] [M]: 0x000000008000217C (0x00348493) addi x9, x9, 0x3                        spcl_M2mmode_test+24
x9 <- 0xFFE0000000000003

mem[X,0x0000000080002180] -> 0x9493
mem[X,0x0000000080002182] -> 0x00A4
[1349] [M]: 0x0000000080002180 (0x00A49493) slli x9, x9, 0xa                        spcl_M2mmode_test+28
x9 <- 0x8000000000000C00

clint mtime 0x00000000000002A3 (mip.MTI <- 0b1, mip.STI <- 0b0)
mem[X,0x0000000080002184] -> 0x8493
mem[X,0x0000000080002186] -> 0x3FC4
[1350] [M]: 0x0000000080002184 (0x3FC48493) addi x9, x9, 0x3fc                      spcl_M2mmode_test+32
x9 <- 0x8000000000000FFC

mem[X,0x0000000080002188] -> 0xF4B3
mem[X,0x000000008000218A] -> 0x00A4
[1351] [M]: 0x0000000080002188 (0x00A4F4B3) and x9, x9, x10                         spcl_M2mmode_test+36
x9 <- 0x0000000000000004

clint mtime 0x00000000000002A4 (mip.MTI <- 0b1, mip.STI <- 0b0)
mem[X,0x000000008000218C] -> 0x8493
mem[X,0x000000008000218E] -> 0xFF84
[1352] [M]: 0x000000008000218C (0xFF848493) addi x9, x9, -0x8                       spcl_M2mmode_test+40
x9 <- 0xFFFFFFFFFFFFFFFC

mem[X,0x0000000080002190] -> 0x9663
mem[X,0x0000000080002192] -> 0x0004
[1353] [M]: 0x0000000080002190 (0x00049663) bne x9, x0, 0xc                         spcl_M2mmode_test+44

clint mtime 0x00000000000002A5 (mip.MTI <- 0b1, mip.STI <- 0b0)
mem[X,0x000000008000219C] -> 0x0393
mem[X,0x000000008000219E] -> 0x0200
[1354] [M]: 0x000000008000219C (0x02000393) addi x7, x0, 0x20                       Mtrapsig_ptr_upd+0
x7 <- 0x0000000000000020

mem[X,0x00000000800021A0] -> 0x5263
mem[X,0x00000000800021A2] -> 0x0405
[1355] [M]: 0x00000000800021A0 (0x04055263) bge x10, x0, 0x44                       Mtrapsig_ptr_upd+4

clint mtime 0x00000000000002A6 (mip.MTI <- 0b1, mip.STI <- 0b0)
mem[X,0x00000000800021E4] -> 0x2373
mem[X,0x00000000800021E6] -> 0x3010
[1356] [M]: 0x00000000800021E4 (0x30102373) csrrs x6, misa, x0                      Mxcpt_sig_sv+0
CSR misa (0x301) -> 0x800000000034112F
x6 <- 0x800000000034112F

mem[X,0x00000000800021E8] -> 0x1313
mem[X,0x00000000800021EA] -> 0x0383
[1357] [M]: 0x00000000800021E8 (0x03831313) slli x6, x6, 0x38                       Mxcpt_sig_sv+4
x6 <- 0x2F00000000000000

clint mtime 0x00000000000002A7 (mip.MTI <- 0b1, mip.STI <- 0b0)
mem[X,0x00000000800021EC] -> 0x5463
mem[X,0x00000000800021EE] -> 0x0003
[1358] [M]: 0x00000000800021EC (0x00035463) bge x6, x0, 0x8                         Mxcpt_sig_sv+8

mem[X,0x00000000800021F4] -> 0x3303
mem[X,0x00000000800021F6] -> 0x2181
[1359] [M]: 0x00000000800021F4 (0x21813303) ld x6, 0x218(x2)                        Mtrap_sig_sv+0
mem[R,0x0000000080005218] -> 0x00000000800093B8
x6 <- 0x00000000800093B8

clint mtime 0x00000000000002A8 (mip.MTI <- 0b1, mip.STI <- 0b0)
mem[X,0x00000000800021F8] -> 0x04B3
mem[X,0x00000000800021FA] -> 0x0073
[1360] [M]: 0x00000000800021F8 (0x007304B3) add x9, x6, x7                          Mtrap_sig_sv+4
x9 <- 0x00000000800093D8

mem[X,0x00000000800021FC] -> 0x3C23
mem[X,0x00000000800021FE] -> 0x2091
[1361] [M]: 0x00000000800021FC (0x20913C23) sd x9, 0x218(x2)                        Mtrap_sig_sv+8
mem[W,0x0000000080005218] <- 0x00000000800093D8

clint mtime 0x00000000000002A9 (mip.MTI <- 0b1, mip.STI <- 0b0)
mem[X,0x0000000080002200] -> 0x3403
mem[X,0x0000000080002202] -> 0x1F81
[1362] [M]: 0x0000000080002200 (0x1F813403) ld x8, 0x1f8(x2)                        Mtrap_sig_sv+12
mem[R,0x00000000800051F8] -> 0x0000000080009110
x8 <- 0x0000000080009110

mem[X,0x0000000080002204] -> 0x0333
mem[X,0x0000000080002206] -> 0x4083
[1363] [M]: 0x0000000080002204 (0x40830333) sub x6, x6, x8                          Mtrap_sig_sv+16
x6 <- 0x00000000000002A8

clint mtime 0x00000000000002AA (mip.MTI <- 0b1, mip.STI <- 0b0)
mem[X,0x0000000080002208] -> 0x3403
mem[X,0x000000008000220A] -> 0x1F81
[1364] [M]: 0x0000000080002208 (0x1F813403) ld x8, 0x1f8(x2)                        Mtrap_sig_sv+20
mem[R,0x00000000800051F8] -> 0x0000000080009110
x8 <- 0x0000000080009110

mem[X,0x000000008000220C] -> 0x0333
mem[X,0x000000008000220E] -> 0x0083
[1365] [M]: 0x000000008000220C (0x00830333) add x6, x6, x8                          Mtrap_sig_sv+24
x6 <- 0x00000000800093B8

clint mtime 0x00000000000002AB (mip.MTI <- 0b1, mip.STI <- 0b0)
mem[X,0x0000000080002210] -> 0x3403
mem[X,0x0000000080002212] -> 0x2401
[1366] [M]: 0x0000000080002210 (0x24013403) ld x8, 0x240(x2)                        Mtrap_sig_sv+28
mem[R,0x0000000080005240] -> 0x0000000080001F80
x8 <- 0x0000000080001F80

mem[X,0x0000000080002214] -> 0x85B3
mem[X,0x0000000080002216] -> 0x4085
[1367] [M]: 0x0000000080002214 (0x408585B3) sub x11, x11, x8                        sv_Mvect+0
x11 <- 0x000000000000010C

clint mtime 0x00000000000002AC (mip.MTI <- 0b1, mip.STI <- 0b0)
mem[X,0x0000000080002218] -> 0x9593
mem[X,0x000000008000221A] -> 0x0045
[1368] [M]: 0x0000000080002218 (0x00459593) slli x11, x11, 0x4                      sv_Mvect+4
x11 <- 0x00000000000010C0

mem[X,0x000000008000221C] -> 0xE5B3
mem[X,0x000000008000221E] -> 0x0075
[1369] [M]: 0x000000008000221C (0x0075E5B3) or x11, x11, x7                         sv_Mvect+8
x11 <- 0x00000000000010E0

clint mtime 0x00000000000002AD (mip.MTI <- 0b1, mip.STI <- 0b0)
mem[X,0x0000000080002220] -> 0x8593
mem[X,0x0000000080002222] -> 0x0035
[1370] [M]: 0x0000000080002220 (0x00358593) addi x11, x11, 0x3                      sv_Mvect+12
x11 <- 0x00000000000010E3

mem[X,0x0000000080002224] -> 0x3023
mem[X,0x0000000080002226] -> 0x00B3
[1371] [M]: 0x0000000080002224 (0x00B33023) sd x11, 0x0(x6)                         sv_Mvect+16
mem[W,0x00000000800093B8] <- 0x00000000000010E3

clint mtime 0x00000000000002AE (mip.MTI <- 0b1, mip.STI <- 0b0)
mem[X,0x0000000080002228] -> 0x3423
mem[X,0x000000008000222A] -> 0x00A3
[1372] [M]: 0x0000000080002228 (0x00A33423) sd x10, 0x8(x6)                         sv_Mcause+0
mem[W,0x00000000800093C0] <- 0x0000000000000007

mem[X,0x000000008000222C] -> 0x4663
mem[X,0x000000008000222E] -> 0x1A05
[1373] [M]: 0x000000008000222C (0x1A054663) blt x10, x0, 0x1ac                      sv_Mcause+4

clint mtime 0x00000000000002AF (mip.MTI <- 0b1, mip.STI <- 0b0)
mem[X,0x0000000080002230] -> 0x25F3
mem[X,0x0000000080002232] -> 0x3000
[1374] [M]: 0x0000000080002230 (0x300025F3) csrrs x11, mstatus, x0                  common_Mexcpt_handler+0
CSR mstatus (0x300) -> 0x0000000A00000800
x11 <- 0x0000000A00000800

mem[X,0x0000000080002234] -> 0x9413
mem[X,0x0000000080002236] -> 0x02E5
[1375] [M]: 0x0000000080002234 (0x02E59413) slli x8, x11, 0x2e                      common_Mexcpt_handler+4
x8 <- 0x0200000000000000

clint mtime 0x00000000000002B0 (mip.MTI <- 0b1, mip.STI <- 0b0)
mem[X,0x0000000080002238] -> 0x5463
mem[X,0x000000008000223A] -> 0x0004
[1376] [M]: 0x0000000080002238 (0x00045463) bge x8, x0, 0x8                         common_Mexcpt_handler+8

mem[X,0x0000000080002240] -> 0xD493
mem[X,0x0000000080002242] -> 0x00B5
[1377] [M]: 0x0000000080002240 (0x00B5D493) srli x9, x11, 0xb                       common_Mexcpt_handler+16
x9 <- 0x0000000001400001

clint mtime 0x00000000000002B1 (mip.MTI <- 0b1, mip.STI <- 0b0)
mem[X,0x0000000080002244] -> 0xF493
mem[X,0x0000000080002246] -> 0x0034
[1378] [M]: 0x0000000080002244 (0x0034F493) andi x9, x9, 0x3                        common_Mexcpt_handler+20
x9 <- 0x0000000000000001

mem[X,0x0000000080002248] -> 0x8493
mem[X,0x000000008000224A] -> 0x0014
[1379] [M]: 0x0000000080002248 (0x00148493) addi x9, x9, 0x1                        common_Mexcpt_handler+24
x9 <- 0x0000000000000002

clint mtime 0x00000000000002B2 (mip.MTI <- 0b1, mip.STI <- 0b0)
mem[X,0x000000008000224C] -> 0xF493
mem[X,0x000000008000224E] -> 0x0044
[1380] [M]: 0x000000008000224C (0x0044F493) andi x9, x9, 0x4                        common_Mexcpt_handler+28
x9 <- 0x0000000000000000

mem[X,0x0000000080002250] -> 0x0593
mem[X,0x0000000080002252] -> 0x05D0
[1381] [M]: 0x0000000080002250 (0x05D00593) addi x11, x0, 0x5d                      common_Mexcpt_handler+32
x11 <- 0x000000000000005D

clint mtime 0x00000000000002B3 (mip.MTI <- 0b1, mip.STI <- 0b0)
mem[X,0x0000000080002254] -> 0xD5B3
mem[X,0x0000000080002256] -> 0x0095
[1382] [M]: 0x0000000080002254 (0x0095D5B3) srl x11, x11, x9                        common_Mexcpt_handler+36
x11 <- 0x000000000000005D

mem[X,0x0000000080002258] -> 0xF593
mem[X,0x000000008000225A] -> 0x0015
[1383] [M]: 0x0000000080002258 (0x0015F593) andi x11, x11, 0x1                      common_Mexcpt_handler+40
x11 <- 0x0000000000000001

clint mtime 0x00000000000002B4 (mip.MTI <- 0b1, mip.STI <- 0b0)
mem[X,0x000000008000225C] -> 0x8EE3
mem[X,0x000000008000225E] -> 0xF405
[1384] [M]: 0x000000008000225C (0xF4058EE3) beq x11, x0, -0xa4                      common_Mexcpt_handler+44

mem[X,0x0000000080002260] -> 0x0593
mem[X,0x0000000080002262] -> 0x2980
[1385] [M]: 0x0000000080002260 (0x29800593) addi x11, x0, 0x298                     common_Mexcpt_handler+48
x11 <- 0x0000000000000298

clint mtime 0x00000000000002B5 (mip.MTI <- 0b1, mip.STI <- 0b0)
mem[X,0x0000000080002264] -> 0xF413
mem[X,0x0000000080002266] -> 0x0014
[1386] [M]: 0x0000000080002264 (0x0014F413) andi x8, x9, 0x1                        common_Mexcpt_handler+52
x8 <- 0x0000000000000000

mem[X,0x0000000080002268] -> 0x95B3
mem[X,0x000000008000226A] -> 0x0085
[1387] [M]: 0x0000000080002268 (0x008595B3) sll x11, x11, x8                        common_Mexcpt_handler+56
x11 <- 0x0000000000000298

clint mtime 0x00000000000002B6 (mip.MTI <- 0b1, mip.STI <- 0b0)
mem[X,0x000000008000226C] -> 0x9413
mem[X,0x000000008000226E] -> 0x03D4
[1388] [M]: 0x000000008000226C (0x03D49413) slli x8, x9, 0x3d                       common_Mexcpt_handler+60
x8 <- 0x0000000000000000

mem[X,0x0000000080002270] -> 0x5413
mem[X,0x0000000080002272] -> 0x43F4
[1389] [M]: 0x0000000080002270 (0x43F45413) srai x8, x8, 0x3f                       common_Mexcpt_handler+64
x8 <- 0x0000000000000000

clint mtime 0x00000000000002B7 (mip.MTI <- 0b1, mip.STI <- 0b0)
mem[X,0x0000000080002274] -> 0x4413
mem[X,0x0000000080002276] -> 0xFFF4
[1390] [M]: 0x0000000080002274 (0xFFF44413) xori x8, x8, -0x1                       common_Mexcpt_handler+68
x8 <- 0xFFFFFFFFFFFFFFFF

mem[X,0x0000000080002278] -> 0xF4B3
mem[X,0x000000008000227A] -> 0x0085
[1391] [M]: 0x0000000080002278 (0x0085F4B3) and x9, x11, x8                         common_Mexcpt_handler+72
x9 <- 0x0000000000000298

clint mtime 0x00000000000002B8 (mip.MTI <- 0b1, mip.STI <- 0b0)
mem[X,0x000000008000227C] -> 0x84B3
mem[X,0x000000008000227E] -> 0x0024
[1392] [M]: 0x000000008000227C (0x002484B3) add x9, x9, x2                          vmem_adj_Mepc+0
x9 <- 0x0000000080005298

mem[X,0x0000000080002280] -> 0x23F3
mem[X,0x0000000080002282] -> 0x3410
[1393] [M]: 0x0000000080002280 (0x341023F3) csrrs x7, mepc, x0                      vmem_adj_Mepc+4
CSR mepc (0x341) -> 0x000000018000135C
x7 <- 0x000000018000135C

clint mtime 0x00000000000002B9 (mip.MTI <- 0b1, mip.STI <- 0b0)
mem[X,0x0000000080002284] -> 0x0413
mem[X,0x0000000080002286] -> 0x0004
[1394] [M]: 0x0000000080002284 (0x00040413) addi x8, x8, 0x0                        vmem_adj_Mepc+8
x8 <- 0xFFFFFFFFFFFFFFFF

mem[X,0x0000000080002288] -> 0x006F
mem[X,0x000000008000228A] -> 0x0400
[1395] [M]: 0x0000000080002288 (0x0400006F) jal x0, 0x40                            vmem_adj_Mepc+12

clint mtime 0x00000000000002BA (mip.MTI <- 0b1, mip.STI <- 0b0)
mem[X,0x00000000800022C8] -> 0x8433
mem[X,0x00000000800022CA] -> 0x4083
[1396] [M]: 0x00000000800022C8 (0x40838433) sub x8, x7, x8                          adj_Mepc+0
x8 <- 0x000000018000135D

mem[X,0x00000000800022CC] -> 0x3823
mem[X,0x00000000800022CE] -> 0x0083
[1397] [M]: 0x00000000800022CC (0x00833823) sd x8, 0x10(x6)                         sv_Mepc+0
mem[W,0x00000000800093C8] <- 0x000000018000135D

clint mtime 0x00000000000002BB (mip.MTI <- 0b1, mip.STI <- 0b0)
mem[X,0x00000000800022D0] -> 0x55B7
mem[X,0x00000000800022D2] -> 0x0000
[1398] [M]: 0x00000000800022D0 (0x000055B7) lui x11, 0x5                            sv_Mepc+4
x11 <- 0x0000000000005000

mem[X,0x00000000800022D4] -> 0x8593
mem[X,0x00000000800022D6] -> 0x6675
[1399] [M]: 0x00000000800022D4 (0x66758593) addi x11, x11, 0x667                    sv_Mepc+8
x11 <- 0x0000000000005667

clint mtime 0x00000000000002BC (mip.MTI <- 0b1, mip.STI <- 0b0)
mem[X,0x00000000800022D8] -> 0x9593
mem[X,0x00000000800022DA] -> 0x0015
[1400] [M]: 0x00000000800022D8 (0x00159593) slli x11, x11, 0x1                      sv_Mepc+12
x11 <- 0x000000000000ACCE

mem[X,0x00000000800022DC] -> 0x9063
mem[X,0x00000000800022DE] -> 0x02B1
[1401] [M]: 0x00000000800022DC (0x02B19063) bne x3, x11, 0x20                       sv_Mepc+16

clint mtime 0x00000000000002BD (mip.MTI <- 0b1, mip.STI <- 0b0)
mem[X,0x00000000800022E0] -> 0x2473
mem[X,0x00000000800022E2] -> 0x3420
[1402] [M]: 0x00000000800022E0 (0x34202473) csrrs x8, mcause, x0                    sv_Mepc+20
CSR mcause (0x342) -> 0x0000000000000007
x8 <- 0x0000000000000007

mem[X,0x00000000800022E4] -> 0x0593
mem[X,0x00000000800022E6] -> 0x00C0
[1403] [M]: 0x00000000800022E4 (0x00C00593) addi x11, x0, 0xc                       sv_Mepc+24
x11 <- 0x000000000000000C

clint mtime 0x00000000000002BE (mip.MTI <- 0b1, mip.STI <- 0b0)
mem[X,0x00000000800022E8] -> 0x0663
mem[X,0x00000000800022EA] -> 0x00B4
[1404] [M]: 0x00000000800022E8 (0x00B40663) beq x8, x11, 0xc                        sv_Mepc+28

mem[X,0x00000000800022EC] -> 0x0593
mem[X,0x00000000800022EE] -> 0x0010
[1405] [M]: 0x00000000800022EC (0x00100593) addi x11, x0, 0x1                       sv_Mepc+32
x11 <- 0x0000000000000001

clint mtime 0x00000000000002BF (mip.MTI <- 0b1, mip.STI <- 0b0)
mem[X,0x00000000800022F0] -> 0x1663
mem[X,0x00000000800022F2] -> 0x00B4
[1406] [M]: 0x00000000800022F0 (0x00B41663) bne x8, x11, 0xc                        sv_Mepc+36

mem[X,0x00000000800022FC] -> 0xF593
mem[X,0x00000000800022FE] -> 0xFFC3
[1407] [M]: 0x00000000800022FC (0xFFC3F593) andi x11, x7, -0x4                      adj_Mepc_rtn+0
x11 <- 0x000000018000135C

clint mtime 0x00000000000002C0 (mip.MTI <- 0b1, mip.STI <- 0b0)
mem[X,0x0000000080002300] -> 0x8593
mem[X,0x0000000080002302] -> 0x0085
[1408] [M]: 0x0000000080002300 (0x00858593) addi x11, x11, 0x8                      adj_Mepc_rtn+4
x11 <- 0x0000000180001364

mem[X,0x0000000080002304] -> 0x9073
mem[X,0x0000000080002306] -> 0x3415
[1409] [M]: 0x0000000080002304 (0x34159073) csrrw x0, mepc, x11                     adj_Mepc_rtn+8
CSR mepc (0x341) <- 0x0000000180001364

clint mtime 0x00000000000002C1 (mip.MTI <- 0b1, mip.STI <- 0b0)
mem[X,0x0000000080002308] -> 0x23F3
mem[X,0x000000008000230A] -> 0x3430
[1410] [M]: 0x0000000080002308 (0x343023F3) csrrs x7, mtval, x0                     skp_adj_Mepc+0
CSR mtval (0x343) -> 0x0000000140000414
x7 <- 0x0000000140000414

mem[X,0x000000008000230C] -> 0x0413
mem[X,0x000000008000230E] -> 0x0004
[1411] [M]: 0x000000008000230C (0x00040413) addi x8, x8, 0x0                        skp_adj_Mepc+4
x8 <- 0x0000000000000007

clint mtime 0x00000000000002C2 (mip.MTI <- 0b1, mip.STI <- 0b0)
mem[X,0x0000000080002310] -> 0x006F
mem[X,0x0000000080002312] -> 0x0840
[1412] [M]: 0x0000000080002310 (0x0840006F) jal x0, 0x84                            skp_adj_Mepc+8

mem[X,0x0000000080002394] -> 0x8433
mem[X,0x0000000080002396] -> 0x4083
[1413] [M]: 0x0000000080002394 (0x40838433) sub x8, x7, x8                          adj_Mtval+0
x8 <- 0x000000014000040D

clint mtime 0x00000000000002C3 (mip.MTI <- 0b1, mip.STI <- 0b0)
mem[X,0x0000000080002398] -> 0x3C23
mem[X,0x000000008000239A] -> 0x0083
[1414] [M]: 0x0000000080002398 (0x00833C23) sd x8, 0x18(x6)                         sv_Mtval+0
mem[W,0x00000000800093D0] <- 0x000000014000040D

mem[X,0x000000008000239C] -> 0x3483
mem[X,0x000000008000239E] -> 0x2181
[1415] [M]: 0x000000008000239C (0x21813483) ld x9, 0x218(x2)                        skp_Mtval+0
mem[R,0x0000000080005218] -> 0x00000000800093D8
x9 <- 0x00000000800093D8

clint mtime 0x00000000000002C4 (mip.MTI <- 0b1, mip.STI <- 0b0)
mem[X,0x00000000800023A0] -> 0x3383
mem[X,0x00000000800023A2] -> 0x1F81
[1416] [M]: 0x00000000800023A0 (0x1F813383) ld x7, 0x1f8(x2)                        skp_Mtval+4
mem[R,0x00000000800051F8] -> 0x0000000080009110
x7 <- 0x0000000080009110

mem[X,0x00000000800023A4] -> 0x3303
mem[X,0x00000000800023A6] -> 0x2001
[1417] [M]: 0x00000000800023A4 (0x20013303) ld x6, 0x200(x2)                        skp_Mtval+8
mem[R,0x0000000080005200] -> 0x0000000000000410
x6 <- 0x0000000000000410

clint mtime 0x00000000000002C5 (mip.MTI <- 0b1, mip.STI <- 0b0)
mem[X,0x00000000800023A8] -> 0x0333
mem[X,0x00000000800023AA] -> 0x0073
[1418] [M]: 0x00000000800023A8 (0x00730333) add x6, x6, x7                          skp_Mtval+12
x6 <- 0x0000000080009520

mem[X,0x00000000800023AC] -> 0x6AE3
mem[X,0x00000000800023AE] -> 0xAE93
[1419] [M]: 0x00000000800023AC (0xAE936AE3) bltu x6, x9, -0x50c                     skp_Mtval+16

clint mtime 0x00000000000002C6 (mip.MTI <- 0b1, mip.STI <- 0b0)
mem[X,0x00000000800023B0] -> 0x0393
mem[X,0x00000000800023B2] -> 0x2000
[1420] [M]: 0x00000000800023B0 (0x20000393) addi x7, x0, 0x200                      skp_Mtval+20
x7 <- 0x0000000000000200

mem[X,0x00000000800023B4] -> 0x006F
mem[X,0x00000000800023B6] -> 0x0400
[1421] [M]: 0x00000000800023B4 (0x0400006F) jal x0, 0x40                            skp_Mtval+24

clint mtime 0x00000000000002C7 (mip.MTI <- 0b1, mip.STI <- 0b0)
mem[X,0x00000000800023F4] -> 0x0417
mem[X,0x00000000800023F6] -> 0x0000
[1422] [M]: 0x00000000800023F4 (0x00000417) auipc x8, 0x0                           spcl_Mhandler+0
x8 <- 0x00000000800023F4

mem[X,0x00000000800023F8] -> 0x0413
mem[X,0x00000000800023FA] -> 0x03C4
[1423] [M]: 0x00000000800023F8 (0x03C40413) addi x8, x8, 0x3c                       spcl_Mhandler+4
x8 <- 0x0000000080002430

clint mtime 0x00000000000002C8 (mip.MTI <- 0b1, mip.STI <- 0b0)
mem[X,0x00000000800023FC] -> 0x0433
mem[X,0x00000000800023FE] -> 0x0074
[1424] [M]: 0x00000000800023FC (0x00740433) add x8, x8, x7                          spcl_Mhandler+8
x8 <- 0x0000000080002630

mem[X,0x0000000080002400] -> 0x1393
mem[X,0x0000000080002402] -> 0x0035
[1425] [M]: 0x0000000080002400 (0x00351393) slli x7, x10, 0x3                       spcl_Mhandler+12
x7 <- 0x0000000000000038

clint mtime 0x00000000000002C9 (mip.MTI <- 0b1, mip.STI <- 0b0)
mem[X,0x0000000080002404] -> 0x0433
mem[X,0x0000000080002406] -> 0x0074
[1426] [M]: 0x0000000080002404 (0x00740433) add x8, x8, x7                          spcl_Mhandler+16
x8 <- 0x0000000080002668

mem[X,0x0000000080002408] -> 0x7413
mem[X,0x000000008000240A] -> 0xFF84
[1427] [M]: 0x0000000080002408 (0xFF847413) andi x8, x8, -0x8                       spcl_Mhandler+20
x8 <- 0x0000000080002668

clint mtime 0x00000000000002CA (mip.MTI <- 0b1, mip.STI <- 0b0)
mem[X,0x000000008000240C] -> 0x3403
mem[X,0x000000008000240E] -> 0x0004
[1428] [M]: 0x000000008000240C (0x00043403) ld x8, 0x0(x8)                          spcl_Mhandler+24
mem[R,0x0000000080002668] -> 0x000000000000000F
x8 <- 0x000000000000000F

mem[X,0x0000000080002410] -> 0x02E3
mem[X,0x0000000080002412] -> 0xB204
[1429] [M]: 0x0000000080002410 (0xB20402E3) beq x8, x0, -0x4dc                      spcl_Mdispatch_hndling+0

clint mtime 0x00000000000002CB (mip.MTI <- 0b1, mip.STI <- 0b0)
mem[X,0x0000000080002414] -> 0x1393
mem[X,0x0000000080002416] -> 0x03F4
[1430] [M]: 0x0000000080002414 (0x03F41393) slli x7, x8, 0x3f                       spcl_Mdispatch_hndling+4
x7 <- 0x8000000000000000

mem[X,0x0000000080002418] -> 0xD863
mem[X,0x000000008000241A] -> 0x0003
[1431] [M]: 0x0000000080002418 (0x0003D863) bge x7, x0, 0x10                        spcl_Mdispatch_hndling+8

clint mtime 0x00000000000002CC (mip.MTI <- 0b1, mip.STI <- 0b0)
mem[X,0x000000008000241C] -> 0x5413
mem[X,0x000000008000241E] -> 0x0014
[1432] [M]: 0x000000008000241C (0x00145413) srli x8, x8, 0x1                        spcl_Mdispatch_hndling+12
x8 <- 0x0000000000000007

mem[X,0x0000000080002420] -> 0x0CE3
mem[X,0x0000000080002422] -> 0xF885
[1433] [M]: 0x0000000080002420 (0xF8850CE3) beq x10, x8, -0x68                      spcl_Mdispatch_hndling+16

clint mtime 0x00000000000002CD (mip.MTI <- 0b1, mip.STI <- 0b0)
mem[X,0x00000000800023B8] -> 0x3303
mem[X,0x00000000800023BA] -> 0x2601
[1434] [M]: 0x00000000800023B8 (0x26013303) ld x6, 0x260(x2)                        resto_Mrtn+0
mem[R,0x0000000080005260] -> 0xFFFFFFFF7FFFEE8C
x6 <- 0xFFFFFFFF7FFFEE8C

mem[X,0x00000000800023BC] -> 0x3383
mem[X,0x00000000800023BE] -> 0x2681
[1435] [M]: 0x00000000800023BC (0x26813383) ld x7, 0x268(x2)                        resto_Mrtn+4
mem[R,0x0000000080005268] -> 0x0000000080005000
x7 <- 0x0000000080005000

clint mtime 0x00000000000002CE (mip.MTI <- 0b1, mip.STI <- 0b0)
mem[X,0x00000000800023C0] -> 0x3403
mem[X,0x00000000800023C2] -> 0x2701
[1436] [M]: 0x00000000800023C0 (0x27013403) ld x8, 0x270(x2)                        resto_Mrtn+8
mem[R,0x0000000080005270] -> 0x0000000000007F76
x8 <- 0x0000000000007F76

mem[X,0x00000000800023C4] -> 0x3483
mem[X,0x00000000800023C6] -> 0x2781
[1437] [M]: 0x00000000800023C4 (0x27813483) ld x9, 0x278(x2)                        resto_Mrtn+12
mem[R,0x0000000080005278] -> 0x00000001000001C8
x9 <- 0x00000001000001C8

clint mtime 0x00000000000002CF (mip.MTI <- 0b1, mip.STI <- 0b0)
mem[X,0x00000000800023C8] -> 0x3503
mem[X,0x00000000800023CA] -> 0x2801
[1438] [M]: 0x00000000800023C8 (0x28013503) ld x10, 0x280(x2)                       resto_Mrtn+16
mem[R,0x0000000080005280] -> 0x00000000200000CF
x10 <- 0x00000000200000CF

mem[X,0x00000000800023CC] -> 0x3583
mem[X,0x00000000800023CE] -> 0x2881
[1439] [M]: 0x00000000800023CC (0x28813583) ld x11, 0x288(x2)                       resto_Mrtn+20
mem[R,0x0000000080005288] -> 0x00000000000000CF
x11 <- 0x00000000000000CF

clint mtime 0x00000000000002D0 (mip.MTI <- 0b1, mip.STI <- 0b0)
mem[X,0x00000000800023D0] -> 0x3103
mem[X,0x00000000800023D2] -> 0x2901
[1440] [M]: 0x00000000800023D0 (0x29013103) ld x2, 0x290(x2)                        resto_Mrtn+24
mem[R,0x0000000080005290] -> 0x0000000000000000
x2 <- 0x0000000000000000

mem[X,0x00000000800023D4] -> 0x0073
mem[X,0x00000000800023D6] -> 0x3020
[1441] [M]: 0x00000000800023D4 (0x30200073) mret                                    resto_Mrtn+28
CSR mstatus (0x300) <- 0x0000000A00000080
ret-ing from M to S

clint mtime 0x00000000000002D1 (mip.MTI <- 0b1, mip.STI <- 0b0)
PTW: Start, vpn=0x180001, access_type=X, privilege=Smem[R,0x0000000080008030] -> 0x00000000200000CB
PTW: Step, level=2, pte=0x200000CB, pte_addr=0x80008030
PTW: Success, final_ppn=0x80001, level=2mem[X,0x0000000080001364] -> 0xA703
PTW: Start, vpn=0x180001, access_type=X, privilege=Smem[R,0x0000000080008030] -> 0x00000000200000CB
PTW: Step, level=2, pte=0x200000CB, pte_addr=0x80008030
PTW: Success, final_ppn=0x80001, level=2mem[X,0x0000000080001366] -> 0x0147
[1442] [S]: 0x0000000180001364 (0x0147A703) lw x14, 0x14(x15)                       va_rvtest_code_begin+1992
PTW: Start, vpn=0x140000, access_type=R, privilege=Smem[R,0x0000000080008028] -> 0x0000000020001C01
PTW: Step, level=2, pte=0x20001C01, pte_addr=0x80008028
PTW: Start, vpn=0x140000, access_type=R, privilege=Smem[R,0x0000000080007000] -> 0x0000000020001801
PTW: Step, level=1, pte=0x20001801, pte_addr=0x80007000
PTW: Start, vpn=0x140000, access_type=R, privilege=Smem[R,0x0000000080006000] -> 0x00000000200000CF
PTW: Step, level=0, pte=0x200000CF, pte_addr=0x80006000
PTW: Success, final_ppn=0x80000, level=0mem[R,0x0000000080000414] -> 0xBEEFCAF2
x14 <- 0xFFFFFFFFBEEFCAF2

PTW: Start, vpn=0x180001, access_type=X, privilege=Smem[R,0x0000000080008030] -> 0x00000000200000CB
PTW: Step, level=2, pte=0x200000CB, pte_addr=0x80008030
PTW: Success, final_ppn=0x80001, level=2mem[X,0x0000000080001368] -> 0x0013
PTW: Start, vpn=0x180001, access_type=X, privilege=Smem[R,0x0000000080008030] -> 0x00000000200000CB
PTW: Step, level=2, pte=0x200000CB, pte_addr=0x80008030
PTW: Success, final_ppn=0x80001, level=2mem[X,0x000000008000136A] -> 0x0000
[1443] [S]: 0x0000000180001368 (0x00000013) addi x0, x0, 0x0                        va_rvtest_code_begin+1996

clint mtime 0x00000000000002D2 (mip.MTI <- 0b1, mip.STI <- 0b0)
PTW: Start, vpn=0x180001, access_type=X, privilege=Smem[R,0x0000000080008030] -> 0x00000000200000CB
PTW: Step, level=2, pte=0x200000CB, pte_addr=0x80008030
PTW: Success, final_ppn=0x80001, level=2mem[X,0x000000008000136C] -> 0x51B7
PTW: Start, vpn=0x180001, access_type=X, privilege=Smem[R,0x0000000080008030] -> 0x00000000200000CB
PTW: Step, level=2, pte=0x200000CB, pte_addr=0x80008030
PTW: Success, final_ppn=0x80001, level=2mem[X,0x000000008000136E] -> 0x0000
[1444] [S]: 0x000000018000136C (0x000051B7) lui x3, 0x5                             va_rvtest_code_begin+2000
x3 <- 0x0000000000005000

PTW: Start, vpn=0x180001, access_type=X, privilege=Smem[R,0x0000000080008030] -> 0x00000000200000CB
PTW: Step, level=2, pte=0x200000CB, pte_addr=0x80008030
PTW: Success, final_ppn=0x80001, level=2mem[X,0x0000000080001370] -> 0x8193
PTW: Start, vpn=0x180001, access_type=X, privilege=Smem[R,0x0000000080008030] -> 0x00000000200000CB
PTW: Step, level=2, pte=0x200000CB, pte_addr=0x80008030
PTW: Success, final_ppn=0x80001, level=2mem[X,0x0000000080001372] -> 0x6671
[1445] [S]: 0x0000000180001370 (0x66718193) addi x3, x3, 0x667                      va_rvtest_code_begin+2004
x3 <- 0x0000000000005667

clint mtime 0x00000000000002D3 (mip.MTI <- 0b1, mip.STI <- 0b0)
PTW: Start, vpn=0x180001, access_type=X, privilege=Smem[R,0x0000000080008030] -> 0x00000000200000CB
PTW: Step, level=2, pte=0x200000CB, pte_addr=0x80008030
PTW: Success, final_ppn=0x80001, level=2mem[X,0x0000000080001374] -> 0x9193
PTW: Start, vpn=0x180001, access_type=X, privilege=Smem[R,0x0000000080008030] -> 0x00000000200000CB
PTW: Step, level=2, pte=0x200000CB, pte_addr=0x80008030
PTW: Success, final_ppn=0x80001, level=2mem[X,0x0000000080001376] -> 0x0011
[1446] [S]: 0x0000000180001374 (0x00119193) slli x3, x3, 0x1                        va_rvtest_code_begin+2008
x3 <- 0x000000000000ACCE

PTW: Start, vpn=0x180001, access_type=X, privilege=Smem[R,0x0000000080008030] -> 0x00000000200000CB
PTW: Step, level=2, pte=0x200000CB, pte_addr=0x80008030
PTW: Success, final_ppn=0x80001, level=2mem[X,0x0000000080001378] -> 0x0013
PTW: Start, vpn=0x180001, access_type=X, privilege=Smem[R,0x0000000080008030] -> 0x00000000200000CB
PTW: Step, level=2, pte=0x200000CB, pte_addr=0x80008030
PTW: Success, final_ppn=0x80001, level=2mem[X,0x000000008000137A] -> 0x0000
[1447] [S]: 0x0000000180001378 (0x00000013) addi x0, x0, 0x0                        va_rvtest_code_begin+2012

clint mtime 0x00000000000002D4 (mip.MTI <- 0b1, mip.STI <- 0b0)
PTW: Start, vpn=0x180001, access_type=X, privilege=Smem[R,0x0000000080008030] -> 0x00000000200000CB
PTW: Step, level=2, pte=0x200000CB, pte_addr=0x80008030
PTW: Success, final_ppn=0x80001, level=2mem[X,0x000000008000137C] -> 0x0013
PTW: Start, vpn=0x180001, access_type=X, privilege=Smem[R,0x0000000080008030] -> 0x00000000200000CB
PTW: Step, level=2, pte=0x200000CB, pte_addr=0x80008030
PTW: Success, final_ppn=0x80001, level=2mem[X,0x000000008000137E] -> 0x0000
[1448] [S]: 0x000000018000137C (0x00000013) addi x0, x0, 0x0                        va_rvtest_code_begin+2016

PTW: Start, vpn=0x180001, access_type=X, privilege=Smem[R,0x0000000080008030] -> 0x00000000200000CB
PTW: Step, level=2, pte=0x200000CB, pte_addr=0x80008030
PTW: Success, final_ppn=0x80001, level=2mem[X,0x0000000080001380] -> 0x0217
PTW: Start, vpn=0x180001, access_type=X, privilege=Smem[R,0x0000000080008030] -> 0x00000000200000CB
PTW: Step, level=2, pte=0x200000CB, pte_addr=0x80008030
PTW: Success, final_ppn=0x80001, level=2mem[X,0x0000000080001382] -> 0x0000
[1449] [S]: 0x0000000180001380 (0x00000217) auipc x4, 0x0                           va_rvtest_code_begin+2020
x4 <- 0x0000000180001380

clint mtime 0x00000000000002D5 (mip.MTI <- 0b1, mip.STI <- 0b0)
PTW: Start, vpn=0x180001, access_type=X, privilege=Smem[R,0x0000000080008030] -> 0x00000000200000CB
PTW: Step, level=2, pte=0x200000CB, pte_addr=0x80008030
PTW: Success, final_ppn=0x80001, level=2mem[X,0x0000000080001384] -> 0x0213
PTW: Start, vpn=0x180001, access_type=X, privilege=Smem[R,0x0000000080008030] -> 0x00000000200000CB
PTW: Step, level=2, pte=0x200000CB, pte_addr=0x80008030
PTW: Success, final_ppn=0x80001, level=2mem[X,0x0000000080001386] -> 0x02C2
[1450] [S]: 0x0000000180001384 (0x02C20213) addi x4, x4, 0x2c                       va_rvtest_code_begin+2024
x4 <- 0x00000001800013AC

PTW: Start, vpn=0x180001, access_type=X, privilege=Smem[R,0x0000000080008030] -> 0x00000000200000CB
PTW: Step, level=2, pte=0x200000CB, pte_addr=0x80008030
PTW: Success, final_ppn=0x80001, level=2mem[X,0x0000000080001388] -> 0x0001
[1451] [S]: 0x0000000180001388 (0x0001) c.nop                                       va_rvtest_code_begin+2028

clint mtime 0x00000000000002D6 (mip.MTI <- 0b1, mip.STI <- 0b0)
PTW: Start, vpn=0x180001, access_type=X, privilege=Smem[R,0x0000000080008030] -> 0x00000000200000CB
PTW: Step, level=2, pte=0x200000CB, pte_addr=0x80008030
PTW: Success, final_ppn=0x80001, level=2mem[X,0x000000008000138A] -> 0x0013
PTW: Start, vpn=0x180001, access_type=X, privilege=Smem[R,0x0000000080008030] -> 0x00000000200000CB
PTW: Step, level=2, pte=0x200000CB, pte_addr=0x80008030
PTW: Success, final_ppn=0x80001, level=2mem[X,0x000000008000138C] -> 0x0000
[1452] [S]: 0x000000018000138A (0x00000013) addi x0, x0, 0x0                        va_rvtest_code_begin+2030

PTW: Start, vpn=0x180001, access_type=X, privilege=Smem[R,0x0000000080008030] -> 0x00000000200000CB
PTW: Step, level=2, pte=0x200000CB, pte_addr=0x80008030
PTW: Success, final_ppn=0x80001, level=2mem[X,0x000000008000138E] -> 0x0013
PTW: Start, vpn=0x180001, access_type=X, privilege=Smem[R,0x0000000080008030] -> 0x00000000200000CB
PTW: Step, level=2, pte=0x200000CB, pte_addr=0x80008030
PTW: Success, final_ppn=0x80001, level=2mem[X,0x0000000080001390] -> 0x0000
[1453] [S]: 0x000000018000138E (0x00000013) addi x0, x0, 0x0                        va_rvtest_code_begin+2034

clint mtime 0x00000000000002D7 (mip.MTI <- 0b1, mip.STI <- 0b0)
PTW: Start, vpn=0x180001, access_type=X, privilege=Smem[R,0x0000000080008030] -> 0x00000000200000CB
PTW: Step, level=2, pte=0x200000CB, pte_addr=0x80008030
PTW: Success, final_ppn=0x80001, level=2mem[X,0x0000000080001392] -> 0x0013
PTW: Start, vpn=0x180001, access_type=X, privilege=Smem[R,0x0000000080008030] -> 0x00000000200000CB
PTW: Step, level=2, pte=0x200000CB, pte_addr=0x80008030
PTW: Success, final_ppn=0x80001, level=2mem[X,0x0000000080001394] -> 0x0000
[1454] [S]: 0x0000000180001392 (0x00000013) addi x0, x0, 0x0                        va_rvtest_code_begin+2038

PTW: Start, vpn=0x180001, access_type=X, privilege=Smem[R,0x0000000080008030] -> 0x00000000200000CB
PTW: Step, level=2, pte=0x200000CB, pte_addr=0x80008030
PTW: Success, final_ppn=0x80001, level=2mem[X,0x0000000080001396] -> 0x0013
PTW: Start, vpn=0x180001, access_type=X, privilege=Smem[R,0x0000000080008030] -> 0x00000000200000CB
PTW: Step, level=2, pte=0x200000CB, pte_addr=0x80008030
PTW: Success, final_ppn=0x80001, level=2mem[X,0x0000000080001398] -> 0x0000
[1455] [S]: 0x0000000180001396 (0x00000013) addi x0, x0, 0x0                        va_rvtest_code_begin+2042

clint mtime 0x00000000000002D8 (mip.MTI <- 0b1, mip.STI <- 0b0)
PTW: Start, vpn=0x180001, access_type=X, privilege=Smem[R,0x0000000080008030] -> 0x00000000200000CB
PTW: Step, level=2, pte=0x200000CB, pte_addr=0x80008030
PTW: Success, final_ppn=0x80001, level=2mem[X,0x000000008000139A] -> 0x0013
PTW: Start, vpn=0x180001, access_type=X, privilege=Smem[R,0x0000000080008030] -> 0x00000000200000CB
PTW: Step, level=2, pte=0x200000CB, pte_addr=0x80008030
PTW: Success, final_ppn=0x80001, level=2mem[X,0x000000008000139C] -> 0x0000
[1456] [S]: 0x000000018000139A (0x00000013) addi x0, x0, 0x0                        va_rvtest_code_begin+2046

PTW: Start, vpn=0x180001, access_type=X, privilege=Smem[R,0x0000000080008030] -> 0x00000000200000CB
PTW: Step, level=2, pte=0x200000CB, pte_addr=0x80008030
PTW: Success, final_ppn=0x80001, level=2mem[X,0x000000008000139E] -> 0x0001
[1457] [S]: 0x000000018000139E (0x0001) c.nop                                       va_rvtest_code_begin+2050

clint mtime 0x00000000000002D9 (mip.MTI <- 0b1, mip.STI <- 0b0)
PTW: Start, vpn=0x180001, access_type=X, privilege=Smem[R,0x0000000080008030] -> 0x00000000200000CB
PTW: Step, level=2, pte=0x200000CB, pte_addr=0x80008030
PTW: Success, final_ppn=0x80001, level=2mem[X,0x00000000800013A0] -> 0x80E7
PTW: Start, vpn=0x180001, access_type=X, privilege=Smem[R,0x0000000080008030] -> 0x00000000200000CB
PTW: Step, level=2, pte=0x200000CB, pte_addr=0x80008030
PTW: Success, final_ppn=0x80001, level=2mem[X,0x00000000800013A2] -> 0x0007
[1458] [S]: 0x00000001800013A0 (0x000780E7) jalr x1, 0x0(x15)                       va_rvtest_code_begin+2052
x1 <- 0x00000001800013A4

PTW: Start, vpn=0x140000, access_type=X, privilege=Smem[R,0x0000000080008028] -> 0x0000000020001C01
PTW: Step, level=2, pte=0x20001C01, pte_addr=0x80008028
PTW: Start, vpn=0x140000, access_type=X, privilege=Smem[R,0x0000000080007000] -> 0x0000000020001801
PTW: Step, level=1, pte=0x20001801, pte_addr=0x80007000
PTW: Start, vpn=0x140000, access_type=X, privilege=Smem[R,0x0000000080006000] -> 0x00000000200000CF
PTW: Step, level=0, pte=0x200000CF, pte_addr=0x80006000
PTW: Success, final_ppn=0x80000, level=0mem[X,0x0000000080000400] -> 0x0013
mem[X,0x0000000080000402] -> 0x0000
[1459] [S]: 0x0000000140000400 (0x00000013) addi x0, x0, 0x0                        va_data+0

clint mtime 0x00000000000002DA (mip.MTI <- 0b1, mip.STI <- 0b0)
mem[X,0x0000000080000404] -> 0x8093
mem[X,0x0000000080000406] -> 0x0080
[1460] [S]: 0x0000000140000404 (0x00808093) addi x1, x1, 0x8                        va_data+4
x1 <- 0x00000001800013AC

mem[X,0x0000000080000408] -> 0x8067
mem[X,0x000000008000040A] -> 0x0000
[1461] [S]: 0x0000000140000408 (0x00008067) jalr x0, 0x0(x1)                        va_data+8

clint mtime 0x00000000000002DB (mip.MTI <- 0b1, mip.STI <- 0b0)
PTW: Start, vpn=0x180001, access_type=X, privilege=Smem[R,0x0000000080008030] -> 0x00000000200000CB
PTW: Step, level=2, pte=0x200000CB, pte_addr=0x80008030
PTW: Success, final_ppn=0x80001, level=2mem[X,0x00000000800013AC] -> 0x0013
PTW: Start, vpn=0x180001, access_type=X, privilege=Smem[R,0x0000000080008030] -> 0x00000000200000CB
PTW: Step, level=2, pte=0x200000CB, pte_addr=0x80008030
PTW: Success, final_ppn=0x80001, level=2mem[X,0x00000000800013AE] -> 0x0000
[1462] [S]: 0x00000001800013AC (0x00000013) addi x0, x0, 0x0                        va_rvtest_code_begin+2064

PTW: Start, vpn=0x180001, access_type=X, privilege=Smem[R,0x0000000080008030] -> 0x00000000200000CB
PTW: Step, level=2, pte=0x200000CB, pte_addr=0x80008030
PTW: Success, final_ppn=0x80001, level=2mem[X,0x00000000800013B0] -> 0x0013
PTW: Start, vpn=0x180001, access_type=X, privilege=Smem[R,0x0000000080008030] -> 0x00000000200000CB
PTW: Step, level=2, pte=0x200000CB, pte_addr=0x80008030
PTW: Success, final_ppn=0x80001, level=2mem[X,0x00000000800013B2] -> 0x0000
[1463] [S]: 0x00000001800013B0 (0x00000013) addi x0, x0, 0x0                        va_rvtest_code_begin+2068

clint mtime 0x00000000000002DC (mip.MTI <- 0b1, mip.STI <- 0b0)
PTW: Start, vpn=0x180001, access_type=X, privilege=Smem[R,0x0000000080008030] -> 0x00000000200000CB
PTW: Step, level=2, pte=0x200000CB, pte_addr=0x80008030
PTW: Success, final_ppn=0x80001, level=2mem[X,0x00000000800013B4] -> 0x0013
PTW: Start, vpn=0x180001, access_type=X, privilege=Smem[R,0x0000000080008030] -> 0x00000000200000CB
PTW: Step, level=2, pte=0x200000CB, pte_addr=0x80008030
PTW: Success, final_ppn=0x80001, level=2mem[X,0x00000000800013B6] -> 0x0000
[1464] [S]: 0x00000001800013B4 (0x00000013) addi x0, x0, 0x0                        va_rvtest_code_begin+2072

PTW: Start, vpn=0x180001, access_type=X, privilege=Smem[R,0x0000000080008030] -> 0x00000000200000CB
PTW: Step, level=2, pte=0x200000CB, pte_addr=0x80008030
PTW: Success, final_ppn=0x80001, level=2mem[X,0x00000000800013B8] -> 0x0113
PTW: Start, vpn=0x180001, access_type=X, privilege=Smem[R,0x0000000080008030] -> 0x00000000200000CB
PTW: Step, level=2, pte=0x200000CB, pte_addr=0x80008030
PTW: Success, final_ppn=0x80001, level=2mem[X,0x00000000800013BA] -> 0x0000
[1465] [S]: 0x00000001800013B8 (0x00000113) addi x2, x0, 0x0                        va_rvtest_code_begin+2076
x2 <- 0x0000000000000000

clint mtime 0x00000000000002DD (mip.MTI <- 0b1, mip.STI <- 0b0)
PTW: Start, vpn=0x180001, access_type=X, privilege=Smem[R,0x0000000080008030] -> 0x00000000200000CB
PTW: Step, level=2, pte=0x200000CB, pte_addr=0x80008030
PTW: Success, final_ppn=0x80001, level=2mem[X,0x00000000800013BC] -> 0x0073
PTW: Start, vpn=0x180001, access_type=X, privilege=Smem[R,0x0000000080008030] -> 0x00000000200000CB
PTW: Step, level=2, pte=0x200000CB, pte_addr=0x80008030
PTW: Success, final_ppn=0x80001, level=2mem[X,0x00000000800013BE] -> 0x0000
[1466] [S]: 0x00000001800013BC (0x00000073) ecall                                   va_rvtest_code_begin+2080
trapping from S to M to handle s-call
handling exc#s-call at priv M with tval 0x0000000000000000
CSR mstatus (0x300) <- 0x0000000A00000800
CSR mcause (0x342) <- 0x0000000000000009
CSR mtval (0x343) <- 0x0000000000000000
CSR mepc (0x341) <- 0x00000001800013BC

mem[X,0x0000000080001F80] -> 0x006F
mem[X,0x0000000080001F82] -> 0x1000
[1467] [M]: 0x0000000080001F80 (0x1000006F) jal x0, 0x100                           Mtrampoline+0

clint mtime 0x00000000000002DE (mip.MTI <- 0b1, mip.STI <- 0b0)
mem[X,0x0000000080002080] -> 0x1173
mem[X,0x0000000080002082] -> 0x3401
[1468] [M]: 0x0000000080002080 (0x34011173) csrrw x2, mscratch, x2                  trap_Mhandler+0
CSR mscratch (0x340) <- 0x0000000000000000
x2 <- 0x0000000080005000

mem[X,0x0000000080002084] -> 0x3423
mem[X,0x0000000080002086] -> 0x28B1
[1469] [M]: 0x0000000080002084 (0x28B13423) sd x11, 0x288(x2)                       trap_Mhandler+4
mem[W,0x0000000080005288] <- 0x00000000000000CF

clint mtime 0x00000000000002DF (mip.MTI <- 0b1, mip.STI <- 0b0)
mem[X,0x0000000080002088] -> 0x05EF
mem[X,0x000000008000208A] -> 0x0B80
[1470] [M]: 0x0000000080002088 (0x0B8005EF) jal x11, 0xb8                           trap_Mhandler+8
x11 <- 0x000000008000208C

mem[X,0x0000000080002140] -> 0x3023
mem[X,0x0000000080002142] -> 0x28A1
[1471] [M]: 0x0000000080002140 (0x28A13023) sd x10, 0x280(x2)                       common_Mhandler+0
mem[W,0x0000000080005280] <- 0x00000000200000CF

clint mtime 0x00000000000002E0 (mip.MTI <- 0b1, mip.STI <- 0b0)
mem[X,0x0000000080002144] -> 0x1573
mem[X,0x0000000080002146] -> 0x3401
[1472] [M]: 0x0000000080002144 (0x34011573) csrrw x10, mscratch, x2                 common_Mhandler+4
CSR mscratch (0x340) <- 0x0000000080005000
x10 <- 0x0000000000000000

mem[X,0x0000000080002148] -> 0x3823
mem[X,0x000000008000214A] -> 0x28A1
[1473] [M]: 0x0000000080002148 (0x28A13823) sd x10, 0x290(x2)                       common_Mhandler+8
mem[W,0x0000000080005290] <- 0x0000000000000000

clint mtime 0x00000000000002E1 (mip.MTI <- 0b1, mip.STI <- 0b0)
mem[X,0x000000008000214C] -> 0x3503
mem[X,0x000000008000214E] -> 0x2301
[1474] [M]: 0x000000008000214C (0x23013503) ld x10, 0x230(x2)                       common_Mhandler+12
mem[R,0x0000000080005230] -> 0x0000000080002154
x10 <- 0x0000000080002154

mem[X,0x0000000080002150] -> 0x0067
mem[X,0x0000000080002152] -> 0x0005
[1475] [M]: 0x0000000080002150 (0x00050067) jalr x0, 0x0(x10)                       common_Mhandler+16

clint mtime 0x00000000000002E2 (mip.MTI <- 0b1, mip.STI <- 0b0)
mem[X,0x0000000080002154] -> 0x3C23
mem[X,0x0000000080002156] -> 0x2691
[1476] [M]: 0x0000000080002154 (0x26913C23) sd x9, 0x278(x2)                        common_Mentry+0
mem[W,0x0000000080005278] <- 0x00000001000001C8

mem[X,0x0000000080002158] -> 0x3823
mem[X,0x000000008000215A] -> 0x2681
[1477] [M]: 0x0000000080002158 (0x26813823) sd x8, 0x270(x2)                        common_Mentry+4
mem[W,0x0000000080005270] <- 0x0000000000007F76

clint mtime 0x00000000000002E3 (mip.MTI <- 0b1, mip.STI <- 0b0)
mem[X,0x000000008000215C] -> 0x3423
mem[X,0x000000008000215E] -> 0x2671
[1478] [M]: 0x000000008000215C (0x26713423) sd x7, 0x268(x2)                        common_Mentry+8
mem[W,0x0000000080005268] <- 0x0000000080005000

mem[X,0x0000000080002160] -> 0x3023
mem[X,0x0000000080002162] -> 0x2661
[1479] [M]: 0x0000000080002160 (0x26613023) sd x6, 0x260(x2)                        common_Mentry+12
mem[W,0x0000000080005260] <- 0xFFFFFFFF7FFFEE8C

clint mtime 0x00000000000002E4 (mip.MTI <- 0b1, mip.STI <- 0b0)
mem[X,0x0000000080002164] -> 0x2573
mem[X,0x0000000080002166] -> 0x3420
[1480] [M]: 0x0000000080002164 (0x34202573) csrrs x10, mcause, x0                   spcl_M2mmode_test+0
CSR mcause (0x342) -> 0x0000000000000009
x10 <- 0x0000000000000009

mem[X,0x0000000080002168] -> 0x04B7
mem[X,0x000000008000216A] -> 0x8000
[1481] [M]: 0x0000000080002168 (0x800004B7) lui x9, -0x80000                        spcl_M2mmode_test+4
x9 <- 0xFFFFFFFF80000000

clint mtime 0x00000000000002E5 (mip.MTI <- 0b1, mip.STI <- 0b0)
mem[X,0x000000008000216C] -> 0x8493
mem[X,0x000000008000216E] -> 0x0004
[1482] [M]: 0x000000008000216C (0x00048493) addi x9, x9, 0x0                        spcl_M2mmode_test+8
x9 <- 0xFFFFFFFF80000000

mem[X,0x0000000080002170] -> 0x9493
mem[X,0x0000000080002172] -> 0x00B4
[1483] [M]: 0x0000000080002170 (0x00B49493) slli x9, x9, 0xb                        spcl_M2mmode_test+12
x9 <- 0xFFFFFC0000000000

clint mtime 0x00000000000002E6 (mip.MTI <- 0b1, mip.STI <- 0b0)
mem[X,0x0000000080002174] -> 0x8493
mem[X,0x0000000080002176] -> 0x0004
[1484] [M]: 0x0000000080002174 (0x00048493) addi x9, x9, 0x0                        spcl_M2mmode_test+16
x9 <- 0xFFFFFC0000000000

mem[X,0x0000000080002178] -> 0x9493
mem[X,0x000000008000217A] -> 0x00B4
[1485] [M]: 0x0000000080002178 (0x00B49493) slli x9, x9, 0xb                        spcl_M2mmode_test+20
x9 <- 0xFFE0000000000000

clint mtime 0x00000000000002E7 (mip.MTI <- 0b1, mip.STI <- 0b0)
mem[X,0x000000008000217C] -> 0x8493
mem[X,0x000000008000217E] -> 0x0034
[1486] [M]: 0x000000008000217C (0x00348493) addi x9, x9, 0x3                        spcl_M2mmode_test+24
x9 <- 0xFFE0000000000003

mem[X,0x0000000080002180] -> 0x9493
mem[X,0x0000000080002182] -> 0x00A4
[1487] [M]: 0x0000000080002180 (0x00A49493) slli x9, x9, 0xa                        spcl_M2mmode_test+28
x9 <- 0x8000000000000C00

clint mtime 0x00000000000002E8 (mip.MTI <- 0b1, mip.STI <- 0b0)
mem[X,0x0000000080002184] -> 0x8493
mem[X,0x0000000080002186] -> 0x3FC4
[1488] [M]: 0x0000000080002184 (0x3FC48493) addi x9, x9, 0x3fc                      spcl_M2mmode_test+32
x9 <- 0x8000000000000FFC

mem[X,0x0000000080002188] -> 0xF4B3
mem[X,0x000000008000218A] -> 0x00A4
[1489] [M]: 0x0000000080002188 (0x00A4F4B3) and x9, x9, x10                         spcl_M2mmode_test+36
x9 <- 0x0000000000000008

clint mtime 0x00000000000002E9 (mip.MTI <- 0b1, mip.STI <- 0b0)
mem[X,0x000000008000218C] -> 0x8493
mem[X,0x000000008000218E] -> 0xFF84
[1490] [M]: 0x000000008000218C (0xFF848493) addi x9, x9, -0x8                       spcl_M2mmode_test+40
x9 <- 0x0000000000000000

mem[X,0x0000000080002190] -> 0x9663
mem[X,0x0000000080002192] -> 0x0004
[1491] [M]: 0x0000000080002190 (0x00049663) bne x9, x0, 0xc                         spcl_M2mmode_test+44

clint mtime 0x00000000000002EA (mip.MTI <- 0b1, mip.STI <- 0b0)
mem[X,0x0000000080002194] -> 0x3383
mem[X,0x0000000080002196] -> 0x2901
[1492] [M]: 0x0000000080002194 (0x29013383) ld x7, 0x290(x2)                        spcl_M2mmode_test+48
mem[R,0x0000000080005290] -> 0x0000000000000000
x7 <- 0x0000000000000000

mem[X,0x0000000080002198] -> 0x8663
mem[X,0x000000008000219A] -> 0x6E03
[1493] [M]: 0x0000000080002198 (0x6E038663) beq x7, x0, 0x6ec                       spcl_M2mmode_test+52

clint mtime 0x00000000000002EB (mip.MTI <- 0b1, mip.STI <- 0b0)
mem[X,0x0000000080002884] -> 0x0493
mem[X,0x0000000080002886] -> 0xFF55
[1494] [M]: 0x0000000080002884 (0xFF550493) addi x9, x10, -0xb                      rtn2mmode+0
x9 <- 0xFFFFFFFFFFFFFFFE

mem[X,0x0000000080002888] -> 0x8C63
mem[X,0x000000008000288A] -> 0x0004
[1495] [M]: 0x0000000080002888 (0x00048C63) beq x9, x0, 0x18                        rtn2mmode+4

clint mtime 0x00000000000002EC (mip.MTI <- 0b1, mip.STI <- 0b0)
mem[X,0x000000008000288C] -> 0x3583
mem[X,0x000000008000288E] -> 0x4701
[1496] [M]: 0x000000008000288C (0x47013583) ld x11, 0x470(x2)                       rtn2mmode+8
mem[R,0x0000000080005470] -> 0x0000000180000B9C
x11 <- 0x0000000180000B9C

mem[X,0x0000000080002890] -> 0xD463
mem[X,0x0000000080002892] -> 0x0003
[1497] [M]: 0x0000000080002890 (0x0003D463) bge x7, x0, 0x8                         rtn2mmode+12

clint mtime 0x00000000000002ED (mip.MTI <- 0b1, mip.STI <- 0b0)
mem[X,0x0000000080002898] -> 0x3483
mem[X,0x000000008000289A] -> 0x1D81
[1498] [M]: 0x0000000080002898 (0x1D813483) ld x9, 0x1d8(x2)                        from_u_s+0
mem[R,0x00000000800051D8] -> 0x0000000080000BB4
x9 <- 0x0000000080000BB4

mem[X,0x000000008000289C] -> 0x84B3
mem[X,0x000000008000289E] -> 0x40B4
[1499] [M]: 0x000000008000289C (0x40B484B3) sub x9, x9, x11                         from_u_s+4
x9 <- 0xFFFFFFFF00000018

clint mtime 0x00000000000002EE (mip.MTI <- 0b1, mip.STI <- 0b0)
mem[X,0x00000000800028A0] -> 0x23F3
mem[X,0x00000000800028A2] -> 0x3410
[1500] [M]: 0x00000000800028A0 (0x341023F3) csrrs x7, mepc, x0                      rtn_fm_mmode+0
CSR mepc (0x341) -> 0x00000001800013BC
x7 <- 0x00000001800013BC

mem[X,0x00000000800028A4] -> 0x83B3
mem[X,0x00000000800028A6] -> 0x0093
[1501] [M]: 0x00000000800028A4 (0x009383B3) add x7, x7, x9                          rtn_fm_mmode+4
x7 <- 0x00000000800013D4

clint mtime 0x00000000000002EF (mip.MTI <- 0b1, mip.STI <- 0b0)
mem[X,0x00000000800028A8] -> 0x3303
mem[X,0x00000000800028AA] -> 0x2601
[1502] [M]: 0x00000000800028A8 (0x26013303) ld x6, 0x260(x2)                        rtn_fm_mmode+8
mem[R,0x0000000080005260] -> 0xFFFFFFFF7FFFEE8C
x6 <- 0xFFFFFFFF7FFFEE8C

mem[X,0x00000000800028AC] -> 0x3403
mem[X,0x00000000800028AE] -> 0x2701
[1503] [M]: 0x00000000800028AC (0x27013403) ld x8, 0x270(x2)                        rtn_fm_mmode+12
mem[R,0x0000000080005270] -> 0x0000000000007F76
x8 <- 0x0000000000007F76

clint mtime 0x00000000000002F0 (mip.MTI <- 0b1, mip.STI <- 0b0)
mem[X,0x00000000800028B0] -> 0x3483
mem[X,0x00000000800028B2] -> 0x2781
[1504] [M]: 0x00000000800028B0 (0x27813483) ld x9, 0x278(x2)                        rtn_fm_mmode+16
mem[R,0x0000000080005278] -> 0x00000001000001C8
x9 <- 0x00000001000001C8

mem[X,0x00000000800028B4] -> 0x3503
mem[X,0x00000000800028B6] -> 0x2801
[1505] [M]: 0x00000000800028B4 (0x28013503) ld x10, 0x280(x2)                       rtn_fm_mmode+20
mem[R,0x0000000080005280] -> 0x00000000200000CF
x10 <- 0x00000000200000CF

clint mtime 0x00000000000002F1 (mip.MTI <- 0b1, mip.STI <- 0b0)
mem[X,0x00000000800028B8] -> 0x3583
mem[X,0x00000000800028BA] -> 0x2881
[1506] [M]: 0x00000000800028B8 (0x28813583) ld x11, 0x288(x2)                       rtn_fm_mmode+24
mem[R,0x0000000080005288] -> 0x00000000000000CF
x11 <- 0x00000000000000CF

mem[X,0x00000000800028BC] -> 0x3103
mem[X,0x00000000800028BE] -> 0x2901
[1507] [M]: 0x00000000800028BC (0x29013103) ld x2, 0x290(x2)                        rtn_fm_mmode+28
mem[R,0x0000000080005290] -> 0x0000000000000000
x2 <- 0x0000000000000000

clint mtime 0x00000000000002F2 (mip.MTI <- 0b1, mip.STI <- 0b0)
mem[X,0x00000000800028C0] -> 0x8067
mem[X,0x00000000800028C2] -> 0x0043
[1508] [M]: 0x00000000800028C0 (0x00438067) jalr x0, 0x4(x7)                        rtn_fm_mmode+32

mem[X,0x00000000800013D8] -> 0x03B7
mem[X,0x00000000800013DA] -> 0x000F
[1509] [M]: 0x00000000800013D8 (0x000F03B7) lui x7, 0xf0                            main+2040
x7 <- 0x00000000000F0000

clint mtime 0x00000000000002F3 (mip.MTI <- 0b1, mip.STI <- 0b0)
mem[X,0x00000000800013DC] -> 0x8393
mem[X,0x00000000800013DE] -> 0x01B3
[1510] [M]: 0x00000000800013DC (0x01B38393) addi x7, x7, 0x1b                       main+2044
x7 <- 0x00000000000F001B

mem[X,0x00000000800013E0] -> 0x9393
mem[X,0x00000000800013E2] -> 0x0083
[1511] [M]: 0x00000000800013E0 (0x00839393) slli x7, x7, 0x8                        main+2048
x7 <- 0x000000000F001B00

clint mtime 0x00000000000002F4 (mip.MTI <- 0b1, mip.STI <- 0b0)
mem[X,0x00000000800013E4] -> 0x9073
mem[X,0x00000000800013E6] -> 0x3A03
[1512] [M]: 0x00000000800013E4 (0x3A039073) csrrw x0, pmpcfg0, x7                   main+2052
CSR pmpcfg0 (0x3A0) <- 0x000000000F001B00

mem[X,0x00000000800013E8] -> 0x0013
mem[X,0x00000000800013EA] -> 0x0000
[1513] [M]: 0x00000000800013E8 (0x00000013) addi x0, x0, 0x0                        main+2056

clint mtime 0x00000000000002F5 (mip.MTI <- 0b1, mip.STI <- 0b0)
mem[X,0x00000000800013EC] -> 0x0013
mem[X,0x00000000800013EE] -> 0x0000
[1514] [M]: 0x00000000800013EC (0x00000013) addi x0, x0, 0x0                        main+2060

mem[X,0x00000000800013F0] -> 0x0013
mem[X,0x00000000800013F2] -> 0x0000
[1515] [M]: 0x00000000800013F0 (0x00000013) addi x0, x0, 0x0                        main+2064

clint mtime 0x00000000000002F6 (mip.MTI <- 0b1, mip.STI <- 0b0)
mem[X,0x00000000800013F4] -> 0x0013
mem[X,0x00000000800013F6] -> 0x0000
[1516] [M]: 0x00000000800013F4 (0x00000013) addi x0, x0, 0x0                        main+2068

mem[X,0x00000000800013F8] -> 0x0013
mem[X,0x00000000800013FA] -> 0x0000
[1517] [M]: 0x00000000800013F8 (0x00000013) addi x0, x0, 0x0                        main+2072

clint mtime 0x00000000000002F7 (mip.MTI <- 0b1, mip.STI <- 0b0)
mem[X,0x00000000800013FC] -> 0x0013
mem[X,0x00000000800013FE] -> 0x0000
[1518] [M]: 0x00000000800013FC (0x00000013) addi x0, x0, 0x0                        main+2076

mem[X,0x0000000080001400] -> 0xF517
mem[X,0x0000000080001402] -> 0xFFFF
[1519] [M]: 0x0000000080001400 (0xFFFFF517) auipc x10, -0x1                         main+2080
x10 <- 0x0000000080000400

clint mtime 0x00000000000002F8 (mip.MTI <- 0b1, mip.STI <- 0b0)
mem[X,0x0000000080001404] -> 0x0513
mem[X,0x0000000080001406] -> 0x0005
[1520] [M]: 0x0000000080001404 (0x00050513) addi x10, x10, 0x0                      main+2084
x10 <- 0x0000000080000400

mem[X,0x0000000080001408] -> 0x0001
[1521] [M]: 0x0000000080001408 (0x0001) c.nop                                       main+2088

clint mtime 0x00000000000002F9 (mip.MTI <- 0b1, mip.STI <- 0b0)
mem[X,0x000000008000140A] -> 0x0013
mem[X,0x000000008000140C] -> 0x0000
[1522] [M]: 0x000000008000140A (0x00000013) addi x0, x0, 0x0                        main+2090

mem[X,0x000000008000140E] -> 0x0013
mem[X,0x0000000080001410] -> 0x0000
[1523] [M]: 0x000000008000140E (0x00000013) addi x0, x0, 0x0                        main+2094

clint mtime 0x00000000000002FA (mip.MTI <- 0b1, mip.STI <- 0b0)
mem[X,0x0000000080001412] -> 0x0013
mem[X,0x0000000080001414] -> 0x0000
[1524] [M]: 0x0000000080001412 (0x00000013) addi x0, x0, 0x0                        main+2098

mem[X,0x0000000080001416] -> 0x0013
mem[X,0x0000000080001418] -> 0x0000
[1525] [M]: 0x0000000080001416 (0x00000013) addi x0, x0, 0x0                        main+2102

clint mtime 0x00000000000002FB (mip.MTI <- 0b1, mip.STI <- 0b0)
mem[X,0x000000008000141A] -> 0x0013
mem[X,0x000000008000141C] -> 0x0000
[1526] [M]: 0x000000008000141A (0x00000013) addi x0, x0, 0x0                        main+2106

mem[X,0x000000008000141E] -> 0x0001
[1527] [M]: 0x000000008000141E (0x0001) c.nop                                       main+2110

clint mtime 0x00000000000002FC (mip.MTI <- 0b1, mip.STI <- 0b0)
mem[X,0x0000000080001420] -> 0x0593
mem[X,0x0000000080001422] -> 0x0CF0
[1528] [M]: 0x0000000080001420 (0x0CF00593) addi x11, x0, 0xcf                      main+2112
x11 <- 0x00000000000000CF

mem[X,0x0000000080001424] -> 0x5513
mem[X,0x0000000080001426] -> 0x00C5
[1529] [M]: 0x0000000080001424 (0x00C55513) srli x10, x10, 0xc                      main+2116
x10 <- 0x0000000000080000

clint mtime 0x00000000000002FD (mip.MTI <- 0b1, mip.STI <- 0b0)
mem[X,0x0000000080001428] -> 0x1513
mem[X,0x000000008000142A] -> 0x00A5
[1530] [M]: 0x0000000080001428 (0x00A51513) slli x10, x10, 0xa                      main+2120
x10 <- 0x0000000020000000

mem[X,0x000000008000142C] -> 0x6533
mem[X,0x000000008000142E] -> 0x00B5
[1531] [M]: 0x000000008000142C (0x00B56533) or x10, x10, x11                        main+2124
x10 <- 0x00000000200000CF

clint mtime 0x00000000000002FE (mip.MTI <- 0b1, mip.STI <- 0b0)
mem[X,0x0000000080001430] -> 0x0013
mem[X,0x0000000080001432] -> 0x0000
[1532] [M]: 0x0000000080001430 (0x00000013) addi x0, x0, 0x0                        main+2128

mem[X,0x0000000080001434] -> 0x0013
mem[X,0x0000000080001436] -> 0x0000
[1533] [M]: 0x0000000080001434 (0x00000013) addi x0, x0, 0x0                        main+2132

clint mtime 0x00000000000002FF (mip.MTI <- 0b1, mip.STI <- 0b0)
mem[X,0x0000000080001438] -> 0x0013
mem[X,0x000000008000143A] -> 0x0000
[1534] [M]: 0x0000000080001438 (0x00000013) addi x0, x0, 0x0                        main+2136

mem[X,0x000000008000143C] -> 0x0013
mem[X,0x000000008000143E] -> 0x0000
[1535] [M]: 0x000000008000143C (0x00000013) addi x0, x0, 0x0                        main+2140

clint mtime 0x0000000000000300 (mip.MTI <- 0b1, mip.STI <- 0b0)
mem[X,0x0000000080001440] -> 0x7317
mem[X,0x0000000080001442] -> 0x0000
[1536] [M]: 0x0000000080001440 (0x00007317) auipc x6, 0x7                           main+2144
x6 <- 0x0000000080008440

mem[X,0x0000000080001444] -> 0x0313
mem[X,0x0000000080001446] -> 0xBC03
[1537] [M]: 0x0000000080001444 (0xBC030313) addi x6, x6, -0x440                     main+2148
x6 <- 0x0000000080008000

clint mtime 0x0000000000000301 (mip.MTI <- 0b1, mip.STI <- 0b0)
mem[X,0x0000000080001448] -> 0x0001
[1538] [M]: 0x0000000080001448 (0x0001) c.nop                                       main+2152

mem[X,0x000000008000144A] -> 0x0013
mem[X,0x000000008000144C] -> 0x0000
[1539] [M]: 0x000000008000144A (0x00000013) addi x0, x0, 0x0                        main+2154

clint mtime 0x0000000000000302 (mip.MTI <- 0b1, mip.STI <- 0b0)
mem[X,0x000000008000144E] -> 0x0013
mem[X,0x0000000080001450] -> 0x0000
[1540] [M]: 0x000000008000144E (0x00000013) addi x0, x0, 0x0                        main+2158

mem[X,0x0000000080001452] -> 0x0013
mem[X,0x0000000080001454] -> 0x0000
[1541] [M]: 0x0000000080001452 (0x00000013) addi x0, x0, 0x0                        main+2162

clint mtime 0x0000000000000303 (mip.MTI <- 0b1, mip.STI <- 0b0)
mem[X,0x0000000080001456] -> 0x0013
mem[X,0x0000000080001458] -> 0x0000
[1542] [M]: 0x0000000080001456 (0x00000013) addi x0, x0, 0x0                        main+2166

mem[X,0x000000008000145A] -> 0x0013
mem[X,0x000000008000145C] -> 0x0000
[1543] [M]: 0x000000008000145A (0x00000013) addi x0, x0, 0x0                        main+2170

clint mtime 0x0000000000000304 (mip.MTI <- 0b1, mip.STI <- 0b0)
mem[X,0x000000008000145E] -> 0x0001
[1544] [M]: 0x000000008000145E (0x0001) c.nop                                       main+2174

mem[X,0x0000000080001460] -> 0x0293
mem[X,0x0000000080001462] -> 0x0280
[1545] [M]: 0x0000000080001460 (0x02800293) addi x5, x0, 0x28                       main+2176
x5 <- 0x0000000000000028

clint mtime 0x0000000000000305 (mip.MTI <- 0b1, mip.STI <- 0b0)
mem[X,0x0000000080001464] -> 0x0333
mem[X,0x0000000080001466] -> 0x0053
[1546] [M]: 0x0000000080001464 (0x00530333) add x6, x6, x5                          main+2180
x6 <- 0x0000000080008028

mem[X,0x0000000080001468] -> 0x3023
mem[X,0x000000008000146A] -> 0x00A3
[1547] [M]: 0x0000000080001468 (0x00A33023) sd x10, 0x0(x6)                         main+2184
mem[W,0x0000000080008028] <- 0x00000000200000CF

clint mtime 0x0000000000000306 (mip.MTI <- 0b1, mip.STI <- 0b0)
mem[X,0x000000008000146C] -> 0x0073
mem[X,0x000000008000146E] -> 0x1200
[1548] [M]: 0x000000008000146C (0x12000073) sfence.vma x0, x0                       main+2188

mem[X,0x0000000080001470] -> 0x0493
mem[X,0x0000000080001472] -> 0x0010
[1549] [M]: 0x0000000080001470 (0x00100493) addi x9, x0, 0x1                        main+2192
x9 <- 0x0000000000000001

clint mtime 0x0000000000000307 (mip.MTI <- 0b1, mip.STI <- 0b0)
mem[X,0x0000000080001474] -> 0x9493
mem[X,0x0000000080001476] -> 0x00B4
[1550] [M]: 0x0000000080001474 (0x00B49493) slli x9, x9, 0xb                        main+2196
x9 <- 0x0000000000000800

mem[X,0x0000000080001478] -> 0xB073
mem[X,0x000000008000147A] -> 0x3004
[1551] [M]: 0x0000000080001478 (0x3004B073) csrrc x0, mstatus, x9                   main+2200
CSR mstatus (0x300) <- 0x0000000A00000000

clint mtime 0x0000000000000308 (mip.MTI <- 0b1, mip.STI <- 0b0)
mem[X,0x000000008000147C] -> 0x0493
mem[X,0x000000008000147E] -> 0x0010
[1552] [M]: 0x000000008000147C (0x00100493) addi x9, x0, 0x1                        main+2204
x9 <- 0x0000000000000001

mem[X,0x0000000080001480] -> 0x9493
mem[X,0x0000000080001482] -> 0x00B4
[1553] [M]: 0x0000000080001480 (0x00B49493) slli x9, x9, 0xb                        main+2208
x9 <- 0x0000000000000800

clint mtime 0x0000000000000309 (mip.MTI <- 0b1, mip.STI <- 0b0)
mem[X,0x0000000080001484] -> 0xA073
mem[X,0x0000000080001486] -> 0x3004
[1554] [M]: 0x0000000080001484 (0x3004A073) csrrs x0, mstatus, x9                   main+2212
CSR mstatus (0x300) <- 0x0000000A00000800

mem[X,0x0000000080001488] -> 0x23F3
mem[X,0x000000008000148A] -> 0x3400
[1555] [M]: 0x0000000080001488 (0x340023F3) csrrs x7, mscratch, x0                  main+2216
CSR mscratch (0x340) -> 0x0000000080005000
x7 <- 0x0000000080005000

clint mtime 0x000000000000030A (mip.MTI <- 0b1, mip.STI <- 0b0)
mem[X,0x000000008000148C] -> 0xB303
mem[X,0x000000008000148E] -> 0x4703
[1556] [M]: 0x000000008000148C (0x4703B303) ld x6, 0x470(x7)                        main+2220
mem[R,0x0000000080005470] -> 0x0000000180000B9C
x6 <- 0x0000000180000B9C

mem[X,0x0000000080001490] -> 0xB483
mem[X,0x0000000080001492] -> 0x1D83
[1557] [M]: 0x0000000080001490 (0x1D83B483) ld x9, 0x1d8(x7)                        main+2224
mem[R,0x00000000800051D8] -> 0x0000000080000BB4
x9 <- 0x0000000080000BB4

clint mtime 0x000000000000030B (mip.MTI <- 0b1, mip.STI <- 0b0)
mem[X,0x0000000080001494] -> 0x0333
mem[X,0x0000000080001496] -> 0x4093
[1558] [M]: 0x0000000080001494 (0x40930333) sub x6, x6, x9                          main+2228
x6 <- 0x00000000FFFFFFE8

mem[X,0x0000000080001498] -> 0x0313
mem[X,0x000000008000149A] -> 0x0103
[1559] [M]: 0x0000000080001498 (0x01030313) addi x6, x6, 0x10                       main+2232
x6 <- 0x00000000FFFFFFF8

clint mtime 0x000000000000030C (mip.MTI <- 0b1, mip.STI <- 0b0)
mem[X,0x000000008000149C] -> 0x0497
mem[X,0x000000008000149E] -> 0x0000
[1560] [M]: 0x000000008000149C (0x00000497) auipc x9, 0x0                           main+2236
x9 <- 0x000000008000149C

mem[X,0x00000000800014A0] -> 0x84B3
mem[X,0x00000000800014A2] -> 0x0064
[1561] [M]: 0x00000000800014A0 (0x006484B3) add x9, x9, x6                          main+2240
x9 <- 0x0000000180001494

clint mtime 0x000000000000030D (mip.MTI <- 0b1, mip.STI <- 0b0)
mem[X,0x00000000800014A4] -> 0x94F3
mem[X,0x00000000800014A6] -> 0x3414
[1562] [M]: 0x00000000800014A4 (0x341494F3) csrrw x9, mepc, x9                      main+2244
CSR mepc (0x341) <- 0x0000000180001494
x9 <- 0x00000001800013BC

mem[X,0x00000000800014A8] -> 0x0073
mem[X,0x00000000800014AA] -> 0x3020
[1563] [M]: 0x00000000800014A8 (0x30200073) mret                                    main+2248
CSR mstatus (0x300) <- 0x0000000A00000080
ret-ing from M to S

clint mtime 0x000000000000030E (mip.MTI <- 0b1, mip.STI <- 0b0)
PTW: Start, vpn=0x180001, access_type=X, privilege=Smem[R,0x0000000080008030] -> 0x00000000200000CB
PTW: Step, level=2, pte=0x200000CB, pte_addr=0x80008030
PTW: Success, final_ppn=0x80001, level=2mem[X,0x0000000080001494] -> 0x0333
PTW: Start, vpn=0x180001, access_type=X, privilege=Smem[R,0x0000000080008030] -> 0x00000000200000CB
PTW: Step, level=2, pte=0x200000CB, pte_addr=0x80008030
PTW: Success, final_ppn=0x80001, level=2mem[X,0x0000000080001496] -> 0x4093
[1564] [S]: 0x0000000180001494 (0x40930333) sub x6, x6, x9                          va_rvtest_code_begin+2296
x6 <- 0xFFFFFFFF7FFFEC3C

PTW: Start, vpn=0x180001, access_type=X, privilege=Smem[R,0x0000000080008030] -> 0x00000000200000CB
PTW: Step, level=2, pte=0x200000CB, pte_addr=0x80008030
PTW: Success, final_ppn=0x80001, level=2mem[X,0x0000000080001498] -> 0x0313
PTW: Start, vpn=0x180001, access_type=X, privilege=Smem[R,0x0000000080008030] -> 0x00000000200000CB
PTW: Step, level=2, pte=0x200000CB, pte_addr=0x80008030
PTW: Success, final_ppn=0x80001, level=2mem[X,0x000000008000149A] -> 0x0103
[1565] [S]: 0x0000000180001498 (0x01030313) addi x6, x6, 0x10                       va_rvtest_code_begin+2300
x6 <- 0xFFFFFFFF7FFFEC4C

clint mtime 0x000000000000030F (mip.MTI <- 0b1, mip.STI <- 0b0)
PTW: Start, vpn=0x180001, access_type=X, privilege=Smem[R,0x0000000080008030] -> 0x00000000200000CB
PTW: Step, level=2, pte=0x200000CB, pte_addr=0x80008030
PTW: Success, final_ppn=0x80001, level=2mem[X,0x000000008000149C] -> 0x0497
PTW: Start, vpn=0x180001, access_type=X, privilege=Smem[R,0x0000000080008030] -> 0x00000000200000CB
PTW: Step, level=2, pte=0x200000CB, pte_addr=0x80008030
PTW: Success, final_ppn=0x80001, level=2mem[X,0x000000008000149E] -> 0x0000
[1566] [S]: 0x000000018000149C (0x00000497) auipc x9, 0x0                           va_rvtest_code_begin+2304
x9 <- 0x000000018000149C

PTW: Start, vpn=0x180001, access_type=X, privilege=Smem[R,0x0000000080008030] -> 0x00000000200000CB
PTW: Step, level=2, pte=0x200000CB, pte_addr=0x80008030
PTW: Success, final_ppn=0x80001, level=2mem[X,0x00000000800014A0] -> 0x84B3
PTW: Start, vpn=0x180001, access_type=X, privilege=Smem[R,0x0000000080008030] -> 0x00000000200000CB
PTW: Step, level=2, pte=0x200000CB, pte_addr=0x80008030
PTW: Success, final_ppn=0x80001, level=2mem[X,0x00000000800014A2] -> 0x0064
[1567] [S]: 0x00000001800014A0 (0x006484B3) add x9, x9, x6                          va_rvtest_code_begin+2308
x9 <- 0x00000001000000E8

clint mtime 0x0000000000000310 (mip.MTI <- 0b1, mip.STI <- 0b0)
PTW: Start, vpn=0x180001, access_type=X, privilege=Smem[R,0x0000000080008030] -> 0x00000000200000CB
PTW: Step, level=2, pte=0x200000CB, pte_addr=0x80008030
PTW: Success, final_ppn=0x80001, level=2mem[X,0x00000000800014A4] -> 0x94F3
PTW: Start, vpn=0x180001, access_type=X, privilege=Smem[R,0x0000000080008030] -> 0x00000000200000CB
PTW: Step, level=2, pte=0x200000CB, pte_addr=0x80008030
PTW: Success, final_ppn=0x80001, level=2mem[X,0x00000000800014A6] -> 0x3414
[1568] [S]: 0x00000001800014A4 (0x341494F3) csrrw x9, mepc, x9                      va_rvtest_code_begin+2312
trapping from S to M to handle illegal-instruction
handling exc#illegal-instruction at priv M with tval 0x00000000341494F3
CSR mstatus (0x300) <- 0x0000000A00000800
CSR mcause (0x342) <- 0x0000000000000002
CSR mtval (0x343) <- 0x00000000341494F3
CSR mepc (0x341) <- 0x00000001800014A4

mem[X,0x0000000080001F80] -> 0x006F
mem[X,0x0000000080001F82] -> 0x1000
[1569] [M]: 0x0000000080001F80 (0x1000006F) jal x0, 0x100                           Mtrampoline+0

clint mtime 0x0000000000000311 (mip.MTI <- 0b1, mip.STI <- 0b0)
mem[X,0x0000000080002080] -> 0x1173
mem[X,0x0000000080002082] -> 0x3401
[1570] [M]: 0x0000000080002080 (0x34011173) csrrw x2, mscratch, x2                  trap_Mhandler+0
CSR mscratch (0x340) <- 0x0000000000000000
x2 <- 0x0000000080005000

mem[X,0x0000000080002084] -> 0x3423
mem[X,0x0000000080002086] -> 0x28B1
[1571] [M]: 0x0000000080002084 (0x28B13423) sd x11, 0x288(x2)                       trap_Mhandler+4
mem[W,0x0000000080005288] <- 0x00000000000000CF

clint mtime 0x0000000000000312 (mip.MTI <- 0b1, mip.STI <- 0b0)
mem[X,0x0000000080002088] -> 0x05EF
mem[X,0x000000008000208A] -> 0x0B80
[1572] [M]: 0x0000000080002088 (0x0B8005EF) jal x11, 0xb8                           trap_Mhandler+8
x11 <- 0x000000008000208C

mem[X,0x0000000080002140] -> 0x3023
mem[X,0x0000000080002142] -> 0x28A1
[1573] [M]: 0x0000000080002140 (0x28A13023) sd x10, 0x280(x2)                       common_Mhandler+0
mem[W,0x0000000080005280] <- 0x00000000200000CF

clint mtime 0x0000000000000313 (mip.MTI <- 0b1, mip.STI <- 0b0)
mem[X,0x0000000080002144] -> 0x1573
mem[X,0x0000000080002146] -> 0x3401
[1574] [M]: 0x0000000080002144 (0x34011573) csrrw x10, mscratch, x2                 common_Mhandler+4
CSR mscratch (0x340) <- 0x0000000080005000
x10 <- 0x0000000000000000

mem[X,0x0000000080002148] -> 0x3823
mem[X,0x000000008000214A] -> 0x28A1
[1575] [M]: 0x0000000080002148 (0x28A13823) sd x10, 0x290(x2)                       common_Mhandler+8
mem[W,0x0000000080005290] <- 0x0000000000000000

clint mtime 0x0000000000000314 (mip.MTI <- 0b1, mip.STI <- 0b0)
mem[X,0x000000008000214C] -> 0x3503
mem[X,0x000000008000214E] -> 0x2301
[1576] [M]: 0x000000008000214C (0x23013503) ld x10, 0x230(x2)                       common_Mhandler+12
mem[R,0x0000000080005230] -> 0x0000000080002154
x10 <- 0x0000000080002154

mem[X,0x0000000080002150] -> 0x0067
mem[X,0x0000000080002152] -> 0x0005
[1577] [M]: 0x0000000080002150 (0x00050067) jalr x0, 0x0(x10)                       common_Mhandler+16

clint mtime 0x0000000000000315 (mip.MTI <- 0b1, mip.STI <- 0b0)
mem[X,0x0000000080002154] -> 0x3C23
mem[X,0x0000000080002156] -> 0x2691
[1578] [M]: 0x0000000080002154 (0x26913C23) sd x9, 0x278(x2)                        common_Mentry+0
mem[W,0x0000000080005278] <- 0x00000001000000E8

mem[X,0x0000000080002158] -> 0x3823
mem[X,0x000000008000215A] -> 0x2681
[1579] [M]: 0x0000000080002158 (0x26813823) sd x8, 0x270(x2)                        common_Mentry+4
mem[W,0x0000000080005270] <- 0x0000000000007F76

clint mtime 0x0000000000000316 (mip.MTI <- 0b1, mip.STI <- 0b0)
mem[X,0x000000008000215C] -> 0x3423
mem[X,0x000000008000215E] -> 0x2671
[1580] [M]: 0x000000008000215C (0x26713423) sd x7, 0x268(x2)                        common_Mentry+8
mem[W,0x0000000080005268] <- 0x0000000080005000

mem[X,0x0000000080002160] -> 0x3023
mem[X,0x0000000080002162] -> 0x2661
[1581] [M]: 0x0000000080002160 (0x26613023) sd x6, 0x260(x2)                        common_Mentry+12
mem[W,0x0000000080005260] <- 0xFFFFFFFF7FFFEC4C

clint mtime 0x0000000000000317 (mip.MTI <- 0b1, mip.STI <- 0b0)
mem[X,0x0000000080002164] -> 0x2573
mem[X,0x0000000080002166] -> 0x3420
[1582] [M]: 0x0000000080002164 (0x34202573) csrrs x10, mcause, x0                   spcl_M2mmode_test+0
CSR mcause (0x342) -> 0x0000000000000002
x10 <- 0x0000000000000002

mem[X,0x0000000080002168] -> 0x04B7
mem[X,0x000000008000216A] -> 0x8000
[1583] [M]: 0x0000000080002168 (0x800004B7) lui x9, -0x80000                        spcl_M2mmode_test+4
x9 <- 0xFFFFFFFF80000000

clint mtime 0x0000000000000318 (mip.MTI <- 0b1, mip.STI <- 0b0)
mem[X,0x000000008000216C] -> 0x8493
mem[X,0x000000008000216E] -> 0x0004
[1584] [M]: 0x000000008000216C (0x00048493) addi x9, x9, 0x0                        spcl_M2mmode_test+8
x9 <- 0xFFFFFFFF80000000

mem[X,0x0000000080002170] -> 0x9493
mem[X,0x0000000080002172] -> 0x00B4
[1585] [M]: 0x0000000080002170 (0x00B49493) slli x9, x9, 0xb                        spcl_M2mmode_test+12
x9 <- 0xFFFFFC0000000000

clint mtime 0x0000000000000319 (mip.MTI <- 0b1, mip.STI <- 0b0)
mem[X,0x0000000080002174] -> 0x8493
mem[X,0x0000000080002176] -> 0x0004
[1586] [M]: 0x0000000080002174 (0x00048493) addi x9, x9, 0x0                        spcl_M2mmode_test+16
x9 <- 0xFFFFFC0000000000

mem[X,0x0000000080002178] -> 0x9493
mem[X,0x000000008000217A] -> 0x00B4
[1587] [M]: 0x0000000080002178 (0x00B49493) slli x9, x9, 0xb                        spcl_M2mmode_test+20
x9 <- 0xFFE0000000000000

clint mtime 0x000000000000031A (mip.MTI <- 0b1, mip.STI <- 0b0)
mem[X,0x000000008000217C] -> 0x8493
mem[X,0x000000008000217E] -> 0x0034
[1588] [M]: 0x000000008000217C (0x00348493) addi x9, x9, 0x3                        spcl_M2mmode_test+24
x9 <- 0xFFE0000000000003

mem[X,0x0000000080002180] -> 0x9493
mem[X,0x0000000080002182] -> 0x00A4
[1589] [M]: 0x0000000080002180 (0x00A49493) slli x9, x9, 0xa                        spcl_M2mmode_test+28
x9 <- 0x8000000000000C00

clint mtime 0x000000000000031B (mip.MTI <- 0b1, mip.STI <- 0b0)
mem[X,0x0000000080002184] -> 0x8493
mem[X,0x0000000080002186] -> 0x3FC4
[1590] [M]: 0x0000000080002184 (0x3FC48493) addi x9, x9, 0x3fc                      spcl_M2mmode_test+32
x9 <- 0x8000000000000FFC

mem[X,0x0000000080002188] -> 0xF4B3
mem[X,0x000000008000218A] -> 0x00A4
[1591] [M]: 0x0000000080002188 (0x00A4F4B3) and x9, x9, x10                         spcl_M2mmode_test+36
x9 <- 0x0000000000000000

clint mtime 0x000000000000031C (mip.MTI <- 0b1, mip.STI <- 0b0)
mem[X,0x000000008000218C] -> 0x8493
mem[X,0x000000008000218E] -> 0xFF84
[1592] [M]: 0x000000008000218C (0xFF848493) addi x9, x9, -0x8                       spcl_M2mmode_test+40
x9 <- 0xFFFFFFFFFFFFFFF8

mem[X,0x0000000080002190] -> 0x9663
mem[X,0x0000000080002192] -> 0x0004
[1593] [M]: 0x0000000080002190 (0x00049663) bne x9, x0, 0xc                         spcl_M2mmode_test+44

clint mtime 0x000000000000031D (mip.MTI <- 0b1, mip.STI <- 0b0)
mem[X,0x000000008000219C] -> 0x0393
mem[X,0x000000008000219E] -> 0x0200
[1594] [M]: 0x000000008000219C (0x02000393) addi x7, x0, 0x20                       Mtrapsig_ptr_upd+0
x7 <- 0x0000000000000020

mem[X,0x00000000800021A0] -> 0x5263
mem[X,0x00000000800021A2] -> 0x0405
[1595] [M]: 0x00000000800021A0 (0x04055263) bge x10, x0, 0x44                       Mtrapsig_ptr_upd+4

clint mtime 0x000000000000031E (mip.MTI <- 0b1, mip.STI <- 0b0)
mem[X,0x00000000800021E4] -> 0x2373
mem[X,0x00000000800021E6] -> 0x3010
[1596] [M]: 0x00000000800021E4 (0x30102373) csrrs x6, misa, x0                      Mxcpt_sig_sv+0
CSR misa (0x301) -> 0x800000000034112F
x6 <- 0x800000000034112F

mem[X,0x00000000800021E8] -> 0x1313
mem[X,0x00000000800021EA] -> 0x0383
[1597] [M]: 0x00000000800021E8 (0x03831313) slli x6, x6, 0x38                       Mxcpt_sig_sv+4
x6 <- 0x2F00000000000000

clint mtime 0x000000000000031F (mip.MTI <- 0b1, mip.STI <- 0b0)
mem[X,0x00000000800021EC] -> 0x5463
mem[X,0x00000000800021EE] -> 0x0003
[1598] [M]: 0x00000000800021EC (0x00035463) bge x6, x0, 0x8                         Mxcpt_sig_sv+8

mem[X,0x00000000800021F4] -> 0x3303
mem[X,0x00000000800021F6] -> 0x2181
[1599] [M]: 0x00000000800021F4 (0x21813303) ld x6, 0x218(x2)                        Mtrap_sig_sv+0
mem[R,0x0000000080005218] -> 0x00000000800093D8
x6 <- 0x00000000800093D8

clint mtime 0x0000000000000320 (mip.MTI <- 0b1, mip.STI <- 0b0)
mem[X,0x00000000800021F8] -> 0x04B3
mem[X,0x00000000800021FA] -> 0x0073
[1600] [M]: 0x00000000800021F8 (0x007304B3) add x9, x6, x7                          Mtrap_sig_sv+4
x9 <- 0x00000000800093F8

mem[X,0x00000000800021FC] -> 0x3C23
mem[X,0x00000000800021FE] -> 0x2091
[1601] [M]: 0x00000000800021FC (0x20913C23) sd x9, 0x218(x2)                        Mtrap_sig_sv+8
mem[W,0x0000000080005218] <- 0x00000000800093F8

clint mtime 0x0000000000000321 (mip.MTI <- 0b1, mip.STI <- 0b0)
mem[X,0x0000000080002200] -> 0x3403
mem[X,0x0000000080002202] -> 0x1F81
[1602] [M]: 0x0000000080002200 (0x1F813403) ld x8, 0x1f8(x2)                        Mtrap_sig_sv+12
mem[R,0x00000000800051F8] -> 0x0000000080009110
x8 <- 0x0000000080009110

mem[X,0x0000000080002204] -> 0x0333
mem[X,0x0000000080002206] -> 0x4083
[1603] [M]: 0x0000000080002204 (0x40830333) sub x6, x6, x8                          Mtrap_sig_sv+16
x6 <- 0x00000000000002C8

clint mtime 0x0000000000000322 (mip.MTI <- 0b1, mip.STI <- 0b0)
mem[X,0x0000000080002208] -> 0x3403
mem[X,0x000000008000220A] -> 0x1F81
[1604] [M]: 0x0000000080002208 (0x1F813403) ld x8, 0x1f8(x2)                        Mtrap_sig_sv+20
mem[R,0x00000000800051F8] -> 0x0000000080009110
x8 <- 0x0000000080009110

mem[X,0x000000008000220C] -> 0x0333
mem[X,0x000000008000220E] -> 0x0083
[1605] [M]: 0x000000008000220C (0x00830333) add x6, x6, x8                          Mtrap_sig_sv+24
x6 <- 0x00000000800093D8

clint mtime 0x0000000000000323 (mip.MTI <- 0b1, mip.STI <- 0b0)
mem[X,0x0000000080002210] -> 0x3403
mem[X,0x0000000080002212] -> 0x2401
[1606] [M]: 0x0000000080002210 (0x24013403) ld x8, 0x240(x2)                        Mtrap_sig_sv+28
mem[R,0x0000000080005240] -> 0x0000000080001F80
x8 <- 0x0000000080001F80

mem[X,0x0000000080002214] -> 0x85B3
mem[X,0x0000000080002216] -> 0x4085
[1607] [M]: 0x0000000080002214 (0x408585B3) sub x11, x11, x8                        sv_Mvect+0
x11 <- 0x000000000000010C

clint mtime 0x0000000000000324 (mip.MTI <- 0b1, mip.STI <- 0b0)
mem[X,0x0000000080002218] -> 0x9593
mem[X,0x000000008000221A] -> 0x0045
[1608] [M]: 0x0000000080002218 (0x00459593) slli x11, x11, 0x4                      sv_Mvect+4
x11 <- 0x00000000000010C0

mem[X,0x000000008000221C] -> 0xE5B3
mem[X,0x000000008000221E] -> 0x0075
[1609] [M]: 0x000000008000221C (0x0075E5B3) or x11, x11, x7                         sv_Mvect+8
x11 <- 0x00000000000010E0

clint mtime 0x0000000000000325 (mip.MTI <- 0b1, mip.STI <- 0b0)
mem[X,0x0000000080002220] -> 0x8593
mem[X,0x0000000080002222] -> 0x0035
[1610] [M]: 0x0000000080002220 (0x00358593) addi x11, x11, 0x3                      sv_Mvect+12
x11 <- 0x00000000000010E3

mem[X,0x0000000080002224] -> 0x3023
mem[X,0x0000000080002226] -> 0x00B3
[1611] [M]: 0x0000000080002224 (0x00B33023) sd x11, 0x0(x6)                         sv_Mvect+16
mem[W,0x00000000800093D8] <- 0x00000000000010E3

clint mtime 0x0000000000000326 (mip.MTI <- 0b1, mip.STI <- 0b0)
mem[X,0x0000000080002228] -> 0x3423
mem[X,0x000000008000222A] -> 0x00A3
[1612] [M]: 0x0000000080002228 (0x00A33423) sd x10, 0x8(x6)                         sv_Mcause+0
mem[W,0x00000000800093E0] <- 0x0000000000000002

mem[X,0x000000008000222C] -> 0x4663
mem[X,0x000000008000222E] -> 0x1A05
[1613] [M]: 0x000000008000222C (0x1A054663) blt x10, x0, 0x1ac                      sv_Mcause+4

clint mtime 0x0000000000000327 (mip.MTI <- 0b1, mip.STI <- 0b0)
mem[X,0x0000000080002230] -> 0x25F3
mem[X,0x0000000080002232] -> 0x3000
[1614] [M]: 0x0000000080002230 (0x300025F3) csrrs x11, mstatus, x0                  common_Mexcpt_handler+0
CSR mstatus (0x300) -> 0x0000000A00000800
x11 <- 0x0000000A00000800

mem[X,0x0000000080002234] -> 0x9413
mem[X,0x0000000080002236] -> 0x02E5
[1615] [M]: 0x0000000080002234 (0x02E59413) slli x8, x11, 0x2e                      common_Mexcpt_handler+4
x8 <- 0x0200000000000000

clint mtime 0x0000000000000328 (mip.MTI <- 0b1, mip.STI <- 0b0)
mem[X,0x0000000080002238] -> 0x5463
mem[X,0x000000008000223A] -> 0x0004
[1616] [M]: 0x0000000080002238 (0x00045463) bge x8, x0, 0x8                         common_Mexcpt_handler+8

mem[X,0x0000000080002240] -> 0xD493
mem[X,0x0000000080002242] -> 0x00B5
[1617] [M]: 0x0000000080002240 (0x00B5D493) srli x9, x11, 0xb                       common_Mexcpt_handler+16
x9 <- 0x0000000001400001

clint mtime 0x0000000000000329 (mip.MTI <- 0b1, mip.STI <- 0b0)
mem[X,0x0000000080002244] -> 0xF493
mem[X,0x0000000080002246] -> 0x0034
[1618] [M]: 0x0000000080002244 (0x0034F493) andi x9, x9, 0x3                        common_Mexcpt_handler+20
x9 <- 0x0000000000000001

mem[X,0x0000000080002248] -> 0x8493
mem[X,0x000000008000224A] -> 0x0014
[1619] [M]: 0x0000000080002248 (0x00148493) addi x9, x9, 0x1                        common_Mexcpt_handler+24
x9 <- 0x0000000000000002

clint mtime 0x000000000000032A (mip.MTI <- 0b1, mip.STI <- 0b0)
mem[X,0x000000008000224C] -> 0xF493
mem[X,0x000000008000224E] -> 0x0044
[1620] [M]: 0x000000008000224C (0x0044F493) andi x9, x9, 0x4                        common_Mexcpt_handler+28
x9 <- 0x0000000000000000

mem[X,0x0000000080002250] -> 0x0593
mem[X,0x0000000080002252] -> 0x05D0
[1621] [M]: 0x0000000080002250 (0x05D00593) addi x11, x0, 0x5d                      common_Mexcpt_handler+32
x11 <- 0x000000000000005D

clint mtime 0x000000000000032B (mip.MTI <- 0b1, mip.STI <- 0b0)
mem[X,0x0000000080002254] -> 0xD5B3
mem[X,0x0000000080002256] -> 0x0095
[1622] [M]: 0x0000000080002254 (0x0095D5B3) srl x11, x11, x9                        common_Mexcpt_handler+36
x11 <- 0x000000000000005D

mem[X,0x0000000080002258] -> 0xF593
mem[X,0x000000008000225A] -> 0x0015
[1623] [M]: 0x0000000080002258 (0x0015F593) andi x11, x11, 0x1                      common_Mexcpt_handler+40
x11 <- 0x0000000000000001

clint mtime 0x000000000000032C (mip.MTI <- 0b1, mip.STI <- 0b0)
mem[X,0x000000008000225C] -> 0x8EE3
mem[X,0x000000008000225E] -> 0xF405
[1624] [M]: 0x000000008000225C (0xF4058EE3) beq x11, x0, -0xa4                      common_Mexcpt_handler+44

mem[X,0x0000000080002260] -> 0x0593
mem[X,0x0000000080002262] -> 0x2980
[1625] [M]: 0x0000000080002260 (0x29800593) addi x11, x0, 0x298                     common_Mexcpt_handler+48
x11 <- 0x0000000000000298

clint mtime 0x000000000000032D (mip.MTI <- 0b1, mip.STI <- 0b0)
mem[X,0x0000000080002264] -> 0xF413
mem[X,0x0000000080002266] -> 0x0014
[1626] [M]: 0x0000000080002264 (0x0014F413) andi x8, x9, 0x1                        common_Mexcpt_handler+52
x8 <- 0x0000000000000000

mem[X,0x0000000080002268] -> 0x95B3
mem[X,0x000000008000226A] -> 0x0085
[1627] [M]: 0x0000000080002268 (0x008595B3) sll x11, x11, x8                        common_Mexcpt_handler+56
x11 <- 0x0000000000000298

clint mtime 0x000000000000032E (mip.MTI <- 0b1, mip.STI <- 0b0)
mem[X,0x000000008000226C] -> 0x9413
mem[X,0x000000008000226E] -> 0x03D4
[1628] [M]: 0x000000008000226C (0x03D49413) slli x8, x9, 0x3d                       common_Mexcpt_handler+60
x8 <- 0x0000000000000000

mem[X,0x0000000080002270] -> 0x5413
mem[X,0x0000000080002272] -> 0x43F4
[1629] [M]: 0x0000000080002270 (0x43F45413) srai x8, x8, 0x3f                       common_Mexcpt_handler+64
x8 <- 0x0000000000000000

clint mtime 0x000000000000032F (mip.MTI <- 0b1, mip.STI <- 0b0)
mem[X,0x0000000080002274] -> 0x4413
mem[X,0x0000000080002276] -> 0xFFF4
[1630] [M]: 0x0000000080002274 (0xFFF44413) xori x8, x8, -0x1                       common_Mexcpt_handler+68
x8 <- 0xFFFFFFFFFFFFFFFF

mem[X,0x0000000080002278] -> 0xF4B3
mem[X,0x000000008000227A] -> 0x0085
[1631] [M]: 0x0000000080002278 (0x0085F4B3) and x9, x11, x8                         common_Mexcpt_handler+72
x9 <- 0x0000000000000298

clint mtime 0x0000000000000330 (mip.MTI <- 0b1, mip.STI <- 0b0)
mem[X,0x000000008000227C] -> 0x84B3
mem[X,0x000000008000227E] -> 0x0024
[1632] [M]: 0x000000008000227C (0x002484B3) add x9, x9, x2                          vmem_adj_Mepc+0
x9 <- 0x0000000080005298

mem[X,0x0000000080002280] -> 0x23F3
mem[X,0x0000000080002282] -> 0x3410
[1633] [M]: 0x0000000080002280 (0x341023F3) csrrs x7, mepc, x0                      vmem_adj_Mepc+4
CSR mepc (0x341) -> 0x00000001800014A4
x7 <- 0x00000001800014A4

clint mtime 0x0000000000000331 (mip.MTI <- 0b1, mip.STI <- 0b0)
mem[X,0x0000000080002284] -> 0x0413
mem[X,0x0000000080002286] -> 0x0004
[1634] [M]: 0x0000000080002284 (0x00040413) addi x8, x8, 0x0                        vmem_adj_Mepc+8
x8 <- 0xFFFFFFFFFFFFFFFF

mem[X,0x0000000080002288] -> 0x006F
mem[X,0x000000008000228A] -> 0x0400
[1635] [M]: 0x0000000080002288 (0x0400006F) jal x0, 0x40                            vmem_adj_Mepc+12

clint mtime 0x0000000000000332 (mip.MTI <- 0b1, mip.STI <- 0b0)
mem[X,0x00000000800022C8] -> 0x8433
mem[X,0x00000000800022CA] -> 0x4083
[1636] [M]: 0x00000000800022C8 (0x40838433) sub x8, x7, x8                          adj_Mepc+0
x8 <- 0x00000001800014A5

mem[X,0x00000000800022CC] -> 0x3823
mem[X,0x00000000800022CE] -> 0x0083
[1637] [M]: 0x00000000800022CC (0x00833823) sd x8, 0x10(x6)                         sv_Mepc+0
mem[W,0x00000000800093E8] <- 0x00000001800014A5

clint mtime 0x0000000000000333 (mip.MTI <- 0b1, mip.STI <- 0b0)
mem[X,0x00000000800022D0] -> 0x55B7
mem[X,0x00000000800022D2] -> 0x0000
[1638] [M]: 0x00000000800022D0 (0x000055B7) lui x11, 0x5                            sv_Mepc+4
x11 <- 0x0000000000005000

mem[X,0x00000000800022D4] -> 0x8593
mem[X,0x00000000800022D6] -> 0x6675
[1639] [M]: 0x00000000800022D4 (0x66758593) addi x11, x11, 0x667                    sv_Mepc+8
x11 <- 0x0000000000005667

clint mtime 0x0000000000000334 (mip.MTI <- 0b1, mip.STI <- 0b0)
mem[X,0x00000000800022D8] -> 0x9593
mem[X,0x00000000800022DA] -> 0x0015
[1640] [M]: 0x00000000800022D8 (0x00159593) slli x11, x11, 0x1                      sv_Mepc+12
x11 <- 0x000000000000ACCE

mem[X,0x00000000800022DC] -> 0x9063
mem[X,0x00000000800022DE] -> 0x02B1
[1641] [M]: 0x00000000800022DC (0x02B19063) bne x3, x11, 0x20                       sv_Mepc+16

clint mtime 0x0000000000000335 (mip.MTI <- 0b1, mip.STI <- 0b0)
mem[X,0x00000000800022E0] -> 0x2473
mem[X,0x00000000800022E2] -> 0x3420
[1642] [M]: 0x00000000800022E0 (0x34202473) csrrs x8, mcause, x0                    sv_Mepc+20
CSR mcause (0x342) -> 0x0000000000000002
x8 <- 0x0000000000000002

mem[X,0x00000000800022E4] -> 0x0593
mem[X,0x00000000800022E6] -> 0x00C0
[1643] [M]: 0x00000000800022E4 (0x00C00593) addi x11, x0, 0xc                       sv_Mepc+24
x11 <- 0x000000000000000C

clint mtime 0x0000000000000336 (mip.MTI <- 0b1, mip.STI <- 0b0)
mem[X,0x00000000800022E8] -> 0x0663
mem[X,0x00000000800022EA] -> 0x00B4
[1644] [M]: 0x00000000800022E8 (0x00B40663) beq x8, x11, 0xc                        sv_Mepc+28

mem[X,0x00000000800022EC] -> 0x0593
mem[X,0x00000000800022EE] -> 0x0010
[1645] [M]: 0x00000000800022EC (0x00100593) addi x11, x0, 0x1                       sv_Mepc+32
x11 <- 0x0000000000000001

clint mtime 0x0000000000000337 (mip.MTI <- 0b1, mip.STI <- 0b0)
mem[X,0x00000000800022F0] -> 0x1663
mem[X,0x00000000800022F2] -> 0x00B4
[1646] [M]: 0x00000000800022F0 (0x00B41663) bne x8, x11, 0xc                        sv_Mepc+36

mem[X,0x00000000800022FC] -> 0xF593
mem[X,0x00000000800022FE] -> 0xFFC3
[1647] [M]: 0x00000000800022FC (0xFFC3F593) andi x11, x7, -0x4                      adj_Mepc_rtn+0
x11 <- 0x00000001800014A4

clint mtime 0x0000000000000338 (mip.MTI <- 0b1, mip.STI <- 0b0)
mem[X,0x0000000080002300] -> 0x8593
mem[X,0x0000000080002302] -> 0x0085
[1648] [M]: 0x0000000080002300 (0x00858593) addi x11, x11, 0x8                      adj_Mepc_rtn+4
x11 <- 0x00000001800014AC

mem[X,0x0000000080002304] -> 0x9073
mem[X,0x0000000080002306] -> 0x3415
[1649] [M]: 0x0000000080002304 (0x34159073) csrrw x0, mepc, x11                     adj_Mepc_rtn+8
CSR mepc (0x341) <- 0x00000001800014AC

clint mtime 0x0000000000000339 (mip.MTI <- 0b1, mip.STI <- 0b0)
mem[X,0x0000000080002308] -> 0x23F3
mem[X,0x000000008000230A] -> 0x3430
[1650] [M]: 0x0000000080002308 (0x343023F3) csrrs x7, mtval, x0                     skp_adj_Mepc+0
CSR mtval (0x343) -> 0x00000000341494F3
x7 <- 0x00000000341494F3

mem[X,0x000000008000230C] -> 0x0413
mem[X,0x000000008000230E] -> 0x0004
[1651] [M]: 0x000000008000230C (0x00040413) addi x8, x8, 0x0                        skp_adj_Mepc+4
x8 <- 0x0000000000000002

clint mtime 0x000000000000033A (mip.MTI <- 0b1, mip.STI <- 0b0)
mem[X,0x0000000080002310] -> 0x006F
mem[X,0x0000000080002312] -> 0x0840
[1652] [M]: 0x0000000080002310 (0x0840006F) jal x0, 0x84                            skp_adj_Mepc+8

mem[X,0x0000000080002394] -> 0x8433
mem[X,0x0000000080002396] -> 0x4083
[1653] [M]: 0x0000000080002394 (0x40838433) sub x8, x7, x8                          adj_Mtval+0
x8 <- 0x00000000341494F1

clint mtime 0x000000000000033B (mip.MTI <- 0b1, mip.STI <- 0b0)
mem[X,0x0000000080002398] -> 0x3C23
mem[X,0x000000008000239A] -> 0x0083
[1654] [M]: 0x0000000080002398 (0x00833C23) sd x8, 0x18(x6)                         sv_Mtval+0
mem[W,0x00000000800093F0] <- 0x00000000341494F1

mem[X,0x000000008000239C] -> 0x3483
mem[X,0x000000008000239E] -> 0x2181
[1655] [M]: 0x000000008000239C (0x21813483) ld x9, 0x218(x2)                        skp_Mtval+0
mem[R,0x0000000080005218] -> 0x00000000800093F8
x9 <- 0x00000000800093F8

clint mtime 0x000000000000033C (mip.MTI <- 0b1, mip.STI <- 0b0)
mem[X,0x00000000800023A0] -> 0x3383
mem[X,0x00000000800023A2] -> 0x1F81
[1656] [M]: 0x00000000800023A0 (0x1F813383) ld x7, 0x1f8(x2)                        skp_Mtval+4
mem[R,0x00000000800051F8] -> 0x0000000080009110
x7 <- 0x0000000080009110

mem[X,0x00000000800023A4] -> 0x3303
mem[X,0x00000000800023A6] -> 0x2001
[1657] [M]: 0x00000000800023A4 (0x20013303) ld x6, 0x200(x2)                        skp_Mtval+8
mem[R,0x0000000080005200] -> 0x0000000000000410
x6 <- 0x0000000000000410

clint mtime 0x000000000000033D (mip.MTI <- 0b1, mip.STI <- 0b0)
mem[X,0x00000000800023A8] -> 0x0333
mem[X,0x00000000800023AA] -> 0x0073
[1658] [M]: 0x00000000800023A8 (0x00730333) add x6, x6, x7                          skp_Mtval+12
x6 <- 0x0000000080009520

mem[X,0x00000000800023AC] -> 0x6AE3
mem[X,0x00000000800023AE] -> 0xAE93
[1659] [M]: 0x00000000800023AC (0xAE936AE3) bltu x6, x9, -0x50c                     skp_Mtval+16

clint mtime 0x000000000000033E (mip.MTI <- 0b1, mip.STI <- 0b0)
mem[X,0x00000000800023B0] -> 0x0393
mem[X,0x00000000800023B2] -> 0x2000
[1660] [M]: 0x00000000800023B0 (0x20000393) addi x7, x0, 0x200                      skp_Mtval+20
x7 <- 0x0000000000000200

mem[X,0x00000000800023B4] -> 0x006F
mem[X,0x00000000800023B6] -> 0x0400
[1661] [M]: 0x00000000800023B4 (0x0400006F) jal x0, 0x40                            skp_Mtval+24

clint mtime 0x000000000000033F (mip.MTI <- 0b1, mip.STI <- 0b0)
mem[X,0x00000000800023F4] -> 0x0417
mem[X,0x00000000800023F6] -> 0x0000
[1662] [M]: 0x00000000800023F4 (0x00000417) auipc x8, 0x0                           spcl_Mhandler+0
x8 <- 0x00000000800023F4

mem[X,0x00000000800023F8] -> 0x0413
mem[X,0x00000000800023FA] -> 0x03C4
[1663] [M]: 0x00000000800023F8 (0x03C40413) addi x8, x8, 0x3c                       spcl_Mhandler+4
x8 <- 0x0000000080002430

clint mtime 0x0000000000000340 (mip.MTI <- 0b1, mip.STI <- 0b0)
mem[X,0x00000000800023FC] -> 0x0433
mem[X,0x00000000800023FE] -> 0x0074
[1664] [M]: 0x00000000800023FC (0x00740433) add x8, x8, x7                          spcl_Mhandler+8
x8 <- 0x0000000080002630

mem[X,0x0000000080002400] -> 0x1393
mem[X,0x0000000080002402] -> 0x0035
[1665] [M]: 0x0000000080002400 (0x00351393) slli x7, x10, 0x3                       spcl_Mhandler+12
x7 <- 0x0000000000000010

clint mtime 0x0000000000000341 (mip.MTI <- 0b1, mip.STI <- 0b0)
mem[X,0x0000000080002404] -> 0x0433
mem[X,0x0000000080002406] -> 0x0074
[1666] [M]: 0x0000000080002404 (0x00740433) add x8, x8, x7                          spcl_Mhandler+16
x8 <- 0x0000000080002640

mem[X,0x0000000080002408] -> 0x7413
mem[X,0x000000008000240A] -> 0xFF84
[1667] [M]: 0x0000000080002408 (0xFF847413) andi x8, x8, -0x8                       spcl_Mhandler+20
x8 <- 0x0000000080002640

clint mtime 0x0000000000000342 (mip.MTI <- 0b1, mip.STI <- 0b0)
mem[X,0x000000008000240C] -> 0x3403
mem[X,0x000000008000240E] -> 0x0004
[1668] [M]: 0x000000008000240C (0x00043403) ld x8, 0x0(x8)                          spcl_Mhandler+24
mem[R,0x0000000080002640] -> 0x0000000000000005
x8 <- 0x0000000000000005

mem[X,0x0000000080002410] -> 0x02E3
mem[X,0x0000000080002412] -> 0xB204
[1669] [M]: 0x0000000080002410 (0xB20402E3) beq x8, x0, -0x4dc                      spcl_Mdispatch_hndling+0

clint mtime 0x0000000000000343 (mip.MTI <- 0b1, mip.STI <- 0b0)
mem[X,0x0000000080002414] -> 0x1393
mem[X,0x0000000080002416] -> 0x03F4
[1670] [M]: 0x0000000080002414 (0x03F41393) slli x7, x8, 0x3f                       spcl_Mdispatch_hndling+4
x7 <- 0x8000000000000000

mem[X,0x0000000080002418] -> 0xD863
mem[X,0x000000008000241A] -> 0x0003
[1671] [M]: 0x0000000080002418 (0x0003D863) bge x7, x0, 0x10                        spcl_Mdispatch_hndling+8

clint mtime 0x0000000000000344 (mip.MTI <- 0b1, mip.STI <- 0b0)
mem[X,0x000000008000241C] -> 0x5413
mem[X,0x000000008000241E] -> 0x0014
[1672] [M]: 0x000000008000241C (0x00145413) srli x8, x8, 0x1                        spcl_Mdispatch_hndling+12
x8 <- 0x0000000000000002

mem[X,0x0000000080002420] -> 0x0CE3
mem[X,0x0000000080002422] -> 0xF885
[1673] [M]: 0x0000000080002420 (0xF8850CE3) beq x10, x8, -0x68                      spcl_Mdispatch_hndling+16

clint mtime 0x0000000000000345 (mip.MTI <- 0b1, mip.STI <- 0b0)
mem[X,0x00000000800023B8] -> 0x3303
mem[X,0x00000000800023BA] -> 0x2601
[1674] [M]: 0x00000000800023B8 (0x26013303) ld x6, 0x260(x2)                        resto_Mrtn+0
mem[R,0x0000000080005260] -> 0xFFFFFFFF7FFFEC4C
x6 <- 0xFFFFFFFF7FFFEC4C

mem[X,0x00000000800023BC] -> 0x3383
mem[X,0x00000000800023BE] -> 0x2681
[1675] [M]: 0x00000000800023BC (0x26813383) ld x7, 0x268(x2)                        resto_Mrtn+4
mem[R,0x0000000080005268] -> 0x0000000080005000
x7 <- 0x0000000080005000

clint mtime 0x0000000000000346 (mip.MTI <- 0b1, mip.STI <- 0b0)
mem[X,0x00000000800023C0] -> 0x3403
mem[X,0x00000000800023C2] -> 0x2701
[1676] [M]: 0x00000000800023C0 (0x27013403) ld x8, 0x270(x2)                        resto_Mrtn+8
mem[R,0x0000000080005270] -> 0x0000000000007F76
x8 <- 0x0000000000007F76

mem[X,0x00000000800023C4] -> 0x3483
mem[X,0x00000000800023C6] -> 0x2781
[1677] [M]: 0x00000000800023C4 (0x27813483) ld x9, 0x278(x2)                        resto_Mrtn+12
mem[R,0x0000000080005278] -> 0x00000001000000E8
x9 <- 0x00000001000000E8

clint mtime 0x0000000000000347 (mip.MTI <- 0b1, mip.STI <- 0b0)
mem[X,0x00000000800023C8] -> 0x3503
mem[X,0x00000000800023CA] -> 0x2801
[1678] [M]: 0x00000000800023C8 (0x28013503) ld x10, 0x280(x2)                       resto_Mrtn+16
mem[R,0x0000000080005280] -> 0x00000000200000CF
x10 <- 0x00000000200000CF

mem[X,0x00000000800023CC] -> 0x3583
mem[X,0x00000000800023CE] -> 0x2881
[1679] [M]: 0x00000000800023CC (0x28813583) ld x11, 0x288(x2)                       resto_Mrtn+20
mem[R,0x0000000080005288] -> 0x00000000000000CF
x11 <- 0x00000000000000CF

clint mtime 0x0000000000000348 (mip.MTI <- 0b1, mip.STI <- 0b0)
mem[X,0x00000000800023D0] -> 0x3103
mem[X,0x00000000800023D2] -> 0x2901
[1680] [M]: 0x00000000800023D0 (0x29013103) ld x2, 0x290(x2)                        resto_Mrtn+24
mem[R,0x0000000080005290] -> 0x0000000000000000
x2 <- 0x0000000000000000

mem[X,0x00000000800023D4] -> 0x0073
mem[X,0x00000000800023D6] -> 0x3020
[1681] [M]: 0x00000000800023D4 (0x30200073) mret                                    resto_Mrtn+28
CSR mstatus (0x300) <- 0x0000000A00000080
ret-ing from M to S

clint mtime 0x0000000000000349 (mip.MTI <- 0b1, mip.STI <- 0b0)
PTW: Start, vpn=0x180001, access_type=X, privilege=Smem[R,0x0000000080008030] -> 0x00000000200000CB
PTW: Step, level=2, pte=0x200000CB, pte_addr=0x80008030
PTW: Success, final_ppn=0x80001, level=2mem[X,0x00000000800014AC] -> 0x07B7
PTW: Start, vpn=0x180001, access_type=X, privilege=Smem[R,0x0000000080008030] -> 0x00000000200000CB
PTW: Step, level=2, pte=0x200000CB, pte_addr=0x80008030
PTW: Success, final_ppn=0x80001, level=2mem[X,0x00000000800014AE] -> 0x0050
[1682] [S]: 0x00000001800014AC (0x005007B7) lui x15, 0x500                          va_rvtest_code_begin+2320
x15 <- 0x0000000000500000

PTW: Start, vpn=0x180001, access_type=X, privilege=Smem[R,0x0000000080008030] -> 0x00000000200000CB
PTW: Step, level=2, pte=0x200000CB, pte_addr=0x80008030
PTW: Success, final_ppn=0x80001, level=2mem[X,0x00000000800014B0] -> 0x8793
PTW: Start, vpn=0x180001, access_type=X, privilege=Smem[R,0x0000000080008030] -> 0x00000000200000CB
PTW: Step, level=2, pte=0x200000CB, pte_addr=0x80008030
PTW: Success, final_ppn=0x80001, level=2mem[X,0x00000000800014B2] -> 0x0017
[1683] [S]: 0x00000001800014B0 (0x00178793) addi x15, x15, 0x1                      va_rvtest_code_begin+2324
x15 <- 0x0000000000500001

clint mtime 0x000000000000034A (mip.MTI <- 0b1, mip.STI <- 0b0)
PTW: Start, vpn=0x180001, access_type=X, privilege=Smem[R,0x0000000080008030] -> 0x00000000200000CB
PTW: Step, level=2, pte=0x200000CB, pte_addr=0x80008030
PTW: Success, final_ppn=0x80001, level=2mem[X,0x00000000800014B4] -> 0x9793
PTW: Start, vpn=0x180001, access_type=X, privilege=Smem[R,0x0000000080008030] -> 0x00000000200000CB
PTW: Step, level=2, pte=0x200000CB, pte_addr=0x80008030
PTW: Success, final_ppn=0x80001, level=2mem[X,0x00000000800014B6] -> 0x00A7
[1684] [S]: 0x00000001800014B4 (0x00A79793) slli x15, x15, 0xa                      va_rvtest_code_begin+2328
x15 <- 0x0000000140000400

PTW: Start, vpn=0x180001, access_type=X, privilege=Smem[R,0x0000000080008030] -> 0x00000000200000CB
PTW: Step, level=2, pte=0x200000CB, pte_addr=0x80008030
PTW: Success, final_ppn=0x80001, level=2mem[X,0x00000000800014B8] -> 0x0613
PTW: Start, vpn=0x180001, access_type=X, privilege=Smem[R,0x0000000080008030] -> 0x00000000200000CB
PTW: Step, level=2, pte=0x200000CB, pte_addr=0x80008030
PTW: Success, final_ppn=0x80001, level=2mem[X,0x00000000800014BA] -> 0x0106
[1685] [S]: 0x00000001800014B8 (0x01060613) addi x12, x12, 0x10                     va_rvtest_code_begin+2332
x12 <- 0x0000000000000040

clint mtime 0x000000000000034B (mip.MTI <- 0b1, mip.STI <- 0b0)
PTW: Start, vpn=0x180001, access_type=X, privilege=Smem[R,0x0000000080008030] -> 0x00000000200000CB
PTW: Step, level=2, pte=0x200000CB, pte_addr=0x80008030
PTW: Success, final_ppn=0x80001, level=2mem[X,0x00000000800014BC] -> 0xAA23
PTW: Start, vpn=0x180001, access_type=X, privilege=Smem[R,0x0000000080008030] -> 0x00000000200000CB
PTW: Step, level=2, pte=0x200000CB, pte_addr=0x80008030
PTW: Success, final_ppn=0x80001, level=2mem[X,0x00000000800014BE] -> 0x00C7
[1686] [S]: 0x00000001800014BC (0x00C7AA23) sw x12, 0x14(x15)                       va_rvtest_code_begin+2336
PTW: Start, vpn=0x140000, access_type=W, privilege=Smem[R,0x0000000080008028] -> 0x00000000200000CF
PTW: Step, level=2, pte=0x200000CF, pte_addr=0x80008028
PTW: Success, final_ppn=0x80000, level=2mem[W,0x0000000080000414] <- 0x00000040

PTW: Start, vpn=0x180001, access_type=X, privilege=Smem[R,0x0000000080008030] -> 0x00000000200000CB
PTW: Step, level=2, pte=0x200000CB, pte_addr=0x80008030
PTW: Success, final_ppn=0x80001, level=2mem[X,0x00000000800014C0] -> 0x0013
PTW: Start, vpn=0x180001, access_type=X, privilege=Smem[R,0x0000000080008030] -> 0x00000000200000CB
PTW: Step, level=2, pte=0x200000CB, pte_addr=0x80008030
PTW: Success, final_ppn=0x80001, level=2mem[X,0x00000000800014C2] -> 0x0000
[1687] [S]: 0x00000001800014C0 (0x00000013) addi x0, x0, 0x0                        va_rvtest_code_begin+2340

clint mtime 0x000000000000034C (mip.MTI <- 0b1, mip.STI <- 0b0)
PTW: Start, vpn=0x180001, access_type=X, privilege=Smem[R,0x0000000080008030] -> 0x00000000200000CB
PTW: Step, level=2, pte=0x200000CB, pte_addr=0x80008030
PTW: Success, final_ppn=0x80001, level=2mem[X,0x00000000800014C4] -> 0xA703
PTW: Start, vpn=0x180001, access_type=X, privilege=Smem[R,0x0000000080008030] -> 0x00000000200000CB
PTW: Step, level=2, pte=0x200000CB, pte_addr=0x80008030
PTW: Success, final_ppn=0x80001, level=2mem[X,0x00000000800014C6] -> 0x0147
[1688] [S]: 0x00000001800014C4 (0x0147A703) lw x14, 0x14(x15)                       va_rvtest_code_begin+2344
PTW: Start, vpn=0x140000, access_type=R, privilege=Smem[R,0x0000000080008028] -> 0x00000000200000CF
PTW: Step, level=2, pte=0x200000CF, pte_addr=0x80008028
PTW: Success, final_ppn=0x80000, level=2mem[R,0x0000000080000414] -> 0x00000040
x14 <- 0x0000000000000040

PTW: Start, vpn=0x180001, access_type=X, privilege=Smem[R,0x0000000080008030] -> 0x00000000200000CB
PTW: Step, level=2, pte=0x200000CB, pte_addr=0x80008030
PTW: Success, final_ppn=0x80001, level=2mem[X,0x00000000800014C8] -> 0x0013
PTW: Start, vpn=0x180001, access_type=X, privilege=Smem[R,0x0000000080008030] -> 0x00000000200000CB
PTW: Step, level=2, pte=0x200000CB, pte_addr=0x80008030
PTW: Success, final_ppn=0x80001, level=2mem[X,0x00000000800014CA] -> 0x0000
[1689] [S]: 0x00000001800014C8 (0x00000013) addi x0, x0, 0x0                        va_rvtest_code_begin+2348

clint mtime 0x000000000000034D (mip.MTI <- 0b1, mip.STI <- 0b0)
PTW: Start, vpn=0x180001, access_type=X, privilege=Smem[R,0x0000000080008030] -> 0x00000000200000CB
PTW: Step, level=2, pte=0x200000CB, pte_addr=0x80008030
PTW: Success, final_ppn=0x80001, level=2mem[X,0x00000000800014CC] -> 0x51B7
PTW: Start, vpn=0x180001, access_type=X, privilege=Smem[R,0x0000000080008030] -> 0x00000000200000CB
PTW: Step, level=2, pte=0x200000CB, pte_addr=0x80008030
PTW: Success, final_ppn=0x80001, level=2mem[X,0x00000000800014CE] -> 0x0000
[1690] [S]: 0x00000001800014CC (0x000051B7) lui x3, 0x5                             va_rvtest_code_begin+2352
x3 <- 0x0000000000005000

PTW: Start, vpn=0x180001, access_type=X, privilege=Smem[R,0x0000000080008030] -> 0x00000000200000CB
PTW: Step, level=2, pte=0x200000CB, pte_addr=0x80008030
PTW: Success, final_ppn=0x80001, level=2mem[X,0x00000000800014D0] -> 0x8193
PTW: Start, vpn=0x180001, access_type=X, privilege=Smem[R,0x0000000080008030] -> 0x00000000200000CB
PTW: Step, level=2, pte=0x200000CB, pte_addr=0x80008030
PTW: Success, final_ppn=0x80001, level=2mem[X,0x00000000800014D2] -> 0x6671
[1691] [S]: 0x00000001800014D0 (0x66718193) addi x3, x3, 0x667                      va_rvtest_code_begin+2356
x3 <- 0x0000000000005667

clint mtime 0x000000000000034E (mip.MTI <- 0b1, mip.STI <- 0b0)
PTW: Start, vpn=0x180001, access_type=X, privilege=Smem[R,0x0000000080008030] -> 0x00000000200000CB
PTW: Step, level=2, pte=0x200000CB, pte_addr=0x80008030
PTW: Success, final_ppn=0x80001, level=2mem[X,0x00000000800014D4] -> 0x9193
PTW: Start, vpn=0x180001, access_type=X, privilege=Smem[R,0x0000000080008030] -> 0x00000000200000CB
PTW: Step, level=2, pte=0x200000CB, pte_addr=0x80008030
PTW: Success, final_ppn=0x80001, level=2mem[X,0x00000000800014D6] -> 0x0011
[1692] [S]: 0x00000001800014D4 (0x00119193) slli x3, x3, 0x1                        va_rvtest_code_begin+2360
x3 <- 0x000000000000ACCE

PTW: Start, vpn=0x180001, access_type=X, privilege=Smem[R,0x0000000080008030] -> 0x00000000200000CB
PTW: Step, level=2, pte=0x200000CB, pte_addr=0x80008030
PTW: Success, final_ppn=0x80001, level=2mem[X,0x00000000800014D8] -> 0x0013
PTW: Start, vpn=0x180001, access_type=X, privilege=Smem[R,0x0000000080008030] -> 0x00000000200000CB
PTW: Step, level=2, pte=0x200000CB, pte_addr=0x80008030
PTW: Success, final_ppn=0x80001, level=2mem[X,0x00000000800014DA] -> 0x0000
[1693] [S]: 0x00000001800014D8 (0x00000013) addi x0, x0, 0x0                        va_rvtest_code_begin+2364

clint mtime 0x000000000000034F (mip.MTI <- 0b1, mip.STI <- 0b0)
PTW: Start, vpn=0x180001, access_type=X, privilege=Smem[R,0x0000000080008030] -> 0x00000000200000CB
PTW: Step, level=2, pte=0x200000CB, pte_addr=0x80008030
PTW: Success, final_ppn=0x80001, level=2mem[X,0x00000000800014DC] -> 0x0013
PTW: Start, vpn=0x180001, access_type=X, privilege=Smem[R,0x0000000080008030] -> 0x00000000200000CB
PTW: Step, level=2, pte=0x200000CB, pte_addr=0x80008030
PTW: Success, final_ppn=0x80001, level=2mem[X,0x00000000800014DE] -> 0x0000
[1694] [S]: 0x00000001800014DC (0x00000013) addi x0, x0, 0x0                        va_rvtest_code_begin+2368

PTW: Start, vpn=0x180001, access_type=X, privilege=Smem[R,0x0000000080008030] -> 0x00000000200000CB
PTW: Step, level=2, pte=0x200000CB, pte_addr=0x80008030
PTW: Success, final_ppn=0x80001, level=2mem[X,0x00000000800014E0] -> 0x0217
PTW: Start, vpn=0x180001, access_type=X, privilege=Smem[R,0x0000000080008030] -> 0x00000000200000CB
PTW: Step, level=2, pte=0x200000CB, pte_addr=0x80008030
PTW: Success, final_ppn=0x80001, level=2mem[X,0x00000000800014E2] -> 0x0000
[1695] [S]: 0x00000001800014E0 (0x00000217) auipc x4, 0x0                           va_rvtest_code_begin+2372
x4 <- 0x00000001800014E0

clint mtime 0x0000000000000350 (mip.MTI <- 0b1, mip.STI <- 0b0)
PTW: Start, vpn=0x180001, access_type=X, privilege=Smem[R,0x0000000080008030] -> 0x00000000200000CB
PTW: Step, level=2, pte=0x200000CB, pte_addr=0x80008030
PTW: Success, final_ppn=0x80001, level=2mem[X,0x00000000800014E4] -> 0x0213
PTW: Start, vpn=0x180001, access_type=X, privilege=Smem[R,0x0000000080008030] -> 0x00000000200000CB
PTW: Step, level=2, pte=0x200000CB, pte_addr=0x80008030
PTW: Success, final_ppn=0x80001, level=2mem[X,0x00000000800014E6] -> 0x02C2
[1696] [S]: 0x00000001800014E4 (0x02C20213) addi x4, x4, 0x2c                       va_rvtest_code_begin+2376
x4 <- 0x000000018000150C

PTW: Start, vpn=0x180001, access_type=X, privilege=Smem[R,0x0000000080008030] -> 0x00000000200000CB
PTW: Step, level=2, pte=0x200000CB, pte_addr=0x80008030
PTW: Success, final_ppn=0x80001, level=2mem[X,0x00000000800014E8] -> 0x0001
[1697] [S]: 0x00000001800014E8 (0x0001) c.nop                                       va_rvtest_code_begin+2380

clint mtime 0x0000000000000351 (mip.MTI <- 0b1, mip.STI <- 0b0)
PTW: Start, vpn=0x180001, access_type=X, privilege=Smem[R,0x0000000080008030] -> 0x00000000200000CB
PTW: Step, level=2, pte=0x200000CB, pte_addr=0x80008030
PTW: Success, final_ppn=0x80001, level=2mem[X,0x00000000800014EA] -> 0x0013
PTW: Start, vpn=0x180001, access_type=X, privilege=Smem[R,0x0000000080008030] -> 0x00000000200000CB
PTW: Step, level=2, pte=0x200000CB, pte_addr=0x80008030
PTW: Success, final_ppn=0x80001, level=2mem[X,0x00000000800014EC] -> 0x0000
[1698] [S]: 0x00000001800014EA (0x00000013) addi x0, x0, 0x0                        va_rvtest_code_begin+2382

PTW: Start, vpn=0x180001, access_type=X, privilege=Smem[R,0x0000000080008030] -> 0x00000000200000CB
PTW: Step, level=2, pte=0x200000CB, pte_addr=0x80008030
PTW: Success, final_ppn=0x80001, level=2mem[X,0x00000000800014EE] -> 0x0013
PTW: Start, vpn=0x180001, access_type=X, privilege=Smem[R,0x0000000080008030] -> 0x00000000200000CB
PTW: Step, level=2, pte=0x200000CB, pte_addr=0x80008030
PTW: Success, final_ppn=0x80001, level=2mem[X,0x00000000800014F0] -> 0x0000
[1699] [S]: 0x00000001800014EE (0x00000013) addi x0, x0, 0x0                        va_rvtest_code_begin+2386

clint mtime 0x0000000000000352 (mip.MTI <- 0b1, mip.STI <- 0b0)
PTW: Start, vpn=0x180001, access_type=X, privilege=Smem[R,0x0000000080008030] -> 0x00000000200000CB
PTW: Step, level=2, pte=0x200000CB, pte_addr=0x80008030
PTW: Success, final_ppn=0x80001, level=2mem[X,0x00000000800014F2] -> 0x0013
PTW: Start, vpn=0x180001, access_type=X, privilege=Smem[R,0x0000000080008030] -> 0x00000000200000CB
PTW: Step, level=2, pte=0x200000CB, pte_addr=0x80008030
PTW: Success, final_ppn=0x80001, level=2mem[X,0x00000000800014F4] -> 0x0000
[1700] [S]: 0x00000001800014F2 (0x00000013) addi x0, x0, 0x0                        va_rvtest_code_begin+2390

PTW: Start, vpn=0x180001, access_type=X, privilege=Smem[R,0x0000000080008030] -> 0x00000000200000CB
PTW: Step, level=2, pte=0x200000CB, pte_addr=0x80008030
PTW: Success, final_ppn=0x80001, level=2mem[X,0x00000000800014F6] -> 0x0013
PTW: Start, vpn=0x180001, access_type=X, privilege=Smem[R,0x0000000080008030] -> 0x00000000200000CB
PTW: Step, level=2, pte=0x200000CB, pte_addr=0x80008030
PTW: Success, final_ppn=0x80001, level=2mem[X,0x00000000800014F8] -> 0x0000
[1701] [S]: 0x00000001800014F6 (0x00000013) addi x0, x0, 0x0                        va_rvtest_code_begin+2394

clint mtime 0x0000000000000353 (mip.MTI <- 0b1, mip.STI <- 0b0)
PTW: Start, vpn=0x180001, access_type=X, privilege=Smem[R,0x0000000080008030] -> 0x00000000200000CB
PTW: Step, level=2, pte=0x200000CB, pte_addr=0x80008030
PTW: Success, final_ppn=0x80001, level=2mem[X,0x00000000800014FA] -> 0x0013
PTW: Start, vpn=0x180001, access_type=X, privilege=Smem[R,0x0000000080008030] -> 0x00000000200000CB
PTW: Step, level=2, pte=0x200000CB, pte_addr=0x80008030
PTW: Success, final_ppn=0x80001, level=2mem[X,0x00000000800014FC] -> 0x0000
[1702] [S]: 0x00000001800014FA (0x00000013) addi x0, x0, 0x0                        va_rvtest_code_begin+2398

PTW: Start, vpn=0x180001, access_type=X, privilege=Smem[R,0x0000000080008030] -> 0x00000000200000CB
PTW: Step, level=2, pte=0x200000CB, pte_addr=0x80008030
PTW: Success, final_ppn=0x80001, level=2mem[X,0x00000000800014FE] -> 0x0001
[1703] [S]: 0x00000001800014FE (0x0001) c.nop                                       va_rvtest_code_begin+2402

clint mtime 0x0000000000000354 (mip.MTI <- 0b1, mip.STI <- 0b0)
PTW: Start, vpn=0x180001, access_type=X, privilege=Smem[R,0x0000000080008030] -> 0x00000000200000CB
PTW: Step, level=2, pte=0x200000CB, pte_addr=0x80008030
PTW: Success, final_ppn=0x80001, level=2mem[X,0x0000000080001500] -> 0x80E7
PTW: Start, vpn=0x180001, access_type=X, privilege=Smem[R,0x0000000080008030] -> 0x00000000200000CB
PTW: Step, level=2, pte=0x200000CB, pte_addr=0x80008030
PTW: Success, final_ppn=0x80001, level=2mem[X,0x0000000080001502] -> 0x0007
[1704] [S]: 0x0000000180001500 (0x000780E7) jalr x1, 0x0(x15)                       va_rvtest_code_begin+2404
x1 <- 0x0000000180001504

PTW: Start, vpn=0x140000, access_type=X, privilege=Smem[R,0x0000000080008028] -> 0x00000000200000CF
PTW: Step, level=2, pte=0x200000CF, pte_addr=0x80008028
PTW: Success, final_ppn=0x80000, level=2trapping from S to M to handle fetch-access-fault
handling exc#fetch-access-fault at priv M with tval 0x0000000140000400
CSR mstatus (0x300) <- 0x0000000A00000800
CSR mcause (0x342) <- 0x0000000000000001
CSR mtval (0x343) <- 0x0000000140000400
CSR mepc (0x341) <- 0x0000000140000400

clint mtime 0x0000000000000355 (mip.MTI <- 0b1, mip.STI <- 0b0)
mem[X,0x0000000080001F80] -> 0x006F
mem[X,0x0000000080001F82] -> 0x1000
[1706] [M]: 0x0000000080001F80 (0x1000006F) jal x0, 0x100                           Mtrampoline+0

mem[X,0x0000000080002080] -> 0x1173
mem[X,0x0000000080002082] -> 0x3401
[1707] [M]: 0x0000000080002080 (0x34011173) csrrw x2, mscratch, x2                  trap_Mhandler+0
CSR mscratch (0x340) <- 0x0000000000000000
x2 <- 0x0000000080005000

clint mtime 0x0000000000000356 (mip.MTI <- 0b1, mip.STI <- 0b0)
mem[X,0x0000000080002084] -> 0x3423
mem[X,0x0000000080002086] -> 0x28B1
[1708] [M]: 0x0000000080002084 (0x28B13423) sd x11, 0x288(x2)                       trap_Mhandler+4
mem[W,0x0000000080005288] <- 0x00000000000000CF

mem[X,0x0000000080002088] -> 0x05EF
mem[X,0x000000008000208A] -> 0x0B80
[1709] [M]: 0x0000000080002088 (0x0B8005EF) jal x11, 0xb8                           trap_Mhandler+8
x11 <- 0x000000008000208C

clint mtime 0x0000000000000357 (mip.MTI <- 0b1, mip.STI <- 0b0)
mem[X,0x0000000080002140] -> 0x3023
mem[X,0x0000000080002142] -> 0x28A1
[1710] [M]: 0x0000000080002140 (0x28A13023) sd x10, 0x280(x2)                       common_Mhandler+0
mem[W,0x0000000080005280] <- 0x00000000200000CF

mem[X,0x0000000080002144] -> 0x1573
mem[X,0x0000000080002146] -> 0x3401
[1711] [M]: 0x0000000080002144 (0x34011573) csrrw x10, mscratch, x2                 common_Mhandler+4
CSR mscratch (0x340) <- 0x0000000080005000
x10 <- 0x0000000000000000

clint mtime 0x0000000000000358 (mip.MTI <- 0b1, mip.STI <- 0b0)
mem[X,0x0000000080002148] -> 0x3823
mem[X,0x000000008000214A] -> 0x28A1
[1712] [M]: 0x0000000080002148 (0x28A13823) sd x10, 0x290(x2)                       common_Mhandler+8
mem[W,0x0000000080005290] <- 0x0000000000000000

mem[X,0x000000008000214C] -> 0x3503
mem[X,0x000000008000214E] -> 0x2301
[1713] [M]: 0x000000008000214C (0x23013503) ld x10, 0x230(x2)                       common_Mhandler+12
mem[R,0x0000000080005230] -> 0x0000000080002154
x10 <- 0x0000000080002154

clint mtime 0x0000000000000359 (mip.MTI <- 0b1, mip.STI <- 0b0)
mem[X,0x0000000080002150] -> 0x0067
mem[X,0x0000000080002152] -> 0x0005
[1714] [M]: 0x0000000080002150 (0x00050067) jalr x0, 0x0(x10)                       common_Mhandler+16

mem[X,0x0000000080002154] -> 0x3C23
mem[X,0x0000000080002156] -> 0x2691
[1715] [M]: 0x0000000080002154 (0x26913C23) sd x9, 0x278(x2)                        common_Mentry+0
mem[W,0x0000000080005278] <- 0x00000001000000E8

clint mtime 0x000000000000035A (mip.MTI <- 0b1, mip.STI <- 0b0)
mem[X,0x0000000080002158] -> 0x3823
mem[X,0x000000008000215A] -> 0x2681
[1716] [M]: 0x0000000080002158 (0x26813823) sd x8, 0x270(x2)                        common_Mentry+4
mem[W,0x0000000080005270] <- 0x0000000000007F76

mem[X,0x000000008000215C] -> 0x3423
mem[X,0x000000008000215E] -> 0x2671
[1717] [M]: 0x000000008000215C (0x26713423) sd x7, 0x268(x2)                        common_Mentry+8
mem[W,0x0000000080005268] <- 0x0000000080005000

clint mtime 0x000000000000035B (mip.MTI <- 0b1, mip.STI <- 0b0)
mem[X,0x0000000080002160] -> 0x3023
mem[X,0x0000000080002162] -> 0x2661
[1718] [M]: 0x0000000080002160 (0x26613023) sd x6, 0x260(x2)                        common_Mentry+12
mem[W,0x0000000080005260] <- 0xFFFFFFFF7FFFEC4C

mem[X,0x0000000080002164] -> 0x2573
mem[X,0x0000000080002166] -> 0x3420
[1719] [M]: 0x0000000080002164 (0x34202573) csrrs x10, mcause, x0                   spcl_M2mmode_test+0
CSR mcause (0x342) -> 0x0000000000000001
x10 <- 0x0000000000000001

clint mtime 0x000000000000035C (mip.MTI <- 0b1, mip.STI <- 0b0)
mem[X,0x0000000080002168] -> 0x04B7
mem[X,0x000000008000216A] -> 0x8000
[1720] [M]: 0x0000000080002168 (0x800004B7) lui x9, -0x80000                        spcl_M2mmode_test+4
x9 <- 0xFFFFFFFF80000000

mem[X,0x000000008000216C] -> 0x8493
mem[X,0x000000008000216E] -> 0x0004
[1721] [M]: 0x000000008000216C (0x00048493) addi x9, x9, 0x0                        spcl_M2mmode_test+8
x9 <- 0xFFFFFFFF80000000

clint mtime 0x000000000000035D (mip.MTI <- 0b1, mip.STI <- 0b0)
mem[X,0x0000000080002170] -> 0x9493
mem[X,0x0000000080002172] -> 0x00B4
[1722] [M]: 0x0000000080002170 (0x00B49493) slli x9, x9, 0xb                        spcl_M2mmode_test+12
x9 <- 0xFFFFFC0000000000

mem[X,0x0000000080002174] -> 0x8493
mem[X,0x0000000080002176] -> 0x0004
[1723] [M]: 0x0000000080002174 (0x00048493) addi x9, x9, 0x0                        spcl_M2mmode_test+16
x9 <- 0xFFFFFC0000000000

clint mtime 0x000000000000035E (mip.MTI <- 0b1, mip.STI <- 0b0)
mem[X,0x0000000080002178] -> 0x9493
mem[X,0x000000008000217A] -> 0x00B4
[1724] [M]: 0x0000000080002178 (0x00B49493) slli x9, x9, 0xb                        spcl_M2mmode_test+20
x9 <- 0xFFE0000000000000

mem[X,0x000000008000217C] -> 0x8493
mem[X,0x000000008000217E] -> 0x0034
[1725] [M]: 0x000000008000217C (0x00348493) addi x9, x9, 0x3                        spcl_M2mmode_test+24
x9 <- 0xFFE0000000000003

clint mtime 0x000000000000035F (mip.MTI <- 0b1, mip.STI <- 0b0)
mem[X,0x0000000080002180] -> 0x9493
mem[X,0x0000000080002182] -> 0x00A4
[1726] [M]: 0x0000000080002180 (0x00A49493) slli x9, x9, 0xa                        spcl_M2mmode_test+28
x9 <- 0x8000000000000C00

mem[X,0x0000000080002184] -> 0x8493
mem[X,0x0000000080002186] -> 0x3FC4
[1727] [M]: 0x0000000080002184 (0x3FC48493) addi x9, x9, 0x3fc                      spcl_M2mmode_test+32
x9 <- 0x8000000000000FFC

clint mtime 0x0000000000000360 (mip.MTI <- 0b1, mip.STI <- 0b0)
mem[X,0x0000000080002188] -> 0xF4B3
mem[X,0x000000008000218A] -> 0x00A4
[1728] [M]: 0x0000000080002188 (0x00A4F4B3) and x9, x9, x10                         spcl_M2mmode_test+36
x9 <- 0x0000000000000000

mem[X,0x000000008000218C] -> 0x8493
mem[X,0x000000008000218E] -> 0xFF84
[1729] [M]: 0x000000008000218C (0xFF848493) addi x9, x9, -0x8                       spcl_M2mmode_test+40
x9 <- 0xFFFFFFFFFFFFFFF8

clint mtime 0x0000000000000361 (mip.MTI <- 0b1, mip.STI <- 0b0)
mem[X,0x0000000080002190] -> 0x9663
mem[X,0x0000000080002192] -> 0x0004
[1730] [M]: 0x0000000080002190 (0x00049663) bne x9, x0, 0xc                         spcl_M2mmode_test+44

mem[X,0x000000008000219C] -> 0x0393
mem[X,0x000000008000219E] -> 0x0200
[1731] [M]: 0x000000008000219C (0x02000393) addi x7, x0, 0x20                       Mtrapsig_ptr_upd+0
x7 <- 0x0000000000000020

clint mtime 0x0000000000000362 (mip.MTI <- 0b1, mip.STI <- 0b0)
mem[X,0x00000000800021A0] -> 0x5263
mem[X,0x00000000800021A2] -> 0x0405
[1732] [M]: 0x00000000800021A0 (0x04055263) bge x10, x0, 0x44                       Mtrapsig_ptr_upd+4

mem[X,0x00000000800021E4] -> 0x2373
mem[X,0x00000000800021E6] -> 0x3010
[1733] [M]: 0x00000000800021E4 (0x30102373) csrrs x6, misa, x0                      Mxcpt_sig_sv+0
CSR misa (0x301) -> 0x800000000034112F
x6 <- 0x800000000034112F

clint mtime 0x0000000000000363 (mip.MTI <- 0b1, mip.STI <- 0b0)
mem[X,0x00000000800021E8] -> 0x1313
mem[X,0x00000000800021EA] -> 0x0383
[1734] [M]: 0x00000000800021E8 (0x03831313) slli x6, x6, 0x38                       Mxcpt_sig_sv+4
x6 <- 0x2F00000000000000

mem[X,0x00000000800021EC] -> 0x5463
mem[X,0x00000000800021EE] -> 0x0003
[1735] [M]: 0x00000000800021EC (0x00035463) bge x6, x0, 0x8                         Mxcpt_sig_sv+8

clint mtime 0x0000000000000364 (mip.MTI <- 0b1, mip.STI <- 0b0)
mem[X,0x00000000800021F4] -> 0x3303
mem[X,0x00000000800021F6] -> 0x2181
[1736] [M]: 0x00000000800021F4 (0x21813303) ld x6, 0x218(x2)                        Mtrap_sig_sv+0
mem[R,0x0000000080005218] -> 0x00000000800093F8
x6 <- 0x00000000800093F8

mem[X,0x00000000800021F8] -> 0x04B3
mem[X,0x00000000800021FA] -> 0x0073
[1737] [M]: 0x00000000800021F8 (0x007304B3) add x9, x6, x7                          Mtrap_sig_sv+4
x9 <- 0x0000000080009418

clint mtime 0x0000000000000365 (mip.MTI <- 0b1, mip.STI <- 0b0)
mem[X,0x00000000800021FC] -> 0x3C23
mem[X,0x00000000800021FE] -> 0x2091
[1738] [M]: 0x00000000800021FC (0x20913C23) sd x9, 0x218(x2)                        Mtrap_sig_sv+8
mem[W,0x0000000080005218] <- 0x0000000080009418

mem[X,0x0000000080002200] -> 0x3403
mem[X,0x0000000080002202] -> 0x1F81
[1739] [M]: 0x0000000080002200 (0x1F813403) ld x8, 0x1f8(x2)                        Mtrap_sig_sv+12
mem[R,0x00000000800051F8] -> 0x0000000080009110
x8 <- 0x0000000080009110

clint mtime 0x0000000000000366 (mip.MTI <- 0b1, mip.STI <- 0b0)
mem[X,0x0000000080002204] -> 0x0333
mem[X,0x0000000080002206] -> 0x4083
[1740] [M]: 0x0000000080002204 (0x40830333) sub x6, x6, x8                          Mtrap_sig_sv+16
x6 <- 0x00000000000002E8

mem[X,0x0000000080002208] -> 0x3403
mem[X,0x000000008000220A] -> 0x1F81
[1741] [M]: 0x0000000080002208 (0x1F813403) ld x8, 0x1f8(x2)                        Mtrap_sig_sv+20
mem[R,0x00000000800051F8] -> 0x0000000080009110
x8 <- 0x0000000080009110

clint mtime 0x0000000000000367 (mip.MTI <- 0b1, mip.STI <- 0b0)
mem[X,0x000000008000220C] -> 0x0333
mem[X,0x000000008000220E] -> 0x0083
[1742] [M]: 0x000000008000220C (0x00830333) add x6, x6, x8                          Mtrap_sig_sv+24
x6 <- 0x00000000800093F8

mem[X,0x0000000080002210] -> 0x3403
mem[X,0x0000000080002212] -> 0x2401
[1743] [M]: 0x0000000080002210 (0x24013403) ld x8, 0x240(x2)                        Mtrap_sig_sv+28
mem[R,0x0000000080005240] -> 0x0000000080001F80
x8 <- 0x0000000080001F80

clint mtime 0x0000000000000368 (mip.MTI <- 0b1, mip.STI <- 0b0)
mem[X,0x0000000080002214] -> 0x85B3
mem[X,0x0000000080002216] -> 0x4085
[1744] [M]: 0x0000000080002214 (0x408585B3) sub x11, x11, x8                        sv_Mvect+0
x11 <- 0x000000000000010C

mem[X,0x0000000080002218] -> 0x9593
mem[X,0x000000008000221A] -> 0x0045
[1745] [M]: 0x0000000080002218 (0x00459593) slli x11, x11, 0x4                      sv_Mvect+4
x11 <- 0x00000000000010C0

clint mtime 0x0000000000000369 (mip.MTI <- 0b1, mip.STI <- 0b0)
mem[X,0x000000008000221C] -> 0xE5B3
mem[X,0x000000008000221E] -> 0x0075
[1746] [M]: 0x000000008000221C (0x0075E5B3) or x11, x11, x7                         sv_Mvect+8
x11 <- 0x00000000000010E0

mem[X,0x0000000080002220] -> 0x8593
mem[X,0x0000000080002222] -> 0x0035
[1747] [M]: 0x0000000080002220 (0x00358593) addi x11, x11, 0x3                      sv_Mvect+12
x11 <- 0x00000000000010E3

clint mtime 0x000000000000036A (mip.MTI <- 0b1, mip.STI <- 0b0)
mem[X,0x0000000080002224] -> 0x3023
mem[X,0x0000000080002226] -> 0x00B3
[1748] [M]: 0x0000000080002224 (0x00B33023) sd x11, 0x0(x6)                         sv_Mvect+16
mem[W,0x00000000800093F8] <- 0x00000000000010E3

mem[X,0x0000000080002228] -> 0x3423
mem[X,0x000000008000222A] -> 0x00A3
[1749] [M]: 0x0000000080002228 (0x00A33423) sd x10, 0x8(x6)                         sv_Mcause+0
mem[W,0x0000000080009400] <- 0x0000000000000001

clint mtime 0x000000000000036B (mip.MTI <- 0b1, mip.STI <- 0b0)
mem[X,0x000000008000222C] -> 0x4663
mem[X,0x000000008000222E] -> 0x1A05
[1750] [M]: 0x000000008000222C (0x1A054663) blt x10, x0, 0x1ac                      sv_Mcause+4

mem[X,0x0000000080002230] -> 0x25F3
mem[X,0x0000000080002232] -> 0x3000
[1751] [M]: 0x0000000080002230 (0x300025F3) csrrs x11, mstatus, x0                  common_Mexcpt_handler+0
CSR mstatus (0x300) -> 0x0000000A00000800
x11 <- 0x0000000A00000800

clint mtime 0x000000000000036C (mip.MTI <- 0b1, mip.STI <- 0b0)
mem[X,0x0000000080002234] -> 0x9413
mem[X,0x0000000080002236] -> 0x02E5
[1752] [M]: 0x0000000080002234 (0x02E59413) slli x8, x11, 0x2e                      common_Mexcpt_handler+4
x8 <- 0x0200000000000000

mem[X,0x0000000080002238] -> 0x5463
mem[X,0x000000008000223A] -> 0x0004
[1753] [M]: 0x0000000080002238 (0x00045463) bge x8, x0, 0x8                         common_Mexcpt_handler+8

clint mtime 0x000000000000036D (mip.MTI <- 0b1, mip.STI <- 0b0)
mem[X,0x0000000080002240] -> 0xD493
mem[X,0x0000000080002242] -> 0x00B5
[1754] [M]: 0x0000000080002240 (0x00B5D493) srli x9, x11, 0xb                       common_Mexcpt_handler+16
x9 <- 0x0000000001400001

mem[X,0x0000000080002244] -> 0xF493
mem[X,0x0000000080002246] -> 0x0034
[1755] [M]: 0x0000000080002244 (0x0034F493) andi x9, x9, 0x3                        common_Mexcpt_handler+20
x9 <- 0x0000000000000001

clint mtime 0x000000000000036E (mip.MTI <- 0b1, mip.STI <- 0b0)
mem[X,0x0000000080002248] -> 0x8493
mem[X,0x000000008000224A] -> 0x0014
[1756] [M]: 0x0000000080002248 (0x00148493) addi x9, x9, 0x1                        common_Mexcpt_handler+24
x9 <- 0x0000000000000002

mem[X,0x000000008000224C] -> 0xF493
mem[X,0x000000008000224E] -> 0x0044
[1757] [M]: 0x000000008000224C (0x0044F493) andi x9, x9, 0x4                        common_Mexcpt_handler+28
x9 <- 0x0000000000000000

clint mtime 0x000000000000036F (mip.MTI <- 0b1, mip.STI <- 0b0)
mem[X,0x0000000080002250] -> 0x0593
mem[X,0x0000000080002252] -> 0x05D0
[1758] [M]: 0x0000000080002250 (0x05D00593) addi x11, x0, 0x5d                      common_Mexcpt_handler+32
x11 <- 0x000000000000005D

mem[X,0x0000000080002254] -> 0xD5B3
mem[X,0x0000000080002256] -> 0x0095
[1759] [M]: 0x0000000080002254 (0x0095D5B3) srl x11, x11, x9                        common_Mexcpt_handler+36
x11 <- 0x000000000000005D

clint mtime 0x0000000000000370 (mip.MTI <- 0b1, mip.STI <- 0b0)
mem[X,0x0000000080002258] -> 0xF593
mem[X,0x000000008000225A] -> 0x0015
[1760] [M]: 0x0000000080002258 (0x0015F593) andi x11, x11, 0x1                      common_Mexcpt_handler+40
x11 <- 0x0000000000000001

mem[X,0x000000008000225C] -> 0x8EE3
mem[X,0x000000008000225E] -> 0xF405
[1761] [M]: 0x000000008000225C (0xF4058EE3) beq x11, x0, -0xa4                      common_Mexcpt_handler+44

clint mtime 0x0000000000000371 (mip.MTI <- 0b1, mip.STI <- 0b0)
mem[X,0x0000000080002260] -> 0x0593
mem[X,0x0000000080002262] -> 0x2980
[1762] [M]: 0x0000000080002260 (0x29800593) addi x11, x0, 0x298                     common_Mexcpt_handler+48
x11 <- 0x0000000000000298

mem[X,0x0000000080002264] -> 0xF413
mem[X,0x0000000080002266] -> 0x0014
[1763] [M]: 0x0000000080002264 (0x0014F413) andi x8, x9, 0x1                        common_Mexcpt_handler+52
x8 <- 0x0000000000000000

clint mtime 0x0000000000000372 (mip.MTI <- 0b1, mip.STI <- 0b0)
mem[X,0x0000000080002268] -> 0x95B3
mem[X,0x000000008000226A] -> 0x0085
[1764] [M]: 0x0000000080002268 (0x008595B3) sll x11, x11, x8                        common_Mexcpt_handler+56
x11 <- 0x0000000000000298

mem[X,0x000000008000226C] -> 0x9413
mem[X,0x000000008000226E] -> 0x03D4
[1765] [M]: 0x000000008000226C (0x03D49413) slli x8, x9, 0x3d                       common_Mexcpt_handler+60
x8 <- 0x0000000000000000

clint mtime 0x0000000000000373 (mip.MTI <- 0b1, mip.STI <- 0b0)
mem[X,0x0000000080002270] -> 0x5413
mem[X,0x0000000080002272] -> 0x43F4
[1766] [M]: 0x0000000080002270 (0x43F45413) srai x8, x8, 0x3f                       common_Mexcpt_handler+64
x8 <- 0x0000000000000000

mem[X,0x0000000080002274] -> 0x4413
mem[X,0x0000000080002276] -> 0xFFF4
[1767] [M]: 0x0000000080002274 (0xFFF44413) xori x8, x8, -0x1                       common_Mexcpt_handler+68
x8 <- 0xFFFFFFFFFFFFFFFF

clint mtime 0x0000000000000374 (mip.MTI <- 0b1, mip.STI <- 0b0)
mem[X,0x0000000080002278] -> 0xF4B3
mem[X,0x000000008000227A] -> 0x0085
[1768] [M]: 0x0000000080002278 (0x0085F4B3) and x9, x11, x8                         common_Mexcpt_handler+72
x9 <- 0x0000000000000298

mem[X,0x000000008000227C] -> 0x84B3
mem[X,0x000000008000227E] -> 0x0024
[1769] [M]: 0x000000008000227C (0x002484B3) add x9, x9, x2                          vmem_adj_Mepc+0
x9 <- 0x0000000080005298

clint mtime 0x0000000000000375 (mip.MTI <- 0b1, mip.STI <- 0b0)
mem[X,0x0000000080002280] -> 0x23F3
mem[X,0x0000000080002282] -> 0x3410
[1770] [M]: 0x0000000080002280 (0x341023F3) csrrs x7, mepc, x0                      vmem_adj_Mepc+4
CSR mepc (0x341) -> 0x0000000140000400
x7 <- 0x0000000140000400

mem[X,0x0000000080002284] -> 0x0413
mem[X,0x0000000080002286] -> 0x0004
[1771] [M]: 0x0000000080002284 (0x00040413) addi x8, x8, 0x0                        vmem_adj_Mepc+8
x8 <- 0xFFFFFFFFFFFFFFFF

clint mtime 0x0000000000000376 (mip.MTI <- 0b1, mip.STI <- 0b0)
mem[X,0x0000000080002288] -> 0x006F
mem[X,0x000000008000228A] -> 0x0400
[1772] [M]: 0x0000000080002288 (0x0400006F) jal x0, 0x40                            vmem_adj_Mepc+12

mem[X,0x00000000800022C8] -> 0x8433
mem[X,0x00000000800022CA] -> 0x4083
[1773] [M]: 0x00000000800022C8 (0x40838433) sub x8, x7, x8                          adj_Mepc+0
x8 <- 0x0000000140000401

clint mtime 0x0000000000000377 (mip.MTI <- 0b1, mip.STI <- 0b0)
mem[X,0x00000000800022CC] -> 0x3823
mem[X,0x00000000800022CE] -> 0x0083
[1774] [M]: 0x00000000800022CC (0x00833823) sd x8, 0x10(x6)                         sv_Mepc+0
mem[W,0x0000000080009408] <- 0x0000000140000401

mem[X,0x00000000800022D0] -> 0x55B7
mem[X,0x00000000800022D2] -> 0x0000
[1775] [M]: 0x00000000800022D0 (0x000055B7) lui x11, 0x5                            sv_Mepc+4
x11 <- 0x0000000000005000

clint mtime 0x0000000000000378 (mip.MTI <- 0b1, mip.STI <- 0b0)
mem[X,0x00000000800022D4] -> 0x8593
mem[X,0x00000000800022D6] -> 0x6675
[1776] [M]: 0x00000000800022D4 (0x66758593) addi x11, x11, 0x667                    sv_Mepc+8
x11 <- 0x0000000000005667

mem[X,0x00000000800022D8] -> 0x9593
mem[X,0x00000000800022DA] -> 0x0015
[1777] [M]: 0x00000000800022D8 (0x00159593) slli x11, x11, 0x1                      sv_Mepc+12
x11 <- 0x000000000000ACCE

clint mtime 0x0000000000000379 (mip.MTI <- 0b1, mip.STI <- 0b0)
mem[X,0x00000000800022DC] -> 0x9063
mem[X,0x00000000800022DE] -> 0x02B1
[1778] [M]: 0x00000000800022DC (0x02B19063) bne x3, x11, 0x20                       sv_Mepc+16

mem[X,0x00000000800022E0] -> 0x2473
mem[X,0x00000000800022E2] -> 0x3420
[1779] [M]: 0x00000000800022E0 (0x34202473) csrrs x8, mcause, x0                    sv_Mepc+20
CSR mcause (0x342) -> 0x0000000000000001
x8 <- 0x0000000000000001

clint mtime 0x000000000000037A (mip.MTI <- 0b1, mip.STI <- 0b0)
mem[X,0x00000000800022E4] -> 0x0593
mem[X,0x00000000800022E6] -> 0x00C0
[1780] [M]: 0x00000000800022E4 (0x00C00593) addi x11, x0, 0xc                       sv_Mepc+24
x11 <- 0x000000000000000C

mem[X,0x00000000800022E8] -> 0x0663
mem[X,0x00000000800022EA] -> 0x00B4
[1781] [M]: 0x00000000800022E8 (0x00B40663) beq x8, x11, 0xc                        sv_Mepc+28

clint mtime 0x000000000000037B (mip.MTI <- 0b1, mip.STI <- 0b0)
mem[X,0x00000000800022EC] -> 0x0593
mem[X,0x00000000800022EE] -> 0x0010
[1782] [M]: 0x00000000800022EC (0x00100593) addi x11, x0, 0x1                       sv_Mepc+32
x11 <- 0x0000000000000001

mem[X,0x00000000800022F0] -> 0x1663
mem[X,0x00000000800022F2] -> 0x00B4
[1783] [M]: 0x00000000800022F0 (0x00B41663) bne x8, x11, 0xc                        sv_Mepc+36

clint mtime 0x000000000000037C (mip.MTI <- 0b1, mip.STI <- 0b0)
mem[X,0x00000000800022F4] -> 0x1073
mem[X,0x00000000800022F6] -> 0x3412
[1784] [M]: 0x00000000800022F4 (0x34121073) csrrw x0, mepc, x4                      sv_Mepc+40
CSR mepc (0x341) <- 0x000000018000150C

mem[X,0x00000000800022F8] -> 0x006F
mem[X,0x00000000800022FA] -> 0x0100
[1785] [M]: 0x00000000800022F8 (0x0100006F) jal x0, 0x10                            sv_Mepc+44

clint mtime 0x000000000000037D (mip.MTI <- 0b1, mip.STI <- 0b0)
mem[X,0x0000000080002308] -> 0x23F3
mem[X,0x000000008000230A] -> 0x3430
[1786] [M]: 0x0000000080002308 (0x343023F3) csrrs x7, mtval, x0                     skp_adj_Mepc+0
CSR mtval (0x343) -> 0x0000000140000400
x7 <- 0x0000000140000400

mem[X,0x000000008000230C] -> 0x0413
mem[X,0x000000008000230E] -> 0x0004
[1787] [M]: 0x000000008000230C (0x00040413) addi x8, x8, 0x0                        skp_adj_Mepc+4
x8 <- 0x0000000000000001

clint mtime 0x000000000000037E (mip.MTI <- 0b1, mip.STI <- 0b0)
mem[X,0x0000000080002310] -> 0x006F
mem[X,0x0000000080002312] -> 0x0840
[1788] [M]: 0x0000000080002310 (0x0840006F) jal x0, 0x84                            skp_adj_Mepc+8

mem[X,0x0000000080002394] -> 0x8433
mem[X,0x0000000080002396] -> 0x4083
[1789] [M]: 0x0000000080002394 (0x40838433) sub x8, x7, x8                          adj_Mtval+0
x8 <- 0x00000001400003FF

clint mtime 0x000000000000037F (mip.MTI <- 0b1, mip.STI <- 0b0)
mem[X,0x0000000080002398] -> 0x3C23
mem[X,0x000000008000239A] -> 0x0083
[1790] [M]: 0x0000000080002398 (0x00833C23) sd x8, 0x18(x6)                         sv_Mtval+0
mem[W,0x0000000080009410] <- 0x00000001400003FF

mem[X,0x000000008000239C] -> 0x3483
mem[X,0x000000008000239E] -> 0x2181
[1791] [M]: 0x000000008000239C (0x21813483) ld x9, 0x218(x2)                        skp_Mtval+0
mem[R,0x0000000080005218] -> 0x0000000080009418
x9 <- 0x0000000080009418

clint mtime 0x0000000000000380 (mip.MTI <- 0b1, mip.STI <- 0b0)
mem[X,0x00000000800023A0] -> 0x3383
mem[X,0x00000000800023A2] -> 0x1F81
[1792] [M]: 0x00000000800023A0 (0x1F813383) ld x7, 0x1f8(x2)                        skp_Mtval+4
mem[R,0x00000000800051F8] -> 0x0000000080009110
x7 <- 0x0000000080009110

mem[X,0x00000000800023A4] -> 0x3303
mem[X,0x00000000800023A6] -> 0x2001
[1793] [M]: 0x00000000800023A4 (0x20013303) ld x6, 0x200(x2)                        skp_Mtval+8
mem[R,0x0000000080005200] -> 0x0000000000000410
x6 <- 0x0000000000000410

clint mtime 0x0000000000000381 (mip.MTI <- 0b1, mip.STI <- 0b0)
mem[X,0x00000000800023A8] -> 0x0333
mem[X,0x00000000800023AA] -> 0x0073
[1794] [M]: 0x00000000800023A8 (0x00730333) add x6, x6, x7                          skp_Mtval+12
x6 <- 0x0000000080009520

mem[X,0x00000000800023AC] -> 0x6AE3
mem[X,0x00000000800023AE] -> 0xAE93
[1795] [M]: 0x00000000800023AC (0xAE936AE3) bltu x6, x9, -0x50c                     skp_Mtval+16

clint mtime 0x0000000000000382 (mip.MTI <- 0b1, mip.STI <- 0b0)
mem[X,0x00000000800023B0] -> 0x0393
mem[X,0x00000000800023B2] -> 0x2000
[1796] [M]: 0x00000000800023B0 (0x20000393) addi x7, x0, 0x200                      skp_Mtval+20
x7 <- 0x0000000000000200

mem[X,0x00000000800023B4] -> 0x006F
mem[X,0x00000000800023B6] -> 0x0400
[1797] [M]: 0x00000000800023B4 (0x0400006F) jal x0, 0x40                            skp_Mtval+24

clint mtime 0x0000000000000383 (mip.MTI <- 0b1, mip.STI <- 0b0)
mem[X,0x00000000800023F4] -> 0x0417
mem[X,0x00000000800023F6] -> 0x0000
[1798] [M]: 0x00000000800023F4 (0x00000417) auipc x8, 0x0                           spcl_Mhandler+0
x8 <- 0x00000000800023F4

mem[X,0x00000000800023F8] -> 0x0413
mem[X,0x00000000800023FA] -> 0x03C4
[1799] [M]: 0x00000000800023F8 (0x03C40413) addi x8, x8, 0x3c                       spcl_Mhandler+4
x8 <- 0x0000000080002430

clint mtime 0x0000000000000384 (mip.MTI <- 0b1, mip.STI <- 0b0)
mem[X,0x00000000800023FC] -> 0x0433
mem[X,0x00000000800023FE] -> 0x0074
[1800] [M]: 0x00000000800023FC (0x00740433) add x8, x8, x7                          spcl_Mhandler+8
x8 <- 0x0000000080002630

mem[X,0x0000000080002400] -> 0x1393
mem[X,0x0000000080002402] -> 0x0035
[1801] [M]: 0x0000000080002400 (0x00351393) slli x7, x10, 0x3                       spcl_Mhandler+12
x7 <- 0x0000000000000008

clint mtime 0x0000000000000385 (mip.MTI <- 0b1, mip.STI <- 0b0)
mem[X,0x0000000080002404] -> 0x0433
mem[X,0x0000000080002406] -> 0x0074
[1802] [M]: 0x0000000080002404 (0x00740433) add x8, x8, x7                          spcl_Mhandler+16
x8 <- 0x0000000080002638

mem[X,0x0000000080002408] -> 0x7413
mem[X,0x000000008000240A] -> 0xFF84
[1803] [M]: 0x0000000080002408 (0xFF847413) andi x8, x8, -0x8                       spcl_Mhandler+20
x8 <- 0x0000000080002638

clint mtime 0x0000000000000386 (mip.MTI <- 0b1, mip.STI <- 0b0)
mem[X,0x000000008000240C] -> 0x3403
mem[X,0x000000008000240E] -> 0x0004
[1804] [M]: 0x000000008000240C (0x00043403) ld x8, 0x0(x8)                          spcl_Mhandler+24
mem[R,0x0000000080002638] -> 0x0000000000000003
x8 <- 0x0000000000000003

mem[X,0x0000000080002410] -> 0x02E3
mem[X,0x0000000080002412] -> 0xB204
[1805] [M]: 0x0000000080002410 (0xB20402E3) beq x8, x0, -0x4dc                      spcl_Mdispatch_hndling+0

clint mtime 0x0000000000000387 (mip.MTI <- 0b1, mip.STI <- 0b0)
mem[X,0x0000000080002414] -> 0x1393
mem[X,0x0000000080002416] -> 0x03F4
[1806] [M]: 0x0000000080002414 (0x03F41393) slli x7, x8, 0x3f                       spcl_Mdispatch_hndling+4
x7 <- 0x8000000000000000

mem[X,0x0000000080002418] -> 0xD863
mem[X,0x000000008000241A] -> 0x0003
[1807] [M]: 0x0000000080002418 (0x0003D863) bge x7, x0, 0x10                        spcl_Mdispatch_hndling+8

clint mtime 0x0000000000000388 (mip.MTI <- 0b1, mip.STI <- 0b0)
mem[X,0x000000008000241C] -> 0x5413
mem[X,0x000000008000241E] -> 0x0014
[1808] [M]: 0x000000008000241C (0x00145413) srli x8, x8, 0x1                        spcl_Mdispatch_hndling+12
x8 <- 0x0000000000000001

mem[X,0x0000000080002420] -> 0x0CE3
mem[X,0x0000000080002422] -> 0xF885
[1809] [M]: 0x0000000080002420 (0xF8850CE3) beq x10, x8, -0x68                      spcl_Mdispatch_hndling+16

clint mtime 0x0000000000000389 (mip.MTI <- 0b1, mip.STI <- 0b0)
mem[X,0x00000000800023B8] -> 0x3303
mem[X,0x00000000800023BA] -> 0x2601
[1810] [M]: 0x00000000800023B8 (0x26013303) ld x6, 0x260(x2)                        resto_Mrtn+0
mem[R,0x0000000080005260] -> 0xFFFFFFFF7FFFEC4C
x6 <- 0xFFFFFFFF7FFFEC4C

mem[X,0x00000000800023BC] -> 0x3383
mem[X,0x00000000800023BE] -> 0x2681
[1811] [M]: 0x00000000800023BC (0x26813383) ld x7, 0x268(x2)                        resto_Mrtn+4
mem[R,0x0000000080005268] -> 0x0000000080005000
x7 <- 0x0000000080005000

clint mtime 0x000000000000038A (mip.MTI <- 0b1, mip.STI <- 0b0)
mem[X,0x00000000800023C0] -> 0x3403
mem[X,0x00000000800023C2] -> 0x2701
[1812] [M]: 0x00000000800023C0 (0x27013403) ld x8, 0x270(x2)                        resto_Mrtn+8
mem[R,0x0000000080005270] -> 0x0000000000007F76
x8 <- 0x0000000000007F76

mem[X,0x00000000800023C4] -> 0x3483
mem[X,0x00000000800023C6] -> 0x2781
[1813] [M]: 0x00000000800023C4 (0x27813483) ld x9, 0x278(x2)                        resto_Mrtn+12
mem[R,0x0000000080005278] -> 0x00000001000000E8
x9 <- 0x00000001000000E8

clint mtime 0x000000000000038B (mip.MTI <- 0b1, mip.STI <- 0b0)
mem[X,0x00000000800023C8] -> 0x3503
mem[X,0x00000000800023CA] -> 0x2801
[1814] [M]: 0x00000000800023C8 (0x28013503) ld x10, 0x280(x2)                       resto_Mrtn+16
mem[R,0x0000000080005280] -> 0x00000000200000CF
x10 <- 0x00000000200000CF

mem[X,0x00000000800023CC] -> 0x3583
mem[X,0x00000000800023CE] -> 0x2881
[1815] [M]: 0x00000000800023CC (0x28813583) ld x11, 0x288(x2)                       resto_Mrtn+20
mem[R,0x0000000080005288] -> 0x00000000000000CF
x11 <- 0x00000000000000CF

clint mtime 0x000000000000038C (mip.MTI <- 0b1, mip.STI <- 0b0)
mem[X,0x00000000800023D0] -> 0x3103
mem[X,0x00000000800023D2] -> 0x2901
[1816] [M]: 0x00000000800023D0 (0x29013103) ld x2, 0x290(x2)                        resto_Mrtn+24
mem[R,0x0000000080005290] -> 0x0000000000000000
x2 <- 0x0000000000000000

mem[X,0x00000000800023D4] -> 0x0073
mem[X,0x00000000800023D6] -> 0x3020
[1817] [M]: 0x00000000800023D4 (0x30200073) mret                                    resto_Mrtn+28
CSR mstatus (0x300) <- 0x0000000A00000080
ret-ing from M to S

clint mtime 0x000000000000038D (mip.MTI <- 0b1, mip.STI <- 0b0)
PTW: Start, vpn=0x180001, access_type=X, privilege=Smem[R,0x0000000080008030] -> 0x00000000200000CB
PTW: Step, level=2, pte=0x200000CB, pte_addr=0x80008030
PTW: Success, final_ppn=0x80001, level=2mem[X,0x000000008000150C] -> 0x0013
PTW: Start, vpn=0x180001, access_type=X, privilege=Smem[R,0x0000000080008030] -> 0x00000000200000CB
PTW: Step, level=2, pte=0x200000CB, pte_addr=0x80008030
PTW: Success, final_ppn=0x80001, level=2mem[X,0x000000008000150E] -> 0x0000
[1818] [S]: 0x000000018000150C (0x00000013) addi x0, x0, 0x0                        va_rvtest_code_begin+2416

PTW: Start, vpn=0x180001, access_type=X, privilege=Smem[R,0x0000000080008030] -> 0x00000000200000CB
PTW: Step, level=2, pte=0x200000CB, pte_addr=0x80008030
PTW: Success, final_ppn=0x80001, level=2mem[X,0x0000000080001510] -> 0x0013
PTW: Start, vpn=0x180001, access_type=X, privilege=Smem[R,0x0000000080008030] -> 0x00000000200000CB
PTW: Step, level=2, pte=0x200000CB, pte_addr=0x80008030
PTW: Success, final_ppn=0x80001, level=2mem[X,0x0000000080001512] -> 0x0000
[1819] [S]: 0x0000000180001510 (0x00000013) addi x0, x0, 0x0                        va_rvtest_code_begin+2420

clint mtime 0x000000000000038E (mip.MTI <- 0b1, mip.STI <- 0b0)
PTW: Start, vpn=0x180001, access_type=X, privilege=Smem[R,0x0000000080008030] -> 0x00000000200000CB
PTW: Step, level=2, pte=0x200000CB, pte_addr=0x80008030
PTW: Success, final_ppn=0x80001, level=2mem[X,0x0000000080001514] -> 0x0013
PTW: Start, vpn=0x180001, access_type=X, privilege=Smem[R,0x0000000080008030] -> 0x00000000200000CB
PTW: Step, level=2, pte=0x200000CB, pte_addr=0x80008030
PTW: Success, final_ppn=0x80001, level=2mem[X,0x0000000080001516] -> 0x0000
[1820] [S]: 0x0000000180001514 (0x00000013) addi x0, x0, 0x0                        va_rvtest_code_begin+2424

PTW: Start, vpn=0x180001, access_type=X, privilege=Smem[R,0x0000000080008030] -> 0x00000000200000CB
PTW: Step, level=2, pte=0x200000CB, pte_addr=0x80008030
PTW: Success, final_ppn=0x80001, level=2mem[X,0x0000000080001518] -> 0x0113
PTW: Start, vpn=0x180001, access_type=X, privilege=Smem[R,0x0000000080008030] -> 0x00000000200000CB
PTW: Step, level=2, pte=0x200000CB, pte_addr=0x80008030
PTW: Success, final_ppn=0x80001, level=2mem[X,0x000000008000151A] -> 0x0000
[1821] [S]: 0x0000000180001518 (0x00000113) addi x2, x0, 0x0                        va_rvtest_code_begin+2428
x2 <- 0x0000000000000000

clint mtime 0x000000000000038F (mip.MTI <- 0b1, mip.STI <- 0b0)
PTW: Start, vpn=0x180001, access_type=X, privilege=Smem[R,0x0000000080008030] -> 0x00000000200000CB
PTW: Step, level=2, pte=0x200000CB, pte_addr=0x80008030
PTW: Success, final_ppn=0x80001, level=2mem[X,0x000000008000151C] -> 0x0073
PTW: Start, vpn=0x180001, access_type=X, privilege=Smem[R,0x0000000080008030] -> 0x00000000200000CB
PTW: Step, level=2, pte=0x200000CB, pte_addr=0x80008030
PTW: Success, final_ppn=0x80001, level=2mem[X,0x000000008000151E] -> 0x0000
[1822] [S]: 0x000000018000151C (0x00000073) ecall                                   va_rvtest_code_begin+2432
trapping from S to M to handle s-call
handling exc#s-call at priv M with tval 0x0000000000000000
CSR mstatus (0x300) <- 0x0000000A00000800
CSR mcause (0x342) <- 0x0000000000000009
CSR mtval (0x343) <- 0x0000000000000000
CSR mepc (0x341) <- 0x000000018000151C

mem[X,0x0000000080001F80] -> 0x006F
mem[X,0x0000000080001F82] -> 0x1000
[1823] [M]: 0x0000000080001F80 (0x1000006F) jal x0, 0x100                           Mtrampoline+0

clint mtime 0x0000000000000390 (mip.MTI <- 0b1, mip.STI <- 0b0)
mem[X,0x0000000080002080] -> 0x1173
mem[X,0x0000000080002082] -> 0x3401
[1824] [M]: 0x0000000080002080 (0x34011173) csrrw x2, mscratch, x2                  trap_Mhandler+0
CSR mscratch (0x340) <- 0x0000000000000000
x2 <- 0x0000000080005000

mem[X,0x0000000080002084] -> 0x3423
mem[X,0x0000000080002086] -> 0x28B1
[1825] [M]: 0x0000000080002084 (0x28B13423) sd x11, 0x288(x2)                       trap_Mhandler+4
mem[W,0x0000000080005288] <- 0x00000000000000CF

clint mtime 0x0000000000000391 (mip.MTI <- 0b1, mip.STI <- 0b0)
mem[X,0x0000000080002088] -> 0x05EF
mem[X,0x000000008000208A] -> 0x0B80
[1826] [M]: 0x0000000080002088 (0x0B8005EF) jal x11, 0xb8                           trap_Mhandler+8
x11 <- 0x000000008000208C

mem[X,0x0000000080002140] -> 0x3023
mem[X,0x0000000080002142] -> 0x28A1
[1827] [M]: 0x0000000080002140 (0x28A13023) sd x10, 0x280(x2)                       common_Mhandler+0
mem[W,0x0000000080005280] <- 0x00000000200000CF

clint mtime 0x0000000000000392 (mip.MTI <- 0b1, mip.STI <- 0b0)
mem[X,0x0000000080002144] -> 0x1573
mem[X,0x0000000080002146] -> 0x3401
[1828] [M]: 0x0000000080002144 (0x34011573) csrrw x10, mscratch, x2                 common_Mhandler+4
CSR mscratch (0x340) <- 0x0000000080005000
x10 <- 0x0000000000000000

mem[X,0x0000000080002148] -> 0x3823
mem[X,0x000000008000214A] -> 0x28A1
[1829] [M]: 0x0000000080002148 (0x28A13823) sd x10, 0x290(x2)                       common_Mhandler+8
mem[W,0x0000000080005290] <- 0x0000000000000000

clint mtime 0x0000000000000393 (mip.MTI <- 0b1, mip.STI <- 0b0)
mem[X,0x000000008000214C] -> 0x3503
mem[X,0x000000008000214E] -> 0x2301
[1830] [M]: 0x000000008000214C (0x23013503) ld x10, 0x230(x2)                       common_Mhandler+12
mem[R,0x0000000080005230] -> 0x0000000080002154
x10 <- 0x0000000080002154

mem[X,0x0000000080002150] -> 0x0067
mem[X,0x0000000080002152] -> 0x0005
[1831] [M]: 0x0000000080002150 (0x00050067) jalr x0, 0x0(x10)                       common_Mhandler+16

clint mtime 0x0000000000000394 (mip.MTI <- 0b1, mip.STI <- 0b0)
mem[X,0x0000000080002154] -> 0x3C23
mem[X,0x0000000080002156] -> 0x2691
[1832] [M]: 0x0000000080002154 (0x26913C23) sd x9, 0x278(x2)                        common_Mentry+0
mem[W,0x0000000080005278] <- 0x00000001000000E8

mem[X,0x0000000080002158] -> 0x3823
mem[X,0x000000008000215A] -> 0x2681
[1833] [M]: 0x0000000080002158 (0x26813823) sd x8, 0x270(x2)                        common_Mentry+4
mem[W,0x0000000080005270] <- 0x0000000000007F76

clint mtime 0x0000000000000395 (mip.MTI <- 0b1, mip.STI <- 0b0)
mem[X,0x000000008000215C] -> 0x3423
mem[X,0x000000008000215E] -> 0x2671
[1834] [M]: 0x000000008000215C (0x26713423) sd x7, 0x268(x2)                        common_Mentry+8
mem[W,0x0000000080005268] <- 0x0000000080005000

mem[X,0x0000000080002160] -> 0x3023
mem[X,0x0000000080002162] -> 0x2661
[1835] [M]: 0x0000000080002160 (0x26613023) sd x6, 0x260(x2)                        common_Mentry+12
mem[W,0x0000000080005260] <- 0xFFFFFFFF7FFFEC4C

clint mtime 0x0000000000000396 (mip.MTI <- 0b1, mip.STI <- 0b0)
mem[X,0x0000000080002164] -> 0x2573
mem[X,0x0000000080002166] -> 0x3420
[1836] [M]: 0x0000000080002164 (0x34202573) csrrs x10, mcause, x0                   spcl_M2mmode_test+0
CSR mcause (0x342) -> 0x0000000000000009
x10 <- 0x0000000000000009

mem[X,0x0000000080002168] -> 0x04B7
mem[X,0x000000008000216A] -> 0x8000
[1837] [M]: 0x0000000080002168 (0x800004B7) lui x9, -0x80000                        spcl_M2mmode_test+4
x9 <- 0xFFFFFFFF80000000

clint mtime 0x0000000000000397 (mip.MTI <- 0b1, mip.STI <- 0b0)
mem[X,0x000000008000216C] -> 0x8493
mem[X,0x000000008000216E] -> 0x0004
[1838] [M]: 0x000000008000216C (0x00048493) addi x9, x9, 0x0                        spcl_M2mmode_test+8
x9 <- 0xFFFFFFFF80000000

mem[X,0x0000000080002170] -> 0x9493
mem[X,0x0000000080002172] -> 0x00B4
[1839] [M]: 0x0000000080002170 (0x00B49493) slli x9, x9, 0xb                        spcl_M2mmode_test+12
x9 <- 0xFFFFFC0000000000

clint mtime 0x0000000000000398 (mip.MTI <- 0b1, mip.STI <- 0b0)
mem[X,0x0000000080002174] -> 0x8493
mem[X,0x0000000080002176] -> 0x0004
[1840] [M]: 0x0000000080002174 (0x00048493) addi x9, x9, 0x0                        spcl_M2mmode_test+16
x9 <- 0xFFFFFC0000000000

mem[X,0x0000000080002178] -> 0x9493
mem[X,0x000000008000217A] -> 0x00B4
[1841] [M]: 0x0000000080002178 (0x00B49493) slli x9, x9, 0xb                        spcl_M2mmode_test+20
x9 <- 0xFFE0000000000000

clint mtime 0x0000000000000399 (mip.MTI <- 0b1, mip.STI <- 0b0)
mem[X,0x000000008000217C] -> 0x8493
mem[X,0x000000008000217E] -> 0x0034
[1842] [M]: 0x000000008000217C (0x00348493) addi x9, x9, 0x3                        spcl_M2mmode_test+24
x9 <- 0xFFE0000000000003

mem[X,0x0000000080002180] -> 0x9493
mem[X,0x0000000080002182] -> 0x00A4
[1843] [M]: 0x0000000080002180 (0x00A49493) slli x9, x9, 0xa                        spcl_M2mmode_test+28
x9 <- 0x8000000000000C00

clint mtime 0x000000000000039A (mip.MTI <- 0b1, mip.STI <- 0b0)
mem[X,0x0000000080002184] -> 0x8493
mem[X,0x0000000080002186] -> 0x3FC4
[1844] [M]: 0x0000000080002184 (0x3FC48493) addi x9, x9, 0x3fc                      spcl_M2mmode_test+32
x9 <- 0x8000000000000FFC

mem[X,0x0000000080002188] -> 0xF4B3
mem[X,0x000000008000218A] -> 0x00A4
[1845] [M]: 0x0000000080002188 (0x00A4F4B3) and x9, x9, x10                         spcl_M2mmode_test+36
x9 <- 0x0000000000000008

clint mtime 0x000000000000039B (mip.MTI <- 0b1, mip.STI <- 0b0)
mem[X,0x000000008000218C] -> 0x8493
mem[X,0x000000008000218E] -> 0xFF84
[1846] [M]: 0x000000008000218C (0xFF848493) addi x9, x9, -0x8                       spcl_M2mmode_test+40
x9 <- 0x0000000000000000

mem[X,0x0000000080002190] -> 0x9663
mem[X,0x0000000080002192] -> 0x0004
[1847] [M]: 0x0000000080002190 (0x00049663) bne x9, x0, 0xc                         spcl_M2mmode_test+44

clint mtime 0x000000000000039C (mip.MTI <- 0b1, mip.STI <- 0b0)
mem[X,0x0000000080002194] -> 0x3383
mem[X,0x0000000080002196] -> 0x2901
[1848] [M]: 0x0000000080002194 (0x29013383) ld x7, 0x290(x2)                        spcl_M2mmode_test+48
mem[R,0x0000000080005290] -> 0x0000000000000000
x7 <- 0x0000000000000000

mem[X,0x0000000080002198] -> 0x8663
mem[X,0x000000008000219A] -> 0x6E03
[1849] [M]: 0x0000000080002198 (0x6E038663) beq x7, x0, 0x6ec                       spcl_M2mmode_test+52

clint mtime 0x000000000000039D (mip.MTI <- 0b1, mip.STI <- 0b0)
mem[X,0x0000000080002884] -> 0x0493
mem[X,0x0000000080002886] -> 0xFF55
[1850] [M]: 0x0000000080002884 (0xFF550493) addi x9, x10, -0xb                      rtn2mmode+0
x9 <- 0xFFFFFFFFFFFFFFFE

mem[X,0x0000000080002888] -> 0x8C63
mem[X,0x000000008000288A] -> 0x0004
[1851] [M]: 0x0000000080002888 (0x00048C63) beq x9, x0, 0x18                        rtn2mmode+4

clint mtime 0x000000000000039E (mip.MTI <- 0b1, mip.STI <- 0b0)
mem[X,0x000000008000288C] -> 0x3583
mem[X,0x000000008000288E] -> 0x4701
[1852] [M]: 0x000000008000288C (0x47013583) ld x11, 0x470(x2)                       rtn2mmode+8
mem[R,0x0000000080005470] -> 0x0000000180000B9C
x11 <- 0x0000000180000B9C

mem[X,0x0000000080002890] -> 0xD463
mem[X,0x0000000080002892] -> 0x0003
[1853] [M]: 0x0000000080002890 (0x0003D463) bge x7, x0, 0x8                         rtn2mmode+12

clint mtime 0x000000000000039F (mip.MTI <- 0b1, mip.STI <- 0b0)
mem[X,0x0000000080002898] -> 0x3483
mem[X,0x000000008000289A] -> 0x1D81
[1854] [M]: 0x0000000080002898 (0x1D813483) ld x9, 0x1d8(x2)                        from_u_s+0
mem[R,0x00000000800051D8] -> 0x0000000080000BB4
x9 <- 0x0000000080000BB4

mem[X,0x000000008000289C] -> 0x84B3
mem[X,0x000000008000289E] -> 0x40B4
[1855] [M]: 0x000000008000289C (0x40B484B3) sub x9, x9, x11                         from_u_s+4
x9 <- 0xFFFFFFFF00000018

clint mtime 0x00000000000003A0 (mip.MTI <- 0b1, mip.STI <- 0b0)
mem[X,0x00000000800028A0] -> 0x23F3
mem[X,0x00000000800028A2] -> 0x3410
[1856] [M]: 0x00000000800028A0 (0x341023F3) csrrs x7, mepc, x0                      rtn_fm_mmode+0
CSR mepc (0x341) -> 0x000000018000151C
x7 <- 0x000000018000151C

mem[X,0x00000000800028A4] -> 0x83B3
mem[X,0x00000000800028A6] -> 0x0093
[1857] [M]: 0x00000000800028A4 (0x009383B3) add x7, x7, x9                          rtn_fm_mmode+4
x7 <- 0x0000000080001534

clint mtime 0x00000000000003A1 (mip.MTI <- 0b1, mip.STI <- 0b0)
mem[X,0x00000000800028A8] -> 0x3303
mem[X,0x00000000800028AA] -> 0x2601
[1858] [M]: 0x00000000800028A8 (0x26013303) ld x6, 0x260(x2)                        rtn_fm_mmode+8
mem[R,0x0000000080005260] -> 0xFFFFFFFF7FFFEC4C
x6 <- 0xFFFFFFFF7FFFEC4C

mem[X,0x00000000800028AC] -> 0x3403
mem[X,0x00000000800028AE] -> 0x2701
[1859] [M]: 0x00000000800028AC (0x27013403) ld x8, 0x270(x2)                        rtn_fm_mmode+12
mem[R,0x0000000080005270] -> 0x0000000000007F76
x8 <- 0x0000000000007F76

clint mtime 0x00000000000003A2 (mip.MTI <- 0b1, mip.STI <- 0b0)
mem[X,0x00000000800028B0] -> 0x3483
mem[X,0x00000000800028B2] -> 0x2781
[1860] [M]: 0x00000000800028B0 (0x27813483) ld x9, 0x278(x2)                        rtn_fm_mmode+16
mem[R,0x0000000080005278] -> 0x00000001000000E8
x9 <- 0x00000001000000E8

mem[X,0x00000000800028B4] -> 0x3503
mem[X,0x00000000800028B6] -> 0x2801
[1861] [M]: 0x00000000800028B4 (0x28013503) ld x10, 0x280(x2)                       rtn_fm_mmode+20
mem[R,0x0000000080005280] -> 0x00000000200000CF
x10 <- 0x00000000200000CF

clint mtime 0x00000000000003A3 (mip.MTI <- 0b1, mip.STI <- 0b0)
mem[X,0x00000000800028B8] -> 0x3583
mem[X,0x00000000800028BA] -> 0x2881
[1862] [M]: 0x00000000800028B8 (0x28813583) ld x11, 0x288(x2)                       rtn_fm_mmode+24
mem[R,0x0000000080005288] -> 0x00000000000000CF
x11 <- 0x00000000000000CF

mem[X,0x00000000800028BC] -> 0x3103
mem[X,0x00000000800028BE] -> 0x2901
[1863] [M]: 0x00000000800028BC (0x29013103) ld x2, 0x290(x2)                        rtn_fm_mmode+28
mem[R,0x0000000080005290] -> 0x0000000000000000
x2 <- 0x0000000000000000

clint mtime 0x00000000000003A4 (mip.MTI <- 0b1, mip.STI <- 0b0)
mem[X,0x00000000800028C0] -> 0x8067
mem[X,0x00000000800028C2] -> 0x0043
[1864] [M]: 0x00000000800028C0 (0x00438067) jalr x0, 0x4(x7)                        rtn_fm_mmode+32

mem[X,0x0000000080001538] -> 0x0013
mem[X,0x000000008000153A] -> 0x0000
[1865] [M]: 0x0000000080001538 (0x00000013) addi x0, x0, 0x0                        main+2392

clint mtime 0x00000000000003A5 (mip.MTI <- 0b1, mip.STI <- 0b0)
mem[X,0x000000008000153C] -> 0x0013
mem[X,0x000000008000153E] -> 0x0000
[1866] [M]: 0x000000008000153C (0x00000013) addi x0, x0, 0x0                        main+2396

mem[X,0x0000000080001540] -> 0x6517
mem[X,0x0000000080001542] -> 0x0000
[1867] [M]: 0x0000000080001540 (0x00006517) auipc x10, 0x6                          main+2400
x10 <- 0x0000000080007540

clint mtime 0x00000000000003A6 (mip.MTI <- 0b1, mip.STI <- 0b0)
mem[X,0x0000000080001544] -> 0x0513
mem[X,0x0000000080001546] -> 0xAC05
[1868] [M]: 0x0000000080001544 (0xAC050513) addi x10, x10, -0x540                   main+2404
x10 <- 0x0000000080007000

mem[X,0x0000000080001548] -> 0x0001
[1869] [M]: 0x0000000080001548 (0x0001) c.nop                                       main+2408

clint mtime 0x00000000000003A7 (mip.MTI <- 0b1, mip.STI <- 0b0)
mem[X,0x000000008000154A] -> 0x0013
mem[X,0x000000008000154C] -> 0x0000
[1870] [M]: 0x000000008000154A (0x00000013) addi x0, x0, 0x0                        main+2410

mem[X,0x000000008000154E] -> 0x0013
mem[X,0x0000000080001550] -> 0x0000
[1871] [M]: 0x000000008000154E (0x00000013) addi x0, x0, 0x0                        main+2414

clint mtime 0x00000000000003A8 (mip.MTI <- 0b1, mip.STI <- 0b0)
mem[X,0x0000000080001552] -> 0x0013
mem[X,0x0000000080001554] -> 0x0000
[1872] [M]: 0x0000000080001552 (0x00000013) addi x0, x0, 0x0                        main+2418

mem[X,0x0000000080001556] -> 0x0013
mem[X,0x0000000080001558] -> 0x0000
[1873] [M]: 0x0000000080001556 (0x00000013) addi x0, x0, 0x0                        main+2422

clint mtime 0x00000000000003A9 (mip.MTI <- 0b1, mip.STI <- 0b0)
mem[X,0x000000008000155A] -> 0x0013
mem[X,0x000000008000155C] -> 0x0000
[1874] [M]: 0x000000008000155A (0x00000013) addi x0, x0, 0x0                        main+2426

mem[X,0x000000008000155E] -> 0x0001
[1875] [M]: 0x000000008000155E (0x0001) c.nop                                       main+2430

clint mtime 0x00000000000003AA (mip.MTI <- 0b1, mip.STI <- 0b0)
mem[X,0x0000000080001560] -> 0x0593
mem[X,0x0000000080001562] -> 0x0010
[1876] [M]: 0x0000000080001560 (0x00100593) addi x11, x0, 0x1                       main+2432
x11 <- 0x0000000000000001

mem[X,0x0000000080001564] -> 0x5513
mem[X,0x0000000080001566] -> 0x00C5
[1877] [M]: 0x0000000080001564 (0x00C55513) srli x10, x10, 0xc                      main+2436
x10 <- 0x0000000000080007

clint mtime 0x00000000000003AB (mip.MTI <- 0b1, mip.STI <- 0b0)
mem[X,0x0000000080001568] -> 0x1513
mem[X,0x000000008000156A] -> 0x00A5
[1878] [M]: 0x0000000080001568 (0x00A51513) slli x10, x10, 0xa                      main+2440
x10 <- 0x0000000020001C00

mem[X,0x000000008000156C] -> 0x6533
mem[X,0x000000008000156E] -> 0x00B5
[1879] [M]: 0x000000008000156C (0x00B56533) or x10, x10, x11                        main+2444
x10 <- 0x0000000020001C01

clint mtime 0x00000000000003AC (mip.MTI <- 0b1, mip.STI <- 0b0)
mem[X,0x0000000080001570] -> 0x0013
mem[X,0x0000000080001572] -> 0x0000
[1880] [M]: 0x0000000080001570 (0x00000013) addi x0, x0, 0x0                        main+2448

mem[X,0x0000000080001574] -> 0x0013
mem[X,0x0000000080001576] -> 0x0000
[1881] [M]: 0x0000000080001574 (0x00000013) addi x0, x0, 0x0                        main+2452

clint mtime 0x00000000000003AD (mip.MTI <- 0b1, mip.STI <- 0b0)
mem[X,0x0000000080001578] -> 0x0013
mem[X,0x000000008000157A] -> 0x0000
[1882] [M]: 0x0000000080001578 (0x00000013) addi x0, x0, 0x0                        main+2456

mem[X,0x000000008000157C] -> 0x0013
mem[X,0x000000008000157E] -> 0x0000
[1883] [M]: 0x000000008000157C (0x00000013) addi x0, x0, 0x0                        main+2460

clint mtime 0x00000000000003AE (mip.MTI <- 0b1, mip.STI <- 0b0)
mem[X,0x0000000080001580] -> 0x7317
mem[X,0x0000000080001582] -> 0x0000
[1884] [M]: 0x0000000080001580 (0x00007317) auipc x6, 0x7                           main+2464
x6 <- 0x0000000080008580

mem[X,0x0000000080001584] -> 0x0313
mem[X,0x0000000080001586] -> 0xA803
[1885] [M]: 0x0000000080001584 (0xA8030313) addi x6, x6, -0x580                     main+2468
x6 <- 0x0000000080008000

clint mtime 0x00000000000003AF (mip.MTI <- 0b1, mip.STI <- 0b0)
mem[X,0x0000000080001588] -> 0x0001
[1886] [M]: 0x0000000080001588 (0x0001) c.nop                                       main+2472

mem[X,0x000000008000158A] -> 0x0013
mem[X,0x000000008000158C] -> 0x0000
[1887] [M]: 0x000000008000158A (0x00000013) addi x0, x0, 0x0                        main+2474

clint mtime 0x00000000000003B0 (mip.MTI <- 0b1, mip.STI <- 0b0)
mem[X,0x000000008000158E] -> 0x0013
mem[X,0x0000000080001590] -> 0x0000
[1888] [M]: 0x000000008000158E (0x00000013) addi x0, x0, 0x0                        main+2478

mem[X,0x0000000080001592] -> 0x0013
mem[X,0x0000000080001594] -> 0x0000
[1889] [M]: 0x0000000080001592 (0x00000013) addi x0, x0, 0x0                        main+2482

clint mtime 0x00000000000003B1 (mip.MTI <- 0b1, mip.STI <- 0b0)
mem[X,0x0000000080001596] -> 0x0013
mem[X,0x0000000080001598] -> 0x0000
[1890] [M]: 0x0000000080001596 (0x00000013) addi x0, x0, 0x0                        main+2486

mem[X,0x000000008000159A] -> 0x0013
mem[X,0x000000008000159C] -> 0x0000
[1891] [M]: 0x000000008000159A (0x00000013) addi x0, x0, 0x0                        main+2490

clint mtime 0x00000000000003B2 (mip.MTI <- 0b1, mip.STI <- 0b0)
mem[X,0x000000008000159E] -> 0x0001
[1892] [M]: 0x000000008000159E (0x0001) c.nop                                       main+2494

mem[X,0x00000000800015A0] -> 0x0293
mem[X,0x00000000800015A2] -> 0x0280
[1893] [M]: 0x00000000800015A0 (0x02800293) addi x5, x0, 0x28                       main+2496
x5 <- 0x0000000000000028

clint mtime 0x00000000000003B3 (mip.MTI <- 0b1, mip.STI <- 0b0)
mem[X,0x00000000800015A4] -> 0x0333
mem[X,0x00000000800015A6] -> 0x0053
[1894] [M]: 0x00000000800015A4 (0x00530333) add x6, x6, x5                          main+2500
x6 <- 0x0000000080008028

mem[X,0x00000000800015A8] -> 0x3023
mem[X,0x00000000800015AA] -> 0x00A3
[1895] [M]: 0x00000000800015A8 (0x00A33023) sd x10, 0x0(x6)                         main+2504
mem[W,0x0000000080008028] <- 0x0000000020001C01

clint mtime 0x00000000000003B4 (mip.MTI <- 0b1, mip.STI <- 0b0)
mem[X,0x00000000800015AC] -> 0x0013
mem[X,0x00000000800015AE] -> 0x0000
[1896] [M]: 0x00000000800015AC (0x00000013) addi x0, x0, 0x0                        main+2508

mem[X,0x00000000800015B0] -> 0x0013
mem[X,0x00000000800015B2] -> 0x0000
[1897] [M]: 0x00000000800015B0 (0x00000013) addi x0, x0, 0x0                        main+2512

clint mtime 0x00000000000003B5 (mip.MTI <- 0b1, mip.STI <- 0b0)
mem[X,0x00000000800015B4] -> 0x0013
mem[X,0x00000000800015B6] -> 0x0000
[1898] [M]: 0x00000000800015B4 (0x00000013) addi x0, x0, 0x0                        main+2516

mem[X,0x00000000800015B8] -> 0x0013
mem[X,0x00000000800015BA] -> 0x0000
[1899] [M]: 0x00000000800015B8 (0x00000013) addi x0, x0, 0x0                        main+2520

clint mtime 0x00000000000003B6 (mip.MTI <- 0b1, mip.STI <- 0b0)
mem[X,0x00000000800015BC] -> 0x0013
mem[X,0x00000000800015BE] -> 0x0000
[1900] [M]: 0x00000000800015BC (0x00000013) addi x0, x0, 0x0                        main+2524

mem[X,0x00000000800015C0] -> 0xF517
mem[X,0x00000000800015C2] -> 0xFFFF
[1901] [M]: 0x00000000800015C0 (0xFFFFF517) auipc x10, -0x1                         main+2528
x10 <- 0x00000000800005C0

clint mtime 0x00000000000003B7 (mip.MTI <- 0b1, mip.STI <- 0b0)
mem[X,0x00000000800015C4] -> 0x0513
mem[X,0x00000000800015C6] -> 0xE405
[1902] [M]: 0x00000000800015C4 (0xE4050513) addi x10, x10, -0x1c0                   main+2532
x10 <- 0x0000000080000400

mem[X,0x00000000800015C8] -> 0x0001
[1903] [M]: 0x00000000800015C8 (0x0001) c.nop                                       main+2536

clint mtime 0x00000000000003B8 (mip.MTI <- 0b1, mip.STI <- 0b0)
mem[X,0x00000000800015CA] -> 0x0013
mem[X,0x00000000800015CC] -> 0x0000
[1904] [M]: 0x00000000800015CA (0x00000013) addi x0, x0, 0x0                        main+2538

mem[X,0x00000000800015CE] -> 0x0013
mem[X,0x00000000800015D0] -> 0x0000
[1905] [M]: 0x00000000800015CE (0x00000013) addi x0, x0, 0x0                        main+2542

clint mtime 0x00000000000003B9 (mip.MTI <- 0b1, mip.STI <- 0b0)
mem[X,0x00000000800015D2] -> 0x0013
mem[X,0x00000000800015D4] -> 0x0000
[1906] [M]: 0x00000000800015D2 (0x00000013) addi x0, x0, 0x0                        main+2546

mem[X,0x00000000800015D6] -> 0x0013
mem[X,0x00000000800015D8] -> 0x0000
[1907] [M]: 0x00000000800015D6 (0x00000013) addi x0, x0, 0x0                        main+2550

clint mtime 0x00000000000003BA (mip.MTI <- 0b1, mip.STI <- 0b0)
mem[X,0x00000000800015DA] -> 0x0013
mem[X,0x00000000800015DC] -> 0x0000
[1908] [M]: 0x00000000800015DA (0x00000013) addi x0, x0, 0x0                        main+2554

mem[X,0x00000000800015DE] -> 0x0001
[1909] [M]: 0x00000000800015DE (0x0001) c.nop                                       main+2558

clint mtime 0x00000000000003BB (mip.MTI <- 0b1, mip.STI <- 0b0)
mem[X,0x00000000800015E0] -> 0x0593
mem[X,0x00000000800015E2] -> 0x0CF0
[1910] [M]: 0x00000000800015E0 (0x0CF00593) addi x11, x0, 0xcf                      main+2560
x11 <- 0x00000000000000CF

mem[X,0x00000000800015E4] -> 0x5513
mem[X,0x00000000800015E6] -> 0x00C5
[1911] [M]: 0x00000000800015E4 (0x00C55513) srli x10, x10, 0xc                      main+2564
x10 <- 0x0000000000080000

clint mtime 0x00000000000003BC (mip.MTI <- 0b1, mip.STI <- 0b0)
mem[X,0x00000000800015E8] -> 0x1513
mem[X,0x00000000800015EA] -> 0x00A5
[1912] [M]: 0x00000000800015E8 (0x00A51513) slli x10, x10, 0xa                      main+2568
x10 <- 0x0000000020000000

mem[X,0x00000000800015EC] -> 0x6533
mem[X,0x00000000800015EE] -> 0x00B5
[1913] [M]: 0x00000000800015EC (0x00B56533) or x10, x10, x11                        main+2572
x10 <- 0x00000000200000CF

clint mtime 0x00000000000003BD (mip.MTI <- 0b1, mip.STI <- 0b0)
mem[X,0x00000000800015F0] -> 0x0013
mem[X,0x00000000800015F2] -> 0x0000
[1914] [M]: 0x00000000800015F0 (0x00000013) addi x0, x0, 0x0                        main+2576

mem[X,0x00000000800015F4] -> 0x0013
mem[X,0x00000000800015F6] -> 0x0000
[1915] [M]: 0x00000000800015F4 (0x00000013) addi x0, x0, 0x0                        main+2580

clint mtime 0x00000000000003BE (mip.MTI <- 0b1, mip.STI <- 0b0)
mem[X,0x00000000800015F8] -> 0x0013
mem[X,0x00000000800015FA] -> 0x0000
[1916] [M]: 0x00000000800015F8 (0x00000013) addi x0, x0, 0x0                        main+2584

mem[X,0x00000000800015FC] -> 0x0013
mem[X,0x00000000800015FE] -> 0x0000
[1917] [M]: 0x00000000800015FC (0x00000013) addi x0, x0, 0x0                        main+2588

clint mtime 0x00000000000003BF (mip.MTI <- 0b1, mip.STI <- 0b0)
mem[X,0x0000000080001600] -> 0x6317
mem[X,0x0000000080001602] -> 0x0000
[1918] [M]: 0x0000000080001600 (0x00006317) auipc x6, 0x6                           main+2592
x6 <- 0x0000000080007600

mem[X,0x0000000080001604] -> 0x0313
mem[X,0x0000000080001606] -> 0xA003
[1919] [M]: 0x0000000080001604 (0xA0030313) addi x6, x6, -0x600                     main+2596
x6 <- 0x0000000080007000

clint mtime 0x00000000000003C0 (mip.MTI <- 0b1, mip.STI <- 0b0)
mem[X,0x0000000080001608] -> 0x0001
[1920] [M]: 0x0000000080001608 (0x0001) c.nop                                       main+2600

mem[X,0x000000008000160A] -> 0x0013
mem[X,0x000000008000160C] -> 0x0000
[1921] [M]: 0x000000008000160A (0x00000013) addi x0, x0, 0x0                        main+2602

clint mtime 0x00000000000003C1 (mip.MTI <- 0b1, mip.STI <- 0b0)
mem[X,0x000000008000160E] -> 0x0013
mem[X,0x0000000080001610] -> 0x0000
[1922] [M]: 0x000000008000160E (0x00000013) addi x0, x0, 0x0                        main+2606

mem[X,0x0000000080001612] -> 0x0013
mem[X,0x0000000080001614] -> 0x0000
[1923] [M]: 0x0000000080001612 (0x00000013) addi x0, x0, 0x0                        main+2610

clint mtime 0x00000000000003C2 (mip.MTI <- 0b1, mip.STI <- 0b0)
mem[X,0x0000000080001616] -> 0x0013
mem[X,0x0000000080001618] -> 0x0000
[1924] [M]: 0x0000000080001616 (0x00000013) addi x0, x0, 0x0                        main+2614

mem[X,0x000000008000161A] -> 0x0013
mem[X,0x000000008000161C] -> 0x0000
[1925] [M]: 0x000000008000161A (0x00000013) addi x0, x0, 0x0                        main+2618

clint mtime 0x00000000000003C3 (mip.MTI <- 0b1, mip.STI <- 0b0)
mem[X,0x000000008000161E] -> 0x0001
[1926] [M]: 0x000000008000161E (0x0001) c.nop                                       main+2622

mem[X,0x0000000080001620] -> 0x0293
mem[X,0x0000000080001622] -> 0x0000
[1927] [M]: 0x0000000080001620 (0x00000293) addi x5, x0, 0x0                        main+2624
x5 <- 0x0000000000000000

clint mtime 0x00000000000003C4 (mip.MTI <- 0b1, mip.STI <- 0b0)
mem[X,0x0000000080001624] -> 0x0333
mem[X,0x0000000080001626] -> 0x0053
[1928] [M]: 0x0000000080001624 (0x00530333) add x6, x6, x5                          main+2628
x6 <- 0x0000000080007000

mem[X,0x0000000080001628] -> 0x3023
mem[X,0x000000008000162A] -> 0x00A3
[1929] [M]: 0x0000000080001628 (0x00A33023) sd x10, 0x0(x6)                         main+2632
mem[W,0x0000000080007000] <- 0x00000000200000CF

clint mtime 0x00000000000003C5 (mip.MTI <- 0b1, mip.STI <- 0b0)
mem[X,0x000000008000162C] -> 0x0073
mem[X,0x000000008000162E] -> 0x1200
[1930] [M]: 0x000000008000162C (0x12000073) sfence.vma x0, x0                       main+2636

mem[X,0x0000000080001630] -> 0x0493
mem[X,0x0000000080001632] -> 0x0010
[1931] [M]: 0x0000000080001630 (0x00100493) addi x9, x0, 0x1                        main+2640
x9 <- 0x0000000000000001

clint mtime 0x00000000000003C6 (mip.MTI <- 0b1, mip.STI <- 0b0)
mem[X,0x0000000080001634] -> 0x9493
mem[X,0x0000000080001636] -> 0x00B4
[1932] [M]: 0x0000000080001634 (0x00B49493) slli x9, x9, 0xb                        main+2644
x9 <- 0x0000000000000800

mem[X,0x0000000080001638] -> 0xB073
mem[X,0x000000008000163A] -> 0x3004
[1933] [M]: 0x0000000080001638 (0x3004B073) csrrc x0, mstatus, x9                   main+2648
CSR mstatus (0x300) <- 0x0000000A00000000

clint mtime 0x00000000000003C7 (mip.MTI <- 0b1, mip.STI <- 0b0)
mem[X,0x000000008000163C] -> 0x0493
mem[X,0x000000008000163E] -> 0x0010
[1934] [M]: 0x000000008000163C (0x00100493) addi x9, x0, 0x1                        main+2652
x9 <- 0x0000000000000001

mem[X,0x0000000080001640] -> 0x9493
mem[X,0x0000000080001642] -> 0x00B4
[1935] [M]: 0x0000000080001640 (0x00B49493) slli x9, x9, 0xb                        main+2656
x9 <- 0x0000000000000800

clint mtime 0x00000000000003C8 (mip.MTI <- 0b1, mip.STI <- 0b0)
mem[X,0x0000000080001644] -> 0xA073
mem[X,0x0000000080001646] -> 0x3004
[1936] [M]: 0x0000000080001644 (0x3004A073) csrrs x0, mstatus, x9                   main+2660
CSR mstatus (0x300) <- 0x0000000A00000800

mem[X,0x0000000080001648] -> 0x23F3
mem[X,0x000000008000164A] -> 0x3400
[1937] [M]: 0x0000000080001648 (0x340023F3) csrrs x7, mscratch, x0                  main+2664
CSR mscratch (0x340) -> 0x0000000080005000
x7 <- 0x0000000080005000

clint mtime 0x00000000000003C9 (mip.MTI <- 0b1, mip.STI <- 0b0)
mem[X,0x000000008000164C] -> 0xB303
mem[X,0x000000008000164E] -> 0x4703
[1938] [M]: 0x000000008000164C (0x4703B303) ld x6, 0x470(x7)                        main+2668
mem[R,0x0000000080005470] -> 0x0000000180000B9C
x6 <- 0x0000000180000B9C

mem[X,0x0000000080001650] -> 0xB483
mem[X,0x0000000080001652] -> 0x1D83
[1939] [M]: 0x0000000080001650 (0x1D83B483) ld x9, 0x1d8(x7)                        main+2672
mem[R,0x00000000800051D8] -> 0x0000000080000BB4
x9 <- 0x0000000080000BB4

clint mtime 0x00000000000003CA (mip.MTI <- 0b1, mip.STI <- 0b0)
mem[X,0x0000000080001654] -> 0x0333
mem[X,0x0000000080001656] -> 0x4093
[1940] [M]: 0x0000000080001654 (0x40930333) sub x6, x6, x9                          main+2676
x6 <- 0x00000000FFFFFFE8

mem[X,0x0000000080001658] -> 0x0313
mem[X,0x000000008000165A] -> 0x0103
[1941] [M]: 0x0000000080001658 (0x01030313) addi x6, x6, 0x10                       main+2680
x6 <- 0x00000000FFFFFFF8

clint mtime 0x00000000000003CB (mip.MTI <- 0b1, mip.STI <- 0b0)
mem[X,0x000000008000165C] -> 0x0497
mem[X,0x000000008000165E] -> 0x0000
[1942] [M]: 0x000000008000165C (0x00000497) auipc x9, 0x0                           main+2684
x9 <- 0x000000008000165C

mem[X,0x0000000080001660] -> 0x84B3
mem[X,0x0000000080001662] -> 0x0064
[1943] [M]: 0x0000000080001660 (0x006484B3) add x9, x9, x6                          main+2688
x9 <- 0x0000000180001654

clint mtime 0x00000000000003CC (mip.MTI <- 0b1, mip.STI <- 0b0)
mem[X,0x0000000080001664] -> 0x94F3
mem[X,0x0000000080001666] -> 0x3414
[1944] [M]: 0x0000000080001664 (0x341494F3) csrrw x9, mepc, x9                      main+2692
CSR mepc (0x341) <- 0x0000000180001654
x9 <- 0x000000018000151C

mem[X,0x0000000080001668] -> 0x0073
mem[X,0x000000008000166A] -> 0x3020
[1945] [M]: 0x0000000080001668 (0x30200073) mret                                    main+2696
CSR mstatus (0x300) <- 0x0000000A00000080
ret-ing from M to S

clint mtime 0x00000000000003CD (mip.MTI <- 0b1, mip.STI <- 0b0)
PTW: Start, vpn=0x180001, access_type=X, privilege=Smem[R,0x0000000080008030] -> 0x00000000200000CB
PTW: Step, level=2, pte=0x200000CB, pte_addr=0x80008030
PTW: Success, final_ppn=0x80001, level=2mem[X,0x0000000080001654] -> 0x0333
PTW: Start, vpn=0x180001, access_type=X, privilege=Smem[R,0x0000000080008030] -> 0x00000000200000CB
PTW: Step, level=2, pte=0x200000CB, pte_addr=0x80008030
PTW: Success, final_ppn=0x80001, level=2mem[X,0x0000000080001656] -> 0x4093
[1946] [S]: 0x0000000180001654 (0x40930333) sub x6, x6, x9                          va_rvtest_code_begin+2744
x6 <- 0xFFFFFFFF7FFFEADC

PTW: Start, vpn=0x180001, access_type=X, privilege=Smem[R,0x0000000080008030] -> 0x00000000200000CB
PTW: Step, level=2, pte=0x200000CB, pte_addr=0x80008030
PTW: Success, final_ppn=0x80001, level=2mem[X,0x0000000080001658] -> 0x0313
PTW: Start, vpn=0x180001, access_type=X, privilege=Smem[R,0x0000000080008030] -> 0x00000000200000CB
PTW: Step, level=2, pte=0x200000CB, pte_addr=0x80008030
PTW: Success, final_ppn=0x80001, level=2mem[X,0x000000008000165A] -> 0x0103
[1947] [S]: 0x0000000180001658 (0x01030313) addi x6, x6, 0x10                       va_rvtest_code_begin+2748
x6 <- 0xFFFFFFFF7FFFEAEC

clint mtime 0x00000000000003CE (mip.MTI <- 0b1, mip.STI <- 0b0)
PTW: Start, vpn=0x180001, access_type=X, privilege=Smem[R,0x0000000080008030] -> 0x00000000200000CB
PTW: Step, level=2, pte=0x200000CB, pte_addr=0x80008030
PTW: Success, final_ppn=0x80001, level=2mem[X,0x000000008000165C] -> 0x0497
PTW: Start, vpn=0x180001, access_type=X, privilege=Smem[R,0x0000000080008030] -> 0x00000000200000CB
PTW: Step, level=2, pte=0x200000CB, pte_addr=0x80008030
PTW: Success, final_ppn=0x80001, level=2mem[X,0x000000008000165E] -> 0x0000
[1948] [S]: 0x000000018000165C (0x00000497) auipc x9, 0x0                           va_rvtest_code_begin+2752
x9 <- 0x000000018000165C

PTW: Start, vpn=0x180001, access_type=X, privilege=Smem[R,0x0000000080008030] -> 0x00000000200000CB
PTW: Step, level=2, pte=0x200000CB, pte_addr=0x80008030
PTW: Success, final_ppn=0x80001, level=2mem[X,0x0000000080001660] -> 0x84B3
PTW: Start, vpn=0x180001, access_type=X, privilege=Smem[R,0x0000000080008030] -> 0x00000000200000CB
PTW: Step, level=2, pte=0x200000CB, pte_addr=0x80008030
PTW: Success, final_ppn=0x80001, level=2mem[X,0x0000000080001662] -> 0x0064
[1949] [S]: 0x0000000180001660 (0x006484B3) add x9, x9, x6                          va_rvtest_code_begin+2756
x9 <- 0x0000000100000148

clint mtime 0x00000000000003CF (mip.MTI <- 0b1, mip.STI <- 0b0)
PTW: Start, vpn=0x180001, access_type=X, privilege=Smem[R,0x0000000080008030] -> 0x00000000200000CB
PTW: Step, level=2, pte=0x200000CB, pte_addr=0x80008030
PTW: Success, final_ppn=0x80001, level=2mem[X,0x0000000080001664] -> 0x94F3
PTW: Start, vpn=0x180001, access_type=X, privilege=Smem[R,0x0000000080008030] -> 0x00000000200000CB
PTW: Step, level=2, pte=0x200000CB, pte_addr=0x80008030
PTW: Success, final_ppn=0x80001, level=2mem[X,0x0000000080001666] -> 0x3414
[1950] [S]: 0x0000000180001664 (0x341494F3) csrrw x9, mepc, x9                      va_rvtest_code_begin+2760
trapping from S to M to handle illegal-instruction
handling exc#illegal-instruction at priv M with tval 0x00000000341494F3
CSR mstatus (0x300) <- 0x0000000A00000800
CSR mcause (0x342) <- 0x0000000000000002
CSR mtval (0x343) <- 0x00000000341494F3
CSR mepc (0x341) <- 0x0000000180001664

mem[X,0x0000000080001F80] -> 0x006F
mem[X,0x0000000080001F82] -> 0x1000
[1951] [M]: 0x0000000080001F80 (0x1000006F) jal x0, 0x100                           Mtrampoline+0

clint mtime 0x00000000000003D0 (mip.MTI <- 0b1, mip.STI <- 0b0)
mem[X,0x0000000080002080] -> 0x1173
mem[X,0x0000000080002082] -> 0x3401
[1952] [M]: 0x0000000080002080 (0x34011173) csrrw x2, mscratch, x2                  trap_Mhandler+0
CSR mscratch (0x340) <- 0x0000000000000000
x2 <- 0x0000000080005000

mem[X,0x0000000080002084] -> 0x3423
mem[X,0x0000000080002086] -> 0x28B1
[1953] [M]: 0x0000000080002084 (0x28B13423) sd x11, 0x288(x2)                       trap_Mhandler+4
mem[W,0x0000000080005288] <- 0x00000000000000CF

clint mtime 0x00000000000003D1 (mip.MTI <- 0b1, mip.STI <- 0b0)
mem[X,0x0000000080002088] -> 0x05EF
mem[X,0x000000008000208A] -> 0x0B80
[1954] [M]: 0x0000000080002088 (0x0B8005EF) jal x11, 0xb8                           trap_Mhandler+8
x11 <- 0x000000008000208C

mem[X,0x0000000080002140] -> 0x3023
mem[X,0x0000000080002142] -> 0x28A1
[1955] [M]: 0x0000000080002140 (0x28A13023) sd x10, 0x280(x2)                       common_Mhandler+0
mem[W,0x0000000080005280] <- 0x00000000200000CF

clint mtime 0x00000000000003D2 (mip.MTI <- 0b1, mip.STI <- 0b0)
mem[X,0x0000000080002144] -> 0x1573
mem[X,0x0000000080002146] -> 0x3401
[1956] [M]: 0x0000000080002144 (0x34011573) csrrw x10, mscratch, x2                 common_Mhandler+4
CSR mscratch (0x340) <- 0x0000000080005000
x10 <- 0x0000000000000000

mem[X,0x0000000080002148] -> 0x3823
mem[X,0x000000008000214A] -> 0x28A1
[1957] [M]: 0x0000000080002148 (0x28A13823) sd x10, 0x290(x2)                       common_Mhandler+8
mem[W,0x0000000080005290] <- 0x0000000000000000

clint mtime 0x00000000000003D3 (mip.MTI <- 0b1, mip.STI <- 0b0)
mem[X,0x000000008000214C] -> 0x3503
mem[X,0x000000008000214E] -> 0x2301
[1958] [M]: 0x000000008000214C (0x23013503) ld x10, 0x230(x2)                       common_Mhandler+12
mem[R,0x0000000080005230] -> 0x0000000080002154
x10 <- 0x0000000080002154

mem[X,0x0000000080002150] -> 0x0067
mem[X,0x0000000080002152] -> 0x0005
[1959] [M]: 0x0000000080002150 (0x00050067) jalr x0, 0x0(x10)                       common_Mhandler+16

clint mtime 0x00000000000003D4 (mip.MTI <- 0b1, mip.STI <- 0b0)
mem[X,0x0000000080002154] -> 0x3C23
mem[X,0x0000000080002156] -> 0x2691
[1960] [M]: 0x0000000080002154 (0x26913C23) sd x9, 0x278(x2)                        common_Mentry+0
mem[W,0x0000000080005278] <- 0x0000000100000148

mem[X,0x0000000080002158] -> 0x3823
mem[X,0x000000008000215A] -> 0x2681
[1961] [M]: 0x0000000080002158 (0x26813823) sd x8, 0x270(x2)                        common_Mentry+4
mem[W,0x0000000080005270] <- 0x0000000000007F76

clint mtime 0x00000000000003D5 (mip.MTI <- 0b1, mip.STI <- 0b0)
mem[X,0x000000008000215C] -> 0x3423
mem[X,0x000000008000215E] -> 0x2671
[1962] [M]: 0x000000008000215C (0x26713423) sd x7, 0x268(x2)                        common_Mentry+8
mem[W,0x0000000080005268] <- 0x0000000080005000

mem[X,0x0000000080002160] -> 0x3023
mem[X,0x0000000080002162] -> 0x2661
[1963] [M]: 0x0000000080002160 (0x26613023) sd x6, 0x260(x2)                        common_Mentry+12
mem[W,0x0000000080005260] <- 0xFFFFFFFF7FFFEAEC

clint mtime 0x00000000000003D6 (mip.MTI <- 0b1, mip.STI <- 0b0)
mem[X,0x0000000080002164] -> 0x2573
mem[X,0x0000000080002166] -> 0x3420
[1964] [M]: 0x0000000080002164 (0x34202573) csrrs x10, mcause, x0                   spcl_M2mmode_test+0
CSR mcause (0x342) -> 0x0000000000000002
x10 <- 0x0000000000000002

mem[X,0x0000000080002168] -> 0x04B7
mem[X,0x000000008000216A] -> 0x8000
[1965] [M]: 0x0000000080002168 (0x800004B7) lui x9, -0x80000                        spcl_M2mmode_test+4
x9 <- 0xFFFFFFFF80000000

clint mtime 0x00000000000003D7 (mip.MTI <- 0b1, mip.STI <- 0b0)
mem[X,0x000000008000216C] -> 0x8493
mem[X,0x000000008000216E] -> 0x0004
[1966] [M]: 0x000000008000216C (0x00048493) addi x9, x9, 0x0                        spcl_M2mmode_test+8
x9 <- 0xFFFFFFFF80000000

mem[X,0x0000000080002170] -> 0x9493
mem[X,0x0000000080002172] -> 0x00B4
[1967] [M]: 0x0000000080002170 (0x00B49493) slli x9, x9, 0xb                        spcl_M2mmode_test+12
x9 <- 0xFFFFFC0000000000

clint mtime 0x00000000000003D8 (mip.MTI <- 0b1, mip.STI <- 0b0)
mem[X,0x0000000080002174] -> 0x8493
mem[X,0x0000000080002176] -> 0x0004
[1968] [M]: 0x0000000080002174 (0x00048493) addi x9, x9, 0x0                        spcl_M2mmode_test+16
x9 <- 0xFFFFFC0000000000

mem[X,0x0000000080002178] -> 0x9493
mem[X,0x000000008000217A] -> 0x00B4
[1969] [M]: 0x0000000080002178 (0x00B49493) slli x9, x9, 0xb                        spcl_M2mmode_test+20
x9 <- 0xFFE0000000000000

clint mtime 0x00000000000003D9 (mip.MTI <- 0b1, mip.STI <- 0b0)
mem[X,0x000000008000217C] -> 0x8493
mem[X,0x000000008000217E] -> 0x0034
[1970] [M]: 0x000000008000217C (0x00348493) addi x9, x9, 0x3                        spcl_M2mmode_test+24
x9 <- 0xFFE0000000000003

mem[X,0x0000000080002180] -> 0x9493
mem[X,0x0000000080002182] -> 0x00A4
[1971] [M]: 0x0000000080002180 (0x00A49493) slli x9, x9, 0xa                        spcl_M2mmode_test+28
x9 <- 0x8000000000000C00

clint mtime 0x00000000000003DA (mip.MTI <- 0b1, mip.STI <- 0b0)
mem[X,0x0000000080002184] -> 0x8493
mem[X,0x0000000080002186] -> 0x3FC4
[1972] [M]: 0x0000000080002184 (0x3FC48493) addi x9, x9, 0x3fc                      spcl_M2mmode_test+32
x9 <- 0x8000000000000FFC

mem[X,0x0000000080002188] -> 0xF4B3
mem[X,0x000000008000218A] -> 0x00A4
[1973] [M]: 0x0000000080002188 (0x00A4F4B3) and x9, x9, x10                         spcl_M2mmode_test+36
x9 <- 0x0000000000000000

clint mtime 0x00000000000003DB (mip.MTI <- 0b1, mip.STI <- 0b0)
mem[X,0x000000008000218C] -> 0x8493
mem[X,0x000000008000218E] -> 0xFF84
[1974] [M]: 0x000000008000218C (0xFF848493) addi x9, x9, -0x8                       spcl_M2mmode_test+40
x9 <- 0xFFFFFFFFFFFFFFF8

mem[X,0x0000000080002190] -> 0x9663
mem[X,0x0000000080002192] -> 0x0004
[1975] [M]: 0x0000000080002190 (0x00049663) bne x9, x0, 0xc                         spcl_M2mmode_test+44

clint mtime 0x00000000000003DC (mip.MTI <- 0b1, mip.STI <- 0b0)
mem[X,0x000000008000219C] -> 0x0393
mem[X,0x000000008000219E] -> 0x0200
[1976] [M]: 0x000000008000219C (0x02000393) addi x7, x0, 0x20                       Mtrapsig_ptr_upd+0
x7 <- 0x0000000000000020

mem[X,0x00000000800021A0] -> 0x5263
mem[X,0x00000000800021A2] -> 0x0405
[1977] [M]: 0x00000000800021A0 (0x04055263) bge x10, x0, 0x44                       Mtrapsig_ptr_upd+4

clint mtime 0x00000000000003DD (mip.MTI <- 0b1, mip.STI <- 0b0)
mem[X,0x00000000800021E4] -> 0x2373
mem[X,0x00000000800021E6] -> 0x3010
[1978] [M]: 0x00000000800021E4 (0x30102373) csrrs x6, misa, x0                      Mxcpt_sig_sv+0
CSR misa (0x301) -> 0x800000000034112F
x6 <- 0x800000000034112F

mem[X,0x00000000800021E8] -> 0x1313
mem[X,0x00000000800021EA] -> 0x0383
[1979] [M]: 0x00000000800021E8 (0x03831313) slli x6, x6, 0x38                       Mxcpt_sig_sv+4
x6 <- 0x2F00000000000000

clint mtime 0x00000000000003DE (mip.MTI <- 0b1, mip.STI <- 0b0)
mem[X,0x00000000800021EC] -> 0x5463
mem[X,0x00000000800021EE] -> 0x0003
[1980] [M]: 0x00000000800021EC (0x00035463) bge x6, x0, 0x8                         Mxcpt_sig_sv+8

mem[X,0x00000000800021F4] -> 0x3303
mem[X,0x00000000800021F6] -> 0x2181
[1981] [M]: 0x00000000800021F4 (0x21813303) ld x6, 0x218(x2)                        Mtrap_sig_sv+0
mem[R,0x0000000080005218] -> 0x0000000080009418
x6 <- 0x0000000080009418

clint mtime 0x00000000000003DF (mip.MTI <- 0b1, mip.STI <- 0b0)
mem[X,0x00000000800021F8] -> 0x04B3
mem[X,0x00000000800021FA] -> 0x0073
[1982] [M]: 0x00000000800021F8 (0x007304B3) add x9, x6, x7                          Mtrap_sig_sv+4
x9 <- 0x0000000080009438

mem[X,0x00000000800021FC] -> 0x3C23
mem[X,0x00000000800021FE] -> 0x2091
[1983] [M]: 0x00000000800021FC (0x20913C23) sd x9, 0x218(x2)                        Mtrap_sig_sv+8
mem[W,0x0000000080005218] <- 0x0000000080009438

clint mtime 0x00000000000003E0 (mip.MTI <- 0b1, mip.STI <- 0b0)
mem[X,0x0000000080002200] -> 0x3403
mem[X,0x0000000080002202] -> 0x1F81
[1984] [M]: 0x0000000080002200 (0x1F813403) ld x8, 0x1f8(x2)                        Mtrap_sig_sv+12
mem[R,0x00000000800051F8] -> 0x0000000080009110
x8 <- 0x0000000080009110

mem[X,0x0000000080002204] -> 0x0333
mem[X,0x0000000080002206] -> 0x4083
[1985] [M]: 0x0000000080002204 (0x40830333) sub x6, x6, x8                          Mtrap_sig_sv+16
x6 <- 0x0000000000000308

clint mtime 0x00000000000003E1 (mip.MTI <- 0b1, mip.STI <- 0b0)
mem[X,0x0000000080002208] -> 0x3403
mem[X,0x000000008000220A] -> 0x1F81
[1986] [M]: 0x0000000080002208 (0x1F813403) ld x8, 0x1f8(x2)                        Mtrap_sig_sv+20
mem[R,0x00000000800051F8] -> 0x0000000080009110
x8 <- 0x0000000080009110

mem[X,0x000000008000220C] -> 0x0333
mem[X,0x000000008000220E] -> 0x0083
[1987] [M]: 0x000000008000220C (0x00830333) add x6, x6, x8                          Mtrap_sig_sv+24
x6 <- 0x0000000080009418

clint mtime 0x00000000000003E2 (mip.MTI <- 0b1, mip.STI <- 0b0)
mem[X,0x0000000080002210] -> 0x3403
mem[X,0x0000000080002212] -> 0x2401
[1988] [M]: 0x0000000080002210 (0x24013403) ld x8, 0x240(x2)                        Mtrap_sig_sv+28
mem[R,0x0000000080005240] -> 0x0000000080001F80
x8 <- 0x0000000080001F80

mem[X,0x0000000080002214] -> 0x85B3
mem[X,0x0000000080002216] -> 0x4085
[1989] [M]: 0x0000000080002214 (0x408585B3) sub x11, x11, x8                        sv_Mvect+0
x11 <- 0x000000000000010C

clint mtime 0x00000000000003E3 (mip.MTI <- 0b1, mip.STI <- 0b0)
mem[X,0x0000000080002218] -> 0x9593
mem[X,0x000000008000221A] -> 0x0045
[1990] [M]: 0x0000000080002218 (0x00459593) slli x11, x11, 0x4                      sv_Mvect+4
x11 <- 0x00000000000010C0

mem[X,0x000000008000221C] -> 0xE5B3
mem[X,0x000000008000221E] -> 0x0075
[1991] [M]: 0x000000008000221C (0x0075E5B3) or x11, x11, x7                         sv_Mvect+8
x11 <- 0x00000000000010E0

clint mtime 0x00000000000003E4 (mip.MTI <- 0b1, mip.STI <- 0b0)
mem[X,0x0000000080002220] -> 0x8593
mem[X,0x0000000080002222] -> 0x0035
[1992] [M]: 0x0000000080002220 (0x00358593) addi x11, x11, 0x3                      sv_Mvect+12
x11 <- 0x00000000000010E3

mem[X,0x0000000080002224] -> 0x3023
mem[X,0x0000000080002226] -> 0x00B3
[1993] [M]: 0x0000000080002224 (0x00B33023) sd x11, 0x0(x6)                         sv_Mvect+16
mem[W,0x0000000080009418] <- 0x00000000000010E3

clint mtime 0x00000000000003E5 (mip.MTI <- 0b1, mip.STI <- 0b0)
mem[X,0x0000000080002228] -> 0x3423
mem[X,0x000000008000222A] -> 0x00A3
[1994] [M]: 0x0000000080002228 (0x00A33423) sd x10, 0x8(x6)                         sv_Mcause+0
mem[W,0x0000000080009420] <- 0x0000000000000002

mem[X,0x000000008000222C] -> 0x4663
mem[X,0x000000008000222E] -> 0x1A05
[1995] [M]: 0x000000008000222C (0x1A054663) blt x10, x0, 0x1ac                      sv_Mcause+4

clint mtime 0x00000000000003E6 (mip.MTI <- 0b1, mip.STI <- 0b0)
mem[X,0x0000000080002230] -> 0x25F3
mem[X,0x0000000080002232] -> 0x3000
[1996] [M]: 0x0000000080002230 (0x300025F3) csrrs x11, mstatus, x0                  common_Mexcpt_handler+0
CSR mstatus (0x300) -> 0x0000000A00000800
x11 <- 0x0000000A00000800

mem[X,0x0000000080002234] -> 0x9413
mem[X,0x0000000080002236] -> 0x02E5
[1997] [M]: 0x0000000080002234 (0x02E59413) slli x8, x11, 0x2e                      common_Mexcpt_handler+4
x8 <- 0x0200000000000000

clint mtime 0x00000000000003E7 (mip.MTI <- 0b1, mip.STI <- 0b0)
mem[X,0x0000000080002238] -> 0x5463
mem[X,0x000000008000223A] -> 0x0004
[1998] [M]: 0x0000000080002238 (0x00045463) bge x8, x0, 0x8                         common_Mexcpt_handler+8

mem[X,0x0000000080002240] -> 0xD493
mem[X,0x0000000080002242] -> 0x00B5
[1999] [M]: 0x0000000080002240 (0x00B5D493) srli x9, x11, 0xb                       common_Mexcpt_handler+16
x9 <- 0x0000000001400001

clint mtime 0x00000000000003E8 (mip.MTI <- 0b1, mip.STI <- 0b0)
mem[X,0x0000000080002244] -> 0xF493
mem[X,0x0000000080002246] -> 0x0034
[2000] [M]: 0x0000000080002244 (0x0034F493) andi x9, x9, 0x3                        common_Mexcpt_handler+20
x9 <- 0x0000000000000001

mem[X,0x0000000080002248] -> 0x8493
mem[X,0x000000008000224A] -> 0x0014
[2001] [M]: 0x0000000080002248 (0x00148493) addi x9, x9, 0x1                        common_Mexcpt_handler+24
x9 <- 0x0000000000000002

clint mtime 0x00000000000003E9 (mip.MTI <- 0b1, mip.STI <- 0b0)
mem[X,0x000000008000224C] -> 0xF493
mem[X,0x000000008000224E] -> 0x0044
[2002] [M]: 0x000000008000224C (0x0044F493) andi x9, x9, 0x4                        common_Mexcpt_handler+28
x9 <- 0x0000000000000000

mem[X,0x0000000080002250] -> 0x0593
mem[X,0x0000000080002252] -> 0x05D0
[2003] [M]: 0x0000000080002250 (0x05D00593) addi x11, x0, 0x5d                      common_Mexcpt_handler+32
x11 <- 0x000000000000005D

clint mtime 0x00000000000003EA (mip.MTI <- 0b1, mip.STI <- 0b0)
mem[X,0x0000000080002254] -> 0xD5B3
mem[X,0x0000000080002256] -> 0x0095
[2004] [M]: 0x0000000080002254 (0x0095D5B3) srl x11, x11, x9                        common_Mexcpt_handler+36
x11 <- 0x000000000000005D

mem[X,0x0000000080002258] -> 0xF593
mem[X,0x000000008000225A] -> 0x0015
[2005] [M]: 0x0000000080002258 (0x0015F593) andi x11, x11, 0x1                      common_Mexcpt_handler+40
x11 <- 0x0000000000000001

clint mtime 0x00000000000003EB (mip.MTI <- 0b1, mip.STI <- 0b0)
mem[X,0x000000008000225C] -> 0x8EE3
mem[X,0x000000008000225E] -> 0xF405
[2006] [M]: 0x000000008000225C (0xF4058EE3) beq x11, x0, -0xa4                      common_Mexcpt_handler+44

mem[X,0x0000000080002260] -> 0x0593
mem[X,0x0000000080002262] -> 0x2980
[2007] [M]: 0x0000000080002260 (0x29800593) addi x11, x0, 0x298                     common_Mexcpt_handler+48
x11 <- 0x0000000000000298

clint mtime 0x00000000000003EC (mip.MTI <- 0b1, mip.STI <- 0b0)
mem[X,0x0000000080002264] -> 0xF413
mem[X,0x0000000080002266] -> 0x0014
[2008] [M]: 0x0000000080002264 (0x0014F413) andi x8, x9, 0x1                        common_Mexcpt_handler+52
x8 <- 0x0000000000000000

mem[X,0x0000000080002268] -> 0x95B3
mem[X,0x000000008000226A] -> 0x0085
[2009] [M]: 0x0000000080002268 (0x008595B3) sll x11, x11, x8                        common_Mexcpt_handler+56
x11 <- 0x0000000000000298

clint mtime 0x00000000000003ED (mip.MTI <- 0b1, mip.STI <- 0b0)
mem[X,0x000000008000226C] -> 0x9413
mem[X,0x000000008000226E] -> 0x03D4
[2010] [M]: 0x000000008000226C (0x03D49413) slli x8, x9, 0x3d                       common_Mexcpt_handler+60
x8 <- 0x0000000000000000

mem[X,0x0000000080002270] -> 0x5413
mem[X,0x0000000080002272] -> 0x43F4
[2011] [M]: 0x0000000080002270 (0x43F45413) srai x8, x8, 0x3f                       common_Mexcpt_handler+64
x8 <- 0x0000000000000000

clint mtime 0x00000000000003EE (mip.MTI <- 0b1, mip.STI <- 0b0)
mem[X,0x0000000080002274] -> 0x4413
mem[X,0x0000000080002276] -> 0xFFF4
[2012] [M]: 0x0000000080002274 (0xFFF44413) xori x8, x8, -0x1                       common_Mexcpt_handler+68
x8 <- 0xFFFFFFFFFFFFFFFF

mem[X,0x0000000080002278] -> 0xF4B3
mem[X,0x000000008000227A] -> 0x0085
[2013] [M]: 0x0000000080002278 (0x0085F4B3) and x9, x11, x8                         common_Mexcpt_handler+72
x9 <- 0x0000000000000298

clint mtime 0x00000000000003EF (mip.MTI <- 0b1, mip.STI <- 0b0)
mem[X,0x000000008000227C] -> 0x84B3
mem[X,0x000000008000227E] -> 0x0024
[2014] [M]: 0x000000008000227C (0x002484B3) add x9, x9, x2                          vmem_adj_Mepc+0
x9 <- 0x0000000080005298

mem[X,0x0000000080002280] -> 0x23F3
mem[X,0x0000000080002282] -> 0x3410
[2015] [M]: 0x0000000080002280 (0x341023F3) csrrs x7, mepc, x0                      vmem_adj_Mepc+4
CSR mepc (0x341) -> 0x0000000180001664
x7 <- 0x0000000180001664

clint mtime 0x00000000000003F0 (mip.MTI <- 0b1, mip.STI <- 0b0)
mem[X,0x0000000080002284] -> 0x0413
mem[X,0x0000000080002286] -> 0x0004
[2016] [M]: 0x0000000080002284 (0x00040413) addi x8, x8, 0x0                        vmem_adj_Mepc+8
x8 <- 0xFFFFFFFFFFFFFFFF

mem[X,0x0000000080002288] -> 0x006F
mem[X,0x000000008000228A] -> 0x0400
[2017] [M]: 0x0000000080002288 (0x0400006F) jal x0, 0x40                            vmem_adj_Mepc+12

clint mtime 0x00000000000003F1 (mip.MTI <- 0b1, mip.STI <- 0b0)
mem[X,0x00000000800022C8] -> 0x8433
mem[X,0x00000000800022CA] -> 0x4083
[2018] [M]: 0x00000000800022C8 (0x40838433) sub x8, x7, x8                          adj_Mepc+0
x8 <- 0x0000000180001665

mem[X,0x00000000800022CC] -> 0x3823
mem[X,0x00000000800022CE] -> 0x0083
[2019] [M]: 0x00000000800022CC (0x00833823) sd x8, 0x10(x6)                         sv_Mepc+0
mem[W,0x0000000080009428] <- 0x0000000180001665

clint mtime 0x00000000000003F2 (mip.MTI <- 0b1, mip.STI <- 0b0)
mem[X,0x00000000800022D0] -> 0x55B7
mem[X,0x00000000800022D2] -> 0x0000
[2020] [M]: 0x00000000800022D0 (0x000055B7) lui x11, 0x5                            sv_Mepc+4
x11 <- 0x0000000000005000

mem[X,0x00000000800022D4] -> 0x8593
mem[X,0x00000000800022D6] -> 0x6675
[2021] [M]: 0x00000000800022D4 (0x66758593) addi x11, x11, 0x667                    sv_Mepc+8
x11 <- 0x0000000000005667

clint mtime 0x00000000000003F3 (mip.MTI <- 0b1, mip.STI <- 0b0)
mem[X,0x00000000800022D8] -> 0x9593
mem[X,0x00000000800022DA] -> 0x0015
[2022] [M]: 0x00000000800022D8 (0x00159593) slli x11, x11, 0x1                      sv_Mepc+12
x11 <- 0x000000000000ACCE

mem[X,0x00000000800022DC] -> 0x9063
mem[X,0x00000000800022DE] -> 0x02B1
[2023] [M]: 0x00000000800022DC (0x02B19063) bne x3, x11, 0x20                       sv_Mepc+16

clint mtime 0x00000000000003F4 (mip.MTI <- 0b1, mip.STI <- 0b0)
mem[X,0x00000000800022E0] -> 0x2473
mem[X,0x00000000800022E2] -> 0x3420
[2024] [M]: 0x00000000800022E0 (0x34202473) csrrs x8, mcause, x0                    sv_Mepc+20
CSR mcause (0x342) -> 0x0000000000000002
x8 <- 0x0000000000000002

mem[X,0x00000000800022E4] -> 0x0593
mem[X,0x00000000800022E6] -> 0x00C0
[2025] [M]: 0x00000000800022E4 (0x00C00593) addi x11, x0, 0xc                       sv_Mepc+24
x11 <- 0x000000000000000C

clint mtime 0x00000000000003F5 (mip.MTI <- 0b1, mip.STI <- 0b0)
mem[X,0x00000000800022E8] -> 0x0663
mem[X,0x00000000800022EA] -> 0x00B4
[2026] [M]: 0x00000000800022E8 (0x00B40663) beq x8, x11, 0xc                        sv_Mepc+28

mem[X,0x00000000800022EC] -> 0x0593
mem[X,0x00000000800022EE] -> 0x0010
[2027] [M]: 0x00000000800022EC (0x00100593) addi x11, x0, 0x1                       sv_Mepc+32
x11 <- 0x0000000000000001

clint mtime 0x00000000000003F6 (mip.MTI <- 0b1, mip.STI <- 0b0)
mem[X,0x00000000800022F0] -> 0x1663
mem[X,0x00000000800022F2] -> 0x00B4
[2028] [M]: 0x00000000800022F0 (0x00B41663) bne x8, x11, 0xc                        sv_Mepc+36

mem[X,0x00000000800022FC] -> 0xF593
mem[X,0x00000000800022FE] -> 0xFFC3
[2029] [M]: 0x00000000800022FC (0xFFC3F593) andi x11, x7, -0x4                      adj_Mepc_rtn+0
x11 <- 0x0000000180001664

clint mtime 0x00000000000003F7 (mip.MTI <- 0b1, mip.STI <- 0b0)
mem[X,0x0000000080002300] -> 0x8593
mem[X,0x0000000080002302] -> 0x0085
[2030] [M]: 0x0000000080002300 (0x00858593) addi x11, x11, 0x8                      adj_Mepc_rtn+4
x11 <- 0x000000018000166C

mem[X,0x0000000080002304] -> 0x9073
mem[X,0x0000000080002306] -> 0x3415
[2031] [M]: 0x0000000080002304 (0x34159073) csrrw x0, mepc, x11                     adj_Mepc_rtn+8
CSR mepc (0x341) <- 0x000000018000166C

clint mtime 0x00000000000003F8 (mip.MTI <- 0b1, mip.STI <- 0b0)
mem[X,0x0000000080002308] -> 0x23F3
mem[X,0x000000008000230A] -> 0x3430
[2032] [M]: 0x0000000080002308 (0x343023F3) csrrs x7, mtval, x0                     skp_adj_Mepc+0
CSR mtval (0x343) -> 0x00000000341494F3
x7 <- 0x00000000341494F3

mem[X,0x000000008000230C] -> 0x0413
mem[X,0x000000008000230E] -> 0x0004
[2033] [M]: 0x000000008000230C (0x00040413) addi x8, x8, 0x0                        skp_adj_Mepc+4
x8 <- 0x0000000000000002

clint mtime 0x00000000000003F9 (mip.MTI <- 0b1, mip.STI <- 0b0)
mem[X,0x0000000080002310] -> 0x006F
mem[X,0x0000000080002312] -> 0x0840
[2034] [M]: 0x0000000080002310 (0x0840006F) jal x0, 0x84                            skp_adj_Mepc+8

mem[X,0x0000000080002394] -> 0x8433
mem[X,0x0000000080002396] -> 0x4083
[2035] [M]: 0x0000000080002394 (0x40838433) sub x8, x7, x8                          adj_Mtval+0
x8 <- 0x00000000341494F1

clint mtime 0x00000000000003FA (mip.MTI <- 0b1, mip.STI <- 0b0)
mem[X,0x0000000080002398] -> 0x3C23
mem[X,0x000000008000239A] -> 0x0083
[2036] [M]: 0x0000000080002398 (0x00833C23) sd x8, 0x18(x6)                         sv_Mtval+0
mem[W,0x0000000080009430] <- 0x00000000341494F1

mem[X,0x000000008000239C] -> 0x3483
mem[X,0x000000008000239E] -> 0x2181
[2037] [M]: 0x000000008000239C (0x21813483) ld x9, 0x218(x2)                        skp_Mtval+0
mem[R,0x0000000080005218] -> 0x0000000080009438
x9 <- 0x0000000080009438

clint mtime 0x00000000000003FB (mip.MTI <- 0b1, mip.STI <- 0b0)
mem[X,0x00000000800023A0] -> 0x3383
mem[X,0x00000000800023A2] -> 0x1F81
[2038] [M]: 0x00000000800023A0 (0x1F813383) ld x7, 0x1f8(x2)                        skp_Mtval+4
mem[R,0x00000000800051F8] -> 0x0000000080009110
x7 <- 0x0000000080009110

mem[X,0x00000000800023A4] -> 0x3303
mem[X,0x00000000800023A6] -> 0x2001
[2039] [M]: 0x00000000800023A4 (0x20013303) ld x6, 0x200(x2)                        skp_Mtval+8
mem[R,0x0000000080005200] -> 0x0000000000000410
x6 <- 0x0000000000000410

clint mtime 0x00000000000003FC (mip.MTI <- 0b1, mip.STI <- 0b0)
mem[X,0x00000000800023A8] -> 0x0333
mem[X,0x00000000800023AA] -> 0x0073
[2040] [M]: 0x00000000800023A8 (0x00730333) add x6, x6, x7                          skp_Mtval+12
x6 <- 0x0000000080009520

mem[X,0x00000000800023AC] -> 0x6AE3
mem[X,0x00000000800023AE] -> 0xAE93
[2041] [M]: 0x00000000800023AC (0xAE936AE3) bltu x6, x9, -0x50c                     skp_Mtval+16

clint mtime 0x00000000000003FD (mip.MTI <- 0b1, mip.STI <- 0b0)
mem[X,0x00000000800023B0] -> 0x0393
mem[X,0x00000000800023B2] -> 0x2000
[2042] [M]: 0x00000000800023B0 (0x20000393) addi x7, x0, 0x200                      skp_Mtval+20
x7 <- 0x0000000000000200

mem[X,0x00000000800023B4] -> 0x006F
mem[X,0x00000000800023B6] -> 0x0400
[2043] [M]: 0x00000000800023B4 (0x0400006F) jal x0, 0x40                            skp_Mtval+24

clint mtime 0x00000000000003FE (mip.MTI <- 0b1, mip.STI <- 0b0)
mem[X,0x00000000800023F4] -> 0x0417
mem[X,0x00000000800023F6] -> 0x0000
[2044] [M]: 0x00000000800023F4 (0x00000417) auipc x8, 0x0                           spcl_Mhandler+0
x8 <- 0x00000000800023F4

mem[X,0x00000000800023F8] -> 0x0413
mem[X,0x00000000800023FA] -> 0x03C4
[2045] [M]: 0x00000000800023F8 (0x03C40413) addi x8, x8, 0x3c                       spcl_Mhandler+4
x8 <- 0x0000000080002430

clint mtime 0x00000000000003FF (mip.MTI <- 0b1, mip.STI <- 0b0)
mem[X,0x00000000800023FC] -> 0x0433
mem[X,0x00000000800023FE] -> 0x0074
[2046] [M]: 0x00000000800023FC (0x00740433) add x8, x8, x7                          spcl_Mhandler+8
x8 <- 0x0000000080002630

mem[X,0x0000000080002400] -> 0x1393
mem[X,0x0000000080002402] -> 0x0035
[2047] [M]: 0x0000000080002400 (0x00351393) slli x7, x10, 0x3                       spcl_Mhandler+12
x7 <- 0x0000000000000010

clint mtime 0x0000000000000400 (mip.MTI <- 0b1, mip.STI <- 0b0)
mem[X,0x0000000080002404] -> 0x0433
mem[X,0x0000000080002406] -> 0x0074
[2048] [M]: 0x0000000080002404 (0x00740433) add x8, x8, x7                          spcl_Mhandler+16
x8 <- 0x0000000080002640

mem[X,0x0000000080002408] -> 0x7413
mem[X,0x000000008000240A] -> 0xFF84
[2049] [M]: 0x0000000080002408 (0xFF847413) andi x8, x8, -0x8                       spcl_Mhandler+20
x8 <- 0x0000000080002640

clint mtime 0x0000000000000401 (mip.MTI <- 0b1, mip.STI <- 0b0)
mem[X,0x000000008000240C] -> 0x3403
mem[X,0x000000008000240E] -> 0x0004
[2050] [M]: 0x000000008000240C (0x00043403) ld x8, 0x0(x8)                          spcl_Mhandler+24
mem[R,0x0000000080002640] -> 0x0000000000000005
x8 <- 0x0000000000000005

mem[X,0x0000000080002410] -> 0x02E3
mem[X,0x0000000080002412] -> 0xB204
[2051] [M]: 0x0000000080002410 (0xB20402E3) beq x8, x0, -0x4dc                      spcl_Mdispatch_hndling+0

clint mtime 0x0000000000000402 (mip.MTI <- 0b1, mip.STI <- 0b0)
mem[X,0x0000000080002414] -> 0x1393
mem[X,0x0000000080002416] -> 0x03F4
[2052] [M]: 0x0000000080002414 (0x03F41393) slli x7, x8, 0x3f                       spcl_Mdispatch_hndling+4
x7 <- 0x8000000000000000

mem[X,0x0000000080002418] -> 0xD863
mem[X,0x000000008000241A] -> 0x0003
[2053] [M]: 0x0000000080002418 (0x0003D863) bge x7, x0, 0x10                        spcl_Mdispatch_hndling+8

clint mtime 0x0000000000000403 (mip.MTI <- 0b1, mip.STI <- 0b0)
mem[X,0x000000008000241C] -> 0x5413
mem[X,0x000000008000241E] -> 0x0014
[2054] [M]: 0x000000008000241C (0x00145413) srli x8, x8, 0x1                        spcl_Mdispatch_hndling+12
x8 <- 0x0000000000000002

mem[X,0x0000000080002420] -> 0x0CE3
mem[X,0x0000000080002422] -> 0xF885
[2055] [M]: 0x0000000080002420 (0xF8850CE3) beq x10, x8, -0x68                      spcl_Mdispatch_hndling+16

clint mtime 0x0000000000000404 (mip.MTI <- 0b1, mip.STI <- 0b0)
mem[X,0x00000000800023B8] -> 0x3303
mem[X,0x00000000800023BA] -> 0x2601
[2056] [M]: 0x00000000800023B8 (0x26013303) ld x6, 0x260(x2)                        resto_Mrtn+0
mem[R,0x0000000080005260] -> 0xFFFFFFFF7FFFEAEC
x6 <- 0xFFFFFFFF7FFFEAEC

mem[X,0x00000000800023BC] -> 0x3383
mem[X,0x00000000800023BE] -> 0x2681
[2057] [M]: 0x00000000800023BC (0x26813383) ld x7, 0x268(x2)                        resto_Mrtn+4
mem[R,0x0000000080005268] -> 0x0000000080005000
x7 <- 0x0000000080005000

clint mtime 0x0000000000000405 (mip.MTI <- 0b1, mip.STI <- 0b0)
mem[X,0x00000000800023C0] -> 0x3403
mem[X,0x00000000800023C2] -> 0x2701
[2058] [M]: 0x00000000800023C0 (0x27013403) ld x8, 0x270(x2)                        resto_Mrtn+8
mem[R,0x0000000080005270] -> 0x0000000000007F76
x8 <- 0x0000000000007F76

mem[X,0x00000000800023C4] -> 0x3483
mem[X,0x00000000800023C6] -> 0x2781
[2059] [M]: 0x00000000800023C4 (0x27813483) ld x9, 0x278(x2)                        resto_Mrtn+12
mem[R,0x0000000080005278] -> 0x0000000100000148
x9 <- 0x0000000100000148

clint mtime 0x0000000000000406 (mip.MTI <- 0b1, mip.STI <- 0b0)
mem[X,0x00000000800023C8] -> 0x3503
mem[X,0x00000000800023CA] -> 0x2801
[2060] [M]: 0x00000000800023C8 (0x28013503) ld x10, 0x280(x2)                       resto_Mrtn+16
mem[R,0x0000000080005280] -> 0x00000000200000CF
x10 <- 0x00000000200000CF

mem[X,0x00000000800023CC] -> 0x3583
mem[X,0x00000000800023CE] -> 0x2881
[2061] [M]: 0x00000000800023CC (0x28813583) ld x11, 0x288(x2)                       resto_Mrtn+20
mem[R,0x0000000080005288] -> 0x00000000000000CF
x11 <- 0x00000000000000CF

clint mtime 0x0000000000000407 (mip.MTI <- 0b1, mip.STI <- 0b0)
mem[X,0x00000000800023D0] -> 0x3103
mem[X,0x00000000800023D2] -> 0x2901
[2062] [M]: 0x00000000800023D0 (0x29013103) ld x2, 0x290(x2)                        resto_Mrtn+24
mem[R,0x0000000080005290] -> 0x0000000000000000
x2 <- 0x0000000000000000

mem[X,0x00000000800023D4] -> 0x0073
mem[X,0x00000000800023D6] -> 0x3020
[2063] [M]: 0x00000000800023D4 (0x30200073) mret                                    resto_Mrtn+28
CSR mstatus (0x300) <- 0x0000000A00000080
ret-ing from M to S

clint mtime 0x0000000000000408 (mip.MTI <- 0b1, mip.STI <- 0b0)
PTW: Start, vpn=0x180001, access_type=X, privilege=Smem[R,0x0000000080008030] -> 0x00000000200000CB
PTW: Step, level=2, pte=0x200000CB, pte_addr=0x80008030
PTW: Success, final_ppn=0x80001, level=2mem[X,0x000000008000166C] -> 0x07B7
PTW: Start, vpn=0x180001, access_type=X, privilege=Smem[R,0x0000000080008030] -> 0x00000000200000CB
PTW: Step, level=2, pte=0x200000CB, pte_addr=0x80008030
PTW: Success, final_ppn=0x80001, level=2mem[X,0x000000008000166E] -> 0x0050
[2064] [S]: 0x000000018000166C (0x005007B7) lui x15, 0x500                          va_rvtest_code_begin+2768
x15 <- 0x0000000000500000

PTW: Start, vpn=0x180001, access_type=X, privilege=Smem[R,0x0000000080008030] -> 0x00000000200000CB
PTW: Step, level=2, pte=0x200000CB, pte_addr=0x80008030
PTW: Success, final_ppn=0x80001, level=2mem[X,0x0000000080001670] -> 0x8793
PTW: Start, vpn=0x180001, access_type=X, privilege=Smem[R,0x0000000080008030] -> 0x00000000200000CB
PTW: Step, level=2, pte=0x200000CB, pte_addr=0x80008030
PTW: Success, final_ppn=0x80001, level=2mem[X,0x0000000080001672] -> 0x0017
[2065] [S]: 0x0000000180001670 (0x00178793) addi x15, x15, 0x1                      va_rvtest_code_begin+2772
x15 <- 0x0000000000500001

clint mtime 0x0000000000000409 (mip.MTI <- 0b1, mip.STI <- 0b0)
PTW: Start, vpn=0x180001, access_type=X, privilege=Smem[R,0x0000000080008030] -> 0x00000000200000CB
PTW: Step, level=2, pte=0x200000CB, pte_addr=0x80008030
PTW: Success, final_ppn=0x80001, level=2mem[X,0x0000000080001674] -> 0x9793
PTW: Start, vpn=0x180001, access_type=X, privilege=Smem[R,0x0000000080008030] -> 0x00000000200000CB
PTW: Step, level=2, pte=0x200000CB, pte_addr=0x80008030
PTW: Success, final_ppn=0x80001, level=2mem[X,0x0000000080001676] -> 0x00A7
[2066] [S]: 0x0000000180001674 (0x00A79793) slli x15, x15, 0xa                      va_rvtest_code_begin+2776
x15 <- 0x0000000140000400

PTW: Start, vpn=0x180001, access_type=X, privilege=Smem[R,0x0000000080008030] -> 0x00000000200000CB
PTW: Step, level=2, pte=0x200000CB, pte_addr=0x80008030
PTW: Success, final_ppn=0x80001, level=2mem[X,0x0000000080001678] -> 0x0613
PTW: Start, vpn=0x180001, access_type=X, privilege=Smem[R,0x0000000080008030] -> 0x00000000200000CB
PTW: Step, level=2, pte=0x200000CB, pte_addr=0x80008030
PTW: Success, final_ppn=0x80001, level=2mem[X,0x000000008000167A] -> 0x0106
[2067] [S]: 0x0000000180001678 (0x01060613) addi x12, x12, 0x10                     va_rvtest_code_begin+2780
x12 <- 0x0000000000000050

clint mtime 0x000000000000040A (mip.MTI <- 0b1, mip.STI <- 0b0)
PTW: Start, vpn=0x180001, access_type=X, privilege=Smem[R,0x0000000080008030] -> 0x00000000200000CB
PTW: Step, level=2, pte=0x200000CB, pte_addr=0x80008030
PTW: Success, final_ppn=0x80001, level=2mem[X,0x000000008000167C] -> 0xAA23
PTW: Start, vpn=0x180001, access_type=X, privilege=Smem[R,0x0000000080008030] -> 0x00000000200000CB
PTW: Step, level=2, pte=0x200000CB, pte_addr=0x80008030
PTW: Success, final_ppn=0x80001, level=2mem[X,0x000000008000167E] -> 0x00C7
[2068] [S]: 0x000000018000167C (0x00C7AA23) sw x12, 0x14(x15)                       va_rvtest_code_begin+2784
PTW: Start, vpn=0x140000, access_type=W, privilege=Smem[R,0x0000000080008028] -> 0x0000000020001C01
PTW: Step, level=2, pte=0x20001C01, pte_addr=0x80008028
PTW: Start, vpn=0x140000, access_type=W, privilege=Smem[R,0x0000000080007000] -> 0x00000000200000CF
PTW: Step, level=1, pte=0x200000CF, pte_addr=0x80007000
PTW: Success, final_ppn=0x80000, level=1mem[W,0x0000000080000414] <- 0x00000050

PTW: Start, vpn=0x180001, access_type=X, privilege=Smem[R,0x0000000080008030] -> 0x00000000200000CB
PTW: Step, level=2, pte=0x200000CB, pte_addr=0x80008030
PTW: Success, final_ppn=0x80001, level=2mem[X,0x0000000080001680] -> 0x0013
PTW: Start, vpn=0x180001, access_type=X, privilege=Smem[R,0x0000000080008030] -> 0x00000000200000CB
PTW: Step, level=2, pte=0x200000CB, pte_addr=0x80008030
PTW: Success, final_ppn=0x80001, level=2mem[X,0x0000000080001682] -> 0x0000
[2069] [S]: 0x0000000180001680 (0x00000013) addi x0, x0, 0x0                        va_rvtest_code_begin+2788

clint mtime 0x000000000000040B (mip.MTI <- 0b1, mip.STI <- 0b0)
PTW: Start, vpn=0x180001, access_type=X, privilege=Smem[R,0x0000000080008030] -> 0x00000000200000CB
PTW: Step, level=2, pte=0x200000CB, pte_addr=0x80008030
PTW: Success, final_ppn=0x80001, level=2mem[X,0x0000000080001684] -> 0xA703
PTW: Start, vpn=0x180001, access_type=X, privilege=Smem[R,0x0000000080008030] -> 0x00000000200000CB
PTW: Step, level=2, pte=0x200000CB, pte_addr=0x80008030
PTW: Success, final_ppn=0x80001, level=2mem[X,0x0000000080001686] -> 0x0147
[2070] [S]: 0x0000000180001684 (0x0147A703) lw x14, 0x14(x15)                       va_rvtest_code_begin+2792
PTW: Start, vpn=0x140000, access_type=R, privilege=Smem[R,0x0000000080008028] -> 0x0000000020001C01
PTW: Step, level=2, pte=0x20001C01, pte_addr=0x80008028
PTW: Start, vpn=0x140000, access_type=R, privilege=Smem[R,0x0000000080007000] -> 0x00000000200000CF
PTW: Step, level=1, pte=0x200000CF, pte_addr=0x80007000
PTW: Success, final_ppn=0x80000, level=1mem[R,0x0000000080000414] -> 0x00000050
x14 <- 0x0000000000000050

PTW: Start, vpn=0x180001, access_type=X, privilege=Smem[R,0x0000000080008030] -> 0x00000000200000CB
PTW: Step, level=2, pte=0x200000CB, pte_addr=0x80008030
PTW: Success, final_ppn=0x80001, level=2mem[X,0x0000000080001688] -> 0x0013
PTW: Start, vpn=0x180001, access_type=X, privilege=Smem[R,0x0000000080008030] -> 0x00000000200000CB
PTW: Step, level=2, pte=0x200000CB, pte_addr=0x80008030
PTW: Success, final_ppn=0x80001, level=2mem[X,0x000000008000168A] -> 0x0000
[2071] [S]: 0x0000000180001688 (0x00000013) addi x0, x0, 0x0                        va_rvtest_code_begin+2796

clint mtime 0x000000000000040C (mip.MTI <- 0b1, mip.STI <- 0b0)
PTW: Start, vpn=0x180001, access_type=X, privilege=Smem[R,0x0000000080008030] -> 0x00000000200000CB
PTW: Step, level=2, pte=0x200000CB, pte_addr=0x80008030
PTW: Success, final_ppn=0x80001, level=2mem[X,0x000000008000168C] -> 0x51B7
PTW: Start, vpn=0x180001, access_type=X, privilege=Smem[R,0x0000000080008030] -> 0x00000000200000CB
PTW: Step, level=2, pte=0x200000CB, pte_addr=0x80008030
PTW: Success, final_ppn=0x80001, level=2mem[X,0x000000008000168E] -> 0x0000
[2072] [S]: 0x000000018000168C (0x000051B7) lui x3, 0x5                             va_rvtest_code_begin+2800
x3 <- 0x0000000000005000

PTW: Start, vpn=0x180001, access_type=X, privilege=Smem[R,0x0000000080008030] -> 0x00000000200000CB
PTW: Step, level=2, pte=0x200000CB, pte_addr=0x80008030
PTW: Success, final_ppn=0x80001, level=2mem[X,0x0000000080001690] -> 0x8193
PTW: Start, vpn=0x180001, access_type=X, privilege=Smem[R,0x0000000080008030] -> 0x00000000200000CB
PTW: Step, level=2, pte=0x200000CB, pte_addr=0x80008030
PTW: Success, final_ppn=0x80001, level=2mem[X,0x0000000080001692] -> 0x6671
[2073] [S]: 0x0000000180001690 (0x66718193) addi x3, x3, 0x667                      va_rvtest_code_begin+2804
x3 <- 0x0000000000005667

clint mtime 0x000000000000040D (mip.MTI <- 0b1, mip.STI <- 0b0)
PTW: Start, vpn=0x180001, access_type=X, privilege=Smem[R,0x0000000080008030] -> 0x00000000200000CB
PTW: Step, level=2, pte=0x200000CB, pte_addr=0x80008030
PTW: Success, final_ppn=0x80001, level=2mem[X,0x0000000080001694] -> 0x9193
PTW: Start, vpn=0x180001, access_type=X, privilege=Smem[R,0x0000000080008030] -> 0x00000000200000CB
PTW: Step, level=2, pte=0x200000CB, pte_addr=0x80008030
PTW: Success, final_ppn=0x80001, level=2mem[X,0x0000000080001696] -> 0x0011
[2074] [S]: 0x0000000180001694 (0x00119193) slli x3, x3, 0x1                        va_rvtest_code_begin+2808
x3 <- 0x000000000000ACCE

PTW: Start, vpn=0x180001, access_type=X, privilege=Smem[R,0x0000000080008030] -> 0x00000000200000CB
PTW: Step, level=2, pte=0x200000CB, pte_addr=0x80008030
PTW: Success, final_ppn=0x80001, level=2mem[X,0x0000000080001698] -> 0x0013
PTW: Start, vpn=0x180001, access_type=X, privilege=Smem[R,0x0000000080008030] -> 0x00000000200000CB
PTW: Step, level=2, pte=0x200000CB, pte_addr=0x80008030
PTW: Success, final_ppn=0x80001, level=2mem[X,0x000000008000169A] -> 0x0000
[2075] [S]: 0x0000000180001698 (0x00000013) addi x0, x0, 0x0                        va_rvtest_code_begin+2812

clint mtime 0x000000000000040E (mip.MTI <- 0b1, mip.STI <- 0b0)
PTW: Start, vpn=0x180001, access_type=X, privilege=Smem[R,0x0000000080008030] -> 0x00000000200000CB
PTW: Step, level=2, pte=0x200000CB, pte_addr=0x80008030
PTW: Success, final_ppn=0x80001, level=2mem[X,0x000000008000169C] -> 0x0013
PTW: Start, vpn=0x180001, access_type=X, privilege=Smem[R,0x0000000080008030] -> 0x00000000200000CB
PTW: Step, level=2, pte=0x200000CB, pte_addr=0x80008030
PTW: Success, final_ppn=0x80001, level=2mem[X,0x000000008000169E] -> 0x0000
[2076] [S]: 0x000000018000169C (0x00000013) addi x0, x0, 0x0                        va_rvtest_code_begin+2816

PTW: Start, vpn=0x180001, access_type=X, privilege=Smem[R,0x0000000080008030] -> 0x00000000200000CB
PTW: Step, level=2, pte=0x200000CB, pte_addr=0x80008030
PTW: Success, final_ppn=0x80001, level=2mem[X,0x00000000800016A0] -> 0x0217
PTW: Start, vpn=0x180001, access_type=X, privilege=Smem[R,0x0000000080008030] -> 0x00000000200000CB
PTW: Step, level=2, pte=0x200000CB, pte_addr=0x80008030
PTW: Success, final_ppn=0x80001, level=2mem[X,0x00000000800016A2] -> 0x0000
[2077] [S]: 0x00000001800016A0 (0x00000217) auipc x4, 0x0                           va_rvtest_code_begin+2820
x4 <- 0x00000001800016A0

clint mtime 0x000000000000040F (mip.MTI <- 0b1, mip.STI <- 0b0)
PTW: Start, vpn=0x180001, access_type=X, privilege=Smem[R,0x0000000080008030] -> 0x00000000200000CB
PTW: Step, level=2, pte=0x200000CB, pte_addr=0x80008030
PTW: Success, final_ppn=0x80001, level=2mem[X,0x00000000800016A4] -> 0x0213
PTW: Start, vpn=0x180001, access_type=X, privilege=Smem[R,0x0000000080008030] -> 0x00000000200000CB
PTW: Step, level=2, pte=0x200000CB, pte_addr=0x80008030
PTW: Success, final_ppn=0x80001, level=2mem[X,0x00000000800016A6] -> 0x02C2
[2078] [S]: 0x00000001800016A4 (0x02C20213) addi x4, x4, 0x2c                       va_rvtest_code_begin+2824
x4 <- 0x00000001800016CC

PTW: Start, vpn=0x180001, access_type=X, privilege=Smem[R,0x0000000080008030] -> 0x00000000200000CB
PTW: Step, level=2, pte=0x200000CB, pte_addr=0x80008030
PTW: Success, final_ppn=0x80001, level=2mem[X,0x00000000800016A8] -> 0x0001
[2079] [S]: 0x00000001800016A8 (0x0001) c.nop                                       va_rvtest_code_begin+2828

clint mtime 0x0000000000000410 (mip.MTI <- 0b1, mip.STI <- 0b0)
PTW: Start, vpn=0x180001, access_type=X, privilege=Smem[R,0x0000000080008030] -> 0x00000000200000CB
PTW: Step, level=2, pte=0x200000CB, pte_addr=0x80008030
PTW: Success, final_ppn=0x80001, level=2mem[X,0x00000000800016AA] -> 0x0013
PTW: Start, vpn=0x180001, access_type=X, privilege=Smem[R,0x0000000080008030] -> 0x00000000200000CB
PTW: Step, level=2, pte=0x200000CB, pte_addr=0x80008030
PTW: Success, final_ppn=0x80001, level=2mem[X,0x00000000800016AC] -> 0x0000
[2080] [S]: 0x00000001800016AA (0x00000013) addi x0, x0, 0x0                        va_rvtest_code_begin+2830

PTW: Start, vpn=0x180001, access_type=X, privilege=Smem[R,0x0000000080008030] -> 0x00000000200000CB
PTW: Step, level=2, pte=0x200000CB, pte_addr=0x80008030
PTW: Success, final_ppn=0x80001, level=2mem[X,0x00000000800016AE] -> 0x0013
PTW: Start, vpn=0x180001, access_type=X, privilege=Smem[R,0x0000000080008030] -> 0x00000000200000CB
PTW: Step, level=2, pte=0x200000CB, pte_addr=0x80008030
PTW: Success, final_ppn=0x80001, level=2mem[X,0x00000000800016B0] -> 0x0000
[2081] [S]: 0x00000001800016AE (0x00000013) addi x0, x0, 0x0                        va_rvtest_code_begin+2834

clint mtime 0x0000000000000411 (mip.MTI <- 0b1, mip.STI <- 0b0)
PTW: Start, vpn=0x180001, access_type=X, privilege=Smem[R,0x0000000080008030] -> 0x00000000200000CB
PTW: Step, level=2, pte=0x200000CB, pte_addr=0x80008030
PTW: Success, final_ppn=0x80001, level=2mem[X,0x00000000800016B2] -> 0x0013
PTW: Start, vpn=0x180001, access_type=X, privilege=Smem[R,0x0000000080008030] -> 0x00000000200000CB
PTW: Step, level=2, pte=0x200000CB, pte_addr=0x80008030
PTW: Success, final_ppn=0x80001, level=2mem[X,0x00000000800016B4] -> 0x0000
[2082] [S]: 0x00000001800016B2 (0x00000013) addi x0, x0, 0x0                        va_rvtest_code_begin+2838

PTW: Start, vpn=0x180001, access_type=X, privilege=Smem[R,0x0000000080008030] -> 0x00000000200000CB
PTW: Step, level=2, pte=0x200000CB, pte_addr=0x80008030
PTW: Success, final_ppn=0x80001, level=2mem[X,0x00000000800016B6] -> 0x0013
PTW: Start, vpn=0x180001, access_type=X, privilege=Smem[R,0x0000000080008030] -> 0x00000000200000CB
PTW: Step, level=2, pte=0x200000CB, pte_addr=0x80008030
PTW: Success, final_ppn=0x80001, level=2mem[X,0x00000000800016B8] -> 0x0000
[2083] [S]: 0x00000001800016B6 (0x00000013) addi x0, x0, 0x0                        va_rvtest_code_begin+2842

clint mtime 0x0000000000000412 (mip.MTI <- 0b1, mip.STI <- 0b0)
PTW: Start, vpn=0x180001, access_type=X, privilege=Smem[R,0x0000000080008030] -> 0x00000000200000CB
PTW: Step, level=2, pte=0x200000CB, pte_addr=0x80008030
PTW: Success, final_ppn=0x80001, level=2mem[X,0x00000000800016BA] -> 0x0013
PTW: Start, vpn=0x180001, access_type=X, privilege=Smem[R,0x0000000080008030] -> 0x00000000200000CB
PTW: Step, level=2, pte=0x200000CB, pte_addr=0x80008030
PTW: Success, final_ppn=0x80001, level=2mem[X,0x00000000800016BC] -> 0x0000
[2084] [S]: 0x00000001800016BA (0x00000013) addi x0, x0, 0x0                        va_rvtest_code_begin+2846

PTW: Start, vpn=0x180001, access_type=X, privilege=Smem[R,0x0000000080008030] -> 0x00000000200000CB
PTW: Step, level=2, pte=0x200000CB, pte_addr=0x80008030
PTW: Success, final_ppn=0x80001, level=2mem[X,0x00000000800016BE] -> 0x0001
[2085] [S]: 0x00000001800016BE (0x0001) c.nop                                       va_rvtest_code_begin+2850

clint mtime 0x0000000000000413 (mip.MTI <- 0b1, mip.STI <- 0b0)
PTW: Start, vpn=0x180001, access_type=X, privilege=Smem[R,0x0000000080008030] -> 0x00000000200000CB
PTW: Step, level=2, pte=0x200000CB, pte_addr=0x80008030
PTW: Success, final_ppn=0x80001, level=2mem[X,0x00000000800016C0] -> 0x80E7
PTW: Start, vpn=0x180001, access_type=X, privilege=Smem[R,0x0000000080008030] -> 0x00000000200000CB
PTW: Step, level=2, pte=0x200000CB, pte_addr=0x80008030
PTW: Success, final_ppn=0x80001, level=2mem[X,0x00000000800016C2] -> 0x0007
[2086] [S]: 0x00000001800016C0 (0x000780E7) jalr x1, 0x0(x15)                       va_rvtest_code_begin+2852
x1 <- 0x00000001800016C4

PTW: Start, vpn=0x140000, access_type=X, privilege=Smem[R,0x0000000080008028] -> 0x0000000020001C01
PTW: Step, level=2, pte=0x20001C01, pte_addr=0x80008028
PTW: Start, vpn=0x140000, access_type=X, privilege=Smem[R,0x0000000080007000] -> 0x00000000200000CF
PTW: Step, level=1, pte=0x200000CF, pte_addr=0x80007000
PTW: Success, final_ppn=0x80000, level=1trapping from S to M to handle fetch-access-fault
handling exc#fetch-access-fault at priv M with tval 0x0000000140000400
CSR mstatus (0x300) <- 0x0000000A00000800
CSR mcause (0x342) <- 0x0000000000000001
CSR mtval (0x343) <- 0x0000000140000400
CSR mepc (0x341) <- 0x0000000140000400

clint mtime 0x0000000000000414 (mip.MTI <- 0b1, mip.STI <- 0b0)
mem[X,0x0000000080001F80] -> 0x006F
mem[X,0x0000000080001F82] -> 0x1000
[2088] [M]: 0x0000000080001F80 (0x1000006F) jal x0, 0x100                           Mtrampoline+0

mem[X,0x0000000080002080] -> 0x1173
mem[X,0x0000000080002082] -> 0x3401
[2089] [M]: 0x0000000080002080 (0x34011173) csrrw x2, mscratch, x2                  trap_Mhandler+0
CSR mscratch (0x340) <- 0x0000000000000000
x2 <- 0x0000000080005000

clint mtime 0x0000000000000415 (mip.MTI <- 0b1, mip.STI <- 0b0)
mem[X,0x0000000080002084] -> 0x3423
mem[X,0x0000000080002086] -> 0x28B1
[2090] [M]: 0x0000000080002084 (0x28B13423) sd x11, 0x288(x2)                       trap_Mhandler+4
mem[W,0x0000000080005288] <- 0x00000000000000CF

mem[X,0x0000000080002088] -> 0x05EF
mem[X,0x000000008000208A] -> 0x0B80
[2091] [M]: 0x0000000080002088 (0x0B8005EF) jal x11, 0xb8                           trap_Mhandler+8
x11 <- 0x000000008000208C

clint mtime 0x0000000000000416 (mip.MTI <- 0b1, mip.STI <- 0b0)
mem[X,0x0000000080002140] -> 0x3023
mem[X,0x0000000080002142] -> 0x28A1
[2092] [M]: 0x0000000080002140 (0x28A13023) sd x10, 0x280(x2)                       common_Mhandler+0
mem[W,0x0000000080005280] <- 0x00000000200000CF

mem[X,0x0000000080002144] -> 0x1573
mem[X,0x0000000080002146] -> 0x3401
[2093] [M]: 0x0000000080002144 (0x34011573) csrrw x10, mscratch, x2                 common_Mhandler+4
CSR mscratch (0x340) <- 0x0000000080005000
x10 <- 0x0000000000000000

clint mtime 0x0000000000000417 (mip.MTI <- 0b1, mip.STI <- 0b0)
mem[X,0x0000000080002148] -> 0x3823
mem[X,0x000000008000214A] -> 0x28A1
[2094] [M]: 0x0000000080002148 (0x28A13823) sd x10, 0x290(x2)                       common_Mhandler+8
mem[W,0x0000000080005290] <- 0x0000000000000000

mem[X,0x000000008000214C] -> 0x3503
mem[X,0x000000008000214E] -> 0x2301
[2095] [M]: 0x000000008000214C (0x23013503) ld x10, 0x230(x2)                       common_Mhandler+12
mem[R,0x0000000080005230] -> 0x0000000080002154
x10 <- 0x0000000080002154

clint mtime 0x0000000000000418 (mip.MTI <- 0b1, mip.STI <- 0b0)
mem[X,0x0000000080002150] -> 0x0067
mem[X,0x0000000080002152] -> 0x0005
[2096] [M]: 0x0000000080002150 (0x00050067) jalr x0, 0x0(x10)                       common_Mhandler+16

mem[X,0x0000000080002154] -> 0x3C23
mem[X,0x0000000080002156] -> 0x2691
[2097] [M]: 0x0000000080002154 (0x26913C23) sd x9, 0x278(x2)                        common_Mentry+0
mem[W,0x0000000080005278] <- 0x0000000100000148

clint mtime 0x0000000000000419 (mip.MTI <- 0b1, mip.STI <- 0b0)
mem[X,0x0000000080002158] -> 0x3823
mem[X,0x000000008000215A] -> 0x2681
[2098] [M]: 0x0000000080002158 (0x26813823) sd x8, 0x270(x2)                        common_Mentry+4
mem[W,0x0000000080005270] <- 0x0000000000007F76

mem[X,0x000000008000215C] -> 0x3423
mem[X,0x000000008000215E] -> 0x2671
[2099] [M]: 0x000000008000215C (0x26713423) sd x7, 0x268(x2)                        common_Mentry+8
mem[W,0x0000000080005268] <- 0x0000000080005000

clint mtime 0x000000000000041A (mip.MTI <- 0b1, mip.STI <- 0b0)
mem[X,0x0000000080002160] -> 0x3023
mem[X,0x0000000080002162] -> 0x2661
[2100] [M]: 0x0000000080002160 (0x26613023) sd x6, 0x260(x2)                        common_Mentry+12
mem[W,0x0000000080005260] <- 0xFFFFFFFF7FFFEAEC

mem[X,0x0000000080002164] -> 0x2573
mem[X,0x0000000080002166] -> 0x3420
[2101] [M]: 0x0000000080002164 (0x34202573) csrrs x10, mcause, x0                   spcl_M2mmode_test+0
CSR mcause (0x342) -> 0x0000000000000001
x10 <- 0x0000000000000001

clint mtime 0x000000000000041B (mip.MTI <- 0b1, mip.STI <- 0b0)
mem[X,0x0000000080002168] -> 0x04B7
mem[X,0x000000008000216A] -> 0x8000
[2102] [M]: 0x0000000080002168 (0x800004B7) lui x9, -0x80000                        spcl_M2mmode_test+4
x9 <- 0xFFFFFFFF80000000

mem[X,0x000000008000216C] -> 0x8493
mem[X,0x000000008000216E] -> 0x0004
[2103] [M]: 0x000000008000216C (0x00048493) addi x9, x9, 0x0                        spcl_M2mmode_test+8
x9 <- 0xFFFFFFFF80000000

clint mtime 0x000000000000041C (mip.MTI <- 0b1, mip.STI <- 0b0)
mem[X,0x0000000080002170] -> 0x9493
mem[X,0x0000000080002172] -> 0x00B4
[2104] [M]: 0x0000000080002170 (0x00B49493) slli x9, x9, 0xb                        spcl_M2mmode_test+12
x9 <- 0xFFFFFC0000000000

mem[X,0x0000000080002174] -> 0x8493
mem[X,0x0000000080002176] -> 0x0004
[2105] [M]: 0x0000000080002174 (0x00048493) addi x9, x9, 0x0                        spcl_M2mmode_test+16
x9 <- 0xFFFFFC0000000000

clint mtime 0x000000000000041D (mip.MTI <- 0b1, mip.STI <- 0b0)
mem[X,0x0000000080002178] -> 0x9493
mem[X,0x000000008000217A] -> 0x00B4
[2106] [M]: 0x0000000080002178 (0x00B49493) slli x9, x9, 0xb                        spcl_M2mmode_test+20
x9 <- 0xFFE0000000000000

mem[X,0x000000008000217C] -> 0x8493
mem[X,0x000000008000217E] -> 0x0034
[2107] [M]: 0x000000008000217C (0x00348493) addi x9, x9, 0x3                        spcl_M2mmode_test+24
x9 <- 0xFFE0000000000003

clint mtime 0x000000000000041E (mip.MTI <- 0b1, mip.STI <- 0b0)
mem[X,0x0000000080002180] -> 0x9493
mem[X,0x0000000080002182] -> 0x00A4
[2108] [M]: 0x0000000080002180 (0x00A49493) slli x9, x9, 0xa                        spcl_M2mmode_test+28
x9 <- 0x8000000000000C00

mem[X,0x0000000080002184] -> 0x8493
mem[X,0x0000000080002186] -> 0x3FC4
[2109] [M]: 0x0000000080002184 (0x3FC48493) addi x9, x9, 0x3fc                      spcl_M2mmode_test+32
x9 <- 0x8000000000000FFC

clint mtime 0x000000000000041F (mip.MTI <- 0b1, mip.STI <- 0b0)
mem[X,0x0000000080002188] -> 0xF4B3
mem[X,0x000000008000218A] -> 0x00A4
[2110] [M]: 0x0000000080002188 (0x00A4F4B3) and x9, x9, x10                         spcl_M2mmode_test+36
x9 <- 0x0000000000000000

mem[X,0x000000008000218C] -> 0x8493
mem[X,0x000000008000218E] -> 0xFF84
[2111] [M]: 0x000000008000218C (0xFF848493) addi x9, x9, -0x8                       spcl_M2mmode_test+40
x9 <- 0xFFFFFFFFFFFFFFF8

clint mtime 0x0000000000000420 (mip.MTI <- 0b1, mip.STI <- 0b0)
mem[X,0x0000000080002190] -> 0x9663
mem[X,0x0000000080002192] -> 0x0004
[2112] [M]: 0x0000000080002190 (0x00049663) bne x9, x0, 0xc                         spcl_M2mmode_test+44

mem[X,0x000000008000219C] -> 0x0393
mem[X,0x000000008000219E] -> 0x0200
[2113] [M]: 0x000000008000219C (0x02000393) addi x7, x0, 0x20                       Mtrapsig_ptr_upd+0
x7 <- 0x0000000000000020

clint mtime 0x0000000000000421 (mip.MTI <- 0b1, mip.STI <- 0b0)
mem[X,0x00000000800021A0] -> 0x5263
mem[X,0x00000000800021A2] -> 0x0405
[2114] [M]: 0x00000000800021A0 (0x04055263) bge x10, x0, 0x44                       Mtrapsig_ptr_upd+4

mem[X,0x00000000800021E4] -> 0x2373
mem[X,0x00000000800021E6] -> 0x3010
[2115] [M]: 0x00000000800021E4 (0x30102373) csrrs x6, misa, x0                      Mxcpt_sig_sv+0
CSR misa (0x301) -> 0x800000000034112F
x6 <- 0x800000000034112F

clint mtime 0x0000000000000422 (mip.MTI <- 0b1, mip.STI <- 0b0)
mem[X,0x00000000800021E8] -> 0x1313
mem[X,0x00000000800021EA] -> 0x0383
[2116] [M]: 0x00000000800021E8 (0x03831313) slli x6, x6, 0x38                       Mxcpt_sig_sv+4
x6 <- 0x2F00000000000000

mem[X,0x00000000800021EC] -> 0x5463
mem[X,0x00000000800021EE] -> 0x0003
[2117] [M]: 0x00000000800021EC (0x00035463) bge x6, x0, 0x8                         Mxcpt_sig_sv+8

clint mtime 0x0000000000000423 (mip.MTI <- 0b1, mip.STI <- 0b0)
mem[X,0x00000000800021F4] -> 0x3303
mem[X,0x00000000800021F6] -> 0x2181
[2118] [M]: 0x00000000800021F4 (0x21813303) ld x6, 0x218(x2)                        Mtrap_sig_sv+0
mem[R,0x0000000080005218] -> 0x0000000080009438
x6 <- 0x0000000080009438

mem[X,0x00000000800021F8] -> 0x04B3
mem[X,0x00000000800021FA] -> 0x0073
[2119] [M]: 0x00000000800021F8 (0x007304B3) add x9, x6, x7                          Mtrap_sig_sv+4
x9 <- 0x0000000080009458

clint mtime 0x0000000000000424 (mip.MTI <- 0b1, mip.STI <- 0b0)
mem[X,0x00000000800021FC] -> 0x3C23
mem[X,0x00000000800021FE] -> 0x2091
[2120] [M]: 0x00000000800021FC (0x20913C23) sd x9, 0x218(x2)                        Mtrap_sig_sv+8
mem[W,0x0000000080005218] <- 0x0000000080009458

mem[X,0x0000000080002200] -> 0x3403
mem[X,0x0000000080002202] -> 0x1F81
[2121] [M]: 0x0000000080002200 (0x1F813403) ld x8, 0x1f8(x2)                        Mtrap_sig_sv+12
mem[R,0x00000000800051F8] -> 0x0000000080009110
x8 <- 0x0000000080009110

clint mtime 0x0000000000000425 (mip.MTI <- 0b1, mip.STI <- 0b0)
mem[X,0x0000000080002204] -> 0x0333
mem[X,0x0000000080002206] -> 0x4083
[2122] [M]: 0x0000000080002204 (0x40830333) sub x6, x6, x8                          Mtrap_sig_sv+16
x6 <- 0x0000000000000328

mem[X,0x0000000080002208] -> 0x3403
mem[X,0x000000008000220A] -> 0x1F81
[2123] [M]: 0x0000000080002208 (0x1F813403) ld x8, 0x1f8(x2)                        Mtrap_sig_sv+20
mem[R,0x00000000800051F8] -> 0x0000000080009110
x8 <- 0x0000000080009110

clint mtime 0x0000000000000426 (mip.MTI <- 0b1, mip.STI <- 0b0)
mem[X,0x000000008000220C] -> 0x0333
mem[X,0x000000008000220E] -> 0x0083
[2124] [M]: 0x000000008000220C (0x00830333) add x6, x6, x8                          Mtrap_sig_sv+24
x6 <- 0x0000000080009438

mem[X,0x0000000080002210] -> 0x3403
mem[X,0x0000000080002212] -> 0x2401
[2125] [M]: 0x0000000080002210 (0x24013403) ld x8, 0x240(x2)                        Mtrap_sig_sv+28
mem[R,0x0000000080005240] -> 0x0000000080001F80
x8 <- 0x0000000080001F80

clint mtime 0x0000000000000427 (mip.MTI <- 0b1, mip.STI <- 0b0)
mem[X,0x0000000080002214] -> 0x85B3
mem[X,0x0000000080002216] -> 0x4085
[2126] [M]: 0x0000000080002214 (0x408585B3) sub x11, x11, x8                        sv_Mvect+0
x11 <- 0x000000000000010C

mem[X,0x0000000080002218] -> 0x9593
mem[X,0x000000008000221A] -> 0x0045
[2127] [M]: 0x0000000080002218 (0x00459593) slli x11, x11, 0x4                      sv_Mvect+4
x11 <- 0x00000000000010C0

clint mtime 0x0000000000000428 (mip.MTI <- 0b1, mip.STI <- 0b0)
mem[X,0x000000008000221C] -> 0xE5B3
mem[X,0x000000008000221E] -> 0x0075
[2128] [M]: 0x000000008000221C (0x0075E5B3) or x11, x11, x7                         sv_Mvect+8
x11 <- 0x00000000000010E0

mem[X,0x0000000080002220] -> 0x8593
mem[X,0x0000000080002222] -> 0x0035
[2129] [M]: 0x0000000080002220 (0x00358593) addi x11, x11, 0x3                      sv_Mvect+12
x11 <- 0x00000000000010E3

clint mtime 0x0000000000000429 (mip.MTI <- 0b1, mip.STI <- 0b0)
mem[X,0x0000000080002224] -> 0x3023
mem[X,0x0000000080002226] -> 0x00B3
[2130] [M]: 0x0000000080002224 (0x00B33023) sd x11, 0x0(x6)                         sv_Mvect+16
mem[W,0x0000000080009438] <- 0x00000000000010E3

mem[X,0x0000000080002228] -> 0x3423
mem[X,0x000000008000222A] -> 0x00A3
[2131] [M]: 0x0000000080002228 (0x00A33423) sd x10, 0x8(x6)                         sv_Mcause+0
mem[W,0x0000000080009440] <- 0x0000000000000001

clint mtime 0x000000000000042A (mip.MTI <- 0b1, mip.STI <- 0b0)
mem[X,0x000000008000222C] -> 0x4663
mem[X,0x000000008000222E] -> 0x1A05
[2132] [M]: 0x000000008000222C (0x1A054663) blt x10, x0, 0x1ac                      sv_Mcause+4

mem[X,0x0000000080002230] -> 0x25F3
mem[X,0x0000000080002232] -> 0x3000
[2133] [M]: 0x0000000080002230 (0x300025F3) csrrs x11, mstatus, x0                  common_Mexcpt_handler+0
CSR mstatus (0x300) -> 0x0000000A00000800
x11 <- 0x0000000A00000800

clint mtime 0x000000000000042B (mip.MTI <- 0b1, mip.STI <- 0b0)
mem[X,0x0000000080002234] -> 0x9413
mem[X,0x0000000080002236] -> 0x02E5
[2134] [M]: 0x0000000080002234 (0x02E59413) slli x8, x11, 0x2e                      common_Mexcpt_handler+4
x8 <- 0x0200000000000000

mem[X,0x0000000080002238] -> 0x5463
mem[X,0x000000008000223A] -> 0x0004
[2135] [M]: 0x0000000080002238 (0x00045463) bge x8, x0, 0x8                         common_Mexcpt_handler+8

clint mtime 0x000000000000042C (mip.MTI <- 0b1, mip.STI <- 0b0)
mem[X,0x0000000080002240] -> 0xD493
mem[X,0x0000000080002242] -> 0x00B5
[2136] [M]: 0x0000000080002240 (0x00B5D493) srli x9, x11, 0xb                       common_Mexcpt_handler+16
x9 <- 0x0000000001400001

mem[X,0x0000000080002244] -> 0xF493
mem[X,0x0000000080002246] -> 0x0034
[2137] [M]: 0x0000000080002244 (0x0034F493) andi x9, x9, 0x3                        common_Mexcpt_handler+20
x9 <- 0x0000000000000001

clint mtime 0x000000000000042D (mip.MTI <- 0b1, mip.STI <- 0b0)
mem[X,0x0000000080002248] -> 0x8493
mem[X,0x000000008000224A] -> 0x0014
[2138] [M]: 0x0000000080002248 (0x00148493) addi x9, x9, 0x1                        common_Mexcpt_handler+24
x9 <- 0x0000000000000002

mem[X,0x000000008000224C] -> 0xF493
mem[X,0x000000008000224E] -> 0x0044
[2139] [M]: 0x000000008000224C (0x0044F493) andi x9, x9, 0x4                        common_Mexcpt_handler+28
x9 <- 0x0000000000000000

clint mtime 0x000000000000042E (mip.MTI <- 0b1, mip.STI <- 0b0)
mem[X,0x0000000080002250] -> 0x0593
mem[X,0x0000000080002252] -> 0x05D0
[2140] [M]: 0x0000000080002250 (0x05D00593) addi x11, x0, 0x5d                      common_Mexcpt_handler+32
x11 <- 0x000000000000005D

mem[X,0x0000000080002254] -> 0xD5B3
mem[X,0x0000000080002256] -> 0x0095
[2141] [M]: 0x0000000080002254 (0x0095D5B3) srl x11, x11, x9                        common_Mexcpt_handler+36
x11 <- 0x000000000000005D

clint mtime 0x000000000000042F (mip.MTI <- 0b1, mip.STI <- 0b0)
mem[X,0x0000000080002258] -> 0xF593
mem[X,0x000000008000225A] -> 0x0015
[2142] [M]: 0x0000000080002258 (0x0015F593) andi x11, x11, 0x1                      common_Mexcpt_handler+40
x11 <- 0x0000000000000001

mem[X,0x000000008000225C] -> 0x8EE3
mem[X,0x000000008000225E] -> 0xF405
[2143] [M]: 0x000000008000225C (0xF4058EE3) beq x11, x0, -0xa4                      common_Mexcpt_handler+44

clint mtime 0x0000000000000430 (mip.MTI <- 0b1, mip.STI <- 0b0)
mem[X,0x0000000080002260] -> 0x0593
mem[X,0x0000000080002262] -> 0x2980
[2144] [M]: 0x0000000080002260 (0x29800593) addi x11, x0, 0x298                     common_Mexcpt_handler+48
x11 <- 0x0000000000000298

mem[X,0x0000000080002264] -> 0xF413
mem[X,0x0000000080002266] -> 0x0014
[2145] [M]: 0x0000000080002264 (0x0014F413) andi x8, x9, 0x1                        common_Mexcpt_handler+52
x8 <- 0x0000000000000000

clint mtime 0x0000000000000431 (mip.MTI <- 0b1, mip.STI <- 0b0)
mem[X,0x0000000080002268] -> 0x95B3
mem[X,0x000000008000226A] -> 0x0085
[2146] [M]: 0x0000000080002268 (0x008595B3) sll x11, x11, x8                        common_Mexcpt_handler+56
x11 <- 0x0000000000000298

mem[X,0x000000008000226C] -> 0x9413
mem[X,0x000000008000226E] -> 0x03D4
[2147] [M]: 0x000000008000226C (0x03D49413) slli x8, x9, 0x3d                       common_Mexcpt_handler+60
x8 <- 0x0000000000000000

clint mtime 0x0000000000000432 (mip.MTI <- 0b1, mip.STI <- 0b0)
mem[X,0x0000000080002270] -> 0x5413
mem[X,0x0000000080002272] -> 0x43F4
[2148] [M]: 0x0000000080002270 (0x43F45413) srai x8, x8, 0x3f                       common_Mexcpt_handler+64
x8 <- 0x0000000000000000

mem[X,0x0000000080002274] -> 0x4413
mem[X,0x0000000080002276] -> 0xFFF4
[2149] [M]: 0x0000000080002274 (0xFFF44413) xori x8, x8, -0x1                       common_Mexcpt_handler+68
x8 <- 0xFFFFFFFFFFFFFFFF

clint mtime 0x0000000000000433 (mip.MTI <- 0b1, mip.STI <- 0b0)
mem[X,0x0000000080002278] -> 0xF4B3
mem[X,0x000000008000227A] -> 0x0085
[2150] [M]: 0x0000000080002278 (0x0085F4B3) and x9, x11, x8                         common_Mexcpt_handler+72
x9 <- 0x0000000000000298

mem[X,0x000000008000227C] -> 0x84B3
mem[X,0x000000008000227E] -> 0x0024
[2151] [M]: 0x000000008000227C (0x002484B3) add x9, x9, x2                          vmem_adj_Mepc+0
x9 <- 0x0000000080005298

clint mtime 0x0000000000000434 (mip.MTI <- 0b1, mip.STI <- 0b0)
mem[X,0x0000000080002280] -> 0x23F3
mem[X,0x0000000080002282] -> 0x3410
[2152] [M]: 0x0000000080002280 (0x341023F3) csrrs x7, mepc, x0                      vmem_adj_Mepc+4
CSR mepc (0x341) -> 0x0000000140000400
x7 <- 0x0000000140000400

mem[X,0x0000000080002284] -> 0x0413
mem[X,0x0000000080002286] -> 0x0004
[2153] [M]: 0x0000000080002284 (0x00040413) addi x8, x8, 0x0                        vmem_adj_Mepc+8
x8 <- 0xFFFFFFFFFFFFFFFF

clint mtime 0x0000000000000435 (mip.MTI <- 0b1, mip.STI <- 0b0)
mem[X,0x0000000080002288] -> 0x006F
mem[X,0x000000008000228A] -> 0x0400
[2154] [M]: 0x0000000080002288 (0x0400006F) jal x0, 0x40                            vmem_adj_Mepc+12

mem[X,0x00000000800022C8] -> 0x8433
mem[X,0x00000000800022CA] -> 0x4083
[2155] [M]: 0x00000000800022C8 (0x40838433) sub x8, x7, x8                          adj_Mepc+0
x8 <- 0x0000000140000401

clint mtime 0x0000000000000436 (mip.MTI <- 0b1, mip.STI <- 0b0)
mem[X,0x00000000800022CC] -> 0x3823
mem[X,0x00000000800022CE] -> 0x0083
[2156] [M]: 0x00000000800022CC (0x00833823) sd x8, 0x10(x6)                         sv_Mepc+0
mem[W,0x0000000080009448] <- 0x0000000140000401

mem[X,0x00000000800022D0] -> 0x55B7
mem[X,0x00000000800022D2] -> 0x0000
[2157] [M]: 0x00000000800022D0 (0x000055B7) lui x11, 0x5                            sv_Mepc+4
x11 <- 0x0000000000005000

clint mtime 0x0000000000000437 (mip.MTI <- 0b1, mip.STI <- 0b0)
mem[X,0x00000000800022D4] -> 0x8593
mem[X,0x00000000800022D6] -> 0x6675
[2158] [M]: 0x00000000800022D4 (0x66758593) addi x11, x11, 0x667                    sv_Mepc+8
x11 <- 0x0000000000005667

mem[X,0x00000000800022D8] -> 0x9593
mem[X,0x00000000800022DA] -> 0x0015
[2159] [M]: 0x00000000800022D8 (0x00159593) slli x11, x11, 0x1                      sv_Mepc+12
x11 <- 0x000000000000ACCE

clint mtime 0x0000000000000438 (mip.MTI <- 0b1, mip.STI <- 0b0)
mem[X,0x00000000800022DC] -> 0x9063
mem[X,0x00000000800022DE] -> 0x02B1
[2160] [M]: 0x00000000800022DC (0x02B19063) bne x3, x11, 0x20                       sv_Mepc+16

mem[X,0x00000000800022E0] -> 0x2473
mem[X,0x00000000800022E2] -> 0x3420
[2161] [M]: 0x00000000800022E0 (0x34202473) csrrs x8, mcause, x0                    sv_Mepc+20
CSR mcause (0x342) -> 0x0000000000000001
x8 <- 0x0000000000000001

clint mtime 0x0000000000000439 (mip.MTI <- 0b1, mip.STI <- 0b0)
mem[X,0x00000000800022E4] -> 0x0593
mem[X,0x00000000800022E6] -> 0x00C0
[2162] [M]: 0x00000000800022E4 (0x00C00593) addi x11, x0, 0xc                       sv_Mepc+24
x11 <- 0x000000000000000C

mem[X,0x00000000800022E8] -> 0x0663
mem[X,0x00000000800022EA] -> 0x00B4
[2163] [M]: 0x00000000800022E8 (0x00B40663) beq x8, x11, 0xc                        sv_Mepc+28

clint mtime 0x000000000000043A (mip.MTI <- 0b1, mip.STI <- 0b0)
mem[X,0x00000000800022EC] -> 0x0593
mem[X,0x00000000800022EE] -> 0x0010
[2164] [M]: 0x00000000800022EC (0x00100593) addi x11, x0, 0x1                       sv_Mepc+32
x11 <- 0x0000000000000001

mem[X,0x00000000800022F0] -> 0x1663
mem[X,0x00000000800022F2] -> 0x00B4
[2165] [M]: 0x00000000800022F0 (0x00B41663) bne x8, x11, 0xc                        sv_Mepc+36

clint mtime 0x000000000000043B (mip.MTI <- 0b1, mip.STI <- 0b0)
mem[X,0x00000000800022F4] -> 0x1073
mem[X,0x00000000800022F6] -> 0x3412
[2166] [M]: 0x00000000800022F4 (0x34121073) csrrw x0, mepc, x4                      sv_Mepc+40
CSR mepc (0x341) <- 0x00000001800016CC

mem[X,0x00000000800022F8] -> 0x006F
mem[X,0x00000000800022FA] -> 0x0100
[2167] [M]: 0x00000000800022F8 (0x0100006F) jal x0, 0x10                            sv_Mepc+44

clint mtime 0x000000000000043C (mip.MTI <- 0b1, mip.STI <- 0b0)
mem[X,0x0000000080002308] -> 0x23F3
mem[X,0x000000008000230A] -> 0x3430
[2168] [M]: 0x0000000080002308 (0x343023F3) csrrs x7, mtval, x0                     skp_adj_Mepc+0
CSR mtval (0x343) -> 0x0000000140000400
x7 <- 0x0000000140000400

mem[X,0x000000008000230C] -> 0x0413
mem[X,0x000000008000230E] -> 0x0004
[2169] [M]: 0x000000008000230C (0x00040413) addi x8, x8, 0x0                        skp_adj_Mepc+4
x8 <- 0x0000000000000001

clint mtime 0x000000000000043D (mip.MTI <- 0b1, mip.STI <- 0b0)
mem[X,0x0000000080002310] -> 0x006F
mem[X,0x0000000080002312] -> 0x0840
[2170] [M]: 0x0000000080002310 (0x0840006F) jal x0, 0x84                            skp_adj_Mepc+8

mem[X,0x0000000080002394] -> 0x8433
mem[X,0x0000000080002396] -> 0x4083
[2171] [M]: 0x0000000080002394 (0x40838433) sub x8, x7, x8                          adj_Mtval+0
x8 <- 0x00000001400003FF

clint mtime 0x000000000000043E (mip.MTI <- 0b1, mip.STI <- 0b0)
mem[X,0x0000000080002398] -> 0x3C23
mem[X,0x000000008000239A] -> 0x0083
[2172] [M]: 0x0000000080002398 (0x00833C23) sd x8, 0x18(x6)                         sv_Mtval+0
mem[W,0x0000000080009450] <- 0x00000001400003FF

mem[X,0x000000008000239C] -> 0x3483
mem[X,0x000000008000239E] -> 0x2181
[2173] [M]: 0x000000008000239C (0x21813483) ld x9, 0x218(x2)                        skp_Mtval+0
mem[R,0x0000000080005218] -> 0x0000000080009458
x9 <- 0x0000000080009458

clint mtime 0x000000000000043F (mip.MTI <- 0b1, mip.STI <- 0b0)
mem[X,0x00000000800023A0] -> 0x3383
mem[X,0x00000000800023A2] -> 0x1F81
[2174] [M]: 0x00000000800023A0 (0x1F813383) ld x7, 0x1f8(x2)                        skp_Mtval+4
mem[R,0x00000000800051F8] -> 0x0000000080009110
x7 <- 0x0000000080009110

mem[X,0x00000000800023A4] -> 0x3303
mem[X,0x00000000800023A6] -> 0x2001
[2175] [M]: 0x00000000800023A4 (0x20013303) ld x6, 0x200(x2)                        skp_Mtval+8
mem[R,0x0000000080005200] -> 0x0000000000000410
x6 <- 0x0000000000000410

clint mtime 0x0000000000000440 (mip.MTI <- 0b1, mip.STI <- 0b0)
mem[X,0x00000000800023A8] -> 0x0333
mem[X,0x00000000800023AA] -> 0x0073
[2176] [M]: 0x00000000800023A8 (0x00730333) add x6, x6, x7                          skp_Mtval+12
x6 <- 0x0000000080009520

mem[X,0x00000000800023AC] -> 0x6AE3
mem[X,0x00000000800023AE] -> 0xAE93
[2177] [M]: 0x00000000800023AC (0xAE936AE3) bltu x6, x9, -0x50c                     skp_Mtval+16

clint mtime 0x0000000000000441 (mip.MTI <- 0b1, mip.STI <- 0b0)
mem[X,0x00000000800023B0] -> 0x0393
mem[X,0x00000000800023B2] -> 0x2000
[2178] [M]: 0x00000000800023B0 (0x20000393) addi x7, x0, 0x200                      skp_Mtval+20
x7 <- 0x0000000000000200

mem[X,0x00000000800023B4] -> 0x006F
mem[X,0x00000000800023B6] -> 0x0400
[2179] [M]: 0x00000000800023B4 (0x0400006F) jal x0, 0x40                            skp_Mtval+24

clint mtime 0x0000000000000442 (mip.MTI <- 0b1, mip.STI <- 0b0)
mem[X,0x00000000800023F4] -> 0x0417
mem[X,0x00000000800023F6] -> 0x0000
[2180] [M]: 0x00000000800023F4 (0x00000417) auipc x8, 0x0                           spcl_Mhandler+0
x8 <- 0x00000000800023F4

mem[X,0x00000000800023F8] -> 0x0413
mem[X,0x00000000800023FA] -> 0x03C4
[2181] [M]: 0x00000000800023F8 (0x03C40413) addi x8, x8, 0x3c                       spcl_Mhandler+4
x8 <- 0x0000000080002430

clint mtime 0x0000000000000443 (mip.MTI <- 0b1, mip.STI <- 0b0)
mem[X,0x00000000800023FC] -> 0x0433
mem[X,0x00000000800023FE] -> 0x0074
[2182] [M]: 0x00000000800023FC (0x00740433) add x8, x8, x7                          spcl_Mhandler+8
x8 <- 0x0000000080002630

mem[X,0x0000000080002400] -> 0x1393
mem[X,0x0000000080002402] -> 0x0035
[2183] [M]: 0x0000000080002400 (0x00351393) slli x7, x10, 0x3                       spcl_Mhandler+12
x7 <- 0x0000000000000008

clint mtime 0x0000000000000444 (mip.MTI <- 0b1, mip.STI <- 0b0)
mem[X,0x0000000080002404] -> 0x0433
mem[X,0x0000000080002406] -> 0x0074
[2184] [M]: 0x0000000080002404 (0x00740433) add x8, x8, x7                          spcl_Mhandler+16
x8 <- 0x0000000080002638

mem[X,0x0000000080002408] -> 0x7413
mem[X,0x000000008000240A] -> 0xFF84
[2185] [M]: 0x0000000080002408 (0xFF847413) andi x8, x8, -0x8                       spcl_Mhandler+20
x8 <- 0x0000000080002638

clint mtime 0x0000000000000445 (mip.MTI <- 0b1, mip.STI <- 0b0)
mem[X,0x000000008000240C] -> 0x3403
mem[X,0x000000008000240E] -> 0x0004
[2186] [M]: 0x000000008000240C (0x00043403) ld x8, 0x0(x8)                          spcl_Mhandler+24
mem[R,0x0000000080002638] -> 0x0000000000000003
x8 <- 0x0000000000000003

mem[X,0x0000000080002410] -> 0x02E3
mem[X,0x0000000080002412] -> 0xB204
[2187] [M]: 0x0000000080002410 (0xB20402E3) beq x8, x0, -0x4dc                      spcl_Mdispatch_hndling+0

clint mtime 0x0000000000000446 (mip.MTI <- 0b1, mip.STI <- 0b0)
mem[X,0x0000000080002414] -> 0x1393
mem[X,0x0000000080002416] -> 0x03F4
[2188] [M]: 0x0000000080002414 (0x03F41393) slli x7, x8, 0x3f                       spcl_Mdispatch_hndling+4
x7 <- 0x8000000000000000

mem[X,0x0000000080002418] -> 0xD863
mem[X,0x000000008000241A] -> 0x0003
[2189] [M]: 0x0000000080002418 (0x0003D863) bge x7, x0, 0x10                        spcl_Mdispatch_hndling+8

clint mtime 0x0000000000000447 (mip.MTI <- 0b1, mip.STI <- 0b0)
mem[X,0x000000008000241C] -> 0x5413
mem[X,0x000000008000241E] -> 0x0014
[2190] [M]: 0x000000008000241C (0x00145413) srli x8, x8, 0x1                        spcl_Mdispatch_hndling+12
x8 <- 0x0000000000000001

mem[X,0x0000000080002420] -> 0x0CE3
mem[X,0x0000000080002422] -> 0xF885
[2191] [M]: 0x0000000080002420 (0xF8850CE3) beq x10, x8, -0x68                      spcl_Mdispatch_hndling+16

clint mtime 0x0000000000000448 (mip.MTI <- 0b1, mip.STI <- 0b0)
mem[X,0x00000000800023B8] -> 0x3303
mem[X,0x00000000800023BA] -> 0x2601
[2192] [M]: 0x00000000800023B8 (0x26013303) ld x6, 0x260(x2)                        resto_Mrtn+0
mem[R,0x0000000080005260] -> 0xFFFFFFFF7FFFEAEC
x6 <- 0xFFFFFFFF7FFFEAEC

mem[X,0x00000000800023BC] -> 0x3383
mem[X,0x00000000800023BE] -> 0x2681
[2193] [M]: 0x00000000800023BC (0x26813383) ld x7, 0x268(x2)                        resto_Mrtn+4
mem[R,0x0000000080005268] -> 0x0000000080005000
x7 <- 0x0000000080005000

clint mtime 0x0000000000000449 (mip.MTI <- 0b1, mip.STI <- 0b0)
mem[X,0x00000000800023C0] -> 0x3403
mem[X,0x00000000800023C2] -> 0x2701
[2194] [M]: 0x00000000800023C0 (0x27013403) ld x8, 0x270(x2)                        resto_Mrtn+8
mem[R,0x0000000080005270] -> 0x0000000000007F76
x8 <- 0x0000000000007F76

mem[X,0x00000000800023C4] -> 0x3483
mem[X,0x00000000800023C6] -> 0x2781
[2195] [M]: 0x00000000800023C4 (0x27813483) ld x9, 0x278(x2)                        resto_Mrtn+12
mem[R,0x0000000080005278] -> 0x0000000100000148
x9 <- 0x0000000100000148

clint mtime 0x000000000000044A (mip.MTI <- 0b1, mip.STI <- 0b0)
mem[X,0x00000000800023C8] -> 0x3503
mem[X,0x00000000800023CA] -> 0x2801
[2196] [M]: 0x00000000800023C8 (0x28013503) ld x10, 0x280(x2)                       resto_Mrtn+16
mem[R,0x0000000080005280] -> 0x00000000200000CF
x10 <- 0x00000000200000CF

mem[X,0x00000000800023CC] -> 0x3583
mem[X,0x00000000800023CE] -> 0x2881
[2197] [M]: 0x00000000800023CC (0x28813583) ld x11, 0x288(x2)                       resto_Mrtn+20
mem[R,0x0000000080005288] -> 0x00000000000000CF
x11 <- 0x00000000000000CF

clint mtime 0x000000000000044B (mip.MTI <- 0b1, mip.STI <- 0b0)
mem[X,0x00000000800023D0] -> 0x3103
mem[X,0x00000000800023D2] -> 0x2901
[2198] [M]: 0x00000000800023D0 (0x29013103) ld x2, 0x290(x2)                        resto_Mrtn+24
mem[R,0x0000000080005290] -> 0x0000000000000000
x2 <- 0x0000000000000000

mem[X,0x00000000800023D4] -> 0x0073
mem[X,0x00000000800023D6] -> 0x3020
[2199] [M]: 0x00000000800023D4 (0x30200073) mret                                    resto_Mrtn+28
CSR mstatus (0x300) <- 0x0000000A00000080
ret-ing from M to S

clint mtime 0x000000000000044C (mip.MTI <- 0b1, mip.STI <- 0b0)
PTW: Start, vpn=0x180001, access_type=X, privilege=Smem[R,0x0000000080008030] -> 0x00000000200000CB
PTW: Step, level=2, pte=0x200000CB, pte_addr=0x80008030
PTW: Success, final_ppn=0x80001, level=2mem[X,0x00000000800016CC] -> 0x0013
PTW: Start, vpn=0x180001, access_type=X, privilege=Smem[R,0x0000000080008030] -> 0x00000000200000CB
PTW: Step, level=2, pte=0x200000CB, pte_addr=0x80008030
PTW: Success, final_ppn=0x80001, level=2mem[X,0x00000000800016CE] -> 0x0000
[2200] [S]: 0x00000001800016CC (0x00000013) addi x0, x0, 0x0                        va_rvtest_code_begin+2864

PTW: Start, vpn=0x180001, access_type=X, privilege=Smem[R,0x0000000080008030] -> 0x00000000200000CB
PTW: Step, level=2, pte=0x200000CB, pte_addr=0x80008030
PTW: Success, final_ppn=0x80001, level=2mem[X,0x00000000800016D0] -> 0x0013
PTW: Start, vpn=0x180001, access_type=X, privilege=Smem[R,0x0000000080008030] -> 0x00000000200000CB
PTW: Step, level=2, pte=0x200000CB, pte_addr=0x80008030
PTW: Success, final_ppn=0x80001, level=2mem[X,0x00000000800016D2] -> 0x0000
[2201] [S]: 0x00000001800016D0 (0x00000013) addi x0, x0, 0x0                        va_rvtest_code_begin+2868

clint mtime 0x000000000000044D (mip.MTI <- 0b1, mip.STI <- 0b0)
PTW: Start, vpn=0x180001, access_type=X, privilege=Smem[R,0x0000000080008030] -> 0x00000000200000CB
PTW: Step, level=2, pte=0x200000CB, pte_addr=0x80008030
PTW: Success, final_ppn=0x80001, level=2mem[X,0x00000000800016D4] -> 0x0013
PTW: Start, vpn=0x180001, access_type=X, privilege=Smem[R,0x0000000080008030] -> 0x00000000200000CB
PTW: Step, level=2, pte=0x200000CB, pte_addr=0x80008030
PTW: Success, final_ppn=0x80001, level=2mem[X,0x00000000800016D6] -> 0x0000
[2202] [S]: 0x00000001800016D4 (0x00000013) addi x0, x0, 0x0                        va_rvtest_code_begin+2872

PTW: Start, vpn=0x180001, access_type=X, privilege=Smem[R,0x0000000080008030] -> 0x00000000200000CB
PTW: Step, level=2, pte=0x200000CB, pte_addr=0x80008030
PTW: Success, final_ppn=0x80001, level=2mem[X,0x00000000800016D8] -> 0x0113
PTW: Start, vpn=0x180001, access_type=X, privilege=Smem[R,0x0000000080008030] -> 0x00000000200000CB
PTW: Step, level=2, pte=0x200000CB, pte_addr=0x80008030
PTW: Success, final_ppn=0x80001, level=2mem[X,0x00000000800016DA] -> 0x0000
[2203] [S]: 0x00000001800016D8 (0x00000113) addi x2, x0, 0x0                        va_rvtest_code_begin+2876
x2 <- 0x0000000000000000

clint mtime 0x000000000000044E (mip.MTI <- 0b1, mip.STI <- 0b0)
PTW: Start, vpn=0x180001, access_type=X, privilege=Smem[R,0x0000000080008030] -> 0x00000000200000CB
PTW: Step, level=2, pte=0x200000CB, pte_addr=0x80008030
PTW: Success, final_ppn=0x80001, level=2mem[X,0x00000000800016DC] -> 0x0073
PTW: Start, vpn=0x180001, access_type=X, privilege=Smem[R,0x0000000080008030] -> 0x00000000200000CB
PTW: Step, level=2, pte=0x200000CB, pte_addr=0x80008030
PTW: Success, final_ppn=0x80001, level=2mem[X,0x00000000800016DE] -> 0x0000
[2204] [S]: 0x00000001800016DC (0x00000073) ecall                                   va_rvtest_code_begin+2880
trapping from S to M to handle s-call
handling exc#s-call at priv M with tval 0x0000000000000000
CSR mstatus (0x300) <- 0x0000000A00000800
CSR mcause (0x342) <- 0x0000000000000009
CSR mtval (0x343) <- 0x0000000000000000
CSR mepc (0x341) <- 0x00000001800016DC

mem[X,0x0000000080001F80] -> 0x006F
mem[X,0x0000000080001F82] -> 0x1000
[2205] [M]: 0x0000000080001F80 (0x1000006F) jal x0, 0x100                           Mtrampoline+0

clint mtime 0x000000000000044F (mip.MTI <- 0b1, mip.STI <- 0b0)
mem[X,0x0000000080002080] -> 0x1173
mem[X,0x0000000080002082] -> 0x3401
[2206] [M]: 0x0000000080002080 (0x34011173) csrrw x2, mscratch, x2                  trap_Mhandler+0
CSR mscratch (0x340) <- 0x0000000000000000
x2 <- 0x0000000080005000

mem[X,0x0000000080002084] -> 0x3423
mem[X,0x0000000080002086] -> 0x28B1
[2207] [M]: 0x0000000080002084 (0x28B13423) sd x11, 0x288(x2)                       trap_Mhandler+4
mem[W,0x0000000080005288] <- 0x00000000000000CF

clint mtime 0x0000000000000450 (mip.MTI <- 0b1, mip.STI <- 0b0)
mem[X,0x0000000080002088] -> 0x05EF
mem[X,0x000000008000208A] -> 0x0B80
[2208] [M]: 0x0000000080002088 (0x0B8005EF) jal x11, 0xb8                           trap_Mhandler+8
x11 <- 0x000000008000208C

mem[X,0x0000000080002140] -> 0x3023
mem[X,0x0000000080002142] -> 0x28A1
[2209] [M]: 0x0000000080002140 (0x28A13023) sd x10, 0x280(x2)                       common_Mhandler+0
mem[W,0x0000000080005280] <- 0x00000000200000CF

clint mtime 0x0000000000000451 (mip.MTI <- 0b1, mip.STI <- 0b0)
mem[X,0x0000000080002144] -> 0x1573
mem[X,0x0000000080002146] -> 0x3401
[2210] [M]: 0x0000000080002144 (0x34011573) csrrw x10, mscratch, x2                 common_Mhandler+4
CSR mscratch (0x340) <- 0x0000000080005000
x10 <- 0x0000000000000000

mem[X,0x0000000080002148] -> 0x3823
mem[X,0x000000008000214A] -> 0x28A1
[2211] [M]: 0x0000000080002148 (0x28A13823) sd x10, 0x290(x2)                       common_Mhandler+8
mem[W,0x0000000080005290] <- 0x0000000000000000

clint mtime 0x0000000000000452 (mip.MTI <- 0b1, mip.STI <- 0b0)
mem[X,0x000000008000214C] -> 0x3503
mem[X,0x000000008000214E] -> 0x2301
[2212] [M]: 0x000000008000214C (0x23013503) ld x10, 0x230(x2)                       common_Mhandler+12
mem[R,0x0000000080005230] -> 0x0000000080002154
x10 <- 0x0000000080002154

mem[X,0x0000000080002150] -> 0x0067
mem[X,0x0000000080002152] -> 0x0005
[2213] [M]: 0x0000000080002150 (0x00050067) jalr x0, 0x0(x10)                       common_Mhandler+16

clint mtime 0x0000000000000453 (mip.MTI <- 0b1, mip.STI <- 0b0)
mem[X,0x0000000080002154] -> 0x3C23
mem[X,0x0000000080002156] -> 0x2691
[2214] [M]: 0x0000000080002154 (0x26913C23) sd x9, 0x278(x2)                        common_Mentry+0
mem[W,0x0000000080005278] <- 0x0000000100000148

mem[X,0x0000000080002158] -> 0x3823
mem[X,0x000000008000215A] -> 0x2681
[2215] [M]: 0x0000000080002158 (0x26813823) sd x8, 0x270(x2)                        common_Mentry+4
mem[W,0x0000000080005270] <- 0x0000000000007F76

clint mtime 0x0000000000000454 (mip.MTI <- 0b1, mip.STI <- 0b0)
mem[X,0x000000008000215C] -> 0x3423
mem[X,0x000000008000215E] -> 0x2671
[2216] [M]: 0x000000008000215C (0x26713423) sd x7, 0x268(x2)                        common_Mentry+8
mem[W,0x0000000080005268] <- 0x0000000080005000

mem[X,0x0000000080002160] -> 0x3023
mem[X,0x0000000080002162] -> 0x2661
[2217] [M]: 0x0000000080002160 (0x26613023) sd x6, 0x260(x2)                        common_Mentry+12
mem[W,0x0000000080005260] <- 0xFFFFFFFF7FFFEAEC

clint mtime 0x0000000000000455 (mip.MTI <- 0b1, mip.STI <- 0b0)
mem[X,0x0000000080002164] -> 0x2573
mem[X,0x0000000080002166] -> 0x3420
[2218] [M]: 0x0000000080002164 (0x34202573) csrrs x10, mcause, x0                   spcl_M2mmode_test+0
CSR mcause (0x342) -> 0x0000000000000009
x10 <- 0x0000000000000009

mem[X,0x0000000080002168] -> 0x04B7
mem[X,0x000000008000216A] -> 0x8000
[2219] [M]: 0x0000000080002168 (0x800004B7) lui x9, -0x80000                        spcl_M2mmode_test+4
x9 <- 0xFFFFFFFF80000000

clint mtime 0x0000000000000456 (mip.MTI <- 0b1, mip.STI <- 0b0)
mem[X,0x000000008000216C] -> 0x8493
mem[X,0x000000008000216E] -> 0x0004
[2220] [M]: 0x000000008000216C (0x00048493) addi x9, x9, 0x0                        spcl_M2mmode_test+8
x9 <- 0xFFFFFFFF80000000

mem[X,0x0000000080002170] -> 0x9493
mem[X,0x0000000080002172] -> 0x00B4
[2221] [M]: 0x0000000080002170 (0x00B49493) slli x9, x9, 0xb                        spcl_M2mmode_test+12
x9 <- 0xFFFFFC0000000000

clint mtime 0x0000000000000457 (mip.MTI <- 0b1, mip.STI <- 0b0)
mem[X,0x0000000080002174] -> 0x8493
mem[X,0x0000000080002176] -> 0x0004
[2222] [M]: 0x0000000080002174 (0x00048493) addi x9, x9, 0x0                        spcl_M2mmode_test+16
x9 <- 0xFFFFFC0000000000

mem[X,0x0000000080002178] -> 0x9493
mem[X,0x000000008000217A] -> 0x00B4
[2223] [M]: 0x0000000080002178 (0x00B49493) slli x9, x9, 0xb                        spcl_M2mmode_test+20
x9 <- 0xFFE0000000000000

clint mtime 0x0000000000000458 (mip.MTI <- 0b1, mip.STI <- 0b0)
mem[X,0x000000008000217C] -> 0x8493
mem[X,0x000000008000217E] -> 0x0034
[2224] [M]: 0x000000008000217C (0x00348493) addi x9, x9, 0x3                        spcl_M2mmode_test+24
x9 <- 0xFFE0000000000003

mem[X,0x0000000080002180] -> 0x9493
mem[X,0x0000000080002182] -> 0x00A4
[2225] [M]: 0x0000000080002180 (0x00A49493) slli x9, x9, 0xa                        spcl_M2mmode_test+28
x9 <- 0x8000000000000C00

clint mtime 0x0000000000000459 (mip.MTI <- 0b1, mip.STI <- 0b0)
mem[X,0x0000000080002184] -> 0x8493
mem[X,0x0000000080002186] -> 0x3FC4
[2226] [M]: 0x0000000080002184 (0x3FC48493) addi x9, x9, 0x3fc                      spcl_M2mmode_test+32
x9 <- 0x8000000000000FFC

mem[X,0x0000000080002188] -> 0xF4B3
mem[X,0x000000008000218A] -> 0x00A4
[2227] [M]: 0x0000000080002188 (0x00A4F4B3) and x9, x9, x10                         spcl_M2mmode_test+36
x9 <- 0x0000000000000008

clint mtime 0x000000000000045A (mip.MTI <- 0b1, mip.STI <- 0b0)
mem[X,0x000000008000218C] -> 0x8493
mem[X,0x000000008000218E] -> 0xFF84
[2228] [M]: 0x000000008000218C (0xFF848493) addi x9, x9, -0x8                       spcl_M2mmode_test+40
x9 <- 0x0000000000000000

mem[X,0x0000000080002190] -> 0x9663
mem[X,0x0000000080002192] -> 0x0004
[2229] [M]: 0x0000000080002190 (0x00049663) bne x9, x0, 0xc                         spcl_M2mmode_test+44

clint mtime 0x000000000000045B (mip.MTI <- 0b1, mip.STI <- 0b0)
mem[X,0x0000000080002194] -> 0x3383
mem[X,0x0000000080002196] -> 0x2901
[2230] [M]: 0x0000000080002194 (0x29013383) ld x7, 0x290(x2)                        spcl_M2mmode_test+48
mem[R,0x0000000080005290] -> 0x0000000000000000
x7 <- 0x0000000000000000

mem[X,0x0000000080002198] -> 0x8663
mem[X,0x000000008000219A] -> 0x6E03
[2231] [M]: 0x0000000080002198 (0x6E038663) beq x7, x0, 0x6ec                       spcl_M2mmode_test+52

clint mtime 0x000000000000045C (mip.MTI <- 0b1, mip.STI <- 0b0)
mem[X,0x0000000080002884] -> 0x0493
mem[X,0x0000000080002886] -> 0xFF55
[2232] [M]: 0x0000000080002884 (0xFF550493) addi x9, x10, -0xb                      rtn2mmode+0
x9 <- 0xFFFFFFFFFFFFFFFE

mem[X,0x0000000080002888] -> 0x8C63
mem[X,0x000000008000288A] -> 0x0004
[2233] [M]: 0x0000000080002888 (0x00048C63) beq x9, x0, 0x18                        rtn2mmode+4

clint mtime 0x000000000000045D (mip.MTI <- 0b1, mip.STI <- 0b0)
mem[X,0x000000008000288C] -> 0x3583
mem[X,0x000000008000288E] -> 0x4701
[2234] [M]: 0x000000008000288C (0x47013583) ld x11, 0x470(x2)                       rtn2mmode+8
mem[R,0x0000000080005470] -> 0x0000000180000B9C
x11 <- 0x0000000180000B9C

mem[X,0x0000000080002890] -> 0xD463
mem[X,0x0000000080002892] -> 0x0003
[2235] [M]: 0x0000000080002890 (0x0003D463) bge x7, x0, 0x8                         rtn2mmode+12

clint mtime 0x000000000000045E (mip.MTI <- 0b1, mip.STI <- 0b0)
mem[X,0x0000000080002898] -> 0x3483
mem[X,0x000000008000289A] -> 0x1D81
[2236] [M]: 0x0000000080002898 (0x1D813483) ld x9, 0x1d8(x2)                        from_u_s+0
mem[R,0x00000000800051D8] -> 0x0000000080000BB4
x9 <- 0x0000000080000BB4

mem[X,0x000000008000289C] -> 0x84B3
mem[X,0x000000008000289E] -> 0x40B4
[2237] [M]: 0x000000008000289C (0x40B484B3) sub x9, x9, x11                         from_u_s+4
x9 <- 0xFFFFFFFF00000018

clint mtime 0x000000000000045F (mip.MTI <- 0b1, mip.STI <- 0b0)
mem[X,0x00000000800028A0] -> 0x23F3
mem[X,0x00000000800028A2] -> 0x3410
[2238] [M]: 0x00000000800028A0 (0x341023F3) csrrs x7, mepc, x0                      rtn_fm_mmode+0
CSR mepc (0x341) -> 0x00000001800016DC
x7 <- 0x00000001800016DC

mem[X,0x00000000800028A4] -> 0x83B3
mem[X,0x00000000800028A6] -> 0x0093
[2239] [M]: 0x00000000800028A4 (0x009383B3) add x7, x7, x9                          rtn_fm_mmode+4
x7 <- 0x00000000800016F4

clint mtime 0x0000000000000460 (mip.MTI <- 0b1, mip.STI <- 0b0)
mem[X,0x00000000800028A8] -> 0x3303
mem[X,0x00000000800028AA] -> 0x2601
[2240] [M]: 0x00000000800028A8 (0x26013303) ld x6, 0x260(x2)                        rtn_fm_mmode+8
mem[R,0x0000000080005260] -> 0xFFFFFFFF7FFFEAEC
x6 <- 0xFFFFFFFF7FFFEAEC

mem[X,0x00000000800028AC] -> 0x3403
mem[X,0x00000000800028AE] -> 0x2701
[2241] [M]: 0x00000000800028AC (0x27013403) ld x8, 0x270(x2)                        rtn_fm_mmode+12
mem[R,0x0000000080005270] -> 0x0000000000007F76
x8 <- 0x0000000000007F76

clint mtime 0x0000000000000461 (mip.MTI <- 0b1, mip.STI <- 0b0)
mem[X,0x00000000800028B0] -> 0x3483
mem[X,0x00000000800028B2] -> 0x2781
[2242] [M]: 0x00000000800028B0 (0x27813483) ld x9, 0x278(x2)                        rtn_fm_mmode+16
mem[R,0x0000000080005278] -> 0x0000000100000148
x9 <- 0x0000000100000148

mem[X,0x00000000800028B4] -> 0x3503
mem[X,0x00000000800028B6] -> 0x2801
[2243] [M]: 0x00000000800028B4 (0x28013503) ld x10, 0x280(x2)                       rtn_fm_mmode+20
mem[R,0x0000000080005280] -> 0x00000000200000CF
x10 <- 0x00000000200000CF

clint mtime 0x0000000000000462 (mip.MTI <- 0b1, mip.STI <- 0b0)
mem[X,0x00000000800028B8] -> 0x3583
mem[X,0x00000000800028BA] -> 0x2881
[2244] [M]: 0x00000000800028B8 (0x28813583) ld x11, 0x288(x2)                       rtn_fm_mmode+24
mem[R,0x0000000080005288] -> 0x00000000000000CF
x11 <- 0x00000000000000CF

mem[X,0x00000000800028BC] -> 0x3103
mem[X,0x00000000800028BE] -> 0x2901
[2245] [M]: 0x00000000800028BC (0x29013103) ld x2, 0x290(x2)                        rtn_fm_mmode+28
mem[R,0x0000000080005290] -> 0x0000000000000000
x2 <- 0x0000000000000000

clint mtime 0x0000000000000463 (mip.MTI <- 0b1, mip.STI <- 0b0)
mem[X,0x00000000800028C0] -> 0x8067
mem[X,0x00000000800028C2] -> 0x0043
[2246] [M]: 0x00000000800028C0 (0x00438067) jalr x0, 0x4(x7)                        rtn_fm_mmode+32

mem[X,0x00000000800016F8] -> 0x0013
mem[X,0x00000000800016FA] -> 0x0000
[2247] [M]: 0x00000000800016F8 (0x00000013) addi x0, x0, 0x0                        main+2840

clint mtime 0x0000000000000464 (mip.MTI <- 0b1, mip.STI <- 0b0)
mem[X,0x00000000800016FC] -> 0x0013
mem[X,0x00000000800016FE] -> 0x0000
[2248] [M]: 0x00000000800016FC (0x00000013) addi x0, x0, 0x0                        main+2844

mem[X,0x0000000080001700] -> 0x6517
mem[X,0x0000000080001702] -> 0x0000
[2249] [M]: 0x0000000080001700 (0x00006517) auipc x10, 0x6                          main+2848
x10 <- 0x0000000080007700

clint mtime 0x0000000000000465 (mip.MTI <- 0b1, mip.STI <- 0b0)
mem[X,0x0000000080001704] -> 0x0513
mem[X,0x0000000080001706] -> 0x9005
[2250] [M]: 0x0000000080001704 (0x90050513) addi x10, x10, -0x700                   main+2852
x10 <- 0x0000000080007000

mem[X,0x0000000080001708] -> 0x0001
[2251] [M]: 0x0000000080001708 (0x0001) c.nop                                       main+2856

clint mtime 0x0000000000000466 (mip.MTI <- 0b1, mip.STI <- 0b0)
mem[X,0x000000008000170A] -> 0x0013
mem[X,0x000000008000170C] -> 0x0000
[2252] [M]: 0x000000008000170A (0x00000013) addi x0, x0, 0x0                        main+2858

mem[X,0x000000008000170E] -> 0x0013
mem[X,0x0000000080001710] -> 0x0000
[2253] [M]: 0x000000008000170E (0x00000013) addi x0, x0, 0x0                        main+2862

clint mtime 0x0000000000000467 (mip.MTI <- 0b1, mip.STI <- 0b0)
mem[X,0x0000000080001712] -> 0x0013
mem[X,0x0000000080001714] -> 0x0000
[2254] [M]: 0x0000000080001712 (0x00000013) addi x0, x0, 0x0                        main+2866

mem[X,0x0000000080001716] -> 0x0013
mem[X,0x0000000080001718] -> 0x0000
[2255] [M]: 0x0000000080001716 (0x00000013) addi x0, x0, 0x0                        main+2870

clint mtime 0x0000000000000468 (mip.MTI <- 0b1, mip.STI <- 0b0)
mem[X,0x000000008000171A] -> 0x0013
mem[X,0x000000008000171C] -> 0x0000
[2256] [M]: 0x000000008000171A (0x00000013) addi x0, x0, 0x0                        main+2874

mem[X,0x000000008000171E] -> 0x0001
[2257] [M]: 0x000000008000171E (0x0001) c.nop                                       main+2878

clint mtime 0x0000000000000469 (mip.MTI <- 0b1, mip.STI <- 0b0)
mem[X,0x0000000080001720] -> 0x0593
mem[X,0x0000000080001722] -> 0x0010
[2258] [M]: 0x0000000080001720 (0x00100593) addi x11, x0, 0x1                       main+2880
x11 <- 0x0000000000000001

mem[X,0x0000000080001724] -> 0x5513
mem[X,0x0000000080001726] -> 0x00C5
[2259] [M]: 0x0000000080001724 (0x00C55513) srli x10, x10, 0xc                      main+2884
x10 <- 0x0000000000080007

clint mtime 0x000000000000046A (mip.MTI <- 0b1, mip.STI <- 0b0)
mem[X,0x0000000080001728] -> 0x1513
mem[X,0x000000008000172A] -> 0x00A5
[2260] [M]: 0x0000000080001728 (0x00A51513) slli x10, x10, 0xa                      main+2888
x10 <- 0x0000000020001C00

mem[X,0x000000008000172C] -> 0x6533
mem[X,0x000000008000172E] -> 0x00B5
[2261] [M]: 0x000000008000172C (0x00B56533) or x10, x10, x11                        main+2892
x10 <- 0x0000000020001C01

clint mtime 0x000000000000046B (mip.MTI <- 0b1, mip.STI <- 0b0)
mem[X,0x0000000080001730] -> 0x0013
mem[X,0x0000000080001732] -> 0x0000
[2262] [M]: 0x0000000080001730 (0x00000013) addi x0, x0, 0x0                        main+2896

mem[X,0x0000000080001734] -> 0x0013
mem[X,0x0000000080001736] -> 0x0000
[2263] [M]: 0x0000000080001734 (0x00000013) addi x0, x0, 0x0                        main+2900

clint mtime 0x000000000000046C (mip.MTI <- 0b1, mip.STI <- 0b0)
mem[X,0x0000000080001738] -> 0x0013
mem[X,0x000000008000173A] -> 0x0000
[2264] [M]: 0x0000000080001738 (0x00000013) addi x0, x0, 0x0                        main+2904

mem[X,0x000000008000173C] -> 0x0013
mem[X,0x000000008000173E] -> 0x0000
[2265] [M]: 0x000000008000173C (0x00000013) addi x0, x0, 0x0                        main+2908

clint mtime 0x000000000000046D (mip.MTI <- 0b1, mip.STI <- 0b0)
mem[X,0x0000000080001740] -> 0x7317
mem[X,0x0000000080001742] -> 0x0000
[2266] [M]: 0x0000000080001740 (0x00007317) auipc x6, 0x7                           main+2912
x6 <- 0x0000000080008740

mem[X,0x0000000080001744] -> 0x0313
mem[X,0x0000000080001746] -> 0x8C03
[2267] [M]: 0x0000000080001744 (0x8C030313) addi x6, x6, -0x740                     main+2916
x6 <- 0x0000000080008000

clint mtime 0x000000000000046E (mip.MTI <- 0b1, mip.STI <- 0b0)
mem[X,0x0000000080001748] -> 0x0001
[2268] [M]: 0x0000000080001748 (0x0001) c.nop                                       main+2920

mem[X,0x000000008000174A] -> 0x0013
mem[X,0x000000008000174C] -> 0x0000
[2269] [M]: 0x000000008000174A (0x00000013) addi x0, x0, 0x0                        main+2922

clint mtime 0x000000000000046F (mip.MTI <- 0b1, mip.STI <- 0b0)
mem[X,0x000000008000174E] -> 0x0013
mem[X,0x0000000080001750] -> 0x0000
[2270] [M]: 0x000000008000174E (0x00000013) addi x0, x0, 0x0                        main+2926

mem[X,0x0000000080001752] -> 0x0013
mem[X,0x0000000080001754] -> 0x0000
[2271] [M]: 0x0000000080001752 (0x00000013) addi x0, x0, 0x0                        main+2930

clint mtime 0x0000000000000470 (mip.MTI <- 0b1, mip.STI <- 0b0)
mem[X,0x0000000080001756] -> 0x0013
mem[X,0x0000000080001758] -> 0x0000
[2272] [M]: 0x0000000080001756 (0x00000013) addi x0, x0, 0x0                        main+2934

mem[X,0x000000008000175A] -> 0x0013
mem[X,0x000000008000175C] -> 0x0000
[2273] [M]: 0x000000008000175A (0x00000013) addi x0, x0, 0x0                        main+2938

clint mtime 0x0000000000000471 (mip.MTI <- 0b1, mip.STI <- 0b0)
mem[X,0x000000008000175E] -> 0x0001
[2274] [M]: 0x000000008000175E (0x0001) c.nop                                       main+2942

mem[X,0x0000000080001760] -> 0x0293
mem[X,0x0000000080001762] -> 0x0280
[2275] [M]: 0x0000000080001760 (0x02800293) addi x5, x0, 0x28                       main+2944
x5 <- 0x0000000000000028

clint mtime 0x0000000000000472 (mip.MTI <- 0b1, mip.STI <- 0b0)
mem[X,0x0000000080001764] -> 0x0333
mem[X,0x0000000080001766] -> 0x0053
[2276] [M]: 0x0000000080001764 (0x00530333) add x6, x6, x5                          main+2948
x6 <- 0x0000000080008028

mem[X,0x0000000080001768] -> 0x3023
mem[X,0x000000008000176A] -> 0x00A3
[2277] [M]: 0x0000000080001768 (0x00A33023) sd x10, 0x0(x6)                         main+2952
mem[W,0x0000000080008028] <- 0x0000000020001C01

clint mtime 0x0000000000000473 (mip.MTI <- 0b1, mip.STI <- 0b0)
mem[X,0x000000008000176C] -> 0x0013
mem[X,0x000000008000176E] -> 0x0000
[2278] [M]: 0x000000008000176C (0x00000013) addi x0, x0, 0x0                        main+2956

mem[X,0x0000000080001770] -> 0x0013
mem[X,0x0000000080001772] -> 0x0000
[2279] [M]: 0x0000000080001770 (0x00000013) addi x0, x0, 0x0                        main+2960

clint mtime 0x0000000000000474 (mip.MTI <- 0b1, mip.STI <- 0b0)
mem[X,0x0000000080001774] -> 0x0013
mem[X,0x0000000080001776] -> 0x0000
[2280] [M]: 0x0000000080001774 (0x00000013) addi x0, x0, 0x0                        main+2964

mem[X,0x0000000080001778] -> 0x0013
mem[X,0x000000008000177A] -> 0x0000
[2281] [M]: 0x0000000080001778 (0x00000013) addi x0, x0, 0x0                        main+2968

clint mtime 0x0000000000000475 (mip.MTI <- 0b1, mip.STI <- 0b0)
mem[X,0x000000008000177C] -> 0x0013
mem[X,0x000000008000177E] -> 0x0000
[2282] [M]: 0x000000008000177C (0x00000013) addi x0, x0, 0x0                        main+2972

mem[X,0x0000000080001780] -> 0x5517
mem[X,0x0000000080001782] -> 0x0000
[2283] [M]: 0x0000000080001780 (0x00005517) auipc x10, 0x5                          main+2976
x10 <- 0x0000000080006780

clint mtime 0x0000000000000476 (mip.MTI <- 0b1, mip.STI <- 0b0)
mem[X,0x0000000080001784] -> 0x0513
mem[X,0x0000000080001786] -> 0x8805
[2284] [M]: 0x0000000080001784 (0x88050513) addi x10, x10, -0x780                   main+2980
x10 <- 0x0000000080006000

mem[X,0x0000000080001788] -> 0x0001
[2285] [M]: 0x0000000080001788 (0x0001) c.nop                                       main+2984

clint mtime 0x0000000000000477 (mip.MTI <- 0b1, mip.STI <- 0b0)
mem[X,0x000000008000178A] -> 0x0013
mem[X,0x000000008000178C] -> 0x0000
[2286] [M]: 0x000000008000178A (0x00000013) addi x0, x0, 0x0                        main+2986

mem[X,0x000000008000178E] -> 0x0013
mem[X,0x0000000080001790] -> 0x0000
[2287] [M]: 0x000000008000178E (0x00000013) addi x0, x0, 0x0                        main+2990

clint mtime 0x0000000000000478 (mip.MTI <- 0b1, mip.STI <- 0b0)
mem[X,0x0000000080001792] -> 0x0013
mem[X,0x0000000080001794] -> 0x0000
[2288] [M]: 0x0000000080001792 (0x00000013) addi x0, x0, 0x0                        main+2994

mem[X,0x0000000080001796] -> 0x0013
mem[X,0x0000000080001798] -> 0x0000
[2289] [M]: 0x0000000080001796 (0x00000013) addi x0, x0, 0x0                        main+2998

clint mtime 0x0000000000000479 (mip.MTI <- 0b1, mip.STI <- 0b0)
mem[X,0x000000008000179A] -> 0x0013
mem[X,0x000000008000179C] -> 0x0000
[2290] [M]: 0x000000008000179A (0x00000013) addi x0, x0, 0x0                        main+3002

mem[X,0x000000008000179E] -> 0x0001
[2291] [M]: 0x000000008000179E (0x0001) c.nop                                       main+3006

clint mtime 0x000000000000047A (mip.MTI <- 0b1, mip.STI <- 0b0)
mem[X,0x00000000800017A0] -> 0x0593
mem[X,0x00000000800017A2] -> 0x0010
[2292] [M]: 0x00000000800017A0 (0x00100593) addi x11, x0, 0x1                       main+3008
x11 <- 0x0000000000000001

mem[X,0x00000000800017A4] -> 0x5513
mem[X,0x00000000800017A6] -> 0x00C5
[2293] [M]: 0x00000000800017A4 (0x00C55513) srli x10, x10, 0xc                      main+3012
x10 <- 0x0000000000080006

clint mtime 0x000000000000047B (mip.MTI <- 0b1, mip.STI <- 0b0)
mem[X,0x00000000800017A8] -> 0x1513
mem[X,0x00000000800017AA] -> 0x00A5
[2294] [M]: 0x00000000800017A8 (0x00A51513) slli x10, x10, 0xa                      main+3016
x10 <- 0x0000000020001800

mem[X,0x00000000800017AC] -> 0x6533
mem[X,0x00000000800017AE] -> 0x00B5
[2295] [M]: 0x00000000800017AC (0x00B56533) or x10, x10, x11                        main+3020
x10 <- 0x0000000020001801

clint mtime 0x000000000000047C (mip.MTI <- 0b1, mip.STI <- 0b0)
mem[X,0x00000000800017B0] -> 0x0013
mem[X,0x00000000800017B2] -> 0x0000
[2296] [M]: 0x00000000800017B0 (0x00000013) addi x0, x0, 0x0                        main+3024

mem[X,0x00000000800017B4] -> 0x0013
mem[X,0x00000000800017B6] -> 0x0000
[2297] [M]: 0x00000000800017B4 (0x00000013) addi x0, x0, 0x0                        main+3028

clint mtime 0x000000000000047D (mip.MTI <- 0b1, mip.STI <- 0b0)
mem[X,0x00000000800017B8] -> 0x0013
mem[X,0x00000000800017BA] -> 0x0000
[2298] [M]: 0x00000000800017B8 (0x00000013) addi x0, x0, 0x0                        main+3032

mem[X,0x00000000800017BC] -> 0x0013
mem[X,0x00000000800017BE] -> 0x0000
[2299] [M]: 0x00000000800017BC (0x00000013) addi x0, x0, 0x0                        main+3036

clint mtime 0x000000000000047E (mip.MTI <- 0b1, mip.STI <- 0b0)
mem[X,0x00000000800017C0] -> 0x6317
mem[X,0x00000000800017C2] -> 0x0000
[2300] [M]: 0x00000000800017C0 (0x00006317) auipc x6, 0x6                           main+3040
x6 <- 0x00000000800077C0

mem[X,0x00000000800017C4] -> 0x0313
mem[X,0x00000000800017C6] -> 0x8403
[2301] [M]: 0x00000000800017C4 (0x84030313) addi x6, x6, -0x7c0                     main+3044
x6 <- 0x0000000080007000

clint mtime 0x000000000000047F (mip.MTI <- 0b1, mip.STI <- 0b0)
mem[X,0x00000000800017C8] -> 0x0001
[2302] [M]: 0x00000000800017C8 (0x0001) c.nop                                       main+3048

mem[X,0x00000000800017CA] -> 0x0013
mem[X,0x00000000800017CC] -> 0x0000
[2303] [M]: 0x00000000800017CA (0x00000013) addi x0, x0, 0x0                        main+3050

clint mtime 0x0000000000000480 (mip.MTI <- 0b1, mip.STI <- 0b0)
mem[X,0x00000000800017CE] -> 0x0013
mem[X,0x00000000800017D0] -> 0x0000
[2304] [M]: 0x00000000800017CE (0x00000013) addi x0, x0, 0x0                        main+3054

mem[X,0x00000000800017D2] -> 0x0013
mem[X,0x00000000800017D4] -> 0x0000
[2305] [M]: 0x00000000800017D2 (0x00000013) addi x0, x0, 0x0                        main+3058

clint mtime 0x0000000000000481 (mip.MTI <- 0b1, mip.STI <- 0b0)
mem[X,0x00000000800017D6] -> 0x0013
mem[X,0x00000000800017D8] -> 0x0000
[2306] [M]: 0x00000000800017D6 (0x00000013) addi x0, x0, 0x0                        main+3062

mem[X,0x00000000800017DA] -> 0x0013
mem[X,0x00000000800017DC] -> 0x0000
[2307] [M]: 0x00000000800017DA (0x00000013) addi x0, x0, 0x0                        main+3066

clint mtime 0x0000000000000482 (mip.MTI <- 0b1, mip.STI <- 0b0)
mem[X,0x00000000800017DE] -> 0x0001
[2308] [M]: 0x00000000800017DE (0x0001) c.nop                                       main+3070

mem[X,0x00000000800017E0] -> 0x0293
mem[X,0x00000000800017E2] -> 0x0000
[2309] [M]: 0x00000000800017E0 (0x00000293) addi x5, x0, 0x0                        main+3072
x5 <- 0x0000000000000000

clint mtime 0x0000000000000483 (mip.MTI <- 0b1, mip.STI <- 0b0)
mem[X,0x00000000800017E4] -> 0x0333
mem[X,0x00000000800017E6] -> 0x0053
[2310] [M]: 0x00000000800017E4 (0x00530333) add x6, x6, x5                          main+3076
x6 <- 0x0000000080007000

mem[X,0x00000000800017E8] -> 0x3023
mem[X,0x00000000800017EA] -> 0x00A3
[2311] [M]: 0x00000000800017E8 (0x00A33023) sd x10, 0x0(x6)                         main+3080
mem[W,0x0000000080007000] <- 0x0000000020001801

clint mtime 0x0000000000000484 (mip.MTI <- 0b1, mip.STI <- 0b0)
mem[X,0x00000000800017EC] -> 0x0013
mem[X,0x00000000800017EE] -> 0x0000
[2312] [M]: 0x00000000800017EC (0x00000013) addi x0, x0, 0x0                        main+3084

mem[X,0x00000000800017F0] -> 0x0013
mem[X,0x00000000800017F2] -> 0x0000
[2313] [M]: 0x00000000800017F0 (0x00000013) addi x0, x0, 0x0                        main+3088

clint mtime 0x0000000000000485 (mip.MTI <- 0b1, mip.STI <- 0b0)
mem[X,0x00000000800017F4] -> 0x0013
mem[X,0x00000000800017F6] -> 0x0000
[2314] [M]: 0x00000000800017F4 (0x00000013) addi x0, x0, 0x0                        main+3092

mem[X,0x00000000800017F8] -> 0x0013
mem[X,0x00000000800017FA] -> 0x0000
[2315] [M]: 0x00000000800017F8 (0x00000013) addi x0, x0, 0x0                        main+3096

clint mtime 0x0000000000000486 (mip.MTI <- 0b1, mip.STI <- 0b0)
mem[X,0x00000000800017FC] -> 0x0013
mem[X,0x00000000800017FE] -> 0x0000
[2316] [M]: 0x00000000800017FC (0x00000013) addi x0, x0, 0x0                        main+3100

mem[X,0x0000000080001800] -> 0xF517
mem[X,0x0000000080001802] -> 0xFFFF
[2317] [M]: 0x0000000080001800 (0xFFFFF517) auipc x10, -0x1                         main+3104
x10 <- 0x0000000080000800

clint mtime 0x0000000000000487 (mip.MTI <- 0b1, mip.STI <- 0b0)
mem[X,0x0000000080001804] -> 0x0513
mem[X,0x0000000080001806] -> 0xC005
[2318] [M]: 0x0000000080001804 (0xC0050513) addi x10, x10, -0x400                   main+3108
x10 <- 0x0000000080000400

mem[X,0x0000000080001808] -> 0x0001
[2319] [M]: 0x0000000080001808 (0x0001) c.nop                                       main+3112

clint mtime 0x0000000000000488 (mip.MTI <- 0b1, mip.STI <- 0b0)
mem[X,0x000000008000180A] -> 0x0013
mem[X,0x000000008000180C] -> 0x0000
[2320] [M]: 0x000000008000180A (0x00000013) addi x0, x0, 0x0                        main+3114

mem[X,0x000000008000180E] -> 0x0013
mem[X,0x0000000080001810] -> 0x0000
[2321] [M]: 0x000000008000180E (0x00000013) addi x0, x0, 0x0                        main+3118

clint mtime 0x0000000000000489 (mip.MTI <- 0b1, mip.STI <- 0b0)
mem[X,0x0000000080001812] -> 0x0013
mem[X,0x0000000080001814] -> 0x0000
[2322] [M]: 0x0000000080001812 (0x00000013) addi x0, x0, 0x0                        main+3122

mem[X,0x0000000080001816] -> 0x0013
mem[X,0x0000000080001818] -> 0x0000
[2323] [M]: 0x0000000080001816 (0x00000013) addi x0, x0, 0x0                        main+3126

clint mtime 0x000000000000048A (mip.MTI <- 0b1, mip.STI <- 0b0)
mem[X,0x000000008000181A] -> 0x0013
mem[X,0x000000008000181C] -> 0x0000
[2324] [M]: 0x000000008000181A (0x00000013) addi x0, x0, 0x0                        main+3130

mem[X,0x000000008000181E] -> 0x0001
[2325] [M]: 0x000000008000181E (0x0001) c.nop                                       main+3134

clint mtime 0x000000000000048B (mip.MTI <- 0b1, mip.STI <- 0b0)
mem[X,0x0000000080001820] -> 0x0593
mem[X,0x0000000080001822] -> 0x0CF0
[2326] [M]: 0x0000000080001820 (0x0CF00593) addi x11, x0, 0xcf                      main+3136
x11 <- 0x00000000000000CF

mem[X,0x0000000080001824] -> 0x5513
mem[X,0x0000000080001826] -> 0x00C5
[2327] [M]: 0x0000000080001824 (0x00C55513) srli x10, x10, 0xc                      main+3140
x10 <- 0x0000000000080000

clint mtime 0x000000000000048C (mip.MTI <- 0b1, mip.STI <- 0b0)
mem[X,0x0000000080001828] -> 0x1513
mem[X,0x000000008000182A] -> 0x00A5
[2328] [M]: 0x0000000080001828 (0x00A51513) slli x10, x10, 0xa                      main+3144
x10 <- 0x0000000020000000

mem[X,0x000000008000182C] -> 0x6533
mem[X,0x000000008000182E] -> 0x00B5
[2329] [M]: 0x000000008000182C (0x00B56533) or x10, x10, x11                        main+3148
x10 <- 0x00000000200000CF

clint mtime 0x000000000000048D (mip.MTI <- 0b1, mip.STI <- 0b0)
mem[X,0x0000000080001830] -> 0x0013
mem[X,0x0000000080001832] -> 0x0000
[2330] [M]: 0x0000000080001830 (0x00000013) addi x0, x0, 0x0                        main+3152

mem[X,0x0000000080001834] -> 0x0013
mem[X,0x0000000080001836] -> 0x0000
[2331] [M]: 0x0000000080001834 (0x00000013) addi x0, x0, 0x0                        main+3156

clint mtime 0x000000000000048E (mip.MTI <- 0b1, mip.STI <- 0b0)
mem[X,0x0000000080001838] -> 0x0013
mem[X,0x000000008000183A] -> 0x0000
[2332] [M]: 0x0000000080001838 (0x00000013) addi x0, x0, 0x0                        main+3160

mem[X,0x000000008000183C] -> 0x0013
mem[X,0x000000008000183E] -> 0x0000
[2333] [M]: 0x000000008000183C (0x00000013) addi x0, x0, 0x0                        main+3164

clint mtime 0x000000000000048F (mip.MTI <- 0b1, mip.STI <- 0b0)
mem[X,0x0000000080001840] -> 0x4317
mem[X,0x0000000080001842] -> 0x0000
[2334] [M]: 0x0000000080001840 (0x00004317) auipc x6, 0x4                           main+3168
x6 <- 0x0000000080005840

mem[X,0x0000000080001844] -> 0x0313
mem[X,0x0000000080001846] -> 0x7C03
[2335] [M]: 0x0000000080001844 (0x7C030313) addi x6, x6, 0x7c0                      main+3172
x6 <- 0x0000000080006000

clint mtime 0x0000000000000490 (mip.MTI <- 0b1, mip.STI <- 0b0)
mem[X,0x0000000080001848] -> 0x0001
[2336] [M]: 0x0000000080001848 (0x0001) c.nop                                       main+3176

mem[X,0x000000008000184A] -> 0x0013
mem[X,0x000000008000184C] -> 0x0000
[2337] [M]: 0x000000008000184A (0x00000013) addi x0, x0, 0x0                        main+3178

clint mtime 0x0000000000000491 (mip.MTI <- 0b1, mip.STI <- 0b0)
mem[X,0x000000008000184E] -> 0x0013
mem[X,0x0000000080001850] -> 0x0000
[2338] [M]: 0x000000008000184E (0x00000013) addi x0, x0, 0x0                        main+3182

mem[X,0x0000000080001852] -> 0x0013
mem[X,0x0000000080001854] -> 0x0000
[2339] [M]: 0x0000000080001852 (0x00000013) addi x0, x0, 0x0                        main+3186

clint mtime 0x0000000000000492 (mip.MTI <- 0b1, mip.STI <- 0b0)
mem[X,0x0000000080001856] -> 0x0013
mem[X,0x0000000080001858] -> 0x0000
[2340] [M]: 0x0000000080001856 (0x00000013) addi x0, x0, 0x0                        main+3190

mem[X,0x000000008000185A] -> 0x0013
mem[X,0x000000008000185C] -> 0x0000
[2341] [M]: 0x000000008000185A (0x00000013) addi x0, x0, 0x0                        main+3194

clint mtime 0x0000000000000493 (mip.MTI <- 0b1, mip.STI <- 0b0)
mem[X,0x000000008000185E] -> 0x0001
[2342] [M]: 0x000000008000185E (0x0001) c.nop                                       main+3198

mem[X,0x0000000080001860] -> 0x0293
mem[X,0x0000000080001862] -> 0x0000
[2343] [M]: 0x0000000080001860 (0x00000293) addi x5, x0, 0x0                        main+3200
x5 <- 0x0000000000000000

clint mtime 0x0000000000000494 (mip.MTI <- 0b1, mip.STI <- 0b0)
mem[X,0x0000000080001864] -> 0x0333
mem[X,0x0000000080001866] -> 0x0053
[2344] [M]: 0x0000000080001864 (0x00530333) add x6, x6, x5                          main+3204
x6 <- 0x0000000080006000

mem[X,0x0000000080001868] -> 0x3023
mem[X,0x000000008000186A] -> 0x00A3
[2345] [M]: 0x0000000080001868 (0x00A33023) sd x10, 0x0(x6)                         main+3208
mem[W,0x0000000080006000] <- 0x00000000200000CF

clint mtime 0x0000000000000495 (mip.MTI <- 0b1, mip.STI <- 0b0)
mem[X,0x000000008000186C] -> 0x0073
mem[X,0x000000008000186E] -> 0x1200
[2346] [M]: 0x000000008000186C (0x12000073) sfence.vma x0, x0                       main+3212

mem[X,0x0000000080001870] -> 0x0493
mem[X,0x0000000080001872] -> 0x0010
[2347] [M]: 0x0000000080001870 (0x00100493) addi x9, x0, 0x1                        main+3216
x9 <- 0x0000000000000001

clint mtime 0x0000000000000496 (mip.MTI <- 0b1, mip.STI <- 0b0)
mem[X,0x0000000080001874] -> 0x9493
mem[X,0x0000000080001876] -> 0x00B4
[2348] [M]: 0x0000000080001874 (0x00B49493) slli x9, x9, 0xb                        main+3220
x9 <- 0x0000000000000800

mem[X,0x0000000080001878] -> 0xB073
mem[X,0x000000008000187A] -> 0x3004
[2349] [M]: 0x0000000080001878 (0x3004B073) csrrc x0, mstatus, x9                   main+3224
CSR mstatus (0x300) <- 0x0000000A00000000

clint mtime 0x0000000000000497 (mip.MTI <- 0b1, mip.STI <- 0b0)
mem[X,0x000000008000187C] -> 0x0493
mem[X,0x000000008000187E] -> 0x0010
[2350] [M]: 0x000000008000187C (0x00100493) addi x9, x0, 0x1                        main+3228
x9 <- 0x0000000000000001

mem[X,0x0000000080001880] -> 0x9493
mem[X,0x0000000080001882] -> 0x00B4
[2351] [M]: 0x0000000080001880 (0x00B49493) slli x9, x9, 0xb                        main+3232
x9 <- 0x0000000000000800

clint mtime 0x0000000000000498 (mip.MTI <- 0b1, mip.STI <- 0b0)
mem[X,0x0000000080001884] -> 0xA073
mem[X,0x0000000080001886] -> 0x3004
[2352] [M]: 0x0000000080001884 (0x3004A073) csrrs x0, mstatus, x9                   main+3236
CSR mstatus (0x300) <- 0x0000000A00000800

mem[X,0x0000000080001888] -> 0x23F3
mem[X,0x000000008000188A] -> 0x3400
[2353] [M]: 0x0000000080001888 (0x340023F3) csrrs x7, mscratch, x0                  main+3240
CSR mscratch (0x340) -> 0x0000000080005000
x7 <- 0x0000000080005000

clint mtime 0x0000000000000499 (mip.MTI <- 0b1, mip.STI <- 0b0)
mem[X,0x000000008000188C] -> 0xB303
mem[X,0x000000008000188E] -> 0x4703
[2354] [M]: 0x000000008000188C (0x4703B303) ld x6, 0x470(x7)                        main+3244
mem[R,0x0000000080005470] -> 0x0000000180000B9C
x6 <- 0x0000000180000B9C

mem[X,0x0000000080001890] -> 0xB483
mem[X,0x0000000080001892] -> 0x1D83
[2355] [M]: 0x0000000080001890 (0x1D83B483) ld x9, 0x1d8(x7)                        main+3248
mem[R,0x00000000800051D8] -> 0x0000000080000BB4
x9 <- 0x0000000080000BB4

clint mtime 0x000000000000049A (mip.MTI <- 0b1, mip.STI <- 0b0)
mem[X,0x0000000080001894] -> 0x0333
mem[X,0x0000000080001896] -> 0x4093
[2356] [M]: 0x0000000080001894 (0x40930333) sub x6, x6, x9                          main+3252
x6 <- 0x00000000FFFFFFE8

mem[X,0x0000000080001898] -> 0x0313
mem[X,0x000000008000189A] -> 0x0103
[2357] [M]: 0x0000000080001898 (0x01030313) addi x6, x6, 0x10                       main+3256
x6 <- 0x00000000FFFFFFF8

clint mtime 0x000000000000049B (mip.MTI <- 0b1, mip.STI <- 0b0)
mem[X,0x000000008000189C] -> 0x0497
mem[X,0x000000008000189E] -> 0x0000
[2358] [M]: 0x000000008000189C (0x00000497) auipc x9, 0x0                           main+3260
x9 <- 0x000000008000189C

mem[X,0x00000000800018A0] -> 0x84B3
mem[X,0x00000000800018A2] -> 0x0064
[2359] [M]: 0x00000000800018A0 (0x006484B3) add x9, x9, x6                          main+3264
x9 <- 0x0000000180001894

clint mtime 0x000000000000049C (mip.MTI <- 0b1, mip.STI <- 0b0)
mem[X,0x00000000800018A4] -> 0x94F3
mem[X,0x00000000800018A6] -> 0x3414
[2360] [M]: 0x00000000800018A4 (0x341494F3) csrrw x9, mepc, x9                      main+3268
CSR mepc (0x341) <- 0x0000000180001894
x9 <- 0x00000001800016DC

mem[X,0x00000000800018A8] -> 0x0073
mem[X,0x00000000800018AA] -> 0x3020
[2361] [M]: 0x00000000800018A8 (0x30200073) mret                                    main+3272
CSR mstatus (0x300) <- 0x0000000A00000080
ret-ing from M to S

clint mtime 0x000000000000049D (mip.MTI <- 0b1, mip.STI <- 0b0)
PTW: Start, vpn=0x180001, access_type=X, privilege=Smem[R,0x0000000080008030] -> 0x00000000200000CB
PTW: Step, level=2, pte=0x200000CB, pte_addr=0x80008030
PTW: Success, final_ppn=0x80001, level=2mem[X,0x0000000080001894] -> 0x0333
PTW: Start, vpn=0x180001, access_type=X, privilege=Smem[R,0x0000000080008030] -> 0x00000000200000CB
PTW: Step, level=2, pte=0x200000CB, pte_addr=0x80008030
PTW: Success, final_ppn=0x80001, level=2mem[X,0x0000000080001896] -> 0x4093
[2362] [S]: 0x0000000180001894 (0x40930333) sub x6, x6, x9                          va_rvtest_code_begin+3320
x6 <- 0xFFFFFFFF7FFFE91C

PTW: Start, vpn=0x180001, access_type=X, privilege=Smem[R,0x0000000080008030] -> 0x00000000200000CB
PTW: Step, level=2, pte=0x200000CB, pte_addr=0x80008030
PTW: Success, final_ppn=0x80001, level=2mem[X,0x0000000080001898] -> 0x0313
PTW: Start, vpn=0x180001, access_type=X, privilege=Smem[R,0x0000000080008030] -> 0x00000000200000CB
PTW: Step, level=2, pte=0x200000CB, pte_addr=0x80008030
PTW: Success, final_ppn=0x80001, level=2mem[X,0x000000008000189A] -> 0x0103
[2363] [S]: 0x0000000180001898 (0x01030313) addi x6, x6, 0x10                       va_rvtest_code_begin+3324
x6 <- 0xFFFFFFFF7FFFE92C

clint mtime 0x000000000000049E (mip.MTI <- 0b1, mip.STI <- 0b0)
PTW: Start, vpn=0x180001, access_type=X, privilege=Smem[R,0x0000000080008030] -> 0x00000000200000CB
PTW: Step, level=2, pte=0x200000CB, pte_addr=0x80008030
PTW: Success, final_ppn=0x80001, level=2mem[X,0x000000008000189C] -> 0x0497
PTW: Start, vpn=0x180001, access_type=X, privilege=Smem[R,0x0000000080008030] -> 0x00000000200000CB
PTW: Step, level=2, pte=0x200000CB, pte_addr=0x80008030
PTW: Success, final_ppn=0x80001, level=2mem[X,0x000000008000189E] -> 0x0000
[2364] [S]: 0x000000018000189C (0x00000497) auipc x9, 0x0                           va_rvtest_code_begin+3328
x9 <- 0x000000018000189C

PTW: Start, vpn=0x180001, access_type=X, privilege=Smem[R,0x0000000080008030] -> 0x00000000200000CB
PTW: Step, level=2, pte=0x200000CB, pte_addr=0x80008030
PTW: Success, final_ppn=0x80001, level=2mem[X,0x00000000800018A0] -> 0x84B3
PTW: Start, vpn=0x180001, access_type=X, privilege=Smem[R,0x0000000080008030] -> 0x00000000200000CB
PTW: Step, level=2, pte=0x200000CB, pte_addr=0x80008030
PTW: Success, final_ppn=0x80001, level=2mem[X,0x00000000800018A2] -> 0x0064
[2365] [S]: 0x00000001800018A0 (0x006484B3) add x9, x9, x6                          va_rvtest_code_begin+3332
x9 <- 0x00000001000001C8

clint mtime 0x000000000000049F (mip.MTI <- 0b1, mip.STI <- 0b0)
PTW: Start, vpn=0x180001, access_type=X, privilege=Smem[R,0x0000000080008030] -> 0x00000000200000CB
PTW: Step, level=2, pte=0x200000CB, pte_addr=0x80008030
PTW: Success, final_ppn=0x80001, level=2mem[X,0x00000000800018A4] -> 0x94F3
PTW: Start, vpn=0x180001, access_type=X, privilege=Smem[R,0x0000000080008030] -> 0x00000000200000CB
PTW: Step, level=2, pte=0x200000CB, pte_addr=0x80008030
PTW: Success, final_ppn=0x80001, level=2mem[X,0x00000000800018A6] -> 0x3414
[2366] [S]: 0x00000001800018A4 (0x341494F3) csrrw x9, mepc, x9                      va_rvtest_code_begin+3336
trapping from S to M to handle illegal-instruction
handling exc#illegal-instruction at priv M with tval 0x00000000341494F3
CSR mstatus (0x300) <- 0x0000000A00000800
CSR mcause (0x342) <- 0x0000000000000002
CSR mtval (0x343) <- 0x00000000341494F3
CSR mepc (0x341) <- 0x00000001800018A4

mem[X,0x0000000080001F80] -> 0x006F
mem[X,0x0000000080001F82] -> 0x1000
[2367] [M]: 0x0000000080001F80 (0x1000006F) jal x0, 0x100                           Mtrampoline+0

clint mtime 0x00000000000004A0 (mip.MTI <- 0b1, mip.STI <- 0b0)
mem[X,0x0000000080002080] -> 0x1173
mem[X,0x0000000080002082] -> 0x3401
[2368] [M]: 0x0000000080002080 (0x34011173) csrrw x2, mscratch, x2                  trap_Mhandler+0
CSR mscratch (0x340) <- 0x0000000000000000
x2 <- 0x0000000080005000

mem[X,0x0000000080002084] -> 0x3423
mem[X,0x0000000080002086] -> 0x28B1
[2369] [M]: 0x0000000080002084 (0x28B13423) sd x11, 0x288(x2)                       trap_Mhandler+4
mem[W,0x0000000080005288] <- 0x00000000000000CF

clint mtime 0x00000000000004A1 (mip.MTI <- 0b1, mip.STI <- 0b0)
mem[X,0x0000000080002088] -> 0x05EF
mem[X,0x000000008000208A] -> 0x0B80
[2370] [M]: 0x0000000080002088 (0x0B8005EF) jal x11, 0xb8                           trap_Mhandler+8
x11 <- 0x000000008000208C

mem[X,0x0000000080002140] -> 0x3023
mem[X,0x0000000080002142] -> 0x28A1
[2371] [M]: 0x0000000080002140 (0x28A13023) sd x10, 0x280(x2)                       common_Mhandler+0
mem[W,0x0000000080005280] <- 0x00000000200000CF

clint mtime 0x00000000000004A2 (mip.MTI <- 0b1, mip.STI <- 0b0)
mem[X,0x0000000080002144] -> 0x1573
mem[X,0x0000000080002146] -> 0x3401
[2372] [M]: 0x0000000080002144 (0x34011573) csrrw x10, mscratch, x2                 common_Mhandler+4
CSR mscratch (0x340) <- 0x0000000080005000
x10 <- 0x0000000000000000

mem[X,0x0000000080002148] -> 0x3823
mem[X,0x000000008000214A] -> 0x28A1
[2373] [M]: 0x0000000080002148 (0x28A13823) sd x10, 0x290(x2)                       common_Mhandler+8
mem[W,0x0000000080005290] <- 0x0000000000000000

clint mtime 0x00000000000004A3 (mip.MTI <- 0b1, mip.STI <- 0b0)
mem[X,0x000000008000214C] -> 0x3503
mem[X,0x000000008000214E] -> 0x2301
[2374] [M]: 0x000000008000214C (0x23013503) ld x10, 0x230(x2)                       common_Mhandler+12
mem[R,0x0000000080005230] -> 0x0000000080002154
x10 <- 0x0000000080002154

mem[X,0x0000000080002150] -> 0x0067
mem[X,0x0000000080002152] -> 0x0005
[2375] [M]: 0x0000000080002150 (0x00050067) jalr x0, 0x0(x10)                       common_Mhandler+16

clint mtime 0x00000000000004A4 (mip.MTI <- 0b1, mip.STI <- 0b0)
mem[X,0x0000000080002154] -> 0x3C23
mem[X,0x0000000080002156] -> 0x2691
[2376] [M]: 0x0000000080002154 (0x26913C23) sd x9, 0x278(x2)                        common_Mentry+0
mem[W,0x0000000080005278] <- 0x00000001000001C8

mem[X,0x0000000080002158] -> 0x3823
mem[X,0x000000008000215A] -> 0x2681
[2377] [M]: 0x0000000080002158 (0x26813823) sd x8, 0x270(x2)                        common_Mentry+4
mem[W,0x0000000080005270] <- 0x0000000000007F76

clint mtime 0x00000000000004A5 (mip.MTI <- 0b1, mip.STI <- 0b0)
mem[X,0x000000008000215C] -> 0x3423
mem[X,0x000000008000215E] -> 0x2671
[2378] [M]: 0x000000008000215C (0x26713423) sd x7, 0x268(x2)                        common_Mentry+8
mem[W,0x0000000080005268] <- 0x0000000080005000

mem[X,0x0000000080002160] -> 0x3023
mem[X,0x0000000080002162] -> 0x2661
[2379] [M]: 0x0000000080002160 (0x26613023) sd x6, 0x260(x2)                        common_Mentry+12
mem[W,0x0000000080005260] <- 0xFFFFFFFF7FFFE92C

clint mtime 0x00000000000004A6 (mip.MTI <- 0b1, mip.STI <- 0b0)
mem[X,0x0000000080002164] -> 0x2573
mem[X,0x0000000080002166] -> 0x3420
[2380] [M]: 0x0000000080002164 (0x34202573) csrrs x10, mcause, x0                   spcl_M2mmode_test+0
CSR mcause (0x342) -> 0x0000000000000002
x10 <- 0x0000000000000002

mem[X,0x0000000080002168] -> 0x04B7
mem[X,0x000000008000216A] -> 0x8000
[2381] [M]: 0x0000000080002168 (0x800004B7) lui x9, -0x80000                        spcl_M2mmode_test+4
x9 <- 0xFFFFFFFF80000000

clint mtime 0x00000000000004A7 (mip.MTI <- 0b1, mip.STI <- 0b0)
mem[X,0x000000008000216C] -> 0x8493
mem[X,0x000000008000216E] -> 0x0004
[2382] [M]: 0x000000008000216C (0x00048493) addi x9, x9, 0x0                        spcl_M2mmode_test+8
x9 <- 0xFFFFFFFF80000000

mem[X,0x0000000080002170] -> 0x9493
mem[X,0x0000000080002172] -> 0x00B4
[2383] [M]: 0x0000000080002170 (0x00B49493) slli x9, x9, 0xb                        spcl_M2mmode_test+12
x9 <- 0xFFFFFC0000000000

clint mtime 0x00000000000004A8 (mip.MTI <- 0b1, mip.STI <- 0b0)
mem[X,0x0000000080002174] -> 0x8493
mem[X,0x0000000080002176] -> 0x0004
[2384] [M]: 0x0000000080002174 (0x00048493) addi x9, x9, 0x0                        spcl_M2mmode_test+16
x9 <- 0xFFFFFC0000000000

mem[X,0x0000000080002178] -> 0x9493
mem[X,0x000000008000217A] -> 0x00B4
[2385] [M]: 0x0000000080002178 (0x00B49493) slli x9, x9, 0xb                        spcl_M2mmode_test+20
x9 <- 0xFFE0000000000000

clint mtime 0x00000000000004A9 (mip.MTI <- 0b1, mip.STI <- 0b0)
mem[X,0x000000008000217C] -> 0x8493
mem[X,0x000000008000217E] -> 0x0034
[2386] [M]: 0x000000008000217C (0x00348493) addi x9, x9, 0x3                        spcl_M2mmode_test+24
x9 <- 0xFFE0000000000003

mem[X,0x0000000080002180] -> 0x9493
mem[X,0x0000000080002182] -> 0x00A4
[2387] [M]: 0x0000000080002180 (0x00A49493) slli x9, x9, 0xa                        spcl_M2mmode_test+28
x9 <- 0x8000000000000C00

clint mtime 0x00000000000004AA (mip.MTI <- 0b1, mip.STI <- 0b0)
mem[X,0x0000000080002184] -> 0x8493
mem[X,0x0000000080002186] -> 0x3FC4
[2388] [M]: 0x0000000080002184 (0x3FC48493) addi x9, x9, 0x3fc                      spcl_M2mmode_test+32
x9 <- 0x8000000000000FFC

mem[X,0x0000000080002188] -> 0xF4B3
mem[X,0x000000008000218A] -> 0x00A4
[2389] [M]: 0x0000000080002188 (0x00A4F4B3) and x9, x9, x10                         spcl_M2mmode_test+36
x9 <- 0x0000000000000000

clint mtime 0x00000000000004AB (mip.MTI <- 0b1, mip.STI <- 0b0)
mem[X,0x000000008000218C] -> 0x8493
mem[X,0x000000008000218E] -> 0xFF84
[2390] [M]: 0x000000008000218C (0xFF848493) addi x9, x9, -0x8                       spcl_M2mmode_test+40
x9 <- 0xFFFFFFFFFFFFFFF8

mem[X,0x0000000080002190] -> 0x9663
mem[X,0x0000000080002192] -> 0x0004
[2391] [M]: 0x0000000080002190 (0x00049663) bne x9, x0, 0xc                         spcl_M2mmode_test+44

clint mtime 0x00000000000004AC (mip.MTI <- 0b1, mip.STI <- 0b0)
mem[X,0x000000008000219C] -> 0x0393
mem[X,0x000000008000219E] -> 0x0200
[2392] [M]: 0x000000008000219C (0x02000393) addi x7, x0, 0x20                       Mtrapsig_ptr_upd+0
x7 <- 0x0000000000000020

mem[X,0x00000000800021A0] -> 0x5263
mem[X,0x00000000800021A2] -> 0x0405
[2393] [M]: 0x00000000800021A0 (0x04055263) bge x10, x0, 0x44                       Mtrapsig_ptr_upd+4

clint mtime 0x00000000000004AD (mip.MTI <- 0b1, mip.STI <- 0b0)
mem[X,0x00000000800021E4] -> 0x2373
mem[X,0x00000000800021E6] -> 0x3010
[2394] [M]: 0x00000000800021E4 (0x30102373) csrrs x6, misa, x0                      Mxcpt_sig_sv+0
CSR misa (0x301) -> 0x800000000034112F
x6 <- 0x800000000034112F

mem[X,0x00000000800021E8] -> 0x1313
mem[X,0x00000000800021EA] -> 0x0383
[2395] [M]: 0x00000000800021E8 (0x03831313) slli x6, x6, 0x38                       Mxcpt_sig_sv+4
x6 <- 0x2F00000000000000

clint mtime 0x00000000000004AE (mip.MTI <- 0b1, mip.STI <- 0b0)
mem[X,0x00000000800021EC] -> 0x5463
mem[X,0x00000000800021EE] -> 0x0003
[2396] [M]: 0x00000000800021EC (0x00035463) bge x6, x0, 0x8                         Mxcpt_sig_sv+8

mem[X,0x00000000800021F4] -> 0x3303
mem[X,0x00000000800021F6] -> 0x2181
[2397] [M]: 0x00000000800021F4 (0x21813303) ld x6, 0x218(x2)                        Mtrap_sig_sv+0
mem[R,0x0000000080005218] -> 0x0000000080009458
x6 <- 0x0000000080009458

clint mtime 0x00000000000004AF (mip.MTI <- 0b1, mip.STI <- 0b0)
mem[X,0x00000000800021F8] -> 0x04B3
mem[X,0x00000000800021FA] -> 0x0073
[2398] [M]: 0x00000000800021F8 (0x007304B3) add x9, x6, x7                          Mtrap_sig_sv+4
x9 <- 0x0000000080009478

mem[X,0x00000000800021FC] -> 0x3C23
mem[X,0x00000000800021FE] -> 0x2091
[2399] [M]: 0x00000000800021FC (0x20913C23) sd x9, 0x218(x2)                        Mtrap_sig_sv+8
mem[W,0x0000000080005218] <- 0x0000000080009478

clint mtime 0x00000000000004B0 (mip.MTI <- 0b1, mip.STI <- 0b0)
mem[X,0x0000000080002200] -> 0x3403
mem[X,0x0000000080002202] -> 0x1F81
[2400] [M]: 0x0000000080002200 (0x1F813403) ld x8, 0x1f8(x2)                        Mtrap_sig_sv+12
mem[R,0x00000000800051F8] -> 0x0000000080009110
x8 <- 0x0000000080009110

mem[X,0x0000000080002204] -> 0x0333
mem[X,0x0000000080002206] -> 0x4083
[2401] [M]: 0x0000000080002204 (0x40830333) sub x6, x6, x8                          Mtrap_sig_sv+16
x6 <- 0x0000000000000348

clint mtime 0x00000000000004B1 (mip.MTI <- 0b1, mip.STI <- 0b0)
mem[X,0x0000000080002208] -> 0x3403
mem[X,0x000000008000220A] -> 0x1F81
[2402] [M]: 0x0000000080002208 (0x1F813403) ld x8, 0x1f8(x2)                        Mtrap_sig_sv+20
mem[R,0x00000000800051F8] -> 0x0000000080009110
x8 <- 0x0000000080009110

mem[X,0x000000008000220C] -> 0x0333
mem[X,0x000000008000220E] -> 0x0083
[2403] [M]: 0x000000008000220C (0x00830333) add x6, x6, x8                          Mtrap_sig_sv+24
x6 <- 0x0000000080009458

clint mtime 0x00000000000004B2 (mip.MTI <- 0b1, mip.STI <- 0b0)
mem[X,0x0000000080002210] -> 0x3403
mem[X,0x0000000080002212] -> 0x2401
[2404] [M]: 0x0000000080002210 (0x24013403) ld x8, 0x240(x2)                        Mtrap_sig_sv+28
mem[R,0x0000000080005240] -> 0x0000000080001F80
x8 <- 0x0000000080001F80

mem[X,0x0000000080002214] -> 0x85B3
mem[X,0x0000000080002216] -> 0x4085
[2405] [M]: 0x0000000080002214 (0x408585B3) sub x11, x11, x8                        sv_Mvect+0
x11 <- 0x000000000000010C

clint mtime 0x00000000000004B3 (mip.MTI <- 0b1, mip.STI <- 0b0)
mem[X,0x0000000080002218] -> 0x9593
mem[X,0x000000008000221A] -> 0x0045
[2406] [M]: 0x0000000080002218 (0x00459593) slli x11, x11, 0x4                      sv_Mvect+4
x11 <- 0x00000000000010C0

mem[X,0x000000008000221C] -> 0xE5B3
mem[X,0x000000008000221E] -> 0x0075
[2407] [M]: 0x000000008000221C (0x0075E5B3) or x11, x11, x7                         sv_Mvect+8
x11 <- 0x00000000000010E0

clint mtime 0x00000000000004B4 (mip.MTI <- 0b1, mip.STI <- 0b0)
mem[X,0x0000000080002220] -> 0x8593
mem[X,0x0000000080002222] -> 0x0035
[2408] [M]: 0x0000000080002220 (0x00358593) addi x11, x11, 0x3                      sv_Mvect+12
x11 <- 0x00000000000010E3

mem[X,0x0000000080002224] -> 0x3023
mem[X,0x0000000080002226] -> 0x00B3
[2409] [M]: 0x0000000080002224 (0x00B33023) sd x11, 0x0(x6)                         sv_Mvect+16
mem[W,0x0000000080009458] <- 0x00000000000010E3

clint mtime 0x00000000000004B5 (mip.MTI <- 0b1, mip.STI <- 0b0)
mem[X,0x0000000080002228] -> 0x3423
mem[X,0x000000008000222A] -> 0x00A3
[2410] [M]: 0x0000000080002228 (0x00A33423) sd x10, 0x8(x6)                         sv_Mcause+0
mem[W,0x0000000080009460] <- 0x0000000000000002

mem[X,0x000000008000222C] -> 0x4663
mem[X,0x000000008000222E] -> 0x1A05
[2411] [M]: 0x000000008000222C (0x1A054663) blt x10, x0, 0x1ac                      sv_Mcause+4

clint mtime 0x00000000000004B6 (mip.MTI <- 0b1, mip.STI <- 0b0)
mem[X,0x0000000080002230] -> 0x25F3
mem[X,0x0000000080002232] -> 0x3000
[2412] [M]: 0x0000000080002230 (0x300025F3) csrrs x11, mstatus, x0                  common_Mexcpt_handler+0
CSR mstatus (0x300) -> 0x0000000A00000800
x11 <- 0x0000000A00000800

mem[X,0x0000000080002234] -> 0x9413
mem[X,0x0000000080002236] -> 0x02E5
[2413] [M]: 0x0000000080002234 (0x02E59413) slli x8, x11, 0x2e                      common_Mexcpt_handler+4
x8 <- 0x0200000000000000

clint mtime 0x00000000000004B7 (mip.MTI <- 0b1, mip.STI <- 0b0)
mem[X,0x0000000080002238] -> 0x5463
mem[X,0x000000008000223A] -> 0x0004
[2414] [M]: 0x0000000080002238 (0x00045463) bge x8, x0, 0x8                         common_Mexcpt_handler+8

mem[X,0x0000000080002240] -> 0xD493
mem[X,0x0000000080002242] -> 0x00B5
[2415] [M]: 0x0000000080002240 (0x00B5D493) srli x9, x11, 0xb                       common_Mexcpt_handler+16
x9 <- 0x0000000001400001

clint mtime 0x00000000000004B8 (mip.MTI <- 0b1, mip.STI <- 0b0)
mem[X,0x0000000080002244] -> 0xF493
mem[X,0x0000000080002246] -> 0x0034
[2416] [M]: 0x0000000080002244 (0x0034F493) andi x9, x9, 0x3                        common_Mexcpt_handler+20
x9 <- 0x0000000000000001

mem[X,0x0000000080002248] -> 0x8493
mem[X,0x000000008000224A] -> 0x0014
[2417] [M]: 0x0000000080002248 (0x00148493) addi x9, x9, 0x1                        common_Mexcpt_handler+24
x9 <- 0x0000000000000002

clint mtime 0x00000000000004B9 (mip.MTI <- 0b1, mip.STI <- 0b0)
mem[X,0x000000008000224C] -> 0xF493
mem[X,0x000000008000224E] -> 0x0044
[2418] [M]: 0x000000008000224C (0x0044F493) andi x9, x9, 0x4                        common_Mexcpt_handler+28
x9 <- 0x0000000000000000

mem[X,0x0000000080002250] -> 0x0593
mem[X,0x0000000080002252] -> 0x05D0
[2419] [M]: 0x0000000080002250 (0x05D00593) addi x11, x0, 0x5d                      common_Mexcpt_handler+32
x11 <- 0x000000000000005D

clint mtime 0x00000000000004BA (mip.MTI <- 0b1, mip.STI <- 0b0)
mem[X,0x0000000080002254] -> 0xD5B3
mem[X,0x0000000080002256] -> 0x0095
[2420] [M]: 0x0000000080002254 (0x0095D5B3) srl x11, x11, x9                        common_Mexcpt_handler+36
x11 <- 0x000000000000005D

mem[X,0x0000000080002258] -> 0xF593
mem[X,0x000000008000225A] -> 0x0015
[2421] [M]: 0x0000000080002258 (0x0015F593) andi x11, x11, 0x1                      common_Mexcpt_handler+40
x11 <- 0x0000000000000001

clint mtime 0x00000000000004BB (mip.MTI <- 0b1, mip.STI <- 0b0)
mem[X,0x000000008000225C] -> 0x8EE3
mem[X,0x000000008000225E] -> 0xF405
[2422] [M]: 0x000000008000225C (0xF4058EE3) beq x11, x0, -0xa4                      common_Mexcpt_handler+44

mem[X,0x0000000080002260] -> 0x0593
mem[X,0x0000000080002262] -> 0x2980
[2423] [M]: 0x0000000080002260 (0x29800593) addi x11, x0, 0x298                     common_Mexcpt_handler+48
x11 <- 0x0000000000000298

clint mtime 0x00000000000004BC (mip.MTI <- 0b1, mip.STI <- 0b0)
mem[X,0x0000000080002264] -> 0xF413
mem[X,0x0000000080002266] -> 0x0014
[2424] [M]: 0x0000000080002264 (0x0014F413) andi x8, x9, 0x1                        common_Mexcpt_handler+52
x8 <- 0x0000000000000000

mem[X,0x0000000080002268] -> 0x95B3
mem[X,0x000000008000226A] -> 0x0085
[2425] [M]: 0x0000000080002268 (0x008595B3) sll x11, x11, x8                        common_Mexcpt_handler+56
x11 <- 0x0000000000000298

clint mtime 0x00000000000004BD (mip.MTI <- 0b1, mip.STI <- 0b0)
mem[X,0x000000008000226C] -> 0x9413
mem[X,0x000000008000226E] -> 0x03D4
[2426] [M]: 0x000000008000226C (0x03D49413) slli x8, x9, 0x3d                       common_Mexcpt_handler+60
x8 <- 0x0000000000000000

mem[X,0x0000000080002270] -> 0x5413
mem[X,0x0000000080002272] -> 0x43F4
[2427] [M]: 0x0000000080002270 (0x43F45413) srai x8, x8, 0x3f                       common_Mexcpt_handler+64
x8 <- 0x0000000000000000

clint mtime 0x00000000000004BE (mip.MTI <- 0b1, mip.STI <- 0b0)
mem[X,0x0000000080002274] -> 0x4413
mem[X,0x0000000080002276] -> 0xFFF4
[2428] [M]: 0x0000000080002274 (0xFFF44413) xori x8, x8, -0x1                       common_Mexcpt_handler+68
x8 <- 0xFFFFFFFFFFFFFFFF

mem[X,0x0000000080002278] -> 0xF4B3
mem[X,0x000000008000227A] -> 0x0085
[2429] [M]: 0x0000000080002278 (0x0085F4B3) and x9, x11, x8                         common_Mexcpt_handler+72
x9 <- 0x0000000000000298

clint mtime 0x00000000000004BF (mip.MTI <- 0b1, mip.STI <- 0b0)
mem[X,0x000000008000227C] -> 0x84B3
mem[X,0x000000008000227E] -> 0x0024
[2430] [M]: 0x000000008000227C (0x002484B3) add x9, x9, x2                          vmem_adj_Mepc+0
x9 <- 0x0000000080005298

mem[X,0x0000000080002280] -> 0x23F3
mem[X,0x0000000080002282] -> 0x3410
[2431] [M]: 0x0000000080002280 (0x341023F3) csrrs x7, mepc, x0                      vmem_adj_Mepc+4
CSR mepc (0x341) -> 0x00000001800018A4
x7 <- 0x00000001800018A4

clint mtime 0x00000000000004C0 (mip.MTI <- 0b1, mip.STI <- 0b0)
mem[X,0x0000000080002284] -> 0x0413
mem[X,0x0000000080002286] -> 0x0004
[2432] [M]: 0x0000000080002284 (0x00040413) addi x8, x8, 0x0                        vmem_adj_Mepc+8
x8 <- 0xFFFFFFFFFFFFFFFF

mem[X,0x0000000080002288] -> 0x006F
mem[X,0x000000008000228A] -> 0x0400
[2433] [M]: 0x0000000080002288 (0x0400006F) jal x0, 0x40                            vmem_adj_Mepc+12

clint mtime 0x00000000000004C1 (mip.MTI <- 0b1, mip.STI <- 0b0)
mem[X,0x00000000800022C8] -> 0x8433
mem[X,0x00000000800022CA] -> 0x4083
[2434] [M]: 0x00000000800022C8 (0x40838433) sub x8, x7, x8                          adj_Mepc+0
x8 <- 0x00000001800018A5

mem[X,0x00000000800022CC] -> 0x3823
mem[X,0x00000000800022CE] -> 0x0083
[2435] [M]: 0x00000000800022CC (0x00833823) sd x8, 0x10(x6)                         sv_Mepc+0
mem[W,0x0000000080009468] <- 0x00000001800018A5

clint mtime 0x00000000000004C2 (mip.MTI <- 0b1, mip.STI <- 0b0)
mem[X,0x00000000800022D0] -> 0x55B7
mem[X,0x00000000800022D2] -> 0x0000
[2436] [M]: 0x00000000800022D0 (0x000055B7) lui x11, 0x5                            sv_Mepc+4
x11 <- 0x0000000000005000

mem[X,0x00000000800022D4] -> 0x8593
mem[X,0x00000000800022D6] -> 0x6675
[2437] [M]: 0x00000000800022D4 (0x66758593) addi x11, x11, 0x667                    sv_Mepc+8
x11 <- 0x0000000000005667

clint mtime 0x00000000000004C3 (mip.MTI <- 0b1, mip.STI <- 0b0)
mem[X,0x00000000800022D8] -> 0x9593
mem[X,0x00000000800022DA] -> 0x0015
[2438] [M]: 0x00000000800022D8 (0x00159593) slli x11, x11, 0x1                      sv_Mepc+12
x11 <- 0x000000000000ACCE

mem[X,0x00000000800022DC] -> 0x9063
mem[X,0x00000000800022DE] -> 0x02B1
[2439] [M]: 0x00000000800022DC (0x02B19063) bne x3, x11, 0x20                       sv_Mepc+16

clint mtime 0x00000000000004C4 (mip.MTI <- 0b1, mip.STI <- 0b0)
mem[X,0x00000000800022E0] -> 0x2473
mem[X,0x00000000800022E2] -> 0x3420
[2440] [M]: 0x00000000800022E0 (0x34202473) csrrs x8, mcause, x0                    sv_Mepc+20
CSR mcause (0x342) -> 0x0000000000000002
x8 <- 0x0000000000000002

mem[X,0x00000000800022E4] -> 0x0593
mem[X,0x00000000800022E6] -> 0x00C0
[2441] [M]: 0x00000000800022E4 (0x00C00593) addi x11, x0, 0xc                       sv_Mepc+24
x11 <- 0x000000000000000C

clint mtime 0x00000000000004C5 (mip.MTI <- 0b1, mip.STI <- 0b0)
mem[X,0x00000000800022E8] -> 0x0663
mem[X,0x00000000800022EA] -> 0x00B4
[2442] [M]: 0x00000000800022E8 (0x00B40663) beq x8, x11, 0xc                        sv_Mepc+28

mem[X,0x00000000800022EC] -> 0x0593
mem[X,0x00000000800022EE] -> 0x0010
[2443] [M]: 0x00000000800022EC (0x00100593) addi x11, x0, 0x1                       sv_Mepc+32
x11 <- 0x0000000000000001

clint mtime 0x00000000000004C6 (mip.MTI <- 0b1, mip.STI <- 0b0)
mem[X,0x00000000800022F0] -> 0x1663
mem[X,0x00000000800022F2] -> 0x00B4
[2444] [M]: 0x00000000800022F0 (0x00B41663) bne x8, x11, 0xc                        sv_Mepc+36

mem[X,0x00000000800022FC] -> 0xF593
mem[X,0x00000000800022FE] -> 0xFFC3
[2445] [M]: 0x00000000800022FC (0xFFC3F593) andi x11, x7, -0x4                      adj_Mepc_rtn+0
x11 <- 0x00000001800018A4

clint mtime 0x00000000000004C7 (mip.MTI <- 0b1, mip.STI <- 0b0)
mem[X,0x0000000080002300] -> 0x8593
mem[X,0x0000000080002302] -> 0x0085
[2446] [M]: 0x0000000080002300 (0x00858593) addi x11, x11, 0x8                      adj_Mepc_rtn+4
x11 <- 0x00000001800018AC

mem[X,0x0000000080002304] -> 0x9073
mem[X,0x0000000080002306] -> 0x3415
[2447] [M]: 0x0000000080002304 (0x34159073) csrrw x0, mepc, x11                     adj_Mepc_rtn+8
CSR mepc (0x341) <- 0x00000001800018AC

clint mtime 0x00000000000004C8 (mip.MTI <- 0b1, mip.STI <- 0b0)
mem[X,0x0000000080002308] -> 0x23F3
mem[X,0x000000008000230A] -> 0x3430
[2448] [M]: 0x0000000080002308 (0x343023F3) csrrs x7, mtval, x0                     skp_adj_Mepc+0
CSR mtval (0x343) -> 0x00000000341494F3
x7 <- 0x00000000341494F3

mem[X,0x000000008000230C] -> 0x0413
mem[X,0x000000008000230E] -> 0x0004
[2449] [M]: 0x000000008000230C (0x00040413) addi x8, x8, 0x0                        skp_adj_Mepc+4
x8 <- 0x0000000000000002

clint mtime 0x00000000000004C9 (mip.MTI <- 0b1, mip.STI <- 0b0)
mem[X,0x0000000080002310] -> 0x006F
mem[X,0x0000000080002312] -> 0x0840
[2450] [M]: 0x0000000080002310 (0x0840006F) jal x0, 0x84                            skp_adj_Mepc+8

mem[X,0x0000000080002394] -> 0x8433
mem[X,0x0000000080002396] -> 0x4083
[2451] [M]: 0x0000000080002394 (0x40838433) sub x8, x7, x8                          adj_Mtval+0
x8 <- 0x00000000341494F1

clint mtime 0x00000000000004CA (mip.MTI <- 0b1, mip.STI <- 0b0)
mem[X,0x0000000080002398] -> 0x3C23
mem[X,0x000000008000239A] -> 0x0083
[2452] [M]: 0x0000000080002398 (0x00833C23) sd x8, 0x18(x6)                         sv_Mtval+0
mem[W,0x0000000080009470] <- 0x00000000341494F1

mem[X,0x000000008000239C] -> 0x3483
mem[X,0x000000008000239E] -> 0x2181
[2453] [M]: 0x000000008000239C (0x21813483) ld x9, 0x218(x2)                        skp_Mtval+0
mem[R,0x0000000080005218] -> 0x0000000080009478
x9 <- 0x0000000080009478

clint mtime 0x00000000000004CB (mip.MTI <- 0b1, mip.STI <- 0b0)
mem[X,0x00000000800023A0] -> 0x3383
mem[X,0x00000000800023A2] -> 0x1F81
[2454] [M]: 0x00000000800023A0 (0x1F813383) ld x7, 0x1f8(x2)                        skp_Mtval+4
mem[R,0x00000000800051F8] -> 0x0000000080009110
x7 <- 0x0000000080009110

mem[X,0x00000000800023A4] -> 0x3303
mem[X,0x00000000800023A6] -> 0x2001
[2455] [M]: 0x00000000800023A4 (0x20013303) ld x6, 0x200(x2)                        skp_Mtval+8
mem[R,0x0000000080005200] -> 0x0000000000000410
x6 <- 0x0000000000000410

clint mtime 0x00000000000004CC (mip.MTI <- 0b1, mip.STI <- 0b0)
mem[X,0x00000000800023A8] -> 0x0333
mem[X,0x00000000800023AA] -> 0x0073
[2456] [M]: 0x00000000800023A8 (0x00730333) add x6, x6, x7                          skp_Mtval+12
x6 <- 0x0000000080009520

mem[X,0x00000000800023AC] -> 0x6AE3
mem[X,0x00000000800023AE] -> 0xAE93
[2457] [M]: 0x00000000800023AC (0xAE936AE3) bltu x6, x9, -0x50c                     skp_Mtval+16

clint mtime 0x00000000000004CD (mip.MTI <- 0b1, mip.STI <- 0b0)
mem[X,0x00000000800023B0] -> 0x0393
mem[X,0x00000000800023B2] -> 0x2000
[2458] [M]: 0x00000000800023B0 (0x20000393) addi x7, x0, 0x200                      skp_Mtval+20
x7 <- 0x0000000000000200

mem[X,0x00000000800023B4] -> 0x006F
mem[X,0x00000000800023B6] -> 0x0400
[2459] [M]: 0x00000000800023B4 (0x0400006F) jal x0, 0x40                            skp_Mtval+24

clint mtime 0x00000000000004CE (mip.MTI <- 0b1, mip.STI <- 0b0)
mem[X,0x00000000800023F4] -> 0x0417
mem[X,0x00000000800023F6] -> 0x0000
[2460] [M]: 0x00000000800023F4 (0x00000417) auipc x8, 0x0                           spcl_Mhandler+0
x8 <- 0x00000000800023F4

mem[X,0x00000000800023F8] -> 0x0413
mem[X,0x00000000800023FA] -> 0x03C4
[2461] [M]: 0x00000000800023F8 (0x03C40413) addi x8, x8, 0x3c                       spcl_Mhandler+4
x8 <- 0x0000000080002430

clint mtime 0x00000000000004CF (mip.MTI <- 0b1, mip.STI <- 0b0)
mem[X,0x00000000800023FC] -> 0x0433
mem[X,0x00000000800023FE] -> 0x0074
[2462] [M]: 0x00000000800023FC (0x00740433) add x8, x8, x7                          spcl_Mhandler+8
x8 <- 0x0000000080002630

mem[X,0x0000000080002400] -> 0x1393
mem[X,0x0000000080002402] -> 0x0035
[2463] [M]: 0x0000000080002400 (0x00351393) slli x7, x10, 0x3                       spcl_Mhandler+12
x7 <- 0x0000000000000010

clint mtime 0x00000000000004D0 (mip.MTI <- 0b1, mip.STI <- 0b0)
mem[X,0x0000000080002404] -> 0x0433
mem[X,0x0000000080002406] -> 0x0074
[2464] [M]: 0x0000000080002404 (0x00740433) add x8, x8, x7                          spcl_Mhandler+16
x8 <- 0x0000000080002640

mem[X,0x0000000080002408] -> 0x7413
mem[X,0x000000008000240A] -> 0xFF84
[2465] [M]: 0x0000000080002408 (0xFF847413) andi x8, x8, -0x8                       spcl_Mhandler+20
x8 <- 0x0000000080002640

clint mtime 0x00000000000004D1 (mip.MTI <- 0b1, mip.STI <- 0b0)
mem[X,0x000000008000240C] -> 0x3403
mem[X,0x000000008000240E] -> 0x0004
[2466] [M]: 0x000000008000240C (0x00043403) ld x8, 0x0(x8)                          spcl_Mhandler+24
mem[R,0x0000000080002640] -> 0x0000000000000005
x8 <- 0x0000000000000005

mem[X,0x0000000080002410] -> 0x02E3
mem[X,0x0000000080002412] -> 0xB204
[2467] [M]: 0x0000000080002410 (0xB20402E3) beq x8, x0, -0x4dc                      spcl_Mdispatch_hndling+0

clint mtime 0x00000000000004D2 (mip.MTI <- 0b1, mip.STI <- 0b0)
mem[X,0x0000000080002414] -> 0x1393
mem[X,0x0000000080002416] -> 0x03F4
[2468] [M]: 0x0000000080002414 (0x03F41393) slli x7, x8, 0x3f                       spcl_Mdispatch_hndling+4
x7 <- 0x8000000000000000

mem[X,0x0000000080002418] -> 0xD863
mem[X,0x000000008000241A] -> 0x0003
[2469] [M]: 0x0000000080002418 (0x0003D863) bge x7, x0, 0x10                        spcl_Mdispatch_hndling+8

clint mtime 0x00000000000004D3 (mip.MTI <- 0b1, mip.STI <- 0b0)
mem[X,0x000000008000241C] -> 0x5413
mem[X,0x000000008000241E] -> 0x0014
[2470] [M]: 0x000000008000241C (0x00145413) srli x8, x8, 0x1                        spcl_Mdispatch_hndling+12
x8 <- 0x0000000000000002

mem[X,0x0000000080002420] -> 0x0CE3
mem[X,0x0000000080002422] -> 0xF885
[2471] [M]: 0x0000000080002420 (0xF8850CE3) beq x10, x8, -0x68                      spcl_Mdispatch_hndling+16

clint mtime 0x00000000000004D4 (mip.MTI <- 0b1, mip.STI <- 0b0)
mem[X,0x00000000800023B8] -> 0x3303
mem[X,0x00000000800023BA] -> 0x2601
[2472] [M]: 0x00000000800023B8 (0x26013303) ld x6, 0x260(x2)                        resto_Mrtn+0
mem[R,0x0000000080005260] -> 0xFFFFFFFF7FFFE92C
x6 <- 0xFFFFFFFF7FFFE92C

mem[X,0x00000000800023BC] -> 0x3383
mem[X,0x00000000800023BE] -> 0x2681
[2473] [M]: 0x00000000800023BC (0x26813383) ld x7, 0x268(x2)                        resto_Mrtn+4
mem[R,0x0000000080005268] -> 0x0000000080005000
x7 <- 0x0000000080005000

clint mtime 0x00000000000004D5 (mip.MTI <- 0b1, mip.STI <- 0b0)
mem[X,0x00000000800023C0] -> 0x3403
mem[X,0x00000000800023C2] -> 0x2701
[2474] [M]: 0x00000000800023C0 (0x27013403) ld x8, 0x270(x2)                        resto_Mrtn+8
mem[R,0x0000000080005270] -> 0x0000000000007F76
x8 <- 0x0000000000007F76

mem[X,0x00000000800023C4] -> 0x3483
mem[X,0x00000000800023C6] -> 0x2781
[2475] [M]: 0x00000000800023C4 (0x27813483) ld x9, 0x278(x2)                        resto_Mrtn+12
mem[R,0x0000000080005278] -> 0x00000001000001C8
x9 <- 0x00000001000001C8

clint mtime 0x00000000000004D6 (mip.MTI <- 0b1, mip.STI <- 0b0)
mem[X,0x00000000800023C8] -> 0x3503
mem[X,0x00000000800023CA] -> 0x2801
[2476] [M]: 0x00000000800023C8 (0x28013503) ld x10, 0x280(x2)                       resto_Mrtn+16
mem[R,0x0000000080005280] -> 0x00000000200000CF
x10 <- 0x00000000200000CF

mem[X,0x00000000800023CC] -> 0x3583
mem[X,0x00000000800023CE] -> 0x2881
[2477] [M]: 0x00000000800023CC (0x28813583) ld x11, 0x288(x2)                       resto_Mrtn+20
mem[R,0x0000000080005288] -> 0x00000000000000CF
x11 <- 0x00000000000000CF

clint mtime 0x00000000000004D7 (mip.MTI <- 0b1, mip.STI <- 0b0)
mem[X,0x00000000800023D0] -> 0x3103
mem[X,0x00000000800023D2] -> 0x2901
[2478] [M]: 0x00000000800023D0 (0x29013103) ld x2, 0x290(x2)                        resto_Mrtn+24
mem[R,0x0000000080005290] -> 0x0000000000000000
x2 <- 0x0000000000000000

mem[X,0x00000000800023D4] -> 0x0073
mem[X,0x00000000800023D6] -> 0x3020
[2479] [M]: 0x00000000800023D4 (0x30200073) mret                                    resto_Mrtn+28
CSR mstatus (0x300) <- 0x0000000A00000080
ret-ing from M to S

clint mtime 0x00000000000004D8 (mip.MTI <- 0b1, mip.STI <- 0b0)
PTW: Start, vpn=0x180001, access_type=X, privilege=Smem[R,0x0000000080008030] -> 0x00000000200000CB
PTW: Step, level=2, pte=0x200000CB, pte_addr=0x80008030
PTW: Success, final_ppn=0x80001, level=2mem[X,0x00000000800018AC] -> 0x07B7
PTW: Start, vpn=0x180001, access_type=X, privilege=Smem[R,0x0000000080008030] -> 0x00000000200000CB
PTW: Step, level=2, pte=0x200000CB, pte_addr=0x80008030
PTW: Success, final_ppn=0x80001, level=2mem[X,0x00000000800018AE] -> 0x0050
[2480] [S]: 0x00000001800018AC (0x005007B7) lui x15, 0x500                          va_rvtest_code_begin+3344
x15 <- 0x0000000000500000

PTW: Start, vpn=0x180001, access_type=X, privilege=Smem[R,0x0000000080008030] -> 0x00000000200000CB
PTW: Step, level=2, pte=0x200000CB, pte_addr=0x80008030
PTW: Success, final_ppn=0x80001, level=2mem[X,0x00000000800018B0] -> 0x8793
PTW: Start, vpn=0x180001, access_type=X, privilege=Smem[R,0x0000000080008030] -> 0x00000000200000CB
PTW: Step, level=2, pte=0x200000CB, pte_addr=0x80008030
PTW: Success, final_ppn=0x80001, level=2mem[X,0x00000000800018B2] -> 0x0017
[2481] [S]: 0x00000001800018B0 (0x00178793) addi x15, x15, 0x1                      va_rvtest_code_begin+3348
x15 <- 0x0000000000500001

clint mtime 0x00000000000004D9 (mip.MTI <- 0b1, mip.STI <- 0b0)
PTW: Start, vpn=0x180001, access_type=X, privilege=Smem[R,0x0000000080008030] -> 0x00000000200000CB
PTW: Step, level=2, pte=0x200000CB, pte_addr=0x80008030
PTW: Success, final_ppn=0x80001, level=2mem[X,0x00000000800018B4] -> 0x9793
PTW: Start, vpn=0x180001, access_type=X, privilege=Smem[R,0x0000000080008030] -> 0x00000000200000CB
PTW: Step, level=2, pte=0x200000CB, pte_addr=0x80008030
PTW: Success, final_ppn=0x80001, level=2mem[X,0x00000000800018B6] -> 0x00A7
[2482] [S]: 0x00000001800018B4 (0x00A79793) slli x15, x15, 0xa                      va_rvtest_code_begin+3352
x15 <- 0x0000000140000400

PTW: Start, vpn=0x180001, access_type=X, privilege=Smem[R,0x0000000080008030] -> 0x00000000200000CB
PTW: Step, level=2, pte=0x200000CB, pte_addr=0x80008030
PTW: Success, final_ppn=0x80001, level=2mem[X,0x00000000800018B8] -> 0x0613
PTW: Start, vpn=0x180001, access_type=X, privilege=Smem[R,0x0000000080008030] -> 0x00000000200000CB
PTW: Step, level=2, pte=0x200000CB, pte_addr=0x80008030
PTW: Success, final_ppn=0x80001, level=2mem[X,0x00000000800018BA] -> 0x0106
[2483] [S]: 0x00000001800018B8 (0x01060613) addi x12, x12, 0x10                     va_rvtest_code_begin+3356
x12 <- 0x0000000000000060

clint mtime 0x00000000000004DA (mip.MTI <- 0b1, mip.STI <- 0b0)
PTW: Start, vpn=0x180001, access_type=X, privilege=Smem[R,0x0000000080008030] -> 0x00000000200000CB
PTW: Step, level=2, pte=0x200000CB, pte_addr=0x80008030
PTW: Success, final_ppn=0x80001, level=2mem[X,0x00000000800018BC] -> 0xAA23
PTW: Start, vpn=0x180001, access_type=X, privilege=Smem[R,0x0000000080008030] -> 0x00000000200000CB
PTW: Step, level=2, pte=0x200000CB, pte_addr=0x80008030
PTW: Success, final_ppn=0x80001, level=2mem[X,0x00000000800018BE] -> 0x00C7
[2484] [S]: 0x00000001800018BC (0x00C7AA23) sw x12, 0x14(x15)                       va_rvtest_code_begin+3360
PTW: Start, vpn=0x140000, access_type=W, privilege=Smem[R,0x0000000080008028] -> 0x0000000020001C01
PTW: Step, level=2, pte=0x20001C01, pte_addr=0x80008028
PTW: Start, vpn=0x140000, access_type=W, privilege=Smem[R,0x0000000080007000] -> 0x0000000020001801
PTW: Step, level=1, pte=0x20001801, pte_addr=0x80007000
PTW: Start, vpn=0x140000, access_type=W, privilege=Smem[R,0x0000000080006000] -> 0x00000000200000CF
PTW: Step, level=0, pte=0x200000CF, pte_addr=0x80006000
PTW: Success, final_ppn=0x80000, level=0mem[W,0x0000000080000414] <- 0x00000060

PTW: Start, vpn=0x180001, access_type=X, privilege=Smem[R,0x0000000080008030] -> 0x00000000200000CB
PTW: Step, level=2, pte=0x200000CB, pte_addr=0x80008030
PTW: Success, final_ppn=0x80001, level=2mem[X,0x00000000800018C0] -> 0x0013
PTW: Start, vpn=0x180001, access_type=X, privilege=Smem[R,0x0000000080008030] -> 0x00000000200000CB
PTW: Step, level=2, pte=0x200000CB, pte_addr=0x80008030
PTW: Success, final_ppn=0x80001, level=2mem[X,0x00000000800018C2] -> 0x0000
[2485] [S]: 0x00000001800018C0 (0x00000013) addi x0, x0, 0x0                        va_rvtest_code_begin+3364

clint mtime 0x00000000000004DB (mip.MTI <- 0b1, mip.STI <- 0b0)
PTW: Start, vpn=0x180001, access_type=X, privilege=Smem[R,0x0000000080008030] -> 0x00000000200000CB
PTW: Step, level=2, pte=0x200000CB, pte_addr=0x80008030
PTW: Success, final_ppn=0x80001, level=2mem[X,0x00000000800018C4] -> 0xA703
PTW: Start, vpn=0x180001, access_type=X, privilege=Smem[R,0x0000000080008030] -> 0x00000000200000CB
PTW: Step, level=2, pte=0x200000CB, pte_addr=0x80008030
PTW: Success, final_ppn=0x80001, level=2mem[X,0x00000000800018C6] -> 0x0147
[2486] [S]: 0x00000001800018C4 (0x0147A703) lw x14, 0x14(x15)                       va_rvtest_code_begin+3368
PTW: Start, vpn=0x140000, access_type=R, privilege=Smem[R,0x0000000080008028] -> 0x0000000020001C01
PTW: Step, level=2, pte=0x20001C01, pte_addr=0x80008028
PTW: Start, vpn=0x140000, access_type=R, privilege=Smem[R,0x0000000080007000] -> 0x0000000020001801
PTW: Step, level=1, pte=0x20001801, pte_addr=0x80007000
PTW: Start, vpn=0x140000, access_type=R, privilege=Smem[R,0x0000000080006000] -> 0x00000000200000CF
PTW: Step, level=0, pte=0x200000CF, pte_addr=0x80006000
PTW: Success, final_ppn=0x80000, level=0mem[R,0x0000000080000414] -> 0x00000060
x14 <- 0x0000000000000060

PTW: Start, vpn=0x180001, access_type=X, privilege=Smem[R,0x0000000080008030] -> 0x00000000200000CB
PTW: Step, level=2, pte=0x200000CB, pte_addr=0x80008030
PTW: Success, final_ppn=0x80001, level=2mem[X,0x00000000800018C8] -> 0x0013
PTW: Start, vpn=0x180001, access_type=X, privilege=Smem[R,0x0000000080008030] -> 0x00000000200000CB
PTW: Step, level=2, pte=0x200000CB, pte_addr=0x80008030
PTW: Success, final_ppn=0x80001, level=2mem[X,0x00000000800018CA] -> 0x0000
[2487] [S]: 0x00000001800018C8 (0x00000013) addi x0, x0, 0x0                        va_rvtest_code_begin+3372

clint mtime 0x00000000000004DC (mip.MTI <- 0b1, mip.STI <- 0b0)
PTW: Start, vpn=0x180001, access_type=X, privilege=Smem[R,0x0000000080008030] -> 0x00000000200000CB
PTW: Step, level=2, pte=0x200000CB, pte_addr=0x80008030
PTW: Success, final_ppn=0x80001, level=2mem[X,0x00000000800018CC] -> 0x51B7
PTW: Start, vpn=0x180001, access_type=X, privilege=Smem[R,0x0000000080008030] -> 0x00000000200000CB
PTW: Step, level=2, pte=0x200000CB, pte_addr=0x80008030
PTW: Success, final_ppn=0x80001, level=2mem[X,0x00000000800018CE] -> 0x0000
[2488] [S]: 0x00000001800018CC (0x000051B7) lui x3, 0x5                             va_rvtest_code_begin+3376
x3 <- 0x0000000000005000

PTW: Start, vpn=0x180001, access_type=X, privilege=Smem[R,0x0000000080008030] -> 0x00000000200000CB
PTW: Step, level=2, pte=0x200000CB, pte_addr=0x80008030
PTW: Success, final_ppn=0x80001, level=2mem[X,0x00000000800018D0] -> 0x8193
PTW: Start, vpn=0x180001, access_type=X, privilege=Smem[R,0x0000000080008030] -> 0x00000000200000CB
PTW: Step, level=2, pte=0x200000CB, pte_addr=0x80008030
PTW: Success, final_ppn=0x80001, level=2mem[X,0x00000000800018D2] -> 0x6671
[2489] [S]: 0x00000001800018D0 (0x66718193) addi x3, x3, 0x667                      va_rvtest_code_begin+3380
x3 <- 0x0000000000005667

clint mtime 0x00000000000004DD (mip.MTI <- 0b1, mip.STI <- 0b0)
PTW: Start, vpn=0x180001, access_type=X, privilege=Smem[R,0x0000000080008030] -> 0x00000000200000CB
PTW: Step, level=2, pte=0x200000CB, pte_addr=0x80008030
PTW: Success, final_ppn=0x80001, level=2mem[X,0x00000000800018D4] -> 0x9193
PTW: Start, vpn=0x180001, access_type=X, privilege=Smem[R,0x0000000080008030] -> 0x00000000200000CB
PTW: Step, level=2, pte=0x200000CB, pte_addr=0x80008030
PTW: Success, final_ppn=0x80001, level=2mem[X,0x00000000800018D6] -> 0x0011
[2490] [S]: 0x00000001800018D4 (0x00119193) slli x3, x3, 0x1                        va_rvtest_code_begin+3384
x3 <- 0x000000000000ACCE

PTW: Start, vpn=0x180001, access_type=X, privilege=Smem[R,0x0000000080008030] -> 0x00000000200000CB
PTW: Step, level=2, pte=0x200000CB, pte_addr=0x80008030
PTW: Success, final_ppn=0x80001, level=2mem[X,0x00000000800018D8] -> 0x0013
PTW: Start, vpn=0x180001, access_type=X, privilege=Smem[R,0x0000000080008030] -> 0x00000000200000CB
PTW: Step, level=2, pte=0x200000CB, pte_addr=0x80008030
PTW: Success, final_ppn=0x80001, level=2mem[X,0x00000000800018DA] -> 0x0000
[2491] [S]: 0x00000001800018D8 (0x00000013) addi x0, x0, 0x0                        va_rvtest_code_begin+3388

clint mtime 0x00000000000004DE (mip.MTI <- 0b1, mip.STI <- 0b0)
PTW: Start, vpn=0x180001, access_type=X, privilege=Smem[R,0x0000000080008030] -> 0x00000000200000CB
PTW: Step, level=2, pte=0x200000CB, pte_addr=0x80008030
PTW: Success, final_ppn=0x80001, level=2mem[X,0x00000000800018DC] -> 0x0013
PTW: Start, vpn=0x180001, access_type=X, privilege=Smem[R,0x0000000080008030] -> 0x00000000200000CB
PTW: Step, level=2, pte=0x200000CB, pte_addr=0x80008030
PTW: Success, final_ppn=0x80001, level=2mem[X,0x00000000800018DE] -> 0x0000
[2492] [S]: 0x00000001800018DC (0x00000013) addi x0, x0, 0x0                        va_rvtest_code_begin+3392

PTW: Start, vpn=0x180001, access_type=X, privilege=Smem[R,0x0000000080008030] -> 0x00000000200000CB
PTW: Step, level=2, pte=0x200000CB, pte_addr=0x80008030
PTW: Success, final_ppn=0x80001, level=2mem[X,0x00000000800018E0] -> 0x0217
PTW: Start, vpn=0x180001, access_type=X, privilege=Smem[R,0x0000000080008030] -> 0x00000000200000CB
PTW: Step, level=2, pte=0x200000CB, pte_addr=0x80008030
PTW: Success, final_ppn=0x80001, level=2mem[X,0x00000000800018E2] -> 0x0000
[2493] [S]: 0x00000001800018E0 (0x00000217) auipc x4, 0x0                           va_rvtest_code_begin+3396
x4 <- 0x00000001800018E0

clint mtime 0x00000000000004DF (mip.MTI <- 0b1, mip.STI <- 0b0)
PTW: Start, vpn=0x180001, access_type=X, privilege=Smem[R,0x0000000080008030] -> 0x00000000200000CB
PTW: Step, level=2, pte=0x200000CB, pte_addr=0x80008030
PTW: Success, final_ppn=0x80001, level=2mem[X,0x00000000800018E4] -> 0x0213
PTW: Start, vpn=0x180001, access_type=X, privilege=Smem[R,0x0000000080008030] -> 0x00000000200000CB
PTW: Step, level=2, pte=0x200000CB, pte_addr=0x80008030
PTW: Success, final_ppn=0x80001, level=2mem[X,0x00000000800018E6] -> 0x02C2
[2494] [S]: 0x00000001800018E4 (0x02C20213) addi x4, x4, 0x2c                       va_rvtest_code_begin+3400
x4 <- 0x000000018000190C

PTW: Start, vpn=0x180001, access_type=X, privilege=Smem[R,0x0000000080008030] -> 0x00000000200000CB
PTW: Step, level=2, pte=0x200000CB, pte_addr=0x80008030
PTW: Success, final_ppn=0x80001, level=2mem[X,0x00000000800018E8] -> 0x0001
[2495] [S]: 0x00000001800018E8 (0x0001) c.nop                                       va_rvtest_code_begin+3404

clint mtime 0x00000000000004E0 (mip.MTI <- 0b1, mip.STI <- 0b0)
PTW: Start, vpn=0x180001, access_type=X, privilege=Smem[R,0x0000000080008030] -> 0x00000000200000CB
PTW: Step, level=2, pte=0x200000CB, pte_addr=0x80008030
PTW: Success, final_ppn=0x80001, level=2mem[X,0x00000000800018EA] -> 0x0013
PTW: Start, vpn=0x180001, access_type=X, privilege=Smem[R,0x0000000080008030] -> 0x00000000200000CB
PTW: Step, level=2, pte=0x200000CB, pte_addr=0x80008030
PTW: Success, final_ppn=0x80001, level=2mem[X,0x00000000800018EC] -> 0x0000
[2496] [S]: 0x00000001800018EA (0x00000013) addi x0, x0, 0x0                        va_rvtest_code_begin+3406

PTW: Start, vpn=0x180001, access_type=X, privilege=Smem[R,0x0000000080008030] -> 0x00000000200000CB
PTW: Step, level=2, pte=0x200000CB, pte_addr=0x80008030
PTW: Success, final_ppn=0x80001, level=2mem[X,0x00000000800018EE] -> 0x0013
PTW: Start, vpn=0x180001, access_type=X, privilege=Smem[R,0x0000000080008030] -> 0x00000000200000CB
PTW: Step, level=2, pte=0x200000CB, pte_addr=0x80008030
PTW: Success, final_ppn=0x80001, level=2mem[X,0x00000000800018F0] -> 0x0000
[2497] [S]: 0x00000001800018EE (0x00000013) addi x0, x0, 0x0                        va_rvtest_code_begin+3410

clint mtime 0x00000000000004E1 (mip.MTI <- 0b1, mip.STI <- 0b0)
PTW: Start, vpn=0x180001, access_type=X, privilege=Smem[R,0x0000000080008030] -> 0x00000000200000CB
PTW: Step, level=2, pte=0x200000CB, pte_addr=0x80008030
PTW: Success, final_ppn=0x80001, level=2mem[X,0x00000000800018F2] -> 0x0013
PTW: Start, vpn=0x180001, access_type=X, privilege=Smem[R,0x0000000080008030] -> 0x00000000200000CB
PTW: Step, level=2, pte=0x200000CB, pte_addr=0x80008030
PTW: Success, final_ppn=0x80001, level=2mem[X,0x00000000800018F4] -> 0x0000
[2498] [S]: 0x00000001800018F2 (0x00000013) addi x0, x0, 0x0                        va_rvtest_code_begin+3414

PTW: Start, vpn=0x180001, access_type=X, privilege=Smem[R,0x0000000080008030] -> 0x00000000200000CB
PTW: Step, level=2, pte=0x200000CB, pte_addr=0x80008030
PTW: Success, final_ppn=0x80001, level=2mem[X,0x00000000800018F6] -> 0x0013
PTW: Start, vpn=0x180001, access_type=X, privilege=Smem[R,0x0000000080008030] -> 0x00000000200000CB
PTW: Step, level=2, pte=0x200000CB, pte_addr=0x80008030
PTW: Success, final_ppn=0x80001, level=2mem[X,0x00000000800018F8] -> 0x0000
[2499] [S]: 0x00000001800018F6 (0x00000013) addi x0, x0, 0x0                        va_rvtest_code_begin+3418

clint mtime 0x00000000000004E2 (mip.MTI <- 0b1, mip.STI <- 0b0)
PTW: Start, vpn=0x180001, access_type=X, privilege=Smem[R,0x0000000080008030] -> 0x00000000200000CB
PTW: Step, level=2, pte=0x200000CB, pte_addr=0x80008030
PTW: Success, final_ppn=0x80001, level=2mem[X,0x00000000800018FA] -> 0x0013
PTW: Start, vpn=0x180001, access_type=X, privilege=Smem[R,0x0000000080008030] -> 0x00000000200000CB
PTW: Step, level=2, pte=0x200000CB, pte_addr=0x80008030
PTW: Success, final_ppn=0x80001, level=2mem[X,0x00000000800018FC] -> 0x0000
[2500] [S]: 0x00000001800018FA (0x00000013) addi x0, x0, 0x0                        va_rvtest_code_begin+3422

PTW: Start, vpn=0x180001, access_type=X, privilege=Smem[R,0x0000000080008030] -> 0x00000000200000CB
PTW: Step, level=2, pte=0x200000CB, pte_addr=0x80008030
PTW: Success, final_ppn=0x80001, level=2mem[X,0x00000000800018FE] -> 0x0001
[2501] [S]: 0x00000001800018FE (0x0001) c.nop                                       va_rvtest_code_begin+3426

clint mtime 0x00000000000004E3 (mip.MTI <- 0b1, mip.STI <- 0b0)
PTW: Start, vpn=0x180001, access_type=X, privilege=Smem[R,0x0000000080008030] -> 0x00000000200000CB
PTW: Step, level=2, pte=0x200000CB, pte_addr=0x80008030
PTW: Success, final_ppn=0x80001, level=2mem[X,0x0000000080001900] -> 0x80E7
PTW: Start, vpn=0x180001, access_type=X, privilege=Smem[R,0x0000000080008030] -> 0x00000000200000CB
PTW: Step, level=2, pte=0x200000CB, pte_addr=0x80008030
PTW: Success, final_ppn=0x80001, level=2mem[X,0x0000000080001902] -> 0x0007
[2502] [S]: 0x0000000180001900 (0x000780E7) jalr x1, 0x0(x15)                       va_rvtest_code_begin+3428
x1 <- 0x0000000180001904

PTW: Start, vpn=0x140000, access_type=X, privilege=Smem[R,0x0000000080008028] -> 0x0000000020001C01
PTW: Step, level=2, pte=0x20001C01, pte_addr=0x80008028
PTW: Start, vpn=0x140000, access_type=X, privilege=Smem[R,0x0000000080007000] -> 0x0000000020001801
PTW: Step, level=1, pte=0x20001801, pte_addr=0x80007000
PTW: Start, vpn=0x140000, access_type=X, privilege=Smem[R,0x0000000080006000] -> 0x00000000200000CF
PTW: Step, level=0, pte=0x200000CF, pte_addr=0x80006000
PTW: Success, final_ppn=0x80000, level=0trapping from S to M to handle fetch-access-fault
handling exc#fetch-access-fault at priv M with tval 0x0000000140000400
CSR mstatus (0x300) <- 0x0000000A00000800
CSR mcause (0x342) <- 0x0000000000000001
CSR mtval (0x343) <- 0x0000000140000400
CSR mepc (0x341) <- 0x0000000140000400

clint mtime 0x00000000000004E4 (mip.MTI <- 0b1, mip.STI <- 0b0)
mem[X,0x0000000080001F80] -> 0x006F
mem[X,0x0000000080001F82] -> 0x1000
[2504] [M]: 0x0000000080001F80 (0x1000006F) jal x0, 0x100                           Mtrampoline+0

mem[X,0x0000000080002080] -> 0x1173
mem[X,0x0000000080002082] -> 0x3401
[2505] [M]: 0x0000000080002080 (0x34011173) csrrw x2, mscratch, x2                  trap_Mhandler+0
CSR mscratch (0x340) <- 0x0000000000000000
x2 <- 0x0000000080005000

clint mtime 0x00000000000004E5 (mip.MTI <- 0b1, mip.STI <- 0b0)
mem[X,0x0000000080002084] -> 0x3423
mem[X,0x0000000080002086] -> 0x28B1
[2506] [M]: 0x0000000080002084 (0x28B13423) sd x11, 0x288(x2)                       trap_Mhandler+4
mem[W,0x0000000080005288] <- 0x00000000000000CF

mem[X,0x0000000080002088] -> 0x05EF
mem[X,0x000000008000208A] -> 0x0B80
[2507] [M]: 0x0000000080002088 (0x0B8005EF) jal x11, 0xb8                           trap_Mhandler+8
x11 <- 0x000000008000208C

clint mtime 0x00000000000004E6 (mip.MTI <- 0b1, mip.STI <- 0b0)
mem[X,0x0000000080002140] -> 0x3023
mem[X,0x0000000080002142] -> 0x28A1
[2508] [M]: 0x0000000080002140 (0x28A13023) sd x10, 0x280(x2)                       common_Mhandler+0
mem[W,0x0000000080005280] <- 0x00000000200000CF

mem[X,0x0000000080002144] -> 0x1573
mem[X,0x0000000080002146] -> 0x3401
[2509] [M]: 0x0000000080002144 (0x34011573) csrrw x10, mscratch, x2                 common_Mhandler+4
CSR mscratch (0x340) <- 0x0000000080005000
x10 <- 0x0000000000000000

clint mtime 0x00000000000004E7 (mip.MTI <- 0b1, mip.STI <- 0b0)
mem[X,0x0000000080002148] -> 0x3823
mem[X,0x000000008000214A] -> 0x28A1
[2510] [M]: 0x0000000080002148 (0x28A13823) sd x10, 0x290(x2)                       common_Mhandler+8
mem[W,0x0000000080005290] <- 0x0000000000000000

mem[X,0x000000008000214C] -> 0x3503
mem[X,0x000000008000214E] -> 0x2301
[2511] [M]: 0x000000008000214C (0x23013503) ld x10, 0x230(x2)                       common_Mhandler+12
mem[R,0x0000000080005230] -> 0x0000000080002154
x10 <- 0x0000000080002154

clint mtime 0x00000000000004E8 (mip.MTI <- 0b1, mip.STI <- 0b0)
mem[X,0x0000000080002150] -> 0x0067
mem[X,0x0000000080002152] -> 0x0005
[2512] [M]: 0x0000000080002150 (0x00050067) jalr x0, 0x0(x10)                       common_Mhandler+16

mem[X,0x0000000080002154] -> 0x3C23
mem[X,0x0000000080002156] -> 0x2691
[2513] [M]: 0x0000000080002154 (0x26913C23) sd x9, 0x278(x2)                        common_Mentry+0
mem[W,0x0000000080005278] <- 0x00000001000001C8

clint mtime 0x00000000000004E9 (mip.MTI <- 0b1, mip.STI <- 0b0)
mem[X,0x0000000080002158] -> 0x3823
mem[X,0x000000008000215A] -> 0x2681
[2514] [M]: 0x0000000080002158 (0x26813823) sd x8, 0x270(x2)                        common_Mentry+4
mem[W,0x0000000080005270] <- 0x0000000000007F76

mem[X,0x000000008000215C] -> 0x3423
mem[X,0x000000008000215E] -> 0x2671
[2515] [M]: 0x000000008000215C (0x26713423) sd x7, 0x268(x2)                        common_Mentry+8
mem[W,0x0000000080005268] <- 0x0000000080005000

clint mtime 0x00000000000004EA (mip.MTI <- 0b1, mip.STI <- 0b0)
mem[X,0x0000000080002160] -> 0x3023
mem[X,0x0000000080002162] -> 0x2661
[2516] [M]: 0x0000000080002160 (0x26613023) sd x6, 0x260(x2)                        common_Mentry+12
mem[W,0x0000000080005260] <- 0xFFFFFFFF7FFFE92C

mem[X,0x0000000080002164] -> 0x2573
mem[X,0x0000000080002166] -> 0x3420
[2517] [M]: 0x0000000080002164 (0x34202573) csrrs x10, mcause, x0                   spcl_M2mmode_test+0
CSR mcause (0x342) -> 0x0000000000000001
x10 <- 0x0000000000000001

clint mtime 0x00000000000004EB (mip.MTI <- 0b1, mip.STI <- 0b0)
mem[X,0x0000000080002168] -> 0x04B7
mem[X,0x000000008000216A] -> 0x8000
[2518] [M]: 0x0000000080002168 (0x800004B7) lui x9, -0x80000                        spcl_M2mmode_test+4
x9 <- 0xFFFFFFFF80000000

mem[X,0x000000008000216C] -> 0x8493
mem[X,0x000000008000216E] -> 0x0004
[2519] [M]: 0x000000008000216C (0x00048493) addi x9, x9, 0x0                        spcl_M2mmode_test+8
x9 <- 0xFFFFFFFF80000000

clint mtime 0x00000000000004EC (mip.MTI <- 0b1, mip.STI <- 0b0)
mem[X,0x0000000080002170] -> 0x9493
mem[X,0x0000000080002172] -> 0x00B4
[2520] [M]: 0x0000000080002170 (0x00B49493) slli x9, x9, 0xb                        spcl_M2mmode_test+12
x9 <- 0xFFFFFC0000000000

mem[X,0x0000000080002174] -> 0x8493
mem[X,0x0000000080002176] -> 0x0004
[2521] [M]: 0x0000000080002174 (0x00048493) addi x9, x9, 0x0                        spcl_M2mmode_test+16
x9 <- 0xFFFFFC0000000000

clint mtime 0x00000000000004ED (mip.MTI <- 0b1, mip.STI <- 0b0)
mem[X,0x0000000080002178] -> 0x9493
mem[X,0x000000008000217A] -> 0x00B4
[2522] [M]: 0x0000000080002178 (0x00B49493) slli x9, x9, 0xb                        spcl_M2mmode_test+20
x9 <- 0xFFE0000000000000

mem[X,0x000000008000217C] -> 0x8493
mem[X,0x000000008000217E] -> 0x0034
[2523] [M]: 0x000000008000217C (0x00348493) addi x9, x9, 0x3                        spcl_M2mmode_test+24
x9 <- 0xFFE0000000000003

clint mtime 0x00000000000004EE (mip.MTI <- 0b1, mip.STI <- 0b0)
mem[X,0x0000000080002180] -> 0x9493
mem[X,0x0000000080002182] -> 0x00A4
[2524] [M]: 0x0000000080002180 (0x00A49493) slli x9, x9, 0xa                        spcl_M2mmode_test+28
x9 <- 0x8000000000000C00

mem[X,0x0000000080002184] -> 0x8493
mem[X,0x0000000080002186] -> 0x3FC4
[2525] [M]: 0x0000000080002184 (0x3FC48493) addi x9, x9, 0x3fc                      spcl_M2mmode_test+32
x9 <- 0x8000000000000FFC

clint mtime 0x00000000000004EF (mip.MTI <- 0b1, mip.STI <- 0b0)
mem[X,0x0000000080002188] -> 0xF4B3
mem[X,0x000000008000218A] -> 0x00A4
[2526] [M]: 0x0000000080002188 (0x00A4F4B3) and x9, x9, x10                         spcl_M2mmode_test+36
x9 <- 0x0000000000000000

mem[X,0x000000008000218C] -> 0x8493
mem[X,0x000000008000218E] -> 0xFF84
[2527] [M]: 0x000000008000218C (0xFF848493) addi x9, x9, -0x8                       spcl_M2mmode_test+40
x9 <- 0xFFFFFFFFFFFFFFF8

clint mtime 0x00000000000004F0 (mip.MTI <- 0b1, mip.STI <- 0b0)
mem[X,0x0000000080002190] -> 0x9663
mem[X,0x0000000080002192] -> 0x0004
[2528] [M]: 0x0000000080002190 (0x00049663) bne x9, x0, 0xc                         spcl_M2mmode_test+44

mem[X,0x000000008000219C] -> 0x0393
mem[X,0x000000008000219E] -> 0x0200
[2529] [M]: 0x000000008000219C (0x02000393) addi x7, x0, 0x20                       Mtrapsig_ptr_upd+0
x7 <- 0x0000000000000020

clint mtime 0x00000000000004F1 (mip.MTI <- 0b1, mip.STI <- 0b0)
mem[X,0x00000000800021A0] -> 0x5263
mem[X,0x00000000800021A2] -> 0x0405
[2530] [M]: 0x00000000800021A0 (0x04055263) bge x10, x0, 0x44                       Mtrapsig_ptr_upd+4

mem[X,0x00000000800021E4] -> 0x2373
mem[X,0x00000000800021E6] -> 0x3010
[2531] [M]: 0x00000000800021E4 (0x30102373) csrrs x6, misa, x0                      Mxcpt_sig_sv+0
CSR misa (0x301) -> 0x800000000034112F
x6 <- 0x800000000034112F

clint mtime 0x00000000000004F2 (mip.MTI <- 0b1, mip.STI <- 0b0)
mem[X,0x00000000800021E8] -> 0x1313
mem[X,0x00000000800021EA] -> 0x0383
[2532] [M]: 0x00000000800021E8 (0x03831313) slli x6, x6, 0x38                       Mxcpt_sig_sv+4
x6 <- 0x2F00000000000000

mem[X,0x00000000800021EC] -> 0x5463
mem[X,0x00000000800021EE] -> 0x0003
[2533] [M]: 0x00000000800021EC (0x00035463) bge x6, x0, 0x8                         Mxcpt_sig_sv+8

clint mtime 0x00000000000004F3 (mip.MTI <- 0b1, mip.STI <- 0b0)
mem[X,0x00000000800021F4] -> 0x3303
mem[X,0x00000000800021F6] -> 0x2181
[2534] [M]: 0x00000000800021F4 (0x21813303) ld x6, 0x218(x2)                        Mtrap_sig_sv+0
mem[R,0x0000000080005218] -> 0x0000000080009478
x6 <- 0x0000000080009478

mem[X,0x00000000800021F8] -> 0x04B3
mem[X,0x00000000800021FA] -> 0x0073
[2535] [M]: 0x00000000800021F8 (0x007304B3) add x9, x6, x7                          Mtrap_sig_sv+4
x9 <- 0x0000000080009498

clint mtime 0x00000000000004F4 (mip.MTI <- 0b1, mip.STI <- 0b0)
mem[X,0x00000000800021FC] -> 0x3C23
mem[X,0x00000000800021FE] -> 0x2091
[2536] [M]: 0x00000000800021FC (0x20913C23) sd x9, 0x218(x2)                        Mtrap_sig_sv+8
mem[W,0x0000000080005218] <- 0x0000000080009498

mem[X,0x0000000080002200] -> 0x3403
mem[X,0x0000000080002202] -> 0x1F81
[2537] [M]: 0x0000000080002200 (0x1F813403) ld x8, 0x1f8(x2)                        Mtrap_sig_sv+12
mem[R,0x00000000800051F8] -> 0x0000000080009110
x8 <- 0x0000000080009110

clint mtime 0x00000000000004F5 (mip.MTI <- 0b1, mip.STI <- 0b0)
mem[X,0x0000000080002204] -> 0x0333
mem[X,0x0000000080002206] -> 0x4083
[2538] [M]: 0x0000000080002204 (0x40830333) sub x6, x6, x8                          Mtrap_sig_sv+16
x6 <- 0x0000000000000368

mem[X,0x0000000080002208] -> 0x3403
mem[X,0x000000008000220A] -> 0x1F81
[2539] [M]: 0x0000000080002208 (0x1F813403) ld x8, 0x1f8(x2)                        Mtrap_sig_sv+20
mem[R,0x00000000800051F8] -> 0x0000000080009110
x8 <- 0x0000000080009110

clint mtime 0x00000000000004F6 (mip.MTI <- 0b1, mip.STI <- 0b0)
mem[X,0x000000008000220C] -> 0x0333
mem[X,0x000000008000220E] -> 0x0083
[2540] [M]: 0x000000008000220C (0x00830333) add x6, x6, x8                          Mtrap_sig_sv+24
x6 <- 0x0000000080009478

mem[X,0x0000000080002210] -> 0x3403
mem[X,0x0000000080002212] -> 0x2401
[2541] [M]: 0x0000000080002210 (0x24013403) ld x8, 0x240(x2)                        Mtrap_sig_sv+28
mem[R,0x0000000080005240] -> 0x0000000080001F80
x8 <- 0x0000000080001F80

clint mtime 0x00000000000004F7 (mip.MTI <- 0b1, mip.STI <- 0b0)
mem[X,0x0000000080002214] -> 0x85B3
mem[X,0x0000000080002216] -> 0x4085
[2542] [M]: 0x0000000080002214 (0x408585B3) sub x11, x11, x8                        sv_Mvect+0
x11 <- 0x000000000000010C

mem[X,0x0000000080002218] -> 0x9593
mem[X,0x000000008000221A] -> 0x0045
[2543] [M]: 0x0000000080002218 (0x00459593) slli x11, x11, 0x4                      sv_Mvect+4
x11 <- 0x00000000000010C0

clint mtime 0x00000000000004F8 (mip.MTI <- 0b1, mip.STI <- 0b0)
mem[X,0x000000008000221C] -> 0xE5B3
mem[X,0x000000008000221E] -> 0x0075
[2544] [M]: 0x000000008000221C (0x0075E5B3) or x11, x11, x7                         sv_Mvect+8
x11 <- 0x00000000000010E0

mem[X,0x0000000080002220] -> 0x8593
mem[X,0x0000000080002222] -> 0x0035
[2545] [M]: 0x0000000080002220 (0x00358593) addi x11, x11, 0x3                      sv_Mvect+12
x11 <- 0x00000000000010E3

clint mtime 0x00000000000004F9 (mip.MTI <- 0b1, mip.STI <- 0b0)
mem[X,0x0000000080002224] -> 0x3023
mem[X,0x0000000080002226] -> 0x00B3
[2546] [M]: 0x0000000080002224 (0x00B33023) sd x11, 0x0(x6)                         sv_Mvect+16
mem[W,0x0000000080009478] <- 0x00000000000010E3

mem[X,0x0000000080002228] -> 0x3423
mem[X,0x000000008000222A] -> 0x00A3
[2547] [M]: 0x0000000080002228 (0x00A33423) sd x10, 0x8(x6)                         sv_Mcause+0
mem[W,0x0000000080009480] <- 0x0000000000000001

clint mtime 0x00000000000004FA (mip.MTI <- 0b1, mip.STI <- 0b0)
mem[X,0x000000008000222C] -> 0x4663
mem[X,0x000000008000222E] -> 0x1A05
[2548] [M]: 0x000000008000222C (0x1A054663) blt x10, x0, 0x1ac                      sv_Mcause+4

mem[X,0x0000000080002230] -> 0x25F3
mem[X,0x0000000080002232] -> 0x3000
[2549] [M]: 0x0000000080002230 (0x300025F3) csrrs x11, mstatus, x0                  common_Mexcpt_handler+0
CSR mstatus (0x300) -> 0x0000000A00000800
x11 <- 0x0000000A00000800

clint mtime 0x00000000000004FB (mip.MTI <- 0b1, mip.STI <- 0b0)
mem[X,0x0000000080002234] -> 0x9413
mem[X,0x0000000080002236] -> 0x02E5
[2550] [M]: 0x0000000080002234 (0x02E59413) slli x8, x11, 0x2e                      common_Mexcpt_handler+4
x8 <- 0x0200000000000000

mem[X,0x0000000080002238] -> 0x5463
mem[X,0x000000008000223A] -> 0x0004
[2551] [M]: 0x0000000080002238 (0x00045463) bge x8, x0, 0x8                         common_Mexcpt_handler+8

clint mtime 0x00000000000004FC (mip.MTI <- 0b1, mip.STI <- 0b0)
mem[X,0x0000000080002240] -> 0xD493
mem[X,0x0000000080002242] -> 0x00B5
[2552] [M]: 0x0000000080002240 (0x00B5D493) srli x9, x11, 0xb                       common_Mexcpt_handler+16
x9 <- 0x0000000001400001

mem[X,0x0000000080002244] -> 0xF493
mem[X,0x0000000080002246] -> 0x0034
[2553] [M]: 0x0000000080002244 (0x0034F493) andi x9, x9, 0x3                        common_Mexcpt_handler+20
x9 <- 0x0000000000000001

clint mtime 0x00000000000004FD (mip.MTI <- 0b1, mip.STI <- 0b0)
mem[X,0x0000000080002248] -> 0x8493
mem[X,0x000000008000224A] -> 0x0014
[2554] [M]: 0x0000000080002248 (0x00148493) addi x9, x9, 0x1                        common_Mexcpt_handler+24
x9 <- 0x0000000000000002

mem[X,0x000000008000224C] -> 0xF493
mem[X,0x000000008000224E] -> 0x0044
[2555] [M]: 0x000000008000224C (0x0044F493) andi x9, x9, 0x4                        common_Mexcpt_handler+28
x9 <- 0x0000000000000000

clint mtime 0x00000000000004FE (mip.MTI <- 0b1, mip.STI <- 0b0)
mem[X,0x0000000080002250] -> 0x0593
mem[X,0x0000000080002252] -> 0x05D0
[2556] [M]: 0x0000000080002250 (0x05D00593) addi x11, x0, 0x5d                      common_Mexcpt_handler+32
x11 <- 0x000000000000005D

mem[X,0x0000000080002254] -> 0xD5B3
mem[X,0x0000000080002256] -> 0x0095
[2557] [M]: 0x0000000080002254 (0x0095D5B3) srl x11, x11, x9                        common_Mexcpt_handler+36
x11 <- 0x000000000000005D

clint mtime 0x00000000000004FF (mip.MTI <- 0b1, mip.STI <- 0b0)
mem[X,0x0000000080002258] -> 0xF593
mem[X,0x000000008000225A] -> 0x0015
[2558] [M]: 0x0000000080002258 (0x0015F593) andi x11, x11, 0x1                      common_Mexcpt_handler+40
x11 <- 0x0000000000000001

mem[X,0x000000008000225C] -> 0x8EE3
mem[X,0x000000008000225E] -> 0xF405
[2559] [M]: 0x000000008000225C (0xF4058EE3) beq x11, x0, -0xa4                      common_Mexcpt_handler+44

clint mtime 0x0000000000000500 (mip.MTI <- 0b1, mip.STI <- 0b0)
mem[X,0x0000000080002260] -> 0x0593
mem[X,0x0000000080002262] -> 0x2980
[2560] [M]: 0x0000000080002260 (0x29800593) addi x11, x0, 0x298                     common_Mexcpt_handler+48
x11 <- 0x0000000000000298

mem[X,0x0000000080002264] -> 0xF413
mem[X,0x0000000080002266] -> 0x0014
[2561] [M]: 0x0000000080002264 (0x0014F413) andi x8, x9, 0x1                        common_Mexcpt_handler+52
x8 <- 0x0000000000000000

clint mtime 0x0000000000000501 (mip.MTI <- 0b1, mip.STI <- 0b0)
mem[X,0x0000000080002268] -> 0x95B3
mem[X,0x000000008000226A] -> 0x0085
[2562] [M]: 0x0000000080002268 (0x008595B3) sll x11, x11, x8                        common_Mexcpt_handler+56
x11 <- 0x0000000000000298

mem[X,0x000000008000226C] -> 0x9413
mem[X,0x000000008000226E] -> 0x03D4
[2563] [M]: 0x000000008000226C (0x03D49413) slli x8, x9, 0x3d                       common_Mexcpt_handler+60
x8 <- 0x0000000000000000

clint mtime 0x0000000000000502 (mip.MTI <- 0b1, mip.STI <- 0b0)
mem[X,0x0000000080002270] -> 0x5413
mem[X,0x0000000080002272] -> 0x43F4
[2564] [M]: 0x0000000080002270 (0x43F45413) srai x8, x8, 0x3f                       common_Mexcpt_handler+64
x8 <- 0x0000000000000000

mem[X,0x0000000080002274] -> 0x4413
mem[X,0x0000000080002276] -> 0xFFF4
[2565] [M]: 0x0000000080002274 (0xFFF44413) xori x8, x8, -0x1                       common_Mexcpt_handler+68
x8 <- 0xFFFFFFFFFFFFFFFF

clint mtime 0x0000000000000503 (mip.MTI <- 0b1, mip.STI <- 0b0)
mem[X,0x0000000080002278] -> 0xF4B3
mem[X,0x000000008000227A] -> 0x0085
[2566] [M]: 0x0000000080002278 (0x0085F4B3) and x9, x11, x8                         common_Mexcpt_handler+72
x9 <- 0x0000000000000298

mem[X,0x000000008000227C] -> 0x84B3
mem[X,0x000000008000227E] -> 0x0024
[2567] [M]: 0x000000008000227C (0x002484B3) add x9, x9, x2                          vmem_adj_Mepc+0
x9 <- 0x0000000080005298

clint mtime 0x0000000000000504 (mip.MTI <- 0b1, mip.STI <- 0b0)
mem[X,0x0000000080002280] -> 0x23F3
mem[X,0x0000000080002282] -> 0x3410
[2568] [M]: 0x0000000080002280 (0x341023F3) csrrs x7, mepc, x0                      vmem_adj_Mepc+4
CSR mepc (0x341) -> 0x0000000140000400
x7 <- 0x0000000140000400

mem[X,0x0000000080002284] -> 0x0413
mem[X,0x0000000080002286] -> 0x0004
[2569] [M]: 0x0000000080002284 (0x00040413) addi x8, x8, 0x0                        vmem_adj_Mepc+8
x8 <- 0xFFFFFFFFFFFFFFFF

clint mtime 0x0000000000000505 (mip.MTI <- 0b1, mip.STI <- 0b0)
mem[X,0x0000000080002288] -> 0x006F
mem[X,0x000000008000228A] -> 0x0400
[2570] [M]: 0x0000000080002288 (0x0400006F) jal x0, 0x40                            vmem_adj_Mepc+12

mem[X,0x00000000800022C8] -> 0x8433
mem[X,0x00000000800022CA] -> 0x4083
[2571] [M]: 0x00000000800022C8 (0x40838433) sub x8, x7, x8                          adj_Mepc+0
x8 <- 0x0000000140000401

clint mtime 0x0000000000000506 (mip.MTI <- 0b1, mip.STI <- 0b0)
mem[X,0x00000000800022CC] -> 0x3823
mem[X,0x00000000800022CE] -> 0x0083
[2572] [M]: 0x00000000800022CC (0x00833823) sd x8, 0x10(x6)                         sv_Mepc+0
mem[W,0x0000000080009488] <- 0x0000000140000401

mem[X,0x00000000800022D0] -> 0x55B7
mem[X,0x00000000800022D2] -> 0x0000
[2573] [M]: 0x00000000800022D0 (0x000055B7) lui x11, 0x5                            sv_Mepc+4
x11 <- 0x0000000000005000

clint mtime 0x0000000000000507 (mip.MTI <- 0b1, mip.STI <- 0b0)
mem[X,0x00000000800022D4] -> 0x8593
mem[X,0x00000000800022D6] -> 0x6675
[2574] [M]: 0x00000000800022D4 (0x66758593) addi x11, x11, 0x667                    sv_Mepc+8
x11 <- 0x0000000000005667

mem[X,0x00000000800022D8] -> 0x9593
mem[X,0x00000000800022DA] -> 0x0015
[2575] [M]: 0x00000000800022D8 (0x00159593) slli x11, x11, 0x1                      sv_Mepc+12
x11 <- 0x000000000000ACCE

clint mtime 0x0000000000000508 (mip.MTI <- 0b1, mip.STI <- 0b0)
mem[X,0x00000000800022DC] -> 0x9063
mem[X,0x00000000800022DE] -> 0x02B1
[2576] [M]: 0x00000000800022DC (0x02B19063) bne x3, x11, 0x20                       sv_Mepc+16

mem[X,0x00000000800022E0] -> 0x2473
mem[X,0x00000000800022E2] -> 0x3420
[2577] [M]: 0x00000000800022E0 (0x34202473) csrrs x8, mcause, x0                    sv_Mepc+20
CSR mcause (0x342) -> 0x0000000000000001
x8 <- 0x0000000000000001

clint mtime 0x0000000000000509 (mip.MTI <- 0b1, mip.STI <- 0b0)
mem[X,0x00000000800022E4] -> 0x0593
mem[X,0x00000000800022E6] -> 0x00C0
[2578] [M]: 0x00000000800022E4 (0x00C00593) addi x11, x0, 0xc                       sv_Mepc+24
x11 <- 0x000000000000000C

mem[X,0x00000000800022E8] -> 0x0663
mem[X,0x00000000800022EA] -> 0x00B4
[2579] [M]: 0x00000000800022E8 (0x00B40663) beq x8, x11, 0xc                        sv_Mepc+28

clint mtime 0x000000000000050A (mip.MTI <- 0b1, mip.STI <- 0b0)
mem[X,0x00000000800022EC] -> 0x0593
mem[X,0x00000000800022EE] -> 0x0010
[2580] [M]: 0x00000000800022EC (0x00100593) addi x11, x0, 0x1                       sv_Mepc+32
x11 <- 0x0000000000000001

mem[X,0x00000000800022F0] -> 0x1663
mem[X,0x00000000800022F2] -> 0x00B4
[2581] [M]: 0x00000000800022F0 (0x00B41663) bne x8, x11, 0xc                        sv_Mepc+36

clint mtime 0x000000000000050B (mip.MTI <- 0b1, mip.STI <- 0b0)
mem[X,0x00000000800022F4] -> 0x1073
mem[X,0x00000000800022F6] -> 0x3412
[2582] [M]: 0x00000000800022F4 (0x34121073) csrrw x0, mepc, x4                      sv_Mepc+40
CSR mepc (0x341) <- 0x000000018000190C

mem[X,0x00000000800022F8] -> 0x006F
mem[X,0x00000000800022FA] -> 0x0100
[2583] [M]: 0x00000000800022F8 (0x0100006F) jal x0, 0x10                            sv_Mepc+44

clint mtime 0x000000000000050C (mip.MTI <- 0b1, mip.STI <- 0b0)
mem[X,0x0000000080002308] -> 0x23F3
mem[X,0x000000008000230A] -> 0x3430
[2584] [M]: 0x0000000080002308 (0x343023F3) csrrs x7, mtval, x0                     skp_adj_Mepc+0
CSR mtval (0x343) -> 0x0000000140000400
x7 <- 0x0000000140000400

mem[X,0x000000008000230C] -> 0x0413
mem[X,0x000000008000230E] -> 0x0004
[2585] [M]: 0x000000008000230C (0x00040413) addi x8, x8, 0x0                        skp_adj_Mepc+4
x8 <- 0x0000000000000001

clint mtime 0x000000000000050D (mip.MTI <- 0b1, mip.STI <- 0b0)
mem[X,0x0000000080002310] -> 0x006F
mem[X,0x0000000080002312] -> 0x0840
[2586] [M]: 0x0000000080002310 (0x0840006F) jal x0, 0x84                            skp_adj_Mepc+8

mem[X,0x0000000080002394] -> 0x8433
mem[X,0x0000000080002396] -> 0x4083
[2587] [M]: 0x0000000080002394 (0x40838433) sub x8, x7, x8                          adj_Mtval+0
x8 <- 0x00000001400003FF

clint mtime 0x000000000000050E (mip.MTI <- 0b1, mip.STI <- 0b0)
mem[X,0x0000000080002398] -> 0x3C23
mem[X,0x000000008000239A] -> 0x0083
[2588] [M]: 0x0000000080002398 (0x00833C23) sd x8, 0x18(x6)                         sv_Mtval+0
mem[W,0x0000000080009490] <- 0x00000001400003FF

mem[X,0x000000008000239C] -> 0x3483
mem[X,0x000000008000239E] -> 0x2181
[2589] [M]: 0x000000008000239C (0x21813483) ld x9, 0x218(x2)                        skp_Mtval+0
mem[R,0x0000000080005218] -> 0x0000000080009498
x9 <- 0x0000000080009498

clint mtime 0x000000000000050F (mip.MTI <- 0b1, mip.STI <- 0b0)
mem[X,0x00000000800023A0] -> 0x3383
mem[X,0x00000000800023A2] -> 0x1F81
[2590] [M]: 0x00000000800023A0 (0x1F813383) ld x7, 0x1f8(x2)                        skp_Mtval+4
mem[R,0x00000000800051F8] -> 0x0000000080009110
x7 <- 0x0000000080009110

mem[X,0x00000000800023A4] -> 0x3303
mem[X,0x00000000800023A6] -> 0x2001
[2591] [M]: 0x00000000800023A4 (0x20013303) ld x6, 0x200(x2)                        skp_Mtval+8
mem[R,0x0000000080005200] -> 0x0000000000000410
x6 <- 0x0000000000000410

clint mtime 0x0000000000000510 (mip.MTI <- 0b1, mip.STI <- 0b0)
mem[X,0x00000000800023A8] -> 0x0333
mem[X,0x00000000800023AA] -> 0x0073
[2592] [M]: 0x00000000800023A8 (0x00730333) add x6, x6, x7                          skp_Mtval+12
x6 <- 0x0000000080009520

mem[X,0x00000000800023AC] -> 0x6AE3
mem[X,0x00000000800023AE] -> 0xAE93
[2593] [M]: 0x00000000800023AC (0xAE936AE3) bltu x6, x9, -0x50c                     skp_Mtval+16

clint mtime 0x0000000000000511 (mip.MTI <- 0b1, mip.STI <- 0b0)
mem[X,0x00000000800023B0] -> 0x0393
mem[X,0x00000000800023B2] -> 0x2000
[2594] [M]: 0x00000000800023B0 (0x20000393) addi x7, x0, 0x200                      skp_Mtval+20
x7 <- 0x0000000000000200

mem[X,0x00000000800023B4] -> 0x006F
mem[X,0x00000000800023B6] -> 0x0400
[2595] [M]: 0x00000000800023B4 (0x0400006F) jal x0, 0x40                            skp_Mtval+24

clint mtime 0x0000000000000512 (mip.MTI <- 0b1, mip.STI <- 0b0)
mem[X,0x00000000800023F4] -> 0x0417
mem[X,0x00000000800023F6] -> 0x0000
[2596] [M]: 0x00000000800023F4 (0x00000417) auipc x8, 0x0                           spcl_Mhandler+0
x8 <- 0x00000000800023F4

mem[X,0x00000000800023F8] -> 0x0413
mem[X,0x00000000800023FA] -> 0x03C4
[2597] [M]: 0x00000000800023F8 (0x03C40413) addi x8, x8, 0x3c                       spcl_Mhandler+4
x8 <- 0x0000000080002430

clint mtime 0x0000000000000513 (mip.MTI <- 0b1, mip.STI <- 0b0)
mem[X,0x00000000800023FC] -> 0x0433
mem[X,0x00000000800023FE] -> 0x0074
[2598] [M]: 0x00000000800023FC (0x00740433) add x8, x8, x7                          spcl_Mhandler+8
x8 <- 0x0000000080002630

mem[X,0x0000000080002400] -> 0x1393
mem[X,0x0000000080002402] -> 0x0035
[2599] [M]: 0x0000000080002400 (0x00351393) slli x7, x10, 0x3                       spcl_Mhandler+12
x7 <- 0x0000000000000008

clint mtime 0x0000000000000514 (mip.MTI <- 0b1, mip.STI <- 0b0)
mem[X,0x0000000080002404] -> 0x0433
mem[X,0x0000000080002406] -> 0x0074
[2600] [M]: 0x0000000080002404 (0x00740433) add x8, x8, x7                          spcl_Mhandler+16
x8 <- 0x0000000080002638

mem[X,0x0000000080002408] -> 0x7413
mem[X,0x000000008000240A] -> 0xFF84
[2601] [M]: 0x0000000080002408 (0xFF847413) andi x8, x8, -0x8                       spcl_Mhandler+20
x8 <- 0x0000000080002638

clint mtime 0x0000000000000515 (mip.MTI <- 0b1, mip.STI <- 0b0)
mem[X,0x000000008000240C] -> 0x3403
mem[X,0x000000008000240E] -> 0x0004
[2602] [M]: 0x000000008000240C (0x00043403) ld x8, 0x0(x8)                          spcl_Mhandler+24
mem[R,0x0000000080002638] -> 0x0000000000000003
x8 <- 0x0000000000000003

mem[X,0x0000000080002410] -> 0x02E3
mem[X,0x0000000080002412] -> 0xB204
[2603] [M]: 0x0000000080002410 (0xB20402E3) beq x8, x0, -0x4dc                      spcl_Mdispatch_hndling+0

clint mtime 0x0000000000000516 (mip.MTI <- 0b1, mip.STI <- 0b0)
mem[X,0x0000000080002414] -> 0x1393
mem[X,0x0000000080002416] -> 0x03F4
[2604] [M]: 0x0000000080002414 (0x03F41393) slli x7, x8, 0x3f                       spcl_Mdispatch_hndling+4
x7 <- 0x8000000000000000

mem[X,0x0000000080002418] -> 0xD863
mem[X,0x000000008000241A] -> 0x0003
[2605] [M]: 0x0000000080002418 (0x0003D863) bge x7, x0, 0x10                        spcl_Mdispatch_hndling+8

clint mtime 0x0000000000000517 (mip.MTI <- 0b1, mip.STI <- 0b0)
mem[X,0x000000008000241C] -> 0x5413
mem[X,0x000000008000241E] -> 0x0014
[2606] [M]: 0x000000008000241C (0x00145413) srli x8, x8, 0x1                        spcl_Mdispatch_hndling+12
x8 <- 0x0000000000000001

mem[X,0x0000000080002420] -> 0x0CE3
mem[X,0x0000000080002422] -> 0xF885
[2607] [M]: 0x0000000080002420 (0xF8850CE3) beq x10, x8, -0x68                      spcl_Mdispatch_hndling+16

clint mtime 0x0000000000000518 (mip.MTI <- 0b1, mip.STI <- 0b0)
mem[X,0x00000000800023B8] -> 0x3303
mem[X,0x00000000800023BA] -> 0x2601
[2608] [M]: 0x00000000800023B8 (0x26013303) ld x6, 0x260(x2)                        resto_Mrtn+0
mem[R,0x0000000080005260] -> 0xFFFFFFFF7FFFE92C
x6 <- 0xFFFFFFFF7FFFE92C

mem[X,0x00000000800023BC] -> 0x3383
mem[X,0x00000000800023BE] -> 0x2681
[2609] [M]: 0x00000000800023BC (0x26813383) ld x7, 0x268(x2)                        resto_Mrtn+4
mem[R,0x0000000080005268] -> 0x0000000080005000
x7 <- 0x0000000080005000

clint mtime 0x0000000000000519 (mip.MTI <- 0b1, mip.STI <- 0b0)
mem[X,0x00000000800023C0] -> 0x3403
mem[X,0x00000000800023C2] -> 0x2701
[2610] [M]: 0x00000000800023C0 (0x27013403) ld x8, 0x270(x2)                        resto_Mrtn+8
mem[R,0x0000000080005270] -> 0x0000000000007F76
x8 <- 0x0000000000007F76

mem[X,0x00000000800023C4] -> 0x3483
mem[X,0x00000000800023C6] -> 0x2781
[2611] [M]: 0x00000000800023C4 (0x27813483) ld x9, 0x278(x2)                        resto_Mrtn+12
mem[R,0x0000000080005278] -> 0x00000001000001C8
x9 <- 0x00000001000001C8

clint mtime 0x000000000000051A (mip.MTI <- 0b1, mip.STI <- 0b0)
mem[X,0x00000000800023C8] -> 0x3503
mem[X,0x00000000800023CA] -> 0x2801
[2612] [M]: 0x00000000800023C8 (0x28013503) ld x10, 0x280(x2)                       resto_Mrtn+16
mem[R,0x0000000080005280] -> 0x00000000200000CF
x10 <- 0x00000000200000CF

mem[X,0x00000000800023CC] -> 0x3583
mem[X,0x00000000800023CE] -> 0x2881
[2613] [M]: 0x00000000800023CC (0x28813583) ld x11, 0x288(x2)                       resto_Mrtn+20
mem[R,0x0000000080005288] -> 0x00000000000000CF
x11 <- 0x00000000000000CF

clint mtime 0x000000000000051B (mip.MTI <- 0b1, mip.STI <- 0b0)
mem[X,0x00000000800023D0] -> 0x3103
mem[X,0x00000000800023D2] -> 0x2901
[2614] [M]: 0x00000000800023D0 (0x29013103) ld x2, 0x290(x2)                        resto_Mrtn+24
mem[R,0x0000000080005290] -> 0x0000000000000000
x2 <- 0x0000000000000000

mem[X,0x00000000800023D4] -> 0x0073
mem[X,0x00000000800023D6] -> 0x3020
[2615] [M]: 0x00000000800023D4 (0x30200073) mret                                    resto_Mrtn+28
CSR mstatus (0x300) <- 0x0000000A00000080
ret-ing from M to S

clint mtime 0x000000000000051C (mip.MTI <- 0b1, mip.STI <- 0b0)
PTW: Start, vpn=0x180001, access_type=X, privilege=Smem[R,0x0000000080008030] -> 0x00000000200000CB
PTW: Step, level=2, pte=0x200000CB, pte_addr=0x80008030
PTW: Success, final_ppn=0x80001, level=2mem[X,0x000000008000190C] -> 0x0013
PTW: Start, vpn=0x180001, access_type=X, privilege=Smem[R,0x0000000080008030] -> 0x00000000200000CB
PTW: Step, level=2, pte=0x200000CB, pte_addr=0x80008030
PTW: Success, final_ppn=0x80001, level=2mem[X,0x000000008000190E] -> 0x0000
[2616] [S]: 0x000000018000190C (0x00000013) addi x0, x0, 0x0                        va_rvtest_code_begin+3440

PTW: Start, vpn=0x180001, access_type=X, privilege=Smem[R,0x0000000080008030] -> 0x00000000200000CB
PTW: Step, level=2, pte=0x200000CB, pte_addr=0x80008030
PTW: Success, final_ppn=0x80001, level=2mem[X,0x0000000080001910] -> 0x0013
PTW: Start, vpn=0x180001, access_type=X, privilege=Smem[R,0x0000000080008030] -> 0x00000000200000CB
PTW: Step, level=2, pte=0x200000CB, pte_addr=0x80008030
PTW: Success, final_ppn=0x80001, level=2mem[X,0x0000000080001912] -> 0x0000
[2617] [S]: 0x0000000180001910 (0x00000013) addi x0, x0, 0x0                        va_rvtest_code_begin+3444

clint mtime 0x000000000000051D (mip.MTI <- 0b1, mip.STI <- 0b0)
PTW: Start, vpn=0x180001, access_type=X, privilege=Smem[R,0x0000000080008030] -> 0x00000000200000CB
PTW: Step, level=2, pte=0x200000CB, pte_addr=0x80008030
PTW: Success, final_ppn=0x80001, level=2mem[X,0x0000000080001914] -> 0x0013
PTW: Start, vpn=0x180001, access_type=X, privilege=Smem[R,0x0000000080008030] -> 0x00000000200000CB
PTW: Step, level=2, pte=0x200000CB, pte_addr=0x80008030
PTW: Success, final_ppn=0x80001, level=2mem[X,0x0000000080001916] -> 0x0000
[2618] [S]: 0x0000000180001914 (0x00000013) addi x0, x0, 0x0                        va_rvtest_code_begin+3448

PTW: Start, vpn=0x180001, access_type=X, privilege=Smem[R,0x0000000080008030] -> 0x00000000200000CB
PTW: Step, level=2, pte=0x200000CB, pte_addr=0x80008030
PTW: Success, final_ppn=0x80001, level=2mem[X,0x0000000080001918] -> 0x0113
PTW: Start, vpn=0x180001, access_type=X, privilege=Smem[R,0x0000000080008030] -> 0x00000000200000CB
PTW: Step, level=2, pte=0x200000CB, pte_addr=0x80008030
PTW: Success, final_ppn=0x80001, level=2mem[X,0x000000008000191A] -> 0x0000
[2619] [S]: 0x0000000180001918 (0x00000113) addi x2, x0, 0x0                        va_rvtest_code_begin+3452
x2 <- 0x0000000000000000

clint mtime 0x000000000000051E (mip.MTI <- 0b1, mip.STI <- 0b0)
PTW: Start, vpn=0x180001, access_type=X, privilege=Smem[R,0x0000000080008030] -> 0x00000000200000CB
PTW: Step, level=2, pte=0x200000CB, pte_addr=0x80008030
PTW: Success, final_ppn=0x80001, level=2mem[X,0x000000008000191C] -> 0x0073
PTW: Start, vpn=0x180001, access_type=X, privilege=Smem[R,0x0000000080008030] -> 0x00000000200000CB
PTW: Step, level=2, pte=0x200000CB, pte_addr=0x80008030
PTW: Success, final_ppn=0x80001, level=2mem[X,0x000000008000191E] -> 0x0000
[2620] [S]: 0x000000018000191C (0x00000073) ecall                                   va_rvtest_code_begin+3456
trapping from S to M to handle s-call
handling exc#s-call at priv M with tval 0x0000000000000000
CSR mstatus (0x300) <- 0x0000000A00000800
CSR mcause (0x342) <- 0x0000000000000009
CSR mtval (0x343) <- 0x0000000000000000
CSR mepc (0x341) <- 0x000000018000191C

mem[X,0x0000000080001F80] -> 0x006F
mem[X,0x0000000080001F82] -> 0x1000
[2621] [M]: 0x0000000080001F80 (0x1000006F) jal x0, 0x100                           Mtrampoline+0

clint mtime 0x000000000000051F (mip.MTI <- 0b1, mip.STI <- 0b0)
mem[X,0x0000000080002080] -> 0x1173
mem[X,0x0000000080002082] -> 0x3401
[2622] [M]: 0x0000000080002080 (0x34011173) csrrw x2, mscratch, x2                  trap_Mhandler+0
CSR mscratch (0x340) <- 0x0000000000000000
x2 <- 0x0000000080005000

mem[X,0x0000000080002084] -> 0x3423
mem[X,0x0000000080002086] -> 0x28B1
[2623] [M]: 0x0000000080002084 (0x28B13423) sd x11, 0x288(x2)                       trap_Mhandler+4
mem[W,0x0000000080005288] <- 0x00000000000000CF

clint mtime 0x0000000000000520 (mip.MTI <- 0b1, mip.STI <- 0b0)
mem[X,0x0000000080002088] -> 0x05EF
mem[X,0x000000008000208A] -> 0x0B80
[2624] [M]: 0x0000000080002088 (0x0B8005EF) jal x11, 0xb8                           trap_Mhandler+8
x11 <- 0x000000008000208C

mem[X,0x0000000080002140] -> 0x3023
mem[X,0x0000000080002142] -> 0x28A1
[2625] [M]: 0x0000000080002140 (0x28A13023) sd x10, 0x280(x2)                       common_Mhandler+0
mem[W,0x0000000080005280] <- 0x00000000200000CF

clint mtime 0x0000000000000521 (mip.MTI <- 0b1, mip.STI <- 0b0)
mem[X,0x0000000080002144] -> 0x1573
mem[X,0x0000000080002146] -> 0x3401
[2626] [M]: 0x0000000080002144 (0x34011573) csrrw x10, mscratch, x2                 common_Mhandler+4
CSR mscratch (0x340) <- 0x0000000080005000
x10 <- 0x0000000000000000

mem[X,0x0000000080002148] -> 0x3823
mem[X,0x000000008000214A] -> 0x28A1
[2627] [M]: 0x0000000080002148 (0x28A13823) sd x10, 0x290(x2)                       common_Mhandler+8
mem[W,0x0000000080005290] <- 0x0000000000000000

clint mtime 0x0000000000000522 (mip.MTI <- 0b1, mip.STI <- 0b0)
mem[X,0x000000008000214C] -> 0x3503
mem[X,0x000000008000214E] -> 0x2301
[2628] [M]: 0x000000008000214C (0x23013503) ld x10, 0x230(x2)                       common_Mhandler+12
mem[R,0x0000000080005230] -> 0x0000000080002154
x10 <- 0x0000000080002154

mem[X,0x0000000080002150] -> 0x0067
mem[X,0x0000000080002152] -> 0x0005
[2629] [M]: 0x0000000080002150 (0x00050067) jalr x0, 0x0(x10)                       common_Mhandler+16

clint mtime 0x0000000000000523 (mip.MTI <- 0b1, mip.STI <- 0b0)
mem[X,0x0000000080002154] -> 0x3C23
mem[X,0x0000000080002156] -> 0x2691
[2630] [M]: 0x0000000080002154 (0x26913C23) sd x9, 0x278(x2)                        common_Mentry+0
mem[W,0x0000000080005278] <- 0x00000001000001C8

mem[X,0x0000000080002158] -> 0x3823
mem[X,0x000000008000215A] -> 0x2681
[2631] [M]: 0x0000000080002158 (0x26813823) sd x8, 0x270(x2)                        common_Mentry+4
mem[W,0x0000000080005270] <- 0x0000000000007F76

clint mtime 0x0000000000000524 (mip.MTI <- 0b1, mip.STI <- 0b0)
mem[X,0x000000008000215C] -> 0x3423
mem[X,0x000000008000215E] -> 0x2671
[2632] [M]: 0x000000008000215C (0x26713423) sd x7, 0x268(x2)                        common_Mentry+8
mem[W,0x0000000080005268] <- 0x0000000080005000

mem[X,0x0000000080002160] -> 0x3023
mem[X,0x0000000080002162] -> 0x2661
[2633] [M]: 0x0000000080002160 (0x26613023) sd x6, 0x260(x2)                        common_Mentry+12
mem[W,0x0000000080005260] <- 0xFFFFFFFF7FFFE92C

clint mtime 0x0000000000000525 (mip.MTI <- 0b1, mip.STI <- 0b0)
mem[X,0x0000000080002164] -> 0x2573
mem[X,0x0000000080002166] -> 0x3420
[2634] [M]: 0x0000000080002164 (0x34202573) csrrs x10, mcause, x0                   spcl_M2mmode_test+0
CSR mcause (0x342) -> 0x0000000000000009
x10 <- 0x0000000000000009

mem[X,0x0000000080002168] -> 0x04B7
mem[X,0x000000008000216A] -> 0x8000
[2635] [M]: 0x0000000080002168 (0x800004B7) lui x9, -0x80000                        spcl_M2mmode_test+4
x9 <- 0xFFFFFFFF80000000

clint mtime 0x0000000000000526 (mip.MTI <- 0b1, mip.STI <- 0b0)
mem[X,0x000000008000216C] -> 0x8493
mem[X,0x000000008000216E] -> 0x0004
[2636] [M]: 0x000000008000216C (0x00048493) addi x9, x9, 0x0                        spcl_M2mmode_test+8
x9 <- 0xFFFFFFFF80000000

mem[X,0x0000000080002170] -> 0x9493
mem[X,0x0000000080002172] -> 0x00B4
[2637] [M]: 0x0000000080002170 (0x00B49493) slli x9, x9, 0xb                        spcl_M2mmode_test+12
x9 <- 0xFFFFFC0000000000

clint mtime 0x0000000000000527 (mip.MTI <- 0b1, mip.STI <- 0b0)
mem[X,0x0000000080002174] -> 0x8493
mem[X,0x0000000080002176] -> 0x0004
[2638] [M]: 0x0000000080002174 (0x00048493) addi x9, x9, 0x0                        spcl_M2mmode_test+16
x9 <- 0xFFFFFC0000000000

mem[X,0x0000000080002178] -> 0x9493
mem[X,0x000000008000217A] -> 0x00B4
[2639] [M]: 0x0000000080002178 (0x00B49493) slli x9, x9, 0xb                        spcl_M2mmode_test+20
x9 <- 0xFFE0000000000000

clint mtime 0x0000000000000528 (mip.MTI <- 0b1, mip.STI <- 0b0)
mem[X,0x000000008000217C] -> 0x8493
mem[X,0x000000008000217E] -> 0x0034
[2640] [M]: 0x000000008000217C (0x00348493) addi x9, x9, 0x3                        spcl_M2mmode_test+24
x9 <- 0xFFE0000000000003

mem[X,0x0000000080002180] -> 0x9493
mem[X,0x0000000080002182] -> 0x00A4
[2641] [M]: 0x0000000080002180 (0x00A49493) slli x9, x9, 0xa                        spcl_M2mmode_test+28
x9 <- 0x8000000000000C00

clint mtime 0x0000000000000529 (mip.MTI <- 0b1, mip.STI <- 0b0)
mem[X,0x0000000080002184] -> 0x8493
mem[X,0x0000000080002186] -> 0x3FC4
[2642] [M]: 0x0000000080002184 (0x3FC48493) addi x9, x9, 0x3fc                      spcl_M2mmode_test+32
x9 <- 0x8000000000000FFC

mem[X,0x0000000080002188] -> 0xF4B3
mem[X,0x000000008000218A] -> 0x00A4
[2643] [M]: 0x0000000080002188 (0x00A4F4B3) and x9, x9, x10                         spcl_M2mmode_test+36
x9 <- 0x0000000000000008

clint mtime 0x000000000000052A (mip.MTI <- 0b1, mip.STI <- 0b0)
mem[X,0x000000008000218C] -> 0x8493
mem[X,0x000000008000218E] -> 0xFF84
[2644] [M]: 0x000000008000218C (0xFF848493) addi x9, x9, -0x8                       spcl_M2mmode_test+40
x9 <- 0x0000000000000000

mem[X,0x0000000080002190] -> 0x9663
mem[X,0x0000000080002192] -> 0x0004
[2645] [M]: 0x0000000080002190 (0x00049663) bne x9, x0, 0xc                         spcl_M2mmode_test+44

clint mtime 0x000000000000052B (mip.MTI <- 0b1, mip.STI <- 0b0)
mem[X,0x0000000080002194] -> 0x3383
mem[X,0x0000000080002196] -> 0x2901
[2646] [M]: 0x0000000080002194 (0x29013383) ld x7, 0x290(x2)                        spcl_M2mmode_test+48
mem[R,0x0000000080005290] -> 0x0000000000000000
x7 <- 0x0000000000000000

mem[X,0x0000000080002198] -> 0x8663
mem[X,0x000000008000219A] -> 0x6E03
[2647] [M]: 0x0000000080002198 (0x6E038663) beq x7, x0, 0x6ec                       spcl_M2mmode_test+52

clint mtime 0x000000000000052C (mip.MTI <- 0b1, mip.STI <- 0b0)
mem[X,0x0000000080002884] -> 0x0493
mem[X,0x0000000080002886] -> 0xFF55
[2648] [M]: 0x0000000080002884 (0xFF550493) addi x9, x10, -0xb                      rtn2mmode+0
x9 <- 0xFFFFFFFFFFFFFFFE

mem[X,0x0000000080002888] -> 0x8C63
mem[X,0x000000008000288A] -> 0x0004
[2649] [M]: 0x0000000080002888 (0x00048C63) beq x9, x0, 0x18                        rtn2mmode+4

clint mtime 0x000000000000052D (mip.MTI <- 0b1, mip.STI <- 0b0)
mem[X,0x000000008000288C] -> 0x3583
mem[X,0x000000008000288E] -> 0x4701
[2650] [M]: 0x000000008000288C (0x47013583) ld x11, 0x470(x2)                       rtn2mmode+8
mem[R,0x0000000080005470] -> 0x0000000180000B9C
x11 <- 0x0000000180000B9C

mem[X,0x0000000080002890] -> 0xD463
mem[X,0x0000000080002892] -> 0x0003
[2651] [M]: 0x0000000080002890 (0x0003D463) bge x7, x0, 0x8                         rtn2mmode+12

clint mtime 0x000000000000052E (mip.MTI <- 0b1, mip.STI <- 0b0)
mem[X,0x0000000080002898] -> 0x3483
mem[X,0x000000008000289A] -> 0x1D81
[2652] [M]: 0x0000000080002898 (0x1D813483) ld x9, 0x1d8(x2)                        from_u_s+0
mem[R,0x00000000800051D8] -> 0x0000000080000BB4
x9 <- 0x0000000080000BB4

mem[X,0x000000008000289C] -> 0x84B3
mem[X,0x000000008000289E] -> 0x40B4
[2653] [M]: 0x000000008000289C (0x40B484B3) sub x9, x9, x11                         from_u_s+4
x9 <- 0xFFFFFFFF00000018

clint mtime 0x000000000000052F (mip.MTI <- 0b1, mip.STI <- 0b0)
mem[X,0x00000000800028A0] -> 0x23F3
mem[X,0x00000000800028A2] -> 0x3410
[2654] [M]: 0x00000000800028A0 (0x341023F3) csrrs x7, mepc, x0                      rtn_fm_mmode+0
CSR mepc (0x341) -> 0x000000018000191C
x7 <- 0x000000018000191C

mem[X,0x00000000800028A4] -> 0x83B3
mem[X,0x00000000800028A6] -> 0x0093
[2655] [M]: 0x00000000800028A4 (0x009383B3) add x7, x7, x9                          rtn_fm_mmode+4
x7 <- 0x0000000080001934

clint mtime 0x0000000000000530 (mip.MTI <- 0b1, mip.STI <- 0b0)
mem[X,0x00000000800028A8] -> 0x3303
mem[X,0x00000000800028AA] -> 0x2601
[2656] [M]: 0x00000000800028A8 (0x26013303) ld x6, 0x260(x2)                        rtn_fm_mmode+8
mem[R,0x0000000080005260] -> 0xFFFFFFFF7FFFE92C
x6 <- 0xFFFFFFFF7FFFE92C

mem[X,0x00000000800028AC] -> 0x3403
mem[X,0x00000000800028AE] -> 0x2701
[2657] [M]: 0x00000000800028AC (0x27013403) ld x8, 0x270(x2)                        rtn_fm_mmode+12
mem[R,0x0000000080005270] -> 0x0000000000007F76
x8 <- 0x0000000000007F76

clint mtime 0x0000000000000531 (mip.MTI <- 0b1, mip.STI <- 0b0)
mem[X,0x00000000800028B0] -> 0x3483
mem[X,0x00000000800028B2] -> 0x2781
[2658] [M]: 0x00000000800028B0 (0x27813483) ld x9, 0x278(x2)                        rtn_fm_mmode+16
mem[R,0x0000000080005278] -> 0x00000001000001C8
x9 <- 0x00000001000001C8

mem[X,0x00000000800028B4] -> 0x3503
mem[X,0x00000000800028B6] -> 0x2801
[2659] [M]: 0x00000000800028B4 (0x28013503) ld x10, 0x280(x2)                       rtn_fm_mmode+20
mem[R,0x0000000080005280] -> 0x00000000200000CF
x10 <- 0x00000000200000CF

clint mtime 0x0000000000000532 (mip.MTI <- 0b1, mip.STI <- 0b0)
mem[X,0x00000000800028B8] -> 0x3583
mem[X,0x00000000800028BA] -> 0x2881
[2660] [M]: 0x00000000800028B8 (0x28813583) ld x11, 0x288(x2)                       rtn_fm_mmode+24
mem[R,0x0000000080005288] -> 0x00000000000000CF
x11 <- 0x00000000000000CF

mem[X,0x00000000800028BC] -> 0x3103
mem[X,0x00000000800028BE] -> 0x2901
[2661] [M]: 0x00000000800028BC (0x29013103) ld x2, 0x290(x2)                        rtn_fm_mmode+28
mem[R,0x0000000080005290] -> 0x0000000000000000
x2 <- 0x0000000000000000

clint mtime 0x0000000000000533 (mip.MTI <- 0b1, mip.STI <- 0b0)
mem[X,0x00000000800028C0] -> 0x8067
mem[X,0x00000000800028C2] -> 0x0043
[2662] [M]: 0x00000000800028C0 (0x00438067) jalr x0, 0x4(x7)                        rtn_fm_mmode+32

mem[X,0x0000000080001938] -> 0xC3B7
mem[X,0x000000008000193A] -> 0x0003
[2663] [M]: 0x0000000080001938 (0x0003C3B7) lui x7, 0x3c                            main+3416
x7 <- 0x000000000003C000

clint mtime 0x0000000000000534 (mip.MTI <- 0b1, mip.STI <- 0b0)
mem[X,0x000000008000193C] -> 0x8393
mem[X,0x000000008000193E] -> 0x0073
[2664] [M]: 0x000000008000193C (0x00738393) addi x7, x7, 0x7                        main+3420
x7 <- 0x000000000003C007

mem[X,0x0000000080001940] -> 0x9393
mem[X,0x0000000080001942] -> 0x00A3
[2665] [M]: 0x0000000080001940 (0x00A39393) slli x7, x7, 0xa                        main+3424
x7 <- 0x000000000F001C00

clint mtime 0x0000000000000535 (mip.MTI <- 0b1, mip.STI <- 0b0)
mem[X,0x0000000080001944] -> 0x9073
mem[X,0x0000000080001946] -> 0x3A03
[2666] [M]: 0x0000000080001944 (0x3A039073) csrrw x0, pmpcfg0, x7                   main+3428
CSR pmpcfg0 (0x3A0) <- 0x000000000F001C00

mem[X,0x0000000080001948] -> 0x0013
mem[X,0x000000008000194A] -> 0x0000
[2667] [M]: 0x0000000080001948 (0x00000013) addi x0, x0, 0x0                        main+3432

clint mtime 0x0000000000000536 (mip.MTI <- 0b1, mip.STI <- 0b0)
mem[X,0x000000008000194C] -> 0x0013
mem[X,0x000000008000194E] -> 0x0000
[2668] [M]: 0x000000008000194C (0x00000013) addi x0, x0, 0x0                        main+3436

mem[X,0x0000000080001950] -> 0x0013
mem[X,0x0000000080001952] -> 0x0000
[2669] [M]: 0x0000000080001950 (0x00000013) addi x0, x0, 0x0                        main+3440

clint mtime 0x0000000000000537 (mip.MTI <- 0b1, mip.STI <- 0b0)
mem[X,0x0000000080001954] -> 0x0013
mem[X,0x0000000080001956] -> 0x0000
[2670] [M]: 0x0000000080001954 (0x00000013) addi x0, x0, 0x0                        main+3444

mem[X,0x0000000080001958] -> 0x0013
mem[X,0x000000008000195A] -> 0x0000
[2671] [M]: 0x0000000080001958 (0x00000013) addi x0, x0, 0x0                        main+3448

clint mtime 0x0000000000000538 (mip.MTI <- 0b1, mip.STI <- 0b0)
mem[X,0x000000008000195C] -> 0x0013
mem[X,0x000000008000195E] -> 0x0000
[2672] [M]: 0x000000008000195C (0x00000013) addi x0, x0, 0x0                        main+3452

mem[X,0x0000000080001960] -> 0xF517
mem[X,0x0000000080001962] -> 0xFFFF
[2673] [M]: 0x0000000080001960 (0xFFFFF517) auipc x10, -0x1                         main+3456
x10 <- 0x0000000080000960

clint mtime 0x0000000000000539 (mip.MTI <- 0b1, mip.STI <- 0b0)
mem[X,0x0000000080001964] -> 0x0513
mem[X,0x0000000080001966] -> 0xAA05
[2674] [M]: 0x0000000080001964 (0xAA050513) addi x10, x10, -0x560                   main+3460
x10 <- 0x0000000080000400

mem[X,0x0000000080001968] -> 0x0001
[2675] [M]: 0x0000000080001968 (0x0001) c.nop                                       main+3464

clint mtime 0x000000000000053A (mip.MTI <- 0b1, mip.STI <- 0b0)
mem[X,0x000000008000196A] -> 0x0013
mem[X,0x000000008000196C] -> 0x0000
[2676] [M]: 0x000000008000196A (0x00000013) addi x0, x0, 0x0                        main+3466

mem[X,0x000000008000196E] -> 0x0013
mem[X,0x0000000080001970] -> 0x0000
[2677] [M]: 0x000000008000196E (0x00000013) addi x0, x0, 0x0                        main+3470

clint mtime 0x000000000000053B (mip.MTI <- 0b1, mip.STI <- 0b0)
mem[X,0x0000000080001972] -> 0x0013
mem[X,0x0000000080001974] -> 0x0000
[2678] [M]: 0x0000000080001972 (0x00000013) addi x0, x0, 0x0                        main+3474

mem[X,0x0000000080001976] -> 0x0013
mem[X,0x0000000080001978] -> 0x0000
[2679] [M]: 0x0000000080001976 (0x00000013) addi x0, x0, 0x0                        main+3478

clint mtime 0x000000000000053C (mip.MTI <- 0b1, mip.STI <- 0b0)
mem[X,0x000000008000197A] -> 0x0013
mem[X,0x000000008000197C] -> 0x0000
[2680] [M]: 0x000000008000197A (0x00000013) addi x0, x0, 0x0                        main+3482

mem[X,0x000000008000197E] -> 0x0001
[2681] [M]: 0x000000008000197E (0x0001) c.nop                                       main+3486

clint mtime 0x000000000000053D (mip.MTI <- 0b1, mip.STI <- 0b0)
mem[X,0x0000000080001980] -> 0x0593
mem[X,0x0000000080001982] -> 0x0CF0
[2682] [M]: 0x0000000080001980 (0x0CF00593) addi x11, x0, 0xcf                      main+3488
x11 <- 0x00000000000000CF

mem[X,0x0000000080001984] -> 0x5513
mem[X,0x0000000080001986] -> 0x00C5
[2683] [M]: 0x0000000080001984 (0x00C55513) srli x10, x10, 0xc                      main+3492
x10 <- 0x0000000000080000

clint mtime 0x000000000000053E (mip.MTI <- 0b1, mip.STI <- 0b0)
mem[X,0x0000000080001988] -> 0x1513
mem[X,0x000000008000198A] -> 0x00A5
[2684] [M]: 0x0000000080001988 (0x00A51513) slli x10, x10, 0xa                      main+3496
x10 <- 0x0000000020000000

mem[X,0x000000008000198C] -> 0x6533
mem[X,0x000000008000198E] -> 0x00B5
[2685] [M]: 0x000000008000198C (0x00B56533) or x10, x10, x11                        main+3500
x10 <- 0x00000000200000CF

clint mtime 0x000000000000053F (mip.MTI <- 0b1, mip.STI <- 0b0)
mem[X,0x0000000080001990] -> 0x0013
mem[X,0x0000000080001992] -> 0x0000
[2686] [M]: 0x0000000080001990 (0x00000013) addi x0, x0, 0x0                        main+3504

mem[X,0x0000000080001994] -> 0x0013
mem[X,0x0000000080001996] -> 0x0000
[2687] [M]: 0x0000000080001994 (0x00000013) addi x0, x0, 0x0                        main+3508

clint mtime 0x0000000000000540 (mip.MTI <- 0b1, mip.STI <- 0b0)
mem[X,0x0000000080001998] -> 0x0013
mem[X,0x000000008000199A] -> 0x0000
[2688] [M]: 0x0000000080001998 (0x00000013) addi x0, x0, 0x0                        main+3512

mem[X,0x000000008000199C] -> 0x0013
mem[X,0x000000008000199E] -> 0x0000
[2689] [M]: 0x000000008000199C (0x00000013) addi x0, x0, 0x0                        main+3516

clint mtime 0x0000000000000541 (mip.MTI <- 0b1, mip.STI <- 0b0)
mem[X,0x00000000800019A0] -> 0x6317
mem[X,0x00000000800019A2] -> 0x0000
[2690] [M]: 0x00000000800019A0 (0x00006317) auipc x6, 0x6                           main+3520
x6 <- 0x00000000800079A0

mem[X,0x00000000800019A4] -> 0x0313
mem[X,0x00000000800019A6] -> 0x6603
[2691] [M]: 0x00000000800019A4 (0x66030313) addi x6, x6, 0x660                      main+3524
x6 <- 0x0000000080008000

clint mtime 0x0000000000000542 (mip.MTI <- 0b1, mip.STI <- 0b0)
mem[X,0x00000000800019A8] -> 0x0001
[2692] [M]: 0x00000000800019A8 (0x0001) c.nop                                       main+3528

mem[X,0x00000000800019AA] -> 0x0013
mem[X,0x00000000800019AC] -> 0x0000
[2693] [M]: 0x00000000800019AA (0x00000013) addi x0, x0, 0x0                        main+3530

clint mtime 0x0000000000000543 (mip.MTI <- 0b1, mip.STI <- 0b0)
mem[X,0x00000000800019AE] -> 0x0013
mem[X,0x00000000800019B0] -> 0x0000
[2694] [M]: 0x00000000800019AE (0x00000013) addi x0, x0, 0x0                        main+3534

mem[X,0x00000000800019B2] -> 0x0013
mem[X,0x00000000800019B4] -> 0x0000
[2695] [M]: 0x00000000800019B2 (0x00000013) addi x0, x0, 0x0                        main+3538

clint mtime 0x0000000000000544 (mip.MTI <- 0b1, mip.STI <- 0b0)
mem[X,0x00000000800019B6] -> 0x0013
mem[X,0x00000000800019B8] -> 0x0000
[2696] [M]: 0x00000000800019B6 (0x00000013) addi x0, x0, 0x0                        main+3542

mem[X,0x00000000800019BA] -> 0x0013
mem[X,0x00000000800019BC] -> 0x0000
[2697] [M]: 0x00000000800019BA (0x00000013) addi x0, x0, 0x0                        main+3546

clint mtime 0x0000000000000545 (mip.MTI <- 0b1, mip.STI <- 0b0)
mem[X,0x00000000800019BE] -> 0x0001
[2698] [M]: 0x00000000800019BE (0x0001) c.nop                                       main+3550

mem[X,0x00000000800019C0] -> 0x0293
mem[X,0x00000000800019C2] -> 0x0280
[2699] [M]: 0x00000000800019C0 (0x02800293) addi x5, x0, 0x28                       main+3552
x5 <- 0x0000000000000028

clint mtime 0x0000000000000546 (mip.MTI <- 0b1, mip.STI <- 0b0)
mem[X,0x00000000800019C4] -> 0x0333
mem[X,0x00000000800019C6] -> 0x0053
[2700] [M]: 0x00000000800019C4 (0x00530333) add x6, x6, x5                          main+3556
x6 <- 0x0000000080008028

mem[X,0x00000000800019C8] -> 0x3023
mem[X,0x00000000800019CA] -> 0x00A3
[2701] [M]: 0x00000000800019C8 (0x00A33023) sd x10, 0x0(x6)                         main+3560
mem[W,0x0000000080008028] <- 0x00000000200000CF

clint mtime 0x0000000000000547 (mip.MTI <- 0b1, mip.STI <- 0b0)
mem[X,0x00000000800019CC] -> 0x0073
mem[X,0x00000000800019CE] -> 0x1200
[2702] [M]: 0x00000000800019CC (0x12000073) sfence.vma x0, x0                       main+3564

mem[X,0x00000000800019D0] -> 0x0493
mem[X,0x00000000800019D2] -> 0x0010
[2703] [M]: 0x00000000800019D0 (0x00100493) addi x9, x0, 0x1                        main+3568
x9 <- 0x0000000000000001

clint mtime 0x0000000000000548 (mip.MTI <- 0b1, mip.STI <- 0b0)
mem[X,0x00000000800019D4] -> 0x9493
mem[X,0x00000000800019D6] -> 0x00B4
[2704] [M]: 0x00000000800019D4 (0x00B49493) slli x9, x9, 0xb                        main+3572
x9 <- 0x0000000000000800

mem[X,0x00000000800019D8] -> 0xB073
mem[X,0x00000000800019DA] -> 0x3004
[2705] [M]: 0x00000000800019D8 (0x3004B073) csrrc x0, mstatus, x9                   main+3576
CSR mstatus (0x300) <- 0x0000000A00000000

clint mtime 0x0000000000000549 (mip.MTI <- 0b1, mip.STI <- 0b0)
mem[X,0x00000000800019DC] -> 0x0493
mem[X,0x00000000800019DE] -> 0x0010
[2706] [M]: 0x00000000800019DC (0x00100493) addi x9, x0, 0x1                        main+3580
x9 <- 0x0000000000000001

mem[X,0x00000000800019E0] -> 0x9493
mem[X,0x00000000800019E2] -> 0x00B4
[2707] [M]: 0x00000000800019E0 (0x00B49493) slli x9, x9, 0xb                        main+3584
x9 <- 0x0000000000000800

clint mtime 0x000000000000054A (mip.MTI <- 0b1, mip.STI <- 0b0)
mem[X,0x00000000800019E4] -> 0xA073
mem[X,0x00000000800019E6] -> 0x3004
[2708] [M]: 0x00000000800019E4 (0x3004A073) csrrs x0, mstatus, x9                   main+3588
CSR mstatus (0x300) <- 0x0000000A00000800

mem[X,0x00000000800019E8] -> 0x23F3
mem[X,0x00000000800019EA] -> 0x3400
[2709] [M]: 0x00000000800019E8 (0x340023F3) csrrs x7, mscratch, x0                  main+3592
CSR mscratch (0x340) -> 0x0000000080005000
x7 <- 0x0000000080005000

clint mtime 0x000000000000054B (mip.MTI <- 0b1, mip.STI <- 0b0)
mem[X,0x00000000800019EC] -> 0xB303
mem[X,0x00000000800019EE] -> 0x4703
[2710] [M]: 0x00000000800019EC (0x4703B303) ld x6, 0x470(x7)                        main+3596
mem[R,0x0000000080005470] -> 0x0000000180000B9C
x6 <- 0x0000000180000B9C

mem[X,0x00000000800019F0] -> 0xB483
mem[X,0x00000000800019F2] -> 0x1D83
[2711] [M]: 0x00000000800019F0 (0x1D83B483) ld x9, 0x1d8(x7)                        main+3600
mem[R,0x00000000800051D8] -> 0x0000000080000BB4
x9 <- 0x0000000080000BB4

clint mtime 0x000000000000054C (mip.MTI <- 0b1, mip.STI <- 0b0)
mem[X,0x00000000800019F4] -> 0x0333
mem[X,0x00000000800019F6] -> 0x4093
[2712] [M]: 0x00000000800019F4 (0x40930333) sub x6, x6, x9                          main+3604
x6 <- 0x00000000FFFFFFE8

mem[X,0x00000000800019F8] -> 0x0313
mem[X,0x00000000800019FA] -> 0x0103
[2713] [M]: 0x00000000800019F8 (0x01030313) addi x6, x6, 0x10                       main+3608
x6 <- 0x00000000FFFFFFF8

clint mtime 0x000000000000054D (mip.MTI <- 0b1, mip.STI <- 0b0)
mem[X,0x00000000800019FC] -> 0x0497
mem[X,0x00000000800019FE] -> 0x0000
[2714] [M]: 0x00000000800019FC (0x00000497) auipc x9, 0x0                           main+3612
x9 <- 0x00000000800019FC

mem[X,0x0000000080001A00] -> 0x84B3
mem[X,0x0000000080001A02] -> 0x0064
[2715] [M]: 0x0000000080001A00 (0x006484B3) add x9, x9, x6                          main+3616
x9 <- 0x00000001800019F4

clint mtime 0x000000000000054E (mip.MTI <- 0b1, mip.STI <- 0b0)
mem[X,0x0000000080001A04] -> 0x94F3
mem[X,0x0000000080001A06] -> 0x3414
[2716] [M]: 0x0000000080001A04 (0x341494F3) csrrw x9, mepc, x9                      main+3620
CSR mepc (0x341) <- 0x00000001800019F4
x9 <- 0x000000018000191C

mem[X,0x0000000080001A08] -> 0x0073
mem[X,0x0000000080001A0A] -> 0x3020
[2717] [M]: 0x0000000080001A08 (0x30200073) mret                                    main+3624
CSR mstatus (0x300) <- 0x0000000A00000080
ret-ing from M to S

clint mtime 0x000000000000054F (mip.MTI <- 0b1, mip.STI <- 0b0)
PTW: Start, vpn=0x180001, access_type=X, privilege=Smem[R,0x0000000080008030] -> 0x00000000200000CB
PTW: Step, level=2, pte=0x200000CB, pte_addr=0x80008030
PTW: Success, final_ppn=0x80001, level=2mem[X,0x00000000800019F4] -> 0x0333
PTW: Start, vpn=0x180001, access_type=X, privilege=Smem[R,0x0000000080008030] -> 0x00000000200000CB
PTW: Step, level=2, pte=0x200000CB, pte_addr=0x80008030
PTW: Success, final_ppn=0x80001, level=2mem[X,0x00000000800019F6] -> 0x4093
[2718] [S]: 0x00000001800019F4 (0x40930333) sub x6, x6, x9                          va_rvtest_code_begin+3672
x6 <- 0xFFFFFFFF7FFFE6DC

PTW: Start, vpn=0x180001, access_type=X, privilege=Smem[R,0x0000000080008030] -> 0x00000000200000CB
PTW: Step, level=2, pte=0x200000CB, pte_addr=0x80008030
PTW: Success, final_ppn=0x80001, level=2mem[X,0x00000000800019F8] -> 0x0313
PTW: Start, vpn=0x180001, access_type=X, privilege=Smem[R,0x0000000080008030] -> 0x00000000200000CB
PTW: Step, level=2, pte=0x200000CB, pte_addr=0x80008030
PTW: Success, final_ppn=0x80001, level=2mem[X,0x00000000800019FA] -> 0x0103
[2719] [S]: 0x00000001800019F8 (0x01030313) addi x6, x6, 0x10                       va_rvtest_code_begin+3676
x6 <- 0xFFFFFFFF7FFFE6EC

clint mtime 0x0000000000000550 (mip.MTI <- 0b1, mip.STI <- 0b0)
PTW: Start, vpn=0x180001, access_type=X, privilege=Smem[R,0x0000000080008030] -> 0x00000000200000CB
PTW: Step, level=2, pte=0x200000CB, pte_addr=0x80008030
PTW: Success, final_ppn=0x80001, level=2mem[X,0x00000000800019FC] -> 0x0497
PTW: Start, vpn=0x180001, access_type=X, privilege=Smem[R,0x0000000080008030] -> 0x00000000200000CB
PTW: Step, level=2, pte=0x200000CB, pte_addr=0x80008030
PTW: Success, final_ppn=0x80001, level=2mem[X,0x00000000800019FE] -> 0x0000
[2720] [S]: 0x00000001800019FC (0x00000497) auipc x9, 0x0                           va_rvtest_code_begin+3680
x9 <- 0x00000001800019FC

PTW: Start, vpn=0x180001, access_type=X, privilege=Smem[R,0x0000000080008030] -> 0x00000000200000CB
PTW: Step, level=2, pte=0x200000CB, pte_addr=0x80008030
PTW: Success, final_ppn=0x80001, level=2mem[X,0x0000000080001A00] -> 0x84B3
PTW: Start, vpn=0x180001, access_type=X, privilege=Smem[R,0x0000000080008030] -> 0x00000000200000CB
PTW: Step, level=2, pte=0x200000CB, pte_addr=0x80008030
PTW: Success, final_ppn=0x80001, level=2mem[X,0x0000000080001A02] -> 0x0064
[2721] [S]: 0x0000000180001A00 (0x006484B3) add x9, x9, x6                          va_rvtest_code_begin+3684
x9 <- 0x00000001000000E8

clint mtime 0x0000000000000551 (mip.MTI <- 0b1, mip.STI <- 0b0)
PTW: Start, vpn=0x180001, access_type=X, privilege=Smem[R,0x0000000080008030] -> 0x00000000200000CB
PTW: Step, level=2, pte=0x200000CB, pte_addr=0x80008030
PTW: Success, final_ppn=0x80001, level=2mem[X,0x0000000080001A04] -> 0x94F3
PTW: Start, vpn=0x180001, access_type=X, privilege=Smem[R,0x0000000080008030] -> 0x00000000200000CB
PTW: Step, level=2, pte=0x200000CB, pte_addr=0x80008030
PTW: Success, final_ppn=0x80001, level=2mem[X,0x0000000080001A06] -> 0x3414
[2722] [S]: 0x0000000180001A04 (0x341494F3) csrrw x9, mepc, x9                      va_rvtest_code_begin+3688
trapping from S to M to handle illegal-instruction
handling exc#illegal-instruction at priv M with tval 0x00000000341494F3
CSR mstatus (0x300) <- 0x0000000A00000800
CSR mcause (0x342) <- 0x0000000000000002
CSR mtval (0x343) <- 0x00000000341494F3
CSR mepc (0x341) <- 0x0000000180001A04

mem[X,0x0000000080001F80] -> 0x006F
mem[X,0x0000000080001F82] -> 0x1000
[2723] [M]: 0x0000000080001F80 (0x1000006F) jal x0, 0x100                           Mtrampoline+0

clint mtime 0x0000000000000552 (mip.MTI <- 0b1, mip.STI <- 0b0)
mem[X,0x0000000080002080] -> 0x1173
mem[X,0x0000000080002082] -> 0x3401
[2724] [M]: 0x0000000080002080 (0x34011173) csrrw x2, mscratch, x2                  trap_Mhandler+0
CSR mscratch (0x340) <- 0x0000000000000000
x2 <- 0x0000000080005000

mem[X,0x0000000080002084] -> 0x3423
mem[X,0x0000000080002086] -> 0x28B1
[2725] [M]: 0x0000000080002084 (0x28B13423) sd x11, 0x288(x2)                       trap_Mhandler+4
mem[W,0x0000000080005288] <- 0x00000000000000CF

clint mtime 0x0000000000000553 (mip.MTI <- 0b1, mip.STI <- 0b0)
mem[X,0x0000000080002088] -> 0x05EF
mem[X,0x000000008000208A] -> 0x0B80
[2726] [M]: 0x0000000080002088 (0x0B8005EF) jal x11, 0xb8                           trap_Mhandler+8
x11 <- 0x000000008000208C

mem[X,0x0000000080002140] -> 0x3023
mem[X,0x0000000080002142] -> 0x28A1
[2727] [M]: 0x0000000080002140 (0x28A13023) sd x10, 0x280(x2)                       common_Mhandler+0
mem[W,0x0000000080005280] <- 0x00000000200000CF

clint mtime 0x0000000000000554 (mip.MTI <- 0b1, mip.STI <- 0b0)
mem[X,0x0000000080002144] -> 0x1573
mem[X,0x0000000080002146] -> 0x3401
[2728] [M]: 0x0000000080002144 (0x34011573) csrrw x10, mscratch, x2                 common_Mhandler+4
CSR mscratch (0x340) <- 0x0000000080005000
x10 <- 0x0000000000000000

mem[X,0x0000000080002148] -> 0x3823
mem[X,0x000000008000214A] -> 0x28A1
[2729] [M]: 0x0000000080002148 (0x28A13823) sd x10, 0x290(x2)                       common_Mhandler+8
mem[W,0x0000000080005290] <- 0x0000000000000000

clint mtime 0x0000000000000555 (mip.MTI <- 0b1, mip.STI <- 0b0)
mem[X,0x000000008000214C] -> 0x3503
mem[X,0x000000008000214E] -> 0x2301
[2730] [M]: 0x000000008000214C (0x23013503) ld x10, 0x230(x2)                       common_Mhandler+12
mem[R,0x0000000080005230] -> 0x0000000080002154
x10 <- 0x0000000080002154

mem[X,0x0000000080002150] -> 0x0067
mem[X,0x0000000080002152] -> 0x0005
[2731] [M]: 0x0000000080002150 (0x00050067) jalr x0, 0x0(x10)                       common_Mhandler+16

clint mtime 0x0000000000000556 (mip.MTI <- 0b1, mip.STI <- 0b0)
mem[X,0x0000000080002154] -> 0x3C23
mem[X,0x0000000080002156] -> 0x2691
[2732] [M]: 0x0000000080002154 (0x26913C23) sd x9, 0x278(x2)                        common_Mentry+0
mem[W,0x0000000080005278] <- 0x00000001000000E8

mem[X,0x0000000080002158] -> 0x3823
mem[X,0x000000008000215A] -> 0x2681
[2733] [M]: 0x0000000080002158 (0x26813823) sd x8, 0x270(x2)                        common_Mentry+4
mem[W,0x0000000080005270] <- 0x0000000000007F76

clint mtime 0x0000000000000557 (mip.MTI <- 0b1, mip.STI <- 0b0)
mem[X,0x000000008000215C] -> 0x3423
mem[X,0x000000008000215E] -> 0x2671
[2734] [M]: 0x000000008000215C (0x26713423) sd x7, 0x268(x2)                        common_Mentry+8
mem[W,0x0000000080005268] <- 0x0000000080005000

mem[X,0x0000000080002160] -> 0x3023
mem[X,0x0000000080002162] -> 0x2661
[2735] [M]: 0x0000000080002160 (0x26613023) sd x6, 0x260(x2)                        common_Mentry+12
mem[W,0x0000000080005260] <- 0xFFFFFFFF7FFFE6EC

clint mtime 0x0000000000000558 (mip.MTI <- 0b1, mip.STI <- 0b0)
mem[X,0x0000000080002164] -> 0x2573
mem[X,0x0000000080002166] -> 0x3420
[2736] [M]: 0x0000000080002164 (0x34202573) csrrs x10, mcause, x0                   spcl_M2mmode_test+0
CSR mcause (0x342) -> 0x0000000000000002
x10 <- 0x0000000000000002

mem[X,0x0000000080002168] -> 0x04B7
mem[X,0x000000008000216A] -> 0x8000
[2737] [M]: 0x0000000080002168 (0x800004B7) lui x9, -0x80000                        spcl_M2mmode_test+4
x9 <- 0xFFFFFFFF80000000

clint mtime 0x0000000000000559 (mip.MTI <- 0b1, mip.STI <- 0b0)
mem[X,0x000000008000216C] -> 0x8493
mem[X,0x000000008000216E] -> 0x0004
[2738] [M]: 0x000000008000216C (0x00048493) addi x9, x9, 0x0                        spcl_M2mmode_test+8
x9 <- 0xFFFFFFFF80000000

mem[X,0x0000000080002170] -> 0x9493
mem[X,0x0000000080002172] -> 0x00B4
[2739] [M]: 0x0000000080002170 (0x00B49493) slli x9, x9, 0xb                        spcl_M2mmode_test+12
x9 <- 0xFFFFFC0000000000

clint mtime 0x000000000000055A (mip.MTI <- 0b1, mip.STI <- 0b0)
mem[X,0x0000000080002174] -> 0x8493
mem[X,0x0000000080002176] -> 0x0004
[2740] [M]: 0x0000000080002174 (0x00048493) addi x9, x9, 0x0                        spcl_M2mmode_test+16
x9 <- 0xFFFFFC0000000000

mem[X,0x0000000080002178] -> 0x9493
mem[X,0x000000008000217A] -> 0x00B4
[2741] [M]: 0x0000000080002178 (0x00B49493) slli x9, x9, 0xb                        spcl_M2mmode_test+20
x9 <- 0xFFE0000000000000

clint mtime 0x000000000000055B (mip.MTI <- 0b1, mip.STI <- 0b0)
mem[X,0x000000008000217C] -> 0x8493
mem[X,0x000000008000217E] -> 0x0034
[2742] [M]: 0x000000008000217C (0x00348493) addi x9, x9, 0x3                        spcl_M2mmode_test+24
x9 <- 0xFFE0000000000003

mem[X,0x0000000080002180] -> 0x9493
mem[X,0x0000000080002182] -> 0x00A4
[2743] [M]: 0x0000000080002180 (0x00A49493) slli x9, x9, 0xa                        spcl_M2mmode_test+28
x9 <- 0x8000000000000C00

clint mtime 0x000000000000055C (mip.MTI <- 0b1, mip.STI <- 0b0)
mem[X,0x0000000080002184] -> 0x8493
mem[X,0x0000000080002186] -> 0x3FC4
[2744] [M]: 0x0000000080002184 (0x3FC48493) addi x9, x9, 0x3fc                      spcl_M2mmode_test+32
x9 <- 0x8000000000000FFC

mem[X,0x0000000080002188] -> 0xF4B3
mem[X,0x000000008000218A] -> 0x00A4
[2745] [M]: 0x0000000080002188 (0x00A4F4B3) and x9, x9, x10                         spcl_M2mmode_test+36
x9 <- 0x0000000000000000

clint mtime 0x000000000000055D (mip.MTI <- 0b1, mip.STI <- 0b0)
mem[X,0x000000008000218C] -> 0x8493
mem[X,0x000000008000218E] -> 0xFF84
[2746] [M]: 0x000000008000218C (0xFF848493) addi x9, x9, -0x8                       spcl_M2mmode_test+40
x9 <- 0xFFFFFFFFFFFFFFF8

mem[X,0x0000000080002190] -> 0x9663
mem[X,0x0000000080002192] -> 0x0004
[2747] [M]: 0x0000000080002190 (0x00049663) bne x9, x0, 0xc                         spcl_M2mmode_test+44

clint mtime 0x000000000000055E (mip.MTI <- 0b1, mip.STI <- 0b0)
mem[X,0x000000008000219C] -> 0x0393
mem[X,0x000000008000219E] -> 0x0200
[2748] [M]: 0x000000008000219C (0x02000393) addi x7, x0, 0x20                       Mtrapsig_ptr_upd+0
x7 <- 0x0000000000000020

mem[X,0x00000000800021A0] -> 0x5263
mem[X,0x00000000800021A2] -> 0x0405
[2749] [M]: 0x00000000800021A0 (0x04055263) bge x10, x0, 0x44                       Mtrapsig_ptr_upd+4

clint mtime 0x000000000000055F (mip.MTI <- 0b1, mip.STI <- 0b0)
mem[X,0x00000000800021E4] -> 0x2373
mem[X,0x00000000800021E6] -> 0x3010
[2750] [M]: 0x00000000800021E4 (0x30102373) csrrs x6, misa, x0                      Mxcpt_sig_sv+0
CSR misa (0x301) -> 0x800000000034112F
x6 <- 0x800000000034112F

mem[X,0x00000000800021E8] -> 0x1313
mem[X,0x00000000800021EA] -> 0x0383
[2751] [M]: 0x00000000800021E8 (0x03831313) slli x6, x6, 0x38                       Mxcpt_sig_sv+4
x6 <- 0x2F00000000000000

clint mtime 0x0000000000000560 (mip.MTI <- 0b1, mip.STI <- 0b0)
mem[X,0x00000000800021EC] -> 0x5463
mem[X,0x00000000800021EE] -> 0x0003
[2752] [M]: 0x00000000800021EC (0x00035463) bge x6, x0, 0x8                         Mxcpt_sig_sv+8

mem[X,0x00000000800021F4] -> 0x3303
mem[X,0x00000000800021F6] -> 0x2181
[2753] [M]: 0x00000000800021F4 (0x21813303) ld x6, 0x218(x2)                        Mtrap_sig_sv+0
mem[R,0x0000000080005218] -> 0x0000000080009498
x6 <- 0x0000000080009498

clint mtime 0x0000000000000561 (mip.MTI <- 0b1, mip.STI <- 0b0)
mem[X,0x00000000800021F8] -> 0x04B3
mem[X,0x00000000800021FA] -> 0x0073
[2754] [M]: 0x00000000800021F8 (0x007304B3) add x9, x6, x7                          Mtrap_sig_sv+4
x9 <- 0x00000000800094B8

mem[X,0x00000000800021FC] -> 0x3C23
mem[X,0x00000000800021FE] -> 0x2091
[2755] [M]: 0x00000000800021FC (0x20913C23) sd x9, 0x218(x2)                        Mtrap_sig_sv+8
mem[W,0x0000000080005218] <- 0x00000000800094B8

clint mtime 0x0000000000000562 (mip.MTI <- 0b1, mip.STI <- 0b0)
mem[X,0x0000000080002200] -> 0x3403
mem[X,0x0000000080002202] -> 0x1F81
[2756] [M]: 0x0000000080002200 (0x1F813403) ld x8, 0x1f8(x2)                        Mtrap_sig_sv+12
mem[R,0x00000000800051F8] -> 0x0000000080009110
x8 <- 0x0000000080009110

mem[X,0x0000000080002204] -> 0x0333
mem[X,0x0000000080002206] -> 0x4083
[2757] [M]: 0x0000000080002204 (0x40830333) sub x6, x6, x8                          Mtrap_sig_sv+16
x6 <- 0x0000000000000388

clint mtime 0x0000000000000563 (mip.MTI <- 0b1, mip.STI <- 0b0)
mem[X,0x0000000080002208] -> 0x3403
mem[X,0x000000008000220A] -> 0x1F81
[2758] [M]: 0x0000000080002208 (0x1F813403) ld x8, 0x1f8(x2)                        Mtrap_sig_sv+20
mem[R,0x00000000800051F8] -> 0x0000000080009110
x8 <- 0x0000000080009110

mem[X,0x000000008000220C] -> 0x0333
mem[X,0x000000008000220E] -> 0x0083
[2759] [M]: 0x000000008000220C (0x00830333) add x6, x6, x8                          Mtrap_sig_sv+24
x6 <- 0x0000000080009498

clint mtime 0x0000000000000564 (mip.MTI <- 0b1, mip.STI <- 0b0)
mem[X,0x0000000080002210] -> 0x3403
mem[X,0x0000000080002212] -> 0x2401
[2760] [M]: 0x0000000080002210 (0x24013403) ld x8, 0x240(x2)                        Mtrap_sig_sv+28
mem[R,0x0000000080005240] -> 0x0000000080001F80
x8 <- 0x0000000080001F80

mem[X,0x0000000080002214] -> 0x85B3
mem[X,0x0000000080002216] -> 0x4085
[2761] [M]: 0x0000000080002214 (0x408585B3) sub x11, x11, x8                        sv_Mvect+0
x11 <- 0x000000000000010C

clint mtime 0x0000000000000565 (mip.MTI <- 0b1, mip.STI <- 0b0)
mem[X,0x0000000080002218] -> 0x9593
mem[X,0x000000008000221A] -> 0x0045
[2762] [M]: 0x0000000080002218 (0x00459593) slli x11, x11, 0x4                      sv_Mvect+4
x11 <- 0x00000000000010C0

mem[X,0x000000008000221C] -> 0xE5B3
mem[X,0x000000008000221E] -> 0x0075
[2763] [M]: 0x000000008000221C (0x0075E5B3) or x11, x11, x7                         sv_Mvect+8
x11 <- 0x00000000000010E0

clint mtime 0x0000000000000566 (mip.MTI <- 0b1, mip.STI <- 0b0)
mem[X,0x0000000080002220] -> 0x8593
mem[X,0x0000000080002222] -> 0x0035
[2764] [M]: 0x0000000080002220 (0x00358593) addi x11, x11, 0x3                      sv_Mvect+12
x11 <- 0x00000000000010E3

mem[X,0x0000000080002224] -> 0x3023
mem[X,0x0000000080002226] -> 0x00B3
[2765] [M]: 0x0000000080002224 (0x00B33023) sd x11, 0x0(x6)                         sv_Mvect+16
mem[W,0x0000000080009498] <- 0x00000000000010E3

clint mtime 0x0000000000000567 (mip.MTI <- 0b1, mip.STI <- 0b0)
mem[X,0x0000000080002228] -> 0x3423
mem[X,0x000000008000222A] -> 0x00A3
[2766] [M]: 0x0000000080002228 (0x00A33423) sd x10, 0x8(x6)                         sv_Mcause+0
mem[W,0x00000000800094A0] <- 0x0000000000000002

mem[X,0x000000008000222C] -> 0x4663
mem[X,0x000000008000222E] -> 0x1A05
[2767] [M]: 0x000000008000222C (0x1A054663) blt x10, x0, 0x1ac                      sv_Mcause+4

clint mtime 0x0000000000000568 (mip.MTI <- 0b1, mip.STI <- 0b0)
mem[X,0x0000000080002230] -> 0x25F3
mem[X,0x0000000080002232] -> 0x3000
[2768] [M]: 0x0000000080002230 (0x300025F3) csrrs x11, mstatus, x0                  common_Mexcpt_handler+0
CSR mstatus (0x300) -> 0x0000000A00000800
x11 <- 0x0000000A00000800

mem[X,0x0000000080002234] -> 0x9413
mem[X,0x0000000080002236] -> 0x02E5
[2769] [M]: 0x0000000080002234 (0x02E59413) slli x8, x11, 0x2e                      common_Mexcpt_handler+4
x8 <- 0x0200000000000000

clint mtime 0x0000000000000569 (mip.MTI <- 0b1, mip.STI <- 0b0)
mem[X,0x0000000080002238] -> 0x5463
mem[X,0x000000008000223A] -> 0x0004
[2770] [M]: 0x0000000080002238 (0x00045463) bge x8, x0, 0x8                         common_Mexcpt_handler+8

mem[X,0x0000000080002240] -> 0xD493
mem[X,0x0000000080002242] -> 0x00B5
[2771] [M]: 0x0000000080002240 (0x00B5D493) srli x9, x11, 0xb                       common_Mexcpt_handler+16
x9 <- 0x0000000001400001

clint mtime 0x000000000000056A (mip.MTI <- 0b1, mip.STI <- 0b0)
mem[X,0x0000000080002244] -> 0xF493
mem[X,0x0000000080002246] -> 0x0034
[2772] [M]: 0x0000000080002244 (0x0034F493) andi x9, x9, 0x3                        common_Mexcpt_handler+20
x9 <- 0x0000000000000001

mem[X,0x0000000080002248] -> 0x8493
mem[X,0x000000008000224A] -> 0x0014
[2773] [M]: 0x0000000080002248 (0x00148493) addi x9, x9, 0x1                        common_Mexcpt_handler+24
x9 <- 0x0000000000000002

clint mtime 0x000000000000056B (mip.MTI <- 0b1, mip.STI <- 0b0)
mem[X,0x000000008000224C] -> 0xF493
mem[X,0x000000008000224E] -> 0x0044
[2774] [M]: 0x000000008000224C (0x0044F493) andi x9, x9, 0x4                        common_Mexcpt_handler+28
x9 <- 0x0000000000000000

mem[X,0x0000000080002250] -> 0x0593
mem[X,0x0000000080002252] -> 0x05D0
[2775] [M]: 0x0000000080002250 (0x05D00593) addi x11, x0, 0x5d                      common_Mexcpt_handler+32
x11 <- 0x000000000000005D

clint mtime 0x000000000000056C (mip.MTI <- 0b1, mip.STI <- 0b0)
mem[X,0x0000000080002254] -> 0xD5B3
mem[X,0x0000000080002256] -> 0x0095
[2776] [M]: 0x0000000080002254 (0x0095D5B3) srl x11, x11, x9                        common_Mexcpt_handler+36
x11 <- 0x000000000000005D

mem[X,0x0000000080002258] -> 0xF593
mem[X,0x000000008000225A] -> 0x0015
[2777] [M]: 0x0000000080002258 (0x0015F593) andi x11, x11, 0x1                      common_Mexcpt_handler+40
x11 <- 0x0000000000000001

clint mtime 0x000000000000056D (mip.MTI <- 0b1, mip.STI <- 0b0)
mem[X,0x000000008000225C] -> 0x8EE3
mem[X,0x000000008000225E] -> 0xF405
[2778] [M]: 0x000000008000225C (0xF4058EE3) beq x11, x0, -0xa4                      common_Mexcpt_handler+44

mem[X,0x0000000080002260] -> 0x0593
mem[X,0x0000000080002262] -> 0x2980
[2779] [M]: 0x0000000080002260 (0x29800593) addi x11, x0, 0x298                     common_Mexcpt_handler+48
x11 <- 0x0000000000000298

clint mtime 0x000000000000056E (mip.MTI <- 0b1, mip.STI <- 0b0)
mem[X,0x0000000080002264] -> 0xF413
mem[X,0x0000000080002266] -> 0x0014
[2780] [M]: 0x0000000080002264 (0x0014F413) andi x8, x9, 0x1                        common_Mexcpt_handler+52
x8 <- 0x0000000000000000

mem[X,0x0000000080002268] -> 0x95B3
mem[X,0x000000008000226A] -> 0x0085
[2781] [M]: 0x0000000080002268 (0x008595B3) sll x11, x11, x8                        common_Mexcpt_handler+56
x11 <- 0x0000000000000298

clint mtime 0x000000000000056F (mip.MTI <- 0b1, mip.STI <- 0b0)
mem[X,0x000000008000226C] -> 0x9413
mem[X,0x000000008000226E] -> 0x03D4
[2782] [M]: 0x000000008000226C (0x03D49413) slli x8, x9, 0x3d                       common_Mexcpt_handler+60
x8 <- 0x0000000000000000

mem[X,0x0000000080002270] -> 0x5413
mem[X,0x0000000080002272] -> 0x43F4
[2783] [M]: 0x0000000080002270 (0x43F45413) srai x8, x8, 0x3f                       common_Mexcpt_handler+64
x8 <- 0x0000000000000000

clint mtime 0x0000000000000570 (mip.MTI <- 0b1, mip.STI <- 0b0)
mem[X,0x0000000080002274] -> 0x4413
mem[X,0x0000000080002276] -> 0xFFF4
[2784] [M]: 0x0000000080002274 (0xFFF44413) xori x8, x8, -0x1                       common_Mexcpt_handler+68
x8 <- 0xFFFFFFFFFFFFFFFF

mem[X,0x0000000080002278] -> 0xF4B3
mem[X,0x000000008000227A] -> 0x0085
[2785] [M]: 0x0000000080002278 (0x0085F4B3) and x9, x11, x8                         common_Mexcpt_handler+72
x9 <- 0x0000000000000298

clint mtime 0x0000000000000571 (mip.MTI <- 0b1, mip.STI <- 0b0)
mem[X,0x000000008000227C] -> 0x84B3
mem[X,0x000000008000227E] -> 0x0024
[2786] [M]: 0x000000008000227C (0x002484B3) add x9, x9, x2                          vmem_adj_Mepc+0
x9 <- 0x0000000080005298

mem[X,0x0000000080002280] -> 0x23F3
mem[X,0x0000000080002282] -> 0x3410
[2787] [M]: 0x0000000080002280 (0x341023F3) csrrs x7, mepc, x0                      vmem_adj_Mepc+4
CSR mepc (0x341) -> 0x0000000180001A04
x7 <- 0x0000000180001A04

clint mtime 0x0000000000000572 (mip.MTI <- 0b1, mip.STI <- 0b0)
mem[X,0x0000000080002284] -> 0x0413
mem[X,0x0000000080002286] -> 0x0004
[2788] [M]: 0x0000000080002284 (0x00040413) addi x8, x8, 0x0                        vmem_adj_Mepc+8
x8 <- 0xFFFFFFFFFFFFFFFF

mem[X,0x0000000080002288] -> 0x006F
mem[X,0x000000008000228A] -> 0x0400
[2789] [M]: 0x0000000080002288 (0x0400006F) jal x0, 0x40                            vmem_adj_Mepc+12

clint mtime 0x0000000000000573 (mip.MTI <- 0b1, mip.STI <- 0b0)
mem[X,0x00000000800022C8] -> 0x8433
mem[X,0x00000000800022CA] -> 0x4083
[2790] [M]: 0x00000000800022C8 (0x40838433) sub x8, x7, x8                          adj_Mepc+0
x8 <- 0x0000000180001A05

mem[X,0x00000000800022CC] -> 0x3823
mem[X,0x00000000800022CE] -> 0x0083
[2791] [M]: 0x00000000800022CC (0x00833823) sd x8, 0x10(x6)                         sv_Mepc+0
mem[W,0x00000000800094A8] <- 0x0000000180001A05

clint mtime 0x0000000000000574 (mip.MTI <- 0b1, mip.STI <- 0b0)
mem[X,0x00000000800022D0] -> 0x55B7
mem[X,0x00000000800022D2] -> 0x0000
[2792] [M]: 0x00000000800022D0 (0x000055B7) lui x11, 0x5                            sv_Mepc+4
x11 <- 0x0000000000005000

mem[X,0x00000000800022D4] -> 0x8593
mem[X,0x00000000800022D6] -> 0x6675
[2793] [M]: 0x00000000800022D4 (0x66758593) addi x11, x11, 0x667                    sv_Mepc+8
x11 <- 0x0000000000005667

clint mtime 0x0000000000000575 (mip.MTI <- 0b1, mip.STI <- 0b0)
mem[X,0x00000000800022D8] -> 0x9593
mem[X,0x00000000800022DA] -> 0x0015
[2794] [M]: 0x00000000800022D8 (0x00159593) slli x11, x11, 0x1                      sv_Mepc+12
x11 <- 0x000000000000ACCE

mem[X,0x00000000800022DC] -> 0x9063
mem[X,0x00000000800022DE] -> 0x02B1
[2795] [M]: 0x00000000800022DC (0x02B19063) bne x3, x11, 0x20                       sv_Mepc+16

clint mtime 0x0000000000000576 (mip.MTI <- 0b1, mip.STI <- 0b0)
mem[X,0x00000000800022E0] -> 0x2473
mem[X,0x00000000800022E2] -> 0x3420
[2796] [M]: 0x00000000800022E0 (0x34202473) csrrs x8, mcause, x0                    sv_Mepc+20
CSR mcause (0x342) -> 0x0000000000000002
x8 <- 0x0000000000000002

mem[X,0x00000000800022E4] -> 0x0593
mem[X,0x00000000800022E6] -> 0x00C0
[2797] [M]: 0x00000000800022E4 (0x00C00593) addi x11, x0, 0xc                       sv_Mepc+24
x11 <- 0x000000000000000C

clint mtime 0x0000000000000577 (mip.MTI <- 0b1, mip.STI <- 0b0)
mem[X,0x00000000800022E8] -> 0x0663
mem[X,0x00000000800022EA] -> 0x00B4
[2798] [M]: 0x00000000800022E8 (0x00B40663) beq x8, x11, 0xc                        sv_Mepc+28

mem[X,0x00000000800022EC] -> 0x0593
mem[X,0x00000000800022EE] -> 0x0010
[2799] [M]: 0x00000000800022EC (0x00100593) addi x11, x0, 0x1                       sv_Mepc+32
x11 <- 0x0000000000000001

clint mtime 0x0000000000000578 (mip.MTI <- 0b1, mip.STI <- 0b0)
mem[X,0x00000000800022F0] -> 0x1663
mem[X,0x00000000800022F2] -> 0x00B4
[2800] [M]: 0x00000000800022F0 (0x00B41663) bne x8, x11, 0xc                        sv_Mepc+36

mem[X,0x00000000800022FC] -> 0xF593
mem[X,0x00000000800022FE] -> 0xFFC3
[2801] [M]: 0x00000000800022FC (0xFFC3F593) andi x11, x7, -0x4                      adj_Mepc_rtn+0
x11 <- 0x0000000180001A04

clint mtime 0x0000000000000579 (mip.MTI <- 0b1, mip.STI <- 0b0)
mem[X,0x0000000080002300] -> 0x8593
mem[X,0x0000000080002302] -> 0x0085
[2802] [M]: 0x0000000080002300 (0x00858593) addi x11, x11, 0x8                      adj_Mepc_rtn+4
x11 <- 0x0000000180001A0C

mem[X,0x0000000080002304] -> 0x9073
mem[X,0x0000000080002306] -> 0x3415
[2803] [M]: 0x0000000080002304 (0x34159073) csrrw x0, mepc, x11                     adj_Mepc_rtn+8
CSR mepc (0x341) <- 0x0000000180001A0C

clint mtime 0x000000000000057A (mip.MTI <- 0b1, mip.STI <- 0b0)
mem[X,0x0000000080002308] -> 0x23F3
mem[X,0x000000008000230A] -> 0x3430
[2804] [M]: 0x0000000080002308 (0x343023F3) csrrs x7, mtval, x0                     skp_adj_Mepc+0
CSR mtval (0x343) -> 0x00000000341494F3
x7 <- 0x00000000341494F3

mem[X,0x000000008000230C] -> 0x0413
mem[X,0x000000008000230E] -> 0x0004
[2805] [M]: 0x000000008000230C (0x00040413) addi x8, x8, 0x0                        skp_adj_Mepc+4
x8 <- 0x0000000000000002

clint mtime 0x000000000000057B (mip.MTI <- 0b1, mip.STI <- 0b0)
mem[X,0x0000000080002310] -> 0x006F
mem[X,0x0000000080002312] -> 0x0840
[2806] [M]: 0x0000000080002310 (0x0840006F) jal x0, 0x84                            skp_adj_Mepc+8

mem[X,0x0000000080002394] -> 0x8433
mem[X,0x0000000080002396] -> 0x4083
[2807] [M]: 0x0000000080002394 (0x40838433) sub x8, x7, x8                          adj_Mtval+0
x8 <- 0x00000000341494F1

clint mtime 0x000000000000057C (mip.MTI <- 0b1, mip.STI <- 0b0)
mem[X,0x0000000080002398] -> 0x3C23
mem[X,0x000000008000239A] -> 0x0083
[2808] [M]: 0x0000000080002398 (0x00833C23) sd x8, 0x18(x6)                         sv_Mtval+0
mem[W,0x00000000800094B0] <- 0x00000000341494F1

mem[X,0x000000008000239C] -> 0x3483
mem[X,0x000000008000239E] -> 0x2181
[2809] [M]: 0x000000008000239C (0x21813483) ld x9, 0x218(x2)                        skp_Mtval+0
mem[R,0x0000000080005218] -> 0x00000000800094B8
x9 <- 0x00000000800094B8

clint mtime 0x000000000000057D (mip.MTI <- 0b1, mip.STI <- 0b0)
mem[X,0x00000000800023A0] -> 0x3383
mem[X,0x00000000800023A2] -> 0x1F81
[2810] [M]: 0x00000000800023A0 (0x1F813383) ld x7, 0x1f8(x2)                        skp_Mtval+4
mem[R,0x00000000800051F8] -> 0x0000000080009110
x7 <- 0x0000000080009110

mem[X,0x00000000800023A4] -> 0x3303
mem[X,0x00000000800023A6] -> 0x2001
[2811] [M]: 0x00000000800023A4 (0x20013303) ld x6, 0x200(x2)                        skp_Mtval+8
mem[R,0x0000000080005200] -> 0x0000000000000410
x6 <- 0x0000000000000410

clint mtime 0x000000000000057E (mip.MTI <- 0b1, mip.STI <- 0b0)
mem[X,0x00000000800023A8] -> 0x0333
mem[X,0x00000000800023AA] -> 0x0073
[2812] [M]: 0x00000000800023A8 (0x00730333) add x6, x6, x7                          skp_Mtval+12
x6 <- 0x0000000080009520

mem[X,0x00000000800023AC] -> 0x6AE3
mem[X,0x00000000800023AE] -> 0xAE93
[2813] [M]: 0x00000000800023AC (0xAE936AE3) bltu x6, x9, -0x50c                     skp_Mtval+16

clint mtime 0x000000000000057F (mip.MTI <- 0b1, mip.STI <- 0b0)
mem[X,0x00000000800023B0] -> 0x0393
mem[X,0x00000000800023B2] -> 0x2000
[2814] [M]: 0x00000000800023B0 (0x20000393) addi x7, x0, 0x200                      skp_Mtval+20
x7 <- 0x0000000000000200

mem[X,0x00000000800023B4] -> 0x006F
mem[X,0x00000000800023B6] -> 0x0400
[2815] [M]: 0x00000000800023B4 (0x0400006F) jal x0, 0x40                            skp_Mtval+24

clint mtime 0x0000000000000580 (mip.MTI <- 0b1, mip.STI <- 0b0)
mem[X,0x00000000800023F4] -> 0x0417
mem[X,0x00000000800023F6] -> 0x0000
[2816] [M]: 0x00000000800023F4 (0x00000417) auipc x8, 0x0                           spcl_Mhandler+0
x8 <- 0x00000000800023F4

mem[X,0x00000000800023F8] -> 0x0413
mem[X,0x00000000800023FA] -> 0x03C4
[2817] [M]: 0x00000000800023F8 (0x03C40413) addi x8, x8, 0x3c                       spcl_Mhandler+4
x8 <- 0x0000000080002430

clint mtime 0x0000000000000581 (mip.MTI <- 0b1, mip.STI <- 0b0)
mem[X,0x00000000800023FC] -> 0x0433
mem[X,0x00000000800023FE] -> 0x0074
[2818] [M]: 0x00000000800023FC (0x00740433) add x8, x8, x7                          spcl_Mhandler+8
x8 <- 0x0000000080002630

mem[X,0x0000000080002400] -> 0x1393
mem[X,0x0000000080002402] -> 0x0035
[2819] [M]: 0x0000000080002400 (0x00351393) slli x7, x10, 0x3                       spcl_Mhandler+12
x7 <- 0x0000000000000010

clint mtime 0x0000000000000582 (mip.MTI <- 0b1, mip.STI <- 0b0)
mem[X,0x0000000080002404] -> 0x0433
mem[X,0x0000000080002406] -> 0x0074
[2820] [M]: 0x0000000080002404 (0x00740433) add x8, x8, x7                          spcl_Mhandler+16
x8 <- 0x0000000080002640

mem[X,0x0000000080002408] -> 0x7413
mem[X,0x000000008000240A] -> 0xFF84
[2821] [M]: 0x0000000080002408 (0xFF847413) andi x8, x8, -0x8                       spcl_Mhandler+20
x8 <- 0x0000000080002640

clint mtime 0x0000000000000583 (mip.MTI <- 0b1, mip.STI <- 0b0)
mem[X,0x000000008000240C] -> 0x3403
mem[X,0x000000008000240E] -> 0x0004
[2822] [M]: 0x000000008000240C (0x00043403) ld x8, 0x0(x8)                          spcl_Mhandler+24
mem[R,0x0000000080002640] -> 0x0000000000000005
x8 <- 0x0000000000000005

mem[X,0x0000000080002410] -> 0x02E3
mem[X,0x0000000080002412] -> 0xB204
[2823] [M]: 0x0000000080002410 (0xB20402E3) beq x8, x0, -0x4dc                      spcl_Mdispatch_hndling+0

clint mtime 0x0000000000000584 (mip.MTI <- 0b1, mip.STI <- 0b0)
mem[X,0x0000000080002414] -> 0x1393
mem[X,0x0000000080002416] -> 0x03F4
[2824] [M]: 0x0000000080002414 (0x03F41393) slli x7, x8, 0x3f                       spcl_Mdispatch_hndling+4
x7 <- 0x8000000000000000

mem[X,0x0000000080002418] -> 0xD863
mem[X,0x000000008000241A] -> 0x0003
[2825] [M]: 0x0000000080002418 (0x0003D863) bge x7, x0, 0x10                        spcl_Mdispatch_hndling+8

clint mtime 0x0000000000000585 (mip.MTI <- 0b1, mip.STI <- 0b0)
mem[X,0x000000008000241C] -> 0x5413
mem[X,0x000000008000241E] -> 0x0014
[2826] [M]: 0x000000008000241C (0x00145413) srli x8, x8, 0x1                        spcl_Mdispatch_hndling+12
x8 <- 0x0000000000000002

mem[X,0x0000000080002420] -> 0x0CE3
mem[X,0x0000000080002422] -> 0xF885
[2827] [M]: 0x0000000080002420 (0xF8850CE3) beq x10, x8, -0x68                      spcl_Mdispatch_hndling+16

clint mtime 0x0000000000000586 (mip.MTI <- 0b1, mip.STI <- 0b0)
mem[X,0x00000000800023B8] -> 0x3303
mem[X,0x00000000800023BA] -> 0x2601
[2828] [M]: 0x00000000800023B8 (0x26013303) ld x6, 0x260(x2)                        resto_Mrtn+0
mem[R,0x0000000080005260] -> 0xFFFFFFFF7FFFE6EC
x6 <- 0xFFFFFFFF7FFFE6EC

mem[X,0x00000000800023BC] -> 0x3383
mem[X,0x00000000800023BE] -> 0x2681
[2829] [M]: 0x00000000800023BC (0x26813383) ld x7, 0x268(x2)                        resto_Mrtn+4
mem[R,0x0000000080005268] -> 0x0000000080005000
x7 <- 0x0000000080005000

clint mtime 0x0000000000000587 (mip.MTI <- 0b1, mip.STI <- 0b0)
mem[X,0x00000000800023C0] -> 0x3403
mem[X,0x00000000800023C2] -> 0x2701
[2830] [M]: 0x00000000800023C0 (0x27013403) ld x8, 0x270(x2)                        resto_Mrtn+8
mem[R,0x0000000080005270] -> 0x0000000000007F76
x8 <- 0x0000000000007F76

mem[X,0x00000000800023C4] -> 0x3483
mem[X,0x00000000800023C6] -> 0x2781
[2831] [M]: 0x00000000800023C4 (0x27813483) ld x9, 0x278(x2)                        resto_Mrtn+12
mem[R,0x0000000080005278] -> 0x00000001000000E8
x9 <- 0x00000001000000E8

clint mtime 0x0000000000000588 (mip.MTI <- 0b1, mip.STI <- 0b0)
mem[X,0x00000000800023C8] -> 0x3503
mem[X,0x00000000800023CA] -> 0x2801
[2832] [M]: 0x00000000800023C8 (0x28013503) ld x10, 0x280(x2)                       resto_Mrtn+16
mem[R,0x0000000080005280] -> 0x00000000200000CF
x10 <- 0x00000000200000CF

mem[X,0x00000000800023CC] -> 0x3583
mem[X,0x00000000800023CE] -> 0x2881
[2833] [M]: 0x00000000800023CC (0x28813583) ld x11, 0x288(x2)                       resto_Mrtn+20
mem[R,0x0000000080005288] -> 0x00000000000000CF
x11 <- 0x00000000000000CF

clint mtime 0x0000000000000589 (mip.MTI <- 0b1, mip.STI <- 0b0)
mem[X,0x00000000800023D0] -> 0x3103
mem[X,0x00000000800023D2] -> 0x2901
[2834] [M]: 0x00000000800023D0 (0x29013103) ld x2, 0x290(x2)                        resto_Mrtn+24
mem[R,0x0000000080005290] -> 0x0000000000000000
x2 <- 0x0000000000000000

mem[X,0x00000000800023D4] -> 0x0073
mem[X,0x00000000800023D6] -> 0x3020
[2835] [M]: 0x00000000800023D4 (0x30200073) mret                                    resto_Mrtn+28
CSR mstatus (0x300) <- 0x0000000A00000080
ret-ing from M to S

clint mtime 0x000000000000058A (mip.MTI <- 0b1, mip.STI <- 0b0)
PTW: Start, vpn=0x180001, access_type=X, privilege=Smem[R,0x0000000080008030] -> 0x00000000200000CB
PTW: Step, level=2, pte=0x200000CB, pte_addr=0x80008030
PTW: Success, final_ppn=0x80001, level=2mem[X,0x0000000080001A0C] -> 0x07B7
PTW: Start, vpn=0x180001, access_type=X, privilege=Smem[R,0x0000000080008030] -> 0x00000000200000CB
PTW: Step, level=2, pte=0x200000CB, pte_addr=0x80008030
PTW: Success, final_ppn=0x80001, level=2mem[X,0x0000000080001A0E] -> 0x0050
[2836] [S]: 0x0000000180001A0C (0x005007B7) lui x15, 0x500                          va_rvtest_code_begin+3696
x15 <- 0x0000000000500000

PTW: Start, vpn=0x180001, access_type=X, privilege=Smem[R,0x0000000080008030] -> 0x00000000200000CB
PTW: Step, level=2, pte=0x200000CB, pte_addr=0x80008030
PTW: Success, final_ppn=0x80001, level=2mem[X,0x0000000080001A10] -> 0x8793
PTW: Start, vpn=0x180001, access_type=X, privilege=Smem[R,0x0000000080008030] -> 0x00000000200000CB
PTW: Step, level=2, pte=0x200000CB, pte_addr=0x80008030
PTW: Success, final_ppn=0x80001, level=2mem[X,0x0000000080001A12] -> 0x0017
[2837] [S]: 0x0000000180001A10 (0x00178793) addi x15, x15, 0x1                      va_rvtest_code_begin+3700
x15 <- 0x0000000000500001

clint mtime 0x000000000000058B (mip.MTI <- 0b1, mip.STI <- 0b0)
PTW: Start, vpn=0x180001, access_type=X, privilege=Smem[R,0x0000000080008030] -> 0x00000000200000CB
PTW: Step, level=2, pte=0x200000CB, pte_addr=0x80008030
PTW: Success, final_ppn=0x80001, level=2mem[X,0x0000000080001A14] -> 0x9793
PTW: Start, vpn=0x180001, access_type=X, privilege=Smem[R,0x0000000080008030] -> 0x00000000200000CB
PTW: Step, level=2, pte=0x200000CB, pte_addr=0x80008030
PTW: Success, final_ppn=0x80001, level=2mem[X,0x0000000080001A16] -> 0x00A7
[2838] [S]: 0x0000000180001A14 (0x00A79793) slli x15, x15, 0xa                      va_rvtest_code_begin+3704
x15 <- 0x0000000140000400

PTW: Start, vpn=0x180001, access_type=X, privilege=Smem[R,0x0000000080008030] -> 0x00000000200000CB
PTW: Step, level=2, pte=0x200000CB, pte_addr=0x80008030
PTW: Success, final_ppn=0x80001, level=2mem[X,0x0000000080001A18] -> 0x0613
PTW: Start, vpn=0x180001, access_type=X, privilege=Smem[R,0x0000000080008030] -> 0x00000000200000CB
PTW: Step, level=2, pte=0x200000CB, pte_addr=0x80008030
PTW: Success, final_ppn=0x80001, level=2mem[X,0x0000000080001A1A] -> 0x0106
[2839] [S]: 0x0000000180001A18 (0x01060613) addi x12, x12, 0x10                     va_rvtest_code_begin+3708
x12 <- 0x0000000000000070

clint mtime 0x000000000000058C (mip.MTI <- 0b1, mip.STI <- 0b0)
PTW: Start, vpn=0x180001, access_type=X, privilege=Smem[R,0x0000000080008030] -> 0x00000000200000CB
PTW: Step, level=2, pte=0x200000CB, pte_addr=0x80008030
PTW: Success, final_ppn=0x80001, level=2mem[X,0x0000000080001A1C] -> 0xAA23
PTW: Start, vpn=0x180001, access_type=X, privilege=Smem[R,0x0000000080008030] -> 0x00000000200000CB
PTW: Step, level=2, pte=0x200000CB, pte_addr=0x80008030
PTW: Success, final_ppn=0x80001, level=2mem[X,0x0000000080001A1E] -> 0x00C7
[2840] [S]: 0x0000000180001A1C (0x00C7AA23) sw x12, 0x14(x15)                       va_rvtest_code_begin+3712
PTW: Start, vpn=0x140000, access_type=W, privilege=Smem[R,0x0000000080008028] -> 0x00000000200000CF
PTW: Step, level=2, pte=0x200000CF, pte_addr=0x80008028
PTW: Success, final_ppn=0x80000, level=2trapping from S to M to handle store/amo-access-fault
handling exc#store/amo-access-fault at priv M with tval 0x0000000140000414
CSR mstatus (0x300) <- 0x0000000A00000800
CSR mcause (0x342) <- 0x0000000000000007
CSR mtval (0x343) <- 0x0000000140000414
CSR mepc (0x341) <- 0x0000000180001A1C

mem[X,0x0000000080001F80] -> 0x006F
mem[X,0x0000000080001F82] -> 0x1000
[2841] [M]: 0x0000000080001F80 (0x1000006F) jal x0, 0x100                           Mtrampoline+0

clint mtime 0x000000000000058D (mip.MTI <- 0b1, mip.STI <- 0b0)
mem[X,0x0000000080002080] -> 0x1173
mem[X,0x0000000080002082] -> 0x3401
[2842] [M]: 0x0000000080002080 (0x34011173) csrrw x2, mscratch, x2                  trap_Mhandler+0
CSR mscratch (0x340) <- 0x0000000000000000
x2 <- 0x0000000080005000

mem[X,0x0000000080002084] -> 0x3423
mem[X,0x0000000080002086] -> 0x28B1
[2843] [M]: 0x0000000080002084 (0x28B13423) sd x11, 0x288(x2)                       trap_Mhandler+4
mem[W,0x0000000080005288] <- 0x00000000000000CF

clint mtime 0x000000000000058E (mip.MTI <- 0b1, mip.STI <- 0b0)
mem[X,0x0000000080002088] -> 0x05EF
mem[X,0x000000008000208A] -> 0x0B80
[2844] [M]: 0x0000000080002088 (0x0B8005EF) jal x11, 0xb8                           trap_Mhandler+8
x11 <- 0x000000008000208C

mem[X,0x0000000080002140] -> 0x3023
mem[X,0x0000000080002142] -> 0x28A1
[2845] [M]: 0x0000000080002140 (0x28A13023) sd x10, 0x280(x2)                       common_Mhandler+0
mem[W,0x0000000080005280] <- 0x00000000200000CF

clint mtime 0x000000000000058F (mip.MTI <- 0b1, mip.STI <- 0b0)
mem[X,0x0000000080002144] -> 0x1573
mem[X,0x0000000080002146] -> 0x3401
[2846] [M]: 0x0000000080002144 (0x34011573) csrrw x10, mscratch, x2                 common_Mhandler+4
CSR mscratch (0x340) <- 0x0000000080005000
x10 <- 0x0000000000000000

mem[X,0x0000000080002148] -> 0x3823
mem[X,0x000000008000214A] -> 0x28A1
[2847] [M]: 0x0000000080002148 (0x28A13823) sd x10, 0x290(x2)                       common_Mhandler+8
mem[W,0x0000000080005290] <- 0x0000000000000000

clint mtime 0x0000000000000590 (mip.MTI <- 0b1, mip.STI <- 0b0)
mem[X,0x000000008000214C] -> 0x3503
mem[X,0x000000008000214E] -> 0x2301
[2848] [M]: 0x000000008000214C (0x23013503) ld x10, 0x230(x2)                       common_Mhandler+12
mem[R,0x0000000080005230] -> 0x0000000080002154
x10 <- 0x0000000080002154

mem[X,0x0000000080002150] -> 0x0067
mem[X,0x0000000080002152] -> 0x0005
[2849] [M]: 0x0000000080002150 (0x00050067) jalr x0, 0x0(x10)                       common_Mhandler+16

clint mtime 0x0000000000000591 (mip.MTI <- 0b1, mip.STI <- 0b0)
mem[X,0x0000000080002154] -> 0x3C23
mem[X,0x0000000080002156] -> 0x2691
[2850] [M]: 0x0000000080002154 (0x26913C23) sd x9, 0x278(x2)                        common_Mentry+0
mem[W,0x0000000080005278] <- 0x00000001000000E8

mem[X,0x0000000080002158] -> 0x3823
mem[X,0x000000008000215A] -> 0x2681
[2851] [M]: 0x0000000080002158 (0x26813823) sd x8, 0x270(x2)                        common_Mentry+4
mem[W,0x0000000080005270] <- 0x0000000000007F76

clint mtime 0x0000000000000592 (mip.MTI <- 0b1, mip.STI <- 0b0)
mem[X,0x000000008000215C] -> 0x3423
mem[X,0x000000008000215E] -> 0x2671
[2852] [M]: 0x000000008000215C (0x26713423) sd x7, 0x268(x2)                        common_Mentry+8
mem[W,0x0000000080005268] <- 0x0000000080005000

mem[X,0x0000000080002160] -> 0x3023
mem[X,0x0000000080002162] -> 0x2661
[2853] [M]: 0x0000000080002160 (0x26613023) sd x6, 0x260(x2)                        common_Mentry+12
mem[W,0x0000000080005260] <- 0xFFFFFFFF7FFFE6EC

clint mtime 0x0000000000000593 (mip.MTI <- 0b1, mip.STI <- 0b0)
mem[X,0x0000000080002164] -> 0x2573
mem[X,0x0000000080002166] -> 0x3420
[2854] [M]: 0x0000000080002164 (0x34202573) csrrs x10, mcause, x0                   spcl_M2mmode_test+0
CSR mcause (0x342) -> 0x0000000000000007
x10 <- 0x0000000000000007

mem[X,0x0000000080002168] -> 0x04B7
mem[X,0x000000008000216A] -> 0x8000
[2855] [M]: 0x0000000080002168 (0x800004B7) lui x9, -0x80000                        spcl_M2mmode_test+4
x9 <- 0xFFFFFFFF80000000

clint mtime 0x0000000000000594 (mip.MTI <- 0b1, mip.STI <- 0b0)
mem[X,0x000000008000216C] -> 0x8493
mem[X,0x000000008000216E] -> 0x0004
[2856] [M]: 0x000000008000216C (0x00048493) addi x9, x9, 0x0                        spcl_M2mmode_test+8
x9 <- 0xFFFFFFFF80000000

mem[X,0x0000000080002170] -> 0x9493
mem[X,0x0000000080002172] -> 0x00B4
[2857] [M]: 0x0000000080002170 (0x00B49493) slli x9, x9, 0xb                        spcl_M2mmode_test+12
x9 <- 0xFFFFFC0000000000

clint mtime 0x0000000000000595 (mip.MTI <- 0b1, mip.STI <- 0b0)
mem[X,0x0000000080002174] -> 0x8493
mem[X,0x0000000080002176] -> 0x0004
[2858] [M]: 0x0000000080002174 (0x00048493) addi x9, x9, 0x0                        spcl_M2mmode_test+16
x9 <- 0xFFFFFC0000000000

mem[X,0x0000000080002178] -> 0x9493
mem[X,0x000000008000217A] -> 0x00B4
[2859] [M]: 0x0000000080002178 (0x00B49493) slli x9, x9, 0xb                        spcl_M2mmode_test+20
x9 <- 0xFFE0000000000000

clint mtime 0x0000000000000596 (mip.MTI <- 0b1, mip.STI <- 0b0)
mem[X,0x000000008000217C] -> 0x8493
mem[X,0x000000008000217E] -> 0x0034
[2860] [M]: 0x000000008000217C (0x00348493) addi x9, x9, 0x3                        spcl_M2mmode_test+24
x9 <- 0xFFE0000000000003

mem[X,0x0000000080002180] -> 0x9493
mem[X,0x0000000080002182] -> 0x00A4
[2861] [M]: 0x0000000080002180 (0x00A49493) slli x9, x9, 0xa                        spcl_M2mmode_test+28
x9 <- 0x8000000000000C00

clint mtime 0x0000000000000597 (mip.MTI <- 0b1, mip.STI <- 0b0)
mem[X,0x0000000080002184] -> 0x8493
mem[X,0x0000000080002186] -> 0x3FC4
[2862] [M]: 0x0000000080002184 (0x3FC48493) addi x9, x9, 0x3fc                      spcl_M2mmode_test+32
x9 <- 0x8000000000000FFC

mem[X,0x0000000080002188] -> 0xF4B3
mem[X,0x000000008000218A] -> 0x00A4
[2863] [M]: 0x0000000080002188 (0x00A4F4B3) and x9, x9, x10                         spcl_M2mmode_test+36
x9 <- 0x0000000000000004

clint mtime 0x0000000000000598 (mip.MTI <- 0b1, mip.STI <- 0b0)
mem[X,0x000000008000218C] -> 0x8493
mem[X,0x000000008000218E] -> 0xFF84
[2864] [M]: 0x000000008000218C (0xFF848493) addi x9, x9, -0x8                       spcl_M2mmode_test+40
x9 <- 0xFFFFFFFFFFFFFFFC

mem[X,0x0000000080002190] -> 0x9663
mem[X,0x0000000080002192] -> 0x0004
[2865] [M]: 0x0000000080002190 (0x00049663) bne x9, x0, 0xc                         spcl_M2mmode_test+44

clint mtime 0x0000000000000599 (mip.MTI <- 0b1, mip.STI <- 0b0)
mem[X,0x000000008000219C] -> 0x0393
mem[X,0x000000008000219E] -> 0x0200
[2866] [M]: 0x000000008000219C (0x02000393) addi x7, x0, 0x20                       Mtrapsig_ptr_upd+0
x7 <- 0x0000000000000020

mem[X,0x00000000800021A0] -> 0x5263
mem[X,0x00000000800021A2] -> 0x0405
[2867] [M]: 0x00000000800021A0 (0x04055263) bge x10, x0, 0x44                       Mtrapsig_ptr_upd+4

clint mtime 0x000000000000059A (mip.MTI <- 0b1, mip.STI <- 0b0)
mem[X,0x00000000800021E4] -> 0x2373
mem[X,0x00000000800021E6] -> 0x3010
[2868] [M]: 0x00000000800021E4 (0x30102373) csrrs x6, misa, x0                      Mxcpt_sig_sv+0
CSR misa (0x301) -> 0x800000000034112F
x6 <- 0x800000000034112F

mem[X,0x00000000800021E8] -> 0x1313
mem[X,0x00000000800021EA] -> 0x0383
[2869] [M]: 0x00000000800021E8 (0x03831313) slli x6, x6, 0x38                       Mxcpt_sig_sv+4
x6 <- 0x2F00000000000000

clint mtime 0x000000000000059B (mip.MTI <- 0b1, mip.STI <- 0b0)
mem[X,0x00000000800021EC] -> 0x5463
mem[X,0x00000000800021EE] -> 0x0003
[2870] [M]: 0x00000000800021EC (0x00035463) bge x6, x0, 0x8                         Mxcpt_sig_sv+8

mem[X,0x00000000800021F4] -> 0x3303
mem[X,0x00000000800021F6] -> 0x2181
[2871] [M]: 0x00000000800021F4 (0x21813303) ld x6, 0x218(x2)                        Mtrap_sig_sv+0
mem[R,0x0000000080005218] -> 0x00000000800094B8
x6 <- 0x00000000800094B8

clint mtime 0x000000000000059C (mip.MTI <- 0b1, mip.STI <- 0b0)
mem[X,0x00000000800021F8] -> 0x04B3
mem[X,0x00000000800021FA] -> 0x0073
[2872] [M]: 0x00000000800021F8 (0x007304B3) add x9, x6, x7                          Mtrap_sig_sv+4
x9 <- 0x00000000800094D8

mem[X,0x00000000800021FC] -> 0x3C23
mem[X,0x00000000800021FE] -> 0x2091
[2873] [M]: 0x00000000800021FC (0x20913C23) sd x9, 0x218(x2)                        Mtrap_sig_sv+8
mem[W,0x0000000080005218] <- 0x00000000800094D8

clint mtime 0x000000000000059D (mip.MTI <- 0b1, mip.STI <- 0b0)
mem[X,0x0000000080002200] -> 0x3403
mem[X,0x0000000080002202] -> 0x1F81
[2874] [M]: 0x0000000080002200 (0x1F813403) ld x8, 0x1f8(x2)                        Mtrap_sig_sv+12
mem[R,0x00000000800051F8] -> 0x0000000080009110
x8 <- 0x0000000080009110

mem[X,0x0000000080002204] -> 0x0333
mem[X,0x0000000080002206] -> 0x4083
[2875] [M]: 0x0000000080002204 (0x40830333) sub x6, x6, x8                          Mtrap_sig_sv+16
x6 <- 0x00000000000003A8

clint mtime 0x000000000000059E (mip.MTI <- 0b1, mip.STI <- 0b0)
mem[X,0x0000000080002208] -> 0x3403
mem[X,0x000000008000220A] -> 0x1F81
[2876] [M]: 0x0000000080002208 (0x1F813403) ld x8, 0x1f8(x2)                        Mtrap_sig_sv+20
mem[R,0x00000000800051F8] -> 0x0000000080009110
x8 <- 0x0000000080009110

mem[X,0x000000008000220C] -> 0x0333
mem[X,0x000000008000220E] -> 0x0083
[2877] [M]: 0x000000008000220C (0x00830333) add x6, x6, x8                          Mtrap_sig_sv+24
x6 <- 0x00000000800094B8

clint mtime 0x000000000000059F (mip.MTI <- 0b1, mip.STI <- 0b0)
mem[X,0x0000000080002210] -> 0x3403
mem[X,0x0000000080002212] -> 0x2401
[2878] [M]: 0x0000000080002210 (0x24013403) ld x8, 0x240(x2)                        Mtrap_sig_sv+28
mem[R,0x0000000080005240] -> 0x0000000080001F80
x8 <- 0x0000000080001F80

mem[X,0x0000000080002214] -> 0x85B3
mem[X,0x0000000080002216] -> 0x4085
[2879] [M]: 0x0000000080002214 (0x408585B3) sub x11, x11, x8                        sv_Mvect+0
x11 <- 0x000000000000010C

clint mtime 0x00000000000005A0 (mip.MTI <- 0b1, mip.STI <- 0b0)
mem[X,0x0000000080002218] -> 0x9593
mem[X,0x000000008000221A] -> 0x0045
[2880] [M]: 0x0000000080002218 (0x00459593) slli x11, x11, 0x4                      sv_Mvect+4
x11 <- 0x00000000000010C0

mem[X,0x000000008000221C] -> 0xE5B3
mem[X,0x000000008000221E] -> 0x0075
[2881] [M]: 0x000000008000221C (0x0075E5B3) or x11, x11, x7                         sv_Mvect+8
x11 <- 0x00000000000010E0

clint mtime 0x00000000000005A1 (mip.MTI <- 0b1, mip.STI <- 0b0)
mem[X,0x0000000080002220] -> 0x8593
mem[X,0x0000000080002222] -> 0x0035
[2882] [M]: 0x0000000080002220 (0x00358593) addi x11, x11, 0x3                      sv_Mvect+12
x11 <- 0x00000000000010E3

mem[X,0x0000000080002224] -> 0x3023
mem[X,0x0000000080002226] -> 0x00B3
[2883] [M]: 0x0000000080002224 (0x00B33023) sd x11, 0x0(x6)                         sv_Mvect+16
mem[W,0x00000000800094B8] <- 0x00000000000010E3

clint mtime 0x00000000000005A2 (mip.MTI <- 0b1, mip.STI <- 0b0)
mem[X,0x0000000080002228] -> 0x3423
mem[X,0x000000008000222A] -> 0x00A3
[2884] [M]: 0x0000000080002228 (0x00A33423) sd x10, 0x8(x6)                         sv_Mcause+0
mem[W,0x00000000800094C0] <- 0x0000000000000007

mem[X,0x000000008000222C] -> 0x4663
mem[X,0x000000008000222E] -> 0x1A05
[2885] [M]: 0x000000008000222C (0x1A054663) blt x10, x0, 0x1ac                      sv_Mcause+4

clint mtime 0x00000000000005A3 (mip.MTI <- 0b1, mip.STI <- 0b0)
mem[X,0x0000000080002230] -> 0x25F3
mem[X,0x0000000080002232] -> 0x3000
[2886] [M]: 0x0000000080002230 (0x300025F3) csrrs x11, mstatus, x0                  common_Mexcpt_handler+0
CSR mstatus (0x300) -> 0x0000000A00000800
x11 <- 0x0000000A00000800

mem[X,0x0000000080002234] -> 0x9413
mem[X,0x0000000080002236] -> 0x02E5
[2887] [M]: 0x0000000080002234 (0x02E59413) slli x8, x11, 0x2e                      common_Mexcpt_handler+4
x8 <- 0x0200000000000000

clint mtime 0x00000000000005A4 (mip.MTI <- 0b1, mip.STI <- 0b0)
mem[X,0x0000000080002238] -> 0x5463
mem[X,0x000000008000223A] -> 0x0004
[2888] [M]: 0x0000000080002238 (0x00045463) bge x8, x0, 0x8                         common_Mexcpt_handler+8

mem[X,0x0000000080002240] -> 0xD493
mem[X,0x0000000080002242] -> 0x00B5
[2889] [M]: 0x0000000080002240 (0x00B5D493) srli x9, x11, 0xb                       common_Mexcpt_handler+16
x9 <- 0x0000000001400001

clint mtime 0x00000000000005A5 (mip.MTI <- 0b1, mip.STI <- 0b0)
mem[X,0x0000000080002244] -> 0xF493
mem[X,0x0000000080002246] -> 0x0034
[2890] [M]: 0x0000000080002244 (0x0034F493) andi x9, x9, 0x3                        common_Mexcpt_handler+20
x9 <- 0x0000000000000001

mem[X,0x0000000080002248] -> 0x8493
mem[X,0x000000008000224A] -> 0x0014
[2891] [M]: 0x0000000080002248 (0x00148493) addi x9, x9, 0x1                        common_Mexcpt_handler+24
x9 <- 0x0000000000000002

clint mtime 0x00000000000005A6 (mip.MTI <- 0b1, mip.STI <- 0b0)
mem[X,0x000000008000224C] -> 0xF493
mem[X,0x000000008000224E] -> 0x0044
[2892] [M]: 0x000000008000224C (0x0044F493) andi x9, x9, 0x4                        common_Mexcpt_handler+28
x9 <- 0x0000000000000000

mem[X,0x0000000080002250] -> 0x0593
mem[X,0x0000000080002252] -> 0x05D0
[2893] [M]: 0x0000000080002250 (0x05D00593) addi x11, x0, 0x5d                      common_Mexcpt_handler+32
x11 <- 0x000000000000005D

clint mtime 0x00000000000005A7 (mip.MTI <- 0b1, mip.STI <- 0b0)
mem[X,0x0000000080002254] -> 0xD5B3
mem[X,0x0000000080002256] -> 0x0095
[2894] [M]: 0x0000000080002254 (0x0095D5B3) srl x11, x11, x9                        common_Mexcpt_handler+36
x11 <- 0x000000000000005D

mem[X,0x0000000080002258] -> 0xF593
mem[X,0x000000008000225A] -> 0x0015
[2895] [M]: 0x0000000080002258 (0x0015F593) andi x11, x11, 0x1                      common_Mexcpt_handler+40
x11 <- 0x0000000000000001

clint mtime 0x00000000000005A8 (mip.MTI <- 0b1, mip.STI <- 0b0)
mem[X,0x000000008000225C] -> 0x8EE3
mem[X,0x000000008000225E] -> 0xF405
[2896] [M]: 0x000000008000225C (0xF4058EE3) beq x11, x0, -0xa4                      common_Mexcpt_handler+44

mem[X,0x0000000080002260] -> 0x0593
mem[X,0x0000000080002262] -> 0x2980
[2897] [M]: 0x0000000080002260 (0x29800593) addi x11, x0, 0x298                     common_Mexcpt_handler+48
x11 <- 0x0000000000000298

clint mtime 0x00000000000005A9 (mip.MTI <- 0b1, mip.STI <- 0b0)
mem[X,0x0000000080002264] -> 0xF413
mem[X,0x0000000080002266] -> 0x0014
[2898] [M]: 0x0000000080002264 (0x0014F413) andi x8, x9, 0x1                        common_Mexcpt_handler+52
x8 <- 0x0000000000000000

mem[X,0x0000000080002268] -> 0x95B3
mem[X,0x000000008000226A] -> 0x0085
[2899] [M]: 0x0000000080002268 (0x008595B3) sll x11, x11, x8                        common_Mexcpt_handler+56
x11 <- 0x0000000000000298

clint mtime 0x00000000000005AA (mip.MTI <- 0b1, mip.STI <- 0b0)
mem[X,0x000000008000226C] -> 0x9413
mem[X,0x000000008000226E] -> 0x03D4
[2900] [M]: 0x000000008000226C (0x03D49413) slli x8, x9, 0x3d                       common_Mexcpt_handler+60
x8 <- 0x0000000000000000

mem[X,0x0000000080002270] -> 0x5413
mem[X,0x0000000080002272] -> 0x43F4
[2901] [M]: 0x0000000080002270 (0x43F45413) srai x8, x8, 0x3f                       common_Mexcpt_handler+64
x8 <- 0x0000000000000000

clint mtime 0x00000000000005AB (mip.MTI <- 0b1, mip.STI <- 0b0)
mem[X,0x0000000080002274] -> 0x4413
mem[X,0x0000000080002276] -> 0xFFF4
[2902] [M]: 0x0000000080002274 (0xFFF44413) xori x8, x8, -0x1                       common_Mexcpt_handler+68
x8 <- 0xFFFFFFFFFFFFFFFF

mem[X,0x0000000080002278] -> 0xF4B3
mem[X,0x000000008000227A] -> 0x0085
[2903] [M]: 0x0000000080002278 (0x0085F4B3) and x9, x11, x8                         common_Mexcpt_handler+72
x9 <- 0x0000000000000298

clint mtime 0x00000000000005AC (mip.MTI <- 0b1, mip.STI <- 0b0)
mem[X,0x000000008000227C] -> 0x84B3
mem[X,0x000000008000227E] -> 0x0024
[2904] [M]: 0x000000008000227C (0x002484B3) add x9, x9, x2                          vmem_adj_Mepc+0
x9 <- 0x0000000080005298

mem[X,0x0000000080002280] -> 0x23F3
mem[X,0x0000000080002282] -> 0x3410
[2905] [M]: 0x0000000080002280 (0x341023F3) csrrs x7, mepc, x0                      vmem_adj_Mepc+4
CSR mepc (0x341) -> 0x0000000180001A1C
x7 <- 0x0000000180001A1C

clint mtime 0x00000000000005AD (mip.MTI <- 0b1, mip.STI <- 0b0)
mem[X,0x0000000080002284] -> 0x0413
mem[X,0x0000000080002286] -> 0x0004
[2906] [M]: 0x0000000080002284 (0x00040413) addi x8, x8, 0x0                        vmem_adj_Mepc+8
x8 <- 0xFFFFFFFFFFFFFFFF

mem[X,0x0000000080002288] -> 0x006F
mem[X,0x000000008000228A] -> 0x0400
[2907] [M]: 0x0000000080002288 (0x0400006F) jal x0, 0x40                            vmem_adj_Mepc+12

clint mtime 0x00000000000005AE (mip.MTI <- 0b1, mip.STI <- 0b0)
mem[X,0x00000000800022C8] -> 0x8433
mem[X,0x00000000800022CA] -> 0x4083
[2908] [M]: 0x00000000800022C8 (0x40838433) sub x8, x7, x8                          adj_Mepc+0
x8 <- 0x0000000180001A1D

mem[X,0x00000000800022CC] -> 0x3823
mem[X,0x00000000800022CE] -> 0x0083
[2909] [M]: 0x00000000800022CC (0x00833823) sd x8, 0x10(x6)                         sv_Mepc+0
mem[W,0x00000000800094C8] <- 0x0000000180001A1D

clint mtime 0x00000000000005AF (mip.MTI <- 0b1, mip.STI <- 0b0)
mem[X,0x00000000800022D0] -> 0x55B7
mem[X,0x00000000800022D2] -> 0x0000
[2910] [M]: 0x00000000800022D0 (0x000055B7) lui x11, 0x5                            sv_Mepc+4
x11 <- 0x0000000000005000

mem[X,0x00000000800022D4] -> 0x8593
mem[X,0x00000000800022D6] -> 0x6675
[2911] [M]: 0x00000000800022D4 (0x66758593) addi x11, x11, 0x667                    sv_Mepc+8
x11 <- 0x0000000000005667

clint mtime 0x00000000000005B0 (mip.MTI <- 0b1, mip.STI <- 0b0)
mem[X,0x00000000800022D8] -> 0x9593
mem[X,0x00000000800022DA] -> 0x0015
[2912] [M]: 0x00000000800022D8 (0x00159593) slli x11, x11, 0x1                      sv_Mepc+12
x11 <- 0x000000000000ACCE

mem[X,0x00000000800022DC] -> 0x9063
mem[X,0x00000000800022DE] -> 0x02B1
[2913] [M]: 0x00000000800022DC (0x02B19063) bne x3, x11, 0x20                       sv_Mepc+16

clint mtime 0x00000000000005B1 (mip.MTI <- 0b1, mip.STI <- 0b0)
mem[X,0x00000000800022E0] -> 0x2473
mem[X,0x00000000800022E2] -> 0x3420
[2914] [M]: 0x00000000800022E0 (0x34202473) csrrs x8, mcause, x0                    sv_Mepc+20
CSR mcause (0x342) -> 0x0000000000000007
x8 <- 0x0000000000000007

mem[X,0x00000000800022E4] -> 0x0593
mem[X,0x00000000800022E6] -> 0x00C0
[2915] [M]: 0x00000000800022E4 (0x00C00593) addi x11, x0, 0xc                       sv_Mepc+24
x11 <- 0x000000000000000C

clint mtime 0x00000000000005B2 (mip.MTI <- 0b1, mip.STI <- 0b0)
mem[X,0x00000000800022E8] -> 0x0663
mem[X,0x00000000800022EA] -> 0x00B4
[2916] [M]: 0x00000000800022E8 (0x00B40663) beq x8, x11, 0xc                        sv_Mepc+28

mem[X,0x00000000800022EC] -> 0x0593
mem[X,0x00000000800022EE] -> 0x0010
[2917] [M]: 0x00000000800022EC (0x00100593) addi x11, x0, 0x1                       sv_Mepc+32
x11 <- 0x0000000000000001

clint mtime 0x00000000000005B3 (mip.MTI <- 0b1, mip.STI <- 0b0)
mem[X,0x00000000800022F0] -> 0x1663
mem[X,0x00000000800022F2] -> 0x00B4
[2918] [M]: 0x00000000800022F0 (0x00B41663) bne x8, x11, 0xc                        sv_Mepc+36

mem[X,0x00000000800022FC] -> 0xF593
mem[X,0x00000000800022FE] -> 0xFFC3
[2919] [M]: 0x00000000800022FC (0xFFC3F593) andi x11, x7, -0x4                      adj_Mepc_rtn+0
x11 <- 0x0000000180001A1C

clint mtime 0x00000000000005B4 (mip.MTI <- 0b1, mip.STI <- 0b0)
mem[X,0x0000000080002300] -> 0x8593
mem[X,0x0000000080002302] -> 0x0085
[2920] [M]: 0x0000000080002300 (0x00858593) addi x11, x11, 0x8                      adj_Mepc_rtn+4
x11 <- 0x0000000180001A24

mem[X,0x0000000080002304] -> 0x9073
mem[X,0x0000000080002306] -> 0x3415
[2921] [M]: 0x0000000080002304 (0x34159073) csrrw x0, mepc, x11                     adj_Mepc_rtn+8
CSR mepc (0x341) <- 0x0000000180001A24

clint mtime 0x00000000000005B5 (mip.MTI <- 0b1, mip.STI <- 0b0)
mem[X,0x0000000080002308] -> 0x23F3
mem[X,0x000000008000230A] -> 0x3430
[2922] [M]: 0x0000000080002308 (0x343023F3) csrrs x7, mtval, x0                     skp_adj_Mepc+0
CSR mtval (0x343) -> 0x0000000140000414
x7 <- 0x0000000140000414

mem[X,0x000000008000230C] -> 0x0413
mem[X,0x000000008000230E] -> 0x0004
[2923] [M]: 0x000000008000230C (0x00040413) addi x8, x8, 0x0                        skp_adj_Mepc+4
x8 <- 0x0000000000000007

clint mtime 0x00000000000005B6 (mip.MTI <- 0b1, mip.STI <- 0b0)
mem[X,0x0000000080002310] -> 0x006F
mem[X,0x0000000080002312] -> 0x0840
[2924] [M]: 0x0000000080002310 (0x0840006F) jal x0, 0x84                            skp_adj_Mepc+8

mem[X,0x0000000080002394] -> 0x8433
mem[X,0x0000000080002396] -> 0x4083
[2925] [M]: 0x0000000080002394 (0x40838433) sub x8, x7, x8                          adj_Mtval+0
x8 <- 0x000000014000040D

clint mtime 0x00000000000005B7 (mip.MTI <- 0b1, mip.STI <- 0b0)
mem[X,0x0000000080002398] -> 0x3C23
mem[X,0x000000008000239A] -> 0x0083
[2926] [M]: 0x0000000080002398 (0x00833C23) sd x8, 0x18(x6)                         sv_Mtval+0
mem[W,0x00000000800094D0] <- 0x000000014000040D

mem[X,0x000000008000239C] -> 0x3483
mem[X,0x000000008000239E] -> 0x2181
[2927] [M]: 0x000000008000239C (0x21813483) ld x9, 0x218(x2)                        skp_Mtval+0
mem[R,0x0000000080005218] -> 0x00000000800094D8
x9 <- 0x00000000800094D8

clint mtime 0x00000000000005B8 (mip.MTI <- 0b1, mip.STI <- 0b0)
mem[X,0x00000000800023A0] -> 0x3383
mem[X,0x00000000800023A2] -> 0x1F81
[2928] [M]: 0x00000000800023A0 (0x1F813383) ld x7, 0x1f8(x2)                        skp_Mtval+4
mem[R,0x00000000800051F8] -> 0x0000000080009110
x7 <- 0x0000000080009110

mem[X,0x00000000800023A4] -> 0x3303
mem[X,0x00000000800023A6] -> 0x2001
[2929] [M]: 0x00000000800023A4 (0x20013303) ld x6, 0x200(x2)                        skp_Mtval+8
mem[R,0x0000000080005200] -> 0x0000000000000410
x6 <- 0x0000000000000410

clint mtime 0x00000000000005B9 (mip.MTI <- 0b1, mip.STI <- 0b0)
mem[X,0x00000000800023A8] -> 0x0333
mem[X,0x00000000800023AA] -> 0x0073
[2930] [M]: 0x00000000800023A8 (0x00730333) add x6, x6, x7                          skp_Mtval+12
x6 <- 0x0000000080009520

mem[X,0x00000000800023AC] -> 0x6AE3
mem[X,0x00000000800023AE] -> 0xAE93
[2931] [M]: 0x00000000800023AC (0xAE936AE3) bltu x6, x9, -0x50c                     skp_Mtval+16

clint mtime 0x00000000000005BA (mip.MTI <- 0b1, mip.STI <- 0b0)
mem[X,0x00000000800023B0] -> 0x0393
mem[X,0x00000000800023B2] -> 0x2000
[2932] [M]: 0x00000000800023B0 (0x20000393) addi x7, x0, 0x200                      skp_Mtval+20
x7 <- 0x0000000000000200

mem[X,0x00000000800023B4] -> 0x006F
mem[X,0x00000000800023B6] -> 0x0400
[2933] [M]: 0x00000000800023B4 (0x0400006F) jal x0, 0x40                            skp_Mtval+24

clint mtime 0x00000000000005BB (mip.MTI <- 0b1, mip.STI <- 0b0)
mem[X,0x00000000800023F4] -> 0x0417
mem[X,0x00000000800023F6] -> 0x0000
[2934] [M]: 0x00000000800023F4 (0x00000417) auipc x8, 0x0                           spcl_Mhandler+0
x8 <- 0x00000000800023F4

mem[X,0x00000000800023F8] -> 0x0413
mem[X,0x00000000800023FA] -> 0x03C4
[2935] [M]: 0x00000000800023F8 (0x03C40413) addi x8, x8, 0x3c                       spcl_Mhandler+4
x8 <- 0x0000000080002430

clint mtime 0x00000000000005BC (mip.MTI <- 0b1, mip.STI <- 0b0)
mem[X,0x00000000800023FC] -> 0x0433
mem[X,0x00000000800023FE] -> 0x0074
[2936] [M]: 0x00000000800023FC (0x00740433) add x8, x8, x7                          spcl_Mhandler+8
x8 <- 0x0000000080002630

mem[X,0x0000000080002400] -> 0x1393
mem[X,0x0000000080002402] -> 0x0035
[2937] [M]: 0x0000000080002400 (0x00351393) slli x7, x10, 0x3                       spcl_Mhandler+12
x7 <- 0x0000000000000038

clint mtime 0x00000000000005BD (mip.MTI <- 0b1, mip.STI <- 0b0)
mem[X,0x0000000080002404] -> 0x0433
mem[X,0x0000000080002406] -> 0x0074
[2938] [M]: 0x0000000080002404 (0x00740433) add x8, x8, x7                          spcl_Mhandler+16
x8 <- 0x0000000080002668

mem[X,0x0000000080002408] -> 0x7413
mem[X,0x000000008000240A] -> 0xFF84
[2939] [M]: 0x0000000080002408 (0xFF847413) andi x8, x8, -0x8                       spcl_Mhandler+20
x8 <- 0x0000000080002668

clint mtime 0x00000000000005BE (mip.MTI <- 0b1, mip.STI <- 0b0)
mem[X,0x000000008000240C] -> 0x3403
mem[X,0x000000008000240E] -> 0x0004
[2940] [M]: 0x000000008000240C (0x00043403) ld x8, 0x0(x8)                          spcl_Mhandler+24
mem[R,0x0000000080002668] -> 0x000000000000000F
x8 <- 0x000000000000000F

mem[X,0x0000000080002410] -> 0x02E3
mem[X,0x0000000080002412] -> 0xB204
[2941] [M]: 0x0000000080002410 (0xB20402E3) beq x8, x0, -0x4dc                      spcl_Mdispatch_hndling+0

clint mtime 0x00000000000005BF (mip.MTI <- 0b1, mip.STI <- 0b0)
mem[X,0x0000000080002414] -> 0x1393
mem[X,0x0000000080002416] -> 0x03F4
[2942] [M]: 0x0000000080002414 (0x03F41393) slli x7, x8, 0x3f                       spcl_Mdispatch_hndling+4
x7 <- 0x8000000000000000

mem[X,0x0000000080002418] -> 0xD863
mem[X,0x000000008000241A] -> 0x0003
[2943] [M]: 0x0000000080002418 (0x0003D863) bge x7, x0, 0x10                        spcl_Mdispatch_hndling+8

clint mtime 0x00000000000005C0 (mip.MTI <- 0b1, mip.STI <- 0b0)
mem[X,0x000000008000241C] -> 0x5413
mem[X,0x000000008000241E] -> 0x0014
[2944] [M]: 0x000000008000241C (0x00145413) srli x8, x8, 0x1                        spcl_Mdispatch_hndling+12
x8 <- 0x0000000000000007

mem[X,0x0000000080002420] -> 0x0CE3
mem[X,0x0000000080002422] -> 0xF885
[2945] [M]: 0x0000000080002420 (0xF8850CE3) beq x10, x8, -0x68                      spcl_Mdispatch_hndling+16

clint mtime 0x00000000000005C1 (mip.MTI <- 0b1, mip.STI <- 0b0)
mem[X,0x00000000800023B8] -> 0x3303
mem[X,0x00000000800023BA] -> 0x2601
[2946] [M]: 0x00000000800023B8 (0x26013303) ld x6, 0x260(x2)                        resto_Mrtn+0
mem[R,0x0000000080005260] -> 0xFFFFFFFF7FFFE6EC
x6 <- 0xFFFFFFFF7FFFE6EC

mem[X,0x00000000800023BC] -> 0x3383
mem[X,0x00000000800023BE] -> 0x2681
[2947] [M]: 0x00000000800023BC (0x26813383) ld x7, 0x268(x2)                        resto_Mrtn+4
mem[R,0x0000000080005268] -> 0x0000000080005000
x7 <- 0x0000000080005000

clint mtime 0x00000000000005C2 (mip.MTI <- 0b1, mip.STI <- 0b0)
mem[X,0x00000000800023C0] -> 0x3403
mem[X,0x00000000800023C2] -> 0x2701
[2948] [M]: 0x00000000800023C0 (0x27013403) ld x8, 0x270(x2)                        resto_Mrtn+8
mem[R,0x0000000080005270] -> 0x0000000000007F76
x8 <- 0x0000000000007F76

mem[X,0x00000000800023C4] -> 0x3483
mem[X,0x00000000800023C6] -> 0x2781
[2949] [M]: 0x00000000800023C4 (0x27813483) ld x9, 0x278(x2)                        resto_Mrtn+12
mem[R,0x0000000080005278] -> 0x00000001000000E8
x9 <- 0x00000001000000E8

clint mtime 0x00000000000005C3 (mip.MTI <- 0b1, mip.STI <- 0b0)
mem[X,0x00000000800023C8] -> 0x3503
mem[X,0x00000000800023CA] -> 0x2801
[2950] [M]: 0x00000000800023C8 (0x28013503) ld x10, 0x280(x2)                       resto_Mrtn+16
mem[R,0x0000000080005280] -> 0x00000000200000CF
x10 <- 0x00000000200000CF

mem[X,0x00000000800023CC] -> 0x3583
mem[X,0x00000000800023CE] -> 0x2881
[2951] [M]: 0x00000000800023CC (0x28813583) ld x11, 0x288(x2)                       resto_Mrtn+20
mem[R,0x0000000080005288] -> 0x00000000000000CF
x11 <- 0x00000000000000CF

clint mtime 0x00000000000005C4 (mip.MTI <- 0b1, mip.STI <- 0b0)
mem[X,0x00000000800023D0] -> 0x3103
mem[X,0x00000000800023D2] -> 0x2901
[2952] [M]: 0x00000000800023D0 (0x29013103) ld x2, 0x290(x2)                        resto_Mrtn+24
mem[R,0x0000000080005290] -> 0x0000000000000000
x2 <- 0x0000000000000000

mem[X,0x00000000800023D4] -> 0x0073
mem[X,0x00000000800023D6] -> 0x3020
[2953] [M]: 0x00000000800023D4 (0x30200073) mret                                    resto_Mrtn+28
CSR mstatus (0x300) <- 0x0000000A00000080
ret-ing from M to S

clint mtime 0x00000000000005C5 (mip.MTI <- 0b1, mip.STI <- 0b0)
PTW: Start, vpn=0x180001, access_type=X, privilege=Smem[R,0x0000000080008030] -> 0x00000000200000CB
PTW: Step, level=2, pte=0x200000CB, pte_addr=0x80008030
PTW: Success, final_ppn=0x80001, level=2mem[X,0x0000000080001A24] -> 0xA703
PTW: Start, vpn=0x180001, access_type=X, privilege=Smem[R,0x0000000080008030] -> 0x00000000200000CB
PTW: Step, level=2, pte=0x200000CB, pte_addr=0x80008030
PTW: Success, final_ppn=0x80001, level=2mem[X,0x0000000080001A26] -> 0x0147
[2954] [S]: 0x0000000180001A24 (0x0147A703) lw x14, 0x14(x15)                       va_rvtest_code_begin+3720
PTW: Start, vpn=0x140000, access_type=R, privilege=Smem[R,0x0000000080008028] -> 0x00000000200000CF
PTW: Step, level=2, pte=0x200000CF, pte_addr=0x80008028
PTW: Success, final_ppn=0x80000, level=2trapping from S to M to handle load-access-fault
handling exc#load-access-fault at priv M with tval 0x0000000140000414
CSR mstatus (0x300) <- 0x0000000A00000800
CSR mcause (0x342) <- 0x0000000000000005
CSR mtval (0x343) <- 0x0000000140000414
CSR mepc (0x341) <- 0x0000000180001A24

mem[X,0x0000000080001F80] -> 0x006F
mem[X,0x0000000080001F82] -> 0x1000
[2955] [M]: 0x0000000080001F80 (0x1000006F) jal x0, 0x100                           Mtrampoline+0

clint mtime 0x00000000000005C6 (mip.MTI <- 0b1, mip.STI <- 0b0)
mem[X,0x0000000080002080] -> 0x1173
mem[X,0x0000000080002082] -> 0x3401
[2956] [M]: 0x0000000080002080 (0x34011173) csrrw x2, mscratch, x2                  trap_Mhandler+0
CSR mscratch (0x340) <- 0x0000000000000000
x2 <- 0x0000000080005000

mem[X,0x0000000080002084] -> 0x3423
mem[X,0x0000000080002086] -> 0x28B1
[2957] [M]: 0x0000000080002084 (0x28B13423) sd x11, 0x288(x2)                       trap_Mhandler+4
mem[W,0x0000000080005288] <- 0x00000000000000CF

clint mtime 0x00000000000005C7 (mip.MTI <- 0b1, mip.STI <- 0b0)
mem[X,0x0000000080002088] -> 0x05EF
mem[X,0x000000008000208A] -> 0x0B80
[2958] [M]: 0x0000000080002088 (0x0B8005EF) jal x11, 0xb8                           trap_Mhandler+8
x11 <- 0x000000008000208C

mem[X,0x0000000080002140] -> 0x3023
mem[X,0x0000000080002142] -> 0x28A1
[2959] [M]: 0x0000000080002140 (0x28A13023) sd x10, 0x280(x2)                       common_Mhandler+0
mem[W,0x0000000080005280] <- 0x00000000200000CF

clint mtime 0x00000000000005C8 (mip.MTI <- 0b1, mip.STI <- 0b0)
mem[X,0x0000000080002144] -> 0x1573
mem[X,0x0000000080002146] -> 0x3401
[2960] [M]: 0x0000000080002144 (0x34011573) csrrw x10, mscratch, x2                 common_Mhandler+4
CSR mscratch (0x340) <- 0x0000000080005000
x10 <- 0x0000000000000000

mem[X,0x0000000080002148] -> 0x3823
mem[X,0x000000008000214A] -> 0x28A1
[2961] [M]: 0x0000000080002148 (0x28A13823) sd x10, 0x290(x2)                       common_Mhandler+8
mem[W,0x0000000080005290] <- 0x0000000000000000

clint mtime 0x00000000000005C9 (mip.MTI <- 0b1, mip.STI <- 0b0)
mem[X,0x000000008000214C] -> 0x3503
mem[X,0x000000008000214E] -> 0x2301
[2962] [M]: 0x000000008000214C (0x23013503) ld x10, 0x230(x2)                       common_Mhandler+12
mem[R,0x0000000080005230] -> 0x0000000080002154
x10 <- 0x0000000080002154

mem[X,0x0000000080002150] -> 0x0067
mem[X,0x0000000080002152] -> 0x0005
[2963] [M]: 0x0000000080002150 (0x00050067) jalr x0, 0x0(x10)                       common_Mhandler+16

clint mtime 0x00000000000005CA (mip.MTI <- 0b1, mip.STI <- 0b0)
mem[X,0x0000000080002154] -> 0x3C23
mem[X,0x0000000080002156] -> 0x2691
[2964] [M]: 0x0000000080002154 (0x26913C23) sd x9, 0x278(x2)                        common_Mentry+0
mem[W,0x0000000080005278] <- 0x00000001000000E8

mem[X,0x0000000080002158] -> 0x3823
mem[X,0x000000008000215A] -> 0x2681
[2965] [M]: 0x0000000080002158 (0x26813823) sd x8, 0x270(x2)                        common_Mentry+4
mem[W,0x0000000080005270] <- 0x0000000000007F76

clint mtime 0x00000000000005CB (mip.MTI <- 0b1, mip.STI <- 0b0)
mem[X,0x000000008000215C] -> 0x3423
mem[X,0x000000008000215E] -> 0x2671
[2966] [M]: 0x000000008000215C (0x26713423) sd x7, 0x268(x2)                        common_Mentry+8
mem[W,0x0000000080005268] <- 0x0000000080005000

mem[X,0x0000000080002160] -> 0x3023
mem[X,0x0000000080002162] -> 0x2661
[2967] [M]: 0x0000000080002160 (0x26613023) sd x6, 0x260(x2)                        common_Mentry+12
mem[W,0x0000000080005260] <- 0xFFFFFFFF7FFFE6EC

clint mtime 0x00000000000005CC (mip.MTI <- 0b1, mip.STI <- 0b0)
mem[X,0x0000000080002164] -> 0x2573
mem[X,0x0000000080002166] -> 0x3420
[2968] [M]: 0x0000000080002164 (0x34202573) csrrs x10, mcause, x0                   spcl_M2mmode_test+0
CSR mcause (0x342) -> 0x0000000000000005
x10 <- 0x0000000000000005

mem[X,0x0000000080002168] -> 0x04B7
mem[X,0x000000008000216A] -> 0x8000
[2969] [M]: 0x0000000080002168 (0x800004B7) lui x9, -0x80000                        spcl_M2mmode_test+4
x9 <- 0xFFFFFFFF80000000

clint mtime 0x00000000000005CD (mip.MTI <- 0b1, mip.STI <- 0b0)
mem[X,0x000000008000216C] -> 0x8493
mem[X,0x000000008000216E] -> 0x0004
[2970] [M]: 0x000000008000216C (0x00048493) addi x9, x9, 0x0                        spcl_M2mmode_test+8
x9 <- 0xFFFFFFFF80000000

mem[X,0x0000000080002170] -> 0x9493
mem[X,0x0000000080002172] -> 0x00B4
[2971] [M]: 0x0000000080002170 (0x00B49493) slli x9, x9, 0xb                        spcl_M2mmode_test+12
x9 <- 0xFFFFFC0000000000

clint mtime 0x00000000000005CE (mip.MTI <- 0b1, mip.STI <- 0b0)
mem[X,0x0000000080002174] -> 0x8493
mem[X,0x0000000080002176] -> 0x0004
[2972] [M]: 0x0000000080002174 (0x00048493) addi x9, x9, 0x0                        spcl_M2mmode_test+16
x9 <- 0xFFFFFC0000000000

mem[X,0x0000000080002178] -> 0x9493
mem[X,0x000000008000217A] -> 0x00B4
[2973] [M]: 0x0000000080002178 (0x00B49493) slli x9, x9, 0xb                        spcl_M2mmode_test+20
x9 <- 0xFFE0000000000000

clint mtime 0x00000000000005CF (mip.MTI <- 0b1, mip.STI <- 0b0)
mem[X,0x000000008000217C] -> 0x8493
mem[X,0x000000008000217E] -> 0x0034
[2974] [M]: 0x000000008000217C (0x00348493) addi x9, x9, 0x3                        spcl_M2mmode_test+24
x9 <- 0xFFE0000000000003

mem[X,0x0000000080002180] -> 0x9493
mem[X,0x0000000080002182] -> 0x00A4
[2975] [M]: 0x0000000080002180 (0x00A49493) slli x9, x9, 0xa                        spcl_M2mmode_test+28
x9 <- 0x8000000000000C00

clint mtime 0x00000000000005D0 (mip.MTI <- 0b1, mip.STI <- 0b0)
mem[X,0x0000000080002184] -> 0x8493
mem[X,0x0000000080002186] -> 0x3FC4
[2976] [M]: 0x0000000080002184 (0x3FC48493) addi x9, x9, 0x3fc                      spcl_M2mmode_test+32
x9 <- 0x8000000000000FFC

mem[X,0x0000000080002188] -> 0xF4B3
mem[X,0x000000008000218A] -> 0x00A4
[2977] [M]: 0x0000000080002188 (0x00A4F4B3) and x9, x9, x10                         spcl_M2mmode_test+36
x9 <- 0x0000000000000004

clint mtime 0x00000000000005D1 (mip.MTI <- 0b1, mip.STI <- 0b0)
mem[X,0x000000008000218C] -> 0x8493
mem[X,0x000000008000218E] -> 0xFF84
[2978] [M]: 0x000000008000218C (0xFF848493) addi x9, x9, -0x8                       spcl_M2mmode_test+40
x9 <- 0xFFFFFFFFFFFFFFFC

mem[X,0x0000000080002190] -> 0x9663
mem[X,0x0000000080002192] -> 0x0004
[2979] [M]: 0x0000000080002190 (0x00049663) bne x9, x0, 0xc                         spcl_M2mmode_test+44

clint mtime 0x00000000000005D2 (mip.MTI <- 0b1, mip.STI <- 0b0)
mem[X,0x000000008000219C] -> 0x0393
mem[X,0x000000008000219E] -> 0x0200
[2980] [M]: 0x000000008000219C (0x02000393) addi x7, x0, 0x20                       Mtrapsig_ptr_upd+0
x7 <- 0x0000000000000020

mem[X,0x00000000800021A0] -> 0x5263
mem[X,0x00000000800021A2] -> 0x0405
[2981] [M]: 0x00000000800021A0 (0x04055263) bge x10, x0, 0x44                       Mtrapsig_ptr_upd+4

clint mtime 0x00000000000005D3 (mip.MTI <- 0b1, mip.STI <- 0b0)
mem[X,0x00000000800021E4] -> 0x2373
mem[X,0x00000000800021E6] -> 0x3010
[2982] [M]: 0x00000000800021E4 (0x30102373) csrrs x6, misa, x0                      Mxcpt_sig_sv+0
CSR misa (0x301) -> 0x800000000034112F
x6 <- 0x800000000034112F

mem[X,0x00000000800021E8] -> 0x1313
mem[X,0x00000000800021EA] -> 0x0383
[2983] [M]: 0x00000000800021E8 (0x03831313) slli x6, x6, 0x38                       Mxcpt_sig_sv+4
x6 <- 0x2F00000000000000

clint mtime 0x00000000000005D4 (mip.MTI <- 0b1, mip.STI <- 0b0)
mem[X,0x00000000800021EC] -> 0x5463
mem[X,0x00000000800021EE] -> 0x0003
[2984] [M]: 0x00000000800021EC (0x00035463) bge x6, x0, 0x8                         Mxcpt_sig_sv+8

mem[X,0x00000000800021F4] -> 0x3303
mem[X,0x00000000800021F6] -> 0x2181
[2985] [M]: 0x00000000800021F4 (0x21813303) ld x6, 0x218(x2)                        Mtrap_sig_sv+0
mem[R,0x0000000080005218] -> 0x00000000800094D8
x6 <- 0x00000000800094D8

clint mtime 0x00000000000005D5 (mip.MTI <- 0b1, mip.STI <- 0b0)
mem[X,0x00000000800021F8] -> 0x04B3
mem[X,0x00000000800021FA] -> 0x0073
[2986] [M]: 0x00000000800021F8 (0x007304B3) add x9, x6, x7                          Mtrap_sig_sv+4
x9 <- 0x00000000800094F8

mem[X,0x00000000800021FC] -> 0x3C23
mem[X,0x00000000800021FE] -> 0x2091
[2987] [M]: 0x00000000800021FC (0x20913C23) sd x9, 0x218(x2)                        Mtrap_sig_sv+8
mem[W,0x0000000080005218] <- 0x00000000800094F8

clint mtime 0x00000000000005D6 (mip.MTI <- 0b1, mip.STI <- 0b0)
mem[X,0x0000000080002200] -> 0x3403
mem[X,0x0000000080002202] -> 0x1F81
[2988] [M]: 0x0000000080002200 (0x1F813403) ld x8, 0x1f8(x2)                        Mtrap_sig_sv+12
mem[R,0x00000000800051F8] -> 0x0000000080009110
x8 <- 0x0000000080009110

mem[X,0x0000000080002204] -> 0x0333
mem[X,0x0000000080002206] -> 0x4083
[2989] [M]: 0x0000000080002204 (0x40830333) sub x6, x6, x8                          Mtrap_sig_sv+16
x6 <- 0x00000000000003C8

clint mtime 0x00000000000005D7 (mip.MTI <- 0b1, mip.STI <- 0b0)
mem[X,0x0000000080002208] -> 0x3403
mem[X,0x000000008000220A] -> 0x1F81
[2990] [M]: 0x0000000080002208 (0x1F813403) ld x8, 0x1f8(x2)                        Mtrap_sig_sv+20
mem[R,0x00000000800051F8] -> 0x0000000080009110
x8 <- 0x0000000080009110

mem[X,0x000000008000220C] -> 0x0333
mem[X,0x000000008000220E] -> 0x0083
[2991] [M]: 0x000000008000220C (0x00830333) add x6, x6, x8                          Mtrap_sig_sv+24
x6 <- 0x00000000800094D8

clint mtime 0x00000000000005D8 (mip.MTI <- 0b1, mip.STI <- 0b0)
mem[X,0x0000000080002210] -> 0x3403
mem[X,0x0000000080002212] -> 0x2401
[2992] [M]: 0x0000000080002210 (0x24013403) ld x8, 0x240(x2)                        Mtrap_sig_sv+28
mem[R,0x0000000080005240] -> 0x0000000080001F80
x8 <- 0x0000000080001F80

mem[X,0x0000000080002214] -> 0x85B3
mem[X,0x0000000080002216] -> 0x4085
[2993] [M]: 0x0000000080002214 (0x408585B3) sub x11, x11, x8                        sv_Mvect+0
x11 <- 0x000000000000010C

clint mtime 0x00000000000005D9 (mip.MTI <- 0b1, mip.STI <- 0b0)
mem[X,0x0000000080002218] -> 0x9593
mem[X,0x000000008000221A] -> 0x0045
[2994] [M]: 0x0000000080002218 (0x00459593) slli x11, x11, 0x4                      sv_Mvect+4
x11 <- 0x00000000000010C0

mem[X,0x000000008000221C] -> 0xE5B3
mem[X,0x000000008000221E] -> 0x0075
[2995] [M]: 0x000000008000221C (0x0075E5B3) or x11, x11, x7                         sv_Mvect+8
x11 <- 0x00000000000010E0

clint mtime 0x00000000000005DA (mip.MTI <- 0b1, mip.STI <- 0b0)
mem[X,0x0000000080002220] -> 0x8593
mem[X,0x0000000080002222] -> 0x0035
[2996] [M]: 0x0000000080002220 (0x00358593) addi x11, x11, 0x3                      sv_Mvect+12
x11 <- 0x00000000000010E3

mem[X,0x0000000080002224] -> 0x3023
mem[X,0x0000000080002226] -> 0x00B3
[2997] [M]: 0x0000000080002224 (0x00B33023) sd x11, 0x0(x6)                         sv_Mvect+16
mem[W,0x00000000800094D8] <- 0x00000000000010E3

clint mtime 0x00000000000005DB (mip.MTI <- 0b1, mip.STI <- 0b0)
mem[X,0x0000000080002228] -> 0x3423
mem[X,0x000000008000222A] -> 0x00A3
[2998] [M]: 0x0000000080002228 (0x00A33423) sd x10, 0x8(x6)                         sv_Mcause+0
mem[W,0x00000000800094E0] <- 0x0000000000000005

mem[X,0x000000008000222C] -> 0x4663
mem[X,0x000000008000222E] -> 0x1A05
[2999] [M]: 0x000000008000222C (0x1A054663) blt x10, x0, 0x1ac                      sv_Mcause+4

clint mtime 0x00000000000005DC (mip.MTI <- 0b1, mip.STI <- 0b0)
mem[X,0x0000000080002230] -> 0x25F3
mem[X,0x0000000080002232] -> 0x3000
[3000] [M]: 0x0000000080002230 (0x300025F3) csrrs x11, mstatus, x0                  common_Mexcpt_handler+0
CSR mstatus (0x300) -> 0x0000000A00000800
x11 <- 0x0000000A00000800

mem[X,0x0000000080002234] -> 0x9413
mem[X,0x0000000080002236] -> 0x02E5
[3001] [M]: 0x0000000080002234 (0x02E59413) slli x8, x11, 0x2e                      common_Mexcpt_handler+4
x8 <- 0x0200000000000000

clint mtime 0x00000000000005DD (mip.MTI <- 0b1, mip.STI <- 0b0)
mem[X,0x0000000080002238] -> 0x5463
mem[X,0x000000008000223A] -> 0x0004
[3002] [M]: 0x0000000080002238 (0x00045463) bge x8, x0, 0x8                         common_Mexcpt_handler+8

mem[X,0x0000000080002240] -> 0xD493
mem[X,0x0000000080002242] -> 0x00B5
[3003] [M]: 0x0000000080002240 (0x00B5D493) srli x9, x11, 0xb                       common_Mexcpt_handler+16
x9 <- 0x0000000001400001

clint mtime 0x00000000000005DE (mip.MTI <- 0b1, mip.STI <- 0b0)
mem[X,0x0000000080002244] -> 0xF493
mem[X,0x0000000080002246] -> 0x0034
[3004] [M]: 0x0000000080002244 (0x0034F493) andi x9, x9, 0x3                        common_Mexcpt_handler+20
x9 <- 0x0000000000000001

mem[X,0x0000000080002248] -> 0x8493
mem[X,0x000000008000224A] -> 0x0014
[3005] [M]: 0x0000000080002248 (0x00148493) addi x9, x9, 0x1                        common_Mexcpt_handler+24
x9 <- 0x0000000000000002

clint mtime 0x00000000000005DF (mip.MTI <- 0b1, mip.STI <- 0b0)
mem[X,0x000000008000224C] -> 0xF493
mem[X,0x000000008000224E] -> 0x0044
[3006] [M]: 0x000000008000224C (0x0044F493) andi x9, x9, 0x4                        common_Mexcpt_handler+28
x9 <- 0x0000000000000000

mem[X,0x0000000080002250] -> 0x0593
mem[X,0x0000000080002252] -> 0x05D0
[3007] [M]: 0x0000000080002250 (0x05D00593) addi x11, x0, 0x5d                      common_Mexcpt_handler+32
x11 <- 0x000000000000005D

clint mtime 0x00000000000005E0 (mip.MTI <- 0b1, mip.STI <- 0b0)
mem[X,0x0000000080002254] -> 0xD5B3
mem[X,0x0000000080002256] -> 0x0095
[3008] [M]: 0x0000000080002254 (0x0095D5B3) srl x11, x11, x9                        common_Mexcpt_handler+36
x11 <- 0x000000000000005D

mem[X,0x0000000080002258] -> 0xF593
mem[X,0x000000008000225A] -> 0x0015
[3009] [M]: 0x0000000080002258 (0x0015F593) andi x11, x11, 0x1                      common_Mexcpt_handler+40
x11 <- 0x0000000000000001

clint mtime 0x00000000000005E1 (mip.MTI <- 0b1, mip.STI <- 0b0)
mem[X,0x000000008000225C] -> 0x8EE3
mem[X,0x000000008000225E] -> 0xF405
[3010] [M]: 0x000000008000225C (0xF4058EE3) beq x11, x0, -0xa4                      common_Mexcpt_handler+44

mem[X,0x0000000080002260] -> 0x0593
mem[X,0x0000000080002262] -> 0x2980
[3011] [M]: 0x0000000080002260 (0x29800593) addi x11, x0, 0x298                     common_Mexcpt_handler+48
x11 <- 0x0000000000000298

clint mtime 0x00000000000005E2 (mip.MTI <- 0b1, mip.STI <- 0b0)
mem[X,0x0000000080002264] -> 0xF413
mem[X,0x0000000080002266] -> 0x0014
[3012] [M]: 0x0000000080002264 (0x0014F413) andi x8, x9, 0x1                        common_Mexcpt_handler+52
x8 <- 0x0000000000000000

mem[X,0x0000000080002268] -> 0x95B3
mem[X,0x000000008000226A] -> 0x0085
[3013] [M]: 0x0000000080002268 (0x008595B3) sll x11, x11, x8                        common_Mexcpt_handler+56
x11 <- 0x0000000000000298

clint mtime 0x00000000000005E3 (mip.MTI <- 0b1, mip.STI <- 0b0)
mem[X,0x000000008000226C] -> 0x9413
mem[X,0x000000008000226E] -> 0x03D4
[3014] [M]: 0x000000008000226C (0x03D49413) slli x8, x9, 0x3d                       common_Mexcpt_handler+60
x8 <- 0x0000000000000000

mem[X,0x0000000080002270] -> 0x5413
mem[X,0x0000000080002272] -> 0x43F4
[3015] [M]: 0x0000000080002270 (0x43F45413) srai x8, x8, 0x3f                       common_Mexcpt_handler+64
x8 <- 0x0000000000000000

clint mtime 0x00000000000005E4 (mip.MTI <- 0b1, mip.STI <- 0b0)
mem[X,0x0000000080002274] -> 0x4413
mem[X,0x0000000080002276] -> 0xFFF4
[3016] [M]: 0x0000000080002274 (0xFFF44413) xori x8, x8, -0x1                       common_Mexcpt_handler+68
x8 <- 0xFFFFFFFFFFFFFFFF

mem[X,0x0000000080002278] -> 0xF4B3
mem[X,0x000000008000227A] -> 0x0085
[3017] [M]: 0x0000000080002278 (0x0085F4B3) and x9, x11, x8                         common_Mexcpt_handler+72
x9 <- 0x0000000000000298

clint mtime 0x00000000000005E5 (mip.MTI <- 0b1, mip.STI <- 0b0)
mem[X,0x000000008000227C] -> 0x84B3
mem[X,0x000000008000227E] -> 0x0024
[3018] [M]: 0x000000008000227C (0x002484B3) add x9, x9, x2                          vmem_adj_Mepc+0
x9 <- 0x0000000080005298

mem[X,0x0000000080002280] -> 0x23F3
mem[X,0x0000000080002282] -> 0x3410
[3019] [M]: 0x0000000080002280 (0x341023F3) csrrs x7, mepc, x0                      vmem_adj_Mepc+4
CSR mepc (0x341) -> 0x0000000180001A24
x7 <- 0x0000000180001A24

clint mtime 0x00000000000005E6 (mip.MTI <- 0b1, mip.STI <- 0b0)
mem[X,0x0000000080002284] -> 0x0413
mem[X,0x0000000080002286] -> 0x0004
[3020] [M]: 0x0000000080002284 (0x00040413) addi x8, x8, 0x0                        vmem_adj_Mepc+8
x8 <- 0xFFFFFFFFFFFFFFFF

mem[X,0x0000000080002288] -> 0x006F
mem[X,0x000000008000228A] -> 0x0400
[3021] [M]: 0x0000000080002288 (0x0400006F) jal x0, 0x40                            vmem_adj_Mepc+12

clint mtime 0x00000000000005E7 (mip.MTI <- 0b1, mip.STI <- 0b0)
mem[X,0x00000000800022C8] -> 0x8433
mem[X,0x00000000800022CA] -> 0x4083
[3022] [M]: 0x00000000800022C8 (0x40838433) sub x8, x7, x8                          adj_Mepc+0
x8 <- 0x0000000180001A25

mem[X,0x00000000800022CC] -> 0x3823
mem[X,0x00000000800022CE] -> 0x0083
[3023] [M]: 0x00000000800022CC (0x00833823) sd x8, 0x10(x6)                         sv_Mepc+0
mem[W,0x00000000800094E8] <- 0x0000000180001A25

clint mtime 0x00000000000005E8 (mip.MTI <- 0b1, mip.STI <- 0b0)
mem[X,0x00000000800022D0] -> 0x55B7
mem[X,0x00000000800022D2] -> 0x0000
[3024] [M]: 0x00000000800022D0 (0x000055B7) lui x11, 0x5                            sv_Mepc+4
x11 <- 0x0000000000005000

mem[X,0x00000000800022D4] -> 0x8593
mem[X,0x00000000800022D6] -> 0x6675
[3025] [M]: 0x00000000800022D4 (0x66758593) addi x11, x11, 0x667                    sv_Mepc+8
x11 <- 0x0000000000005667

clint mtime 0x00000000000005E9 (mip.MTI <- 0b1, mip.STI <- 0b0)
mem[X,0x00000000800022D8] -> 0x9593
mem[X,0x00000000800022DA] -> 0x0015
[3026] [M]: 0x00000000800022D8 (0x00159593) slli x11, x11, 0x1                      sv_Mepc+12
x11 <- 0x000000000000ACCE

mem[X,0x00000000800022DC] -> 0x9063
mem[X,0x00000000800022DE] -> 0x02B1
[3027] [M]: 0x00000000800022DC (0x02B19063) bne x3, x11, 0x20                       sv_Mepc+16

clint mtime 0x00000000000005EA (mip.MTI <- 0b1, mip.STI <- 0b0)
mem[X,0x00000000800022E0] -> 0x2473
mem[X,0x00000000800022E2] -> 0x3420
[3028] [M]: 0x00000000800022E0 (0x34202473) csrrs x8, mcause, x0                    sv_Mepc+20
CSR mcause (0x342) -> 0x0000000000000005
x8 <- 0x0000000000000005

mem[X,0x00000000800022E4] -> 0x0593
mem[X,0x00000000800022E6] -> 0x00C0
[3029] [M]: 0x00000000800022E4 (0x00C00593) addi x11, x0, 0xc                       sv_Mepc+24
x11 <- 0x000000000000000C

clint mtime 0x00000000000005EB (mip.MTI <- 0b1, mip.STI <- 0b0)
mem[X,0x00000000800022E8] -> 0x0663
mem[X,0x00000000800022EA] -> 0x00B4
[3030] [M]: 0x00000000800022E8 (0x00B40663) beq x8, x11, 0xc                        sv_Mepc+28

mem[X,0x00000000800022EC] -> 0x0593
mem[X,0x00000000800022EE] -> 0x0010
[3031] [M]: 0x00000000800022EC (0x00100593) addi x11, x0, 0x1                       sv_Mepc+32
x11 <- 0x0000000000000001

clint mtime 0x00000000000005EC (mip.MTI <- 0b1, mip.STI <- 0b0)
mem[X,0x00000000800022F0] -> 0x1663
mem[X,0x00000000800022F2] -> 0x00B4
[3032] [M]: 0x00000000800022F0 (0x00B41663) bne x8, x11, 0xc                        sv_Mepc+36

mem[X,0x00000000800022FC] -> 0xF593
mem[X,0x00000000800022FE] -> 0xFFC3
[3033] [M]: 0x00000000800022FC (0xFFC3F593) andi x11, x7, -0x4                      adj_Mepc_rtn+0
x11 <- 0x0000000180001A24

clint mtime 0x00000000000005ED (mip.MTI <- 0b1, mip.STI <- 0b0)
mem[X,0x0000000080002300] -> 0x8593
mem[X,0x0000000080002302] -> 0x0085
[3034] [M]: 0x0000000080002300 (0x00858593) addi x11, x11, 0x8                      adj_Mepc_rtn+4
x11 <- 0x0000000180001A2C

mem[X,0x0000000080002304] -> 0x9073
mem[X,0x0000000080002306] -> 0x3415
[3035] [M]: 0x0000000080002304 (0x34159073) csrrw x0, mepc, x11                     adj_Mepc_rtn+8
CSR mepc (0x341) <- 0x0000000180001A2C

clint mtime 0x00000000000005EE (mip.MTI <- 0b1, mip.STI <- 0b0)
mem[X,0x0000000080002308] -> 0x23F3
mem[X,0x000000008000230A] -> 0x3430
[3036] [M]: 0x0000000080002308 (0x343023F3) csrrs x7, mtval, x0                     skp_adj_Mepc+0
CSR mtval (0x343) -> 0x0000000140000414
x7 <- 0x0000000140000414

mem[X,0x000000008000230C] -> 0x0413
mem[X,0x000000008000230E] -> 0x0004
[3037] [M]: 0x000000008000230C (0x00040413) addi x8, x8, 0x0                        skp_adj_Mepc+4
x8 <- 0x0000000000000005

clint mtime 0x00000000000005EF (mip.MTI <- 0b1, mip.STI <- 0b0)
mem[X,0x0000000080002310] -> 0x006F
mem[X,0x0000000080002312] -> 0x0840
[3038] [M]: 0x0000000080002310 (0x0840006F) jal x0, 0x84                            skp_adj_Mepc+8

mem[X,0x0000000080002394] -> 0x8433
mem[X,0x0000000080002396] -> 0x4083
[3039] [M]: 0x0000000080002394 (0x40838433) sub x8, x7, x8                          adj_Mtval+0
x8 <- 0x000000014000040F

clint mtime 0x00000000000005F0 (mip.MTI <- 0b1, mip.STI <- 0b0)
mem[X,0x0000000080002398] -> 0x3C23
mem[X,0x000000008000239A] -> 0x0083
[3040] [M]: 0x0000000080002398 (0x00833C23) sd x8, 0x18(x6)                         sv_Mtval+0
mem[W,0x00000000800094F0] <- 0x000000014000040F

mem[X,0x000000008000239C] -> 0x3483
mem[X,0x000000008000239E] -> 0x2181
[3041] [M]: 0x000000008000239C (0x21813483) ld x9, 0x218(x2)                        skp_Mtval+0
mem[R,0x0000000080005218] -> 0x00000000800094F8
x9 <- 0x00000000800094F8

clint mtime 0x00000000000005F1 (mip.MTI <- 0b1, mip.STI <- 0b0)
mem[X,0x00000000800023A0] -> 0x3383
mem[X,0x00000000800023A2] -> 0x1F81
[3042] [M]: 0x00000000800023A0 (0x1F813383) ld x7, 0x1f8(x2)                        skp_Mtval+4
mem[R,0x00000000800051F8] -> 0x0000000080009110
x7 <- 0x0000000080009110

mem[X,0x00000000800023A4] -> 0x3303
mem[X,0x00000000800023A6] -> 0x2001
[3043] [M]: 0x00000000800023A4 (0x20013303) ld x6, 0x200(x2)                        skp_Mtval+8
mem[R,0x0000000080005200] -> 0x0000000000000410
x6 <- 0x0000000000000410

clint mtime 0x00000000000005F2 (mip.MTI <- 0b1, mip.STI <- 0b0)
mem[X,0x00000000800023A8] -> 0x0333
mem[X,0x00000000800023AA] -> 0x0073
[3044] [M]: 0x00000000800023A8 (0x00730333) add x6, x6, x7                          skp_Mtval+12
x6 <- 0x0000000080009520

mem[X,0x00000000800023AC] -> 0x6AE3
mem[X,0x00000000800023AE] -> 0xAE93
[3045] [M]: 0x00000000800023AC (0xAE936AE3) bltu x6, x9, -0x50c                     skp_Mtval+16

clint mtime 0x00000000000005F3 (mip.MTI <- 0b1, mip.STI <- 0b0)
mem[X,0x00000000800023B0] -> 0x0393
mem[X,0x00000000800023B2] -> 0x2000
[3046] [M]: 0x00000000800023B0 (0x20000393) addi x7, x0, 0x200                      skp_Mtval+20
x7 <- 0x0000000000000200

mem[X,0x00000000800023B4] -> 0x006F
mem[X,0x00000000800023B6] -> 0x0400
[3047] [M]: 0x00000000800023B4 (0x0400006F) jal x0, 0x40                            skp_Mtval+24

clint mtime 0x00000000000005F4 (mip.MTI <- 0b1, mip.STI <- 0b0)
mem[X,0x00000000800023F4] -> 0x0417
mem[X,0x00000000800023F6] -> 0x0000
[3048] [M]: 0x00000000800023F4 (0x00000417) auipc x8, 0x0                           spcl_Mhandler+0
x8 <- 0x00000000800023F4

mem[X,0x00000000800023F8] -> 0x0413
mem[X,0x00000000800023FA] -> 0x03C4
[3049] [M]: 0x00000000800023F8 (0x03C40413) addi x8, x8, 0x3c                       spcl_Mhandler+4
x8 <- 0x0000000080002430

clint mtime 0x00000000000005F5 (mip.MTI <- 0b1, mip.STI <- 0b0)
mem[X,0x00000000800023FC] -> 0x0433
mem[X,0x00000000800023FE] -> 0x0074
[3050] [M]: 0x00000000800023FC (0x00740433) add x8, x8, x7                          spcl_Mhandler+8
x8 <- 0x0000000080002630

mem[X,0x0000000080002400] -> 0x1393
mem[X,0x0000000080002402] -> 0x0035
[3051] [M]: 0x0000000080002400 (0x00351393) slli x7, x10, 0x3                       spcl_Mhandler+12
x7 <- 0x0000000000000028

clint mtime 0x00000000000005F6 (mip.MTI <- 0b1, mip.STI <- 0b0)
mem[X,0x0000000080002404] -> 0x0433
mem[X,0x0000000080002406] -> 0x0074
[3052] [M]: 0x0000000080002404 (0x00740433) add x8, x8, x7                          spcl_Mhandler+16
x8 <- 0x0000000080002658

mem[X,0x0000000080002408] -> 0x7413
mem[X,0x000000008000240A] -> 0xFF84
[3053] [M]: 0x0000000080002408 (0xFF847413) andi x8, x8, -0x8                       spcl_Mhandler+20
x8 <- 0x0000000080002658

clint mtime 0x00000000000005F7 (mip.MTI <- 0b1, mip.STI <- 0b0)
mem[X,0x000000008000240C] -> 0x3403
mem[X,0x000000008000240E] -> 0x0004
[3054] [M]: 0x000000008000240C (0x00043403) ld x8, 0x0(x8)                          spcl_Mhandler+24
mem[R,0x0000000080002658] -> 0x000000000000000B
x8 <- 0x000000000000000B

mem[X,0x0000000080002410] -> 0x02E3
mem[X,0x0000000080002412] -> 0xB204
[3055] [M]: 0x0000000080002410 (0xB20402E3) beq x8, x0, -0x4dc                      spcl_Mdispatch_hndling+0

clint mtime 0x00000000000005F8 (mip.MTI <- 0b1, mip.STI <- 0b0)
mem[X,0x0000000080002414] -> 0x1393
mem[X,0x0000000080002416] -> 0x03F4
[3056] [M]: 0x0000000080002414 (0x03F41393) slli x7, x8, 0x3f                       spcl_Mdispatch_hndling+4
x7 <- 0x8000000000000000

mem[X,0x0000000080002418] -> 0xD863
mem[X,0x000000008000241A] -> 0x0003
[3057] [M]: 0x0000000080002418 (0x0003D863) bge x7, x0, 0x10                        spcl_Mdispatch_hndling+8

clint mtime 0x00000000000005F9 (mip.MTI <- 0b1, mip.STI <- 0b0)
mem[X,0x000000008000241C] -> 0x5413
mem[X,0x000000008000241E] -> 0x0014
[3058] [M]: 0x000000008000241C (0x00145413) srli x8, x8, 0x1                        spcl_Mdispatch_hndling+12
x8 <- 0x0000000000000005

mem[X,0x0000000080002420] -> 0x0CE3
mem[X,0x0000000080002422] -> 0xF885
[3059] [M]: 0x0000000080002420 (0xF8850CE3) beq x10, x8, -0x68                      spcl_Mdispatch_hndling+16

clint mtime 0x00000000000005FA (mip.MTI <- 0b1, mip.STI <- 0b0)
mem[X,0x00000000800023B8] -> 0x3303
mem[X,0x00000000800023BA] -> 0x2601
[3060] [M]: 0x00000000800023B8 (0x26013303) ld x6, 0x260(x2)                        resto_Mrtn+0
mem[R,0x0000000080005260] -> 0xFFFFFFFF7FFFE6EC
x6 <- 0xFFFFFFFF7FFFE6EC

mem[X,0x00000000800023BC] -> 0x3383
mem[X,0x00000000800023BE] -> 0x2681
[3061] [M]: 0x00000000800023BC (0x26813383) ld x7, 0x268(x2)                        resto_Mrtn+4
mem[R,0x0000000080005268] -> 0x0000000080005000
x7 <- 0x0000000080005000

clint mtime 0x00000000000005FB (mip.MTI <- 0b1, mip.STI <- 0b0)
mem[X,0x00000000800023C0] -> 0x3403
mem[X,0x00000000800023C2] -> 0x2701
[3062] [M]: 0x00000000800023C0 (0x27013403) ld x8, 0x270(x2)                        resto_Mrtn+8
mem[R,0x0000000080005270] -> 0x0000000000007F76
x8 <- 0x0000000000007F76

mem[X,0x00000000800023C4] -> 0x3483
mem[X,0x00000000800023C6] -> 0x2781
[3063] [M]: 0x00000000800023C4 (0x27813483) ld x9, 0x278(x2)                        resto_Mrtn+12
mem[R,0x0000000080005278] -> 0x00000001000000E8
x9 <- 0x00000001000000E8

clint mtime 0x00000000000005FC (mip.MTI <- 0b1, mip.STI <- 0b0)
mem[X,0x00000000800023C8] -> 0x3503
mem[X,0x00000000800023CA] -> 0x2801
[3064] [M]: 0x00000000800023C8 (0x28013503) ld x10, 0x280(x2)                       resto_Mrtn+16
mem[R,0x0000000080005280] -> 0x00000000200000CF
x10 <- 0x00000000200000CF

mem[X,0x00000000800023CC] -> 0x3583
mem[X,0x00000000800023CE] -> 0x2881
[3065] [M]: 0x00000000800023CC (0x28813583) ld x11, 0x288(x2)                       resto_Mrtn+20
mem[R,0x0000000080005288] -> 0x00000000000000CF
x11 <- 0x00000000000000CF

clint mtime 0x00000000000005FD (mip.MTI <- 0b1, mip.STI <- 0b0)
mem[X,0x00000000800023D0] -> 0x3103
mem[X,0x00000000800023D2] -> 0x2901
[3066] [M]: 0x00000000800023D0 (0x29013103) ld x2, 0x290(x2)                        resto_Mrtn+24
mem[R,0x0000000080005290] -> 0x0000000000000000
x2 <- 0x0000000000000000

mem[X,0x00000000800023D4] -> 0x0073
mem[X,0x00000000800023D6] -> 0x3020
[3067] [M]: 0x00000000800023D4 (0x30200073) mret                                    resto_Mrtn+28
CSR mstatus (0x300) <- 0x0000000A00000080
ret-ing from M to S

clint mtime 0x00000000000005FE (mip.MTI <- 0b1, mip.STI <- 0b0)
PTW: Start, vpn=0x180001, access_type=X, privilege=Smem[R,0x0000000080008030] -> 0x00000000200000CB
PTW: Step, level=2, pte=0x200000CB, pte_addr=0x80008030
PTW: Success, final_ppn=0x80001, level=2mem[X,0x0000000080001A2C] -> 0x51B7
PTW: Start, vpn=0x180001, access_type=X, privilege=Smem[R,0x0000000080008030] -> 0x00000000200000CB
PTW: Step, level=2, pte=0x200000CB, pte_addr=0x80008030
PTW: Success, final_ppn=0x80001, level=2mem[X,0x0000000080001A2E] -> 0x0000
[3068] [S]: 0x0000000180001A2C (0x000051B7) lui x3, 0x5                             va_rvtest_code_begin+3728
x3 <- 0x0000000000005000

PTW: Start, vpn=0x180001, access_type=X, privilege=Smem[R,0x0000000080008030] -> 0x00000000200000CB
PTW: Step, level=2, pte=0x200000CB, pte_addr=0x80008030
PTW: Success, final_ppn=0x80001, level=2mem[X,0x0000000080001A30] -> 0x8193
PTW: Start, vpn=0x180001, access_type=X, privilege=Smem[R,0x0000000080008030] -> 0x00000000200000CB
PTW: Step, level=2, pte=0x200000CB, pte_addr=0x80008030
PTW: Success, final_ppn=0x80001, level=2mem[X,0x0000000080001A32] -> 0x6671
[3069] [S]: 0x0000000180001A30 (0x66718193) addi x3, x3, 0x667                      va_rvtest_code_begin+3732
x3 <- 0x0000000000005667

clint mtime 0x00000000000005FF (mip.MTI <- 0b1, mip.STI <- 0b0)
PTW: Start, vpn=0x180001, access_type=X, privilege=Smem[R,0x0000000080008030] -> 0x00000000200000CB
PTW: Step, level=2, pte=0x200000CB, pte_addr=0x80008030
PTW: Success, final_ppn=0x80001, level=2mem[X,0x0000000080001A34] -> 0x9193
PTW: Start, vpn=0x180001, access_type=X, privilege=Smem[R,0x0000000080008030] -> 0x00000000200000CB
PTW: Step, level=2, pte=0x200000CB, pte_addr=0x80008030
PTW: Success, final_ppn=0x80001, level=2mem[X,0x0000000080001A36] -> 0x0011
[3070] [S]: 0x0000000180001A34 (0x00119193) slli x3, x3, 0x1                        va_rvtest_code_begin+3736
x3 <- 0x000000000000ACCE

PTW: Start, vpn=0x180001, access_type=X, privilege=Smem[R,0x0000000080008030] -> 0x00000000200000CB
PTW: Step, level=2, pte=0x200000CB, pte_addr=0x80008030
PTW: Success, final_ppn=0x80001, level=2mem[X,0x0000000080001A38] -> 0x0013
PTW: Start, vpn=0x180001, access_type=X, privilege=Smem[R,0x0000000080008030] -> 0x00000000200000CB
PTW: Step, level=2, pte=0x200000CB, pte_addr=0x80008030
PTW: Success, final_ppn=0x80001, level=2mem[X,0x0000000080001A3A] -> 0x0000
[3071] [S]: 0x0000000180001A38 (0x00000013) addi x0, x0, 0x0                        va_rvtest_code_begin+3740

clint mtime 0x0000000000000600 (mip.MTI <- 0b1, mip.STI <- 0b0)
PTW: Start, vpn=0x180001, access_type=X, privilege=Smem[R,0x0000000080008030] -> 0x00000000200000CB
PTW: Step, level=2, pte=0x200000CB, pte_addr=0x80008030
PTW: Success, final_ppn=0x80001, level=2mem[X,0x0000000080001A3C] -> 0x0013
PTW: Start, vpn=0x180001, access_type=X, privilege=Smem[R,0x0000000080008030] -> 0x00000000200000CB
PTW: Step, level=2, pte=0x200000CB, pte_addr=0x80008030
PTW: Success, final_ppn=0x80001, level=2mem[X,0x0000000080001A3E] -> 0x0000
[3072] [S]: 0x0000000180001A3C (0x00000013) addi x0, x0, 0x0                        va_rvtest_code_begin+3744

PTW: Start, vpn=0x180001, access_type=X, privilege=Smem[R,0x0000000080008030] -> 0x00000000200000CB
PTW: Step, level=2, pte=0x200000CB, pte_addr=0x80008030
PTW: Success, final_ppn=0x80001, level=2mem[X,0x0000000080001A40] -> 0x0217
PTW: Start, vpn=0x180001, access_type=X, privilege=Smem[R,0x0000000080008030] -> 0x00000000200000CB
PTW: Step, level=2, pte=0x200000CB, pte_addr=0x80008030
PTW: Success, final_ppn=0x80001, level=2mem[X,0x0000000080001A42] -> 0x0000
[3073] [S]: 0x0000000180001A40 (0x00000217) auipc x4, 0x0                           va_rvtest_code_begin+3748
x4 <- 0x0000000180001A40

clint mtime 0x0000000000000601 (mip.MTI <- 0b1, mip.STI <- 0b0)
PTW: Start, vpn=0x180001, access_type=X, privilege=Smem[R,0x0000000080008030] -> 0x00000000200000CB
PTW: Step, level=2, pte=0x200000CB, pte_addr=0x80008030
PTW: Success, final_ppn=0x80001, level=2mem[X,0x0000000080001A44] -> 0x0213
PTW: Start, vpn=0x180001, access_type=X, privilege=Smem[R,0x0000000080008030] -> 0x00000000200000CB
PTW: Step, level=2, pte=0x200000CB, pte_addr=0x80008030
PTW: Success, final_ppn=0x80001, level=2mem[X,0x0000000080001A46] -> 0x02C2
[3074] [S]: 0x0000000180001A44 (0x02C20213) addi x4, x4, 0x2c                       va_rvtest_code_begin+3752
x4 <- 0x0000000180001A6C

PTW: Start, vpn=0x180001, access_type=X, privilege=Smem[R,0x0000000080008030] -> 0x00000000200000CB
PTW: Step, level=2, pte=0x200000CB, pte_addr=0x80008030
PTW: Success, final_ppn=0x80001, level=2mem[X,0x0000000080001A48] -> 0x0001
[3075] [S]: 0x0000000180001A48 (0x0001) c.nop                                       va_rvtest_code_begin+3756

clint mtime 0x0000000000000602 (mip.MTI <- 0b1, mip.STI <- 0b0)
PTW: Start, vpn=0x180001, access_type=X, privilege=Smem[R,0x0000000080008030] -> 0x00000000200000CB
PTW: Step, level=2, pte=0x200000CB, pte_addr=0x80008030
PTW: Success, final_ppn=0x80001, level=2mem[X,0x0000000080001A4A] -> 0x0013
PTW: Start, vpn=0x180001, access_type=X, privilege=Smem[R,0x0000000080008030] -> 0x00000000200000CB
PTW: Step, level=2, pte=0x200000CB, pte_addr=0x80008030
PTW: Success, final_ppn=0x80001, level=2mem[X,0x0000000080001A4C] -> 0x0000
[3076] [S]: 0x0000000180001A4A (0x00000013) addi x0, x0, 0x0                        va_rvtest_code_begin+3758

PTW: Start, vpn=0x180001, access_type=X, privilege=Smem[R,0x0000000080008030] -> 0x00000000200000CB
PTW: Step, level=2, pte=0x200000CB, pte_addr=0x80008030
PTW: Success, final_ppn=0x80001, level=2mem[X,0x0000000080001A4E] -> 0x0013
PTW: Start, vpn=0x180001, access_type=X, privilege=Smem[R,0x0000000080008030] -> 0x00000000200000CB
PTW: Step, level=2, pte=0x200000CB, pte_addr=0x80008030
PTW: Success, final_ppn=0x80001, level=2mem[X,0x0000000080001A50] -> 0x0000
[3077] [S]: 0x0000000180001A4E (0x00000013) addi x0, x0, 0x0                        va_rvtest_code_begin+3762

clint mtime 0x0000000000000603 (mip.MTI <- 0b1, mip.STI <- 0b0)
PTW: Start, vpn=0x180001, access_type=X, privilege=Smem[R,0x0000000080008030] -> 0x00000000200000CB
PTW: Step, level=2, pte=0x200000CB, pte_addr=0x80008030
PTW: Success, final_ppn=0x80001, level=2mem[X,0x0000000080001A52] -> 0x0013
PTW: Start, vpn=0x180001, access_type=X, privilege=Smem[R,0x0000000080008030] -> 0x00000000200000CB
PTW: Step, level=2, pte=0x200000CB, pte_addr=0x80008030
PTW: Success, final_ppn=0x80001, level=2mem[X,0x0000000080001A54] -> 0x0000
[3078] [S]: 0x0000000180001A52 (0x00000013) addi x0, x0, 0x0                        va_rvtest_code_begin+3766

PTW: Start, vpn=0x180001, access_type=X, privilege=Smem[R,0x0000000080008030] -> 0x00000000200000CB
PTW: Step, level=2, pte=0x200000CB, pte_addr=0x80008030
PTW: Success, final_ppn=0x80001, level=2mem[X,0x0000000080001A56] -> 0x0013
PTW: Start, vpn=0x180001, access_type=X, privilege=Smem[R,0x0000000080008030] -> 0x00000000200000CB
PTW: Step, level=2, pte=0x200000CB, pte_addr=0x80008030
PTW: Success, final_ppn=0x80001, level=2mem[X,0x0000000080001A58] -> 0x0000
[3079] [S]: 0x0000000180001A56 (0x00000013) addi x0, x0, 0x0                        va_rvtest_code_begin+3770

clint mtime 0x0000000000000604 (mip.MTI <- 0b1, mip.STI <- 0b0)
PTW: Start, vpn=0x180001, access_type=X, privilege=Smem[R,0x0000000080008030] -> 0x00000000200000CB
PTW: Step, level=2, pte=0x200000CB, pte_addr=0x80008030
PTW: Success, final_ppn=0x80001, level=2mem[X,0x0000000080001A5A] -> 0x0013
PTW: Start, vpn=0x180001, access_type=X, privilege=Smem[R,0x0000000080008030] -> 0x00000000200000CB
PTW: Step, level=2, pte=0x200000CB, pte_addr=0x80008030
PTW: Success, final_ppn=0x80001, level=2mem[X,0x0000000080001A5C] -> 0x0000
[3080] [S]: 0x0000000180001A5A (0x00000013) addi x0, x0, 0x0                        va_rvtest_code_begin+3774

PTW: Start, vpn=0x180001, access_type=X, privilege=Smem[R,0x0000000080008030] -> 0x00000000200000CB
PTW: Step, level=2, pte=0x200000CB, pte_addr=0x80008030
PTW: Success, final_ppn=0x80001, level=2mem[X,0x0000000080001A5E] -> 0x0001
[3081] [S]: 0x0000000180001A5E (0x0001) c.nop                                       va_rvtest_code_begin+3778

clint mtime 0x0000000000000605 (mip.MTI <- 0b1, mip.STI <- 0b0)
PTW: Start, vpn=0x180001, access_type=X, privilege=Smem[R,0x0000000080008030] -> 0x00000000200000CB
PTW: Step, level=2, pte=0x200000CB, pte_addr=0x80008030
PTW: Success, final_ppn=0x80001, level=2mem[X,0x0000000080001A60] -> 0x80E7
PTW: Start, vpn=0x180001, access_type=X, privilege=Smem[R,0x0000000080008030] -> 0x00000000200000CB
PTW: Step, level=2, pte=0x200000CB, pte_addr=0x80008030
PTW: Success, final_ppn=0x80001, level=2mem[X,0x0000000080001A62] -> 0x0007
[3082] [S]: 0x0000000180001A60 (0x000780E7) jalr x1, 0x0(x15)                       va_rvtest_code_begin+3780
x1 <- 0x0000000180001A64

PTW: Start, vpn=0x140000, access_type=X, privilege=Smem[R,0x0000000080008028] -> 0x00000000200000CF
PTW: Step, level=2, pte=0x200000CF, pte_addr=0x80008028
PTW: Success, final_ppn=0x80000, level=2mem[X,0x0000000080000400] -> 0x0013
mem[X,0x0000000080000402] -> 0x0000
[3083] [S]: 0x0000000140000400 (0x00000013) addi x0, x0, 0x0                        va_data+0

clint mtime 0x0000000000000606 (mip.MTI <- 0b1, mip.STI <- 0b0)
mem[X,0x0000000080000404] -> 0x8093
mem[X,0x0000000080000406] -> 0x0080
[3084] [S]: 0x0000000140000404 (0x00808093) addi x1, x1, 0x8                        va_data+4
x1 <- 0x0000000180001A6C

mem[X,0x0000000080000408] -> 0x8067
mem[X,0x000000008000040A] -> 0x0000
[3085] [S]: 0x0000000140000408 (0x00008067) jalr x0, 0x0(x1)                        va_data+8

clint mtime 0x0000000000000607 (mip.MTI <- 0b1, mip.STI <- 0b0)
PTW: Start, vpn=0x180001, access_type=X, privilege=Smem[R,0x0000000080008030] -> 0x00000000200000CB
PTW: Step, level=2, pte=0x200000CB, pte_addr=0x80008030
PTW: Success, final_ppn=0x80001, level=2mem[X,0x0000000080001A6C] -> 0x0013
PTW: Start, vpn=0x180001, access_type=X, privilege=Smem[R,0x0000000080008030] -> 0x00000000200000CB
PTW: Step, level=2, pte=0x200000CB, pte_addr=0x80008030
PTW: Success, final_ppn=0x80001, level=2mem[X,0x0000000080001A6E] -> 0x0000
[3086] [S]: 0x0000000180001A6C (0x00000013) addi x0, x0, 0x0                        va_rvtest_code_begin+3792

PTW: Start, vpn=0x180001, access_type=X, privilege=Smem[R,0x0000000080008030] -> 0x00000000200000CB
PTW: Step, level=2, pte=0x200000CB, pte_addr=0x80008030
PTW: Success, final_ppn=0x80001, level=2mem[X,0x0000000080001A70] -> 0x0013
PTW: Start, vpn=0x180001, access_type=X, privilege=Smem[R,0x0000000080008030] -> 0x00000000200000CB
PTW: Step, level=2, pte=0x200000CB, pte_addr=0x80008030
PTW: Success, final_ppn=0x80001, level=2mem[X,0x0000000080001A72] -> 0x0000
[3087] [S]: 0x0000000180001A70 (0x00000013) addi x0, x0, 0x0                        va_rvtest_code_begin+3796

clint mtime 0x0000000000000608 (mip.MTI <- 0b1, mip.STI <- 0b0)
PTW: Start, vpn=0x180001, access_type=X, privilege=Smem[R,0x0000000080008030] -> 0x00000000200000CB
PTW: Step, level=2, pte=0x200000CB, pte_addr=0x80008030
PTW: Success, final_ppn=0x80001, level=2mem[X,0x0000000080001A74] -> 0x0013
PTW: Start, vpn=0x180001, access_type=X, privilege=Smem[R,0x0000000080008030] -> 0x00000000200000CB
PTW: Step, level=2, pte=0x200000CB, pte_addr=0x80008030
PTW: Success, final_ppn=0x80001, level=2mem[X,0x0000000080001A76] -> 0x0000
[3088] [S]: 0x0000000180001A74 (0x00000013) addi x0, x0, 0x0                        va_rvtest_code_begin+3800

PTW: Start, vpn=0x180001, access_type=X, privilege=Smem[R,0x0000000080008030] -> 0x00000000200000CB
PTW: Step, level=2, pte=0x200000CB, pte_addr=0x80008030
PTW: Success, final_ppn=0x80001, level=2mem[X,0x0000000080001A78] -> 0x0113
PTW: Start, vpn=0x180001, access_type=X, privilege=Smem[R,0x0000000080008030] -> 0x00000000200000CB
PTW: Step, level=2, pte=0x200000CB, pte_addr=0x80008030
PTW: Success, final_ppn=0x80001, level=2mem[X,0x0000000080001A7A] -> 0x0000
[3089] [S]: 0x0000000180001A78 (0x00000113) addi x2, x0, 0x0                        va_rvtest_code_begin+3804
x2 <- 0x0000000000000000

clint mtime 0x0000000000000609 (mip.MTI <- 0b1, mip.STI <- 0b0)
PTW: Start, vpn=0x180001, access_type=X, privilege=Smem[R,0x0000000080008030] -> 0x00000000200000CB
PTW: Step, level=2, pte=0x200000CB, pte_addr=0x80008030
PTW: Success, final_ppn=0x80001, level=2mem[X,0x0000000080001A7C] -> 0x0073
PTW: Start, vpn=0x180001, access_type=X, privilege=Smem[R,0x0000000080008030] -> 0x00000000200000CB
PTW: Step, level=2, pte=0x200000CB, pte_addr=0x80008030
PTW: Success, final_ppn=0x80001, level=2mem[X,0x0000000080001A7E] -> 0x0000
[3090] [S]: 0x0000000180001A7C (0x00000073) ecall                                   va_rvtest_code_begin+3808
trapping from S to M to handle s-call
handling exc#s-call at priv M with tval 0x0000000000000000
CSR mstatus (0x300) <- 0x0000000A00000800
CSR mcause (0x342) <- 0x0000000000000009
CSR mtval (0x343) <- 0x0000000000000000
CSR mepc (0x341) <- 0x0000000180001A7C

mem[X,0x0000000080001F80] -> 0x006F
mem[X,0x0000000080001F82] -> 0x1000
[3091] [M]: 0x0000000080001F80 (0x1000006F) jal x0, 0x100                           Mtrampoline+0

clint mtime 0x000000000000060A (mip.MTI <- 0b1, mip.STI <- 0b0)
mem[X,0x0000000080002080] -> 0x1173
mem[X,0x0000000080002082] -> 0x3401
[3092] [M]: 0x0000000080002080 (0x34011173) csrrw x2, mscratch, x2                  trap_Mhandler+0
CSR mscratch (0x340) <- 0x0000000000000000
x2 <- 0x0000000080005000

mem[X,0x0000000080002084] -> 0x3423
mem[X,0x0000000080002086] -> 0x28B1
[3093] [M]: 0x0000000080002084 (0x28B13423) sd x11, 0x288(x2)                       trap_Mhandler+4
mem[W,0x0000000080005288] <- 0x00000000000000CF

clint mtime 0x000000000000060B (mip.MTI <- 0b1, mip.STI <- 0b0)
mem[X,0x0000000080002088] -> 0x05EF
mem[X,0x000000008000208A] -> 0x0B80
[3094] [M]: 0x0000000080002088 (0x0B8005EF) jal x11, 0xb8                           trap_Mhandler+8
x11 <- 0x000000008000208C

mem[X,0x0000000080002140] -> 0x3023
mem[X,0x0000000080002142] -> 0x28A1
[3095] [M]: 0x0000000080002140 (0x28A13023) sd x10, 0x280(x2)                       common_Mhandler+0
mem[W,0x0000000080005280] <- 0x00000000200000CF

clint mtime 0x000000000000060C (mip.MTI <- 0b1, mip.STI <- 0b0)
mem[X,0x0000000080002144] -> 0x1573
mem[X,0x0000000080002146] -> 0x3401
[3096] [M]: 0x0000000080002144 (0x34011573) csrrw x10, mscratch, x2                 common_Mhandler+4
CSR mscratch (0x340) <- 0x0000000080005000
x10 <- 0x0000000000000000

mem[X,0x0000000080002148] -> 0x3823
mem[X,0x000000008000214A] -> 0x28A1
[3097] [M]: 0x0000000080002148 (0x28A13823) sd x10, 0x290(x2)                       common_Mhandler+8
mem[W,0x0000000080005290] <- 0x0000000000000000

clint mtime 0x000000000000060D (mip.MTI <- 0b1, mip.STI <- 0b0)
mem[X,0x000000008000214C] -> 0x3503
mem[X,0x000000008000214E] -> 0x2301
[3098] [M]: 0x000000008000214C (0x23013503) ld x10, 0x230(x2)                       common_Mhandler+12
mem[R,0x0000000080005230] -> 0x0000000080002154
x10 <- 0x0000000080002154

mem[X,0x0000000080002150] -> 0x0067
mem[X,0x0000000080002152] -> 0x0005
[3099] [M]: 0x0000000080002150 (0x00050067) jalr x0, 0x0(x10)                       common_Mhandler+16

clint mtime 0x000000000000060E (mip.MTI <- 0b1, mip.STI <- 0b0)
mem[X,0x0000000080002154] -> 0x3C23
mem[X,0x0000000080002156] -> 0x2691
[3100] [M]: 0x0000000080002154 (0x26913C23) sd x9, 0x278(x2)                        common_Mentry+0
mem[W,0x0000000080005278] <- 0x00000001000000E8

mem[X,0x0000000080002158] -> 0x3823
mem[X,0x000000008000215A] -> 0x2681
[3101] [M]: 0x0000000080002158 (0x26813823) sd x8, 0x270(x2)                        common_Mentry+4
mem[W,0x0000000080005270] <- 0x0000000000007F76

clint mtime 0x000000000000060F (mip.MTI <- 0b1, mip.STI <- 0b0)
mem[X,0x000000008000215C] -> 0x3423
mem[X,0x000000008000215E] -> 0x2671
[3102] [M]: 0x000000008000215C (0x26713423) sd x7, 0x268(x2)                        common_Mentry+8
mem[W,0x0000000080005268] <- 0x0000000080005000

mem[X,0x0000000080002160] -> 0x3023
mem[X,0x0000000080002162] -> 0x2661
[3103] [M]: 0x0000000080002160 (0x26613023) sd x6, 0x260(x2)                        common_Mentry+12
mem[W,0x0000000080005260] <- 0xFFFFFFFF7FFFE6EC

clint mtime 0x0000000000000610 (mip.MTI <- 0b1, mip.STI <- 0b0)
mem[X,0x0000000080002164] -> 0x2573
mem[X,0x0000000080002166] -> 0x3420
[3104] [M]: 0x0000000080002164 (0x34202573) csrrs x10, mcause, x0                   spcl_M2mmode_test+0
CSR mcause (0x342) -> 0x0000000000000009
x10 <- 0x0000000000000009

mem[X,0x0000000080002168] -> 0x04B7
mem[X,0x000000008000216A] -> 0x8000
[3105] [M]: 0x0000000080002168 (0x800004B7) lui x9, -0x80000                        spcl_M2mmode_test+4
x9 <- 0xFFFFFFFF80000000

clint mtime 0x0000000000000611 (mip.MTI <- 0b1, mip.STI <- 0b0)
mem[X,0x000000008000216C] -> 0x8493
mem[X,0x000000008000216E] -> 0x0004
[3106] [M]: 0x000000008000216C (0x00048493) addi x9, x9, 0x0                        spcl_M2mmode_test+8
x9 <- 0xFFFFFFFF80000000

mem[X,0x0000000080002170] -> 0x9493
mem[X,0x0000000080002172] -> 0x00B4
[3107] [M]: 0x0000000080002170 (0x00B49493) slli x9, x9, 0xb                        spcl_M2mmode_test+12
x9 <- 0xFFFFFC0000000000

clint mtime 0x0000000000000612 (mip.MTI <- 0b1, mip.STI <- 0b0)
mem[X,0x0000000080002174] -> 0x8493
mem[X,0x0000000080002176] -> 0x0004
[3108] [M]: 0x0000000080002174 (0x00048493) addi x9, x9, 0x0                        spcl_M2mmode_test+16
x9 <- 0xFFFFFC0000000000

mem[X,0x0000000080002178] -> 0x9493
mem[X,0x000000008000217A] -> 0x00B4
[3109] [M]: 0x0000000080002178 (0x00B49493) slli x9, x9, 0xb                        spcl_M2mmode_test+20
x9 <- 0xFFE0000000000000

clint mtime 0x0000000000000613 (mip.MTI <- 0b1, mip.STI <- 0b0)
mem[X,0x000000008000217C] -> 0x8493
mem[X,0x000000008000217E] -> 0x0034
[3110] [M]: 0x000000008000217C (0x00348493) addi x9, x9, 0x3                        spcl_M2mmode_test+24
x9 <- 0xFFE0000000000003

mem[X,0x0000000080002180] -> 0x9493
mem[X,0x0000000080002182] -> 0x00A4
[3111] [M]: 0x0000000080002180 (0x00A49493) slli x9, x9, 0xa                        spcl_M2mmode_test+28
x9 <- 0x8000000000000C00

clint mtime 0x0000000000000614 (mip.MTI <- 0b1, mip.STI <- 0b0)
mem[X,0x0000000080002184] -> 0x8493
mem[X,0x0000000080002186] -> 0x3FC4
[3112] [M]: 0x0000000080002184 (0x3FC48493) addi x9, x9, 0x3fc                      spcl_M2mmode_test+32
x9 <- 0x8000000000000FFC

mem[X,0x0000000080002188] -> 0xF4B3
mem[X,0x000000008000218A] -> 0x00A4
[3113] [M]: 0x0000000080002188 (0x00A4F4B3) and x9, x9, x10                         spcl_M2mmode_test+36
x9 <- 0x0000000000000008

clint mtime 0x0000000000000615 (mip.MTI <- 0b1, mip.STI <- 0b0)
mem[X,0x000000008000218C] -> 0x8493
mem[X,0x000000008000218E] -> 0xFF84
[3114] [M]: 0x000000008000218C (0xFF848493) addi x9, x9, -0x8                       spcl_M2mmode_test+40
x9 <- 0x0000000000000000

mem[X,0x0000000080002190] -> 0x9663
mem[X,0x0000000080002192] -> 0x0004
[3115] [M]: 0x0000000080002190 (0x00049663) bne x9, x0, 0xc                         spcl_M2mmode_test+44

clint mtime 0x0000000000000616 (mip.MTI <- 0b1, mip.STI <- 0b0)
mem[X,0x0000000080002194] -> 0x3383
mem[X,0x0000000080002196] -> 0x2901
[3116] [M]: 0x0000000080002194 (0x29013383) ld x7, 0x290(x2)                        spcl_M2mmode_test+48
mem[R,0x0000000080005290] -> 0x0000000000000000
x7 <- 0x0000000000000000

mem[X,0x0000000080002198] -> 0x8663
mem[X,0x000000008000219A] -> 0x6E03
[3117] [M]: 0x0000000080002198 (0x6E038663) beq x7, x0, 0x6ec                       spcl_M2mmode_test+52

clint mtime 0x0000000000000617 (mip.MTI <- 0b1, mip.STI <- 0b0)
mem[X,0x0000000080002884] -> 0x0493
mem[X,0x0000000080002886] -> 0xFF55
[3118] [M]: 0x0000000080002884 (0xFF550493) addi x9, x10, -0xb                      rtn2mmode+0
x9 <- 0xFFFFFFFFFFFFFFFE

mem[X,0x0000000080002888] -> 0x8C63
mem[X,0x000000008000288A] -> 0x0004
[3119] [M]: 0x0000000080002888 (0x00048C63) beq x9, x0, 0x18                        rtn2mmode+4

clint mtime 0x0000000000000618 (mip.MTI <- 0b1, mip.STI <- 0b0)
mem[X,0x000000008000288C] -> 0x3583
mem[X,0x000000008000288E] -> 0x4701
[3120] [M]: 0x000000008000288C (0x47013583) ld x11, 0x470(x2)                       rtn2mmode+8
mem[R,0x0000000080005470] -> 0x0000000180000B9C
x11 <- 0x0000000180000B9C

mem[X,0x0000000080002890] -> 0xD463
mem[X,0x0000000080002892] -> 0x0003
[3121] [M]: 0x0000000080002890 (0x0003D463) bge x7, x0, 0x8                         rtn2mmode+12

clint mtime 0x0000000000000619 (mip.MTI <- 0b1, mip.STI <- 0b0)
mem[X,0x0000000080002898] -> 0x3483
mem[X,0x000000008000289A] -> 0x1D81
[3122] [M]: 0x0000000080002898 (0x1D813483) ld x9, 0x1d8(x2)                        from_u_s+0
mem[R,0x00000000800051D8] -> 0x0000000080000BB4
x9 <- 0x0000000080000BB4

mem[X,0x000000008000289C] -> 0x84B3
mem[X,0x000000008000289E] -> 0x40B4
[3123] [M]: 0x000000008000289C (0x40B484B3) sub x9, x9, x11                         from_u_s+4
x9 <- 0xFFFFFFFF00000018

clint mtime 0x000000000000061A (mip.MTI <- 0b1, mip.STI <- 0b0)
mem[X,0x00000000800028A0] -> 0x23F3
mem[X,0x00000000800028A2] -> 0x3410
[3124] [M]: 0x00000000800028A0 (0x341023F3) csrrs x7, mepc, x0                      rtn_fm_mmode+0
CSR mepc (0x341) -> 0x0000000180001A7C
x7 <- 0x0000000180001A7C

mem[X,0x00000000800028A4] -> 0x83B3
mem[X,0x00000000800028A6] -> 0x0093
[3125] [M]: 0x00000000800028A4 (0x009383B3) add x7, x7, x9                          rtn_fm_mmode+4
x7 <- 0x0000000080001A94

clint mtime 0x000000000000061B (mip.MTI <- 0b1, mip.STI <- 0b0)
mem[X,0x00000000800028A8] -> 0x3303
mem[X,0x00000000800028AA] -> 0x2601
[3126] [M]: 0x00000000800028A8 (0x26013303) ld x6, 0x260(x2)                        rtn_fm_mmode+8
mem[R,0x0000000080005260] -> 0xFFFFFFFF7FFFE6EC
x6 <- 0xFFFFFFFF7FFFE6EC

mem[X,0x00000000800028AC] -> 0x3403
mem[X,0x00000000800028AE] -> 0x2701
[3127] [M]: 0x00000000800028AC (0x27013403) ld x8, 0x270(x2)                        rtn_fm_mmode+12
mem[R,0x0000000080005270] -> 0x0000000000007F76
x8 <- 0x0000000000007F76

clint mtime 0x000000000000061C (mip.MTI <- 0b1, mip.STI <- 0b0)
mem[X,0x00000000800028B0] -> 0x3483
mem[X,0x00000000800028B2] -> 0x2781
[3128] [M]: 0x00000000800028B0 (0x27813483) ld x9, 0x278(x2)                        rtn_fm_mmode+16
mem[R,0x0000000080005278] -> 0x00000001000000E8
x9 <- 0x00000001000000E8

mem[X,0x00000000800028B4] -> 0x3503
mem[X,0x00000000800028B6] -> 0x2801
[3129] [M]: 0x00000000800028B4 (0x28013503) ld x10, 0x280(x2)                       rtn_fm_mmode+20
mem[R,0x0000000080005280] -> 0x00000000200000CF
x10 <- 0x00000000200000CF

clint mtime 0x000000000000061D (mip.MTI <- 0b1, mip.STI <- 0b0)
mem[X,0x00000000800028B8] -> 0x3583
mem[X,0x00000000800028BA] -> 0x2881
[3130] [M]: 0x00000000800028B8 (0x28813583) ld x11, 0x288(x2)                       rtn_fm_mmode+24
mem[R,0x0000000080005288] -> 0x00000000000000CF
x11 <- 0x00000000000000CF

mem[X,0x00000000800028BC] -> 0x3103
mem[X,0x00000000800028BE] -> 0x2901
[3131] [M]: 0x00000000800028BC (0x29013103) ld x2, 0x290(x2)                        rtn_fm_mmode+28
mem[R,0x0000000080005290] -> 0x0000000000000000
x2 <- 0x0000000000000000

clint mtime 0x000000000000061E (mip.MTI <- 0b1, mip.STI <- 0b0)
mem[X,0x00000000800028C0] -> 0x8067
mem[X,0x00000000800028C2] -> 0x0043
[3132] [M]: 0x00000000800028C0 (0x00438067) jalr x0, 0x4(x7)                        rtn_fm_mmode+32

mem[X,0x0000000080001A98] -> 0x0013
mem[X,0x0000000080001A9A] -> 0x0000
[3133] [M]: 0x0000000080001A98 (0x00000013) addi x0, x0, 0x0                        main+3768

clint mtime 0x000000000000061F (mip.MTI <- 0b1, mip.STI <- 0b0)
mem[X,0x0000000080001A9C] -> 0x0013
mem[X,0x0000000080001A9E] -> 0x0000
[3134] [M]: 0x0000000080001A9C (0x00000013) addi x0, x0, 0x0                        main+3772

mem[X,0x0000000080001AA0] -> 0x5517
mem[X,0x0000000080001AA2] -> 0x0000
[3135] [M]: 0x0000000080001AA0 (0x00005517) auipc x10, 0x5                          main+3776
x10 <- 0x0000000080006AA0

clint mtime 0x0000000000000620 (mip.MTI <- 0b1, mip.STI <- 0b0)
mem[X,0x0000000080001AA4] -> 0x0513
mem[X,0x0000000080001AA6] -> 0x5605
[3136] [M]: 0x0000000080001AA4 (0x56050513) addi x10, x10, 0x560                    main+3780
x10 <- 0x0000000080007000

mem[X,0x0000000080001AA8] -> 0x0001
[3137] [M]: 0x0000000080001AA8 (0x0001) c.nop                                       main+3784

clint mtime 0x0000000000000621 (mip.MTI <- 0b1, mip.STI <- 0b0)
mem[X,0x0000000080001AAA] -> 0x0013
mem[X,0x0000000080001AAC] -> 0x0000
[3138] [M]: 0x0000000080001AAA (0x00000013) addi x0, x0, 0x0                        main+3786

mem[X,0x0000000080001AAE] -> 0x0013
mem[X,0x0000000080001AB0] -> 0x0000
[3139] [M]: 0x0000000080001AAE (0x00000013) addi x0, x0, 0x0                        main+3790

clint mtime 0x0000000000000622 (mip.MTI <- 0b1, mip.STI <- 0b0)
mem[X,0x0000000080001AB2] -> 0x0013
mem[X,0x0000000080001AB4] -> 0x0000
[3140] [M]: 0x0000000080001AB2 (0x00000013) addi x0, x0, 0x0                        main+3794

mem[X,0x0000000080001AB6] -> 0x0013
mem[X,0x0000000080001AB8] -> 0x0000
[3141] [M]: 0x0000000080001AB6 (0x00000013) addi x0, x0, 0x0                        main+3798

clint mtime 0x0000000000000623 (mip.MTI <- 0b1, mip.STI <- 0b0)
mem[X,0x0000000080001ABA] -> 0x0013
mem[X,0x0000000080001ABC] -> 0x0000
[3142] [M]: 0x0000000080001ABA (0x00000013) addi x0, x0, 0x0                        main+3802

mem[X,0x0000000080001ABE] -> 0x0001
[3143] [M]: 0x0000000080001ABE (0x0001) c.nop                                       main+3806

clint mtime 0x0000000000000624 (mip.MTI <- 0b1, mip.STI <- 0b0)
mem[X,0x0000000080001AC0] -> 0x0593
mem[X,0x0000000080001AC2] -> 0x0010
[3144] [M]: 0x0000000080001AC0 (0x00100593) addi x11, x0, 0x1                       main+3808
x11 <- 0x0000000000000001

mem[X,0x0000000080001AC4] -> 0x5513
mem[X,0x0000000080001AC6] -> 0x00C5
[3145] [M]: 0x0000000080001AC4 (0x00C55513) srli x10, x10, 0xc                      main+3812
x10 <- 0x0000000000080007

clint mtime 0x0000000000000625 (mip.MTI <- 0b1, mip.STI <- 0b0)
mem[X,0x0000000080001AC8] -> 0x1513
mem[X,0x0000000080001ACA] -> 0x00A5
[3146] [M]: 0x0000000080001AC8 (0x00A51513) slli x10, x10, 0xa                      main+3816
x10 <- 0x0000000020001C00

mem[X,0x0000000080001ACC] -> 0x6533
mem[X,0x0000000080001ACE] -> 0x00B5
[3147] [M]: 0x0000000080001ACC (0x00B56533) or x10, x10, x11                        main+3820
x10 <- 0x0000000020001C01

clint mtime 0x0000000000000626 (mip.MTI <- 0b1, mip.STI <- 0b0)
mem[X,0x0000000080001AD0] -> 0x0013
mem[X,0x0000000080001AD2] -> 0x0000
[3148] [M]: 0x0000000080001AD0 (0x00000013) addi x0, x0, 0x0                        main+3824

mem[X,0x0000000080001AD4] -> 0x0013
mem[X,0x0000000080001AD6] -> 0x0000
[3149] [M]: 0x0000000080001AD4 (0x00000013) addi x0, x0, 0x0                        main+3828

clint mtime 0x0000000000000627 (mip.MTI <- 0b1, mip.STI <- 0b0)
mem[X,0x0000000080001AD8] -> 0x0013
mem[X,0x0000000080001ADA] -> 0x0000
[3150] [M]: 0x0000000080001AD8 (0x00000013) addi x0, x0, 0x0                        main+3832

mem[X,0x0000000080001ADC] -> 0x0013
mem[X,0x0000000080001ADE] -> 0x0000
[3151] [M]: 0x0000000080001ADC (0x00000013) addi x0, x0, 0x0                        main+3836

clint mtime 0x0000000000000628 (mip.MTI <- 0b1, mip.STI <- 0b0)
mem[X,0x0000000080001AE0] -> 0x6317
mem[X,0x0000000080001AE2] -> 0x0000
[3152] [M]: 0x0000000080001AE0 (0x00006317) auipc x6, 0x6                           main+3840
x6 <- 0x0000000080007AE0

mem[X,0x0000000080001AE4] -> 0x0313
mem[X,0x0000000080001AE6] -> 0x5203
[3153] [M]: 0x0000000080001AE4 (0x52030313) addi x6, x6, 0x520                      main+3844
x6 <- 0x0000000080008000

clint mtime 0x0000000000000629 (mip.MTI <- 0b1, mip.STI <- 0b0)
mem[X,0x0000000080001AE8] -> 0x0001
[3154] [M]: 0x0000000080001AE8 (0x0001) c.nop                                       main+3848

mem[X,0x0000000080001AEA] -> 0x0013
mem[X,0x0000000080001AEC] -> 0x0000
[3155] [M]: 0x0000000080001AEA (0x00000013) addi x0, x0, 0x0                        main+3850

clint mtime 0x000000000000062A (mip.MTI <- 0b1, mip.STI <- 0b0)
mem[X,0x0000000080001AEE] -> 0x0013
mem[X,0x0000000080001AF0] -> 0x0000
[3156] [M]: 0x0000000080001AEE (0x00000013) addi x0, x0, 0x0                        main+3854

mem[X,0x0000000080001AF2] -> 0x0013
mem[X,0x0000000080001AF4] -> 0x0000
[3157] [M]: 0x0000000080001AF2 (0x00000013) addi x0, x0, 0x0                        main+3858

clint mtime 0x000000000000062B (mip.MTI <- 0b1, mip.STI <- 0b0)
mem[X,0x0000000080001AF6] -> 0x0013
mem[X,0x0000000080001AF8] -> 0x0000
[3158] [M]: 0x0000000080001AF6 (0x00000013) addi x0, x0, 0x0                        main+3862

mem[X,0x0000000080001AFA] -> 0x0013
mem[X,0x0000000080001AFC] -> 0x0000
[3159] [M]: 0x0000000080001AFA (0x00000013) addi x0, x0, 0x0                        main+3866

clint mtime 0x000000000000062C (mip.MTI <- 0b1, mip.STI <- 0b0)
mem[X,0x0000000080001AFE] -> 0x0001
[3160] [M]: 0x0000000080001AFE (0x0001) c.nop                                       main+3870

mem[X,0x0000000080001B00] -> 0x0293
mem[X,0x0000000080001B02] -> 0x0280
[3161] [M]: 0x0000000080001B00 (0x02800293) addi x5, x0, 0x28                       main+3872
x5 <- 0x0000000000000028

clint mtime 0x000000000000062D (mip.MTI <- 0b1, mip.STI <- 0b0)
mem[X,0x0000000080001B04] -> 0x0333
mem[X,0x0000000080001B06] -> 0x0053
[3162] [M]: 0x0000000080001B04 (0x00530333) add x6, x6, x5                          main+3876
x6 <- 0x0000000080008028

mem[X,0x0000000080001B08] -> 0x3023
mem[X,0x0000000080001B0A] -> 0x00A3
[3163] [M]: 0x0000000080001B08 (0x00A33023) sd x10, 0x0(x6)                         main+3880
mem[W,0x0000000080008028] <- 0x0000000020001C01

clint mtime 0x000000000000062E (mip.MTI <- 0b1, mip.STI <- 0b0)
mem[X,0x0000000080001B0C] -> 0x0013
mem[X,0x0000000080001B0E] -> 0x0000
[3164] [M]: 0x0000000080001B0C (0x00000013) addi x0, x0, 0x0                        main+3884

mem[X,0x0000000080001B10] -> 0x0013
mem[X,0x0000000080001B12] -> 0x0000
[3165] [M]: 0x0000000080001B10 (0x00000013) addi x0, x0, 0x0                        main+3888

clint mtime 0x000000000000062F (mip.MTI <- 0b1, mip.STI <- 0b0)
mem[X,0x0000000080001B14] -> 0x0013
mem[X,0x0000000080001B16] -> 0x0000
[3166] [M]: 0x0000000080001B14 (0x00000013) addi x0, x0, 0x0                        main+3892

mem[X,0x0000000080001B18] -> 0x0013
mem[X,0x0000000080001B1A] -> 0x0000
[3167] [M]: 0x0000000080001B18 (0x00000013) addi x0, x0, 0x0                        main+3896

clint mtime 0x0000000000000630 (mip.MTI <- 0b1, mip.STI <- 0b0)
mem[X,0x0000000080001B1C] -> 0x0013
mem[X,0x0000000080001B1E] -> 0x0000
[3168] [M]: 0x0000000080001B1C (0x00000013) addi x0, x0, 0x0                        main+3900

mem[X,0x0000000080001B20] -> 0xF517
mem[X,0x0000000080001B22] -> 0xFFFF
[3169] [M]: 0x0000000080001B20 (0xFFFFF517) auipc x10, -0x1                         main+3904
x10 <- 0x0000000080000B20

clint mtime 0x0000000000000631 (mip.MTI <- 0b1, mip.STI <- 0b0)
mem[X,0x0000000080001B24] -> 0x0513
mem[X,0x0000000080001B26] -> 0x8E05
[3170] [M]: 0x0000000080001B24 (0x8E050513) addi x10, x10, -0x720                   main+3908
x10 <- 0x0000000080000400

mem[X,0x0000000080001B28] -> 0x0001
[3171] [M]: 0x0000000080001B28 (0x0001) c.nop                                       main+3912

clint mtime 0x0000000000000632 (mip.MTI <- 0b1, mip.STI <- 0b0)
mem[X,0x0000000080001B2A] -> 0x0013
mem[X,0x0000000080001B2C] -> 0x0000
[3172] [M]: 0x0000000080001B2A (0x00000013) addi x0, x0, 0x0                        main+3914

mem[X,0x0000000080001B2E] -> 0x0013
mem[X,0x0000000080001B30] -> 0x0000
[3173] [M]: 0x0000000080001B2E (0x00000013) addi x0, x0, 0x0                        main+3918

clint mtime 0x0000000000000633 (mip.MTI <- 0b1, mip.STI <- 0b0)
mem[X,0x0000000080001B32] -> 0x0013
mem[X,0x0000000080001B34] -> 0x0000
[3174] [M]: 0x0000000080001B32 (0x00000013) addi x0, x0, 0x0                        main+3922

mem[X,0x0000000080001B36] -> 0x0013
mem[X,0x0000000080001B38] -> 0x0000
[3175] [M]: 0x0000000080001B36 (0x00000013) addi x0, x0, 0x0                        main+3926

clint mtime 0x0000000000000634 (mip.MTI <- 0b1, mip.STI <- 0b0)
mem[X,0x0000000080001B3A] -> 0x0013
mem[X,0x0000000080001B3C] -> 0x0000
[3176] [M]: 0x0000000080001B3A (0x00000013) addi x0, x0, 0x0                        main+3930

mem[X,0x0000000080001B3E] -> 0x0001
[3177] [M]: 0x0000000080001B3E (0x0001) c.nop                                       main+3934

clint mtime 0x0000000000000635 (mip.MTI <- 0b1, mip.STI <- 0b0)
mem[X,0x0000000080001B40] -> 0x0593
mem[X,0x0000000080001B42] -> 0x0CF0
[3178] [M]: 0x0000000080001B40 (0x0CF00593) addi x11, x0, 0xcf                      main+3936
x11 <- 0x00000000000000CF

mem[X,0x0000000080001B44] -> 0x5513
mem[X,0x0000000080001B46] -> 0x00C5
[3179] [M]: 0x0000000080001B44 (0x00C55513) srli x10, x10, 0xc                      main+3940
x10 <- 0x0000000000080000

clint mtime 0x0000000000000636 (mip.MTI <- 0b1, mip.STI <- 0b0)
mem[X,0x0000000080001B48] -> 0x1513
mem[X,0x0000000080001B4A] -> 0x00A5
[3180] [M]: 0x0000000080001B48 (0x00A51513) slli x10, x10, 0xa                      main+3944
x10 <- 0x0000000020000000

mem[X,0x0000000080001B4C] -> 0x6533
mem[X,0x0000000080001B4E] -> 0x00B5
[3181] [M]: 0x0000000080001B4C (0x00B56533) or x10, x10, x11                        main+3948
x10 <- 0x00000000200000CF

clint mtime 0x0000000000000637 (mip.MTI <- 0b1, mip.STI <- 0b0)
mem[X,0x0000000080001B50] -> 0x0013
mem[X,0x0000000080001B52] -> 0x0000
[3182] [M]: 0x0000000080001B50 (0x00000013) addi x0, x0, 0x0                        main+3952

mem[X,0x0000000080001B54] -> 0x0013
mem[X,0x0000000080001B56] -> 0x0000
[3183] [M]: 0x0000000080001B54 (0x00000013) addi x0, x0, 0x0                        main+3956

clint mtime 0x0000000000000638 (mip.MTI <- 0b1, mip.STI <- 0b0)
mem[X,0x0000000080001B58] -> 0x0013
mem[X,0x0000000080001B5A] -> 0x0000
[3184] [M]: 0x0000000080001B58 (0x00000013) addi x0, x0, 0x0                        main+3960

mem[X,0x0000000080001B5C] -> 0x0013
mem[X,0x0000000080001B5E] -> 0x0000
[3185] [M]: 0x0000000080001B5C (0x00000013) addi x0, x0, 0x0                        main+3964

clint mtime 0x0000000000000639 (mip.MTI <- 0b1, mip.STI <- 0b0)
mem[X,0x0000000080001B60] -> 0x5317
mem[X,0x0000000080001B62] -> 0x0000
[3186] [M]: 0x0000000080001B60 (0x00005317) auipc x6, 0x5                           main+3968
x6 <- 0x0000000080006B60

mem[X,0x0000000080001B64] -> 0x0313
mem[X,0x0000000080001B66] -> 0x4A03
[3187] [M]: 0x0000000080001B64 (0x4A030313) addi x6, x6, 0x4a0                      main+3972
x6 <- 0x0000000080007000

clint mtime 0x000000000000063A (mip.MTI <- 0b1, mip.STI <- 0b0)
mem[X,0x0000000080001B68] -> 0x0001
[3188] [M]: 0x0000000080001B68 (0x0001) c.nop                                       main+3976

mem[X,0x0000000080001B6A] -> 0x0013
mem[X,0x0000000080001B6C] -> 0x0000
[3189] [M]: 0x0000000080001B6A (0x00000013) addi x0, x0, 0x0                        main+3978

clint mtime 0x000000000000063B (mip.MTI <- 0b1, mip.STI <- 0b0)
mem[X,0x0000000080001B6E] -> 0x0013
mem[X,0x0000000080001B70] -> 0x0000
[3190] [M]: 0x0000000080001B6E (0x00000013) addi x0, x0, 0x0                        main+3982

mem[X,0x0000000080001B72] -> 0x0013
mem[X,0x0000000080001B74] -> 0x0000
[3191] [M]: 0x0000000080001B72 (0x00000013) addi x0, x0, 0x0                        main+3986

clint mtime 0x000000000000063C (mip.MTI <- 0b1, mip.STI <- 0b0)
mem[X,0x0000000080001B76] -> 0x0013
mem[X,0x0000000080001B78] -> 0x0000
[3192] [M]: 0x0000000080001B76 (0x00000013) addi x0, x0, 0x0                        main+3990

mem[X,0x0000000080001B7A] -> 0x0013
mem[X,0x0000000080001B7C] -> 0x0000
[3193] [M]: 0x0000000080001B7A (0x00000013) addi x0, x0, 0x0                        main+3994

clint mtime 0x000000000000063D (mip.MTI <- 0b1, mip.STI <- 0b0)
mem[X,0x0000000080001B7E] -> 0x0001
[3194] [M]: 0x0000000080001B7E (0x0001) c.nop                                       main+3998

mem[X,0x0000000080001B80] -> 0x0293
mem[X,0x0000000080001B82] -> 0x0000
[3195] [M]: 0x0000000080001B80 (0x00000293) addi x5, x0, 0x0                        main+4000
x5 <- 0x0000000000000000

clint mtime 0x000000000000063E (mip.MTI <- 0b1, mip.STI <- 0b0)
mem[X,0x0000000080001B84] -> 0x0333
mem[X,0x0000000080001B86] -> 0x0053
[3196] [M]: 0x0000000080001B84 (0x00530333) add x6, x6, x5                          main+4004
x6 <- 0x0000000080007000

mem[X,0x0000000080001B88] -> 0x3023
mem[X,0x0000000080001B8A] -> 0x00A3
[3197] [M]: 0x0000000080001B88 (0x00A33023) sd x10, 0x0(x6)                         main+4008
mem[W,0x0000000080007000] <- 0x00000000200000CF

clint mtime 0x000000000000063F (mip.MTI <- 0b1, mip.STI <- 0b0)
mem[X,0x0000000080001B8C] -> 0x0073
mem[X,0x0000000080001B8E] -> 0x1200
[3198] [M]: 0x0000000080001B8C (0x12000073) sfence.vma x0, x0                       main+4012

mem[X,0x0000000080001B90] -> 0x0493
mem[X,0x0000000080001B92] -> 0x0010
[3199] [M]: 0x0000000080001B90 (0x00100493) addi x9, x0, 0x1                        main+4016
x9 <- 0x0000000000000001

clint mtime 0x0000000000000640 (mip.MTI <- 0b1, mip.STI <- 0b0)
mem[X,0x0000000080001B94] -> 0x9493
mem[X,0x0000000080001B96] -> 0x00B4
[3200] [M]: 0x0000000080001B94 (0x00B49493) slli x9, x9, 0xb                        main+4020
x9 <- 0x0000000000000800

mem[X,0x0000000080001B98] -> 0xB073
mem[X,0x0000000080001B9A] -> 0x3004
[3201] [M]: 0x0000000080001B98 (0x3004B073) csrrc x0, mstatus, x9                   main+4024
CSR mstatus (0x300) <- 0x0000000A00000000

clint mtime 0x0000000000000641 (mip.MTI <- 0b1, mip.STI <- 0b0)
mem[X,0x0000000080001B9C] -> 0x0493
mem[X,0x0000000080001B9E] -> 0x0010
[3202] [M]: 0x0000000080001B9C (0x00100493) addi x9, x0, 0x1                        main+4028
x9 <- 0x0000000000000001

mem[X,0x0000000080001BA0] -> 0x9493
mem[X,0x0000000080001BA2] -> 0x00B4
[3203] [M]: 0x0000000080001BA0 (0x00B49493) slli x9, x9, 0xb                        main+4032
x9 <- 0x0000000000000800

clint mtime 0x0000000000000642 (mip.MTI <- 0b1, mip.STI <- 0b0)
mem[X,0x0000000080001BA4] -> 0xA073
mem[X,0x0000000080001BA6] -> 0x3004
[3204] [M]: 0x0000000080001BA4 (0x3004A073) csrrs x0, mstatus, x9                   main+4036
CSR mstatus (0x300) <- 0x0000000A00000800

mem[X,0x0000000080001BA8] -> 0x23F3
mem[X,0x0000000080001BAA] -> 0x3400
[3205] [M]: 0x0000000080001BA8 (0x340023F3) csrrs x7, mscratch, x0                  main+4040
CSR mscratch (0x340) -> 0x0000000080005000
x7 <- 0x0000000080005000

clint mtime 0x0000000000000643 (mip.MTI <- 0b1, mip.STI <- 0b0)
mem[X,0x0000000080001BAC] -> 0xB303
mem[X,0x0000000080001BAE] -> 0x4703
[3206] [M]: 0x0000000080001BAC (0x4703B303) ld x6, 0x470(x7)                        main+4044
mem[R,0x0000000080005470] -> 0x0000000180000B9C
x6 <- 0x0000000180000B9C

mem[X,0x0000000080001BB0] -> 0xB483
mem[X,0x0000000080001BB2] -> 0x1D83
[3207] [M]: 0x0000000080001BB0 (0x1D83B483) ld x9, 0x1d8(x7)                        main+4048
mem[R,0x00000000800051D8] -> 0x0000000080000BB4
x9 <- 0x0000000080000BB4

clint mtime 0x0000000000000644 (mip.MTI <- 0b1, mip.STI <- 0b0)
mem[X,0x0000000080001BB4] -> 0x0333
mem[X,0x0000000080001BB6] -> 0x4093
[3208] [M]: 0x0000000080001BB4 (0x40930333) sub x6, x6, x9                          main+4052
x6 <- 0x00000000FFFFFFE8

mem[X,0x0000000080001BB8] -> 0x0313
mem[X,0x0000000080001BBA] -> 0x0103
[3209] [M]: 0x0000000080001BB8 (0x01030313) addi x6, x6, 0x10                       main+4056
x6 <- 0x00000000FFFFFFF8

clint mtime 0x0000000000000645 (mip.MTI <- 0b1, mip.STI <- 0b0)
mem[X,0x0000000080001BBC] -> 0x0497
mem[X,0x0000000080001BBE] -> 0x0000
[3210] [M]: 0x0000000080001BBC (0x00000497) auipc x9, 0x0                           main+4060
x9 <- 0x0000000080001BBC

mem[X,0x0000000080001BC0] -> 0x84B3
mem[X,0x0000000080001BC2] -> 0x0064
[3211] [M]: 0x0000000080001BC0 (0x006484B3) add x9, x9, x6                          main+4064
x9 <- 0x0000000180001BB4

clint mtime 0x0000000000000646 (mip.MTI <- 0b1, mip.STI <- 0b0)
mem[X,0x0000000080001BC4] -> 0x94F3
mem[X,0x0000000080001BC6] -> 0x3414
[3212] [M]: 0x0000000080001BC4 (0x341494F3) csrrw x9, mepc, x9                      main+4068
CSR mepc (0x341) <- 0x0000000180001BB4
x9 <- 0x0000000180001A7C

mem[X,0x0000000080001BC8] -> 0x0073
mem[X,0x0000000080001BCA] -> 0x3020
[3213] [M]: 0x0000000080001BC8 (0x30200073) mret                                    main+4072
CSR mstatus (0x300) <- 0x0000000A00000080
ret-ing from M to S

clint mtime 0x0000000000000647 (mip.MTI <- 0b1, mip.STI <- 0b0)
PTW: Start, vpn=0x180001, access_type=X, privilege=Smem[R,0x0000000080008030] -> 0x00000000200000CB
PTW: Step, level=2, pte=0x200000CB, pte_addr=0x80008030
PTW: Success, final_ppn=0x80001, level=2mem[X,0x0000000080001BB4] -> 0x0333
PTW: Start, vpn=0x180001, access_type=X, privilege=Smem[R,0x0000000080008030] -> 0x00000000200000CB
PTW: Step, level=2, pte=0x200000CB, pte_addr=0x80008030
PTW: Success, final_ppn=0x80001, level=2mem[X,0x0000000080001BB6] -> 0x4093
[3214] [S]: 0x0000000180001BB4 (0x40930333) sub x6, x6, x9                          va_rvtest_code_begin+4120
x6 <- 0xFFFFFFFF7FFFE57C

PTW: Start, vpn=0x180001, access_type=X, privilege=Smem[R,0x0000000080008030] -> 0x00000000200000CB
PTW: Step, level=2, pte=0x200000CB, pte_addr=0x80008030
PTW: Success, final_ppn=0x80001, level=2mem[X,0x0000000080001BB8] -> 0x0313
PTW: Start, vpn=0x180001, access_type=X, privilege=Smem[R,0x0000000080008030] -> 0x00000000200000CB
PTW: Step, level=2, pte=0x200000CB, pte_addr=0x80008030
PTW: Success, final_ppn=0x80001, level=2mem[X,0x0000000080001BBA] -> 0x0103
[3215] [S]: 0x0000000180001BB8 (0x01030313) addi x6, x6, 0x10                       va_rvtest_code_begin+4124
x6 <- 0xFFFFFFFF7FFFE58C

clint mtime 0x0000000000000648 (mip.MTI <- 0b1, mip.STI <- 0b0)
PTW: Start, vpn=0x180001, access_type=X, privilege=Smem[R,0x0000000080008030] -> 0x00000000200000CB
PTW: Step, level=2, pte=0x200000CB, pte_addr=0x80008030
PTW: Success, final_ppn=0x80001, level=2mem[X,0x0000000080001BBC] -> 0x0497
PTW: Start, vpn=0x180001, access_type=X, privilege=Smem[R,0x0000000080008030] -> 0x00000000200000CB
PTW: Step, level=2, pte=0x200000CB, pte_addr=0x80008030
PTW: Success, final_ppn=0x80001, level=2mem[X,0x0000000080001BBE] -> 0x0000
[3216] [S]: 0x0000000180001BBC (0x00000497) auipc x9, 0x0                           va_rvtest_code_begin+4128
x9 <- 0x0000000180001BBC

PTW: Start, vpn=0x180001, access_type=X, privilege=Smem[R,0x0000000080008030] -> 0x00000000200000CB
PTW: Step, level=2, pte=0x200000CB, pte_addr=0x80008030
PTW: Success, final_ppn=0x80001, level=2mem[X,0x0000000080001BC0] -> 0x84B3
PTW: Start, vpn=0x180001, access_type=X, privilege=Smem[R,0x0000000080008030] -> 0x00000000200000CB
PTW: Step, level=2, pte=0x200000CB, pte_addr=0x80008030
PTW: Success, final_ppn=0x80001, level=2mem[X,0x0000000080001BC2] -> 0x0064
[3217] [S]: 0x0000000180001BC0 (0x006484B3) add x9, x9, x6                          va_rvtest_code_begin+4132
x9 <- 0x0000000100000148

clint mtime 0x0000000000000649 (mip.MTI <- 0b1, mip.STI <- 0b0)
PTW: Start, vpn=0x180001, access_type=X, privilege=Smem[R,0x0000000080008030] -> 0x00000000200000CB
PTW: Step, level=2, pte=0x200000CB, pte_addr=0x80008030
PTW: Success, final_ppn=0x80001, level=2mem[X,0x0000000080001BC4] -> 0x94F3
PTW: Start, vpn=0x180001, access_type=X, privilege=Smem[R,0x0000000080008030] -> 0x00000000200000CB
PTW: Step, level=2, pte=0x200000CB, pte_addr=0x80008030
PTW: Success, final_ppn=0x80001, level=2mem[X,0x0000000080001BC6] -> 0x3414
[3218] [S]: 0x0000000180001BC4 (0x341494F3) csrrw x9, mepc, x9                      va_rvtest_code_begin+4136
trapping from S to M to handle illegal-instruction
handling exc#illegal-instruction at priv M with tval 0x00000000341494F3
CSR mstatus (0x300) <- 0x0000000A00000800
CSR mcause (0x342) <- 0x0000000000000002
CSR mtval (0x343) <- 0x00000000341494F3
CSR mepc (0x341) <- 0x0000000180001BC4

mem[X,0x0000000080001F80] -> 0x006F
mem[X,0x0000000080001F82] -> 0x1000
[3219] [M]: 0x0000000080001F80 (0x1000006F) jal x0, 0x100                           Mtrampoline+0

clint mtime 0x000000000000064A (mip.MTI <- 0b1, mip.STI <- 0b0)
mem[X,0x0000000080002080] -> 0x1173
mem[X,0x0000000080002082] -> 0x3401
[3220] [M]: 0x0000000080002080 (0x34011173) csrrw x2, mscratch, x2                  trap_Mhandler+0
CSR mscratch (0x340) <- 0x0000000000000000
x2 <- 0x0000000080005000

mem[X,0x0000000080002084] -> 0x3423
mem[X,0x0000000080002086] -> 0x28B1
[3221] [M]: 0x0000000080002084 (0x28B13423) sd x11, 0x288(x2)                       trap_Mhandler+4
mem[W,0x0000000080005288] <- 0x00000000000000CF

clint mtime 0x000000000000064B (mip.MTI <- 0b1, mip.STI <- 0b0)
mem[X,0x0000000080002088] -> 0x05EF
mem[X,0x000000008000208A] -> 0x0B80
[3222] [M]: 0x0000000080002088 (0x0B8005EF) jal x11, 0xb8                           trap_Mhandler+8
x11 <- 0x000000008000208C

mem[X,0x0000000080002140] -> 0x3023
mem[X,0x0000000080002142] -> 0x28A1
[3223] [M]: 0x0000000080002140 (0x28A13023) sd x10, 0x280(x2)                       common_Mhandler+0
mem[W,0x0000000080005280] <- 0x00000000200000CF

clint mtime 0x000000000000064C (mip.MTI <- 0b1, mip.STI <- 0b0)
mem[X,0x0000000080002144] -> 0x1573
mem[X,0x0000000080002146] -> 0x3401
[3224] [M]: 0x0000000080002144 (0x34011573) csrrw x10, mscratch, x2                 common_Mhandler+4
CSR mscratch (0x340) <- 0x0000000080005000
x10 <- 0x0000000000000000

mem[X,0x0000000080002148] -> 0x3823
mem[X,0x000000008000214A] -> 0x28A1
[3225] [M]: 0x0000000080002148 (0x28A13823) sd x10, 0x290(x2)                       common_Mhandler+8
mem[W,0x0000000080005290] <- 0x0000000000000000

clint mtime 0x000000000000064D (mip.MTI <- 0b1, mip.STI <- 0b0)
mem[X,0x000000008000214C] -> 0x3503
mem[X,0x000000008000214E] -> 0x2301
[3226] [M]: 0x000000008000214C (0x23013503) ld x10, 0x230(x2)                       common_Mhandler+12
mem[R,0x0000000080005230] -> 0x0000000080002154
x10 <- 0x0000000080002154

mem[X,0x0000000080002150] -> 0x0067
mem[X,0x0000000080002152] -> 0x0005
[3227] [M]: 0x0000000080002150 (0x00050067) jalr x0, 0x0(x10)                       common_Mhandler+16

clint mtime 0x000000000000064E (mip.MTI <- 0b1, mip.STI <- 0b0)
mem[X,0x0000000080002154] -> 0x3C23
mem[X,0x0000000080002156] -> 0x2691
[3228] [M]: 0x0000000080002154 (0x26913C23) sd x9, 0x278(x2)                        common_Mentry+0
mem[W,0x0000000080005278] <- 0x0000000100000148

mem[X,0x0000000080002158] -> 0x3823
mem[X,0x000000008000215A] -> 0x2681
[3229] [M]: 0x0000000080002158 (0x26813823) sd x8, 0x270(x2)                        common_Mentry+4
mem[W,0x0000000080005270] <- 0x0000000000007F76

clint mtime 0x000000000000064F (mip.MTI <- 0b1, mip.STI <- 0b0)
mem[X,0x000000008000215C] -> 0x3423
mem[X,0x000000008000215E] -> 0x2671
[3230] [M]: 0x000000008000215C (0x26713423) sd x7, 0x268(x2)                        common_Mentry+8
mem[W,0x0000000080005268] <- 0x0000000080005000

mem[X,0x0000000080002160] -> 0x3023
mem[X,0x0000000080002162] -> 0x2661
[3231] [M]: 0x0000000080002160 (0x26613023) sd x6, 0x260(x2)                        common_Mentry+12
mem[W,0x0000000080005260] <- 0xFFFFFFFF7FFFE58C

clint mtime 0x0000000000000650 (mip.MTI <- 0b1, mip.STI <- 0b0)
mem[X,0x0000000080002164] -> 0x2573
mem[X,0x0000000080002166] -> 0x3420
[3232] [M]: 0x0000000080002164 (0x34202573) csrrs x10, mcause, x0                   spcl_M2mmode_test+0
CSR mcause (0x342) -> 0x0000000000000002
x10 <- 0x0000000000000002

mem[X,0x0000000080002168] -> 0x04B7
mem[X,0x000000008000216A] -> 0x8000
[3233] [M]: 0x0000000080002168 (0x800004B7) lui x9, -0x80000                        spcl_M2mmode_test+4
x9 <- 0xFFFFFFFF80000000

clint mtime 0x0000000000000651 (mip.MTI <- 0b1, mip.STI <- 0b0)
mem[X,0x000000008000216C] -> 0x8493
mem[X,0x000000008000216E] -> 0x0004
[3234] [M]: 0x000000008000216C (0x00048493) addi x9, x9, 0x0                        spcl_M2mmode_test+8
x9 <- 0xFFFFFFFF80000000

mem[X,0x0000000080002170] -> 0x9493
mem[X,0x0000000080002172] -> 0x00B4
[3235] [M]: 0x0000000080002170 (0x00B49493) slli x9, x9, 0xb                        spcl_M2mmode_test+12
x9 <- 0xFFFFFC0000000000

clint mtime 0x0000000000000652 (mip.MTI <- 0b1, mip.STI <- 0b0)
mem[X,0x0000000080002174] -> 0x8493
mem[X,0x0000000080002176] -> 0x0004
[3236] [M]: 0x0000000080002174 (0x00048493) addi x9, x9, 0x0                        spcl_M2mmode_test+16
x9 <- 0xFFFFFC0000000000

mem[X,0x0000000080002178] -> 0x9493
mem[X,0x000000008000217A] -> 0x00B4
[3237] [M]: 0x0000000080002178 (0x00B49493) slli x9, x9, 0xb                        spcl_M2mmode_test+20
x9 <- 0xFFE0000000000000

clint mtime 0x0000000000000653 (mip.MTI <- 0b1, mip.STI <- 0b0)
mem[X,0x000000008000217C] -> 0x8493
mem[X,0x000000008000217E] -> 0x0034
[3238] [M]: 0x000000008000217C (0x00348493) addi x9, x9, 0x3                        spcl_M2mmode_test+24
x9 <- 0xFFE0000000000003

mem[X,0x0000000080002180] -> 0x9493
mem[X,0x0000000080002182] -> 0x00A4
[3239] [M]: 0x0000000080002180 (0x00A49493) slli x9, x9, 0xa                        spcl_M2mmode_test+28
x9 <- 0x8000000000000C00

clint mtime 0x0000000000000654 (mip.MTI <- 0b1, mip.STI <- 0b0)
mem[X,0x0000000080002184] -> 0x8493
mem[X,0x0000000080002186] -> 0x3FC4
[3240] [M]: 0x0000000080002184 (0x3FC48493) addi x9, x9, 0x3fc                      spcl_M2mmode_test+32
x9 <- 0x8000000000000FFC

mem[X,0x0000000080002188] -> 0xF4B3
mem[X,0x000000008000218A] -> 0x00A4
[3241] [M]: 0x0000000080002188 (0x00A4F4B3) and x9, x9, x10                         spcl_M2mmode_test+36
x9 <- 0x0000000000000000

clint mtime 0x0000000000000655 (mip.MTI <- 0b1, mip.STI <- 0b0)
mem[X,0x000000008000218C] -> 0x8493
mem[X,0x000000008000218E] -> 0xFF84
[3242] [M]: 0x000000008000218C (0xFF848493) addi x9, x9, -0x8                       spcl_M2mmode_test+40
x9 <- 0xFFFFFFFFFFFFFFF8

mem[X,0x0000000080002190] -> 0x9663
mem[X,0x0000000080002192] -> 0x0004
[3243] [M]: 0x0000000080002190 (0x00049663) bne x9, x0, 0xc                         spcl_M2mmode_test+44

clint mtime 0x0000000000000656 (mip.MTI <- 0b1, mip.STI <- 0b0)
mem[X,0x000000008000219C] -> 0x0393
mem[X,0x000000008000219E] -> 0x0200
[3244] [M]: 0x000000008000219C (0x02000393) addi x7, x0, 0x20                       Mtrapsig_ptr_upd+0
x7 <- 0x0000000000000020

mem[X,0x00000000800021A0] -> 0x5263
mem[X,0x00000000800021A2] -> 0x0405
[3245] [M]: 0x00000000800021A0 (0x04055263) bge x10, x0, 0x44                       Mtrapsig_ptr_upd+4

clint mtime 0x0000000000000657 (mip.MTI <- 0b1, mip.STI <- 0b0)
mem[X,0x00000000800021E4] -> 0x2373
mem[X,0x00000000800021E6] -> 0x3010
[3246] [M]: 0x00000000800021E4 (0x30102373) csrrs x6, misa, x0                      Mxcpt_sig_sv+0
CSR misa (0x301) -> 0x800000000034112F
x6 <- 0x800000000034112F

mem[X,0x00000000800021E8] -> 0x1313
mem[X,0x00000000800021EA] -> 0x0383
[3247] [M]: 0x00000000800021E8 (0x03831313) slli x6, x6, 0x38                       Mxcpt_sig_sv+4
x6 <- 0x2F00000000000000

clint mtime 0x0000000000000658 (mip.MTI <- 0b1, mip.STI <- 0b0)
mem[X,0x00000000800021EC] -> 0x5463
mem[X,0x00000000800021EE] -> 0x0003
[3248] [M]: 0x00000000800021EC (0x00035463) bge x6, x0, 0x8                         Mxcpt_sig_sv+8

mem[X,0x00000000800021F4] -> 0x3303
mem[X,0x00000000800021F6] -> 0x2181
[3249] [M]: 0x00000000800021F4 (0x21813303) ld x6, 0x218(x2)                        Mtrap_sig_sv+0
mem[R,0x0000000080005218] -> 0x00000000800094F8
x6 <- 0x00000000800094F8

clint mtime 0x0000000000000659 (mip.MTI <- 0b1, mip.STI <- 0b0)
mem[X,0x00000000800021F8] -> 0x04B3
mem[X,0x00000000800021FA] -> 0x0073
[3250] [M]: 0x00000000800021F8 (0x007304B3) add x9, x6, x7                          Mtrap_sig_sv+4
x9 <- 0x0000000080009518

mem[X,0x00000000800021FC] -> 0x3C23
mem[X,0x00000000800021FE] -> 0x2091
[3251] [M]: 0x00000000800021FC (0x20913C23) sd x9, 0x218(x2)                        Mtrap_sig_sv+8
mem[W,0x0000000080005218] <- 0x0000000080009518

clint mtime 0x000000000000065A (mip.MTI <- 0b1, mip.STI <- 0b0)
mem[X,0x0000000080002200] -> 0x3403
mem[X,0x0000000080002202] -> 0x1F81
[3252] [M]: 0x0000000080002200 (0x1F813403) ld x8, 0x1f8(x2)                        Mtrap_sig_sv+12
mem[R,0x00000000800051F8] -> 0x0000000080009110
x8 <- 0x0000000080009110

mem[X,0x0000000080002204] -> 0x0333
mem[X,0x0000000080002206] -> 0x4083
[3253] [M]: 0x0000000080002204 (0x40830333) sub x6, x6, x8                          Mtrap_sig_sv+16
x6 <- 0x00000000000003E8

clint mtime 0x000000000000065B (mip.MTI <- 0b1, mip.STI <- 0b0)
mem[X,0x0000000080002208] -> 0x3403
mem[X,0x000000008000220A] -> 0x1F81
[3254] [M]: 0x0000000080002208 (0x1F813403) ld x8, 0x1f8(x2)                        Mtrap_sig_sv+20
mem[R,0x00000000800051F8] -> 0x0000000080009110
x8 <- 0x0000000080009110

mem[X,0x000000008000220C] -> 0x0333
mem[X,0x000000008000220E] -> 0x0083
[3255] [M]: 0x000000008000220C (0x00830333) add x6, x6, x8                          Mtrap_sig_sv+24
x6 <- 0x00000000800094F8

clint mtime 0x000000000000065C (mip.MTI <- 0b1, mip.STI <- 0b0)
mem[X,0x0000000080002210] -> 0x3403
mem[X,0x0000000080002212] -> 0x2401
[3256] [M]: 0x0000000080002210 (0x24013403) ld x8, 0x240(x2)                        Mtrap_sig_sv+28
mem[R,0x0000000080005240] -> 0x0000000080001F80
x8 <- 0x0000000080001F80

mem[X,0x0000000080002214] -> 0x85B3
mem[X,0x0000000080002216] -> 0x4085
[3257] [M]: 0x0000000080002214 (0x408585B3) sub x11, x11, x8                        sv_Mvect+0
x11 <- 0x000000000000010C

clint mtime 0x000000000000065D (mip.MTI <- 0b1, mip.STI <- 0b0)
mem[X,0x0000000080002218] -> 0x9593
mem[X,0x000000008000221A] -> 0x0045
[3258] [M]: 0x0000000080002218 (0x00459593) slli x11, x11, 0x4                      sv_Mvect+4
x11 <- 0x00000000000010C0

mem[X,0x000000008000221C] -> 0xE5B3
mem[X,0x000000008000221E] -> 0x0075
[3259] [M]: 0x000000008000221C (0x0075E5B3) or x11, x11, x7                         sv_Mvect+8
x11 <- 0x00000000000010E0

clint mtime 0x000000000000065E (mip.MTI <- 0b1, mip.STI <- 0b0)
mem[X,0x0000000080002220] -> 0x8593
mem[X,0x0000000080002222] -> 0x0035
[3260] [M]: 0x0000000080002220 (0x00358593) addi x11, x11, 0x3                      sv_Mvect+12
x11 <- 0x00000000000010E3

mem[X,0x0000000080002224] -> 0x3023
mem[X,0x0000000080002226] -> 0x00B3
[3261] [M]: 0x0000000080002224 (0x00B33023) sd x11, 0x0(x6)                         sv_Mvect+16
mem[W,0x00000000800094F8] <- 0x00000000000010E3

clint mtime 0x000000000000065F (mip.MTI <- 0b1, mip.STI <- 0b0)
mem[X,0x0000000080002228] -> 0x3423
mem[X,0x000000008000222A] -> 0x00A3
[3262] [M]: 0x0000000080002228 (0x00A33423) sd x10, 0x8(x6)                         sv_Mcause+0
mem[W,0x0000000080009500] <- 0x0000000000000002

mem[X,0x000000008000222C] -> 0x4663
mem[X,0x000000008000222E] -> 0x1A05
[3263] [M]: 0x000000008000222C (0x1A054663) blt x10, x0, 0x1ac                      sv_Mcause+4

clint mtime 0x0000000000000660 (mip.MTI <- 0b1, mip.STI <- 0b0)
mem[X,0x0000000080002230] -> 0x25F3
mem[X,0x0000000080002232] -> 0x3000
[3264] [M]: 0x0000000080002230 (0x300025F3) csrrs x11, mstatus, x0                  common_Mexcpt_handler+0
CSR mstatus (0x300) -> 0x0000000A00000800
x11 <- 0x0000000A00000800

mem[X,0x0000000080002234] -> 0x9413
mem[X,0x0000000080002236] -> 0x02E5
[3265] [M]: 0x0000000080002234 (0x02E59413) slli x8, x11, 0x2e                      common_Mexcpt_handler+4
x8 <- 0x0200000000000000

clint mtime 0x0000000000000661 (mip.MTI <- 0b1, mip.STI <- 0b0)
mem[X,0x0000000080002238] -> 0x5463
mem[X,0x000000008000223A] -> 0x0004
[3266] [M]: 0x0000000080002238 (0x00045463) bge x8, x0, 0x8                         common_Mexcpt_handler+8

mem[X,0x0000000080002240] -> 0xD493
mem[X,0x0000000080002242] -> 0x00B5
[3267] [M]: 0x0000000080002240 (0x00B5D493) srli x9, x11, 0xb                       common_Mexcpt_handler+16
x9 <- 0x0000000001400001

clint mtime 0x0000000000000662 (mip.MTI <- 0b1, mip.STI <- 0b0)
mem[X,0x0000000080002244] -> 0xF493
mem[X,0x0000000080002246] -> 0x0034
[3268] [M]: 0x0000000080002244 (0x0034F493) andi x9, x9, 0x3                        common_Mexcpt_handler+20
x9 <- 0x0000000000000001

mem[X,0x0000000080002248] -> 0x8493
mem[X,0x000000008000224A] -> 0x0014
[3269] [M]: 0x0000000080002248 (0x00148493) addi x9, x9, 0x1                        common_Mexcpt_handler+24
x9 <- 0x0000000000000002

clint mtime 0x0000000000000663 (mip.MTI <- 0b1, mip.STI <- 0b0)
mem[X,0x000000008000224C] -> 0xF493
mem[X,0x000000008000224E] -> 0x0044
[3270] [M]: 0x000000008000224C (0x0044F493) andi x9, x9, 0x4                        common_Mexcpt_handler+28
x9 <- 0x0000000000000000

mem[X,0x0000000080002250] -> 0x0593
mem[X,0x0000000080002252] -> 0x05D0
[3271] [M]: 0x0000000080002250 (0x05D00593) addi x11, x0, 0x5d                      common_Mexcpt_handler+32
x11 <- 0x000000000000005D

clint mtime 0x0000000000000664 (mip.MTI <- 0b1, mip.STI <- 0b0)
mem[X,0x0000000080002254] -> 0xD5B3
mem[X,0x0000000080002256] -> 0x0095
[3272] [M]: 0x0000000080002254 (0x0095D5B3) srl x11, x11, x9                        common_Mexcpt_handler+36
x11 <- 0x000000000000005D

mem[X,0x0000000080002258] -> 0xF593
mem[X,0x000000008000225A] -> 0x0015
[3273] [M]: 0x0000000080002258 (0x0015F593) andi x11, x11, 0x1                      common_Mexcpt_handler+40
x11 <- 0x0000000000000001

clint mtime 0x0000000000000665 (mip.MTI <- 0b1, mip.STI <- 0b0)
mem[X,0x000000008000225C] -> 0x8EE3
mem[X,0x000000008000225E] -> 0xF405
[3274] [M]: 0x000000008000225C (0xF4058EE3) beq x11, x0, -0xa4                      common_Mexcpt_handler+44

mem[X,0x0000000080002260] -> 0x0593
mem[X,0x0000000080002262] -> 0x2980
[3275] [M]: 0x0000000080002260 (0x29800593) addi x11, x0, 0x298                     common_Mexcpt_handler+48
x11 <- 0x0000000000000298

clint mtime 0x0000000000000666 (mip.MTI <- 0b1, mip.STI <- 0b0)
mem[X,0x0000000080002264] -> 0xF413
mem[X,0x0000000080002266] -> 0x0014
[3276] [M]: 0x0000000080002264 (0x0014F413) andi x8, x9, 0x1                        common_Mexcpt_handler+52
x8 <- 0x0000000000000000

mem[X,0x0000000080002268] -> 0x95B3
mem[X,0x000000008000226A] -> 0x0085
[3277] [M]: 0x0000000080002268 (0x008595B3) sll x11, x11, x8                        common_Mexcpt_handler+56
x11 <- 0x0000000000000298

clint mtime 0x0000000000000667 (mip.MTI <- 0b1, mip.STI <- 0b0)
mem[X,0x000000008000226C] -> 0x9413
mem[X,0x000000008000226E] -> 0x03D4
[3278] [M]: 0x000000008000226C (0x03D49413) slli x8, x9, 0x3d                       common_Mexcpt_handler+60
x8 <- 0x0000000000000000

mem[X,0x0000000080002270] -> 0x5413
mem[X,0x0000000080002272] -> 0x43F4
[3279] [M]: 0x0000000080002270 (0x43F45413) srai x8, x8, 0x3f                       common_Mexcpt_handler+64
x8 <- 0x0000000000000000

clint mtime 0x0000000000000668 (mip.MTI <- 0b1, mip.STI <- 0b0)
mem[X,0x0000000080002274] -> 0x4413
mem[X,0x0000000080002276] -> 0xFFF4
[3280] [M]: 0x0000000080002274 (0xFFF44413) xori x8, x8, -0x1                       common_Mexcpt_handler+68
x8 <- 0xFFFFFFFFFFFFFFFF

mem[X,0x0000000080002278] -> 0xF4B3
mem[X,0x000000008000227A] -> 0x0085
[3281] [M]: 0x0000000080002278 (0x0085F4B3) and x9, x11, x8                         common_Mexcpt_handler+72
x9 <- 0x0000000000000298

clint mtime 0x0000000000000669 (mip.MTI <- 0b1, mip.STI <- 0b0)
mem[X,0x000000008000227C] -> 0x84B3
mem[X,0x000000008000227E] -> 0x0024
[3282] [M]: 0x000000008000227C (0x002484B3) add x9, x9, x2                          vmem_adj_Mepc+0
x9 <- 0x0000000080005298

mem[X,0x0000000080002280] -> 0x23F3
mem[X,0x0000000080002282] -> 0x3410
[3283] [M]: 0x0000000080002280 (0x341023F3) csrrs x7, mepc, x0                      vmem_adj_Mepc+4
CSR mepc (0x341) -> 0x0000000180001BC4
x7 <- 0x0000000180001BC4

clint mtime 0x000000000000066A (mip.MTI <- 0b1, mip.STI <- 0b0)
mem[X,0x0000000080002284] -> 0x0413
mem[X,0x0000000080002286] -> 0x0004
[3284] [M]: 0x0000000080002284 (0x00040413) addi x8, x8, 0x0                        vmem_adj_Mepc+8
x8 <- 0xFFFFFFFFFFFFFFFF

mem[X,0x0000000080002288] -> 0x006F
mem[X,0x000000008000228A] -> 0x0400
[3285] [M]: 0x0000000080002288 (0x0400006F) jal x0, 0x40                            vmem_adj_Mepc+12

clint mtime 0x000000000000066B (mip.MTI <- 0b1, mip.STI <- 0b0)
mem[X,0x00000000800022C8] -> 0x8433
mem[X,0x00000000800022CA] -> 0x4083
[3286] [M]: 0x00000000800022C8 (0x40838433) sub x8, x7, x8                          adj_Mepc+0
x8 <- 0x0000000180001BC5

mem[X,0x00000000800022CC] -> 0x3823
mem[X,0x00000000800022CE] -> 0x0083
[3287] [M]: 0x00000000800022CC (0x00833823) sd x8, 0x10(x6)                         sv_Mepc+0
mem[W,0x0000000080009508] <- 0x0000000180001BC5

clint mtime 0x000000000000066C (mip.MTI <- 0b1, mip.STI <- 0b0)
mem[X,0x00000000800022D0] -> 0x55B7
mem[X,0x00000000800022D2] -> 0x0000
[3288] [M]: 0x00000000800022D0 (0x000055B7) lui x11, 0x5                            sv_Mepc+4
x11 <- 0x0000000000005000

mem[X,0x00000000800022D4] -> 0x8593
mem[X,0x00000000800022D6] -> 0x6675
[3289] [M]: 0x00000000800022D4 (0x66758593) addi x11, x11, 0x667                    sv_Mepc+8
x11 <- 0x0000000000005667

clint mtime 0x000000000000066D (mip.MTI <- 0b1, mip.STI <- 0b0)
mem[X,0x00000000800022D8] -> 0x9593
mem[X,0x00000000800022DA] -> 0x0015
[3290] [M]: 0x00000000800022D8 (0x00159593) slli x11, x11, 0x1                      sv_Mepc+12
x11 <- 0x000000000000ACCE

mem[X,0x00000000800022DC] -> 0x9063
mem[X,0x00000000800022DE] -> 0x02B1
[3291] [M]: 0x00000000800022DC (0x02B19063) bne x3, x11, 0x20                       sv_Mepc+16

clint mtime 0x000000000000066E (mip.MTI <- 0b1, mip.STI <- 0b0)
mem[X,0x00000000800022E0] -> 0x2473
mem[X,0x00000000800022E2] -> 0x3420
[3292] [M]: 0x00000000800022E0 (0x34202473) csrrs x8, mcause, x0                    sv_Mepc+20
CSR mcause (0x342) -> 0x0000000000000002
x8 <- 0x0000000000000002

mem[X,0x00000000800022E4] -> 0x0593
mem[X,0x00000000800022E6] -> 0x00C0
[3293] [M]: 0x00000000800022E4 (0x00C00593) addi x11, x0, 0xc                       sv_Mepc+24
x11 <- 0x000000000000000C

clint mtime 0x000000000000066F (mip.MTI <- 0b1, mip.STI <- 0b0)
mem[X,0x00000000800022E8] -> 0x0663
mem[X,0x00000000800022EA] -> 0x00B4
[3294] [M]: 0x00000000800022E8 (0x00B40663) beq x8, x11, 0xc                        sv_Mepc+28

mem[X,0x00000000800022EC] -> 0x0593
mem[X,0x00000000800022EE] -> 0x0010
[3295] [M]: 0x00000000800022EC (0x00100593) addi x11, x0, 0x1                       sv_Mepc+32
x11 <- 0x0000000000000001

clint mtime 0x0000000000000670 (mip.MTI <- 0b1, mip.STI <- 0b0)
mem[X,0x00000000800022F0] -> 0x1663
mem[X,0x00000000800022F2] -> 0x00B4
[3296] [M]: 0x00000000800022F0 (0x00B41663) bne x8, x11, 0xc                        sv_Mepc+36

mem[X,0x00000000800022FC] -> 0xF593
mem[X,0x00000000800022FE] -> 0xFFC3
[3297] [M]: 0x00000000800022FC (0xFFC3F593) andi x11, x7, -0x4                      adj_Mepc_rtn+0
x11 <- 0x0000000180001BC4

clint mtime 0x0000000000000671 (mip.MTI <- 0b1, mip.STI <- 0b0)
mem[X,0x0000000080002300] -> 0x8593
mem[X,0x0000000080002302] -> 0x0085
[3298] [M]: 0x0000000080002300 (0x00858593) addi x11, x11, 0x8                      adj_Mepc_rtn+4
x11 <- 0x0000000180001BCC

mem[X,0x0000000080002304] -> 0x9073
mem[X,0x0000000080002306] -> 0x3415
[3299] [M]: 0x0000000080002304 (0x34159073) csrrw x0, mepc, x11                     adj_Mepc_rtn+8
CSR mepc (0x341) <- 0x0000000180001BCC

clint mtime 0x0000000000000672 (mip.MTI <- 0b1, mip.STI <- 0b0)
mem[X,0x0000000080002308] -> 0x23F3
mem[X,0x000000008000230A] -> 0x3430
[3300] [M]: 0x0000000080002308 (0x343023F3) csrrs x7, mtval, x0                     skp_adj_Mepc+0
CSR mtval (0x343) -> 0x00000000341494F3
x7 <- 0x00000000341494F3

mem[X,0x000000008000230C] -> 0x0413
mem[X,0x000000008000230E] -> 0x0004
[3301] [M]: 0x000000008000230C (0x00040413) addi x8, x8, 0x0                        skp_adj_Mepc+4
x8 <- 0x0000000000000002

clint mtime 0x0000000000000673 (mip.MTI <- 0b1, mip.STI <- 0b0)
mem[X,0x0000000080002310] -> 0x006F
mem[X,0x0000000080002312] -> 0x0840
[3302] [M]: 0x0000000080002310 (0x0840006F) jal x0, 0x84                            skp_adj_Mepc+8

mem[X,0x0000000080002394] -> 0x8433
mem[X,0x0000000080002396] -> 0x4083
[3303] [M]: 0x0000000080002394 (0x40838433) sub x8, x7, x8                          adj_Mtval+0
x8 <- 0x00000000341494F1

clint mtime 0x0000000000000674 (mip.MTI <- 0b1, mip.STI <- 0b0)
mem[X,0x0000000080002398] -> 0x3C23
mem[X,0x000000008000239A] -> 0x0083
[3304] [M]: 0x0000000080002398 (0x00833C23) sd x8, 0x18(x6)                         sv_Mtval+0
mem[W,0x0000000080009510] <- 0x00000000341494F1

mem[X,0x000000008000239C] -> 0x3483
mem[X,0x000000008000239E] -> 0x2181
[3305] [M]: 0x000000008000239C (0x21813483) ld x9, 0x218(x2)                        skp_Mtval+0
mem[R,0x0000000080005218] -> 0x0000000080009518
x9 <- 0x0000000080009518

clint mtime 0x0000000000000675 (mip.MTI <- 0b1, mip.STI <- 0b0)
mem[X,0x00000000800023A0] -> 0x3383
mem[X,0x00000000800023A2] -> 0x1F81
[3306] [M]: 0x00000000800023A0 (0x1F813383) ld x7, 0x1f8(x2)                        skp_Mtval+4
mem[R,0x00000000800051F8] -> 0x0000000080009110
x7 <- 0x0000000080009110

mem[X,0x00000000800023A4] -> 0x3303
mem[X,0x00000000800023A6] -> 0x2001
[3307] [M]: 0x00000000800023A4 (0x20013303) ld x6, 0x200(x2)                        skp_Mtval+8
mem[R,0x0000000080005200] -> 0x0000000000000410
x6 <- 0x0000000000000410

clint mtime 0x0000000000000676 (mip.MTI <- 0b1, mip.STI <- 0b0)
mem[X,0x00000000800023A8] -> 0x0333
mem[X,0x00000000800023AA] -> 0x0073
[3308] [M]: 0x00000000800023A8 (0x00730333) add x6, x6, x7                          skp_Mtval+12
x6 <- 0x0000000080009520

mem[X,0x00000000800023AC] -> 0x6AE3
mem[X,0x00000000800023AE] -> 0xAE93
[3309] [M]: 0x00000000800023AC (0xAE936AE3) bltu x6, x9, -0x50c                     skp_Mtval+16

clint mtime 0x0000000000000677 (mip.MTI <- 0b1, mip.STI <- 0b0)
mem[X,0x00000000800023B0] -> 0x0393
mem[X,0x00000000800023B2] -> 0x2000
[3310] [M]: 0x00000000800023B0 (0x20000393) addi x7, x0, 0x200                      skp_Mtval+20
x7 <- 0x0000000000000200

mem[X,0x00000000800023B4] -> 0x006F
mem[X,0x00000000800023B6] -> 0x0400
[3311] [M]: 0x00000000800023B4 (0x0400006F) jal x0, 0x40                            skp_Mtval+24

clint mtime 0x0000000000000678 (mip.MTI <- 0b1, mip.STI <- 0b0)
mem[X,0x00000000800023F4] -> 0x0417
mem[X,0x00000000800023F6] -> 0x0000
[3312] [M]: 0x00000000800023F4 (0x00000417) auipc x8, 0x0                           spcl_Mhandler+0
x8 <- 0x00000000800023F4

mem[X,0x00000000800023F8] -> 0x0413
mem[X,0x00000000800023FA] -> 0x03C4
[3313] [M]: 0x00000000800023F8 (0x03C40413) addi x8, x8, 0x3c                       spcl_Mhandler+4
x8 <- 0x0000000080002430

clint mtime 0x0000000000000679 (mip.MTI <- 0b1, mip.STI <- 0b0)
mem[X,0x00000000800023FC] -> 0x0433
mem[X,0x00000000800023FE] -> 0x0074
[3314] [M]: 0x00000000800023FC (0x00740433) add x8, x8, x7                          spcl_Mhandler+8
x8 <- 0x0000000080002630

mem[X,0x0000000080002400] -> 0x1393
mem[X,0x0000000080002402] -> 0x0035
[3315] [M]: 0x0000000080002400 (0x00351393) slli x7, x10, 0x3                       spcl_Mhandler+12
x7 <- 0x0000000000000010

clint mtime 0x000000000000067A (mip.MTI <- 0b1, mip.STI <- 0b0)
mem[X,0x0000000080002404] -> 0x0433
mem[X,0x0000000080002406] -> 0x0074
[3316] [M]: 0x0000000080002404 (0x00740433) add x8, x8, x7                          spcl_Mhandler+16
x8 <- 0x0000000080002640

mem[X,0x0000000080002408] -> 0x7413
mem[X,0x000000008000240A] -> 0xFF84
[3317] [M]: 0x0000000080002408 (0xFF847413) andi x8, x8, -0x8                       spcl_Mhandler+20
x8 <- 0x0000000080002640

clint mtime 0x000000000000067B (mip.MTI <- 0b1, mip.STI <- 0b0)
mem[X,0x000000008000240C] -> 0x3403
mem[X,0x000000008000240E] -> 0x0004
[3318] [M]: 0x000000008000240C (0x00043403) ld x8, 0x0(x8)                          spcl_Mhandler+24
mem[R,0x0000000080002640] -> 0x0000000000000005
x8 <- 0x0000000000000005

mem[X,0x0000000080002410] -> 0x02E3
mem[X,0x0000000080002412] -> 0xB204
[3319] [M]: 0x0000000080002410 (0xB20402E3) beq x8, x0, -0x4dc                      spcl_Mdispatch_hndling+0

clint mtime 0x000000000000067C (mip.MTI <- 0b1, mip.STI <- 0b0)
mem[X,0x0000000080002414] -> 0x1393
mem[X,0x0000000080002416] -> 0x03F4
[3320] [M]: 0x0000000080002414 (0x03F41393) slli x7, x8, 0x3f                       spcl_Mdispatch_hndling+4
x7 <- 0x8000000000000000

mem[X,0x0000000080002418] -> 0xD863
mem[X,0x000000008000241A] -> 0x0003
[3321] [M]: 0x0000000080002418 (0x0003D863) bge x7, x0, 0x10                        spcl_Mdispatch_hndling+8

clint mtime 0x000000000000067D (mip.MTI <- 0b1, mip.STI <- 0b0)
mem[X,0x000000008000241C] -> 0x5413
mem[X,0x000000008000241E] -> 0x0014
[3322] [M]: 0x000000008000241C (0x00145413) srli x8, x8, 0x1                        spcl_Mdispatch_hndling+12
x8 <- 0x0000000000000002

mem[X,0x0000000080002420] -> 0x0CE3
mem[X,0x0000000080002422] -> 0xF885
[3323] [M]: 0x0000000080002420 (0xF8850CE3) beq x10, x8, -0x68                      spcl_Mdispatch_hndling+16

clint mtime 0x000000000000067E (mip.MTI <- 0b1, mip.STI <- 0b0)
mem[X,0x00000000800023B8] -> 0x3303
mem[X,0x00000000800023BA] -> 0x2601
[3324] [M]: 0x00000000800023B8 (0x26013303) ld x6, 0x260(x2)                        resto_Mrtn+0
mem[R,0x0000000080005260] -> 0xFFFFFFFF7FFFE58C
x6 <- 0xFFFFFFFF7FFFE58C

mem[X,0x00000000800023BC] -> 0x3383
mem[X,0x00000000800023BE] -> 0x2681
[3325] [M]: 0x00000000800023BC (0x26813383) ld x7, 0x268(x2)                        resto_Mrtn+4
mem[R,0x0000000080005268] -> 0x0000000080005000
x7 <- 0x0000000080005000

clint mtime 0x000000000000067F (mip.MTI <- 0b1, mip.STI <- 0b0)
mem[X,0x00000000800023C0] -> 0x3403
mem[X,0x00000000800023C2] -> 0x2701
[3326] [M]: 0x00000000800023C0 (0x27013403) ld x8, 0x270(x2)                        resto_Mrtn+8
mem[R,0x0000000080005270] -> 0x0000000000007F76
x8 <- 0x0000000000007F76

mem[X,0x00000000800023C4] -> 0x3483
mem[X,0x00000000800023C6] -> 0x2781
[3327] [M]: 0x00000000800023C4 (0x27813483) ld x9, 0x278(x2)                        resto_Mrtn+12
mem[R,0x0000000080005278] -> 0x0000000100000148
x9 <- 0x0000000100000148

clint mtime 0x0000000000000680 (mip.MTI <- 0b1, mip.STI <- 0b0)
mem[X,0x00000000800023C8] -> 0x3503
mem[X,0x00000000800023CA] -> 0x2801
[3328] [M]: 0x00000000800023C8 (0x28013503) ld x10, 0x280(x2)                       resto_Mrtn+16
mem[R,0x0000000080005280] -> 0x00000000200000CF
x10 <- 0x00000000200000CF

mem[X,0x00000000800023CC] -> 0x3583
mem[X,0x00000000800023CE] -> 0x2881
[3329] [M]: 0x00000000800023CC (0x28813583) ld x11, 0x288(x2)                       resto_Mrtn+20
mem[R,0x0000000080005288] -> 0x00000000000000CF
x11 <- 0x00000000000000CF

clint mtime 0x0000000000000681 (mip.MTI <- 0b1, mip.STI <- 0b0)
mem[X,0x00000000800023D0] -> 0x3103
mem[X,0x00000000800023D2] -> 0x2901
[3330] [M]: 0x00000000800023D0 (0x29013103) ld x2, 0x290(x2)                        resto_Mrtn+24
mem[R,0x0000000080005290] -> 0x0000000000000000
x2 <- 0x0000000000000000

mem[X,0x00000000800023D4] -> 0x0073
mem[X,0x00000000800023D6] -> 0x3020
[3331] [M]: 0x00000000800023D4 (0x30200073) mret                                    resto_Mrtn+28
CSR mstatus (0x300) <- 0x0000000A00000080
ret-ing from M to S

clint mtime 0x0000000000000682 (mip.MTI <- 0b1, mip.STI <- 0b0)
PTW: Start, vpn=0x180001, access_type=X, privilege=Smem[R,0x0000000080008030] -> 0x00000000200000CB
PTW: Step, level=2, pte=0x200000CB, pte_addr=0x80008030
PTW: Success, final_ppn=0x80001, level=2mem[X,0x0000000080001BCC] -> 0x07B7
PTW: Start, vpn=0x180001, access_type=X, privilege=Smem[R,0x0000000080008030] -> 0x00000000200000CB
PTW: Step, level=2, pte=0x200000CB, pte_addr=0x80008030
PTW: Success, final_ppn=0x80001, level=2mem[X,0x0000000080001BCE] -> 0x0050
[3332] [S]: 0x0000000180001BCC (0x005007B7) lui x15, 0x500                          va_rvtest_code_begin+4144
x15 <- 0x0000000000500000

PTW: Start, vpn=0x180001, access_type=X, privilege=Smem[R,0x0000000080008030] -> 0x00000000200000CB
PTW: Step, level=2, pte=0x200000CB, pte_addr=0x80008030
PTW: Success, final_ppn=0x80001, level=2mem[X,0x0000000080001BD0] -> 0x8793
PTW: Start, vpn=0x180001, access_type=X, privilege=Smem[R,0x0000000080008030] -> 0x00000000200000CB
PTW: Step, level=2, pte=0x200000CB, pte_addr=0x80008030
PTW: Success, final_ppn=0x80001, level=2mem[X,0x0000000080001BD2] -> 0x0017
[3333] [S]: 0x0000000180001BD0 (0x00178793) addi x15, x15, 0x1                      va_rvtest_code_begin+4148
x15 <- 0x0000000000500001

clint mtime 0x0000000000000683 (mip.MTI <- 0b1, mip.STI <- 0b0)
PTW: Start, vpn=0x180001, access_type=X, privilege=Smem[R,0x0000000080008030] -> 0x00000000200000CB
PTW: Step, level=2, pte=0x200000CB, pte_addr=0x80008030
PTW: Success, final_ppn=0x80001, level=2mem[X,0x0000000080001BD4] -> 0x9793
PTW: Start, vpn=0x180001, access_type=X, privilege=Smem[R,0x0000000080008030] -> 0x00000000200000CB
PTW: Step, level=2, pte=0x200000CB, pte_addr=0x80008030
PTW: Success, final_ppn=0x80001, level=2mem[X,0x0000000080001BD6] -> 0x00A7
[3334] [S]: 0x0000000180001BD4 (0x00A79793) slli x15, x15, 0xa                      va_rvtest_code_begin+4152
x15 <- 0x0000000140000400

PTW: Start, vpn=0x180001, access_type=X, privilege=Smem[R,0x0000000080008030] -> 0x00000000200000CB
PTW: Step, level=2, pte=0x200000CB, pte_addr=0x80008030
PTW: Success, final_ppn=0x80001, level=2mem[X,0x0000000080001BD8] -> 0x0613
PTW: Start, vpn=0x180001, access_type=X, privilege=Smem[R,0x0000000080008030] -> 0x00000000200000CB
PTW: Step, level=2, pte=0x200000CB, pte_addr=0x80008030
PTW: Success, final_ppn=0x80001, level=2mem[X,0x0000000080001BDA] -> 0x0106
[3335] [S]: 0x0000000180001BD8 (0x01060613) addi x12, x12, 0x10                     va_rvtest_code_begin+4156
x12 <- 0x0000000000000080

clint mtime 0x0000000000000684 (mip.MTI <- 0b1, mip.STI <- 0b0)
PTW: Start, vpn=0x180001, access_type=X, privilege=Smem[R,0x0000000080008030] -> 0x00000000200000CB
PTW: Step, level=2, pte=0x200000CB, pte_addr=0x80008030
PTW: Success, final_ppn=0x80001, level=2mem[X,0x0000000080001BDC] -> 0xAA23
PTW: Start, vpn=0x180001, access_type=X, privilege=Smem[R,0x0000000080008030] -> 0x00000000200000CB
PTW: Step, level=2, pte=0x200000CB, pte_addr=0x80008030
PTW: Success, final_ppn=0x80001, level=2mem[X,0x0000000080001BDE] -> 0x00C7
[3336] [S]: 0x0000000180001BDC (0x00C7AA23) sw x12, 0x14(x15)                       va_rvtest_code_begin+4160
PTW: Start, vpn=0x140000, access_type=W, privilege=Smem[R,0x0000000080008028] -> 0x0000000020001C01
PTW: Step, level=2, pte=0x20001C01, pte_addr=0x80008028
PTW: Start, vpn=0x140000, access_type=W, privilege=Smem[R,0x0000000080007000] -> 0x00000000200000CF
PTW: Step, level=1, pte=0x200000CF, pte_addr=0x80007000
PTW: Success, final_ppn=0x80000, level=1trapping from S to M to handle store/amo-access-fault
handling exc#store/amo-access-fault at priv M with tval 0x0000000140000414
CSR mstatus (0x300) <- 0x0000000A00000800
CSR mcause (0x342) <- 0x0000000000000007
CSR mtval (0x343) <- 0x0000000140000414
CSR mepc (0x341) <- 0x0000000180001BDC

mem[X,0x0000000080001F80] -> 0x006F
mem[X,0x0000000080001F82] -> 0x1000
[3337] [M]: 0x0000000080001F80 (0x1000006F) jal x0, 0x100                           Mtrampoline+0

clint mtime 0x0000000000000685 (mip.MTI <- 0b1, mip.STI <- 0b0)
mem[X,0x0000000080002080] -> 0x1173
mem[X,0x0000000080002082] -> 0x3401
[3338] [M]: 0x0000000080002080 (0x34011173) csrrw x2, mscratch, x2                  trap_Mhandler+0
CSR mscratch (0x340) <- 0x0000000000000000
x2 <- 0x0000000080005000

mem[X,0x0000000080002084] -> 0x3423
mem[X,0x0000000080002086] -> 0x28B1
[3339] [M]: 0x0000000080002084 (0x28B13423) sd x11, 0x288(x2)                       trap_Mhandler+4
mem[W,0x0000000080005288] <- 0x00000000000000CF

clint mtime 0x0000000000000686 (mip.MTI <- 0b1, mip.STI <- 0b0)
mem[X,0x0000000080002088] -> 0x05EF
mem[X,0x000000008000208A] -> 0x0B80
[3340] [M]: 0x0000000080002088 (0x0B8005EF) jal x11, 0xb8                           trap_Mhandler+8
x11 <- 0x000000008000208C

mem[X,0x0000000080002140] -> 0x3023
mem[X,0x0000000080002142] -> 0x28A1
[3341] [M]: 0x0000000080002140 (0x28A13023) sd x10, 0x280(x2)                       common_Mhandler+0
mem[W,0x0000000080005280] <- 0x00000000200000CF

clint mtime 0x0000000000000687 (mip.MTI <- 0b1, mip.STI <- 0b0)
mem[X,0x0000000080002144] -> 0x1573
mem[X,0x0000000080002146] -> 0x3401
[3342] [M]: 0x0000000080002144 (0x34011573) csrrw x10, mscratch, x2                 common_Mhandler+4
CSR mscratch (0x340) <- 0x0000000080005000
x10 <- 0x0000000000000000

mem[X,0x0000000080002148] -> 0x3823
mem[X,0x000000008000214A] -> 0x28A1
[3343] [M]: 0x0000000080002148 (0x28A13823) sd x10, 0x290(x2)                       common_Mhandler+8
mem[W,0x0000000080005290] <- 0x0000000000000000

clint mtime 0x0000000000000688 (mip.MTI <- 0b1, mip.STI <- 0b0)
mem[X,0x000000008000214C] -> 0x3503
mem[X,0x000000008000214E] -> 0x2301
[3344] [M]: 0x000000008000214C (0x23013503) ld x10, 0x230(x2)                       common_Mhandler+12
mem[R,0x0000000080005230] -> 0x0000000080002154
x10 <- 0x0000000080002154

mem[X,0x0000000080002150] -> 0x0067
mem[X,0x0000000080002152] -> 0x0005
[3345] [M]: 0x0000000080002150 (0x00050067) jalr x0, 0x0(x10)                       common_Mhandler+16

clint mtime 0x0000000000000689 (mip.MTI <- 0b1, mip.STI <- 0b0)
mem[X,0x0000000080002154] -> 0x3C23
mem[X,0x0000000080002156] -> 0x2691
[3346] [M]: 0x0000000080002154 (0x26913C23) sd x9, 0x278(x2)                        common_Mentry+0
mem[W,0x0000000080005278] <- 0x0000000100000148

mem[X,0x0000000080002158] -> 0x3823
mem[X,0x000000008000215A] -> 0x2681
[3347] [M]: 0x0000000080002158 (0x26813823) sd x8, 0x270(x2)                        common_Mentry+4
mem[W,0x0000000080005270] <- 0x0000000000007F76

clint mtime 0x000000000000068A (mip.MTI <- 0b1, mip.STI <- 0b0)
mem[X,0x000000008000215C] -> 0x3423
mem[X,0x000000008000215E] -> 0x2671
[3348] [M]: 0x000000008000215C (0x26713423) sd x7, 0x268(x2)                        common_Mentry+8
mem[W,0x0000000080005268] <- 0x0000000080005000

mem[X,0x0000000080002160] -> 0x3023
mem[X,0x0000000080002162] -> 0x2661
[3349] [M]: 0x0000000080002160 (0x26613023) sd x6, 0x260(x2)                        common_Mentry+12
mem[W,0x0000000080005260] <- 0xFFFFFFFF7FFFE58C

clint mtime 0x000000000000068B (mip.MTI <- 0b1, mip.STI <- 0b0)
mem[X,0x0000000080002164] -> 0x2573
mem[X,0x0000000080002166] -> 0x3420
[3350] [M]: 0x0000000080002164 (0x34202573) csrrs x10, mcause, x0                   spcl_M2mmode_test+0
CSR mcause (0x342) -> 0x0000000000000007
x10 <- 0x0000000000000007

mem[X,0x0000000080002168] -> 0x04B7
mem[X,0x000000008000216A] -> 0x8000
[3351] [M]: 0x0000000080002168 (0x800004B7) lui x9, -0x80000                        spcl_M2mmode_test+4
x9 <- 0xFFFFFFFF80000000

clint mtime 0x000000000000068C (mip.MTI <- 0b1, mip.STI <- 0b0)
mem[X,0x000000008000216C] -> 0x8493
mem[X,0x000000008000216E] -> 0x0004
[3352] [M]: 0x000000008000216C (0x00048493) addi x9, x9, 0x0                        spcl_M2mmode_test+8
x9 <- 0xFFFFFFFF80000000

mem[X,0x0000000080002170] -> 0x9493
mem[X,0x0000000080002172] -> 0x00B4
[3353] [M]: 0x0000000080002170 (0x00B49493) slli x9, x9, 0xb                        spcl_M2mmode_test+12
x9 <- 0xFFFFFC0000000000

clint mtime 0x000000000000068D (mip.MTI <- 0b1, mip.STI <- 0b0)
mem[X,0x0000000080002174] -> 0x8493
mem[X,0x0000000080002176] -> 0x0004
[3354] [M]: 0x0000000080002174 (0x00048493) addi x9, x9, 0x0                        spcl_M2mmode_test+16
x9 <- 0xFFFFFC0000000000

mem[X,0x0000000080002178] -> 0x9493
mem[X,0x000000008000217A] -> 0x00B4
[3355] [M]: 0x0000000080002178 (0x00B49493) slli x9, x9, 0xb                        spcl_M2mmode_test+20
x9 <- 0xFFE0000000000000

clint mtime 0x000000000000068E (mip.MTI <- 0b1, mip.STI <- 0b0)
mem[X,0x000000008000217C] -> 0x8493
mem[X,0x000000008000217E] -> 0x0034
[3356] [M]: 0x000000008000217C (0x00348493) addi x9, x9, 0x3                        spcl_M2mmode_test+24
x9 <- 0xFFE0000000000003

mem[X,0x0000000080002180] -> 0x9493
mem[X,0x0000000080002182] -> 0x00A4
[3357] [M]: 0x0000000080002180 (0x00A49493) slli x9, x9, 0xa                        spcl_M2mmode_test+28
x9 <- 0x8000000000000C00

clint mtime 0x000000000000068F (mip.MTI <- 0b1, mip.STI <- 0b0)
mem[X,0x0000000080002184] -> 0x8493
mem[X,0x0000000080002186] -> 0x3FC4
[3358] [M]: 0x0000000080002184 (0x3FC48493) addi x9, x9, 0x3fc                      spcl_M2mmode_test+32
x9 <- 0x8000000000000FFC

mem[X,0x0000000080002188] -> 0xF4B3
mem[X,0x000000008000218A] -> 0x00A4
[3359] [M]: 0x0000000080002188 (0x00A4F4B3) and x9, x9, x10                         spcl_M2mmode_test+36
x9 <- 0x0000000000000004

clint mtime 0x0000000000000690 (mip.MTI <- 0b1, mip.STI <- 0b0)
mem[X,0x000000008000218C] -> 0x8493
mem[X,0x000000008000218E] -> 0xFF84
[3360] [M]: 0x000000008000218C (0xFF848493) addi x9, x9, -0x8                       spcl_M2mmode_test+40
x9 <- 0xFFFFFFFFFFFFFFFC

mem[X,0x0000000080002190] -> 0x9663
mem[X,0x0000000080002192] -> 0x0004
[3361] [M]: 0x0000000080002190 (0x00049663) bne x9, x0, 0xc                         spcl_M2mmode_test+44

clint mtime 0x0000000000000691 (mip.MTI <- 0b1, mip.STI <- 0b0)
mem[X,0x000000008000219C] -> 0x0393
mem[X,0x000000008000219E] -> 0x0200
[3362] [M]: 0x000000008000219C (0x02000393) addi x7, x0, 0x20                       Mtrapsig_ptr_upd+0
x7 <- 0x0000000000000020

mem[X,0x00000000800021A0] -> 0x5263
mem[X,0x00000000800021A2] -> 0x0405
[3363] [M]: 0x00000000800021A0 (0x04055263) bge x10, x0, 0x44                       Mtrapsig_ptr_upd+4

clint mtime 0x0000000000000692 (mip.MTI <- 0b1, mip.STI <- 0b0)
mem[X,0x00000000800021E4] -> 0x2373
mem[X,0x00000000800021E6] -> 0x3010
[3364] [M]: 0x00000000800021E4 (0x30102373) csrrs x6, misa, x0                      Mxcpt_sig_sv+0
CSR misa (0x301) -> 0x800000000034112F
x6 <- 0x800000000034112F

mem[X,0x00000000800021E8] -> 0x1313
mem[X,0x00000000800021EA] -> 0x0383
[3365] [M]: 0x00000000800021E8 (0x03831313) slli x6, x6, 0x38                       Mxcpt_sig_sv+4
x6 <- 0x2F00000000000000

clint mtime 0x0000000000000693 (mip.MTI <- 0b1, mip.STI <- 0b0)
mem[X,0x00000000800021EC] -> 0x5463
mem[X,0x00000000800021EE] -> 0x0003
[3366] [M]: 0x00000000800021EC (0x00035463) bge x6, x0, 0x8                         Mxcpt_sig_sv+8

mem[X,0x00000000800021F4] -> 0x3303
mem[X,0x00000000800021F6] -> 0x2181
[3367] [M]: 0x00000000800021F4 (0x21813303) ld x6, 0x218(x2)                        Mtrap_sig_sv+0
mem[R,0x0000000080005218] -> 0x0000000080009518
x6 <- 0x0000000080009518

clint mtime 0x0000000000000694 (mip.MTI <- 0b1, mip.STI <- 0b0)
mem[X,0x00000000800021F8] -> 0x04B3
mem[X,0x00000000800021FA] -> 0x0073
[3368] [M]: 0x00000000800021F8 (0x007304B3) add x9, x6, x7                          Mtrap_sig_sv+4
x9 <- 0x0000000080009538

mem[X,0x00000000800021FC] -> 0x3C23
mem[X,0x00000000800021FE] -> 0x2091
[3369] [M]: 0x00000000800021FC (0x20913C23) sd x9, 0x218(x2)                        Mtrap_sig_sv+8
mem[W,0x0000000080005218] <- 0x0000000080009538

clint mtime 0x0000000000000695 (mip.MTI <- 0b1, mip.STI <- 0b0)
mem[X,0x0000000080002200] -> 0x3403
mem[X,0x0000000080002202] -> 0x1F81
[3370] [M]: 0x0000000080002200 (0x1F813403) ld x8, 0x1f8(x2)                        Mtrap_sig_sv+12
mem[R,0x00000000800051F8] -> 0x0000000080009110
x8 <- 0x0000000080009110

mem[X,0x0000000080002204] -> 0x0333
mem[X,0x0000000080002206] -> 0x4083
[3371] [M]: 0x0000000080002204 (0x40830333) sub x6, x6, x8                          Mtrap_sig_sv+16
x6 <- 0x0000000000000408

clint mtime 0x0000000000000696 (mip.MTI <- 0b1, mip.STI <- 0b0)
mem[X,0x0000000080002208] -> 0x3403
mem[X,0x000000008000220A] -> 0x1F81
[3372] [M]: 0x0000000080002208 (0x1F813403) ld x8, 0x1f8(x2)                        Mtrap_sig_sv+20
mem[R,0x00000000800051F8] -> 0x0000000080009110
x8 <- 0x0000000080009110

mem[X,0x000000008000220C] -> 0x0333
mem[X,0x000000008000220E] -> 0x0083
[3373] [M]: 0x000000008000220C (0x00830333) add x6, x6, x8                          Mtrap_sig_sv+24
x6 <- 0x0000000080009518

clint mtime 0x0000000000000697 (mip.MTI <- 0b1, mip.STI <- 0b0)
mem[X,0x0000000080002210] -> 0x3403
mem[X,0x0000000080002212] -> 0x2401
[3374] [M]: 0x0000000080002210 (0x24013403) ld x8, 0x240(x2)                        Mtrap_sig_sv+28
mem[R,0x0000000080005240] -> 0x0000000080001F80
x8 <- 0x0000000080001F80

mem[X,0x0000000080002214] -> 0x85B3
mem[X,0x0000000080002216] -> 0x4085
[3375] [M]: 0x0000000080002214 (0x408585B3) sub x11, x11, x8                        sv_Mvect+0
x11 <- 0x000000000000010C

clint mtime 0x0000000000000698 (mip.MTI <- 0b1, mip.STI <- 0b0)
mem[X,0x0000000080002218] -> 0x9593
mem[X,0x000000008000221A] -> 0x0045
[3376] [M]: 0x0000000080002218 (0x00459593) slli x11, x11, 0x4                      sv_Mvect+4
x11 <- 0x00000000000010C0

mem[X,0x000000008000221C] -> 0xE5B3
mem[X,0x000000008000221E] -> 0x0075
[3377] [M]: 0x000000008000221C (0x0075E5B3) or x11, x11, x7                         sv_Mvect+8
x11 <- 0x00000000000010E0

clint mtime 0x0000000000000699 (mip.MTI <- 0b1, mip.STI <- 0b0)
mem[X,0x0000000080002220] -> 0x8593
mem[X,0x0000000080002222] -> 0x0035
[3378] [M]: 0x0000000080002220 (0x00358593) addi x11, x11, 0x3                      sv_Mvect+12
x11 <- 0x00000000000010E3

mem[X,0x0000000080002224] -> 0x3023
mem[X,0x0000000080002226] -> 0x00B3
[3379] [M]: 0x0000000080002224 (0x00B33023) sd x11, 0x0(x6)                         sv_Mvect+16
mem[W,0x0000000080009518] <- 0x00000000000010E3

clint mtime 0x000000000000069A (mip.MTI <- 0b1, mip.STI <- 0b0)
mem[X,0x0000000080002228] -> 0x3423
mem[X,0x000000008000222A] -> 0x00A3
[3380] [M]: 0x0000000080002228 (0x00A33423) sd x10, 0x8(x6)                         sv_Mcause+0
mem[W,0x0000000080009520] <- 0x0000000000000007

mem[X,0x000000008000222C] -> 0x4663
mem[X,0x000000008000222E] -> 0x1A05
[3381] [M]: 0x000000008000222C (0x1A054663) blt x10, x0, 0x1ac                      sv_Mcause+4

clint mtime 0x000000000000069B (mip.MTI <- 0b1, mip.STI <- 0b0)
mem[X,0x0000000080002230] -> 0x25F3
mem[X,0x0000000080002232] -> 0x3000
[3382] [M]: 0x0000000080002230 (0x300025F3) csrrs x11, mstatus, x0                  common_Mexcpt_handler+0
CSR mstatus (0x300) -> 0x0000000A00000800
x11 <- 0x0000000A00000800

mem[X,0x0000000080002234] -> 0x9413
mem[X,0x0000000080002236] -> 0x02E5
[3383] [M]: 0x0000000080002234 (0x02E59413) slli x8, x11, 0x2e                      common_Mexcpt_handler+4
x8 <- 0x0200000000000000

clint mtime 0x000000000000069C (mip.MTI <- 0b1, mip.STI <- 0b0)
mem[X,0x0000000080002238] -> 0x5463
mem[X,0x000000008000223A] -> 0x0004
[3384] [M]: 0x0000000080002238 (0x00045463) bge x8, x0, 0x8                         common_Mexcpt_handler+8

mem[X,0x0000000080002240] -> 0xD493
mem[X,0x0000000080002242] -> 0x00B5
[3385] [M]: 0x0000000080002240 (0x00B5D493) srli x9, x11, 0xb                       common_Mexcpt_handler+16
x9 <- 0x0000000001400001

clint mtime 0x000000000000069D (mip.MTI <- 0b1, mip.STI <- 0b0)
mem[X,0x0000000080002244] -> 0xF493
mem[X,0x0000000080002246] -> 0x0034
[3386] [M]: 0x0000000080002244 (0x0034F493) andi x9, x9, 0x3                        common_Mexcpt_handler+20
x9 <- 0x0000000000000001

mem[X,0x0000000080002248] -> 0x8493
mem[X,0x000000008000224A] -> 0x0014
[3387] [M]: 0x0000000080002248 (0x00148493) addi x9, x9, 0x1                        common_Mexcpt_handler+24
x9 <- 0x0000000000000002

clint mtime 0x000000000000069E (mip.MTI <- 0b1, mip.STI <- 0b0)
mem[X,0x000000008000224C] -> 0xF493
mem[X,0x000000008000224E] -> 0x0044
[3388] [M]: 0x000000008000224C (0x0044F493) andi x9, x9, 0x4                        common_Mexcpt_handler+28
x9 <- 0x0000000000000000

mem[X,0x0000000080002250] -> 0x0593
mem[X,0x0000000080002252] -> 0x05D0
[3389] [M]: 0x0000000080002250 (0x05D00593) addi x11, x0, 0x5d                      common_Mexcpt_handler+32
x11 <- 0x000000000000005D

clint mtime 0x000000000000069F (mip.MTI <- 0b1, mip.STI <- 0b0)
mem[X,0x0000000080002254] -> 0xD5B3
mem[X,0x0000000080002256] -> 0x0095
[3390] [M]: 0x0000000080002254 (0x0095D5B3) srl x11, x11, x9                        common_Mexcpt_handler+36
x11 <- 0x000000000000005D

mem[X,0x0000000080002258] -> 0xF593
mem[X,0x000000008000225A] -> 0x0015
[3391] [M]: 0x0000000080002258 (0x0015F593) andi x11, x11, 0x1                      common_Mexcpt_handler+40
x11 <- 0x0000000000000001

clint mtime 0x00000000000006A0 (mip.MTI <- 0b1, mip.STI <- 0b0)
mem[X,0x000000008000225C] -> 0x8EE3
mem[X,0x000000008000225E] -> 0xF405
[3392] [M]: 0x000000008000225C (0xF4058EE3) beq x11, x0, -0xa4                      common_Mexcpt_handler+44

mem[X,0x0000000080002260] -> 0x0593
mem[X,0x0000000080002262] -> 0x2980
[3393] [M]: 0x0000000080002260 (0x29800593) addi x11, x0, 0x298                     common_Mexcpt_handler+48
x11 <- 0x0000000000000298

clint mtime 0x00000000000006A1 (mip.MTI <- 0b1, mip.STI <- 0b0)
mem[X,0x0000000080002264] -> 0xF413
mem[X,0x0000000080002266] -> 0x0014
[3394] [M]: 0x0000000080002264 (0x0014F413) andi x8, x9, 0x1                        common_Mexcpt_handler+52
x8 <- 0x0000000000000000

mem[X,0x0000000080002268] -> 0x95B3
mem[X,0x000000008000226A] -> 0x0085
[3395] [M]: 0x0000000080002268 (0x008595B3) sll x11, x11, x8                        common_Mexcpt_handler+56
x11 <- 0x0000000000000298

clint mtime 0x00000000000006A2 (mip.MTI <- 0b1, mip.STI <- 0b0)
mem[X,0x000000008000226C] -> 0x9413
mem[X,0x000000008000226E] -> 0x03D4
[3396] [M]: 0x000000008000226C (0x03D49413) slli x8, x9, 0x3d                       common_Mexcpt_handler+60
x8 <- 0x0000000000000000

mem[X,0x0000000080002270] -> 0x5413
mem[X,0x0000000080002272] -> 0x43F4
[3397] [M]: 0x0000000080002270 (0x43F45413) srai x8, x8, 0x3f                       common_Mexcpt_handler+64
x8 <- 0x0000000000000000

clint mtime 0x00000000000006A3 (mip.MTI <- 0b1, mip.STI <- 0b0)
mem[X,0x0000000080002274] -> 0x4413
mem[X,0x0000000080002276] -> 0xFFF4
[3398] [M]: 0x0000000080002274 (0xFFF44413) xori x8, x8, -0x1                       common_Mexcpt_handler+68
x8 <- 0xFFFFFFFFFFFFFFFF

mem[X,0x0000000080002278] -> 0xF4B3
mem[X,0x000000008000227A] -> 0x0085
[3399] [M]: 0x0000000080002278 (0x0085F4B3) and x9, x11, x8                         common_Mexcpt_handler+72
x9 <- 0x0000000000000298

clint mtime 0x00000000000006A4 (mip.MTI <- 0b1, mip.STI <- 0b0)
mem[X,0x000000008000227C] -> 0x84B3
mem[X,0x000000008000227E] -> 0x0024
[3400] [M]: 0x000000008000227C (0x002484B3) add x9, x9, x2                          vmem_adj_Mepc+0
x9 <- 0x0000000080005298

mem[X,0x0000000080002280] -> 0x23F3
mem[X,0x0000000080002282] -> 0x3410
[3401] [M]: 0x0000000080002280 (0x341023F3) csrrs x7, mepc, x0                      vmem_adj_Mepc+4
CSR mepc (0x341) -> 0x0000000180001BDC
x7 <- 0x0000000180001BDC

clint mtime 0x00000000000006A5 (mip.MTI <- 0b1, mip.STI <- 0b0)
mem[X,0x0000000080002284] -> 0x0413
mem[X,0x0000000080002286] -> 0x0004
[3402] [M]: 0x0000000080002284 (0x00040413) addi x8, x8, 0x0                        vmem_adj_Mepc+8
x8 <- 0xFFFFFFFFFFFFFFFF

mem[X,0x0000000080002288] -> 0x006F
mem[X,0x000000008000228A] -> 0x0400
[3403] [M]: 0x0000000080002288 (0x0400006F) jal x0, 0x40                            vmem_adj_Mepc+12

clint mtime 0x00000000000006A6 (mip.MTI <- 0b1, mip.STI <- 0b0)
mem[X,0x00000000800022C8] -> 0x8433
mem[X,0x00000000800022CA] -> 0x4083
[3404] [M]: 0x00000000800022C8 (0x40838433) sub x8, x7, x8                          adj_Mepc+0
x8 <- 0x0000000180001BDD

mem[X,0x00000000800022CC] -> 0x3823
mem[X,0x00000000800022CE] -> 0x0083
[3405] [M]: 0x00000000800022CC (0x00833823) sd x8, 0x10(x6)                         sv_Mepc+0
mem[W,0x0000000080009528] <- 0x0000000180001BDD

clint mtime 0x00000000000006A7 (mip.MTI <- 0b1, mip.STI <- 0b0)
mem[X,0x00000000800022D0] -> 0x55B7
mem[X,0x00000000800022D2] -> 0x0000
[3406] [M]: 0x00000000800022D0 (0x000055B7) lui x11, 0x5                            sv_Mepc+4
x11 <- 0x0000000000005000

mem[X,0x00000000800022D4] -> 0x8593
mem[X,0x00000000800022D6] -> 0x6675
[3407] [M]: 0x00000000800022D4 (0x66758593) addi x11, x11, 0x667                    sv_Mepc+8
x11 <- 0x0000000000005667

clint mtime 0x00000000000006A8 (mip.MTI <- 0b1, mip.STI <- 0b0)
mem[X,0x00000000800022D8] -> 0x9593
mem[X,0x00000000800022DA] -> 0x0015
[3408] [M]: 0x00000000800022D8 (0x00159593) slli x11, x11, 0x1                      sv_Mepc+12
x11 <- 0x000000000000ACCE

mem[X,0x00000000800022DC] -> 0x9063
mem[X,0x00000000800022DE] -> 0x02B1
[3409] [M]: 0x00000000800022DC (0x02B19063) bne x3, x11, 0x20                       sv_Mepc+16

clint mtime 0x00000000000006A9 (mip.MTI <- 0b1, mip.STI <- 0b0)
mem[X,0x00000000800022E0] -> 0x2473
mem[X,0x00000000800022E2] -> 0x3420
[3410] [M]: 0x00000000800022E0 (0x34202473) csrrs x8, mcause, x0                    sv_Mepc+20
CSR mcause (0x342) -> 0x0000000000000007
x8 <- 0x0000000000000007

mem[X,0x00000000800022E4] -> 0x0593
mem[X,0x00000000800022E6] -> 0x00C0
[3411] [M]: 0x00000000800022E4 (0x00C00593) addi x11, x0, 0xc                       sv_Mepc+24
x11 <- 0x000000000000000C

clint mtime 0x00000000000006AA (mip.MTI <- 0b1, mip.STI <- 0b0)
mem[X,0x00000000800022E8] -> 0x0663
mem[X,0x00000000800022EA] -> 0x00B4
[3412] [M]: 0x00000000800022E8 (0x00B40663) beq x8, x11, 0xc                        sv_Mepc+28

mem[X,0x00000000800022EC] -> 0x0593
mem[X,0x00000000800022EE] -> 0x0010
[3413] [M]: 0x00000000800022EC (0x00100593) addi x11, x0, 0x1                       sv_Mepc+32
x11 <- 0x0000000000000001

clint mtime 0x00000000000006AB (mip.MTI <- 0b1, mip.STI <- 0b0)
mem[X,0x00000000800022F0] -> 0x1663
mem[X,0x00000000800022F2] -> 0x00B4
[3414] [M]: 0x00000000800022F0 (0x00B41663) bne x8, x11, 0xc                        sv_Mepc+36

mem[X,0x00000000800022FC] -> 0xF593
mem[X,0x00000000800022FE] -> 0xFFC3
[3415] [M]: 0x00000000800022FC (0xFFC3F593) andi x11, x7, -0x4                      adj_Mepc_rtn+0
x11 <- 0x0000000180001BDC

clint mtime 0x00000000000006AC (mip.MTI <- 0b1, mip.STI <- 0b0)
mem[X,0x0000000080002300] -> 0x8593
mem[X,0x0000000080002302] -> 0x0085
[3416] [M]: 0x0000000080002300 (0x00858593) addi x11, x11, 0x8                      adj_Mepc_rtn+4
x11 <- 0x0000000180001BE4

mem[X,0x0000000080002304] -> 0x9073
mem[X,0x0000000080002306] -> 0x3415
[3417] [M]: 0x0000000080002304 (0x34159073) csrrw x0, mepc, x11                     adj_Mepc_rtn+8
CSR mepc (0x341) <- 0x0000000180001BE4

clint mtime 0x00000000000006AD (mip.MTI <- 0b1, mip.STI <- 0b0)
mem[X,0x0000000080002308] -> 0x23F3
mem[X,0x000000008000230A] -> 0x3430
[3418] [M]: 0x0000000080002308 (0x343023F3) csrrs x7, mtval, x0                     skp_adj_Mepc+0
CSR mtval (0x343) -> 0x0000000140000414
x7 <- 0x0000000140000414

mem[X,0x000000008000230C] -> 0x0413
mem[X,0x000000008000230E] -> 0x0004
[3419] [M]: 0x000000008000230C (0x00040413) addi x8, x8, 0x0                        skp_adj_Mepc+4
x8 <- 0x0000000000000007

clint mtime 0x00000000000006AE (mip.MTI <- 0b1, mip.STI <- 0b0)
mem[X,0x0000000080002310] -> 0x006F
mem[X,0x0000000080002312] -> 0x0840
[3420] [M]: 0x0000000080002310 (0x0840006F) jal x0, 0x84                            skp_adj_Mepc+8

mem[X,0x0000000080002394] -> 0x8433
mem[X,0x0000000080002396] -> 0x4083
[3421] [M]: 0x0000000080002394 (0x40838433) sub x8, x7, x8                          adj_Mtval+0
x8 <- 0x000000014000040D

clint mtime 0x00000000000006AF (mip.MTI <- 0b1, mip.STI <- 0b0)
mem[X,0x0000000080002398] -> 0x3C23
mem[X,0x000000008000239A] -> 0x0083
[3422] [M]: 0x0000000080002398 (0x00833C23) sd x8, 0x18(x6)                         sv_Mtval+0
mem[W,0x0000000080009530] <- 0x000000014000040D

mem[X,0x000000008000239C] -> 0x3483
mem[X,0x000000008000239E] -> 0x2181
[3423] [M]: 0x000000008000239C (0x21813483) ld x9, 0x218(x2)                        skp_Mtval+0
mem[R,0x0000000080005218] -> 0x0000000080009538
x9 <- 0x0000000080009538

clint mtime 0x00000000000006B0 (mip.MTI <- 0b1, mip.STI <- 0b0)
mem[X,0x00000000800023A0] -> 0x3383
mem[X,0x00000000800023A2] -> 0x1F81
[3424] [M]: 0x00000000800023A0 (0x1F813383) ld x7, 0x1f8(x2)                        skp_Mtval+4
mem[R,0x00000000800051F8] -> 0x0000000080009110
x7 <- 0x0000000080009110

mem[X,0x00000000800023A4] -> 0x3303
mem[X,0x00000000800023A6] -> 0x2001
[3425] [M]: 0x00000000800023A4 (0x20013303) ld x6, 0x200(x2)                        skp_Mtval+8
mem[R,0x0000000080005200] -> 0x0000000000000410
x6 <- 0x0000000000000410

clint mtime 0x00000000000006B1 (mip.MTI <- 0b1, mip.STI <- 0b0)
mem[X,0x00000000800023A8] -> 0x0333
mem[X,0x00000000800023AA] -> 0x0073
[3426] [M]: 0x00000000800023A8 (0x00730333) add x6, x6, x7                          skp_Mtval+12
x6 <- 0x0000000080009520

mem[X,0x00000000800023AC] -> 0x6AE3
mem[X,0x00000000800023AE] -> 0xAE93
[3427] [M]: 0x00000000800023AC (0xAE936AE3) bltu x6, x9, -0x50c                     skp_Mtval+16

clint mtime 0x00000000000006B2 (mip.MTI <- 0b1, mip.STI <- 0b0)
mem[X,0x0000000080001EA0] -> 0x2373
mem[X,0x0000000080001EA2] -> 0x3400
[3428] [M]: 0x0000000080001EA0 (0x34002373) csrrs x6, mscratch, x0                  exit_Scleanup+0
CSR mscratch (0x340) -> 0x0000000080005000
x6 <- 0x0000000080005000

mem[X,0x0000000080001EA4] -> 0x0313
mem[X,0x0000000080001EA6] -> 0x2983
[3429] [M]: 0x0000000080001EA4 (0x29830313) addi x6, x6, 0x298                      exit_Scleanup+4
x6 <- 0x0000000080005298

clint mtime 0x00000000000006B3 (mip.MTI <- 0b1, mip.STI <- 0b0)
mem[X,0x0000000080001EA8] -> 0x3383
mem[X,0x0000000080001EAA] -> 0x2383
[3430] [M]: 0x0000000080001EA8 (0x23833383) ld x7, 0x238(x6)                        resto_Sedeleg+0
mem[R,0x00000000800054D0] -> 0x0000000000000000
x7 <- 0x0000000000000000

mem[X,0x0000000080001EAC] -> 0x3383
mem[X,0x0000000080001EAE] -> 0x2203
[3431] [M]: 0x0000000080001EAC (0x22033383) ld x7, 0x220(x6)                        resto_Ssatp+0
mem[R,0x00000000800054B8] -> 0x0000000000000000
x7 <- 0x0000000000000000

clint mtime 0x00000000000006B4 (mip.MTI <- 0b1, mip.STI <- 0b0)
mem[X,0x0000000080001EB0] -> 0x9073
mem[X,0x0000000080001EB2] -> 0x1803
[3432] [M]: 0x0000000080001EB0 (0x18039073) csrrw x0, satp, x7                      resto_Ssatp+4
CSR satp (0x180) <- 0x0000000000000000

mem[X,0x0000000080001EB4] -> 0x3503
mem[X,0x0000000080001EB6] -> 0x2503
[3433] [M]: 0x0000000080001EB4 (0x25033503) ld x10, 0x250(x6)                       resto_Sscratch+0
mem[R,0x00000000800054E8] -> 0x0000000000000000
x10 <- 0x0000000000000000

clint mtime 0x00000000000006B5 (mip.MTI <- 0b1, mip.STI <- 0b0)
mem[X,0x0000000080001EB8] -> 0x1073
mem[X,0x0000000080001EBA] -> 0x1405
[3434] [M]: 0x0000000080001EB8 (0x14051073) csrrw x0, sscratch, x10                 resto_Sscratch+4
CSR sscratch (0x140) <- 0x0000000000000000

mem[X,0x0000000080001EBC] -> 0x3483
mem[X,0x0000000080001EBE] -> 0x2483
[3435] [M]: 0x0000000080001EBC (0x24833483) ld x9, 0x248(x6)                        resto_Sxtvec+0
mem[R,0x00000000800054E0] -> 0x0000000000000000
x9 <- 0x0000000000000000

clint mtime 0x00000000000006B6 (mip.MTI <- 0b1, mip.STI <- 0b0)
mem[X,0x0000000080001EC0] -> 0x93F3
mem[X,0x0000000080001EC2] -> 0x1054
[3436] [M]: 0x0000000080001EC0 (0x105493F3) csrrw x7, stvec, x9                     resto_Sxtvec+4
CSR stvec (0x105) <- 0x0000000000000000
x7 <- 0x0000000080002900

mem[X,0x0000000080001EC4] -> 0xF493
mem[X,0x0000000080001EC6] -> 0xFFC4
[3437] [M]: 0x0000000080001EC4 (0xFFC4F493) andi x9, x9, -0x4                       resto_Sxtvec+8
x9 <- 0x0000000000000000

clint mtime 0x00000000000006B7 (mip.MTI <- 0b1, mip.STI <- 0b0)
mem[X,0x0000000080001EC8] -> 0xF393
mem[X,0x0000000080001ECA] -> 0xFFC3
[3438] [M]: 0x0000000080001EC8 (0xFFC3F393) andi x7, x7, -0x4                       resto_Sxtvec+12
x7 <- 0x0000000080002900

mem[X,0x0000000080001ECC] -> 0x9063
mem[X,0x0000000080001ECE] -> 0x0274
[3439] [M]: 0x0000000080001ECC (0x02749063) bne x9, x7, 0x20                        resto_Sxtvec+16

clint mtime 0x00000000000006B8 (mip.MTI <- 0b1, mip.STI <- 0b0)
mem[X,0x0000000080001EEC] -> 0x2373
mem[X,0x0000000080001EEE] -> 0x3400
[3440] [M]: 0x0000000080001EEC (0x34002373) csrrs x6, mscratch, x0                  rvtest_Send+0
CSR mscratch (0x340) -> 0x0000000080005000
x6 <- 0x0000000080005000

mem[X,0x0000000080001EF0] -> 0x3383
mem[X,0x0000000080001EF2] -> 0x2383
[3441] [M]: 0x0000000080001EF0 (0x23833383) ld x7, 0x238(x6)                        resto_Medeleg+0
mem[R,0x0000000080005238] -> 0x0000000000000000
x7 <- 0x0000000000000000

clint mtime 0x00000000000006B9 (mip.MTI <- 0b1, mip.STI <- 0b0)
mem[X,0x0000000080001EF4] -> 0x9073
mem[X,0x0000000080001EF6] -> 0x3023
[3442] [M]: 0x0000000080001EF4 (0x30239073) csrrw x0, medeleg, x7                   resto_Medeleg+4
CSR medeleg (0x302) <- 0x0000000000000000

mem[X,0x0000000080001EF8] -> 0x3503
mem[X,0x0000000080001EFA] -> 0x2503
[3443] [M]: 0x0000000080001EF8 (0x25033503) ld x10, 0x250(x6)                       resto_Mscratch+0
mem[R,0x0000000080005250] -> 0x0000000000000000
x10 <- 0x0000000000000000

clint mtime 0x00000000000006BA (mip.MTI <- 0b1, mip.STI <- 0b0)
mem[X,0x0000000080001EFC] -> 0x1073
mem[X,0x0000000080001EFE] -> 0x3405
[3444] [M]: 0x0000000080001EFC (0x34051073) csrrw x0, mscratch, x10                 resto_Mscratch+4
CSR mscratch (0x340) <- 0x0000000000000000

mem[X,0x0000000080001F00] -> 0x3483
mem[X,0x0000000080001F02] -> 0x2483
[3445] [M]: 0x0000000080001F00 (0x24833483) ld x9, 0x248(x6)                        resto_Mxtvec+0
mem[R,0x0000000080005248] -> 0x0000000000000000
x9 <- 0x0000000000000000

clint mtime 0x00000000000006BB (mip.MTI <- 0b1, mip.STI <- 0b0)
mem[X,0x0000000080001F04] -> 0x93F3
mem[X,0x0000000080001F06] -> 0x3054
[3446] [M]: 0x0000000080001F04 (0x305493F3) csrrw x7, mtvec, x9                     resto_Mxtvec+4
CSR mtvec (0x305) <- 0x0000000000000000
x7 <- 0x0000000080001F80

mem[X,0x0000000080001F08] -> 0xF493
mem[X,0x0000000080001F0A] -> 0xFFC4
[3447] [M]: 0x0000000080001F08 (0xFFC4F493) andi x9, x9, -0x4                       resto_Mxtvec+8
x9 <- 0x0000000000000000

clint mtime 0x00000000000006BC (mip.MTI <- 0b1, mip.STI <- 0b0)
mem[X,0x0000000080001F0C] -> 0xF393
mem[X,0x0000000080001F0E] -> 0xFFC3
[3448] [M]: 0x0000000080001F0C (0xFFC3F393) andi x7, x7, -0x4                       resto_Mxtvec+12
x7 <- 0x0000000080001F80

mem[X,0x0000000080001F10] -> 0x9063
mem[X,0x0000000080001F12] -> 0x0274
[3449] [M]: 0x0000000080001F10 (0x02749063) bne x9, x7, 0x20                        resto_Mxtvec+16

clint mtime 0x00000000000006BD (mip.MTI <- 0b1, mip.STI <- 0b0)
mem[X,0x0000000080001F30] -> 0x106F
mem[X,0x0000000080001F32] -> 0x27C0
[3450] [M]: 0x0000000080001F30 (0x27C0106F) jal x0, 0x127c                          rvtest_Mend+0

mem[X,0x00000000800031AC] -> 0x0093
mem[X,0x00000000800031AE] -> 0x0010
[3451] [M]: 0x00000000800031AC (0x00100093) addi x1, x0, 0x1                        exit_cleanup+0
x1 <- 0x0000000000000001

clint mtime 0x00000000000006BE (mip.MTI <- 0b1, mip.STI <- 0b0)
mem[X,0x00000000800031B0] -> 0x1397
mem[X,0x00000000800031B2] -> 0x0000
[3452] [M]: 0x00000000800031B0 (0x00001397) auipc x7, 0x1                           exit_cleanup+4
x7 <- 0x00000000800041B0

mem[X,0x00000000800031B4] -> 0xA823
mem[X,0x00000000800031B6] -> 0xE413
[3453] [M]: 0x00000000800031B4 (0xE413A823) sw x1, -0x1b0(x7)                       exit_cleanup+8
htif[0x0000000080004000] <- 0x00000001
mem[W,0x0000000080004000] <- 0x00000001

clint mtime 0x00000000000006BF (mip.MTI <- 0b1, mip.STI <- 0b0)
mem[X,0x00000000800031B8] -> 0xF06F
mem[X,0x00000000800031BA] -> 0xFF9F
[3454] [M]: 0x00000000800031B8 (0xFF9FF06F) jal x0, -0x8                            exit_cleanup+12

mem[X,0x00000000800031B0] -> 0x1397
mem[X,0x00000000800031B2] -> 0x0000
[3455] [M]: 0x00000000800031B0 (0x00001397) auipc x7, 0x1                           exit_cleanup+4
x7 <- 0x00000000800041B0

clint mtime 0x00000000000006C0 (mip.MTI <- 0b1, mip.STI <- 0b0)
mem[X,0x00000000800031B4] -> 0xA823
mem[X,0x00000000800031B6] -> 0xE413
[3456] [M]: 0x00000000800031B4 (0xE413A823) sw x1, -0x1b0(x7)                       exit_cleanup+8
htif[0x0000000080004000] <- 0x00000001
mem[W,0x0000000080004000] <- 0x00000001

mem[X,0x00000000800031B8] -> 0xF06F
mem[X,0x00000000800031BA] -> 0xFF9F
[3457] [M]: 0x00000000800031B8 (0xFF9FF06F) jal x0, -0x8                            exit_cleanup+12

clint mtime 0x00000000000006C1 (mip.MTI <- 0b1, mip.STI <- 0b0)
mem[X,0x00000000800031B0] -> 0x1397
mem[X,0x00000000800031B2] -> 0x0000
[3458] [M]: 0x00000000800031B0 (0x00001397) auipc x7, 0x1                           exit_cleanup+4
x7 <- 0x00000000800041B0

mem[X,0x00000000800031B4] -> 0xA823
mem[X,0x00000000800031B6] -> 0xE413
[3459] [M]: 0x00000000800031B4 (0xE413A823) sw x1, -0x1b0(x7)                       exit_cleanup+8
htif[0x0000000080004000] <- 0x00000001
htif-syscall-proxy cmd: 0x000000000001
mem[W,0x0000000080004000] <- 0x00000001

SUCCESS
clint mtime 0x00000000000006C2 (mip.MTI <- 0b1, mip.STI <- 0b0)
